[2025-06-16T22:03:23.325-0300] {processor.py:157} INFO - Started process (PID=57216) to work on /mnt/c/Users/arcan/Documents/airflow/.venv/lib/python3.10/site-packages/airflow/example_dags/subdags/subdag.py
[2025-06-16T22:03:23.327-0300] {processor.py:829} INFO - Processing file /mnt/c/Users/arcan/Documents/airflow/.venv/lib/python3.10/site-packages/airflow/example_dags/subdags/subdag.py for tasks to queue
[2025-06-16T22:03:23.330-0300] {logging_mixin.py:154} INFO - [2025-06-16T22:03:23.329-0300] {dagbag.py:536} INFO - Filling up the DagBag from /mnt/c/Users/arcan/Documents/airflow/.venv/lib/python3.10/site-packages/airflow/example_dags/subdags/subdag.py
[2025-06-16T22:03:23.367-0300] {processor.py:841} WARNING - No viable dags retrieved from /mnt/c/Users/arcan/Documents/airflow/.venv/lib/python3.10/site-packages/airflow/example_dags/subdags/subdag.py
[2025-06-16T22:03:23.401-0300] {processor.py:179} INFO - Processing /mnt/c/Users/arcan/Documents/airflow/.venv/lib/python3.10/site-packages/airflow/example_dags/subdags/subdag.py took 0.086 seconds
[2025-06-16T22:04:23.829-0300] {processor.py:157} INFO - Started process (PID=57389) to work on /mnt/c/Users/arcan/Documents/airflow/.venv/lib/python3.10/site-packages/airflow/example_dags/subdags/subdag.py
[2025-06-16T22:04:23.831-0300] {processor.py:829} INFO - Processing file /mnt/c/Users/arcan/Documents/airflow/.venv/lib/python3.10/site-packages/airflow/example_dags/subdags/subdag.py for tasks to queue
[2025-06-16T22:04:23.833-0300] {logging_mixin.py:154} INFO - [2025-06-16T22:04:23.832-0300] {dagbag.py:536} INFO - Filling up the DagBag from /mnt/c/Users/arcan/Documents/airflow/.venv/lib/python3.10/site-packages/airflow/example_dags/subdags/subdag.py
[2025-06-16T22:04:23.870-0300] {processor.py:841} WARNING - No viable dags retrieved from /mnt/c/Users/arcan/Documents/airflow/.venv/lib/python3.10/site-packages/airflow/example_dags/subdags/subdag.py
[2025-06-16T22:04:23.904-0300] {processor.py:179} INFO - Processing /mnt/c/Users/arcan/Documents/airflow/.venv/lib/python3.10/site-packages/airflow/example_dags/subdags/subdag.py took 0.080 seconds
[2025-06-16T22:05:00.019-0300] {processor.py:157} INFO - Started process (PID=57511) to work on /mnt/c/Users/arcan/Documents/airflow/.venv/lib/python3.10/site-packages/airflow/example_dags/subdags/subdag.py
[2025-06-16T22:05:00.021-0300] {processor.py:829} INFO - Processing file /mnt/c/Users/arcan/Documents/airflow/.venv/lib/python3.10/site-packages/airflow/example_dags/subdags/subdag.py for tasks to queue
[2025-06-16T22:05:00.024-0300] {logging_mixin.py:154} INFO - [2025-06-16T22:05:00.023-0300] {dagbag.py:536} INFO - Filling up the DagBag from /mnt/c/Users/arcan/Documents/airflow/.venv/lib/python3.10/site-packages/airflow/example_dags/subdags/subdag.py
[2025-06-16T22:05:00.066-0300] {processor.py:841} WARNING - No viable dags retrieved from /mnt/c/Users/arcan/Documents/airflow/.venv/lib/python3.10/site-packages/airflow/example_dags/subdags/subdag.py
[2025-06-16T22:05:00.115-0300] {processor.py:179} INFO - Processing /mnt/c/Users/arcan/Documents/airflow/.venv/lib/python3.10/site-packages/airflow/example_dags/subdags/subdag.py took 0.102 seconds
[2025-06-16T22:05:37.566-0300] {processor.py:157} INFO - Started process (PID=57638) to work on /mnt/c/Users/arcan/Documents/airflow/.venv/lib/python3.10/site-packages/airflow/example_dags/subdags/subdag.py
[2025-06-16T22:05:37.568-0300] {processor.py:829} INFO - Processing file /mnt/c/Users/arcan/Documents/airflow/.venv/lib/python3.10/site-packages/airflow/example_dags/subdags/subdag.py for tasks to queue
[2025-06-16T22:05:37.570-0300] {logging_mixin.py:154} INFO - [2025-06-16T22:05:37.569-0300] {dagbag.py:536} INFO - Filling up the DagBag from /mnt/c/Users/arcan/Documents/airflow/.venv/lib/python3.10/site-packages/airflow/example_dags/subdags/subdag.py
[2025-06-16T22:05:37.605-0300] {processor.py:841} WARNING - No viable dags retrieved from /mnt/c/Users/arcan/Documents/airflow/.venv/lib/python3.10/site-packages/airflow/example_dags/subdags/subdag.py
[2025-06-16T22:05:37.648-0300] {processor.py:179} INFO - Processing /mnt/c/Users/arcan/Documents/airflow/.venv/lib/python3.10/site-packages/airflow/example_dags/subdags/subdag.py took 0.088 seconds
[2025-06-16T22:06:13.863-0300] {processor.py:157} INFO - Started process (PID=57743) to work on /mnt/c/Users/arcan/Documents/airflow/.venv/lib/python3.10/site-packages/airflow/example_dags/subdags/subdag.py
[2025-06-16T22:06:13.865-0300] {processor.py:829} INFO - Processing file /mnt/c/Users/arcan/Documents/airflow/.venv/lib/python3.10/site-packages/airflow/example_dags/subdags/subdag.py for tasks to queue
[2025-06-16T22:06:13.867-0300] {logging_mixin.py:154} INFO - [2025-06-16T22:06:13.866-0300] {dagbag.py:536} INFO - Filling up the DagBag from /mnt/c/Users/arcan/Documents/airflow/.venv/lib/python3.10/site-packages/airflow/example_dags/subdags/subdag.py
[2025-06-16T22:06:13.908-0300] {processor.py:841} WARNING - No viable dags retrieved from /mnt/c/Users/arcan/Documents/airflow/.venv/lib/python3.10/site-packages/airflow/example_dags/subdags/subdag.py
[2025-06-16T22:06:13.952-0300] {processor.py:179} INFO - Processing /mnt/c/Users/arcan/Documents/airflow/.venv/lib/python3.10/site-packages/airflow/example_dags/subdags/subdag.py took 0.094 seconds
[2025-06-16T22:06:48.278-0300] {processor.py:157} INFO - Started process (PID=57845) to work on /mnt/c/Users/arcan/Documents/airflow/.venv/lib/python3.10/site-packages/airflow/example_dags/subdags/subdag.py
[2025-06-16T22:06:48.280-0300] {processor.py:829} INFO - Processing file /mnt/c/Users/arcan/Documents/airflow/.venv/lib/python3.10/site-packages/airflow/example_dags/subdags/subdag.py for tasks to queue
[2025-06-16T22:06:48.282-0300] {logging_mixin.py:154} INFO - [2025-06-16T22:06:48.281-0300] {dagbag.py:536} INFO - Filling up the DagBag from /mnt/c/Users/arcan/Documents/airflow/.venv/lib/python3.10/site-packages/airflow/example_dags/subdags/subdag.py
[2025-06-16T22:06:48.331-0300] {processor.py:841} WARNING - No viable dags retrieved from /mnt/c/Users/arcan/Documents/airflow/.venv/lib/python3.10/site-packages/airflow/example_dags/subdags/subdag.py
[2025-06-16T22:06:48.380-0300] {processor.py:179} INFO - Processing /mnt/c/Users/arcan/Documents/airflow/.venv/lib/python3.10/site-packages/airflow/example_dags/subdags/subdag.py took 0.108 seconds
[2025-06-16T22:07:24.223-0300] {processor.py:157} INFO - Started process (PID=57949) to work on /mnt/c/Users/arcan/Documents/airflow/.venv/lib/python3.10/site-packages/airflow/example_dags/subdags/subdag.py
[2025-06-16T22:07:24.224-0300] {processor.py:829} INFO - Processing file /mnt/c/Users/arcan/Documents/airflow/.venv/lib/python3.10/site-packages/airflow/example_dags/subdags/subdag.py for tasks to queue
[2025-06-16T22:07:24.226-0300] {logging_mixin.py:154} INFO - [2025-06-16T22:07:24.226-0300] {dagbag.py:536} INFO - Filling up the DagBag from /mnt/c/Users/arcan/Documents/airflow/.venv/lib/python3.10/site-packages/airflow/example_dags/subdags/subdag.py
[2025-06-16T22:07:24.262-0300] {processor.py:841} WARNING - No viable dags retrieved from /mnt/c/Users/arcan/Documents/airflow/.venv/lib/python3.10/site-packages/airflow/example_dags/subdags/subdag.py
[2025-06-16T22:07:24.305-0300] {processor.py:179} INFO - Processing /mnt/c/Users/arcan/Documents/airflow/.venv/lib/python3.10/site-packages/airflow/example_dags/subdags/subdag.py took 0.087 seconds
[2025-06-16T22:07:59.889-0300] {processor.py:157} INFO - Started process (PID=58058) to work on /mnt/c/Users/arcan/Documents/airflow/.venv/lib/python3.10/site-packages/airflow/example_dags/subdags/subdag.py
[2025-06-16T22:07:59.891-0300] {processor.py:829} INFO - Processing file /mnt/c/Users/arcan/Documents/airflow/.venv/lib/python3.10/site-packages/airflow/example_dags/subdags/subdag.py for tasks to queue
[2025-06-16T22:07:59.894-0300] {logging_mixin.py:154} INFO - [2025-06-16T22:07:59.893-0300] {dagbag.py:536} INFO - Filling up the DagBag from /mnt/c/Users/arcan/Documents/airflow/.venv/lib/python3.10/site-packages/airflow/example_dags/subdags/subdag.py
[2025-06-16T22:07:59.931-0300] {processor.py:841} WARNING - No viable dags retrieved from /mnt/c/Users/arcan/Documents/airflow/.venv/lib/python3.10/site-packages/airflow/example_dags/subdags/subdag.py
[2025-06-16T22:07:59.969-0300] {processor.py:179} INFO - Processing /mnt/c/Users/arcan/Documents/airflow/.venv/lib/python3.10/site-packages/airflow/example_dags/subdags/subdag.py took 0.087 seconds
[2025-06-16T22:08:38.100-0300] {processor.py:157} INFO - Started process (PID=58169) to work on /mnt/c/Users/arcan/Documents/airflow/.venv/lib/python3.10/site-packages/airflow/example_dags/subdags/subdag.py
[2025-06-16T22:08:38.102-0300] {processor.py:829} INFO - Processing file /mnt/c/Users/arcan/Documents/airflow/.venv/lib/python3.10/site-packages/airflow/example_dags/subdags/subdag.py for tasks to queue
[2025-06-16T22:08:38.104-0300] {logging_mixin.py:154} INFO - [2025-06-16T22:08:38.104-0300] {dagbag.py:536} INFO - Filling up the DagBag from /mnt/c/Users/arcan/Documents/airflow/.venv/lib/python3.10/site-packages/airflow/example_dags/subdags/subdag.py
[2025-06-16T22:08:38.143-0300] {processor.py:841} WARNING - No viable dags retrieved from /mnt/c/Users/arcan/Documents/airflow/.venv/lib/python3.10/site-packages/airflow/example_dags/subdags/subdag.py
[2025-06-16T22:08:38.178-0300] {processor.py:179} INFO - Processing /mnt/c/Users/arcan/Documents/airflow/.venv/lib/python3.10/site-packages/airflow/example_dags/subdags/subdag.py took 0.083 seconds
[2025-06-16T22:09:14.501-0300] {processor.py:157} INFO - Started process (PID=58396) to work on /mnt/c/Users/arcan/Documents/airflow/.venv/lib/python3.10/site-packages/airflow/example_dags/subdags/subdag.py
[2025-06-16T22:09:14.503-0300] {processor.py:829} INFO - Processing file /mnt/c/Users/arcan/Documents/airflow/.venv/lib/python3.10/site-packages/airflow/example_dags/subdags/subdag.py for tasks to queue
[2025-06-16T22:09:14.504-0300] {logging_mixin.py:154} INFO - [2025-06-16T22:09:14.504-0300] {dagbag.py:536} INFO - Filling up the DagBag from /mnt/c/Users/arcan/Documents/airflow/.venv/lib/python3.10/site-packages/airflow/example_dags/subdags/subdag.py
[2025-06-16T22:09:14.533-0300] {processor.py:841} WARNING - No viable dags retrieved from /mnt/c/Users/arcan/Documents/airflow/.venv/lib/python3.10/site-packages/airflow/example_dags/subdags/subdag.py
[2025-06-16T22:09:14.562-0300] {processor.py:179} INFO - Processing /mnt/c/Users/arcan/Documents/airflow/.venv/lib/python3.10/site-packages/airflow/example_dags/subdags/subdag.py took 0.066 seconds
[2025-06-16T22:09:47.429-0300] {processor.py:157} INFO - Started process (PID=58498) to work on /mnt/c/Users/arcan/Documents/airflow/.venv/lib/python3.10/site-packages/airflow/example_dags/subdags/subdag.py
[2025-06-16T22:09:47.431-0300] {processor.py:829} INFO - Processing file /mnt/c/Users/arcan/Documents/airflow/.venv/lib/python3.10/site-packages/airflow/example_dags/subdags/subdag.py for tasks to queue
[2025-06-16T22:09:47.433-0300] {logging_mixin.py:154} INFO - [2025-06-16T22:09:47.432-0300] {dagbag.py:536} INFO - Filling up the DagBag from /mnt/c/Users/arcan/Documents/airflow/.venv/lib/python3.10/site-packages/airflow/example_dags/subdags/subdag.py
[2025-06-16T22:09:47.468-0300] {processor.py:841} WARNING - No viable dags retrieved from /mnt/c/Users/arcan/Documents/airflow/.venv/lib/python3.10/site-packages/airflow/example_dags/subdags/subdag.py
[2025-06-16T22:09:47.507-0300] {processor.py:179} INFO - Processing /mnt/c/Users/arcan/Documents/airflow/.venv/lib/python3.10/site-packages/airflow/example_dags/subdags/subdag.py took 0.082 seconds
[2025-06-16T22:10:49.885-0300] {processor.py:157} INFO - Started process (PID=58688) to work on /mnt/c/Users/arcan/Documents/airflow/.venv/lib/python3.10/site-packages/airflow/example_dags/subdags/subdag.py
[2025-06-16T22:10:49.887-0300] {processor.py:829} INFO - Processing file /mnt/c/Users/arcan/Documents/airflow/.venv/lib/python3.10/site-packages/airflow/example_dags/subdags/subdag.py for tasks to queue
[2025-06-16T22:10:49.889-0300] {logging_mixin.py:154} INFO - [2025-06-16T22:10:49.888-0300] {dagbag.py:536} INFO - Filling up the DagBag from /mnt/c/Users/arcan/Documents/airflow/.venv/lib/python3.10/site-packages/airflow/example_dags/subdags/subdag.py
[2025-06-16T22:10:49.917-0300] {processor.py:841} WARNING - No viable dags retrieved from /mnt/c/Users/arcan/Documents/airflow/.venv/lib/python3.10/site-packages/airflow/example_dags/subdags/subdag.py
[2025-06-16T22:10:49.964-0300] {processor.py:179} INFO - Processing /mnt/c/Users/arcan/Documents/airflow/.venv/lib/python3.10/site-packages/airflow/example_dags/subdags/subdag.py took 0.083 seconds
[2025-06-16T22:11:22.271-0300] {processor.py:157} INFO - Started process (PID=58785) to work on /mnt/c/Users/arcan/Documents/airflow/.venv/lib/python3.10/site-packages/airflow/example_dags/subdags/subdag.py
[2025-06-16T22:11:22.273-0300] {processor.py:829} INFO - Processing file /mnt/c/Users/arcan/Documents/airflow/.venv/lib/python3.10/site-packages/airflow/example_dags/subdags/subdag.py for tasks to queue
[2025-06-16T22:11:22.275-0300] {logging_mixin.py:154} INFO - [2025-06-16T22:11:22.274-0300] {dagbag.py:536} INFO - Filling up the DagBag from /mnt/c/Users/arcan/Documents/airflow/.venv/lib/python3.10/site-packages/airflow/example_dags/subdags/subdag.py
[2025-06-16T22:11:22.304-0300] {processor.py:841} WARNING - No viable dags retrieved from /mnt/c/Users/arcan/Documents/airflow/.venv/lib/python3.10/site-packages/airflow/example_dags/subdags/subdag.py
[2025-06-16T22:11:22.336-0300] {processor.py:179} INFO - Processing /mnt/c/Users/arcan/Documents/airflow/.venv/lib/python3.10/site-packages/airflow/example_dags/subdags/subdag.py took 0.069 seconds
[2025-06-16T22:12:19.835-0300] {processor.py:157} INFO - Started process (PID=58959) to work on /mnt/c/Users/arcan/Documents/airflow/.venv/lib/python3.10/site-packages/airflow/example_dags/subdags/subdag.py
[2025-06-16T22:12:19.836-0300] {processor.py:829} INFO - Processing file /mnt/c/Users/arcan/Documents/airflow/.venv/lib/python3.10/site-packages/airflow/example_dags/subdags/subdag.py for tasks to queue
[2025-06-16T22:12:19.838-0300] {logging_mixin.py:154} INFO - [2025-06-16T22:12:19.838-0300] {dagbag.py:536} INFO - Filling up the DagBag from /mnt/c/Users/arcan/Documents/airflow/.venv/lib/python3.10/site-packages/airflow/example_dags/subdags/subdag.py
[2025-06-16T22:12:19.867-0300] {processor.py:841} WARNING - No viable dags retrieved from /mnt/c/Users/arcan/Documents/airflow/.venv/lib/python3.10/site-packages/airflow/example_dags/subdags/subdag.py
[2025-06-16T22:12:19.900-0300] {processor.py:179} INFO - Processing /mnt/c/Users/arcan/Documents/airflow/.venv/lib/python3.10/site-packages/airflow/example_dags/subdags/subdag.py took 0.069 seconds
[2025-06-16T22:13:20.664-0300] {processor.py:157} INFO - Started process (PID=59143) to work on /mnt/c/Users/arcan/Documents/airflow/.venv/lib/python3.10/site-packages/airflow/example_dags/subdags/subdag.py
[2025-06-16T22:13:20.667-0300] {processor.py:829} INFO - Processing file /mnt/c/Users/arcan/Documents/airflow/.venv/lib/python3.10/site-packages/airflow/example_dags/subdags/subdag.py for tasks to queue
[2025-06-16T22:13:20.670-0300] {logging_mixin.py:154} INFO - [2025-06-16T22:13:20.669-0300] {dagbag.py:536} INFO - Filling up the DagBag from /mnt/c/Users/arcan/Documents/airflow/.venv/lib/python3.10/site-packages/airflow/example_dags/subdags/subdag.py
[2025-06-16T22:13:20.708-0300] {processor.py:841} WARNING - No viable dags retrieved from /mnt/c/Users/arcan/Documents/airflow/.venv/lib/python3.10/site-packages/airflow/example_dags/subdags/subdag.py
[2025-06-16T22:13:20.748-0300] {processor.py:179} INFO - Processing /mnt/c/Users/arcan/Documents/airflow/.venv/lib/python3.10/site-packages/airflow/example_dags/subdags/subdag.py took 0.089 seconds
[2025-06-16T22:13:54.760-0300] {processor.py:157} INFO - Started process (PID=59246) to work on /mnt/c/Users/arcan/Documents/airflow/.venv/lib/python3.10/site-packages/airflow/example_dags/subdags/subdag.py
[2025-06-16T22:13:54.762-0300] {processor.py:829} INFO - Processing file /mnt/c/Users/arcan/Documents/airflow/.venv/lib/python3.10/site-packages/airflow/example_dags/subdags/subdag.py for tasks to queue
[2025-06-16T22:13:54.764-0300] {logging_mixin.py:154} INFO - [2025-06-16T22:13:54.764-0300] {dagbag.py:536} INFO - Filling up the DagBag from /mnt/c/Users/arcan/Documents/airflow/.venv/lib/python3.10/site-packages/airflow/example_dags/subdags/subdag.py
[2025-06-16T22:13:54.800-0300] {processor.py:841} WARNING - No viable dags retrieved from /mnt/c/Users/arcan/Documents/airflow/.venv/lib/python3.10/site-packages/airflow/example_dags/subdags/subdag.py
[2025-06-16T22:13:54.839-0300] {processor.py:179} INFO - Processing /mnt/c/Users/arcan/Documents/airflow/.venv/lib/python3.10/site-packages/airflow/example_dags/subdags/subdag.py took 0.085 seconds
[2025-06-16T22:14:27.689-0300] {processor.py:157} INFO - Started process (PID=59340) to work on /mnt/c/Users/arcan/Documents/airflow/.venv/lib/python3.10/site-packages/airflow/example_dags/subdags/subdag.py
[2025-06-16T22:14:27.691-0300] {processor.py:829} INFO - Processing file /mnt/c/Users/arcan/Documents/airflow/.venv/lib/python3.10/site-packages/airflow/example_dags/subdags/subdag.py for tasks to queue
[2025-06-16T22:14:27.694-0300] {logging_mixin.py:154} INFO - [2025-06-16T22:14:27.693-0300] {dagbag.py:536} INFO - Filling up the DagBag from /mnt/c/Users/arcan/Documents/airflow/.venv/lib/python3.10/site-packages/airflow/example_dags/subdags/subdag.py
[2025-06-16T22:14:27.727-0300] {processor.py:841} WARNING - No viable dags retrieved from /mnt/c/Users/arcan/Documents/airflow/.venv/lib/python3.10/site-packages/airflow/example_dags/subdags/subdag.py
[2025-06-16T22:14:27.761-0300] {processor.py:179} INFO - Processing /mnt/c/Users/arcan/Documents/airflow/.venv/lib/python3.10/site-packages/airflow/example_dags/subdags/subdag.py took 0.080 seconds
[2025-06-16T22:15:02.948-0300] {processor.py:157} INFO - Started process (PID=59450) to work on /mnt/c/Users/arcan/Documents/airflow/.venv/lib/python3.10/site-packages/airflow/example_dags/subdags/subdag.py
[2025-06-16T22:15:02.951-0300] {processor.py:829} INFO - Processing file /mnt/c/Users/arcan/Documents/airflow/.venv/lib/python3.10/site-packages/airflow/example_dags/subdags/subdag.py for tasks to queue
[2025-06-16T22:15:02.953-0300] {logging_mixin.py:154} INFO - [2025-06-16T22:15:02.952-0300] {dagbag.py:536} INFO - Filling up the DagBag from /mnt/c/Users/arcan/Documents/airflow/.venv/lib/python3.10/site-packages/airflow/example_dags/subdags/subdag.py
[2025-06-16T22:15:02.989-0300] {processor.py:841} WARNING - No viable dags retrieved from /mnt/c/Users/arcan/Documents/airflow/.venv/lib/python3.10/site-packages/airflow/example_dags/subdags/subdag.py
[2025-06-16T22:15:03.023-0300] {processor.py:179} INFO - Processing /mnt/c/Users/arcan/Documents/airflow/.venv/lib/python3.10/site-packages/airflow/example_dags/subdags/subdag.py took 0.081 seconds
[2025-06-16T22:15:36.343-0300] {processor.py:157} INFO - Started process (PID=59546) to work on /mnt/c/Users/arcan/Documents/airflow/.venv/lib/python3.10/site-packages/airflow/example_dags/subdags/subdag.py
[2025-06-16T22:15:36.345-0300] {processor.py:829} INFO - Processing file /mnt/c/Users/arcan/Documents/airflow/.venv/lib/python3.10/site-packages/airflow/example_dags/subdags/subdag.py for tasks to queue
[2025-06-16T22:15:36.348-0300] {logging_mixin.py:154} INFO - [2025-06-16T22:15:36.347-0300] {dagbag.py:536} INFO - Filling up the DagBag from /mnt/c/Users/arcan/Documents/airflow/.venv/lib/python3.10/site-packages/airflow/example_dags/subdags/subdag.py
[2025-06-16T22:15:36.385-0300] {processor.py:841} WARNING - No viable dags retrieved from /mnt/c/Users/arcan/Documents/airflow/.venv/lib/python3.10/site-packages/airflow/example_dags/subdags/subdag.py
[2025-06-16T22:15:36.423-0300] {processor.py:179} INFO - Processing /mnt/c/Users/arcan/Documents/airflow/.venv/lib/python3.10/site-packages/airflow/example_dags/subdags/subdag.py took 0.086 seconds
[2025-06-16T22:16:13.120-0300] {processor.py:157} INFO - Started process (PID=59781) to work on /mnt/c/Users/arcan/Documents/airflow/.venv/lib/python3.10/site-packages/airflow/example_dags/subdags/subdag.py
[2025-06-16T22:16:13.122-0300] {processor.py:829} INFO - Processing file /mnt/c/Users/arcan/Documents/airflow/.venv/lib/python3.10/site-packages/airflow/example_dags/subdags/subdag.py for tasks to queue
[2025-06-16T22:16:13.125-0300] {logging_mixin.py:154} INFO - [2025-06-16T22:16:13.124-0300] {dagbag.py:536} INFO - Filling up the DagBag from /mnt/c/Users/arcan/Documents/airflow/.venv/lib/python3.10/site-packages/airflow/example_dags/subdags/subdag.py
[2025-06-16T22:16:13.160-0300] {processor.py:841} WARNING - No viable dags retrieved from /mnt/c/Users/arcan/Documents/airflow/.venv/lib/python3.10/site-packages/airflow/example_dags/subdags/subdag.py
[2025-06-16T22:16:13.196-0300] {processor.py:179} INFO - Processing /mnt/c/Users/arcan/Documents/airflow/.venv/lib/python3.10/site-packages/airflow/example_dags/subdags/subdag.py took 0.082 seconds
[2025-06-16T22:16:47.953-0300] {processor.py:157} INFO - Started process (PID=59885) to work on /mnt/c/Users/arcan/Documents/airflow/.venv/lib/python3.10/site-packages/airflow/example_dags/subdags/subdag.py
[2025-06-16T22:16:47.956-0300] {processor.py:829} INFO - Processing file /mnt/c/Users/arcan/Documents/airflow/.venv/lib/python3.10/site-packages/airflow/example_dags/subdags/subdag.py for tasks to queue
[2025-06-16T22:16:47.958-0300] {logging_mixin.py:154} INFO - [2025-06-16T22:16:47.957-0300] {dagbag.py:536} INFO - Filling up the DagBag from /mnt/c/Users/arcan/Documents/airflow/.venv/lib/python3.10/site-packages/airflow/example_dags/subdags/subdag.py
[2025-06-16T22:16:47.993-0300] {processor.py:841} WARNING - No viable dags retrieved from /mnt/c/Users/arcan/Documents/airflow/.venv/lib/python3.10/site-packages/airflow/example_dags/subdags/subdag.py
[2025-06-16T22:16:48.029-0300] {processor.py:179} INFO - Processing /mnt/c/Users/arcan/Documents/airflow/.venv/lib/python3.10/site-packages/airflow/example_dags/subdags/subdag.py took 0.080 seconds
[2025-06-16T22:17:21.039-0300] {processor.py:157} INFO - Started process (PID=59986) to work on /mnt/c/Users/arcan/Documents/airflow/.venv/lib/python3.10/site-packages/airflow/example_dags/subdags/subdag.py
[2025-06-16T22:17:21.042-0300] {processor.py:829} INFO - Processing file /mnt/c/Users/arcan/Documents/airflow/.venv/lib/python3.10/site-packages/airflow/example_dags/subdags/subdag.py for tasks to queue
[2025-06-16T22:17:21.044-0300] {logging_mixin.py:154} INFO - [2025-06-16T22:17:21.043-0300] {dagbag.py:536} INFO - Filling up the DagBag from /mnt/c/Users/arcan/Documents/airflow/.venv/lib/python3.10/site-packages/airflow/example_dags/subdags/subdag.py
[2025-06-16T22:17:21.092-0300] {processor.py:841} WARNING - No viable dags retrieved from /mnt/c/Users/arcan/Documents/airflow/.venv/lib/python3.10/site-packages/airflow/example_dags/subdags/subdag.py
[2025-06-16T22:17:21.141-0300] {processor.py:179} INFO - Processing /mnt/c/Users/arcan/Documents/airflow/.venv/lib/python3.10/site-packages/airflow/example_dags/subdags/subdag.py took 0.108 seconds
[2025-06-16T22:17:56.652-0300] {processor.py:157} INFO - Started process (PID=60092) to work on /mnt/c/Users/arcan/Documents/airflow/.venv/lib/python3.10/site-packages/airflow/example_dags/subdags/subdag.py
[2025-06-16T22:17:56.655-0300] {processor.py:829} INFO - Processing file /mnt/c/Users/arcan/Documents/airflow/.venv/lib/python3.10/site-packages/airflow/example_dags/subdags/subdag.py for tasks to queue
[2025-06-16T22:17:56.658-0300] {logging_mixin.py:154} INFO - [2025-06-16T22:17:56.656-0300] {dagbag.py:536} INFO - Filling up the DagBag from /mnt/c/Users/arcan/Documents/airflow/.venv/lib/python3.10/site-packages/airflow/example_dags/subdags/subdag.py
[2025-06-16T22:17:56.710-0300] {processor.py:841} WARNING - No viable dags retrieved from /mnt/c/Users/arcan/Documents/airflow/.venv/lib/python3.10/site-packages/airflow/example_dags/subdags/subdag.py
[2025-06-16T22:17:56.772-0300] {processor.py:179} INFO - Processing /mnt/c/Users/arcan/Documents/airflow/.venv/lib/python3.10/site-packages/airflow/example_dags/subdags/subdag.py took 0.127 seconds
[2025-06-16T22:18:41.013-0300] {processor.py:157} INFO - Started process (PID=60219) to work on /mnt/c/Users/arcan/Documents/airflow/.venv/lib/python3.10/site-packages/airflow/example_dags/subdags/subdag.py
[2025-06-16T22:18:41.016-0300] {processor.py:829} INFO - Processing file /mnt/c/Users/arcan/Documents/airflow/.venv/lib/python3.10/site-packages/airflow/example_dags/subdags/subdag.py for tasks to queue
[2025-06-16T22:18:41.019-0300] {logging_mixin.py:154} INFO - [2025-06-16T22:18:41.018-0300] {dagbag.py:536} INFO - Filling up the DagBag from /mnt/c/Users/arcan/Documents/airflow/.venv/lib/python3.10/site-packages/airflow/example_dags/subdags/subdag.py
[2025-06-16T22:18:41.068-0300] {processor.py:841} WARNING - No viable dags retrieved from /mnt/c/Users/arcan/Documents/airflow/.venv/lib/python3.10/site-packages/airflow/example_dags/subdags/subdag.py
[2025-06-16T22:18:41.116-0300] {processor.py:179} INFO - Processing /mnt/c/Users/arcan/Documents/airflow/.venv/lib/python3.10/site-packages/airflow/example_dags/subdags/subdag.py took 0.109 seconds
[2025-06-16T22:19:25.020-0300] {processor.py:157} INFO - Started process (PID=60346) to work on /mnt/c/Users/arcan/Documents/airflow/.venv/lib/python3.10/site-packages/airflow/example_dags/subdags/subdag.py
[2025-06-16T22:19:25.023-0300] {processor.py:829} INFO - Processing file /mnt/c/Users/arcan/Documents/airflow/.venv/lib/python3.10/site-packages/airflow/example_dags/subdags/subdag.py for tasks to queue
[2025-06-16T22:19:25.026-0300] {logging_mixin.py:154} INFO - [2025-06-16T22:19:25.025-0300] {dagbag.py:536} INFO - Filling up the DagBag from /mnt/c/Users/arcan/Documents/airflow/.venv/lib/python3.10/site-packages/airflow/example_dags/subdags/subdag.py
[2025-06-16T22:19:25.075-0300] {processor.py:841} WARNING - No viable dags retrieved from /mnt/c/Users/arcan/Documents/airflow/.venv/lib/python3.10/site-packages/airflow/example_dags/subdags/subdag.py
[2025-06-16T22:19:25.128-0300] {processor.py:179} INFO - Processing /mnt/c/Users/arcan/Documents/airflow/.venv/lib/python3.10/site-packages/airflow/example_dags/subdags/subdag.py took 0.117 seconds
[2025-06-16T22:20:08.453-0300] {processor.py:157} INFO - Started process (PID=60470) to work on /mnt/c/Users/arcan/Documents/airflow/.venv/lib/python3.10/site-packages/airflow/example_dags/subdags/subdag.py
[2025-06-16T22:20:08.456-0300] {processor.py:829} INFO - Processing file /mnt/c/Users/arcan/Documents/airflow/.venv/lib/python3.10/site-packages/airflow/example_dags/subdags/subdag.py for tasks to queue
[2025-06-16T22:20:08.458-0300] {logging_mixin.py:154} INFO - [2025-06-16T22:20:08.457-0300] {dagbag.py:536} INFO - Filling up the DagBag from /mnt/c/Users/arcan/Documents/airflow/.venv/lib/python3.10/site-packages/airflow/example_dags/subdags/subdag.py
[2025-06-16T22:20:08.500-0300] {processor.py:841} WARNING - No viable dags retrieved from /mnt/c/Users/arcan/Documents/airflow/.venv/lib/python3.10/site-packages/airflow/example_dags/subdags/subdag.py
[2025-06-16T22:20:08.543-0300] {processor.py:179} INFO - Processing /mnt/c/Users/arcan/Documents/airflow/.venv/lib/python3.10/site-packages/airflow/example_dags/subdags/subdag.py took 0.096 seconds
[2025-06-16T22:20:49.288-0300] {processor.py:157} INFO - Started process (PID=60584) to work on /mnt/c/Users/arcan/Documents/airflow/.venv/lib/python3.10/site-packages/airflow/example_dags/subdags/subdag.py
[2025-06-16T22:20:49.291-0300] {processor.py:829} INFO - Processing file /mnt/c/Users/arcan/Documents/airflow/.venv/lib/python3.10/site-packages/airflow/example_dags/subdags/subdag.py for tasks to queue
[2025-06-16T22:20:49.293-0300] {logging_mixin.py:154} INFO - [2025-06-16T22:20:49.292-0300] {dagbag.py:536} INFO - Filling up the DagBag from /mnt/c/Users/arcan/Documents/airflow/.venv/lib/python3.10/site-packages/airflow/example_dags/subdags/subdag.py
[2025-06-16T22:20:49.349-0300] {processor.py:841} WARNING - No viable dags retrieved from /mnt/c/Users/arcan/Documents/airflow/.venv/lib/python3.10/site-packages/airflow/example_dags/subdags/subdag.py
[2025-06-16T22:20:49.402-0300] {processor.py:179} INFO - Processing /mnt/c/Users/arcan/Documents/airflow/.venv/lib/python3.10/site-packages/airflow/example_dags/subdags/subdag.py took 0.123 seconds
[2025-06-16T22:21:29.193-0300] {processor.py:157} INFO - Started process (PID=60699) to work on /mnt/c/Users/arcan/Documents/airflow/.venv/lib/python3.10/site-packages/airflow/example_dags/subdags/subdag.py
[2025-06-16T22:21:29.196-0300] {processor.py:829} INFO - Processing file /mnt/c/Users/arcan/Documents/airflow/.venv/lib/python3.10/site-packages/airflow/example_dags/subdags/subdag.py for tasks to queue
[2025-06-16T22:21:29.198-0300] {logging_mixin.py:154} INFO - [2025-06-16T22:21:29.197-0300] {dagbag.py:536} INFO - Filling up the DagBag from /mnt/c/Users/arcan/Documents/airflow/.venv/lib/python3.10/site-packages/airflow/example_dags/subdags/subdag.py
[2025-06-16T22:21:29.247-0300] {processor.py:841} WARNING - No viable dags retrieved from /mnt/c/Users/arcan/Documents/airflow/.venv/lib/python3.10/site-packages/airflow/example_dags/subdags/subdag.py
[2025-06-16T22:21:29.294-0300] {processor.py:179} INFO - Processing /mnt/c/Users/arcan/Documents/airflow/.venv/lib/python3.10/site-packages/airflow/example_dags/subdags/subdag.py took 0.108 seconds
[2025-06-16T22:22:10.389-0300] {processor.py:157} INFO - Started process (PID=60815) to work on /mnt/c/Users/arcan/Documents/airflow/.venv/lib/python3.10/site-packages/airflow/example_dags/subdags/subdag.py
[2025-06-16T22:22:10.392-0300] {processor.py:829} INFO - Processing file /mnt/c/Users/arcan/Documents/airflow/.venv/lib/python3.10/site-packages/airflow/example_dags/subdags/subdag.py for tasks to queue
[2025-06-16T22:22:10.395-0300] {logging_mixin.py:154} INFO - [2025-06-16T22:22:10.394-0300] {dagbag.py:536} INFO - Filling up the DagBag from /mnt/c/Users/arcan/Documents/airflow/.venv/lib/python3.10/site-packages/airflow/example_dags/subdags/subdag.py
[2025-06-16T22:22:10.460-0300] {processor.py:841} WARNING - No viable dags retrieved from /mnt/c/Users/arcan/Documents/airflow/.venv/lib/python3.10/site-packages/airflow/example_dags/subdags/subdag.py
[2025-06-16T22:22:10.513-0300] {processor.py:179} INFO - Processing /mnt/c/Users/arcan/Documents/airflow/.venv/lib/python3.10/site-packages/airflow/example_dags/subdags/subdag.py took 0.134 seconds
[2025-06-16T22:22:52.015-0300] {processor.py:157} INFO - Started process (PID=60936) to work on /mnt/c/Users/arcan/Documents/airflow/.venv/lib/python3.10/site-packages/airflow/example_dags/subdags/subdag.py
[2025-06-16T22:22:52.018-0300] {processor.py:829} INFO - Processing file /mnt/c/Users/arcan/Documents/airflow/.venv/lib/python3.10/site-packages/airflow/example_dags/subdags/subdag.py for tasks to queue
[2025-06-16T22:22:52.021-0300] {logging_mixin.py:154} INFO - [2025-06-16T22:22:52.020-0300] {dagbag.py:536} INFO - Filling up the DagBag from /mnt/c/Users/arcan/Documents/airflow/.venv/lib/python3.10/site-packages/airflow/example_dags/subdags/subdag.py
[2025-06-16T22:22:52.068-0300] {processor.py:841} WARNING - No viable dags retrieved from /mnt/c/Users/arcan/Documents/airflow/.venv/lib/python3.10/site-packages/airflow/example_dags/subdags/subdag.py
[2025-06-16T22:22:52.114-0300] {processor.py:179} INFO - Processing /mnt/c/Users/arcan/Documents/airflow/.venv/lib/python3.10/site-packages/airflow/example_dags/subdags/subdag.py took 0.107 seconds
[2025-06-16T22:23:34.618-0300] {processor.py:157} INFO - Started process (PID=61059) to work on /mnt/c/Users/arcan/Documents/airflow/.venv/lib/python3.10/site-packages/airflow/example_dags/subdags/subdag.py
[2025-06-16T22:23:34.621-0300] {processor.py:829} INFO - Processing file /mnt/c/Users/arcan/Documents/airflow/.venv/lib/python3.10/site-packages/airflow/example_dags/subdags/subdag.py for tasks to queue
[2025-06-16T22:23:34.623-0300] {logging_mixin.py:154} INFO - [2025-06-16T22:23:34.622-0300] {dagbag.py:536} INFO - Filling up the DagBag from /mnt/c/Users/arcan/Documents/airflow/.venv/lib/python3.10/site-packages/airflow/example_dags/subdags/subdag.py
[2025-06-16T22:23:34.653-0300] {processor.py:841} WARNING - No viable dags retrieved from /mnt/c/Users/arcan/Documents/airflow/.venv/lib/python3.10/site-packages/airflow/example_dags/subdags/subdag.py
[2025-06-16T22:23:34.701-0300] {processor.py:179} INFO - Processing /mnt/c/Users/arcan/Documents/airflow/.venv/lib/python3.10/site-packages/airflow/example_dags/subdags/subdag.py took 0.089 seconds
[2025-06-16T22:24:17.143-0300] {processor.py:157} INFO - Started process (PID=61303) to work on /mnt/c/Users/arcan/Documents/airflow/.venv/lib/python3.10/site-packages/airflow/example_dags/subdags/subdag.py
[2025-06-16T22:24:17.145-0300] {processor.py:829} INFO - Processing file /mnt/c/Users/arcan/Documents/airflow/.venv/lib/python3.10/site-packages/airflow/example_dags/subdags/subdag.py for tasks to queue
[2025-06-16T22:24:17.148-0300] {logging_mixin.py:154} INFO - [2025-06-16T22:24:17.147-0300] {dagbag.py:536} INFO - Filling up the DagBag from /mnt/c/Users/arcan/Documents/airflow/.venv/lib/python3.10/site-packages/airflow/example_dags/subdags/subdag.py
[2025-06-16T22:24:17.199-0300] {processor.py:841} WARNING - No viable dags retrieved from /mnt/c/Users/arcan/Documents/airflow/.venv/lib/python3.10/site-packages/airflow/example_dags/subdags/subdag.py
[2025-06-16T22:24:17.248-0300] {processor.py:179} INFO - Processing /mnt/c/Users/arcan/Documents/airflow/.venv/lib/python3.10/site-packages/airflow/example_dags/subdags/subdag.py took 0.112 seconds
[2025-06-16T22:24:57.723-0300] {processor.py:157} INFO - Started process (PID=61419) to work on /mnt/c/Users/arcan/Documents/airflow/.venv/lib/python3.10/site-packages/airflow/example_dags/subdags/subdag.py
[2025-06-16T22:24:57.725-0300] {processor.py:829} INFO - Processing file /mnt/c/Users/arcan/Documents/airflow/.venv/lib/python3.10/site-packages/airflow/example_dags/subdags/subdag.py for tasks to queue
[2025-06-16T22:24:57.728-0300] {logging_mixin.py:154} INFO - [2025-06-16T22:24:57.727-0300] {dagbag.py:536} INFO - Filling up the DagBag from /mnt/c/Users/arcan/Documents/airflow/.venv/lib/python3.10/site-packages/airflow/example_dags/subdags/subdag.py
[2025-06-16T22:24:57.774-0300] {processor.py:841} WARNING - No viable dags retrieved from /mnt/c/Users/arcan/Documents/airflow/.venv/lib/python3.10/site-packages/airflow/example_dags/subdags/subdag.py
[2025-06-16T22:24:57.819-0300] {processor.py:179} INFO - Processing /mnt/c/Users/arcan/Documents/airflow/.venv/lib/python3.10/site-packages/airflow/example_dags/subdags/subdag.py took 0.103 seconds
[2025-06-16T22:25:37.320-0300] {processor.py:157} INFO - Started process (PID=61531) to work on /mnt/c/Users/arcan/Documents/airflow/.venv/lib/python3.10/site-packages/airflow/example_dags/subdags/subdag.py
[2025-06-16T22:25:37.323-0300] {processor.py:829} INFO - Processing file /mnt/c/Users/arcan/Documents/airflow/.venv/lib/python3.10/site-packages/airflow/example_dags/subdags/subdag.py for tasks to queue
[2025-06-16T22:25:37.327-0300] {logging_mixin.py:154} INFO - [2025-06-16T22:25:37.326-0300] {dagbag.py:536} INFO - Filling up the DagBag from /mnt/c/Users/arcan/Documents/airflow/.venv/lib/python3.10/site-packages/airflow/example_dags/subdags/subdag.py
[2025-06-16T22:25:37.381-0300] {processor.py:841} WARNING - No viable dags retrieved from /mnt/c/Users/arcan/Documents/airflow/.venv/lib/python3.10/site-packages/airflow/example_dags/subdags/subdag.py
[2025-06-16T22:25:37.463-0300] {processor.py:179} INFO - Processing /mnt/c/Users/arcan/Documents/airflow/.venv/lib/python3.10/site-packages/airflow/example_dags/subdags/subdag.py took 0.151 seconds
[2025-06-16T22:26:17.126-0300] {processor.py:157} INFO - Started process (PID=61647) to work on /mnt/c/Users/arcan/Documents/airflow/.venv/lib/python3.10/site-packages/airflow/example_dags/subdags/subdag.py
[2025-06-16T22:26:17.128-0300] {processor.py:829} INFO - Processing file /mnt/c/Users/arcan/Documents/airflow/.venv/lib/python3.10/site-packages/airflow/example_dags/subdags/subdag.py for tasks to queue
[2025-06-16T22:26:17.131-0300] {logging_mixin.py:154} INFO - [2025-06-16T22:26:17.130-0300] {dagbag.py:536} INFO - Filling up the DagBag from /mnt/c/Users/arcan/Documents/airflow/.venv/lib/python3.10/site-packages/airflow/example_dags/subdags/subdag.py
[2025-06-16T22:26:17.175-0300] {processor.py:841} WARNING - No viable dags retrieved from /mnt/c/Users/arcan/Documents/airflow/.venv/lib/python3.10/site-packages/airflow/example_dags/subdags/subdag.py
[2025-06-16T22:26:17.217-0300] {processor.py:179} INFO - Processing /mnt/c/Users/arcan/Documents/airflow/.venv/lib/python3.10/site-packages/airflow/example_dags/subdags/subdag.py took 0.099 seconds
[2025-06-16T22:26:58.381-0300] {processor.py:157} INFO - Started process (PID=61764) to work on /mnt/c/Users/arcan/Documents/airflow/.venv/lib/python3.10/site-packages/airflow/example_dags/subdags/subdag.py
[2025-06-16T22:26:58.384-0300] {processor.py:829} INFO - Processing file /mnt/c/Users/arcan/Documents/airflow/.venv/lib/python3.10/site-packages/airflow/example_dags/subdags/subdag.py for tasks to queue
[2025-06-16T22:26:58.387-0300] {logging_mixin.py:154} INFO - [2025-06-16T22:26:58.386-0300] {dagbag.py:536} INFO - Filling up the DagBag from /mnt/c/Users/arcan/Documents/airflow/.venv/lib/python3.10/site-packages/airflow/example_dags/subdags/subdag.py
[2025-06-16T22:26:58.432-0300] {processor.py:841} WARNING - No viable dags retrieved from /mnt/c/Users/arcan/Documents/airflow/.venv/lib/python3.10/site-packages/airflow/example_dags/subdags/subdag.py
[2025-06-16T22:26:58.480-0300] {processor.py:179} INFO - Processing /mnt/c/Users/arcan/Documents/airflow/.venv/lib/python3.10/site-packages/airflow/example_dags/subdags/subdag.py took 0.106 seconds
[2025-06-16T22:27:36.412-0300] {processor.py:157} INFO - Started process (PID=61875) to work on /mnt/c/Users/arcan/Documents/airflow/.venv/lib/python3.10/site-packages/airflow/example_dags/subdags/subdag.py
[2025-06-16T22:27:36.415-0300] {processor.py:829} INFO - Processing file /mnt/c/Users/arcan/Documents/airflow/.venv/lib/python3.10/site-packages/airflow/example_dags/subdags/subdag.py for tasks to queue
[2025-06-16T22:27:36.418-0300] {logging_mixin.py:154} INFO - [2025-06-16T22:27:36.417-0300] {dagbag.py:536} INFO - Filling up the DagBag from /mnt/c/Users/arcan/Documents/airflow/.venv/lib/python3.10/site-packages/airflow/example_dags/subdags/subdag.py
[2025-06-16T22:27:36.463-0300] {processor.py:841} WARNING - No viable dags retrieved from /mnt/c/Users/arcan/Documents/airflow/.venv/lib/python3.10/site-packages/airflow/example_dags/subdags/subdag.py
[2025-06-16T22:27:36.511-0300] {processor.py:179} INFO - Processing /mnt/c/Users/arcan/Documents/airflow/.venv/lib/python3.10/site-packages/airflow/example_dags/subdags/subdag.py took 0.106 seconds
[2025-06-16T22:28:15.672-0300] {processor.py:157} INFO - Started process (PID=61986) to work on /mnt/c/Users/arcan/Documents/airflow/.venv/lib/python3.10/site-packages/airflow/example_dags/subdags/subdag.py
[2025-06-16T22:28:15.675-0300] {processor.py:829} INFO - Processing file /mnt/c/Users/arcan/Documents/airflow/.venv/lib/python3.10/site-packages/airflow/example_dags/subdags/subdag.py for tasks to queue
[2025-06-16T22:28:15.677-0300] {logging_mixin.py:154} INFO - [2025-06-16T22:28:15.676-0300] {dagbag.py:536} INFO - Filling up the DagBag from /mnt/c/Users/arcan/Documents/airflow/.venv/lib/python3.10/site-packages/airflow/example_dags/subdags/subdag.py
[2025-06-16T22:28:15.725-0300] {processor.py:841} WARNING - No viable dags retrieved from /mnt/c/Users/arcan/Documents/airflow/.venv/lib/python3.10/site-packages/airflow/example_dags/subdags/subdag.py
[2025-06-16T22:28:15.766-0300] {processor.py:179} INFO - Processing /mnt/c/Users/arcan/Documents/airflow/.venv/lib/python3.10/site-packages/airflow/example_dags/subdags/subdag.py took 0.100 seconds
[2025-06-16T22:28:54.691-0300] {processor.py:157} INFO - Started process (PID=62096) to work on /mnt/c/Users/arcan/Documents/airflow/.venv/lib/python3.10/site-packages/airflow/example_dags/subdags/subdag.py
[2025-06-16T22:28:54.693-0300] {processor.py:829} INFO - Processing file /mnt/c/Users/arcan/Documents/airflow/.venv/lib/python3.10/site-packages/airflow/example_dags/subdags/subdag.py for tasks to queue
[2025-06-16T22:28:54.696-0300] {logging_mixin.py:154} INFO - [2025-06-16T22:28:54.695-0300] {dagbag.py:536} INFO - Filling up the DagBag from /mnt/c/Users/arcan/Documents/airflow/.venv/lib/python3.10/site-packages/airflow/example_dags/subdags/subdag.py
[2025-06-16T22:28:54.739-0300] {processor.py:841} WARNING - No viable dags retrieved from /mnt/c/Users/arcan/Documents/airflow/.venv/lib/python3.10/site-packages/airflow/example_dags/subdags/subdag.py
[2025-06-16T22:28:54.782-0300] {processor.py:179} INFO - Processing /mnt/c/Users/arcan/Documents/airflow/.venv/lib/python3.10/site-packages/airflow/example_dags/subdags/subdag.py took 0.098 seconds
[2025-06-16T22:29:34.035-0300] {processor.py:157} INFO - Started process (PID=62212) to work on /mnt/c/Users/arcan/Documents/airflow/.venv/lib/python3.10/site-packages/airflow/example_dags/subdags/subdag.py
[2025-06-16T22:29:34.037-0300] {processor.py:829} INFO - Processing file /mnt/c/Users/arcan/Documents/airflow/.venv/lib/python3.10/site-packages/airflow/example_dags/subdags/subdag.py for tasks to queue
[2025-06-16T22:29:34.039-0300] {logging_mixin.py:154} INFO - [2025-06-16T22:29:34.038-0300] {dagbag.py:536} INFO - Filling up the DagBag from /mnt/c/Users/arcan/Documents/airflow/.venv/lib/python3.10/site-packages/airflow/example_dags/subdags/subdag.py
[2025-06-16T22:29:34.080-0300] {processor.py:841} WARNING - No viable dags retrieved from /mnt/c/Users/arcan/Documents/airflow/.venv/lib/python3.10/site-packages/airflow/example_dags/subdags/subdag.py
[2025-06-16T22:29:34.124-0300] {processor.py:179} INFO - Processing /mnt/c/Users/arcan/Documents/airflow/.venv/lib/python3.10/site-packages/airflow/example_dags/subdags/subdag.py took 0.096 seconds
[2025-06-16T22:30:14.417-0300] {processor.py:157} INFO - Started process (PID=62326) to work on /mnt/c/Users/arcan/Documents/airflow/.venv/lib/python3.10/site-packages/airflow/example_dags/subdags/subdag.py
[2025-06-16T22:30:14.420-0300] {processor.py:829} INFO - Processing file /mnt/c/Users/arcan/Documents/airflow/.venv/lib/python3.10/site-packages/airflow/example_dags/subdags/subdag.py for tasks to queue
[2025-06-16T22:30:14.423-0300] {logging_mixin.py:154} INFO - [2025-06-16T22:30:14.422-0300] {dagbag.py:536} INFO - Filling up the DagBag from /mnt/c/Users/arcan/Documents/airflow/.venv/lib/python3.10/site-packages/airflow/example_dags/subdags/subdag.py
[2025-06-16T22:30:14.471-0300] {processor.py:841} WARNING - No viable dags retrieved from /mnt/c/Users/arcan/Documents/airflow/.venv/lib/python3.10/site-packages/airflow/example_dags/subdags/subdag.py
[2025-06-16T22:30:14.519-0300] {processor.py:179} INFO - Processing /mnt/c/Users/arcan/Documents/airflow/.venv/lib/python3.10/site-packages/airflow/example_dags/subdags/subdag.py took 0.108 seconds
[2025-06-16T22:30:50.619-0300] {processor.py:157} INFO - Started process (PID=62434) to work on /mnt/c/Users/arcan/Documents/airflow/.venv/lib/python3.10/site-packages/airflow/example_dags/subdags/subdag.py
[2025-06-16T22:30:50.622-0300] {processor.py:829} INFO - Processing file /mnt/c/Users/arcan/Documents/airflow/.venv/lib/python3.10/site-packages/airflow/example_dags/subdags/subdag.py for tasks to queue
[2025-06-16T22:30:50.626-0300] {logging_mixin.py:154} INFO - [2025-06-16T22:30:50.624-0300] {dagbag.py:536} INFO - Filling up the DagBag from /mnt/c/Users/arcan/Documents/airflow/.venv/lib/python3.10/site-packages/airflow/example_dags/subdags/subdag.py
[2025-06-16T22:30:50.689-0300] {processor.py:841} WARNING - No viable dags retrieved from /mnt/c/Users/arcan/Documents/airflow/.venv/lib/python3.10/site-packages/airflow/example_dags/subdags/subdag.py
[2025-06-16T22:30:50.740-0300] {processor.py:179} INFO - Processing /mnt/c/Users/arcan/Documents/airflow/.venv/lib/python3.10/site-packages/airflow/example_dags/subdags/subdag.py took 0.132 seconds
[2025-06-16T22:31:29.050-0300] {processor.py:157} INFO - Started process (PID=62541) to work on /mnt/c/Users/arcan/Documents/airflow/.venv/lib/python3.10/site-packages/airflow/example_dags/subdags/subdag.py
[2025-06-16T22:31:29.053-0300] {processor.py:829} INFO - Processing file /mnt/c/Users/arcan/Documents/airflow/.venv/lib/python3.10/site-packages/airflow/example_dags/subdags/subdag.py for tasks to queue
[2025-06-16T22:31:29.055-0300] {logging_mixin.py:154} INFO - [2025-06-16T22:31:29.054-0300] {dagbag.py:536} INFO - Filling up the DagBag from /mnt/c/Users/arcan/Documents/airflow/.venv/lib/python3.10/site-packages/airflow/example_dags/subdags/subdag.py
[2025-06-16T22:31:29.106-0300] {processor.py:841} WARNING - No viable dags retrieved from /mnt/c/Users/arcan/Documents/airflow/.venv/lib/python3.10/site-packages/airflow/example_dags/subdags/subdag.py
[2025-06-16T22:31:29.157-0300] {processor.py:179} INFO - Processing /mnt/c/Users/arcan/Documents/airflow/.venv/lib/python3.10/site-packages/airflow/example_dags/subdags/subdag.py took 0.113 seconds
[2025-06-16T22:32:24.556-0300] {processor.py:157} INFO - Started process (PID=62782) to work on /mnt/c/Users/arcan/Documents/airflow/.venv/lib/python3.10/site-packages/airflow/example_dags/subdags/subdag.py
[2025-06-16T22:32:24.559-0300] {processor.py:829} INFO - Processing file /mnt/c/Users/arcan/Documents/airflow/.venv/lib/python3.10/site-packages/airflow/example_dags/subdags/subdag.py for tasks to queue
[2025-06-16T22:32:24.560-0300] {logging_mixin.py:154} INFO - [2025-06-16T22:32:24.560-0300] {dagbag.py:536} INFO - Filling up the DagBag from /mnt/c/Users/arcan/Documents/airflow/.venv/lib/python3.10/site-packages/airflow/example_dags/subdags/subdag.py
[2025-06-16T22:32:24.600-0300] {processor.py:841} WARNING - No viable dags retrieved from /mnt/c/Users/arcan/Documents/airflow/.venv/lib/python3.10/site-packages/airflow/example_dags/subdags/subdag.py
[2025-06-16T22:32:24.641-0300] {processor.py:179} INFO - Processing /mnt/c/Users/arcan/Documents/airflow/.venv/lib/python3.10/site-packages/airflow/example_dags/subdags/subdag.py took 0.090 seconds
[2025-06-16T22:33:11.354-0300] {processor.py:157} INFO - Started process (PID=62912) to work on /mnt/c/Users/arcan/Documents/airflow/.venv/lib/python3.10/site-packages/airflow/example_dags/subdags/subdag.py
[2025-06-16T22:33:11.357-0300] {processor.py:829} INFO - Processing file /mnt/c/Users/arcan/Documents/airflow/.venv/lib/python3.10/site-packages/airflow/example_dags/subdags/subdag.py for tasks to queue
[2025-06-16T22:33:11.360-0300] {logging_mixin.py:154} INFO - [2025-06-16T22:33:11.359-0300] {dagbag.py:536} INFO - Filling up the DagBag from /mnt/c/Users/arcan/Documents/airflow/.venv/lib/python3.10/site-packages/airflow/example_dags/subdags/subdag.py
[2025-06-16T22:33:11.408-0300] {processor.py:841} WARNING - No viable dags retrieved from /mnt/c/Users/arcan/Documents/airflow/.venv/lib/python3.10/site-packages/airflow/example_dags/subdags/subdag.py
[2025-06-16T22:33:11.452-0300] {processor.py:179} INFO - Processing /mnt/c/Users/arcan/Documents/airflow/.venv/lib/python3.10/site-packages/airflow/example_dags/subdags/subdag.py took 0.107 seconds
[2025-06-17T20:50:12.948-0300] {processor.py:157} INFO - Started process (PID=63626) to work on /mnt/c/Users/arcan/Documents/airflow/.venv/lib/python3.10/site-packages/airflow/example_dags/subdags/subdag.py
[2025-06-17T20:50:12.971-0300] {processor.py:829} INFO - Processing file /mnt/c/Users/arcan/Documents/airflow/.venv/lib/python3.10/site-packages/airflow/example_dags/subdags/subdag.py for tasks to queue
[2025-06-17T20:50:12.974-0300] {logging_mixin.py:154} INFO - [2025-06-17T20:50:12.973-0300] {dagbag.py:536} INFO - Filling up the DagBag from /mnt/c/Users/arcan/Documents/airflow/.venv/lib/python3.10/site-packages/airflow/example_dags/subdags/subdag.py
[2025-06-17T20:50:13.016-0300] {processor.py:841} WARNING - No viable dags retrieved from /mnt/c/Users/arcan/Documents/airflow/.venv/lib/python3.10/site-packages/airflow/example_dags/subdags/subdag.py
[2025-06-17T20:50:13.064-0300] {processor.py:179} INFO - Processing /mnt/c/Users/arcan/Documents/airflow/.venv/lib/python3.10/site-packages/airflow/example_dags/subdags/subdag.py took 0.123 seconds
[2025-06-17T20:51:30.057-0300] {processor.py:157} INFO - Started process (PID=63715) to work on /mnt/c/Users/arcan/Documents/airflow/.venv/lib/python3.10/site-packages/airflow/example_dags/subdags/subdag.py
[2025-06-17T20:51:30.059-0300] {processor.py:829} INFO - Processing file /mnt/c/Users/arcan/Documents/airflow/.venv/lib/python3.10/site-packages/airflow/example_dags/subdags/subdag.py for tasks to queue
[2025-06-17T20:51:30.062-0300] {logging_mixin.py:154} INFO - [2025-06-17T20:51:30.061-0300] {dagbag.py:536} INFO - Filling up the DagBag from /mnt/c/Users/arcan/Documents/airflow/.venv/lib/python3.10/site-packages/airflow/example_dags/subdags/subdag.py
[2025-06-17T20:51:30.105-0300] {processor.py:841} WARNING - No viable dags retrieved from /mnt/c/Users/arcan/Documents/airflow/.venv/lib/python3.10/site-packages/airflow/example_dags/subdags/subdag.py
[2025-06-17T20:51:30.146-0300] {processor.py:179} INFO - Processing /mnt/c/Users/arcan/Documents/airflow/.venv/lib/python3.10/site-packages/airflow/example_dags/subdags/subdag.py took 0.094 seconds
[2025-06-17T20:52:12.841-0300] {processor.py:157} INFO - Started process (PID=63841) to work on /mnt/c/Users/arcan/Documents/airflow/.venv/lib/python3.10/site-packages/airflow/example_dags/subdags/subdag.py
[2025-06-17T20:52:12.843-0300] {processor.py:829} INFO - Processing file /mnt/c/Users/arcan/Documents/airflow/.venv/lib/python3.10/site-packages/airflow/example_dags/subdags/subdag.py for tasks to queue
[2025-06-17T20:52:12.846-0300] {logging_mixin.py:154} INFO - [2025-06-17T20:52:12.845-0300] {dagbag.py:536} INFO - Filling up the DagBag from /mnt/c/Users/arcan/Documents/airflow/.venv/lib/python3.10/site-packages/airflow/example_dags/subdags/subdag.py
[2025-06-17T20:52:12.880-0300] {processor.py:841} WARNING - No viable dags retrieved from /mnt/c/Users/arcan/Documents/airflow/.venv/lib/python3.10/site-packages/airflow/example_dags/subdags/subdag.py
[2025-06-17T20:52:12.915-0300] {processor.py:179} INFO - Processing /mnt/c/Users/arcan/Documents/airflow/.venv/lib/python3.10/site-packages/airflow/example_dags/subdags/subdag.py took 0.081 seconds
[2025-06-17T20:52:53.133-0300] {processor.py:157} INFO - Started process (PID=63951) to work on /mnt/c/Users/arcan/Documents/airflow/.venv/lib/python3.10/site-packages/airflow/example_dags/subdags/subdag.py
[2025-06-17T20:52:53.137-0300] {processor.py:829} INFO - Processing file /mnt/c/Users/arcan/Documents/airflow/.venv/lib/python3.10/site-packages/airflow/example_dags/subdags/subdag.py for tasks to queue
[2025-06-17T20:52:53.140-0300] {logging_mixin.py:154} INFO - [2025-06-17T20:52:53.139-0300] {dagbag.py:536} INFO - Filling up the DagBag from /mnt/c/Users/arcan/Documents/airflow/.venv/lib/python3.10/site-packages/airflow/example_dags/subdags/subdag.py
[2025-06-17T20:52:53.187-0300] {processor.py:841} WARNING - No viable dags retrieved from /mnt/c/Users/arcan/Documents/airflow/.venv/lib/python3.10/site-packages/airflow/example_dags/subdags/subdag.py
[2025-06-17T20:52:53.238-0300] {processor.py:179} INFO - Processing /mnt/c/Users/arcan/Documents/airflow/.venv/lib/python3.10/site-packages/airflow/example_dags/subdags/subdag.py took 0.115 seconds
[2025-06-17T20:53:33.917-0300] {processor.py:157} INFO - Started process (PID=64184) to work on /mnt/c/Users/arcan/Documents/airflow/.venv/lib/python3.10/site-packages/airflow/example_dags/subdags/subdag.py
[2025-06-17T20:53:33.919-0300] {processor.py:829} INFO - Processing file /mnt/c/Users/arcan/Documents/airflow/.venv/lib/python3.10/site-packages/airflow/example_dags/subdags/subdag.py for tasks to queue
[2025-06-17T20:53:33.921-0300] {logging_mixin.py:154} INFO - [2025-06-17T20:53:33.921-0300] {dagbag.py:536} INFO - Filling up the DagBag from /mnt/c/Users/arcan/Documents/airflow/.venv/lib/python3.10/site-packages/airflow/example_dags/subdags/subdag.py
[2025-06-17T20:53:33.957-0300] {processor.py:841} WARNING - No viable dags retrieved from /mnt/c/Users/arcan/Documents/airflow/.venv/lib/python3.10/site-packages/airflow/example_dags/subdags/subdag.py
[2025-06-17T20:53:33.992-0300] {processor.py:179} INFO - Processing /mnt/c/Users/arcan/Documents/airflow/.venv/lib/python3.10/site-packages/airflow/example_dags/subdags/subdag.py took 0.080 seconds
[2025-06-17T20:54:11.785-0300] {processor.py:157} INFO - Started process (PID=64297) to work on /mnt/c/Users/arcan/Documents/airflow/.venv/lib/python3.10/site-packages/airflow/example_dags/subdags/subdag.py
[2025-06-17T20:54:11.788-0300] {processor.py:829} INFO - Processing file /mnt/c/Users/arcan/Documents/airflow/.venv/lib/python3.10/site-packages/airflow/example_dags/subdags/subdag.py for tasks to queue
[2025-06-17T20:54:11.790-0300] {logging_mixin.py:154} INFO - [2025-06-17T20:54:11.789-0300] {dagbag.py:536} INFO - Filling up the DagBag from /mnt/c/Users/arcan/Documents/airflow/.venv/lib/python3.10/site-packages/airflow/example_dags/subdags/subdag.py
[2025-06-17T20:54:11.821-0300] {processor.py:841} WARNING - No viable dags retrieved from /mnt/c/Users/arcan/Documents/airflow/.venv/lib/python3.10/site-packages/airflow/example_dags/subdags/subdag.py
[2025-06-17T20:54:11.858-0300] {processor.py:179} INFO - Processing /mnt/c/Users/arcan/Documents/airflow/.venv/lib/python3.10/site-packages/airflow/example_dags/subdags/subdag.py took 0.079 seconds
[2025-06-17T20:54:45.581-0300] {processor.py:157} INFO - Started process (PID=64394) to work on /mnt/c/Users/arcan/Documents/airflow/.venv/lib/python3.10/site-packages/airflow/example_dags/subdags/subdag.py
[2025-06-17T20:54:45.583-0300] {processor.py:829} INFO - Processing file /mnt/c/Users/arcan/Documents/airflow/.venv/lib/python3.10/site-packages/airflow/example_dags/subdags/subdag.py for tasks to queue
[2025-06-17T20:54:45.585-0300] {logging_mixin.py:154} INFO - [2025-06-17T20:54:45.584-0300] {dagbag.py:536} INFO - Filling up the DagBag from /mnt/c/Users/arcan/Documents/airflow/.venv/lib/python3.10/site-packages/airflow/example_dags/subdags/subdag.py
[2025-06-17T20:54:45.613-0300] {processor.py:841} WARNING - No viable dags retrieved from /mnt/c/Users/arcan/Documents/airflow/.venv/lib/python3.10/site-packages/airflow/example_dags/subdags/subdag.py
[2025-06-17T20:54:45.643-0300] {processor.py:179} INFO - Processing /mnt/c/Users/arcan/Documents/airflow/.venv/lib/python3.10/site-packages/airflow/example_dags/subdags/subdag.py took 0.067 seconds
[2025-06-17T20:55:20.291-0300] {processor.py:157} INFO - Started process (PID=64498) to work on /mnt/c/Users/arcan/Documents/airflow/.venv/lib/python3.10/site-packages/airflow/example_dags/subdags/subdag.py
[2025-06-17T20:55:20.292-0300] {processor.py:829} INFO - Processing file /mnt/c/Users/arcan/Documents/airflow/.venv/lib/python3.10/site-packages/airflow/example_dags/subdags/subdag.py for tasks to queue
[2025-06-17T20:55:20.294-0300] {logging_mixin.py:154} INFO - [2025-06-17T20:55:20.294-0300] {dagbag.py:536} INFO - Filling up the DagBag from /mnt/c/Users/arcan/Documents/airflow/.venv/lib/python3.10/site-packages/airflow/example_dags/subdags/subdag.py
[2025-06-17T20:55:20.324-0300] {processor.py:841} WARNING - No viable dags retrieved from /mnt/c/Users/arcan/Documents/airflow/.venv/lib/python3.10/site-packages/airflow/example_dags/subdags/subdag.py
[2025-06-17T20:55:20.362-0300] {processor.py:179} INFO - Processing /mnt/c/Users/arcan/Documents/airflow/.venv/lib/python3.10/site-packages/airflow/example_dags/subdags/subdag.py took 0.076 seconds
[2025-06-17T20:55:57.111-0300] {processor.py:157} INFO - Started process (PID=64602) to work on /mnt/c/Users/arcan/Documents/airflow/.venv/lib/python3.10/site-packages/airflow/example_dags/subdags/subdag.py
[2025-06-17T20:55:57.114-0300] {processor.py:829} INFO - Processing file /mnt/c/Users/arcan/Documents/airflow/.venv/lib/python3.10/site-packages/airflow/example_dags/subdags/subdag.py for tasks to queue
[2025-06-17T20:55:57.115-0300] {logging_mixin.py:154} INFO - [2025-06-17T20:55:57.115-0300] {dagbag.py:536} INFO - Filling up the DagBag from /mnt/c/Users/arcan/Documents/airflow/.venv/lib/python3.10/site-packages/airflow/example_dags/subdags/subdag.py
[2025-06-17T20:55:57.146-0300] {processor.py:841} WARNING - No viable dags retrieved from /mnt/c/Users/arcan/Documents/airflow/.venv/lib/python3.10/site-packages/airflow/example_dags/subdags/subdag.py
[2025-06-17T20:55:57.184-0300] {processor.py:179} INFO - Processing /mnt/c/Users/arcan/Documents/airflow/.venv/lib/python3.10/site-packages/airflow/example_dags/subdags/subdag.py took 0.078 seconds
