[2025-06-21T15:59:29.252-0300] {logging_mixin.py:154} INFO - Changing /mnt/c/Users/arcan/Documents/airflow/logs/dag_id=PIPELINE_COINGECKO/run_id=manual__2025-06-21T18:59:14.058955+00:00/task_id=start permission to 509
[2025-06-21T15:59:31.667-0300] {logging_mixin.py:154} INFO - Changing /mnt/c/Users/arcan/Documents/airflow/logs/dag_id=PIPELINE_COINGECKO/run_id=manual__2025-06-21T18:59:14.058955+00:00/task_id=start permission to 509
[2025-06-21T15:59:31.886-0300] {taskinstance.py:1159} INFO - Dependencies all met for dep_context=non-requeueable deps ti=<TaskInstance: PIPELINE_COINGECKO.start manual__2025-06-21T18:59:14.058955+00:00 [queued]>
[2025-06-21T15:59:31.907-0300] {taskinstance.py:1159} INFO - Dependencies all met for dep_context=requeueable deps ti=<TaskInstance: PIPELINE_COINGECKO.start manual__2025-06-21T18:59:14.058955+00:00 [queued]>
[2025-06-21T15:59:31.908-0300] {taskinstance.py:1361} INFO - Starting attempt 1 of 2
[2025-06-21T15:59:31.958-0300] {taskinstance.py:1382} INFO - Executing <Task(BashOperator): start> on 2025-06-21 18:59:14.058955+00:00
[2025-06-21T15:59:31.962-0300] {standard_task_runner.py:57} INFO - Started process 79248 to run task
[2025-06-21T15:59:31.968-0300] {standard_task_runner.py:84} INFO - Running: ['airflow', 'tasks', 'run', 'PIPELINE_COINGECKO', 'start', 'manual__2025-06-21T18:59:14.058955+00:00', '--job-id', '45', '--raw', '--subdir', 'DAGS_FOLDER/pipeline_coingecko.py', '--cfg-path', '/tmp/tmpy0gtw7te']
[2025-06-21T15:59:31.970-0300] {standard_task_runner.py:85} INFO - Job 45: Subtask start
[2025-06-21T15:59:32.091-0300] {logging_mixin.py:154} INFO - Changing /mnt/c/Users/arcan/Documents/airflow/logs/dag_id=PIPELINE_COINGECKO/run_id=manual__2025-06-21T18:59:14.058955+00:00/task_id=start permission to 509
[2025-06-21T15:59:32.107-0300] {task_command.py:416} INFO - Running <TaskInstance: PIPELINE_COINGECKO.start manual__2025-06-21T18:59:14.058955+00:00 [running]> on host YanArcanjo.localdomain
[2025-06-21T15:59:32.288-0300] {taskinstance.py:1662} INFO - Exporting env vars: AIRFLOW_CTX_DAG_OWNER='yan_arcanjo' AIRFLOW_CTX_DAG_ID='PIPELINE_COINGECKO' AIRFLOW_CTX_TASK_ID='start' AIRFLOW_CTX_EXECUTION_DATE='2025-06-21T18:59:14.058955+00:00' AIRFLOW_CTX_TRY_NUMBER='1' AIRFLOW_CTX_DAG_RUN_ID='manual__2025-06-21T18:59:14.058955+00:00'
[2025-06-21T15:59:32.293-0300] {subprocess.py:63} INFO - Tmp dir root location: /tmp
[2025-06-21T15:59:32.295-0300] {subprocess.py:75} INFO - Running command: ['/usr/bin/bash', '-c', 'echo "Iniciando pipeline de dados..."']
[2025-06-21T15:59:32.305-0300] {subprocess.py:86} INFO - Output:
[2025-06-21T15:59:32.309-0300] {subprocess.py:93} INFO - Iniciando pipeline de dados...
[2025-06-21T15:59:32.310-0300] {subprocess.py:97} INFO - Command exited with return code 0
[2025-06-21T15:59:32.386-0300] {taskinstance.py:1400} INFO - Marking task as SUCCESS. dag_id=PIPELINE_COINGECKO, task_id=start, execution_date=20250621T185914, start_date=20250621T185931, end_date=20250621T185932
[2025-06-21T15:59:32.461-0300] {local_task_job_runner.py:228} INFO - Task exited with return code 0
[2025-06-21T15:59:32.526-0300] {taskinstance.py:2778} INFO - 1 downstream tasks scheduled from follow-on schedule check
