[2025-06-12 11:08:07,145] {processor.py:153} INFO - Started process (PID=1987) to work on /usr/local/lib/python3.10/dist-packages/airflow/example_dags/example_trigger_target_dag.py
[2025-06-12 11:08:07,146] {processor.py:641} INFO - Processing file /usr/local/lib/python3.10/dist-packages/airflow/example_dags/example_trigger_target_dag.py for tasks to queue
[2025-06-12 11:08:07,148] {logging_mixin.py:115} INFO - [2025-06-12 11:08:07,148] {dagbag.py:507} INFO - Filling up the DagBag from /usr/local/lib/python3.10/dist-packages/airflow/example_dags/example_trigger_target_dag.py
[2025-06-12 11:08:07,187] {processor.py:651} INFO - DAG(s) dict_keys(['example_trigger_target_dag']) retrieved from /usr/local/lib/python3.10/dist-packages/airflow/example_dags/example_trigger_target_dag.py
[2025-06-12 11:08:07,463] {logging_mixin.py:115} INFO - [2025-06-12 11:08:07,462] {manager.py:508} INFO - Created Permission View: can delete on DAG:example_trigger_target_dag
[2025-06-12 11:08:07,527] {logging_mixin.py:115} INFO - [2025-06-12 11:08:07,527] {manager.py:508} INFO - Created Permission View: can edit on DAG:example_trigger_target_dag
[2025-06-12 11:08:07,584] {logging_mixin.py:115} INFO - [2025-06-12 11:08:07,584] {manager.py:508} INFO - Created Permission View: can read on DAG:example_trigger_target_dag
[2025-06-12 11:08:07,585] {logging_mixin.py:115} INFO - [2025-06-12 11:08:07,585] {dag.py:2379} INFO - Sync 1 DAGs
[2025-06-12 11:08:07,610] {logging_mixin.py:115} INFO - [2025-06-12 11:08:07,610] {dag.py:2398} INFO - Creating ORM DAG for example_trigger_target_dag
[2025-06-12 11:08:07,634] {logging_mixin.py:115} INFO - [2025-06-12 11:08:07,634] {dag.py:2927} INFO - Setting next_dagrun for example_trigger_target_dag to None, run_after=None
[2025-06-12 11:08:07,722] {processor.py:161} INFO - Processing /usr/local/lib/python3.10/dist-packages/airflow/example_dags/example_trigger_target_dag.py took 0.584 seconds
[2025-06-12 11:09:00,564] {processor.py:153} INFO - Started process (PID=2025) to work on /usr/local/lib/python3.10/dist-packages/airflow/example_dags/example_trigger_target_dag.py
[2025-06-12 11:09:00,566] {processor.py:641} INFO - Processing file /usr/local/lib/python3.10/dist-packages/airflow/example_dags/example_trigger_target_dag.py for tasks to queue
[2025-06-12 11:09:00,567] {logging_mixin.py:115} INFO - [2025-06-12 11:09:00,567] {dagbag.py:507} INFO - Filling up the DagBag from /usr/local/lib/python3.10/dist-packages/airflow/example_dags/example_trigger_target_dag.py
[2025-06-12 11:09:00,594] {processor.py:651} INFO - DAG(s) dict_keys(['example_trigger_target_dag']) retrieved from /usr/local/lib/python3.10/dist-packages/airflow/example_dags/example_trigger_target_dag.py
[2025-06-12 11:09:00,763] {logging_mixin.py:115} INFO - [2025-06-12 11:09:00,763] {dag.py:2379} INFO - Sync 1 DAGs
[2025-06-12 11:09:00,808] {logging_mixin.py:115} INFO - [2025-06-12 11:09:00,807] {dag.py:2927} INFO - Setting next_dagrun for example_trigger_target_dag to None, run_after=None
[2025-06-12 11:09:00,888] {processor.py:161} INFO - Processing /usr/local/lib/python3.10/dist-packages/airflow/example_dags/example_trigger_target_dag.py took 0.329 seconds
[2025-06-12 13:37:31,746] {processor.py:153} INFO - Started process (PID=19829) to work on /usr/local/lib/python3.10/dist-packages/airflow/example_dags/example_trigger_target_dag.py
[2025-06-12 13:37:31,748] {processor.py:641} INFO - Processing file /usr/local/lib/python3.10/dist-packages/airflow/example_dags/example_trigger_target_dag.py for tasks to queue
[2025-06-12 13:37:31,750] {logging_mixin.py:115} INFO - [2025-06-12 13:37:31,750] {dagbag.py:507} INFO - Filling up the DagBag from /usr/local/lib/python3.10/dist-packages/airflow/example_dags/example_trigger_target_dag.py
[2025-06-12 13:37:31,783] {processor.py:651} INFO - DAG(s) dict_keys(['example_trigger_target_dag']) retrieved from /usr/local/lib/python3.10/dist-packages/airflow/example_dags/example_trigger_target_dag.py
[2025-06-12 13:37:31,921] {logging_mixin.py:115} INFO - [2025-06-12 13:37:31,921] {dag.py:2379} INFO - Sync 1 DAGs
[2025-06-12 13:37:31,965] {logging_mixin.py:115} INFO - [2025-06-12 13:37:31,965] {dag.py:2927} INFO - Setting next_dagrun for example_trigger_target_dag to None, run_after=None
[2025-06-12 13:37:32,083] {processor.py:161} INFO - Processing /usr/local/lib/python3.10/dist-packages/airflow/example_dags/example_trigger_target_dag.py took 0.344 seconds
[2025-06-12 13:38:23,172] {processor.py:153} INFO - Started process (PID=19965) to work on /usr/local/lib/python3.10/dist-packages/airflow/example_dags/example_trigger_target_dag.py
[2025-06-12 13:38:23,174] {processor.py:641} INFO - Processing file /usr/local/lib/python3.10/dist-packages/airflow/example_dags/example_trigger_target_dag.py for tasks to queue
[2025-06-12 13:38:23,175] {logging_mixin.py:115} INFO - [2025-06-12 13:38:23,175] {dagbag.py:507} INFO - Filling up the DagBag from /usr/local/lib/python3.10/dist-packages/airflow/example_dags/example_trigger_target_dag.py
[2025-06-12 13:38:23,205] {processor.py:651} INFO - DAG(s) dict_keys(['example_trigger_target_dag']) retrieved from /usr/local/lib/python3.10/dist-packages/airflow/example_dags/example_trigger_target_dag.py
[2025-06-12 13:38:23,267] {logging_mixin.py:115} INFO - [2025-06-12 13:38:23,267] {dag.py:2379} INFO - Sync 1 DAGs
[2025-06-12 13:38:23,317] {logging_mixin.py:115} INFO - [2025-06-12 13:38:23,317] {dag.py:2927} INFO - Setting next_dagrun for example_trigger_target_dag to None, run_after=None
[2025-06-12 13:38:23,410] {processor.py:161} INFO - Processing /usr/local/lib/python3.10/dist-packages/airflow/example_dags/example_trigger_target_dag.py took 0.244 seconds
[2025-06-12 13:38:59,795] {processor.py:153} INFO - Started process (PID=20060) to work on /usr/local/lib/python3.10/dist-packages/airflow/example_dags/example_trigger_target_dag.py
[2025-06-12 13:38:59,797] {processor.py:641} INFO - Processing file /usr/local/lib/python3.10/dist-packages/airflow/example_dags/example_trigger_target_dag.py for tasks to queue
[2025-06-12 13:38:59,800] {logging_mixin.py:115} INFO - [2025-06-12 13:38:59,799] {dagbag.py:507} INFO - Filling up the DagBag from /usr/local/lib/python3.10/dist-packages/airflow/example_dags/example_trigger_target_dag.py
[2025-06-12 13:38:59,836] {processor.py:651} INFO - DAG(s) dict_keys(['example_trigger_target_dag']) retrieved from /usr/local/lib/python3.10/dist-packages/airflow/example_dags/example_trigger_target_dag.py
[2025-06-12 13:38:59,902] {logging_mixin.py:115} INFO - [2025-06-12 13:38:59,902] {dag.py:2379} INFO - Sync 1 DAGs
[2025-06-12 13:38:59,955] {logging_mixin.py:115} INFO - [2025-06-12 13:38:59,955] {dag.py:2927} INFO - Setting next_dagrun for example_trigger_target_dag to None, run_after=None
[2025-06-12 13:39:00,071] {processor.py:161} INFO - Processing /usr/local/lib/python3.10/dist-packages/airflow/example_dags/example_trigger_target_dag.py took 0.282 seconds
[2025-06-12 13:39:47,365] {processor.py:153} INFO - Started process (PID=20183) to work on /usr/local/lib/python3.10/dist-packages/airflow/example_dags/example_trigger_target_dag.py
[2025-06-12 13:39:47,367] {processor.py:641} INFO - Processing file /usr/local/lib/python3.10/dist-packages/airflow/example_dags/example_trigger_target_dag.py for tasks to queue
[2025-06-12 13:39:47,369] {logging_mixin.py:115} INFO - [2025-06-12 13:39:47,369] {dagbag.py:507} INFO - Filling up the DagBag from /usr/local/lib/python3.10/dist-packages/airflow/example_dags/example_trigger_target_dag.py
[2025-06-12 13:39:47,405] {processor.py:651} INFO - DAG(s) dict_keys(['example_trigger_target_dag']) retrieved from /usr/local/lib/python3.10/dist-packages/airflow/example_dags/example_trigger_target_dag.py
[2025-06-12 13:39:47,466] {logging_mixin.py:115} INFO - [2025-06-12 13:39:47,466] {dag.py:2379} INFO - Sync 1 DAGs
[2025-06-12 13:39:47,527] {logging_mixin.py:115} INFO - [2025-06-12 13:39:47,527] {dag.py:2927} INFO - Setting next_dagrun for example_trigger_target_dag to None, run_after=None
[2025-06-12 13:39:47,625] {processor.py:161} INFO - Processing /usr/local/lib/python3.10/dist-packages/airflow/example_dags/example_trigger_target_dag.py took 0.265 seconds
[2025-06-12 13:41:24,010] {processor.py:153} INFO - Started process (PID=20400) to work on /usr/local/lib/python3.10/dist-packages/airflow/example_dags/example_trigger_target_dag.py
[2025-06-12 13:41:24,012] {processor.py:641} INFO - Processing file /usr/local/lib/python3.10/dist-packages/airflow/example_dags/example_trigger_target_dag.py for tasks to queue
[2025-06-12 13:41:24,014] {logging_mixin.py:115} INFO - [2025-06-12 13:41:24,014] {dagbag.py:507} INFO - Filling up the DagBag from /usr/local/lib/python3.10/dist-packages/airflow/example_dags/example_trigger_target_dag.py
[2025-06-12 13:41:24,054] {processor.py:651} INFO - DAG(s) dict_keys(['example_trigger_target_dag']) retrieved from /usr/local/lib/python3.10/dist-packages/airflow/example_dags/example_trigger_target_dag.py
[2025-06-12 13:41:24,121] {logging_mixin.py:115} INFO - [2025-06-12 13:41:24,121] {dag.py:2379} INFO - Sync 1 DAGs
[2025-06-12 13:41:24,175] {logging_mixin.py:115} INFO - [2025-06-12 13:41:24,174] {dag.py:2927} INFO - Setting next_dagrun for example_trigger_target_dag to None, run_after=None
[2025-06-12 13:41:24,276] {processor.py:161} INFO - Processing /usr/local/lib/python3.10/dist-packages/airflow/example_dags/example_trigger_target_dag.py took 0.273 seconds
[2025-06-12 13:42:10,751] {processor.py:153} INFO - Started process (PID=20520) to work on /usr/local/lib/python3.10/dist-packages/airflow/example_dags/example_trigger_target_dag.py
[2025-06-12 13:42:10,754] {processor.py:641} INFO - Processing file /usr/local/lib/python3.10/dist-packages/airflow/example_dags/example_trigger_target_dag.py for tasks to queue
[2025-06-12 13:42:10,757] {logging_mixin.py:115} INFO - [2025-06-12 13:42:10,756] {dagbag.py:507} INFO - Filling up the DagBag from /usr/local/lib/python3.10/dist-packages/airflow/example_dags/example_trigger_target_dag.py
[2025-06-12 13:42:10,822] {processor.py:651} INFO - DAG(s) dict_keys(['example_trigger_target_dag']) retrieved from /usr/local/lib/python3.10/dist-packages/airflow/example_dags/example_trigger_target_dag.py
[2025-06-12 13:42:10,896] {logging_mixin.py:115} INFO - [2025-06-12 13:42:10,896] {dag.py:2379} INFO - Sync 1 DAGs
[2025-06-12 13:42:10,949] {logging_mixin.py:115} INFO - [2025-06-12 13:42:10,949] {dag.py:2927} INFO - Setting next_dagrun for example_trigger_target_dag to None, run_after=None
[2025-06-12 13:42:11,051] {processor.py:161} INFO - Processing /usr/local/lib/python3.10/dist-packages/airflow/example_dags/example_trigger_target_dag.py took 0.313 seconds
[2025-06-12 13:43:30,022] {processor.py:153} INFO - Started process (PID=20835) to work on /usr/local/lib/python3.10/dist-packages/airflow/example_dags/example_trigger_target_dag.py
[2025-06-12 13:43:30,025] {processor.py:641} INFO - Processing file /usr/local/lib/python3.10/dist-packages/airflow/example_dags/example_trigger_target_dag.py for tasks to queue
[2025-06-12 13:43:30,028] {logging_mixin.py:115} INFO - [2025-06-12 13:43:30,027] {dagbag.py:507} INFO - Filling up the DagBag from /usr/local/lib/python3.10/dist-packages/airflow/example_dags/example_trigger_target_dag.py
[2025-06-12 13:43:30,080] {processor.py:651} INFO - DAG(s) dict_keys(['example_trigger_target_dag']) retrieved from /usr/local/lib/python3.10/dist-packages/airflow/example_dags/example_trigger_target_dag.py
[2025-06-12 13:43:30,164] {logging_mixin.py:115} INFO - [2025-06-12 13:43:30,164] {dag.py:2379} INFO - Sync 1 DAGs
[2025-06-12 13:43:30,233] {logging_mixin.py:115} INFO - [2025-06-12 13:43:30,233] {dag.py:2927} INFO - Setting next_dagrun for example_trigger_target_dag to None, run_after=None
[2025-06-12 13:43:30,317] {processor.py:161} INFO - Processing /usr/local/lib/python3.10/dist-packages/airflow/example_dags/example_trigger_target_dag.py took 0.308 seconds
