[2025-06-12 11:08:36,909] {processor.py:153} INFO - Started process (PID=2009) to work on /usr/local/lib/python3.10/dist-packages/airflow/example_dags/example_external_task_marker_dag.py
[2025-06-12 11:08:36,911] {processor.py:641} INFO - Processing file /usr/local/lib/python3.10/dist-packages/airflow/example_dags/example_external_task_marker_dag.py for tasks to queue
[2025-06-12 11:08:36,914] {logging_mixin.py:115} INFO - [2025-06-12 11:08:36,913] {dagbag.py:507} INFO - Filling up the DagBag from /usr/local/lib/python3.10/dist-packages/airflow/example_dags/example_external_task_marker_dag.py
[2025-06-12 11:08:36,941] {processor.py:651} INFO - DAG(s) dict_keys(['example_external_task_marker_parent', 'example_external_task_marker_child']) retrieved from /usr/local/lib/python3.10/dist-packages/airflow/example_dags/example_external_task_marker_dag.py
[2025-06-12 11:08:37,239] {logging_mixin.py:115} INFO - [2025-06-12 11:08:37,239] {manager.py:508} INFO - Created Permission View: can delete on DAG:example_external_task_marker_parent
[2025-06-12 11:08:37,323] {logging_mixin.py:115} INFO - [2025-06-12 11:08:37,322] {manager.py:508} INFO - Created Permission View: can edit on DAG:example_external_task_marker_parent
[2025-06-12 11:08:37,394] {logging_mixin.py:115} INFO - [2025-06-12 11:08:37,394] {manager.py:508} INFO - Created Permission View: can read on DAG:example_external_task_marker_parent
[2025-06-12 11:08:37,555] {logging_mixin.py:115} INFO - [2025-06-12 11:08:37,554] {manager.py:508} INFO - Created Permission View: can delete on DAG:example_external_task_marker_child
[2025-06-12 11:08:37,617] {logging_mixin.py:115} INFO - [2025-06-12 11:08:37,617] {manager.py:508} INFO - Created Permission View: can edit on DAG:example_external_task_marker_child
[2025-06-12 11:08:37,678] {logging_mixin.py:115} INFO - [2025-06-12 11:08:37,677] {manager.py:508} INFO - Created Permission View: can read on DAG:example_external_task_marker_child
[2025-06-12 11:08:37,679] {logging_mixin.py:115} INFO - [2025-06-12 11:08:37,679] {dag.py:2379} INFO - Sync 2 DAGs
[2025-06-12 11:08:37,706] {logging_mixin.py:115} INFO - [2025-06-12 11:08:37,705] {dag.py:2398} INFO - Creating ORM DAG for example_external_task_marker_child
[2025-06-12 11:08:37,707] {logging_mixin.py:115} INFO - [2025-06-12 11:08:37,707] {dag.py:2398} INFO - Creating ORM DAG for example_external_task_marker_parent
[2025-06-12 11:08:37,728] {logging_mixin.py:115} INFO - [2025-06-12 11:08:37,728] {dag.py:2927} INFO - Setting next_dagrun for example_external_task_marker_child to None, run_after=None
[2025-06-12 11:08:37,729] {logging_mixin.py:115} INFO - [2025-06-12 11:08:37,729] {dag.py:2927} INFO - Setting next_dagrun for example_external_task_marker_parent to None, run_after=None
[2025-06-12 11:08:37,809] {processor.py:161} INFO - Processing /usr/local/lib/python3.10/dist-packages/airflow/example_dags/example_external_task_marker_dag.py took 0.905 seconds
[2025-06-12 11:09:23,739] {processor.py:153} INFO - Started process (PID=2043) to work on /usr/local/lib/python3.10/dist-packages/airflow/example_dags/example_external_task_marker_dag.py
[2025-06-12 11:09:23,741] {processor.py:641} INFO - Processing file /usr/local/lib/python3.10/dist-packages/airflow/example_dags/example_external_task_marker_dag.py for tasks to queue
[2025-06-12 11:09:23,742] {logging_mixin.py:115} INFO - [2025-06-12 11:09:23,742] {dagbag.py:507} INFO - Filling up the DagBag from /usr/local/lib/python3.10/dist-packages/airflow/example_dags/example_external_task_marker_dag.py
[2025-06-12 11:09:23,750] {processor.py:651} INFO - DAG(s) dict_keys(['example_external_task_marker_parent', 'example_external_task_marker_child']) retrieved from /usr/local/lib/python3.10/dist-packages/airflow/example_dags/example_external_task_marker_dag.py
[2025-06-12 11:09:23,819] {logging_mixin.py:115} INFO - [2025-06-12 11:09:23,819] {dag.py:2379} INFO - Sync 2 DAGs
[2025-06-12 11:09:23,853] {logging_mixin.py:115} INFO - [2025-06-12 11:09:23,853] {dag.py:2927} INFO - Setting next_dagrun for example_external_task_marker_child to None, run_after=None
[2025-06-12 11:09:23,854] {logging_mixin.py:115} INFO - [2025-06-12 11:09:23,854] {dag.py:2927} INFO - Setting next_dagrun for example_external_task_marker_parent to None, run_after=None
[2025-06-12 11:09:23,919] {processor.py:161} INFO - Processing /usr/local/lib/python3.10/dist-packages/airflow/example_dags/example_external_task_marker_dag.py took 0.183 seconds
[2025-06-12 13:37:58,140] {processor.py:153} INFO - Started process (PID=19895) to work on /usr/local/lib/python3.10/dist-packages/airflow/example_dags/example_external_task_marker_dag.py
[2025-06-12 13:37:58,143] {processor.py:641} INFO - Processing file /usr/local/lib/python3.10/dist-packages/airflow/example_dags/example_external_task_marker_dag.py for tasks to queue
[2025-06-12 13:37:58,146] {logging_mixin.py:115} INFO - [2025-06-12 13:37:58,145] {dagbag.py:507} INFO - Filling up the DagBag from /usr/local/lib/python3.10/dist-packages/airflow/example_dags/example_external_task_marker_dag.py
[2025-06-12 13:37:58,156] {processor.py:651} INFO - DAG(s) dict_keys(['example_external_task_marker_parent', 'example_external_task_marker_child']) retrieved from /usr/local/lib/python3.10/dist-packages/airflow/example_dags/example_external_task_marker_dag.py
[2025-06-12 13:37:58,396] {logging_mixin.py:115} INFO - [2025-06-12 13:37:58,395] {dag.py:2379} INFO - Sync 2 DAGs
[2025-06-12 13:37:58,451] {logging_mixin.py:115} INFO - [2025-06-12 13:37:58,450] {dag.py:2927} INFO - Setting next_dagrun for example_external_task_marker_child to None, run_after=None
[2025-06-12 13:37:58,453] {logging_mixin.py:115} INFO - [2025-06-12 13:37:58,452] {dag.py:2927} INFO - Setting next_dagrun for example_external_task_marker_parent to None, run_after=None
[2025-06-12 13:37:58,628] {processor.py:161} INFO - Processing /usr/local/lib/python3.10/dist-packages/airflow/example_dags/example_external_task_marker_dag.py took 0.497 seconds
[2025-06-12 13:39:24,403] {processor.py:153} INFO - Started process (PID=20122) to work on /usr/local/lib/python3.10/dist-packages/airflow/example_dags/example_external_task_marker_dag.py
[2025-06-12 13:39:24,405] {processor.py:641} INFO - Processing file /usr/local/lib/python3.10/dist-packages/airflow/example_dags/example_external_task_marker_dag.py for tasks to queue
[2025-06-12 13:39:24,407] {logging_mixin.py:115} INFO - [2025-06-12 13:39:24,407] {dagbag.py:507} INFO - Filling up the DagBag from /usr/local/lib/python3.10/dist-packages/airflow/example_dags/example_external_task_marker_dag.py
[2025-06-12 13:39:24,419] {processor.py:651} INFO - DAG(s) dict_keys(['example_external_task_marker_parent', 'example_external_task_marker_child']) retrieved from /usr/local/lib/python3.10/dist-packages/airflow/example_dags/example_external_task_marker_dag.py
[2025-06-12 13:39:24,563] {logging_mixin.py:115} INFO - [2025-06-12 13:39:24,563] {dag.py:2379} INFO - Sync 2 DAGs
[2025-06-12 13:39:24,625] {logging_mixin.py:115} INFO - [2025-06-12 13:39:24,625] {dag.py:2927} INFO - Setting next_dagrun for example_external_task_marker_child to None, run_after=None
[2025-06-12 13:39:24,627] {logging_mixin.py:115} INFO - [2025-06-12 13:39:24,627] {dag.py:2927} INFO - Setting next_dagrun for example_external_task_marker_parent to None, run_after=None
[2025-06-12 13:39:24,731] {processor.py:161} INFO - Processing /usr/local/lib/python3.10/dist-packages/airflow/example_dags/example_external_task_marker_dag.py took 0.337 seconds
[2025-06-12 13:40:12,736] {processor.py:153} INFO - Started process (PID=20243) to work on /usr/local/lib/python3.10/dist-packages/airflow/example_dags/example_external_task_marker_dag.py
[2025-06-12 13:40:12,737] {processor.py:641} INFO - Processing file /usr/local/lib/python3.10/dist-packages/airflow/example_dags/example_external_task_marker_dag.py for tasks to queue
[2025-06-12 13:40:12,739] {logging_mixin.py:115} INFO - [2025-06-12 13:40:12,739] {dagbag.py:507} INFO - Filling up the DagBag from /usr/local/lib/python3.10/dist-packages/airflow/example_dags/example_external_task_marker_dag.py
[2025-06-12 13:40:12,748] {processor.py:651} INFO - DAG(s) dict_keys(['example_external_task_marker_parent', 'example_external_task_marker_child']) retrieved from /usr/local/lib/python3.10/dist-packages/airflow/example_dags/example_external_task_marker_dag.py
[2025-06-12 13:40:12,877] {logging_mixin.py:115} INFO - [2025-06-12 13:40:12,877] {dag.py:2379} INFO - Sync 2 DAGs
[2025-06-12 13:40:12,935] {logging_mixin.py:115} INFO - [2025-06-12 13:40:12,935] {dag.py:2927} INFO - Setting next_dagrun for example_external_task_marker_child to None, run_after=None
[2025-06-12 13:40:12,936] {logging_mixin.py:115} INFO - [2025-06-12 13:40:12,936] {dag.py:2927} INFO - Setting next_dagrun for example_external_task_marker_parent to None, run_after=None
[2025-06-12 13:40:13,051] {processor.py:161} INFO - Processing /usr/local/lib/python3.10/dist-packages/airflow/example_dags/example_external_task_marker_dag.py took 0.322 seconds
[2025-06-12 13:41:47,465] {processor.py:153} INFO - Started process (PID=20458) to work on /usr/local/lib/python3.10/dist-packages/airflow/example_dags/example_external_task_marker_dag.py
[2025-06-12 13:41:47,467] {processor.py:641} INFO - Processing file /usr/local/lib/python3.10/dist-packages/airflow/example_dags/example_external_task_marker_dag.py for tasks to queue
[2025-06-12 13:41:47,469] {logging_mixin.py:115} INFO - [2025-06-12 13:41:47,469] {dagbag.py:507} INFO - Filling up the DagBag from /usr/local/lib/python3.10/dist-packages/airflow/example_dags/example_external_task_marker_dag.py
[2025-06-12 13:41:47,479] {processor.py:651} INFO - DAG(s) dict_keys(['example_external_task_marker_parent', 'example_external_task_marker_child']) retrieved from /usr/local/lib/python3.10/dist-packages/airflow/example_dags/example_external_task_marker_dag.py
[2025-06-12 13:41:47,594] {logging_mixin.py:115} INFO - [2025-06-12 13:41:47,593] {dag.py:2379} INFO - Sync 2 DAGs
[2025-06-12 13:41:47,642] {logging_mixin.py:115} INFO - [2025-06-12 13:41:47,642] {dag.py:2927} INFO - Setting next_dagrun for example_external_task_marker_child to None, run_after=None
[2025-06-12 13:41:47,644] {logging_mixin.py:115} INFO - [2025-06-12 13:41:47,644] {dag.py:2927} INFO - Setting next_dagrun for example_external_task_marker_parent to None, run_after=None
[2025-06-12 13:41:47,751] {processor.py:161} INFO - Processing /usr/local/lib/python3.10/dist-packages/airflow/example_dags/example_external_task_marker_dag.py took 0.294 seconds
[2025-06-12 13:43:17,425] {processor.py:153} INFO - Started process (PID=20803) to work on /usr/local/lib/python3.10/dist-packages/airflow/example_dags/example_external_task_marker_dag.py
[2025-06-12 13:43:17,427] {processor.py:641} INFO - Processing file /usr/local/lib/python3.10/dist-packages/airflow/example_dags/example_external_task_marker_dag.py for tasks to queue
[2025-06-12 13:43:17,429] {logging_mixin.py:115} INFO - [2025-06-12 13:43:17,429] {dagbag.py:507} INFO - Filling up the DagBag from /usr/local/lib/python3.10/dist-packages/airflow/example_dags/example_external_task_marker_dag.py
[2025-06-12 13:43:17,439] {processor.py:651} INFO - DAG(s) dict_keys(['example_external_task_marker_parent', 'example_external_task_marker_child']) retrieved from /usr/local/lib/python3.10/dist-packages/airflow/example_dags/example_external_task_marker_dag.py
[2025-06-12 13:43:17,552] {logging_mixin.py:115} INFO - [2025-06-12 13:43:17,552] {dag.py:2379} INFO - Sync 2 DAGs
[2025-06-12 13:43:17,620] {logging_mixin.py:115} INFO - [2025-06-12 13:43:17,620] {dag.py:2927} INFO - Setting next_dagrun for example_external_task_marker_child to None, run_after=None
[2025-06-12 13:43:17,621] {logging_mixin.py:115} INFO - [2025-06-12 13:43:17,621] {dag.py:2927} INFO - Setting next_dagrun for example_external_task_marker_parent to None, run_after=None
[2025-06-12 13:43:17,735] {processor.py:161} INFO - Processing /usr/local/lib/python3.10/dist-packages/airflow/example_dags/example_external_task_marker_dag.py took 0.316 seconds
