[2025-06-12 11:08:47,355] {processor.py:153} INFO - Started process (PID=2016) to work on /usr/local/lib/python3.10/dist-packages/airflow/example_dags/example_branch_python_dop_operator_3.py
[2025-06-12 11:08:47,358] {processor.py:641} INFO - Processing file /usr/local/lib/python3.10/dist-packages/airflow/example_dags/example_branch_python_dop_operator_3.py for tasks to queue
[2025-06-12 11:08:47,360] {logging_mixin.py:115} INFO - [2025-06-12 11:08:47,359] {dagbag.py:507} INFO - Filling up the DagBag from /usr/local/lib/python3.10/dist-packages/airflow/example_dags/example_branch_python_dop_operator_3.py
[2025-06-12 11:08:47,381] {processor.py:651} INFO - DAG(s) dict_keys(['example_branch_dop_operator_v3']) retrieved from /usr/local/lib/python3.10/dist-packages/airflow/example_dags/example_branch_python_dop_operator_3.py
[2025-06-12 11:08:47,659] {logging_mixin.py:115} INFO - [2025-06-12 11:08:47,659] {manager.py:508} INFO - Created Permission View: can delete on DAG:example_branch_dop_operator_v3
[2025-06-12 11:08:47,745] {logging_mixin.py:115} INFO - [2025-06-12 11:08:47,745] {manager.py:508} INFO - Created Permission View: can edit on DAG:example_branch_dop_operator_v3
[2025-06-12 11:08:47,826] {logging_mixin.py:115} INFO - [2025-06-12 11:08:47,826] {manager.py:508} INFO - Created Permission View: can read on DAG:example_branch_dop_operator_v3
[2025-06-12 11:08:47,827] {logging_mixin.py:115} INFO - [2025-06-12 11:08:47,827] {dag.py:2379} INFO - Sync 1 DAGs
[2025-06-12 11:08:47,855] {logging_mixin.py:115} INFO - [2025-06-12 11:08:47,855] {dag.py:2398} INFO - Creating ORM DAG for example_branch_dop_operator_v3
[2025-06-12 11:08:47,893] {logging_mixin.py:115} INFO - [2025-06-12 11:08:47,893] {dag.py:2927} INFO - Setting next_dagrun for example_branch_dop_operator_v3 to 2025-06-12T14:07:00+00:00, run_after=2025-06-12T14:08:00+00:00
[2025-06-12 11:08:48,008] {processor.py:161} INFO - Processing /usr/local/lib/python3.10/dist-packages/airflow/example_dags/example_branch_python_dop_operator_3.py took 0.660 seconds
[2025-06-12 13:38:09,216] {processor.py:153} INFO - Started process (PID=19924) to work on /usr/local/lib/python3.10/dist-packages/airflow/example_dags/example_branch_python_dop_operator_3.py
[2025-06-12 13:38:09,218] {processor.py:641} INFO - Processing file /usr/local/lib/python3.10/dist-packages/airflow/example_dags/example_branch_python_dop_operator_3.py for tasks to queue
[2025-06-12 13:38:09,221] {logging_mixin.py:115} INFO - [2025-06-12 13:38:09,220] {dagbag.py:507} INFO - Filling up the DagBag from /usr/local/lib/python3.10/dist-packages/airflow/example_dags/example_branch_python_dop_operator_3.py
[2025-06-12 13:38:09,241] {processor.py:651} INFO - DAG(s) dict_keys(['example_branch_dop_operator_v3']) retrieved from /usr/local/lib/python3.10/dist-packages/airflow/example_dags/example_branch_python_dop_operator_3.py
[2025-06-12 13:38:09,384] {logging_mixin.py:115} INFO - [2025-06-12 13:38:09,384] {dag.py:2379} INFO - Sync 1 DAGs
[2025-06-12 13:38:09,446] {logging_mixin.py:115} INFO - [2025-06-12 13:38:09,446] {dag.py:2927} INFO - Setting next_dagrun for example_branch_dop_operator_v3 to 2025-06-12T16:37:00+00:00, run_after=2025-06-12T16:38:00+00:00
[2025-06-12 13:38:09,570] {processor.py:161} INFO - Processing /usr/local/lib/python3.10/dist-packages/airflow/example_dags/example_branch_python_dop_operator_3.py took 0.361 seconds
[2025-06-12 13:39:33,394] {processor.py:153} INFO - Started process (PID=20145) to work on /usr/local/lib/python3.10/dist-packages/airflow/example_dags/example_branch_python_dop_operator_3.py
[2025-06-12 13:39:33,396] {processor.py:641} INFO - Processing file /usr/local/lib/python3.10/dist-packages/airflow/example_dags/example_branch_python_dop_operator_3.py for tasks to queue
[2025-06-12 13:39:33,398] {logging_mixin.py:115} INFO - [2025-06-12 13:39:33,397] {dagbag.py:507} INFO - Filling up the DagBag from /usr/local/lib/python3.10/dist-packages/airflow/example_dags/example_branch_python_dop_operator_3.py
[2025-06-12 13:39:33,418] {processor.py:651} INFO - DAG(s) dict_keys(['example_branch_dop_operator_v3']) retrieved from /usr/local/lib/python3.10/dist-packages/airflow/example_dags/example_branch_python_dop_operator_3.py
[2025-06-12 13:39:33,488] {logging_mixin.py:115} INFO - [2025-06-12 13:39:33,487] {dag.py:2379} INFO - Sync 1 DAGs
[2025-06-12 13:39:33,593] {logging_mixin.py:115} INFO - [2025-06-12 13:39:33,592] {dag.py:2927} INFO - Setting next_dagrun for example_branch_dop_operator_v3 to 2025-06-12T16:38:00+00:00, run_after=2025-06-12T16:39:00+00:00
[2025-06-12 13:39:33,685] {processor.py:161} INFO - Processing /usr/local/lib/python3.10/dist-packages/airflow/example_dags/example_branch_python_dop_operator_3.py took 0.297 seconds
[2025-06-12 13:41:57,847] {processor.py:153} INFO - Started process (PID=20487) to work on /usr/local/lib/python3.10/dist-packages/airflow/example_dags/example_branch_python_dop_operator_3.py
[2025-06-12 13:41:57,850] {processor.py:641} INFO - Processing file /usr/local/lib/python3.10/dist-packages/airflow/example_dags/example_branch_python_dop_operator_3.py for tasks to queue
[2025-06-12 13:41:57,852] {logging_mixin.py:115} INFO - [2025-06-12 13:41:57,852] {dagbag.py:507} INFO - Filling up the DagBag from /usr/local/lib/python3.10/dist-packages/airflow/example_dags/example_branch_python_dop_operator_3.py
[2025-06-12 13:41:57,882] {processor.py:651} INFO - DAG(s) dict_keys(['example_branch_dop_operator_v3']) retrieved from /usr/local/lib/python3.10/dist-packages/airflow/example_dags/example_branch_python_dop_operator_3.py
[2025-06-12 13:41:57,959] {logging_mixin.py:115} INFO - [2025-06-12 13:41:57,958] {dag.py:2379} INFO - Sync 1 DAGs
[2025-06-12 13:41:58,027] {logging_mixin.py:115} INFO - [2025-06-12 13:41:58,027] {dag.py:2927} INFO - Setting next_dagrun for example_branch_dop_operator_v3 to 2025-06-12T16:40:00+00:00, run_after=2025-06-12T16:41:00+00:00
[2025-06-12 13:41:58,159] {processor.py:161} INFO - Processing /usr/local/lib/python3.10/dist-packages/airflow/example_dags/example_branch_python_dop_operator_3.py took 0.325 seconds
[2025-06-12 13:44:04,553] {processor.py:153} INFO - Started process (PID=20936) to work on /usr/local/lib/python3.10/dist-packages/airflow/example_dags/example_branch_python_dop_operator_3.py
[2025-06-12 13:44:04,555] {processor.py:641} INFO - Processing file /usr/local/lib/python3.10/dist-packages/airflow/example_dags/example_branch_python_dop_operator_3.py for tasks to queue
[2025-06-12 13:44:04,557] {logging_mixin.py:115} INFO - [2025-06-12 13:44:04,557] {dagbag.py:507} INFO - Filling up the DagBag from /usr/local/lib/python3.10/dist-packages/airflow/example_dags/example_branch_python_dop_operator_3.py
[2025-06-12 13:44:04,580] {processor.py:651} INFO - DAG(s) dict_keys(['example_branch_dop_operator_v3']) retrieved from /usr/local/lib/python3.10/dist-packages/airflow/example_dags/example_branch_python_dop_operator_3.py
[2025-06-12 13:44:04,669] {logging_mixin.py:115} INFO - [2025-06-12 13:44:04,669] {dag.py:2379} INFO - Sync 1 DAGs
[2025-06-12 13:44:04,741] {logging_mixin.py:115} INFO - [2025-06-12 13:44:04,741] {dag.py:2927} INFO - Setting next_dagrun for example_branch_dop_operator_v3 to 2025-06-12T16:43:00+00:00, run_after=2025-06-12T16:44:00+00:00
[2025-06-12 13:44:04,857] {processor.py:161} INFO - Processing /usr/local/lib/python3.10/dist-packages/airflow/example_dags/example_branch_python_dop_operator_3.py took 0.314 seconds
