[2025-06-12 11:08:52,137] {processor.py:153} INFO - Started process (PID=2019) to work on /usr/local/lib/python3.10/dist-packages/airflow/example_dags/example_bash_operator.py
[2025-06-12 11:08:52,139] {processor.py:641} INFO - Processing file /usr/local/lib/python3.10/dist-packages/airflow/example_dags/example_bash_operator.py for tasks to queue
[2025-06-12 11:08:52,141] {logging_mixin.py:115} INFO - [2025-06-12 11:08:52,141] {dagbag.py:507} INFO - Filling up the DagBag from /usr/local/lib/python3.10/dist-packages/airflow/example_dags/example_bash_operator.py
[2025-06-12 11:08:52,169] {processor.py:651} INFO - DAG(s) dict_keys(['example_bash_operator']) retrieved from /usr/local/lib/python3.10/dist-packages/airflow/example_dags/example_bash_operator.py
[2025-06-12 11:08:52,415] {logging_mixin.py:115} INFO - [2025-06-12 11:08:52,414] {manager.py:508} INFO - Created Permission View: can delete on DAG:example_bash_operator
[2025-06-12 11:08:52,482] {logging_mixin.py:115} INFO - [2025-06-12 11:08:52,482] {manager.py:508} INFO - Created Permission View: can edit on DAG:example_bash_operator
[2025-06-12 11:08:52,543] {logging_mixin.py:115} INFO - [2025-06-12 11:08:52,543] {manager.py:508} INFO - Created Permission View: can read on DAG:example_bash_operator
[2025-06-12 11:08:52,544] {logging_mixin.py:115} INFO - [2025-06-12 11:08:52,544] {dag.py:2379} INFO - Sync 1 DAGs
[2025-06-12 11:08:52,568] {logging_mixin.py:115} INFO - [2025-06-12 11:08:52,568] {dag.py:2398} INFO - Creating ORM DAG for example_bash_operator
[2025-06-12 11:08:52,589] {logging_mixin.py:115} INFO - [2025-06-12 11:08:52,589] {dag.py:2927} INFO - Setting next_dagrun for example_bash_operator to 2025-06-11T00:00:00+00:00, run_after=2025-06-12T00:00:00+00:00
[2025-06-12 11:08:52,674] {processor.py:161} INFO - Processing /usr/local/lib/python3.10/dist-packages/airflow/example_dags/example_bash_operator.py took 0.544 seconds
[2025-06-12 13:38:14,380] {processor.py:153} INFO - Started process (PID=19939) to work on /usr/local/lib/python3.10/dist-packages/airflow/example_dags/example_bash_operator.py
[2025-06-12 13:38:14,382] {processor.py:641} INFO - Processing file /usr/local/lib/python3.10/dist-packages/airflow/example_dags/example_bash_operator.py for tasks to queue
[2025-06-12 13:38:14,384] {logging_mixin.py:115} INFO - [2025-06-12 13:38:14,384] {dagbag.py:507} INFO - Filling up the DagBag from /usr/local/lib/python3.10/dist-packages/airflow/example_dags/example_bash_operator.py
[2025-06-12 13:38:14,408] {processor.py:651} INFO - DAG(s) dict_keys(['example_bash_operator']) retrieved from /usr/local/lib/python3.10/dist-packages/airflow/example_dags/example_bash_operator.py
[2025-06-12 13:38:14,564] {logging_mixin.py:115} INFO - [2025-06-12 13:38:14,564] {dag.py:2379} INFO - Sync 1 DAGs
[2025-06-12 13:38:14,613] {logging_mixin.py:115} INFO - [2025-06-12 13:38:14,613] {dag.py:2927} INFO - Setting next_dagrun for example_bash_operator to 2025-06-11T00:00:00+00:00, run_after=2025-06-12T00:00:00+00:00
[2025-06-12 13:38:14,758] {processor.py:161} INFO - Processing /usr/local/lib/python3.10/dist-packages/airflow/example_dags/example_bash_operator.py took 0.385 seconds
[2025-06-12 13:39:37,846] {processor.py:153} INFO - Started process (PID=20154) to work on /usr/local/lib/python3.10/dist-packages/airflow/example_dags/example_bash_operator.py
[2025-06-12 13:39:37,848] {processor.py:641} INFO - Processing file /usr/local/lib/python3.10/dist-packages/airflow/example_dags/example_bash_operator.py for tasks to queue
[2025-06-12 13:39:37,852] {logging_mixin.py:115} INFO - [2025-06-12 13:39:37,852] {dagbag.py:507} INFO - Filling up the DagBag from /usr/local/lib/python3.10/dist-packages/airflow/example_dags/example_bash_operator.py
[2025-06-12 13:39:37,885] {processor.py:651} INFO - DAG(s) dict_keys(['example_bash_operator']) retrieved from /usr/local/lib/python3.10/dist-packages/airflow/example_dags/example_bash_operator.py
[2025-06-12 13:39:37,967] {logging_mixin.py:115} INFO - [2025-06-12 13:39:37,967] {dag.py:2379} INFO - Sync 1 DAGs
[2025-06-12 13:39:38,032] {logging_mixin.py:115} INFO - [2025-06-12 13:39:38,031] {dag.py:2927} INFO - Setting next_dagrun for example_bash_operator to 2025-06-11T00:00:00+00:00, run_after=2025-06-12T00:00:00+00:00
[2025-06-12 13:39:38,133] {processor.py:161} INFO - Processing /usr/local/lib/python3.10/dist-packages/airflow/example_dags/example_bash_operator.py took 0.294 seconds
[2025-06-12 13:42:02,005] {processor.py:153} INFO - Started process (PID=20498) to work on /usr/local/lib/python3.10/dist-packages/airflow/example_dags/example_bash_operator.py
[2025-06-12 13:42:02,007] {processor.py:641} INFO - Processing file /usr/local/lib/python3.10/dist-packages/airflow/example_dags/example_bash_operator.py for tasks to queue
[2025-06-12 13:42:02,009] {logging_mixin.py:115} INFO - [2025-06-12 13:42:02,009] {dagbag.py:507} INFO - Filling up the DagBag from /usr/local/lib/python3.10/dist-packages/airflow/example_dags/example_bash_operator.py
[2025-06-12 13:42:02,031] {processor.py:651} INFO - DAG(s) dict_keys(['example_bash_operator']) retrieved from /usr/local/lib/python3.10/dist-packages/airflow/example_dags/example_bash_operator.py
[2025-06-12 13:42:02,101] {logging_mixin.py:115} INFO - [2025-06-12 13:42:02,101] {dag.py:2379} INFO - Sync 1 DAGs
[2025-06-12 13:42:02,174] {logging_mixin.py:115} INFO - [2025-06-12 13:42:02,174] {dag.py:2927} INFO - Setting next_dagrun for example_bash_operator to 2025-06-11T00:00:00+00:00, run_after=2025-06-12T00:00:00+00:00
[2025-06-12 13:42:02,278] {processor.py:161} INFO - Processing /usr/local/lib/python3.10/dist-packages/airflow/example_dags/example_bash_operator.py took 0.279 seconds
[2025-06-12 13:44:09,729] {processor.py:153} INFO - Started process (PID=20949) to work on /usr/local/lib/python3.10/dist-packages/airflow/example_dags/example_bash_operator.py
[2025-06-12 13:44:09,731] {processor.py:641} INFO - Processing file /usr/local/lib/python3.10/dist-packages/airflow/example_dags/example_bash_operator.py for tasks to queue
[2025-06-12 13:44:09,733] {logging_mixin.py:115} INFO - [2025-06-12 13:44:09,732] {dagbag.py:507} INFO - Filling up the DagBag from /usr/local/lib/python3.10/dist-packages/airflow/example_dags/example_bash_operator.py
[2025-06-12 13:44:09,783] {processor.py:651} INFO - DAG(s) dict_keys(['example_bash_operator']) retrieved from /usr/local/lib/python3.10/dist-packages/airflow/example_dags/example_bash_operator.py
[2025-06-12 13:44:09,864] {logging_mixin.py:115} INFO - [2025-06-12 13:44:09,864] {dag.py:2379} INFO - Sync 1 DAGs
[2025-06-12 13:44:09,929] {logging_mixin.py:115} INFO - [2025-06-12 13:44:09,928] {dag.py:2927} INFO - Setting next_dagrun for example_bash_operator to 2025-06-11T00:00:00+00:00, run_after=2025-06-12T00:00:00+00:00
[2025-06-12 13:44:09,999] {processor.py:161} INFO - Processing /usr/local/lib/python3.10/dist-packages/airflow/example_dags/example_bash_operator.py took 0.294 seconds
