[2025-06-21T16:02:19.790-0300] {logging_mixin.py:154} INFO - Changing /mnt/c/Users/arcan/Documents/airflow/logs/dag_id=PIPELINE_COINGECKO/run_id=manual__2025-06-21T18:59:14.058955+00:00/task_id=end permission to 509
[2025-06-21T16:02:19.973-0300] {logging_mixin.py:154} INFO - Changing /mnt/c/Users/arcan/Documents/airflow/logs/dag_id=PIPELINE_COINGECKO/run_id=manual__2025-06-21T18:59:14.058955+00:00/task_id=end permission to 509
[2025-06-21T16:02:20.173-0300] {taskinstance.py:1159} INFO - Dependencies all met for dep_context=non-requeueable deps ti=<TaskInstance: PIPELINE_COINGECKO.end manual__2025-06-21T18:59:14.058955+00:00 [queued]>
[2025-06-21T16:02:20.196-0300] {taskinstance.py:1159} INFO - Dependencies all met for dep_context=requeueable deps ti=<TaskInstance: PIPELINE_COINGECKO.end manual__2025-06-21T18:59:14.058955+00:00 [queued]>
[2025-06-21T16:02:20.196-0300] {taskinstance.py:1361} INFO - Starting attempt 1 of 2
[2025-06-21T16:02:20.239-0300] {taskinstance.py:1382} INFO - Executing <Task(BashOperator): end> on 2025-06-21 18:59:14.058955+00:00
[2025-06-21T16:02:20.244-0300] {standard_task_runner.py:57} INFO - Started process 80099 to run task
[2025-06-21T16:02:20.249-0300] {standard_task_runner.py:84} INFO - Running: ['airflow', 'tasks', 'run', 'PIPELINE_COINGECKO', 'end', 'manual__2025-06-21T18:59:14.058955+00:00', '--job-id', '49', '--raw', '--subdir', 'DAGS_FOLDER/pipeline_coingecko.py', '--cfg-path', '/tmp/tmp924ud752']
[2025-06-21T16:02:20.251-0300] {standard_task_runner.py:85} INFO - Job 49: Subtask end
[2025-06-21T16:02:20.367-0300] {logging_mixin.py:154} INFO - Changing /mnt/c/Users/arcan/Documents/airflow/logs/dag_id=PIPELINE_COINGECKO/run_id=manual__2025-06-21T18:59:14.058955+00:00/task_id=end permission to 509
[2025-06-21T16:02:20.380-0300] {task_command.py:416} INFO - Running <TaskInstance: PIPELINE_COINGECKO.end manual__2025-06-21T18:59:14.058955+00:00 [running]> on host YanArcanjo.localdomain
[2025-06-21T16:02:20.550-0300] {taskinstance.py:1662} INFO - Exporting env vars: AIRFLOW_CTX_DAG_OWNER='yan_arcanjo' AIRFLOW_CTX_DAG_ID='PIPELINE_COINGECKO' AIRFLOW_CTX_TASK_ID='end' AIRFLOW_CTX_EXECUTION_DATE='2025-06-21T18:59:14.058955+00:00' AIRFLOW_CTX_TRY_NUMBER='1' AIRFLOW_CTX_DAG_RUN_ID='manual__2025-06-21T18:59:14.058955+00:00'
[2025-06-21T16:02:20.553-0300] {subprocess.py:63} INFO - Tmp dir root location: /tmp
[2025-06-21T16:02:20.555-0300] {subprocess.py:75} INFO - Running command: ['/usr/bin/bash', '-c', 'echo "Finalizando pipeline de dados..."']
[2025-06-21T16:02:20.565-0300] {subprocess.py:86} INFO - Output:
[2025-06-21T16:02:20.568-0300] {subprocess.py:93} INFO - Finalizando pipeline de dados...
[2025-06-21T16:02:20.569-0300] {subprocess.py:97} INFO - Command exited with return code 0
[2025-06-21T16:02:20.628-0300] {taskinstance.py:1400} INFO - Marking task as SUCCESS. dag_id=PIPELINE_COINGECKO, task_id=end, execution_date=20250621T185914, start_date=20250621T190220, end_date=20250621T190220
[2025-06-21T16:02:20.702-0300] {local_task_job_runner.py:228} INFO - Task exited with return code 0
[2025-06-21T16:02:20.729-0300] {taskinstance.py:2778} INFO - 0 downstream tasks scheduled from follow-on schedule check
