[2025-06-12 11:08:00,938] {processor.py:153} INFO - Started process (PID=1978) to work on /usr/local/lib/python3.10/dist-packages/airflow/example_dags/subdags/subdag.py
[2025-06-12 11:08:00,940] {processor.py:641} INFO - Processing file /usr/local/lib/python3.10/dist-packages/airflow/example_dags/subdags/subdag.py for tasks to queue
[2025-06-12 11:08:00,942] {logging_mixin.py:115} INFO - [2025-06-12 11:08:00,942] {dagbag.py:507} INFO - Filling up the DagBag from /usr/local/lib/python3.10/dist-packages/airflow/example_dags/subdags/subdag.py
[2025-06-12 11:08:00,946] {processor.py:653} WARNING - No viable dags retrieved from /usr/local/lib/python3.10/dist-packages/airflow/example_dags/subdags/subdag.py
[2025-06-12 11:08:00,988] {processor.py:161} INFO - Processing /usr/local/lib/python3.10/dist-packages/airflow/example_dags/subdags/subdag.py took 0.056 seconds
[2025-06-12 11:08:55,622] {processor.py:153} INFO - Started process (PID=2021) to work on /usr/local/lib/python3.10/dist-packages/airflow/example_dags/subdags/subdag.py
[2025-06-12 11:08:55,624] {processor.py:641} INFO - Processing file /usr/local/lib/python3.10/dist-packages/airflow/example_dags/subdags/subdag.py for tasks to queue
[2025-06-12 11:08:55,625] {logging_mixin.py:115} INFO - [2025-06-12 11:08:55,625] {dagbag.py:507} INFO - Filling up the DagBag from /usr/local/lib/python3.10/dist-packages/airflow/example_dags/subdags/subdag.py
[2025-06-12 11:08:55,629] {processor.py:653} WARNING - No viable dags retrieved from /usr/local/lib/python3.10/dist-packages/airflow/example_dags/subdags/subdag.py
[2025-06-12 11:08:55,675] {processor.py:161} INFO - Processing /usr/local/lib/python3.10/dist-packages/airflow/example_dags/subdags/subdag.py took 0.058 seconds
[2025-06-12 13:37:25,783] {processor.py:153} INFO - Started process (PID=19817) to work on /usr/local/lib/python3.10/dist-packages/airflow/example_dags/subdags/subdag.py
[2025-06-12 13:37:25,785] {processor.py:641} INFO - Processing file /usr/local/lib/python3.10/dist-packages/airflow/example_dags/subdags/subdag.py for tasks to queue
[2025-06-12 13:37:25,787] {logging_mixin.py:115} INFO - [2025-06-12 13:37:25,786] {dagbag.py:507} INFO - Filling up the DagBag from /usr/local/lib/python3.10/dist-packages/airflow/example_dags/subdags/subdag.py
[2025-06-12 13:37:25,791] {processor.py:653} WARNING - No viable dags retrieved from /usr/local/lib/python3.10/dist-packages/airflow/example_dags/subdags/subdag.py
[2025-06-12 13:37:25,841] {processor.py:161} INFO - Processing /usr/local/lib/python3.10/dist-packages/airflow/example_dags/subdags/subdag.py took 0.066 seconds
[2025-06-12 13:38:18,153] {processor.py:153} INFO - Started process (PID=19951) to work on /usr/local/lib/python3.10/dist-packages/airflow/example_dags/subdags/subdag.py
[2025-06-12 13:38:18,154] {processor.py:641} INFO - Processing file /usr/local/lib/python3.10/dist-packages/airflow/example_dags/subdags/subdag.py for tasks to queue
[2025-06-12 13:38:18,156] {logging_mixin.py:115} INFO - [2025-06-12 13:38:18,156] {dagbag.py:507} INFO - Filling up the DagBag from /usr/local/lib/python3.10/dist-packages/airflow/example_dags/subdags/subdag.py
[2025-06-12 13:38:18,160] {processor.py:653} WARNING - No viable dags retrieved from /usr/local/lib/python3.10/dist-packages/airflow/example_dags/subdags/subdag.py
[2025-06-12 13:38:18,211] {processor.py:161} INFO - Processing /usr/local/lib/python3.10/dist-packages/airflow/example_dags/subdags/subdag.py took 0.065 seconds
[2025-06-12 13:38:54,561] {processor.py:153} INFO - Started process (PID=20035) to work on /usr/local/lib/python3.10/dist-packages/airflow/example_dags/subdags/subdag.py
[2025-06-12 13:38:54,563] {processor.py:641} INFO - Processing file /usr/local/lib/python3.10/dist-packages/airflow/example_dags/subdags/subdag.py for tasks to queue
[2025-06-12 13:38:54,566] {logging_mixin.py:115} INFO - [2025-06-12 13:38:54,565] {dagbag.py:507} INFO - Filling up the DagBag from /usr/local/lib/python3.10/dist-packages/airflow/example_dags/subdags/subdag.py
[2025-06-12 13:38:54,571] {processor.py:653} WARNING - No viable dags retrieved from /usr/local/lib/python3.10/dist-packages/airflow/example_dags/subdags/subdag.py
[2025-06-12 13:38:54,635] {processor.py:161} INFO - Processing /usr/local/lib/python3.10/dist-packages/airflow/example_dags/subdags/subdag.py took 0.086 seconds
[2025-06-12 13:39:41,783] {processor.py:153} INFO - Started process (PID=20167) to work on /usr/local/lib/python3.10/dist-packages/airflow/example_dags/subdags/subdag.py
[2025-06-12 13:39:41,785] {processor.py:641} INFO - Processing file /usr/local/lib/python3.10/dist-packages/airflow/example_dags/subdags/subdag.py for tasks to queue
[2025-06-12 13:39:41,787] {logging_mixin.py:115} INFO - [2025-06-12 13:39:41,787] {dagbag.py:507} INFO - Filling up the DagBag from /usr/local/lib/python3.10/dist-packages/airflow/example_dags/subdags/subdag.py
[2025-06-12 13:39:41,791] {processor.py:653} WARNING - No viable dags retrieved from /usr/local/lib/python3.10/dist-packages/airflow/example_dags/subdags/subdag.py
[2025-06-12 13:39:41,852] {processor.py:161} INFO - Processing /usr/local/lib/python3.10/dist-packages/airflow/example_dags/subdags/subdag.py took 0.076 seconds
[2025-06-12 13:41:17,682] {processor.py:153} INFO - Started process (PID=20382) to work on /usr/local/lib/python3.10/dist-packages/airflow/example_dags/subdags/subdag.py
[2025-06-12 13:41:17,685] {processor.py:641} INFO - Processing file /usr/local/lib/python3.10/dist-packages/airflow/example_dags/subdags/subdag.py for tasks to queue
[2025-06-12 13:41:17,687] {logging_mixin.py:115} INFO - [2025-06-12 13:41:17,687] {dagbag.py:507} INFO - Filling up the DagBag from /usr/local/lib/python3.10/dist-packages/airflow/example_dags/subdags/subdag.py
[2025-06-12 13:41:17,692] {processor.py:653} WARNING - No viable dags retrieved from /usr/local/lib/python3.10/dist-packages/airflow/example_dags/subdags/subdag.py
[2025-06-12 13:41:17,754] {processor.py:161} INFO - Processing /usr/local/lib/python3.10/dist-packages/airflow/example_dags/subdags/subdag.py took 0.085 seconds
[2025-06-12 13:42:05,992] {processor.py:153} INFO - Started process (PID=20503) to work on /usr/local/lib/python3.10/dist-packages/airflow/example_dags/subdags/subdag.py
[2025-06-12 13:42:05,994] {processor.py:641} INFO - Processing file /usr/local/lib/python3.10/dist-packages/airflow/example_dags/subdags/subdag.py for tasks to queue
[2025-06-12 13:42:05,998] {logging_mixin.py:115} INFO - [2025-06-12 13:42:05,997] {dagbag.py:507} INFO - Filling up the DagBag from /usr/local/lib/python3.10/dist-packages/airflow/example_dags/subdags/subdag.py
[2025-06-12 13:42:06,004] {processor.py:653} WARNING - No viable dags retrieved from /usr/local/lib/python3.10/dist-packages/airflow/example_dags/subdags/subdag.py
[2025-06-12 13:42:06,084] {processor.py:161} INFO - Processing /usr/local/lib/python3.10/dist-packages/airflow/example_dags/subdags/subdag.py took 0.109 seconds
[2025-06-12 13:43:24,338] {processor.py:153} INFO - Started process (PID=20813) to work on /usr/local/lib/python3.10/dist-packages/airflow/example_dags/subdags/subdag.py
[2025-06-12 13:43:24,341] {processor.py:641} INFO - Processing file /usr/local/lib/python3.10/dist-packages/airflow/example_dags/subdags/subdag.py for tasks to queue
[2025-06-12 13:43:24,343] {logging_mixin.py:115} INFO - [2025-06-12 13:43:24,343] {dagbag.py:507} INFO - Filling up the DagBag from /usr/local/lib/python3.10/dist-packages/airflow/example_dags/subdags/subdag.py
[2025-06-12 13:43:24,348] {processor.py:653} WARNING - No viable dags retrieved from /usr/local/lib/python3.10/dist-packages/airflow/example_dags/subdags/subdag.py
[2025-06-12 13:43:24,399] {processor.py:161} INFO - Processing /usr/local/lib/python3.10/dist-packages/airflow/example_dags/subdags/subdag.py took 0.069 seconds
