[2025-06-21T16:30:54.570-0300] {logging_mixin.py:154} INFO - Changing /mnt/c/Users/arcan/Documents/airflow/logs/dag_id=PIPELINE_COINGECKO/run_id=manual__2025-06-21T19:27:01.955109+00:00/task_id=end permission to 509
[2025-06-21T16:30:54.761-0300] {logging_mixin.py:154} INFO - Changing /mnt/c/Users/arcan/Documents/airflow/logs/dag_id=PIPELINE_COINGECKO/run_id=manual__2025-06-21T19:27:01.955109+00:00/task_id=end permission to 509
[2025-06-21T16:30:54.965-0300] {taskinstance.py:1159} INFO - Dependencies all met for dep_context=non-requeueable deps ti=<TaskInstance: PIPELINE_COINGECKO.end manual__2025-06-21T19:27:01.955109+00:00 [queued]>
[2025-06-21T16:30:54.988-0300] {taskinstance.py:1159} INFO - Dependencies all met for dep_context=requeueable deps ti=<TaskInstance: PIPELINE_COINGECKO.end manual__2025-06-21T19:27:01.955109+00:00 [queued]>
[2025-06-21T16:30:54.989-0300] {taskinstance.py:1361} INFO - Starting attempt 1 of 2
[2025-06-21T16:30:55.037-0300] {taskinstance.py:1382} INFO - Executing <Task(BashOperator): end> on 2025-06-21 19:27:01.955109+00:00
[2025-06-21T16:30:55.042-0300] {standard_task_runner.py:57} INFO - Started process 83397 to run task
[2025-06-21T16:30:55.047-0300] {standard_task_runner.py:84} INFO - Running: ['airflow', 'tasks', 'run', 'PIPELINE_COINGECKO', 'end', 'manual__2025-06-21T19:27:01.955109+00:00', '--job-id', '62', '--raw', '--subdir', 'DAGS_FOLDER/pipeline_coingecko.py', '--cfg-path', '/tmp/tmpywsz1s1v']
[2025-06-21T16:30:55.049-0300] {standard_task_runner.py:85} INFO - Job 62: Subtask end
[2025-06-21T16:30:55.149-0300] {logging_mixin.py:154} INFO - Changing /mnt/c/Users/arcan/Documents/airflow/logs/dag_id=PIPELINE_COINGECKO/run_id=manual__2025-06-21T19:27:01.955109+00:00/task_id=end permission to 509
[2025-06-21T16:30:55.164-0300] {task_command.py:416} INFO - Running <TaskInstance: PIPELINE_COINGECKO.end manual__2025-06-21T19:27:01.955109+00:00 [running]> on host YanArcanjo.localdomain
[2025-06-21T16:30:55.333-0300] {taskinstance.py:1662} INFO - Exporting env vars: AIRFLOW_CTX_DAG_OWNER='yan_arcanjo' AIRFLOW_CTX_DAG_ID='PIPELINE_COINGECKO' AIRFLOW_CTX_TASK_ID='end' AIRFLOW_CTX_EXECUTION_DATE='2025-06-21T19:27:01.955109+00:00' AIRFLOW_CTX_TRY_NUMBER='1' AIRFLOW_CTX_DAG_RUN_ID='manual__2025-06-21T19:27:01.955109+00:00'
[2025-06-21T16:30:55.335-0300] {subprocess.py:63} INFO - Tmp dir root location: /tmp
[2025-06-21T16:30:55.337-0300] {subprocess.py:75} INFO - Running command: ['/usr/bin/bash', '-c', 'echo "Finalizando pipeline de dados..."']
[2025-06-21T16:30:55.346-0300] {subprocess.py:86} INFO - Output:
[2025-06-21T16:30:55.348-0300] {subprocess.py:93} INFO - Finalizando pipeline de dados...
[2025-06-21T16:30:55.349-0300] {subprocess.py:97} INFO - Command exited with return code 0
[2025-06-21T16:30:55.421-0300] {taskinstance.py:1400} INFO - Marking task as SUCCESS. dag_id=PIPELINE_COINGECKO, task_id=end, execution_date=20250621T192701, start_date=20250621T193054, end_date=20250621T193055
[2025-06-21T16:30:55.500-0300] {local_task_job_runner.py:228} INFO - Task exited with return code 0
[2025-06-21T16:30:55.535-0300] {taskinstance.py:2778} INFO - 0 downstream tasks scheduled from follow-on schedule check
