[2025-06-21T15:36:29.689-0300] {logging_mixin.py:154} INFO - Changing /mnt/c/Users/arcan/Documents/airflow/logs/dag_id=PIPELINE_COINGECKO/run_id=manual__2025-06-21T18:36:14.987306+00:00/task_id=start permission to 509
[2025-06-21T15:36:29.920-0300] {logging_mixin.py:154} INFO - Changing /mnt/c/Users/arcan/Documents/airflow/logs/dag_id=PIPELINE_COINGECKO/run_id=manual__2025-06-21T18:36:14.987306+00:00/task_id=start permission to 509
[2025-06-21T15:36:30.131-0300] {taskinstance.py:1159} INFO - Dependencies all met for dep_context=non-requeueable deps ti=<TaskInstance: PIPELINE_COINGECKO.start manual__2025-06-21T18:36:14.987306+00:00 [queued]>
[2025-06-21T15:36:30.154-0300] {taskinstance.py:1159} INFO - Dependencies all met for dep_context=requeueable deps ti=<TaskInstance: PIPELINE_COINGECKO.start manual__2025-06-21T18:36:14.987306+00:00 [queued]>
[2025-06-21T15:36:30.154-0300] {taskinstance.py:1361} INFO - Starting attempt 1 of 2
[2025-06-21T15:36:30.201-0300] {taskinstance.py:1382} INFO - Executing <Task(BashOperator): start> on 2025-06-21 18:36:14.987306+00:00
[2025-06-21T15:36:30.207-0300] {standard_task_runner.py:57} INFO - Started process 77905 to run task
[2025-06-21T15:36:30.213-0300] {standard_task_runner.py:84} INFO - Running: ['airflow', 'tasks', 'run', 'PIPELINE_COINGECKO', 'start', 'manual__2025-06-21T18:36:14.987306+00:00', '--job-id', '39', '--raw', '--subdir', 'DAGS_FOLDER/pipeline_coingecko.py', '--cfg-path', '/tmp/tmp8cw95ygw']
[2025-06-21T15:36:30.215-0300] {standard_task_runner.py:85} INFO - Job 39: Subtask start
[2025-06-21T15:36:30.359-0300] {logging_mixin.py:154} INFO - Changing /mnt/c/Users/arcan/Documents/airflow/logs/dag_id=PIPELINE_COINGECKO/run_id=manual__2025-06-21T18:36:14.987306+00:00/task_id=start permission to 509
[2025-06-21T15:36:30.377-0300] {task_command.py:416} INFO - Running <TaskInstance: PIPELINE_COINGECKO.start manual__2025-06-21T18:36:14.987306+00:00 [running]> on host YanArcanjo.localdomain
[2025-06-21T15:36:30.549-0300] {taskinstance.py:1662} INFO - Exporting env vars: AIRFLOW_CTX_DAG_OWNER='yan_arcanjo' AIRFLOW_CTX_DAG_ID='PIPELINE_COINGECKO' AIRFLOW_CTX_TASK_ID='start' AIRFLOW_CTX_EXECUTION_DATE='2025-06-21T18:36:14.987306+00:00' AIRFLOW_CTX_TRY_NUMBER='1' AIRFLOW_CTX_DAG_RUN_ID='manual__2025-06-21T18:36:14.987306+00:00'
[2025-06-21T15:36:30.552-0300] {subprocess.py:63} INFO - Tmp dir root location: /tmp
[2025-06-21T15:36:30.553-0300] {subprocess.py:75} INFO - Running command: ['/usr/bin/bash', '-c', 'echo "Iniciando pipeline de dados..."']
[2025-06-21T15:36:30.563-0300] {subprocess.py:86} INFO - Output:
[2025-06-21T15:36:30.566-0300] {subprocess.py:93} INFO - Iniciando pipeline de dados...
[2025-06-21T15:36:30.566-0300] {subprocess.py:97} INFO - Command exited with return code 0
[2025-06-21T15:36:30.633-0300] {taskinstance.py:1400} INFO - Marking task as SUCCESS. dag_id=PIPELINE_COINGECKO, task_id=start, execution_date=20250621T183614, start_date=20250621T183630, end_date=20250621T183630
[2025-06-21T15:36:30.747-0300] {local_task_job_runner.py:228} INFO - Task exited with return code 0
[2025-06-21T15:36:30.798-0300] {taskinstance.py:2778} INFO - 1 downstream tasks scheduled from follow-on schedule check
