[2025-06-12 11:08:02,297] {processor.py:153} INFO - Started process (PID=1984) to work on /usr/local/lib/python3.10/dist-packages/airflow/example_dags/plugins/workday.py
[2025-06-12 11:08:02,299] {processor.py:641} INFO - Processing file /usr/local/lib/python3.10/dist-packages/airflow/example_dags/plugins/workday.py for tasks to queue
[2025-06-12 11:08:02,301] {logging_mixin.py:115} INFO - [2025-06-12 11:08:02,300] {dagbag.py:507} INFO - Filling up the DagBag from /usr/local/lib/python3.10/dist-packages/airflow/example_dags/plugins/workday.py
[2025-06-12 11:08:02,305] {processor.py:653} WARNING - No viable dags retrieved from /usr/local/lib/python3.10/dist-packages/airflow/example_dags/plugins/workday.py
[2025-06-12 11:08:02,350] {processor.py:161} INFO - Processing /usr/local/lib/python3.10/dist-packages/airflow/example_dags/plugins/workday.py took 0.061 seconds
[2025-06-12 11:08:56,138] {processor.py:153} INFO - Started process (PID=2022) to work on /usr/local/lib/python3.10/dist-packages/airflow/example_dags/plugins/workday.py
[2025-06-12 11:08:56,139] {processor.py:641} INFO - Processing file /usr/local/lib/python3.10/dist-packages/airflow/example_dags/plugins/workday.py for tasks to queue
[2025-06-12 11:08:56,141] {logging_mixin.py:115} INFO - [2025-06-12 11:08:56,141] {dagbag.py:507} INFO - Filling up the DagBag from /usr/local/lib/python3.10/dist-packages/airflow/example_dags/plugins/workday.py
[2025-06-12 11:08:56,146] {processor.py:653} WARNING - No viable dags retrieved from /usr/local/lib/python3.10/dist-packages/airflow/example_dags/plugins/workday.py
[2025-06-12 11:08:56,186] {processor.py:161} INFO - Processing /usr/local/lib/python3.10/dist-packages/airflow/example_dags/plugins/workday.py took 0.053 seconds
[2025-06-12 13:37:27,181] {processor.py:153} INFO - Started process (PID=19818) to work on /usr/local/lib/python3.10/dist-packages/airflow/example_dags/plugins/workday.py
[2025-06-12 13:37:27,183] {processor.py:641} INFO - Processing file /usr/local/lib/python3.10/dist-packages/airflow/example_dags/plugins/workday.py for tasks to queue
[2025-06-12 13:37:27,185] {logging_mixin.py:115} INFO - [2025-06-12 13:37:27,185] {dagbag.py:507} INFO - Filling up the DagBag from /usr/local/lib/python3.10/dist-packages/airflow/example_dags/plugins/workday.py
[2025-06-12 13:37:27,192] {processor.py:653} WARNING - No viable dags retrieved from /usr/local/lib/python3.10/dist-packages/airflow/example_dags/plugins/workday.py
[2025-06-12 13:37:27,250] {processor.py:161} INFO - Processing /usr/local/lib/python3.10/dist-packages/airflow/example_dags/plugins/workday.py took 0.078 seconds
[2025-06-12 13:38:19,624] {processor.py:153} INFO - Started process (PID=19952) to work on /usr/local/lib/python3.10/dist-packages/airflow/example_dags/plugins/workday.py
[2025-06-12 13:38:19,626] {processor.py:641} INFO - Processing file /usr/local/lib/python3.10/dist-packages/airflow/example_dags/plugins/workday.py for tasks to queue
[2025-06-12 13:38:19,628] {logging_mixin.py:115} INFO - [2025-06-12 13:38:19,628] {dagbag.py:507} INFO - Filling up the DagBag from /usr/local/lib/python3.10/dist-packages/airflow/example_dags/plugins/workday.py
[2025-06-12 13:38:19,633] {processor.py:653} WARNING - No viable dags retrieved from /usr/local/lib/python3.10/dist-packages/airflow/example_dags/plugins/workday.py
[2025-06-12 13:38:19,688] {processor.py:161} INFO - Processing /usr/local/lib/python3.10/dist-packages/airflow/example_dags/plugins/workday.py took 0.072 seconds
[2025-06-12 13:38:55,953] {processor.py:153} INFO - Started process (PID=20044) to work on /usr/local/lib/python3.10/dist-packages/airflow/example_dags/plugins/workday.py
[2025-06-12 13:38:55,956] {processor.py:641} INFO - Processing file /usr/local/lib/python3.10/dist-packages/airflow/example_dags/plugins/workday.py for tasks to queue
[2025-06-12 13:38:55,958] {logging_mixin.py:115} INFO - [2025-06-12 13:38:55,958] {dagbag.py:507} INFO - Filling up the DagBag from /usr/local/lib/python3.10/dist-packages/airflow/example_dags/plugins/workday.py
[2025-06-12 13:38:55,964] {processor.py:653} WARNING - No viable dags retrieved from /usr/local/lib/python3.10/dist-packages/airflow/example_dags/plugins/workday.py
[2025-06-12 13:38:56,017] {processor.py:161} INFO - Processing /usr/local/lib/python3.10/dist-packages/airflow/example_dags/plugins/workday.py took 0.072 seconds
[2025-06-12 13:39:42,443] {processor.py:153} INFO - Started process (PID=20168) to work on /usr/local/lib/python3.10/dist-packages/airflow/example_dags/plugins/workday.py
[2025-06-12 13:39:42,451] {processor.py:641} INFO - Processing file /usr/local/lib/python3.10/dist-packages/airflow/example_dags/plugins/workday.py for tasks to queue
[2025-06-12 13:39:42,454] {logging_mixin.py:115} INFO - [2025-06-12 13:39:42,453] {dagbag.py:507} INFO - Filling up the DagBag from /usr/local/lib/python3.10/dist-packages/airflow/example_dags/plugins/workday.py
[2025-06-12 13:39:42,471] {processor.py:653} WARNING - No viable dags retrieved from /usr/local/lib/python3.10/dist-packages/airflow/example_dags/plugins/workday.py
[2025-06-12 13:39:42,569] {processor.py:161} INFO - Processing /usr/local/lib/python3.10/dist-packages/airflow/example_dags/plugins/workday.py took 0.146 seconds
[2025-06-12 13:41:19,047] {processor.py:153} INFO - Started process (PID=20383) to work on /usr/local/lib/python3.10/dist-packages/airflow/example_dags/plugins/workday.py
[2025-06-12 13:41:19,050] {processor.py:641} INFO - Processing file /usr/local/lib/python3.10/dist-packages/airflow/example_dags/plugins/workday.py for tasks to queue
[2025-06-12 13:41:19,053] {logging_mixin.py:115} INFO - [2025-06-12 13:41:19,052] {dagbag.py:507} INFO - Filling up the DagBag from /usr/local/lib/python3.10/dist-packages/airflow/example_dags/plugins/workday.py
[2025-06-12 13:41:19,062] {processor.py:653} WARNING - No viable dags retrieved from /usr/local/lib/python3.10/dist-packages/airflow/example_dags/plugins/workday.py
[2025-06-12 13:41:19,131] {processor.py:161} INFO - Processing /usr/local/lib/python3.10/dist-packages/airflow/example_dags/plugins/workday.py took 0.094 seconds
[2025-06-12 13:42:05,909] {processor.py:153} INFO - Started process (PID=20509) to work on /usr/local/lib/python3.10/dist-packages/airflow/example_dags/plugins/workday.py
[2025-06-12 13:42:05,911] {processor.py:641} INFO - Processing file /usr/local/lib/python3.10/dist-packages/airflow/example_dags/plugins/workday.py for tasks to queue
[2025-06-12 13:42:05,913] {logging_mixin.py:115} INFO - [2025-06-12 13:42:05,912] {dagbag.py:507} INFO - Filling up the DagBag from /usr/local/lib/python3.10/dist-packages/airflow/example_dags/plugins/workday.py
[2025-06-12 13:42:05,918] {processor.py:653} WARNING - No viable dags retrieved from /usr/local/lib/python3.10/dist-packages/airflow/example_dags/plugins/workday.py
[2025-06-12 13:42:05,970] {processor.py:161} INFO - Processing /usr/local/lib/python3.10/dist-packages/airflow/example_dags/plugins/workday.py took 0.067 seconds
[2025-06-12 13:43:25,885] {processor.py:153} INFO - Started process (PID=20822) to work on /usr/local/lib/python3.10/dist-packages/airflow/example_dags/plugins/workday.py
[2025-06-12 13:43:25,887] {processor.py:641} INFO - Processing file /usr/local/lib/python3.10/dist-packages/airflow/example_dags/plugins/workday.py for tasks to queue
[2025-06-12 13:43:25,889] {logging_mixin.py:115} INFO - [2025-06-12 13:43:25,889] {dagbag.py:507} INFO - Filling up the DagBag from /usr/local/lib/python3.10/dist-packages/airflow/example_dags/plugins/workday.py
[2025-06-12 13:43:25,894] {processor.py:653} WARNING - No viable dags retrieved from /usr/local/lib/python3.10/dist-packages/airflow/example_dags/plugins/workday.py
[2025-06-12 13:43:25,943] {processor.py:161} INFO - Processing /usr/local/lib/python3.10/dist-packages/airflow/example_dags/plugins/workday.py took 0.065 seconds
