[2025-06-21T21:00:14.746-0300] {processor.py:157} INFO - Started process (PID=90516) to work on /mnt/c/Users/arcan/Documents/airflow/dags/pipeline_coingecko.py
[2025-06-21T21:00:14.748-0300] {processor.py:829} INFO - Processing file /mnt/c/Users/arcan/Documents/airflow/dags/pipeline_coingecko.py for tasks to queue
[2025-06-21T21:00:14.750-0300] {logging_mixin.py:154} INFO - [2025-06-21T21:00:14.749-0300] {dagbag.py:536} INFO - Filling up the DagBag from /mnt/c/Users/arcan/Documents/airflow/dags/pipeline_coingecko.py
[2025-06-21T21:00:14.777-0300] {processor.py:839} INFO - DAG(s) dict_keys(['PIPELINE_COINGECKO']) retrieved from /mnt/c/Users/arcan/Documents/airflow/dags/pipeline_coingecko.py
[2025-06-21T21:00:14.962-0300] {logging_mixin.py:154} INFO - [2025-06-21T21:00:14.962-0300] {dag.py:2941} INFO - Sync 1 DAGs
[2025-06-21T21:00:14.986-0300] {logging_mixin.py:154} INFO - [2025-06-21T21:00:14.985-0300] {dag.py:3722} INFO - Setting next_dagrun for PIPELINE_COINGECKO to None, run_after=None
[2025-06-21T21:00:15.081-0300] {processor.py:179} INFO - Processing /mnt/c/Users/arcan/Documents/airflow/dags/pipeline_coingecko.py took 0.340 seconds
[2025-06-21T21:00:47.684-0300] {processor.py:157} INFO - Started process (PID=90523) to work on /mnt/c/Users/arcan/Documents/airflow/dags/pipeline_coingecko.py
[2025-06-21T21:00:47.686-0300] {processor.py:829} INFO - Processing file /mnt/c/Users/arcan/Documents/airflow/dags/pipeline_coingecko.py for tasks to queue
[2025-06-21T21:00:47.688-0300] {logging_mixin.py:154} INFO - [2025-06-21T21:00:47.687-0300] {dagbag.py:536} INFO - Filling up the DagBag from /mnt/c/Users/arcan/Documents/airflow/dags/pipeline_coingecko.py
[2025-06-21T21:00:47.718-0300] {processor.py:839} INFO - DAG(s) dict_keys(['PIPELINE_COINGECKO']) retrieved from /mnt/c/Users/arcan/Documents/airflow/dags/pipeline_coingecko.py
[2025-06-21T21:00:47.867-0300] {logging_mixin.py:154} INFO - [2025-06-21T21:00:47.867-0300] {dag.py:2941} INFO - Sync 1 DAGs
[2025-06-21T21:00:47.886-0300] {logging_mixin.py:154} INFO - [2025-06-21T21:00:47.885-0300] {dag.py:3722} INFO - Setting next_dagrun for PIPELINE_COINGECKO to None, run_after=None
[2025-06-21T21:00:47.969-0300] {processor.py:179} INFO - Processing /mnt/c/Users/arcan/Documents/airflow/dags/pipeline_coingecko.py took 0.290 seconds
[2025-06-21T21:01:18.116-0300] {processor.py:157} INFO - Started process (PID=90528) to work on /mnt/c/Users/arcan/Documents/airflow/dags/pipeline_coingecko.py
[2025-06-21T21:01:18.118-0300] {processor.py:829} INFO - Processing file /mnt/c/Users/arcan/Documents/airflow/dags/pipeline_coingecko.py for tasks to queue
[2025-06-21T21:01:18.119-0300] {logging_mixin.py:154} INFO - [2025-06-21T21:01:18.119-0300] {dagbag.py:536} INFO - Filling up the DagBag from /mnt/c/Users/arcan/Documents/airflow/dags/pipeline_coingecko.py
[2025-06-21T21:01:18.143-0300] {processor.py:839} INFO - DAG(s) dict_keys(['PIPELINE_COINGECKO']) retrieved from /mnt/c/Users/arcan/Documents/airflow/dags/pipeline_coingecko.py
[2025-06-21T21:01:18.288-0300] {logging_mixin.py:154} INFO - [2025-06-21T21:01:18.288-0300] {dag.py:2941} INFO - Sync 1 DAGs
[2025-06-21T21:01:18.308-0300] {logging_mixin.py:154} INFO - [2025-06-21T21:01:18.308-0300] {dag.py:3722} INFO - Setting next_dagrun for PIPELINE_COINGECKO to None, run_after=None
[2025-06-21T21:01:18.405-0300] {processor.py:179} INFO - Processing /mnt/c/Users/arcan/Documents/airflow/dags/pipeline_coingecko.py took 0.296 seconds
[2025-06-21T21:01:48.795-0300] {processor.py:157} INFO - Started process (PID=90649) to work on /mnt/c/Users/arcan/Documents/airflow/dags/pipeline_coingecko.py
[2025-06-21T21:01:48.797-0300] {processor.py:829} INFO - Processing file /mnt/c/Users/arcan/Documents/airflow/dags/pipeline_coingecko.py for tasks to queue
[2025-06-21T21:01:48.799-0300] {logging_mixin.py:154} INFO - [2025-06-21T21:01:48.799-0300] {dagbag.py:536} INFO - Filling up the DagBag from /mnt/c/Users/arcan/Documents/airflow/dags/pipeline_coingecko.py
[2025-06-21T21:01:48.820-0300] {processor.py:839} INFO - DAG(s) dict_keys(['PIPELINE_COINGECKO']) retrieved from /mnt/c/Users/arcan/Documents/airflow/dags/pipeline_coingecko.py
[2025-06-21T21:01:48.953-0300] {logging_mixin.py:154} INFO - [2025-06-21T21:01:48.953-0300] {dag.py:2941} INFO - Sync 1 DAGs
[2025-06-21T21:01:48.968-0300] {logging_mixin.py:154} INFO - [2025-06-21T21:01:48.968-0300] {dag.py:3722} INFO - Setting next_dagrun for PIPELINE_COINGECKO to None, run_after=None
[2025-06-21T21:01:49.047-0300] {processor.py:179} INFO - Processing /mnt/c/Users/arcan/Documents/airflow/dags/pipeline_coingecko.py took 0.256 seconds
[2025-06-21T21:02:19.523-0300] {processor.py:157} INFO - Started process (PID=90656) to work on /mnt/c/Users/arcan/Documents/airflow/dags/pipeline_coingecko.py
[2025-06-21T21:02:19.525-0300] {processor.py:829} INFO - Processing file /mnt/c/Users/arcan/Documents/airflow/dags/pipeline_coingecko.py for tasks to queue
[2025-06-21T21:02:19.527-0300] {logging_mixin.py:154} INFO - [2025-06-21T21:02:19.527-0300] {dagbag.py:536} INFO - Filling up the DagBag from /mnt/c/Users/arcan/Documents/airflow/dags/pipeline_coingecko.py
[2025-06-21T21:02:19.552-0300] {processor.py:839} INFO - DAG(s) dict_keys(['PIPELINE_COINGECKO']) retrieved from /mnt/c/Users/arcan/Documents/airflow/dags/pipeline_coingecko.py
[2025-06-21T21:02:19.696-0300] {logging_mixin.py:154} INFO - [2025-06-21T21:02:19.696-0300] {dag.py:2941} INFO - Sync 1 DAGs
[2025-06-21T21:02:19.715-0300] {logging_mixin.py:154} INFO - [2025-06-21T21:02:19.715-0300] {dag.py:3722} INFO - Setting next_dagrun for PIPELINE_COINGECKO to None, run_after=None
[2025-06-21T21:02:19.792-0300] {processor.py:179} INFO - Processing /mnt/c/Users/arcan/Documents/airflow/dags/pipeline_coingecko.py took 0.275 seconds
[2025-06-21T21:02:50.421-0300] {processor.py:157} INFO - Started process (PID=90660) to work on /mnt/c/Users/arcan/Documents/airflow/dags/pipeline_coingecko.py
[2025-06-21T21:02:50.423-0300] {processor.py:829} INFO - Processing file /mnt/c/Users/arcan/Documents/airflow/dags/pipeline_coingecko.py for tasks to queue
[2025-06-21T21:02:50.424-0300] {logging_mixin.py:154} INFO - [2025-06-21T21:02:50.424-0300] {dagbag.py:536} INFO - Filling up the DagBag from /mnt/c/Users/arcan/Documents/airflow/dags/pipeline_coingecko.py
[2025-06-21T21:02:50.446-0300] {processor.py:839} INFO - DAG(s) dict_keys(['PIPELINE_COINGECKO']) retrieved from /mnt/c/Users/arcan/Documents/airflow/dags/pipeline_coingecko.py
[2025-06-21T21:02:50.581-0300] {logging_mixin.py:154} INFO - [2025-06-21T21:02:50.580-0300] {dag.py:2941} INFO - Sync 1 DAGs
[2025-06-21T21:02:50.598-0300] {logging_mixin.py:154} INFO - [2025-06-21T21:02:50.597-0300] {dag.py:3722} INFO - Setting next_dagrun for PIPELINE_COINGECKO to None, run_after=None
[2025-06-21T21:02:50.672-0300] {processor.py:179} INFO - Processing /mnt/c/Users/arcan/Documents/airflow/dags/pipeline_coingecko.py took 0.256 seconds
[2025-06-21T21:03:20.949-0300] {processor.py:157} INFO - Started process (PID=90665) to work on /mnt/c/Users/arcan/Documents/airflow/dags/pipeline_coingecko.py
[2025-06-21T21:03:20.950-0300] {processor.py:829} INFO - Processing file /mnt/c/Users/arcan/Documents/airflow/dags/pipeline_coingecko.py for tasks to queue
[2025-06-21T21:03:20.952-0300] {logging_mixin.py:154} INFO - [2025-06-21T21:03:20.952-0300] {dagbag.py:536} INFO - Filling up the DagBag from /mnt/c/Users/arcan/Documents/airflow/dags/pipeline_coingecko.py
[2025-06-21T21:03:20.972-0300] {processor.py:839} INFO - DAG(s) dict_keys(['PIPELINE_COINGECKO']) retrieved from /mnt/c/Users/arcan/Documents/airflow/dags/pipeline_coingecko.py
[2025-06-21T21:03:21.094-0300] {logging_mixin.py:154} INFO - [2025-06-21T21:03:21.094-0300] {dag.py:2941} INFO - Sync 1 DAGs
[2025-06-21T21:03:21.109-0300] {logging_mixin.py:154} INFO - [2025-06-21T21:03:21.109-0300] {dag.py:3722} INFO - Setting next_dagrun for PIPELINE_COINGECKO to None, run_after=None
[2025-06-21T21:03:21.181-0300] {processor.py:179} INFO - Processing /mnt/c/Users/arcan/Documents/airflow/dags/pipeline_coingecko.py took 0.236 seconds
[2025-06-21T21:03:51.595-0300] {processor.py:157} INFO - Started process (PID=90671) to work on /mnt/c/Users/arcan/Documents/airflow/dags/pipeline_coingecko.py
[2025-06-21T21:03:51.598-0300] {processor.py:829} INFO - Processing file /mnt/c/Users/arcan/Documents/airflow/dags/pipeline_coingecko.py for tasks to queue
[2025-06-21T21:03:51.600-0300] {logging_mixin.py:154} INFO - [2025-06-21T21:03:51.599-0300] {dagbag.py:536} INFO - Filling up the DagBag from /mnt/c/Users/arcan/Documents/airflow/dags/pipeline_coingecko.py
[2025-06-21T21:03:51.625-0300] {processor.py:839} INFO - DAG(s) dict_keys(['PIPELINE_COINGECKO']) retrieved from /mnt/c/Users/arcan/Documents/airflow/dags/pipeline_coingecko.py
[2025-06-21T21:03:51.772-0300] {logging_mixin.py:154} INFO - [2025-06-21T21:03:51.772-0300] {dag.py:2941} INFO - Sync 1 DAGs
[2025-06-21T21:03:51.789-0300] {logging_mixin.py:154} INFO - [2025-06-21T21:03:51.789-0300] {dag.py:3722} INFO - Setting next_dagrun for PIPELINE_COINGECKO to None, run_after=None
[2025-06-21T21:03:51.877-0300] {processor.py:179} INFO - Processing /mnt/c/Users/arcan/Documents/airflow/dags/pipeline_coingecko.py took 0.287 seconds
[2025-06-21T21:04:22.074-0300] {processor.py:157} INFO - Started process (PID=90681) to work on /mnt/c/Users/arcan/Documents/airflow/dags/pipeline_coingecko.py
[2025-06-21T21:04:22.076-0300] {processor.py:829} INFO - Processing file /mnt/c/Users/arcan/Documents/airflow/dags/pipeline_coingecko.py for tasks to queue
[2025-06-21T21:04:22.078-0300] {logging_mixin.py:154} INFO - [2025-06-21T21:04:22.078-0300] {dagbag.py:536} INFO - Filling up the DagBag from /mnt/c/Users/arcan/Documents/airflow/dags/pipeline_coingecko.py
[2025-06-21T21:04:22.102-0300] {processor.py:839} INFO - DAG(s) dict_keys(['PIPELINE_COINGECKO']) retrieved from /mnt/c/Users/arcan/Documents/airflow/dags/pipeline_coingecko.py
[2025-06-21T21:04:22.257-0300] {logging_mixin.py:154} INFO - [2025-06-21T21:04:22.256-0300] {dag.py:2941} INFO - Sync 1 DAGs
[2025-06-21T21:04:22.280-0300] {logging_mixin.py:154} INFO - [2025-06-21T21:04:22.280-0300] {dag.py:3722} INFO - Setting next_dagrun for PIPELINE_COINGECKO to None, run_after=None
[2025-06-21T21:04:22.365-0300] {processor.py:179} INFO - Processing /mnt/c/Users/arcan/Documents/airflow/dags/pipeline_coingecko.py took 0.298 seconds
[2025-06-21T21:04:52.912-0300] {processor.py:157} INFO - Started process (PID=90693) to work on /mnt/c/Users/arcan/Documents/airflow/dags/pipeline_coingecko.py
[2025-06-21T21:04:52.914-0300] {processor.py:829} INFO - Processing file /mnt/c/Users/arcan/Documents/airflow/dags/pipeline_coingecko.py for tasks to queue
[2025-06-21T21:04:52.915-0300] {logging_mixin.py:154} INFO - [2025-06-21T21:04:52.915-0300] {dagbag.py:536} INFO - Filling up the DagBag from /mnt/c/Users/arcan/Documents/airflow/dags/pipeline_coingecko.py
[2025-06-21T21:04:52.938-0300] {processor.py:839} INFO - DAG(s) dict_keys(['PIPELINE_COINGECKO']) retrieved from /mnt/c/Users/arcan/Documents/airflow/dags/pipeline_coingecko.py
[2025-06-21T21:04:53.101-0300] {logging_mixin.py:154} INFO - [2025-06-21T21:04:53.101-0300] {dag.py:2941} INFO - Sync 1 DAGs
[2025-06-21T21:04:53.118-0300] {logging_mixin.py:154} INFO - [2025-06-21T21:04:53.118-0300] {dag.py:3722} INFO - Setting next_dagrun for PIPELINE_COINGECKO to None, run_after=None
[2025-06-21T21:04:53.204-0300] {processor.py:179} INFO - Processing /mnt/c/Users/arcan/Documents/airflow/dags/pipeline_coingecko.py took 0.296 seconds
[2025-06-21T21:05:23.595-0300] {processor.py:157} INFO - Started process (PID=90712) to work on /mnt/c/Users/arcan/Documents/airflow/dags/pipeline_coingecko.py
[2025-06-21T21:05:23.597-0300] {processor.py:829} INFO - Processing file /mnt/c/Users/arcan/Documents/airflow/dags/pipeline_coingecko.py for tasks to queue
[2025-06-21T21:05:23.599-0300] {logging_mixin.py:154} INFO - [2025-06-21T21:05:23.598-0300] {dagbag.py:536} INFO - Filling up the DagBag from /mnt/c/Users/arcan/Documents/airflow/dags/pipeline_coingecko.py
[2025-06-21T21:05:23.619-0300] {processor.py:839} INFO - DAG(s) dict_keys(['PIPELINE_COINGECKO']) retrieved from /mnt/c/Users/arcan/Documents/airflow/dags/pipeline_coingecko.py
[2025-06-21T21:05:23.768-0300] {logging_mixin.py:154} INFO - [2025-06-21T21:05:23.768-0300] {dag.py:2941} INFO - Sync 1 DAGs
[2025-06-21T21:05:23.788-0300] {logging_mixin.py:154} INFO - [2025-06-21T21:05:23.787-0300] {dag.py:3722} INFO - Setting next_dagrun for PIPELINE_COINGECKO to None, run_after=None
[2025-06-21T21:05:23.870-0300] {processor.py:179} INFO - Processing /mnt/c/Users/arcan/Documents/airflow/dags/pipeline_coingecko.py took 0.281 seconds
[2025-06-21T21:05:54.873-0300] {processor.py:157} INFO - Started process (PID=90855) to work on /mnt/c/Users/arcan/Documents/airflow/dags/pipeline_coingecko.py
[2025-06-21T21:05:54.875-0300] {processor.py:829} INFO - Processing file /mnt/c/Users/arcan/Documents/airflow/dags/pipeline_coingecko.py for tasks to queue
[2025-06-21T21:05:54.877-0300] {logging_mixin.py:154} INFO - [2025-06-21T21:05:54.876-0300] {dagbag.py:536} INFO - Filling up the DagBag from /mnt/c/Users/arcan/Documents/airflow/dags/pipeline_coingecko.py
[2025-06-21T21:05:54.898-0300] {processor.py:839} INFO - DAG(s) dict_keys(['PIPELINE_COINGECKO']) retrieved from /mnt/c/Users/arcan/Documents/airflow/dags/pipeline_coingecko.py
[2025-06-21T21:05:55.043-0300] {logging_mixin.py:154} INFO - [2025-06-21T21:05:55.042-0300] {dag.py:2941} INFO - Sync 1 DAGs
[2025-06-21T21:05:55.064-0300] {logging_mixin.py:154} INFO - [2025-06-21T21:05:55.064-0300] {dag.py:3722} INFO - Setting next_dagrun for PIPELINE_COINGECKO to None, run_after=None
[2025-06-21T21:05:55.143-0300] {processor.py:179} INFO - Processing /mnt/c/Users/arcan/Documents/airflow/dags/pipeline_coingecko.py took 0.274 seconds
[2025-06-21T21:06:25.769-0300] {processor.py:157} INFO - Started process (PID=90899) to work on /mnt/c/Users/arcan/Documents/airflow/dags/pipeline_coingecko.py
[2025-06-21T21:06:25.771-0300] {processor.py:829} INFO - Processing file /mnt/c/Users/arcan/Documents/airflow/dags/pipeline_coingecko.py for tasks to queue
[2025-06-21T21:06:25.772-0300] {logging_mixin.py:154} INFO - [2025-06-21T21:06:25.772-0300] {dagbag.py:536} INFO - Filling up the DagBag from /mnt/c/Users/arcan/Documents/airflow/dags/pipeline_coingecko.py
[2025-06-21T21:06:25.794-0300] {processor.py:839} INFO - DAG(s) dict_keys(['PIPELINE_COINGECKO']) retrieved from /mnt/c/Users/arcan/Documents/airflow/dags/pipeline_coingecko.py
[2025-06-21T21:06:25.926-0300] {logging_mixin.py:154} INFO - [2025-06-21T21:06:25.926-0300] {dag.py:2941} INFO - Sync 1 DAGs
[2025-06-21T21:06:25.941-0300] {logging_mixin.py:154} INFO - [2025-06-21T21:06:25.941-0300] {dag.py:3722} INFO - Setting next_dagrun for PIPELINE_COINGECKO to None, run_after=None
[2025-06-21T21:06:26.011-0300] {processor.py:179} INFO - Processing /mnt/c/Users/arcan/Documents/airflow/dags/pipeline_coingecko.py took 0.245 seconds
[2025-06-21T21:06:57.064-0300] {processor.py:157} INFO - Started process (PID=90906) to work on /mnt/c/Users/arcan/Documents/airflow/dags/pipeline_coingecko.py
[2025-06-21T21:06:57.066-0300] {processor.py:829} INFO - Processing file /mnt/c/Users/arcan/Documents/airflow/dags/pipeline_coingecko.py for tasks to queue
[2025-06-21T21:06:57.069-0300] {logging_mixin.py:154} INFO - [2025-06-21T21:06:57.068-0300] {dagbag.py:536} INFO - Filling up the DagBag from /mnt/c/Users/arcan/Documents/airflow/dags/pipeline_coingecko.py
[2025-06-21T21:06:57.098-0300] {processor.py:839} INFO - DAG(s) dict_keys(['PIPELINE_COINGECKO']) retrieved from /mnt/c/Users/arcan/Documents/airflow/dags/pipeline_coingecko.py
[2025-06-21T21:06:57.281-0300] {logging_mixin.py:154} INFO - [2025-06-21T21:06:57.281-0300] {dag.py:2941} INFO - Sync 1 DAGs
[2025-06-21T21:06:57.310-0300] {logging_mixin.py:154} INFO - [2025-06-21T21:06:57.310-0300] {dag.py:3722} INFO - Setting next_dagrun for PIPELINE_COINGECKO to None, run_after=None
[2025-06-21T21:06:57.426-0300] {processor.py:179} INFO - Processing /mnt/c/Users/arcan/Documents/airflow/dags/pipeline_coingecko.py took 0.368 seconds
[2025-06-21T21:07:28.444-0300] {processor.py:157} INFO - Started process (PID=90947) to work on /mnt/c/Users/arcan/Documents/airflow/dags/pipeline_coingecko.py
[2025-06-21T21:07:28.447-0300] {processor.py:829} INFO - Processing file /mnt/c/Users/arcan/Documents/airflow/dags/pipeline_coingecko.py for tasks to queue
[2025-06-21T21:07:28.449-0300] {logging_mixin.py:154} INFO - [2025-06-21T21:07:28.448-0300] {dagbag.py:536} INFO - Filling up the DagBag from /mnt/c/Users/arcan/Documents/airflow/dags/pipeline_coingecko.py
[2025-06-21T21:07:28.476-0300] {processor.py:839} INFO - DAG(s) dict_keys(['PIPELINE_COINGECKO']) retrieved from /mnt/c/Users/arcan/Documents/airflow/dags/pipeline_coingecko.py
[2025-06-21T21:07:28.629-0300] {logging_mixin.py:154} INFO - [2025-06-21T21:07:28.629-0300] {dag.py:2941} INFO - Sync 1 DAGs
[2025-06-21T21:07:28.647-0300] {logging_mixin.py:154} INFO - [2025-06-21T21:07:28.647-0300] {dag.py:3722} INFO - Setting next_dagrun for PIPELINE_COINGECKO to None, run_after=None
[2025-06-21T21:07:28.730-0300] {processor.py:179} INFO - Processing /mnt/c/Users/arcan/Documents/airflow/dags/pipeline_coingecko.py took 0.291 seconds
