[2025-06-16T22:04:19.829-0300] {processor.py:157} INFO - Started process (PID=57379) to work on /mnt/c/Users/arcan/Documents/airflow/.venv/lib/python3.10/site-packages/airflow/example_dags/example_branch_day_of_week_operator.py
[2025-06-16T22:04:19.831-0300] {processor.py:829} INFO - Processing file /mnt/c/Users/arcan/Documents/airflow/.venv/lib/python3.10/site-packages/airflow/example_dags/example_branch_day_of_week_operator.py for tasks to queue
[2025-06-16T22:04:19.833-0300] {logging_mixin.py:154} INFO - [2025-06-16T22:04:19.832-0300] {dagbag.py:536} INFO - Filling up the DagBag from /mnt/c/Users/arcan/Documents/airflow/.venv/lib/python3.10/site-packages/airflow/example_dags/example_branch_day_of_week_operator.py
[2025-06-16T22:04:19.882-0300] {processor.py:839} INFO - DAG(s) dict_keys(['example_weekday_branch_operator']) retrieved from /mnt/c/Users/arcan/Documents/airflow/.venv/lib/python3.10/site-packages/airflow/example_dags/example_branch_day_of_week_operator.py
[2025-06-16T22:04:19.925-0300] {logging_mixin.py:154} INFO - [2025-06-16T22:04:19.925-0300] {dag.py:2941} INFO - Sync 1 DAGs
[2025-06-16T22:04:19.960-0300] {logging_mixin.py:154} INFO - [2025-06-16T22:04:19.959-0300] {dag.py:3722} INFO - Setting next_dagrun for example_weekday_branch_operator to 2025-06-16T00:00:00+00:00, run_after=2025-06-17T00:00:00+00:00
[2025-06-16T22:04:20.057-0300] {processor.py:179} INFO - Processing /mnt/c/Users/arcan/Documents/airflow/.venv/lib/python3.10/site-packages/airflow/example_dags/example_branch_day_of_week_operator.py took 0.233 seconds
[2025-06-16T22:05:33.203-0300] {processor.py:157} INFO - Started process (PID=57622) to work on /mnt/c/Users/arcan/Documents/airflow/.venv/lib/python3.10/site-packages/airflow/example_dags/example_branch_day_of_week_operator.py
[2025-06-16T22:05:33.205-0300] {processor.py:829} INFO - Processing file /mnt/c/Users/arcan/Documents/airflow/.venv/lib/python3.10/site-packages/airflow/example_dags/example_branch_day_of_week_operator.py for tasks to queue
[2025-06-16T22:05:33.208-0300] {logging_mixin.py:154} INFO - [2025-06-16T22:05:33.207-0300] {dagbag.py:536} INFO - Filling up the DagBag from /mnt/c/Users/arcan/Documents/airflow/.venv/lib/python3.10/site-packages/airflow/example_dags/example_branch_day_of_week_operator.py
[2025-06-16T22:05:33.271-0300] {processor.py:839} INFO - DAG(s) dict_keys(['example_weekday_branch_operator']) retrieved from /mnt/c/Users/arcan/Documents/airflow/.venv/lib/python3.10/site-packages/airflow/example_dags/example_branch_day_of_week_operator.py
[2025-06-16T22:05:33.323-0300] {logging_mixin.py:154} INFO - [2025-06-16T22:05:33.322-0300] {dag.py:2941} INFO - Sync 1 DAGs
[2025-06-16T22:05:33.361-0300] {logging_mixin.py:154} INFO - [2025-06-16T22:05:33.361-0300] {dag.py:3722} INFO - Setting next_dagrun for example_weekday_branch_operator to 2025-06-16T00:00:00+00:00, run_after=2025-06-17T00:00:00+00:00
[2025-06-16T22:05:33.482-0300] {processor.py:179} INFO - Processing /mnt/c/Users/arcan/Documents/airflow/.venv/lib/python3.10/site-packages/airflow/example_dags/example_branch_day_of_week_operator.py took 0.286 seconds
[2025-06-16T22:06:44.296-0300] {processor.py:157} INFO - Started process (PID=57832) to work on /mnt/c/Users/arcan/Documents/airflow/.venv/lib/python3.10/site-packages/airflow/example_dags/example_branch_day_of_week_operator.py
[2025-06-16T22:06:44.299-0300] {processor.py:829} INFO - Processing file /mnt/c/Users/arcan/Documents/airflow/.venv/lib/python3.10/site-packages/airflow/example_dags/example_branch_day_of_week_operator.py for tasks to queue
[2025-06-16T22:06:44.301-0300] {logging_mixin.py:154} INFO - [2025-06-16T22:06:44.301-0300] {dagbag.py:536} INFO - Filling up the DagBag from /mnt/c/Users/arcan/Documents/airflow/.venv/lib/python3.10/site-packages/airflow/example_dags/example_branch_day_of_week_operator.py
[2025-06-16T22:06:44.360-0300] {processor.py:839} INFO - DAG(s) dict_keys(['example_weekday_branch_operator']) retrieved from /mnt/c/Users/arcan/Documents/airflow/.venv/lib/python3.10/site-packages/airflow/example_dags/example_branch_day_of_week_operator.py
[2025-06-16T22:06:44.423-0300] {logging_mixin.py:154} INFO - [2025-06-16T22:06:44.422-0300] {dag.py:2941} INFO - Sync 1 DAGs
[2025-06-16T22:06:44.466-0300] {logging_mixin.py:154} INFO - [2025-06-16T22:06:44.465-0300] {dag.py:3722} INFO - Setting next_dagrun for example_weekday_branch_operator to 2025-06-16T00:00:00+00:00, run_after=2025-06-17T00:00:00+00:00
[2025-06-16T22:06:44.595-0300] {processor.py:179} INFO - Processing /mnt/c/Users/arcan/Documents/airflow/.venv/lib/python3.10/site-packages/airflow/example_dags/example_branch_day_of_week_operator.py took 0.307 seconds
[2025-06-16T22:07:55.917-0300] {processor.py:157} INFO - Started process (PID=58041) to work on /mnt/c/Users/arcan/Documents/airflow/.venv/lib/python3.10/site-packages/airflow/example_dags/example_branch_day_of_week_operator.py
[2025-06-16T22:07:55.920-0300] {processor.py:829} INFO - Processing file /mnt/c/Users/arcan/Documents/airflow/.venv/lib/python3.10/site-packages/airflow/example_dags/example_branch_day_of_week_operator.py for tasks to queue
[2025-06-16T22:07:55.923-0300] {logging_mixin.py:154} INFO - [2025-06-16T22:07:55.921-0300] {dagbag.py:536} INFO - Filling up the DagBag from /mnt/c/Users/arcan/Documents/airflow/.venv/lib/python3.10/site-packages/airflow/example_dags/example_branch_day_of_week_operator.py
[2025-06-16T22:07:55.991-0300] {processor.py:839} INFO - DAG(s) dict_keys(['example_weekday_branch_operator']) retrieved from /mnt/c/Users/arcan/Documents/airflow/.venv/lib/python3.10/site-packages/airflow/example_dags/example_branch_day_of_week_operator.py
[2025-06-16T22:07:56.065-0300] {logging_mixin.py:154} INFO - [2025-06-16T22:07:56.065-0300] {dag.py:2941} INFO - Sync 1 DAGs
[2025-06-16T22:07:56.118-0300] {logging_mixin.py:154} INFO - [2025-06-16T22:07:56.118-0300] {dag.py:3722} INFO - Setting next_dagrun for example_weekday_branch_operator to 2025-06-16T00:00:00+00:00, run_after=2025-06-17T00:00:00+00:00
[2025-06-16T22:07:56.251-0300] {processor.py:179} INFO - Processing /mnt/c/Users/arcan/Documents/airflow/.venv/lib/python3.10/site-packages/airflow/example_dags/example_branch_day_of_week_operator.py took 0.342 seconds
[2025-06-16T22:09:10.370-0300] {processor.py:157} INFO - Started process (PID=58386) to work on /mnt/c/Users/arcan/Documents/airflow/.venv/lib/python3.10/site-packages/airflow/example_dags/example_branch_day_of_week_operator.py
[2025-06-16T22:09:10.372-0300] {processor.py:829} INFO - Processing file /mnt/c/Users/arcan/Documents/airflow/.venv/lib/python3.10/site-packages/airflow/example_dags/example_branch_day_of_week_operator.py for tasks to queue
[2025-06-16T22:09:10.375-0300] {logging_mixin.py:154} INFO - [2025-06-16T22:09:10.374-0300] {dagbag.py:536} INFO - Filling up the DagBag from /mnt/c/Users/arcan/Documents/airflow/.venv/lib/python3.10/site-packages/airflow/example_dags/example_branch_day_of_week_operator.py
[2025-06-16T22:09:10.419-0300] {processor.py:839} INFO - DAG(s) dict_keys(['example_weekday_branch_operator']) retrieved from /mnt/c/Users/arcan/Documents/airflow/.venv/lib/python3.10/site-packages/airflow/example_dags/example_branch_day_of_week_operator.py
[2025-06-16T22:09:10.464-0300] {logging_mixin.py:154} INFO - [2025-06-16T22:09:10.464-0300] {dag.py:2941} INFO - Sync 1 DAGs
[2025-06-16T22:09:10.499-0300] {logging_mixin.py:154} INFO - [2025-06-16T22:09:10.499-0300] {dag.py:3722} INFO - Setting next_dagrun for example_weekday_branch_operator to 2025-06-16T00:00:00+00:00, run_after=2025-06-17T00:00:00+00:00
[2025-06-16T22:09:10.597-0300] {processor.py:179} INFO - Processing /mnt/c/Users/arcan/Documents/airflow/.venv/lib/python3.10/site-packages/airflow/example_dags/example_branch_day_of_week_operator.py took 0.232 seconds
[2025-06-16T22:10:14.355-0300] {processor.py:157} INFO - Started process (PID=58579) to work on /mnt/c/Users/arcan/Documents/airflow/.venv/lib/python3.10/site-packages/airflow/example_dags/example_branch_day_of_week_operator.py
[2025-06-16T22:10:14.357-0300] {processor.py:829} INFO - Processing file /mnt/c/Users/arcan/Documents/airflow/.venv/lib/python3.10/site-packages/airflow/example_dags/example_branch_day_of_week_operator.py for tasks to queue
[2025-06-16T22:10:14.359-0300] {logging_mixin.py:154} INFO - [2025-06-16T22:10:14.359-0300] {dagbag.py:536} INFO - Filling up the DagBag from /mnt/c/Users/arcan/Documents/airflow/.venv/lib/python3.10/site-packages/airflow/example_dags/example_branch_day_of_week_operator.py
[2025-06-16T22:10:14.403-0300] {processor.py:839} INFO - DAG(s) dict_keys(['example_weekday_branch_operator']) retrieved from /mnt/c/Users/arcan/Documents/airflow/.venv/lib/python3.10/site-packages/airflow/example_dags/example_branch_day_of_week_operator.py
[2025-06-16T22:10:14.452-0300] {logging_mixin.py:154} INFO - [2025-06-16T22:10:14.451-0300] {dag.py:2941} INFO - Sync 1 DAGs
[2025-06-16T22:10:14.495-0300] {logging_mixin.py:154} INFO - [2025-06-16T22:10:14.494-0300] {dag.py:3722} INFO - Setting next_dagrun for example_weekday_branch_operator to 2025-06-16T00:00:00+00:00, run_after=2025-06-17T00:00:00+00:00
[2025-06-16T22:10:14.590-0300] {processor.py:179} INFO - Processing /mnt/c/Users/arcan/Documents/airflow/.venv/lib/python3.10/site-packages/airflow/example_dags/example_branch_day_of_week_operator.py took 0.241 seconds
[2025-06-16T22:11:18.312-0300] {processor.py:157} INFO - Started process (PID=58770) to work on /mnt/c/Users/arcan/Documents/airflow/.venv/lib/python3.10/site-packages/airflow/example_dags/example_branch_day_of_week_operator.py
[2025-06-16T22:11:18.314-0300] {processor.py:829} INFO - Processing file /mnt/c/Users/arcan/Documents/airflow/.venv/lib/python3.10/site-packages/airflow/example_dags/example_branch_day_of_week_operator.py for tasks to queue
[2025-06-16T22:11:18.316-0300] {logging_mixin.py:154} INFO - [2025-06-16T22:11:18.315-0300] {dagbag.py:536} INFO - Filling up the DagBag from /mnt/c/Users/arcan/Documents/airflow/.venv/lib/python3.10/site-packages/airflow/example_dags/example_branch_day_of_week_operator.py
[2025-06-16T22:11:18.365-0300] {processor.py:839} INFO - DAG(s) dict_keys(['example_weekday_branch_operator']) retrieved from /mnt/c/Users/arcan/Documents/airflow/.venv/lib/python3.10/site-packages/airflow/example_dags/example_branch_day_of_week_operator.py
[2025-06-16T22:11:18.410-0300] {logging_mixin.py:154} INFO - [2025-06-16T22:11:18.410-0300] {dag.py:2941} INFO - Sync 1 DAGs
[2025-06-16T22:11:18.447-0300] {logging_mixin.py:154} INFO - [2025-06-16T22:11:18.446-0300] {dag.py:3722} INFO - Setting next_dagrun for example_weekday_branch_operator to 2025-06-16T00:00:00+00:00, run_after=2025-06-17T00:00:00+00:00
[2025-06-16T22:11:18.556-0300] {processor.py:179} INFO - Processing /mnt/c/Users/arcan/Documents/airflow/.venv/lib/python3.10/site-packages/airflow/example_dags/example_branch_day_of_week_operator.py took 0.249 seconds
[2025-06-16T22:12:17.749-0300] {processor.py:157} INFO - Started process (PID=58951) to work on /mnt/c/Users/arcan/Documents/airflow/.venv/lib/python3.10/site-packages/airflow/example_dags/example_branch_day_of_week_operator.py
[2025-06-16T22:12:17.751-0300] {processor.py:829} INFO - Processing file /mnt/c/Users/arcan/Documents/airflow/.venv/lib/python3.10/site-packages/airflow/example_dags/example_branch_day_of_week_operator.py for tasks to queue
[2025-06-16T22:12:17.753-0300] {logging_mixin.py:154} INFO - [2025-06-16T22:12:17.752-0300] {dagbag.py:536} INFO - Filling up the DagBag from /mnt/c/Users/arcan/Documents/airflow/.venv/lib/python3.10/site-packages/airflow/example_dags/example_branch_day_of_week_operator.py
[2025-06-16T22:12:17.798-0300] {processor.py:839} INFO - DAG(s) dict_keys(['example_weekday_branch_operator']) retrieved from /mnt/c/Users/arcan/Documents/airflow/.venv/lib/python3.10/site-packages/airflow/example_dags/example_branch_day_of_week_operator.py
[2025-06-16T22:12:17.844-0300] {logging_mixin.py:154} INFO - [2025-06-16T22:12:17.844-0300] {dag.py:2941} INFO - Sync 1 DAGs
[2025-06-16T22:12:17.878-0300] {logging_mixin.py:154} INFO - [2025-06-16T22:12:17.877-0300] {dag.py:3722} INFO - Setting next_dagrun for example_weekday_branch_operator to 2025-06-16T00:00:00+00:00, run_after=2025-06-17T00:00:00+00:00
[2025-06-16T22:12:17.993-0300] {processor.py:179} INFO - Processing /mnt/c/Users/arcan/Documents/airflow/.venv/lib/python3.10/site-packages/airflow/example_dags/example_branch_day_of_week_operator.py took 0.250 seconds
[2025-06-16T22:13:50.792-0300] {processor.py:157} INFO - Started process (PID=59230) to work on /mnt/c/Users/arcan/Documents/airflow/.venv/lib/python3.10/site-packages/airflow/example_dags/example_branch_day_of_week_operator.py
[2025-06-16T22:13:50.793-0300] {processor.py:829} INFO - Processing file /mnt/c/Users/arcan/Documents/airflow/.venv/lib/python3.10/site-packages/airflow/example_dags/example_branch_day_of_week_operator.py for tasks to queue
[2025-06-16T22:13:50.795-0300] {logging_mixin.py:154} INFO - [2025-06-16T22:13:50.794-0300] {dagbag.py:536} INFO - Filling up the DagBag from /mnt/c/Users/arcan/Documents/airflow/.venv/lib/python3.10/site-packages/airflow/example_dags/example_branch_day_of_week_operator.py
[2025-06-16T22:13:50.845-0300] {processor.py:839} INFO - DAG(s) dict_keys(['example_weekday_branch_operator']) retrieved from /mnt/c/Users/arcan/Documents/airflow/.venv/lib/python3.10/site-packages/airflow/example_dags/example_branch_day_of_week_operator.py
[2025-06-16T22:13:50.896-0300] {logging_mixin.py:154} INFO - [2025-06-16T22:13:50.896-0300] {dag.py:2941} INFO - Sync 1 DAGs
[2025-06-16T22:13:50.940-0300] {logging_mixin.py:154} INFO - [2025-06-16T22:13:50.940-0300] {dag.py:3722} INFO - Setting next_dagrun for example_weekday_branch_operator to 2025-06-16T00:00:00+00:00, run_after=2025-06-17T00:00:00+00:00
[2025-06-16T22:13:51.037-0300] {processor.py:179} INFO - Processing /mnt/c/Users/arcan/Documents/airflow/.venv/lib/python3.10/site-packages/airflow/example_dags/example_branch_day_of_week_operator.py took 0.250 seconds
[2025-06-16T22:14:58.803-0300] {processor.py:157} INFO - Started process (PID=59435) to work on /mnt/c/Users/arcan/Documents/airflow/.venv/lib/python3.10/site-packages/airflow/example_dags/example_branch_day_of_week_operator.py
[2025-06-16T22:14:58.806-0300] {processor.py:829} INFO - Processing file /mnt/c/Users/arcan/Documents/airflow/.venv/lib/python3.10/site-packages/airflow/example_dags/example_branch_day_of_week_operator.py for tasks to queue
[2025-06-16T22:14:58.808-0300] {logging_mixin.py:154} INFO - [2025-06-16T22:14:58.807-0300] {dagbag.py:536} INFO - Filling up the DagBag from /mnt/c/Users/arcan/Documents/airflow/.venv/lib/python3.10/site-packages/airflow/example_dags/example_branch_day_of_week_operator.py
[2025-06-16T22:14:58.861-0300] {processor.py:839} INFO - DAG(s) dict_keys(['example_weekday_branch_operator']) retrieved from /mnt/c/Users/arcan/Documents/airflow/.venv/lib/python3.10/site-packages/airflow/example_dags/example_branch_day_of_week_operator.py
[2025-06-16T22:14:58.901-0300] {logging_mixin.py:154} INFO - [2025-06-16T22:14:58.900-0300] {dag.py:2941} INFO - Sync 1 DAGs
[2025-06-16T22:14:58.946-0300] {logging_mixin.py:154} INFO - [2025-06-16T22:14:58.946-0300] {dag.py:3722} INFO - Setting next_dagrun for example_weekday_branch_operator to 2025-06-16T00:00:00+00:00, run_after=2025-06-17T00:00:00+00:00
[2025-06-16T22:14:59.041-0300] {processor.py:179} INFO - Processing /mnt/c/Users/arcan/Documents/airflow/.venv/lib/python3.10/site-packages/airflow/example_dags/example_branch_day_of_week_operator.py took 0.243 seconds
[2025-06-16T22:16:09.231-0300] {processor.py:157} INFO - Started process (PID=59766) to work on /mnt/c/Users/arcan/Documents/airflow/.venv/lib/python3.10/site-packages/airflow/example_dags/example_branch_day_of_week_operator.py
[2025-06-16T22:16:09.233-0300] {processor.py:829} INFO - Processing file /mnt/c/Users/arcan/Documents/airflow/.venv/lib/python3.10/site-packages/airflow/example_dags/example_branch_day_of_week_operator.py for tasks to queue
[2025-06-16T22:16:09.236-0300] {logging_mixin.py:154} INFO - [2025-06-16T22:16:09.235-0300] {dagbag.py:536} INFO - Filling up the DagBag from /mnt/c/Users/arcan/Documents/airflow/.venv/lib/python3.10/site-packages/airflow/example_dags/example_branch_day_of_week_operator.py
[2025-06-16T22:16:09.294-0300] {processor.py:839} INFO - DAG(s) dict_keys(['example_weekday_branch_operator']) retrieved from /mnt/c/Users/arcan/Documents/airflow/.venv/lib/python3.10/site-packages/airflow/example_dags/example_branch_day_of_week_operator.py
[2025-06-16T22:16:09.352-0300] {logging_mixin.py:154} INFO - [2025-06-16T22:16:09.352-0300] {dag.py:2941} INFO - Sync 1 DAGs
[2025-06-16T22:16:09.404-0300] {logging_mixin.py:154} INFO - [2025-06-16T22:16:09.403-0300] {dag.py:3722} INFO - Setting next_dagrun for example_weekday_branch_operator to 2025-06-16T00:00:00+00:00, run_after=2025-06-17T00:00:00+00:00
[2025-06-16T22:16:09.511-0300] {processor.py:179} INFO - Processing /mnt/c/Users/arcan/Documents/airflow/.venv/lib/python3.10/site-packages/airflow/example_dags/example_branch_day_of_week_operator.py took 0.284 seconds
[2025-06-16T22:17:16.615-0300] {processor.py:157} INFO - Started process (PID=59977) to work on /mnt/c/Users/arcan/Documents/airflow/.venv/lib/python3.10/site-packages/airflow/example_dags/example_branch_day_of_week_operator.py
[2025-06-16T22:17:16.616-0300] {processor.py:829} INFO - Processing file /mnt/c/Users/arcan/Documents/airflow/.venv/lib/python3.10/site-packages/airflow/example_dags/example_branch_day_of_week_operator.py for tasks to queue
[2025-06-16T22:17:16.618-0300] {logging_mixin.py:154} INFO - [2025-06-16T22:17:16.617-0300] {dagbag.py:536} INFO - Filling up the DagBag from /mnt/c/Users/arcan/Documents/airflow/.venv/lib/python3.10/site-packages/airflow/example_dags/example_branch_day_of_week_operator.py
[2025-06-16T22:17:16.664-0300] {processor.py:839} INFO - DAG(s) dict_keys(['example_weekday_branch_operator']) retrieved from /mnt/c/Users/arcan/Documents/airflow/.venv/lib/python3.10/site-packages/airflow/example_dags/example_branch_day_of_week_operator.py
[2025-06-16T22:17:16.717-0300] {logging_mixin.py:154} INFO - [2025-06-16T22:17:16.716-0300] {dag.py:2941} INFO - Sync 1 DAGs
[2025-06-16T22:17:16.752-0300] {logging_mixin.py:154} INFO - [2025-06-16T22:17:16.752-0300] {dag.py:3722} INFO - Setting next_dagrun for example_weekday_branch_operator to 2025-06-16T00:00:00+00:00, run_after=2025-06-17T00:00:00+00:00
[2025-06-16T22:17:16.875-0300] {processor.py:179} INFO - Processing /mnt/c/Users/arcan/Documents/airflow/.venv/lib/python3.10/site-packages/airflow/example_dags/example_branch_day_of_week_operator.py took 0.265 seconds
[2025-06-16T22:18:35.883-0300] {processor.py:157} INFO - Started process (PID=60204) to work on /mnt/c/Users/arcan/Documents/airflow/.venv/lib/python3.10/site-packages/airflow/example_dags/example_branch_day_of_week_operator.py
[2025-06-16T22:18:35.886-0300] {processor.py:829} INFO - Processing file /mnt/c/Users/arcan/Documents/airflow/.venv/lib/python3.10/site-packages/airflow/example_dags/example_branch_day_of_week_operator.py for tasks to queue
[2025-06-16T22:18:35.889-0300] {logging_mixin.py:154} INFO - [2025-06-16T22:18:35.888-0300] {dagbag.py:536} INFO - Filling up the DagBag from /mnt/c/Users/arcan/Documents/airflow/.venv/lib/python3.10/site-packages/airflow/example_dags/example_branch_day_of_week_operator.py
[2025-06-16T22:18:35.956-0300] {processor.py:839} INFO - DAG(s) dict_keys(['example_weekday_branch_operator']) retrieved from /mnt/c/Users/arcan/Documents/airflow/.venv/lib/python3.10/site-packages/airflow/example_dags/example_branch_day_of_week_operator.py
[2025-06-16T22:18:36.018-0300] {logging_mixin.py:154} INFO - [2025-06-16T22:18:36.017-0300] {dag.py:2941} INFO - Sync 1 DAGs
[2025-06-16T22:18:36.062-0300] {logging_mixin.py:154} INFO - [2025-06-16T22:18:36.062-0300] {dag.py:3722} INFO - Setting next_dagrun for example_weekday_branch_operator to 2025-06-16T00:00:00+00:00, run_after=2025-06-17T00:00:00+00:00
[2025-06-16T22:18:36.204-0300] {processor.py:179} INFO - Processing /mnt/c/Users/arcan/Documents/airflow/.venv/lib/python3.10/site-packages/airflow/example_dags/example_branch_day_of_week_operator.py took 0.327 seconds
[2025-06-16T22:20:04.225-0300] {processor.py:157} INFO - Started process (PID=60458) to work on /mnt/c/Users/arcan/Documents/airflow/.venv/lib/python3.10/site-packages/airflow/example_dags/example_branch_day_of_week_operator.py
[2025-06-16T22:20:04.227-0300] {processor.py:829} INFO - Processing file /mnt/c/Users/arcan/Documents/airflow/.venv/lib/python3.10/site-packages/airflow/example_dags/example_branch_day_of_week_operator.py for tasks to queue
[2025-06-16T22:20:04.229-0300] {logging_mixin.py:154} INFO - [2025-06-16T22:20:04.228-0300] {dagbag.py:536} INFO - Filling up the DagBag from /mnt/c/Users/arcan/Documents/airflow/.venv/lib/python3.10/site-packages/airflow/example_dags/example_branch_day_of_week_operator.py
[2025-06-16T22:20:04.293-0300] {processor.py:839} INFO - DAG(s) dict_keys(['example_weekday_branch_operator']) retrieved from /mnt/c/Users/arcan/Documents/airflow/.venv/lib/python3.10/site-packages/airflow/example_dags/example_branch_day_of_week_operator.py
[2025-06-16T22:20:04.354-0300] {logging_mixin.py:154} INFO - [2025-06-16T22:20:04.354-0300] {dag.py:2941} INFO - Sync 1 DAGs
[2025-06-16T22:20:04.410-0300] {logging_mixin.py:154} INFO - [2025-06-16T22:20:04.410-0300] {dag.py:3722} INFO - Setting next_dagrun for example_weekday_branch_operator to 2025-06-16T00:00:00+00:00, run_after=2025-06-17T00:00:00+00:00
[2025-06-16T22:20:04.538-0300] {processor.py:179} INFO - Processing /mnt/c/Users/arcan/Documents/airflow/.venv/lib/python3.10/site-packages/airflow/example_dags/example_branch_day_of_week_operator.py took 0.320 seconds
[2025-06-16T22:21:24.615-0300] {processor.py:157} INFO - Started process (PID=60687) to work on /mnt/c/Users/arcan/Documents/airflow/.venv/lib/python3.10/site-packages/airflow/example_dags/example_branch_day_of_week_operator.py
[2025-06-16T22:21:24.617-0300] {processor.py:829} INFO - Processing file /mnt/c/Users/arcan/Documents/airflow/.venv/lib/python3.10/site-packages/airflow/example_dags/example_branch_day_of_week_operator.py for tasks to queue
[2025-06-16T22:21:24.620-0300] {logging_mixin.py:154} INFO - [2025-06-16T22:21:24.619-0300] {dagbag.py:536} INFO - Filling up the DagBag from /mnt/c/Users/arcan/Documents/airflow/.venv/lib/python3.10/site-packages/airflow/example_dags/example_branch_day_of_week_operator.py
[2025-06-16T22:21:24.687-0300] {processor.py:839} INFO - DAG(s) dict_keys(['example_weekday_branch_operator']) retrieved from /mnt/c/Users/arcan/Documents/airflow/.venv/lib/python3.10/site-packages/airflow/example_dags/example_branch_day_of_week_operator.py
[2025-06-16T22:21:24.744-0300] {logging_mixin.py:154} INFO - [2025-06-16T22:21:24.744-0300] {dag.py:2941} INFO - Sync 1 DAGs
[2025-06-16T22:21:24.786-0300] {logging_mixin.py:154} INFO - [2025-06-16T22:21:24.786-0300] {dag.py:3722} INFO - Setting next_dagrun for example_weekday_branch_operator to 2025-06-16T00:00:00+00:00, run_after=2025-06-17T00:00:00+00:00
[2025-06-16T22:21:24.948-0300] {processor.py:179} INFO - Processing /mnt/c/Users/arcan/Documents/airflow/.venv/lib/python3.10/site-packages/airflow/example_dags/example_branch_day_of_week_operator.py took 0.341 seconds
[2025-06-16T22:22:47.545-0300] {processor.py:157} INFO - Started process (PID=60927) to work on /mnt/c/Users/arcan/Documents/airflow/.venv/lib/python3.10/site-packages/airflow/example_dags/example_branch_day_of_week_operator.py
[2025-06-16T22:22:47.548-0300] {processor.py:829} INFO - Processing file /mnt/c/Users/arcan/Documents/airflow/.venv/lib/python3.10/site-packages/airflow/example_dags/example_branch_day_of_week_operator.py for tasks to queue
[2025-06-16T22:22:47.550-0300] {logging_mixin.py:154} INFO - [2025-06-16T22:22:47.549-0300] {dagbag.py:536} INFO - Filling up the DagBag from /mnt/c/Users/arcan/Documents/airflow/.venv/lib/python3.10/site-packages/airflow/example_dags/example_branch_day_of_week_operator.py
[2025-06-16T22:22:47.615-0300] {processor.py:839} INFO - DAG(s) dict_keys(['example_weekday_branch_operator']) retrieved from /mnt/c/Users/arcan/Documents/airflow/.venv/lib/python3.10/site-packages/airflow/example_dags/example_branch_day_of_week_operator.py
[2025-06-16T22:22:47.672-0300] {logging_mixin.py:154} INFO - [2025-06-16T22:22:47.672-0300] {dag.py:2941} INFO - Sync 1 DAGs
[2025-06-16T22:22:47.721-0300] {logging_mixin.py:154} INFO - [2025-06-16T22:22:47.721-0300] {dag.py:3722} INFO - Setting next_dagrun for example_weekday_branch_operator to 2025-06-16T00:00:00+00:00, run_after=2025-06-17T00:00:00+00:00
[2025-06-16T22:22:47.877-0300] {processor.py:179} INFO - Processing /mnt/c/Users/arcan/Documents/airflow/.venv/lib/python3.10/site-packages/airflow/example_dags/example_branch_day_of_week_operator.py took 0.341 seconds
[2025-06-16T22:24:13.103-0300] {processor.py:157} INFO - Started process (PID=61292) to work on /mnt/c/Users/arcan/Documents/airflow/.venv/lib/python3.10/site-packages/airflow/example_dags/example_branch_day_of_week_operator.py
[2025-06-16T22:24:13.106-0300] {processor.py:829} INFO - Processing file /mnt/c/Users/arcan/Documents/airflow/.venv/lib/python3.10/site-packages/airflow/example_dags/example_branch_day_of_week_operator.py for tasks to queue
[2025-06-16T22:24:13.109-0300] {logging_mixin.py:154} INFO - [2025-06-16T22:24:13.108-0300] {dagbag.py:536} INFO - Filling up the DagBag from /mnt/c/Users/arcan/Documents/airflow/.venv/lib/python3.10/site-packages/airflow/example_dags/example_branch_day_of_week_operator.py
[2025-06-16T22:24:13.170-0300] {processor.py:839} INFO - DAG(s) dict_keys(['example_weekday_branch_operator']) retrieved from /mnt/c/Users/arcan/Documents/airflow/.venv/lib/python3.10/site-packages/airflow/example_dags/example_branch_day_of_week_operator.py
[2025-06-16T22:24:13.229-0300] {logging_mixin.py:154} INFO - [2025-06-16T22:24:13.229-0300] {dag.py:2941} INFO - Sync 1 DAGs
[2025-06-16T22:24:13.280-0300] {logging_mixin.py:154} INFO - [2025-06-16T22:24:13.280-0300] {dag.py:3722} INFO - Setting next_dagrun for example_weekday_branch_operator to 2025-06-16T00:00:00+00:00, run_after=2025-06-17T00:00:00+00:00
[2025-06-16T22:24:13.494-0300] {processor.py:179} INFO - Processing /mnt/c/Users/arcan/Documents/airflow/.venv/lib/python3.10/site-packages/airflow/example_dags/example_branch_day_of_week_operator.py took 0.398 seconds
[2025-06-16T22:25:33.313-0300] {processor.py:157} INFO - Started process (PID=61522) to work on /mnt/c/Users/arcan/Documents/airflow/.venv/lib/python3.10/site-packages/airflow/example_dags/example_branch_day_of_week_operator.py
[2025-06-16T22:25:33.316-0300] {processor.py:829} INFO - Processing file /mnt/c/Users/arcan/Documents/airflow/.venv/lib/python3.10/site-packages/airflow/example_dags/example_branch_day_of_week_operator.py for tasks to queue
[2025-06-16T22:25:33.318-0300] {logging_mixin.py:154} INFO - [2025-06-16T22:25:33.317-0300] {dagbag.py:536} INFO - Filling up the DagBag from /mnt/c/Users/arcan/Documents/airflow/.venv/lib/python3.10/site-packages/airflow/example_dags/example_branch_day_of_week_operator.py
[2025-06-16T22:25:33.383-0300] {processor.py:839} INFO - DAG(s) dict_keys(['example_weekday_branch_operator']) retrieved from /mnt/c/Users/arcan/Documents/airflow/.venv/lib/python3.10/site-packages/airflow/example_dags/example_branch_day_of_week_operator.py
[2025-06-16T22:25:33.439-0300] {logging_mixin.py:154} INFO - [2025-06-16T22:25:33.438-0300] {dag.py:2941} INFO - Sync 1 DAGs
[2025-06-16T22:25:33.484-0300] {logging_mixin.py:154} INFO - [2025-06-16T22:25:33.483-0300] {dag.py:3722} INFO - Setting next_dagrun for example_weekday_branch_operator to 2025-06-16T00:00:00+00:00, run_after=2025-06-17T00:00:00+00:00
[2025-06-16T22:25:33.618-0300] {processor.py:179} INFO - Processing /mnt/c/Users/arcan/Documents/airflow/.venv/lib/python3.10/site-packages/airflow/example_dags/example_branch_day_of_week_operator.py took 0.312 seconds
[2025-06-16T22:26:53.635-0300] {processor.py:157} INFO - Started process (PID=61748) to work on /mnt/c/Users/arcan/Documents/airflow/.venv/lib/python3.10/site-packages/airflow/example_dags/example_branch_day_of_week_operator.py
[2025-06-16T22:26:53.637-0300] {processor.py:829} INFO - Processing file /mnt/c/Users/arcan/Documents/airflow/.venv/lib/python3.10/site-packages/airflow/example_dags/example_branch_day_of_week_operator.py for tasks to queue
[2025-06-16T22:26:53.639-0300] {logging_mixin.py:154} INFO - [2025-06-16T22:26:53.639-0300] {dagbag.py:536} INFO - Filling up the DagBag from /mnt/c/Users/arcan/Documents/airflow/.venv/lib/python3.10/site-packages/airflow/example_dags/example_branch_day_of_week_operator.py
[2025-06-16T22:26:53.700-0300] {processor.py:839} INFO - DAG(s) dict_keys(['example_weekday_branch_operator']) retrieved from /mnt/c/Users/arcan/Documents/airflow/.venv/lib/python3.10/site-packages/airflow/example_dags/example_branch_day_of_week_operator.py
[2025-06-16T22:26:53.756-0300] {logging_mixin.py:154} INFO - [2025-06-16T22:26:53.755-0300] {dag.py:2941} INFO - Sync 1 DAGs
[2025-06-16T22:26:53.798-0300] {logging_mixin.py:154} INFO - [2025-06-16T22:26:53.798-0300] {dag.py:3722} INFO - Setting next_dagrun for example_weekday_branch_operator to 2025-06-16T00:00:00+00:00, run_after=2025-06-17T00:00:00+00:00
[2025-06-16T22:26:53.944-0300] {processor.py:179} INFO - Processing /mnt/c/Users/arcan/Documents/airflow/.venv/lib/python3.10/site-packages/airflow/example_dags/example_branch_day_of_week_operator.py took 0.315 seconds
[2025-06-16T22:28:09.591-0300] {processor.py:157} INFO - Started process (PID=61969) to work on /mnt/c/Users/arcan/Documents/airflow/.venv/lib/python3.10/site-packages/airflow/example_dags/example_branch_day_of_week_operator.py
[2025-06-16T22:28:09.595-0300] {processor.py:829} INFO - Processing file /mnt/c/Users/arcan/Documents/airflow/.venv/lib/python3.10/site-packages/airflow/example_dags/example_branch_day_of_week_operator.py for tasks to queue
[2025-06-16T22:28:09.598-0300] {logging_mixin.py:154} INFO - [2025-06-16T22:28:09.597-0300] {dagbag.py:536} INFO - Filling up the DagBag from /mnt/c/Users/arcan/Documents/airflow/.venv/lib/python3.10/site-packages/airflow/example_dags/example_branch_day_of_week_operator.py
[2025-06-16T22:28:09.667-0300] {processor.py:839} INFO - DAG(s) dict_keys(['example_weekday_branch_operator']) retrieved from /mnt/c/Users/arcan/Documents/airflow/.venv/lib/python3.10/site-packages/airflow/example_dags/example_branch_day_of_week_operator.py
[2025-06-16T22:28:09.728-0300] {logging_mixin.py:154} INFO - [2025-06-16T22:28:09.727-0300] {dag.py:2941} INFO - Sync 1 DAGs
[2025-06-16T22:28:09.773-0300] {logging_mixin.py:154} INFO - [2025-06-16T22:28:09.772-0300] {dag.py:3722} INFO - Setting next_dagrun for example_weekday_branch_operator to 2025-06-16T00:00:00+00:00, run_after=2025-06-17T00:00:00+00:00
[2025-06-16T22:28:09.922-0300] {processor.py:179} INFO - Processing /mnt/c/Users/arcan/Documents/airflow/.venv/lib/python3.10/site-packages/airflow/example_dags/example_branch_day_of_week_operator.py took 0.341 seconds
[2025-06-16T22:29:28.791-0300] {processor.py:157} INFO - Started process (PID=62197) to work on /mnt/c/Users/arcan/Documents/airflow/.venv/lib/python3.10/site-packages/airflow/example_dags/example_branch_day_of_week_operator.py
[2025-06-16T22:29:28.794-0300] {processor.py:829} INFO - Processing file /mnt/c/Users/arcan/Documents/airflow/.venv/lib/python3.10/site-packages/airflow/example_dags/example_branch_day_of_week_operator.py for tasks to queue
[2025-06-16T22:29:28.796-0300] {logging_mixin.py:154} INFO - [2025-06-16T22:29:28.795-0300] {dagbag.py:536} INFO - Filling up the DagBag from /mnt/c/Users/arcan/Documents/airflow/.venv/lib/python3.10/site-packages/airflow/example_dags/example_branch_day_of_week_operator.py
[2025-06-16T22:29:28.850-0300] {processor.py:839} INFO - DAG(s) dict_keys(['example_weekday_branch_operator']) retrieved from /mnt/c/Users/arcan/Documents/airflow/.venv/lib/python3.10/site-packages/airflow/example_dags/example_branch_day_of_week_operator.py
[2025-06-16T22:29:28.905-0300] {logging_mixin.py:154} INFO - [2025-06-16T22:29:28.905-0300] {dag.py:2941} INFO - Sync 1 DAGs
[2025-06-16T22:29:28.947-0300] {logging_mixin.py:154} INFO - [2025-06-16T22:29:28.946-0300] {dag.py:3722} INFO - Setting next_dagrun for example_weekday_branch_operator to 2025-06-16T00:00:00+00:00, run_after=2025-06-17T00:00:00+00:00
[2025-06-16T22:29:29.101-0300] {processor.py:179} INFO - Processing /mnt/c/Users/arcan/Documents/airflow/.venv/lib/python3.10/site-packages/airflow/example_dags/example_branch_day_of_week_operator.py took 0.320 seconds
[2025-06-16T22:30:46.226-0300] {processor.py:157} INFO - Started process (PID=62420) to work on /mnt/c/Users/arcan/Documents/airflow/.venv/lib/python3.10/site-packages/airflow/example_dags/example_branch_day_of_week_operator.py
[2025-06-16T22:30:46.229-0300] {processor.py:829} INFO - Processing file /mnt/c/Users/arcan/Documents/airflow/.venv/lib/python3.10/site-packages/airflow/example_dags/example_branch_day_of_week_operator.py for tasks to queue
[2025-06-16T22:30:46.231-0300] {logging_mixin.py:154} INFO - [2025-06-16T22:30:46.230-0300] {dagbag.py:536} INFO - Filling up the DagBag from /mnt/c/Users/arcan/Documents/airflow/.venv/lib/python3.10/site-packages/airflow/example_dags/example_branch_day_of_week_operator.py
[2025-06-16T22:30:46.302-0300] {processor.py:839} INFO - DAG(s) dict_keys(['example_weekday_branch_operator']) retrieved from /mnt/c/Users/arcan/Documents/airflow/.venv/lib/python3.10/site-packages/airflow/example_dags/example_branch_day_of_week_operator.py
[2025-06-16T22:30:46.364-0300] {logging_mixin.py:154} INFO - [2025-06-16T22:30:46.364-0300] {dag.py:2941} INFO - Sync 1 DAGs
[2025-06-16T22:30:46.414-0300] {logging_mixin.py:154} INFO - [2025-06-16T22:30:46.414-0300] {dag.py:3722} INFO - Setting next_dagrun for example_weekday_branch_operator to 2025-06-16T00:00:00+00:00, run_after=2025-06-17T00:00:00+00:00
[2025-06-16T22:30:46.554-0300] {processor.py:179} INFO - Processing /mnt/c/Users/arcan/Documents/airflow/.venv/lib/python3.10/site-packages/airflow/example_dags/example_branch_day_of_week_operator.py took 0.337 seconds
[2025-06-16T22:32:20.563-0300] {processor.py:157} INFO - Started process (PID=62773) to work on /mnt/c/Users/arcan/Documents/airflow/.venv/lib/python3.10/site-packages/airflow/example_dags/example_branch_day_of_week_operator.py
[2025-06-16T22:32:20.565-0300] {processor.py:829} INFO - Processing file /mnt/c/Users/arcan/Documents/airflow/.venv/lib/python3.10/site-packages/airflow/example_dags/example_branch_day_of_week_operator.py for tasks to queue
[2025-06-16T22:32:20.567-0300] {logging_mixin.py:154} INFO - [2025-06-16T22:32:20.567-0300] {dagbag.py:536} INFO - Filling up the DagBag from /mnt/c/Users/arcan/Documents/airflow/.venv/lib/python3.10/site-packages/airflow/example_dags/example_branch_day_of_week_operator.py
[2025-06-16T22:32:20.626-0300] {processor.py:839} INFO - DAG(s) dict_keys(['example_weekday_branch_operator']) retrieved from /mnt/c/Users/arcan/Documents/airflow/.venv/lib/python3.10/site-packages/airflow/example_dags/example_branch_day_of_week_operator.py
[2025-06-16T22:32:20.676-0300] {logging_mixin.py:154} INFO - [2025-06-16T22:32:20.676-0300] {dag.py:2941} INFO - Sync 1 DAGs
[2025-06-16T22:32:20.711-0300] {logging_mixin.py:154} INFO - [2025-06-16T22:32:20.711-0300] {dag.py:3722} INFO - Setting next_dagrun for example_weekday_branch_operator to 2025-06-16T00:00:00+00:00, run_after=2025-06-17T00:00:00+00:00
[2025-06-16T22:32:20.826-0300] {processor.py:179} INFO - Processing /mnt/c/Users/arcan/Documents/airflow/.venv/lib/python3.10/site-packages/airflow/example_dags/example_branch_day_of_week_operator.py took 0.270 seconds
[2025-06-17T20:51:23.160-0300] {processor.py:157} INFO - Started process (PID=63696) to work on /mnt/c/Users/arcan/Documents/airflow/.venv/lib/python3.10/site-packages/airflow/example_dags/example_branch_day_of_week_operator.py
[2025-06-17T20:51:23.163-0300] {processor.py:829} INFO - Processing file /mnt/c/Users/arcan/Documents/airflow/.venv/lib/python3.10/site-packages/airflow/example_dags/example_branch_day_of_week_operator.py for tasks to queue
[2025-06-17T20:51:23.166-0300] {logging_mixin.py:154} INFO - [2025-06-17T20:51:23.165-0300] {dagbag.py:536} INFO - Filling up the DagBag from /mnt/c/Users/arcan/Documents/airflow/.venv/lib/python3.10/site-packages/airflow/example_dags/example_branch_day_of_week_operator.py
[2025-06-17T20:51:23.232-0300] {processor.py:839} INFO - DAG(s) dict_keys(['example_weekday_branch_operator']) retrieved from /mnt/c/Users/arcan/Documents/airflow/.venv/lib/python3.10/site-packages/airflow/example_dags/example_branch_day_of_week_operator.py
[2025-06-17T20:51:23.300-0300] {logging_mixin.py:154} INFO - [2025-06-17T20:51:23.300-0300] {dag.py:2941} INFO - Sync 1 DAGs
[2025-06-17T20:51:23.353-0300] {logging_mixin.py:154} INFO - [2025-06-17T20:51:23.352-0300] {dag.py:3722} INFO - Setting next_dagrun for example_weekday_branch_operator to 2025-06-16T00:00:00+00:00, run_after=2025-06-17T00:00:00+00:00
[2025-06-17T20:51:23.482-0300] {processor.py:179} INFO - Processing /mnt/c/Users/arcan/Documents/airflow/.venv/lib/python3.10/site-packages/airflow/example_dags/example_branch_day_of_week_operator.py took 0.328 seconds
[2025-06-17T20:52:47.500-0300] {processor.py:157} INFO - Started process (PID=63935) to work on /mnt/c/Users/arcan/Documents/airflow/.venv/lib/python3.10/site-packages/airflow/example_dags/example_branch_day_of_week_operator.py
[2025-06-17T20:52:47.502-0300] {processor.py:829} INFO - Processing file /mnt/c/Users/arcan/Documents/airflow/.venv/lib/python3.10/site-packages/airflow/example_dags/example_branch_day_of_week_operator.py for tasks to queue
[2025-06-17T20:52:47.505-0300] {logging_mixin.py:154} INFO - [2025-06-17T20:52:47.504-0300] {dagbag.py:536} INFO - Filling up the DagBag from /mnt/c/Users/arcan/Documents/airflow/.venv/lib/python3.10/site-packages/airflow/example_dags/example_branch_day_of_week_operator.py
[2025-06-17T20:52:47.564-0300] {processor.py:839} INFO - DAG(s) dict_keys(['example_weekday_branch_operator']) retrieved from /mnt/c/Users/arcan/Documents/airflow/.venv/lib/python3.10/site-packages/airflow/example_dags/example_branch_day_of_week_operator.py
[2025-06-17T20:52:47.624-0300] {logging_mixin.py:154} INFO - [2025-06-17T20:52:47.623-0300] {dag.py:2941} INFO - Sync 1 DAGs
[2025-06-17T20:52:47.665-0300] {logging_mixin.py:154} INFO - [2025-06-17T20:52:47.665-0300] {dag.py:3722} INFO - Setting next_dagrun for example_weekday_branch_operator to 2025-06-16T00:00:00+00:00, run_after=2025-06-17T00:00:00+00:00
[2025-06-17T20:52:47.778-0300] {processor.py:179} INFO - Processing /mnt/c/Users/arcan/Documents/airflow/.venv/lib/python3.10/site-packages/airflow/example_dags/example_branch_day_of_week_operator.py took 0.282 seconds
[2025-06-17T20:54:06.306-0300] {processor.py:157} INFO - Started process (PID=64279) to work on /mnt/c/Users/arcan/Documents/airflow/.venv/lib/python3.10/site-packages/airflow/example_dags/example_branch_day_of_week_operator.py
[2025-06-17T20:54:06.330-0300] {processor.py:829} INFO - Processing file /mnt/c/Users/arcan/Documents/airflow/.venv/lib/python3.10/site-packages/airflow/example_dags/example_branch_day_of_week_operator.py for tasks to queue
[2025-06-17T20:54:06.332-0300] {logging_mixin.py:154} INFO - [2025-06-17T20:54:06.331-0300] {dagbag.py:536} INFO - Filling up the DagBag from /mnt/c/Users/arcan/Documents/airflow/.venv/lib/python3.10/site-packages/airflow/example_dags/example_branch_day_of_week_operator.py
[2025-06-17T20:54:06.387-0300] {processor.py:839} INFO - DAG(s) dict_keys(['example_weekday_branch_operator']) retrieved from /mnt/c/Users/arcan/Documents/airflow/.venv/lib/python3.10/site-packages/airflow/example_dags/example_branch_day_of_week_operator.py
[2025-06-17T20:54:06.429-0300] {logging_mixin.py:154} INFO - [2025-06-17T20:54:06.429-0300] {dag.py:2941} INFO - Sync 1 DAGs
[2025-06-17T20:54:06.462-0300] {logging_mixin.py:154} INFO - [2025-06-17T20:54:06.462-0300] {dag.py:3722} INFO - Setting next_dagrun for example_weekday_branch_operator to 2025-06-16T00:00:00+00:00, run_after=2025-06-17T00:00:00+00:00
[2025-06-17T20:54:06.586-0300] {processor.py:179} INFO - Processing /mnt/c/Users/arcan/Documents/airflow/.venv/lib/python3.10/site-packages/airflow/example_dags/example_branch_day_of_week_operator.py took 0.288 seconds
[2025-06-17T20:55:15.056-0300] {processor.py:157} INFO - Started process (PID=64482) to work on /mnt/c/Users/arcan/Documents/airflow/.venv/lib/python3.10/site-packages/airflow/example_dags/example_branch_day_of_week_operator.py
[2025-06-17T20:55:15.058-0300] {processor.py:829} INFO - Processing file /mnt/c/Users/arcan/Documents/airflow/.venv/lib/python3.10/site-packages/airflow/example_dags/example_branch_day_of_week_operator.py for tasks to queue
[2025-06-17T20:55:15.060-0300] {logging_mixin.py:154} INFO - [2025-06-17T20:55:15.059-0300] {dagbag.py:536} INFO - Filling up the DagBag from /mnt/c/Users/arcan/Documents/airflow/.venv/lib/python3.10/site-packages/airflow/example_dags/example_branch_day_of_week_operator.py
[2025-06-17T20:55:15.103-0300] {processor.py:839} INFO - DAG(s) dict_keys(['example_weekday_branch_operator']) retrieved from /mnt/c/Users/arcan/Documents/airflow/.venv/lib/python3.10/site-packages/airflow/example_dags/example_branch_day_of_week_operator.py
[2025-06-17T20:55:15.146-0300] {logging_mixin.py:154} INFO - [2025-06-17T20:55:15.146-0300] {dag.py:2941} INFO - Sync 1 DAGs
[2025-06-17T20:55:15.183-0300] {logging_mixin.py:154} INFO - [2025-06-17T20:55:15.183-0300] {dag.py:3722} INFO - Setting next_dagrun for example_weekday_branch_operator to 2025-06-16T00:00:00+00:00, run_after=2025-06-17T00:00:00+00:00
[2025-06-17T20:55:15.285-0300] {processor.py:179} INFO - Processing /mnt/c/Users/arcan/Documents/airflow/.venv/lib/python3.10/site-packages/airflow/example_dags/example_branch_day_of_week_operator.py took 0.236 seconds
