[2025-06-16T22:03:34.842-0300] {processor.py:157} INFO - Started process (PID=57243) to work on /mnt/c/Users/arcan/Documents/airflow/.venv/lib/python3.10/site-packages/airflow/example_dags/example_xcomargs.py
[2025-06-16T22:03:34.844-0300] {processor.py:829} INFO - Processing file /mnt/c/Users/arcan/Documents/airflow/.venv/lib/python3.10/site-packages/airflow/example_dags/example_xcomargs.py for tasks to queue
[2025-06-16T22:03:34.848-0300] {logging_mixin.py:154} INFO - [2025-06-16T22:03:34.846-0300] {dagbag.py:536} INFO - Filling up the DagBag from /mnt/c/Users/arcan/Documents/airflow/.venv/lib/python3.10/site-packages/airflow/example_dags/example_xcomargs.py
[2025-06-16T22:03:34.916-0300] {processor.py:839} INFO - DAG(s) dict_keys(['example_xcom_args', 'example_xcom_args_with_operators']) retrieved from /mnt/c/Users/arcan/Documents/airflow/.venv/lib/python3.10/site-packages/airflow/example_dags/example_xcomargs.py
[2025-06-16T22:03:34.990-0300] {logging_mixin.py:154} INFO - [2025-06-16T22:03:34.990-0300] {dag.py:2941} INFO - Sync 2 DAGs
[2025-06-16T22:03:35.029-0300] {logging_mixin.py:154} INFO - [2025-06-16T22:03:35.028-0300] {dag.py:3722} INFO - Setting next_dagrun for example_xcom_args to None, run_after=None
[2025-06-16T22:03:35.038-0300] {logging_mixin.py:154} INFO - [2025-06-16T22:03:35.037-0300] {dag.py:3722} INFO - Setting next_dagrun for example_xcom_args_with_operators to None, run_after=None
[2025-06-16T22:03:35.158-0300] {processor.py:179} INFO - Processing /mnt/c/Users/arcan/Documents/airflow/.venv/lib/python3.10/site-packages/airflow/example_dags/example_xcomargs.py took 0.324 seconds
[2025-06-16T22:04:33.659-0300] {processor.py:157} INFO - Started process (PID=57424) to work on /mnt/c/Users/arcan/Documents/airflow/.venv/lib/python3.10/site-packages/airflow/example_dags/example_xcomargs.py
[2025-06-16T22:04:33.661-0300] {processor.py:829} INFO - Processing file /mnt/c/Users/arcan/Documents/airflow/.venv/lib/python3.10/site-packages/airflow/example_dags/example_xcomargs.py for tasks to queue
[2025-06-16T22:04:33.663-0300] {logging_mixin.py:154} INFO - [2025-06-16T22:04:33.662-0300] {dagbag.py:536} INFO - Filling up the DagBag from /mnt/c/Users/arcan/Documents/airflow/.venv/lib/python3.10/site-packages/airflow/example_dags/example_xcomargs.py
[2025-06-16T22:04:33.701-0300] {processor.py:839} INFO - DAG(s) dict_keys(['example_xcom_args_with_operators', 'example_xcom_args']) retrieved from /mnt/c/Users/arcan/Documents/airflow/.venv/lib/python3.10/site-packages/airflow/example_dags/example_xcomargs.py
[2025-06-16T22:04:33.751-0300] {logging_mixin.py:154} INFO - [2025-06-16T22:04:33.751-0300] {dag.py:2941} INFO - Sync 2 DAGs
[2025-06-16T22:04:33.768-0300] {logging_mixin.py:154} INFO - [2025-06-16T22:04:33.768-0300] {dag.py:3722} INFO - Setting next_dagrun for example_xcom_args to None, run_after=None
[2025-06-16T22:04:33.775-0300] {logging_mixin.py:154} INFO - [2025-06-16T22:04:33.775-0300] {dag.py:3722} INFO - Setting next_dagrun for example_xcom_args_with_operators to None, run_after=None
[2025-06-16T22:04:33.869-0300] {processor.py:179} INFO - Processing /mnt/c/Users/arcan/Documents/airflow/.venv/lib/python3.10/site-packages/airflow/example_dags/example_xcomargs.py took 0.214 seconds
[2025-06-16T22:05:47.015-0300] {processor.py:157} INFO - Started process (PID=57666) to work on /mnt/c/Users/arcan/Documents/airflow/.venv/lib/python3.10/site-packages/airflow/example_dags/example_xcomargs.py
[2025-06-16T22:05:47.017-0300] {processor.py:829} INFO - Processing file /mnt/c/Users/arcan/Documents/airflow/.venv/lib/python3.10/site-packages/airflow/example_dags/example_xcomargs.py for tasks to queue
[2025-06-16T22:05:47.019-0300] {logging_mixin.py:154} INFO - [2025-06-16T22:05:47.019-0300] {dagbag.py:536} INFO - Filling up the DagBag from /mnt/c/Users/arcan/Documents/airflow/.venv/lib/python3.10/site-packages/airflow/example_dags/example_xcomargs.py
[2025-06-16T22:05:47.065-0300] {processor.py:839} INFO - DAG(s) dict_keys(['example_xcom_args_with_operators', 'example_xcom_args']) retrieved from /mnt/c/Users/arcan/Documents/airflow/.venv/lib/python3.10/site-packages/airflow/example_dags/example_xcomargs.py
[2025-06-16T22:05:47.122-0300] {logging_mixin.py:154} INFO - [2025-06-16T22:05:47.121-0300] {dag.py:2941} INFO - Sync 2 DAGs
[2025-06-16T22:05:47.142-0300] {logging_mixin.py:154} INFO - [2025-06-16T22:05:47.141-0300] {dag.py:3722} INFO - Setting next_dagrun for example_xcom_args to None, run_after=None
[2025-06-16T22:05:47.150-0300] {logging_mixin.py:154} INFO - [2025-06-16T22:05:47.150-0300] {dag.py:3722} INFO - Setting next_dagrun for example_xcom_args_with_operators to None, run_after=None
[2025-06-16T22:05:47.257-0300] {processor.py:179} INFO - Processing /mnt/c/Users/arcan/Documents/airflow/.venv/lib/python3.10/site-packages/airflow/example_dags/example_xcomargs.py took 0.247 seconds
[2025-06-16T22:06:56.668-0300] {processor.py:157} INFO - Started process (PID=57872) to work on /mnt/c/Users/arcan/Documents/airflow/.venv/lib/python3.10/site-packages/airflow/example_dags/example_xcomargs.py
[2025-06-16T22:06:56.670-0300] {processor.py:829} INFO - Processing file /mnt/c/Users/arcan/Documents/airflow/.venv/lib/python3.10/site-packages/airflow/example_dags/example_xcomargs.py for tasks to queue
[2025-06-16T22:06:56.673-0300] {logging_mixin.py:154} INFO - [2025-06-16T22:06:56.672-0300] {dagbag.py:536} INFO - Filling up the DagBag from /mnt/c/Users/arcan/Documents/airflow/.venv/lib/python3.10/site-packages/airflow/example_dags/example_xcomargs.py
[2025-06-16T22:06:56.709-0300] {processor.py:839} INFO - DAG(s) dict_keys(['example_xcom_args_with_operators', 'example_xcom_args']) retrieved from /mnt/c/Users/arcan/Documents/airflow/.venv/lib/python3.10/site-packages/airflow/example_dags/example_xcomargs.py
[2025-06-16T22:06:56.758-0300] {logging_mixin.py:154} INFO - [2025-06-16T22:06:56.758-0300] {dag.py:2941} INFO - Sync 2 DAGs
[2025-06-16T22:06:56.779-0300] {logging_mixin.py:154} INFO - [2025-06-16T22:06:56.779-0300] {dag.py:3722} INFO - Setting next_dagrun for example_xcom_args to None, run_after=None
[2025-06-16T22:06:56.786-0300] {logging_mixin.py:154} INFO - [2025-06-16T22:06:56.786-0300] {dag.py:3722} INFO - Setting next_dagrun for example_xcom_args_with_operators to None, run_after=None
[2025-06-16T22:06:56.883-0300] {processor.py:179} INFO - Processing /mnt/c/Users/arcan/Documents/airflow/.venv/lib/python3.10/site-packages/airflow/example_dags/example_xcomargs.py took 0.219 seconds
[2025-06-16T22:08:12.165-0300] {processor.py:157} INFO - Started process (PID=58090) to work on /mnt/c/Users/arcan/Documents/airflow/.venv/lib/python3.10/site-packages/airflow/example_dags/example_xcomargs.py
[2025-06-16T22:08:12.168-0300] {processor.py:829} INFO - Processing file /mnt/c/Users/arcan/Documents/airflow/.venv/lib/python3.10/site-packages/airflow/example_dags/example_xcomargs.py for tasks to queue
[2025-06-16T22:08:12.170-0300] {logging_mixin.py:154} INFO - [2025-06-16T22:08:12.169-0300] {dagbag.py:536} INFO - Filling up the DagBag from /mnt/c/Users/arcan/Documents/airflow/.venv/lib/python3.10/site-packages/airflow/example_dags/example_xcomargs.py
[2025-06-16T22:08:12.226-0300] {processor.py:839} INFO - DAG(s) dict_keys(['example_xcom_args', 'example_xcom_args_with_operators']) retrieved from /mnt/c/Users/arcan/Documents/airflow/.venv/lib/python3.10/site-packages/airflow/example_dags/example_xcomargs.py
[2025-06-16T22:08:12.285-0300] {logging_mixin.py:154} INFO - [2025-06-16T22:08:12.283-0300] {dag.py:2941} INFO - Sync 2 DAGs
[2025-06-16T22:08:12.307-0300] {logging_mixin.py:154} INFO - [2025-06-16T22:08:12.307-0300] {dag.py:3722} INFO - Setting next_dagrun for example_xcom_args to None, run_after=None
[2025-06-16T22:08:12.314-0300] {logging_mixin.py:154} INFO - [2025-06-16T22:08:12.314-0300] {dag.py:3722} INFO - Setting next_dagrun for example_xcom_args_with_operators to None, run_after=None
[2025-06-16T22:08:12.403-0300] {processor.py:179} INFO - Processing /mnt/c/Users/arcan/Documents/airflow/.venv/lib/python3.10/site-packages/airflow/example_dags/example_xcomargs.py took 0.244 seconds
[2025-06-16T22:09:19.990-0300] {processor.py:157} INFO - Started process (PID=58414) to work on /mnt/c/Users/arcan/Documents/airflow/.venv/lib/python3.10/site-packages/airflow/example_dags/example_xcomargs.py
[2025-06-16T22:09:19.991-0300] {processor.py:829} INFO - Processing file /mnt/c/Users/arcan/Documents/airflow/.venv/lib/python3.10/site-packages/airflow/example_dags/example_xcomargs.py for tasks to queue
[2025-06-16T22:09:19.993-0300] {logging_mixin.py:154} INFO - [2025-06-16T22:09:19.992-0300] {dagbag.py:536} INFO - Filling up the DagBag from /mnt/c/Users/arcan/Documents/airflow/.venv/lib/python3.10/site-packages/airflow/example_dags/example_xcomargs.py
[2025-06-16T22:09:20.032-0300] {processor.py:839} INFO - DAG(s) dict_keys(['example_xcom_args_with_operators', 'example_xcom_args']) retrieved from /mnt/c/Users/arcan/Documents/airflow/.venv/lib/python3.10/site-packages/airflow/example_dags/example_xcomargs.py
[2025-06-16T22:09:20.083-0300] {logging_mixin.py:154} INFO - [2025-06-16T22:09:20.083-0300] {dag.py:2941} INFO - Sync 2 DAGs
[2025-06-16T22:09:20.104-0300] {logging_mixin.py:154} INFO - [2025-06-16T22:09:20.104-0300] {dag.py:3722} INFO - Setting next_dagrun for example_xcom_args to None, run_after=None
[2025-06-16T22:09:20.110-0300] {logging_mixin.py:154} INFO - [2025-06-16T22:09:20.110-0300] {dag.py:3722} INFO - Setting next_dagrun for example_xcom_args_with_operators to None, run_after=None
[2025-06-16T22:09:20.197-0300] {processor.py:179} INFO - Processing /mnt/c/Users/arcan/Documents/airflow/.venv/lib/python3.10/site-packages/airflow/example_dags/example_xcomargs.py took 0.212 seconds
[2025-06-16T22:10:23.645-0300] {processor.py:157} INFO - Started process (PID=58605) to work on /mnt/c/Users/arcan/Documents/airflow/.venv/lib/python3.10/site-packages/airflow/example_dags/example_xcomargs.py
[2025-06-16T22:10:23.647-0300] {processor.py:829} INFO - Processing file /mnt/c/Users/arcan/Documents/airflow/.venv/lib/python3.10/site-packages/airflow/example_dags/example_xcomargs.py for tasks to queue
[2025-06-16T22:10:23.648-0300] {logging_mixin.py:154} INFO - [2025-06-16T22:10:23.648-0300] {dagbag.py:536} INFO - Filling up the DagBag from /mnt/c/Users/arcan/Documents/airflow/.venv/lib/python3.10/site-packages/airflow/example_dags/example_xcomargs.py
[2025-06-16T22:10:23.680-0300] {processor.py:839} INFO - DAG(s) dict_keys(['example_xcom_args', 'example_xcom_args_with_operators']) retrieved from /mnt/c/Users/arcan/Documents/airflow/.venv/lib/python3.10/site-packages/airflow/example_dags/example_xcomargs.py
[2025-06-16T22:10:23.734-0300] {logging_mixin.py:154} INFO - [2025-06-16T22:10:23.734-0300] {dag.py:2941} INFO - Sync 2 DAGs
[2025-06-16T22:10:23.756-0300] {logging_mixin.py:154} INFO - [2025-06-16T22:10:23.755-0300] {dag.py:3722} INFO - Setting next_dagrun for example_xcom_args to None, run_after=None
[2025-06-16T22:10:23.762-0300] {logging_mixin.py:154} INFO - [2025-06-16T22:10:23.762-0300] {dag.py:3722} INFO - Setting next_dagrun for example_xcom_args_with_operators to None, run_after=None
[2025-06-16T22:10:23.854-0300] {processor.py:179} INFO - Processing /mnt/c/Users/arcan/Documents/airflow/.venv/lib/python3.10/site-packages/airflow/example_dags/example_xcomargs.py took 0.214 seconds
[2025-06-16T22:11:26.751-0300] {processor.py:157} INFO - Started process (PID=58795) to work on /mnt/c/Users/arcan/Documents/airflow/.venv/lib/python3.10/site-packages/airflow/example_dags/example_xcomargs.py
[2025-06-16T22:11:26.753-0300] {processor.py:829} INFO - Processing file /mnt/c/Users/arcan/Documents/airflow/.venv/lib/python3.10/site-packages/airflow/example_dags/example_xcomargs.py for tasks to queue
[2025-06-16T22:11:26.754-0300] {logging_mixin.py:154} INFO - [2025-06-16T22:11:26.754-0300] {dagbag.py:536} INFO - Filling up the DagBag from /mnt/c/Users/arcan/Documents/airflow/.venv/lib/python3.10/site-packages/airflow/example_dags/example_xcomargs.py
[2025-06-16T22:11:26.785-0300] {processor.py:839} INFO - DAG(s) dict_keys(['example_xcom_args', 'example_xcom_args_with_operators']) retrieved from /mnt/c/Users/arcan/Documents/airflow/.venv/lib/python3.10/site-packages/airflow/example_dags/example_xcomargs.py
[2025-06-16T22:11:26.829-0300] {logging_mixin.py:154} INFO - [2025-06-16T22:11:26.829-0300] {dag.py:2941} INFO - Sync 2 DAGs
[2025-06-16T22:11:26.845-0300] {logging_mixin.py:154} INFO - [2025-06-16T22:11:26.845-0300] {dag.py:3722} INFO - Setting next_dagrun for example_xcom_args to None, run_after=None
[2025-06-16T22:11:26.850-0300] {logging_mixin.py:154} INFO - [2025-06-16T22:11:26.850-0300] {dag.py:3722} INFO - Setting next_dagrun for example_xcom_args_with_operators to None, run_after=None
[2025-06-16T22:11:26.936-0300] {processor.py:179} INFO - Processing /mnt/c/Users/arcan/Documents/airflow/.venv/lib/python3.10/site-packages/airflow/example_dags/example_xcomargs.py took 0.190 seconds
[2025-06-16T22:12:23.834-0300] {processor.py:157} INFO - Started process (PID=58970) to work on /mnt/c/Users/arcan/Documents/airflow/.venv/lib/python3.10/site-packages/airflow/example_dags/example_xcomargs.py
[2025-06-16T22:12:23.836-0300] {processor.py:829} INFO - Processing file /mnt/c/Users/arcan/Documents/airflow/.venv/lib/python3.10/site-packages/airflow/example_dags/example_xcomargs.py for tasks to queue
[2025-06-16T22:12:23.838-0300] {logging_mixin.py:154} INFO - [2025-06-16T22:12:23.837-0300] {dagbag.py:536} INFO - Filling up the DagBag from /mnt/c/Users/arcan/Documents/airflow/.venv/lib/python3.10/site-packages/airflow/example_dags/example_xcomargs.py
[2025-06-16T22:12:23.870-0300] {processor.py:839} INFO - DAG(s) dict_keys(['example_xcom_args', 'example_xcom_args_with_operators']) retrieved from /mnt/c/Users/arcan/Documents/airflow/.venv/lib/python3.10/site-packages/airflow/example_dags/example_xcomargs.py
[2025-06-16T22:12:23.914-0300] {logging_mixin.py:154} INFO - [2025-06-16T22:12:23.914-0300] {dag.py:2941} INFO - Sync 2 DAGs
[2025-06-16T22:12:23.932-0300] {logging_mixin.py:154} INFO - [2025-06-16T22:12:23.932-0300] {dag.py:3722} INFO - Setting next_dagrun for example_xcom_args to None, run_after=None
[2025-06-16T22:12:23.938-0300] {logging_mixin.py:154} INFO - [2025-06-16T22:12:23.938-0300] {dag.py:3722} INFO - Setting next_dagrun for example_xcom_args_with_operators to None, run_after=None
[2025-06-16T22:12:24.051-0300] {processor.py:179} INFO - Processing /mnt/c/Users/arcan/Documents/airflow/.venv/lib/python3.10/site-packages/airflow/example_dags/example_xcomargs.py took 0.221 seconds
[2025-06-16T22:13:27.547-0300] {processor.py:157} INFO - Started process (PID=59161) to work on /mnt/c/Users/arcan/Documents/airflow/.venv/lib/python3.10/site-packages/airflow/example_dags/example_xcomargs.py
[2025-06-16T22:13:27.549-0300] {processor.py:829} INFO - Processing file /mnt/c/Users/arcan/Documents/airflow/.venv/lib/python3.10/site-packages/airflow/example_dags/example_xcomargs.py for tasks to queue
[2025-06-16T22:13:27.551-0300] {logging_mixin.py:154} INFO - [2025-06-16T22:13:27.550-0300] {dagbag.py:536} INFO - Filling up the DagBag from /mnt/c/Users/arcan/Documents/airflow/.venv/lib/python3.10/site-packages/airflow/example_dags/example_xcomargs.py
[2025-06-16T22:13:27.585-0300] {processor.py:839} INFO - DAG(s) dict_keys(['example_xcom_args_with_operators', 'example_xcom_args']) retrieved from /mnt/c/Users/arcan/Documents/airflow/.venv/lib/python3.10/site-packages/airflow/example_dags/example_xcomargs.py
[2025-06-16T22:13:27.650-0300] {logging_mixin.py:154} INFO - [2025-06-16T22:13:27.650-0300] {dag.py:2941} INFO - Sync 2 DAGs
[2025-06-16T22:13:27.674-0300] {logging_mixin.py:154} INFO - [2025-06-16T22:13:27.674-0300] {dag.py:3722} INFO - Setting next_dagrun for example_xcom_args to None, run_after=None
[2025-06-16T22:13:27.681-0300] {logging_mixin.py:154} INFO - [2025-06-16T22:13:27.680-0300] {dag.py:3722} INFO - Setting next_dagrun for example_xcom_args_with_operators to None, run_after=None
[2025-06-16T22:13:27.768-0300] {processor.py:179} INFO - Processing /mnt/c/Users/arcan/Documents/airflow/.venv/lib/python3.10/site-packages/airflow/example_dags/example_xcomargs.py took 0.226 seconds
[2025-06-16T22:14:35.652-0300] {processor.py:157} INFO - Started process (PID=59366) to work on /mnt/c/Users/arcan/Documents/airflow/.venv/lib/python3.10/site-packages/airflow/example_dags/example_xcomargs.py
[2025-06-16T22:14:35.655-0300] {processor.py:829} INFO - Processing file /mnt/c/Users/arcan/Documents/airflow/.venv/lib/python3.10/site-packages/airflow/example_dags/example_xcomargs.py for tasks to queue
[2025-06-16T22:14:35.657-0300] {logging_mixin.py:154} INFO - [2025-06-16T22:14:35.657-0300] {dagbag.py:536} INFO - Filling up the DagBag from /mnt/c/Users/arcan/Documents/airflow/.venv/lib/python3.10/site-packages/airflow/example_dags/example_xcomargs.py
[2025-06-16T22:14:35.693-0300] {processor.py:839} INFO - DAG(s) dict_keys(['example_xcom_args_with_operators', 'example_xcom_args']) retrieved from /mnt/c/Users/arcan/Documents/airflow/.venv/lib/python3.10/site-packages/airflow/example_dags/example_xcomargs.py
[2025-06-16T22:14:35.759-0300] {logging_mixin.py:154} INFO - [2025-06-16T22:14:35.758-0300] {dag.py:2941} INFO - Sync 2 DAGs
[2025-06-16T22:14:35.782-0300] {logging_mixin.py:154} INFO - [2025-06-16T22:14:35.782-0300] {dag.py:3722} INFO - Setting next_dagrun for example_xcom_args to None, run_after=None
[2025-06-16T22:14:35.791-0300] {logging_mixin.py:154} INFO - [2025-06-16T22:14:35.791-0300] {dag.py:3722} INFO - Setting next_dagrun for example_xcom_args_with_operators to None, run_after=None
[2025-06-16T22:14:35.905-0300] {processor.py:179} INFO - Processing /mnt/c/Users/arcan/Documents/airflow/.venv/lib/python3.10/site-packages/airflow/example_dags/example_xcomargs.py took 0.258 seconds
[2025-06-16T22:15:43.104-0300] {processor.py:157} INFO - Started process (PID=59563) to work on /mnt/c/Users/arcan/Documents/airflow/.venv/lib/python3.10/site-packages/airflow/example_dags/example_xcomargs.py
[2025-06-16T22:15:43.106-0300] {processor.py:829} INFO - Processing file /mnt/c/Users/arcan/Documents/airflow/.venv/lib/python3.10/site-packages/airflow/example_dags/example_xcomargs.py for tasks to queue
[2025-06-16T22:15:43.109-0300] {logging_mixin.py:154} INFO - [2025-06-16T22:15:43.108-0300] {dagbag.py:536} INFO - Filling up the DagBag from /mnt/c/Users/arcan/Documents/airflow/.venv/lib/python3.10/site-packages/airflow/example_dags/example_xcomargs.py
[2025-06-16T22:15:43.175-0300] {processor.py:839} INFO - DAG(s) dict_keys(['example_xcom_args', 'example_xcom_args_with_operators']) retrieved from /mnt/c/Users/arcan/Documents/airflow/.venv/lib/python3.10/site-packages/airflow/example_dags/example_xcomargs.py
[2025-06-16T22:15:43.267-0300] {logging_mixin.py:154} INFO - [2025-06-16T22:15:43.267-0300] {dag.py:2941} INFO - Sync 2 DAGs
[2025-06-16T22:15:43.303-0300] {logging_mixin.py:154} INFO - [2025-06-16T22:15:43.303-0300] {dag.py:3722} INFO - Setting next_dagrun for example_xcom_args to None, run_after=None
[2025-06-16T22:15:43.312-0300] {logging_mixin.py:154} INFO - [2025-06-16T22:15:43.312-0300] {dag.py:3722} INFO - Setting next_dagrun for example_xcom_args_with_operators to None, run_after=None
[2025-06-16T22:15:43.435-0300] {processor.py:179} INFO - Processing /mnt/c/Users/arcan/Documents/airflow/.venv/lib/python3.10/site-packages/airflow/example_dags/example_xcomargs.py took 0.339 seconds
[2025-06-16T22:16:53.332-0300] {processor.py:157} INFO - Started process (PID=59905) to work on /mnt/c/Users/arcan/Documents/airflow/.venv/lib/python3.10/site-packages/airflow/example_dags/example_xcomargs.py
[2025-06-16T22:16:53.334-0300] {processor.py:829} INFO - Processing file /mnt/c/Users/arcan/Documents/airflow/.venv/lib/python3.10/site-packages/airflow/example_dags/example_xcomargs.py for tasks to queue
[2025-06-16T22:16:53.336-0300] {logging_mixin.py:154} INFO - [2025-06-16T22:16:53.336-0300] {dagbag.py:536} INFO - Filling up the DagBag from /mnt/c/Users/arcan/Documents/airflow/.venv/lib/python3.10/site-packages/airflow/example_dags/example_xcomargs.py
[2025-06-16T22:16:53.377-0300] {processor.py:839} INFO - DAG(s) dict_keys(['example_xcom_args_with_operators', 'example_xcom_args']) retrieved from /mnt/c/Users/arcan/Documents/airflow/.venv/lib/python3.10/site-packages/airflow/example_dags/example_xcomargs.py
[2025-06-16T22:16:53.430-0300] {logging_mixin.py:154} INFO - [2025-06-16T22:16:53.429-0300] {dag.py:2941} INFO - Sync 2 DAGs
[2025-06-16T22:16:53.447-0300] {logging_mixin.py:154} INFO - [2025-06-16T22:16:53.447-0300] {dag.py:3722} INFO - Setting next_dagrun for example_xcom_args to None, run_after=None
[2025-06-16T22:16:53.454-0300] {logging_mixin.py:154} INFO - [2025-06-16T22:16:53.454-0300] {dag.py:3722} INFO - Setting next_dagrun for example_xcom_args_with_operators to None, run_after=None
[2025-06-16T22:16:53.546-0300] {processor.py:179} INFO - Processing /mnt/c/Users/arcan/Documents/airflow/.venv/lib/python3.10/site-packages/airflow/example_dags/example_xcomargs.py took 0.222 seconds
[2025-06-16T22:18:07.417-0300] {processor.py:157} INFO - Started process (PID=60122) to work on /mnt/c/Users/arcan/Documents/airflow/.venv/lib/python3.10/site-packages/airflow/example_dags/example_xcomargs.py
[2025-06-16T22:18:07.419-0300] {processor.py:829} INFO - Processing file /mnt/c/Users/arcan/Documents/airflow/.venv/lib/python3.10/site-packages/airflow/example_dags/example_xcomargs.py for tasks to queue
[2025-06-16T22:18:07.422-0300] {logging_mixin.py:154} INFO - [2025-06-16T22:18:07.421-0300] {dagbag.py:536} INFO - Filling up the DagBag from /mnt/c/Users/arcan/Documents/airflow/.venv/lib/python3.10/site-packages/airflow/example_dags/example_xcomargs.py
[2025-06-16T22:18:07.473-0300] {processor.py:839} INFO - DAG(s) dict_keys(['example_xcom_args', 'example_xcom_args_with_operators']) retrieved from /mnt/c/Users/arcan/Documents/airflow/.venv/lib/python3.10/site-packages/airflow/example_dags/example_xcomargs.py
[2025-06-16T22:18:07.536-0300] {logging_mixin.py:154} INFO - [2025-06-16T22:18:07.536-0300] {dag.py:2941} INFO - Sync 2 DAGs
[2025-06-16T22:18:07.560-0300] {logging_mixin.py:154} INFO - [2025-06-16T22:18:07.560-0300] {dag.py:3722} INFO - Setting next_dagrun for example_xcom_args to None, run_after=None
[2025-06-16T22:18:07.568-0300] {logging_mixin.py:154} INFO - [2025-06-16T22:18:07.568-0300] {dag.py:3722} INFO - Setting next_dagrun for example_xcom_args_with_operators to None, run_after=None
[2025-06-16T22:18:07.700-0300] {processor.py:179} INFO - Processing /mnt/c/Users/arcan/Documents/airflow/.venv/lib/python3.10/site-packages/airflow/example_dags/example_xcomargs.py took 0.289 seconds
[2025-06-16T22:18:51.998-0300] {processor.py:157} INFO - Started process (PID=60248) to work on /mnt/c/Users/arcan/Documents/airflow/.venv/lib/python3.10/site-packages/airflow/example_dags/example_xcomargs.py
[2025-06-16T22:18:52.000-0300] {processor.py:829} INFO - Processing file /mnt/c/Users/arcan/Documents/airflow/.venv/lib/python3.10/site-packages/airflow/example_dags/example_xcomargs.py for tasks to queue
[2025-06-16T22:18:52.003-0300] {logging_mixin.py:154} INFO - [2025-06-16T22:18:52.002-0300] {dagbag.py:536} INFO - Filling up the DagBag from /mnt/c/Users/arcan/Documents/airflow/.venv/lib/python3.10/site-packages/airflow/example_dags/example_xcomargs.py
[2025-06-16T22:18:52.058-0300] {processor.py:839} INFO - DAG(s) dict_keys(['example_xcom_args_with_operators', 'example_xcom_args']) retrieved from /mnt/c/Users/arcan/Documents/airflow/.venv/lib/python3.10/site-packages/airflow/example_dags/example_xcomargs.py
[2025-06-16T22:18:52.124-0300] {logging_mixin.py:154} INFO - [2025-06-16T22:18:52.124-0300] {dag.py:2941} INFO - Sync 2 DAGs
[2025-06-16T22:18:52.148-0300] {logging_mixin.py:154} INFO - [2025-06-16T22:18:52.148-0300] {dag.py:3722} INFO - Setting next_dagrun for example_xcom_args to None, run_after=None
[2025-06-16T22:18:52.157-0300] {logging_mixin.py:154} INFO - [2025-06-16T22:18:52.156-0300] {dag.py:3722} INFO - Setting next_dagrun for example_xcom_args_with_operators to None, run_after=None
[2025-06-16T22:18:52.295-0300] {processor.py:179} INFO - Processing /mnt/c/Users/arcan/Documents/airflow/.venv/lib/python3.10/site-packages/airflow/example_dags/example_xcomargs.py took 0.303 seconds
[2025-06-16T22:19:37.072-0300] {processor.py:157} INFO - Started process (PID=60381) to work on /mnt/c/Users/arcan/Documents/airflow/.venv/lib/python3.10/site-packages/airflow/example_dags/example_xcomargs.py
[2025-06-16T22:19:37.075-0300] {processor.py:829} INFO - Processing file /mnt/c/Users/arcan/Documents/airflow/.venv/lib/python3.10/site-packages/airflow/example_dags/example_xcomargs.py for tasks to queue
[2025-06-16T22:19:37.077-0300] {logging_mixin.py:154} INFO - [2025-06-16T22:19:37.076-0300] {dagbag.py:536} INFO - Filling up the DagBag from /mnt/c/Users/arcan/Documents/airflow/.venv/lib/python3.10/site-packages/airflow/example_dags/example_xcomargs.py
[2025-06-16T22:19:37.137-0300] {processor.py:839} INFO - DAG(s) dict_keys(['example_xcom_args_with_operators', 'example_xcom_args']) retrieved from /mnt/c/Users/arcan/Documents/airflow/.venv/lib/python3.10/site-packages/airflow/example_dags/example_xcomargs.py
[2025-06-16T22:19:37.212-0300] {logging_mixin.py:154} INFO - [2025-06-16T22:19:37.211-0300] {dag.py:2941} INFO - Sync 2 DAGs
[2025-06-16T22:19:37.241-0300] {logging_mixin.py:154} INFO - [2025-06-16T22:19:37.240-0300] {dag.py:3722} INFO - Setting next_dagrun for example_xcom_args to None, run_after=None
[2025-06-16T22:19:37.250-0300] {logging_mixin.py:154} INFO - [2025-06-16T22:19:37.250-0300] {dag.py:3722} INFO - Setting next_dagrun for example_xcom_args_with_operators to None, run_after=None
[2025-06-16T22:19:37.413-0300] {processor.py:179} INFO - Processing /mnt/c/Users/arcan/Documents/airflow/.venv/lib/python3.10/site-packages/airflow/example_dags/example_xcomargs.py took 0.348 seconds
[2025-06-16T22:20:58.792-0300] {processor.py:157} INFO - Started process (PID=60615) to work on /mnt/c/Users/arcan/Documents/airflow/.venv/lib/python3.10/site-packages/airflow/example_dags/example_xcomargs.py
[2025-06-16T22:20:58.794-0300] {processor.py:829} INFO - Processing file /mnt/c/Users/arcan/Documents/airflow/.venv/lib/python3.10/site-packages/airflow/example_dags/example_xcomargs.py for tasks to queue
[2025-06-16T22:20:58.797-0300] {logging_mixin.py:154} INFO - [2025-06-16T22:20:58.796-0300] {dagbag.py:536} INFO - Filling up the DagBag from /mnt/c/Users/arcan/Documents/airflow/.venv/lib/python3.10/site-packages/airflow/example_dags/example_xcomargs.py
[2025-06-16T22:20:58.847-0300] {processor.py:839} INFO - DAG(s) dict_keys(['example_xcom_args', 'example_xcom_args_with_operators']) retrieved from /mnt/c/Users/arcan/Documents/airflow/.venv/lib/python3.10/site-packages/airflow/example_dags/example_xcomargs.py
[2025-06-16T22:20:58.908-0300] {logging_mixin.py:154} INFO - [2025-06-16T22:20:58.908-0300] {dag.py:2941} INFO - Sync 2 DAGs
[2025-06-16T22:20:58.931-0300] {logging_mixin.py:154} INFO - [2025-06-16T22:20:58.930-0300] {dag.py:3722} INFO - Setting next_dagrun for example_xcom_args to None, run_after=None
[2025-06-16T22:20:58.938-0300] {logging_mixin.py:154} INFO - [2025-06-16T22:20:58.938-0300] {dag.py:3722} INFO - Setting next_dagrun for example_xcom_args_with_operators to None, run_after=None
[2025-06-16T22:20:59.078-0300] {processor.py:179} INFO - Processing /mnt/c/Users/arcan/Documents/airflow/.venv/lib/python3.10/site-packages/airflow/example_dags/example_xcomargs.py took 0.293 seconds
[2025-06-16T22:22:21.599-0300] {processor.py:157} INFO - Started process (PID=60850) to work on /mnt/c/Users/arcan/Documents/airflow/.venv/lib/python3.10/site-packages/airflow/example_dags/example_xcomargs.py
[2025-06-16T22:22:21.601-0300] {processor.py:829} INFO - Processing file /mnt/c/Users/arcan/Documents/airflow/.venv/lib/python3.10/site-packages/airflow/example_dags/example_xcomargs.py for tasks to queue
[2025-06-16T22:22:21.604-0300] {logging_mixin.py:154} INFO - [2025-06-16T22:22:21.603-0300] {dagbag.py:536} INFO - Filling up the DagBag from /mnt/c/Users/arcan/Documents/airflow/.venv/lib/python3.10/site-packages/airflow/example_dags/example_xcomargs.py
[2025-06-16T22:22:21.663-0300] {processor.py:839} INFO - DAG(s) dict_keys(['example_xcom_args_with_operators', 'example_xcom_args']) retrieved from /mnt/c/Users/arcan/Documents/airflow/.venv/lib/python3.10/site-packages/airflow/example_dags/example_xcomargs.py
[2025-06-16T22:22:21.735-0300] {logging_mixin.py:154} INFO - [2025-06-16T22:22:21.735-0300] {dag.py:2941} INFO - Sync 2 DAGs
[2025-06-16T22:22:21.765-0300] {logging_mixin.py:154} INFO - [2025-06-16T22:22:21.765-0300] {dag.py:3722} INFO - Setting next_dagrun for example_xcom_args to None, run_after=None
[2025-06-16T22:22:21.774-0300] {logging_mixin.py:154} INFO - [2025-06-16T22:22:21.774-0300] {dag.py:3722} INFO - Setting next_dagrun for example_xcom_args_with_operators to None, run_after=None
[2025-06-16T22:22:21.944-0300] {processor.py:179} INFO - Processing /mnt/c/Users/arcan/Documents/airflow/.venv/lib/python3.10/site-packages/airflow/example_dags/example_xcomargs.py took 0.352 seconds
[2025-06-16T22:23:44.267-0300] {processor.py:157} INFO - Started process (PID=61085) to work on /mnt/c/Users/arcan/Documents/airflow/.venv/lib/python3.10/site-packages/airflow/example_dags/example_xcomargs.py
[2025-06-16T22:23:44.270-0300] {processor.py:829} INFO - Processing file /mnt/c/Users/arcan/Documents/airflow/.venv/lib/python3.10/site-packages/airflow/example_dags/example_xcomargs.py for tasks to queue
[2025-06-16T22:23:44.272-0300] {logging_mixin.py:154} INFO - [2025-06-16T22:23:44.271-0300] {dagbag.py:536} INFO - Filling up the DagBag from /mnt/c/Users/arcan/Documents/airflow/.venv/lib/python3.10/site-packages/airflow/example_dags/example_xcomargs.py
[2025-06-16T22:23:44.323-0300] {processor.py:839} INFO - DAG(s) dict_keys(['example_xcom_args', 'example_xcom_args_with_operators']) retrieved from /mnt/c/Users/arcan/Documents/airflow/.venv/lib/python3.10/site-packages/airflow/example_dags/example_xcomargs.py
[2025-06-16T22:23:44.395-0300] {logging_mixin.py:154} INFO - [2025-06-16T22:23:44.395-0300] {dag.py:2941} INFO - Sync 2 DAGs
[2025-06-16T22:23:44.421-0300] {logging_mixin.py:154} INFO - [2025-06-16T22:23:44.421-0300] {dag.py:3722} INFO - Setting next_dagrun for example_xcom_args to None, run_after=None
[2025-06-16T22:23:44.430-0300] {logging_mixin.py:154} INFO - [2025-06-16T22:23:44.430-0300] {dag.py:3722} INFO - Setting next_dagrun for example_xcom_args_with_operators to None, run_after=None
[2025-06-16T22:23:44.589-0300] {processor.py:179} INFO - Processing /mnt/c/Users/arcan/Documents/airflow/.venv/lib/python3.10/site-packages/airflow/example_dags/example_xcomargs.py took 0.329 seconds
[2025-06-16T22:24:28.539-0300] {processor.py:157} INFO - Started process (PID=61335) to work on /mnt/c/Users/arcan/Documents/airflow/.venv/lib/python3.10/site-packages/airflow/example_dags/example_xcomargs.py
[2025-06-16T22:24:28.542-0300] {processor.py:829} INFO - Processing file /mnt/c/Users/arcan/Documents/airflow/.venv/lib/python3.10/site-packages/airflow/example_dags/example_xcomargs.py for tasks to queue
[2025-06-16T22:24:28.545-0300] {logging_mixin.py:154} INFO - [2025-06-16T22:24:28.544-0300] {dagbag.py:536} INFO - Filling up the DagBag from /mnt/c/Users/arcan/Documents/airflow/.venv/lib/python3.10/site-packages/airflow/example_dags/example_xcomargs.py
[2025-06-16T22:24:28.594-0300] {processor.py:839} INFO - DAG(s) dict_keys(['example_xcom_args', 'example_xcom_args_with_operators']) retrieved from /mnt/c/Users/arcan/Documents/airflow/.venv/lib/python3.10/site-packages/airflow/example_dags/example_xcomargs.py
[2025-06-16T22:24:28.657-0300] {logging_mixin.py:154} INFO - [2025-06-16T22:24:28.657-0300] {dag.py:2941} INFO - Sync 2 DAGs
[2025-06-16T22:24:28.682-0300] {logging_mixin.py:154} INFO - [2025-06-16T22:24:28.681-0300] {dag.py:3722} INFO - Setting next_dagrun for example_xcom_args to None, run_after=None
[2025-06-16T22:24:28.689-0300] {logging_mixin.py:154} INFO - [2025-06-16T22:24:28.689-0300] {dag.py:3722} INFO - Setting next_dagrun for example_xcom_args_with_operators to None, run_after=None
[2025-06-16T22:24:28.859-0300] {processor.py:179} INFO - Processing /mnt/c/Users/arcan/Documents/airflow/.venv/lib/python3.10/site-packages/airflow/example_dags/example_xcomargs.py took 0.327 seconds
[2025-06-16T22:25:47.918-0300] {processor.py:157} INFO - Started process (PID=61564) to work on /mnt/c/Users/arcan/Documents/airflow/.venv/lib/python3.10/site-packages/airflow/example_dags/example_xcomargs.py
[2025-06-16T22:25:47.921-0300] {processor.py:829} INFO - Processing file /mnt/c/Users/arcan/Documents/airflow/.venv/lib/python3.10/site-packages/airflow/example_dags/example_xcomargs.py for tasks to queue
[2025-06-16T22:25:47.924-0300] {logging_mixin.py:154} INFO - [2025-06-16T22:25:47.923-0300] {dagbag.py:536} INFO - Filling up the DagBag from /mnt/c/Users/arcan/Documents/airflow/.venv/lib/python3.10/site-packages/airflow/example_dags/example_xcomargs.py
[2025-06-16T22:25:47.977-0300] {processor.py:839} INFO - DAG(s) dict_keys(['example_xcom_args', 'example_xcom_args_with_operators']) retrieved from /mnt/c/Users/arcan/Documents/airflow/.venv/lib/python3.10/site-packages/airflow/example_dags/example_xcomargs.py
[2025-06-16T22:25:48.047-0300] {logging_mixin.py:154} INFO - [2025-06-16T22:25:48.047-0300] {dag.py:2941} INFO - Sync 2 DAGs
[2025-06-16T22:25:48.073-0300] {logging_mixin.py:154} INFO - [2025-06-16T22:25:48.073-0300] {dag.py:3722} INFO - Setting next_dagrun for example_xcom_args to None, run_after=None
[2025-06-16T22:25:48.083-0300] {logging_mixin.py:154} INFO - [2025-06-16T22:25:48.083-0300] {dag.py:3722} INFO - Setting next_dagrun for example_xcom_args_with_operators to None, run_after=None
[2025-06-16T22:25:48.222-0300] {processor.py:179} INFO - Processing /mnt/c/Users/arcan/Documents/airflow/.venv/lib/python3.10/site-packages/airflow/example_dags/example_xcomargs.py took 0.311 seconds
[2025-06-16T22:27:09.053-0300] {processor.py:157} INFO - Started process (PID=61800) to work on /mnt/c/Users/arcan/Documents/airflow/.venv/lib/python3.10/site-packages/airflow/example_dags/example_xcomargs.py
[2025-06-16T22:27:09.056-0300] {processor.py:829} INFO - Processing file /mnt/c/Users/arcan/Documents/airflow/.venv/lib/python3.10/site-packages/airflow/example_dags/example_xcomargs.py for tasks to queue
[2025-06-16T22:27:09.059-0300] {logging_mixin.py:154} INFO - [2025-06-16T22:27:09.058-0300] {dagbag.py:536} INFO - Filling up the DagBag from /mnt/c/Users/arcan/Documents/airflow/.venv/lib/python3.10/site-packages/airflow/example_dags/example_xcomargs.py
[2025-06-16T22:27:09.133-0300] {processor.py:839} INFO - DAG(s) dict_keys(['example_xcom_args_with_operators', 'example_xcom_args']) retrieved from /mnt/c/Users/arcan/Documents/airflow/.venv/lib/python3.10/site-packages/airflow/example_dags/example_xcomargs.py
[2025-06-16T22:27:09.208-0300] {logging_mixin.py:154} INFO - [2025-06-16T22:27:09.207-0300] {dag.py:2941} INFO - Sync 2 DAGs
[2025-06-16T22:27:09.234-0300] {logging_mixin.py:154} INFO - [2025-06-16T22:27:09.234-0300] {dag.py:3722} INFO - Setting next_dagrun for example_xcom_args to None, run_after=None
[2025-06-16T22:27:09.243-0300] {logging_mixin.py:154} INFO - [2025-06-16T22:27:09.242-0300] {dag.py:3722} INFO - Setting next_dagrun for example_xcom_args_with_operators to None, run_after=None
[2025-06-16T22:27:09.377-0300] {processor.py:179} INFO - Processing /mnt/c/Users/arcan/Documents/airflow/.venv/lib/python3.10/site-packages/airflow/example_dags/example_xcomargs.py took 0.332 seconds
[2025-06-16T22:28:26.769-0300] {processor.py:157} INFO - Started process (PID=62019) to work on /mnt/c/Users/arcan/Documents/airflow/.venv/lib/python3.10/site-packages/airflow/example_dags/example_xcomargs.py
[2025-06-16T22:28:26.772-0300] {processor.py:829} INFO - Processing file /mnt/c/Users/arcan/Documents/airflow/.venv/lib/python3.10/site-packages/airflow/example_dags/example_xcomargs.py for tasks to queue
[2025-06-16T22:28:26.774-0300] {logging_mixin.py:154} INFO - [2025-06-16T22:28:26.773-0300] {dagbag.py:536} INFO - Filling up the DagBag from /mnt/c/Users/arcan/Documents/airflow/.venv/lib/python3.10/site-packages/airflow/example_dags/example_xcomargs.py
[2025-06-16T22:28:26.817-0300] {processor.py:839} INFO - DAG(s) dict_keys(['example_xcom_args', 'example_xcom_args_with_operators']) retrieved from /mnt/c/Users/arcan/Documents/airflow/.venv/lib/python3.10/site-packages/airflow/example_dags/example_xcomargs.py
[2025-06-16T22:28:26.879-0300] {logging_mixin.py:154} INFO - [2025-06-16T22:28:26.879-0300] {dag.py:2941} INFO - Sync 2 DAGs
[2025-06-16T22:28:26.902-0300] {logging_mixin.py:154} INFO - [2025-06-16T22:28:26.901-0300] {dag.py:3722} INFO - Setting next_dagrun for example_xcom_args to None, run_after=None
[2025-06-16T22:28:26.910-0300] {logging_mixin.py:154} INFO - [2025-06-16T22:28:26.909-0300] {dag.py:3722} INFO - Setting next_dagrun for example_xcom_args_with_operators to None, run_after=None
[2025-06-16T22:28:27.056-0300] {processor.py:179} INFO - Processing /mnt/c/Users/arcan/Documents/airflow/.venv/lib/python3.10/site-packages/airflow/example_dags/example_xcomargs.py took 0.294 seconds
[2025-06-16T22:29:44.885-0300] {processor.py:157} INFO - Started process (PID=62241) to work on /mnt/c/Users/arcan/Documents/airflow/.venv/lib/python3.10/site-packages/airflow/example_dags/example_xcomargs.py
[2025-06-16T22:29:44.888-0300] {processor.py:829} INFO - Processing file /mnt/c/Users/arcan/Documents/airflow/.venv/lib/python3.10/site-packages/airflow/example_dags/example_xcomargs.py for tasks to queue
[2025-06-16T22:29:44.891-0300] {logging_mixin.py:154} INFO - [2025-06-16T22:29:44.890-0300] {dagbag.py:536} INFO - Filling up the DagBag from /mnt/c/Users/arcan/Documents/airflow/.venv/lib/python3.10/site-packages/airflow/example_dags/example_xcomargs.py
[2025-06-16T22:29:44.945-0300] {processor.py:839} INFO - DAG(s) dict_keys(['example_xcom_args', 'example_xcom_args_with_operators']) retrieved from /mnt/c/Users/arcan/Documents/airflow/.venv/lib/python3.10/site-packages/airflow/example_dags/example_xcomargs.py
[2025-06-16T22:29:45.013-0300] {logging_mixin.py:154} INFO - [2025-06-16T22:29:45.013-0300] {dag.py:2941} INFO - Sync 2 DAGs
[2025-06-16T22:29:45.039-0300] {logging_mixin.py:154} INFO - [2025-06-16T22:29:45.038-0300] {dag.py:3722} INFO - Setting next_dagrun for example_xcom_args to None, run_after=None
[2025-06-16T22:29:45.047-0300] {logging_mixin.py:154} INFO - [2025-06-16T22:29:45.046-0300] {dag.py:3722} INFO - Setting next_dagrun for example_xcom_args_with_operators to None, run_after=None
[2025-06-16T22:29:45.184-0300] {processor.py:179} INFO - Processing /mnt/c/Users/arcan/Documents/airflow/.venv/lib/python3.10/site-packages/airflow/example_dags/example_xcomargs.py took 0.305 seconds
[2025-06-16T22:30:58.331-0300] {processor.py:157} INFO - Started process (PID=62458) to work on /mnt/c/Users/arcan/Documents/airflow/.venv/lib/python3.10/site-packages/airflow/example_dags/example_xcomargs.py
[2025-06-16T22:30:58.334-0300] {processor.py:829} INFO - Processing file /mnt/c/Users/arcan/Documents/airflow/.venv/lib/python3.10/site-packages/airflow/example_dags/example_xcomargs.py for tasks to queue
[2025-06-16T22:30:58.337-0300] {logging_mixin.py:154} INFO - [2025-06-16T22:30:58.336-0300] {dagbag.py:536} INFO - Filling up the DagBag from /mnt/c/Users/arcan/Documents/airflow/.venv/lib/python3.10/site-packages/airflow/example_dags/example_xcomargs.py
[2025-06-16T22:30:58.387-0300] {processor.py:839} INFO - DAG(s) dict_keys(['example_xcom_args', 'example_xcom_args_with_operators']) retrieved from /mnt/c/Users/arcan/Documents/airflow/.venv/lib/python3.10/site-packages/airflow/example_dags/example_xcomargs.py
[2025-06-16T22:30:58.453-0300] {logging_mixin.py:154} INFO - [2025-06-16T22:30:58.453-0300] {dag.py:2941} INFO - Sync 2 DAGs
[2025-06-16T22:30:58.484-0300] {logging_mixin.py:154} INFO - [2025-06-16T22:30:58.484-0300] {dag.py:3722} INFO - Setting next_dagrun for example_xcom_args to None, run_after=None
[2025-06-16T22:30:58.492-0300] {logging_mixin.py:154} INFO - [2025-06-16T22:30:58.492-0300] {dag.py:3722} INFO - Setting next_dagrun for example_xcom_args_with_operators to None, run_after=None
[2025-06-16T22:30:58.635-0300] {processor.py:179} INFO - Processing /mnt/c/Users/arcan/Documents/airflow/.venv/lib/python3.10/site-packages/airflow/example_dags/example_xcomargs.py took 0.313 seconds
[2025-06-16T22:32:35.581-0300] {processor.py:157} INFO - Started process (PID=62817) to work on /mnt/c/Users/arcan/Documents/airflow/.venv/lib/python3.10/site-packages/airflow/example_dags/example_xcomargs.py
[2025-06-16T22:32:35.583-0300] {processor.py:829} INFO - Processing file /mnt/c/Users/arcan/Documents/airflow/.venv/lib/python3.10/site-packages/airflow/example_dags/example_xcomargs.py for tasks to queue
[2025-06-16T22:32:35.585-0300] {logging_mixin.py:154} INFO - [2025-06-16T22:32:35.584-0300] {dagbag.py:536} INFO - Filling up the DagBag from /mnt/c/Users/arcan/Documents/airflow/.venv/lib/python3.10/site-packages/airflow/example_dags/example_xcomargs.py
[2025-06-16T22:32:35.638-0300] {processor.py:839} INFO - DAG(s) dict_keys(['example_xcom_args_with_operators', 'example_xcom_args']) retrieved from /mnt/c/Users/arcan/Documents/airflow/.venv/lib/python3.10/site-packages/airflow/example_dags/example_xcomargs.py
[2025-06-16T22:32:35.709-0300] {logging_mixin.py:154} INFO - [2025-06-16T22:32:35.708-0300] {dag.py:2941} INFO - Sync 2 DAGs
[2025-06-16T22:32:35.741-0300] {logging_mixin.py:154} INFO - [2025-06-16T22:32:35.741-0300] {dag.py:3722} INFO - Setting next_dagrun for example_xcom_args to None, run_after=None
[2025-06-16T22:32:35.750-0300] {logging_mixin.py:154} INFO - [2025-06-16T22:32:35.750-0300] {dag.py:3722} INFO - Setting next_dagrun for example_xcom_args_with_operators to None, run_after=None
[2025-06-16T22:32:35.899-0300] {processor.py:179} INFO - Processing /mnt/c/Users/arcan/Documents/airflow/.venv/lib/python3.10/site-packages/airflow/example_dags/example_xcomargs.py took 0.325 seconds
[2025-06-17T20:50:24.131-0300] {processor.py:157} INFO - Started process (PID=63643) to work on /mnt/c/Users/arcan/Documents/airflow/.venv/lib/python3.10/site-packages/airflow/example_dags/example_xcomargs.py
[2025-06-17T20:50:24.134-0300] {processor.py:829} INFO - Processing file /mnt/c/Users/arcan/Documents/airflow/.venv/lib/python3.10/site-packages/airflow/example_dags/example_xcomargs.py for tasks to queue
[2025-06-17T20:50:24.137-0300] {logging_mixin.py:154} INFO - [2025-06-17T20:50:24.136-0300] {dagbag.py:536} INFO - Filling up the DagBag from /mnt/c/Users/arcan/Documents/airflow/.venv/lib/python3.10/site-packages/airflow/example_dags/example_xcomargs.py
[2025-06-17T20:50:24.188-0300] {processor.py:839} INFO - DAG(s) dict_keys(['example_xcom_args', 'example_xcom_args_with_operators']) retrieved from /mnt/c/Users/arcan/Documents/airflow/.venv/lib/python3.10/site-packages/airflow/example_dags/example_xcomargs.py
[2025-06-17T20:50:24.465-0300] {logging_mixin.py:154} INFO - [2025-06-17T20:50:24.465-0300] {dag.py:2941} INFO - Sync 2 DAGs
[2025-06-17T20:50:24.490-0300] {logging_mixin.py:154} INFO - [2025-06-17T20:50:24.490-0300] {dag.py:3722} INFO - Setting next_dagrun for example_xcom_args to None, run_after=None
[2025-06-17T20:50:24.499-0300] {logging_mixin.py:154} INFO - [2025-06-17T20:50:24.498-0300] {dag.py:3722} INFO - Setting next_dagrun for example_xcom_args_with_operators to None, run_after=None
[2025-06-17T20:50:24.630-0300] {processor.py:179} INFO - Processing /mnt/c/Users/arcan/Documents/airflow/.venv/lib/python3.10/site-packages/airflow/example_dags/example_xcomargs.py took 0.507 seconds
[2025-06-17T20:51:41.091-0300] {processor.py:157} INFO - Started process (PID=63747) to work on /mnt/c/Users/arcan/Documents/airflow/.venv/lib/python3.10/site-packages/airflow/example_dags/example_xcomargs.py
[2025-06-17T20:51:41.094-0300] {processor.py:829} INFO - Processing file /mnt/c/Users/arcan/Documents/airflow/.venv/lib/python3.10/site-packages/airflow/example_dags/example_xcomargs.py for tasks to queue
[2025-06-17T20:51:41.097-0300] {logging_mixin.py:154} INFO - [2025-06-17T20:51:41.096-0300] {dagbag.py:536} INFO - Filling up the DagBag from /mnt/c/Users/arcan/Documents/airflow/.venv/lib/python3.10/site-packages/airflow/example_dags/example_xcomargs.py
[2025-06-17T20:51:41.168-0300] {processor.py:839} INFO - DAG(s) dict_keys(['example_xcom_args_with_operators', 'example_xcom_args']) retrieved from /mnt/c/Users/arcan/Documents/airflow/.venv/lib/python3.10/site-packages/airflow/example_dags/example_xcomargs.py
[2025-06-17T20:51:41.248-0300] {logging_mixin.py:154} INFO - [2025-06-17T20:51:41.248-0300] {dag.py:2941} INFO - Sync 2 DAGs
[2025-06-17T20:51:41.280-0300] {logging_mixin.py:154} INFO - [2025-06-17T20:51:41.279-0300] {dag.py:3722} INFO - Setting next_dagrun for example_xcom_args to None, run_after=None
[2025-06-17T20:51:41.290-0300] {logging_mixin.py:154} INFO - [2025-06-17T20:51:41.289-0300] {dag.py:3722} INFO - Setting next_dagrun for example_xcom_args_with_operators to None, run_after=None
[2025-06-17T20:51:41.484-0300] {processor.py:179} INFO - Processing /mnt/c/Users/arcan/Documents/airflow/.venv/lib/python3.10/site-packages/airflow/example_dags/example_xcomargs.py took 0.400 seconds
[2025-06-17T20:53:02.705-0300] {processor.py:157} INFO - Started process (PID=63979) to work on /mnt/c/Users/arcan/Documents/airflow/.venv/lib/python3.10/site-packages/airflow/example_dags/example_xcomargs.py
[2025-06-17T20:53:02.708-0300] {processor.py:829} INFO - Processing file /mnt/c/Users/arcan/Documents/airflow/.venv/lib/python3.10/site-packages/airflow/example_dags/example_xcomargs.py for tasks to queue
[2025-06-17T20:53:02.711-0300] {logging_mixin.py:154} INFO - [2025-06-17T20:53:02.710-0300] {dagbag.py:536} INFO - Filling up the DagBag from /mnt/c/Users/arcan/Documents/airflow/.venv/lib/python3.10/site-packages/airflow/example_dags/example_xcomargs.py
[2025-06-17T20:53:02.766-0300] {processor.py:839} INFO - DAG(s) dict_keys(['example_xcom_args_with_operators', 'example_xcom_args']) retrieved from /mnt/c/Users/arcan/Documents/airflow/.venv/lib/python3.10/site-packages/airflow/example_dags/example_xcomargs.py
[2025-06-17T20:53:02.837-0300] {logging_mixin.py:154} INFO - [2025-06-17T20:53:02.837-0300] {dag.py:2941} INFO - Sync 2 DAGs
[2025-06-17T20:53:02.869-0300] {logging_mixin.py:154} INFO - [2025-06-17T20:53:02.869-0300] {dag.py:3722} INFO - Setting next_dagrun for example_xcom_args to None, run_after=None
[2025-06-17T20:53:02.878-0300] {logging_mixin.py:154} INFO - [2025-06-17T20:53:02.878-0300] {dag.py:3722} INFO - Setting next_dagrun for example_xcom_args_with_operators to None, run_after=None
[2025-06-17T20:53:03.008-0300] {processor.py:179} INFO - Processing /mnt/c/Users/arcan/Documents/airflow/.venv/lib/python3.10/site-packages/airflow/example_dags/example_xcomargs.py took 0.312 seconds
[2025-06-17T20:54:18.326-0300] {processor.py:157} INFO - Started process (PID=64314) to work on /mnt/c/Users/arcan/Documents/airflow/.venv/lib/python3.10/site-packages/airflow/example_dags/example_xcomargs.py
[2025-06-17T20:54:18.328-0300] {processor.py:829} INFO - Processing file /mnt/c/Users/arcan/Documents/airflow/.venv/lib/python3.10/site-packages/airflow/example_dags/example_xcomargs.py for tasks to queue
[2025-06-17T20:54:18.330-0300] {logging_mixin.py:154} INFO - [2025-06-17T20:54:18.329-0300] {dagbag.py:536} INFO - Filling up the DagBag from /mnt/c/Users/arcan/Documents/airflow/.venv/lib/python3.10/site-packages/airflow/example_dags/example_xcomargs.py
[2025-06-17T20:54:18.371-0300] {processor.py:839} INFO - DAG(s) dict_keys(['example_xcom_args', 'example_xcom_args_with_operators']) retrieved from /mnt/c/Users/arcan/Documents/airflow/.venv/lib/python3.10/site-packages/airflow/example_dags/example_xcomargs.py
[2025-06-17T20:54:18.427-0300] {logging_mixin.py:154} INFO - [2025-06-17T20:54:18.427-0300] {dag.py:2941} INFO - Sync 2 DAGs
[2025-06-17T20:54:18.449-0300] {logging_mixin.py:154} INFO - [2025-06-17T20:54:18.449-0300] {dag.py:3722} INFO - Setting next_dagrun for example_xcom_args to None, run_after=None
[2025-06-17T20:54:18.456-0300] {logging_mixin.py:154} INFO - [2025-06-17T20:54:18.456-0300] {dag.py:3722} INFO - Setting next_dagrun for example_xcom_args_with_operators to None, run_after=None
[2025-06-17T20:54:18.571-0300] {processor.py:179} INFO - Processing /mnt/c/Users/arcan/Documents/airflow/.venv/lib/python3.10/site-packages/airflow/example_dags/example_xcomargs.py took 0.250 seconds
[2025-06-17T20:55:26.271-0300] {processor.py:157} INFO - Started process (PID=64516) to work on /mnt/c/Users/arcan/Documents/airflow/.venv/lib/python3.10/site-packages/airflow/example_dags/example_xcomargs.py
[2025-06-17T20:55:26.273-0300] {processor.py:829} INFO - Processing file /mnt/c/Users/arcan/Documents/airflow/.venv/lib/python3.10/site-packages/airflow/example_dags/example_xcomargs.py for tasks to queue
[2025-06-17T20:55:26.275-0300] {logging_mixin.py:154} INFO - [2025-06-17T20:55:26.274-0300] {dagbag.py:536} INFO - Filling up the DagBag from /mnt/c/Users/arcan/Documents/airflow/.venv/lib/python3.10/site-packages/airflow/example_dags/example_xcomargs.py
[2025-06-17T20:55:26.308-0300] {processor.py:839} INFO - DAG(s) dict_keys(['example_xcom_args_with_operators', 'example_xcom_args']) retrieved from /mnt/c/Users/arcan/Documents/airflow/.venv/lib/python3.10/site-packages/airflow/example_dags/example_xcomargs.py
[2025-06-17T20:55:26.363-0300] {logging_mixin.py:154} INFO - [2025-06-17T20:55:26.363-0300] {dag.py:2941} INFO - Sync 2 DAGs
[2025-06-17T20:55:26.386-0300] {logging_mixin.py:154} INFO - [2025-06-17T20:55:26.385-0300] {dag.py:3722} INFO - Setting next_dagrun for example_xcom_args to None, run_after=None
[2025-06-17T20:55:26.392-0300] {logging_mixin.py:154} INFO - [2025-06-17T20:55:26.392-0300] {dag.py:3722} INFO - Setting next_dagrun for example_xcom_args_with_operators to None, run_after=None
[2025-06-17T20:55:26.504-0300] {processor.py:179} INFO - Processing /mnt/c/Users/arcan/Documents/airflow/.venv/lib/python3.10/site-packages/airflow/example_dags/example_xcomargs.py took 0.238 seconds
