[2025-06-16T22:03:48.877-0300] {processor.py:157} INFO - Started process (PID=57287) to work on /mnt/c/Users/arcan/Documents/airflow/.venv/lib/python3.10/site-packages/airflow/example_dags/example_skip_dag.py
[2025-06-16T22:03:48.881-0300] {processor.py:829} INFO - Processing file /mnt/c/Users/arcan/Documents/airflow/.venv/lib/python3.10/site-packages/airflow/example_dags/example_skip_dag.py for tasks to queue
[2025-06-16T22:03:48.885-0300] {logging_mixin.py:154} INFO - [2025-06-16T22:03:48.884-0300] {dagbag.py:536} INFO - Filling up the DagBag from /mnt/c/Users/arcan/Documents/airflow/.venv/lib/python3.10/site-packages/airflow/example_dags/example_skip_dag.py
[2025-06-16T22:03:48.945-0300] {processor.py:839} INFO - DAG(s) dict_keys(['example_skip_dag']) retrieved from /mnt/c/Users/arcan/Documents/airflow/.venv/lib/python3.10/site-packages/airflow/example_dags/example_skip_dag.py
[2025-06-16T22:03:49.019-0300] {logging_mixin.py:154} INFO - [2025-06-16T22:03:49.019-0300] {dag.py:2941} INFO - Sync 1 DAGs
[2025-06-16T22:03:49.072-0300] {logging_mixin.py:154} INFO - [2025-06-16T22:03:49.071-0300] {dag.py:3722} INFO - Setting next_dagrun for example_skip_dag to 2025-06-16T01:03:49.071283+00:00, run_after=2025-06-17T01:03:49.071283+00:00
[2025-06-16T22:03:49.182-0300] {processor.py:179} INFO - Processing /mnt/c/Users/arcan/Documents/airflow/.venv/lib/python3.10/site-packages/airflow/example_dags/example_skip_dag.py took 0.321 seconds
[2025-06-16T22:04:45.704-0300] {processor.py:157} INFO - Started process (PID=57466) to work on /mnt/c/Users/arcan/Documents/airflow/.venv/lib/python3.10/site-packages/airflow/example_dags/example_skip_dag.py
[2025-06-16T22:04:45.709-0300] {processor.py:829} INFO - Processing file /mnt/c/Users/arcan/Documents/airflow/.venv/lib/python3.10/site-packages/airflow/example_dags/example_skip_dag.py for tasks to queue
[2025-06-16T22:04:45.711-0300] {logging_mixin.py:154} INFO - [2025-06-16T22:04:45.711-0300] {dagbag.py:536} INFO - Filling up the DagBag from /mnt/c/Users/arcan/Documents/airflow/.venv/lib/python3.10/site-packages/airflow/example_dags/example_skip_dag.py
[2025-06-16T22:04:45.761-0300] {processor.py:839} INFO - DAG(s) dict_keys(['example_skip_dag']) retrieved from /mnt/c/Users/arcan/Documents/airflow/.venv/lib/python3.10/site-packages/airflow/example_dags/example_skip_dag.py
[2025-06-16T22:04:45.826-0300] {logging_mixin.py:154} INFO - [2025-06-16T22:04:45.826-0300] {dag.py:2941} INFO - Sync 1 DAGs
[2025-06-16T22:04:45.877-0300] {logging_mixin.py:154} INFO - [2025-06-16T22:04:45.876-0300] {dag.py:3722} INFO - Setting next_dagrun for example_skip_dag to 2025-06-16T01:04:45.876306+00:00, run_after=2025-06-17T01:04:45.876306+00:00
[2025-06-16T22:04:46.015-0300] {processor.py:179} INFO - Processing /mnt/c/Users/arcan/Documents/airflow/.venv/lib/python3.10/site-packages/airflow/example_dags/example_skip_dag.py took 0.319 seconds
[2025-06-16T22:05:59.539-0300] {processor.py:157} INFO - Started process (PID=57699) to work on /mnt/c/Users/arcan/Documents/airflow/.venv/lib/python3.10/site-packages/airflow/example_dags/example_skip_dag.py
[2025-06-16T22:05:59.542-0300] {processor.py:829} INFO - Processing file /mnt/c/Users/arcan/Documents/airflow/.venv/lib/python3.10/site-packages/airflow/example_dags/example_skip_dag.py for tasks to queue
[2025-06-16T22:05:59.545-0300] {logging_mixin.py:154} INFO - [2025-06-16T22:05:59.544-0300] {dagbag.py:536} INFO - Filling up the DagBag from /mnt/c/Users/arcan/Documents/airflow/.venv/lib/python3.10/site-packages/airflow/example_dags/example_skip_dag.py
[2025-06-16T22:05:59.593-0300] {processor.py:839} INFO - DAG(s) dict_keys(['example_skip_dag']) retrieved from /mnt/c/Users/arcan/Documents/airflow/.venv/lib/python3.10/site-packages/airflow/example_dags/example_skip_dag.py
[2025-06-16T22:05:59.651-0300] {logging_mixin.py:154} INFO - [2025-06-16T22:05:59.651-0300] {dag.py:2941} INFO - Sync 1 DAGs
[2025-06-16T22:05:59.692-0300] {logging_mixin.py:154} INFO - [2025-06-16T22:05:59.692-0300] {dag.py:3722} INFO - Setting next_dagrun for example_skip_dag to 2025-06-16T01:05:59.692204+00:00, run_after=2025-06-17T01:05:59.692204+00:00
[2025-06-16T22:05:59.817-0300] {processor.py:179} INFO - Processing /mnt/c/Users/arcan/Documents/airflow/.venv/lib/python3.10/site-packages/airflow/example_dags/example_skip_dag.py took 0.284 seconds
[2025-06-16T22:07:09.292-0300] {processor.py:157} INFO - Started process (PID=57905) to work on /mnt/c/Users/arcan/Documents/airflow/.venv/lib/python3.10/site-packages/airflow/example_dags/example_skip_dag.py
[2025-06-16T22:07:09.294-0300] {processor.py:829} INFO - Processing file /mnt/c/Users/arcan/Documents/airflow/.venv/lib/python3.10/site-packages/airflow/example_dags/example_skip_dag.py for tasks to queue
[2025-06-16T22:07:09.297-0300] {logging_mixin.py:154} INFO - [2025-06-16T22:07:09.296-0300] {dagbag.py:536} INFO - Filling up the DagBag from /mnt/c/Users/arcan/Documents/airflow/.venv/lib/python3.10/site-packages/airflow/example_dags/example_skip_dag.py
[2025-06-16T22:07:09.348-0300] {processor.py:839} INFO - DAG(s) dict_keys(['example_skip_dag']) retrieved from /mnt/c/Users/arcan/Documents/airflow/.venv/lib/python3.10/site-packages/airflow/example_dags/example_skip_dag.py
[2025-06-16T22:07:09.413-0300] {logging_mixin.py:154} INFO - [2025-06-16T22:07:09.413-0300] {dag.py:2941} INFO - Sync 1 DAGs
[2025-06-16T22:07:09.463-0300] {logging_mixin.py:154} INFO - [2025-06-16T22:07:09.462-0300] {dag.py:3722} INFO - Setting next_dagrun for example_skip_dag to 2025-06-16T01:07:09.462309+00:00, run_after=2025-06-17T01:07:09.462309+00:00
[2025-06-16T22:07:09.612-0300] {processor.py:179} INFO - Processing /mnt/c/Users/arcan/Documents/airflow/.venv/lib/python3.10/site-packages/airflow/example_dags/example_skip_dag.py took 0.327 seconds
[2025-06-16T22:08:23.127-0300] {processor.py:157} INFO - Started process (PID=58128) to work on /mnt/c/Users/arcan/Documents/airflow/.venv/lib/python3.10/site-packages/airflow/example_dags/example_skip_dag.py
[2025-06-16T22:08:23.130-0300] {processor.py:829} INFO - Processing file /mnt/c/Users/arcan/Documents/airflow/.venv/lib/python3.10/site-packages/airflow/example_dags/example_skip_dag.py for tasks to queue
[2025-06-16T22:08:23.132-0300] {logging_mixin.py:154} INFO - [2025-06-16T22:08:23.131-0300] {dagbag.py:536} INFO - Filling up the DagBag from /mnt/c/Users/arcan/Documents/airflow/.venv/lib/python3.10/site-packages/airflow/example_dags/example_skip_dag.py
[2025-06-16T22:08:23.164-0300] {processor.py:839} INFO - DAG(s) dict_keys(['example_skip_dag']) retrieved from /mnt/c/Users/arcan/Documents/airflow/.venv/lib/python3.10/site-packages/airflow/example_dags/example_skip_dag.py
[2025-06-16T22:08:23.221-0300] {logging_mixin.py:154} INFO - [2025-06-16T22:08:23.221-0300] {dag.py:2941} INFO - Sync 1 DAGs
[2025-06-16T22:08:23.257-0300] {logging_mixin.py:154} INFO - [2025-06-16T22:08:23.257-0300] {dag.py:3722} INFO - Setting next_dagrun for example_skip_dag to 2025-06-16T01:08:23.256697+00:00, run_after=2025-06-17T01:08:23.256697+00:00
[2025-06-16T22:08:23.356-0300] {processor.py:179} INFO - Processing /mnt/c/Users/arcan/Documents/airflow/.venv/lib/python3.10/site-packages/airflow/example_dags/example_skip_dag.py took 0.235 seconds
[2025-06-16T22:09:32.541-0300] {processor.py:157} INFO - Started process (PID=58456) to work on /mnt/c/Users/arcan/Documents/airflow/.venv/lib/python3.10/site-packages/airflow/example_dags/example_skip_dag.py
[2025-06-16T22:09:32.543-0300] {processor.py:829} INFO - Processing file /mnt/c/Users/arcan/Documents/airflow/.venv/lib/python3.10/site-packages/airflow/example_dags/example_skip_dag.py for tasks to queue
[2025-06-16T22:09:32.545-0300] {logging_mixin.py:154} INFO - [2025-06-16T22:09:32.544-0300] {dagbag.py:536} INFO - Filling up the DagBag from /mnt/c/Users/arcan/Documents/airflow/.venv/lib/python3.10/site-packages/airflow/example_dags/example_skip_dag.py
[2025-06-16T22:09:32.578-0300] {processor.py:839} INFO - DAG(s) dict_keys(['example_skip_dag']) retrieved from /mnt/c/Users/arcan/Documents/airflow/.venv/lib/python3.10/site-packages/airflow/example_dags/example_skip_dag.py
[2025-06-16T22:09:32.619-0300] {logging_mixin.py:154} INFO - [2025-06-16T22:09:32.619-0300] {dag.py:2941} INFO - Sync 1 DAGs
[2025-06-16T22:09:32.651-0300] {logging_mixin.py:154} INFO - [2025-06-16T22:09:32.651-0300] {dag.py:3722} INFO - Setting next_dagrun for example_skip_dag to 2025-06-16T01:09:32.651319+00:00, run_after=2025-06-17T01:09:32.651319+00:00
[2025-06-16T22:09:32.737-0300] {processor.py:179} INFO - Processing /mnt/c/Users/arcan/Documents/airflow/.venv/lib/python3.10/site-packages/airflow/example_dags/example_skip_dag.py took 0.201 seconds
[2025-06-16T22:10:35.909-0300] {processor.py:157} INFO - Started process (PID=58647) to work on /mnt/c/Users/arcan/Documents/airflow/.venv/lib/python3.10/site-packages/airflow/example_dags/example_skip_dag.py
[2025-06-16T22:10:35.911-0300] {processor.py:829} INFO - Processing file /mnt/c/Users/arcan/Documents/airflow/.venv/lib/python3.10/site-packages/airflow/example_dags/example_skip_dag.py for tasks to queue
[2025-06-16T22:10:35.913-0300] {logging_mixin.py:154} INFO - [2025-06-16T22:10:35.913-0300] {dagbag.py:536} INFO - Filling up the DagBag from /mnt/c/Users/arcan/Documents/airflow/.venv/lib/python3.10/site-packages/airflow/example_dags/example_skip_dag.py
[2025-06-16T22:10:35.953-0300] {processor.py:839} INFO - DAG(s) dict_keys(['example_skip_dag']) retrieved from /mnt/c/Users/arcan/Documents/airflow/.venv/lib/python3.10/site-packages/airflow/example_dags/example_skip_dag.py
[2025-06-16T22:10:36.005-0300] {logging_mixin.py:154} INFO - [2025-06-16T22:10:36.005-0300] {dag.py:2941} INFO - Sync 1 DAGs
[2025-06-16T22:10:36.043-0300] {logging_mixin.py:154} INFO - [2025-06-16T22:10:36.043-0300] {dag.py:3722} INFO - Setting next_dagrun for example_skip_dag to 2025-06-16T01:10:36.043228+00:00, run_after=2025-06-17T01:10:36.043228+00:00
[2025-06-16T22:10:36.135-0300] {processor.py:179} INFO - Processing /mnt/c/Users/arcan/Documents/airflow/.venv/lib/python3.10/site-packages/airflow/example_dags/example_skip_dag.py took 0.233 seconds
[2025-06-16T22:11:37.736-0300] {processor.py:157} INFO - Started process (PID=58831) to work on /mnt/c/Users/arcan/Documents/airflow/.venv/lib/python3.10/site-packages/airflow/example_dags/example_skip_dag.py
[2025-06-16T22:11:37.738-0300] {processor.py:829} INFO - Processing file /mnt/c/Users/arcan/Documents/airflow/.venv/lib/python3.10/site-packages/airflow/example_dags/example_skip_dag.py for tasks to queue
[2025-06-16T22:11:37.740-0300] {logging_mixin.py:154} INFO - [2025-06-16T22:11:37.740-0300] {dagbag.py:536} INFO - Filling up the DagBag from /mnt/c/Users/arcan/Documents/airflow/.venv/lib/python3.10/site-packages/airflow/example_dags/example_skip_dag.py
[2025-06-16T22:11:37.771-0300] {processor.py:839} INFO - DAG(s) dict_keys(['example_skip_dag']) retrieved from /mnt/c/Users/arcan/Documents/airflow/.venv/lib/python3.10/site-packages/airflow/example_dags/example_skip_dag.py
[2025-06-16T22:11:37.813-0300] {logging_mixin.py:154} INFO - [2025-06-16T22:11:37.813-0300] {dag.py:2941} INFO - Sync 1 DAGs
[2025-06-16T22:11:37.842-0300] {logging_mixin.py:154} INFO - [2025-06-16T22:11:37.842-0300] {dag.py:3722} INFO - Setting next_dagrun for example_skip_dag to 2025-06-16T01:11:37.842155+00:00, run_after=2025-06-17T01:11:37.842155+00:00
[2025-06-16T22:11:37.939-0300] {processor.py:179} INFO - Processing /mnt/c/Users/arcan/Documents/airflow/.venv/lib/python3.10/site-packages/airflow/example_dags/example_skip_dag.py took 0.208 seconds
[2025-06-16T22:12:35.844-0300] {processor.py:157} INFO - Started process (PID=59005) to work on /mnt/c/Users/arcan/Documents/airflow/.venv/lib/python3.10/site-packages/airflow/example_dags/example_skip_dag.py
[2025-06-16T22:12:35.846-0300] {processor.py:829} INFO - Processing file /mnt/c/Users/arcan/Documents/airflow/.venv/lib/python3.10/site-packages/airflow/example_dags/example_skip_dag.py for tasks to queue
[2025-06-16T22:12:35.848-0300] {logging_mixin.py:154} INFO - [2025-06-16T22:12:35.847-0300] {dagbag.py:536} INFO - Filling up the DagBag from /mnt/c/Users/arcan/Documents/airflow/.venv/lib/python3.10/site-packages/airflow/example_dags/example_skip_dag.py
[2025-06-16T22:12:35.878-0300] {processor.py:839} INFO - DAG(s) dict_keys(['example_skip_dag']) retrieved from /mnt/c/Users/arcan/Documents/airflow/.venv/lib/python3.10/site-packages/airflow/example_dags/example_skip_dag.py
[2025-06-16T22:12:35.915-0300] {logging_mixin.py:154} INFO - [2025-06-16T22:12:35.915-0300] {dag.py:2941} INFO - Sync 1 DAGs
[2025-06-16T22:12:35.944-0300] {logging_mixin.py:154} INFO - [2025-06-16T22:12:35.944-0300] {dag.py:3722} INFO - Setting next_dagrun for example_skip_dag to 2025-06-16T01:12:35.943898+00:00, run_after=2025-06-17T01:12:35.943898+00:00
[2025-06-16T22:12:36.030-0300] {processor.py:179} INFO - Processing /mnt/c/Users/arcan/Documents/airflow/.venv/lib/python3.10/site-packages/airflow/example_dags/example_skip_dag.py took 0.191 seconds
[2025-06-16T22:13:39.481-0300] {processor.py:157} INFO - Started process (PID=59203) to work on /mnt/c/Users/arcan/Documents/airflow/.venv/lib/python3.10/site-packages/airflow/example_dags/example_skip_dag.py
[2025-06-16T22:13:39.484-0300] {processor.py:829} INFO - Processing file /mnt/c/Users/arcan/Documents/airflow/.venv/lib/python3.10/site-packages/airflow/example_dags/example_skip_dag.py for tasks to queue
[2025-06-16T22:13:39.486-0300] {logging_mixin.py:154} INFO - [2025-06-16T22:13:39.485-0300] {dagbag.py:536} INFO - Filling up the DagBag from /mnt/c/Users/arcan/Documents/airflow/.venv/lib/python3.10/site-packages/airflow/example_dags/example_skip_dag.py
[2025-06-16T22:13:39.527-0300] {processor.py:839} INFO - DAG(s) dict_keys(['example_skip_dag']) retrieved from /mnt/c/Users/arcan/Documents/airflow/.venv/lib/python3.10/site-packages/airflow/example_dags/example_skip_dag.py
[2025-06-16T22:13:39.576-0300] {logging_mixin.py:154} INFO - [2025-06-16T22:13:39.575-0300] {dag.py:2941} INFO - Sync 1 DAGs
[2025-06-16T22:13:39.610-0300] {logging_mixin.py:154} INFO - [2025-06-16T22:13:39.609-0300] {dag.py:3722} INFO - Setting next_dagrun for example_skip_dag to 2025-06-16T01:13:39.609469+00:00, run_after=2025-06-17T01:13:39.609469+00:00
[2025-06-16T22:13:39.712-0300] {processor.py:179} INFO - Processing /mnt/c/Users/arcan/Documents/airflow/.venv/lib/python3.10/site-packages/airflow/example_dags/example_skip_dag.py took 0.235 seconds
[2025-06-16T22:14:47.876-0300] {processor.py:157} INFO - Started process (PID=59402) to work on /mnt/c/Users/arcan/Documents/airflow/.venv/lib/python3.10/site-packages/airflow/example_dags/example_skip_dag.py
[2025-06-16T22:14:47.878-0300] {processor.py:829} INFO - Processing file /mnt/c/Users/arcan/Documents/airflow/.venv/lib/python3.10/site-packages/airflow/example_dags/example_skip_dag.py for tasks to queue
[2025-06-16T22:14:47.880-0300] {logging_mixin.py:154} INFO - [2025-06-16T22:14:47.879-0300] {dagbag.py:536} INFO - Filling up the DagBag from /mnt/c/Users/arcan/Documents/airflow/.venv/lib/python3.10/site-packages/airflow/example_dags/example_skip_dag.py
[2025-06-16T22:14:47.915-0300] {processor.py:839} INFO - DAG(s) dict_keys(['example_skip_dag']) retrieved from /mnt/c/Users/arcan/Documents/airflow/.venv/lib/python3.10/site-packages/airflow/example_dags/example_skip_dag.py
[2025-06-16T22:14:47.961-0300] {logging_mixin.py:154} INFO - [2025-06-16T22:14:47.961-0300] {dag.py:2941} INFO - Sync 1 DAGs
[2025-06-16T22:14:47.992-0300] {logging_mixin.py:154} INFO - [2025-06-16T22:14:47.992-0300] {dag.py:3722} INFO - Setting next_dagrun for example_skip_dag to 2025-06-16T01:14:47.991933+00:00, run_after=2025-06-17T01:14:47.991933+00:00
[2025-06-16T22:14:48.078-0300] {processor.py:179} INFO - Processing /mnt/c/Users/arcan/Documents/airflow/.venv/lib/python3.10/site-packages/airflow/example_dags/example_skip_dag.py took 0.207 seconds
[2025-06-16T22:15:55.248-0300] {processor.py:157} INFO - Started process (PID=59607) to work on /mnt/c/Users/arcan/Documents/airflow/.venv/lib/python3.10/site-packages/airflow/example_dags/example_skip_dag.py
[2025-06-16T22:15:55.250-0300] {processor.py:829} INFO - Processing file /mnt/c/Users/arcan/Documents/airflow/.venv/lib/python3.10/site-packages/airflow/example_dags/example_skip_dag.py for tasks to queue
[2025-06-16T22:15:55.253-0300] {logging_mixin.py:154} INFO - [2025-06-16T22:15:55.252-0300] {dagbag.py:536} INFO - Filling up the DagBag from /mnt/c/Users/arcan/Documents/airflow/.venv/lib/python3.10/site-packages/airflow/example_dags/example_skip_dag.py
[2025-06-16T22:15:55.295-0300] {processor.py:839} INFO - DAG(s) dict_keys(['example_skip_dag']) retrieved from /mnt/c/Users/arcan/Documents/airflow/.venv/lib/python3.10/site-packages/airflow/example_dags/example_skip_dag.py
[2025-06-16T22:15:55.344-0300] {logging_mixin.py:154} INFO - [2025-06-16T22:15:55.344-0300] {dag.py:2941} INFO - Sync 1 DAGs
[2025-06-16T22:15:55.386-0300] {logging_mixin.py:154} INFO - [2025-06-16T22:15:55.385-0300] {dag.py:3722} INFO - Setting next_dagrun for example_skip_dag to 2025-06-16T01:15:55.385265+00:00, run_after=2025-06-17T01:15:55.385265+00:00
[2025-06-16T22:15:55.505-0300] {processor.py:179} INFO - Processing /mnt/c/Users/arcan/Documents/airflow/.venv/lib/python3.10/site-packages/airflow/example_dags/example_skip_dag.py took 0.263 seconds
[2025-06-16T22:17:05.644-0300] {processor.py:157} INFO - Started process (PID=59941) to work on /mnt/c/Users/arcan/Documents/airflow/.venv/lib/python3.10/site-packages/airflow/example_dags/example_skip_dag.py
[2025-06-16T22:17:05.646-0300] {processor.py:829} INFO - Processing file /mnt/c/Users/arcan/Documents/airflow/.venv/lib/python3.10/site-packages/airflow/example_dags/example_skip_dag.py for tasks to queue
[2025-06-16T22:17:05.648-0300] {logging_mixin.py:154} INFO - [2025-06-16T22:17:05.648-0300] {dagbag.py:536} INFO - Filling up the DagBag from /mnt/c/Users/arcan/Documents/airflow/.venv/lib/python3.10/site-packages/airflow/example_dags/example_skip_dag.py
[2025-06-16T22:17:05.689-0300] {processor.py:839} INFO - DAG(s) dict_keys(['example_skip_dag']) retrieved from /mnt/c/Users/arcan/Documents/airflow/.venv/lib/python3.10/site-packages/airflow/example_dags/example_skip_dag.py
[2025-06-16T22:17:05.729-0300] {logging_mixin.py:154} INFO - [2025-06-16T22:17:05.729-0300] {dag.py:2941} INFO - Sync 1 DAGs
[2025-06-16T22:17:05.763-0300] {logging_mixin.py:154} INFO - [2025-06-16T22:17:05.763-0300] {dag.py:3722} INFO - Setting next_dagrun for example_skip_dag to 2025-06-16T01:17:05.762943+00:00, run_after=2025-06-17T01:17:05.762943+00:00
[2025-06-16T22:17:05.863-0300] {processor.py:179} INFO - Processing /mnt/c/Users/arcan/Documents/airflow/.venv/lib/python3.10/site-packages/airflow/example_dags/example_skip_dag.py took 0.225 seconds
[2025-06-16T22:18:23.669-0300] {processor.py:157} INFO - Started process (PID=60169) to work on /mnt/c/Users/arcan/Documents/airflow/.venv/lib/python3.10/site-packages/airflow/example_dags/example_skip_dag.py
[2025-06-16T22:18:23.672-0300] {processor.py:829} INFO - Processing file /mnt/c/Users/arcan/Documents/airflow/.venv/lib/python3.10/site-packages/airflow/example_dags/example_skip_dag.py for tasks to queue
[2025-06-16T22:18:23.675-0300] {logging_mixin.py:154} INFO - [2025-06-16T22:18:23.674-0300] {dagbag.py:536} INFO - Filling up the DagBag from /mnt/c/Users/arcan/Documents/airflow/.venv/lib/python3.10/site-packages/airflow/example_dags/example_skip_dag.py
[2025-06-16T22:18:23.724-0300] {processor.py:839} INFO - DAG(s) dict_keys(['example_skip_dag']) retrieved from /mnt/c/Users/arcan/Documents/airflow/.venv/lib/python3.10/site-packages/airflow/example_dags/example_skip_dag.py
[2025-06-16T22:18:23.790-0300] {logging_mixin.py:154} INFO - [2025-06-16T22:18:23.789-0300] {dag.py:2941} INFO - Sync 1 DAGs
[2025-06-16T22:18:23.834-0300] {logging_mixin.py:154} INFO - [2025-06-16T22:18:23.834-0300] {dag.py:3722} INFO - Setting next_dagrun for example_skip_dag to 2025-06-16T01:18:23.834068+00:00, run_after=2025-06-17T01:18:23.834068+00:00
[2025-06-16T22:18:24.007-0300] {processor.py:179} INFO - Processing /mnt/c/Users/arcan/Documents/airflow/.venv/lib/python3.10/site-packages/airflow/example_dags/example_skip_dag.py took 0.347 seconds
[2025-06-16T22:19:51.062-0300] {processor.py:157} INFO - Started process (PID=60420) to work on /mnt/c/Users/arcan/Documents/airflow/.venv/lib/python3.10/site-packages/airflow/example_dags/example_skip_dag.py
[2025-06-16T22:19:51.065-0300] {processor.py:829} INFO - Processing file /mnt/c/Users/arcan/Documents/airflow/.venv/lib/python3.10/site-packages/airflow/example_dags/example_skip_dag.py for tasks to queue
[2025-06-16T22:19:51.068-0300] {logging_mixin.py:154} INFO - [2025-06-16T22:19:51.067-0300] {dagbag.py:536} INFO - Filling up the DagBag from /mnt/c/Users/arcan/Documents/airflow/.venv/lib/python3.10/site-packages/airflow/example_dags/example_skip_dag.py
[2025-06-16T22:19:51.120-0300] {processor.py:839} INFO - DAG(s) dict_keys(['example_skip_dag']) retrieved from /mnt/c/Users/arcan/Documents/airflow/.venv/lib/python3.10/site-packages/airflow/example_dags/example_skip_dag.py
[2025-06-16T22:19:51.204-0300] {logging_mixin.py:154} INFO - [2025-06-16T22:19:51.204-0300] {dag.py:2941} INFO - Sync 1 DAGs
[2025-06-16T22:19:51.246-0300] {logging_mixin.py:154} INFO - [2025-06-16T22:19:51.246-0300] {dag.py:3722} INFO - Setting next_dagrun for example_skip_dag to 2025-06-16T01:19:51.245691+00:00, run_after=2025-06-17T01:19:51.245691+00:00
[2025-06-16T22:19:51.375-0300] {processor.py:179} INFO - Processing /mnt/c/Users/arcan/Documents/airflow/.venv/lib/python3.10/site-packages/airflow/example_dags/example_skip_dag.py took 0.321 seconds
[2025-06-16T22:21:11.826-0300] {processor.py:157} INFO - Started process (PID=60651) to work on /mnt/c/Users/arcan/Documents/airflow/.venv/lib/python3.10/site-packages/airflow/example_dags/example_skip_dag.py
[2025-06-16T22:21:11.829-0300] {processor.py:829} INFO - Processing file /mnt/c/Users/arcan/Documents/airflow/.venv/lib/python3.10/site-packages/airflow/example_dags/example_skip_dag.py for tasks to queue
[2025-06-16T22:21:11.832-0300] {logging_mixin.py:154} INFO - [2025-06-16T22:21:11.831-0300] {dagbag.py:536} INFO - Filling up the DagBag from /mnt/c/Users/arcan/Documents/airflow/.venv/lib/python3.10/site-packages/airflow/example_dags/example_skip_dag.py
[2025-06-16T22:21:11.883-0300] {processor.py:839} INFO - DAG(s) dict_keys(['example_skip_dag']) retrieved from /mnt/c/Users/arcan/Documents/airflow/.venv/lib/python3.10/site-packages/airflow/example_dags/example_skip_dag.py
[2025-06-16T22:21:11.947-0300] {logging_mixin.py:154} INFO - [2025-06-16T22:21:11.947-0300] {dag.py:2941} INFO - Sync 1 DAGs
[2025-06-16T22:21:11.990-0300] {logging_mixin.py:154} INFO - [2025-06-16T22:21:11.990-0300] {dag.py:3722} INFO - Setting next_dagrun for example_skip_dag to 2025-06-16T01:21:11.989969+00:00, run_after=2025-06-17T01:21:11.989969+00:00
[2025-06-16T22:21:12.140-0300] {processor.py:179} INFO - Processing /mnt/c/Users/arcan/Documents/airflow/.venv/lib/python3.10/site-packages/airflow/example_dags/example_skip_dag.py took 0.322 seconds
[2025-06-16T22:22:34.687-0300] {processor.py:157} INFO - Started process (PID=60885) to work on /mnt/c/Users/arcan/Documents/airflow/.venv/lib/python3.10/site-packages/airflow/example_dags/example_skip_dag.py
[2025-06-16T22:22:34.691-0300] {processor.py:829} INFO - Processing file /mnt/c/Users/arcan/Documents/airflow/.venv/lib/python3.10/site-packages/airflow/example_dags/example_skip_dag.py for tasks to queue
[2025-06-16T22:22:34.693-0300] {logging_mixin.py:154} INFO - [2025-06-16T22:22:34.693-0300] {dagbag.py:536} INFO - Filling up the DagBag from /mnt/c/Users/arcan/Documents/airflow/.venv/lib/python3.10/site-packages/airflow/example_dags/example_skip_dag.py
[2025-06-16T22:22:34.752-0300] {processor.py:839} INFO - DAG(s) dict_keys(['example_skip_dag']) retrieved from /mnt/c/Users/arcan/Documents/airflow/.venv/lib/python3.10/site-packages/airflow/example_dags/example_skip_dag.py
[2025-06-16T22:22:34.825-0300] {logging_mixin.py:154} INFO - [2025-06-16T22:22:34.825-0300] {dag.py:2941} INFO - Sync 1 DAGs
[2025-06-16T22:22:34.883-0300] {logging_mixin.py:154} INFO - [2025-06-16T22:22:34.883-0300] {dag.py:3722} INFO - Setting next_dagrun for example_skip_dag to 2025-06-16T01:22:34.882718+00:00, run_after=2025-06-17T01:22:34.882718+00:00
[2025-06-16T22:22:35.021-0300] {processor.py:179} INFO - Processing /mnt/c/Users/arcan/Documents/airflow/.venv/lib/python3.10/site-packages/airflow/example_dags/example_skip_dag.py took 0.342 seconds
[2025-06-16T22:23:58.329-0300] {processor.py:157} INFO - Started process (PID=61249) to work on /mnt/c/Users/arcan/Documents/airflow/.venv/lib/python3.10/site-packages/airflow/example_dags/example_skip_dag.py
[2025-06-16T22:23:58.331-0300] {processor.py:829} INFO - Processing file /mnt/c/Users/arcan/Documents/airflow/.venv/lib/python3.10/site-packages/airflow/example_dags/example_skip_dag.py for tasks to queue
[2025-06-16T22:23:58.334-0300] {logging_mixin.py:154} INFO - [2025-06-16T22:23:58.333-0300] {dagbag.py:536} INFO - Filling up the DagBag from /mnt/c/Users/arcan/Documents/airflow/.venv/lib/python3.10/site-packages/airflow/example_dags/example_skip_dag.py
[2025-06-16T22:23:58.385-0300] {processor.py:839} INFO - DAG(s) dict_keys(['example_skip_dag']) retrieved from /mnt/c/Users/arcan/Documents/airflow/.venv/lib/python3.10/site-packages/airflow/example_dags/example_skip_dag.py
[2025-06-16T22:23:58.447-0300] {logging_mixin.py:154} INFO - [2025-06-16T22:23:58.446-0300] {dag.py:2941} INFO - Sync 1 DAGs
[2025-06-16T22:23:58.493-0300] {logging_mixin.py:154} INFO - [2025-06-16T22:23:58.492-0300] {dag.py:3722} INFO - Setting next_dagrun for example_skip_dag to 2025-06-16T01:23:58.492520+00:00, run_after=2025-06-17T01:23:58.492520+00:00
[2025-06-16T22:23:58.627-0300] {processor.py:179} INFO - Processing /mnt/c/Users/arcan/Documents/airflow/.venv/lib/python3.10/site-packages/airflow/example_dags/example_skip_dag.py took 0.305 seconds
[2025-06-16T22:25:16.825-0300] {processor.py:157} INFO - Started process (PID=61478) to work on /mnt/c/Users/arcan/Documents/airflow/.venv/lib/python3.10/site-packages/airflow/example_dags/example_skip_dag.py
[2025-06-16T22:25:16.827-0300] {processor.py:829} INFO - Processing file /mnt/c/Users/arcan/Documents/airflow/.venv/lib/python3.10/site-packages/airflow/example_dags/example_skip_dag.py for tasks to queue
[2025-06-16T22:25:16.830-0300] {logging_mixin.py:154} INFO - [2025-06-16T22:25:16.829-0300] {dagbag.py:536} INFO - Filling up the DagBag from /mnt/c/Users/arcan/Documents/airflow/.venv/lib/python3.10/site-packages/airflow/example_dags/example_skip_dag.py
[2025-06-16T22:25:16.876-0300] {processor.py:839} INFO - DAG(s) dict_keys(['example_skip_dag']) retrieved from /mnt/c/Users/arcan/Documents/airflow/.venv/lib/python3.10/site-packages/airflow/example_dags/example_skip_dag.py
[2025-06-16T22:25:16.932-0300] {logging_mixin.py:154} INFO - [2025-06-16T22:25:16.932-0300] {dag.py:2941} INFO - Sync 1 DAGs
[2025-06-16T22:25:16.971-0300] {logging_mixin.py:154} INFO - [2025-06-16T22:25:16.971-0300] {dag.py:3722} INFO - Setting next_dagrun for example_skip_dag to 2025-06-16T01:25:16.970997+00:00, run_after=2025-06-17T01:25:16.970997+00:00
[2025-06-16T22:25:17.120-0300] {processor.py:179} INFO - Processing /mnt/c/Users/arcan/Documents/airflow/.venv/lib/python3.10/site-packages/airflow/example_dags/example_skip_dag.py took 0.300 seconds
[2025-06-16T22:26:37.782-0300] {processor.py:157} INFO - Started process (PID=61707) to work on /mnt/c/Users/arcan/Documents/airflow/.venv/lib/python3.10/site-packages/airflow/example_dags/example_skip_dag.py
[2025-06-16T22:26:37.784-0300] {processor.py:829} INFO - Processing file /mnt/c/Users/arcan/Documents/airflow/.venv/lib/python3.10/site-packages/airflow/example_dags/example_skip_dag.py for tasks to queue
[2025-06-16T22:26:37.787-0300] {logging_mixin.py:154} INFO - [2025-06-16T22:26:37.786-0300] {dagbag.py:536} INFO - Filling up the DagBag from /mnt/c/Users/arcan/Documents/airflow/.venv/lib/python3.10/site-packages/airflow/example_dags/example_skip_dag.py
[2025-06-16T22:26:37.831-0300] {processor.py:839} INFO - DAG(s) dict_keys(['example_skip_dag']) retrieved from /mnt/c/Users/arcan/Documents/airflow/.venv/lib/python3.10/site-packages/airflow/example_dags/example_skip_dag.py
[2025-06-16T22:26:37.891-0300] {logging_mixin.py:154} INFO - [2025-06-16T22:26:37.890-0300] {dag.py:2941} INFO - Sync 1 DAGs
[2025-06-16T22:26:37.933-0300] {logging_mixin.py:154} INFO - [2025-06-16T22:26:37.933-0300] {dag.py:3722} INFO - Setting next_dagrun for example_skip_dag to 2025-06-16T01:26:37.933030+00:00, run_after=2025-06-17T01:26:37.933030+00:00
[2025-06-16T22:26:38.055-0300] {processor.py:179} INFO - Processing /mnt/c/Users/arcan/Documents/airflow/.venv/lib/python3.10/site-packages/airflow/example_dags/example_skip_dag.py took 0.279 seconds
[2025-06-16T22:27:53.489-0300] {processor.py:157} INFO - Started process (PID=61927) to work on /mnt/c/Users/arcan/Documents/airflow/.venv/lib/python3.10/site-packages/airflow/example_dags/example_skip_dag.py
[2025-06-16T22:27:53.492-0300] {processor.py:829} INFO - Processing file /mnt/c/Users/arcan/Documents/airflow/.venv/lib/python3.10/site-packages/airflow/example_dags/example_skip_dag.py for tasks to queue
[2025-06-16T22:27:53.496-0300] {logging_mixin.py:154} INFO - [2025-06-16T22:27:53.495-0300] {dagbag.py:536} INFO - Filling up the DagBag from /mnt/c/Users/arcan/Documents/airflow/.venv/lib/python3.10/site-packages/airflow/example_dags/example_skip_dag.py
[2025-06-16T22:27:53.549-0300] {processor.py:839} INFO - DAG(s) dict_keys(['example_skip_dag']) retrieved from /mnt/c/Users/arcan/Documents/airflow/.venv/lib/python3.10/site-packages/airflow/example_dags/example_skip_dag.py
[2025-06-16T22:27:53.612-0300] {logging_mixin.py:154} INFO - [2025-06-16T22:27:53.612-0300] {dag.py:2941} INFO - Sync 1 DAGs
[2025-06-16T22:27:53.655-0300] {logging_mixin.py:154} INFO - [2025-06-16T22:27:53.655-0300] {dag.py:3722} INFO - Setting next_dagrun for example_skip_dag to 2025-06-16T01:27:53.655181+00:00, run_after=2025-06-17T01:27:53.655181+00:00
[2025-06-16T22:27:53.802-0300] {processor.py:179} INFO - Processing /mnt/c/Users/arcan/Documents/airflow/.venv/lib/python3.10/site-packages/airflow/example_dags/example_skip_dag.py took 0.322 seconds
[2025-06-16T22:29:12.226-0300] {processor.py:157} INFO - Started process (PID=62147) to work on /mnt/c/Users/arcan/Documents/airflow/.venv/lib/python3.10/site-packages/airflow/example_dags/example_skip_dag.py
[2025-06-16T22:29:12.229-0300] {processor.py:829} INFO - Processing file /mnt/c/Users/arcan/Documents/airflow/.venv/lib/python3.10/site-packages/airflow/example_dags/example_skip_dag.py for tasks to queue
[2025-06-16T22:29:12.231-0300] {logging_mixin.py:154} INFO - [2025-06-16T22:29:12.230-0300] {dagbag.py:536} INFO - Filling up the DagBag from /mnt/c/Users/arcan/Documents/airflow/.venv/lib/python3.10/site-packages/airflow/example_dags/example_skip_dag.py
[2025-06-16T22:29:12.280-0300] {processor.py:839} INFO - DAG(s) dict_keys(['example_skip_dag']) retrieved from /mnt/c/Users/arcan/Documents/airflow/.venv/lib/python3.10/site-packages/airflow/example_dags/example_skip_dag.py
[2025-06-16T22:29:12.339-0300] {logging_mixin.py:154} INFO - [2025-06-16T22:29:12.338-0300] {dag.py:2941} INFO - Sync 1 DAGs
[2025-06-16T22:29:12.380-0300] {logging_mixin.py:154} INFO - [2025-06-16T22:29:12.379-0300] {dag.py:3722} INFO - Setting next_dagrun for example_skip_dag to 2025-06-16T01:29:12.379410+00:00, run_after=2025-06-17T01:29:12.379410+00:00
[2025-06-16T22:29:12.531-0300] {processor.py:179} INFO - Processing /mnt/c/Users/arcan/Documents/airflow/.venv/lib/python3.10/site-packages/airflow/example_dags/example_skip_dag.py took 0.311 seconds
[2025-06-16T22:30:29.809-0300] {processor.py:157} INFO - Started process (PID=62369) to work on /mnt/c/Users/arcan/Documents/airflow/.venv/lib/python3.10/site-packages/airflow/example_dags/example_skip_dag.py
[2025-06-16T22:30:29.812-0300] {processor.py:829} INFO - Processing file /mnt/c/Users/arcan/Documents/airflow/.venv/lib/python3.10/site-packages/airflow/example_dags/example_skip_dag.py for tasks to queue
[2025-06-16T22:30:29.815-0300] {logging_mixin.py:154} INFO - [2025-06-16T22:30:29.814-0300] {dagbag.py:536} INFO - Filling up the DagBag from /mnt/c/Users/arcan/Documents/airflow/.venv/lib/python3.10/site-packages/airflow/example_dags/example_skip_dag.py
[2025-06-16T22:30:29.875-0300] {processor.py:839} INFO - DAG(s) dict_keys(['example_skip_dag']) retrieved from /mnt/c/Users/arcan/Documents/airflow/.venv/lib/python3.10/site-packages/airflow/example_dags/example_skip_dag.py
[2025-06-16T22:30:29.943-0300] {logging_mixin.py:154} INFO - [2025-06-16T22:30:29.943-0300] {dag.py:2941} INFO - Sync 1 DAGs
[2025-06-16T22:30:29.986-0300] {logging_mixin.py:154} INFO - [2025-06-16T22:30:29.985-0300] {dag.py:3722} INFO - Setting next_dagrun for example_skip_dag to 2025-06-16T01:30:29.985568+00:00, run_after=2025-06-17T01:30:29.985568+00:00
[2025-06-16T22:30:30.178-0300] {processor.py:179} INFO - Processing /mnt/c/Users/arcan/Documents/airflow/.venv/lib/python3.10/site-packages/airflow/example_dags/example_skip_dag.py took 0.377 seconds
[2025-06-16T22:32:03.858-0300] {processor.py:157} INFO - Started process (PID=62723) to work on /mnt/c/Users/arcan/Documents/airflow/.venv/lib/python3.10/site-packages/airflow/example_dags/example_skip_dag.py
[2025-06-16T22:32:03.861-0300] {processor.py:829} INFO - Processing file /mnt/c/Users/arcan/Documents/airflow/.venv/lib/python3.10/site-packages/airflow/example_dags/example_skip_dag.py for tasks to queue
[2025-06-16T22:32:03.864-0300] {logging_mixin.py:154} INFO - [2025-06-16T22:32:03.863-0300] {dagbag.py:536} INFO - Filling up the DagBag from /mnt/c/Users/arcan/Documents/airflow/.venv/lib/python3.10/site-packages/airflow/example_dags/example_skip_dag.py
[2025-06-16T22:32:03.917-0300] {processor.py:839} INFO - DAG(s) dict_keys(['example_skip_dag']) retrieved from /mnt/c/Users/arcan/Documents/airflow/.venv/lib/python3.10/site-packages/airflow/example_dags/example_skip_dag.py
[2025-06-16T22:32:03.981-0300] {logging_mixin.py:154} INFO - [2025-06-16T22:32:03.981-0300] {dag.py:2941} INFO - Sync 1 DAGs
[2025-06-16T22:32:04.024-0300] {logging_mixin.py:154} INFO - [2025-06-16T22:32:04.024-0300] {dag.py:3722} INFO - Setting next_dagrun for example_skip_dag to 2025-06-16T01:32:04.023814+00:00, run_after=2025-06-17T01:32:04.023814+00:00
[2025-06-16T22:32:04.170-0300] {processor.py:179} INFO - Processing /mnt/c/Users/arcan/Documents/airflow/.venv/lib/python3.10/site-packages/airflow/example_dags/example_skip_dag.py took 0.321 seconds
[2025-06-17T20:50:38.791-0300] {processor.py:157} INFO - Started process (PID=63653) to work on /mnt/c/Users/arcan/Documents/airflow/.venv/lib/python3.10/site-packages/airflow/example_dags/example_skip_dag.py
[2025-06-17T20:50:38.795-0300] {processor.py:829} INFO - Processing file /mnt/c/Users/arcan/Documents/airflow/.venv/lib/python3.10/site-packages/airflow/example_dags/example_skip_dag.py for tasks to queue
[2025-06-17T20:50:38.797-0300] {logging_mixin.py:154} INFO - [2025-06-17T20:50:38.796-0300] {dagbag.py:536} INFO - Filling up the DagBag from /mnt/c/Users/arcan/Documents/airflow/.venv/lib/python3.10/site-packages/airflow/example_dags/example_skip_dag.py
[2025-06-17T20:50:38.850-0300] {processor.py:839} INFO - DAG(s) dict_keys(['example_skip_dag']) retrieved from /mnt/c/Users/arcan/Documents/airflow/.venv/lib/python3.10/site-packages/airflow/example_dags/example_skip_dag.py
[2025-06-17T20:50:38.933-0300] {logging_mixin.py:154} INFO - [2025-06-17T20:50:38.932-0300] {dag.py:2941} INFO - Sync 1 DAGs
[2025-06-17T20:50:38.974-0300] {logging_mixin.py:154} INFO - [2025-06-17T20:50:38.974-0300] {dag.py:3722} INFO - Setting next_dagrun for example_skip_dag to 2025-06-16T23:50:38.974065+00:00, run_after=2025-06-17T23:50:38.974065+00:00
[2025-06-17T20:50:39.107-0300] {processor.py:179} INFO - Processing /mnt/c/Users/arcan/Documents/airflow/.venv/lib/python3.10/site-packages/airflow/example_dags/example_skip_dag.py took 0.326 seconds
[2025-06-17T20:51:54.119-0300] {processor.py:157} INFO - Started process (PID=63783) to work on /mnt/c/Users/arcan/Documents/airflow/.venv/lib/python3.10/site-packages/airflow/example_dags/example_skip_dag.py
[2025-06-17T20:51:54.121-0300] {processor.py:829} INFO - Processing file /mnt/c/Users/arcan/Documents/airflow/.venv/lib/python3.10/site-packages/airflow/example_dags/example_skip_dag.py for tasks to queue
[2025-06-17T20:51:54.123-0300] {logging_mixin.py:154} INFO - [2025-06-17T20:51:54.122-0300] {dagbag.py:536} INFO - Filling up the DagBag from /mnt/c/Users/arcan/Documents/airflow/.venv/lib/python3.10/site-packages/airflow/example_dags/example_skip_dag.py
[2025-06-17T20:51:54.174-0300] {processor.py:839} INFO - DAG(s) dict_keys(['example_skip_dag']) retrieved from /mnt/c/Users/arcan/Documents/airflow/.venv/lib/python3.10/site-packages/airflow/example_dags/example_skip_dag.py
[2025-06-17T20:51:54.228-0300] {logging_mixin.py:154} INFO - [2025-06-17T20:51:54.228-0300] {dag.py:2941} INFO - Sync 1 DAGs
[2025-06-17T20:51:54.264-0300] {logging_mixin.py:154} INFO - [2025-06-17T20:51:54.264-0300] {dag.py:3722} INFO - Setting next_dagrun for example_skip_dag to 2025-06-16T23:51:54.263911+00:00, run_after=2025-06-17T23:51:54.263911+00:00
[2025-06-17T20:51:54.396-0300] {processor.py:179} INFO - Processing /mnt/c/Users/arcan/Documents/airflow/.venv/lib/python3.10/site-packages/airflow/example_dags/example_skip_dag.py took 0.283 seconds
[2025-06-17T20:53:15.830-0300] {processor.py:157} INFO - Started process (PID=64012) to work on /mnt/c/Users/arcan/Documents/airflow/.venv/lib/python3.10/site-packages/airflow/example_dags/example_skip_dag.py
[2025-06-17T20:53:15.833-0300] {processor.py:829} INFO - Processing file /mnt/c/Users/arcan/Documents/airflow/.venv/lib/python3.10/site-packages/airflow/example_dags/example_skip_dag.py for tasks to queue
[2025-06-17T20:53:15.835-0300] {logging_mixin.py:154} INFO - [2025-06-17T20:53:15.834-0300] {dagbag.py:536} INFO - Filling up the DagBag from /mnt/c/Users/arcan/Documents/airflow/.venv/lib/python3.10/site-packages/airflow/example_dags/example_skip_dag.py
[2025-06-17T20:53:15.888-0300] {processor.py:839} INFO - DAG(s) dict_keys(['example_skip_dag']) retrieved from /mnt/c/Users/arcan/Documents/airflow/.venv/lib/python3.10/site-packages/airflow/example_dags/example_skip_dag.py
[2025-06-17T20:53:15.954-0300] {logging_mixin.py:154} INFO - [2025-06-17T20:53:15.954-0300] {dag.py:2941} INFO - Sync 1 DAGs
[2025-06-17T20:53:16.007-0300] {logging_mixin.py:154} INFO - [2025-06-17T20:53:16.006-0300] {dag.py:3722} INFO - Setting next_dagrun for example_skip_dag to 2025-06-16T23:53:16.006278+00:00, run_after=2025-06-17T23:53:16.006278+00:00
[2025-06-17T20:53:16.136-0300] {processor.py:179} INFO - Processing /mnt/c/Users/arcan/Documents/airflow/.venv/lib/python3.10/site-packages/airflow/example_dags/example_skip_dag.py took 0.313 seconds
[2025-06-17T20:54:29.061-0300] {processor.py:157} INFO - Started process (PID=64349) to work on /mnt/c/Users/arcan/Documents/airflow/.venv/lib/python3.10/site-packages/airflow/example_dags/example_skip_dag.py
[2025-06-17T20:54:29.063-0300] {processor.py:829} INFO - Processing file /mnt/c/Users/arcan/Documents/airflow/.venv/lib/python3.10/site-packages/airflow/example_dags/example_skip_dag.py for tasks to queue
[2025-06-17T20:54:29.066-0300] {logging_mixin.py:154} INFO - [2025-06-17T20:54:29.065-0300] {dagbag.py:536} INFO - Filling up the DagBag from /mnt/c/Users/arcan/Documents/airflow/.venv/lib/python3.10/site-packages/airflow/example_dags/example_skip_dag.py
[2025-06-17T20:54:29.104-0300] {processor.py:839} INFO - DAG(s) dict_keys(['example_skip_dag']) retrieved from /mnt/c/Users/arcan/Documents/airflow/.venv/lib/python3.10/site-packages/airflow/example_dags/example_skip_dag.py
[2025-06-17T20:54:29.150-0300] {logging_mixin.py:154} INFO - [2025-06-17T20:54:29.150-0300] {dag.py:2941} INFO - Sync 1 DAGs
[2025-06-17T20:54:29.186-0300] {logging_mixin.py:154} INFO - [2025-06-17T20:54:29.186-0300] {dag.py:3722} INFO - Setting next_dagrun for example_skip_dag to 2025-06-16T23:54:29.185749+00:00, run_after=2025-06-17T23:54:29.185749+00:00
[2025-06-17T20:54:29.282-0300] {processor.py:179} INFO - Processing /mnt/c/Users/arcan/Documents/airflow/.venv/lib/python3.10/site-packages/airflow/example_dags/example_skip_dag.py took 0.227 seconds
[2025-06-17T20:55:38.479-0300] {processor.py:157} INFO - Started process (PID=64552) to work on /mnt/c/Users/arcan/Documents/airflow/.venv/lib/python3.10/site-packages/airflow/example_dags/example_skip_dag.py
[2025-06-17T20:55:38.480-0300] {processor.py:829} INFO - Processing file /mnt/c/Users/arcan/Documents/airflow/.venv/lib/python3.10/site-packages/airflow/example_dags/example_skip_dag.py for tasks to queue
[2025-06-17T20:55:38.482-0300] {logging_mixin.py:154} INFO - [2025-06-17T20:55:38.481-0300] {dagbag.py:536} INFO - Filling up the DagBag from /mnt/c/Users/arcan/Documents/airflow/.venv/lib/python3.10/site-packages/airflow/example_dags/example_skip_dag.py
[2025-06-17T20:55:38.517-0300] {processor.py:839} INFO - DAG(s) dict_keys(['example_skip_dag']) retrieved from /mnt/c/Users/arcan/Documents/airflow/.venv/lib/python3.10/site-packages/airflow/example_dags/example_skip_dag.py
[2025-06-17T20:55:38.558-0300] {logging_mixin.py:154} INFO - [2025-06-17T20:55:38.557-0300] {dag.py:2941} INFO - Sync 1 DAGs
[2025-06-17T20:55:38.593-0300] {logging_mixin.py:154} INFO - [2025-06-17T20:55:38.593-0300] {dag.py:3722} INFO - Setting next_dagrun for example_skip_dag to 2025-06-16T23:55:38.592830+00:00, run_after=2025-06-17T23:55:38.592830+00:00
[2025-06-17T20:55:38.717-0300] {processor.py:179} INFO - Processing /mnt/c/Users/arcan/Documents/airflow/.venv/lib/python3.10/site-packages/airflow/example_dags/example_skip_dag.py took 0.243 seconds
