[2025-06-16T22:03:42.109-0300] {processor.py:157} INFO - Started process (PID=57268) to work on /mnt/c/Users/arcan/Documents/airflow/.venv/lib/python3.10/site-packages/airflow/example_dags/example_task_group_decorator.py
[2025-06-16T22:03:42.111-0300] {processor.py:829} INFO - Processing file /mnt/c/Users/arcan/Documents/airflow/.venv/lib/python3.10/site-packages/airflow/example_dags/example_task_group_decorator.py for tasks to queue
[2025-06-16T22:03:42.114-0300] {logging_mixin.py:154} INFO - [2025-06-16T22:03:42.113-0300] {dagbag.py:536} INFO - Filling up the DagBag from /mnt/c/Users/arcan/Documents/airflow/.venv/lib/python3.10/site-packages/airflow/example_dags/example_task_group_decorator.py
[2025-06-16T22:03:42.169-0300] {processor.py:839} INFO - DAG(s) dict_keys(['example_task_group_decorator']) retrieved from /mnt/c/Users/arcan/Documents/airflow/.venv/lib/python3.10/site-packages/airflow/example_dags/example_task_group_decorator.py
[2025-06-16T22:03:42.230-0300] {logging_mixin.py:154} INFO - [2025-06-16T22:03:42.229-0300] {dag.py:2941} INFO - Sync 1 DAGs
[2025-06-16T22:03:42.276-0300] {logging_mixin.py:154} INFO - [2025-06-16T22:03:42.276-0300] {dag.py:3722} INFO - Setting next_dagrun for example_task_group_decorator to 2025-06-16T01:03:42.275830+00:00, run_after=2025-06-17T01:03:42.275830+00:00
[2025-06-16T22:03:42.384-0300] {processor.py:179} INFO - Processing /mnt/c/Users/arcan/Documents/airflow/.venv/lib/python3.10/site-packages/airflow/example_dags/example_task_group_decorator.py took 0.281 seconds
[2025-06-16T22:04:39.990-0300] {processor.py:157} INFO - Started process (PID=57441) to work on /mnt/c/Users/arcan/Documents/airflow/.venv/lib/python3.10/site-packages/airflow/example_dags/example_task_group_decorator.py
[2025-06-16T22:04:39.992-0300] {processor.py:829} INFO - Processing file /mnt/c/Users/arcan/Documents/airflow/.venv/lib/python3.10/site-packages/airflow/example_dags/example_task_group_decorator.py for tasks to queue
[2025-06-16T22:04:39.995-0300] {logging_mixin.py:154} INFO - [2025-06-16T22:04:39.994-0300] {dagbag.py:536} INFO - Filling up the DagBag from /mnt/c/Users/arcan/Documents/airflow/.venv/lib/python3.10/site-packages/airflow/example_dags/example_task_group_decorator.py
[2025-06-16T22:04:40.058-0300] {processor.py:839} INFO - DAG(s) dict_keys(['example_task_group_decorator']) retrieved from /mnt/c/Users/arcan/Documents/airflow/.venv/lib/python3.10/site-packages/airflow/example_dags/example_task_group_decorator.py
[2025-06-16T22:04:40.118-0300] {logging_mixin.py:154} INFO - [2025-06-16T22:04:40.118-0300] {dag.py:2941} INFO - Sync 1 DAGs
[2025-06-16T22:04:40.185-0300] {logging_mixin.py:154} INFO - [2025-06-16T22:04:40.184-0300] {dag.py:3722} INFO - Setting next_dagrun for example_task_group_decorator to 2025-06-16T01:04:40.184359+00:00, run_after=2025-06-17T01:04:40.184359+00:00
[2025-06-16T22:04:40.320-0300] {processor.py:179} INFO - Processing /mnt/c/Users/arcan/Documents/airflow/.venv/lib/python3.10/site-packages/airflow/example_dags/example_task_group_decorator.py took 0.336 seconds
[2025-06-16T22:05:53.817-0300] {processor.py:157} INFO - Started process (PID=57683) to work on /mnt/c/Users/arcan/Documents/airflow/.venv/lib/python3.10/site-packages/airflow/example_dags/example_task_group_decorator.py
[2025-06-16T22:05:53.819-0300] {processor.py:829} INFO - Processing file /mnt/c/Users/arcan/Documents/airflow/.venv/lib/python3.10/site-packages/airflow/example_dags/example_task_group_decorator.py for tasks to queue
[2025-06-16T22:05:53.821-0300] {logging_mixin.py:154} INFO - [2025-06-16T22:05:53.820-0300] {dagbag.py:536} INFO - Filling up the DagBag from /mnt/c/Users/arcan/Documents/airflow/.venv/lib/python3.10/site-packages/airflow/example_dags/example_task_group_decorator.py
[2025-06-16T22:05:53.864-0300] {processor.py:839} INFO - DAG(s) dict_keys(['example_task_group_decorator']) retrieved from /mnt/c/Users/arcan/Documents/airflow/.venv/lib/python3.10/site-packages/airflow/example_dags/example_task_group_decorator.py
[2025-06-16T22:05:53.910-0300] {logging_mixin.py:154} INFO - [2025-06-16T22:05:53.910-0300] {dag.py:2941} INFO - Sync 1 DAGs
[2025-06-16T22:05:53.944-0300] {logging_mixin.py:154} INFO - [2025-06-16T22:05:53.944-0300] {dag.py:3722} INFO - Setting next_dagrun for example_task_group_decorator to 2025-06-16T01:05:53.943964+00:00, run_after=2025-06-17T01:05:53.943964+00:00
[2025-06-16T22:05:54.040-0300] {processor.py:179} INFO - Processing /mnt/c/Users/arcan/Documents/airflow/.venv/lib/python3.10/site-packages/airflow/example_dags/example_task_group_decorator.py took 0.228 seconds
[2025-06-16T22:07:03.444-0300] {processor.py:157} INFO - Started process (PID=57889) to work on /mnt/c/Users/arcan/Documents/airflow/.venv/lib/python3.10/site-packages/airflow/example_dags/example_task_group_decorator.py
[2025-06-16T22:07:03.447-0300] {processor.py:829} INFO - Processing file /mnt/c/Users/arcan/Documents/airflow/.venv/lib/python3.10/site-packages/airflow/example_dags/example_task_group_decorator.py for tasks to queue
[2025-06-16T22:07:03.450-0300] {logging_mixin.py:154} INFO - [2025-06-16T22:07:03.449-0300] {dagbag.py:536} INFO - Filling up the DagBag from /mnt/c/Users/arcan/Documents/airflow/.venv/lib/python3.10/site-packages/airflow/example_dags/example_task_group_decorator.py
[2025-06-16T22:07:03.520-0300] {processor.py:839} INFO - DAG(s) dict_keys(['example_task_group_decorator']) retrieved from /mnt/c/Users/arcan/Documents/airflow/.venv/lib/python3.10/site-packages/airflow/example_dags/example_task_group_decorator.py
[2025-06-16T22:07:03.599-0300] {logging_mixin.py:154} INFO - [2025-06-16T22:07:03.598-0300] {dag.py:2941} INFO - Sync 1 DAGs
[2025-06-16T22:07:03.639-0300] {logging_mixin.py:154} INFO - [2025-06-16T22:07:03.639-0300] {dag.py:3722} INFO - Setting next_dagrun for example_task_group_decorator to 2025-06-16T01:07:03.639273+00:00, run_after=2025-06-17T01:07:03.639273+00:00
[2025-06-16T22:07:03.769-0300] {processor.py:179} INFO - Processing /mnt/c/Users/arcan/Documents/airflow/.venv/lib/python3.10/site-packages/airflow/example_dags/example_task_group_decorator.py took 0.331 seconds
[2025-06-16T22:08:17.607-0300] {processor.py:157} INFO - Started process (PID=58109) to work on /mnt/c/Users/arcan/Documents/airflow/.venv/lib/python3.10/site-packages/airflow/example_dags/example_task_group_decorator.py
[2025-06-16T22:08:17.609-0300] {processor.py:829} INFO - Processing file /mnt/c/Users/arcan/Documents/airflow/.venv/lib/python3.10/site-packages/airflow/example_dags/example_task_group_decorator.py for tasks to queue
[2025-06-16T22:08:17.611-0300] {logging_mixin.py:154} INFO - [2025-06-16T22:08:17.610-0300] {dagbag.py:536} INFO - Filling up the DagBag from /mnt/c/Users/arcan/Documents/airflow/.venv/lib/python3.10/site-packages/airflow/example_dags/example_task_group_decorator.py
[2025-06-16T22:08:17.653-0300] {processor.py:839} INFO - DAG(s) dict_keys(['example_task_group_decorator']) retrieved from /mnt/c/Users/arcan/Documents/airflow/.venv/lib/python3.10/site-packages/airflow/example_dags/example_task_group_decorator.py
[2025-06-16T22:08:17.699-0300] {logging_mixin.py:154} INFO - [2025-06-16T22:08:17.699-0300] {dag.py:2941} INFO - Sync 1 DAGs
[2025-06-16T22:08:17.731-0300] {logging_mixin.py:154} INFO - [2025-06-16T22:08:17.731-0300] {dag.py:3722} INFO - Setting next_dagrun for example_task_group_decorator to 2025-06-16T01:08:17.730871+00:00, run_after=2025-06-17T01:08:17.730871+00:00
[2025-06-16T22:08:17.843-0300] {processor.py:179} INFO - Processing /mnt/c/Users/arcan/Documents/airflow/.venv/lib/python3.10/site-packages/airflow/example_dags/example_task_group_decorator.py took 0.241 seconds
[2025-06-16T22:09:26.943-0300] {processor.py:157} INFO - Started process (PID=58440) to work on /mnt/c/Users/arcan/Documents/airflow/.venv/lib/python3.10/site-packages/airflow/example_dags/example_task_group_decorator.py
[2025-06-16T22:09:26.946-0300] {processor.py:829} INFO - Processing file /mnt/c/Users/arcan/Documents/airflow/.venv/lib/python3.10/site-packages/airflow/example_dags/example_task_group_decorator.py for tasks to queue
[2025-06-16T22:09:26.948-0300] {logging_mixin.py:154} INFO - [2025-06-16T22:09:26.948-0300] {dagbag.py:536} INFO - Filling up the DagBag from /mnt/c/Users/arcan/Documents/airflow/.venv/lib/python3.10/site-packages/airflow/example_dags/example_task_group_decorator.py
[2025-06-16T22:09:26.997-0300] {processor.py:839} INFO - DAG(s) dict_keys(['example_task_group_decorator']) retrieved from /mnt/c/Users/arcan/Documents/airflow/.venv/lib/python3.10/site-packages/airflow/example_dags/example_task_group_decorator.py
[2025-06-16T22:09:27.044-0300] {logging_mixin.py:154} INFO - [2025-06-16T22:09:27.044-0300] {dag.py:2941} INFO - Sync 1 DAGs
[2025-06-16T22:09:27.076-0300] {logging_mixin.py:154} INFO - [2025-06-16T22:09:27.076-0300] {dag.py:3722} INFO - Setting next_dagrun for example_task_group_decorator to 2025-06-16T01:09:27.076189+00:00, run_after=2025-06-17T01:09:27.076189+00:00
[2025-06-16T22:09:27.173-0300] {processor.py:179} INFO - Processing /mnt/c/Users/arcan/Documents/airflow/.venv/lib/python3.10/site-packages/airflow/example_dags/example_task_group_decorator.py took 0.234 seconds
[2025-06-16T22:10:30.491-0300] {processor.py:157} INFO - Started process (PID=58628) to work on /mnt/c/Users/arcan/Documents/airflow/.venv/lib/python3.10/site-packages/airflow/example_dags/example_task_group_decorator.py
[2025-06-16T22:10:30.493-0300] {processor.py:829} INFO - Processing file /mnt/c/Users/arcan/Documents/airflow/.venv/lib/python3.10/site-packages/airflow/example_dags/example_task_group_decorator.py for tasks to queue
[2025-06-16T22:10:30.495-0300] {logging_mixin.py:154} INFO - [2025-06-16T22:10:30.494-0300] {dagbag.py:536} INFO - Filling up the DagBag from /mnt/c/Users/arcan/Documents/airflow/.venv/lib/python3.10/site-packages/airflow/example_dags/example_task_group_decorator.py
[2025-06-16T22:10:30.533-0300] {processor.py:839} INFO - DAG(s) dict_keys(['example_task_group_decorator']) retrieved from /mnt/c/Users/arcan/Documents/airflow/.venv/lib/python3.10/site-packages/airflow/example_dags/example_task_group_decorator.py
[2025-06-16T22:10:30.576-0300] {logging_mixin.py:154} INFO - [2025-06-16T22:10:30.575-0300] {dag.py:2941} INFO - Sync 1 DAGs
[2025-06-16T22:10:30.605-0300] {logging_mixin.py:154} INFO - [2025-06-16T22:10:30.605-0300] {dag.py:3722} INFO - Setting next_dagrun for example_task_group_decorator to 2025-06-16T01:10:30.605492+00:00, run_after=2025-06-17T01:10:30.605492+00:00
[2025-06-16T22:10:30.691-0300] {processor.py:179} INFO - Processing /mnt/c/Users/arcan/Documents/airflow/.venv/lib/python3.10/site-packages/airflow/example_dags/example_task_group_decorator.py took 0.205 seconds
[2025-06-16T22:11:32.958-0300] {processor.py:157} INFO - Started process (PID=58818) to work on /mnt/c/Users/arcan/Documents/airflow/.venv/lib/python3.10/site-packages/airflow/example_dags/example_task_group_decorator.py
[2025-06-16T22:11:32.960-0300] {processor.py:829} INFO - Processing file /mnt/c/Users/arcan/Documents/airflow/.venv/lib/python3.10/site-packages/airflow/example_dags/example_task_group_decorator.py for tasks to queue
[2025-06-16T22:11:32.963-0300] {logging_mixin.py:154} INFO - [2025-06-16T22:11:32.961-0300] {dagbag.py:536} INFO - Filling up the DagBag from /mnt/c/Users/arcan/Documents/airflow/.venv/lib/python3.10/site-packages/airflow/example_dags/example_task_group_decorator.py
[2025-06-16T22:11:33.001-0300] {processor.py:839} INFO - DAG(s) dict_keys(['example_task_group_decorator']) retrieved from /mnt/c/Users/arcan/Documents/airflow/.venv/lib/python3.10/site-packages/airflow/example_dags/example_task_group_decorator.py
[2025-06-16T22:11:33.045-0300] {logging_mixin.py:154} INFO - [2025-06-16T22:11:33.045-0300] {dag.py:2941} INFO - Sync 1 DAGs
[2025-06-16T22:11:33.079-0300] {logging_mixin.py:154} INFO - [2025-06-16T22:11:33.078-0300] {dag.py:3722} INFO - Setting next_dagrun for example_task_group_decorator to 2025-06-16T01:11:33.078478+00:00, run_after=2025-06-17T01:11:33.078478+00:00
[2025-06-16T22:11:33.193-0300] {processor.py:179} INFO - Processing /mnt/c/Users/arcan/Documents/airflow/.venv/lib/python3.10/site-packages/airflow/example_dags/example_task_group_decorator.py took 0.240 seconds
[2025-06-16T22:12:30.729-0300] {processor.py:157} INFO - Started process (PID=58995) to work on /mnt/c/Users/arcan/Documents/airflow/.venv/lib/python3.10/site-packages/airflow/example_dags/example_task_group_decorator.py
[2025-06-16T22:12:30.731-0300] {processor.py:829} INFO - Processing file /mnt/c/Users/arcan/Documents/airflow/.venv/lib/python3.10/site-packages/airflow/example_dags/example_task_group_decorator.py for tasks to queue
[2025-06-16T22:12:30.733-0300] {logging_mixin.py:154} INFO - [2025-06-16T22:12:30.732-0300] {dagbag.py:536} INFO - Filling up the DagBag from /mnt/c/Users/arcan/Documents/airflow/.venv/lib/python3.10/site-packages/airflow/example_dags/example_task_group_decorator.py
[2025-06-16T22:12:30.772-0300] {processor.py:839} INFO - DAG(s) dict_keys(['example_task_group_decorator']) retrieved from /mnt/c/Users/arcan/Documents/airflow/.venv/lib/python3.10/site-packages/airflow/example_dags/example_task_group_decorator.py
[2025-06-16T22:12:30.821-0300] {logging_mixin.py:154} INFO - [2025-06-16T22:12:30.821-0300] {dag.py:2941} INFO - Sync 1 DAGs
[2025-06-16T22:12:30.855-0300] {logging_mixin.py:154} INFO - [2025-06-16T22:12:30.855-0300] {dag.py:3722} INFO - Setting next_dagrun for example_task_group_decorator to 2025-06-16T01:12:30.855216+00:00, run_after=2025-06-17T01:12:30.855216+00:00
[2025-06-16T22:12:30.941-0300] {processor.py:179} INFO - Processing /mnt/c/Users/arcan/Documents/airflow/.venv/lib/python3.10/site-packages/airflow/example_dags/example_task_group_decorator.py took 0.217 seconds
[2025-06-16T22:13:34.532-0300] {processor.py:157} INFO - Started process (PID=59187) to work on /mnt/c/Users/arcan/Documents/airflow/.venv/lib/python3.10/site-packages/airflow/example_dags/example_task_group_decorator.py
[2025-06-16T22:13:34.535-0300] {processor.py:829} INFO - Processing file /mnt/c/Users/arcan/Documents/airflow/.venv/lib/python3.10/site-packages/airflow/example_dags/example_task_group_decorator.py for tasks to queue
[2025-06-16T22:13:34.537-0300] {logging_mixin.py:154} INFO - [2025-06-16T22:13:34.536-0300] {dagbag.py:536} INFO - Filling up the DagBag from /mnt/c/Users/arcan/Documents/airflow/.venv/lib/python3.10/site-packages/airflow/example_dags/example_task_group_decorator.py
[2025-06-16T22:13:34.583-0300] {processor.py:839} INFO - DAG(s) dict_keys(['example_task_group_decorator']) retrieved from /mnt/c/Users/arcan/Documents/airflow/.venv/lib/python3.10/site-packages/airflow/example_dags/example_task_group_decorator.py
[2025-06-16T22:13:34.636-0300] {logging_mixin.py:154} INFO - [2025-06-16T22:13:34.636-0300] {dag.py:2941} INFO - Sync 1 DAGs
[2025-06-16T22:13:34.675-0300] {logging_mixin.py:154} INFO - [2025-06-16T22:13:34.675-0300] {dag.py:3722} INFO - Setting next_dagrun for example_task_group_decorator to 2025-06-16T01:13:34.675104+00:00, run_after=2025-06-17T01:13:34.675104+00:00
[2025-06-16T22:13:34.793-0300] {processor.py:179} INFO - Processing /mnt/c/Users/arcan/Documents/airflow/.venv/lib/python3.10/site-packages/airflow/example_dags/example_task_group_decorator.py took 0.266 seconds
[2025-06-16T22:14:41.922-0300] {processor.py:157} INFO - Started process (PID=59386) to work on /mnt/c/Users/arcan/Documents/airflow/.venv/lib/python3.10/site-packages/airflow/example_dags/example_task_group_decorator.py
[2025-06-16T22:14:41.923-0300] {processor.py:829} INFO - Processing file /mnt/c/Users/arcan/Documents/airflow/.venv/lib/python3.10/site-packages/airflow/example_dags/example_task_group_decorator.py for tasks to queue
[2025-06-16T22:14:41.925-0300] {logging_mixin.py:154} INFO - [2025-06-16T22:14:41.924-0300] {dagbag.py:536} INFO - Filling up the DagBag from /mnt/c/Users/arcan/Documents/airflow/.venv/lib/python3.10/site-packages/airflow/example_dags/example_task_group_decorator.py
[2025-06-16T22:14:41.979-0300] {processor.py:839} INFO - DAG(s) dict_keys(['example_task_group_decorator']) retrieved from /mnt/c/Users/arcan/Documents/airflow/.venv/lib/python3.10/site-packages/airflow/example_dags/example_task_group_decorator.py
[2025-06-16T22:14:42.034-0300] {logging_mixin.py:154} INFO - [2025-06-16T22:14:42.034-0300] {dag.py:2941} INFO - Sync 1 DAGs
[2025-06-16T22:14:42.071-0300] {logging_mixin.py:154} INFO - [2025-06-16T22:14:42.071-0300] {dag.py:3722} INFO - Setting next_dagrun for example_task_group_decorator to 2025-06-16T01:14:42.070974+00:00, run_after=2025-06-17T01:14:42.070974+00:00
[2025-06-16T22:14:42.170-0300] {processor.py:179} INFO - Processing /mnt/c/Users/arcan/Documents/airflow/.venv/lib/python3.10/site-packages/airflow/example_dags/example_task_group_decorator.py took 0.253 seconds
[2025-06-16T22:15:49.858-0300] {processor.py:157} INFO - Started process (PID=59589) to work on /mnt/c/Users/arcan/Documents/airflow/.venv/lib/python3.10/site-packages/airflow/example_dags/example_task_group_decorator.py
[2025-06-16T22:15:49.861-0300] {processor.py:829} INFO - Processing file /mnt/c/Users/arcan/Documents/airflow/.venv/lib/python3.10/site-packages/airflow/example_dags/example_task_group_decorator.py for tasks to queue
[2025-06-16T22:15:49.864-0300] {logging_mixin.py:154} INFO - [2025-06-16T22:15:49.863-0300] {dagbag.py:536} INFO - Filling up the DagBag from /mnt/c/Users/arcan/Documents/airflow/.venv/lib/python3.10/site-packages/airflow/example_dags/example_task_group_decorator.py
[2025-06-16T22:15:49.934-0300] {processor.py:839} INFO - DAG(s) dict_keys(['example_task_group_decorator']) retrieved from /mnt/c/Users/arcan/Documents/airflow/.venv/lib/python3.10/site-packages/airflow/example_dags/example_task_group_decorator.py
[2025-06-16T22:15:49.990-0300] {logging_mixin.py:154} INFO - [2025-06-16T22:15:49.990-0300] {dag.py:2941} INFO - Sync 1 DAGs
[2025-06-16T22:15:50.025-0300] {logging_mixin.py:154} INFO - [2025-06-16T22:15:50.025-0300] {dag.py:3722} INFO - Setting next_dagrun for example_task_group_decorator to 2025-06-16T01:15:50.025233+00:00, run_after=2025-06-17T01:15:50.025233+00:00
[2025-06-16T22:15:50.129-0300] {processor.py:179} INFO - Processing /mnt/c/Users/arcan/Documents/airflow/.venv/lib/python3.10/site-packages/airflow/example_dags/example_task_group_decorator.py took 0.280 seconds
[2025-06-16T22:16:59.728-0300] {processor.py:157} INFO - Started process (PID=59922) to work on /mnt/c/Users/arcan/Documents/airflow/.venv/lib/python3.10/site-packages/airflow/example_dags/example_task_group_decorator.py
[2025-06-16T22:16:59.730-0300] {processor.py:829} INFO - Processing file /mnt/c/Users/arcan/Documents/airflow/.venv/lib/python3.10/site-packages/airflow/example_dags/example_task_group_decorator.py for tasks to queue
[2025-06-16T22:16:59.732-0300] {logging_mixin.py:154} INFO - [2025-06-16T22:16:59.732-0300] {dagbag.py:536} INFO - Filling up the DagBag from /mnt/c/Users/arcan/Documents/airflow/.venv/lib/python3.10/site-packages/airflow/example_dags/example_task_group_decorator.py
[2025-06-16T22:16:59.781-0300] {processor.py:839} INFO - DAG(s) dict_keys(['example_task_group_decorator']) retrieved from /mnt/c/Users/arcan/Documents/airflow/.venv/lib/python3.10/site-packages/airflow/example_dags/example_task_group_decorator.py
[2025-06-16T22:16:59.824-0300] {logging_mixin.py:154} INFO - [2025-06-16T22:16:59.823-0300] {dag.py:2941} INFO - Sync 1 DAGs
[2025-06-16T22:16:59.855-0300] {logging_mixin.py:154} INFO - [2025-06-16T22:16:59.855-0300] {dag.py:3722} INFO - Setting next_dagrun for example_task_group_decorator to 2025-06-16T01:16:59.854749+00:00, run_after=2025-06-17T01:16:59.854749+00:00
[2025-06-16T22:16:59.949-0300] {processor.py:179} INFO - Processing /mnt/c/Users/arcan/Documents/airflow/.venv/lib/python3.10/site-packages/airflow/example_dags/example_task_group_decorator.py took 0.226 seconds
[2025-06-16T22:18:17.403-0300] {processor.py:157} INFO - Started process (PID=60152) to work on /mnt/c/Users/arcan/Documents/airflow/.venv/lib/python3.10/site-packages/airflow/example_dags/example_task_group_decorator.py
[2025-06-16T22:18:17.405-0300] {processor.py:829} INFO - Processing file /mnt/c/Users/arcan/Documents/airflow/.venv/lib/python3.10/site-packages/airflow/example_dags/example_task_group_decorator.py for tasks to queue
[2025-06-16T22:18:17.408-0300] {logging_mixin.py:154} INFO - [2025-06-16T22:18:17.407-0300] {dagbag.py:536} INFO - Filling up the DagBag from /mnt/c/Users/arcan/Documents/airflow/.venv/lib/python3.10/site-packages/airflow/example_dags/example_task_group_decorator.py
[2025-06-16T22:18:17.472-0300] {processor.py:839} INFO - DAG(s) dict_keys(['example_task_group_decorator']) retrieved from /mnt/c/Users/arcan/Documents/airflow/.venv/lib/python3.10/site-packages/airflow/example_dags/example_task_group_decorator.py
[2025-06-16T22:18:17.541-0300] {logging_mixin.py:154} INFO - [2025-06-16T22:18:17.541-0300] {dag.py:2941} INFO - Sync 1 DAGs
[2025-06-16T22:18:17.586-0300] {logging_mixin.py:154} INFO - [2025-06-16T22:18:17.585-0300] {dag.py:3722} INFO - Setting next_dagrun for example_task_group_decorator to 2025-06-16T01:18:17.585350+00:00, run_after=2025-06-17T01:18:17.585350+00:00
[2025-06-16T22:18:17.748-0300] {processor.py:179} INFO - Processing /mnt/c/Users/arcan/Documents/airflow/.venv/lib/python3.10/site-packages/airflow/example_dags/example_task_group_decorator.py took 0.352 seconds
[2025-06-16T22:19:44.484-0300] {processor.py:157} INFO - Started process (PID=60398) to work on /mnt/c/Users/arcan/Documents/airflow/.venv/lib/python3.10/site-packages/airflow/example_dags/example_task_group_decorator.py
[2025-06-16T22:19:44.487-0300] {processor.py:829} INFO - Processing file /mnt/c/Users/arcan/Documents/airflow/.venv/lib/python3.10/site-packages/airflow/example_dags/example_task_group_decorator.py for tasks to queue
[2025-06-16T22:19:44.489-0300] {logging_mixin.py:154} INFO - [2025-06-16T22:19:44.488-0300] {dagbag.py:536} INFO - Filling up the DagBag from /mnt/c/Users/arcan/Documents/airflow/.venv/lib/python3.10/site-packages/airflow/example_dags/example_task_group_decorator.py
[2025-06-16T22:19:44.545-0300] {processor.py:839} INFO - DAG(s) dict_keys(['example_task_group_decorator']) retrieved from /mnt/c/Users/arcan/Documents/airflow/.venv/lib/python3.10/site-packages/airflow/example_dags/example_task_group_decorator.py
[2025-06-16T22:19:44.603-0300] {logging_mixin.py:154} INFO - [2025-06-16T22:19:44.603-0300] {dag.py:2941} INFO - Sync 1 DAGs
[2025-06-16T22:19:44.641-0300] {logging_mixin.py:154} INFO - [2025-06-16T22:19:44.641-0300] {dag.py:3722} INFO - Setting next_dagrun for example_task_group_decorator to 2025-06-16T01:19:44.641134+00:00, run_after=2025-06-17T01:19:44.641134+00:00
[2025-06-16T22:19:44.784-0300] {processor.py:179} INFO - Processing /mnt/c/Users/arcan/Documents/airflow/.venv/lib/python3.10/site-packages/airflow/example_dags/example_task_group_decorator.py took 0.305 seconds
[2025-06-16T22:21:06.128-0300] {processor.py:157} INFO - Started process (PID=60632) to work on /mnt/c/Users/arcan/Documents/airflow/.venv/lib/python3.10/site-packages/airflow/example_dags/example_task_group_decorator.py
[2025-06-16T22:21:06.131-0300] {processor.py:829} INFO - Processing file /mnt/c/Users/arcan/Documents/airflow/.venv/lib/python3.10/site-packages/airflow/example_dags/example_task_group_decorator.py for tasks to queue
[2025-06-16T22:21:06.134-0300] {logging_mixin.py:154} INFO - [2025-06-16T22:21:06.133-0300] {dagbag.py:536} INFO - Filling up the DagBag from /mnt/c/Users/arcan/Documents/airflow/.venv/lib/python3.10/site-packages/airflow/example_dags/example_task_group_decorator.py
[2025-06-16T22:21:06.201-0300] {processor.py:839} INFO - DAG(s) dict_keys(['example_task_group_decorator']) retrieved from /mnt/c/Users/arcan/Documents/airflow/.venv/lib/python3.10/site-packages/airflow/example_dags/example_task_group_decorator.py
[2025-06-16T22:21:06.272-0300] {logging_mixin.py:154} INFO - [2025-06-16T22:21:06.272-0300] {dag.py:2941} INFO - Sync 1 DAGs
[2025-06-16T22:21:06.317-0300] {logging_mixin.py:154} INFO - [2025-06-16T22:21:06.316-0300] {dag.py:3722} INFO - Setting next_dagrun for example_task_group_decorator to 2025-06-16T01:21:06.316508+00:00, run_after=2025-06-17T01:21:06.316508+00:00
[2025-06-16T22:21:06.450-0300] {processor.py:179} INFO - Processing /mnt/c/Users/arcan/Documents/airflow/.venv/lib/python3.10/site-packages/airflow/example_dags/example_task_group_decorator.py took 0.328 seconds
[2025-06-16T22:22:28.617-0300] {processor.py:157} INFO - Started process (PID=60867) to work on /mnt/c/Users/arcan/Documents/airflow/.venv/lib/python3.10/site-packages/airflow/example_dags/example_task_group_decorator.py
[2025-06-16T22:22:28.619-0300] {processor.py:829} INFO - Processing file /mnt/c/Users/arcan/Documents/airflow/.venv/lib/python3.10/site-packages/airflow/example_dags/example_task_group_decorator.py for tasks to queue
[2025-06-16T22:22:28.622-0300] {logging_mixin.py:154} INFO - [2025-06-16T22:22:28.621-0300] {dagbag.py:536} INFO - Filling up the DagBag from /mnt/c/Users/arcan/Documents/airflow/.venv/lib/python3.10/site-packages/airflow/example_dags/example_task_group_decorator.py
[2025-06-16T22:22:28.682-0300] {processor.py:839} INFO - DAG(s) dict_keys(['example_task_group_decorator']) retrieved from /mnt/c/Users/arcan/Documents/airflow/.venv/lib/python3.10/site-packages/airflow/example_dags/example_task_group_decorator.py
[2025-06-16T22:22:28.743-0300] {logging_mixin.py:154} INFO - [2025-06-16T22:22:28.742-0300] {dag.py:2941} INFO - Sync 1 DAGs
[2025-06-16T22:22:28.788-0300] {logging_mixin.py:154} INFO - [2025-06-16T22:22:28.787-0300] {dag.py:3722} INFO - Setting next_dagrun for example_task_group_decorator to 2025-06-16T01:22:28.787153+00:00, run_after=2025-06-17T01:22:28.787153+00:00
[2025-06-16T22:22:28.933-0300] {processor.py:179} INFO - Processing /mnt/c/Users/arcan/Documents/airflow/.venv/lib/python3.10/site-packages/airflow/example_dags/example_task_group_decorator.py took 0.323 seconds
[2025-06-16T22:23:52.566-0300] {processor.py:157} INFO - Started process (PID=61232) to work on /mnt/c/Users/arcan/Documents/airflow/.venv/lib/python3.10/site-packages/airflow/example_dags/example_task_group_decorator.py
[2025-06-16T22:23:52.568-0300] {processor.py:829} INFO - Processing file /mnt/c/Users/arcan/Documents/airflow/.venv/lib/python3.10/site-packages/airflow/example_dags/example_task_group_decorator.py for tasks to queue
[2025-06-16T22:23:52.571-0300] {logging_mixin.py:154} INFO - [2025-06-16T22:23:52.570-0300] {dagbag.py:536} INFO - Filling up the DagBag from /mnt/c/Users/arcan/Documents/airflow/.venv/lib/python3.10/site-packages/airflow/example_dags/example_task_group_decorator.py
[2025-06-16T22:23:52.635-0300] {processor.py:839} INFO - DAG(s) dict_keys(['example_task_group_decorator']) retrieved from /mnt/c/Users/arcan/Documents/airflow/.venv/lib/python3.10/site-packages/airflow/example_dags/example_task_group_decorator.py
[2025-06-16T22:23:52.707-0300] {logging_mixin.py:154} INFO - [2025-06-16T22:23:52.706-0300] {dag.py:2941} INFO - Sync 1 DAGs
[2025-06-16T22:23:52.751-0300] {logging_mixin.py:154} INFO - [2025-06-16T22:23:52.751-0300] {dag.py:3722} INFO - Setting next_dagrun for example_task_group_decorator to 2025-06-16T01:23:52.750907+00:00, run_after=2025-06-17T01:23:52.750907+00:00
[2025-06-16T22:23:52.884-0300] {processor.py:179} INFO - Processing /mnt/c/Users/arcan/Documents/airflow/.venv/lib/python3.10/site-packages/airflow/example_dags/example_task_group_decorator.py took 0.324 seconds
[2025-06-16T22:25:11.149-0300] {processor.py:157} INFO - Started process (PID=61462) to work on /mnt/c/Users/arcan/Documents/airflow/.venv/lib/python3.10/site-packages/airflow/example_dags/example_task_group_decorator.py
[2025-06-16T22:25:11.153-0300] {processor.py:829} INFO - Processing file /mnt/c/Users/arcan/Documents/airflow/.venv/lib/python3.10/site-packages/airflow/example_dags/example_task_group_decorator.py for tasks to queue
[2025-06-16T22:25:11.156-0300] {logging_mixin.py:154} INFO - [2025-06-16T22:25:11.155-0300] {dagbag.py:536} INFO - Filling up the DagBag from /mnt/c/Users/arcan/Documents/airflow/.venv/lib/python3.10/site-packages/airflow/example_dags/example_task_group_decorator.py
[2025-06-16T22:25:11.225-0300] {processor.py:839} INFO - DAG(s) dict_keys(['example_task_group_decorator']) retrieved from /mnt/c/Users/arcan/Documents/airflow/.venv/lib/python3.10/site-packages/airflow/example_dags/example_task_group_decorator.py
[2025-06-16T22:25:11.293-0300] {logging_mixin.py:154} INFO - [2025-06-16T22:25:11.292-0300] {dag.py:2941} INFO - Sync 1 DAGs
[2025-06-16T22:25:11.336-0300] {logging_mixin.py:154} INFO - [2025-06-16T22:25:11.335-0300] {dag.py:3722} INFO - Setting next_dagrun for example_task_group_decorator to 2025-06-16T01:25:11.335488+00:00, run_after=2025-06-17T01:25:11.335488+00:00
[2025-06-16T22:25:11.474-0300] {processor.py:179} INFO - Processing /mnt/c/Users/arcan/Documents/airflow/.venv/lib/python3.10/site-packages/airflow/example_dags/example_task_group_decorator.py took 0.333 seconds
[2025-06-16T22:26:32.130-0300] {processor.py:157} INFO - Started process (PID=61688) to work on /mnt/c/Users/arcan/Documents/airflow/.venv/lib/python3.10/site-packages/airflow/example_dags/example_task_group_decorator.py
[2025-06-16T22:26:32.133-0300] {processor.py:829} INFO - Processing file /mnt/c/Users/arcan/Documents/airflow/.venv/lib/python3.10/site-packages/airflow/example_dags/example_task_group_decorator.py for tasks to queue
[2025-06-16T22:26:32.136-0300] {logging_mixin.py:154} INFO - [2025-06-16T22:26:32.135-0300] {dagbag.py:536} INFO - Filling up the DagBag from /mnt/c/Users/arcan/Documents/airflow/.venv/lib/python3.10/site-packages/airflow/example_dags/example_task_group_decorator.py
[2025-06-16T22:26:32.196-0300] {processor.py:839} INFO - DAG(s) dict_keys(['example_task_group_decorator']) retrieved from /mnt/c/Users/arcan/Documents/airflow/.venv/lib/python3.10/site-packages/airflow/example_dags/example_task_group_decorator.py
[2025-06-16T22:26:32.258-0300] {logging_mixin.py:154} INFO - [2025-06-16T22:26:32.257-0300] {dag.py:2941} INFO - Sync 1 DAGs
[2025-06-16T22:26:32.299-0300] {logging_mixin.py:154} INFO - [2025-06-16T22:26:32.299-0300] {dag.py:3722} INFO - Setting next_dagrun for example_task_group_decorator to 2025-06-16T01:26:32.299098+00:00, run_after=2025-06-17T01:26:32.299098+00:00
[2025-06-16T22:26:32.445-0300] {processor.py:179} INFO - Processing /mnt/c/Users/arcan/Documents/airflow/.venv/lib/python3.10/site-packages/airflow/example_dags/example_task_group_decorator.py took 0.321 seconds
[2025-06-16T22:27:47.840-0300] {processor.py:157} INFO - Started process (PID=61911) to work on /mnt/c/Users/arcan/Documents/airflow/.venv/lib/python3.10/site-packages/airflow/example_dags/example_task_group_decorator.py
[2025-06-16T22:27:47.844-0300] {processor.py:829} INFO - Processing file /mnt/c/Users/arcan/Documents/airflow/.venv/lib/python3.10/site-packages/airflow/example_dags/example_task_group_decorator.py for tasks to queue
[2025-06-16T22:27:47.847-0300] {logging_mixin.py:154} INFO - [2025-06-16T22:27:47.846-0300] {dagbag.py:536} INFO - Filling up the DagBag from /mnt/c/Users/arcan/Documents/airflow/.venv/lib/python3.10/site-packages/airflow/example_dags/example_task_group_decorator.py
[2025-06-16T22:27:47.913-0300] {processor.py:839} INFO - DAG(s) dict_keys(['example_task_group_decorator']) retrieved from /mnt/c/Users/arcan/Documents/airflow/.venv/lib/python3.10/site-packages/airflow/example_dags/example_task_group_decorator.py
[2025-06-16T22:27:47.978-0300] {logging_mixin.py:154} INFO - [2025-06-16T22:27:47.978-0300] {dag.py:2941} INFO - Sync 1 DAGs
[2025-06-16T22:27:48.028-0300] {logging_mixin.py:154} INFO - [2025-06-16T22:27:48.028-0300] {dag.py:3722} INFO - Setting next_dagrun for example_task_group_decorator to 2025-06-16T01:27:48.027827+00:00, run_after=2025-06-17T01:27:48.027827+00:00
[2025-06-16T22:27:48.179-0300] {processor.py:179} INFO - Processing /mnt/c/Users/arcan/Documents/airflow/.venv/lib/python3.10/site-packages/airflow/example_dags/example_task_group_decorator.py took 0.351 seconds
[2025-06-16T22:29:06.418-0300] {processor.py:157} INFO - Started process (PID=62131) to work on /mnt/c/Users/arcan/Documents/airflow/.venv/lib/python3.10/site-packages/airflow/example_dags/example_task_group_decorator.py
[2025-06-16T22:29:06.421-0300] {processor.py:829} INFO - Processing file /mnt/c/Users/arcan/Documents/airflow/.venv/lib/python3.10/site-packages/airflow/example_dags/example_task_group_decorator.py for tasks to queue
[2025-06-16T22:29:06.426-0300] {logging_mixin.py:154} INFO - [2025-06-16T22:29:06.425-0300] {dagbag.py:536} INFO - Filling up the DagBag from /mnt/c/Users/arcan/Documents/airflow/.venv/lib/python3.10/site-packages/airflow/example_dags/example_task_group_decorator.py
[2025-06-16T22:29:06.497-0300] {processor.py:839} INFO - DAG(s) dict_keys(['example_task_group_decorator']) retrieved from /mnt/c/Users/arcan/Documents/airflow/.venv/lib/python3.10/site-packages/airflow/example_dags/example_task_group_decorator.py
[2025-06-16T22:29:06.569-0300] {logging_mixin.py:154} INFO - [2025-06-16T22:29:06.569-0300] {dag.py:2941} INFO - Sync 1 DAGs
[2025-06-16T22:29:06.619-0300] {logging_mixin.py:154} INFO - [2025-06-16T22:29:06.619-0300] {dag.py:3722} INFO - Setting next_dagrun for example_task_group_decorator to 2025-06-16T01:29:06.618488+00:00, run_after=2025-06-17T01:29:06.618488+00:00
[2025-06-16T22:29:06.781-0300] {processor.py:179} INFO - Processing /mnt/c/Users/arcan/Documents/airflow/.venv/lib/python3.10/site-packages/airflow/example_dags/example_task_group_decorator.py took 0.374 seconds
[2025-06-16T22:30:24.125-0300] {processor.py:157} INFO - Started process (PID=62358) to work on /mnt/c/Users/arcan/Documents/airflow/.venv/lib/python3.10/site-packages/airflow/example_dags/example_task_group_decorator.py
[2025-06-16T22:30:24.130-0300] {processor.py:829} INFO - Processing file /mnt/c/Users/arcan/Documents/airflow/.venv/lib/python3.10/site-packages/airflow/example_dags/example_task_group_decorator.py for tasks to queue
[2025-06-16T22:30:24.134-0300] {logging_mixin.py:154} INFO - [2025-06-16T22:30:24.133-0300] {dagbag.py:536} INFO - Filling up the DagBag from /mnt/c/Users/arcan/Documents/airflow/.venv/lib/python3.10/site-packages/airflow/example_dags/example_task_group_decorator.py
[2025-06-16T22:30:24.207-0300] {processor.py:839} INFO - DAG(s) dict_keys(['example_task_group_decorator']) retrieved from /mnt/c/Users/arcan/Documents/airflow/.venv/lib/python3.10/site-packages/airflow/example_dags/example_task_group_decorator.py
[2025-06-16T22:30:24.273-0300] {logging_mixin.py:154} INFO - [2025-06-16T22:30:24.272-0300] {dag.py:2941} INFO - Sync 1 DAGs
[2025-06-16T22:30:24.320-0300] {logging_mixin.py:154} INFO - [2025-06-16T22:30:24.320-0300] {dag.py:3722} INFO - Setting next_dagrun for example_task_group_decorator to 2025-06-16T01:30:24.319918+00:00, run_after=2025-06-17T01:30:24.319918+00:00
[2025-06-16T22:30:24.460-0300] {processor.py:179} INFO - Processing /mnt/c/Users/arcan/Documents/airflow/.venv/lib/python3.10/site-packages/airflow/example_dags/example_task_group_decorator.py took 0.344 seconds
[2025-06-16T22:31:40.981-0300] {processor.py:157} INFO - Started process (PID=62696) to work on /mnt/c/Users/arcan/Documents/airflow/.venv/lib/python3.10/site-packages/airflow/example_dags/example_task_group_decorator.py
[2025-06-16T22:31:40.983-0300] {processor.py:829} INFO - Processing file /mnt/c/Users/arcan/Documents/airflow/.venv/lib/python3.10/site-packages/airflow/example_dags/example_task_group_decorator.py for tasks to queue
[2025-06-16T22:31:40.985-0300] {logging_mixin.py:154} INFO - [2025-06-16T22:31:40.984-0300] {dagbag.py:536} INFO - Filling up the DagBag from /mnt/c/Users/arcan/Documents/airflow/.venv/lib/python3.10/site-packages/airflow/example_dags/example_task_group_decorator.py
[2025-06-16T22:31:41.028-0300] {processor.py:839} INFO - DAG(s) dict_keys(['example_task_group_decorator']) retrieved from /mnt/c/Users/arcan/Documents/airflow/.venv/lib/python3.10/site-packages/airflow/example_dags/example_task_group_decorator.py
[2025-06-16T22:31:41.079-0300] {logging_mixin.py:154} INFO - [2025-06-16T22:31:41.079-0300] {dag.py:2941} INFO - Sync 1 DAGs
[2025-06-16T22:31:41.116-0300] {logging_mixin.py:154} INFO - [2025-06-16T22:31:41.116-0300] {dag.py:3722} INFO - Setting next_dagrun for example_task_group_decorator to 2025-06-16T01:31:41.115809+00:00, run_after=2025-06-17T01:31:41.115809+00:00
[2025-06-16T22:31:41.238-0300] {processor.py:179} INFO - Processing /mnt/c/Users/arcan/Documents/airflow/.venv/lib/python3.10/site-packages/airflow/example_dags/example_task_group_decorator.py took 0.261 seconds
[2025-06-16T22:32:42.939-0300] {processor.py:157} INFO - Started process (PID=62834) to work on /mnt/c/Users/arcan/Documents/airflow/.venv/lib/python3.10/site-packages/airflow/example_dags/example_task_group_decorator.py
[2025-06-16T22:32:42.943-0300] {processor.py:829} INFO - Processing file /mnt/c/Users/arcan/Documents/airflow/.venv/lib/python3.10/site-packages/airflow/example_dags/example_task_group_decorator.py for tasks to queue
[2025-06-16T22:32:42.947-0300] {logging_mixin.py:154} INFO - [2025-06-16T22:32:42.945-0300] {dagbag.py:536} INFO - Filling up the DagBag from /mnt/c/Users/arcan/Documents/airflow/.venv/lib/python3.10/site-packages/airflow/example_dags/example_task_group_decorator.py
[2025-06-16T22:32:43.080-0300] {processor.py:839} INFO - DAG(s) dict_keys(['example_task_group_decorator']) retrieved from /mnt/c/Users/arcan/Documents/airflow/.venv/lib/python3.10/site-packages/airflow/example_dags/example_task_group_decorator.py
[2025-06-16T22:32:43.186-0300] {logging_mixin.py:154} INFO - [2025-06-16T22:32:43.186-0300] {dag.py:2941} INFO - Sync 1 DAGs
[2025-06-16T22:32:43.252-0300] {logging_mixin.py:154} INFO - [2025-06-16T22:32:43.251-0300] {dag.py:3722} INFO - Setting next_dagrun for example_task_group_decorator to 2025-06-16T01:32:43.251021+00:00, run_after=2025-06-17T01:32:43.251021+00:00
[2025-06-16T22:32:43.418-0300] {processor.py:179} INFO - Processing /mnt/c/Users/arcan/Documents/airflow/.venv/lib/python3.10/site-packages/airflow/example_dags/example_task_group_decorator.py took 0.490 seconds
[2025-06-17T20:50:32.774-0300] {processor.py:157} INFO - Started process (PID=63648) to work on /mnt/c/Users/arcan/Documents/airflow/.venv/lib/python3.10/site-packages/airflow/example_dags/example_task_group_decorator.py
[2025-06-17T20:50:32.803-0300] {processor.py:829} INFO - Processing file /mnt/c/Users/arcan/Documents/airflow/.venv/lib/python3.10/site-packages/airflow/example_dags/example_task_group_decorator.py for tasks to queue
[2025-06-17T20:50:32.806-0300] {logging_mixin.py:154} INFO - [2025-06-17T20:50:32.805-0300] {dagbag.py:536} INFO - Filling up the DagBag from /mnt/c/Users/arcan/Documents/airflow/.venv/lib/python3.10/site-packages/airflow/example_dags/example_task_group_decorator.py
[2025-06-17T20:50:32.875-0300] {processor.py:839} INFO - DAG(s) dict_keys(['example_task_group_decorator']) retrieved from /mnt/c/Users/arcan/Documents/airflow/.venv/lib/python3.10/site-packages/airflow/example_dags/example_task_group_decorator.py
[2025-06-17T20:50:32.962-0300] {logging_mixin.py:154} INFO - [2025-06-17T20:50:32.962-0300] {dag.py:2941} INFO - Sync 1 DAGs
[2025-06-17T20:50:33.003-0300] {logging_mixin.py:154} INFO - [2025-06-17T20:50:33.002-0300] {dag.py:3722} INFO - Setting next_dagrun for example_task_group_decorator to 2025-06-16T23:50:33.002519+00:00, run_after=2025-06-17T23:50:33.002519+00:00
[2025-06-17T20:50:33.140-0300] {processor.py:179} INFO - Processing /mnt/c/Users/arcan/Documents/airflow/.venv/lib/python3.10/site-packages/airflow/example_dags/example_task_group_decorator.py took 0.373 seconds
[2025-06-17T20:51:48.231-0300] {processor.py:157} INFO - Started process (PID=63765) to work on /mnt/c/Users/arcan/Documents/airflow/.venv/lib/python3.10/site-packages/airflow/example_dags/example_task_group_decorator.py
[2025-06-17T20:51:48.233-0300] {processor.py:829} INFO - Processing file /mnt/c/Users/arcan/Documents/airflow/.venv/lib/python3.10/site-packages/airflow/example_dags/example_task_group_decorator.py for tasks to queue
[2025-06-17T20:51:48.236-0300] {logging_mixin.py:154} INFO - [2025-06-17T20:51:48.235-0300] {dagbag.py:536} INFO - Filling up the DagBag from /mnt/c/Users/arcan/Documents/airflow/.venv/lib/python3.10/site-packages/airflow/example_dags/example_task_group_decorator.py
[2025-06-17T20:51:48.296-0300] {processor.py:839} INFO - DAG(s) dict_keys(['example_task_group_decorator']) retrieved from /mnt/c/Users/arcan/Documents/airflow/.venv/lib/python3.10/site-packages/airflow/example_dags/example_task_group_decorator.py
[2025-06-17T20:51:48.358-0300] {logging_mixin.py:154} INFO - [2025-06-17T20:51:48.357-0300] {dag.py:2941} INFO - Sync 1 DAGs
[2025-06-17T20:51:48.397-0300] {logging_mixin.py:154} INFO - [2025-06-17T20:51:48.397-0300] {dag.py:3722} INFO - Setting next_dagrun for example_task_group_decorator to 2025-06-16T23:51:48.396921+00:00, run_after=2025-06-17T23:51:48.396921+00:00
[2025-06-17T20:51:48.556-0300] {processor.py:179} INFO - Processing /mnt/c/Users/arcan/Documents/airflow/.venv/lib/python3.10/site-packages/airflow/example_dags/example_task_group_decorator.py took 0.330 seconds
[2025-06-17T20:53:09.937-0300] {processor.py:157} INFO - Started process (PID=63996) to work on /mnt/c/Users/arcan/Documents/airflow/.venv/lib/python3.10/site-packages/airflow/example_dags/example_task_group_decorator.py
[2025-06-17T20:53:09.940-0300] {processor.py:829} INFO - Processing file /mnt/c/Users/arcan/Documents/airflow/.venv/lib/python3.10/site-packages/airflow/example_dags/example_task_group_decorator.py for tasks to queue
[2025-06-17T20:53:09.942-0300] {logging_mixin.py:154} INFO - [2025-06-17T20:53:09.941-0300] {dagbag.py:536} INFO - Filling up the DagBag from /mnt/c/Users/arcan/Documents/airflow/.venv/lib/python3.10/site-packages/airflow/example_dags/example_task_group_decorator.py
[2025-06-17T20:53:10.002-0300] {processor.py:839} INFO - DAG(s) dict_keys(['example_task_group_decorator']) retrieved from /mnt/c/Users/arcan/Documents/airflow/.venv/lib/python3.10/site-packages/airflow/example_dags/example_task_group_decorator.py
[2025-06-17T20:53:10.077-0300] {logging_mixin.py:154} INFO - [2025-06-17T20:53:10.076-0300] {dag.py:2941} INFO - Sync 1 DAGs
[2025-06-17T20:53:10.139-0300] {logging_mixin.py:154} INFO - [2025-06-17T20:53:10.139-0300] {dag.py:3722} INFO - Setting next_dagrun for example_task_group_decorator to 2025-06-16T23:53:10.138510+00:00, run_after=2025-06-17T23:53:10.138510+00:00
[2025-06-17T20:53:10.280-0300] {processor.py:179} INFO - Processing /mnt/c/Users/arcan/Documents/airflow/.venv/lib/python3.10/site-packages/airflow/example_dags/example_task_group_decorator.py took 0.351 seconds
[2025-06-17T20:54:23.063-0300] {processor.py:157} INFO - Started process (PID=64332) to work on /mnt/c/Users/arcan/Documents/airflow/.venv/lib/python3.10/site-packages/airflow/example_dags/example_task_group_decorator.py
[2025-06-17T20:54:23.065-0300] {processor.py:829} INFO - Processing file /mnt/c/Users/arcan/Documents/airflow/.venv/lib/python3.10/site-packages/airflow/example_dags/example_task_group_decorator.py for tasks to queue
[2025-06-17T20:54:23.067-0300] {logging_mixin.py:154} INFO - [2025-06-17T20:54:23.067-0300] {dagbag.py:536} INFO - Filling up the DagBag from /mnt/c/Users/arcan/Documents/airflow/.venv/lib/python3.10/site-packages/airflow/example_dags/example_task_group_decorator.py
[2025-06-17T20:54:23.110-0300] {processor.py:839} INFO - DAG(s) dict_keys(['example_task_group_decorator']) retrieved from /mnt/c/Users/arcan/Documents/airflow/.venv/lib/python3.10/site-packages/airflow/example_dags/example_task_group_decorator.py
[2025-06-17T20:54:23.154-0300] {logging_mixin.py:154} INFO - [2025-06-17T20:54:23.154-0300] {dag.py:2941} INFO - Sync 1 DAGs
[2025-06-17T20:54:23.186-0300] {logging_mixin.py:154} INFO - [2025-06-17T20:54:23.185-0300] {dag.py:3722} INFO - Setting next_dagrun for example_task_group_decorator to 2025-06-16T23:54:23.185468+00:00, run_after=2025-06-17T23:54:23.185468+00:00
[2025-06-17T20:54:23.280-0300] {processor.py:179} INFO - Processing /mnt/c/Users/arcan/Documents/airflow/.venv/lib/python3.10/site-packages/airflow/example_dags/example_task_group_decorator.py took 0.221 seconds
[2025-06-17T20:55:33.297-0300] {processor.py:157} INFO - Started process (PID=64533) to work on /mnt/c/Users/arcan/Documents/airflow/.venv/lib/python3.10/site-packages/airflow/example_dags/example_task_group_decorator.py
[2025-06-17T20:55:33.299-0300] {processor.py:829} INFO - Processing file /mnt/c/Users/arcan/Documents/airflow/.venv/lib/python3.10/site-packages/airflow/example_dags/example_task_group_decorator.py for tasks to queue
[2025-06-17T20:55:33.301-0300] {logging_mixin.py:154} INFO - [2025-06-17T20:55:33.300-0300] {dagbag.py:536} INFO - Filling up the DagBag from /mnt/c/Users/arcan/Documents/airflow/.venv/lib/python3.10/site-packages/airflow/example_dags/example_task_group_decorator.py
[2025-06-17T20:55:33.345-0300] {processor.py:839} INFO - DAG(s) dict_keys(['example_task_group_decorator']) retrieved from /mnt/c/Users/arcan/Documents/airflow/.venv/lib/python3.10/site-packages/airflow/example_dags/example_task_group_decorator.py
[2025-06-17T20:55:33.402-0300] {logging_mixin.py:154} INFO - [2025-06-17T20:55:33.402-0300] {dag.py:2941} INFO - Sync 1 DAGs
[2025-06-17T20:55:33.439-0300] {logging_mixin.py:154} INFO - [2025-06-17T20:55:33.439-0300] {dag.py:3722} INFO - Setting next_dagrun for example_task_group_decorator to 2025-06-16T23:55:33.439091+00:00, run_after=2025-06-17T23:55:33.439091+00:00
[2025-06-17T20:55:33.557-0300] {processor.py:179} INFO - Processing /mnt/c/Users/arcan/Documents/airflow/.venv/lib/python3.10/site-packages/airflow/example_dags/example_task_group_decorator.py took 0.264 seconds
