[2025-06-16T22:03:36.535-0300] {processor.py:157} INFO - Started process (PID=57250) to work on /mnt/c/Users/arcan/Documents/airflow/.venv/lib/python3.10/site-packages/airflow/example_dags/example_xcom.py
[2025-06-16T22:03:36.536-0300] {processor.py:829} INFO - Processing file /mnt/c/Users/arcan/Documents/airflow/.venv/lib/python3.10/site-packages/airflow/example_dags/example_xcom.py for tasks to queue
[2025-06-16T22:03:36.538-0300] {logging_mixin.py:154} INFO - [2025-06-16T22:03:36.538-0300] {dagbag.py:536} INFO - Filling up the DagBag from /mnt/c/Users/arcan/Documents/airflow/.venv/lib/python3.10/site-packages/airflow/example_dags/example_xcom.py
[2025-06-16T22:03:36.580-0300] {processor.py:839} INFO - DAG(s) dict_keys(['example_xcom']) retrieved from /mnt/c/Users/arcan/Documents/airflow/.venv/lib/python3.10/site-packages/airflow/example_dags/example_xcom.py
[2025-06-16T22:03:36.633-0300] {logging_mixin.py:154} INFO - [2025-06-16T22:03:36.633-0300] {dag.py:2941} INFO - Sync 1 DAGs
[2025-06-16T22:03:36.670-0300] {logging_mixin.py:154} INFO - [2025-06-16T22:03:36.669-0300] {dag.py:3722} INFO - Setting next_dagrun for example_xcom to 2021-01-01T00:00:00+00:00, run_after=2021-01-01T00:00:00+00:00
[2025-06-16T22:03:36.789-0300] {processor.py:179} INFO - Processing /mnt/c/Users/arcan/Documents/airflow/.venv/lib/python3.10/site-packages/airflow/example_dags/example_xcom.py took 0.260 seconds
[2025-06-16T22:04:34.749-0300] {processor.py:157} INFO - Started process (PID=57425) to work on /mnt/c/Users/arcan/Documents/airflow/.venv/lib/python3.10/site-packages/airflow/example_dags/example_xcom.py
[2025-06-16T22:04:34.751-0300] {processor.py:829} INFO - Processing file /mnt/c/Users/arcan/Documents/airflow/.venv/lib/python3.10/site-packages/airflow/example_dags/example_xcom.py for tasks to queue
[2025-06-16T22:04:34.752-0300] {logging_mixin.py:154} INFO - [2025-06-16T22:04:34.752-0300] {dagbag.py:536} INFO - Filling up the DagBag from /mnt/c/Users/arcan/Documents/airflow/.venv/lib/python3.10/site-packages/airflow/example_dags/example_xcom.py
[2025-06-16T22:04:34.789-0300] {processor.py:839} INFO - DAG(s) dict_keys(['example_xcom']) retrieved from /mnt/c/Users/arcan/Documents/airflow/.venv/lib/python3.10/site-packages/airflow/example_dags/example_xcom.py
[2025-06-16T22:04:34.832-0300] {logging_mixin.py:154} INFO - [2025-06-16T22:04:34.832-0300] {dag.py:2941} INFO - Sync 1 DAGs
[2025-06-16T22:04:34.863-0300] {logging_mixin.py:154} INFO - [2025-06-16T22:04:34.863-0300] {dag.py:3722} INFO - Setting next_dagrun for example_xcom to 2021-01-01T00:00:00+00:00, run_after=2021-01-01T00:00:00+00:00
[2025-06-16T22:04:34.963-0300] {processor.py:179} INFO - Processing /mnt/c/Users/arcan/Documents/airflow/.venv/lib/python3.10/site-packages/airflow/example_dags/example_xcom.py took 0.219 seconds
[2025-06-16T22:05:48.541-0300] {processor.py:157} INFO - Started process (PID=57667) to work on /mnt/c/Users/arcan/Documents/airflow/.venv/lib/python3.10/site-packages/airflow/example_dags/example_xcom.py
[2025-06-16T22:05:48.543-0300] {processor.py:829} INFO - Processing file /mnt/c/Users/arcan/Documents/airflow/.venv/lib/python3.10/site-packages/airflow/example_dags/example_xcom.py for tasks to queue
[2025-06-16T22:05:48.545-0300] {logging_mixin.py:154} INFO - [2025-06-16T22:05:48.545-0300] {dagbag.py:536} INFO - Filling up the DagBag from /mnt/c/Users/arcan/Documents/airflow/.venv/lib/python3.10/site-packages/airflow/example_dags/example_xcom.py
[2025-06-16T22:05:48.586-0300] {processor.py:839} INFO - DAG(s) dict_keys(['example_xcom']) retrieved from /mnt/c/Users/arcan/Documents/airflow/.venv/lib/python3.10/site-packages/airflow/example_dags/example_xcom.py
[2025-06-16T22:05:48.634-0300] {logging_mixin.py:154} INFO - [2025-06-16T22:05:48.634-0300] {dag.py:2941} INFO - Sync 1 DAGs
[2025-06-16T22:05:48.668-0300] {logging_mixin.py:154} INFO - [2025-06-16T22:05:48.668-0300] {dag.py:3722} INFO - Setting next_dagrun for example_xcom to 2021-01-01T00:00:00+00:00, run_after=2021-01-01T00:00:00+00:00
[2025-06-16T22:05:48.780-0300] {processor.py:179} INFO - Processing /mnt/c/Users/arcan/Documents/airflow/.venv/lib/python3.10/site-packages/airflow/example_dags/example_xcom.py took 0.244 seconds
[2025-06-16T22:06:57.260-0300] {processor.py:157} INFO - Started process (PID=57873) to work on /mnt/c/Users/arcan/Documents/airflow/.venv/lib/python3.10/site-packages/airflow/example_dags/example_xcom.py
[2025-06-16T22:06:57.262-0300] {processor.py:829} INFO - Processing file /mnt/c/Users/arcan/Documents/airflow/.venv/lib/python3.10/site-packages/airflow/example_dags/example_xcom.py for tasks to queue
[2025-06-16T22:06:57.264-0300] {logging_mixin.py:154} INFO - [2025-06-16T22:06:57.263-0300] {dagbag.py:536} INFO - Filling up the DagBag from /mnt/c/Users/arcan/Documents/airflow/.venv/lib/python3.10/site-packages/airflow/example_dags/example_xcom.py
[2025-06-16T22:06:57.306-0300] {processor.py:839} INFO - DAG(s) dict_keys(['example_xcom']) retrieved from /mnt/c/Users/arcan/Documents/airflow/.venv/lib/python3.10/site-packages/airflow/example_dags/example_xcom.py
[2025-06-16T22:06:57.351-0300] {logging_mixin.py:154} INFO - [2025-06-16T22:06:57.351-0300] {dag.py:2941} INFO - Sync 1 DAGs
[2025-06-16T22:06:57.386-0300] {logging_mixin.py:154} INFO - [2025-06-16T22:06:57.386-0300] {dag.py:3722} INFO - Setting next_dagrun for example_xcom to 2021-01-01T00:00:00+00:00, run_after=2021-01-01T00:00:00+00:00
[2025-06-16T22:06:57.485-0300] {processor.py:179} INFO - Processing /mnt/c/Users/arcan/Documents/airflow/.venv/lib/python3.10/site-packages/airflow/example_dags/example_xcom.py took 0.229 seconds
[2025-06-16T22:08:13.609-0300] {processor.py:157} INFO - Started process (PID=58091) to work on /mnt/c/Users/arcan/Documents/airflow/.venv/lib/python3.10/site-packages/airflow/example_dags/example_xcom.py
[2025-06-16T22:08:13.611-0300] {processor.py:829} INFO - Processing file /mnt/c/Users/arcan/Documents/airflow/.venv/lib/python3.10/site-packages/airflow/example_dags/example_xcom.py for tasks to queue
[2025-06-16T22:08:13.613-0300] {logging_mixin.py:154} INFO - [2025-06-16T22:08:13.613-0300] {dagbag.py:536} INFO - Filling up the DagBag from /mnt/c/Users/arcan/Documents/airflow/.venv/lib/python3.10/site-packages/airflow/example_dags/example_xcom.py
[2025-06-16T22:08:13.644-0300] {processor.py:839} INFO - DAG(s) dict_keys(['example_xcom']) retrieved from /mnt/c/Users/arcan/Documents/airflow/.venv/lib/python3.10/site-packages/airflow/example_dags/example_xcom.py
[2025-06-16T22:08:13.689-0300] {logging_mixin.py:154} INFO - [2025-06-16T22:08:13.689-0300] {dag.py:2941} INFO - Sync 1 DAGs
[2025-06-16T22:08:13.718-0300] {logging_mixin.py:154} INFO - [2025-06-16T22:08:13.718-0300] {dag.py:3722} INFO - Setting next_dagrun for example_xcom to 2021-01-01T00:00:00+00:00, run_after=2021-01-01T00:00:00+00:00
[2025-06-16T22:08:13.803-0300] {processor.py:179} INFO - Processing /mnt/c/Users/arcan/Documents/airflow/.venv/lib/python3.10/site-packages/airflow/example_dags/example_xcom.py took 0.199 seconds
[2025-06-16T22:09:21.431-0300] {processor.py:157} INFO - Started process (PID=58421) to work on /mnt/c/Users/arcan/Documents/airflow/.venv/lib/python3.10/site-packages/airflow/example_dags/example_xcom.py
[2025-06-16T22:09:21.432-0300] {processor.py:829} INFO - Processing file /mnt/c/Users/arcan/Documents/airflow/.venv/lib/python3.10/site-packages/airflow/example_dags/example_xcom.py for tasks to queue
[2025-06-16T22:09:21.434-0300] {logging_mixin.py:154} INFO - [2025-06-16T22:09:21.434-0300] {dagbag.py:536} INFO - Filling up the DagBag from /mnt/c/Users/arcan/Documents/airflow/.venv/lib/python3.10/site-packages/airflow/example_dags/example_xcom.py
[2025-06-16T22:09:21.469-0300] {processor.py:839} INFO - DAG(s) dict_keys(['example_xcom']) retrieved from /mnt/c/Users/arcan/Documents/airflow/.venv/lib/python3.10/site-packages/airflow/example_dags/example_xcom.py
[2025-06-16T22:09:21.511-0300] {logging_mixin.py:154} INFO - [2025-06-16T22:09:21.510-0300] {dag.py:2941} INFO - Sync 1 DAGs
[2025-06-16T22:09:21.541-0300] {logging_mixin.py:154} INFO - [2025-06-16T22:09:21.541-0300] {dag.py:3722} INFO - Setting next_dagrun for example_xcom to 2021-01-01T00:00:00+00:00, run_after=2021-01-01T00:00:00+00:00
[2025-06-16T22:09:21.628-0300] {processor.py:179} INFO - Processing /mnt/c/Users/arcan/Documents/airflow/.venv/lib/python3.10/site-packages/airflow/example_dags/example_xcom.py took 0.202 seconds
[2025-06-16T22:10:25.147-0300] {processor.py:157} INFO - Started process (PID=58612) to work on /mnt/c/Users/arcan/Documents/airflow/.venv/lib/python3.10/site-packages/airflow/example_dags/example_xcom.py
[2025-06-16T22:10:25.149-0300] {processor.py:829} INFO - Processing file /mnt/c/Users/arcan/Documents/airflow/.venv/lib/python3.10/site-packages/airflow/example_dags/example_xcom.py for tasks to queue
[2025-06-16T22:10:25.150-0300] {logging_mixin.py:154} INFO - [2025-06-16T22:10:25.150-0300] {dagbag.py:536} INFO - Filling up the DagBag from /mnt/c/Users/arcan/Documents/airflow/.venv/lib/python3.10/site-packages/airflow/example_dags/example_xcom.py
[2025-06-16T22:10:25.184-0300] {processor.py:839} INFO - DAG(s) dict_keys(['example_xcom']) retrieved from /mnt/c/Users/arcan/Documents/airflow/.venv/lib/python3.10/site-packages/airflow/example_dags/example_xcom.py
[2025-06-16T22:10:25.222-0300] {logging_mixin.py:154} INFO - [2025-06-16T22:10:25.222-0300] {dag.py:2941} INFO - Sync 1 DAGs
[2025-06-16T22:10:25.250-0300] {logging_mixin.py:154} INFO - [2025-06-16T22:10:25.250-0300] {dag.py:3722} INFO - Setting next_dagrun for example_xcom to 2021-01-01T00:00:00+00:00, run_after=2021-01-01T00:00:00+00:00
[2025-06-16T22:10:25.338-0300] {processor.py:179} INFO - Processing /mnt/c/Users/arcan/Documents/airflow/.venv/lib/python3.10/site-packages/airflow/example_dags/example_xcom.py took 0.196 seconds
[2025-06-16T22:11:28.191-0300] {processor.py:157} INFO - Started process (PID=58804) to work on /mnt/c/Users/arcan/Documents/airflow/.venv/lib/python3.10/site-packages/airflow/example_dags/example_xcom.py
[2025-06-16T22:11:28.192-0300] {processor.py:829} INFO - Processing file /mnt/c/Users/arcan/Documents/airflow/.venv/lib/python3.10/site-packages/airflow/example_dags/example_xcom.py for tasks to queue
[2025-06-16T22:11:28.194-0300] {logging_mixin.py:154} INFO - [2025-06-16T22:11:28.194-0300] {dagbag.py:536} INFO - Filling up the DagBag from /mnt/c/Users/arcan/Documents/airflow/.venv/lib/python3.10/site-packages/airflow/example_dags/example_xcom.py
[2025-06-16T22:11:28.227-0300] {processor.py:839} INFO - DAG(s) dict_keys(['example_xcom']) retrieved from /mnt/c/Users/arcan/Documents/airflow/.venv/lib/python3.10/site-packages/airflow/example_dags/example_xcom.py
[2025-06-16T22:11:28.278-0300] {logging_mixin.py:154} INFO - [2025-06-16T22:11:28.278-0300] {dag.py:2941} INFO - Sync 1 DAGs
[2025-06-16T22:11:28.310-0300] {logging_mixin.py:154} INFO - [2025-06-16T22:11:28.309-0300] {dag.py:3722} INFO - Setting next_dagrun for example_xcom to 2021-01-01T00:00:00+00:00, run_after=2021-01-01T00:00:00+00:00
[2025-06-16T22:11:28.395-0300] {processor.py:179} INFO - Processing /mnt/c/Users/arcan/Documents/airflow/.venv/lib/python3.10/site-packages/airflow/example_dags/example_xcom.py took 0.210 seconds
[2025-06-16T22:12:25.287-0300] {processor.py:157} INFO - Started process (PID=58979) to work on /mnt/c/Users/arcan/Documents/airflow/.venv/lib/python3.10/site-packages/airflow/example_dags/example_xcom.py
[2025-06-16T22:12:25.289-0300] {processor.py:829} INFO - Processing file /mnt/c/Users/arcan/Documents/airflow/.venv/lib/python3.10/site-packages/airflow/example_dags/example_xcom.py for tasks to queue
[2025-06-16T22:12:25.291-0300] {logging_mixin.py:154} INFO - [2025-06-16T22:12:25.290-0300] {dagbag.py:536} INFO - Filling up the DagBag from /mnt/c/Users/arcan/Documents/airflow/.venv/lib/python3.10/site-packages/airflow/example_dags/example_xcom.py
[2025-06-16T22:12:25.331-0300] {processor.py:839} INFO - DAG(s) dict_keys(['example_xcom']) retrieved from /mnt/c/Users/arcan/Documents/airflow/.venv/lib/python3.10/site-packages/airflow/example_dags/example_xcom.py
[2025-06-16T22:12:25.384-0300] {logging_mixin.py:154} INFO - [2025-06-16T22:12:25.383-0300] {dag.py:2941} INFO - Sync 1 DAGs
[2025-06-16T22:12:25.441-0300] {logging_mixin.py:154} INFO - [2025-06-16T22:12:25.441-0300] {dag.py:3722} INFO - Setting next_dagrun for example_xcom to 2021-01-01T00:00:00+00:00, run_after=2021-01-01T00:00:00+00:00
[2025-06-16T22:12:25.586-0300] {processor.py:179} INFO - Processing /mnt/c/Users/arcan/Documents/airflow/.venv/lib/python3.10/site-packages/airflow/example_dags/example_xcom.py took 0.307 seconds
[2025-06-16T22:13:29.024-0300] {processor.py:157} INFO - Started process (PID=59168) to work on /mnt/c/Users/arcan/Documents/airflow/.venv/lib/python3.10/site-packages/airflow/example_dags/example_xcom.py
[2025-06-16T22:13:29.026-0300] {processor.py:829} INFO - Processing file /mnt/c/Users/arcan/Documents/airflow/.venv/lib/python3.10/site-packages/airflow/example_dags/example_xcom.py for tasks to queue
[2025-06-16T22:13:29.028-0300] {logging_mixin.py:154} INFO - [2025-06-16T22:13:29.027-0300] {dagbag.py:536} INFO - Filling up the DagBag from /mnt/c/Users/arcan/Documents/airflow/.venv/lib/python3.10/site-packages/airflow/example_dags/example_xcom.py
[2025-06-16T22:13:29.069-0300] {processor.py:839} INFO - DAG(s) dict_keys(['example_xcom']) retrieved from /mnt/c/Users/arcan/Documents/airflow/.venv/lib/python3.10/site-packages/airflow/example_dags/example_xcom.py
[2025-06-16T22:13:29.118-0300] {logging_mixin.py:154} INFO - [2025-06-16T22:13:29.118-0300] {dag.py:2941} INFO - Sync 1 DAGs
[2025-06-16T22:13:29.154-0300] {logging_mixin.py:154} INFO - [2025-06-16T22:13:29.154-0300] {dag.py:3722} INFO - Setting next_dagrun for example_xcom to 2021-01-01T00:00:00+00:00, run_after=2021-01-01T00:00:00+00:00
[2025-06-16T22:13:29.277-0300] {processor.py:179} INFO - Processing /mnt/c/Users/arcan/Documents/airflow/.venv/lib/python3.10/site-packages/airflow/example_dags/example_xcom.py took 0.258 seconds
[2025-06-16T22:14:37.105-0300] {processor.py:157} INFO - Started process (PID=59374) to work on /mnt/c/Users/arcan/Documents/airflow/.venv/lib/python3.10/site-packages/airflow/example_dags/example_xcom.py
[2025-06-16T22:14:37.107-0300] {processor.py:829} INFO - Processing file /mnt/c/Users/arcan/Documents/airflow/.venv/lib/python3.10/site-packages/airflow/example_dags/example_xcom.py for tasks to queue
[2025-06-16T22:14:37.110-0300] {logging_mixin.py:154} INFO - [2025-06-16T22:14:37.109-0300] {dagbag.py:536} INFO - Filling up the DagBag from /mnt/c/Users/arcan/Documents/airflow/.venv/lib/python3.10/site-packages/airflow/example_dags/example_xcom.py
[2025-06-16T22:14:37.145-0300] {processor.py:839} INFO - DAG(s) dict_keys(['example_xcom']) retrieved from /mnt/c/Users/arcan/Documents/airflow/.venv/lib/python3.10/site-packages/airflow/example_dags/example_xcom.py
[2025-06-16T22:14:37.186-0300] {logging_mixin.py:154} INFO - [2025-06-16T22:14:37.186-0300] {dag.py:2941} INFO - Sync 1 DAGs
[2025-06-16T22:14:37.218-0300] {logging_mixin.py:154} INFO - [2025-06-16T22:14:37.217-0300] {dag.py:3722} INFO - Setting next_dagrun for example_xcom to 2021-01-01T00:00:00+00:00, run_after=2021-01-01T00:00:00+00:00
[2025-06-16T22:14:37.313-0300] {processor.py:179} INFO - Processing /mnt/c/Users/arcan/Documents/airflow/.venv/lib/python3.10/site-packages/airflow/example_dags/example_xcom.py took 0.213 seconds
[2025-06-16T22:15:44.196-0300] {processor.py:157} INFO - Started process (PID=59570) to work on /mnt/c/Users/arcan/Documents/airflow/.venv/lib/python3.10/site-packages/airflow/example_dags/example_xcom.py
[2025-06-16T22:15:44.199-0300] {processor.py:829} INFO - Processing file /mnt/c/Users/arcan/Documents/airflow/.venv/lib/python3.10/site-packages/airflow/example_dags/example_xcom.py for tasks to queue
[2025-06-16T22:15:44.201-0300] {logging_mixin.py:154} INFO - [2025-06-16T22:15:44.200-0300] {dagbag.py:536} INFO - Filling up the DagBag from /mnt/c/Users/arcan/Documents/airflow/.venv/lib/python3.10/site-packages/airflow/example_dags/example_xcom.py
[2025-06-16T22:15:44.257-0300] {processor.py:839} INFO - DAG(s) dict_keys(['example_xcom']) retrieved from /mnt/c/Users/arcan/Documents/airflow/.venv/lib/python3.10/site-packages/airflow/example_dags/example_xcom.py
[2025-06-16T22:15:44.316-0300] {logging_mixin.py:154} INFO - [2025-06-16T22:15:44.316-0300] {dag.py:2941} INFO - Sync 1 DAGs
[2025-06-16T22:15:44.363-0300] {logging_mixin.py:154} INFO - [2025-06-16T22:15:44.363-0300] {dag.py:3722} INFO - Setting next_dagrun for example_xcom to 2021-01-01T00:00:00+00:00, run_after=2021-01-01T00:00:00+00:00
[2025-06-16T22:15:44.487-0300] {processor.py:179} INFO - Processing /mnt/c/Users/arcan/Documents/airflow/.venv/lib/python3.10/site-packages/airflow/example_dags/example_xcom.py took 0.297 seconds
[2025-06-16T22:16:54.776-0300] {processor.py:157} INFO - Started process (PID=59906) to work on /mnt/c/Users/arcan/Documents/airflow/.venv/lib/python3.10/site-packages/airflow/example_dags/example_xcom.py
[2025-06-16T22:16:54.778-0300] {processor.py:829} INFO - Processing file /mnt/c/Users/arcan/Documents/airflow/.venv/lib/python3.10/site-packages/airflow/example_dags/example_xcom.py for tasks to queue
[2025-06-16T22:16:54.780-0300] {logging_mixin.py:154} INFO - [2025-06-16T22:16:54.779-0300] {dagbag.py:536} INFO - Filling up the DagBag from /mnt/c/Users/arcan/Documents/airflow/.venv/lib/python3.10/site-packages/airflow/example_dags/example_xcom.py
[2025-06-16T22:16:54.829-0300] {processor.py:839} INFO - DAG(s) dict_keys(['example_xcom']) retrieved from /mnt/c/Users/arcan/Documents/airflow/.venv/lib/python3.10/site-packages/airflow/example_dags/example_xcom.py
[2025-06-16T22:16:54.883-0300] {logging_mixin.py:154} INFO - [2025-06-16T22:16:54.882-0300] {dag.py:2941} INFO - Sync 1 DAGs
[2025-06-16T22:16:54.924-0300] {logging_mixin.py:154} INFO - [2025-06-16T22:16:54.924-0300] {dag.py:3722} INFO - Setting next_dagrun for example_xcom to 2021-01-01T00:00:00+00:00, run_after=2021-01-01T00:00:00+00:00
[2025-06-16T22:16:55.022-0300] {processor.py:179} INFO - Processing /mnt/c/Users/arcan/Documents/airflow/.venv/lib/python3.10/site-packages/airflow/example_dags/example_xcom.py took 0.252 seconds
[2025-06-16T22:18:09.083-0300] {processor.py:157} INFO - Started process (PID=60129) to work on /mnt/c/Users/arcan/Documents/airflow/.venv/lib/python3.10/site-packages/airflow/example_dags/example_xcom.py
[2025-06-16T22:18:09.085-0300] {processor.py:829} INFO - Processing file /mnt/c/Users/arcan/Documents/airflow/.venv/lib/python3.10/site-packages/airflow/example_dags/example_xcom.py for tasks to queue
[2025-06-16T22:18:09.087-0300] {logging_mixin.py:154} INFO - [2025-06-16T22:18:09.087-0300] {dagbag.py:536} INFO - Filling up the DagBag from /mnt/c/Users/arcan/Documents/airflow/.venv/lib/python3.10/site-packages/airflow/example_dags/example_xcom.py
[2025-06-16T22:18:09.138-0300] {processor.py:839} INFO - DAG(s) dict_keys(['example_xcom']) retrieved from /mnt/c/Users/arcan/Documents/airflow/.venv/lib/python3.10/site-packages/airflow/example_dags/example_xcom.py
[2025-06-16T22:18:09.195-0300] {logging_mixin.py:154} INFO - [2025-06-16T22:18:09.195-0300] {dag.py:2941} INFO - Sync 1 DAGs
[2025-06-16T22:18:09.237-0300] {logging_mixin.py:154} INFO - [2025-06-16T22:18:09.237-0300] {dag.py:3722} INFO - Setting next_dagrun for example_xcom to 2021-01-01T00:00:00+00:00, run_after=2021-01-01T00:00:00+00:00
[2025-06-16T22:18:09.381-0300] {processor.py:179} INFO - Processing /mnt/c/Users/arcan/Documents/airflow/.venv/lib/python3.10/site-packages/airflow/example_dags/example_xcom.py took 0.304 seconds
[2025-06-16T22:19:38.745-0300] {processor.py:157} INFO - Started process (PID=60382) to work on /mnt/c/Users/arcan/Documents/airflow/.venv/lib/python3.10/site-packages/airflow/example_dags/example_xcom.py
[2025-06-16T22:19:38.749-0300] {processor.py:829} INFO - Processing file /mnt/c/Users/arcan/Documents/airflow/.venv/lib/python3.10/site-packages/airflow/example_dags/example_xcom.py for tasks to queue
[2025-06-16T22:19:38.752-0300] {logging_mixin.py:154} INFO - [2025-06-16T22:19:38.751-0300] {dagbag.py:536} INFO - Filling up the DagBag from /mnt/c/Users/arcan/Documents/airflow/.venv/lib/python3.10/site-packages/airflow/example_dags/example_xcom.py
[2025-06-16T22:19:38.802-0300] {processor.py:839} INFO - DAG(s) dict_keys(['example_xcom']) retrieved from /mnt/c/Users/arcan/Documents/airflow/.venv/lib/python3.10/site-packages/airflow/example_dags/example_xcom.py
[2025-06-16T22:19:38.867-0300] {logging_mixin.py:154} INFO - [2025-06-16T22:19:38.867-0300] {dag.py:2941} INFO - Sync 1 DAGs
[2025-06-16T22:19:38.920-0300] {logging_mixin.py:154} INFO - [2025-06-16T22:19:38.920-0300] {dag.py:3722} INFO - Setting next_dagrun for example_xcom to 2021-01-01T00:00:00+00:00, run_after=2021-01-01T00:00:00+00:00
[2025-06-16T22:19:39.084-0300] {processor.py:179} INFO - Processing /mnt/c/Users/arcan/Documents/airflow/.venv/lib/python3.10/site-packages/airflow/example_dags/example_xcom.py took 0.354 seconds
[2025-06-16T22:21:00.462-0300] {processor.py:157} INFO - Started process (PID=60616) to work on /mnt/c/Users/arcan/Documents/airflow/.venv/lib/python3.10/site-packages/airflow/example_dags/example_xcom.py
[2025-06-16T22:21:00.465-0300] {processor.py:829} INFO - Processing file /mnt/c/Users/arcan/Documents/airflow/.venv/lib/python3.10/site-packages/airflow/example_dags/example_xcom.py for tasks to queue
[2025-06-16T22:21:00.468-0300] {logging_mixin.py:154} INFO - [2025-06-16T22:21:00.467-0300] {dagbag.py:536} INFO - Filling up the DagBag from /mnt/c/Users/arcan/Documents/airflow/.venv/lib/python3.10/site-packages/airflow/example_dags/example_xcom.py
[2025-06-16T22:21:00.518-0300] {processor.py:839} INFO - DAG(s) dict_keys(['example_xcom']) retrieved from /mnt/c/Users/arcan/Documents/airflow/.venv/lib/python3.10/site-packages/airflow/example_dags/example_xcom.py
[2025-06-16T22:21:00.580-0300] {logging_mixin.py:154} INFO - [2025-06-16T22:21:00.580-0300] {dag.py:2941} INFO - Sync 1 DAGs
[2025-06-16T22:21:00.622-0300] {logging_mixin.py:154} INFO - [2025-06-16T22:21:00.621-0300] {dag.py:3722} INFO - Setting next_dagrun for example_xcom to 2021-01-01T00:00:00+00:00, run_after=2021-01-01T00:00:00+00:00
[2025-06-16T22:21:00.777-0300] {processor.py:179} INFO - Processing /mnt/c/Users/arcan/Documents/airflow/.venv/lib/python3.10/site-packages/airflow/example_dags/example_xcom.py took 0.321 seconds
[2025-06-16T22:22:23.208-0300] {processor.py:157} INFO - Started process (PID=60851) to work on /mnt/c/Users/arcan/Documents/airflow/.venv/lib/python3.10/site-packages/airflow/example_dags/example_xcom.py
[2025-06-16T22:22:23.210-0300] {processor.py:829} INFO - Processing file /mnt/c/Users/arcan/Documents/airflow/.venv/lib/python3.10/site-packages/airflow/example_dags/example_xcom.py for tasks to queue
[2025-06-16T22:22:23.212-0300] {logging_mixin.py:154} INFO - [2025-06-16T22:22:23.211-0300] {dagbag.py:536} INFO - Filling up the DagBag from /mnt/c/Users/arcan/Documents/airflow/.venv/lib/python3.10/site-packages/airflow/example_dags/example_xcom.py
[2025-06-16T22:22:23.261-0300] {processor.py:839} INFO - DAG(s) dict_keys(['example_xcom']) retrieved from /mnt/c/Users/arcan/Documents/airflow/.venv/lib/python3.10/site-packages/airflow/example_dags/example_xcom.py
[2025-06-16T22:22:23.322-0300] {logging_mixin.py:154} INFO - [2025-06-16T22:22:23.321-0300] {dag.py:2941} INFO - Sync 1 DAGs
[2025-06-16T22:22:23.369-0300] {logging_mixin.py:154} INFO - [2025-06-16T22:22:23.368-0300] {dag.py:3722} INFO - Setting next_dagrun for example_xcom to 2021-01-01T00:00:00+00:00, run_after=2021-01-01T00:00:00+00:00
[2025-06-16T22:22:23.510-0300] {processor.py:179} INFO - Processing /mnt/c/Users/arcan/Documents/airflow/.venv/lib/python3.10/site-packages/airflow/example_dags/example_xcom.py took 0.308 seconds
[2025-06-16T22:23:45.803-0300] {processor.py:157} INFO - Started process (PID=61092) to work on /mnt/c/Users/arcan/Documents/airflow/.venv/lib/python3.10/site-packages/airflow/example_dags/example_xcom.py
[2025-06-16T22:23:45.807-0300] {processor.py:829} INFO - Processing file /mnt/c/Users/arcan/Documents/airflow/.venv/lib/python3.10/site-packages/airflow/example_dags/example_xcom.py for tasks to queue
[2025-06-16T22:23:45.810-0300] {logging_mixin.py:154} INFO - [2025-06-16T22:23:45.809-0300] {dagbag.py:536} INFO - Filling up the DagBag from /mnt/c/Users/arcan/Documents/airflow/.venv/lib/python3.10/site-packages/airflow/example_dags/example_xcom.py
[2025-06-16T22:23:45.869-0300] {processor.py:839} INFO - DAG(s) dict_keys(['example_xcom']) retrieved from /mnt/c/Users/arcan/Documents/airflow/.venv/lib/python3.10/site-packages/airflow/example_dags/example_xcom.py
[2025-06-16T22:23:45.933-0300] {logging_mixin.py:154} INFO - [2025-06-16T22:23:45.933-0300] {dag.py:2941} INFO - Sync 1 DAGs
[2025-06-16T22:23:45.977-0300] {logging_mixin.py:154} INFO - [2025-06-16T22:23:45.976-0300] {dag.py:3722} INFO - Setting next_dagrun for example_xcom to 2021-01-01T00:00:00+00:00, run_after=2021-01-01T00:00:00+00:00
[2025-06-16T22:23:46.126-0300] {processor.py:179} INFO - Processing /mnt/c/Users/arcan/Documents/airflow/.venv/lib/python3.10/site-packages/airflow/example_dags/example_xcom.py took 0.330 seconds
[2025-06-16T22:25:05.489-0300] {processor.py:157} INFO - Started process (PID=61446) to work on /mnt/c/Users/arcan/Documents/airflow/.venv/lib/python3.10/site-packages/airflow/example_dags/example_xcom.py
[2025-06-16T22:25:05.494-0300] {processor.py:829} INFO - Processing file /mnt/c/Users/arcan/Documents/airflow/.venv/lib/python3.10/site-packages/airflow/example_dags/example_xcom.py for tasks to queue
[2025-06-16T22:25:05.497-0300] {logging_mixin.py:154} INFO - [2025-06-16T22:25:05.496-0300] {dagbag.py:536} INFO - Filling up the DagBag from /mnt/c/Users/arcan/Documents/airflow/.venv/lib/python3.10/site-packages/airflow/example_dags/example_xcom.py
[2025-06-16T22:25:05.563-0300] {processor.py:839} INFO - DAG(s) dict_keys(['example_xcom']) retrieved from /mnt/c/Users/arcan/Documents/airflow/.venv/lib/python3.10/site-packages/airflow/example_dags/example_xcom.py
[2025-06-16T22:25:05.624-0300] {logging_mixin.py:154} INFO - [2025-06-16T22:25:05.624-0300] {dag.py:2941} INFO - Sync 1 DAGs
[2025-06-16T22:25:05.663-0300] {logging_mixin.py:154} INFO - [2025-06-16T22:25:05.663-0300] {dag.py:3722} INFO - Setting next_dagrun for example_xcom to 2021-01-01T00:00:00+00:00, run_after=2021-01-01T00:00:00+00:00
[2025-06-16T22:25:05.814-0300] {processor.py:179} INFO - Processing /mnt/c/Users/arcan/Documents/airflow/.venv/lib/python3.10/site-packages/airflow/example_dags/example_xcom.py took 0.336 seconds
[2025-06-16T22:26:26.439-0300] {processor.py:157} INFO - Started process (PID=61672) to work on /mnt/c/Users/arcan/Documents/airflow/.venv/lib/python3.10/site-packages/airflow/example_dags/example_xcom.py
[2025-06-16T22:26:26.442-0300] {processor.py:829} INFO - Processing file /mnt/c/Users/arcan/Documents/airflow/.venv/lib/python3.10/site-packages/airflow/example_dags/example_xcom.py for tasks to queue
[2025-06-16T22:26:26.445-0300] {logging_mixin.py:154} INFO - [2025-06-16T22:26:26.444-0300] {dagbag.py:536} INFO - Filling up the DagBag from /mnt/c/Users/arcan/Documents/airflow/.venv/lib/python3.10/site-packages/airflow/example_dags/example_xcom.py
[2025-06-16T22:26:26.497-0300] {processor.py:839} INFO - DAG(s) dict_keys(['example_xcom']) retrieved from /mnt/c/Users/arcan/Documents/airflow/.venv/lib/python3.10/site-packages/airflow/example_dags/example_xcom.py
[2025-06-16T22:26:26.559-0300] {logging_mixin.py:154} INFO - [2025-06-16T22:26:26.558-0300] {dag.py:2941} INFO - Sync 1 DAGs
[2025-06-16T22:26:26.602-0300] {logging_mixin.py:154} INFO - [2025-06-16T22:26:26.601-0300] {dag.py:3722} INFO - Setting next_dagrun for example_xcom to 2021-01-01T00:00:00+00:00, run_after=2021-01-01T00:00:00+00:00
[2025-06-16T22:26:26.725-0300] {processor.py:179} INFO - Processing /mnt/c/Users/arcan/Documents/airflow/.venv/lib/python3.10/site-packages/airflow/example_dags/example_xcom.py took 0.294 seconds
[2025-06-16T22:27:42.118-0300] {processor.py:157} INFO - Started process (PID=61892) to work on /mnt/c/Users/arcan/Documents/airflow/.venv/lib/python3.10/site-packages/airflow/example_dags/example_xcom.py
[2025-06-16T22:27:42.120-0300] {processor.py:829} INFO - Processing file /mnt/c/Users/arcan/Documents/airflow/.venv/lib/python3.10/site-packages/airflow/example_dags/example_xcom.py for tasks to queue
[2025-06-16T22:27:42.123-0300] {logging_mixin.py:154} INFO - [2025-06-16T22:27:42.122-0300] {dagbag.py:536} INFO - Filling up the DagBag from /mnt/c/Users/arcan/Documents/airflow/.venv/lib/python3.10/site-packages/airflow/example_dags/example_xcom.py
[2025-06-16T22:27:42.177-0300] {processor.py:839} INFO - DAG(s) dict_keys(['example_xcom']) retrieved from /mnt/c/Users/arcan/Documents/airflow/.venv/lib/python3.10/site-packages/airflow/example_dags/example_xcom.py
[2025-06-16T22:27:42.237-0300] {logging_mixin.py:154} INFO - [2025-06-16T22:27:42.237-0300] {dag.py:2941} INFO - Sync 1 DAGs
[2025-06-16T22:27:42.282-0300] {logging_mixin.py:154} INFO - [2025-06-16T22:27:42.281-0300] {dag.py:3722} INFO - Setting next_dagrun for example_xcom to 2021-01-01T00:00:00+00:00, run_after=2021-01-01T00:00:00+00:00
[2025-06-16T22:27:42.438-0300] {processor.py:179} INFO - Processing /mnt/c/Users/arcan/Documents/airflow/.venv/lib/python3.10/site-packages/airflow/example_dags/example_xcom.py took 0.327 seconds
[2025-06-16T22:29:00.693-0300] {processor.py:157} INFO - Started process (PID=62115) to work on /mnt/c/Users/arcan/Documents/airflow/.venv/lib/python3.10/site-packages/airflow/example_dags/example_xcom.py
[2025-06-16T22:29:00.695-0300] {processor.py:829} INFO - Processing file /mnt/c/Users/arcan/Documents/airflow/.venv/lib/python3.10/site-packages/airflow/example_dags/example_xcom.py for tasks to queue
[2025-06-16T22:29:00.697-0300] {logging_mixin.py:154} INFO - [2025-06-16T22:29:00.696-0300] {dagbag.py:536} INFO - Filling up the DagBag from /mnt/c/Users/arcan/Documents/airflow/.venv/lib/python3.10/site-packages/airflow/example_dags/example_xcom.py
[2025-06-16T22:29:00.745-0300] {processor.py:839} INFO - DAG(s) dict_keys(['example_xcom']) retrieved from /mnt/c/Users/arcan/Documents/airflow/.venv/lib/python3.10/site-packages/airflow/example_dags/example_xcom.py
[2025-06-16T22:29:00.804-0300] {logging_mixin.py:154} INFO - [2025-06-16T22:29:00.803-0300] {dag.py:2941} INFO - Sync 1 DAGs
[2025-06-16T22:29:00.853-0300] {logging_mixin.py:154} INFO - [2025-06-16T22:29:00.853-0300] {dag.py:3722} INFO - Setting next_dagrun for example_xcom to 2021-01-01T00:00:00+00:00, run_after=2021-01-01T00:00:00+00:00
[2025-06-16T22:29:01.000-0300] {processor.py:179} INFO - Processing /mnt/c/Users/arcan/Documents/airflow/.venv/lib/python3.10/site-packages/airflow/example_dags/example_xcom.py took 0.313 seconds
[2025-06-16T22:29:46.580-0300] {processor.py:157} INFO - Started process (PID=62248) to work on /mnt/c/Users/arcan/Documents/airflow/.venv/lib/python3.10/site-packages/airflow/example_dags/example_xcom.py
[2025-06-16T22:29:46.583-0300] {processor.py:829} INFO - Processing file /mnt/c/Users/arcan/Documents/airflow/.venv/lib/python3.10/site-packages/airflow/example_dags/example_xcom.py for tasks to queue
[2025-06-16T22:29:46.585-0300] {logging_mixin.py:154} INFO - [2025-06-16T22:29:46.584-0300] {dagbag.py:536} INFO - Filling up the DagBag from /mnt/c/Users/arcan/Documents/airflow/.venv/lib/python3.10/site-packages/airflow/example_dags/example_xcom.py
[2025-06-16T22:29:46.634-0300] {processor.py:839} INFO - DAG(s) dict_keys(['example_xcom']) retrieved from /mnt/c/Users/arcan/Documents/airflow/.venv/lib/python3.10/site-packages/airflow/example_dags/example_xcom.py
[2025-06-16T22:29:46.695-0300] {logging_mixin.py:154} INFO - [2025-06-16T22:29:46.695-0300] {dag.py:2941} INFO - Sync 1 DAGs
[2025-06-16T22:29:46.740-0300] {logging_mixin.py:154} INFO - [2025-06-16T22:29:46.740-0300] {dag.py:3722} INFO - Setting next_dagrun for example_xcom to 2021-01-01T00:00:00+00:00, run_after=2021-01-01T00:00:00+00:00
[2025-06-16T22:29:46.859-0300] {processor.py:179} INFO - Processing /mnt/c/Users/arcan/Documents/airflow/.venv/lib/python3.10/site-packages/airflow/example_dags/example_xcom.py took 0.285 seconds
[2025-06-16T22:31:00.009-0300] {processor.py:157} INFO - Started process (PID=62465) to work on /mnt/c/Users/arcan/Documents/airflow/.venv/lib/python3.10/site-packages/airflow/example_dags/example_xcom.py
[2025-06-16T22:31:00.011-0300] {processor.py:829} INFO - Processing file /mnt/c/Users/arcan/Documents/airflow/.venv/lib/python3.10/site-packages/airflow/example_dags/example_xcom.py for tasks to queue
[2025-06-16T22:31:00.015-0300] {logging_mixin.py:154} INFO - [2025-06-16T22:31:00.014-0300] {dagbag.py:536} INFO - Filling up the DagBag from /mnt/c/Users/arcan/Documents/airflow/.venv/lib/python3.10/site-packages/airflow/example_dags/example_xcom.py
[2025-06-16T22:31:00.069-0300] {processor.py:839} INFO - DAG(s) dict_keys(['example_xcom']) retrieved from /mnt/c/Users/arcan/Documents/airflow/.venv/lib/python3.10/site-packages/airflow/example_dags/example_xcom.py
[2025-06-16T22:31:00.127-0300] {logging_mixin.py:154} INFO - [2025-06-16T22:31:00.127-0300] {dag.py:2941} INFO - Sync 1 DAGs
[2025-06-16T22:31:00.172-0300] {logging_mixin.py:154} INFO - [2025-06-16T22:31:00.172-0300] {dag.py:3722} INFO - Setting next_dagrun for example_xcom to 2021-01-01T00:00:00+00:00, run_after=2021-01-01T00:00:00+00:00
[2025-06-16T22:31:00.311-0300] {processor.py:179} INFO - Processing /mnt/c/Users/arcan/Documents/airflow/.venv/lib/python3.10/site-packages/airflow/example_dags/example_xcom.py took 0.308 seconds
[2025-06-16T22:32:37.197-0300] {processor.py:157} INFO - Started process (PID=62818) to work on /mnt/c/Users/arcan/Documents/airflow/.venv/lib/python3.10/site-packages/airflow/example_dags/example_xcom.py
[2025-06-16T22:32:37.200-0300] {processor.py:829} INFO - Processing file /mnt/c/Users/arcan/Documents/airflow/.venv/lib/python3.10/site-packages/airflow/example_dags/example_xcom.py for tasks to queue
[2025-06-16T22:32:37.203-0300] {logging_mixin.py:154} INFO - [2025-06-16T22:32:37.202-0300] {dagbag.py:536} INFO - Filling up the DagBag from /mnt/c/Users/arcan/Documents/airflow/.venv/lib/python3.10/site-packages/airflow/example_dags/example_xcom.py
[2025-06-16T22:32:37.261-0300] {processor.py:839} INFO - DAG(s) dict_keys(['example_xcom']) retrieved from /mnt/c/Users/arcan/Documents/airflow/.venv/lib/python3.10/site-packages/airflow/example_dags/example_xcom.py
[2025-06-16T22:32:37.324-0300] {logging_mixin.py:154} INFO - [2025-06-16T22:32:37.324-0300] {dag.py:2941} INFO - Sync 1 DAGs
[2025-06-16T22:32:37.374-0300] {logging_mixin.py:154} INFO - [2025-06-16T22:32:37.374-0300] {dag.py:3722} INFO - Setting next_dagrun for example_xcom to 2021-01-01T00:00:00+00:00, run_after=2021-01-01T00:00:00+00:00
[2025-06-16T22:32:37.501-0300] {processor.py:179} INFO - Processing /mnt/c/Users/arcan/Documents/airflow/.venv/lib/python3.10/site-packages/airflow/example_dags/example_xcom.py took 0.310 seconds
[2025-06-17T20:50:26.031-0300] {processor.py:157} INFO - Started process (PID=63644) to work on /mnt/c/Users/arcan/Documents/airflow/.venv/lib/python3.10/site-packages/airflow/example_dags/example_xcom.py
[2025-06-17T20:50:26.061-0300] {processor.py:829} INFO - Processing file /mnt/c/Users/arcan/Documents/airflow/.venv/lib/python3.10/site-packages/airflow/example_dags/example_xcom.py for tasks to queue
[2025-06-17T20:50:26.064-0300] {logging_mixin.py:154} INFO - [2025-06-17T20:50:26.063-0300] {dagbag.py:536} INFO - Filling up the DagBag from /mnt/c/Users/arcan/Documents/airflow/.venv/lib/python3.10/site-packages/airflow/example_dags/example_xcom.py
[2025-06-17T20:50:26.116-0300] {processor.py:839} INFO - DAG(s) dict_keys(['example_xcom']) retrieved from /mnt/c/Users/arcan/Documents/airflow/.venv/lib/python3.10/site-packages/airflow/example_dags/example_xcom.py
[2025-06-17T20:50:26.316-0300] {logging_mixin.py:154} INFO - [2025-06-17T20:50:26.316-0300] {dag.py:2941} INFO - Sync 1 DAGs
[2025-06-17T20:50:26.360-0300] {logging_mixin.py:154} INFO - [2025-06-17T20:50:26.360-0300] {dag.py:3722} INFO - Setting next_dagrun for example_xcom to 2021-01-01T00:00:00+00:00, run_after=2021-01-01T00:00:00+00:00
[2025-06-17T20:50:26.500-0300] {processor.py:179} INFO - Processing /mnt/c/Users/arcan/Documents/airflow/.venv/lib/python3.10/site-packages/airflow/example_dags/example_xcom.py took 0.477 seconds
[2025-06-17T20:51:42.823-0300] {processor.py:157} INFO - Started process (PID=63754) to work on /mnt/c/Users/arcan/Documents/airflow/.venv/lib/python3.10/site-packages/airflow/example_dags/example_xcom.py
[2025-06-17T20:51:42.825-0300] {processor.py:829} INFO - Processing file /mnt/c/Users/arcan/Documents/airflow/.venv/lib/python3.10/site-packages/airflow/example_dags/example_xcom.py for tasks to queue
[2025-06-17T20:51:42.828-0300] {logging_mixin.py:154} INFO - [2025-06-17T20:51:42.827-0300] {dagbag.py:536} INFO - Filling up the DagBag from /mnt/c/Users/arcan/Documents/airflow/.venv/lib/python3.10/site-packages/airflow/example_dags/example_xcom.py
[2025-06-17T20:51:42.877-0300] {processor.py:839} INFO - DAG(s) dict_keys(['example_xcom']) retrieved from /mnt/c/Users/arcan/Documents/airflow/.venv/lib/python3.10/site-packages/airflow/example_dags/example_xcom.py
[2025-06-17T20:51:42.930-0300] {logging_mixin.py:154} INFO - [2025-06-17T20:51:42.930-0300] {dag.py:2941} INFO - Sync 1 DAGs
[2025-06-17T20:51:42.970-0300] {logging_mixin.py:154} INFO - [2025-06-17T20:51:42.970-0300] {dag.py:3722} INFO - Setting next_dagrun for example_xcom to 2021-01-01T00:00:00+00:00, run_after=2021-01-01T00:00:00+00:00
[2025-06-17T20:51:43.090-0300] {processor.py:179} INFO - Processing /mnt/c/Users/arcan/Documents/airflow/.venv/lib/python3.10/site-packages/airflow/example_dags/example_xcom.py took 0.273 seconds
[2025-06-17T20:53:04.293-0300] {processor.py:157} INFO - Started process (PID=63986) to work on /mnt/c/Users/arcan/Documents/airflow/.venv/lib/python3.10/site-packages/airflow/example_dags/example_xcom.py
[2025-06-17T20:53:04.295-0300] {processor.py:829} INFO - Processing file /mnt/c/Users/arcan/Documents/airflow/.venv/lib/python3.10/site-packages/airflow/example_dags/example_xcom.py for tasks to queue
[2025-06-17T20:53:04.297-0300] {logging_mixin.py:154} INFO - [2025-06-17T20:53:04.296-0300] {dagbag.py:536} INFO - Filling up the DagBag from /mnt/c/Users/arcan/Documents/airflow/.venv/lib/python3.10/site-packages/airflow/example_dags/example_xcom.py
[2025-06-17T20:53:04.340-0300] {processor.py:839} INFO - DAG(s) dict_keys(['example_xcom']) retrieved from /mnt/c/Users/arcan/Documents/airflow/.venv/lib/python3.10/site-packages/airflow/example_dags/example_xcom.py
[2025-06-17T20:53:04.384-0300] {logging_mixin.py:154} INFO - [2025-06-17T20:53:04.384-0300] {dag.py:2941} INFO - Sync 1 DAGs
[2025-06-17T20:53:04.418-0300] {logging_mixin.py:154} INFO - [2025-06-17T20:53:04.417-0300] {dag.py:3722} INFO - Setting next_dagrun for example_xcom to 2021-01-01T00:00:00+00:00, run_after=2021-01-01T00:00:00+00:00
[2025-06-17T20:53:04.516-0300] {processor.py:179} INFO - Processing /mnt/c/Users/arcan/Documents/airflow/.venv/lib/python3.10/site-packages/airflow/example_dags/example_xcom.py took 0.228 seconds
[2025-06-17T20:54:18.829-0300] {processor.py:157} INFO - Started process (PID=64315) to work on /mnt/c/Users/arcan/Documents/airflow/.venv/lib/python3.10/site-packages/airflow/example_dags/example_xcom.py
[2025-06-17T20:54:18.831-0300] {processor.py:829} INFO - Processing file /mnt/c/Users/arcan/Documents/airflow/.venv/lib/python3.10/site-packages/airflow/example_dags/example_xcom.py for tasks to queue
[2025-06-17T20:54:18.832-0300] {logging_mixin.py:154} INFO - [2025-06-17T20:54:18.831-0300] {dagbag.py:536} INFO - Filling up the DagBag from /mnt/c/Users/arcan/Documents/airflow/.venv/lib/python3.10/site-packages/airflow/example_dags/example_xcom.py
[2025-06-17T20:54:18.866-0300] {processor.py:839} INFO - DAG(s) dict_keys(['example_xcom']) retrieved from /mnt/c/Users/arcan/Documents/airflow/.venv/lib/python3.10/site-packages/airflow/example_dags/example_xcom.py
[2025-06-17T20:54:18.907-0300] {logging_mixin.py:154} INFO - [2025-06-17T20:54:18.907-0300] {dag.py:2941} INFO - Sync 1 DAGs
[2025-06-17T20:54:18.940-0300] {logging_mixin.py:154} INFO - [2025-06-17T20:54:18.940-0300] {dag.py:3722} INFO - Setting next_dagrun for example_xcom to 2021-01-01T00:00:00+00:00, run_after=2021-01-01T00:00:00+00:00
[2025-06-17T20:54:19.049-0300] {processor.py:179} INFO - Processing /mnt/c/Users/arcan/Documents/airflow/.venv/lib/python3.10/site-packages/airflow/example_dags/example_xcom.py took 0.225 seconds
[2025-06-17T20:55:27.799-0300] {processor.py:157} INFO - Started process (PID=64517) to work on /mnt/c/Users/arcan/Documents/airflow/.venv/lib/python3.10/site-packages/airflow/example_dags/example_xcom.py
[2025-06-17T20:55:27.801-0300] {processor.py:829} INFO - Processing file /mnt/c/Users/arcan/Documents/airflow/.venv/lib/python3.10/site-packages/airflow/example_dags/example_xcom.py for tasks to queue
[2025-06-17T20:55:27.803-0300] {logging_mixin.py:154} INFO - [2025-06-17T20:55:27.802-0300] {dagbag.py:536} INFO - Filling up the DagBag from /mnt/c/Users/arcan/Documents/airflow/.venv/lib/python3.10/site-packages/airflow/example_dags/example_xcom.py
[2025-06-17T20:55:27.834-0300] {processor.py:839} INFO - DAG(s) dict_keys(['example_xcom']) retrieved from /mnt/c/Users/arcan/Documents/airflow/.venv/lib/python3.10/site-packages/airflow/example_dags/example_xcom.py
[2025-06-17T20:55:27.872-0300] {logging_mixin.py:154} INFO - [2025-06-17T20:55:27.872-0300] {dag.py:2941} INFO - Sync 1 DAGs
[2025-06-17T20:55:27.903-0300] {logging_mixin.py:154} INFO - [2025-06-17T20:55:27.903-0300] {dag.py:3722} INFO - Setting next_dagrun for example_xcom to 2021-01-01T00:00:00+00:00, run_after=2021-01-01T00:00:00+00:00
[2025-06-17T20:55:28.031-0300] {processor.py:179} INFO - Processing /mnt/c/Users/arcan/Documents/airflow/.venv/lib/python3.10/site-packages/airflow/example_dags/example_xcom.py took 0.236 seconds
