[2025-06-16T22:04:18.318-0300] {processor.py:157} INFO - Started process (PID=57372) to work on /mnt/c/Users/arcan/Documents/airflow/.venv/lib/python3.10/site-packages/airflow/example_dags/example_branch_labels.py
[2025-06-16T22:04:18.320-0300] {processor.py:829} INFO - Processing file /mnt/c/Users/arcan/Documents/airflow/.venv/lib/python3.10/site-packages/airflow/example_dags/example_branch_labels.py for tasks to queue
[2025-06-16T22:04:18.322-0300] {logging_mixin.py:154} INFO - [2025-06-16T22:04:18.321-0300] {dagbag.py:536} INFO - Filling up the DagBag from /mnt/c/Users/arcan/Documents/airflow/.venv/lib/python3.10/site-packages/airflow/example_dags/example_branch_labels.py
[2025-06-16T22:04:18.368-0300] {processor.py:839} INFO - DAG(s) dict_keys(['example_branch_labels']) retrieved from /mnt/c/Users/arcan/Documents/airflow/.venv/lib/python3.10/site-packages/airflow/example_dags/example_branch_labels.py
[2025-06-16T22:04:18.410-0300] {logging_mixin.py:154} INFO - [2025-06-16T22:04:18.410-0300] {dag.py:2941} INFO - Sync 1 DAGs
[2025-06-16T22:04:18.441-0300] {logging_mixin.py:154} INFO - [2025-06-16T22:04:18.441-0300] {dag.py:3722} INFO - Setting next_dagrun for example_branch_labels to 2025-06-16T00:00:00+00:00, run_after=2025-06-17T00:00:00+00:00
[2025-06-16T22:04:18.536-0300] {processor.py:179} INFO - Processing /mnt/c/Users/arcan/Documents/airflow/.venv/lib/python3.10/site-packages/airflow/example_dags/example_branch_labels.py took 0.222 seconds
[2025-06-16T22:05:31.722-0300] {processor.py:157} INFO - Started process (PID=57621) to work on /mnt/c/Users/arcan/Documents/airflow/.venv/lib/python3.10/site-packages/airflow/example_dags/example_branch_labels.py
[2025-06-16T22:05:31.724-0300] {processor.py:829} INFO - Processing file /mnt/c/Users/arcan/Documents/airflow/.venv/lib/python3.10/site-packages/airflow/example_dags/example_branch_labels.py for tasks to queue
[2025-06-16T22:05:31.726-0300] {logging_mixin.py:154} INFO - [2025-06-16T22:05:31.725-0300] {dagbag.py:536} INFO - Filling up the DagBag from /mnt/c/Users/arcan/Documents/airflow/.venv/lib/python3.10/site-packages/airflow/example_dags/example_branch_labels.py
[2025-06-16T22:05:31.779-0300] {processor.py:839} INFO - DAG(s) dict_keys(['example_branch_labels']) retrieved from /mnt/c/Users/arcan/Documents/airflow/.venv/lib/python3.10/site-packages/airflow/example_dags/example_branch_labels.py
[2025-06-16T22:05:31.833-0300] {logging_mixin.py:154} INFO - [2025-06-16T22:05:31.833-0300] {dag.py:2941} INFO - Sync 1 DAGs
[2025-06-16T22:05:31.868-0300] {logging_mixin.py:154} INFO - [2025-06-16T22:05:31.868-0300] {dag.py:3722} INFO - Setting next_dagrun for example_branch_labels to 2025-06-16T00:00:00+00:00, run_after=2025-06-17T00:00:00+00:00
[2025-06-16T22:05:31.979-0300] {processor.py:179} INFO - Processing /mnt/c/Users/arcan/Documents/airflow/.venv/lib/python3.10/site-packages/airflow/example_dags/example_branch_labels.py took 0.263 seconds
[2025-06-16T22:06:42.581-0300] {processor.py:157} INFO - Started process (PID=57828) to work on /mnt/c/Users/arcan/Documents/airflow/.venv/lib/python3.10/site-packages/airflow/example_dags/example_branch_labels.py
[2025-06-16T22:06:42.583-0300] {processor.py:829} INFO - Processing file /mnt/c/Users/arcan/Documents/airflow/.venv/lib/python3.10/site-packages/airflow/example_dags/example_branch_labels.py for tasks to queue
[2025-06-16T22:06:42.586-0300] {logging_mixin.py:154} INFO - [2025-06-16T22:06:42.585-0300] {dagbag.py:536} INFO - Filling up the DagBag from /mnt/c/Users/arcan/Documents/airflow/.venv/lib/python3.10/site-packages/airflow/example_dags/example_branch_labels.py
[2025-06-16T22:06:42.656-0300] {processor.py:839} INFO - DAG(s) dict_keys(['example_branch_labels']) retrieved from /mnt/c/Users/arcan/Documents/airflow/.venv/lib/python3.10/site-packages/airflow/example_dags/example_branch_labels.py
[2025-06-16T22:06:42.724-0300] {logging_mixin.py:154} INFO - [2025-06-16T22:06:42.724-0300] {dag.py:2941} INFO - Sync 1 DAGs
[2025-06-16T22:06:42.769-0300] {logging_mixin.py:154} INFO - [2025-06-16T22:06:42.769-0300] {dag.py:3722} INFO - Setting next_dagrun for example_branch_labels to 2025-06-16T00:00:00+00:00, run_after=2025-06-17T00:00:00+00:00
[2025-06-16T22:06:42.905-0300] {processor.py:179} INFO - Processing /mnt/c/Users/arcan/Documents/airflow/.venv/lib/python3.10/site-packages/airflow/example_dags/example_branch_labels.py took 0.330 seconds
[2025-06-16T22:07:54.214-0300] {processor.py:157} INFO - Started process (PID=58039) to work on /mnt/c/Users/arcan/Documents/airflow/.venv/lib/python3.10/site-packages/airflow/example_dags/example_branch_labels.py
[2025-06-16T22:07:54.217-0300] {processor.py:829} INFO - Processing file /mnt/c/Users/arcan/Documents/airflow/.venv/lib/python3.10/site-packages/airflow/example_dags/example_branch_labels.py for tasks to queue
[2025-06-16T22:07:54.219-0300] {logging_mixin.py:154} INFO - [2025-06-16T22:07:54.219-0300] {dagbag.py:536} INFO - Filling up the DagBag from /mnt/c/Users/arcan/Documents/airflow/.venv/lib/python3.10/site-packages/airflow/example_dags/example_branch_labels.py
[2025-06-16T22:07:54.286-0300] {processor.py:839} INFO - DAG(s) dict_keys(['example_branch_labels']) retrieved from /mnt/c/Users/arcan/Documents/airflow/.venv/lib/python3.10/site-packages/airflow/example_dags/example_branch_labels.py
[2025-06-16T22:07:54.347-0300] {logging_mixin.py:154} INFO - [2025-06-16T22:07:54.347-0300] {dag.py:2941} INFO - Sync 1 DAGs
[2025-06-16T22:07:54.392-0300] {logging_mixin.py:154} INFO - [2025-06-16T22:07:54.392-0300] {dag.py:3722} INFO - Setting next_dagrun for example_branch_labels to 2025-06-16T00:00:00+00:00, run_after=2025-06-17T00:00:00+00:00
[2025-06-16T22:07:54.534-0300] {processor.py:179} INFO - Processing /mnt/c/Users/arcan/Documents/airflow/.venv/lib/python3.10/site-packages/airflow/example_dags/example_branch_labels.py took 0.326 seconds
[2025-06-16T22:09:08.915-0300] {processor.py:157} INFO - Started process (PID=58379) to work on /mnt/c/Users/arcan/Documents/airflow/.venv/lib/python3.10/site-packages/airflow/example_dags/example_branch_labels.py
[2025-06-16T22:09:08.917-0300] {processor.py:829} INFO - Processing file /mnt/c/Users/arcan/Documents/airflow/.venv/lib/python3.10/site-packages/airflow/example_dags/example_branch_labels.py for tasks to queue
[2025-06-16T22:09:08.918-0300] {logging_mixin.py:154} INFO - [2025-06-16T22:09:08.918-0300] {dagbag.py:536} INFO - Filling up the DagBag from /mnt/c/Users/arcan/Documents/airflow/.venv/lib/python3.10/site-packages/airflow/example_dags/example_branch_labels.py
[2025-06-16T22:09:08.964-0300] {processor.py:839} INFO - DAG(s) dict_keys(['example_branch_labels']) retrieved from /mnt/c/Users/arcan/Documents/airflow/.venv/lib/python3.10/site-packages/airflow/example_dags/example_branch_labels.py
[2025-06-16T22:09:09.012-0300] {logging_mixin.py:154} INFO - [2025-06-16T22:09:09.012-0300] {dag.py:2941} INFO - Sync 1 DAGs
[2025-06-16T22:09:09.059-0300] {logging_mixin.py:154} INFO - [2025-06-16T22:09:09.059-0300] {dag.py:3722} INFO - Setting next_dagrun for example_branch_labels to 2025-06-16T00:00:00+00:00, run_after=2025-06-17T00:00:00+00:00
[2025-06-16T22:09:09.154-0300] {processor.py:179} INFO - Processing /mnt/c/Users/arcan/Documents/airflow/.venv/lib/python3.10/site-packages/airflow/example_dags/example_branch_labels.py took 0.244 seconds
[2025-06-16T22:10:12.704-0300] {processor.py:157} INFO - Started process (PID=58578) to work on /mnt/c/Users/arcan/Documents/airflow/.venv/lib/python3.10/site-packages/airflow/example_dags/example_branch_labels.py
[2025-06-16T22:10:12.706-0300] {processor.py:829} INFO - Processing file /mnt/c/Users/arcan/Documents/airflow/.venv/lib/python3.10/site-packages/airflow/example_dags/example_branch_labels.py for tasks to queue
[2025-06-16T22:10:12.708-0300] {logging_mixin.py:154} INFO - [2025-06-16T22:10:12.708-0300] {dagbag.py:536} INFO - Filling up the DagBag from /mnt/c/Users/arcan/Documents/airflow/.venv/lib/python3.10/site-packages/airflow/example_dags/example_branch_labels.py
[2025-06-16T22:10:12.764-0300] {processor.py:839} INFO - DAG(s) dict_keys(['example_branch_labels']) retrieved from /mnt/c/Users/arcan/Documents/airflow/.venv/lib/python3.10/site-packages/airflow/example_dags/example_branch_labels.py
[2025-06-16T22:10:12.815-0300] {logging_mixin.py:154} INFO - [2025-06-16T22:10:12.815-0300] {dag.py:2941} INFO - Sync 1 DAGs
[2025-06-16T22:10:12.857-0300] {logging_mixin.py:154} INFO - [2025-06-16T22:10:12.857-0300] {dag.py:3722} INFO - Setting next_dagrun for example_branch_labels to 2025-06-16T00:00:00+00:00, run_after=2025-06-17T00:00:00+00:00
[2025-06-16T22:10:12.976-0300] {processor.py:179} INFO - Processing /mnt/c/Users/arcan/Documents/airflow/.venv/lib/python3.10/site-packages/airflow/example_dags/example_branch_labels.py took 0.279 seconds
[2025-06-16T22:11:17.226-0300] {processor.py:157} INFO - Started process (PID=58767) to work on /mnt/c/Users/arcan/Documents/airflow/.venv/lib/python3.10/site-packages/airflow/example_dags/example_branch_labels.py
[2025-06-16T22:11:17.229-0300] {processor.py:829} INFO - Processing file /mnt/c/Users/arcan/Documents/airflow/.venv/lib/python3.10/site-packages/airflow/example_dags/example_branch_labels.py for tasks to queue
[2025-06-16T22:11:17.231-0300] {logging_mixin.py:154} INFO - [2025-06-16T22:11:17.230-0300] {dagbag.py:536} INFO - Filling up the DagBag from /mnt/c/Users/arcan/Documents/airflow/.venv/lib/python3.10/site-packages/airflow/example_dags/example_branch_labels.py
[2025-06-16T22:11:17.278-0300] {processor.py:839} INFO - DAG(s) dict_keys(['example_branch_labels']) retrieved from /mnt/c/Users/arcan/Documents/airflow/.venv/lib/python3.10/site-packages/airflow/example_dags/example_branch_labels.py
[2025-06-16T22:11:17.325-0300] {logging_mixin.py:154} INFO - [2025-06-16T22:11:17.324-0300] {dag.py:2941} INFO - Sync 1 DAGs
[2025-06-16T22:11:17.360-0300] {logging_mixin.py:154} INFO - [2025-06-16T22:11:17.360-0300] {dag.py:3722} INFO - Setting next_dagrun for example_branch_labels to 2025-06-16T00:00:00+00:00, run_after=2025-06-17T00:00:00+00:00
[2025-06-16T22:11:17.446-0300] {processor.py:179} INFO - Processing /mnt/c/Users/arcan/Documents/airflow/.venv/lib/python3.10/site-packages/airflow/example_dags/example_branch_labels.py took 0.225 seconds
[2025-06-16T22:12:16.293-0300] {processor.py:157} INFO - Started process (PID=58950) to work on /mnt/c/Users/arcan/Documents/airflow/.venv/lib/python3.10/site-packages/airflow/example_dags/example_branch_labels.py
[2025-06-16T22:12:16.296-0300] {processor.py:829} INFO - Processing file /mnt/c/Users/arcan/Documents/airflow/.venv/lib/python3.10/site-packages/airflow/example_dags/example_branch_labels.py for tasks to queue
[2025-06-16T22:12:16.299-0300] {logging_mixin.py:154} INFO - [2025-06-16T22:12:16.297-0300] {dagbag.py:536} INFO - Filling up the DagBag from /mnt/c/Users/arcan/Documents/airflow/.venv/lib/python3.10/site-packages/airflow/example_dags/example_branch_labels.py
[2025-06-16T22:12:16.343-0300] {processor.py:839} INFO - DAG(s) dict_keys(['example_branch_labels']) retrieved from /mnt/c/Users/arcan/Documents/airflow/.venv/lib/python3.10/site-packages/airflow/example_dags/example_branch_labels.py
[2025-06-16T22:12:16.384-0300] {logging_mixin.py:154} INFO - [2025-06-16T22:12:16.384-0300] {dag.py:2941} INFO - Sync 1 DAGs
[2025-06-16T22:12:16.415-0300] {logging_mixin.py:154} INFO - [2025-06-16T22:12:16.415-0300] {dag.py:3722} INFO - Setting next_dagrun for example_branch_labels to 2025-06-16T00:00:00+00:00, run_after=2025-06-17T00:00:00+00:00
[2025-06-16T22:12:16.507-0300] {processor.py:179} INFO - Processing /mnt/c/Users/arcan/Documents/airflow/.venv/lib/python3.10/site-packages/airflow/example_dags/example_branch_labels.py took 0.219 seconds
[2025-06-16T22:13:17.116-0300] {processor.py:157} INFO - Started process (PID=59134) to work on /mnt/c/Users/arcan/Documents/airflow/.venv/lib/python3.10/site-packages/airflow/example_dags/example_branch_labels.py
[2025-06-16T22:13:17.119-0300] {processor.py:829} INFO - Processing file /mnt/c/Users/arcan/Documents/airflow/.venv/lib/python3.10/site-packages/airflow/example_dags/example_branch_labels.py for tasks to queue
[2025-06-16T22:13:17.121-0300] {logging_mixin.py:154} INFO - [2025-06-16T22:13:17.120-0300] {dagbag.py:536} INFO - Filling up the DagBag from /mnt/c/Users/arcan/Documents/airflow/.venv/lib/python3.10/site-packages/airflow/example_dags/example_branch_labels.py
[2025-06-16T22:13:17.165-0300] {processor.py:839} INFO - DAG(s) dict_keys(['example_branch_labels']) retrieved from /mnt/c/Users/arcan/Documents/airflow/.venv/lib/python3.10/site-packages/airflow/example_dags/example_branch_labels.py
[2025-06-16T22:13:17.205-0300] {logging_mixin.py:154} INFO - [2025-06-16T22:13:17.205-0300] {dag.py:2941} INFO - Sync 1 DAGs
[2025-06-16T22:13:17.236-0300] {logging_mixin.py:154} INFO - [2025-06-16T22:13:17.236-0300] {dag.py:3722} INFO - Setting next_dagrun for example_branch_labels to 2025-06-16T00:00:00+00:00, run_after=2025-06-17T00:00:00+00:00
[2025-06-16T22:13:17.354-0300] {processor.py:179} INFO - Processing /mnt/c/Users/arcan/Documents/airflow/.venv/lib/python3.10/site-packages/airflow/example_dags/example_branch_labels.py took 0.242 seconds
[2025-06-16T22:14:23.660-0300] {processor.py:157} INFO - Started process (PID=59331) to work on /mnt/c/Users/arcan/Documents/airflow/.venv/lib/python3.10/site-packages/airflow/example_dags/example_branch_labels.py
[2025-06-16T22:14:23.662-0300] {processor.py:829} INFO - Processing file /mnt/c/Users/arcan/Documents/airflow/.venv/lib/python3.10/site-packages/airflow/example_dags/example_branch_labels.py for tasks to queue
[2025-06-16T22:14:23.664-0300] {logging_mixin.py:154} INFO - [2025-06-16T22:14:23.663-0300] {dagbag.py:536} INFO - Filling up the DagBag from /mnt/c/Users/arcan/Documents/airflow/.venv/lib/python3.10/site-packages/airflow/example_dags/example_branch_labels.py
[2025-06-16T22:14:23.708-0300] {processor.py:839} INFO - DAG(s) dict_keys(['example_branch_labels']) retrieved from /mnt/c/Users/arcan/Documents/airflow/.venv/lib/python3.10/site-packages/airflow/example_dags/example_branch_labels.py
[2025-06-16T22:14:23.756-0300] {logging_mixin.py:154} INFO - [2025-06-16T22:14:23.755-0300] {dag.py:2941} INFO - Sync 1 DAGs
[2025-06-16T22:14:23.791-0300] {logging_mixin.py:154} INFO - [2025-06-16T22:14:23.790-0300] {dag.py:3722} INFO - Setting next_dagrun for example_branch_labels to 2025-06-16T00:00:00+00:00, run_after=2025-06-17T00:00:00+00:00
[2025-06-16T22:14:23.893-0300] {processor.py:179} INFO - Processing /mnt/c/Users/arcan/Documents/airflow/.venv/lib/python3.10/site-packages/airflow/example_dags/example_branch_labels.py took 0.239 seconds
[2025-06-16T22:15:32.589-0300] {processor.py:157} INFO - Started process (PID=59537) to work on /mnt/c/Users/arcan/Documents/airflow/.venv/lib/python3.10/site-packages/airflow/example_dags/example_branch_labels.py
[2025-06-16T22:15:32.591-0300] {processor.py:829} INFO - Processing file /mnt/c/Users/arcan/Documents/airflow/.venv/lib/python3.10/site-packages/airflow/example_dags/example_branch_labels.py for tasks to queue
[2025-06-16T22:15:32.593-0300] {logging_mixin.py:154} INFO - [2025-06-16T22:15:32.592-0300] {dagbag.py:536} INFO - Filling up the DagBag from /mnt/c/Users/arcan/Documents/airflow/.venv/lib/python3.10/site-packages/airflow/example_dags/example_branch_labels.py
[2025-06-16T22:15:32.649-0300] {processor.py:839} INFO - DAG(s) dict_keys(['example_branch_labels']) retrieved from /mnt/c/Users/arcan/Documents/airflow/.venv/lib/python3.10/site-packages/airflow/example_dags/example_branch_labels.py
[2025-06-16T22:15:32.699-0300] {logging_mixin.py:154} INFO - [2025-06-16T22:15:32.699-0300] {dag.py:2941} INFO - Sync 1 DAGs
[2025-06-16T22:15:32.741-0300] {logging_mixin.py:154} INFO - [2025-06-16T22:15:32.741-0300] {dag.py:3722} INFO - Setting next_dagrun for example_branch_labels to 2025-06-16T00:00:00+00:00, run_after=2025-06-17T00:00:00+00:00
[2025-06-16T22:15:32.852-0300] {processor.py:179} INFO - Processing /mnt/c/Users/arcan/Documents/airflow/.venv/lib/python3.10/site-packages/airflow/example_dags/example_branch_labels.py took 0.269 seconds
[2025-06-16T22:16:44.365-0300] {processor.py:157} INFO - Started process (PID=59876) to work on /mnt/c/Users/arcan/Documents/airflow/.venv/lib/python3.10/site-packages/airflow/example_dags/example_branch_labels.py
[2025-06-16T22:16:44.368-0300] {processor.py:829} INFO - Processing file /mnt/c/Users/arcan/Documents/airflow/.venv/lib/python3.10/site-packages/airflow/example_dags/example_branch_labels.py for tasks to queue
[2025-06-16T22:16:44.370-0300] {logging_mixin.py:154} INFO - [2025-06-16T22:16:44.370-0300] {dagbag.py:536} INFO - Filling up the DagBag from /mnt/c/Users/arcan/Documents/airflow/.venv/lib/python3.10/site-packages/airflow/example_dags/example_branch_labels.py
[2025-06-16T22:16:44.424-0300] {processor.py:839} INFO - DAG(s) dict_keys(['example_branch_labels']) retrieved from /mnt/c/Users/arcan/Documents/airflow/.venv/lib/python3.10/site-packages/airflow/example_dags/example_branch_labels.py
[2025-06-16T22:16:44.482-0300] {logging_mixin.py:154} INFO - [2025-06-16T22:16:44.482-0300] {dag.py:2941} INFO - Sync 1 DAGs
[2025-06-16T22:16:44.523-0300] {logging_mixin.py:154} INFO - [2025-06-16T22:16:44.523-0300] {dag.py:3722} INFO - Setting next_dagrun for example_branch_labels to 2025-06-16T00:00:00+00:00, run_after=2025-06-17T00:00:00+00:00
[2025-06-16T22:16:44.624-0300] {processor.py:179} INFO - Processing /mnt/c/Users/arcan/Documents/airflow/.venv/lib/python3.10/site-packages/airflow/example_dags/example_branch_labels.py took 0.267 seconds
[2025-06-16T22:17:52.324-0300] {processor.py:157} INFO - Started process (PID=60077) to work on /mnt/c/Users/arcan/Documents/airflow/.venv/lib/python3.10/site-packages/airflow/example_dags/example_branch_labels.py
[2025-06-16T22:17:52.326-0300] {processor.py:829} INFO - Processing file /mnt/c/Users/arcan/Documents/airflow/.venv/lib/python3.10/site-packages/airflow/example_dags/example_branch_labels.py for tasks to queue
[2025-06-16T22:17:52.329-0300] {logging_mixin.py:154} INFO - [2025-06-16T22:17:52.328-0300] {dagbag.py:536} INFO - Filling up the DagBag from /mnt/c/Users/arcan/Documents/airflow/.venv/lib/python3.10/site-packages/airflow/example_dags/example_branch_labels.py
[2025-06-16T22:17:52.389-0300] {processor.py:839} INFO - DAG(s) dict_keys(['example_branch_labels']) retrieved from /mnt/c/Users/arcan/Documents/airflow/.venv/lib/python3.10/site-packages/airflow/example_dags/example_branch_labels.py
[2025-06-16T22:17:52.441-0300] {logging_mixin.py:154} INFO - [2025-06-16T22:17:52.440-0300] {dag.py:2941} INFO - Sync 1 DAGs
[2025-06-16T22:17:52.482-0300] {logging_mixin.py:154} INFO - [2025-06-16T22:17:52.482-0300] {dag.py:3722} INFO - Setting next_dagrun for example_branch_labels to 2025-06-16T00:00:00+00:00, run_after=2025-06-17T00:00:00+00:00
[2025-06-16T22:17:52.621-0300] {processor.py:179} INFO - Processing /mnt/c/Users/arcan/Documents/airflow/.venv/lib/python3.10/site-packages/airflow/example_dags/example_branch_labels.py took 0.303 seconds
[2025-06-16T22:19:19.711-0300] {processor.py:157} INFO - Started process (PID=60330) to work on /mnt/c/Users/arcan/Documents/airflow/.venv/lib/python3.10/site-packages/airflow/example_dags/example_branch_labels.py
[2025-06-16T22:19:19.713-0300] {processor.py:829} INFO - Processing file /mnt/c/Users/arcan/Documents/airflow/.venv/lib/python3.10/site-packages/airflow/example_dags/example_branch_labels.py for tasks to queue
[2025-06-16T22:19:19.717-0300] {logging_mixin.py:154} INFO - [2025-06-16T22:19:19.715-0300] {dagbag.py:536} INFO - Filling up the DagBag from /mnt/c/Users/arcan/Documents/airflow/.venv/lib/python3.10/site-packages/airflow/example_dags/example_branch_labels.py
[2025-06-16T22:19:19.786-0300] {processor.py:839} INFO - DAG(s) dict_keys(['example_branch_labels']) retrieved from /mnt/c/Users/arcan/Documents/airflow/.venv/lib/python3.10/site-packages/airflow/example_dags/example_branch_labels.py
[2025-06-16T22:19:19.851-0300] {logging_mixin.py:154} INFO - [2025-06-16T22:19:19.851-0300] {dag.py:2941} INFO - Sync 1 DAGs
[2025-06-16T22:19:19.897-0300] {logging_mixin.py:154} INFO - [2025-06-16T22:19:19.897-0300] {dag.py:3722} INFO - Setting next_dagrun for example_branch_labels to 2025-06-16T00:00:00+00:00, run_after=2025-06-17T00:00:00+00:00
[2025-06-16T22:19:20.016-0300] {processor.py:179} INFO - Processing /mnt/c/Users/arcan/Documents/airflow/.venv/lib/python3.10/site-packages/airflow/example_dags/example_branch_labels.py took 0.314 seconds
[2025-06-16T22:20:44.097-0300] {processor.py:157} INFO - Started process (PID=60573) to work on /mnt/c/Users/arcan/Documents/airflow/.venv/lib/python3.10/site-packages/airflow/example_dags/example_branch_labels.py
[2025-06-16T22:20:44.100-0300] {processor.py:829} INFO - Processing file /mnt/c/Users/arcan/Documents/airflow/.venv/lib/python3.10/site-packages/airflow/example_dags/example_branch_labels.py for tasks to queue
[2025-06-16T22:20:44.102-0300] {logging_mixin.py:154} INFO - [2025-06-16T22:20:44.101-0300] {dagbag.py:536} INFO - Filling up the DagBag from /mnt/c/Users/arcan/Documents/airflow/.venv/lib/python3.10/site-packages/airflow/example_dags/example_branch_labels.py
[2025-06-16T22:20:44.175-0300] {processor.py:839} INFO - DAG(s) dict_keys(['example_branch_labels']) retrieved from /mnt/c/Users/arcan/Documents/airflow/.venv/lib/python3.10/site-packages/airflow/example_dags/example_branch_labels.py
[2025-06-16T22:20:44.243-0300] {logging_mixin.py:154} INFO - [2025-06-16T22:20:44.242-0300] {dag.py:2941} INFO - Sync 1 DAGs
[2025-06-16T22:20:44.303-0300] {logging_mixin.py:154} INFO - [2025-06-16T22:20:44.302-0300] {dag.py:3722} INFO - Setting next_dagrun for example_branch_labels to 2025-06-16T00:00:00+00:00, run_after=2025-06-17T00:00:00+00:00
[2025-06-16T22:20:44.466-0300] {processor.py:179} INFO - Processing /mnt/c/Users/arcan/Documents/airflow/.venv/lib/python3.10/site-packages/airflow/example_dags/example_branch_labels.py took 0.377 seconds
[2025-06-16T22:22:05.248-0300] {processor.py:157} INFO - Started process (PID=60800) to work on /mnt/c/Users/arcan/Documents/airflow/.venv/lib/python3.10/site-packages/airflow/example_dags/example_branch_labels.py
[2025-06-16T22:22:05.250-0300] {processor.py:829} INFO - Processing file /mnt/c/Users/arcan/Documents/airflow/.venv/lib/python3.10/site-packages/airflow/example_dags/example_branch_labels.py for tasks to queue
[2025-06-16T22:22:05.253-0300] {logging_mixin.py:154} INFO - [2025-06-16T22:22:05.252-0300] {dagbag.py:536} INFO - Filling up the DagBag from /mnt/c/Users/arcan/Documents/airflow/.venv/lib/python3.10/site-packages/airflow/example_dags/example_branch_labels.py
[2025-06-16T22:22:05.324-0300] {processor.py:839} INFO - DAG(s) dict_keys(['example_branch_labels']) retrieved from /mnt/c/Users/arcan/Documents/airflow/.venv/lib/python3.10/site-packages/airflow/example_dags/example_branch_labels.py
[2025-06-16T22:22:05.384-0300] {logging_mixin.py:154} INFO - [2025-06-16T22:22:05.384-0300] {dag.py:2941} INFO - Sync 1 DAGs
[2025-06-16T22:22:05.431-0300] {logging_mixin.py:154} INFO - [2025-06-16T22:22:05.430-0300] {dag.py:3722} INFO - Setting next_dagrun for example_branch_labels to 2025-06-16T00:00:00+00:00, run_after=2025-06-17T00:00:00+00:00
[2025-06-16T22:22:05.596-0300] {processor.py:179} INFO - Processing /mnt/c/Users/arcan/Documents/airflow/.venv/lib/python3.10/site-packages/airflow/example_dags/example_branch_labels.py took 0.355 seconds
[2025-06-16T22:23:30.623-0300] {processor.py:157} INFO - Started process (PID=61042) to work on /mnt/c/Users/arcan/Documents/airflow/.venv/lib/python3.10/site-packages/airflow/example_dags/example_branch_labels.py
[2025-06-16T22:23:30.627-0300] {processor.py:829} INFO - Processing file /mnt/c/Users/arcan/Documents/airflow/.venv/lib/python3.10/site-packages/airflow/example_dags/example_branch_labels.py for tasks to queue
[2025-06-16T22:23:30.629-0300] {logging_mixin.py:154} INFO - [2025-06-16T22:23:30.628-0300] {dagbag.py:536} INFO - Filling up the DagBag from /mnt/c/Users/arcan/Documents/airflow/.venv/lib/python3.10/site-packages/airflow/example_dags/example_branch_labels.py
[2025-06-16T22:23:30.679-0300] {processor.py:839} INFO - DAG(s) dict_keys(['example_branch_labels']) retrieved from /mnt/c/Users/arcan/Documents/airflow/.venv/lib/python3.10/site-packages/airflow/example_dags/example_branch_labels.py
[2025-06-16T22:23:30.727-0300] {logging_mixin.py:154} INFO - [2025-06-16T22:23:30.727-0300] {dag.py:2941} INFO - Sync 1 DAGs
[2025-06-16T22:23:30.765-0300] {logging_mixin.py:154} INFO - [2025-06-16T22:23:30.765-0300] {dag.py:3722} INFO - Setting next_dagrun for example_branch_labels to 2025-06-16T00:00:00+00:00, run_after=2025-06-17T00:00:00+00:00
[2025-06-16T22:23:30.862-0300] {processor.py:179} INFO - Processing /mnt/c/Users/arcan/Documents/airflow/.venv/lib/python3.10/site-packages/airflow/example_dags/example_branch_labels.py took 0.250 seconds
[2025-06-16T22:24:52.537-0300] {processor.py:157} INFO - Started process (PID=61404) to work on /mnt/c/Users/arcan/Documents/airflow/.venv/lib/python3.10/site-packages/airflow/example_dags/example_branch_labels.py
[2025-06-16T22:24:52.539-0300] {processor.py:829} INFO - Processing file /mnt/c/Users/arcan/Documents/airflow/.venv/lib/python3.10/site-packages/airflow/example_dags/example_branch_labels.py for tasks to queue
[2025-06-16T22:24:52.541-0300] {logging_mixin.py:154} INFO - [2025-06-16T22:24:52.540-0300] {dagbag.py:536} INFO - Filling up the DagBag from /mnt/c/Users/arcan/Documents/airflow/.venv/lib/python3.10/site-packages/airflow/example_dags/example_branch_labels.py
[2025-06-16T22:24:52.607-0300] {processor.py:839} INFO - DAG(s) dict_keys(['example_branch_labels']) retrieved from /mnt/c/Users/arcan/Documents/airflow/.venv/lib/python3.10/site-packages/airflow/example_dags/example_branch_labels.py
[2025-06-16T22:24:52.663-0300] {logging_mixin.py:154} INFO - [2025-06-16T22:24:52.662-0300] {dag.py:2941} INFO - Sync 1 DAGs
[2025-06-16T22:24:52.704-0300] {logging_mixin.py:154} INFO - [2025-06-16T22:24:52.704-0300] {dag.py:3722} INFO - Setting next_dagrun for example_branch_labels to 2025-06-16T00:00:00+00:00, run_after=2025-06-17T00:00:00+00:00
[2025-06-16T22:24:52.855-0300] {processor.py:179} INFO - Processing /mnt/c/Users/arcan/Documents/airflow/.venv/lib/python3.10/site-packages/airflow/example_dags/example_branch_labels.py took 0.325 seconds
[2025-06-16T22:26:12.011-0300] {processor.py:157} INFO - Started process (PID=61630) to work on /mnt/c/Users/arcan/Documents/airflow/.venv/lib/python3.10/site-packages/airflow/example_dags/example_branch_labels.py
[2025-06-16T22:26:12.014-0300] {processor.py:829} INFO - Processing file /mnt/c/Users/arcan/Documents/airflow/.venv/lib/python3.10/site-packages/airflow/example_dags/example_branch_labels.py for tasks to queue
[2025-06-16T22:26:12.017-0300] {logging_mixin.py:154} INFO - [2025-06-16T22:26:12.016-0300] {dagbag.py:536} INFO - Filling up the DagBag from /mnt/c/Users/arcan/Documents/airflow/.venv/lib/python3.10/site-packages/airflow/example_dags/example_branch_labels.py
[2025-06-16T22:26:12.086-0300] {processor.py:839} INFO - DAG(s) dict_keys(['example_branch_labels']) retrieved from /mnt/c/Users/arcan/Documents/airflow/.venv/lib/python3.10/site-packages/airflow/example_dags/example_branch_labels.py
[2025-06-16T22:26:12.143-0300] {logging_mixin.py:154} INFO - [2025-06-16T22:26:12.143-0300] {dag.py:2941} INFO - Sync 1 DAGs
[2025-06-16T22:26:12.183-0300] {logging_mixin.py:154} INFO - [2025-06-16T22:26:12.182-0300] {dag.py:3722} INFO - Setting next_dagrun for example_branch_labels to 2025-06-16T00:00:00+00:00, run_after=2025-06-17T00:00:00+00:00
[2025-06-16T22:26:12.313-0300] {processor.py:179} INFO - Processing /mnt/c/Users/arcan/Documents/airflow/.venv/lib/python3.10/site-packages/airflow/example_dags/example_branch_labels.py took 0.308 seconds
[2025-06-16T22:27:31.246-0300] {processor.py:157} INFO - Started process (PID=61860) to work on /mnt/c/Users/arcan/Documents/airflow/.venv/lib/python3.10/site-packages/airflow/example_dags/example_branch_labels.py
[2025-06-16T22:27:31.249-0300] {processor.py:829} INFO - Processing file /mnt/c/Users/arcan/Documents/airflow/.venv/lib/python3.10/site-packages/airflow/example_dags/example_branch_labels.py for tasks to queue
[2025-06-16T22:27:31.251-0300] {logging_mixin.py:154} INFO - [2025-06-16T22:27:31.250-0300] {dagbag.py:536} INFO - Filling up the DagBag from /mnt/c/Users/arcan/Documents/airflow/.venv/lib/python3.10/site-packages/airflow/example_dags/example_branch_labels.py
[2025-06-16T22:27:31.312-0300] {processor.py:839} INFO - DAG(s) dict_keys(['example_branch_labels']) retrieved from /mnt/c/Users/arcan/Documents/airflow/.venv/lib/python3.10/site-packages/airflow/example_dags/example_branch_labels.py
[2025-06-16T22:27:31.369-0300] {logging_mixin.py:154} INFO - [2025-06-16T22:27:31.369-0300] {dag.py:2941} INFO - Sync 1 DAGs
[2025-06-16T22:27:31.415-0300] {logging_mixin.py:154} INFO - [2025-06-16T22:27:31.415-0300] {dag.py:3722} INFO - Setting next_dagrun for example_branch_labels to 2025-06-16T00:00:00+00:00, run_after=2025-06-17T00:00:00+00:00
[2025-06-16T22:27:31.548-0300] {processor.py:179} INFO - Processing /mnt/c/Users/arcan/Documents/airflow/.venv/lib/python3.10/site-packages/airflow/example_dags/example_branch_labels.py took 0.310 seconds
[2025-06-16T22:28:49.499-0300] {processor.py:157} INFO - Started process (PID=62086) to work on /mnt/c/Users/arcan/Documents/airflow/.venv/lib/python3.10/site-packages/airflow/example_dags/example_branch_labels.py
[2025-06-16T22:28:49.503-0300] {processor.py:829} INFO - Processing file /mnt/c/Users/arcan/Documents/airflow/.venv/lib/python3.10/site-packages/airflow/example_dags/example_branch_labels.py for tasks to queue
[2025-06-16T22:28:49.506-0300] {logging_mixin.py:154} INFO - [2025-06-16T22:28:49.505-0300] {dagbag.py:536} INFO - Filling up the DagBag from /mnt/c/Users/arcan/Documents/airflow/.venv/lib/python3.10/site-packages/airflow/example_dags/example_branch_labels.py
[2025-06-16T22:28:49.579-0300] {processor.py:839} INFO - DAG(s) dict_keys(['example_branch_labels']) retrieved from /mnt/c/Users/arcan/Documents/airflow/.venv/lib/python3.10/site-packages/airflow/example_dags/example_branch_labels.py
[2025-06-16T22:28:49.639-0300] {logging_mixin.py:154} INFO - [2025-06-16T22:28:49.639-0300] {dag.py:2941} INFO - Sync 1 DAGs
[2025-06-16T22:28:49.691-0300] {logging_mixin.py:154} INFO - [2025-06-16T22:28:49.690-0300] {dag.py:3722} INFO - Setting next_dagrun for example_branch_labels to 2025-06-16T00:00:00+00:00, run_after=2025-06-17T00:00:00+00:00
[2025-06-16T22:28:49.837-0300] {processor.py:179} INFO - Processing /mnt/c/Users/arcan/Documents/airflow/.venv/lib/python3.10/site-packages/airflow/example_dags/example_branch_labels.py took 0.344 seconds
[2025-06-16T22:30:10.190-0300] {processor.py:157} INFO - Started process (PID=62317) to work on /mnt/c/Users/arcan/Documents/airflow/.venv/lib/python3.10/site-packages/airflow/example_dags/example_branch_labels.py
[2025-06-16T22:30:10.192-0300] {processor.py:829} INFO - Processing file /mnt/c/Users/arcan/Documents/airflow/.venv/lib/python3.10/site-packages/airflow/example_dags/example_branch_labels.py for tasks to queue
[2025-06-16T22:30:10.195-0300] {logging_mixin.py:154} INFO - [2025-06-16T22:30:10.194-0300] {dagbag.py:536} INFO - Filling up the DagBag from /mnt/c/Users/arcan/Documents/airflow/.venv/lib/python3.10/site-packages/airflow/example_dags/example_branch_labels.py
[2025-06-16T22:30:10.260-0300] {processor.py:839} INFO - DAG(s) dict_keys(['example_branch_labels']) retrieved from /mnt/c/Users/arcan/Documents/airflow/.venv/lib/python3.10/site-packages/airflow/example_dags/example_branch_labels.py
[2025-06-16T22:30:10.321-0300] {logging_mixin.py:154} INFO - [2025-06-16T22:30:10.321-0300] {dag.py:2941} INFO - Sync 1 DAGs
[2025-06-16T22:30:10.367-0300] {logging_mixin.py:154} INFO - [2025-06-16T22:30:10.367-0300] {dag.py:3722} INFO - Setting next_dagrun for example_branch_labels to 2025-06-16T00:00:00+00:00, run_after=2025-06-17T00:00:00+00:00
[2025-06-16T22:30:10.524-0300] {processor.py:179} INFO - Processing /mnt/c/Users/arcan/Documents/airflow/.venv/lib/python3.10/site-packages/airflow/example_dags/example_branch_labels.py took 0.343 seconds
[2025-06-16T22:31:24.933-0300] {processor.py:157} INFO - Started process (PID=62532) to work on /mnt/c/Users/arcan/Documents/airflow/.venv/lib/python3.10/site-packages/airflow/example_dags/example_branch_labels.py
[2025-06-16T22:31:24.935-0300] {processor.py:829} INFO - Processing file /mnt/c/Users/arcan/Documents/airflow/.venv/lib/python3.10/site-packages/airflow/example_dags/example_branch_labels.py for tasks to queue
[2025-06-16T22:31:24.938-0300] {logging_mixin.py:154} INFO - [2025-06-16T22:31:24.937-0300] {dagbag.py:536} INFO - Filling up the DagBag from /mnt/c/Users/arcan/Documents/airflow/.venv/lib/python3.10/site-packages/airflow/example_dags/example_branch_labels.py
[2025-06-16T22:31:25.001-0300] {processor.py:839} INFO - DAG(s) dict_keys(['example_branch_labels']) retrieved from /mnt/c/Users/arcan/Documents/airflow/.venv/lib/python3.10/site-packages/airflow/example_dags/example_branch_labels.py
[2025-06-16T22:31:25.068-0300] {logging_mixin.py:154} INFO - [2025-06-16T22:31:25.067-0300] {dag.py:2941} INFO - Sync 1 DAGs
[2025-06-16T22:31:25.127-0300] {logging_mixin.py:154} INFO - [2025-06-16T22:31:25.127-0300] {dag.py:3722} INFO - Setting next_dagrun for example_branch_labels to 2025-06-16T00:00:00+00:00, run_after=2025-06-17T00:00:00+00:00
[2025-06-16T22:31:25.289-0300] {processor.py:179} INFO - Processing /mnt/c/Users/arcan/Documents/airflow/.venv/lib/python3.10/site-packages/airflow/example_dags/example_branch_labels.py took 0.364 seconds
[2025-06-16T22:33:06.095-0300] {processor.py:157} INFO - Started process (PID=62902) to work on /mnt/c/Users/arcan/Documents/airflow/.venv/lib/python3.10/site-packages/airflow/example_dags/example_branch_labels.py
[2025-06-16T22:33:06.099-0300] {processor.py:829} INFO - Processing file /mnt/c/Users/arcan/Documents/airflow/.venv/lib/python3.10/site-packages/airflow/example_dags/example_branch_labels.py for tasks to queue
[2025-06-16T22:33:06.102-0300] {logging_mixin.py:154} INFO - [2025-06-16T22:33:06.101-0300] {dagbag.py:536} INFO - Filling up the DagBag from /mnt/c/Users/arcan/Documents/airflow/.venv/lib/python3.10/site-packages/airflow/example_dags/example_branch_labels.py
[2025-06-16T22:33:06.263-0300] {processor.py:839} INFO - DAG(s) dict_keys(['example_branch_labels']) retrieved from /mnt/c/Users/arcan/Documents/airflow/.venv/lib/python3.10/site-packages/airflow/example_dags/example_branch_labels.py
[2025-06-16T22:33:06.322-0300] {logging_mixin.py:154} INFO - [2025-06-16T22:33:06.321-0300] {dag.py:2941} INFO - Sync 1 DAGs
[2025-06-16T22:33:06.362-0300] {logging_mixin.py:154} INFO - [2025-06-16T22:33:06.361-0300] {dag.py:3722} INFO - Setting next_dagrun for example_branch_labels to 2025-06-16T00:00:00+00:00, run_after=2025-06-17T00:00:00+00:00
[2025-06-16T22:33:06.491-0300] {processor.py:179} INFO - Processing /mnt/c/Users/arcan/Documents/airflow/.venv/lib/python3.10/site-packages/airflow/example_dags/example_branch_labels.py took 0.412 seconds
[2025-06-17T20:51:21.540-0300] {processor.py:157} INFO - Started process (PID=63695) to work on /mnt/c/Users/arcan/Documents/airflow/.venv/lib/python3.10/site-packages/airflow/example_dags/example_branch_labels.py
[2025-06-17T20:51:21.543-0300] {processor.py:829} INFO - Processing file /mnt/c/Users/arcan/Documents/airflow/.venv/lib/python3.10/site-packages/airflow/example_dags/example_branch_labels.py for tasks to queue
[2025-06-17T20:51:21.546-0300] {logging_mixin.py:154} INFO - [2025-06-17T20:51:21.544-0300] {dagbag.py:536} INFO - Filling up the DagBag from /mnt/c/Users/arcan/Documents/airflow/.venv/lib/python3.10/site-packages/airflow/example_dags/example_branch_labels.py
[2025-06-17T20:51:21.615-0300] {processor.py:839} INFO - DAG(s) dict_keys(['example_branch_labels']) retrieved from /mnt/c/Users/arcan/Documents/airflow/.venv/lib/python3.10/site-packages/airflow/example_dags/example_branch_labels.py
[2025-06-17T20:51:21.688-0300] {logging_mixin.py:154} INFO - [2025-06-17T20:51:21.687-0300] {dag.py:2941} INFO - Sync 1 DAGs
[2025-06-17T20:51:21.734-0300] {logging_mixin.py:154} INFO - [2025-06-17T20:51:21.734-0300] {dag.py:3722} INFO - Setting next_dagrun for example_branch_labels to 2025-06-16T00:00:00+00:00, run_after=2025-06-17T00:00:00+00:00
[2025-06-17T20:51:21.879-0300] {processor.py:179} INFO - Processing /mnt/c/Users/arcan/Documents/airflow/.venv/lib/python3.10/site-packages/airflow/example_dags/example_branch_labels.py took 0.346 seconds
[2025-06-17T20:52:45.884-0300] {processor.py:157} INFO - Started process (PID=63928) to work on /mnt/c/Users/arcan/Documents/airflow/.venv/lib/python3.10/site-packages/airflow/example_dags/example_branch_labels.py
[2025-06-17T20:52:45.886-0300] {processor.py:829} INFO - Processing file /mnt/c/Users/arcan/Documents/airflow/.venv/lib/python3.10/site-packages/airflow/example_dags/example_branch_labels.py for tasks to queue
[2025-06-17T20:52:45.888-0300] {logging_mixin.py:154} INFO - [2025-06-17T20:52:45.887-0300] {dagbag.py:536} INFO - Filling up the DagBag from /mnt/c/Users/arcan/Documents/airflow/.venv/lib/python3.10/site-packages/airflow/example_dags/example_branch_labels.py
[2025-06-17T20:52:45.958-0300] {processor.py:839} INFO - DAG(s) dict_keys(['example_branch_labels']) retrieved from /mnt/c/Users/arcan/Documents/airflow/.venv/lib/python3.10/site-packages/airflow/example_dags/example_branch_labels.py
[2025-06-17T20:52:46.041-0300] {logging_mixin.py:154} INFO - [2025-06-17T20:52:46.041-0300] {dag.py:2941} INFO - Sync 1 DAGs
[2025-06-17T20:52:46.109-0300] {logging_mixin.py:154} INFO - [2025-06-17T20:52:46.108-0300] {dag.py:3722} INFO - Setting next_dagrun for example_branch_labels to 2025-06-16T00:00:00+00:00, run_after=2025-06-17T00:00:00+00:00
[2025-06-17T20:52:46.231-0300] {processor.py:179} INFO - Processing /mnt/c/Users/arcan/Documents/airflow/.venv/lib/python3.10/site-packages/airflow/example_dags/example_branch_labels.py took 0.353 seconds
[2025-06-17T20:54:04.847-0300] {processor.py:157} INFO - Started process (PID=64278) to work on /mnt/c/Users/arcan/Documents/airflow/.venv/lib/python3.10/site-packages/airflow/example_dags/example_branch_labels.py
[2025-06-17T20:54:04.849-0300] {processor.py:829} INFO - Processing file /mnt/c/Users/arcan/Documents/airflow/.venv/lib/python3.10/site-packages/airflow/example_dags/example_branch_labels.py for tasks to queue
[2025-06-17T20:54:04.852-0300] {logging_mixin.py:154} INFO - [2025-06-17T20:54:04.851-0300] {dagbag.py:536} INFO - Filling up the DagBag from /mnt/c/Users/arcan/Documents/airflow/.venv/lib/python3.10/site-packages/airflow/example_dags/example_branch_labels.py
[2025-06-17T20:54:04.898-0300] {processor.py:839} INFO - DAG(s) dict_keys(['example_branch_labels']) retrieved from /mnt/c/Users/arcan/Documents/airflow/.venv/lib/python3.10/site-packages/airflow/example_dags/example_branch_labels.py
[2025-06-17T20:54:04.947-0300] {logging_mixin.py:154} INFO - [2025-06-17T20:54:04.947-0300] {dag.py:2941} INFO - Sync 1 DAGs
[2025-06-17T20:54:04.986-0300] {logging_mixin.py:154} INFO - [2025-06-17T20:54:04.986-0300] {dag.py:3722} INFO - Setting next_dagrun for example_branch_labels to 2025-06-16T00:00:00+00:00, run_after=2025-06-17T00:00:00+00:00
[2025-06-17T20:54:05.111-0300] {processor.py:179} INFO - Processing /mnt/c/Users/arcan/Documents/airflow/.venv/lib/python3.10/site-packages/airflow/example_dags/example_branch_labels.py took 0.271 seconds
[2025-06-17T20:55:13.606-0300] {processor.py:157} INFO - Started process (PID=64479) to work on /mnt/c/Users/arcan/Documents/airflow/.venv/lib/python3.10/site-packages/airflow/example_dags/example_branch_labels.py
[2025-06-17T20:55:13.608-0300] {processor.py:829} INFO - Processing file /mnt/c/Users/arcan/Documents/airflow/.venv/lib/python3.10/site-packages/airflow/example_dags/example_branch_labels.py for tasks to queue
[2025-06-17T20:55:13.610-0300] {logging_mixin.py:154} INFO - [2025-06-17T20:55:13.609-0300] {dagbag.py:536} INFO - Filling up the DagBag from /mnt/c/Users/arcan/Documents/airflow/.venv/lib/python3.10/site-packages/airflow/example_dags/example_branch_labels.py
[2025-06-17T20:55:13.652-0300] {processor.py:839} INFO - DAG(s) dict_keys(['example_branch_labels']) retrieved from /mnt/c/Users/arcan/Documents/airflow/.venv/lib/python3.10/site-packages/airflow/example_dags/example_branch_labels.py
[2025-06-17T20:55:13.696-0300] {logging_mixin.py:154} INFO - [2025-06-17T20:55:13.696-0300] {dag.py:2941} INFO - Sync 1 DAGs
[2025-06-17T20:55:13.726-0300] {logging_mixin.py:154} INFO - [2025-06-17T20:55:13.726-0300] {dag.py:3722} INFO - Setting next_dagrun for example_branch_labels to 2025-06-16T00:00:00+00:00, run_after=2025-06-17T00:00:00+00:00
[2025-06-17T20:55:13.829-0300] {processor.py:179} INFO - Processing /mnt/c/Users/arcan/Documents/airflow/.venv/lib/python3.10/site-packages/airflow/example_dags/example_branch_labels.py took 0.227 seconds
