[2025-06-16T22:03:54.365-0300] {processor.py:157} INFO - Started process (PID=57303) to work on /mnt/c/Users/arcan/Documents/airflow/.venv/lib/python3.10/site-packages/airflow/example_dags/example_setup_teardown.py
[2025-06-16T22:03:54.368-0300] {processor.py:829} INFO - Processing file /mnt/c/Users/arcan/Documents/airflow/.venv/lib/python3.10/site-packages/airflow/example_dags/example_setup_teardown.py for tasks to queue
[2025-06-16T22:03:54.370-0300] {logging_mixin.py:154} INFO - [2025-06-16T22:03:54.369-0300] {dagbag.py:536} INFO - Filling up the DagBag from /mnt/c/Users/arcan/Documents/airflow/.venv/lib/python3.10/site-packages/airflow/example_dags/example_setup_teardown.py
[2025-06-16T22:03:54.446-0300] {processor.py:839} INFO - DAG(s) dict_keys(['example_setup_teardown']) retrieved from /mnt/c/Users/arcan/Documents/airflow/.venv/lib/python3.10/site-packages/airflow/example_dags/example_setup_teardown.py
[2025-06-16T22:03:54.508-0300] {logging_mixin.py:154} INFO - [2025-06-16T22:03:54.508-0300] {dag.py:2941} INFO - Sync 1 DAGs
[2025-06-16T22:03:54.551-0300] {logging_mixin.py:154} INFO - [2025-06-16T22:03:54.550-0300] {dag.py:3722} INFO - Setting next_dagrun for example_setup_teardown to 2025-06-16T01:03:54.550509+00:00, run_after=2025-06-17T01:03:54.550509+00:00
[2025-06-16T22:03:54.673-0300] {processor.py:179} INFO - Processing /mnt/c/Users/arcan/Documents/airflow/.venv/lib/python3.10/site-packages/airflow/example_dags/example_setup_teardown.py took 0.325 seconds
[2025-06-16T22:05:06.829-0300] {processor.py:157} INFO - Started process (PID=57548) to work on /mnt/c/Users/arcan/Documents/airflow/.venv/lib/python3.10/site-packages/airflow/example_dags/example_setup_teardown.py
[2025-06-16T22:05:06.832-0300] {processor.py:829} INFO - Processing file /mnt/c/Users/arcan/Documents/airflow/.venv/lib/python3.10/site-packages/airflow/example_dags/example_setup_teardown.py for tasks to queue
[2025-06-16T22:05:06.835-0300] {logging_mixin.py:154} INFO - [2025-06-16T22:05:06.833-0300] {dagbag.py:536} INFO - Filling up the DagBag from /mnt/c/Users/arcan/Documents/airflow/.venv/lib/python3.10/site-packages/airflow/example_dags/example_setup_teardown.py
[2025-06-16T22:05:06.879-0300] {processor.py:839} INFO - DAG(s) dict_keys(['example_setup_teardown']) retrieved from /mnt/c/Users/arcan/Documents/airflow/.venv/lib/python3.10/site-packages/airflow/example_dags/example_setup_teardown.py
[2025-06-16T22:05:06.935-0300] {logging_mixin.py:154} INFO - [2025-06-16T22:05:06.935-0300] {dag.py:2941} INFO - Sync 1 DAGs
[2025-06-16T22:05:06.977-0300] {logging_mixin.py:154} INFO - [2025-06-16T22:05:06.977-0300] {dag.py:3722} INFO - Setting next_dagrun for example_setup_teardown to 2025-06-16T01:05:06.977032+00:00, run_after=2025-06-17T01:05:06.977032+00:00
[2025-06-16T22:05:07.098-0300] {processor.py:179} INFO - Processing /mnt/c/Users/arcan/Documents/airflow/.venv/lib/python3.10/site-packages/airflow/example_dags/example_setup_teardown.py took 0.276 seconds
[2025-06-16T22:06:18.919-0300] {processor.py:157} INFO - Started process (PID=57759) to work on /mnt/c/Users/arcan/Documents/airflow/.venv/lib/python3.10/site-packages/airflow/example_dags/example_setup_teardown.py
[2025-06-16T22:06:18.922-0300] {processor.py:829} INFO - Processing file /mnt/c/Users/arcan/Documents/airflow/.venv/lib/python3.10/site-packages/airflow/example_dags/example_setup_teardown.py for tasks to queue
[2025-06-16T22:06:18.925-0300] {logging_mixin.py:154} INFO - [2025-06-16T22:06:18.924-0300] {dagbag.py:536} INFO - Filling up the DagBag from /mnt/c/Users/arcan/Documents/airflow/.venv/lib/python3.10/site-packages/airflow/example_dags/example_setup_teardown.py
[2025-06-16T22:06:18.981-0300] {processor.py:839} INFO - DAG(s) dict_keys(['example_setup_teardown']) retrieved from /mnt/c/Users/arcan/Documents/airflow/.venv/lib/python3.10/site-packages/airflow/example_dags/example_setup_teardown.py
[2025-06-16T22:06:19.042-0300] {logging_mixin.py:154} INFO - [2025-06-16T22:06:19.041-0300] {dag.py:2941} INFO - Sync 1 DAGs
[2025-06-16T22:06:19.085-0300] {logging_mixin.py:154} INFO - [2025-06-16T22:06:19.084-0300] {dag.py:3722} INFO - Setting next_dagrun for example_setup_teardown to 2025-06-16T01:06:19.084420+00:00, run_after=2025-06-17T01:06:19.084420+00:00
[2025-06-16T22:06:19.230-0300] {processor.py:179} INFO - Processing /mnt/c/Users/arcan/Documents/airflow/.venv/lib/python3.10/site-packages/airflow/example_dags/example_setup_teardown.py took 0.322 seconds
[2025-06-16T22:07:30.898-0300] {processor.py:157} INFO - Started process (PID=57972) to work on /mnt/c/Users/arcan/Documents/airflow/.venv/lib/python3.10/site-packages/airflow/example_dags/example_setup_teardown.py
[2025-06-16T22:07:30.901-0300] {processor.py:829} INFO - Processing file /mnt/c/Users/arcan/Documents/airflow/.venv/lib/python3.10/site-packages/airflow/example_dags/example_setup_teardown.py for tasks to queue
[2025-06-16T22:07:30.904-0300] {logging_mixin.py:154} INFO - [2025-06-16T22:07:30.903-0300] {dagbag.py:536} INFO - Filling up the DagBag from /mnt/c/Users/arcan/Documents/airflow/.venv/lib/python3.10/site-packages/airflow/example_dags/example_setup_teardown.py
[2025-06-16T22:07:30.945-0300] {processor.py:839} INFO - DAG(s) dict_keys(['example_setup_teardown']) retrieved from /mnt/c/Users/arcan/Documents/airflow/.venv/lib/python3.10/site-packages/airflow/example_dags/example_setup_teardown.py
[2025-06-16T22:07:31.000-0300] {logging_mixin.py:154} INFO - [2025-06-16T22:07:31.000-0300] {dag.py:2941} INFO - Sync 1 DAGs
[2025-06-16T22:07:31.036-0300] {logging_mixin.py:154} INFO - [2025-06-16T22:07:31.036-0300] {dag.py:3722} INFO - Setting next_dagrun for example_setup_teardown to 2025-06-16T01:07:31.036445+00:00, run_after=2025-06-17T01:07:31.036445+00:00
[2025-06-16T22:07:31.145-0300] {processor.py:179} INFO - Processing /mnt/c/Users/arcan/Documents/airflow/.venv/lib/python3.10/site-packages/airflow/example_dags/example_setup_teardown.py took 0.254 seconds
[2025-06-16T22:08:46.458-0300] {processor.py:157} INFO - Started process (PID=58317) to work on /mnt/c/Users/arcan/Documents/airflow/.venv/lib/python3.10/site-packages/airflow/example_dags/example_setup_teardown.py
[2025-06-16T22:08:46.459-0300] {processor.py:829} INFO - Processing file /mnt/c/Users/arcan/Documents/airflow/.venv/lib/python3.10/site-packages/airflow/example_dags/example_setup_teardown.py for tasks to queue
[2025-06-16T22:08:46.461-0300] {logging_mixin.py:154} INFO - [2025-06-16T22:08:46.460-0300] {dagbag.py:536} INFO - Filling up the DagBag from /mnt/c/Users/arcan/Documents/airflow/.venv/lib/python3.10/site-packages/airflow/example_dags/example_setup_teardown.py
[2025-06-16T22:08:46.491-0300] {processor.py:839} INFO - DAG(s) dict_keys(['example_setup_teardown']) retrieved from /mnt/c/Users/arcan/Documents/airflow/.venv/lib/python3.10/site-packages/airflow/example_dags/example_setup_teardown.py
[2025-06-16T22:08:46.529-0300] {logging_mixin.py:154} INFO - [2025-06-16T22:08:46.529-0300] {dag.py:2941} INFO - Sync 1 DAGs
[2025-06-16T22:08:46.581-0300] {logging_mixin.py:154} INFO - [2025-06-16T22:08:46.581-0300] {dag.py:3722} INFO - Setting next_dagrun for example_setup_teardown to 2025-06-16T01:08:46.580947+00:00, run_after=2025-06-17T01:08:46.580947+00:00
[2025-06-16T22:08:46.668-0300] {processor.py:179} INFO - Processing /mnt/c/Users/arcan/Documents/airflow/.venv/lib/python3.10/site-packages/airflow/example_dags/example_setup_teardown.py took 0.215 seconds
[2025-06-16T22:09:50.339-0300] {processor.py:157} INFO - Started process (PID=58511) to work on /mnt/c/Users/arcan/Documents/airflow/.venv/lib/python3.10/site-packages/airflow/example_dags/example_setup_teardown.py
[2025-06-16T22:09:50.342-0300] {processor.py:829} INFO - Processing file /mnt/c/Users/arcan/Documents/airflow/.venv/lib/python3.10/site-packages/airflow/example_dags/example_setup_teardown.py for tasks to queue
[2025-06-16T22:09:50.344-0300] {logging_mixin.py:154} INFO - [2025-06-16T22:09:50.344-0300] {dagbag.py:536} INFO - Filling up the DagBag from /mnt/c/Users/arcan/Documents/airflow/.venv/lib/python3.10/site-packages/airflow/example_dags/example_setup_teardown.py
[2025-06-16T22:09:50.385-0300] {processor.py:839} INFO - DAG(s) dict_keys(['example_setup_teardown']) retrieved from /mnt/c/Users/arcan/Documents/airflow/.venv/lib/python3.10/site-packages/airflow/example_dags/example_setup_teardown.py
[2025-06-16T22:09:50.446-0300] {logging_mixin.py:154} INFO - [2025-06-16T22:09:50.445-0300] {dag.py:2941} INFO - Sync 1 DAGs
[2025-06-16T22:09:50.495-0300] {logging_mixin.py:154} INFO - [2025-06-16T22:09:50.494-0300] {dag.py:3722} INFO - Setting next_dagrun for example_setup_teardown to 2025-06-16T01:09:50.494047+00:00, run_after=2025-06-17T01:09:50.494047+00:00
[2025-06-16T22:09:50.596-0300] {processor.py:179} INFO - Processing /mnt/c/Users/arcan/Documents/airflow/.venv/lib/python3.10/site-packages/airflow/example_dags/example_setup_teardown.py took 0.264 seconds
[2025-06-16T22:10:55.638-0300] {processor.py:157} INFO - Started process (PID=58706) to work on /mnt/c/Users/arcan/Documents/airflow/.venv/lib/python3.10/site-packages/airflow/example_dags/example_setup_teardown.py
[2025-06-16T22:10:55.640-0300] {processor.py:829} INFO - Processing file /mnt/c/Users/arcan/Documents/airflow/.venv/lib/python3.10/site-packages/airflow/example_dags/example_setup_teardown.py for tasks to queue
[2025-06-16T22:10:55.642-0300] {logging_mixin.py:154} INFO - [2025-06-16T22:10:55.641-0300] {dagbag.py:536} INFO - Filling up the DagBag from /mnt/c/Users/arcan/Documents/airflow/.venv/lib/python3.10/site-packages/airflow/example_dags/example_setup_teardown.py
[2025-06-16T22:10:55.675-0300] {processor.py:839} INFO - DAG(s) dict_keys(['example_setup_teardown']) retrieved from /mnt/c/Users/arcan/Documents/airflow/.venv/lib/python3.10/site-packages/airflow/example_dags/example_setup_teardown.py
[2025-06-16T22:10:55.719-0300] {logging_mixin.py:154} INFO - [2025-06-16T22:10:55.719-0300] {dag.py:2941} INFO - Sync 1 DAGs
[2025-06-16T22:10:55.748-0300] {logging_mixin.py:154} INFO - [2025-06-16T22:10:55.748-0300] {dag.py:3722} INFO - Setting next_dagrun for example_setup_teardown to 2025-06-16T01:10:55.748071+00:00, run_after=2025-06-17T01:10:55.748071+00:00
[2025-06-16T22:10:55.836-0300] {processor.py:179} INFO - Processing /mnt/c/Users/arcan/Documents/airflow/.venv/lib/python3.10/site-packages/airflow/example_dags/example_setup_teardown.py took 0.203 seconds
[2025-06-16T22:11:53.883-0300] {processor.py:157} INFO - Started process (PID=58883) to work on /mnt/c/Users/arcan/Documents/airflow/.venv/lib/python3.10/site-packages/airflow/example_dags/example_setup_teardown.py
[2025-06-16T22:11:53.886-0300] {processor.py:829} INFO - Processing file /mnt/c/Users/arcan/Documents/airflow/.venv/lib/python3.10/site-packages/airflow/example_dags/example_setup_teardown.py for tasks to queue
[2025-06-16T22:11:53.889-0300] {logging_mixin.py:154} INFO - [2025-06-16T22:11:53.888-0300] {dagbag.py:536} INFO - Filling up the DagBag from /mnt/c/Users/arcan/Documents/airflow/.venv/lib/python3.10/site-packages/airflow/example_dags/example_setup_teardown.py
[2025-06-16T22:11:53.933-0300] {processor.py:839} INFO - DAG(s) dict_keys(['example_setup_teardown']) retrieved from /mnt/c/Users/arcan/Documents/airflow/.venv/lib/python3.10/site-packages/airflow/example_dags/example_setup_teardown.py
[2025-06-16T22:11:53.982-0300] {logging_mixin.py:154} INFO - [2025-06-16T22:11:53.982-0300] {dag.py:2941} INFO - Sync 1 DAGs
[2025-06-16T22:11:54.017-0300] {logging_mixin.py:154} INFO - [2025-06-16T22:11:54.017-0300] {dag.py:3722} INFO - Setting next_dagrun for example_setup_teardown to 2025-06-16T01:11:54.017381+00:00, run_after=2025-06-17T01:11:54.017381+00:00
[2025-06-16T22:11:54.117-0300] {processor.py:179} INFO - Processing /mnt/c/Users/arcan/Documents/airflow/.venv/lib/python3.10/site-packages/airflow/example_dags/example_setup_teardown.py took 0.241 seconds
[2025-06-16T22:12:52.749-0300] {processor.py:157} INFO - Started process (PID=59058) to work on /mnt/c/Users/arcan/Documents/airflow/.venv/lib/python3.10/site-packages/airflow/example_dags/example_setup_teardown.py
[2025-06-16T22:12:52.751-0300] {processor.py:829} INFO - Processing file /mnt/c/Users/arcan/Documents/airflow/.venv/lib/python3.10/site-packages/airflow/example_dags/example_setup_teardown.py for tasks to queue
[2025-06-16T22:12:52.753-0300] {logging_mixin.py:154} INFO - [2025-06-16T22:12:52.753-0300] {dagbag.py:536} INFO - Filling up the DagBag from /mnt/c/Users/arcan/Documents/airflow/.venv/lib/python3.10/site-packages/airflow/example_dags/example_setup_teardown.py
[2025-06-16T22:12:52.785-0300] {processor.py:839} INFO - DAG(s) dict_keys(['example_setup_teardown']) retrieved from /mnt/c/Users/arcan/Documents/airflow/.venv/lib/python3.10/site-packages/airflow/example_dags/example_setup_teardown.py
[2025-06-16T22:12:52.829-0300] {logging_mixin.py:154} INFO - [2025-06-16T22:12:52.829-0300] {dag.py:2941} INFO - Sync 1 DAGs
[2025-06-16T22:12:52.861-0300] {logging_mixin.py:154} INFO - [2025-06-16T22:12:52.861-0300] {dag.py:3722} INFO - Setting next_dagrun for example_setup_teardown to 2025-06-16T01:12:52.861163+00:00, run_after=2025-06-17T01:12:52.861163+00:00
[2025-06-16T22:12:52.952-0300] {processor.py:179} INFO - Processing /mnt/c/Users/arcan/Documents/airflow/.venv/lib/python3.10/site-packages/airflow/example_dags/example_setup_teardown.py took 0.209 seconds
[2025-06-16T22:14:00.269-0300] {processor.py:157} INFO - Started process (PID=59264) to work on /mnt/c/Users/arcan/Documents/airflow/.venv/lib/python3.10/site-packages/airflow/example_dags/example_setup_teardown.py
[2025-06-16T22:14:00.271-0300] {processor.py:829} INFO - Processing file /mnt/c/Users/arcan/Documents/airflow/.venv/lib/python3.10/site-packages/airflow/example_dags/example_setup_teardown.py for tasks to queue
[2025-06-16T22:14:00.273-0300] {logging_mixin.py:154} INFO - [2025-06-16T22:14:00.272-0300] {dagbag.py:536} INFO - Filling up the DagBag from /mnt/c/Users/arcan/Documents/airflow/.venv/lib/python3.10/site-packages/airflow/example_dags/example_setup_teardown.py
[2025-06-16T22:14:00.305-0300] {processor.py:839} INFO - DAG(s) dict_keys(['example_setup_teardown']) retrieved from /mnt/c/Users/arcan/Documents/airflow/.venv/lib/python3.10/site-packages/airflow/example_dags/example_setup_teardown.py
[2025-06-16T22:14:00.350-0300] {logging_mixin.py:154} INFO - [2025-06-16T22:14:00.350-0300] {dag.py:2941} INFO - Sync 1 DAGs
[2025-06-16T22:14:00.381-0300] {logging_mixin.py:154} INFO - [2025-06-16T22:14:00.381-0300] {dag.py:3722} INFO - Setting next_dagrun for example_setup_teardown to 2025-06-16T01:14:00.381042+00:00, run_after=2025-06-17T01:14:00.381042+00:00
[2025-06-16T22:14:00.468-0300] {processor.py:179} INFO - Processing /mnt/c/Users/arcan/Documents/airflow/.venv/lib/python3.10/site-packages/airflow/example_dags/example_setup_teardown.py took 0.203 seconds
[2025-06-16T22:15:09.761-0300] {processor.py:157} INFO - Started process (PID=59470) to work on /mnt/c/Users/arcan/Documents/airflow/.venv/lib/python3.10/site-packages/airflow/example_dags/example_setup_teardown.py
[2025-06-16T22:15:09.763-0300] {processor.py:829} INFO - Processing file /mnt/c/Users/arcan/Documents/airflow/.venv/lib/python3.10/site-packages/airflow/example_dags/example_setup_teardown.py for tasks to queue
[2025-06-16T22:15:09.766-0300] {logging_mixin.py:154} INFO - [2025-06-16T22:15:09.765-0300] {dagbag.py:536} INFO - Filling up the DagBag from /mnt/c/Users/arcan/Documents/airflow/.venv/lib/python3.10/site-packages/airflow/example_dags/example_setup_teardown.py
[2025-06-16T22:15:09.802-0300] {processor.py:839} INFO - DAG(s) dict_keys(['example_setup_teardown']) retrieved from /mnt/c/Users/arcan/Documents/airflow/.venv/lib/python3.10/site-packages/airflow/example_dags/example_setup_teardown.py
[2025-06-16T22:15:09.839-0300] {logging_mixin.py:154} INFO - [2025-06-16T22:15:09.839-0300] {dag.py:2941} INFO - Sync 1 DAGs
[2025-06-16T22:15:09.869-0300] {logging_mixin.py:154} INFO - [2025-06-16T22:15:09.869-0300] {dag.py:3722} INFO - Setting next_dagrun for example_setup_teardown to 2025-06-16T01:15:09.869426+00:00, run_after=2025-06-17T01:15:09.869426+00:00
[2025-06-16T22:15:09.959-0300] {processor.py:179} INFO - Processing /mnt/c/Users/arcan/Documents/airflow/.venv/lib/python3.10/site-packages/airflow/example_dags/example_setup_teardown.py took 0.205 seconds
[2025-06-16T22:16:22.091-0300] {processor.py:157} INFO - Started process (PID=59806) to work on /mnt/c/Users/arcan/Documents/airflow/.venv/lib/python3.10/site-packages/airflow/example_dags/example_setup_teardown.py
[2025-06-16T22:16:22.093-0300] {processor.py:829} INFO - Processing file /mnt/c/Users/arcan/Documents/airflow/.venv/lib/python3.10/site-packages/airflow/example_dags/example_setup_teardown.py for tasks to queue
[2025-06-16T22:16:22.095-0300] {logging_mixin.py:154} INFO - [2025-06-16T22:16:22.094-0300] {dagbag.py:536} INFO - Filling up the DagBag from /mnt/c/Users/arcan/Documents/airflow/.venv/lib/python3.10/site-packages/airflow/example_dags/example_setup_teardown.py
[2025-06-16T22:16:22.133-0300] {processor.py:839} INFO - DAG(s) dict_keys(['example_setup_teardown']) retrieved from /mnt/c/Users/arcan/Documents/airflow/.venv/lib/python3.10/site-packages/airflow/example_dags/example_setup_teardown.py
[2025-06-16T22:16:22.188-0300] {logging_mixin.py:154} INFO - [2025-06-16T22:16:22.188-0300] {dag.py:2941} INFO - Sync 1 DAGs
[2025-06-16T22:16:22.244-0300] {logging_mixin.py:154} INFO - [2025-06-16T22:16:22.243-0300] {dag.py:3722} INFO - Setting next_dagrun for example_setup_teardown to 2025-06-16T01:16:22.243510+00:00, run_after=2025-06-17T01:16:22.243510+00:00
[2025-06-16T22:16:22.362-0300] {processor.py:179} INFO - Processing /mnt/c/Users/arcan/Documents/airflow/.venv/lib/python3.10/site-packages/airflow/example_dags/example_setup_teardown.py took 0.276 seconds
[2025-06-16T22:17:26.710-0300] {processor.py:157} INFO - Started process (PID=60002) to work on /mnt/c/Users/arcan/Documents/airflow/.venv/lib/python3.10/site-packages/airflow/example_dags/example_setup_teardown.py
[2025-06-16T22:17:26.713-0300] {processor.py:829} INFO - Processing file /mnt/c/Users/arcan/Documents/airflow/.venv/lib/python3.10/site-packages/airflow/example_dags/example_setup_teardown.py for tasks to queue
[2025-06-16T22:17:26.716-0300] {logging_mixin.py:154} INFO - [2025-06-16T22:17:26.715-0300] {dagbag.py:536} INFO - Filling up the DagBag from /mnt/c/Users/arcan/Documents/airflow/.venv/lib/python3.10/site-packages/airflow/example_dags/example_setup_teardown.py
[2025-06-16T22:17:26.768-0300] {processor.py:839} INFO - DAG(s) dict_keys(['example_setup_teardown']) retrieved from /mnt/c/Users/arcan/Documents/airflow/.venv/lib/python3.10/site-packages/airflow/example_dags/example_setup_teardown.py
[2025-06-16T22:17:26.824-0300] {logging_mixin.py:154} INFO - [2025-06-16T22:17:26.823-0300] {dag.py:2941} INFO - Sync 1 DAGs
[2025-06-16T22:17:26.868-0300] {logging_mixin.py:154} INFO - [2025-06-16T22:17:26.867-0300] {dag.py:3722} INFO - Setting next_dagrun for example_setup_teardown to 2025-06-16T01:17:26.867461+00:00, run_after=2025-06-17T01:17:26.867461+00:00
[2025-06-16T22:17:27.004-0300] {processor.py:179} INFO - Processing /mnt/c/Users/arcan/Documents/airflow/.venv/lib/python3.10/site-packages/airflow/example_dags/example_setup_teardown.py took 0.300 seconds
[2025-06-16T22:18:52.953-0300] {processor.py:157} INFO - Started process (PID=60255) to work on /mnt/c/Users/arcan/Documents/airflow/.venv/lib/python3.10/site-packages/airflow/example_dags/example_setup_teardown.py
[2025-06-16T22:18:52.955-0300] {processor.py:829} INFO - Processing file /mnt/c/Users/arcan/Documents/airflow/.venv/lib/python3.10/site-packages/airflow/example_dags/example_setup_teardown.py for tasks to queue
[2025-06-16T22:18:52.959-0300] {logging_mixin.py:154} INFO - [2025-06-16T22:18:52.957-0300] {dagbag.py:536} INFO - Filling up the DagBag from /mnt/c/Users/arcan/Documents/airflow/.venv/lib/python3.10/site-packages/airflow/example_dags/example_setup_teardown.py
[2025-06-16T22:18:53.021-0300] {processor.py:839} INFO - DAG(s) dict_keys(['example_setup_teardown']) retrieved from /mnt/c/Users/arcan/Documents/airflow/.venv/lib/python3.10/site-packages/airflow/example_dags/example_setup_teardown.py
[2025-06-16T22:18:53.090-0300] {logging_mixin.py:154} INFO - [2025-06-16T22:18:53.089-0300] {dag.py:2941} INFO - Sync 1 DAGs
[2025-06-16T22:18:53.130-0300] {logging_mixin.py:154} INFO - [2025-06-16T22:18:53.130-0300] {dag.py:3722} INFO - Setting next_dagrun for example_setup_teardown to 2025-06-16T01:18:53.129964+00:00, run_after=2025-06-17T01:18:53.129964+00:00
[2025-06-16T22:18:53.255-0300] {processor.py:179} INFO - Processing /mnt/c/Users/arcan/Documents/airflow/.venv/lib/python3.10/site-packages/airflow/example_dags/example_setup_teardown.py took 0.312 seconds
[2025-06-16T22:20:18.860-0300] {processor.py:157} INFO - Started process (PID=60499) to work on /mnt/c/Users/arcan/Documents/airflow/.venv/lib/python3.10/site-packages/airflow/example_dags/example_setup_teardown.py
[2025-06-16T22:20:18.863-0300] {processor.py:829} INFO - Processing file /mnt/c/Users/arcan/Documents/airflow/.venv/lib/python3.10/site-packages/airflow/example_dags/example_setup_teardown.py for tasks to queue
[2025-06-16T22:20:18.866-0300] {logging_mixin.py:154} INFO - [2025-06-16T22:20:18.865-0300] {dagbag.py:536} INFO - Filling up the DagBag from /mnt/c/Users/arcan/Documents/airflow/.venv/lib/python3.10/site-packages/airflow/example_dags/example_setup_teardown.py
[2025-06-16T22:20:18.921-0300] {processor.py:839} INFO - DAG(s) dict_keys(['example_setup_teardown']) retrieved from /mnt/c/Users/arcan/Documents/airflow/.venv/lib/python3.10/site-packages/airflow/example_dags/example_setup_teardown.py
[2025-06-16T22:20:19.000-0300] {logging_mixin.py:154} INFO - [2025-06-16T22:20:19.000-0300] {dag.py:2941} INFO - Sync 1 DAGs
[2025-06-16T22:20:19.055-0300] {logging_mixin.py:154} INFO - [2025-06-16T22:20:19.055-0300] {dag.py:3722} INFO - Setting next_dagrun for example_setup_teardown to 2025-06-16T01:20:19.054832+00:00, run_after=2025-06-17T01:20:19.054832+00:00
[2025-06-16T22:20:19.190-0300] {processor.py:179} INFO - Processing /mnt/c/Users/arcan/Documents/airflow/.venv/lib/python3.10/site-packages/airflow/example_dags/example_setup_teardown.py took 0.340 seconds
[2025-06-16T22:21:38.692-0300] {processor.py:157} INFO - Started process (PID=60727) to work on /mnt/c/Users/arcan/Documents/airflow/.venv/lib/python3.10/site-packages/airflow/example_dags/example_setup_teardown.py
[2025-06-16T22:21:38.695-0300] {processor.py:829} INFO - Processing file /mnt/c/Users/arcan/Documents/airflow/.venv/lib/python3.10/site-packages/airflow/example_dags/example_setup_teardown.py for tasks to queue
[2025-06-16T22:21:38.698-0300] {logging_mixin.py:154} INFO - [2025-06-16T22:21:38.697-0300] {dagbag.py:536} INFO - Filling up the DagBag from /mnt/c/Users/arcan/Documents/airflow/.venv/lib/python3.10/site-packages/airflow/example_dags/example_setup_teardown.py
[2025-06-16T22:21:38.751-0300] {processor.py:839} INFO - DAG(s) dict_keys(['example_setup_teardown']) retrieved from /mnt/c/Users/arcan/Documents/airflow/.venv/lib/python3.10/site-packages/airflow/example_dags/example_setup_teardown.py
[2025-06-16T22:21:38.812-0300] {logging_mixin.py:154} INFO - [2025-06-16T22:21:38.811-0300] {dag.py:2941} INFO - Sync 1 DAGs
[2025-06-16T22:21:38.858-0300] {logging_mixin.py:154} INFO - [2025-06-16T22:21:38.857-0300] {dag.py:3722} INFO - Setting next_dagrun for example_setup_teardown to 2025-06-16T01:21:38.857270+00:00, run_after=2025-06-17T01:21:38.857270+00:00
[2025-06-16T22:21:39.006-0300] {processor.py:179} INFO - Processing /mnt/c/Users/arcan/Documents/airflow/.venv/lib/python3.10/site-packages/airflow/example_dags/example_setup_teardown.py took 0.320 seconds
[2025-06-16T22:23:01.006-0300] {processor.py:157} INFO - Started process (PID=60961) to work on /mnt/c/Users/arcan/Documents/airflow/.venv/lib/python3.10/site-packages/airflow/example_dags/example_setup_teardown.py
[2025-06-16T22:23:01.008-0300] {processor.py:829} INFO - Processing file /mnt/c/Users/arcan/Documents/airflow/.venv/lib/python3.10/site-packages/airflow/example_dags/example_setup_teardown.py for tasks to queue
[2025-06-16T22:23:01.010-0300] {logging_mixin.py:154} INFO - [2025-06-16T22:23:01.009-0300] {dagbag.py:536} INFO - Filling up the DagBag from /mnt/c/Users/arcan/Documents/airflow/.venv/lib/python3.10/site-packages/airflow/example_dags/example_setup_teardown.py
[2025-06-16T22:23:01.061-0300] {processor.py:839} INFO - DAG(s) dict_keys(['example_setup_teardown']) retrieved from /mnt/c/Users/arcan/Documents/airflow/.venv/lib/python3.10/site-packages/airflow/example_dags/example_setup_teardown.py
[2025-06-16T22:23:01.115-0300] {logging_mixin.py:154} INFO - [2025-06-16T22:23:01.115-0300] {dag.py:2941} INFO - Sync 1 DAGs
[2025-06-16T22:23:01.154-0300] {logging_mixin.py:154} INFO - [2025-06-16T22:23:01.154-0300] {dag.py:3722} INFO - Setting next_dagrun for example_setup_teardown to 2025-06-16T01:23:01.153985+00:00, run_after=2025-06-17T01:23:01.153985+00:00
[2025-06-16T22:23:01.292-0300] {processor.py:179} INFO - Processing /mnt/c/Users/arcan/Documents/airflow/.venv/lib/python3.10/site-packages/airflow/example_dags/example_setup_teardown.py took 0.293 seconds
[2025-06-16T22:24:02.306-0300] {processor.py:157} INFO - Started process (PID=61259) to work on /mnt/c/Users/arcan/Documents/airflow/.venv/lib/python3.10/site-packages/airflow/example_dags/example_setup_teardown.py
[2025-06-16T22:24:02.308-0300] {processor.py:829} INFO - Processing file /mnt/c/Users/arcan/Documents/airflow/.venv/lib/python3.10/site-packages/airflow/example_dags/example_setup_teardown.py for tasks to queue
[2025-06-16T22:24:02.312-0300] {logging_mixin.py:154} INFO - [2025-06-16T22:24:02.311-0300] {dagbag.py:536} INFO - Filling up the DagBag from /mnt/c/Users/arcan/Documents/airflow/.venv/lib/python3.10/site-packages/airflow/example_dags/example_setup_teardown.py
[2025-06-16T22:24:02.361-0300] {processor.py:839} INFO - DAG(s) dict_keys(['example_setup_teardown']) retrieved from /mnt/c/Users/arcan/Documents/airflow/.venv/lib/python3.10/site-packages/airflow/example_dags/example_setup_teardown.py
[2025-06-16T22:24:02.419-0300] {logging_mixin.py:154} INFO - [2025-06-16T22:24:02.419-0300] {dag.py:2941} INFO - Sync 1 DAGs
[2025-06-16T22:24:02.472-0300] {logging_mixin.py:154} INFO - [2025-06-16T22:24:02.472-0300] {dag.py:3722} INFO - Setting next_dagrun for example_setup_teardown to 2025-06-16T01:24:02.472023+00:00, run_after=2025-06-17T01:24:02.472023+00:00
[2025-06-16T22:24:02.596-0300] {processor.py:179} INFO - Processing /mnt/c/Users/arcan/Documents/airflow/.venv/lib/python3.10/site-packages/airflow/example_dags/example_setup_teardown.py took 0.297 seconds
[2025-06-16T22:25:22.530-0300] {processor.py:157} INFO - Started process (PID=61488) to work on /mnt/c/Users/arcan/Documents/airflow/.venv/lib/python3.10/site-packages/airflow/example_dags/example_setup_teardown.py
[2025-06-16T22:25:22.533-0300] {processor.py:829} INFO - Processing file /mnt/c/Users/arcan/Documents/airflow/.venv/lib/python3.10/site-packages/airflow/example_dags/example_setup_teardown.py for tasks to queue
[2025-06-16T22:25:22.536-0300] {logging_mixin.py:154} INFO - [2025-06-16T22:25:22.535-0300] {dagbag.py:536} INFO - Filling up the DagBag from /mnt/c/Users/arcan/Documents/airflow/.venv/lib/python3.10/site-packages/airflow/example_dags/example_setup_teardown.py
[2025-06-16T22:25:22.594-0300] {processor.py:839} INFO - DAG(s) dict_keys(['example_setup_teardown']) retrieved from /mnt/c/Users/arcan/Documents/airflow/.venv/lib/python3.10/site-packages/airflow/example_dags/example_setup_teardown.py
[2025-06-16T22:25:22.663-0300] {logging_mixin.py:154} INFO - [2025-06-16T22:25:22.662-0300] {dag.py:2941} INFO - Sync 1 DAGs
[2025-06-16T22:25:22.705-0300] {logging_mixin.py:154} INFO - [2025-06-16T22:25:22.705-0300] {dag.py:3722} INFO - Setting next_dagrun for example_setup_teardown to 2025-06-16T01:25:22.704947+00:00, run_after=2025-06-17T01:25:22.704947+00:00
[2025-06-16T22:25:22.837-0300] {processor.py:179} INFO - Processing /mnt/c/Users/arcan/Documents/airflow/.venv/lib/python3.10/site-packages/airflow/example_dags/example_setup_teardown.py took 0.315 seconds
[2025-06-16T22:26:43.449-0300] {processor.py:157} INFO - Started process (PID=61723) to work on /mnt/c/Users/arcan/Documents/airflow/.venv/lib/python3.10/site-packages/airflow/example_dags/example_setup_teardown.py
[2025-06-16T22:26:43.452-0300] {processor.py:829} INFO - Processing file /mnt/c/Users/arcan/Documents/airflow/.venv/lib/python3.10/site-packages/airflow/example_dags/example_setup_teardown.py for tasks to queue
[2025-06-16T22:26:43.455-0300] {logging_mixin.py:154} INFO - [2025-06-16T22:26:43.454-0300] {dagbag.py:536} INFO - Filling up the DagBag from /mnt/c/Users/arcan/Documents/airflow/.venv/lib/python3.10/site-packages/airflow/example_dags/example_setup_teardown.py
[2025-06-16T22:26:43.501-0300] {processor.py:839} INFO - DAG(s) dict_keys(['example_setup_teardown']) retrieved from /mnt/c/Users/arcan/Documents/airflow/.venv/lib/python3.10/site-packages/airflow/example_dags/example_setup_teardown.py
[2025-06-16T22:26:43.559-0300] {logging_mixin.py:154} INFO - [2025-06-16T22:26:43.559-0300] {dag.py:2941} INFO - Sync 1 DAGs
[2025-06-16T22:26:43.602-0300] {logging_mixin.py:154} INFO - [2025-06-16T22:26:43.602-0300] {dag.py:3722} INFO - Setting next_dagrun for example_setup_teardown to 2025-06-16T01:26:43.601735+00:00, run_after=2025-06-17T01:26:43.601735+00:00
[2025-06-16T22:26:43.749-0300] {processor.py:179} INFO - Processing /mnt/c/Users/arcan/Documents/airflow/.venv/lib/python3.10/site-packages/airflow/example_dags/example_setup_teardown.py took 0.306 seconds
[2025-06-16T22:27:59.167-0300] {processor.py:157} INFO - Started process (PID=61940) to work on /mnt/c/Users/arcan/Documents/airflow/.venv/lib/python3.10/site-packages/airflow/example_dags/example_setup_teardown.py
[2025-06-16T22:27:59.172-0300] {processor.py:829} INFO - Processing file /mnt/c/Users/arcan/Documents/airflow/.venv/lib/python3.10/site-packages/airflow/example_dags/example_setup_teardown.py for tasks to queue
[2025-06-16T22:27:59.176-0300] {logging_mixin.py:154} INFO - [2025-06-16T22:27:59.175-0300] {dagbag.py:536} INFO - Filling up the DagBag from /mnt/c/Users/arcan/Documents/airflow/.venv/lib/python3.10/site-packages/airflow/example_dags/example_setup_teardown.py
[2025-06-16T22:27:59.231-0300] {processor.py:839} INFO - DAG(s) dict_keys(['example_setup_teardown']) retrieved from /mnt/c/Users/arcan/Documents/airflow/.venv/lib/python3.10/site-packages/airflow/example_dags/example_setup_teardown.py
[2025-06-16T22:27:59.296-0300] {logging_mixin.py:154} INFO - [2025-06-16T22:27:59.296-0300] {dag.py:2941} INFO - Sync 1 DAGs
[2025-06-16T22:27:59.346-0300] {logging_mixin.py:154} INFO - [2025-06-16T22:27:59.345-0300] {dag.py:3722} INFO - Setting next_dagrun for example_setup_teardown to 2025-06-16T01:27:59.345167+00:00, run_after=2025-06-17T01:27:59.345167+00:00
[2025-06-16T22:27:59.492-0300] {processor.py:179} INFO - Processing /mnt/c/Users/arcan/Documents/airflow/.venv/lib/python3.10/site-packages/airflow/example_dags/example_setup_teardown.py took 0.333 seconds
[2025-06-16T22:29:17.919-0300] {processor.py:157} INFO - Started process (PID=62164) to work on /mnt/c/Users/arcan/Documents/airflow/.venv/lib/python3.10/site-packages/airflow/example_dags/example_setup_teardown.py
[2025-06-16T22:29:17.921-0300] {processor.py:829} INFO - Processing file /mnt/c/Users/arcan/Documents/airflow/.venv/lib/python3.10/site-packages/airflow/example_dags/example_setup_teardown.py for tasks to queue
[2025-06-16T22:29:17.924-0300] {logging_mixin.py:154} INFO - [2025-06-16T22:29:17.923-0300] {dagbag.py:536} INFO - Filling up the DagBag from /mnt/c/Users/arcan/Documents/airflow/.venv/lib/python3.10/site-packages/airflow/example_dags/example_setup_teardown.py
[2025-06-16T22:29:17.972-0300] {processor.py:839} INFO - DAG(s) dict_keys(['example_setup_teardown']) retrieved from /mnt/c/Users/arcan/Documents/airflow/.venv/lib/python3.10/site-packages/airflow/example_dags/example_setup_teardown.py
[2025-06-16T22:29:18.026-0300] {logging_mixin.py:154} INFO - [2025-06-16T22:29:18.025-0300] {dag.py:2941} INFO - Sync 1 DAGs
[2025-06-16T22:29:18.069-0300] {logging_mixin.py:154} INFO - [2025-06-16T22:29:18.069-0300] {dag.py:3722} INFO - Setting next_dagrun for example_setup_teardown to 2025-06-16T01:29:18.069275+00:00, run_after=2025-06-17T01:29:18.069275+00:00
[2025-06-16T22:29:18.216-0300] {processor.py:179} INFO - Processing /mnt/c/Users/arcan/Documents/airflow/.venv/lib/python3.10/site-packages/airflow/example_dags/example_setup_teardown.py took 0.304 seconds
[2025-06-16T22:30:35.609-0300] {processor.py:157} INFO - Started process (PID=62389) to work on /mnt/c/Users/arcan/Documents/airflow/.venv/lib/python3.10/site-packages/airflow/example_dags/example_setup_teardown.py
[2025-06-16T22:30:35.614-0300] {processor.py:829} INFO - Processing file /mnt/c/Users/arcan/Documents/airflow/.venv/lib/python3.10/site-packages/airflow/example_dags/example_setup_teardown.py for tasks to queue
[2025-06-16T22:30:35.621-0300] {logging_mixin.py:154} INFO - [2025-06-16T22:30:35.620-0300] {dagbag.py:536} INFO - Filling up the DagBag from /mnt/c/Users/arcan/Documents/airflow/.venv/lib/python3.10/site-packages/airflow/example_dags/example_setup_teardown.py
[2025-06-16T22:30:35.673-0300] {processor.py:839} INFO - DAG(s) dict_keys(['example_setup_teardown']) retrieved from /mnt/c/Users/arcan/Documents/airflow/.venv/lib/python3.10/site-packages/airflow/example_dags/example_setup_teardown.py
[2025-06-16T22:30:35.742-0300] {logging_mixin.py:154} INFO - [2025-06-16T22:30:35.742-0300] {dag.py:2941} INFO - Sync 1 DAGs
[2025-06-16T22:30:35.782-0300] {logging_mixin.py:154} INFO - [2025-06-16T22:30:35.782-0300] {dag.py:3722} INFO - Setting next_dagrun for example_setup_teardown to 2025-06-16T01:30:35.781959+00:00, run_after=2025-06-17T01:30:35.781959+00:00
[2025-06-16T22:30:35.931-0300] {processor.py:179} INFO - Processing /mnt/c/Users/arcan/Documents/airflow/.venv/lib/python3.10/site-packages/airflow/example_dags/example_setup_teardown.py took 0.338 seconds
[2025-06-16T22:32:10.863-0300] {processor.py:157} INFO - Started process (PID=62742) to work on /mnt/c/Users/arcan/Documents/airflow/.venv/lib/python3.10/site-packages/airflow/example_dags/example_setup_teardown.py
[2025-06-16T22:32:10.865-0300] {processor.py:829} INFO - Processing file /mnt/c/Users/arcan/Documents/airflow/.venv/lib/python3.10/site-packages/airflow/example_dags/example_setup_teardown.py for tasks to queue
[2025-06-16T22:32:10.868-0300] {logging_mixin.py:154} INFO - [2025-06-16T22:32:10.867-0300] {dagbag.py:536} INFO - Filling up the DagBag from /mnt/c/Users/arcan/Documents/airflow/.venv/lib/python3.10/site-packages/airflow/example_dags/example_setup_teardown.py
[2025-06-16T22:32:10.925-0300] {processor.py:839} INFO - DAG(s) dict_keys(['example_setup_teardown']) retrieved from /mnt/c/Users/arcan/Documents/airflow/.venv/lib/python3.10/site-packages/airflow/example_dags/example_setup_teardown.py
[2025-06-16T22:32:10.985-0300] {logging_mixin.py:154} INFO - [2025-06-16T22:32:10.985-0300] {dag.py:2941} INFO - Sync 1 DAGs
[2025-06-16T22:32:11.037-0300] {logging_mixin.py:154} INFO - [2025-06-16T22:32:11.036-0300] {dag.py:3722} INFO - Setting next_dagrun for example_setup_teardown to 2025-06-16T01:32:11.036632+00:00, run_after=2025-06-17T01:32:11.036632+00:00
[2025-06-16T22:32:11.198-0300] {processor.py:179} INFO - Processing /mnt/c/Users/arcan/Documents/airflow/.venv/lib/python3.10/site-packages/airflow/example_dags/example_setup_teardown.py took 0.339 seconds
[2025-06-17T20:50:45.061-0300] {processor.py:157} INFO - Started process (PID=63659) to work on /mnt/c/Users/arcan/Documents/airflow/.venv/lib/python3.10/site-packages/airflow/example_dags/example_setup_teardown.py
[2025-06-17T20:50:45.064-0300] {processor.py:829} INFO - Processing file /mnt/c/Users/arcan/Documents/airflow/.venv/lib/python3.10/site-packages/airflow/example_dags/example_setup_teardown.py for tasks to queue
[2025-06-17T20:50:45.066-0300] {logging_mixin.py:154} INFO - [2025-06-17T20:50:45.065-0300] {dagbag.py:536} INFO - Filling up the DagBag from /mnt/c/Users/arcan/Documents/airflow/.venv/lib/python3.10/site-packages/airflow/example_dags/example_setup_teardown.py
[2025-06-17T20:50:45.107-0300] {processor.py:839} INFO - DAG(s) dict_keys(['example_setup_teardown']) retrieved from /mnt/c/Users/arcan/Documents/airflow/.venv/lib/python3.10/site-packages/airflow/example_dags/example_setup_teardown.py
[2025-06-17T20:50:45.175-0300] {logging_mixin.py:154} INFO - [2025-06-17T20:50:45.175-0300] {dag.py:2941} INFO - Sync 1 DAGs
[2025-06-17T20:50:45.213-0300] {logging_mixin.py:154} INFO - [2025-06-17T20:50:45.212-0300] {dag.py:3722} INFO - Setting next_dagrun for example_setup_teardown to 2025-06-16T23:50:45.212583+00:00, run_after=2025-06-17T23:50:45.212583+00:00
[2025-06-17T20:50:45.337-0300] {processor.py:179} INFO - Processing /mnt/c/Users/arcan/Documents/airflow/.venv/lib/python3.10/site-packages/airflow/example_dags/example_setup_teardown.py took 0.282 seconds
[2025-06-17T20:51:59.579-0300] {processor.py:157} INFO - Started process (PID=63801) to work on /mnt/c/Users/arcan/Documents/airflow/.venv/lib/python3.10/site-packages/airflow/example_dags/example_setup_teardown.py
[2025-06-17T20:51:59.582-0300] {processor.py:829} INFO - Processing file /mnt/c/Users/arcan/Documents/airflow/.venv/lib/python3.10/site-packages/airflow/example_dags/example_setup_teardown.py for tasks to queue
[2025-06-17T20:51:59.584-0300] {logging_mixin.py:154} INFO - [2025-06-17T20:51:59.583-0300] {dagbag.py:536} INFO - Filling up the DagBag from /mnt/c/Users/arcan/Documents/airflow/.venv/lib/python3.10/site-packages/airflow/example_dags/example_setup_teardown.py
[2025-06-17T20:51:59.634-0300] {processor.py:839} INFO - DAG(s) dict_keys(['example_setup_teardown']) retrieved from /mnt/c/Users/arcan/Documents/airflow/.venv/lib/python3.10/site-packages/airflow/example_dags/example_setup_teardown.py
[2025-06-17T20:51:59.689-0300] {logging_mixin.py:154} INFO - [2025-06-17T20:51:59.688-0300] {dag.py:2941} INFO - Sync 1 DAGs
[2025-06-17T20:51:59.735-0300] {logging_mixin.py:154} INFO - [2025-06-17T20:51:59.734-0300] {dag.py:3722} INFO - Setting next_dagrun for example_setup_teardown to 2025-06-16T23:51:59.734373+00:00, run_after=2025-06-17T23:51:59.734373+00:00
[2025-06-17T20:51:59.866-0300] {processor.py:179} INFO - Processing /mnt/c/Users/arcan/Documents/airflow/.venv/lib/python3.10/site-packages/airflow/example_dags/example_setup_teardown.py took 0.293 seconds
[2025-06-17T20:53:20.546-0300] {processor.py:157} INFO - Started process (PID=64028) to work on /mnt/c/Users/arcan/Documents/airflow/.venv/lib/python3.10/site-packages/airflow/example_dags/example_setup_teardown.py
[2025-06-17T20:53:20.548-0300] {processor.py:829} INFO - Processing file /mnt/c/Users/arcan/Documents/airflow/.venv/lib/python3.10/site-packages/airflow/example_dags/example_setup_teardown.py for tasks to queue
[2025-06-17T20:53:20.550-0300] {logging_mixin.py:154} INFO - [2025-06-17T20:53:20.550-0300] {dagbag.py:536} INFO - Filling up the DagBag from /mnt/c/Users/arcan/Documents/airflow/.venv/lib/python3.10/site-packages/airflow/example_dags/example_setup_teardown.py
[2025-06-17T20:53:20.594-0300] {processor.py:839} INFO - DAG(s) dict_keys(['example_setup_teardown']) retrieved from /mnt/c/Users/arcan/Documents/airflow/.venv/lib/python3.10/site-packages/airflow/example_dags/example_setup_teardown.py
[2025-06-17T20:53:20.651-0300] {logging_mixin.py:154} INFO - [2025-06-17T20:53:20.650-0300] {dag.py:2941} INFO - Sync 1 DAGs
[2025-06-17T20:53:20.693-0300] {logging_mixin.py:154} INFO - [2025-06-17T20:53:20.693-0300] {dag.py:3722} INFO - Setting next_dagrun for example_setup_teardown to 2025-06-16T23:53:20.693007+00:00, run_after=2025-06-17T23:53:20.693007+00:00
[2025-06-17T20:53:20.813-0300] {processor.py:179} INFO - Processing /mnt/c/Users/arcan/Documents/airflow/.venv/lib/python3.10/site-packages/airflow/example_dags/example_setup_teardown.py took 0.274 seconds
[2025-06-17T20:54:33.532-0300] {processor.py:157} INFO - Started process (PID=64361) to work on /mnt/c/Users/arcan/Documents/airflow/.venv/lib/python3.10/site-packages/airflow/example_dags/example_setup_teardown.py
[2025-06-17T20:54:33.535-0300] {processor.py:829} INFO - Processing file /mnt/c/Users/arcan/Documents/airflow/.venv/lib/python3.10/site-packages/airflow/example_dags/example_setup_teardown.py for tasks to queue
[2025-06-17T20:54:33.537-0300] {logging_mixin.py:154} INFO - [2025-06-17T20:54:33.536-0300] {dagbag.py:536} INFO - Filling up the DagBag from /mnt/c/Users/arcan/Documents/airflow/.venv/lib/python3.10/site-packages/airflow/example_dags/example_setup_teardown.py
[2025-06-17T20:54:33.572-0300] {processor.py:839} INFO - DAG(s) dict_keys(['example_setup_teardown']) retrieved from /mnt/c/Users/arcan/Documents/airflow/.venv/lib/python3.10/site-packages/airflow/example_dags/example_setup_teardown.py
[2025-06-17T20:54:33.618-0300] {logging_mixin.py:154} INFO - [2025-06-17T20:54:33.617-0300] {dag.py:2941} INFO - Sync 1 DAGs
[2025-06-17T20:54:33.652-0300] {logging_mixin.py:154} INFO - [2025-06-17T20:54:33.652-0300] {dag.py:3722} INFO - Setting next_dagrun for example_setup_teardown to 2025-06-16T23:54:33.652308+00:00, run_after=2025-06-17T23:54:33.652308+00:00
[2025-06-17T20:54:33.746-0300] {processor.py:179} INFO - Processing /mnt/c/Users/arcan/Documents/airflow/.venv/lib/python3.10/site-packages/airflow/example_dags/example_setup_teardown.py took 0.219 seconds
[2025-06-17T20:55:44.004-0300] {processor.py:157} INFO - Started process (PID=64568) to work on /mnt/c/Users/arcan/Documents/airflow/.venv/lib/python3.10/site-packages/airflow/example_dags/example_setup_teardown.py
[2025-06-17T20:55:44.006-0300] {processor.py:829} INFO - Processing file /mnt/c/Users/arcan/Documents/airflow/.venv/lib/python3.10/site-packages/airflow/example_dags/example_setup_teardown.py for tasks to queue
[2025-06-17T20:55:44.008-0300] {logging_mixin.py:154} INFO - [2025-06-17T20:55:44.007-0300] {dagbag.py:536} INFO - Filling up the DagBag from /mnt/c/Users/arcan/Documents/airflow/.venv/lib/python3.10/site-packages/airflow/example_dags/example_setup_teardown.py
[2025-06-17T20:55:44.038-0300] {processor.py:839} INFO - DAG(s) dict_keys(['example_setup_teardown']) retrieved from /mnt/c/Users/arcan/Documents/airflow/.venv/lib/python3.10/site-packages/airflow/example_dags/example_setup_teardown.py
[2025-06-17T20:55:44.078-0300] {logging_mixin.py:154} INFO - [2025-06-17T20:55:44.078-0300] {dag.py:2941} INFO - Sync 1 DAGs
[2025-06-17T20:55:44.108-0300] {logging_mixin.py:154} INFO - [2025-06-17T20:55:44.108-0300] {dag.py:3722} INFO - Setting next_dagrun for example_setup_teardown to 2025-06-16T23:55:44.107943+00:00, run_after=2025-06-17T23:55:44.107943+00:00
[2025-06-17T20:55:44.218-0300] {processor.py:179} INFO - Processing /mnt/c/Users/arcan/Documents/airflow/.venv/lib/python3.10/site-packages/airflow/example_dags/example_setup_teardown.py took 0.218 seconds
