[2025-06-16T22:03:56.872-0300] {processor.py:157} INFO - Started process (PID=57311) to work on /mnt/c/Users/arcan/Documents/airflow/.venv/lib/python3.10/site-packages/airflow/example_dags/example_nested_branch_dag.py
[2025-06-16T22:03:56.876-0300] {processor.py:829} INFO - Processing file /mnt/c/Users/arcan/Documents/airflow/.venv/lib/python3.10/site-packages/airflow/example_dags/example_nested_branch_dag.py for tasks to queue
[2025-06-16T22:03:56.879-0300] {logging_mixin.py:154} INFO - [2025-06-16T22:03:56.878-0300] {dagbag.py:536} INFO - Filling up the DagBag from /mnt/c/Users/arcan/Documents/airflow/.venv/lib/python3.10/site-packages/airflow/example_dags/example_nested_branch_dag.py
[2025-06-16T22:03:56.936-0300] {processor.py:839} INFO - DAG(s) dict_keys(['example_nested_branch_dag']) retrieved from /mnt/c/Users/arcan/Documents/airflow/.venv/lib/python3.10/site-packages/airflow/example_dags/example_nested_branch_dag.py
[2025-06-16T22:03:56.985-0300] {logging_mixin.py:154} INFO - [2025-06-16T22:03:56.985-0300] {dag.py:2941} INFO - Sync 1 DAGs
[2025-06-16T22:03:57.023-0300] {logging_mixin.py:154} INFO - [2025-06-16T22:03:57.023-0300] {dag.py:3722} INFO - Setting next_dagrun for example_nested_branch_dag to 2025-06-16T00:00:00+00:00, run_after=2025-06-17T00:00:00+00:00
[2025-06-16T22:03:57.162-0300] {processor.py:179} INFO - Processing /mnt/c/Users/arcan/Documents/airflow/.venv/lib/python3.10/site-packages/airflow/example_dags/example_nested_branch_dag.py took 0.299 seconds
[2025-06-16T22:05:09.215-0300] {processor.py:157} INFO - Started process (PID=57556) to work on /mnt/c/Users/arcan/Documents/airflow/.venv/lib/python3.10/site-packages/airflow/example_dags/example_nested_branch_dag.py
[2025-06-16T22:05:09.218-0300] {processor.py:829} INFO - Processing file /mnt/c/Users/arcan/Documents/airflow/.venv/lib/python3.10/site-packages/airflow/example_dags/example_nested_branch_dag.py for tasks to queue
[2025-06-16T22:05:09.221-0300] {logging_mixin.py:154} INFO - [2025-06-16T22:05:09.220-0300] {dagbag.py:536} INFO - Filling up the DagBag from /mnt/c/Users/arcan/Documents/airflow/.venv/lib/python3.10/site-packages/airflow/example_dags/example_nested_branch_dag.py
[2025-06-16T22:05:09.291-0300] {processor.py:839} INFO - DAG(s) dict_keys(['example_nested_branch_dag']) retrieved from /mnt/c/Users/arcan/Documents/airflow/.venv/lib/python3.10/site-packages/airflow/example_dags/example_nested_branch_dag.py
[2025-06-16T22:05:09.366-0300] {logging_mixin.py:154} INFO - [2025-06-16T22:05:09.366-0300] {dag.py:2941} INFO - Sync 1 DAGs
[2025-06-16T22:05:09.416-0300] {logging_mixin.py:154} INFO - [2025-06-16T22:05:09.416-0300] {dag.py:3722} INFO - Setting next_dagrun for example_nested_branch_dag to 2025-06-16T00:00:00+00:00, run_after=2025-06-17T00:00:00+00:00
[2025-06-16T22:05:09.547-0300] {processor.py:179} INFO - Processing /mnt/c/Users/arcan/Documents/airflow/.venv/lib/python3.10/site-packages/airflow/example_dags/example_nested_branch_dag.py took 0.338 seconds
[2025-06-16T22:06:21.948-0300] {processor.py:157} INFO - Started process (PID=57767) to work on /mnt/c/Users/arcan/Documents/airflow/.venv/lib/python3.10/site-packages/airflow/example_dags/example_nested_branch_dag.py
[2025-06-16T22:06:21.950-0300] {processor.py:829} INFO - Processing file /mnt/c/Users/arcan/Documents/airflow/.venv/lib/python3.10/site-packages/airflow/example_dags/example_nested_branch_dag.py for tasks to queue
[2025-06-16T22:06:21.952-0300] {logging_mixin.py:154} INFO - [2025-06-16T22:06:21.951-0300] {dagbag.py:536} INFO - Filling up the DagBag from /mnt/c/Users/arcan/Documents/airflow/.venv/lib/python3.10/site-packages/airflow/example_dags/example_nested_branch_dag.py
[2025-06-16T22:06:22.017-0300] {processor.py:839} INFO - DAG(s) dict_keys(['example_nested_branch_dag']) retrieved from /mnt/c/Users/arcan/Documents/airflow/.venv/lib/python3.10/site-packages/airflow/example_dags/example_nested_branch_dag.py
[2025-06-16T22:06:22.079-0300] {logging_mixin.py:154} INFO - [2025-06-16T22:06:22.079-0300] {dag.py:2941} INFO - Sync 1 DAGs
[2025-06-16T22:06:22.137-0300] {logging_mixin.py:154} INFO - [2025-06-16T22:06:22.137-0300] {dag.py:3722} INFO - Setting next_dagrun for example_nested_branch_dag to 2025-06-16T00:00:00+00:00, run_after=2025-06-17T00:00:00+00:00
[2025-06-16T22:06:22.276-0300] {processor.py:179} INFO - Processing /mnt/c/Users/arcan/Documents/airflow/.venv/lib/python3.10/site-packages/airflow/example_dags/example_nested_branch_dag.py took 0.334 seconds
[2025-06-16T22:07:33.231-0300] {processor.py:157} INFO - Started process (PID=57975) to work on /mnt/c/Users/arcan/Documents/airflow/.venv/lib/python3.10/site-packages/airflow/example_dags/example_nested_branch_dag.py
[2025-06-16T22:07:33.233-0300] {processor.py:829} INFO - Processing file /mnt/c/Users/arcan/Documents/airflow/.venv/lib/python3.10/site-packages/airflow/example_dags/example_nested_branch_dag.py for tasks to queue
[2025-06-16T22:07:33.235-0300] {logging_mixin.py:154} INFO - [2025-06-16T22:07:33.234-0300] {dagbag.py:536} INFO - Filling up the DagBag from /mnt/c/Users/arcan/Documents/airflow/.venv/lib/python3.10/site-packages/airflow/example_dags/example_nested_branch_dag.py
[2025-06-16T22:07:33.286-0300] {processor.py:839} INFO - DAG(s) dict_keys(['example_nested_branch_dag']) retrieved from /mnt/c/Users/arcan/Documents/airflow/.venv/lib/python3.10/site-packages/airflow/example_dags/example_nested_branch_dag.py
[2025-06-16T22:07:33.334-0300] {logging_mixin.py:154} INFO - [2025-06-16T22:07:33.334-0300] {dag.py:2941} INFO - Sync 1 DAGs
[2025-06-16T22:07:33.370-0300] {logging_mixin.py:154} INFO - [2025-06-16T22:07:33.370-0300] {dag.py:3722} INFO - Setting next_dagrun for example_nested_branch_dag to 2025-06-16T00:00:00+00:00, run_after=2025-06-17T00:00:00+00:00
[2025-06-16T22:07:33.484-0300] {processor.py:179} INFO - Processing /mnt/c/Users/arcan/Documents/airflow/.venv/lib/python3.10/site-packages/airflow/example_dags/example_nested_branch_dag.py took 0.258 seconds
[2025-06-16T22:08:48.376-0300] {processor.py:157} INFO - Started process (PID=58319) to work on /mnt/c/Users/arcan/Documents/airflow/.venv/lib/python3.10/site-packages/airflow/example_dags/example_nested_branch_dag.py
[2025-06-16T22:08:48.379-0300] {processor.py:829} INFO - Processing file /mnt/c/Users/arcan/Documents/airflow/.venv/lib/python3.10/site-packages/airflow/example_dags/example_nested_branch_dag.py for tasks to queue
[2025-06-16T22:08:48.381-0300] {logging_mixin.py:154} INFO - [2025-06-16T22:08:48.380-0300] {dagbag.py:536} INFO - Filling up the DagBag from /mnt/c/Users/arcan/Documents/airflow/.venv/lib/python3.10/site-packages/airflow/example_dags/example_nested_branch_dag.py
[2025-06-16T22:08:48.425-0300] {processor.py:839} INFO - DAG(s) dict_keys(['example_nested_branch_dag']) retrieved from /mnt/c/Users/arcan/Documents/airflow/.venv/lib/python3.10/site-packages/airflow/example_dags/example_nested_branch_dag.py
[2025-06-16T22:08:48.465-0300] {logging_mixin.py:154} INFO - [2025-06-16T22:08:48.465-0300] {dag.py:2941} INFO - Sync 1 DAGs
[2025-06-16T22:08:48.497-0300] {logging_mixin.py:154} INFO - [2025-06-16T22:08:48.497-0300] {dag.py:3722} INFO - Setting next_dagrun for example_nested_branch_dag to 2025-06-16T00:00:00+00:00, run_after=2025-06-17T00:00:00+00:00
[2025-06-16T22:08:48.586-0300] {processor.py:179} INFO - Processing /mnt/c/Users/arcan/Documents/airflow/.venv/lib/python3.10/site-packages/airflow/example_dags/example_nested_branch_dag.py took 0.215 seconds
[2025-06-16T22:09:53.019-0300] {processor.py:157} INFO - Started process (PID=58519) to work on /mnt/c/Users/arcan/Documents/airflow/.venv/lib/python3.10/site-packages/airflow/example_dags/example_nested_branch_dag.py
[2025-06-16T22:09:53.020-0300] {processor.py:829} INFO - Processing file /mnt/c/Users/arcan/Documents/airflow/.venv/lib/python3.10/site-packages/airflow/example_dags/example_nested_branch_dag.py for tasks to queue
[2025-06-16T22:09:53.022-0300] {logging_mixin.py:154} INFO - [2025-06-16T22:09:53.021-0300] {dagbag.py:536} INFO - Filling up the DagBag from /mnt/c/Users/arcan/Documents/airflow/.venv/lib/python3.10/site-packages/airflow/example_dags/example_nested_branch_dag.py
[2025-06-16T22:09:53.063-0300] {processor.py:839} INFO - DAG(s) dict_keys(['example_nested_branch_dag']) retrieved from /mnt/c/Users/arcan/Documents/airflow/.venv/lib/python3.10/site-packages/airflow/example_dags/example_nested_branch_dag.py
[2025-06-16T22:09:53.111-0300] {logging_mixin.py:154} INFO - [2025-06-16T22:09:53.110-0300] {dag.py:2941} INFO - Sync 1 DAGs
[2025-06-16T22:09:53.145-0300] {logging_mixin.py:154} INFO - [2025-06-16T22:09:53.145-0300] {dag.py:3722} INFO - Setting next_dagrun for example_nested_branch_dag to 2025-06-16T00:00:00+00:00, run_after=2025-06-17T00:00:00+00:00
[2025-06-16T22:09:53.233-0300] {processor.py:179} INFO - Processing /mnt/c/Users/arcan/Documents/airflow/.venv/lib/python3.10/site-packages/airflow/example_dags/example_nested_branch_dag.py took 0.219 seconds
[2025-06-16T22:10:57.731-0300] {processor.py:157} INFO - Started process (PID=58710) to work on /mnt/c/Users/arcan/Documents/airflow/.venv/lib/python3.10/site-packages/airflow/example_dags/example_nested_branch_dag.py
[2025-06-16T22:10:57.734-0300] {processor.py:829} INFO - Processing file /mnt/c/Users/arcan/Documents/airflow/.venv/lib/python3.10/site-packages/airflow/example_dags/example_nested_branch_dag.py for tasks to queue
[2025-06-16T22:10:57.736-0300] {logging_mixin.py:154} INFO - [2025-06-16T22:10:57.735-0300] {dagbag.py:536} INFO - Filling up the DagBag from /mnt/c/Users/arcan/Documents/airflow/.venv/lib/python3.10/site-packages/airflow/example_dags/example_nested_branch_dag.py
[2025-06-16T22:10:57.783-0300] {processor.py:839} INFO - DAG(s) dict_keys(['example_nested_branch_dag']) retrieved from /mnt/c/Users/arcan/Documents/airflow/.venv/lib/python3.10/site-packages/airflow/example_dags/example_nested_branch_dag.py
[2025-06-16T22:10:57.839-0300] {logging_mixin.py:154} INFO - [2025-06-16T22:10:57.839-0300] {dag.py:2941} INFO - Sync 1 DAGs
[2025-06-16T22:10:57.879-0300] {logging_mixin.py:154} INFO - [2025-06-16T22:10:57.879-0300] {dag.py:3722} INFO - Setting next_dagrun for example_nested_branch_dag to 2025-06-16T00:00:00+00:00, run_after=2025-06-17T00:00:00+00:00
[2025-06-16T22:10:57.996-0300] {processor.py:179} INFO - Processing /mnt/c/Users/arcan/Documents/airflow/.venv/lib/python3.10/site-packages/airflow/example_dags/example_nested_branch_dag.py took 0.271 seconds
[2025-06-16T22:11:56.354-0300] {processor.py:157} INFO - Started process (PID=58891) to work on /mnt/c/Users/arcan/Documents/airflow/.venv/lib/python3.10/site-packages/airflow/example_dags/example_nested_branch_dag.py
[2025-06-16T22:11:56.355-0300] {processor.py:829} INFO - Processing file /mnt/c/Users/arcan/Documents/airflow/.venv/lib/python3.10/site-packages/airflow/example_dags/example_nested_branch_dag.py for tasks to queue
[2025-06-16T22:11:56.357-0300] {logging_mixin.py:154} INFO - [2025-06-16T22:11:56.356-0300] {dagbag.py:536} INFO - Filling up the DagBag from /mnt/c/Users/arcan/Documents/airflow/.venv/lib/python3.10/site-packages/airflow/example_dags/example_nested_branch_dag.py
[2025-06-16T22:11:56.406-0300] {processor.py:839} INFO - DAG(s) dict_keys(['example_nested_branch_dag']) retrieved from /mnt/c/Users/arcan/Documents/airflow/.venv/lib/python3.10/site-packages/airflow/example_dags/example_nested_branch_dag.py
[2025-06-16T22:11:56.455-0300] {logging_mixin.py:154} INFO - [2025-06-16T22:11:56.455-0300] {dag.py:2941} INFO - Sync 1 DAGs
[2025-06-16T22:11:56.496-0300] {logging_mixin.py:154} INFO - [2025-06-16T22:11:56.496-0300] {dag.py:3722} INFO - Setting next_dagrun for example_nested_branch_dag to 2025-06-16T00:00:00+00:00, run_after=2025-06-17T00:00:00+00:00
[2025-06-16T22:11:56.617-0300] {processor.py:179} INFO - Processing /mnt/c/Users/arcan/Documents/airflow/.venv/lib/python3.10/site-packages/airflow/example_dags/example_nested_branch_dag.py took 0.267 seconds
[2025-06-16T22:12:55.170-0300] {processor.py:157} INFO - Started process (PID=59066) to work on /mnt/c/Users/arcan/Documents/airflow/.venv/lib/python3.10/site-packages/airflow/example_dags/example_nested_branch_dag.py
[2025-06-16T22:12:55.173-0300] {processor.py:829} INFO - Processing file /mnt/c/Users/arcan/Documents/airflow/.venv/lib/python3.10/site-packages/airflow/example_dags/example_nested_branch_dag.py for tasks to queue
[2025-06-16T22:12:55.175-0300] {logging_mixin.py:154} INFO - [2025-06-16T22:12:55.174-0300] {dagbag.py:536} INFO - Filling up the DagBag from /mnt/c/Users/arcan/Documents/airflow/.venv/lib/python3.10/site-packages/airflow/example_dags/example_nested_branch_dag.py
[2025-06-16T22:12:55.222-0300] {processor.py:839} INFO - DAG(s) dict_keys(['example_nested_branch_dag']) retrieved from /mnt/c/Users/arcan/Documents/airflow/.venv/lib/python3.10/site-packages/airflow/example_dags/example_nested_branch_dag.py
[2025-06-16T22:12:55.280-0300] {logging_mixin.py:154} INFO - [2025-06-16T22:12:55.280-0300] {dag.py:2941} INFO - Sync 1 DAGs
[2025-06-16T22:12:55.323-0300] {logging_mixin.py:154} INFO - [2025-06-16T22:12:55.323-0300] {dag.py:3722} INFO - Setting next_dagrun for example_nested_branch_dag to 2025-06-16T00:00:00+00:00, run_after=2025-06-17T00:00:00+00:00
[2025-06-16T22:12:55.420-0300] {processor.py:179} INFO - Processing /mnt/c/Users/arcan/Documents/airflow/.venv/lib/python3.10/site-packages/airflow/example_dags/example_nested_branch_dag.py took 0.255 seconds
[2025-06-16T22:14:03.168-0300] {processor.py:157} INFO - Started process (PID=59272) to work on /mnt/c/Users/arcan/Documents/airflow/.venv/lib/python3.10/site-packages/airflow/example_dags/example_nested_branch_dag.py
[2025-06-16T22:14:03.173-0300] {processor.py:829} INFO - Processing file /mnt/c/Users/arcan/Documents/airflow/.venv/lib/python3.10/site-packages/airflow/example_dags/example_nested_branch_dag.py for tasks to queue
[2025-06-16T22:14:03.179-0300] {logging_mixin.py:154} INFO - [2025-06-16T22:14:03.179-0300] {dagbag.py:536} INFO - Filling up the DagBag from /mnt/c/Users/arcan/Documents/airflow/.venv/lib/python3.10/site-packages/airflow/example_dags/example_nested_branch_dag.py
[2025-06-16T22:14:03.247-0300] {processor.py:839} INFO - DAG(s) dict_keys(['example_nested_branch_dag']) retrieved from /mnt/c/Users/arcan/Documents/airflow/.venv/lib/python3.10/site-packages/airflow/example_dags/example_nested_branch_dag.py
[2025-06-16T22:14:03.297-0300] {logging_mixin.py:154} INFO - [2025-06-16T22:14:03.296-0300] {dag.py:2941} INFO - Sync 1 DAGs
[2025-06-16T22:14:03.331-0300] {logging_mixin.py:154} INFO - [2025-06-16T22:14:03.331-0300] {dag.py:3722} INFO - Setting next_dagrun for example_nested_branch_dag to 2025-06-16T00:00:00+00:00, run_after=2025-06-17T00:00:00+00:00
[2025-06-16T22:14:03.430-0300] {processor.py:179} INFO - Processing /mnt/c/Users/arcan/Documents/airflow/.venv/lib/python3.10/site-packages/airflow/example_dags/example_nested_branch_dag.py took 0.268 seconds
[2025-06-16T22:15:11.930-0300] {processor.py:157} INFO - Started process (PID=59478) to work on /mnt/c/Users/arcan/Documents/airflow/.venv/lib/python3.10/site-packages/airflow/example_dags/example_nested_branch_dag.py
[2025-06-16T22:15:11.932-0300] {processor.py:829} INFO - Processing file /mnt/c/Users/arcan/Documents/airflow/.venv/lib/python3.10/site-packages/airflow/example_dags/example_nested_branch_dag.py for tasks to queue
[2025-06-16T22:15:11.934-0300] {logging_mixin.py:154} INFO - [2025-06-16T22:15:11.934-0300] {dagbag.py:536} INFO - Filling up the DagBag from /mnt/c/Users/arcan/Documents/airflow/.venv/lib/python3.10/site-packages/airflow/example_dags/example_nested_branch_dag.py
[2025-06-16T22:15:12.002-0300] {processor.py:839} INFO - DAG(s) dict_keys(['example_nested_branch_dag']) retrieved from /mnt/c/Users/arcan/Documents/airflow/.venv/lib/python3.10/site-packages/airflow/example_dags/example_nested_branch_dag.py
[2025-06-16T22:15:12.059-0300] {logging_mixin.py:154} INFO - [2025-06-16T22:15:12.059-0300] {dag.py:2941} INFO - Sync 1 DAGs
[2025-06-16T22:15:12.095-0300] {logging_mixin.py:154} INFO - [2025-06-16T22:15:12.095-0300] {dag.py:3722} INFO - Setting next_dagrun for example_nested_branch_dag to 2025-06-16T00:00:00+00:00, run_after=2025-06-17T00:00:00+00:00
[2025-06-16T22:15:12.198-0300] {processor.py:179} INFO - Processing /mnt/c/Users/arcan/Documents/airflow/.venv/lib/python3.10/site-packages/airflow/example_dags/example_nested_branch_dag.py took 0.274 seconds
[2025-06-16T22:16:24.438-0300] {processor.py:157} INFO - Started process (PID=59815) to work on /mnt/c/Users/arcan/Documents/airflow/.venv/lib/python3.10/site-packages/airflow/example_dags/example_nested_branch_dag.py
[2025-06-16T22:16:24.440-0300] {processor.py:829} INFO - Processing file /mnt/c/Users/arcan/Documents/airflow/.venv/lib/python3.10/site-packages/airflow/example_dags/example_nested_branch_dag.py for tasks to queue
[2025-06-16T22:16:24.442-0300] {logging_mixin.py:154} INFO - [2025-06-16T22:16:24.441-0300] {dagbag.py:536} INFO - Filling up the DagBag from /mnt/c/Users/arcan/Documents/airflow/.venv/lib/python3.10/site-packages/airflow/example_dags/example_nested_branch_dag.py
[2025-06-16T22:16:24.494-0300] {processor.py:839} INFO - DAG(s) dict_keys(['example_nested_branch_dag']) retrieved from /mnt/c/Users/arcan/Documents/airflow/.venv/lib/python3.10/site-packages/airflow/example_dags/example_nested_branch_dag.py
[2025-06-16T22:16:24.539-0300] {logging_mixin.py:154} INFO - [2025-06-16T22:16:24.538-0300] {dag.py:2941} INFO - Sync 1 DAGs
[2025-06-16T22:16:24.580-0300] {logging_mixin.py:154} INFO - [2025-06-16T22:16:24.580-0300] {dag.py:3722} INFO - Setting next_dagrun for example_nested_branch_dag to 2025-06-16T00:00:00+00:00, run_after=2025-06-17T00:00:00+00:00
[2025-06-16T22:16:24.688-0300] {processor.py:179} INFO - Processing /mnt/c/Users/arcan/Documents/airflow/.venv/lib/python3.10/site-packages/airflow/example_dags/example_nested_branch_dag.py took 0.255 seconds
[2025-06-16T22:17:29.992-0300] {processor.py:157} INFO - Started process (PID=60012) to work on /mnt/c/Users/arcan/Documents/airflow/.venv/lib/python3.10/site-packages/airflow/example_dags/example_nested_branch_dag.py
[2025-06-16T22:17:29.994-0300] {processor.py:829} INFO - Processing file /mnt/c/Users/arcan/Documents/airflow/.venv/lib/python3.10/site-packages/airflow/example_dags/example_nested_branch_dag.py for tasks to queue
[2025-06-16T22:17:29.996-0300] {logging_mixin.py:154} INFO - [2025-06-16T22:17:29.996-0300] {dagbag.py:536} INFO - Filling up the DagBag from /mnt/c/Users/arcan/Documents/airflow/.venv/lib/python3.10/site-packages/airflow/example_dags/example_nested_branch_dag.py
[2025-06-16T22:17:30.061-0300] {processor.py:839} INFO - DAG(s) dict_keys(['example_nested_branch_dag']) retrieved from /mnt/c/Users/arcan/Documents/airflow/.venv/lib/python3.10/site-packages/airflow/example_dags/example_nested_branch_dag.py
[2025-06-16T22:17:30.112-0300] {logging_mixin.py:154} INFO - [2025-06-16T22:17:30.111-0300] {dag.py:2941} INFO - Sync 1 DAGs
[2025-06-16T22:17:30.161-0300] {logging_mixin.py:154} INFO - [2025-06-16T22:17:30.161-0300] {dag.py:3722} INFO - Setting next_dagrun for example_nested_branch_dag to 2025-06-16T00:00:00+00:00, run_after=2025-06-17T00:00:00+00:00
[2025-06-16T22:17:30.306-0300] {processor.py:179} INFO - Processing /mnt/c/Users/arcan/Documents/airflow/.venv/lib/python3.10/site-packages/airflow/example_dags/example_nested_branch_dag.py took 0.320 seconds
[2025-06-16T22:18:56.133-0300] {processor.py:157} INFO - Started process (PID=60263) to work on /mnt/c/Users/arcan/Documents/airflow/.venv/lib/python3.10/site-packages/airflow/example_dags/example_nested_branch_dag.py
[2025-06-16T22:18:56.137-0300] {processor.py:829} INFO - Processing file /mnt/c/Users/arcan/Documents/airflow/.venv/lib/python3.10/site-packages/airflow/example_dags/example_nested_branch_dag.py for tasks to queue
[2025-06-16T22:18:56.139-0300] {logging_mixin.py:154} INFO - [2025-06-16T22:18:56.138-0300] {dagbag.py:536} INFO - Filling up the DagBag from /mnt/c/Users/arcan/Documents/airflow/.venv/lib/python3.10/site-packages/airflow/example_dags/example_nested_branch_dag.py
[2025-06-16T22:18:56.210-0300] {processor.py:839} INFO - DAG(s) dict_keys(['example_nested_branch_dag']) retrieved from /mnt/c/Users/arcan/Documents/airflow/.venv/lib/python3.10/site-packages/airflow/example_dags/example_nested_branch_dag.py
[2025-06-16T22:18:56.276-0300] {logging_mixin.py:154} INFO - [2025-06-16T22:18:56.276-0300] {dag.py:2941} INFO - Sync 1 DAGs
[2025-06-16T22:18:56.317-0300] {logging_mixin.py:154} INFO - [2025-06-16T22:18:56.317-0300] {dag.py:3722} INFO - Setting next_dagrun for example_nested_branch_dag to 2025-06-16T00:00:00+00:00, run_after=2025-06-17T00:00:00+00:00
[2025-06-16T22:18:56.453-0300] {processor.py:179} INFO - Processing /mnt/c/Users/arcan/Documents/airflow/.venv/lib/python3.10/site-packages/airflow/example_dags/example_nested_branch_dag.py took 0.329 seconds
[2025-06-16T22:20:21.125-0300] {processor.py:157} INFO - Started process (PID=60508) to work on /mnt/c/Users/arcan/Documents/airflow/.venv/lib/python3.10/site-packages/airflow/example_dags/example_nested_branch_dag.py
[2025-06-16T22:20:21.128-0300] {processor.py:829} INFO - Processing file /mnt/c/Users/arcan/Documents/airflow/.venv/lib/python3.10/site-packages/airflow/example_dags/example_nested_branch_dag.py for tasks to queue
[2025-06-16T22:20:21.130-0300] {logging_mixin.py:154} INFO - [2025-06-16T22:20:21.129-0300] {dagbag.py:536} INFO - Filling up the DagBag from /mnt/c/Users/arcan/Documents/airflow/.venv/lib/python3.10/site-packages/airflow/example_dags/example_nested_branch_dag.py
[2025-06-16T22:20:21.195-0300] {processor.py:839} INFO - DAG(s) dict_keys(['example_nested_branch_dag']) retrieved from /mnt/c/Users/arcan/Documents/airflow/.venv/lib/python3.10/site-packages/airflow/example_dags/example_nested_branch_dag.py
[2025-06-16T22:20:21.252-0300] {logging_mixin.py:154} INFO - [2025-06-16T22:20:21.251-0300] {dag.py:2941} INFO - Sync 1 DAGs
[2025-06-16T22:20:21.296-0300] {logging_mixin.py:154} INFO - [2025-06-16T22:20:21.296-0300] {dag.py:3722} INFO - Setting next_dagrun for example_nested_branch_dag to 2025-06-16T00:00:00+00:00, run_after=2025-06-17T00:00:00+00:00
[2025-06-16T22:20:21.438-0300] {processor.py:179} INFO - Processing /mnt/c/Users/arcan/Documents/airflow/.venv/lib/python3.10/site-packages/airflow/example_dags/example_nested_branch_dag.py took 0.318 seconds
[2025-06-16T22:21:41.842-0300] {processor.py:157} INFO - Started process (PID=60735) to work on /mnt/c/Users/arcan/Documents/airflow/.venv/lib/python3.10/site-packages/airflow/example_dags/example_nested_branch_dag.py
[2025-06-16T22:21:41.845-0300] {processor.py:829} INFO - Processing file /mnt/c/Users/arcan/Documents/airflow/.venv/lib/python3.10/site-packages/airflow/example_dags/example_nested_branch_dag.py for tasks to queue
[2025-06-16T22:21:41.848-0300] {logging_mixin.py:154} INFO - [2025-06-16T22:21:41.847-0300] {dagbag.py:536} INFO - Filling up the DagBag from /mnt/c/Users/arcan/Documents/airflow/.venv/lib/python3.10/site-packages/airflow/example_dags/example_nested_branch_dag.py
[2025-06-16T22:21:41.914-0300] {processor.py:839} INFO - DAG(s) dict_keys(['example_nested_branch_dag']) retrieved from /mnt/c/Users/arcan/Documents/airflow/.venv/lib/python3.10/site-packages/airflow/example_dags/example_nested_branch_dag.py
[2025-06-16T22:21:41.971-0300] {logging_mixin.py:154} INFO - [2025-06-16T22:21:41.971-0300] {dag.py:2941} INFO - Sync 1 DAGs
[2025-06-16T22:21:42.013-0300] {logging_mixin.py:154} INFO - [2025-06-16T22:21:42.013-0300] {dag.py:3722} INFO - Setting next_dagrun for example_nested_branch_dag to 2025-06-16T00:00:00+00:00, run_after=2025-06-17T00:00:00+00:00
[2025-06-16T22:21:42.185-0300] {processor.py:179} INFO - Processing /mnt/c/Users/arcan/Documents/airflow/.venv/lib/python3.10/site-packages/airflow/example_dags/example_nested_branch_dag.py took 0.349 seconds
[2025-06-16T22:23:04.272-0300] {processor.py:157} INFO - Started process (PID=60969) to work on /mnt/c/Users/arcan/Documents/airflow/.venv/lib/python3.10/site-packages/airflow/example_dags/example_nested_branch_dag.py
[2025-06-16T22:23:04.276-0300] {processor.py:829} INFO - Processing file /mnt/c/Users/arcan/Documents/airflow/.venv/lib/python3.10/site-packages/airflow/example_dags/example_nested_branch_dag.py for tasks to queue
[2025-06-16T22:23:04.278-0300] {logging_mixin.py:154} INFO - [2025-06-16T22:23:04.277-0300] {dagbag.py:536} INFO - Filling up the DagBag from /mnt/c/Users/arcan/Documents/airflow/.venv/lib/python3.10/site-packages/airflow/example_dags/example_nested_branch_dag.py
[2025-06-16T22:23:04.352-0300] {processor.py:839} INFO - DAG(s) dict_keys(['example_nested_branch_dag']) retrieved from /mnt/c/Users/arcan/Documents/airflow/.venv/lib/python3.10/site-packages/airflow/example_dags/example_nested_branch_dag.py
[2025-06-16T22:23:04.430-0300] {logging_mixin.py:154} INFO - [2025-06-16T22:23:04.428-0300] {dag.py:2941} INFO - Sync 1 DAGs
[2025-06-16T22:23:04.484-0300] {logging_mixin.py:154} INFO - [2025-06-16T22:23:04.484-0300] {dag.py:3722} INFO - Setting next_dagrun for example_nested_branch_dag to 2025-06-16T00:00:00+00:00, run_after=2025-06-17T00:00:00+00:00
[2025-06-16T22:23:04.666-0300] {processor.py:179} INFO - Processing /mnt/c/Users/arcan/Documents/airflow/.venv/lib/python3.10/site-packages/airflow/example_dags/example_nested_branch_dag.py took 0.402 seconds
[2025-06-16T22:24:29.829-0300] {processor.py:157} INFO - Started process (PID=61342) to work on /mnt/c/Users/arcan/Documents/airflow/.venv/lib/python3.10/site-packages/airflow/example_dags/example_nested_branch_dag.py
[2025-06-16T22:24:29.832-0300] {processor.py:829} INFO - Processing file /mnt/c/Users/arcan/Documents/airflow/.venv/lib/python3.10/site-packages/airflow/example_dags/example_nested_branch_dag.py for tasks to queue
[2025-06-16T22:24:29.835-0300] {logging_mixin.py:154} INFO - [2025-06-16T22:24:29.834-0300] {dagbag.py:536} INFO - Filling up the DagBag from /mnt/c/Users/arcan/Documents/airflow/.venv/lib/python3.10/site-packages/airflow/example_dags/example_nested_branch_dag.py
[2025-06-16T22:24:29.898-0300] {processor.py:839} INFO - DAG(s) dict_keys(['example_nested_branch_dag']) retrieved from /mnt/c/Users/arcan/Documents/airflow/.venv/lib/python3.10/site-packages/airflow/example_dags/example_nested_branch_dag.py
[2025-06-16T22:24:29.952-0300] {logging_mixin.py:154} INFO - [2025-06-16T22:24:29.951-0300] {dag.py:2941} INFO - Sync 1 DAGs
[2025-06-16T22:24:29.997-0300] {logging_mixin.py:154} INFO - [2025-06-16T22:24:29.997-0300] {dag.py:3722} INFO - Setting next_dagrun for example_nested_branch_dag to 2025-06-16T00:00:00+00:00, run_after=2025-06-17T00:00:00+00:00
[2025-06-16T22:24:30.142-0300] {processor.py:179} INFO - Processing /mnt/c/Users/arcan/Documents/airflow/.venv/lib/python3.10/site-packages/airflow/example_dags/example_nested_branch_dag.py took 0.321 seconds
[2025-06-16T22:25:48.583-0300] {processor.py:157} INFO - Started process (PID=61565) to work on /mnt/c/Users/arcan/Documents/airflow/.venv/lib/python3.10/site-packages/airflow/example_dags/example_nested_branch_dag.py
[2025-06-16T22:25:48.586-0300] {processor.py:829} INFO - Processing file /mnt/c/Users/arcan/Documents/airflow/.venv/lib/python3.10/site-packages/airflow/example_dags/example_nested_branch_dag.py for tasks to queue
[2025-06-16T22:25:48.588-0300] {logging_mixin.py:154} INFO - [2025-06-16T22:25:48.588-0300] {dagbag.py:536} INFO - Filling up the DagBag from /mnt/c/Users/arcan/Documents/airflow/.venv/lib/python3.10/site-packages/airflow/example_dags/example_nested_branch_dag.py
[2025-06-16T22:25:48.659-0300] {processor.py:839} INFO - DAG(s) dict_keys(['example_nested_branch_dag']) retrieved from /mnt/c/Users/arcan/Documents/airflow/.venv/lib/python3.10/site-packages/airflow/example_dags/example_nested_branch_dag.py
[2025-06-16T22:25:48.725-0300] {logging_mixin.py:154} INFO - [2025-06-16T22:25:48.724-0300] {dag.py:2941} INFO - Sync 1 DAGs
[2025-06-16T22:25:48.798-0300] {logging_mixin.py:154} INFO - [2025-06-16T22:25:48.798-0300] {dag.py:3722} INFO - Setting next_dagrun for example_nested_branch_dag to 2025-06-16T00:00:00+00:00, run_after=2025-06-17T00:00:00+00:00
[2025-06-16T22:25:48.979-0300] {processor.py:179} INFO - Processing /mnt/c/Users/arcan/Documents/airflow/.venv/lib/python3.10/site-packages/airflow/example_dags/example_nested_branch_dag.py took 0.403 seconds
[2025-06-16T22:27:10.673-0300] {processor.py:157} INFO - Started process (PID=61801) to work on /mnt/c/Users/arcan/Documents/airflow/.venv/lib/python3.10/site-packages/airflow/example_dags/example_nested_branch_dag.py
[2025-06-16T22:27:10.676-0300] {processor.py:829} INFO - Processing file /mnt/c/Users/arcan/Documents/airflow/.venv/lib/python3.10/site-packages/airflow/example_dags/example_nested_branch_dag.py for tasks to queue
[2025-06-16T22:27:10.678-0300] {logging_mixin.py:154} INFO - [2025-06-16T22:27:10.677-0300] {dagbag.py:536} INFO - Filling up the DagBag from /mnt/c/Users/arcan/Documents/airflow/.venv/lib/python3.10/site-packages/airflow/example_dags/example_nested_branch_dag.py
[2025-06-16T22:27:10.747-0300] {processor.py:839} INFO - DAG(s) dict_keys(['example_nested_branch_dag']) retrieved from /mnt/c/Users/arcan/Documents/airflow/.venv/lib/python3.10/site-packages/airflow/example_dags/example_nested_branch_dag.py
[2025-06-16T22:27:10.805-0300] {logging_mixin.py:154} INFO - [2025-06-16T22:27:10.804-0300] {dag.py:2941} INFO - Sync 1 DAGs
[2025-06-16T22:27:10.851-0300] {logging_mixin.py:154} INFO - [2025-06-16T22:27:10.851-0300] {dag.py:3722} INFO - Setting next_dagrun for example_nested_branch_dag to 2025-06-16T00:00:00+00:00, run_after=2025-06-17T00:00:00+00:00
[2025-06-16T22:27:10.971-0300] {processor.py:179} INFO - Processing /mnt/c/Users/arcan/Documents/airflow/.venv/lib/python3.10/site-packages/airflow/example_dags/example_nested_branch_dag.py took 0.304 seconds
[2025-06-16T22:28:28.460-0300] {processor.py:157} INFO - Started process (PID=62020) to work on /mnt/c/Users/arcan/Documents/airflow/.venv/lib/python3.10/site-packages/airflow/example_dags/example_nested_branch_dag.py
[2025-06-16T22:28:28.463-0300] {processor.py:829} INFO - Processing file /mnt/c/Users/arcan/Documents/airflow/.venv/lib/python3.10/site-packages/airflow/example_dags/example_nested_branch_dag.py for tasks to queue
[2025-06-16T22:28:28.466-0300] {logging_mixin.py:154} INFO - [2025-06-16T22:28:28.465-0300] {dagbag.py:536} INFO - Filling up the DagBag from /mnt/c/Users/arcan/Documents/airflow/.venv/lib/python3.10/site-packages/airflow/example_dags/example_nested_branch_dag.py
[2025-06-16T22:28:28.539-0300] {processor.py:839} INFO - DAG(s) dict_keys(['example_nested_branch_dag']) retrieved from /mnt/c/Users/arcan/Documents/airflow/.venv/lib/python3.10/site-packages/airflow/example_dags/example_nested_branch_dag.py
[2025-06-16T22:28:28.607-0300] {logging_mixin.py:154} INFO - [2025-06-16T22:28:28.607-0300] {dag.py:2941} INFO - Sync 1 DAGs
[2025-06-16T22:28:28.658-0300] {logging_mixin.py:154} INFO - [2025-06-16T22:28:28.658-0300] {dag.py:3722} INFO - Setting next_dagrun for example_nested_branch_dag to 2025-06-16T00:00:00+00:00, run_after=2025-06-17T00:00:00+00:00
[2025-06-16T22:28:28.825-0300] {processor.py:179} INFO - Processing /mnt/c/Users/arcan/Documents/airflow/.venv/lib/python3.10/site-packages/airflow/example_dags/example_nested_branch_dag.py took 0.373 seconds
[2025-06-16T22:29:49.672-0300] {processor.py:157} INFO - Started process (PID=62258) to work on /mnt/c/Users/arcan/Documents/airflow/.venv/lib/python3.10/site-packages/airflow/example_dags/example_nested_branch_dag.py
[2025-06-16T22:29:49.674-0300] {processor.py:829} INFO - Processing file /mnt/c/Users/arcan/Documents/airflow/.venv/lib/python3.10/site-packages/airflow/example_dags/example_nested_branch_dag.py for tasks to queue
[2025-06-16T22:29:49.677-0300] {logging_mixin.py:154} INFO - [2025-06-16T22:29:49.676-0300] {dagbag.py:536} INFO - Filling up the DagBag from /mnt/c/Users/arcan/Documents/airflow/.venv/lib/python3.10/site-packages/airflow/example_dags/example_nested_branch_dag.py
[2025-06-16T22:29:49.750-0300] {processor.py:839} INFO - DAG(s) dict_keys(['example_nested_branch_dag']) retrieved from /mnt/c/Users/arcan/Documents/airflow/.venv/lib/python3.10/site-packages/airflow/example_dags/example_nested_branch_dag.py
[2025-06-16T22:29:49.815-0300] {logging_mixin.py:154} INFO - [2025-06-16T22:29:49.814-0300] {dag.py:2941} INFO - Sync 1 DAGs
[2025-06-16T22:29:49.863-0300] {logging_mixin.py:154} INFO - [2025-06-16T22:29:49.863-0300] {dag.py:3722} INFO - Setting next_dagrun for example_nested_branch_dag to 2025-06-16T00:00:00+00:00, run_after=2025-06-17T00:00:00+00:00
[2025-06-16T22:29:50.013-0300] {processor.py:179} INFO - Processing /mnt/c/Users/arcan/Documents/airflow/.venv/lib/python3.10/site-packages/airflow/example_dags/example_nested_branch_dag.py took 0.348 seconds
[2025-06-16T22:31:03.244-0300] {processor.py:157} INFO - Started process (PID=62473) to work on /mnt/c/Users/arcan/Documents/airflow/.venv/lib/python3.10/site-packages/airflow/example_dags/example_nested_branch_dag.py
[2025-06-16T22:31:03.247-0300] {processor.py:829} INFO - Processing file /mnt/c/Users/arcan/Documents/airflow/.venv/lib/python3.10/site-packages/airflow/example_dags/example_nested_branch_dag.py for tasks to queue
[2025-06-16T22:31:03.250-0300] {logging_mixin.py:154} INFO - [2025-06-16T22:31:03.249-0300] {dagbag.py:536} INFO - Filling up the DagBag from /mnt/c/Users/arcan/Documents/airflow/.venv/lib/python3.10/site-packages/airflow/example_dags/example_nested_branch_dag.py
[2025-06-16T22:31:03.319-0300] {processor.py:839} INFO - DAG(s) dict_keys(['example_nested_branch_dag']) retrieved from /mnt/c/Users/arcan/Documents/airflow/.venv/lib/python3.10/site-packages/airflow/example_dags/example_nested_branch_dag.py
[2025-06-16T22:31:03.372-0300] {logging_mixin.py:154} INFO - [2025-06-16T22:31:03.371-0300] {dag.py:2941} INFO - Sync 1 DAGs
[2025-06-16T22:31:03.411-0300] {logging_mixin.py:154} INFO - [2025-06-16T22:31:03.411-0300] {dag.py:3722} INFO - Setting next_dagrun for example_nested_branch_dag to 2025-06-16T00:00:00+00:00, run_after=2025-06-17T00:00:00+00:00
[2025-06-16T22:31:03.550-0300] {processor.py:179} INFO - Processing /mnt/c/Users/arcan/Documents/airflow/.venv/lib/python3.10/site-packages/airflow/example_dags/example_nested_branch_dag.py took 0.313 seconds
[2025-06-16T22:32:46.886-0300] {processor.py:157} INFO - Started process (PID=62843) to work on /mnt/c/Users/arcan/Documents/airflow/.venv/lib/python3.10/site-packages/airflow/example_dags/example_nested_branch_dag.py
[2025-06-16T22:32:46.888-0300] {processor.py:829} INFO - Processing file /mnt/c/Users/arcan/Documents/airflow/.venv/lib/python3.10/site-packages/airflow/example_dags/example_nested_branch_dag.py for tasks to queue
[2025-06-16T22:32:46.890-0300] {logging_mixin.py:154} INFO - [2025-06-16T22:32:46.889-0300] {dagbag.py:536} INFO - Filling up the DagBag from /mnt/c/Users/arcan/Documents/airflow/.venv/lib/python3.10/site-packages/airflow/example_dags/example_nested_branch_dag.py
[2025-06-16T22:32:46.944-0300] {processor.py:839} INFO - DAG(s) dict_keys(['example_nested_branch_dag']) retrieved from /mnt/c/Users/arcan/Documents/airflow/.venv/lib/python3.10/site-packages/airflow/example_dags/example_nested_branch_dag.py
[2025-06-16T22:32:47.005-0300] {logging_mixin.py:154} INFO - [2025-06-16T22:32:47.005-0300] {dag.py:2941} INFO - Sync 1 DAGs
[2025-06-16T22:32:47.036-0300] {logging_mixin.py:154} INFO - [2025-06-16T22:32:47.036-0300] {dag.py:3722} INFO - Setting next_dagrun for example_nested_branch_dag to 2025-06-16T00:00:00+00:00, run_after=2025-06-17T00:00:00+00:00
[2025-06-16T22:32:47.136-0300] {processor.py:179} INFO - Processing /mnt/c/Users/arcan/Documents/airflow/.venv/lib/python3.10/site-packages/airflow/example_dags/example_nested_branch_dag.py took 0.255 seconds
[2025-06-17T20:50:57.473-0300] {processor.py:157} INFO - Started process (PID=63666) to work on /mnt/c/Users/arcan/Documents/airflow/.venv/lib/python3.10/site-packages/airflow/example_dags/example_nested_branch_dag.py
[2025-06-17T20:50:57.476-0300] {processor.py:829} INFO - Processing file /mnt/c/Users/arcan/Documents/airflow/.venv/lib/python3.10/site-packages/airflow/example_dags/example_nested_branch_dag.py for tasks to queue
[2025-06-17T20:50:57.479-0300] {logging_mixin.py:154} INFO - [2025-06-17T20:50:57.478-0300] {dagbag.py:536} INFO - Filling up the DagBag from /mnt/c/Users/arcan/Documents/airflow/.venv/lib/python3.10/site-packages/airflow/example_dags/example_nested_branch_dag.py
[2025-06-17T20:50:57.542-0300] {processor.py:839} INFO - DAG(s) dict_keys(['example_nested_branch_dag']) retrieved from /mnt/c/Users/arcan/Documents/airflow/.venv/lib/python3.10/site-packages/airflow/example_dags/example_nested_branch_dag.py
[2025-06-17T20:50:57.620-0300] {logging_mixin.py:154} INFO - [2025-06-17T20:50:57.619-0300] {dag.py:2941} INFO - Sync 1 DAGs
[2025-06-17T20:50:57.667-0300] {logging_mixin.py:154} INFO - [2025-06-17T20:50:57.666-0300] {dag.py:3722} INFO - Setting next_dagrun for example_nested_branch_dag to 2025-06-16T00:00:00+00:00, run_after=2025-06-17T00:00:00+00:00
[2025-06-17T20:50:57.801-0300] {processor.py:179} INFO - Processing /mnt/c/Users/arcan/Documents/airflow/.venv/lib/python3.10/site-packages/airflow/example_dags/example_nested_branch_dag.py took 0.335 seconds
[2025-06-17T20:52:09.650-0300] {processor.py:157} INFO - Started process (PID=63826) to work on /mnt/c/Users/arcan/Documents/airflow/.venv/lib/python3.10/site-packages/airflow/example_dags/example_nested_branch_dag.py
[2025-06-17T20:52:09.653-0300] {processor.py:829} INFO - Processing file /mnt/c/Users/arcan/Documents/airflow/.venv/lib/python3.10/site-packages/airflow/example_dags/example_nested_branch_dag.py for tasks to queue
[2025-06-17T20:52:09.657-0300] {logging_mixin.py:154} INFO - [2025-06-17T20:52:09.656-0300] {dagbag.py:536} INFO - Filling up the DagBag from /mnt/c/Users/arcan/Documents/airflow/.venv/lib/python3.10/site-packages/airflow/example_dags/example_nested_branch_dag.py
[2025-06-17T20:52:09.750-0300] {processor.py:839} INFO - DAG(s) dict_keys(['example_nested_branch_dag']) retrieved from /mnt/c/Users/arcan/Documents/airflow/.venv/lib/python3.10/site-packages/airflow/example_dags/example_nested_branch_dag.py
[2025-06-17T20:52:09.810-0300] {logging_mixin.py:154} INFO - [2025-06-17T20:52:09.810-0300] {dag.py:2941} INFO - Sync 1 DAGs
[2025-06-17T20:52:09.854-0300] {logging_mixin.py:154} INFO - [2025-06-17T20:52:09.853-0300] {dag.py:3722} INFO - Setting next_dagrun for example_nested_branch_dag to 2025-06-16T00:00:00+00:00, run_after=2025-06-17T00:00:00+00:00
[2025-06-17T20:52:09.964-0300] {processor.py:179} INFO - Processing /mnt/c/Users/arcan/Documents/airflow/.venv/lib/python3.10/site-packages/airflow/example_dags/example_nested_branch_dag.py took 0.322 seconds
[2025-06-17T20:53:30.867-0300] {processor.py:157} INFO - Started process (PID=64176) to work on /mnt/c/Users/arcan/Documents/airflow/.venv/lib/python3.10/site-packages/airflow/example_dags/example_nested_branch_dag.py
[2025-06-17T20:53:30.868-0300] {processor.py:829} INFO - Processing file /mnt/c/Users/arcan/Documents/airflow/.venv/lib/python3.10/site-packages/airflow/example_dags/example_nested_branch_dag.py for tasks to queue
[2025-06-17T20:53:30.870-0300] {logging_mixin.py:154} INFO - [2025-06-17T20:53:30.870-0300] {dagbag.py:536} INFO - Filling up the DagBag from /mnt/c/Users/arcan/Documents/airflow/.venv/lib/python3.10/site-packages/airflow/example_dags/example_nested_branch_dag.py
[2025-06-17T20:53:30.924-0300] {processor.py:839} INFO - DAG(s) dict_keys(['example_nested_branch_dag']) retrieved from /mnt/c/Users/arcan/Documents/airflow/.venv/lib/python3.10/site-packages/airflow/example_dags/example_nested_branch_dag.py
[2025-06-17T20:53:30.974-0300] {logging_mixin.py:154} INFO - [2025-06-17T20:53:30.973-0300] {dag.py:2941} INFO - Sync 1 DAGs
[2025-06-17T20:53:31.016-0300] {logging_mixin.py:154} INFO - [2025-06-17T20:53:31.016-0300] {dag.py:3722} INFO - Setting next_dagrun for example_nested_branch_dag to 2025-06-16T00:00:00+00:00, run_after=2025-06-17T00:00:00+00:00
[2025-06-17T20:53:31.123-0300] {processor.py:179} INFO - Processing /mnt/c/Users/arcan/Documents/airflow/.venv/lib/python3.10/site-packages/airflow/example_dags/example_nested_branch_dag.py took 0.262 seconds
[2025-06-17T20:54:42.617-0300] {processor.py:157} INFO - Started process (PID=64386) to work on /mnt/c/Users/arcan/Documents/airflow/.venv/lib/python3.10/site-packages/airflow/example_dags/example_nested_branch_dag.py
[2025-06-17T20:54:42.619-0300] {processor.py:829} INFO - Processing file /mnt/c/Users/arcan/Documents/airflow/.venv/lib/python3.10/site-packages/airflow/example_dags/example_nested_branch_dag.py for tasks to queue
[2025-06-17T20:54:42.622-0300] {logging_mixin.py:154} INFO - [2025-06-17T20:54:42.621-0300] {dagbag.py:536} INFO - Filling up the DagBag from /mnt/c/Users/arcan/Documents/airflow/.venv/lib/python3.10/site-packages/airflow/example_dags/example_nested_branch_dag.py
[2025-06-17T20:54:42.671-0300] {processor.py:839} INFO - DAG(s) dict_keys(['example_nested_branch_dag']) retrieved from /mnt/c/Users/arcan/Documents/airflow/.venv/lib/python3.10/site-packages/airflow/example_dags/example_nested_branch_dag.py
[2025-06-17T20:54:42.717-0300] {logging_mixin.py:154} INFO - [2025-06-17T20:54:42.717-0300] {dag.py:2941} INFO - Sync 1 DAGs
[2025-06-17T20:54:42.754-0300] {logging_mixin.py:154} INFO - [2025-06-17T20:54:42.753-0300] {dag.py:3722} INFO - Setting next_dagrun for example_nested_branch_dag to 2025-06-16T00:00:00+00:00, run_after=2025-06-17T00:00:00+00:00
[2025-06-17T20:54:42.849-0300] {processor.py:179} INFO - Processing /mnt/c/Users/arcan/Documents/airflow/.venv/lib/python3.10/site-packages/airflow/example_dags/example_nested_branch_dag.py took 0.237 seconds
[2025-06-17T20:55:53.673-0300] {processor.py:157} INFO - Started process (PID=64593) to work on /mnt/c/Users/arcan/Documents/airflow/.venv/lib/python3.10/site-packages/airflow/example_dags/example_nested_branch_dag.py
[2025-06-17T20:55:53.675-0300] {processor.py:829} INFO - Processing file /mnt/c/Users/arcan/Documents/airflow/.venv/lib/python3.10/site-packages/airflow/example_dags/example_nested_branch_dag.py for tasks to queue
[2025-06-17T20:55:53.678-0300] {logging_mixin.py:154} INFO - [2025-06-17T20:55:53.677-0300] {dagbag.py:536} INFO - Filling up the DagBag from /mnt/c/Users/arcan/Documents/airflow/.venv/lib/python3.10/site-packages/airflow/example_dags/example_nested_branch_dag.py
[2025-06-17T20:55:53.748-0300] {processor.py:839} INFO - DAG(s) dict_keys(['example_nested_branch_dag']) retrieved from /mnt/c/Users/arcan/Documents/airflow/.venv/lib/python3.10/site-packages/airflow/example_dags/example_nested_branch_dag.py
[2025-06-17T20:55:53.812-0300] {logging_mixin.py:154} INFO - [2025-06-17T20:55:53.811-0300] {dag.py:2941} INFO - Sync 1 DAGs
[2025-06-17T20:55:53.864-0300] {logging_mixin.py:154} INFO - [2025-06-17T20:55:53.863-0300] {dag.py:3722} INFO - Setting next_dagrun for example_nested_branch_dag to 2025-06-16T00:00:00+00:00, run_after=2025-06-17T00:00:00+00:00
[2025-06-17T20:55:54.007-0300] {processor.py:179} INFO - Processing /mnt/c/Users/arcan/Documents/airflow/.venv/lib/python3.10/site-packages/airflow/example_dags/example_nested_branch_dag.py took 0.338 seconds
