[2025-06-16T22:03:55.938-0300] {processor.py:157} INFO - Started process (PID=57304) to work on /mnt/c/Users/arcan/Documents/airflow/.venv/lib/python3.10/site-packages/airflow/example_dags/example_params_trigger_ui.py
[2025-06-16T22:03:55.940-0300] {processor.py:829} INFO - Processing file /mnt/c/Users/arcan/Documents/airflow/.venv/lib/python3.10/site-packages/airflow/example_dags/example_params_trigger_ui.py for tasks to queue
[2025-06-16T22:03:55.942-0300] {logging_mixin.py:154} INFO - [2025-06-16T22:03:55.941-0300] {dagbag.py:536} INFO - Filling up the DagBag from /mnt/c/Users/arcan/Documents/airflow/.venv/lib/python3.10/site-packages/airflow/example_dags/example_params_trigger_ui.py
[2025-06-16T22:03:56.022-0300] {processor.py:839} INFO - DAG(s) dict_keys(['example_params_trigger_ui']) retrieved from /mnt/c/Users/arcan/Documents/airflow/.venv/lib/python3.10/site-packages/airflow/example_dags/example_params_trigger_ui.py
[2025-06-16T22:03:56.097-0300] {logging_mixin.py:154} INFO - [2025-06-16T22:03:56.097-0300] {dag.py:2941} INFO - Sync 1 DAGs
[2025-06-16T22:03:56.117-0300] {logging_mixin.py:154} INFO - [2025-06-16T22:03:56.117-0300] {dag.py:3722} INFO - Setting next_dagrun for example_params_trigger_ui to None, run_after=None
[2025-06-16T22:03:56.256-0300] {processor.py:179} INFO - Processing /mnt/c/Users/arcan/Documents/airflow/.venv/lib/python3.10/site-packages/airflow/example_dags/example_params_trigger_ui.py took 0.322 seconds
[2025-06-16T22:05:07.458-0300] {processor.py:157} INFO - Started process (PID=57549) to work on /mnt/c/Users/arcan/Documents/airflow/.venv/lib/python3.10/site-packages/airflow/example_dags/example_params_trigger_ui.py
[2025-06-16T22:05:07.461-0300] {processor.py:829} INFO - Processing file /mnt/c/Users/arcan/Documents/airflow/.venv/lib/python3.10/site-packages/airflow/example_dags/example_params_trigger_ui.py for tasks to queue
[2025-06-16T22:05:07.464-0300] {logging_mixin.py:154} INFO - [2025-06-16T22:05:07.463-0300] {dagbag.py:536} INFO - Filling up the DagBag from /mnt/c/Users/arcan/Documents/airflow/.venv/lib/python3.10/site-packages/airflow/example_dags/example_params_trigger_ui.py
[2025-06-16T22:05:07.550-0300] {processor.py:839} INFO - DAG(s) dict_keys(['example_params_trigger_ui']) retrieved from /mnt/c/Users/arcan/Documents/airflow/.venv/lib/python3.10/site-packages/airflow/example_dags/example_params_trigger_ui.py
[2025-06-16T22:05:07.638-0300] {logging_mixin.py:154} INFO - [2025-06-16T22:05:07.638-0300] {dag.py:2941} INFO - Sync 1 DAGs
[2025-06-16T22:05:07.666-0300] {logging_mixin.py:154} INFO - [2025-06-16T22:05:07.666-0300] {dag.py:3722} INFO - Setting next_dagrun for example_params_trigger_ui to None, run_after=None
[2025-06-16T22:05:07.795-0300] {processor.py:179} INFO - Processing /mnt/c/Users/arcan/Documents/airflow/.venv/lib/python3.10/site-packages/airflow/example_dags/example_params_trigger_ui.py took 0.344 seconds
[2025-06-16T22:06:20.113-0300] {processor.py:157} INFO - Started process (PID=57760) to work on /mnt/c/Users/arcan/Documents/airflow/.venv/lib/python3.10/site-packages/airflow/example_dags/example_params_trigger_ui.py
[2025-06-16T22:06:20.116-0300] {processor.py:829} INFO - Processing file /mnt/c/Users/arcan/Documents/airflow/.venv/lib/python3.10/site-packages/airflow/example_dags/example_params_trigger_ui.py for tasks to queue
[2025-06-16T22:06:20.118-0300] {logging_mixin.py:154} INFO - [2025-06-16T22:06:20.117-0300] {dagbag.py:536} INFO - Filling up the DagBag from /mnt/c/Users/arcan/Documents/airflow/.venv/lib/python3.10/site-packages/airflow/example_dags/example_params_trigger_ui.py
[2025-06-16T22:06:20.204-0300] {processor.py:839} INFO - DAG(s) dict_keys(['example_params_trigger_ui']) retrieved from /mnt/c/Users/arcan/Documents/airflow/.venv/lib/python3.10/site-packages/airflow/example_dags/example_params_trigger_ui.py
[2025-06-16T22:06:20.328-0300] {logging_mixin.py:154} INFO - [2025-06-16T22:06:20.327-0300] {dag.py:2941} INFO - Sync 1 DAGs
[2025-06-16T22:06:20.371-0300] {logging_mixin.py:154} INFO - [2025-06-16T22:06:20.371-0300] {dag.py:3722} INFO - Setting next_dagrun for example_params_trigger_ui to None, run_after=None
[2025-06-16T22:06:20.507-0300] {processor.py:179} INFO - Processing /mnt/c/Users/arcan/Documents/airflow/.venv/lib/python3.10/site-packages/airflow/example_dags/example_params_trigger_ui.py took 0.401 seconds
[2025-06-16T22:07:32.060-0300] {processor.py:157} INFO - Started process (PID=57973) to work on /mnt/c/Users/arcan/Documents/airflow/.venv/lib/python3.10/site-packages/airflow/example_dags/example_params_trigger_ui.py
[2025-06-16T22:07:32.063-0300] {processor.py:829} INFO - Processing file /mnt/c/Users/arcan/Documents/airflow/.venv/lib/python3.10/site-packages/airflow/example_dags/example_params_trigger_ui.py for tasks to queue
[2025-06-16T22:07:32.065-0300] {logging_mixin.py:154} INFO - [2025-06-16T22:07:32.065-0300] {dagbag.py:536} INFO - Filling up the DagBag from /mnt/c/Users/arcan/Documents/airflow/.venv/lib/python3.10/site-packages/airflow/example_dags/example_params_trigger_ui.py
[2025-06-16T22:07:32.131-0300] {processor.py:839} INFO - DAG(s) dict_keys(['example_params_trigger_ui']) retrieved from /mnt/c/Users/arcan/Documents/airflow/.venv/lib/python3.10/site-packages/airflow/example_dags/example_params_trigger_ui.py
[2025-06-16T22:07:32.218-0300] {logging_mixin.py:154} INFO - [2025-06-16T22:07:32.217-0300] {dag.py:2941} INFO - Sync 1 DAGs
[2025-06-16T22:07:32.248-0300] {logging_mixin.py:154} INFO - [2025-06-16T22:07:32.247-0300] {dag.py:3722} INFO - Setting next_dagrun for example_params_trigger_ui to None, run_after=None
[2025-06-16T22:07:32.359-0300] {processor.py:179} INFO - Processing /mnt/c/Users/arcan/Documents/airflow/.venv/lib/python3.10/site-packages/airflow/example_dags/example_params_trigger_ui.py took 0.305 seconds
[2025-06-16T22:08:47.094-0300] {processor.py:157} INFO - Started process (PID=58318) to work on /mnt/c/Users/arcan/Documents/airflow/.venv/lib/python3.10/site-packages/airflow/example_dags/example_params_trigger_ui.py
[2025-06-16T22:08:47.096-0300] {processor.py:829} INFO - Processing file /mnt/c/Users/arcan/Documents/airflow/.venv/lib/python3.10/site-packages/airflow/example_dags/example_params_trigger_ui.py for tasks to queue
[2025-06-16T22:08:47.098-0300] {logging_mixin.py:154} INFO - [2025-06-16T22:08:47.097-0300] {dagbag.py:536} INFO - Filling up the DagBag from /mnt/c/Users/arcan/Documents/airflow/.venv/lib/python3.10/site-packages/airflow/example_dags/example_params_trigger_ui.py
[2025-06-16T22:08:47.156-0300] {processor.py:839} INFO - DAG(s) dict_keys(['example_params_trigger_ui']) retrieved from /mnt/c/Users/arcan/Documents/airflow/.venv/lib/python3.10/site-packages/airflow/example_dags/example_params_trigger_ui.py
[2025-06-16T22:08:47.217-0300] {logging_mixin.py:154} INFO - [2025-06-16T22:08:47.217-0300] {dag.py:2941} INFO - Sync 1 DAGs
[2025-06-16T22:08:47.234-0300] {logging_mixin.py:154} INFO - [2025-06-16T22:08:47.234-0300] {dag.py:3722} INFO - Setting next_dagrun for example_params_trigger_ui to None, run_after=None
[2025-06-16T22:08:47.323-0300] {processor.py:179} INFO - Processing /mnt/c/Users/arcan/Documents/airflow/.venv/lib/python3.10/site-packages/airflow/example_dags/example_params_trigger_ui.py took 0.234 seconds
[2025-06-16T22:09:51.418-0300] {processor.py:157} INFO - Started process (PID=58512) to work on /mnt/c/Users/arcan/Documents/airflow/.venv/lib/python3.10/site-packages/airflow/example_dags/example_params_trigger_ui.py
[2025-06-16T22:09:51.420-0300] {processor.py:829} INFO - Processing file /mnt/c/Users/arcan/Documents/airflow/.venv/lib/python3.10/site-packages/airflow/example_dags/example_params_trigger_ui.py for tasks to queue
[2025-06-16T22:09:51.422-0300] {logging_mixin.py:154} INFO - [2025-06-16T22:09:51.421-0300] {dagbag.py:536} INFO - Filling up the DagBag from /mnt/c/Users/arcan/Documents/airflow/.venv/lib/python3.10/site-packages/airflow/example_dags/example_params_trigger_ui.py
[2025-06-16T22:09:51.483-0300] {processor.py:839} INFO - DAG(s) dict_keys(['example_params_trigger_ui']) retrieved from /mnt/c/Users/arcan/Documents/airflow/.venv/lib/python3.10/site-packages/airflow/example_dags/example_params_trigger_ui.py
[2025-06-16T22:09:51.567-0300] {logging_mixin.py:154} INFO - [2025-06-16T22:09:51.567-0300] {dag.py:2941} INFO - Sync 1 DAGs
[2025-06-16T22:09:51.590-0300] {logging_mixin.py:154} INFO - [2025-06-16T22:09:51.590-0300] {dag.py:3722} INFO - Setting next_dagrun for example_params_trigger_ui to None, run_after=None
[2025-06-16T22:09:51.691-0300] {processor.py:179} INFO - Processing /mnt/c/Users/arcan/Documents/airflow/.venv/lib/python3.10/site-packages/airflow/example_dags/example_params_trigger_ui.py took 0.280 seconds
[2025-06-16T22:10:56.216-0300] {processor.py:157} INFO - Started process (PID=58709) to work on /mnt/c/Users/arcan/Documents/airflow/.venv/lib/python3.10/site-packages/airflow/example_dags/example_params_trigger_ui.py
[2025-06-16T22:10:56.218-0300] {processor.py:829} INFO - Processing file /mnt/c/Users/arcan/Documents/airflow/.venv/lib/python3.10/site-packages/airflow/example_dags/example_params_trigger_ui.py for tasks to queue
[2025-06-16T22:10:56.220-0300] {logging_mixin.py:154} INFO - [2025-06-16T22:10:56.219-0300] {dagbag.py:536} INFO - Filling up the DagBag from /mnt/c/Users/arcan/Documents/airflow/.venv/lib/python3.10/site-packages/airflow/example_dags/example_params_trigger_ui.py
[2025-06-16T22:10:56.271-0300] {processor.py:839} INFO - DAG(s) dict_keys(['example_params_trigger_ui']) retrieved from /mnt/c/Users/arcan/Documents/airflow/.venv/lib/python3.10/site-packages/airflow/example_dags/example_params_trigger_ui.py
[2025-06-16T22:10:56.332-0300] {logging_mixin.py:154} INFO - [2025-06-16T22:10:56.331-0300] {dag.py:2941} INFO - Sync 1 DAGs
[2025-06-16T22:10:56.349-0300] {logging_mixin.py:154} INFO - [2025-06-16T22:10:56.348-0300] {dag.py:3722} INFO - Setting next_dagrun for example_params_trigger_ui to None, run_after=None
[2025-06-16T22:10:56.447-0300] {processor.py:179} INFO - Processing /mnt/c/Users/arcan/Documents/airflow/.venv/lib/python3.10/site-packages/airflow/example_dags/example_params_trigger_ui.py took 0.236 seconds
[2025-06-16T22:11:55.383-0300] {processor.py:157} INFO - Started process (PID=58884) to work on /mnt/c/Users/arcan/Documents/airflow/.venv/lib/python3.10/site-packages/airflow/example_dags/example_params_trigger_ui.py
[2025-06-16T22:11:55.386-0300] {processor.py:829} INFO - Processing file /mnt/c/Users/arcan/Documents/airflow/.venv/lib/python3.10/site-packages/airflow/example_dags/example_params_trigger_ui.py for tasks to queue
[2025-06-16T22:11:55.388-0300] {logging_mixin.py:154} INFO - [2025-06-16T22:11:55.387-0300] {dagbag.py:536} INFO - Filling up the DagBag from /mnt/c/Users/arcan/Documents/airflow/.venv/lib/python3.10/site-packages/airflow/example_dags/example_params_trigger_ui.py
[2025-06-16T22:11:55.483-0300] {processor.py:839} INFO - DAG(s) dict_keys(['example_params_trigger_ui']) retrieved from /mnt/c/Users/arcan/Documents/airflow/.venv/lib/python3.10/site-packages/airflow/example_dags/example_params_trigger_ui.py
[2025-06-16T22:11:55.560-0300] {logging_mixin.py:154} INFO - [2025-06-16T22:11:55.560-0300] {dag.py:2941} INFO - Sync 1 DAGs
[2025-06-16T22:11:55.579-0300] {logging_mixin.py:154} INFO - [2025-06-16T22:11:55.579-0300] {dag.py:3722} INFO - Setting next_dagrun for example_params_trigger_ui to None, run_after=None
[2025-06-16T22:11:55.689-0300] {processor.py:179} INFO - Processing /mnt/c/Users/arcan/Documents/airflow/.venv/lib/python3.10/site-packages/airflow/example_dags/example_params_trigger_ui.py took 0.317 seconds
[2025-06-16T22:12:53.713-0300] {processor.py:157} INFO - Started process (PID=59065) to work on /mnt/c/Users/arcan/Documents/airflow/.venv/lib/python3.10/site-packages/airflow/example_dags/example_params_trigger_ui.py
[2025-06-16T22:12:53.715-0300] {processor.py:829} INFO - Processing file /mnt/c/Users/arcan/Documents/airflow/.venv/lib/python3.10/site-packages/airflow/example_dags/example_params_trigger_ui.py for tasks to queue
[2025-06-16T22:12:53.716-0300] {logging_mixin.py:154} INFO - [2025-06-16T22:12:53.716-0300] {dagbag.py:536} INFO - Filling up the DagBag from /mnt/c/Users/arcan/Documents/airflow/.venv/lib/python3.10/site-packages/airflow/example_dags/example_params_trigger_ui.py
[2025-06-16T22:12:53.774-0300] {processor.py:839} INFO - DAG(s) dict_keys(['example_params_trigger_ui']) retrieved from /mnt/c/Users/arcan/Documents/airflow/.venv/lib/python3.10/site-packages/airflow/example_dags/example_params_trigger_ui.py
[2025-06-16T22:12:53.840-0300] {logging_mixin.py:154} INFO - [2025-06-16T22:12:53.840-0300] {dag.py:2941} INFO - Sync 1 DAGs
[2025-06-16T22:12:53.857-0300] {logging_mixin.py:154} INFO - [2025-06-16T22:12:53.857-0300] {dag.py:3722} INFO - Setting next_dagrun for example_params_trigger_ui to None, run_after=None
[2025-06-16T22:12:53.946-0300] {processor.py:179} INFO - Processing /mnt/c/Users/arcan/Documents/airflow/.venv/lib/python3.10/site-packages/airflow/example_dags/example_params_trigger_ui.py took 0.238 seconds
[2025-06-16T22:14:01.716-0300] {processor.py:157} INFO - Started process (PID=59265) to work on /mnt/c/Users/arcan/Documents/airflow/.venv/lib/python3.10/site-packages/airflow/example_dags/example_params_trigger_ui.py
[2025-06-16T22:14:01.717-0300] {processor.py:829} INFO - Processing file /mnt/c/Users/arcan/Documents/airflow/.venv/lib/python3.10/site-packages/airflow/example_dags/example_params_trigger_ui.py for tasks to queue
[2025-06-16T22:14:01.719-0300] {logging_mixin.py:154} INFO - [2025-06-16T22:14:01.718-0300] {dagbag.py:536} INFO - Filling up the DagBag from /mnt/c/Users/arcan/Documents/airflow/.venv/lib/python3.10/site-packages/airflow/example_dags/example_params_trigger_ui.py
[2025-06-16T22:14:01.786-0300] {processor.py:839} INFO - DAG(s) dict_keys(['example_params_trigger_ui']) retrieved from /mnt/c/Users/arcan/Documents/airflow/.venv/lib/python3.10/site-packages/airflow/example_dags/example_params_trigger_ui.py
[2025-06-16T22:14:01.854-0300] {logging_mixin.py:154} INFO - [2025-06-16T22:14:01.854-0300] {dag.py:2941} INFO - Sync 1 DAGs
[2025-06-16T22:14:01.877-0300] {logging_mixin.py:154} INFO - [2025-06-16T22:14:01.877-0300] {dag.py:3722} INFO - Setting next_dagrun for example_params_trigger_ui to None, run_after=None
[2025-06-16T22:14:01.982-0300] {processor.py:179} INFO - Processing /mnt/c/Users/arcan/Documents/airflow/.venv/lib/python3.10/site-packages/airflow/example_dags/example_params_trigger_ui.py took 0.271 seconds
[2025-06-16T22:15:10.942-0300] {processor.py:157} INFO - Started process (PID=59471) to work on /mnt/c/Users/arcan/Documents/airflow/.venv/lib/python3.10/site-packages/airflow/example_dags/example_params_trigger_ui.py
[2025-06-16T22:15:10.943-0300] {processor.py:829} INFO - Processing file /mnt/c/Users/arcan/Documents/airflow/.venv/lib/python3.10/site-packages/airflow/example_dags/example_params_trigger_ui.py for tasks to queue
[2025-06-16T22:15:10.946-0300] {logging_mixin.py:154} INFO - [2025-06-16T22:15:10.945-0300] {dagbag.py:536} INFO - Filling up the DagBag from /mnt/c/Users/arcan/Documents/airflow/.venv/lib/python3.10/site-packages/airflow/example_dags/example_params_trigger_ui.py
[2025-06-16T22:15:11.023-0300] {processor.py:839} INFO - DAG(s) dict_keys(['example_params_trigger_ui']) retrieved from /mnt/c/Users/arcan/Documents/airflow/.venv/lib/python3.10/site-packages/airflow/example_dags/example_params_trigger_ui.py
[2025-06-16T22:15:11.115-0300] {logging_mixin.py:154} INFO - [2025-06-16T22:15:11.115-0300] {dag.py:2941} INFO - Sync 1 DAGs
[2025-06-16T22:15:11.133-0300] {logging_mixin.py:154} INFO - [2025-06-16T22:15:11.133-0300] {dag.py:3722} INFO - Setting next_dagrun for example_params_trigger_ui to None, run_after=None
[2025-06-16T22:15:11.221-0300] {processor.py:179} INFO - Processing /mnt/c/Users/arcan/Documents/airflow/.venv/lib/python3.10/site-packages/airflow/example_dags/example_params_trigger_ui.py took 0.285 seconds
[2025-06-16T22:16:22.800-0300] {processor.py:157} INFO - Started process (PID=59808) to work on /mnt/c/Users/arcan/Documents/airflow/.venv/lib/python3.10/site-packages/airflow/example_dags/example_params_trigger_ui.py
[2025-06-16T22:16:22.802-0300] {processor.py:829} INFO - Processing file /mnt/c/Users/arcan/Documents/airflow/.venv/lib/python3.10/site-packages/airflow/example_dags/example_params_trigger_ui.py for tasks to queue
[2025-06-16T22:16:22.804-0300] {logging_mixin.py:154} INFO - [2025-06-16T22:16:22.803-0300] {dagbag.py:536} INFO - Filling up the DagBag from /mnt/c/Users/arcan/Documents/airflow/.venv/lib/python3.10/site-packages/airflow/example_dags/example_params_trigger_ui.py
[2025-06-16T22:16:22.869-0300] {processor.py:839} INFO - DAG(s) dict_keys(['example_params_trigger_ui']) retrieved from /mnt/c/Users/arcan/Documents/airflow/.venv/lib/python3.10/site-packages/airflow/example_dags/example_params_trigger_ui.py
[2025-06-16T22:16:22.950-0300] {logging_mixin.py:154} INFO - [2025-06-16T22:16:22.950-0300] {dag.py:2941} INFO - Sync 1 DAGs
[2025-06-16T22:16:22.975-0300] {logging_mixin.py:154} INFO - [2025-06-16T22:16:22.974-0300] {dag.py:3722} INFO - Setting next_dagrun for example_params_trigger_ui to None, run_after=None
[2025-06-16T22:16:23.096-0300] {processor.py:179} INFO - Processing /mnt/c/Users/arcan/Documents/airflow/.venv/lib/python3.10/site-packages/airflow/example_dags/example_params_trigger_ui.py took 0.301 seconds
[2025-06-16T22:17:28.304-0300] {processor.py:157} INFO - Started process (PID=60011) to work on /mnt/c/Users/arcan/Documents/airflow/.venv/lib/python3.10/site-packages/airflow/example_dags/example_params_trigger_ui.py
[2025-06-16T22:17:28.308-0300] {processor.py:829} INFO - Processing file /mnt/c/Users/arcan/Documents/airflow/.venv/lib/python3.10/site-packages/airflow/example_dags/example_params_trigger_ui.py for tasks to queue
[2025-06-16T22:17:28.311-0300] {logging_mixin.py:154} INFO - [2025-06-16T22:17:28.310-0300] {dagbag.py:536} INFO - Filling up the DagBag from /mnt/c/Users/arcan/Documents/airflow/.venv/lib/python3.10/site-packages/airflow/example_dags/example_params_trigger_ui.py
[2025-06-16T22:17:28.389-0300] {processor.py:839} INFO - DAG(s) dict_keys(['example_params_trigger_ui']) retrieved from /mnt/c/Users/arcan/Documents/airflow/.venv/lib/python3.10/site-packages/airflow/example_dags/example_params_trigger_ui.py
[2025-06-16T22:17:28.491-0300] {logging_mixin.py:154} INFO - [2025-06-16T22:17:28.490-0300] {dag.py:2941} INFO - Sync 1 DAGs
[2025-06-16T22:17:28.520-0300] {logging_mixin.py:154} INFO - [2025-06-16T22:17:28.519-0300] {dag.py:3722} INFO - Setting next_dagrun for example_params_trigger_ui to None, run_after=None
[2025-06-16T22:17:28.671-0300] {processor.py:179} INFO - Processing /mnt/c/Users/arcan/Documents/airflow/.venv/lib/python3.10/site-packages/airflow/example_dags/example_params_trigger_ui.py took 0.374 seconds
[2025-06-16T22:18:54.407-0300] {processor.py:157} INFO - Started process (PID=60256) to work on /mnt/c/Users/arcan/Documents/airflow/.venv/lib/python3.10/site-packages/airflow/example_dags/example_params_trigger_ui.py
[2025-06-16T22:18:54.410-0300] {processor.py:829} INFO - Processing file /mnt/c/Users/arcan/Documents/airflow/.venv/lib/python3.10/site-packages/airflow/example_dags/example_params_trigger_ui.py for tasks to queue
[2025-06-16T22:18:54.414-0300] {logging_mixin.py:154} INFO - [2025-06-16T22:18:54.412-0300] {dagbag.py:536} INFO - Filling up the DagBag from /mnt/c/Users/arcan/Documents/airflow/.venv/lib/python3.10/site-packages/airflow/example_dags/example_params_trigger_ui.py
[2025-06-16T22:18:54.506-0300] {processor.py:839} INFO - DAG(s) dict_keys(['example_params_trigger_ui']) retrieved from /mnt/c/Users/arcan/Documents/airflow/.venv/lib/python3.10/site-packages/airflow/example_dags/example_params_trigger_ui.py
[2025-06-16T22:18:54.605-0300] {logging_mixin.py:154} INFO - [2025-06-16T22:18:54.604-0300] {dag.py:2941} INFO - Sync 1 DAGs
[2025-06-16T22:18:54.631-0300] {logging_mixin.py:154} INFO - [2025-06-16T22:18:54.630-0300] {dag.py:3722} INFO - Setting next_dagrun for example_params_trigger_ui to None, run_after=None
[2025-06-16T22:18:54.762-0300] {processor.py:179} INFO - Processing /mnt/c/Users/arcan/Documents/airflow/.venv/lib/python3.10/site-packages/airflow/example_dags/example_params_trigger_ui.py took 0.361 seconds
[2025-06-16T22:20:20.448-0300] {processor.py:157} INFO - Started process (PID=60506) to work on /mnt/c/Users/arcan/Documents/airflow/.venv/lib/python3.10/site-packages/airflow/example_dags/example_params_trigger_ui.py
[2025-06-16T22:20:20.450-0300] {processor.py:829} INFO - Processing file /mnt/c/Users/arcan/Documents/airflow/.venv/lib/python3.10/site-packages/airflow/example_dags/example_params_trigger_ui.py for tasks to queue
[2025-06-16T22:20:20.452-0300] {logging_mixin.py:154} INFO - [2025-06-16T22:20:20.451-0300] {dagbag.py:536} INFO - Filling up the DagBag from /mnt/c/Users/arcan/Documents/airflow/.venv/lib/python3.10/site-packages/airflow/example_dags/example_params_trigger_ui.py
[2025-06-16T22:20:20.532-0300] {processor.py:839} INFO - DAG(s) dict_keys(['example_params_trigger_ui']) retrieved from /mnt/c/Users/arcan/Documents/airflow/.venv/lib/python3.10/site-packages/airflow/example_dags/example_params_trigger_ui.py
[2025-06-16T22:20:20.626-0300] {logging_mixin.py:154} INFO - [2025-06-16T22:20:20.626-0300] {dag.py:2941} INFO - Sync 1 DAGs
[2025-06-16T22:20:20.653-0300] {logging_mixin.py:154} INFO - [2025-06-16T22:20:20.652-0300] {dag.py:3722} INFO - Setting next_dagrun for example_params_trigger_ui to None, run_after=None
[2025-06-16T22:20:20.801-0300] {processor.py:179} INFO - Processing /mnt/c/Users/arcan/Documents/airflow/.venv/lib/python3.10/site-packages/airflow/example_dags/example_params_trigger_ui.py took 0.359 seconds
[2025-06-16T22:21:40.229-0300] {processor.py:157} INFO - Started process (PID=60734) to work on /mnt/c/Users/arcan/Documents/airflow/.venv/lib/python3.10/site-packages/airflow/example_dags/example_params_trigger_ui.py
[2025-06-16T22:21:40.231-0300] {processor.py:829} INFO - Processing file /mnt/c/Users/arcan/Documents/airflow/.venv/lib/python3.10/site-packages/airflow/example_dags/example_params_trigger_ui.py for tasks to queue
[2025-06-16T22:21:40.234-0300] {logging_mixin.py:154} INFO - [2025-06-16T22:21:40.233-0300] {dagbag.py:536} INFO - Filling up the DagBag from /mnt/c/Users/arcan/Documents/airflow/.venv/lib/python3.10/site-packages/airflow/example_dags/example_params_trigger_ui.py
[2025-06-16T22:21:40.306-0300] {processor.py:839} INFO - DAG(s) dict_keys(['example_params_trigger_ui']) retrieved from /mnt/c/Users/arcan/Documents/airflow/.venv/lib/python3.10/site-packages/airflow/example_dags/example_params_trigger_ui.py
[2025-06-16T22:21:40.390-0300] {logging_mixin.py:154} INFO - [2025-06-16T22:21:40.389-0300] {dag.py:2941} INFO - Sync 1 DAGs
[2025-06-16T22:21:40.416-0300] {logging_mixin.py:154} INFO - [2025-06-16T22:21:40.416-0300] {dag.py:3722} INFO - Setting next_dagrun for example_params_trigger_ui to None, run_after=None
[2025-06-16T22:21:40.534-0300] {processor.py:179} INFO - Processing /mnt/c/Users/arcan/Documents/airflow/.venv/lib/python3.10/site-packages/airflow/example_dags/example_params_trigger_ui.py took 0.312 seconds
[2025-06-16T22:23:02.638-0300] {processor.py:157} INFO - Started process (PID=60968) to work on /mnt/c/Users/arcan/Documents/airflow/.venv/lib/python3.10/site-packages/airflow/example_dags/example_params_trigger_ui.py
[2025-06-16T22:23:02.640-0300] {processor.py:829} INFO - Processing file /mnt/c/Users/arcan/Documents/airflow/.venv/lib/python3.10/site-packages/airflow/example_dags/example_params_trigger_ui.py for tasks to queue
[2025-06-16T22:23:02.642-0300] {logging_mixin.py:154} INFO - [2025-06-16T22:23:02.641-0300] {dagbag.py:536} INFO - Filling up the DagBag from /mnt/c/Users/arcan/Documents/airflow/.venv/lib/python3.10/site-packages/airflow/example_dags/example_params_trigger_ui.py
[2025-06-16T22:23:02.730-0300] {processor.py:839} INFO - DAG(s) dict_keys(['example_params_trigger_ui']) retrieved from /mnt/c/Users/arcan/Documents/airflow/.venv/lib/python3.10/site-packages/airflow/example_dags/example_params_trigger_ui.py
[2025-06-16T22:23:02.836-0300] {logging_mixin.py:154} INFO - [2025-06-16T22:23:02.836-0300] {dag.py:2941} INFO - Sync 1 DAGs
[2025-06-16T22:23:02.864-0300] {logging_mixin.py:154} INFO - [2025-06-16T22:23:02.864-0300] {dag.py:3722} INFO - Setting next_dagrun for example_params_trigger_ui to None, run_after=None
[2025-06-16T22:23:02.994-0300] {processor.py:179} INFO - Processing /mnt/c/Users/arcan/Documents/airflow/.venv/lib/python3.10/site-packages/airflow/example_dags/example_params_trigger_ui.py took 0.363 seconds
[2025-06-16T22:24:11.400-0300] {processor.py:157} INFO - Started process (PID=61284) to work on /mnt/c/Users/arcan/Documents/airflow/.venv/lib/python3.10/site-packages/airflow/example_dags/example_params_trigger_ui.py
[2025-06-16T22:24:11.403-0300] {processor.py:829} INFO - Processing file /mnt/c/Users/arcan/Documents/airflow/.venv/lib/python3.10/site-packages/airflow/example_dags/example_params_trigger_ui.py for tasks to queue
[2025-06-16T22:24:11.406-0300] {logging_mixin.py:154} INFO - [2025-06-16T22:24:11.405-0300] {dagbag.py:536} INFO - Filling up the DagBag from /mnt/c/Users/arcan/Documents/airflow/.venv/lib/python3.10/site-packages/airflow/example_dags/example_params_trigger_ui.py
[2025-06-16T22:24:11.492-0300] {processor.py:839} INFO - DAG(s) dict_keys(['example_params_trigger_ui']) retrieved from /mnt/c/Users/arcan/Documents/airflow/.venv/lib/python3.10/site-packages/airflow/example_dags/example_params_trigger_ui.py
[2025-06-16T22:24:11.584-0300] {logging_mixin.py:154} INFO - [2025-06-16T22:24:11.583-0300] {dag.py:2941} INFO - Sync 1 DAGs
[2025-06-16T22:24:11.610-0300] {logging_mixin.py:154} INFO - [2025-06-16T22:24:11.610-0300] {dag.py:3722} INFO - Setting next_dagrun for example_params_trigger_ui to None, run_after=None
[2025-06-16T22:24:11.756-0300] {processor.py:179} INFO - Processing /mnt/c/Users/arcan/Documents/airflow/.venv/lib/python3.10/site-packages/airflow/example_dags/example_params_trigger_ui.py took 0.363 seconds
[2025-06-16T22:25:31.492-0300] {processor.py:157} INFO - Started process (PID=61518) to work on /mnt/c/Users/arcan/Documents/airflow/.venv/lib/python3.10/site-packages/airflow/example_dags/example_params_trigger_ui.py
[2025-06-16T22:25:31.495-0300] {processor.py:829} INFO - Processing file /mnt/c/Users/arcan/Documents/airflow/.venv/lib/python3.10/site-packages/airflow/example_dags/example_params_trigger_ui.py for tasks to queue
[2025-06-16T22:25:31.499-0300] {logging_mixin.py:154} INFO - [2025-06-16T22:25:31.498-0300] {dagbag.py:536} INFO - Filling up the DagBag from /mnt/c/Users/arcan/Documents/airflow/.venv/lib/python3.10/site-packages/airflow/example_dags/example_params_trigger_ui.py
[2025-06-16T22:25:31.595-0300] {processor.py:839} INFO - DAG(s) dict_keys(['example_params_trigger_ui']) retrieved from /mnt/c/Users/arcan/Documents/airflow/.venv/lib/python3.10/site-packages/airflow/example_dags/example_params_trigger_ui.py
[2025-06-16T22:25:31.692-0300] {logging_mixin.py:154} INFO - [2025-06-16T22:25:31.691-0300] {dag.py:2941} INFO - Sync 1 DAGs
[2025-06-16T22:25:31.720-0300] {logging_mixin.py:154} INFO - [2025-06-16T22:25:31.720-0300] {dag.py:3722} INFO - Setting next_dagrun for example_params_trigger_ui to None, run_after=None
[2025-06-16T22:25:31.891-0300] {processor.py:179} INFO - Processing /mnt/c/Users/arcan/Documents/airflow/.venv/lib/python3.10/site-packages/airflow/example_dags/example_params_trigger_ui.py took 0.408 seconds
[2025-06-16T22:26:51.930-0300] {processor.py:157} INFO - Started process (PID=61747) to work on /mnt/c/Users/arcan/Documents/airflow/.venv/lib/python3.10/site-packages/airflow/example_dags/example_params_trigger_ui.py
[2025-06-16T22:26:51.933-0300] {processor.py:829} INFO - Processing file /mnt/c/Users/arcan/Documents/airflow/.venv/lib/python3.10/site-packages/airflow/example_dags/example_params_trigger_ui.py for tasks to queue
[2025-06-16T22:26:51.938-0300] {logging_mixin.py:154} INFO - [2025-06-16T22:26:51.936-0300] {dagbag.py:536} INFO - Filling up the DagBag from /mnt/c/Users/arcan/Documents/airflow/.venv/lib/python3.10/site-packages/airflow/example_dags/example_params_trigger_ui.py
[2025-06-16T22:26:52.040-0300] {processor.py:839} INFO - DAG(s) dict_keys(['example_params_trigger_ui']) retrieved from /mnt/c/Users/arcan/Documents/airflow/.venv/lib/python3.10/site-packages/airflow/example_dags/example_params_trigger_ui.py
[2025-06-16T22:26:52.137-0300] {logging_mixin.py:154} INFO - [2025-06-16T22:26:52.137-0300] {dag.py:2941} INFO - Sync 1 DAGs
[2025-06-16T22:26:52.166-0300] {logging_mixin.py:154} INFO - [2025-06-16T22:26:52.165-0300] {dag.py:3722} INFO - Setting next_dagrun for example_params_trigger_ui to None, run_after=None
[2025-06-16T22:26:52.321-0300] {processor.py:179} INFO - Processing /mnt/c/Users/arcan/Documents/airflow/.venv/lib/python3.10/site-packages/airflow/example_dags/example_params_trigger_ui.py took 0.403 seconds
[2025-06-16T22:28:07.830-0300] {processor.py:157} INFO - Started process (PID=61962) to work on /mnt/c/Users/arcan/Documents/airflow/.venv/lib/python3.10/site-packages/airflow/example_dags/example_params_trigger_ui.py
[2025-06-16T22:28:07.833-0300] {processor.py:829} INFO - Processing file /mnt/c/Users/arcan/Documents/airflow/.venv/lib/python3.10/site-packages/airflow/example_dags/example_params_trigger_ui.py for tasks to queue
[2025-06-16T22:28:07.836-0300] {logging_mixin.py:154} INFO - [2025-06-16T22:28:07.835-0300] {dagbag.py:536} INFO - Filling up the DagBag from /mnt/c/Users/arcan/Documents/airflow/.venv/lib/python3.10/site-packages/airflow/example_dags/example_params_trigger_ui.py
[2025-06-16T22:28:07.932-0300] {processor.py:839} INFO - DAG(s) dict_keys(['example_params_trigger_ui']) retrieved from /mnt/c/Users/arcan/Documents/airflow/.venv/lib/python3.10/site-packages/airflow/example_dags/example_params_trigger_ui.py
[2025-06-16T22:28:08.045-0300] {logging_mixin.py:154} INFO - [2025-06-16T22:28:08.044-0300] {dag.py:2941} INFO - Sync 1 DAGs
[2025-06-16T22:28:08.068-0300] {logging_mixin.py:154} INFO - [2025-06-16T22:28:08.068-0300] {dag.py:3722} INFO - Setting next_dagrun for example_params_trigger_ui to None, run_after=None
[2025-06-16T22:28:08.199-0300] {processor.py:179} INFO - Processing /mnt/c/Users/arcan/Documents/airflow/.venv/lib/python3.10/site-packages/airflow/example_dags/example_params_trigger_ui.py took 0.376 seconds
[2025-06-16T22:29:27.029-0300] {processor.py:157} INFO - Started process (PID=62190) to work on /mnt/c/Users/arcan/Documents/airflow/.venv/lib/python3.10/site-packages/airflow/example_dags/example_params_trigger_ui.py
[2025-06-16T22:29:27.032-0300] {processor.py:829} INFO - Processing file /mnt/c/Users/arcan/Documents/airflow/.venv/lib/python3.10/site-packages/airflow/example_dags/example_params_trigger_ui.py for tasks to queue
[2025-06-16T22:29:27.035-0300] {logging_mixin.py:154} INFO - [2025-06-16T22:29:27.034-0300] {dagbag.py:536} INFO - Filling up the DagBag from /mnt/c/Users/arcan/Documents/airflow/.venv/lib/python3.10/site-packages/airflow/example_dags/example_params_trigger_ui.py
[2025-06-16T22:29:27.122-0300] {processor.py:839} INFO - DAG(s) dict_keys(['example_params_trigger_ui']) retrieved from /mnt/c/Users/arcan/Documents/airflow/.venv/lib/python3.10/site-packages/airflow/example_dags/example_params_trigger_ui.py
[2025-06-16T22:29:27.246-0300] {logging_mixin.py:154} INFO - [2025-06-16T22:29:27.245-0300] {dag.py:2941} INFO - Sync 1 DAGs
[2025-06-16T22:29:27.285-0300] {logging_mixin.py:154} INFO - [2025-06-16T22:29:27.285-0300] {dag.py:3722} INFO - Setting next_dagrun for example_params_trigger_ui to None, run_after=None
[2025-06-16T22:29:27.447-0300] {processor.py:179} INFO - Processing /mnt/c/Users/arcan/Documents/airflow/.venv/lib/python3.10/site-packages/airflow/example_dags/example_params_trigger_ui.py took 0.428 seconds
[2025-06-16T22:30:44.710-0300] {processor.py:157} INFO - Started process (PID=62416) to work on /mnt/c/Users/arcan/Documents/airflow/.venv/lib/python3.10/site-packages/airflow/example_dags/example_params_trigger_ui.py
[2025-06-16T22:30:44.713-0300] {processor.py:829} INFO - Processing file /mnt/c/Users/arcan/Documents/airflow/.venv/lib/python3.10/site-packages/airflow/example_dags/example_params_trigger_ui.py for tasks to queue
[2025-06-16T22:30:44.715-0300] {logging_mixin.py:154} INFO - [2025-06-16T22:30:44.714-0300] {dagbag.py:536} INFO - Filling up the DagBag from /mnt/c/Users/arcan/Documents/airflow/.venv/lib/python3.10/site-packages/airflow/example_dags/example_params_trigger_ui.py
[2025-06-16T22:30:44.793-0300] {processor.py:839} INFO - DAG(s) dict_keys(['example_params_trigger_ui']) retrieved from /mnt/c/Users/arcan/Documents/airflow/.venv/lib/python3.10/site-packages/airflow/example_dags/example_params_trigger_ui.py
[2025-06-16T22:30:44.874-0300] {logging_mixin.py:154} INFO - [2025-06-16T22:30:44.874-0300] {dag.py:2941} INFO - Sync 1 DAGs
[2025-06-16T22:30:44.896-0300] {logging_mixin.py:154} INFO - [2025-06-16T22:30:44.895-0300] {dag.py:3722} INFO - Setting next_dagrun for example_params_trigger_ui to None, run_after=None
[2025-06-16T22:30:45.045-0300] {processor.py:179} INFO - Processing /mnt/c/Users/arcan/Documents/airflow/.venv/lib/python3.10/site-packages/airflow/example_dags/example_params_trigger_ui.py took 0.344 seconds
[2025-06-16T22:32:18.964-0300] {processor.py:157} INFO - Started process (PID=62766) to work on /mnt/c/Users/arcan/Documents/airflow/.venv/lib/python3.10/site-packages/airflow/example_dags/example_params_trigger_ui.py
[2025-06-16T22:32:18.965-0300] {processor.py:829} INFO - Processing file /mnt/c/Users/arcan/Documents/airflow/.venv/lib/python3.10/site-packages/airflow/example_dags/example_params_trigger_ui.py for tasks to queue
[2025-06-16T22:32:18.968-0300] {logging_mixin.py:154} INFO - [2025-06-16T22:32:18.967-0300] {dagbag.py:536} INFO - Filling up the DagBag from /mnt/c/Users/arcan/Documents/airflow/.venv/lib/python3.10/site-packages/airflow/example_dags/example_params_trigger_ui.py
[2025-06-16T22:32:19.036-0300] {processor.py:839} INFO - DAG(s) dict_keys(['example_params_trigger_ui']) retrieved from /mnt/c/Users/arcan/Documents/airflow/.venv/lib/python3.10/site-packages/airflow/example_dags/example_params_trigger_ui.py
[2025-06-16T22:32:19.105-0300] {logging_mixin.py:154} INFO - [2025-06-16T22:32:19.105-0300] {dag.py:2941} INFO - Sync 1 DAGs
[2025-06-16T22:32:19.125-0300] {logging_mixin.py:154} INFO - [2025-06-16T22:32:19.124-0300] {dag.py:3722} INFO - Setting next_dagrun for example_params_trigger_ui to None, run_after=None
[2025-06-16T22:32:19.244-0300] {processor.py:179} INFO - Processing /mnt/c/Users/arcan/Documents/airflow/.venv/lib/python3.10/site-packages/airflow/example_dags/example_params_trigger_ui.py took 0.285 seconds
[2025-06-17T20:50:55.880-0300] {processor.py:157} INFO - Started process (PID=63665) to work on /mnt/c/Users/arcan/Documents/airflow/.venv/lib/python3.10/site-packages/airflow/example_dags/example_params_trigger_ui.py
[2025-06-17T20:50:55.882-0300] {processor.py:829} INFO - Processing file /mnt/c/Users/arcan/Documents/airflow/.venv/lib/python3.10/site-packages/airflow/example_dags/example_params_trigger_ui.py for tasks to queue
[2025-06-17T20:50:55.884-0300] {logging_mixin.py:154} INFO - [2025-06-17T20:50:55.883-0300] {dagbag.py:536} INFO - Filling up the DagBag from /mnt/c/Users/arcan/Documents/airflow/.venv/lib/python3.10/site-packages/airflow/example_dags/example_params_trigger_ui.py
[2025-06-17T20:50:55.949-0300] {processor.py:839} INFO - DAG(s) dict_keys(['example_params_trigger_ui']) retrieved from /mnt/c/Users/arcan/Documents/airflow/.venv/lib/python3.10/site-packages/airflow/example_dags/example_params_trigger_ui.py
[2025-06-17T20:50:56.058-0300] {logging_mixin.py:154} INFO - [2025-06-17T20:50:56.058-0300] {dag.py:2941} INFO - Sync 1 DAGs
[2025-06-17T20:50:56.086-0300] {logging_mixin.py:154} INFO - [2025-06-17T20:50:56.085-0300] {dag.py:3722} INFO - Setting next_dagrun for example_params_trigger_ui to None, run_after=None
[2025-06-17T20:50:56.201-0300] {processor.py:179} INFO - Processing /mnt/c/Users/arcan/Documents/airflow/.venv/lib/python3.10/site-packages/airflow/example_dags/example_params_trigger_ui.py took 0.327 seconds
[2025-06-17T20:52:07.934-0300] {processor.py:157} INFO - Started process (PID=63825) to work on /mnt/c/Users/arcan/Documents/airflow/.venv/lib/python3.10/site-packages/airflow/example_dags/example_params_trigger_ui.py
[2025-06-17T20:52:07.940-0300] {processor.py:829} INFO - Processing file /mnt/c/Users/arcan/Documents/airflow/.venv/lib/python3.10/site-packages/airflow/example_dags/example_params_trigger_ui.py for tasks to queue
[2025-06-17T20:52:07.947-0300] {logging_mixin.py:154} INFO - [2025-06-17T20:52:07.945-0300] {dagbag.py:536} INFO - Filling up the DagBag from /mnt/c/Users/arcan/Documents/airflow/.venv/lib/python3.10/site-packages/airflow/example_dags/example_params_trigger_ui.py
[2025-06-17T20:52:08.031-0300] {processor.py:839} INFO - DAG(s) dict_keys(['example_params_trigger_ui']) retrieved from /mnt/c/Users/arcan/Documents/airflow/.venv/lib/python3.10/site-packages/airflow/example_dags/example_params_trigger_ui.py
[2025-06-17T20:52:08.106-0300] {logging_mixin.py:154} INFO - [2025-06-17T20:52:08.106-0300] {dag.py:2941} INFO - Sync 1 DAGs
[2025-06-17T20:52:08.126-0300] {logging_mixin.py:154} INFO - [2025-06-17T20:52:08.125-0300] {dag.py:3722} INFO - Setting next_dagrun for example_params_trigger_ui to None, run_after=None
[2025-06-17T20:52:08.239-0300] {processor.py:179} INFO - Processing /mnt/c/Users/arcan/Documents/airflow/.venv/lib/python3.10/site-packages/airflow/example_dags/example_params_trigger_ui.py took 0.326 seconds
[2025-06-17T20:53:29.241-0300] {processor.py:157} INFO - Started process (PID=64175) to work on /mnt/c/Users/arcan/Documents/airflow/.venv/lib/python3.10/site-packages/airflow/example_dags/example_params_trigger_ui.py
[2025-06-17T20:53:29.243-0300] {processor.py:829} INFO - Processing file /mnt/c/Users/arcan/Documents/airflow/.venv/lib/python3.10/site-packages/airflow/example_dags/example_params_trigger_ui.py for tasks to queue
[2025-06-17T20:53:29.245-0300] {logging_mixin.py:154} INFO - [2025-06-17T20:53:29.245-0300] {dagbag.py:536} INFO - Filling up the DagBag from /mnt/c/Users/arcan/Documents/airflow/.venv/lib/python3.10/site-packages/airflow/example_dags/example_params_trigger_ui.py
[2025-06-17T20:53:29.304-0300] {processor.py:839} INFO - DAG(s) dict_keys(['example_params_trigger_ui']) retrieved from /mnt/c/Users/arcan/Documents/airflow/.venv/lib/python3.10/site-packages/airflow/example_dags/example_params_trigger_ui.py
[2025-06-17T20:53:29.390-0300] {logging_mixin.py:154} INFO - [2025-06-17T20:53:29.389-0300] {dag.py:2941} INFO - Sync 1 DAGs
[2025-06-17T20:53:29.408-0300] {logging_mixin.py:154} INFO - [2025-06-17T20:53:29.408-0300] {dag.py:3722} INFO - Setting next_dagrun for example_params_trigger_ui to None, run_after=None
[2025-06-17T20:53:29.522-0300] {processor.py:179} INFO - Processing /mnt/c/Users/arcan/Documents/airflow/.venv/lib/python3.10/site-packages/airflow/example_dags/example_params_trigger_ui.py took 0.286 seconds
[2025-06-17T20:54:41.101-0300] {processor.py:157} INFO - Started process (PID=64385) to work on /mnt/c/Users/arcan/Documents/airflow/.venv/lib/python3.10/site-packages/airflow/example_dags/example_params_trigger_ui.py
[2025-06-17T20:54:41.102-0300] {processor.py:829} INFO - Processing file /mnt/c/Users/arcan/Documents/airflow/.venv/lib/python3.10/site-packages/airflow/example_dags/example_params_trigger_ui.py for tasks to queue
[2025-06-17T20:54:41.104-0300] {logging_mixin.py:154} INFO - [2025-06-17T20:54:41.103-0300] {dagbag.py:536} INFO - Filling up the DagBag from /mnt/c/Users/arcan/Documents/airflow/.venv/lib/python3.10/site-packages/airflow/example_dags/example_params_trigger_ui.py
[2025-06-17T20:54:41.159-0300] {processor.py:839} INFO - DAG(s) dict_keys(['example_params_trigger_ui']) retrieved from /mnt/c/Users/arcan/Documents/airflow/.venv/lib/python3.10/site-packages/airflow/example_dags/example_params_trigger_ui.py
[2025-06-17T20:54:41.226-0300] {logging_mixin.py:154} INFO - [2025-06-17T20:54:41.226-0300] {dag.py:2941} INFO - Sync 1 DAGs
[2025-06-17T20:54:41.256-0300] {logging_mixin.py:154} INFO - [2025-06-17T20:54:41.256-0300] {dag.py:3722} INFO - Setting next_dagrun for example_params_trigger_ui to None, run_after=None
[2025-06-17T20:54:41.365-0300] {processor.py:179} INFO - Processing /mnt/c/Users/arcan/Documents/airflow/.venv/lib/python3.10/site-packages/airflow/example_dags/example_params_trigger_ui.py took 0.269 seconds
[2025-06-17T20:55:52.909-0300] {processor.py:157} INFO - Started process (PID=64592) to work on /mnt/c/Users/arcan/Documents/airflow/.venv/lib/python3.10/site-packages/airflow/example_dags/example_params_trigger_ui.py
[2025-06-17T20:55:52.912-0300] {processor.py:829} INFO - Processing file /mnt/c/Users/arcan/Documents/airflow/.venv/lib/python3.10/site-packages/airflow/example_dags/example_params_trigger_ui.py for tasks to queue
[2025-06-17T20:55:52.916-0300] {logging_mixin.py:154} INFO - [2025-06-17T20:55:52.915-0300] {dagbag.py:536} INFO - Filling up the DagBag from /mnt/c/Users/arcan/Documents/airflow/.venv/lib/python3.10/site-packages/airflow/example_dags/example_params_trigger_ui.py
[2025-06-17T20:55:52.977-0300] {processor.py:839} INFO - DAG(s) dict_keys(['example_params_trigger_ui']) retrieved from /mnt/c/Users/arcan/Documents/airflow/.venv/lib/python3.10/site-packages/airflow/example_dags/example_params_trigger_ui.py
[2025-06-17T20:55:53.061-0300] {logging_mixin.py:154} INFO - [2025-06-17T20:55:53.061-0300] {dag.py:2941} INFO - Sync 1 DAGs
[2025-06-17T20:55:53.083-0300] {logging_mixin.py:154} INFO - [2025-06-17T20:55:53.083-0300] {dag.py:3722} INFO - Setting next_dagrun for example_params_trigger_ui to None, run_after=None
[2025-06-17T20:55:53.231-0300] {processor.py:179} INFO - Processing /mnt/c/Users/arcan/Documents/airflow/.venv/lib/python3.10/site-packages/airflow/example_dags/example_params_trigger_ui.py took 0.329 seconds
