[2025-06-16T22:03:14.602-0300] {processor.py:157} INFO - Started process (PID=57190) to work on /mnt/c/Users/arcan/Documents/airflow/.venv/lib/python3.10/site-packages/airflow/example_dags/example_python_operator.py
[2025-06-16T22:03:14.606-0300] {processor.py:829} INFO - Processing file /mnt/c/Users/arcan/Documents/airflow/.venv/lib/python3.10/site-packages/airflow/example_dags/example_python_operator.py for tasks to queue
[2025-06-16T22:03:14.609-0300] {logging_mixin.py:154} INFO - [2025-06-16T22:03:14.608-0300] {dagbag.py:536} INFO - Filling up the DagBag from /mnt/c/Users/arcan/Documents/airflow/.venv/lib/python3.10/site-packages/airflow/example_dags/example_python_operator.py
[2025-06-16T22:03:14.674-0300] {processor.py:839} INFO - DAG(s) dict_keys(['example_python_operator']) retrieved from /mnt/c/Users/arcan/Documents/airflow/.venv/lib/python3.10/site-packages/airflow/example_dags/example_python_operator.py
[2025-06-16T22:03:14.735-0300] {logging_mixin.py:154} INFO - [2025-06-16T22:03:14.734-0300] {dag.py:2941} INFO - Sync 1 DAGs
[2025-06-16T22:03:14.761-0300] {logging_mixin.py:154} INFO - [2025-06-16T22:03:14.760-0300] {dag.py:3722} INFO - Setting next_dagrun for example_python_operator to None, run_after=None
[2025-06-16T22:03:14.878-0300] {processor.py:179} INFO - Processing /mnt/c/Users/arcan/Documents/airflow/.venv/lib/python3.10/site-packages/airflow/example_dags/example_python_operator.py took 0.286 seconds
[2025-06-16T22:04:52.378-0300] {processor.py:157} INFO - Started process (PID=57484) to work on /mnt/c/Users/arcan/Documents/airflow/.venv/lib/python3.10/site-packages/airflow/example_dags/example_python_operator.py
[2025-06-16T22:04:52.380-0300] {processor.py:829} INFO - Processing file /mnt/c/Users/arcan/Documents/airflow/.venv/lib/python3.10/site-packages/airflow/example_dags/example_python_operator.py for tasks to queue
[2025-06-16T22:04:52.382-0300] {logging_mixin.py:154} INFO - [2025-06-16T22:04:52.381-0300] {dagbag.py:536} INFO - Filling up the DagBag from /mnt/c/Users/arcan/Documents/airflow/.venv/lib/python3.10/site-packages/airflow/example_dags/example_python_operator.py
[2025-06-16T22:04:52.424-0300] {processor.py:839} INFO - DAG(s) dict_keys(['example_python_operator']) retrieved from /mnt/c/Users/arcan/Documents/airflow/.venv/lib/python3.10/site-packages/airflow/example_dags/example_python_operator.py
[2025-06-16T22:04:52.470-0300] {logging_mixin.py:154} INFO - [2025-06-16T22:04:52.469-0300] {dag.py:2941} INFO - Sync 1 DAGs
[2025-06-16T22:04:52.487-0300] {logging_mixin.py:154} INFO - [2025-06-16T22:04:52.487-0300] {dag.py:3722} INFO - Setting next_dagrun for example_python_operator to None, run_after=None
[2025-06-16T22:04:52.586-0300] {processor.py:179} INFO - Processing /mnt/c/Users/arcan/Documents/airflow/.venv/lib/python3.10/site-packages/airflow/example_dags/example_python_operator.py took 0.214 seconds
[2025-06-16T22:06:08.021-0300] {processor.py:157} INFO - Started process (PID=57726) to work on /mnt/c/Users/arcan/Documents/airflow/.venv/lib/python3.10/site-packages/airflow/example_dags/example_python_operator.py
[2025-06-16T22:06:08.023-0300] {processor.py:829} INFO - Processing file /mnt/c/Users/arcan/Documents/airflow/.venv/lib/python3.10/site-packages/airflow/example_dags/example_python_operator.py for tasks to queue
[2025-06-16T22:06:08.025-0300] {logging_mixin.py:154} INFO - [2025-06-16T22:06:08.024-0300] {dagbag.py:536} INFO - Filling up the DagBag from /mnt/c/Users/arcan/Documents/airflow/.venv/lib/python3.10/site-packages/airflow/example_dags/example_python_operator.py
[2025-06-16T22:06:08.072-0300] {processor.py:839} INFO - DAG(s) dict_keys(['example_python_operator']) retrieved from /mnt/c/Users/arcan/Documents/airflow/.venv/lib/python3.10/site-packages/airflow/example_dags/example_python_operator.py
[2025-06-16T22:06:08.118-0300] {logging_mixin.py:154} INFO - [2025-06-16T22:06:08.118-0300] {dag.py:2941} INFO - Sync 1 DAGs
[2025-06-16T22:06:08.138-0300] {logging_mixin.py:154} INFO - [2025-06-16T22:06:08.138-0300] {dag.py:3722} INFO - Setting next_dagrun for example_python_operator to None, run_after=None
[2025-06-16T22:06:08.241-0300] {processor.py:179} INFO - Processing /mnt/c/Users/arcan/Documents/airflow/.venv/lib/python3.10/site-packages/airflow/example_dags/example_python_operator.py took 0.225 seconds
[2025-06-16T22:07:17.060-0300] {processor.py:157} INFO - Started process (PID=57932) to work on /mnt/c/Users/arcan/Documents/airflow/.venv/lib/python3.10/site-packages/airflow/example_dags/example_python_operator.py
[2025-06-16T22:07:17.062-0300] {processor.py:829} INFO - Processing file /mnt/c/Users/arcan/Documents/airflow/.venv/lib/python3.10/site-packages/airflow/example_dags/example_python_operator.py for tasks to queue
[2025-06-16T22:07:17.064-0300] {logging_mixin.py:154} INFO - [2025-06-16T22:07:17.063-0300] {dagbag.py:536} INFO - Filling up the DagBag from /mnt/c/Users/arcan/Documents/airflow/.venv/lib/python3.10/site-packages/airflow/example_dags/example_python_operator.py
[2025-06-16T22:07:17.104-0300] {processor.py:839} INFO - DAG(s) dict_keys(['example_python_operator']) retrieved from /mnt/c/Users/arcan/Documents/airflow/.venv/lib/python3.10/site-packages/airflow/example_dags/example_python_operator.py
[2025-06-16T22:07:17.148-0300] {logging_mixin.py:154} INFO - [2025-06-16T22:07:17.148-0300] {dag.py:2941} INFO - Sync 1 DAGs
[2025-06-16T22:07:17.166-0300] {logging_mixin.py:154} INFO - [2025-06-16T22:07:17.166-0300] {dag.py:3722} INFO - Setting next_dagrun for example_python_operator to None, run_after=None
[2025-06-16T22:07:17.267-0300] {processor.py:179} INFO - Processing /mnt/c/Users/arcan/Documents/airflow/.venv/lib/python3.10/site-packages/airflow/example_dags/example_python_operator.py took 0.212 seconds
[2025-06-16T22:08:31.214-0300] {processor.py:157} INFO - Started process (PID=58146) to work on /mnt/c/Users/arcan/Documents/airflow/.venv/lib/python3.10/site-packages/airflow/example_dags/example_python_operator.py
[2025-06-16T22:08:31.216-0300] {processor.py:829} INFO - Processing file /mnt/c/Users/arcan/Documents/airflow/.venv/lib/python3.10/site-packages/airflow/example_dags/example_python_operator.py for tasks to queue
[2025-06-16T22:08:31.218-0300] {logging_mixin.py:154} INFO - [2025-06-16T22:08:31.218-0300] {dagbag.py:536} INFO - Filling up the DagBag from /mnt/c/Users/arcan/Documents/airflow/.venv/lib/python3.10/site-packages/airflow/example_dags/example_python_operator.py
[2025-06-16T22:08:31.259-0300] {processor.py:839} INFO - DAG(s) dict_keys(['example_python_operator']) retrieved from /mnt/c/Users/arcan/Documents/airflow/.venv/lib/python3.10/site-packages/airflow/example_dags/example_python_operator.py
[2025-06-16T22:08:31.304-0300] {logging_mixin.py:154} INFO - [2025-06-16T22:08:31.303-0300] {dag.py:2941} INFO - Sync 1 DAGs
[2025-06-16T22:08:31.322-0300] {logging_mixin.py:154} INFO - [2025-06-16T22:08:31.322-0300] {dag.py:3722} INFO - Setting next_dagrun for example_python_operator to None, run_after=None
[2025-06-16T22:08:31.418-0300] {processor.py:179} INFO - Processing /mnt/c/Users/arcan/Documents/airflow/.venv/lib/python3.10/site-packages/airflow/example_dags/example_python_operator.py took 0.209 seconds
[2025-06-16T22:09:40.283-0300] {processor.py:157} INFO - Started process (PID=58474) to work on /mnt/c/Users/arcan/Documents/airflow/.venv/lib/python3.10/site-packages/airflow/example_dags/example_python_operator.py
[2025-06-16T22:09:40.285-0300] {processor.py:829} INFO - Processing file /mnt/c/Users/arcan/Documents/airflow/.venv/lib/python3.10/site-packages/airflow/example_dags/example_python_operator.py for tasks to queue
[2025-06-16T22:09:40.287-0300] {logging_mixin.py:154} INFO - [2025-06-16T22:09:40.286-0300] {dagbag.py:536} INFO - Filling up the DagBag from /mnt/c/Users/arcan/Documents/airflow/.venv/lib/python3.10/site-packages/airflow/example_dags/example_python_operator.py
[2025-06-16T22:09:40.323-0300] {processor.py:839} INFO - DAG(s) dict_keys(['example_python_operator']) retrieved from /mnt/c/Users/arcan/Documents/airflow/.venv/lib/python3.10/site-packages/airflow/example_dags/example_python_operator.py
[2025-06-16T22:09:40.362-0300] {logging_mixin.py:154} INFO - [2025-06-16T22:09:40.361-0300] {dag.py:2941} INFO - Sync 1 DAGs
[2025-06-16T22:09:40.378-0300] {logging_mixin.py:154} INFO - [2025-06-16T22:09:40.377-0300] {dag.py:3722} INFO - Setting next_dagrun for example_python_operator to None, run_after=None
[2025-06-16T22:09:40.464-0300] {processor.py:179} INFO - Processing /mnt/c/Users/arcan/Documents/airflow/.venv/lib/python3.10/site-packages/airflow/example_dags/example_python_operator.py took 0.186 seconds
[2025-06-16T22:10:43.831-0300] {processor.py:157} INFO - Started process (PID=58665) to work on /mnt/c/Users/arcan/Documents/airflow/.venv/lib/python3.10/site-packages/airflow/example_dags/example_python_operator.py
[2025-06-16T22:10:43.833-0300] {processor.py:829} INFO - Processing file /mnt/c/Users/arcan/Documents/airflow/.venv/lib/python3.10/site-packages/airflow/example_dags/example_python_operator.py for tasks to queue
[2025-06-16T22:10:43.835-0300] {logging_mixin.py:154} INFO - [2025-06-16T22:10:43.834-0300] {dagbag.py:536} INFO - Filling up the DagBag from /mnt/c/Users/arcan/Documents/airflow/.venv/lib/python3.10/site-packages/airflow/example_dags/example_python_operator.py
[2025-06-16T22:10:43.870-0300] {processor.py:839} INFO - DAG(s) dict_keys(['example_python_operator']) retrieved from /mnt/c/Users/arcan/Documents/airflow/.venv/lib/python3.10/site-packages/airflow/example_dags/example_python_operator.py
[2025-06-16T22:10:43.908-0300] {logging_mixin.py:154} INFO - [2025-06-16T22:10:43.907-0300] {dag.py:2941} INFO - Sync 1 DAGs
[2025-06-16T22:10:43.924-0300] {logging_mixin.py:154} INFO - [2025-06-16T22:10:43.924-0300] {dag.py:3722} INFO - Setting next_dagrun for example_python_operator to None, run_after=None
[2025-06-16T22:10:44.010-0300] {processor.py:179} INFO - Processing /mnt/c/Users/arcan/Documents/airflow/.venv/lib/python3.10/site-packages/airflow/example_dags/example_python_operator.py took 0.183 seconds
[2025-06-16T22:11:44.868-0300] {processor.py:157} INFO - Started process (PID=58857) to work on /mnt/c/Users/arcan/Documents/airflow/.venv/lib/python3.10/site-packages/airflow/example_dags/example_python_operator.py
[2025-06-16T22:11:44.870-0300] {processor.py:829} INFO - Processing file /mnt/c/Users/arcan/Documents/airflow/.venv/lib/python3.10/site-packages/airflow/example_dags/example_python_operator.py for tasks to queue
[2025-06-16T22:11:44.872-0300] {logging_mixin.py:154} INFO - [2025-06-16T22:11:44.871-0300] {dagbag.py:536} INFO - Filling up the DagBag from /mnt/c/Users/arcan/Documents/airflow/.venv/lib/python3.10/site-packages/airflow/example_dags/example_python_operator.py
[2025-06-16T22:11:44.913-0300] {processor.py:839} INFO - DAG(s) dict_keys(['example_python_operator']) retrieved from /mnt/c/Users/arcan/Documents/airflow/.venv/lib/python3.10/site-packages/airflow/example_dags/example_python_operator.py
[2025-06-16T22:11:44.965-0300] {logging_mixin.py:154} INFO - [2025-06-16T22:11:44.964-0300] {dag.py:2941} INFO - Sync 1 DAGs
[2025-06-16T22:11:44.985-0300] {logging_mixin.py:154} INFO - [2025-06-16T22:11:44.985-0300] {dag.py:3722} INFO - Setting next_dagrun for example_python_operator to None, run_after=None
[2025-06-16T22:11:45.082-0300] {processor.py:179} INFO - Processing /mnt/c/Users/arcan/Documents/airflow/.venv/lib/python3.10/site-packages/airflow/example_dags/example_python_operator.py took 0.221 seconds
[2025-06-16T22:12:43.176-0300] {processor.py:157} INFO - Started process (PID=59029) to work on /mnt/c/Users/arcan/Documents/airflow/.venv/lib/python3.10/site-packages/airflow/example_dags/example_python_operator.py
[2025-06-16T22:12:43.178-0300] {processor.py:829} INFO - Processing file /mnt/c/Users/arcan/Documents/airflow/.venv/lib/python3.10/site-packages/airflow/example_dags/example_python_operator.py for tasks to queue
[2025-06-16T22:12:43.181-0300] {logging_mixin.py:154} INFO - [2025-06-16T22:12:43.179-0300] {dagbag.py:536} INFO - Filling up the DagBag from /mnt/c/Users/arcan/Documents/airflow/.venv/lib/python3.10/site-packages/airflow/example_dags/example_python_operator.py
[2025-06-16T22:12:43.232-0300] {processor.py:839} INFO - DAG(s) dict_keys(['example_python_operator']) retrieved from /mnt/c/Users/arcan/Documents/airflow/.venv/lib/python3.10/site-packages/airflow/example_dags/example_python_operator.py
[2025-06-16T22:12:43.281-0300] {logging_mixin.py:154} INFO - [2025-06-16T22:12:43.280-0300] {dag.py:2941} INFO - Sync 1 DAGs
[2025-06-16T22:12:43.301-0300] {logging_mixin.py:154} INFO - [2025-06-16T22:12:43.301-0300] {dag.py:3722} INFO - Setting next_dagrun for example_python_operator to None, run_after=None
[2025-06-16T22:12:43.391-0300] {processor.py:179} INFO - Processing /mnt/c/Users/arcan/Documents/airflow/.venv/lib/python3.10/site-packages/airflow/example_dags/example_python_operator.py took 0.222 seconds
[2025-06-16T22:13:47.642-0300] {processor.py:157} INFO - Started process (PID=59221) to work on /mnt/c/Users/arcan/Documents/airflow/.venv/lib/python3.10/site-packages/airflow/example_dags/example_python_operator.py
[2025-06-16T22:13:47.644-0300] {processor.py:829} INFO - Processing file /mnt/c/Users/arcan/Documents/airflow/.venv/lib/python3.10/site-packages/airflow/example_dags/example_python_operator.py for tasks to queue
[2025-06-16T22:13:47.646-0300] {logging_mixin.py:154} INFO - [2025-06-16T22:13:47.645-0300] {dagbag.py:536} INFO - Filling up the DagBag from /mnt/c/Users/arcan/Documents/airflow/.venv/lib/python3.10/site-packages/airflow/example_dags/example_python_operator.py
[2025-06-16T22:13:47.697-0300] {processor.py:839} INFO - DAG(s) dict_keys(['example_python_operator']) retrieved from /mnt/c/Users/arcan/Documents/airflow/.venv/lib/python3.10/site-packages/airflow/example_dags/example_python_operator.py
[2025-06-16T22:13:47.738-0300] {logging_mixin.py:154} INFO - [2025-06-16T22:13:47.738-0300] {dag.py:2941} INFO - Sync 1 DAGs
[2025-06-16T22:13:47.756-0300] {logging_mixin.py:154} INFO - [2025-06-16T22:13:47.756-0300] {dag.py:3722} INFO - Setting next_dagrun for example_python_operator to None, run_after=None
[2025-06-16T22:13:47.862-0300] {processor.py:179} INFO - Processing /mnt/c/Users/arcan/Documents/airflow/.venv/lib/python3.10/site-packages/airflow/example_dags/example_python_operator.py took 0.227 seconds
[2025-06-16T22:14:54.403-0300] {processor.py:157} INFO - Started process (PID=59426) to work on /mnt/c/Users/arcan/Documents/airflow/.venv/lib/python3.10/site-packages/airflow/example_dags/example_python_operator.py
[2025-06-16T22:14:54.405-0300] {processor.py:829} INFO - Processing file /mnt/c/Users/arcan/Documents/airflow/.venv/lib/python3.10/site-packages/airflow/example_dags/example_python_operator.py for tasks to queue
[2025-06-16T22:14:54.407-0300] {logging_mixin.py:154} INFO - [2025-06-16T22:14:54.406-0300] {dagbag.py:536} INFO - Filling up the DagBag from /mnt/c/Users/arcan/Documents/airflow/.venv/lib/python3.10/site-packages/airflow/example_dags/example_python_operator.py
[2025-06-16T22:14:54.442-0300] {processor.py:839} INFO - DAG(s) dict_keys(['example_python_operator']) retrieved from /mnt/c/Users/arcan/Documents/airflow/.venv/lib/python3.10/site-packages/airflow/example_dags/example_python_operator.py
[2025-06-16T22:14:54.483-0300] {logging_mixin.py:154} INFO - [2025-06-16T22:14:54.482-0300] {dag.py:2941} INFO - Sync 1 DAGs
[2025-06-16T22:14:54.501-0300] {logging_mixin.py:154} INFO - [2025-06-16T22:14:54.501-0300] {dag.py:3722} INFO - Setting next_dagrun for example_python_operator to None, run_after=None
[2025-06-16T22:14:54.598-0300] {processor.py:179} INFO - Processing /mnt/c/Users/arcan/Documents/airflow/.venv/lib/python3.10/site-packages/airflow/example_dags/example_python_operator.py took 0.199 seconds
[2025-06-16T22:16:04.075-0300] {processor.py:157} INFO - Started process (PID=59632) to work on /mnt/c/Users/arcan/Documents/airflow/.venv/lib/python3.10/site-packages/airflow/example_dags/example_python_operator.py
[2025-06-16T22:16:04.078-0300] {processor.py:829} INFO - Processing file /mnt/c/Users/arcan/Documents/airflow/.venv/lib/python3.10/site-packages/airflow/example_dags/example_python_operator.py for tasks to queue
[2025-06-16T22:16:04.081-0300] {logging_mixin.py:154} INFO - [2025-06-16T22:16:04.080-0300] {dagbag.py:536} INFO - Filling up the DagBag from /mnt/c/Users/arcan/Documents/airflow/.venv/lib/python3.10/site-packages/airflow/example_dags/example_python_operator.py
[2025-06-16T22:16:04.144-0300] {processor.py:839} INFO - DAG(s) dict_keys(['example_python_operator']) retrieved from /mnt/c/Users/arcan/Documents/airflow/.venv/lib/python3.10/site-packages/airflow/example_dags/example_python_operator.py
[2025-06-16T22:16:04.210-0300] {logging_mixin.py:154} INFO - [2025-06-16T22:16:04.209-0300] {dag.py:2941} INFO - Sync 1 DAGs
[2025-06-16T22:16:04.239-0300] {logging_mixin.py:154} INFO - [2025-06-16T22:16:04.239-0300] {dag.py:3722} INFO - Setting next_dagrun for example_python_operator to None, run_after=None
[2025-06-16T22:16:04.422-0300] {processor.py:179} INFO - Processing /mnt/c/Users/arcan/Documents/airflow/.venv/lib/python3.10/site-packages/airflow/example_dags/example_python_operator.py took 0.353 seconds
[2025-06-16T22:17:12.187-0300] {processor.py:157} INFO - Started process (PID=59959) to work on /mnt/c/Users/arcan/Documents/airflow/.venv/lib/python3.10/site-packages/airflow/example_dags/example_python_operator.py
[2025-06-16T22:17:12.189-0300] {processor.py:829} INFO - Processing file /mnt/c/Users/arcan/Documents/airflow/.venv/lib/python3.10/site-packages/airflow/example_dags/example_python_operator.py for tasks to queue
[2025-06-16T22:17:12.191-0300] {logging_mixin.py:154} INFO - [2025-06-16T22:17:12.191-0300] {dagbag.py:536} INFO - Filling up the DagBag from /mnt/c/Users/arcan/Documents/airflow/.venv/lib/python3.10/site-packages/airflow/example_dags/example_python_operator.py
[2025-06-16T22:17:12.236-0300] {processor.py:839} INFO - DAG(s) dict_keys(['example_python_operator']) retrieved from /mnt/c/Users/arcan/Documents/airflow/.venv/lib/python3.10/site-packages/airflow/example_dags/example_python_operator.py
[2025-06-16T22:17:12.301-0300] {logging_mixin.py:154} INFO - [2025-06-16T22:17:12.300-0300] {dag.py:2941} INFO - Sync 1 DAGs
[2025-06-16T22:17:12.325-0300] {logging_mixin.py:154} INFO - [2025-06-16T22:17:12.325-0300] {dag.py:3722} INFO - Setting next_dagrun for example_python_operator to None, run_after=None
[2025-06-16T22:17:12.455-0300] {processor.py:179} INFO - Processing /mnt/c/Users/arcan/Documents/airflow/.venv/lib/python3.10/site-packages/airflow/example_dags/example_python_operator.py took 0.272 seconds
[2025-06-16T22:18:31.753-0300] {processor.py:157} INFO - Started process (PID=60195) to work on /mnt/c/Users/arcan/Documents/airflow/.venv/lib/python3.10/site-packages/airflow/example_dags/example_python_operator.py
[2025-06-16T22:18:31.756-0300] {processor.py:829} INFO - Processing file /mnt/c/Users/arcan/Documents/airflow/.venv/lib/python3.10/site-packages/airflow/example_dags/example_python_operator.py for tasks to queue
[2025-06-16T22:18:31.758-0300] {logging_mixin.py:154} INFO - [2025-06-16T22:18:31.757-0300] {dagbag.py:536} INFO - Filling up the DagBag from /mnt/c/Users/arcan/Documents/airflow/.venv/lib/python3.10/site-packages/airflow/example_dags/example_python_operator.py
[2025-06-16T22:18:31.819-0300] {processor.py:839} INFO - DAG(s) dict_keys(['example_python_operator']) retrieved from /mnt/c/Users/arcan/Documents/airflow/.venv/lib/python3.10/site-packages/airflow/example_dags/example_python_operator.py
[2025-06-16T22:18:31.883-0300] {logging_mixin.py:154} INFO - [2025-06-16T22:18:31.883-0300] {dag.py:2941} INFO - Sync 1 DAGs
[2025-06-16T22:18:31.907-0300] {logging_mixin.py:154} INFO - [2025-06-16T22:18:31.907-0300] {dag.py:3722} INFO - Setting next_dagrun for example_python_operator to None, run_after=None
[2025-06-16T22:18:32.067-0300] {processor.py:179} INFO - Processing /mnt/c/Users/arcan/Documents/airflow/.venv/lib/python3.10/site-packages/airflow/example_dags/example_python_operator.py took 0.320 seconds
[2025-06-16T22:19:59.915-0300] {processor.py:157} INFO - Started process (PID=60447) to work on /mnt/c/Users/arcan/Documents/airflow/.venv/lib/python3.10/site-packages/airflow/example_dags/example_python_operator.py
[2025-06-16T22:19:59.918-0300] {processor.py:829} INFO - Processing file /mnt/c/Users/arcan/Documents/airflow/.venv/lib/python3.10/site-packages/airflow/example_dags/example_python_operator.py for tasks to queue
[2025-06-16T22:19:59.919-0300] {logging_mixin.py:154} INFO - [2025-06-16T22:19:59.919-0300] {dagbag.py:536} INFO - Filling up the DagBag from /mnt/c/Users/arcan/Documents/airflow/.venv/lib/python3.10/site-packages/airflow/example_dags/example_python_operator.py
[2025-06-16T22:19:59.972-0300] {processor.py:839} INFO - DAG(s) dict_keys(['example_python_operator']) retrieved from /mnt/c/Users/arcan/Documents/airflow/.venv/lib/python3.10/site-packages/airflow/example_dags/example_python_operator.py
[2025-06-16T22:20:00.057-0300] {logging_mixin.py:154} INFO - [2025-06-16T22:20:00.057-0300] {dag.py:2941} INFO - Sync 1 DAGs
[2025-06-16T22:20:00.089-0300] {logging_mixin.py:154} INFO - [2025-06-16T22:20:00.088-0300] {dag.py:3722} INFO - Setting next_dagrun for example_python_operator to None, run_after=None
[2025-06-16T22:20:00.251-0300] {processor.py:179} INFO - Processing /mnt/c/Users/arcan/Documents/airflow/.venv/lib/python3.10/site-packages/airflow/example_dags/example_python_operator.py took 0.341 seconds
[2025-06-16T22:21:20.741-0300] {processor.py:157} INFO - Started process (PID=60675) to work on /mnt/c/Users/arcan/Documents/airflow/.venv/lib/python3.10/site-packages/airflow/example_dags/example_python_operator.py
[2025-06-16T22:21:20.744-0300] {processor.py:829} INFO - Processing file /mnt/c/Users/arcan/Documents/airflow/.venv/lib/python3.10/site-packages/airflow/example_dags/example_python_operator.py for tasks to queue
[2025-06-16T22:21:20.747-0300] {logging_mixin.py:154} INFO - [2025-06-16T22:21:20.746-0300] {dagbag.py:536} INFO - Filling up the DagBag from /mnt/c/Users/arcan/Documents/airflow/.venv/lib/python3.10/site-packages/airflow/example_dags/example_python_operator.py
[2025-06-16T22:21:20.808-0300] {processor.py:839} INFO - DAG(s) dict_keys(['example_python_operator']) retrieved from /mnt/c/Users/arcan/Documents/airflow/.venv/lib/python3.10/site-packages/airflow/example_dags/example_python_operator.py
[2025-06-16T22:21:20.877-0300] {logging_mixin.py:154} INFO - [2025-06-16T22:21:20.877-0300] {dag.py:2941} INFO - Sync 1 DAGs
[2025-06-16T22:21:20.906-0300] {logging_mixin.py:154} INFO - [2025-06-16T22:21:20.905-0300] {dag.py:3722} INFO - Setting next_dagrun for example_python_operator to None, run_after=None
[2025-06-16T22:21:21.066-0300] {processor.py:179} INFO - Processing /mnt/c/Users/arcan/Documents/airflow/.venv/lib/python3.10/site-packages/airflow/example_dags/example_python_operator.py took 0.332 seconds
[2025-06-16T22:22:42.744-0300] {processor.py:157} INFO - Started process (PID=60910) to work on /mnt/c/Users/arcan/Documents/airflow/.venv/lib/python3.10/site-packages/airflow/example_dags/example_python_operator.py
[2025-06-16T22:22:42.747-0300] {processor.py:829} INFO - Processing file /mnt/c/Users/arcan/Documents/airflow/.venv/lib/python3.10/site-packages/airflow/example_dags/example_python_operator.py for tasks to queue
[2025-06-16T22:22:42.750-0300] {logging_mixin.py:154} INFO - [2025-06-16T22:22:42.749-0300] {dagbag.py:536} INFO - Filling up the DagBag from /mnt/c/Users/arcan/Documents/airflow/.venv/lib/python3.10/site-packages/airflow/example_dags/example_python_operator.py
[2025-06-16T22:22:42.815-0300] {processor.py:839} INFO - DAG(s) dict_keys(['example_python_operator']) retrieved from /mnt/c/Users/arcan/Documents/airflow/.venv/lib/python3.10/site-packages/airflow/example_dags/example_python_operator.py
[2025-06-16T22:22:42.889-0300] {logging_mixin.py:154} INFO - [2025-06-16T22:22:42.889-0300] {dag.py:2941} INFO - Sync 1 DAGs
[2025-06-16T22:22:42.919-0300] {logging_mixin.py:154} INFO - [2025-06-16T22:22:42.918-0300] {dag.py:3722} INFO - Setting next_dagrun for example_python_operator to None, run_after=None
[2025-06-16T22:22:43.054-0300] {processor.py:179} INFO - Processing /mnt/c/Users/arcan/Documents/airflow/.venv/lib/python3.10/site-packages/airflow/example_dags/example_python_operator.py took 0.317 seconds
[2025-06-16T22:24:07.099-0300] {processor.py:157} INFO - Started process (PID=61275) to work on /mnt/c/Users/arcan/Documents/airflow/.venv/lib/python3.10/site-packages/airflow/example_dags/example_python_operator.py
[2025-06-16T22:24:07.102-0300] {processor.py:829} INFO - Processing file /mnt/c/Users/arcan/Documents/airflow/.venv/lib/python3.10/site-packages/airflow/example_dags/example_python_operator.py for tasks to queue
[2025-06-16T22:24:07.104-0300] {logging_mixin.py:154} INFO - [2025-06-16T22:24:07.103-0300] {dagbag.py:536} INFO - Filling up the DagBag from /mnt/c/Users/arcan/Documents/airflow/.venv/lib/python3.10/site-packages/airflow/example_dags/example_python_operator.py
[2025-06-16T22:24:07.155-0300] {processor.py:839} INFO - DAG(s) dict_keys(['example_python_operator']) retrieved from /mnt/c/Users/arcan/Documents/airflow/.venv/lib/python3.10/site-packages/airflow/example_dags/example_python_operator.py
[2025-06-16T22:24:07.211-0300] {logging_mixin.py:154} INFO - [2025-06-16T22:24:07.211-0300] {dag.py:2941} INFO - Sync 1 DAGs
[2025-06-16T22:24:07.234-0300] {logging_mixin.py:154} INFO - [2025-06-16T22:24:07.233-0300] {dag.py:3722} INFO - Setting next_dagrun for example_python_operator to None, run_after=None
[2025-06-16T22:24:07.376-0300] {processor.py:179} INFO - Processing /mnt/c/Users/arcan/Documents/airflow/.venv/lib/python3.10/site-packages/airflow/example_dags/example_python_operator.py took 0.283 seconds
[2025-06-16T22:25:26.518-0300] {processor.py:157} INFO - Started process (PID=61504) to work on /mnt/c/Users/arcan/Documents/airflow/.venv/lib/python3.10/site-packages/airflow/example_dags/example_python_operator.py
[2025-06-16T22:25:26.520-0300] {processor.py:829} INFO - Processing file /mnt/c/Users/arcan/Documents/airflow/.venv/lib/python3.10/site-packages/airflow/example_dags/example_python_operator.py for tasks to queue
[2025-06-16T22:25:26.522-0300] {logging_mixin.py:154} INFO - [2025-06-16T22:25:26.521-0300] {dagbag.py:536} INFO - Filling up the DagBag from /mnt/c/Users/arcan/Documents/airflow/.venv/lib/python3.10/site-packages/airflow/example_dags/example_python_operator.py
[2025-06-16T22:25:26.578-0300] {processor.py:839} INFO - DAG(s) dict_keys(['example_python_operator']) retrieved from /mnt/c/Users/arcan/Documents/airflow/.venv/lib/python3.10/site-packages/airflow/example_dags/example_python_operator.py
[2025-06-16T22:25:26.639-0300] {logging_mixin.py:154} INFO - [2025-06-16T22:25:26.638-0300] {dag.py:2941} INFO - Sync 1 DAGs
[2025-06-16T22:25:26.663-0300] {logging_mixin.py:154} INFO - [2025-06-16T22:25:26.662-0300] {dag.py:3722} INFO - Setting next_dagrun for example_python_operator to None, run_after=None
[2025-06-16T22:25:26.794-0300] {processor.py:179} INFO - Processing /mnt/c/Users/arcan/Documents/airflow/.venv/lib/python3.10/site-packages/airflow/example_dags/example_python_operator.py took 0.282 seconds
[2025-06-16T22:26:48.385-0300] {processor.py:157} INFO - Started process (PID=61736) to work on /mnt/c/Users/arcan/Documents/airflow/.venv/lib/python3.10/site-packages/airflow/example_dags/example_python_operator.py
[2025-06-16T22:26:48.388-0300] {processor.py:829} INFO - Processing file /mnt/c/Users/arcan/Documents/airflow/.venv/lib/python3.10/site-packages/airflow/example_dags/example_python_operator.py for tasks to queue
[2025-06-16T22:26:48.391-0300] {logging_mixin.py:154} INFO - [2025-06-16T22:26:48.390-0300] {dagbag.py:536} INFO - Filling up the DagBag from /mnt/c/Users/arcan/Documents/airflow/.venv/lib/python3.10/site-packages/airflow/example_dags/example_python_operator.py
[2025-06-16T22:26:48.453-0300] {processor.py:839} INFO - DAG(s) dict_keys(['example_python_operator']) retrieved from /mnt/c/Users/arcan/Documents/airflow/.venv/lib/python3.10/site-packages/airflow/example_dags/example_python_operator.py
[2025-06-16T22:26:48.520-0300] {logging_mixin.py:154} INFO - [2025-06-16T22:26:48.519-0300] {dag.py:2941} INFO - Sync 1 DAGs
[2025-06-16T22:26:48.547-0300] {logging_mixin.py:154} INFO - [2025-06-16T22:26:48.547-0300] {dag.py:3722} INFO - Setting next_dagrun for example_python_operator to None, run_after=None
[2025-06-16T22:26:48.703-0300] {processor.py:179} INFO - Processing /mnt/c/Users/arcan/Documents/airflow/.venv/lib/python3.10/site-packages/airflow/example_dags/example_python_operator.py took 0.327 seconds
[2025-06-16T22:28:02.706-0300] {processor.py:157} INFO - Started process (PID=61952) to work on /mnt/c/Users/arcan/Documents/airflow/.venv/lib/python3.10/site-packages/airflow/example_dags/example_python_operator.py
[2025-06-16T22:28:02.708-0300] {processor.py:829} INFO - Processing file /mnt/c/Users/arcan/Documents/airflow/.venv/lib/python3.10/site-packages/airflow/example_dags/example_python_operator.py for tasks to queue
[2025-06-16T22:28:02.711-0300] {logging_mixin.py:154} INFO - [2025-06-16T22:28:02.710-0300] {dagbag.py:536} INFO - Filling up the DagBag from /mnt/c/Users/arcan/Documents/airflow/.venv/lib/python3.10/site-packages/airflow/example_dags/example_python_operator.py
[2025-06-16T22:28:02.763-0300] {processor.py:839} INFO - DAG(s) dict_keys(['example_python_operator']) retrieved from /mnt/c/Users/arcan/Documents/airflow/.venv/lib/python3.10/site-packages/airflow/example_dags/example_python_operator.py
[2025-06-16T22:28:02.820-0300] {logging_mixin.py:154} INFO - [2025-06-16T22:28:02.820-0300] {dag.py:2941} INFO - Sync 1 DAGs
[2025-06-16T22:28:02.856-0300] {logging_mixin.py:154} INFO - [2025-06-16T22:28:02.856-0300] {dag.py:3722} INFO - Setting next_dagrun for example_python_operator to None, run_after=None
[2025-06-16T22:28:03.003-0300] {processor.py:179} INFO - Processing /mnt/c/Users/arcan/Documents/airflow/.venv/lib/python3.10/site-packages/airflow/example_dags/example_python_operator.py took 0.304 seconds
[2025-06-16T22:29:22.777-0300] {processor.py:157} INFO - Started process (PID=62181) to work on /mnt/c/Users/arcan/Documents/airflow/.venv/lib/python3.10/site-packages/airflow/example_dags/example_python_operator.py
[2025-06-16T22:29:22.780-0300] {processor.py:829} INFO - Processing file /mnt/c/Users/arcan/Documents/airflow/.venv/lib/python3.10/site-packages/airflow/example_dags/example_python_operator.py for tasks to queue
[2025-06-16T22:29:22.782-0300] {logging_mixin.py:154} INFO - [2025-06-16T22:29:22.781-0300] {dagbag.py:536} INFO - Filling up the DagBag from /mnt/c/Users/arcan/Documents/airflow/.venv/lib/python3.10/site-packages/airflow/example_dags/example_python_operator.py
[2025-06-16T22:29:22.838-0300] {processor.py:839} INFO - DAG(s) dict_keys(['example_python_operator']) retrieved from /mnt/c/Users/arcan/Documents/airflow/.venv/lib/python3.10/site-packages/airflow/example_dags/example_python_operator.py
[2025-06-16T22:29:22.905-0300] {logging_mixin.py:154} INFO - [2025-06-16T22:29:22.905-0300] {dag.py:2941} INFO - Sync 1 DAGs
[2025-06-16T22:29:22.928-0300] {logging_mixin.py:154} INFO - [2025-06-16T22:29:22.928-0300] {dag.py:3722} INFO - Setting next_dagrun for example_python_operator to None, run_after=None
[2025-06-16T22:29:23.083-0300] {processor.py:179} INFO - Processing /mnt/c/Users/arcan/Documents/airflow/.venv/lib/python3.10/site-packages/airflow/example_dags/example_python_operator.py took 0.311 seconds
[2025-06-16T22:30:39.689-0300] {processor.py:157} INFO - Started process (PID=62404) to work on /mnt/c/Users/arcan/Documents/airflow/.venv/lib/python3.10/site-packages/airflow/example_dags/example_python_operator.py
[2025-06-16T22:30:39.692-0300] {processor.py:829} INFO - Processing file /mnt/c/Users/arcan/Documents/airflow/.venv/lib/python3.10/site-packages/airflow/example_dags/example_python_operator.py for tasks to queue
[2025-06-16T22:30:39.695-0300] {logging_mixin.py:154} INFO - [2025-06-16T22:30:39.694-0300] {dagbag.py:536} INFO - Filling up the DagBag from /mnt/c/Users/arcan/Documents/airflow/.venv/lib/python3.10/site-packages/airflow/example_dags/example_python_operator.py
[2025-06-16T22:30:39.757-0300] {processor.py:839} INFO - DAG(s) dict_keys(['example_python_operator']) retrieved from /mnt/c/Users/arcan/Documents/airflow/.venv/lib/python3.10/site-packages/airflow/example_dags/example_python_operator.py
[2025-06-16T22:30:39.828-0300] {logging_mixin.py:154} INFO - [2025-06-16T22:30:39.828-0300] {dag.py:2941} INFO - Sync 1 DAGs
[2025-06-16T22:30:39.867-0300] {logging_mixin.py:154} INFO - [2025-06-16T22:30:39.866-0300] {dag.py:3722} INFO - Setting next_dagrun for example_python_operator to None, run_after=None
[2025-06-16T22:30:40.022-0300] {processor.py:179} INFO - Processing /mnt/c/Users/arcan/Documents/airflow/.venv/lib/python3.10/site-packages/airflow/example_dags/example_python_operator.py took 0.341 seconds
[2025-06-16T22:32:14.970-0300] {processor.py:157} INFO - Started process (PID=62757) to work on /mnt/c/Users/arcan/Documents/airflow/.venv/lib/python3.10/site-packages/airflow/example_dags/example_python_operator.py
[2025-06-16T22:32:14.972-0300] {processor.py:829} INFO - Processing file /mnt/c/Users/arcan/Documents/airflow/.venv/lib/python3.10/site-packages/airflow/example_dags/example_python_operator.py for tasks to queue
[2025-06-16T22:32:14.974-0300] {logging_mixin.py:154} INFO - [2025-06-16T22:32:14.973-0300] {dagbag.py:536} INFO - Filling up the DagBag from /mnt/c/Users/arcan/Documents/airflow/.venv/lib/python3.10/site-packages/airflow/example_dags/example_python_operator.py
[2025-06-16T22:32:15.029-0300] {processor.py:839} INFO - DAG(s) dict_keys(['example_python_operator']) retrieved from /mnt/c/Users/arcan/Documents/airflow/.venv/lib/python3.10/site-packages/airflow/example_dags/example_python_operator.py
[2025-06-16T22:32:15.079-0300] {logging_mixin.py:154} INFO - [2025-06-16T22:32:15.079-0300] {dag.py:2941} INFO - Sync 1 DAGs
[2025-06-16T22:32:15.106-0300] {logging_mixin.py:154} INFO - [2025-06-16T22:32:15.106-0300] {dag.py:3722} INFO - Setting next_dagrun for example_python_operator to None, run_after=None
[2025-06-16T22:32:15.221-0300] {processor.py:179} INFO - Processing /mnt/c/Users/arcan/Documents/airflow/.venv/lib/python3.10/site-packages/airflow/example_dags/example_python_operator.py took 0.255 seconds
[2025-06-17T20:50:49.220-0300] {processor.py:157} INFO - Started process (PID=63662) to work on /mnt/c/Users/arcan/Documents/airflow/.venv/lib/python3.10/site-packages/airflow/example_dags/example_python_operator.py
[2025-06-17T20:50:49.223-0300] {processor.py:829} INFO - Processing file /mnt/c/Users/arcan/Documents/airflow/.venv/lib/python3.10/site-packages/airflow/example_dags/example_python_operator.py for tasks to queue
[2025-06-17T20:50:49.225-0300] {logging_mixin.py:154} INFO - [2025-06-17T20:50:49.225-0300] {dagbag.py:536} INFO - Filling up the DagBag from /mnt/c/Users/arcan/Documents/airflow/.venv/lib/python3.10/site-packages/airflow/example_dags/example_python_operator.py
[2025-06-17T20:50:49.288-0300] {processor.py:839} INFO - DAG(s) dict_keys(['example_python_operator']) retrieved from /mnt/c/Users/arcan/Documents/airflow/.venv/lib/python3.10/site-packages/airflow/example_dags/example_python_operator.py
[2025-06-17T20:50:49.395-0300] {logging_mixin.py:154} INFO - [2025-06-17T20:50:49.394-0300] {dag.py:2941} INFO - Sync 1 DAGs
[2025-06-17T20:50:49.432-0300] {logging_mixin.py:154} INFO - [2025-06-17T20:50:49.432-0300] {dag.py:3722} INFO - Setting next_dagrun for example_python_operator to None, run_after=None
[2025-06-17T20:50:49.607-0300] {processor.py:179} INFO - Processing /mnt/c/Users/arcan/Documents/airflow/.venv/lib/python3.10/site-packages/airflow/example_dags/example_python_operator.py took 0.393 seconds
[2025-06-17T20:52:03.913-0300] {processor.py:157} INFO - Started process (PID=63816) to work on /mnt/c/Users/arcan/Documents/airflow/.venv/lib/python3.10/site-packages/airflow/example_dags/example_python_operator.py
[2025-06-17T20:52:03.916-0300] {processor.py:829} INFO - Processing file /mnt/c/Users/arcan/Documents/airflow/.venv/lib/python3.10/site-packages/airflow/example_dags/example_python_operator.py for tasks to queue
[2025-06-17T20:52:03.919-0300] {logging_mixin.py:154} INFO - [2025-06-17T20:52:03.918-0300] {dagbag.py:536} INFO - Filling up the DagBag from /mnt/c/Users/arcan/Documents/airflow/.venv/lib/python3.10/site-packages/airflow/example_dags/example_python_operator.py
[2025-06-17T20:52:03.973-0300] {processor.py:839} INFO - DAG(s) dict_keys(['example_python_operator']) retrieved from /mnt/c/Users/arcan/Documents/airflow/.venv/lib/python3.10/site-packages/airflow/example_dags/example_python_operator.py
[2025-06-17T20:52:04.031-0300] {logging_mixin.py:154} INFO - [2025-06-17T20:52:04.031-0300] {dag.py:2941} INFO - Sync 1 DAGs
[2025-06-17T20:52:04.054-0300] {logging_mixin.py:154} INFO - [2025-06-17T20:52:04.054-0300] {dag.py:3722} INFO - Setting next_dagrun for example_python_operator to None, run_after=None
[2025-06-17T20:52:04.181-0300] {processor.py:179} INFO - Processing /mnt/c/Users/arcan/Documents/airflow/.venv/lib/python3.10/site-packages/airflow/example_dags/example_python_operator.py took 0.273 seconds
[2025-06-17T20:53:25.233-0300] {processor.py:157} INFO - Started process (PID=64160) to work on /mnt/c/Users/arcan/Documents/airflow/.venv/lib/python3.10/site-packages/airflow/example_dags/example_python_operator.py
[2025-06-17T20:53:25.235-0300] {processor.py:829} INFO - Processing file /mnt/c/Users/arcan/Documents/airflow/.venv/lib/python3.10/site-packages/airflow/example_dags/example_python_operator.py for tasks to queue
[2025-06-17T20:53:25.238-0300] {logging_mixin.py:154} INFO - [2025-06-17T20:53:25.237-0300] {dagbag.py:536} INFO - Filling up the DagBag from /mnt/c/Users/arcan/Documents/airflow/.venv/lib/python3.10/site-packages/airflow/example_dags/example_python_operator.py
[2025-06-17T20:53:25.289-0300] {processor.py:839} INFO - DAG(s) dict_keys(['example_python_operator']) retrieved from /mnt/c/Users/arcan/Documents/airflow/.venv/lib/python3.10/site-packages/airflow/example_dags/example_python_operator.py
[2025-06-17T20:53:25.354-0300] {logging_mixin.py:154} INFO - [2025-06-17T20:53:25.354-0300] {dag.py:2941} INFO - Sync 1 DAGs
[2025-06-17T20:53:25.380-0300] {logging_mixin.py:154} INFO - [2025-06-17T20:53:25.379-0300] {dag.py:3722} INFO - Setting next_dagrun for example_python_operator to None, run_after=None
[2025-06-17T20:53:25.484-0300] {processor.py:179} INFO - Processing /mnt/c/Users/arcan/Documents/airflow/.venv/lib/python3.10/site-packages/airflow/example_dags/example_python_operator.py took 0.259 seconds
[2025-06-17T20:54:37.102-0300] {processor.py:157} INFO - Started process (PID=64370) to work on /mnt/c/Users/arcan/Documents/airflow/.venv/lib/python3.10/site-packages/airflow/example_dags/example_python_operator.py
[2025-06-17T20:54:37.105-0300] {processor.py:829} INFO - Processing file /mnt/c/Users/arcan/Documents/airflow/.venv/lib/python3.10/site-packages/airflow/example_dags/example_python_operator.py for tasks to queue
[2025-06-17T20:54:37.106-0300] {logging_mixin.py:154} INFO - [2025-06-17T20:54:37.106-0300] {dagbag.py:536} INFO - Filling up the DagBag from /mnt/c/Users/arcan/Documents/airflow/.venv/lib/python3.10/site-packages/airflow/example_dags/example_python_operator.py
[2025-06-17T20:54:37.147-0300] {processor.py:839} INFO - DAG(s) dict_keys(['example_python_operator']) retrieved from /mnt/c/Users/arcan/Documents/airflow/.venv/lib/python3.10/site-packages/airflow/example_dags/example_python_operator.py
[2025-06-17T20:54:37.195-0300] {logging_mixin.py:154} INFO - [2025-06-17T20:54:37.194-0300] {dag.py:2941} INFO - Sync 1 DAGs
[2025-06-17T20:54:37.218-0300] {logging_mixin.py:154} INFO - [2025-06-17T20:54:37.218-0300] {dag.py:3722} INFO - Setting next_dagrun for example_python_operator to None, run_after=None
[2025-06-17T20:54:37.322-0300] {processor.py:179} INFO - Processing /mnt/c/Users/arcan/Documents/airflow/.venv/lib/python3.10/site-packages/airflow/example_dags/example_python_operator.py took 0.224 seconds
[2025-06-17T20:55:48.038-0300] {processor.py:157} INFO - Started process (PID=64577) to work on /mnt/c/Users/arcan/Documents/airflow/.venv/lib/python3.10/site-packages/airflow/example_dags/example_python_operator.py
[2025-06-17T20:55:48.041-0300] {processor.py:829} INFO - Processing file /mnt/c/Users/arcan/Documents/airflow/.venv/lib/python3.10/site-packages/airflow/example_dags/example_python_operator.py for tasks to queue
[2025-06-17T20:55:48.043-0300] {logging_mixin.py:154} INFO - [2025-06-17T20:55:48.042-0300] {dagbag.py:536} INFO - Filling up the DagBag from /mnt/c/Users/arcan/Documents/airflow/.venv/lib/python3.10/site-packages/airflow/example_dags/example_python_operator.py
[2025-06-17T20:55:48.096-0300] {processor.py:839} INFO - DAG(s) dict_keys(['example_python_operator']) retrieved from /mnt/c/Users/arcan/Documents/airflow/.venv/lib/python3.10/site-packages/airflow/example_dags/example_python_operator.py
[2025-06-17T20:55:48.160-0300] {logging_mixin.py:154} INFO - [2025-06-17T20:55:48.159-0300] {dag.py:2941} INFO - Sync 1 DAGs
[2025-06-17T20:55:48.193-0300] {logging_mixin.py:154} INFO - [2025-06-17T20:55:48.193-0300] {dag.py:3722} INFO - Setting next_dagrun for example_python_operator to None, run_after=None
[2025-06-17T20:55:48.330-0300] {processor.py:179} INFO - Processing /mnt/c/Users/arcan/Documents/airflow/.venv/lib/python3.10/site-packages/airflow/example_dags/example_python_operator.py took 0.302 seconds
