[2025-06-16T22:04:07.462-0300] {processor.py:157} INFO - Started process (PID=57338) to work on /mnt/c/Users/arcan/Documents/airflow/.venv/lib/python3.10/site-packages/airflow/example_dags/example_datasets.py
[2025-06-16T22:04:07.464-0300] {processor.py:829} INFO - Processing file /mnt/c/Users/arcan/Documents/airflow/.venv/lib/python3.10/site-packages/airflow/example_dags/example_datasets.py for tasks to queue
[2025-06-16T22:04:07.466-0300] {logging_mixin.py:154} INFO - [2025-06-16T22:04:07.465-0300] {dagbag.py:536} INFO - Filling up the DagBag from /mnt/c/Users/arcan/Documents/airflow/.venv/lib/python3.10/site-packages/airflow/example_dags/example_datasets.py
[2025-06-16T22:04:07.512-0300] {processor.py:839} INFO - DAG(s) dict_keys(['dataset_consumes_1', 'dataset_consumes_1_and_2', 'dataset_produces_2', 'dataset_consumes_1_never_scheduled', 'dataset_produces_1', 'dataset_consumes_unknown_never_scheduled']) retrieved from /mnt/c/Users/arcan/Documents/airflow/.venv/lib/python3.10/site-packages/airflow/example_dags/example_datasets.py
[2025-06-16T22:04:07.591-0300] {logging_mixin.py:154} INFO - [2025-06-16T22:04:07.591-0300] {dag.py:2941} INFO - Sync 6 DAGs
[2025-06-16T22:04:07.622-0300] {logging_mixin.py:154} INFO - [2025-06-16T22:04:07.621-0300] {dag.py:3722} INFO - Setting next_dagrun for dataset_consumes_1 to None, run_after=None
[2025-06-16T22:04:07.628-0300] {logging_mixin.py:154} INFO - [2025-06-16T22:04:07.628-0300] {dag.py:3722} INFO - Setting next_dagrun for dataset_consumes_1_and_2 to None, run_after=None
[2025-06-16T22:04:07.632-0300] {logging_mixin.py:154} INFO - [2025-06-16T22:04:07.631-0300] {dag.py:3722} INFO - Setting next_dagrun for dataset_consumes_1_never_scheduled to None, run_after=None
[2025-06-16T22:04:07.636-0300] {logging_mixin.py:154} INFO - [2025-06-16T22:04:07.635-0300] {dag.py:3722} INFO - Setting next_dagrun for dataset_consumes_unknown_never_scheduled to None, run_after=None
[2025-06-16T22:04:07.641-0300] {logging_mixin.py:154} INFO - [2025-06-16T22:04:07.641-0300] {dag.py:3722} INFO - Setting next_dagrun for dataset_produces_1 to 2025-06-16T00:00:00+00:00, run_after=2025-06-17T00:00:00+00:00
[2025-06-16T22:04:07.645-0300] {logging_mixin.py:154} INFO - [2025-06-16T22:04:07.645-0300] {dag.py:3722} INFO - Setting next_dagrun for dataset_produces_2 to None, run_after=None
[2025-06-16T22:04:07.776-0300] {processor.py:179} INFO - Processing /mnt/c/Users/arcan/Documents/airflow/.venv/lib/python3.10/site-packages/airflow/example_dags/example_datasets.py took 0.318 seconds
[2025-06-16T22:05:20.537-0300] {processor.py:157} INFO - Started process (PID=57591) to work on /mnt/c/Users/arcan/Documents/airflow/.venv/lib/python3.10/site-packages/airflow/example_dags/example_datasets.py
[2025-06-16T22:05:20.539-0300] {processor.py:829} INFO - Processing file /mnt/c/Users/arcan/Documents/airflow/.venv/lib/python3.10/site-packages/airflow/example_dags/example_datasets.py for tasks to queue
[2025-06-16T22:05:20.541-0300] {logging_mixin.py:154} INFO - [2025-06-16T22:05:20.541-0300] {dagbag.py:536} INFO - Filling up the DagBag from /mnt/c/Users/arcan/Documents/airflow/.venv/lib/python3.10/site-packages/airflow/example_dags/example_datasets.py
[2025-06-16T22:05:20.599-0300] {processor.py:839} INFO - DAG(s) dict_keys(['dataset_produces_2', 'dataset_consumes_1_never_scheduled', 'dataset_consumes_unknown_never_scheduled', 'dataset_consumes_1_and_2', 'dataset_produces_1', 'dataset_consumes_1']) retrieved from /mnt/c/Users/arcan/Documents/airflow/.venv/lib/python3.10/site-packages/airflow/example_dags/example_datasets.py
[2025-06-16T22:05:20.698-0300] {logging_mixin.py:154} INFO - [2025-06-16T22:05:20.697-0300] {dag.py:2941} INFO - Sync 6 DAGs
[2025-06-16T22:05:20.732-0300] {logging_mixin.py:154} INFO - [2025-06-16T22:05:20.732-0300] {dag.py:3722} INFO - Setting next_dagrun for dataset_consumes_1 to None, run_after=None
[2025-06-16T22:05:20.739-0300] {logging_mixin.py:154} INFO - [2025-06-16T22:05:20.739-0300] {dag.py:3722} INFO - Setting next_dagrun for dataset_consumes_1_and_2 to None, run_after=None
[2025-06-16T22:05:20.744-0300] {logging_mixin.py:154} INFO - [2025-06-16T22:05:20.744-0300] {dag.py:3722} INFO - Setting next_dagrun for dataset_consumes_1_never_scheduled to None, run_after=None
[2025-06-16T22:05:20.748-0300] {logging_mixin.py:154} INFO - [2025-06-16T22:05:20.748-0300] {dag.py:3722} INFO - Setting next_dagrun for dataset_consumes_unknown_never_scheduled to None, run_after=None
[2025-06-16T22:05:20.756-0300] {logging_mixin.py:154} INFO - [2025-06-16T22:05:20.755-0300] {dag.py:3722} INFO - Setting next_dagrun for dataset_produces_1 to 2025-06-16T00:00:00+00:00, run_after=2025-06-17T00:00:00+00:00
[2025-06-16T22:05:20.760-0300] {logging_mixin.py:154} INFO - [2025-06-16T22:05:20.760-0300] {dag.py:3722} INFO - Setting next_dagrun for dataset_produces_2 to None, run_after=None
[2025-06-16T22:05:20.912-0300] {processor.py:179} INFO - Processing /mnt/c/Users/arcan/Documents/airflow/.venv/lib/python3.10/site-packages/airflow/example_dags/example_datasets.py took 0.381 seconds
[2025-06-16T22:06:33.142-0300] {processor.py:157} INFO - Started process (PID=57804) to work on /mnt/c/Users/arcan/Documents/airflow/.venv/lib/python3.10/site-packages/airflow/example_dags/example_datasets.py
[2025-06-16T22:06:33.144-0300] {processor.py:829} INFO - Processing file /mnt/c/Users/arcan/Documents/airflow/.venv/lib/python3.10/site-packages/airflow/example_dags/example_datasets.py for tasks to queue
[2025-06-16T22:06:33.145-0300] {logging_mixin.py:154} INFO - [2025-06-16T22:06:33.145-0300] {dagbag.py:536} INFO - Filling up the DagBag from /mnt/c/Users/arcan/Documents/airflow/.venv/lib/python3.10/site-packages/airflow/example_dags/example_datasets.py
[2025-06-16T22:06:33.199-0300] {processor.py:839} INFO - DAG(s) dict_keys(['dataset_consumes_1_never_scheduled', 'dataset_consumes_unknown_never_scheduled', 'dataset_consumes_1', 'dataset_consumes_1_and_2', 'dataset_produces_2', 'dataset_produces_1']) retrieved from /mnt/c/Users/arcan/Documents/airflow/.venv/lib/python3.10/site-packages/airflow/example_dags/example_datasets.py
[2025-06-16T22:06:33.283-0300] {logging_mixin.py:154} INFO - [2025-06-16T22:06:33.283-0300] {dag.py:2941} INFO - Sync 6 DAGs
[2025-06-16T22:06:33.318-0300] {logging_mixin.py:154} INFO - [2025-06-16T22:06:33.317-0300] {dag.py:3722} INFO - Setting next_dagrun for dataset_consumes_1 to None, run_after=None
[2025-06-16T22:06:33.325-0300] {logging_mixin.py:154} INFO - [2025-06-16T22:06:33.324-0300] {dag.py:3722} INFO - Setting next_dagrun for dataset_consumes_1_and_2 to None, run_after=None
[2025-06-16T22:06:33.330-0300] {logging_mixin.py:154} INFO - [2025-06-16T22:06:33.329-0300] {dag.py:3722} INFO - Setting next_dagrun for dataset_consumes_1_never_scheduled to None, run_after=None
[2025-06-16T22:06:33.334-0300] {logging_mixin.py:154} INFO - [2025-06-16T22:06:33.334-0300] {dag.py:3722} INFO - Setting next_dagrun for dataset_consumes_unknown_never_scheduled to None, run_after=None
[2025-06-16T22:06:33.340-0300] {logging_mixin.py:154} INFO - [2025-06-16T22:06:33.340-0300] {dag.py:3722} INFO - Setting next_dagrun for dataset_produces_1 to 2025-06-16T00:00:00+00:00, run_after=2025-06-17T00:00:00+00:00
[2025-06-16T22:06:33.345-0300] {logging_mixin.py:154} INFO - [2025-06-16T22:06:33.345-0300] {dag.py:3722} INFO - Setting next_dagrun for dataset_produces_2 to None, run_after=None
[2025-06-16T22:06:33.491-0300] {processor.py:179} INFO - Processing /mnt/c/Users/arcan/Documents/airflow/.venv/lib/python3.10/site-packages/airflow/example_dags/example_datasets.py took 0.355 seconds
[2025-06-16T22:07:43.720-0300] {processor.py:157} INFO - Started process (PID=58009) to work on /mnt/c/Users/arcan/Documents/airflow/.venv/lib/python3.10/site-packages/airflow/example_dags/example_datasets.py
[2025-06-16T22:07:43.722-0300] {processor.py:829} INFO - Processing file /mnt/c/Users/arcan/Documents/airflow/.venv/lib/python3.10/site-packages/airflow/example_dags/example_datasets.py for tasks to queue
[2025-06-16T22:07:43.724-0300] {logging_mixin.py:154} INFO - [2025-06-16T22:07:43.723-0300] {dagbag.py:536} INFO - Filling up the DagBag from /mnt/c/Users/arcan/Documents/airflow/.venv/lib/python3.10/site-packages/airflow/example_dags/example_datasets.py
[2025-06-16T22:07:43.787-0300] {processor.py:839} INFO - DAG(s) dict_keys(['dataset_consumes_1', 'dataset_consumes_1_never_scheduled', 'dataset_consumes_unknown_never_scheduled', 'dataset_consumes_1_and_2', 'dataset_produces_1', 'dataset_produces_2']) retrieved from /mnt/c/Users/arcan/Documents/airflow/.venv/lib/python3.10/site-packages/airflow/example_dags/example_datasets.py
[2025-06-16T22:07:43.880-0300] {logging_mixin.py:154} INFO - [2025-06-16T22:07:43.880-0300] {dag.py:2941} INFO - Sync 6 DAGs
[2025-06-16T22:07:43.913-0300] {logging_mixin.py:154} INFO - [2025-06-16T22:07:43.912-0300] {dag.py:3722} INFO - Setting next_dagrun for dataset_consumes_1 to None, run_after=None
[2025-06-16T22:07:43.926-0300] {logging_mixin.py:154} INFO - [2025-06-16T22:07:43.925-0300] {dag.py:3722} INFO - Setting next_dagrun for dataset_consumes_1_and_2 to None, run_after=None
[2025-06-16T22:07:43.933-0300] {logging_mixin.py:154} INFO - [2025-06-16T22:07:43.932-0300] {dag.py:3722} INFO - Setting next_dagrun for dataset_consumes_1_never_scheduled to None, run_after=None
[2025-06-16T22:07:43.937-0300] {logging_mixin.py:154} INFO - [2025-06-16T22:07:43.937-0300] {dag.py:3722} INFO - Setting next_dagrun for dataset_consumes_unknown_never_scheduled to None, run_after=None
[2025-06-16T22:07:43.943-0300] {logging_mixin.py:154} INFO - [2025-06-16T22:07:43.943-0300] {dag.py:3722} INFO - Setting next_dagrun for dataset_produces_1 to 2025-06-16T00:00:00+00:00, run_after=2025-06-17T00:00:00+00:00
[2025-06-16T22:07:43.948-0300] {logging_mixin.py:154} INFO - [2025-06-16T22:07:43.948-0300] {dag.py:3722} INFO - Setting next_dagrun for dataset_produces_2 to None, run_after=None
[2025-06-16T22:07:44.099-0300] {processor.py:179} INFO - Processing /mnt/c/Users/arcan/Documents/airflow/.venv/lib/python3.10/site-packages/airflow/example_dags/example_datasets.py took 0.387 seconds
[2025-06-16T22:08:58.784-0300] {processor.py:157} INFO - Started process (PID=58352) to work on /mnt/c/Users/arcan/Documents/airflow/.venv/lib/python3.10/site-packages/airflow/example_dags/example_datasets.py
[2025-06-16T22:08:58.786-0300] {processor.py:829} INFO - Processing file /mnt/c/Users/arcan/Documents/airflow/.venv/lib/python3.10/site-packages/airflow/example_dags/example_datasets.py for tasks to queue
[2025-06-16T22:08:58.788-0300] {logging_mixin.py:154} INFO - [2025-06-16T22:08:58.787-0300] {dagbag.py:536} INFO - Filling up the DagBag from /mnt/c/Users/arcan/Documents/airflow/.venv/lib/python3.10/site-packages/airflow/example_dags/example_datasets.py
[2025-06-16T22:08:58.832-0300] {processor.py:839} INFO - DAG(s) dict_keys(['dataset_consumes_1', 'dataset_consumes_unknown_never_scheduled', 'dataset_produces_2', 'dataset_consumes_1_never_scheduled', 'dataset_consumes_1_and_2', 'dataset_produces_1']) retrieved from /mnt/c/Users/arcan/Documents/airflow/.venv/lib/python3.10/site-packages/airflow/example_dags/example_datasets.py
[2025-06-16T22:08:58.913-0300] {logging_mixin.py:154} INFO - [2025-06-16T22:08:58.913-0300] {dag.py:2941} INFO - Sync 6 DAGs
[2025-06-16T22:08:58.945-0300] {logging_mixin.py:154} INFO - [2025-06-16T22:08:58.945-0300] {dag.py:3722} INFO - Setting next_dagrun for dataset_consumes_1 to None, run_after=None
[2025-06-16T22:08:58.952-0300] {logging_mixin.py:154} INFO - [2025-06-16T22:08:58.952-0300] {dag.py:3722} INFO - Setting next_dagrun for dataset_consumes_1_and_2 to None, run_after=None
[2025-06-16T22:08:58.956-0300] {logging_mixin.py:154} INFO - [2025-06-16T22:08:58.956-0300] {dag.py:3722} INFO - Setting next_dagrun for dataset_consumes_1_never_scheduled to None, run_after=None
[2025-06-16T22:08:58.960-0300] {logging_mixin.py:154} INFO - [2025-06-16T22:08:58.959-0300] {dag.py:3722} INFO - Setting next_dagrun for dataset_consumes_unknown_never_scheduled to None, run_after=None
[2025-06-16T22:08:58.965-0300] {logging_mixin.py:154} INFO - [2025-06-16T22:08:58.965-0300] {dag.py:3722} INFO - Setting next_dagrun for dataset_produces_1 to 2025-06-16T00:00:00+00:00, run_after=2025-06-17T00:00:00+00:00
[2025-06-16T22:08:58.969-0300] {logging_mixin.py:154} INFO - [2025-06-16T22:08:58.969-0300] {dag.py:3722} INFO - Setting next_dagrun for dataset_produces_2 to None, run_after=None
[2025-06-16T22:08:59.095-0300] {processor.py:179} INFO - Processing /mnt/c/Users/arcan/Documents/airflow/.venv/lib/python3.10/site-packages/airflow/example_dags/example_datasets.py took 0.317 seconds
[2025-06-16T22:10:03.463-0300] {processor.py:157} INFO - Started process (PID=58545) to work on /mnt/c/Users/arcan/Documents/airflow/.venv/lib/python3.10/site-packages/airflow/example_dags/example_datasets.py
[2025-06-16T22:10:03.465-0300] {processor.py:829} INFO - Processing file /mnt/c/Users/arcan/Documents/airflow/.venv/lib/python3.10/site-packages/airflow/example_dags/example_datasets.py for tasks to queue
[2025-06-16T22:10:03.466-0300] {logging_mixin.py:154} INFO - [2025-06-16T22:10:03.466-0300] {dagbag.py:536} INFO - Filling up the DagBag from /mnt/c/Users/arcan/Documents/airflow/.venv/lib/python3.10/site-packages/airflow/example_dags/example_datasets.py
[2025-06-16T22:10:03.517-0300] {processor.py:839} INFO - DAG(s) dict_keys(['dataset_consumes_1_never_scheduled', 'dataset_consumes_1_and_2', 'dataset_consumes_unknown_never_scheduled', 'dataset_produces_2', 'dataset_produces_1', 'dataset_consumes_1']) retrieved from /mnt/c/Users/arcan/Documents/airflow/.venv/lib/python3.10/site-packages/airflow/example_dags/example_datasets.py
[2025-06-16T22:10:03.597-0300] {logging_mixin.py:154} INFO - [2025-06-16T22:10:03.597-0300] {dag.py:2941} INFO - Sync 6 DAGs
[2025-06-16T22:10:03.629-0300] {logging_mixin.py:154} INFO - [2025-06-16T22:10:03.629-0300] {dag.py:3722} INFO - Setting next_dagrun for dataset_consumes_1 to None, run_after=None
[2025-06-16T22:10:03.636-0300] {logging_mixin.py:154} INFO - [2025-06-16T22:10:03.636-0300] {dag.py:3722} INFO - Setting next_dagrun for dataset_consumes_1_and_2 to None, run_after=None
[2025-06-16T22:10:03.640-0300] {logging_mixin.py:154} INFO - [2025-06-16T22:10:03.640-0300] {dag.py:3722} INFO - Setting next_dagrun for dataset_consumes_1_never_scheduled to None, run_after=None
[2025-06-16T22:10:03.644-0300] {logging_mixin.py:154} INFO - [2025-06-16T22:10:03.644-0300] {dag.py:3722} INFO - Setting next_dagrun for dataset_consumes_unknown_never_scheduled to None, run_after=None
[2025-06-16T22:10:03.650-0300] {logging_mixin.py:154} INFO - [2025-06-16T22:10:03.650-0300] {dag.py:3722} INFO - Setting next_dagrun for dataset_produces_1 to 2025-06-16T00:00:00+00:00, run_after=2025-06-17T00:00:00+00:00
[2025-06-16T22:10:03.654-0300] {logging_mixin.py:154} INFO - [2025-06-16T22:10:03.653-0300] {dag.py:3722} INFO - Setting next_dagrun for dataset_produces_2 to None, run_after=None
[2025-06-16T22:10:03.780-0300] {processor.py:179} INFO - Processing /mnt/c/Users/arcan/Documents/airflow/.venv/lib/python3.10/site-packages/airflow/example_dags/example_datasets.py took 0.321 seconds
[2025-06-16T22:11:07.219-0300] {processor.py:157} INFO - Started process (PID=58742) to work on /mnt/c/Users/arcan/Documents/airflow/.venv/lib/python3.10/site-packages/airflow/example_dags/example_datasets.py
[2025-06-16T22:11:07.222-0300] {processor.py:829} INFO - Processing file /mnt/c/Users/arcan/Documents/airflow/.venv/lib/python3.10/site-packages/airflow/example_dags/example_datasets.py for tasks to queue
[2025-06-16T22:11:07.224-0300] {logging_mixin.py:154} INFO - [2025-06-16T22:11:07.223-0300] {dagbag.py:536} INFO - Filling up the DagBag from /mnt/c/Users/arcan/Documents/airflow/.venv/lib/python3.10/site-packages/airflow/example_dags/example_datasets.py
[2025-06-16T22:11:07.273-0300] {processor.py:839} INFO - DAG(s) dict_keys(['dataset_consumes_1_and_2', 'dataset_consumes_1', 'dataset_consumes_unknown_never_scheduled', 'dataset_produces_1', 'dataset_produces_2', 'dataset_consumes_1_never_scheduled']) retrieved from /mnt/c/Users/arcan/Documents/airflow/.venv/lib/python3.10/site-packages/airflow/example_dags/example_datasets.py
[2025-06-16T22:11:07.353-0300] {logging_mixin.py:154} INFO - [2025-06-16T22:11:07.352-0300] {dag.py:2941} INFO - Sync 6 DAGs
[2025-06-16T22:11:07.382-0300] {logging_mixin.py:154} INFO - [2025-06-16T22:11:07.382-0300] {dag.py:3722} INFO - Setting next_dagrun for dataset_consumes_1 to None, run_after=None
[2025-06-16T22:11:07.389-0300] {logging_mixin.py:154} INFO - [2025-06-16T22:11:07.389-0300] {dag.py:3722} INFO - Setting next_dagrun for dataset_consumes_1_and_2 to None, run_after=None
[2025-06-16T22:11:07.393-0300] {logging_mixin.py:154} INFO - [2025-06-16T22:11:07.393-0300] {dag.py:3722} INFO - Setting next_dagrun for dataset_consumes_1_never_scheduled to None, run_after=None
[2025-06-16T22:11:07.397-0300] {logging_mixin.py:154} INFO - [2025-06-16T22:11:07.397-0300] {dag.py:3722} INFO - Setting next_dagrun for dataset_consumes_unknown_never_scheduled to None, run_after=None
[2025-06-16T22:11:07.404-0300] {logging_mixin.py:154} INFO - [2025-06-16T22:11:07.403-0300] {dag.py:3722} INFO - Setting next_dagrun for dataset_produces_1 to 2025-06-16T00:00:00+00:00, run_after=2025-06-17T00:00:00+00:00
[2025-06-16T22:11:07.407-0300] {logging_mixin.py:154} INFO - [2025-06-16T22:11:07.407-0300] {dag.py:3722} INFO - Setting next_dagrun for dataset_produces_2 to None, run_after=None
[2025-06-16T22:11:07.539-0300] {processor.py:179} INFO - Processing /mnt/c/Users/arcan/Documents/airflow/.venv/lib/python3.10/site-packages/airflow/example_dags/example_datasets.py took 0.324 seconds
[2025-06-16T22:12:07.149-0300] {processor.py:157} INFO - Started process (PID=58920) to work on /mnt/c/Users/arcan/Documents/airflow/.venv/lib/python3.10/site-packages/airflow/example_dags/example_datasets.py
[2025-06-16T22:12:07.151-0300] {processor.py:829} INFO - Processing file /mnt/c/Users/arcan/Documents/airflow/.venv/lib/python3.10/site-packages/airflow/example_dags/example_datasets.py for tasks to queue
[2025-06-16T22:12:07.152-0300] {logging_mixin.py:154} INFO - [2025-06-16T22:12:07.152-0300] {dagbag.py:536} INFO - Filling up the DagBag from /mnt/c/Users/arcan/Documents/airflow/.venv/lib/python3.10/site-packages/airflow/example_dags/example_datasets.py
[2025-06-16T22:12:07.193-0300] {processor.py:839} INFO - DAG(s) dict_keys(['dataset_consumes_1', 'dataset_consumes_1_and_2', 'dataset_consumes_unknown_never_scheduled', 'dataset_consumes_1_never_scheduled', 'dataset_produces_1', 'dataset_produces_2']) retrieved from /mnt/c/Users/arcan/Documents/airflow/.venv/lib/python3.10/site-packages/airflow/example_dags/example_datasets.py
[2025-06-16T22:12:07.265-0300] {logging_mixin.py:154} INFO - [2025-06-16T22:12:07.265-0300] {dag.py:2941} INFO - Sync 6 DAGs
[2025-06-16T22:12:07.300-0300] {logging_mixin.py:154} INFO - [2025-06-16T22:12:07.300-0300] {dag.py:3722} INFO - Setting next_dagrun for dataset_consumes_1 to None, run_after=None
[2025-06-16T22:12:07.307-0300] {logging_mixin.py:154} INFO - [2025-06-16T22:12:07.306-0300] {dag.py:3722} INFO - Setting next_dagrun for dataset_consumes_1_and_2 to None, run_after=None
[2025-06-16T22:12:07.311-0300] {logging_mixin.py:154} INFO - [2025-06-16T22:12:07.311-0300] {dag.py:3722} INFO - Setting next_dagrun for dataset_consumes_1_never_scheduled to None, run_after=None
[2025-06-16T22:12:07.316-0300] {logging_mixin.py:154} INFO - [2025-06-16T22:12:07.316-0300] {dag.py:3722} INFO - Setting next_dagrun for dataset_consumes_unknown_never_scheduled to None, run_after=None
[2025-06-16T22:12:07.323-0300] {logging_mixin.py:154} INFO - [2025-06-16T22:12:07.322-0300] {dag.py:3722} INFO - Setting next_dagrun for dataset_produces_1 to 2025-06-16T00:00:00+00:00, run_after=2025-06-17T00:00:00+00:00
[2025-06-16T22:12:07.328-0300] {logging_mixin.py:154} INFO - [2025-06-16T22:12:07.328-0300] {dag.py:3722} INFO - Setting next_dagrun for dataset_produces_2 to None, run_after=None
[2025-06-16T22:12:07.459-0300] {processor.py:179} INFO - Processing /mnt/c/Users/arcan/Documents/airflow/.venv/lib/python3.10/site-packages/airflow/example_dags/example_datasets.py took 0.316 seconds
[2025-06-16T22:13:06.569-0300] {processor.py:157} INFO - Started process (PID=59100) to work on /mnt/c/Users/arcan/Documents/airflow/.venv/lib/python3.10/site-packages/airflow/example_dags/example_datasets.py
[2025-06-16T22:13:06.571-0300] {processor.py:829} INFO - Processing file /mnt/c/Users/arcan/Documents/airflow/.venv/lib/python3.10/site-packages/airflow/example_dags/example_datasets.py for tasks to queue
[2025-06-16T22:13:06.573-0300] {logging_mixin.py:154} INFO - [2025-06-16T22:13:06.572-0300] {dagbag.py:536} INFO - Filling up the DagBag from /mnt/c/Users/arcan/Documents/airflow/.venv/lib/python3.10/site-packages/airflow/example_dags/example_datasets.py
[2025-06-16T22:13:06.627-0300] {processor.py:839} INFO - DAG(s) dict_keys(['dataset_produces_1', 'dataset_consumes_unknown_never_scheduled', 'dataset_consumes_1_and_2', 'dataset_consumes_1', 'dataset_produces_2', 'dataset_consumes_1_never_scheduled']) retrieved from /mnt/c/Users/arcan/Documents/airflow/.venv/lib/python3.10/site-packages/airflow/example_dags/example_datasets.py
[2025-06-16T22:13:06.716-0300] {logging_mixin.py:154} INFO - [2025-06-16T22:13:06.716-0300] {dag.py:2941} INFO - Sync 6 DAGs
[2025-06-16T22:13:06.755-0300] {logging_mixin.py:154} INFO - [2025-06-16T22:13:06.754-0300] {dag.py:3722} INFO - Setting next_dagrun for dataset_consumes_1 to None, run_after=None
[2025-06-16T22:13:06.763-0300] {logging_mixin.py:154} INFO - [2025-06-16T22:13:06.762-0300] {dag.py:3722} INFO - Setting next_dagrun for dataset_consumes_1_and_2 to None, run_after=None
[2025-06-16T22:13:06.767-0300] {logging_mixin.py:154} INFO - [2025-06-16T22:13:06.767-0300] {dag.py:3722} INFO - Setting next_dagrun for dataset_consumes_1_never_scheduled to None, run_after=None
[2025-06-16T22:13:06.771-0300] {logging_mixin.py:154} INFO - [2025-06-16T22:13:06.771-0300] {dag.py:3722} INFO - Setting next_dagrun for dataset_consumes_unknown_never_scheduled to None, run_after=None
[2025-06-16T22:13:06.777-0300] {logging_mixin.py:154} INFO - [2025-06-16T22:13:06.777-0300] {dag.py:3722} INFO - Setting next_dagrun for dataset_produces_1 to 2025-06-16T00:00:00+00:00, run_after=2025-06-17T00:00:00+00:00
[2025-06-16T22:13:06.782-0300] {logging_mixin.py:154} INFO - [2025-06-16T22:13:06.782-0300] {dag.py:3722} INFO - Setting next_dagrun for dataset_produces_2 to None, run_after=None
[2025-06-16T22:13:06.917-0300] {processor.py:179} INFO - Processing /mnt/c/Users/arcan/Documents/airflow/.venv/lib/python3.10/site-packages/airflow/example_dags/example_datasets.py took 0.353 seconds
[2025-06-16T22:14:12.977-0300] {processor.py:157} INFO - Started process (PID=59298) to work on /mnt/c/Users/arcan/Documents/airflow/.venv/lib/python3.10/site-packages/airflow/example_dags/example_datasets.py
[2025-06-16T22:14:12.978-0300] {processor.py:829} INFO - Processing file /mnt/c/Users/arcan/Documents/airflow/.venv/lib/python3.10/site-packages/airflow/example_dags/example_datasets.py for tasks to queue
[2025-06-16T22:14:12.980-0300] {logging_mixin.py:154} INFO - [2025-06-16T22:14:12.980-0300] {dagbag.py:536} INFO - Filling up the DagBag from /mnt/c/Users/arcan/Documents/airflow/.venv/lib/python3.10/site-packages/airflow/example_dags/example_datasets.py
[2025-06-16T22:14:13.024-0300] {processor.py:839} INFO - DAG(s) dict_keys(['dataset_consumes_1_never_scheduled', 'dataset_consumes_unknown_never_scheduled', 'dataset_produces_2', 'dataset_consumes_1', 'dataset_produces_1', 'dataset_consumes_1_and_2']) retrieved from /mnt/c/Users/arcan/Documents/airflow/.venv/lib/python3.10/site-packages/airflow/example_dags/example_datasets.py
[2025-06-16T22:14:13.100-0300] {logging_mixin.py:154} INFO - [2025-06-16T22:14:13.100-0300] {dag.py:2941} INFO - Sync 6 DAGs
[2025-06-16T22:14:13.135-0300] {logging_mixin.py:154} INFO - [2025-06-16T22:14:13.134-0300] {dag.py:3722} INFO - Setting next_dagrun for dataset_consumes_1 to None, run_after=None
[2025-06-16T22:14:13.141-0300] {logging_mixin.py:154} INFO - [2025-06-16T22:14:13.141-0300] {dag.py:3722} INFO - Setting next_dagrun for dataset_consumes_1_and_2 to None, run_after=None
[2025-06-16T22:14:13.144-0300] {logging_mixin.py:154} INFO - [2025-06-16T22:14:13.144-0300] {dag.py:3722} INFO - Setting next_dagrun for dataset_consumes_1_never_scheduled to None, run_after=None
[2025-06-16T22:14:13.148-0300] {logging_mixin.py:154} INFO - [2025-06-16T22:14:13.148-0300] {dag.py:3722} INFO - Setting next_dagrun for dataset_consumes_unknown_never_scheduled to None, run_after=None
[2025-06-16T22:14:13.155-0300] {logging_mixin.py:154} INFO - [2025-06-16T22:14:13.154-0300] {dag.py:3722} INFO - Setting next_dagrun for dataset_produces_1 to 2025-06-16T00:00:00+00:00, run_after=2025-06-17T00:00:00+00:00
[2025-06-16T22:14:13.158-0300] {logging_mixin.py:154} INFO - [2025-06-16T22:14:13.158-0300] {dag.py:3722} INFO - Setting next_dagrun for dataset_produces_2 to None, run_after=None
[2025-06-16T22:14:13.280-0300] {processor.py:179} INFO - Processing /mnt/c/Users/arcan/Documents/airflow/.venv/lib/python3.10/site-packages/airflow/example_dags/example_datasets.py took 0.309 seconds
[2025-06-16T22:15:22.000-0300] {processor.py:157} INFO - Started process (PID=59505) to work on /mnt/c/Users/arcan/Documents/airflow/.venv/lib/python3.10/site-packages/airflow/example_dags/example_datasets.py
[2025-06-16T22:15:22.003-0300] {processor.py:829} INFO - Processing file /mnt/c/Users/arcan/Documents/airflow/.venv/lib/python3.10/site-packages/airflow/example_dags/example_datasets.py for tasks to queue
[2025-06-16T22:15:22.005-0300] {logging_mixin.py:154} INFO - [2025-06-16T22:15:22.004-0300] {dagbag.py:536} INFO - Filling up the DagBag from /mnt/c/Users/arcan/Documents/airflow/.venv/lib/python3.10/site-packages/airflow/example_dags/example_datasets.py
[2025-06-16T22:15:22.058-0300] {processor.py:839} INFO - DAG(s) dict_keys(['dataset_consumes_1_never_scheduled', 'dataset_consumes_1', 'dataset_consumes_1_and_2', 'dataset_consumes_unknown_never_scheduled', 'dataset_produces_2', 'dataset_produces_1']) retrieved from /mnt/c/Users/arcan/Documents/airflow/.venv/lib/python3.10/site-packages/airflow/example_dags/example_datasets.py
[2025-06-16T22:15:22.148-0300] {logging_mixin.py:154} INFO - [2025-06-16T22:15:22.148-0300] {dag.py:2941} INFO - Sync 6 DAGs
[2025-06-16T22:15:22.186-0300] {logging_mixin.py:154} INFO - [2025-06-16T22:15:22.186-0300] {dag.py:3722} INFO - Setting next_dagrun for dataset_consumes_1 to None, run_after=None
[2025-06-16T22:15:22.194-0300] {logging_mixin.py:154} INFO - [2025-06-16T22:15:22.193-0300] {dag.py:3722} INFO - Setting next_dagrun for dataset_consumes_1_and_2 to None, run_after=None
[2025-06-16T22:15:22.198-0300] {logging_mixin.py:154} INFO - [2025-06-16T22:15:22.197-0300] {dag.py:3722} INFO - Setting next_dagrun for dataset_consumes_1_never_scheduled to None, run_after=None
[2025-06-16T22:15:22.202-0300] {logging_mixin.py:154} INFO - [2025-06-16T22:15:22.201-0300] {dag.py:3722} INFO - Setting next_dagrun for dataset_consumes_unknown_never_scheduled to None, run_after=None
[2025-06-16T22:15:22.208-0300] {logging_mixin.py:154} INFO - [2025-06-16T22:15:22.207-0300] {dag.py:3722} INFO - Setting next_dagrun for dataset_produces_1 to 2025-06-16T00:00:00+00:00, run_after=2025-06-17T00:00:00+00:00
[2025-06-16T22:15:22.212-0300] {logging_mixin.py:154} INFO - [2025-06-16T22:15:22.212-0300] {dag.py:3722} INFO - Setting next_dagrun for dataset_produces_2 to None, run_after=None
[2025-06-16T22:15:22.341-0300] {processor.py:179} INFO - Processing /mnt/c/Users/arcan/Documents/airflow/.venv/lib/python3.10/site-packages/airflow/example_dags/example_datasets.py took 0.346 seconds
[2025-06-16T22:16:34.847-0300] {processor.py:157} INFO - Started process (PID=59844) to work on /mnt/c/Users/arcan/Documents/airflow/.venv/lib/python3.10/site-packages/airflow/example_dags/example_datasets.py
[2025-06-16T22:16:34.848-0300] {processor.py:829} INFO - Processing file /mnt/c/Users/arcan/Documents/airflow/.venv/lib/python3.10/site-packages/airflow/example_dags/example_datasets.py for tasks to queue
[2025-06-16T22:16:34.850-0300] {logging_mixin.py:154} INFO - [2025-06-16T22:16:34.849-0300] {dagbag.py:536} INFO - Filling up the DagBag from /mnt/c/Users/arcan/Documents/airflow/.venv/lib/python3.10/site-packages/airflow/example_dags/example_datasets.py
[2025-06-16T22:16:34.897-0300] {processor.py:839} INFO - DAG(s) dict_keys(['dataset_produces_2', 'dataset_consumes_1_never_scheduled', 'dataset_consumes_unknown_never_scheduled', 'dataset_consumes_1_and_2', 'dataset_produces_1', 'dataset_consumes_1']) retrieved from /mnt/c/Users/arcan/Documents/airflow/.venv/lib/python3.10/site-packages/airflow/example_dags/example_datasets.py
[2025-06-16T22:16:34.974-0300] {logging_mixin.py:154} INFO - [2025-06-16T22:16:34.974-0300] {dag.py:2941} INFO - Sync 6 DAGs
[2025-06-16T22:16:35.012-0300] {logging_mixin.py:154} INFO - [2025-06-16T22:16:35.011-0300] {dag.py:3722} INFO - Setting next_dagrun for dataset_consumes_1 to None, run_after=None
[2025-06-16T22:16:35.018-0300] {logging_mixin.py:154} INFO - [2025-06-16T22:16:35.018-0300] {dag.py:3722} INFO - Setting next_dagrun for dataset_consumes_1_and_2 to None, run_after=None
[2025-06-16T22:16:35.022-0300] {logging_mixin.py:154} INFO - [2025-06-16T22:16:35.022-0300] {dag.py:3722} INFO - Setting next_dagrun for dataset_consumes_1_never_scheduled to None, run_after=None
[2025-06-16T22:16:35.026-0300] {logging_mixin.py:154} INFO - [2025-06-16T22:16:35.025-0300] {dag.py:3722} INFO - Setting next_dagrun for dataset_consumes_unknown_never_scheduled to None, run_after=None
[2025-06-16T22:16:35.031-0300] {logging_mixin.py:154} INFO - [2025-06-16T22:16:35.031-0300] {dag.py:3722} INFO - Setting next_dagrun for dataset_produces_1 to 2025-06-16T00:00:00+00:00, run_after=2025-06-17T00:00:00+00:00
[2025-06-16T22:16:35.035-0300] {logging_mixin.py:154} INFO - [2025-06-16T22:16:35.035-0300] {dag.py:3722} INFO - Setting next_dagrun for dataset_produces_2 to None, run_after=None
[2025-06-16T22:16:35.152-0300] {processor.py:179} INFO - Processing /mnt/c/Users/arcan/Documents/airflow/.venv/lib/python3.10/site-packages/airflow/example_dags/example_datasets.py took 0.309 seconds
[2025-06-16T22:17:40.628-0300] {processor.py:157} INFO - Started process (PID=60047) to work on /mnt/c/Users/arcan/Documents/airflow/.venv/lib/python3.10/site-packages/airflow/example_dags/example_datasets.py
[2025-06-16T22:17:40.631-0300] {processor.py:829} INFO - Processing file /mnt/c/Users/arcan/Documents/airflow/.venv/lib/python3.10/site-packages/airflow/example_dags/example_datasets.py for tasks to queue
[2025-06-16T22:17:40.635-0300] {logging_mixin.py:154} INFO - [2025-06-16T22:17:40.634-0300] {dagbag.py:536} INFO - Filling up the DagBag from /mnt/c/Users/arcan/Documents/airflow/.venv/lib/python3.10/site-packages/airflow/example_dags/example_datasets.py
[2025-06-16T22:17:40.711-0300] {processor.py:839} INFO - DAG(s) dict_keys(['dataset_consumes_1', 'dataset_consumes_unknown_never_scheduled', 'dataset_produces_2', 'dataset_produces_1', 'dataset_consumes_1_never_scheduled', 'dataset_consumes_1_and_2']) retrieved from /mnt/c/Users/arcan/Documents/airflow/.venv/lib/python3.10/site-packages/airflow/example_dags/example_datasets.py
[2025-06-16T22:17:40.828-0300] {logging_mixin.py:154} INFO - [2025-06-16T22:17:40.828-0300] {dag.py:2941} INFO - Sync 6 DAGs
[2025-06-16T22:17:40.876-0300] {logging_mixin.py:154} INFO - [2025-06-16T22:17:40.876-0300] {dag.py:3722} INFO - Setting next_dagrun for dataset_consumes_1 to None, run_after=None
[2025-06-16T22:17:40.885-0300] {logging_mixin.py:154} INFO - [2025-06-16T22:17:40.884-0300] {dag.py:3722} INFO - Setting next_dagrun for dataset_consumes_1_and_2 to None, run_after=None
[2025-06-16T22:17:40.890-0300] {logging_mixin.py:154} INFO - [2025-06-16T22:17:40.890-0300] {dag.py:3722} INFO - Setting next_dagrun for dataset_consumes_1_never_scheduled to None, run_after=None
[2025-06-16T22:17:40.895-0300] {logging_mixin.py:154} INFO - [2025-06-16T22:17:40.895-0300] {dag.py:3722} INFO - Setting next_dagrun for dataset_consumes_unknown_never_scheduled to None, run_after=None
[2025-06-16T22:17:40.903-0300] {logging_mixin.py:154} INFO - [2025-06-16T22:17:40.902-0300] {dag.py:3722} INFO - Setting next_dagrun for dataset_produces_1 to 2025-06-16T00:00:00+00:00, run_after=2025-06-17T00:00:00+00:00
[2025-06-16T22:17:40.908-0300] {logging_mixin.py:154} INFO - [2025-06-16T22:17:40.908-0300] {dag.py:3722} INFO - Setting next_dagrun for dataset_produces_2 to None, run_after=None
[2025-06-16T22:17:41.089-0300] {processor.py:179} INFO - Processing /mnt/c/Users/arcan/Documents/airflow/.venv/lib/python3.10/site-packages/airflow/example_dags/example_datasets.py took 0.471 seconds
[2025-06-16T22:19:07.348-0300] {processor.py:157} INFO - Started process (PID=60295) to work on /mnt/c/Users/arcan/Documents/airflow/.venv/lib/python3.10/site-packages/airflow/example_dags/example_datasets.py
[2025-06-16T22:19:07.351-0300] {processor.py:829} INFO - Processing file /mnt/c/Users/arcan/Documents/airflow/.venv/lib/python3.10/site-packages/airflow/example_dags/example_datasets.py for tasks to queue
[2025-06-16T22:19:07.353-0300] {logging_mixin.py:154} INFO - [2025-06-16T22:19:07.352-0300] {dagbag.py:536} INFO - Filling up the DagBag from /mnt/c/Users/arcan/Documents/airflow/.venv/lib/python3.10/site-packages/airflow/example_dags/example_datasets.py
[2025-06-16T22:19:07.420-0300] {processor.py:839} INFO - DAG(s) dict_keys(['dataset_consumes_1', 'dataset_consumes_1_never_scheduled', 'dataset_produces_2', 'dataset_consumes_unknown_never_scheduled', 'dataset_produces_1', 'dataset_consumes_1_and_2']) retrieved from /mnt/c/Users/arcan/Documents/airflow/.venv/lib/python3.10/site-packages/airflow/example_dags/example_datasets.py
[2025-06-16T22:19:07.539-0300] {logging_mixin.py:154} INFO - [2025-06-16T22:19:07.539-0300] {dag.py:2941} INFO - Sync 6 DAGs
[2025-06-16T22:19:07.590-0300] {logging_mixin.py:154} INFO - [2025-06-16T22:19:07.590-0300] {dag.py:3722} INFO - Setting next_dagrun for dataset_consumes_1 to None, run_after=None
[2025-06-16T22:19:07.600-0300] {logging_mixin.py:154} INFO - [2025-06-16T22:19:07.600-0300] {dag.py:3722} INFO - Setting next_dagrun for dataset_consumes_1_and_2 to None, run_after=None
[2025-06-16T22:19:07.606-0300] {logging_mixin.py:154} INFO - [2025-06-16T22:19:07.606-0300] {dag.py:3722} INFO - Setting next_dagrun for dataset_consumes_1_never_scheduled to None, run_after=None
[2025-06-16T22:19:07.613-0300] {logging_mixin.py:154} INFO - [2025-06-16T22:19:07.612-0300] {dag.py:3722} INFO - Setting next_dagrun for dataset_consumes_unknown_never_scheduled to None, run_after=None
[2025-06-16T22:19:07.621-0300] {logging_mixin.py:154} INFO - [2025-06-16T22:19:07.620-0300] {dag.py:3722} INFO - Setting next_dagrun for dataset_produces_1 to 2025-06-16T00:00:00+00:00, run_after=2025-06-17T00:00:00+00:00
[2025-06-16T22:19:07.627-0300] {logging_mixin.py:154} INFO - [2025-06-16T22:19:07.627-0300] {dag.py:3722} INFO - Setting next_dagrun for dataset_produces_2 to None, run_after=None
[2025-06-16T22:19:07.798-0300] {processor.py:179} INFO - Processing /mnt/c/Users/arcan/Documents/airflow/.venv/lib/python3.10/site-packages/airflow/example_dags/example_datasets.py took 0.458 seconds
[2025-06-16T22:20:32.806-0300] {processor.py:157} INFO - Started process (PID=60542) to work on /mnt/c/Users/arcan/Documents/airflow/.venv/lib/python3.10/site-packages/airflow/example_dags/example_datasets.py
[2025-06-16T22:20:32.808-0300] {processor.py:829} INFO - Processing file /mnt/c/Users/arcan/Documents/airflow/.venv/lib/python3.10/site-packages/airflow/example_dags/example_datasets.py for tasks to queue
[2025-06-16T22:20:32.811-0300] {logging_mixin.py:154} INFO - [2025-06-16T22:20:32.810-0300] {dagbag.py:536} INFO - Filling up the DagBag from /mnt/c/Users/arcan/Documents/airflow/.venv/lib/python3.10/site-packages/airflow/example_dags/example_datasets.py
[2025-06-16T22:20:32.870-0300] {processor.py:839} INFO - DAG(s) dict_keys(['dataset_produces_1', 'dataset_consumes_1_and_2', 'dataset_consumes_unknown_never_scheduled', 'dataset_consumes_1_never_scheduled', 'dataset_produces_2', 'dataset_consumes_1']) retrieved from /mnt/c/Users/arcan/Documents/airflow/.venv/lib/python3.10/site-packages/airflow/example_dags/example_datasets.py
[2025-06-16T22:20:32.969-0300] {logging_mixin.py:154} INFO - [2025-06-16T22:20:32.969-0300] {dag.py:2941} INFO - Sync 6 DAGs
[2025-06-16T22:20:33.012-0300] {logging_mixin.py:154} INFO - [2025-06-16T22:20:33.012-0300] {dag.py:3722} INFO - Setting next_dagrun for dataset_consumes_1 to None, run_after=None
[2025-06-16T22:20:33.022-0300] {logging_mixin.py:154} INFO - [2025-06-16T22:20:33.021-0300] {dag.py:3722} INFO - Setting next_dagrun for dataset_consumes_1_and_2 to None, run_after=None
[2025-06-16T22:20:33.028-0300] {logging_mixin.py:154} INFO - [2025-06-16T22:20:33.027-0300] {dag.py:3722} INFO - Setting next_dagrun for dataset_consumes_1_never_scheduled to None, run_after=None
[2025-06-16T22:20:33.034-0300] {logging_mixin.py:154} INFO - [2025-06-16T22:20:33.034-0300] {dag.py:3722} INFO - Setting next_dagrun for dataset_consumes_unknown_never_scheduled to None, run_after=None
[2025-06-16T22:20:33.044-0300] {logging_mixin.py:154} INFO - [2025-06-16T22:20:33.043-0300] {dag.py:3722} INFO - Setting next_dagrun for dataset_produces_1 to 2025-06-16T00:00:00+00:00, run_after=2025-06-17T00:00:00+00:00
[2025-06-16T22:20:33.050-0300] {logging_mixin.py:154} INFO - [2025-06-16T22:20:33.049-0300] {dag.py:3722} INFO - Setting next_dagrun for dataset_produces_2 to None, run_after=None
[2025-06-16T22:20:33.250-0300] {processor.py:179} INFO - Processing /mnt/c/Users/arcan/Documents/airflow/.venv/lib/python3.10/site-packages/airflow/example_dags/example_datasets.py took 0.450 seconds
[2025-06-16T22:21:53.324-0300] {processor.py:157} INFO - Started process (PID=60767) to work on /mnt/c/Users/arcan/Documents/airflow/.venv/lib/python3.10/site-packages/airflow/example_dags/example_datasets.py
[2025-06-16T22:21:53.326-0300] {processor.py:829} INFO - Processing file /mnt/c/Users/arcan/Documents/airflow/.venv/lib/python3.10/site-packages/airflow/example_dags/example_datasets.py for tasks to queue
[2025-06-16T22:21:53.329-0300] {logging_mixin.py:154} INFO - [2025-06-16T22:21:53.328-0300] {dagbag.py:536} INFO - Filling up the DagBag from /mnt/c/Users/arcan/Documents/airflow/.venv/lib/python3.10/site-packages/airflow/example_dags/example_datasets.py
[2025-06-16T22:21:53.400-0300] {processor.py:839} INFO - DAG(s) dict_keys(['dataset_consumes_1_and_2', 'dataset_consumes_unknown_never_scheduled', 'dataset_produces_2', 'dataset_consumes_1_never_scheduled', 'dataset_consumes_1', 'dataset_produces_1']) retrieved from /mnt/c/Users/arcan/Documents/airflow/.venv/lib/python3.10/site-packages/airflow/example_dags/example_datasets.py
[2025-06-16T22:21:53.528-0300] {logging_mixin.py:154} INFO - [2025-06-16T22:21:53.527-0300] {dag.py:2941} INFO - Sync 6 DAGs
[2025-06-16T22:21:53.593-0300] {logging_mixin.py:154} INFO - [2025-06-16T22:21:53.592-0300] {dag.py:3722} INFO - Setting next_dagrun for dataset_consumes_1 to None, run_after=None
[2025-06-16T22:21:53.607-0300] {logging_mixin.py:154} INFO - [2025-06-16T22:21:53.607-0300] {dag.py:3722} INFO - Setting next_dagrun for dataset_consumes_1_and_2 to None, run_after=None
[2025-06-16T22:21:53.616-0300] {logging_mixin.py:154} INFO - [2025-06-16T22:21:53.616-0300] {dag.py:3722} INFO - Setting next_dagrun for dataset_consumes_1_never_scheduled to None, run_after=None
[2025-06-16T22:21:53.623-0300] {logging_mixin.py:154} INFO - [2025-06-16T22:21:53.623-0300] {dag.py:3722} INFO - Setting next_dagrun for dataset_consumes_unknown_never_scheduled to None, run_after=None
[2025-06-16T22:21:53.633-0300] {logging_mixin.py:154} INFO - [2025-06-16T22:21:53.633-0300] {dag.py:3722} INFO - Setting next_dagrun for dataset_produces_1 to 2025-06-16T00:00:00+00:00, run_after=2025-06-17T00:00:00+00:00
[2025-06-16T22:21:53.641-0300] {logging_mixin.py:154} INFO - [2025-06-16T22:21:53.640-0300] {dag.py:3722} INFO - Setting next_dagrun for dataset_produces_2 to None, run_after=None
[2025-06-16T22:21:53.845-0300] {processor.py:179} INFO - Processing /mnt/c/Users/arcan/Documents/airflow/.venv/lib/python3.10/site-packages/airflow/example_dags/example_datasets.py took 0.529 seconds
[2025-06-16T22:23:16.996-0300] {processor.py:157} INFO - Started process (PID=61010) to work on /mnt/c/Users/arcan/Documents/airflow/.venv/lib/python3.10/site-packages/airflow/example_dags/example_datasets.py
[2025-06-16T22:23:16.998-0300] {processor.py:829} INFO - Processing file /mnt/c/Users/arcan/Documents/airflow/.venv/lib/python3.10/site-packages/airflow/example_dags/example_datasets.py for tasks to queue
[2025-06-16T22:23:17.001-0300] {logging_mixin.py:154} INFO - [2025-06-16T22:23:17.000-0300] {dagbag.py:536} INFO - Filling up the DagBag from /mnt/c/Users/arcan/Documents/airflow/.venv/lib/python3.10/site-packages/airflow/example_dags/example_datasets.py
[2025-06-16T22:23:17.069-0300] {processor.py:839} INFO - DAG(s) dict_keys(['dataset_consumes_1', 'dataset_consumes_1_never_scheduled', 'dataset_consumes_1_and_2', 'dataset_produces_1', 'dataset_consumes_unknown_never_scheduled', 'dataset_produces_2']) retrieved from /mnt/c/Users/arcan/Documents/airflow/.venv/lib/python3.10/site-packages/airflow/example_dags/example_datasets.py
[2025-06-16T22:23:17.182-0300] {logging_mixin.py:154} INFO - [2025-06-16T22:23:17.181-0300] {dag.py:2941} INFO - Sync 6 DAGs
[2025-06-16T22:23:17.226-0300] {logging_mixin.py:154} INFO - [2025-06-16T22:23:17.225-0300] {dag.py:3722} INFO - Setting next_dagrun for dataset_consumes_1 to None, run_after=None
[2025-06-16T22:23:17.235-0300] {logging_mixin.py:154} INFO - [2025-06-16T22:23:17.234-0300] {dag.py:3722} INFO - Setting next_dagrun for dataset_consumes_1_and_2 to None, run_after=None
[2025-06-16T22:23:17.240-0300] {logging_mixin.py:154} INFO - [2025-06-16T22:23:17.240-0300] {dag.py:3722} INFO - Setting next_dagrun for dataset_consumes_1_never_scheduled to None, run_after=None
[2025-06-16T22:23:17.245-0300] {logging_mixin.py:154} INFO - [2025-06-16T22:23:17.245-0300] {dag.py:3722} INFO - Setting next_dagrun for dataset_consumes_unknown_never_scheduled to None, run_after=None
[2025-06-16T22:23:17.253-0300] {logging_mixin.py:154} INFO - [2025-06-16T22:23:17.253-0300] {dag.py:3722} INFO - Setting next_dagrun for dataset_produces_1 to 2025-06-16T00:00:00+00:00, run_after=2025-06-17T00:00:00+00:00
[2025-06-16T22:23:17.258-0300] {logging_mixin.py:154} INFO - [2025-06-16T22:23:17.258-0300] {dag.py:3722} INFO - Setting next_dagrun for dataset_produces_2 to None, run_after=None
[2025-06-16T22:23:17.432-0300] {processor.py:179} INFO - Processing /mnt/c/Users/arcan/Documents/airflow/.venv/lib/python3.10/site-packages/airflow/example_dags/example_datasets.py took 0.443 seconds
[2025-06-16T22:24:41.088-0300] {processor.py:157} INFO - Started process (PID=61373) to work on /mnt/c/Users/arcan/Documents/airflow/.venv/lib/python3.10/site-packages/airflow/example_dags/example_datasets.py
[2025-06-16T22:24:41.090-0300] {processor.py:829} INFO - Processing file /mnt/c/Users/arcan/Documents/airflow/.venv/lib/python3.10/site-packages/airflow/example_dags/example_datasets.py for tasks to queue
[2025-06-16T22:24:41.092-0300] {logging_mixin.py:154} INFO - [2025-06-16T22:24:41.092-0300] {dagbag.py:536} INFO - Filling up the DagBag from /mnt/c/Users/arcan/Documents/airflow/.venv/lib/python3.10/site-packages/airflow/example_dags/example_datasets.py
[2025-06-16T22:24:41.160-0300] {processor.py:839} INFO - DAG(s) dict_keys(['dataset_produces_1', 'dataset_consumes_1_and_2', 'dataset_consumes_1', 'dataset_consumes_1_never_scheduled', 'dataset_consumes_unknown_never_scheduled', 'dataset_produces_2']) retrieved from /mnt/c/Users/arcan/Documents/airflow/.venv/lib/python3.10/site-packages/airflow/example_dags/example_datasets.py
[2025-06-16T22:24:41.270-0300] {logging_mixin.py:154} INFO - [2025-06-16T22:24:41.270-0300] {dag.py:2941} INFO - Sync 6 DAGs
[2025-06-16T22:24:41.315-0300] {logging_mixin.py:154} INFO - [2025-06-16T22:24:41.314-0300] {dag.py:3722} INFO - Setting next_dagrun for dataset_consumes_1 to None, run_after=None
[2025-06-16T22:24:41.323-0300] {logging_mixin.py:154} INFO - [2025-06-16T22:24:41.323-0300] {dag.py:3722} INFO - Setting next_dagrun for dataset_consumes_1_and_2 to None, run_after=None
[2025-06-16T22:24:41.329-0300] {logging_mixin.py:154} INFO - [2025-06-16T22:24:41.329-0300] {dag.py:3722} INFO - Setting next_dagrun for dataset_consumes_1_never_scheduled to None, run_after=None
[2025-06-16T22:24:41.334-0300] {logging_mixin.py:154} INFO - [2025-06-16T22:24:41.334-0300] {dag.py:3722} INFO - Setting next_dagrun for dataset_consumes_unknown_never_scheduled to None, run_after=None
[2025-06-16T22:24:41.344-0300] {logging_mixin.py:154} INFO - [2025-06-16T22:24:41.344-0300] {dag.py:3722} INFO - Setting next_dagrun for dataset_produces_1 to 2025-06-16T00:00:00+00:00, run_after=2025-06-17T00:00:00+00:00
[2025-06-16T22:24:41.353-0300] {logging_mixin.py:154} INFO - [2025-06-16T22:24:41.352-0300] {dag.py:3722} INFO - Setting next_dagrun for dataset_produces_2 to None, run_after=None
[2025-06-16T22:24:41.593-0300] {processor.py:179} INFO - Processing /mnt/c/Users/arcan/Documents/airflow/.venv/lib/python3.10/site-packages/airflow/example_dags/example_datasets.py took 0.510 seconds
[2025-06-16T22:25:59.652-0300] {processor.py:157} INFO - Started process (PID=61599) to work on /mnt/c/Users/arcan/Documents/airflow/.venv/lib/python3.10/site-packages/airflow/example_dags/example_datasets.py
[2025-06-16T22:25:59.655-0300] {processor.py:829} INFO - Processing file /mnt/c/Users/arcan/Documents/airflow/.venv/lib/python3.10/site-packages/airflow/example_dags/example_datasets.py for tasks to queue
[2025-06-16T22:25:59.657-0300] {logging_mixin.py:154} INFO - [2025-06-16T22:25:59.656-0300] {dagbag.py:536} INFO - Filling up the DagBag from /mnt/c/Users/arcan/Documents/airflow/.venv/lib/python3.10/site-packages/airflow/example_dags/example_datasets.py
[2025-06-16T22:25:59.730-0300] {processor.py:839} INFO - DAG(s) dict_keys(['dataset_consumes_1_never_scheduled', 'dataset_produces_2', 'dataset_produces_1', 'dataset_consumes_unknown_never_scheduled', 'dataset_consumes_1_and_2', 'dataset_consumes_1']) retrieved from /mnt/c/Users/arcan/Documents/airflow/.venv/lib/python3.10/site-packages/airflow/example_dags/example_datasets.py
[2025-06-16T22:25:59.862-0300] {logging_mixin.py:154} INFO - [2025-06-16T22:25:59.862-0300] {dag.py:2941} INFO - Sync 6 DAGs
[2025-06-16T22:25:59.913-0300] {logging_mixin.py:154} INFO - [2025-06-16T22:25:59.913-0300] {dag.py:3722} INFO - Setting next_dagrun for dataset_consumes_1 to None, run_after=None
[2025-06-16T22:25:59.924-0300] {logging_mixin.py:154} INFO - [2025-06-16T22:25:59.923-0300] {dag.py:3722} INFO - Setting next_dagrun for dataset_consumes_1_and_2 to None, run_after=None
[2025-06-16T22:25:59.930-0300] {logging_mixin.py:154} INFO - [2025-06-16T22:25:59.929-0300] {dag.py:3722} INFO - Setting next_dagrun for dataset_consumes_1_never_scheduled to None, run_after=None
[2025-06-16T22:25:59.935-0300] {logging_mixin.py:154} INFO - [2025-06-16T22:25:59.935-0300] {dag.py:3722} INFO - Setting next_dagrun for dataset_consumes_unknown_never_scheduled to None, run_after=None
[2025-06-16T22:25:59.944-0300] {logging_mixin.py:154} INFO - [2025-06-16T22:25:59.944-0300] {dag.py:3722} INFO - Setting next_dagrun for dataset_produces_1 to 2025-06-16T00:00:00+00:00, run_after=2025-06-17T00:00:00+00:00
[2025-06-16T22:25:59.951-0300] {logging_mixin.py:154} INFO - [2025-06-16T22:25:59.951-0300] {dag.py:3722} INFO - Setting next_dagrun for dataset_produces_2 to None, run_after=None
[2025-06-16T22:26:00.153-0300] {processor.py:179} INFO - Processing /mnt/c/Users/arcan/Documents/airflow/.venv/lib/python3.10/site-packages/airflow/example_dags/example_datasets.py took 0.507 seconds
[2025-06-16T22:27:21.232-0300] {processor.py:157} INFO - Started process (PID=61834) to work on /mnt/c/Users/arcan/Documents/airflow/.venv/lib/python3.10/site-packages/airflow/example_dags/example_datasets.py
[2025-06-16T22:27:21.236-0300] {processor.py:829} INFO - Processing file /mnt/c/Users/arcan/Documents/airflow/.venv/lib/python3.10/site-packages/airflow/example_dags/example_datasets.py for tasks to queue
[2025-06-16T22:27:21.239-0300] {logging_mixin.py:154} INFO - [2025-06-16T22:27:21.238-0300] {dagbag.py:536} INFO - Filling up the DagBag from /mnt/c/Users/arcan/Documents/airflow/.venv/lib/python3.10/site-packages/airflow/example_dags/example_datasets.py
[2025-06-16T22:27:21.310-0300] {processor.py:839} INFO - DAG(s) dict_keys(['dataset_produces_1', 'dataset_consumes_1_never_scheduled', 'dataset_produces_2', 'dataset_consumes_unknown_never_scheduled', 'dataset_consumes_1_and_2', 'dataset_consumes_1']) retrieved from /mnt/c/Users/arcan/Documents/airflow/.venv/lib/python3.10/site-packages/airflow/example_dags/example_datasets.py
[2025-06-16T22:27:21.432-0300] {logging_mixin.py:154} INFO - [2025-06-16T22:27:21.432-0300] {dag.py:2941} INFO - Sync 6 DAGs
[2025-06-16T22:27:21.475-0300] {logging_mixin.py:154} INFO - [2025-06-16T22:27:21.474-0300] {dag.py:3722} INFO - Setting next_dagrun for dataset_consumes_1 to None, run_after=None
[2025-06-16T22:27:21.483-0300] {logging_mixin.py:154} INFO - [2025-06-16T22:27:21.483-0300] {dag.py:3722} INFO - Setting next_dagrun for dataset_consumes_1_and_2 to None, run_after=None
[2025-06-16T22:27:21.489-0300] {logging_mixin.py:154} INFO - [2025-06-16T22:27:21.489-0300] {dag.py:3722} INFO - Setting next_dagrun for dataset_consumes_1_never_scheduled to None, run_after=None
[2025-06-16T22:27:21.495-0300] {logging_mixin.py:154} INFO - [2025-06-16T22:27:21.495-0300] {dag.py:3722} INFO - Setting next_dagrun for dataset_consumes_unknown_never_scheduled to None, run_after=None
[2025-06-16T22:27:21.504-0300] {logging_mixin.py:154} INFO - [2025-06-16T22:27:21.503-0300] {dag.py:3722} INFO - Setting next_dagrun for dataset_produces_1 to 2025-06-16T00:00:00+00:00, run_after=2025-06-17T00:00:00+00:00
[2025-06-16T22:27:21.509-0300] {logging_mixin.py:154} INFO - [2025-06-16T22:27:21.509-0300] {dag.py:3722} INFO - Setting next_dagrun for dataset_produces_2 to None, run_after=None
[2025-06-16T22:27:21.703-0300] {processor.py:179} INFO - Processing /mnt/c/Users/arcan/Documents/airflow/.venv/lib/python3.10/site-packages/airflow/example_dags/example_datasets.py took 0.480 seconds
[2025-06-16T22:28:39.797-0300] {processor.py:157} INFO - Started process (PID=62056) to work on /mnt/c/Users/arcan/Documents/airflow/.venv/lib/python3.10/site-packages/airflow/example_dags/example_datasets.py
[2025-06-16T22:28:39.800-0300] {processor.py:829} INFO - Processing file /mnt/c/Users/arcan/Documents/airflow/.venv/lib/python3.10/site-packages/airflow/example_dags/example_datasets.py for tasks to queue
[2025-06-16T22:28:39.803-0300] {logging_mixin.py:154} INFO - [2025-06-16T22:28:39.802-0300] {dagbag.py:536} INFO - Filling up the DagBag from /mnt/c/Users/arcan/Documents/airflow/.venv/lib/python3.10/site-packages/airflow/example_dags/example_datasets.py
[2025-06-16T22:28:39.872-0300] {processor.py:839} INFO - DAG(s) dict_keys(['dataset_produces_2', 'dataset_consumes_unknown_never_scheduled', 'dataset_consumes_1_and_2', 'dataset_consumes_1', 'dataset_consumes_1_never_scheduled', 'dataset_produces_1']) retrieved from /mnt/c/Users/arcan/Documents/airflow/.venv/lib/python3.10/site-packages/airflow/example_dags/example_datasets.py
[2025-06-16T22:28:39.977-0300] {logging_mixin.py:154} INFO - [2025-06-16T22:28:39.977-0300] {dag.py:2941} INFO - Sync 6 DAGs
[2025-06-16T22:28:40.023-0300] {logging_mixin.py:154} INFO - [2025-06-16T22:28:40.023-0300] {dag.py:3722} INFO - Setting next_dagrun for dataset_consumes_1 to None, run_after=None
[2025-06-16T22:28:40.033-0300] {logging_mixin.py:154} INFO - [2025-06-16T22:28:40.033-0300] {dag.py:3722} INFO - Setting next_dagrun for dataset_consumes_1_and_2 to None, run_after=None
[2025-06-16T22:28:40.039-0300] {logging_mixin.py:154} INFO - [2025-06-16T22:28:40.038-0300] {dag.py:3722} INFO - Setting next_dagrun for dataset_consumes_1_never_scheduled to None, run_after=None
[2025-06-16T22:28:40.044-0300] {logging_mixin.py:154} INFO - [2025-06-16T22:28:40.044-0300] {dag.py:3722} INFO - Setting next_dagrun for dataset_consumes_unknown_never_scheduled to None, run_after=None
[2025-06-16T22:28:40.052-0300] {logging_mixin.py:154} INFO - [2025-06-16T22:28:40.052-0300] {dag.py:3722} INFO - Setting next_dagrun for dataset_produces_1 to 2025-06-16T00:00:00+00:00, run_after=2025-06-17T00:00:00+00:00
[2025-06-16T22:28:40.057-0300] {logging_mixin.py:154} INFO - [2025-06-16T22:28:40.057-0300] {dag.py:3722} INFO - Setting next_dagrun for dataset_produces_2 to None, run_after=None
[2025-06-16T22:28:40.251-0300] {processor.py:179} INFO - Processing /mnt/c/Users/arcan/Documents/airflow/.venv/lib/python3.10/site-packages/airflow/example_dags/example_datasets.py took 0.461 seconds
[2025-06-16T22:30:01.137-0300] {processor.py:157} INFO - Started process (PID=62290) to work on /mnt/c/Users/arcan/Documents/airflow/.venv/lib/python3.10/site-packages/airflow/example_dags/example_datasets.py
[2025-06-16T22:30:01.139-0300] {processor.py:829} INFO - Processing file /mnt/c/Users/arcan/Documents/airflow/.venv/lib/python3.10/site-packages/airflow/example_dags/example_datasets.py for tasks to queue
[2025-06-16T22:30:01.142-0300] {logging_mixin.py:154} INFO - [2025-06-16T22:30:01.141-0300] {dagbag.py:536} INFO - Filling up the DagBag from /mnt/c/Users/arcan/Documents/airflow/.venv/lib/python3.10/site-packages/airflow/example_dags/example_datasets.py
[2025-06-16T22:30:01.211-0300] {processor.py:839} INFO - DAG(s) dict_keys(['dataset_consumes_unknown_never_scheduled', 'dataset_consumes_1_and_2', 'dataset_produces_1', 'dataset_produces_2', 'dataset_consumes_1', 'dataset_consumes_1_never_scheduled']) retrieved from /mnt/c/Users/arcan/Documents/airflow/.venv/lib/python3.10/site-packages/airflow/example_dags/example_datasets.py
[2025-06-16T22:30:01.327-0300] {logging_mixin.py:154} INFO - [2025-06-16T22:30:01.326-0300] {dag.py:2941} INFO - Sync 6 DAGs
[2025-06-16T22:30:01.384-0300] {logging_mixin.py:154} INFO - [2025-06-16T22:30:01.383-0300] {dag.py:3722} INFO - Setting next_dagrun for dataset_consumes_1 to None, run_after=None
[2025-06-16T22:30:01.394-0300] {logging_mixin.py:154} INFO - [2025-06-16T22:30:01.393-0300] {dag.py:3722} INFO - Setting next_dagrun for dataset_consumes_1_and_2 to None, run_after=None
[2025-06-16T22:30:01.399-0300] {logging_mixin.py:154} INFO - [2025-06-16T22:30:01.399-0300] {dag.py:3722} INFO - Setting next_dagrun for dataset_consumes_1_never_scheduled to None, run_after=None
[2025-06-16T22:30:01.405-0300] {logging_mixin.py:154} INFO - [2025-06-16T22:30:01.404-0300] {dag.py:3722} INFO - Setting next_dagrun for dataset_consumes_unknown_never_scheduled to None, run_after=None
[2025-06-16T22:30:01.413-0300] {logging_mixin.py:154} INFO - [2025-06-16T22:30:01.413-0300] {dag.py:3722} INFO - Setting next_dagrun for dataset_produces_1 to 2025-06-16T00:00:00+00:00, run_after=2025-06-17T00:00:00+00:00
[2025-06-16T22:30:01.419-0300] {logging_mixin.py:154} INFO - [2025-06-16T22:30:01.419-0300] {dag.py:3722} INFO - Setting next_dagrun for dataset_produces_2 to None, run_after=None
[2025-06-16T22:30:01.682-0300] {processor.py:179} INFO - Processing /mnt/c/Users/arcan/Documents/airflow/.venv/lib/python3.10/site-packages/airflow/example_dags/example_datasets.py took 0.552 seconds
[2025-06-16T22:31:14.496-0300] {processor.py:157} INFO - Started process (PID=62505) to work on /mnt/c/Users/arcan/Documents/airflow/.venv/lib/python3.10/site-packages/airflow/example_dags/example_datasets.py
[2025-06-16T22:31:14.500-0300] {processor.py:829} INFO - Processing file /mnt/c/Users/arcan/Documents/airflow/.venv/lib/python3.10/site-packages/airflow/example_dags/example_datasets.py for tasks to queue
[2025-06-16T22:31:14.503-0300] {logging_mixin.py:154} INFO - [2025-06-16T22:31:14.502-0300] {dagbag.py:536} INFO - Filling up the DagBag from /mnt/c/Users/arcan/Documents/airflow/.venv/lib/python3.10/site-packages/airflow/example_dags/example_datasets.py
[2025-06-16T22:31:14.577-0300] {processor.py:839} INFO - DAG(s) dict_keys(['dataset_produces_2', 'dataset_consumes_1', 'dataset_consumes_1_never_scheduled', 'dataset_consumes_unknown_never_scheduled', 'dataset_consumes_1_and_2', 'dataset_produces_1']) retrieved from /mnt/c/Users/arcan/Documents/airflow/.venv/lib/python3.10/site-packages/airflow/example_dags/example_datasets.py
[2025-06-16T22:31:14.696-0300] {logging_mixin.py:154} INFO - [2025-06-16T22:31:14.695-0300] {dag.py:2941} INFO - Sync 6 DAGs
[2025-06-16T22:31:14.738-0300] {logging_mixin.py:154} INFO - [2025-06-16T22:31:14.738-0300] {dag.py:3722} INFO - Setting next_dagrun for dataset_consumes_1 to None, run_after=None
[2025-06-16T22:31:14.747-0300] {logging_mixin.py:154} INFO - [2025-06-16T22:31:14.747-0300] {dag.py:3722} INFO - Setting next_dagrun for dataset_consumes_1_and_2 to None, run_after=None
[2025-06-16T22:31:14.752-0300] {logging_mixin.py:154} INFO - [2025-06-16T22:31:14.752-0300] {dag.py:3722} INFO - Setting next_dagrun for dataset_consumes_1_never_scheduled to None, run_after=None
[2025-06-16T22:31:14.757-0300] {logging_mixin.py:154} INFO - [2025-06-16T22:31:14.756-0300] {dag.py:3722} INFO - Setting next_dagrun for dataset_consumes_unknown_never_scheduled to None, run_after=None
[2025-06-16T22:31:14.766-0300] {logging_mixin.py:154} INFO - [2025-06-16T22:31:14.765-0300] {dag.py:3722} INFO - Setting next_dagrun for dataset_produces_1 to 2025-06-16T00:00:00+00:00, run_after=2025-06-17T00:00:00+00:00
[2025-06-16T22:31:14.772-0300] {logging_mixin.py:154} INFO - [2025-06-16T22:31:14.771-0300] {dag.py:3722} INFO - Setting next_dagrun for dataset_produces_2 to None, run_after=None
[2025-06-16T22:31:14.957-0300] {processor.py:179} INFO - Processing /mnt/c/Users/arcan/Documents/airflow/.venv/lib/python3.10/site-packages/airflow/example_dags/example_datasets.py took 0.473 seconds
[2025-06-16T22:32:56.826-0300] {processor.py:157} INFO - Started process (PID=62878) to work on /mnt/c/Users/arcan/Documents/airflow/.venv/lib/python3.10/site-packages/airflow/example_dags/example_datasets.py
[2025-06-16T22:32:56.829-0300] {processor.py:829} INFO - Processing file /mnt/c/Users/arcan/Documents/airflow/.venv/lib/python3.10/site-packages/airflow/example_dags/example_datasets.py for tasks to queue
[2025-06-16T22:32:56.831-0300] {logging_mixin.py:154} INFO - [2025-06-16T22:32:56.830-0300] {dagbag.py:536} INFO - Filling up the DagBag from /mnt/c/Users/arcan/Documents/airflow/.venv/lib/python3.10/site-packages/airflow/example_dags/example_datasets.py
[2025-06-16T22:32:56.896-0300] {processor.py:839} INFO - DAG(s) dict_keys(['dataset_consumes_1', 'dataset_consumes_unknown_never_scheduled', 'dataset_consumes_1_never_scheduled', 'dataset_consumes_1_and_2', 'dataset_produces_2', 'dataset_produces_1']) retrieved from /mnt/c/Users/arcan/Documents/airflow/.venv/lib/python3.10/site-packages/airflow/example_dags/example_datasets.py
[2025-06-16T22:32:57.015-0300] {logging_mixin.py:154} INFO - [2025-06-16T22:32:57.015-0300] {dag.py:2941} INFO - Sync 6 DAGs
[2025-06-16T22:32:57.059-0300] {logging_mixin.py:154} INFO - [2025-06-16T22:32:57.058-0300] {dag.py:3722} INFO - Setting next_dagrun for dataset_consumes_1 to None, run_after=None
[2025-06-16T22:32:57.067-0300] {logging_mixin.py:154} INFO - [2025-06-16T22:32:57.066-0300] {dag.py:3722} INFO - Setting next_dagrun for dataset_consumes_1_and_2 to None, run_after=None
[2025-06-16T22:32:57.072-0300] {logging_mixin.py:154} INFO - [2025-06-16T22:32:57.072-0300] {dag.py:3722} INFO - Setting next_dagrun for dataset_consumes_1_never_scheduled to None, run_after=None
[2025-06-16T22:32:57.077-0300] {logging_mixin.py:154} INFO - [2025-06-16T22:32:57.077-0300] {dag.py:3722} INFO - Setting next_dagrun for dataset_consumes_unknown_never_scheduled to None, run_after=None
[2025-06-16T22:32:57.086-0300] {logging_mixin.py:154} INFO - [2025-06-16T22:32:57.086-0300] {dag.py:3722} INFO - Setting next_dagrun for dataset_produces_1 to 2025-06-16T00:00:00+00:00, run_after=2025-06-17T00:00:00+00:00
[2025-06-16T22:32:57.092-0300] {logging_mixin.py:154} INFO - [2025-06-16T22:32:57.092-0300] {dag.py:3722} INFO - Setting next_dagrun for dataset_produces_2 to None, run_after=None
[2025-06-16T22:32:57.255-0300] {processor.py:179} INFO - Processing /mnt/c/Users/arcan/Documents/airflow/.venv/lib/python3.10/site-packages/airflow/example_dags/example_datasets.py took 0.436 seconds
[2025-06-17T20:51:07.976-0300] {processor.py:157} INFO - Started process (PID=63677) to work on /mnt/c/Users/arcan/Documents/airflow/.venv/lib/python3.10/site-packages/airflow/example_dags/example_datasets.py
[2025-06-17T20:51:07.978-0300] {processor.py:829} INFO - Processing file /mnt/c/Users/arcan/Documents/airflow/.venv/lib/python3.10/site-packages/airflow/example_dags/example_datasets.py for tasks to queue
[2025-06-17T20:51:07.980-0300] {logging_mixin.py:154} INFO - [2025-06-17T20:51:07.980-0300] {dagbag.py:536} INFO - Filling up the DagBag from /mnt/c/Users/arcan/Documents/airflow/.venv/lib/python3.10/site-packages/airflow/example_dags/example_datasets.py
[2025-06-17T20:51:08.029-0300] {processor.py:839} INFO - DAG(s) dict_keys(['dataset_produces_1', 'dataset_consumes_unknown_never_scheduled', 'dataset_produces_2', 'dataset_consumes_1', 'dataset_consumes_1_and_2', 'dataset_consumes_1_never_scheduled']) retrieved from /mnt/c/Users/arcan/Documents/airflow/.venv/lib/python3.10/site-packages/airflow/example_dags/example_datasets.py
[2025-06-17T20:51:08.112-0300] {logging_mixin.py:154} INFO - [2025-06-17T20:51:08.112-0300] {dag.py:2941} INFO - Sync 6 DAGs
[2025-06-17T20:51:08.149-0300] {logging_mixin.py:154} INFO - [2025-06-17T20:51:08.149-0300] {dag.py:3722} INFO - Setting next_dagrun for dataset_consumes_1 to None, run_after=None
[2025-06-17T20:51:08.159-0300] {logging_mixin.py:154} INFO - [2025-06-17T20:51:08.158-0300] {dag.py:3722} INFO - Setting next_dagrun for dataset_consumes_1_and_2 to None, run_after=None
[2025-06-17T20:51:08.165-0300] {logging_mixin.py:154} INFO - [2025-06-17T20:51:08.165-0300] {dag.py:3722} INFO - Setting next_dagrun for dataset_consumes_1_never_scheduled to None, run_after=None
[2025-06-17T20:51:08.171-0300] {logging_mixin.py:154} INFO - [2025-06-17T20:51:08.171-0300] {dag.py:3722} INFO - Setting next_dagrun for dataset_consumes_unknown_never_scheduled to None, run_after=None
[2025-06-17T20:51:08.179-0300] {logging_mixin.py:154} INFO - [2025-06-17T20:51:08.179-0300] {dag.py:3722} INFO - Setting next_dagrun for dataset_produces_1 to 2025-06-16T00:00:00+00:00, run_after=2025-06-17T00:00:00+00:00
[2025-06-17T20:51:08.184-0300] {logging_mixin.py:154} INFO - [2025-06-17T20:51:08.184-0300] {dag.py:3722} INFO - Setting next_dagrun for dataset_produces_2 to None, run_after=None
[2025-06-17T20:51:08.329-0300] {processor.py:179} INFO - Processing /mnt/c/Users/arcan/Documents/airflow/.venv/lib/python3.10/site-packages/airflow/example_dags/example_datasets.py took 0.359 seconds
[2025-06-17T20:52:33.510-0300] {processor.py:157} INFO - Started process (PID=63895) to work on /mnt/c/Users/arcan/Documents/airflow/.venv/lib/python3.10/site-packages/airflow/example_dags/example_datasets.py
[2025-06-17T20:52:33.512-0300] {processor.py:829} INFO - Processing file /mnt/c/Users/arcan/Documents/airflow/.venv/lib/python3.10/site-packages/airflow/example_dags/example_datasets.py for tasks to queue
[2025-06-17T20:52:33.515-0300] {logging_mixin.py:154} INFO - [2025-06-17T20:52:33.514-0300] {dagbag.py:536} INFO - Filling up the DagBag from /mnt/c/Users/arcan/Documents/airflow/.venv/lib/python3.10/site-packages/airflow/example_dags/example_datasets.py
[2025-06-17T20:52:33.589-0300] {processor.py:839} INFO - DAG(s) dict_keys(['dataset_consumes_1', 'dataset_consumes_1_and_2', 'dataset_produces_2', 'dataset_consumes_unknown_never_scheduled', 'dataset_produces_1', 'dataset_consumes_1_never_scheduled']) retrieved from /mnt/c/Users/arcan/Documents/airflow/.venv/lib/python3.10/site-packages/airflow/example_dags/example_datasets.py
[2025-06-17T20:52:33.717-0300] {logging_mixin.py:154} INFO - [2025-06-17T20:52:33.717-0300] {dag.py:2941} INFO - Sync 6 DAGs
[2025-06-17T20:52:33.772-0300] {logging_mixin.py:154} INFO - [2025-06-17T20:52:33.772-0300] {dag.py:3722} INFO - Setting next_dagrun for dataset_consumes_1 to None, run_after=None
[2025-06-17T20:52:33.784-0300] {logging_mixin.py:154} INFO - [2025-06-17T20:52:33.784-0300] {dag.py:3722} INFO - Setting next_dagrun for dataset_consumes_1_and_2 to None, run_after=None
[2025-06-17T20:52:33.791-0300] {logging_mixin.py:154} INFO - [2025-06-17T20:52:33.791-0300] {dag.py:3722} INFO - Setting next_dagrun for dataset_consumes_1_never_scheduled to None, run_after=None
[2025-06-17T20:52:33.797-0300] {logging_mixin.py:154} INFO - [2025-06-17T20:52:33.797-0300] {dag.py:3722} INFO - Setting next_dagrun for dataset_consumes_unknown_never_scheduled to None, run_after=None
[2025-06-17T20:52:33.806-0300] {logging_mixin.py:154} INFO - [2025-06-17T20:52:33.806-0300] {dag.py:3722} INFO - Setting next_dagrun for dataset_produces_1 to 2025-06-16T00:00:00+00:00, run_after=2025-06-17T00:00:00+00:00
[2025-06-17T20:52:33.812-0300] {logging_mixin.py:154} INFO - [2025-06-17T20:52:33.812-0300] {dag.py:3722} INFO - Setting next_dagrun for dataset_produces_2 to None, run_after=None
[2025-06-17T20:52:34.011-0300] {processor.py:179} INFO - Processing /mnt/c/Users/arcan/Documents/airflow/.venv/lib/python3.10/site-packages/airflow/example_dags/example_datasets.py took 0.508 seconds
[2025-06-17T20:53:53.341-0300] {processor.py:157} INFO - Started process (PID=64247) to work on /mnt/c/Users/arcan/Documents/airflow/.venv/lib/python3.10/site-packages/airflow/example_dags/example_datasets.py
[2025-06-17T20:53:53.343-0300] {processor.py:829} INFO - Processing file /mnt/c/Users/arcan/Documents/airflow/.venv/lib/python3.10/site-packages/airflow/example_dags/example_datasets.py for tasks to queue
[2025-06-17T20:53:53.345-0300] {logging_mixin.py:154} INFO - [2025-06-17T20:53:53.345-0300] {dagbag.py:536} INFO - Filling up the DagBag from /mnt/c/Users/arcan/Documents/airflow/.venv/lib/python3.10/site-packages/airflow/example_dags/example_datasets.py
[2025-06-17T20:53:53.407-0300] {processor.py:839} INFO - DAG(s) dict_keys(['dataset_produces_1', 'dataset_consumes_1', 'dataset_consumes_1_and_2', 'dataset_produces_2', 'dataset_consumes_1_never_scheduled', 'dataset_consumes_unknown_never_scheduled']) retrieved from /mnt/c/Users/arcan/Documents/airflow/.venv/lib/python3.10/site-packages/airflow/example_dags/example_datasets.py
[2025-06-17T20:53:53.511-0300] {logging_mixin.py:154} INFO - [2025-06-17T20:53:53.511-0300] {dag.py:2941} INFO - Sync 6 DAGs
[2025-06-17T20:53:53.565-0300] {logging_mixin.py:154} INFO - [2025-06-17T20:53:53.565-0300] {dag.py:3722} INFO - Setting next_dagrun for dataset_consumes_1 to None, run_after=None
[2025-06-17T20:53:53.575-0300] {logging_mixin.py:154} INFO - [2025-06-17T20:53:53.575-0300] {dag.py:3722} INFO - Setting next_dagrun for dataset_consumes_1_and_2 to None, run_after=None
[2025-06-17T20:53:53.581-0300] {logging_mixin.py:154} INFO - [2025-06-17T20:53:53.581-0300] {dag.py:3722} INFO - Setting next_dagrun for dataset_consumes_1_never_scheduled to None, run_after=None
[2025-06-17T20:53:53.587-0300] {logging_mixin.py:154} INFO - [2025-06-17T20:53:53.587-0300] {dag.py:3722} INFO - Setting next_dagrun for dataset_consumes_unknown_never_scheduled to None, run_after=None
[2025-06-17T20:53:53.596-0300] {logging_mixin.py:154} INFO - [2025-06-17T20:53:53.596-0300] {dag.py:3722} INFO - Setting next_dagrun for dataset_produces_1 to 2025-06-16T00:00:00+00:00, run_after=2025-06-17T00:00:00+00:00
[2025-06-17T20:53:53.601-0300] {logging_mixin.py:154} INFO - [2025-06-17T20:53:53.601-0300] {dag.py:3722} INFO - Setting next_dagrun for dataset_produces_2 to None, run_after=None
[2025-06-17T20:53:53.757-0300] {processor.py:179} INFO - Processing /mnt/c/Users/arcan/Documents/airflow/.venv/lib/python3.10/site-packages/airflow/example_dags/example_datasets.py took 0.421 seconds
[2025-06-17T20:55:01.869-0300] {processor.py:157} INFO - Started process (PID=64448) to work on /mnt/c/Users/arcan/Documents/airflow/.venv/lib/python3.10/site-packages/airflow/example_dags/example_datasets.py
[2025-06-17T20:55:01.870-0300] {processor.py:829} INFO - Processing file /mnt/c/Users/arcan/Documents/airflow/.venv/lib/python3.10/site-packages/airflow/example_dags/example_datasets.py for tasks to queue
[2025-06-17T20:55:01.872-0300] {logging_mixin.py:154} INFO - [2025-06-17T20:55:01.871-0300] {dagbag.py:536} INFO - Filling up the DagBag from /mnt/c/Users/arcan/Documents/airflow/.venv/lib/python3.10/site-packages/airflow/example_dags/example_datasets.py
[2025-06-17T20:55:01.916-0300] {processor.py:839} INFO - DAG(s) dict_keys(['dataset_produces_2', 'dataset_consumes_1_and_2', 'dataset_consumes_unknown_never_scheduled', 'dataset_produces_1', 'dataset_consumes_1', 'dataset_consumes_1_never_scheduled']) retrieved from /mnt/c/Users/arcan/Documents/airflow/.venv/lib/python3.10/site-packages/airflow/example_dags/example_datasets.py
[2025-06-17T20:55:02.002-0300] {logging_mixin.py:154} INFO - [2025-06-17T20:55:02.001-0300] {dag.py:2941} INFO - Sync 6 DAGs
[2025-06-17T20:55:02.035-0300] {logging_mixin.py:154} INFO - [2025-06-17T20:55:02.035-0300] {dag.py:3722} INFO - Setting next_dagrun for dataset_consumes_1 to None, run_after=None
[2025-06-17T20:55:02.042-0300] {logging_mixin.py:154} INFO - [2025-06-17T20:55:02.042-0300] {dag.py:3722} INFO - Setting next_dagrun for dataset_consumes_1_and_2 to None, run_after=None
[2025-06-17T20:55:02.046-0300] {logging_mixin.py:154} INFO - [2025-06-17T20:55:02.046-0300] {dag.py:3722} INFO - Setting next_dagrun for dataset_consumes_1_never_scheduled to None, run_after=None
[2025-06-17T20:55:02.049-0300] {logging_mixin.py:154} INFO - [2025-06-17T20:55:02.049-0300] {dag.py:3722} INFO - Setting next_dagrun for dataset_consumes_unknown_never_scheduled to None, run_after=None
[2025-06-17T20:55:02.055-0300] {logging_mixin.py:154} INFO - [2025-06-17T20:55:02.055-0300] {dag.py:3722} INFO - Setting next_dagrun for dataset_produces_1 to 2025-06-16T00:00:00+00:00, run_after=2025-06-17T00:00:00+00:00
[2025-06-17T20:55:02.059-0300] {logging_mixin.py:154} INFO - [2025-06-17T20:55:02.058-0300] {dag.py:3722} INFO - Setting next_dagrun for dataset_produces_2 to None, run_after=None
[2025-06-17T20:55:02.199-0300] {processor.py:179} INFO - Processing /mnt/c/Users/arcan/Documents/airflow/.venv/lib/python3.10/site-packages/airflow/example_dags/example_datasets.py took 0.334 seconds
