[2025-06-16T22:04:09.076-0300] {processor.py:157} INFO - Started process (PID=57347) to work on /mnt/c/Users/arcan/Documents/airflow/.venv/lib/python3.10/site-packages/airflow/example_dags/example_dag_decorator.py
[2025-06-16T22:04:09.079-0300] {processor.py:829} INFO - Processing file /mnt/c/Users/arcan/Documents/airflow/.venv/lib/python3.10/site-packages/airflow/example_dags/example_dag_decorator.py for tasks to queue
[2025-06-16T22:04:09.081-0300] {logging_mixin.py:154} INFO - [2025-06-16T22:04:09.080-0300] {dagbag.py:536} INFO - Filling up the DagBag from /mnt/c/Users/arcan/Documents/airflow/.venv/lib/python3.10/site-packages/airflow/example_dags/example_dag_decorator.py
[2025-06-16T22:04:09.739-0300] {processor.py:839} INFO - DAG(s) dict_keys(['example_dag_decorator']) retrieved from /mnt/c/Users/arcan/Documents/airflow/.venv/lib/python3.10/site-packages/airflow/example_dags/example_dag_decorator.py
[2025-06-16T22:04:11.674-0300] {logging_mixin.py:154} INFO - [2025-06-16T22:04:11.674-0300] {dag.py:2941} INFO - Sync 1 DAGs
[2025-06-16T22:04:11.695-0300] {logging_mixin.py:154} INFO - [2025-06-16T22:04:11.695-0300] {dag.py:3722} INFO - Setting next_dagrun for example_dag_decorator to None, run_after=None
[2025-06-16T22:04:11.802-0300] {processor.py:179} INFO - Processing /mnt/c/Users/arcan/Documents/airflow/.venv/lib/python3.10/site-packages/airflow/example_dags/example_dag_decorator.py took 2.730 seconds
[2025-06-16T22:05:22.196-0300] {processor.py:157} INFO - Started process (PID=57592) to work on /mnt/c/Users/arcan/Documents/airflow/.venv/lib/python3.10/site-packages/airflow/example_dags/example_dag_decorator.py
[2025-06-16T22:05:22.199-0300] {processor.py:829} INFO - Processing file /mnt/c/Users/arcan/Documents/airflow/.venv/lib/python3.10/site-packages/airflow/example_dags/example_dag_decorator.py for tasks to queue
[2025-06-16T22:05:22.201-0300] {logging_mixin.py:154} INFO - [2025-06-16T22:05:22.200-0300] {dagbag.py:536} INFO - Filling up the DagBag from /mnt/c/Users/arcan/Documents/airflow/.venv/lib/python3.10/site-packages/airflow/example_dags/example_dag_decorator.py
[2025-06-16T22:05:22.924-0300] {processor.py:839} INFO - DAG(s) dict_keys(['example_dag_decorator']) retrieved from /mnt/c/Users/arcan/Documents/airflow/.venv/lib/python3.10/site-packages/airflow/example_dags/example_dag_decorator.py
[2025-06-16T22:05:24.841-0300] {logging_mixin.py:154} INFO - [2025-06-16T22:05:24.841-0300] {dag.py:2941} INFO - Sync 1 DAGs
[2025-06-16T22:05:24.863-0300] {logging_mixin.py:154} INFO - [2025-06-16T22:05:24.862-0300] {dag.py:3722} INFO - Setting next_dagrun for example_dag_decorator to None, run_after=None
[2025-06-16T22:05:24.974-0300] {processor.py:179} INFO - Processing /mnt/c/Users/arcan/Documents/airflow/.venv/lib/python3.10/site-packages/airflow/example_dags/example_dag_decorator.py took 2.783 seconds
[2025-06-16T22:06:34.701-0300] {processor.py:157} INFO - Started process (PID=57805) to work on /mnt/c/Users/arcan/Documents/airflow/.venv/lib/python3.10/site-packages/airflow/example_dags/example_dag_decorator.py
[2025-06-16T22:06:34.703-0300] {processor.py:829} INFO - Processing file /mnt/c/Users/arcan/Documents/airflow/.venv/lib/python3.10/site-packages/airflow/example_dags/example_dag_decorator.py for tasks to queue
[2025-06-16T22:06:34.705-0300] {logging_mixin.py:154} INFO - [2025-06-16T22:06:34.704-0300] {dagbag.py:536} INFO - Filling up the DagBag from /mnt/c/Users/arcan/Documents/airflow/.venv/lib/python3.10/site-packages/airflow/example_dags/example_dag_decorator.py
[2025-06-16T22:06:35.317-0300] {processor.py:839} INFO - DAG(s) dict_keys(['example_dag_decorator']) retrieved from /mnt/c/Users/arcan/Documents/airflow/.venv/lib/python3.10/site-packages/airflow/example_dags/example_dag_decorator.py
[2025-06-16T22:06:37.114-0300] {logging_mixin.py:154} INFO - [2025-06-16T22:06:37.114-0300] {dag.py:2941} INFO - Sync 1 DAGs
[2025-06-16T22:06:37.131-0300] {logging_mixin.py:154} INFO - [2025-06-16T22:06:37.131-0300] {dag.py:3722} INFO - Setting next_dagrun for example_dag_decorator to None, run_after=None
[2025-06-16T22:06:37.251-0300] {processor.py:179} INFO - Processing /mnt/c/Users/arcan/Documents/airflow/.venv/lib/python3.10/site-packages/airflow/example_dags/example_dag_decorator.py took 2.555 seconds
[2025-06-16T22:07:45.390-0300] {processor.py:157} INFO - Started process (PID=58016) to work on /mnt/c/Users/arcan/Documents/airflow/.venv/lib/python3.10/site-packages/airflow/example_dags/example_dag_decorator.py
[2025-06-16T22:07:45.392-0300] {processor.py:829} INFO - Processing file /mnt/c/Users/arcan/Documents/airflow/.venv/lib/python3.10/site-packages/airflow/example_dags/example_dag_decorator.py for tasks to queue
[2025-06-16T22:07:45.394-0300] {logging_mixin.py:154} INFO - [2025-06-16T22:07:45.393-0300] {dagbag.py:536} INFO - Filling up the DagBag from /mnt/c/Users/arcan/Documents/airflow/.venv/lib/python3.10/site-packages/airflow/example_dags/example_dag_decorator.py
[2025-06-16T22:07:46.052-0300] {processor.py:839} INFO - DAG(s) dict_keys(['example_dag_decorator']) retrieved from /mnt/c/Users/arcan/Documents/airflow/.venv/lib/python3.10/site-packages/airflow/example_dags/example_dag_decorator.py
[2025-06-16T22:07:48.026-0300] {logging_mixin.py:154} INFO - [2025-06-16T22:07:48.026-0300] {dag.py:2941} INFO - Sync 1 DAGs
[2025-06-16T22:07:48.043-0300] {logging_mixin.py:154} INFO - [2025-06-16T22:07:48.043-0300] {dag.py:3722} INFO - Setting next_dagrun for example_dag_decorator to None, run_after=None
[2025-06-16T22:07:48.161-0300] {processor.py:179} INFO - Processing /mnt/c/Users/arcan/Documents/airflow/.venv/lib/python3.10/site-packages/airflow/example_dags/example_dag_decorator.py took 2.777 seconds
[2025-06-16T22:08:59.897-0300] {processor.py:157} INFO - Started process (PID=58353) to work on /mnt/c/Users/arcan/Documents/airflow/.venv/lib/python3.10/site-packages/airflow/example_dags/example_dag_decorator.py
[2025-06-16T22:08:59.899-0300] {processor.py:829} INFO - Processing file /mnt/c/Users/arcan/Documents/airflow/.venv/lib/python3.10/site-packages/airflow/example_dags/example_dag_decorator.py for tasks to queue
[2025-06-16T22:08:59.901-0300] {logging_mixin.py:154} INFO - [2025-06-16T22:08:59.900-0300] {dagbag.py:536} INFO - Filling up the DagBag from /mnt/c/Users/arcan/Documents/airflow/.venv/lib/python3.10/site-packages/airflow/example_dags/example_dag_decorator.py
[2025-06-16T22:09:00.424-0300] {processor.py:839} INFO - DAG(s) dict_keys(['example_dag_decorator']) retrieved from /mnt/c/Users/arcan/Documents/airflow/.venv/lib/python3.10/site-packages/airflow/example_dags/example_dag_decorator.py
[2025-06-16T22:09:02.067-0300] {logging_mixin.py:154} INFO - [2025-06-16T22:09:02.066-0300] {dag.py:2941} INFO - Sync 1 DAGs
[2025-06-16T22:09:02.082-0300] {logging_mixin.py:154} INFO - [2025-06-16T22:09:02.082-0300] {dag.py:3722} INFO - Setting next_dagrun for example_dag_decorator to None, run_after=None
[2025-06-16T22:09:02.173-0300] {processor.py:179} INFO - Processing /mnt/c/Users/arcan/Documents/airflow/.venv/lib/python3.10/site-packages/airflow/example_dags/example_dag_decorator.py took 2.282 seconds
[2025-06-16T22:10:05.010-0300] {processor.py:157} INFO - Started process (PID=58552) to work on /mnt/c/Users/arcan/Documents/airflow/.venv/lib/python3.10/site-packages/airflow/example_dags/example_dag_decorator.py
[2025-06-16T22:10:05.012-0300] {processor.py:829} INFO - Processing file /mnt/c/Users/arcan/Documents/airflow/.venv/lib/python3.10/site-packages/airflow/example_dags/example_dag_decorator.py for tasks to queue
[2025-06-16T22:10:05.013-0300] {logging_mixin.py:154} INFO - [2025-06-16T22:10:05.013-0300] {dagbag.py:536} INFO - Filling up the DagBag from /mnt/c/Users/arcan/Documents/airflow/.venv/lib/python3.10/site-packages/airflow/example_dags/example_dag_decorator.py
[2025-06-16T22:10:05.497-0300] {processor.py:839} INFO - DAG(s) dict_keys(['example_dag_decorator']) retrieved from /mnt/c/Users/arcan/Documents/airflow/.venv/lib/python3.10/site-packages/airflow/example_dags/example_dag_decorator.py
[2025-06-16T22:10:07.182-0300] {logging_mixin.py:154} INFO - [2025-06-16T22:10:07.182-0300] {dag.py:2941} INFO - Sync 1 DAGs
[2025-06-16T22:10:07.197-0300] {logging_mixin.py:154} INFO - [2025-06-16T22:10:07.197-0300] {dag.py:3722} INFO - Setting next_dagrun for example_dag_decorator to None, run_after=None
[2025-06-16T22:10:07.301-0300] {processor.py:179} INFO - Processing /mnt/c/Users/arcan/Documents/airflow/.venv/lib/python3.10/site-packages/airflow/example_dags/example_dag_decorator.py took 2.296 seconds
[2025-06-16T22:11:08.839-0300] {processor.py:157} INFO - Started process (PID=58743) to work on /mnt/c/Users/arcan/Documents/airflow/.venv/lib/python3.10/site-packages/airflow/example_dags/example_dag_decorator.py
[2025-06-16T22:11:08.841-0300] {processor.py:829} INFO - Processing file /mnt/c/Users/arcan/Documents/airflow/.venv/lib/python3.10/site-packages/airflow/example_dags/example_dag_decorator.py for tasks to queue
[2025-06-16T22:11:08.843-0300] {logging_mixin.py:154} INFO - [2025-06-16T22:11:08.842-0300] {dagbag.py:536} INFO - Filling up the DagBag from /mnt/c/Users/arcan/Documents/airflow/.venv/lib/python3.10/site-packages/airflow/example_dags/example_dag_decorator.py
[2025-06-16T22:11:09.352-0300] {processor.py:839} INFO - DAG(s) dict_keys(['example_dag_decorator']) retrieved from /mnt/c/Users/arcan/Documents/airflow/.venv/lib/python3.10/site-packages/airflow/example_dags/example_dag_decorator.py
[2025-06-16T22:11:11.110-0300] {logging_mixin.py:154} INFO - [2025-06-16T22:11:11.109-0300] {dag.py:2941} INFO - Sync 1 DAGs
[2025-06-16T22:11:11.124-0300] {logging_mixin.py:154} INFO - [2025-06-16T22:11:11.124-0300] {dag.py:3722} INFO - Setting next_dagrun for example_dag_decorator to None, run_after=None
[2025-06-16T22:11:11.215-0300] {processor.py:179} INFO - Processing /mnt/c/Users/arcan/Documents/airflow/.venv/lib/python3.10/site-packages/airflow/example_dags/example_dag_decorator.py took 2.381 seconds
[2025-06-16T22:12:08.762-0300] {processor.py:157} INFO - Started process (PID=58927) to work on /mnt/c/Users/arcan/Documents/airflow/.venv/lib/python3.10/site-packages/airflow/example_dags/example_dag_decorator.py
[2025-06-16T22:12:08.764-0300] {processor.py:829} INFO - Processing file /mnt/c/Users/arcan/Documents/airflow/.venv/lib/python3.10/site-packages/airflow/example_dags/example_dag_decorator.py for tasks to queue
[2025-06-16T22:12:08.766-0300] {logging_mixin.py:154} INFO - [2025-06-16T22:12:08.766-0300] {dagbag.py:536} INFO - Filling up the DagBag from /mnt/c/Users/arcan/Documents/airflow/.venv/lib/python3.10/site-packages/airflow/example_dags/example_dag_decorator.py
[2025-06-16T22:12:09.276-0300] {processor.py:839} INFO - DAG(s) dict_keys(['example_dag_decorator']) retrieved from /mnt/c/Users/arcan/Documents/airflow/.venv/lib/python3.10/site-packages/airflow/example_dags/example_dag_decorator.py
[2025-06-16T22:12:10.822-0300] {logging_mixin.py:154} INFO - [2025-06-16T22:12:10.821-0300] {dag.py:2941} INFO - Sync 1 DAGs
[2025-06-16T22:12:10.836-0300] {logging_mixin.py:154} INFO - [2025-06-16T22:12:10.835-0300] {dag.py:3722} INFO - Setting next_dagrun for example_dag_decorator to None, run_after=None
[2025-06-16T22:12:10.924-0300] {processor.py:179} INFO - Processing /mnt/c/Users/arcan/Documents/airflow/.venv/lib/python3.10/site-packages/airflow/example_dags/example_dag_decorator.py took 2.166 seconds
[2025-06-16T22:13:07.570-0300] {processor.py:157} INFO - Started process (PID=59102) to work on /mnt/c/Users/arcan/Documents/airflow/.venv/lib/python3.10/site-packages/airflow/example_dags/example_dag_decorator.py
[2025-06-16T22:13:07.573-0300] {processor.py:829} INFO - Processing file /mnt/c/Users/arcan/Documents/airflow/.venv/lib/python3.10/site-packages/airflow/example_dags/example_dag_decorator.py for tasks to queue
[2025-06-16T22:13:07.575-0300] {logging_mixin.py:154} INFO - [2025-06-16T22:13:07.575-0300] {dagbag.py:536} INFO - Filling up the DagBag from /mnt/c/Users/arcan/Documents/airflow/.venv/lib/python3.10/site-packages/airflow/example_dags/example_dag_decorator.py
[2025-06-16T22:13:08.163-0300] {processor.py:839} INFO - DAG(s) dict_keys(['example_dag_decorator']) retrieved from /mnt/c/Users/arcan/Documents/airflow/.venv/lib/python3.10/site-packages/airflow/example_dags/example_dag_decorator.py
[2025-06-16T22:13:09.714-0300] {logging_mixin.py:154} INFO - [2025-06-16T22:13:09.714-0300] {dag.py:2941} INFO - Sync 1 DAGs
[2025-06-16T22:13:09.728-0300] {logging_mixin.py:154} INFO - [2025-06-16T22:13:09.727-0300] {dag.py:3722} INFO - Setting next_dagrun for example_dag_decorator to None, run_after=None
[2025-06-16T22:13:09.885-0300] {processor.py:179} INFO - Processing /mnt/c/Users/arcan/Documents/airflow/.venv/lib/python3.10/site-packages/airflow/example_dags/example_dag_decorator.py took 2.320 seconds
[2025-06-16T22:14:14.524-0300] {processor.py:157} INFO - Started process (PID=59306) to work on /mnt/c/Users/arcan/Documents/airflow/.venv/lib/python3.10/site-packages/airflow/example_dags/example_dag_decorator.py
[2025-06-16T22:14:14.526-0300] {processor.py:829} INFO - Processing file /mnt/c/Users/arcan/Documents/airflow/.venv/lib/python3.10/site-packages/airflow/example_dags/example_dag_decorator.py for tasks to queue
[2025-06-16T22:14:14.528-0300] {logging_mixin.py:154} INFO - [2025-06-16T22:14:14.527-0300] {dagbag.py:536} INFO - Filling up the DagBag from /mnt/c/Users/arcan/Documents/airflow/.venv/lib/python3.10/site-packages/airflow/example_dags/example_dag_decorator.py
[2025-06-16T22:14:15.082-0300] {processor.py:839} INFO - DAG(s) dict_keys(['example_dag_decorator']) retrieved from /mnt/c/Users/arcan/Documents/airflow/.venv/lib/python3.10/site-packages/airflow/example_dags/example_dag_decorator.py
[2025-06-16T22:14:16.776-0300] {logging_mixin.py:154} INFO - [2025-06-16T22:14:16.776-0300] {dag.py:2941} INFO - Sync 1 DAGs
[2025-06-16T22:14:16.794-0300] {logging_mixin.py:154} INFO - [2025-06-16T22:14:16.793-0300] {dag.py:3722} INFO - Setting next_dagrun for example_dag_decorator to None, run_after=None
[2025-06-16T22:14:16.895-0300] {processor.py:179} INFO - Processing /mnt/c/Users/arcan/Documents/airflow/.venv/lib/python3.10/site-packages/airflow/example_dags/example_dag_decorator.py took 2.376 seconds
[2025-06-16T22:15:23.630-0300] {processor.py:157} INFO - Started process (PID=59512) to work on /mnt/c/Users/arcan/Documents/airflow/.venv/lib/python3.10/site-packages/airflow/example_dags/example_dag_decorator.py
[2025-06-16T22:15:23.632-0300] {processor.py:829} INFO - Processing file /mnt/c/Users/arcan/Documents/airflow/.venv/lib/python3.10/site-packages/airflow/example_dags/example_dag_decorator.py for tasks to queue
[2025-06-16T22:15:23.633-0300] {logging_mixin.py:154} INFO - [2025-06-16T22:15:23.633-0300] {dagbag.py:536} INFO - Filling up the DagBag from /mnt/c/Users/arcan/Documents/airflow/.venv/lib/python3.10/site-packages/airflow/example_dags/example_dag_decorator.py
[2025-06-16T22:15:24.232-0300] {processor.py:839} INFO - DAG(s) dict_keys(['example_dag_decorator']) retrieved from /mnt/c/Users/arcan/Documents/airflow/.venv/lib/python3.10/site-packages/airflow/example_dags/example_dag_decorator.py
[2025-06-16T22:15:26.187-0300] {logging_mixin.py:154} INFO - [2025-06-16T22:15:26.187-0300] {dag.py:2941} INFO - Sync 1 DAGs
[2025-06-16T22:15:26.207-0300] {logging_mixin.py:154} INFO - [2025-06-16T22:15:26.206-0300] {dag.py:3722} INFO - Setting next_dagrun for example_dag_decorator to None, run_after=None
[2025-06-16T22:15:26.319-0300] {processor.py:179} INFO - Processing /mnt/c/Users/arcan/Documents/airflow/.venv/lib/python3.10/site-packages/airflow/example_dags/example_dag_decorator.py took 2.695 seconds
[2025-06-16T22:16:35.477-0300] {processor.py:157} INFO - Started process (PID=59848) to work on /mnt/c/Users/arcan/Documents/airflow/.venv/lib/python3.10/site-packages/airflow/example_dags/example_dag_decorator.py
[2025-06-16T22:16:35.479-0300] {processor.py:829} INFO - Processing file /mnt/c/Users/arcan/Documents/airflow/.venv/lib/python3.10/site-packages/airflow/example_dags/example_dag_decorator.py for tasks to queue
[2025-06-16T22:16:35.481-0300] {logging_mixin.py:154} INFO - [2025-06-16T22:16:35.480-0300] {dagbag.py:536} INFO - Filling up the DagBag from /mnt/c/Users/arcan/Documents/airflow/.venv/lib/python3.10/site-packages/airflow/example_dags/example_dag_decorator.py
[2025-06-16T22:16:36.000-0300] {processor.py:839} INFO - DAG(s) dict_keys(['example_dag_decorator']) retrieved from /mnt/c/Users/arcan/Documents/airflow/.venv/lib/python3.10/site-packages/airflow/example_dags/example_dag_decorator.py
[2025-06-16T22:16:37.620-0300] {logging_mixin.py:154} INFO - [2025-06-16T22:16:37.620-0300] {dag.py:2941} INFO - Sync 1 DAGs
[2025-06-16T22:16:37.639-0300] {logging_mixin.py:154} INFO - [2025-06-16T22:16:37.639-0300] {dag.py:3722} INFO - Setting next_dagrun for example_dag_decorator to None, run_after=None
[2025-06-16T22:16:37.738-0300] {processor.py:179} INFO - Processing /mnt/c/Users/arcan/Documents/airflow/.venv/lib/python3.10/site-packages/airflow/example_dags/example_dag_decorator.py took 2.267 seconds
[2025-06-16T22:17:42.379-0300] {processor.py:157} INFO - Started process (PID=60054) to work on /mnt/c/Users/arcan/Documents/airflow/.venv/lib/python3.10/site-packages/airflow/example_dags/example_dag_decorator.py
[2025-06-16T22:17:42.382-0300] {processor.py:829} INFO - Processing file /mnt/c/Users/arcan/Documents/airflow/.venv/lib/python3.10/site-packages/airflow/example_dags/example_dag_decorator.py for tasks to queue
[2025-06-16T22:17:42.385-0300] {logging_mixin.py:154} INFO - [2025-06-16T22:17:42.384-0300] {dagbag.py:536} INFO - Filling up the DagBag from /mnt/c/Users/arcan/Documents/airflow/.venv/lib/python3.10/site-packages/airflow/example_dags/example_dag_decorator.py
[2025-06-16T22:17:43.180-0300] {processor.py:839} INFO - DAG(s) dict_keys(['example_dag_decorator']) retrieved from /mnt/c/Users/arcan/Documents/airflow/.venv/lib/python3.10/site-packages/airflow/example_dags/example_dag_decorator.py
[2025-06-16T22:17:45.443-0300] {logging_mixin.py:154} INFO - [2025-06-16T22:17:45.443-0300] {dag.py:2941} INFO - Sync 1 DAGs
[2025-06-16T22:17:45.466-0300] {logging_mixin.py:154} INFO - [2025-06-16T22:17:45.466-0300] {dag.py:3722} INFO - Setting next_dagrun for example_dag_decorator to None, run_after=None
[2025-06-16T22:17:45.606-0300] {processor.py:179} INFO - Processing /mnt/c/Users/arcan/Documents/airflow/.venv/lib/python3.10/site-packages/airflow/example_dags/example_dag_decorator.py took 3.235 seconds
[2025-06-16T22:19:09.074-0300] {processor.py:157} INFO - Started process (PID=60296) to work on /mnt/c/Users/arcan/Documents/airflow/.venv/lib/python3.10/site-packages/airflow/example_dags/example_dag_decorator.py
[2025-06-16T22:19:09.076-0300] {processor.py:829} INFO - Processing file /mnt/c/Users/arcan/Documents/airflow/.venv/lib/python3.10/site-packages/airflow/example_dags/example_dag_decorator.py for tasks to queue
[2025-06-16T22:19:09.079-0300] {logging_mixin.py:154} INFO - [2025-06-16T22:19:09.079-0300] {dagbag.py:536} INFO - Filling up the DagBag from /mnt/c/Users/arcan/Documents/airflow/.venv/lib/python3.10/site-packages/airflow/example_dags/example_dag_decorator.py
[2025-06-16T22:19:09.938-0300] {processor.py:839} INFO - DAG(s) dict_keys(['example_dag_decorator']) retrieved from /mnt/c/Users/arcan/Documents/airflow/.venv/lib/python3.10/site-packages/airflow/example_dags/example_dag_decorator.py
[2025-06-16T22:19:12.367-0300] {logging_mixin.py:154} INFO - [2025-06-16T22:19:12.367-0300] {dag.py:2941} INFO - Sync 1 DAGs
[2025-06-16T22:19:12.391-0300] {logging_mixin.py:154} INFO - [2025-06-16T22:19:12.391-0300] {dag.py:3722} INFO - Setting next_dagrun for example_dag_decorator to None, run_after=None
[2025-06-16T22:19:12.554-0300] {processor.py:179} INFO - Processing /mnt/c/Users/arcan/Documents/airflow/.venv/lib/python3.10/site-packages/airflow/example_dags/example_dag_decorator.py took 3.487 seconds
[2025-06-16T22:20:33.678-0300] {processor.py:157} INFO - Started process (PID=60543) to work on /mnt/c/Users/arcan/Documents/airflow/.venv/lib/python3.10/site-packages/airflow/example_dags/example_dag_decorator.py
[2025-06-16T22:20:33.680-0300] {processor.py:829} INFO - Processing file /mnt/c/Users/arcan/Documents/airflow/.venv/lib/python3.10/site-packages/airflow/example_dags/example_dag_decorator.py for tasks to queue
[2025-06-16T22:20:33.682-0300] {logging_mixin.py:154} INFO - [2025-06-16T22:20:33.682-0300] {dagbag.py:536} INFO - Filling up the DagBag from /mnt/c/Users/arcan/Documents/airflow/.venv/lib/python3.10/site-packages/airflow/example_dags/example_dag_decorator.py
[2025-06-16T22:20:34.459-0300] {processor.py:839} INFO - DAG(s) dict_keys(['example_dag_decorator']) retrieved from /mnt/c/Users/arcan/Documents/airflow/.venv/lib/python3.10/site-packages/airflow/example_dags/example_dag_decorator.py
[2025-06-16T22:20:36.840-0300] {logging_mixin.py:154} INFO - [2025-06-16T22:20:36.840-0300] {dag.py:2941} INFO - Sync 1 DAGs
[2025-06-16T22:20:36.862-0300] {logging_mixin.py:154} INFO - [2025-06-16T22:20:36.862-0300] {dag.py:3722} INFO - Setting next_dagrun for example_dag_decorator to None, run_after=None
[2025-06-16T22:20:37.000-0300] {processor.py:179} INFO - Processing /mnt/c/Users/arcan/Documents/airflow/.venv/lib/python3.10/site-packages/airflow/example_dags/example_dag_decorator.py took 3.329 seconds
[2025-06-16T22:21:54.812-0300] {processor.py:157} INFO - Started process (PID=60775) to work on /mnt/c/Users/arcan/Documents/airflow/.venv/lib/python3.10/site-packages/airflow/example_dags/example_dag_decorator.py
[2025-06-16T22:21:54.815-0300] {processor.py:829} INFO - Processing file /mnt/c/Users/arcan/Documents/airflow/.venv/lib/python3.10/site-packages/airflow/example_dags/example_dag_decorator.py for tasks to queue
[2025-06-16T22:21:54.818-0300] {logging_mixin.py:154} INFO - [2025-06-16T22:21:54.817-0300] {dagbag.py:536} INFO - Filling up the DagBag from /mnt/c/Users/arcan/Documents/airflow/.venv/lib/python3.10/site-packages/airflow/example_dags/example_dag_decorator.py
[2025-06-16T22:21:55.579-0300] {processor.py:839} INFO - DAG(s) dict_keys(['example_dag_decorator']) retrieved from /mnt/c/Users/arcan/Documents/airflow/.venv/lib/python3.10/site-packages/airflow/example_dags/example_dag_decorator.py
[2025-06-16T22:21:57.964-0300] {logging_mixin.py:154} INFO - [2025-06-16T22:21:57.964-0300] {dag.py:2941} INFO - Sync 1 DAGs
[2025-06-16T22:21:57.992-0300] {logging_mixin.py:154} INFO - [2025-06-16T22:21:57.992-0300] {dag.py:3722} INFO - Setting next_dagrun for example_dag_decorator to None, run_after=None
[2025-06-16T22:21:58.142-0300] {processor.py:179} INFO - Processing /mnt/c/Users/arcan/Documents/airflow/.venv/lib/python3.10/site-packages/airflow/example_dags/example_dag_decorator.py took 3.336 seconds
[2025-06-16T22:23:18.796-0300] {processor.py:157} INFO - Started process (PID=61012) to work on /mnt/c/Users/arcan/Documents/airflow/.venv/lib/python3.10/site-packages/airflow/example_dags/example_dag_decorator.py
[2025-06-16T22:23:18.798-0300] {processor.py:829} INFO - Processing file /mnt/c/Users/arcan/Documents/airflow/.venv/lib/python3.10/site-packages/airflow/example_dags/example_dag_decorator.py for tasks to queue
[2025-06-16T22:23:18.801-0300] {logging_mixin.py:154} INFO - [2025-06-16T22:23:18.800-0300] {dagbag.py:536} INFO - Filling up the DagBag from /mnt/c/Users/arcan/Documents/airflow/.venv/lib/python3.10/site-packages/airflow/example_dags/example_dag_decorator.py
[2025-06-16T22:23:19.800-0300] {processor.py:839} INFO - DAG(s) dict_keys(['example_dag_decorator']) retrieved from /mnt/c/Users/arcan/Documents/airflow/.venv/lib/python3.10/site-packages/airflow/example_dags/example_dag_decorator.py
[2025-06-16T22:23:22.955-0300] {logging_mixin.py:154} INFO - [2025-06-16T22:23:22.954-0300] {dag.py:2941} INFO - Sync 1 DAGs
[2025-06-16T22:23:22.996-0300] {logging_mixin.py:154} INFO - [2025-06-16T22:23:22.995-0300] {dag.py:3722} INFO - Setting next_dagrun for example_dag_decorator to None, run_after=None
[2025-06-16T22:23:23.187-0300] {processor.py:179} INFO - Processing /mnt/c/Users/arcan/Documents/airflow/.venv/lib/python3.10/site-packages/airflow/example_dags/example_dag_decorator.py took 4.398 seconds
[2025-06-16T22:24:42.990-0300] {processor.py:157} INFO - Started process (PID=61380) to work on /mnt/c/Users/arcan/Documents/airflow/.venv/lib/python3.10/site-packages/airflow/example_dags/example_dag_decorator.py
[2025-06-16T22:24:42.993-0300] {processor.py:829} INFO - Processing file /mnt/c/Users/arcan/Documents/airflow/.venv/lib/python3.10/site-packages/airflow/example_dags/example_dag_decorator.py for tasks to queue
[2025-06-16T22:24:42.996-0300] {logging_mixin.py:154} INFO - [2025-06-16T22:24:42.995-0300] {dagbag.py:536} INFO - Filling up the DagBag from /mnt/c/Users/arcan/Documents/airflow/.venv/lib/python3.10/site-packages/airflow/example_dags/example_dag_decorator.py
[2025-06-16T22:24:43.808-0300] {processor.py:839} INFO - DAG(s) dict_keys(['example_dag_decorator']) retrieved from /mnt/c/Users/arcan/Documents/airflow/.venv/lib/python3.10/site-packages/airflow/example_dags/example_dag_decorator.py
[2025-06-16T22:24:46.130-0300] {logging_mixin.py:154} INFO - [2025-06-16T22:24:46.129-0300] {dag.py:2941} INFO - Sync 1 DAGs
[2025-06-16T22:24:46.150-0300] {logging_mixin.py:154} INFO - [2025-06-16T22:24:46.150-0300] {dag.py:3722} INFO - Setting next_dagrun for example_dag_decorator to None, run_after=None
[2025-06-16T22:24:46.298-0300] {processor.py:179} INFO - Processing /mnt/c/Users/arcan/Documents/airflow/.venv/lib/python3.10/site-packages/airflow/example_dags/example_dag_decorator.py took 3.315 seconds
[2025-06-16T22:26:01.536-0300] {processor.py:157} INFO - Started process (PID=61606) to work on /mnt/c/Users/arcan/Documents/airflow/.venv/lib/python3.10/site-packages/airflow/example_dags/example_dag_decorator.py
[2025-06-16T22:26:01.538-0300] {processor.py:829} INFO - Processing file /mnt/c/Users/arcan/Documents/airflow/.venv/lib/python3.10/site-packages/airflow/example_dags/example_dag_decorator.py for tasks to queue
[2025-06-16T22:26:01.540-0300] {logging_mixin.py:154} INFO - [2025-06-16T22:26:01.539-0300] {dagbag.py:536} INFO - Filling up the DagBag from /mnt/c/Users/arcan/Documents/airflow/.venv/lib/python3.10/site-packages/airflow/example_dags/example_dag_decorator.py
[2025-06-16T22:26:02.345-0300] {processor.py:839} INFO - DAG(s) dict_keys(['example_dag_decorator']) retrieved from /mnt/c/Users/arcan/Documents/airflow/.venv/lib/python3.10/site-packages/airflow/example_dags/example_dag_decorator.py
[2025-06-16T22:26:04.757-0300] {logging_mixin.py:154} INFO - [2025-06-16T22:26:04.757-0300] {dag.py:2941} INFO - Sync 1 DAGs
[2025-06-16T22:26:04.781-0300] {logging_mixin.py:154} INFO - [2025-06-16T22:26:04.780-0300] {dag.py:3722} INFO - Setting next_dagrun for example_dag_decorator to None, run_after=None
[2025-06-16T22:26:04.910-0300] {processor.py:179} INFO - Processing /mnt/c/Users/arcan/Documents/airflow/.venv/lib/python3.10/site-packages/airflow/example_dags/example_dag_decorator.py took 3.381 seconds
[2025-06-16T22:27:23.017-0300] {processor.py:157} INFO - Started process (PID=61835) to work on /mnt/c/Users/arcan/Documents/airflow/.venv/lib/python3.10/site-packages/airflow/example_dags/example_dag_decorator.py
[2025-06-16T22:27:23.021-0300] {processor.py:829} INFO - Processing file /mnt/c/Users/arcan/Documents/airflow/.venv/lib/python3.10/site-packages/airflow/example_dags/example_dag_decorator.py for tasks to queue
[2025-06-16T22:27:23.024-0300] {logging_mixin.py:154} INFO - [2025-06-16T22:27:23.023-0300] {dagbag.py:536} INFO - Filling up the DagBag from /mnt/c/Users/arcan/Documents/airflow/.venv/lib/python3.10/site-packages/airflow/example_dags/example_dag_decorator.py
[2025-06-16T22:27:23.908-0300] {processor.py:839} INFO - DAG(s) dict_keys(['example_dag_decorator']) retrieved from /mnt/c/Users/arcan/Documents/airflow/.venv/lib/python3.10/site-packages/airflow/example_dags/example_dag_decorator.py
[2025-06-16T22:27:23.979-0300] {logging_mixin.py:154} INFO - [2025-06-16T22:27:23.978-0300] {dag.py:2941} INFO - Sync 1 DAGs
[2025-06-16T22:27:24.007-0300] {logging_mixin.py:154} INFO - [2025-06-16T22:27:24.007-0300] {dag.py:3722} INFO - Setting next_dagrun for example_dag_decorator to None, run_after=None
[2025-06-16T22:27:24.143-0300] {processor.py:179} INFO - Processing /mnt/c/Users/arcan/Documents/airflow/.venv/lib/python3.10/site-packages/airflow/example_dags/example_dag_decorator.py took 1.136 seconds
[2025-06-16T22:28:41.503-0300] {processor.py:157} INFO - Started process (PID=62063) to work on /mnt/c/Users/arcan/Documents/airflow/.venv/lib/python3.10/site-packages/airflow/example_dags/example_dag_decorator.py
[2025-06-16T22:28:41.506-0300] {processor.py:829} INFO - Processing file /mnt/c/Users/arcan/Documents/airflow/.venv/lib/python3.10/site-packages/airflow/example_dags/example_dag_decorator.py for tasks to queue
[2025-06-16T22:28:41.509-0300] {logging_mixin.py:154} INFO - [2025-06-16T22:28:41.508-0300] {dagbag.py:536} INFO - Filling up the DagBag from /mnt/c/Users/arcan/Documents/airflow/.venv/lib/python3.10/site-packages/airflow/example_dags/example_dag_decorator.py
[2025-06-16T22:28:42.339-0300] {processor.py:839} INFO - DAG(s) dict_keys(['example_dag_decorator']) retrieved from /mnt/c/Users/arcan/Documents/airflow/.venv/lib/python3.10/site-packages/airflow/example_dags/example_dag_decorator.py
[2025-06-16T22:28:42.410-0300] {logging_mixin.py:154} INFO - [2025-06-16T22:28:42.410-0300] {dag.py:2941} INFO - Sync 1 DAGs
[2025-06-16T22:28:42.441-0300] {logging_mixin.py:154} INFO - [2025-06-16T22:28:42.441-0300] {dag.py:3722} INFO - Setting next_dagrun for example_dag_decorator to None, run_after=None
[2025-06-16T22:28:42.583-0300] {processor.py:179} INFO - Processing /mnt/c/Users/arcan/Documents/airflow/.venv/lib/python3.10/site-packages/airflow/example_dags/example_dag_decorator.py took 1.086 seconds
[2025-06-16T22:30:02.207-0300] {processor.py:157} INFO - Started process (PID=62291) to work on /mnt/c/Users/arcan/Documents/airflow/.venv/lib/python3.10/site-packages/airflow/example_dags/example_dag_decorator.py
[2025-06-16T22:30:02.210-0300] {processor.py:829} INFO - Processing file /mnt/c/Users/arcan/Documents/airflow/.venv/lib/python3.10/site-packages/airflow/example_dags/example_dag_decorator.py for tasks to queue
[2025-06-16T22:30:02.212-0300] {logging_mixin.py:154} INFO - [2025-06-16T22:30:02.211-0300] {dagbag.py:536} INFO - Filling up the DagBag from /mnt/c/Users/arcan/Documents/airflow/.venv/lib/python3.10/site-packages/airflow/example_dags/example_dag_decorator.py
[2025-06-16T22:30:02.984-0300] {processor.py:839} INFO - DAG(s) dict_keys(['example_dag_decorator']) retrieved from /mnt/c/Users/arcan/Documents/airflow/.venv/lib/python3.10/site-packages/airflow/example_dags/example_dag_decorator.py
[2025-06-16T22:30:03.045-0300] {logging_mixin.py:154} INFO - [2025-06-16T22:30:03.045-0300] {dag.py:2941} INFO - Sync 1 DAGs
[2025-06-16T22:30:03.073-0300] {logging_mixin.py:154} INFO - [2025-06-16T22:30:03.073-0300] {dag.py:3722} INFO - Setting next_dagrun for example_dag_decorator to None, run_after=None
[2025-06-16T22:30:03.199-0300] {processor.py:179} INFO - Processing /mnt/c/Users/arcan/Documents/airflow/.venv/lib/python3.10/site-packages/airflow/example_dags/example_dag_decorator.py took 0.999 seconds
[2025-06-16T22:31:16.383-0300] {processor.py:157} INFO - Started process (PID=62507) to work on /mnt/c/Users/arcan/Documents/airflow/.venv/lib/python3.10/site-packages/airflow/example_dags/example_dag_decorator.py
[2025-06-16T22:31:16.386-0300] {processor.py:829} INFO - Processing file /mnt/c/Users/arcan/Documents/airflow/.venv/lib/python3.10/site-packages/airflow/example_dags/example_dag_decorator.py for tasks to queue
[2025-06-16T22:31:16.388-0300] {logging_mixin.py:154} INFO - [2025-06-16T22:31:16.387-0300] {dagbag.py:536} INFO - Filling up the DagBag from /mnt/c/Users/arcan/Documents/airflow/.venv/lib/python3.10/site-packages/airflow/example_dags/example_dag_decorator.py
[2025-06-16T22:31:17.216-0300] {processor.py:839} INFO - DAG(s) dict_keys(['example_dag_decorator']) retrieved from /mnt/c/Users/arcan/Documents/airflow/.venv/lib/python3.10/site-packages/airflow/example_dags/example_dag_decorator.py
[2025-06-16T22:31:17.296-0300] {logging_mixin.py:154} INFO - [2025-06-16T22:31:17.295-0300] {dag.py:2941} INFO - Sync 1 DAGs
[2025-06-16T22:31:17.326-0300] {logging_mixin.py:154} INFO - [2025-06-16T22:31:17.326-0300] {dag.py:3722} INFO - Setting next_dagrun for example_dag_decorator to None, run_after=None
[2025-06-16T22:31:17.463-0300] {processor.py:179} INFO - Processing /mnt/c/Users/arcan/Documents/airflow/.venv/lib/python3.10/site-packages/airflow/example_dags/example_dag_decorator.py took 1.086 seconds
[2025-06-16T22:32:58.047-0300] {processor.py:157} INFO - Started process (PID=62879) to work on /mnt/c/Users/arcan/Documents/airflow/.venv/lib/python3.10/site-packages/airflow/example_dags/example_dag_decorator.py
[2025-06-16T22:32:58.050-0300] {processor.py:829} INFO - Processing file /mnt/c/Users/arcan/Documents/airflow/.venv/lib/python3.10/site-packages/airflow/example_dags/example_dag_decorator.py for tasks to queue
[2025-06-16T22:32:58.052-0300] {logging_mixin.py:154} INFO - [2025-06-16T22:32:58.052-0300] {dagbag.py:536} INFO - Filling up the DagBag from /mnt/c/Users/arcan/Documents/airflow/.venv/lib/python3.10/site-packages/airflow/example_dags/example_dag_decorator.py
[2025-06-16T22:32:58.891-0300] {processor.py:839} INFO - DAG(s) dict_keys(['example_dag_decorator']) retrieved from /mnt/c/Users/arcan/Documents/airflow/.venv/lib/python3.10/site-packages/airflow/example_dags/example_dag_decorator.py
[2025-06-16T22:32:58.953-0300] {logging_mixin.py:154} INFO - [2025-06-16T22:32:58.952-0300] {dag.py:2941} INFO - Sync 1 DAGs
[2025-06-16T22:32:58.983-0300] {logging_mixin.py:154} INFO - [2025-06-16T22:32:58.982-0300] {dag.py:3722} INFO - Setting next_dagrun for example_dag_decorator to None, run_after=None
[2025-06-16T22:32:59.123-0300] {processor.py:179} INFO - Processing /mnt/c/Users/arcan/Documents/airflow/.venv/lib/python3.10/site-packages/airflow/example_dags/example_dag_decorator.py took 1.084 seconds
[2025-06-17T20:51:09.596-0300] {processor.py:157} INFO - Started process (PID=63678) to work on /mnt/c/Users/arcan/Documents/airflow/.venv/lib/python3.10/site-packages/airflow/example_dags/example_dag_decorator.py
[2025-06-17T20:51:09.599-0300] {processor.py:829} INFO - Processing file /mnt/c/Users/arcan/Documents/airflow/.venv/lib/python3.10/site-packages/airflow/example_dags/example_dag_decorator.py for tasks to queue
[2025-06-17T20:51:09.601-0300] {logging_mixin.py:154} INFO - [2025-06-17T20:51:09.601-0300] {dagbag.py:536} INFO - Filling up the DagBag from /mnt/c/Users/arcan/Documents/airflow/.venv/lib/python3.10/site-packages/airflow/example_dags/example_dag_decorator.py
[2025-06-17T20:51:10.341-0300] {processor.py:839} INFO - DAG(s) dict_keys(['example_dag_decorator']) retrieved from /mnt/c/Users/arcan/Documents/airflow/.venv/lib/python3.10/site-packages/airflow/example_dags/example_dag_decorator.py
[2025-06-17T20:51:13.157-0300] {logging_mixin.py:154} INFO - [2025-06-17T20:51:13.157-0300] {dag.py:2941} INFO - Sync 1 DAGs
[2025-06-17T20:51:13.188-0300] {logging_mixin.py:154} INFO - [2025-06-17T20:51:13.187-0300] {dag.py:3722} INFO - Setting next_dagrun for example_dag_decorator to None, run_after=None
[2025-06-17T20:51:13.378-0300] {processor.py:179} INFO - Processing /mnt/c/Users/arcan/Documents/airflow/.venv/lib/python3.10/site-packages/airflow/example_dags/example_dag_decorator.py took 3.787 seconds
[2025-06-17T20:52:35.309-0300] {processor.py:157} INFO - Started process (PID=63903) to work on /mnt/c/Users/arcan/Documents/airflow/.venv/lib/python3.10/site-packages/airflow/example_dags/example_dag_decorator.py
[2025-06-17T20:52:35.312-0300] {processor.py:829} INFO - Processing file /mnt/c/Users/arcan/Documents/airflow/.venv/lib/python3.10/site-packages/airflow/example_dags/example_dag_decorator.py for tasks to queue
[2025-06-17T20:52:35.315-0300] {logging_mixin.py:154} INFO - [2025-06-17T20:52:35.314-0300] {dagbag.py:536} INFO - Filling up the DagBag from /mnt/c/Users/arcan/Documents/airflow/.venv/lib/python3.10/site-packages/airflow/example_dags/example_dag_decorator.py
[2025-06-17T20:52:36.153-0300] {processor.py:839} INFO - DAG(s) dict_keys(['example_dag_decorator']) retrieved from /mnt/c/Users/arcan/Documents/airflow/.venv/lib/python3.10/site-packages/airflow/example_dags/example_dag_decorator.py
[2025-06-17T20:52:38.806-0300] {logging_mixin.py:154} INFO - [2025-06-17T20:52:38.806-0300] {dag.py:2941} INFO - Sync 1 DAGs
[2025-06-17T20:52:38.829-0300] {logging_mixin.py:154} INFO - [2025-06-17T20:52:38.829-0300] {dag.py:3722} INFO - Setting next_dagrun for example_dag_decorator to None, run_after=None
[2025-06-17T20:52:38.963-0300] {processor.py:179} INFO - Processing /mnt/c/Users/arcan/Documents/airflow/.venv/lib/python3.10/site-packages/airflow/example_dags/example_dag_decorator.py took 3.661 seconds
[2025-06-17T20:53:55.013-0300] {processor.py:157} INFO - Started process (PID=64248) to work on /mnt/c/Users/arcan/Documents/airflow/.venv/lib/python3.10/site-packages/airflow/example_dags/example_dag_decorator.py
[2025-06-17T20:53:55.014-0300] {processor.py:829} INFO - Processing file /mnt/c/Users/arcan/Documents/airflow/.venv/lib/python3.10/site-packages/airflow/example_dags/example_dag_decorator.py for tasks to queue
[2025-06-17T20:53:55.017-0300] {logging_mixin.py:154} INFO - [2025-06-17T20:53:55.016-0300] {dagbag.py:536} INFO - Filling up the DagBag from /mnt/c/Users/arcan/Documents/airflow/.venv/lib/python3.10/site-packages/airflow/example_dags/example_dag_decorator.py
[2025-06-17T20:53:55.694-0300] {processor.py:839} INFO - DAG(s) dict_keys(['example_dag_decorator']) retrieved from /mnt/c/Users/arcan/Documents/airflow/.venv/lib/python3.10/site-packages/airflow/example_dags/example_dag_decorator.py
[2025-06-17T20:53:57.902-0300] {logging_mixin.py:154} INFO - [2025-06-17T20:53:57.901-0300] {dag.py:2941} INFO - Sync 1 DAGs
[2025-06-17T20:53:57.925-0300] {logging_mixin.py:154} INFO - [2025-06-17T20:53:57.925-0300] {dag.py:3722} INFO - Setting next_dagrun for example_dag_decorator to None, run_after=None
[2025-06-17T20:53:58.040-0300] {processor.py:179} INFO - Processing /mnt/c/Users/arcan/Documents/airflow/.venv/lib/python3.10/site-packages/airflow/example_dags/example_dag_decorator.py took 3.035 seconds
[2025-06-17T20:55:02.983-0300] {processor.py:157} INFO - Started process (PID=64449) to work on /mnt/c/Users/arcan/Documents/airflow/.venv/lib/python3.10/site-packages/airflow/example_dags/example_dag_decorator.py
[2025-06-17T20:55:02.986-0300] {processor.py:829} INFO - Processing file /mnt/c/Users/arcan/Documents/airflow/.venv/lib/python3.10/site-packages/airflow/example_dags/example_dag_decorator.py for tasks to queue
[2025-06-17T20:55:02.987-0300] {logging_mixin.py:154} INFO - [2025-06-17T20:55:02.987-0300] {dagbag.py:536} INFO - Filling up the DagBag from /mnt/c/Users/arcan/Documents/airflow/.venv/lib/python3.10/site-packages/airflow/example_dags/example_dag_decorator.py
[2025-06-17T20:55:03.535-0300] {processor.py:839} INFO - DAG(s) dict_keys(['example_dag_decorator']) retrieved from /mnt/c/Users/arcan/Documents/airflow/.venv/lib/python3.10/site-packages/airflow/example_dags/example_dag_decorator.py
[2025-06-17T20:55:05.153-0300] {logging_mixin.py:154} INFO - [2025-06-17T20:55:05.153-0300] {dag.py:2941} INFO - Sync 1 DAGs
[2025-06-17T20:55:05.168-0300] {logging_mixin.py:154} INFO - [2025-06-17T20:55:05.167-0300] {dag.py:3722} INFO - Setting next_dagrun for example_dag_decorator to None, run_after=None
[2025-06-17T20:55:05.274-0300] {processor.py:179} INFO - Processing /mnt/c/Users/arcan/Documents/airflow/.venv/lib/python3.10/site-packages/airflow/example_dags/example_dag_decorator.py took 2.296 seconds
