[2025-06-16T22:03:50.442-0300] {processor.py:157} INFO - Started process (PID=57294) to work on /mnt/c/Users/arcan/Documents/airflow/.venv/lib/python3.10/site-packages/airflow/example_dags/example_short_circuit_operator.py
[2025-06-16T22:03:50.445-0300] {processor.py:829} INFO - Processing file /mnt/c/Users/arcan/Documents/airflow/.venv/lib/python3.10/site-packages/airflow/example_dags/example_short_circuit_operator.py for tasks to queue
[2025-06-16T22:03:50.448-0300] {logging_mixin.py:154} INFO - [2025-06-16T22:03:50.446-0300] {dagbag.py:536} INFO - Filling up the DagBag from /mnt/c/Users/arcan/Documents/airflow/.venv/lib/python3.10/site-packages/airflow/example_dags/example_short_circuit_operator.py
[2025-06-16T22:03:50.488-0300] {processor.py:839} INFO - DAG(s) dict_keys(['example_short_circuit_operator']) retrieved from /mnt/c/Users/arcan/Documents/airflow/.venv/lib/python3.10/site-packages/airflow/example_dags/example_short_circuit_operator.py
[2025-06-16T22:03:50.544-0300] {logging_mixin.py:154} INFO - [2025-06-16T22:03:50.544-0300] {dag.py:2941} INFO - Sync 1 DAGs
[2025-06-16T22:03:50.584-0300] {logging_mixin.py:154} INFO - [2025-06-16T22:03:50.584-0300] {dag.py:3722} INFO - Setting next_dagrun for example_short_circuit_operator to 2025-06-16T01:03:50.584130+00:00, run_after=2025-06-17T01:03:50.584130+00:00
[2025-06-16T22:03:50.695-0300] {processor.py:179} INFO - Processing /mnt/c/Users/arcan/Documents/airflow/.venv/lib/python3.10/site-packages/airflow/example_dags/example_short_circuit_operator.py took 0.262 seconds
[2025-06-16T22:04:46.719-0300] {processor.py:157} INFO - Started process (PID=57467) to work on /mnt/c/Users/arcan/Documents/airflow/.venv/lib/python3.10/site-packages/airflow/example_dags/example_short_circuit_operator.py
[2025-06-16T22:04:46.722-0300] {processor.py:829} INFO - Processing file /mnt/c/Users/arcan/Documents/airflow/.venv/lib/python3.10/site-packages/airflow/example_dags/example_short_circuit_operator.py for tasks to queue
[2025-06-16T22:04:46.724-0300] {logging_mixin.py:154} INFO - [2025-06-16T22:04:46.723-0300] {dagbag.py:536} INFO - Filling up the DagBag from /mnt/c/Users/arcan/Documents/airflow/.venv/lib/python3.10/site-packages/airflow/example_dags/example_short_circuit_operator.py
[2025-06-16T22:04:46.774-0300] {processor.py:839} INFO - DAG(s) dict_keys(['example_short_circuit_operator']) retrieved from /mnt/c/Users/arcan/Documents/airflow/.venv/lib/python3.10/site-packages/airflow/example_dags/example_short_circuit_operator.py
[2025-06-16T22:04:46.838-0300] {logging_mixin.py:154} INFO - [2025-06-16T22:04:46.838-0300] {dag.py:2941} INFO - Sync 1 DAGs
[2025-06-16T22:04:46.881-0300] {logging_mixin.py:154} INFO - [2025-06-16T22:04:46.881-0300] {dag.py:3722} INFO - Setting next_dagrun for example_short_circuit_operator to 2025-06-16T01:04:46.880728+00:00, run_after=2025-06-17T01:04:46.880728+00:00
[2025-06-16T22:04:47.022-0300] {processor.py:179} INFO - Processing /mnt/c/Users/arcan/Documents/airflow/.venv/lib/python3.10/site-packages/airflow/example_dags/example_short_circuit_operator.py took 0.309 seconds
[2025-06-16T22:06:01.115-0300] {processor.py:157} INFO - Started process (PID=57707) to work on /mnt/c/Users/arcan/Documents/airflow/.venv/lib/python3.10/site-packages/airflow/example_dags/example_short_circuit_operator.py
[2025-06-16T22:06:01.117-0300] {processor.py:829} INFO - Processing file /mnt/c/Users/arcan/Documents/airflow/.venv/lib/python3.10/site-packages/airflow/example_dags/example_short_circuit_operator.py for tasks to queue
[2025-06-16T22:06:01.119-0300] {logging_mixin.py:154} INFO - [2025-06-16T22:06:01.119-0300] {dagbag.py:536} INFO - Filling up the DagBag from /mnt/c/Users/arcan/Documents/airflow/.venv/lib/python3.10/site-packages/airflow/example_dags/example_short_circuit_operator.py
[2025-06-16T22:06:01.160-0300] {processor.py:839} INFO - DAG(s) dict_keys(['example_short_circuit_operator']) retrieved from /mnt/c/Users/arcan/Documents/airflow/.venv/lib/python3.10/site-packages/airflow/example_dags/example_short_circuit_operator.py
[2025-06-16T22:06:01.213-0300] {logging_mixin.py:154} INFO - [2025-06-16T22:06:01.212-0300] {dag.py:2941} INFO - Sync 1 DAGs
[2025-06-16T22:06:01.248-0300] {logging_mixin.py:154} INFO - [2025-06-16T22:06:01.248-0300] {dag.py:3722} INFO - Setting next_dagrun for example_short_circuit_operator to 2025-06-16T01:06:01.247771+00:00, run_after=2025-06-17T01:06:01.247771+00:00
[2025-06-16T22:06:01.359-0300] {processor.py:179} INFO - Processing /mnt/c/Users/arcan/Documents/airflow/.venv/lib/python3.10/site-packages/airflow/example_dags/example_short_circuit_operator.py took 0.251 seconds
[2025-06-16T22:07:09.982-0300] {processor.py:157} INFO - Started process (PID=57907) to work on /mnt/c/Users/arcan/Documents/airflow/.venv/lib/python3.10/site-packages/airflow/example_dags/example_short_circuit_operator.py
[2025-06-16T22:07:09.985-0300] {processor.py:829} INFO - Processing file /mnt/c/Users/arcan/Documents/airflow/.venv/lib/python3.10/site-packages/airflow/example_dags/example_short_circuit_operator.py for tasks to queue
[2025-06-16T22:07:09.988-0300] {logging_mixin.py:154} INFO - [2025-06-16T22:07:09.987-0300] {dagbag.py:536} INFO - Filling up the DagBag from /mnt/c/Users/arcan/Documents/airflow/.venv/lib/python3.10/site-packages/airflow/example_dags/example_short_circuit_operator.py
[2025-06-16T22:07:10.039-0300] {processor.py:839} INFO - DAG(s) dict_keys(['example_short_circuit_operator']) retrieved from /mnt/c/Users/arcan/Documents/airflow/.venv/lib/python3.10/site-packages/airflow/example_dags/example_short_circuit_operator.py
[2025-06-16T22:07:10.108-0300] {logging_mixin.py:154} INFO - [2025-06-16T22:07:10.108-0300] {dag.py:2941} INFO - Sync 1 DAGs
[2025-06-16T22:07:10.152-0300] {logging_mixin.py:154} INFO - [2025-06-16T22:07:10.152-0300] {dag.py:3722} INFO - Setting next_dagrun for example_short_circuit_operator to 2025-06-16T01:07:10.151712+00:00, run_after=2025-06-17T01:07:10.151712+00:00
[2025-06-16T22:07:10.286-0300] {processor.py:179} INFO - Processing /mnt/c/Users/arcan/Documents/airflow/.venv/lib/python3.10/site-packages/airflow/example_dags/example_short_circuit_operator.py took 0.310 seconds
[2025-06-16T22:08:24.570-0300] {processor.py:157} INFO - Started process (PID=58129) to work on /mnt/c/Users/arcan/Documents/airflow/.venv/lib/python3.10/site-packages/airflow/example_dags/example_short_circuit_operator.py
[2025-06-16T22:08:24.572-0300] {processor.py:829} INFO - Processing file /mnt/c/Users/arcan/Documents/airflow/.venv/lib/python3.10/site-packages/airflow/example_dags/example_short_circuit_operator.py for tasks to queue
[2025-06-16T22:08:24.574-0300] {logging_mixin.py:154} INFO - [2025-06-16T22:08:24.574-0300] {dagbag.py:536} INFO - Filling up the DagBag from /mnt/c/Users/arcan/Documents/airflow/.venv/lib/python3.10/site-packages/airflow/example_dags/example_short_circuit_operator.py
[2025-06-16T22:08:24.608-0300] {processor.py:839} INFO - DAG(s) dict_keys(['example_short_circuit_operator']) retrieved from /mnt/c/Users/arcan/Documents/airflow/.venv/lib/python3.10/site-packages/airflow/example_dags/example_short_circuit_operator.py
[2025-06-16T22:08:24.648-0300] {logging_mixin.py:154} INFO - [2025-06-16T22:08:24.648-0300] {dag.py:2941} INFO - Sync 1 DAGs
[2025-06-16T22:08:24.680-0300] {logging_mixin.py:154} INFO - [2025-06-16T22:08:24.680-0300] {dag.py:3722} INFO - Setting next_dagrun for example_short_circuit_operator to 2025-06-16T01:08:24.680114+00:00, run_after=2025-06-17T01:08:24.680114+00:00
[2025-06-16T22:08:24.774-0300] {processor.py:179} INFO - Processing /mnt/c/Users/arcan/Documents/airflow/.venv/lib/python3.10/site-packages/airflow/example_dags/example_short_circuit_operator.py took 0.209 seconds
[2025-06-16T22:09:33.994-0300] {processor.py:157} INFO - Started process (PID=58457) to work on /mnt/c/Users/arcan/Documents/airflow/.venv/lib/python3.10/site-packages/airflow/example_dags/example_short_circuit_operator.py
[2025-06-16T22:09:33.996-0300] {processor.py:829} INFO - Processing file /mnt/c/Users/arcan/Documents/airflow/.venv/lib/python3.10/site-packages/airflow/example_dags/example_short_circuit_operator.py for tasks to queue
[2025-06-16T22:09:33.998-0300] {logging_mixin.py:154} INFO - [2025-06-16T22:09:33.997-0300] {dagbag.py:536} INFO - Filling up the DagBag from /mnt/c/Users/arcan/Documents/airflow/.venv/lib/python3.10/site-packages/airflow/example_dags/example_short_circuit_operator.py
[2025-06-16T22:09:34.031-0300] {processor.py:839} INFO - DAG(s) dict_keys(['example_short_circuit_operator']) retrieved from /mnt/c/Users/arcan/Documents/airflow/.venv/lib/python3.10/site-packages/airflow/example_dags/example_short_circuit_operator.py
[2025-06-16T22:09:34.081-0300] {logging_mixin.py:154} INFO - [2025-06-16T22:09:34.081-0300] {dag.py:2941} INFO - Sync 1 DAGs
[2025-06-16T22:09:34.116-0300] {logging_mixin.py:154} INFO - [2025-06-16T22:09:34.115-0300] {dag.py:3722} INFO - Setting next_dagrun for example_short_circuit_operator to 2025-06-16T01:09:34.115390+00:00, run_after=2025-06-17T01:09:34.115390+00:00
[2025-06-16T22:09:34.202-0300] {processor.py:179} INFO - Processing /mnt/c/Users/arcan/Documents/airflow/.venv/lib/python3.10/site-packages/airflow/example_dags/example_short_circuit_operator.py took 0.214 seconds
[2025-06-16T22:10:37.336-0300] {processor.py:157} INFO - Started process (PID=58648) to work on /mnt/c/Users/arcan/Documents/airflow/.venv/lib/python3.10/site-packages/airflow/example_dags/example_short_circuit_operator.py
[2025-06-16T22:10:37.338-0300] {processor.py:829} INFO - Processing file /mnt/c/Users/arcan/Documents/airflow/.venv/lib/python3.10/site-packages/airflow/example_dags/example_short_circuit_operator.py for tasks to queue
[2025-06-16T22:10:37.340-0300] {logging_mixin.py:154} INFO - [2025-06-16T22:10:37.339-0300] {dagbag.py:536} INFO - Filling up the DagBag from /mnt/c/Users/arcan/Documents/airflow/.venv/lib/python3.10/site-packages/airflow/example_dags/example_short_circuit_operator.py
[2025-06-16T22:10:37.369-0300] {processor.py:839} INFO - DAG(s) dict_keys(['example_short_circuit_operator']) retrieved from /mnt/c/Users/arcan/Documents/airflow/.venv/lib/python3.10/site-packages/airflow/example_dags/example_short_circuit_operator.py
[2025-06-16T22:10:37.413-0300] {logging_mixin.py:154} INFO - [2025-06-16T22:10:37.412-0300] {dag.py:2941} INFO - Sync 1 DAGs
[2025-06-16T22:10:37.442-0300] {logging_mixin.py:154} INFO - [2025-06-16T22:10:37.442-0300] {dag.py:3722} INFO - Setting next_dagrun for example_short_circuit_operator to 2025-06-16T01:10:37.442104+00:00, run_after=2025-06-17T01:10:37.442104+00:00
[2025-06-16T22:10:37.532-0300] {processor.py:179} INFO - Processing /mnt/c/Users/arcan/Documents/airflow/.venv/lib/python3.10/site-packages/airflow/example_dags/example_short_circuit_operator.py took 0.202 seconds
[2025-06-16T22:11:39.174-0300] {processor.py:157} INFO - Started process (PID=58838) to work on /mnt/c/Users/arcan/Documents/airflow/.venv/lib/python3.10/site-packages/airflow/example_dags/example_short_circuit_operator.py
[2025-06-16T22:11:39.176-0300] {processor.py:829} INFO - Processing file /mnt/c/Users/arcan/Documents/airflow/.venv/lib/python3.10/site-packages/airflow/example_dags/example_short_circuit_operator.py for tasks to queue
[2025-06-16T22:11:39.178-0300] {logging_mixin.py:154} INFO - [2025-06-16T22:11:39.177-0300] {dagbag.py:536} INFO - Filling up the DagBag from /mnt/c/Users/arcan/Documents/airflow/.venv/lib/python3.10/site-packages/airflow/example_dags/example_short_circuit_operator.py
[2025-06-16T22:11:39.215-0300] {processor.py:839} INFO - DAG(s) dict_keys(['example_short_circuit_operator']) retrieved from /mnt/c/Users/arcan/Documents/airflow/.venv/lib/python3.10/site-packages/airflow/example_dags/example_short_circuit_operator.py
[2025-06-16T22:11:39.260-0300] {logging_mixin.py:154} INFO - [2025-06-16T22:11:39.260-0300] {dag.py:2941} INFO - Sync 1 DAGs
[2025-06-16T22:11:39.296-0300] {logging_mixin.py:154} INFO - [2025-06-16T22:11:39.296-0300] {dag.py:3722} INFO - Setting next_dagrun for example_short_circuit_operator to 2025-06-16T01:11:39.295956+00:00, run_after=2025-06-17T01:11:39.295956+00:00
[2025-06-16T22:11:39.383-0300] {processor.py:179} INFO - Processing /mnt/c/Users/arcan/Documents/airflow/.venv/lib/python3.10/site-packages/airflow/example_dags/example_short_circuit_operator.py took 0.214 seconds
[2025-06-16T22:12:37.302-0300] {processor.py:157} INFO - Started process (PID=59012) to work on /mnt/c/Users/arcan/Documents/airflow/.venv/lib/python3.10/site-packages/airflow/example_dags/example_short_circuit_operator.py
[2025-06-16T22:12:37.304-0300] {processor.py:829} INFO - Processing file /mnt/c/Users/arcan/Documents/airflow/.venv/lib/python3.10/site-packages/airflow/example_dags/example_short_circuit_operator.py for tasks to queue
[2025-06-16T22:12:37.306-0300] {logging_mixin.py:154} INFO - [2025-06-16T22:12:37.305-0300] {dagbag.py:536} INFO - Filling up the DagBag from /mnt/c/Users/arcan/Documents/airflow/.venv/lib/python3.10/site-packages/airflow/example_dags/example_short_circuit_operator.py
[2025-06-16T22:12:37.335-0300] {processor.py:839} INFO - DAG(s) dict_keys(['example_short_circuit_operator']) retrieved from /mnt/c/Users/arcan/Documents/airflow/.venv/lib/python3.10/site-packages/airflow/example_dags/example_short_circuit_operator.py
[2025-06-16T22:12:37.386-0300] {logging_mixin.py:154} INFO - [2025-06-16T22:12:37.386-0300] {dag.py:2941} INFO - Sync 1 DAGs
[2025-06-16T22:12:37.427-0300] {logging_mixin.py:154} INFO - [2025-06-16T22:12:37.427-0300] {dag.py:3722} INFO - Setting next_dagrun for example_short_circuit_operator to 2025-06-16T01:12:37.427004+00:00, run_after=2025-06-17T01:12:37.427004+00:00
[2025-06-16T22:12:37.521-0300] {processor.py:179} INFO - Processing /mnt/c/Users/arcan/Documents/airflow/.venv/lib/python3.10/site-packages/airflow/example_dags/example_short_circuit_operator.py took 0.223 seconds
[2025-06-16T22:13:40.650-0300] {processor.py:157} INFO - Started process (PID=59204) to work on /mnt/c/Users/arcan/Documents/airflow/.venv/lib/python3.10/site-packages/airflow/example_dags/example_short_circuit_operator.py
[2025-06-16T22:13:40.652-0300] {processor.py:829} INFO - Processing file /mnt/c/Users/arcan/Documents/airflow/.venv/lib/python3.10/site-packages/airflow/example_dags/example_short_circuit_operator.py for tasks to queue
[2025-06-16T22:13:40.654-0300] {logging_mixin.py:154} INFO - [2025-06-16T22:13:40.653-0300] {dagbag.py:536} INFO - Filling up the DagBag from /mnt/c/Users/arcan/Documents/airflow/.venv/lib/python3.10/site-packages/airflow/example_dags/example_short_circuit_operator.py
[2025-06-16T22:13:40.686-0300] {processor.py:839} INFO - DAG(s) dict_keys(['example_short_circuit_operator']) retrieved from /mnt/c/Users/arcan/Documents/airflow/.venv/lib/python3.10/site-packages/airflow/example_dags/example_short_circuit_operator.py
[2025-06-16T22:13:40.729-0300] {logging_mixin.py:154} INFO - [2025-06-16T22:13:40.729-0300] {dag.py:2941} INFO - Sync 1 DAGs
[2025-06-16T22:13:40.757-0300] {logging_mixin.py:154} INFO - [2025-06-16T22:13:40.756-0300] {dag.py:3722} INFO - Setting next_dagrun for example_short_circuit_operator to 2025-06-16T01:13:40.756662+00:00, run_after=2025-06-17T01:13:40.756662+00:00
[2025-06-16T22:13:40.848-0300] {processor.py:179} INFO - Processing /mnt/c/Users/arcan/Documents/airflow/.venv/lib/python3.10/site-packages/airflow/example_dags/example_short_circuit_operator.py took 0.203 seconds
[2025-06-16T22:14:48.900-0300] {processor.py:157} INFO - Started process (PID=59409) to work on /mnt/c/Users/arcan/Documents/airflow/.venv/lib/python3.10/site-packages/airflow/example_dags/example_short_circuit_operator.py
[2025-06-16T22:14:48.902-0300] {processor.py:829} INFO - Processing file /mnt/c/Users/arcan/Documents/airflow/.venv/lib/python3.10/site-packages/airflow/example_dags/example_short_circuit_operator.py for tasks to queue
[2025-06-16T22:14:48.905-0300] {logging_mixin.py:154} INFO - [2025-06-16T22:14:48.904-0300] {dagbag.py:536} INFO - Filling up the DagBag from /mnt/c/Users/arcan/Documents/airflow/.venv/lib/python3.10/site-packages/airflow/example_dags/example_short_circuit_operator.py
[2025-06-16T22:14:48.942-0300] {processor.py:839} INFO - DAG(s) dict_keys(['example_short_circuit_operator']) retrieved from /mnt/c/Users/arcan/Documents/airflow/.venv/lib/python3.10/site-packages/airflow/example_dags/example_short_circuit_operator.py
[2025-06-16T22:14:48.992-0300] {logging_mixin.py:154} INFO - [2025-06-16T22:14:48.992-0300] {dag.py:2941} INFO - Sync 1 DAGs
[2025-06-16T22:14:49.029-0300] {logging_mixin.py:154} INFO - [2025-06-16T22:14:49.029-0300] {dag.py:3722} INFO - Setting next_dagrun for example_short_circuit_operator to 2025-06-16T01:14:49.028718+00:00, run_after=2025-06-17T01:14:49.028718+00:00
[2025-06-16T22:14:49.123-0300] {processor.py:179} INFO - Processing /mnt/c/Users/arcan/Documents/airflow/.venv/lib/python3.10/site-packages/airflow/example_dags/example_short_circuit_operator.py took 0.227 seconds
[2025-06-16T22:15:56.790-0300] {processor.py:157} INFO - Started process (PID=59608) to work on /mnt/c/Users/arcan/Documents/airflow/.venv/lib/python3.10/site-packages/airflow/example_dags/example_short_circuit_operator.py
[2025-06-16T22:15:56.793-0300] {processor.py:829} INFO - Processing file /mnt/c/Users/arcan/Documents/airflow/.venv/lib/python3.10/site-packages/airflow/example_dags/example_short_circuit_operator.py for tasks to queue
[2025-06-16T22:15:56.795-0300] {logging_mixin.py:154} INFO - [2025-06-16T22:15:56.794-0300] {dagbag.py:536} INFO - Filling up the DagBag from /mnt/c/Users/arcan/Documents/airflow/.venv/lib/python3.10/site-packages/airflow/example_dags/example_short_circuit_operator.py
[2025-06-16T22:15:56.836-0300] {processor.py:839} INFO - DAG(s) dict_keys(['example_short_circuit_operator']) retrieved from /mnt/c/Users/arcan/Documents/airflow/.venv/lib/python3.10/site-packages/airflow/example_dags/example_short_circuit_operator.py
[2025-06-16T22:15:56.884-0300] {logging_mixin.py:154} INFO - [2025-06-16T22:15:56.884-0300] {dag.py:2941} INFO - Sync 1 DAGs
[2025-06-16T22:15:56.918-0300] {logging_mixin.py:154} INFO - [2025-06-16T22:15:56.918-0300] {dag.py:3722} INFO - Setting next_dagrun for example_short_circuit_operator to 2025-06-16T01:15:56.918231+00:00, run_after=2025-06-17T01:15:56.918231+00:00
[2025-06-16T22:15:57.037-0300] {processor.py:179} INFO - Processing /mnt/c/Users/arcan/Documents/airflow/.venv/lib/python3.10/site-packages/airflow/example_dags/example_short_circuit_operator.py took 0.253 seconds
[2025-06-16T22:17:06.659-0300] {processor.py:157} INFO - Started process (PID=59942) to work on /mnt/c/Users/arcan/Documents/airflow/.venv/lib/python3.10/site-packages/airflow/example_dags/example_short_circuit_operator.py
[2025-06-16T22:17:06.662-0300] {processor.py:829} INFO - Processing file /mnt/c/Users/arcan/Documents/airflow/.venv/lib/python3.10/site-packages/airflow/example_dags/example_short_circuit_operator.py for tasks to queue
[2025-06-16T22:17:06.664-0300] {logging_mixin.py:154} INFO - [2025-06-16T22:17:06.663-0300] {dagbag.py:536} INFO - Filling up the DagBag from /mnt/c/Users/arcan/Documents/airflow/.venv/lib/python3.10/site-packages/airflow/example_dags/example_short_circuit_operator.py
[2025-06-16T22:17:06.697-0300] {processor.py:839} INFO - DAG(s) dict_keys(['example_short_circuit_operator']) retrieved from /mnt/c/Users/arcan/Documents/airflow/.venv/lib/python3.10/site-packages/airflow/example_dags/example_short_circuit_operator.py
[2025-06-16T22:17:06.742-0300] {logging_mixin.py:154} INFO - [2025-06-16T22:17:06.742-0300] {dag.py:2941} INFO - Sync 1 DAGs
[2025-06-16T22:17:06.775-0300] {logging_mixin.py:154} INFO - [2025-06-16T22:17:06.774-0300] {dag.py:3722} INFO - Setting next_dagrun for example_short_circuit_operator to 2025-06-16T01:17:06.773925+00:00, run_after=2025-06-17T01:17:06.773925+00:00
[2025-06-16T22:17:06.865-0300] {processor.py:179} INFO - Processing /mnt/c/Users/arcan/Documents/airflow/.venv/lib/python3.10/site-packages/airflow/example_dags/example_short_circuit_operator.py took 0.211 seconds
[2025-06-16T22:18:25.224-0300] {processor.py:157} INFO - Started process (PID=60172) to work on /mnt/c/Users/arcan/Documents/airflow/.venv/lib/python3.10/site-packages/airflow/example_dags/example_short_circuit_operator.py
[2025-06-16T22:18:25.228-0300] {processor.py:829} INFO - Processing file /mnt/c/Users/arcan/Documents/airflow/.venv/lib/python3.10/site-packages/airflow/example_dags/example_short_circuit_operator.py for tasks to queue
[2025-06-16T22:18:25.231-0300] {logging_mixin.py:154} INFO - [2025-06-16T22:18:25.230-0300] {dagbag.py:536} INFO - Filling up the DagBag from /mnt/c/Users/arcan/Documents/airflow/.venv/lib/python3.10/site-packages/airflow/example_dags/example_short_circuit_operator.py
[2025-06-16T22:18:25.281-0300] {processor.py:839} INFO - DAG(s) dict_keys(['example_short_circuit_operator']) retrieved from /mnt/c/Users/arcan/Documents/airflow/.venv/lib/python3.10/site-packages/airflow/example_dags/example_short_circuit_operator.py
[2025-06-16T22:18:25.358-0300] {logging_mixin.py:154} INFO - [2025-06-16T22:18:25.357-0300] {dag.py:2941} INFO - Sync 1 DAGs
[2025-06-16T22:18:25.415-0300] {logging_mixin.py:154} INFO - [2025-06-16T22:18:25.414-0300] {dag.py:3722} INFO - Setting next_dagrun for example_short_circuit_operator to 2025-06-16T01:18:25.413879+00:00, run_after=2025-06-17T01:18:25.413879+00:00
[2025-06-16T22:18:25.556-0300] {processor.py:179} INFO - Processing /mnt/c/Users/arcan/Documents/airflow/.venv/lib/python3.10/site-packages/airflow/example_dags/example_short_circuit_operator.py took 0.340 seconds
[2025-06-16T22:19:52.681-0300] {processor.py:157} INFO - Started process (PID=60421) to work on /mnt/c/Users/arcan/Documents/airflow/.venv/lib/python3.10/site-packages/airflow/example_dags/example_short_circuit_operator.py
[2025-06-16T22:19:52.683-0300] {processor.py:829} INFO - Processing file /mnt/c/Users/arcan/Documents/airflow/.venv/lib/python3.10/site-packages/airflow/example_dags/example_short_circuit_operator.py for tasks to queue
[2025-06-16T22:19:52.686-0300] {logging_mixin.py:154} INFO - [2025-06-16T22:19:52.685-0300] {dagbag.py:536} INFO - Filling up the DagBag from /mnt/c/Users/arcan/Documents/airflow/.venv/lib/python3.10/site-packages/airflow/example_dags/example_short_circuit_operator.py
[2025-06-16T22:19:52.735-0300] {processor.py:839} INFO - DAG(s) dict_keys(['example_short_circuit_operator']) retrieved from /mnt/c/Users/arcan/Documents/airflow/.venv/lib/python3.10/site-packages/airflow/example_dags/example_short_circuit_operator.py
[2025-06-16T22:19:52.798-0300] {logging_mixin.py:154} INFO - [2025-06-16T22:19:52.798-0300] {dag.py:2941} INFO - Sync 1 DAGs
[2025-06-16T22:19:52.842-0300] {logging_mixin.py:154} INFO - [2025-06-16T22:19:52.842-0300] {dag.py:3722} INFO - Setting next_dagrun for example_short_circuit_operator to 2025-06-16T01:19:52.841698+00:00, run_after=2025-06-17T01:19:52.841698+00:00
[2025-06-16T22:19:52.989-0300] {processor.py:179} INFO - Processing /mnt/c/Users/arcan/Documents/airflow/.venv/lib/python3.10/site-packages/airflow/example_dags/example_short_circuit_operator.py took 0.316 seconds
[2025-06-16T22:21:12.708-0300] {processor.py:157} INFO - Started process (PID=60652) to work on /mnt/c/Users/arcan/Documents/airflow/.venv/lib/python3.10/site-packages/airflow/example_dags/example_short_circuit_operator.py
[2025-06-16T22:21:12.711-0300] {processor.py:829} INFO - Processing file /mnt/c/Users/arcan/Documents/airflow/.venv/lib/python3.10/site-packages/airflow/example_dags/example_short_circuit_operator.py for tasks to queue
[2025-06-16T22:21:12.713-0300] {logging_mixin.py:154} INFO - [2025-06-16T22:21:12.712-0300] {dagbag.py:536} INFO - Filling up the DagBag from /mnt/c/Users/arcan/Documents/airflow/.venv/lib/python3.10/site-packages/airflow/example_dags/example_short_circuit_operator.py
[2025-06-16T22:21:12.761-0300] {processor.py:839} INFO - DAG(s) dict_keys(['example_short_circuit_operator']) retrieved from /mnt/c/Users/arcan/Documents/airflow/.venv/lib/python3.10/site-packages/airflow/example_dags/example_short_circuit_operator.py
[2025-06-16T22:21:12.838-0300] {logging_mixin.py:154} INFO - [2025-06-16T22:21:12.838-0300] {dag.py:2941} INFO - Sync 1 DAGs
[2025-06-16T22:21:12.886-0300] {logging_mixin.py:154} INFO - [2025-06-16T22:21:12.886-0300] {dag.py:3722} INFO - Setting next_dagrun for example_short_circuit_operator to 2025-06-16T01:21:12.885710+00:00, run_after=2025-06-17T01:21:12.885710+00:00
[2025-06-16T22:21:13.058-0300] {processor.py:179} INFO - Processing /mnt/c/Users/arcan/Documents/airflow/.venv/lib/python3.10/site-packages/airflow/example_dags/example_short_circuit_operator.py took 0.355 seconds
[2025-06-16T22:22:36.281-0300] {processor.py:157} INFO - Started process (PID=60892) to work on /mnt/c/Users/arcan/Documents/airflow/.venv/lib/python3.10/site-packages/airflow/example_dags/example_short_circuit_operator.py
[2025-06-16T22:22:36.284-0300] {processor.py:829} INFO - Processing file /mnt/c/Users/arcan/Documents/airflow/.venv/lib/python3.10/site-packages/airflow/example_dags/example_short_circuit_operator.py for tasks to queue
[2025-06-16T22:22:36.286-0300] {logging_mixin.py:154} INFO - [2025-06-16T22:22:36.286-0300] {dagbag.py:536} INFO - Filling up the DagBag from /mnt/c/Users/arcan/Documents/airflow/.venv/lib/python3.10/site-packages/airflow/example_dags/example_short_circuit_operator.py
[2025-06-16T22:22:36.334-0300] {processor.py:839} INFO - DAG(s) dict_keys(['example_short_circuit_operator']) retrieved from /mnt/c/Users/arcan/Documents/airflow/.venv/lib/python3.10/site-packages/airflow/example_dags/example_short_circuit_operator.py
[2025-06-16T22:22:36.398-0300] {logging_mixin.py:154} INFO - [2025-06-16T22:22:36.398-0300] {dag.py:2941} INFO - Sync 1 DAGs
[2025-06-16T22:22:36.443-0300] {logging_mixin.py:154} INFO - [2025-06-16T22:22:36.443-0300] {dag.py:3722} INFO - Setting next_dagrun for example_short_circuit_operator to 2025-06-16T01:22:36.442719+00:00, run_after=2025-06-17T01:22:36.442719+00:00
[2025-06-16T22:22:36.589-0300] {processor.py:179} INFO - Processing /mnt/c/Users/arcan/Documents/airflow/.venv/lib/python3.10/site-packages/airflow/example_dags/example_short_circuit_operator.py took 0.315 seconds
[2025-06-16T22:23:59.155-0300] {processor.py:157} INFO - Started process (PID=61250) to work on /mnt/c/Users/arcan/Documents/airflow/.venv/lib/python3.10/site-packages/airflow/example_dags/example_short_circuit_operator.py
[2025-06-16T22:23:59.158-0300] {processor.py:829} INFO - Processing file /mnt/c/Users/arcan/Documents/airflow/.venv/lib/python3.10/site-packages/airflow/example_dags/example_short_circuit_operator.py for tasks to queue
[2025-06-16T22:23:59.160-0300] {logging_mixin.py:154} INFO - [2025-06-16T22:23:59.160-0300] {dagbag.py:536} INFO - Filling up the DagBag from /mnt/c/Users/arcan/Documents/airflow/.venv/lib/python3.10/site-packages/airflow/example_dags/example_short_circuit_operator.py
[2025-06-16T22:23:59.214-0300] {processor.py:839} INFO - DAG(s) dict_keys(['example_short_circuit_operator']) retrieved from /mnt/c/Users/arcan/Documents/airflow/.venv/lib/python3.10/site-packages/airflow/example_dags/example_short_circuit_operator.py
[2025-06-16T22:23:59.301-0300] {logging_mixin.py:154} INFO - [2025-06-16T22:23:59.300-0300] {dag.py:2941} INFO - Sync 1 DAGs
[2025-06-16T22:23:59.352-0300] {logging_mixin.py:154} INFO - [2025-06-16T22:23:59.351-0300] {dag.py:3722} INFO - Setting next_dagrun for example_short_circuit_operator to 2025-06-16T01:23:59.351455+00:00, run_after=2025-06-17T01:23:59.351455+00:00
[2025-06-16T22:23:59.480-0300] {processor.py:179} INFO - Processing /mnt/c/Users/arcan/Documents/airflow/.venv/lib/python3.10/site-packages/airflow/example_dags/example_short_circuit_operator.py took 0.333 seconds
[2025-06-16T22:25:18.433-0300] {processor.py:157} INFO - Started process (PID=61479) to work on /mnt/c/Users/arcan/Documents/airflow/.venv/lib/python3.10/site-packages/airflow/example_dags/example_short_circuit_operator.py
[2025-06-16T22:25:18.435-0300] {processor.py:829} INFO - Processing file /mnt/c/Users/arcan/Documents/airflow/.venv/lib/python3.10/site-packages/airflow/example_dags/example_short_circuit_operator.py for tasks to queue
[2025-06-16T22:25:18.439-0300] {logging_mixin.py:154} INFO - [2025-06-16T22:25:18.437-0300] {dagbag.py:536} INFO - Filling up the DagBag from /mnt/c/Users/arcan/Documents/airflow/.venv/lib/python3.10/site-packages/airflow/example_dags/example_short_circuit_operator.py
[2025-06-16T22:25:18.497-0300] {processor.py:839} INFO - DAG(s) dict_keys(['example_short_circuit_operator']) retrieved from /mnt/c/Users/arcan/Documents/airflow/.venv/lib/python3.10/site-packages/airflow/example_dags/example_short_circuit_operator.py
[2025-06-16T22:25:18.566-0300] {logging_mixin.py:154} INFO - [2025-06-16T22:25:18.565-0300] {dag.py:2941} INFO - Sync 1 DAGs
[2025-06-16T22:25:18.608-0300] {logging_mixin.py:154} INFO - [2025-06-16T22:25:18.608-0300] {dag.py:3722} INFO - Setting next_dagrun for example_short_circuit_operator to 2025-06-16T01:25:18.607726+00:00, run_after=2025-06-17T01:25:18.607726+00:00
[2025-06-16T22:25:18.766-0300] {processor.py:179} INFO - Processing /mnt/c/Users/arcan/Documents/airflow/.venv/lib/python3.10/site-packages/airflow/example_dags/example_short_circuit_operator.py took 0.340 seconds
[2025-06-16T22:26:39.468-0300] {processor.py:157} INFO - Started process (PID=61711) to work on /mnt/c/Users/arcan/Documents/airflow/.venv/lib/python3.10/site-packages/airflow/example_dags/example_short_circuit_operator.py
[2025-06-16T22:26:39.471-0300] {processor.py:829} INFO - Processing file /mnt/c/Users/arcan/Documents/airflow/.venv/lib/python3.10/site-packages/airflow/example_dags/example_short_circuit_operator.py for tasks to queue
[2025-06-16T22:26:39.474-0300] {logging_mixin.py:154} INFO - [2025-06-16T22:26:39.473-0300] {dagbag.py:536} INFO - Filling up the DagBag from /mnt/c/Users/arcan/Documents/airflow/.venv/lib/python3.10/site-packages/airflow/example_dags/example_short_circuit_operator.py
[2025-06-16T22:26:39.522-0300] {processor.py:839} INFO - DAG(s) dict_keys(['example_short_circuit_operator']) retrieved from /mnt/c/Users/arcan/Documents/airflow/.venv/lib/python3.10/site-packages/airflow/example_dags/example_short_circuit_operator.py
[2025-06-16T22:26:39.587-0300] {logging_mixin.py:154} INFO - [2025-06-16T22:26:39.586-0300] {dag.py:2941} INFO - Sync 1 DAGs
[2025-06-16T22:26:39.630-0300] {logging_mixin.py:154} INFO - [2025-06-16T22:26:39.629-0300] {dag.py:3722} INFO - Setting next_dagrun for example_short_circuit_operator to 2025-06-16T01:26:39.629353+00:00, run_after=2025-06-17T01:26:39.629353+00:00
[2025-06-16T22:26:39.770-0300] {processor.py:179} INFO - Processing /mnt/c/Users/arcan/Documents/airflow/.venv/lib/python3.10/site-packages/airflow/example_dags/example_short_circuit_operator.py took 0.310 seconds
[2025-06-16T22:27:54.628-0300] {processor.py:157} INFO - Started process (PID=61928) to work on /mnt/c/Users/arcan/Documents/airflow/.venv/lib/python3.10/site-packages/airflow/example_dags/example_short_circuit_operator.py
[2025-06-16T22:27:54.630-0300] {processor.py:829} INFO - Processing file /mnt/c/Users/arcan/Documents/airflow/.venv/lib/python3.10/site-packages/airflow/example_dags/example_short_circuit_operator.py for tasks to queue
[2025-06-16T22:27:54.633-0300] {logging_mixin.py:154} INFO - [2025-06-16T22:27:54.632-0300] {dagbag.py:536} INFO - Filling up the DagBag from /mnt/c/Users/arcan/Documents/airflow/.venv/lib/python3.10/site-packages/airflow/example_dags/example_short_circuit_operator.py
[2025-06-16T22:27:54.684-0300] {processor.py:839} INFO - DAG(s) dict_keys(['example_short_circuit_operator']) retrieved from /mnt/c/Users/arcan/Documents/airflow/.venv/lib/python3.10/site-packages/airflow/example_dags/example_short_circuit_operator.py
[2025-06-16T22:27:54.747-0300] {logging_mixin.py:154} INFO - [2025-06-16T22:27:54.746-0300] {dag.py:2941} INFO - Sync 1 DAGs
[2025-06-16T22:27:54.791-0300] {logging_mixin.py:154} INFO - [2025-06-16T22:27:54.791-0300] {dag.py:3722} INFO - Setting next_dagrun for example_short_circuit_operator to 2025-06-16T01:27:54.790484+00:00, run_after=2025-06-17T01:27:54.790484+00:00
[2025-06-16T22:27:54.942-0300] {processor.py:179} INFO - Processing /mnt/c/Users/arcan/Documents/airflow/.venv/lib/python3.10/site-packages/airflow/example_dags/example_short_circuit_operator.py took 0.320 seconds
[2025-06-16T22:29:13.397-0300] {processor.py:157} INFO - Started process (PID=62154) to work on /mnt/c/Users/arcan/Documents/airflow/.venv/lib/python3.10/site-packages/airflow/example_dags/example_short_circuit_operator.py
[2025-06-16T22:29:13.399-0300] {processor.py:829} INFO - Processing file /mnt/c/Users/arcan/Documents/airflow/.venv/lib/python3.10/site-packages/airflow/example_dags/example_short_circuit_operator.py for tasks to queue
[2025-06-16T22:29:13.401-0300] {logging_mixin.py:154} INFO - [2025-06-16T22:29:13.400-0300] {dagbag.py:536} INFO - Filling up the DagBag from /mnt/c/Users/arcan/Documents/airflow/.venv/lib/python3.10/site-packages/airflow/example_dags/example_short_circuit_operator.py
[2025-06-16T22:29:13.446-0300] {processor.py:839} INFO - DAG(s) dict_keys(['example_short_circuit_operator']) retrieved from /mnt/c/Users/arcan/Documents/airflow/.venv/lib/python3.10/site-packages/airflow/example_dags/example_short_circuit_operator.py
[2025-06-16T22:29:13.498-0300] {logging_mixin.py:154} INFO - [2025-06-16T22:29:13.498-0300] {dag.py:2941} INFO - Sync 1 DAGs
[2025-06-16T22:29:13.535-0300] {logging_mixin.py:154} INFO - [2025-06-16T22:29:13.535-0300] {dag.py:3722} INFO - Setting next_dagrun for example_short_circuit_operator to 2025-06-16T01:29:13.535143+00:00, run_after=2025-06-17T01:29:13.535143+00:00
[2025-06-16T22:29:13.708-0300] {processor.py:179} INFO - Processing /mnt/c/Users/arcan/Documents/airflow/.venv/lib/python3.10/site-packages/airflow/example_dags/example_short_circuit_operator.py took 0.318 seconds
[2025-06-16T22:30:30.583-0300] {processor.py:157} INFO - Started process (PID=62376) to work on /mnt/c/Users/arcan/Documents/airflow/.venv/lib/python3.10/site-packages/airflow/example_dags/example_short_circuit_operator.py
[2025-06-16T22:30:30.585-0300] {processor.py:829} INFO - Processing file /mnt/c/Users/arcan/Documents/airflow/.venv/lib/python3.10/site-packages/airflow/example_dags/example_short_circuit_operator.py for tasks to queue
[2025-06-16T22:30:30.589-0300] {logging_mixin.py:154} INFO - [2025-06-16T22:30:30.587-0300] {dagbag.py:536} INFO - Filling up the DagBag from /mnt/c/Users/arcan/Documents/airflow/.venv/lib/python3.10/site-packages/airflow/example_dags/example_short_circuit_operator.py
[2025-06-16T22:30:30.637-0300] {processor.py:839} INFO - DAG(s) dict_keys(['example_short_circuit_operator']) retrieved from /mnt/c/Users/arcan/Documents/airflow/.venv/lib/python3.10/site-packages/airflow/example_dags/example_short_circuit_operator.py
[2025-06-16T22:30:30.693-0300] {logging_mixin.py:154} INFO - [2025-06-16T22:30:30.693-0300] {dag.py:2941} INFO - Sync 1 DAGs
[2025-06-16T22:30:30.732-0300] {logging_mixin.py:154} INFO - [2025-06-16T22:30:30.731-0300] {dag.py:3722} INFO - Setting next_dagrun for example_short_circuit_operator to 2025-06-16T01:30:30.731568+00:00, run_after=2025-06-17T01:30:30.731568+00:00
[2025-06-16T22:30:30.881-0300] {processor.py:179} INFO - Processing /mnt/c/Users/arcan/Documents/airflow/.venv/lib/python3.10/site-packages/airflow/example_dags/example_short_circuit_operator.py took 0.304 seconds
[2025-06-16T22:32:05.566-0300] {processor.py:157} INFO - Started process (PID=62730) to work on /mnt/c/Users/arcan/Documents/airflow/.venv/lib/python3.10/site-packages/airflow/example_dags/example_short_circuit_operator.py
[2025-06-16T22:32:05.570-0300] {processor.py:829} INFO - Processing file /mnt/c/Users/arcan/Documents/airflow/.venv/lib/python3.10/site-packages/airflow/example_dags/example_short_circuit_operator.py for tasks to queue
[2025-06-16T22:32:05.574-0300] {logging_mixin.py:154} INFO - [2025-06-16T22:32:05.572-0300] {dagbag.py:536} INFO - Filling up the DagBag from /mnt/c/Users/arcan/Documents/airflow/.venv/lib/python3.10/site-packages/airflow/example_dags/example_short_circuit_operator.py
[2025-06-16T22:32:05.644-0300] {processor.py:839} INFO - DAG(s) dict_keys(['example_short_circuit_operator']) retrieved from /mnt/c/Users/arcan/Documents/airflow/.venv/lib/python3.10/site-packages/airflow/example_dags/example_short_circuit_operator.py
[2025-06-16T22:32:05.752-0300] {logging_mixin.py:154} INFO - [2025-06-16T22:32:05.752-0300] {dag.py:2941} INFO - Sync 1 DAGs
[2025-06-16T22:32:05.835-0300] {logging_mixin.py:154} INFO - [2025-06-16T22:32:05.834-0300] {dag.py:3722} INFO - Setting next_dagrun for example_short_circuit_operator to 2025-06-16T01:32:05.833839+00:00, run_after=2025-06-17T01:32:05.833839+00:00
[2025-06-16T22:32:06.005-0300] {processor.py:179} INFO - Processing /mnt/c/Users/arcan/Documents/airflow/.venv/lib/python3.10/site-packages/airflow/example_dags/example_short_circuit_operator.py took 0.449 seconds
[2025-06-17T20:50:40.117-0300] {processor.py:157} INFO - Started process (PID=63654) to work on /mnt/c/Users/arcan/Documents/airflow/.venv/lib/python3.10/site-packages/airflow/example_dags/example_short_circuit_operator.py
[2025-06-17T20:50:40.120-0300] {processor.py:829} INFO - Processing file /mnt/c/Users/arcan/Documents/airflow/.venv/lib/python3.10/site-packages/airflow/example_dags/example_short_circuit_operator.py for tasks to queue
[2025-06-17T20:50:40.123-0300] {logging_mixin.py:154} INFO - [2025-06-17T20:50:40.122-0300] {dagbag.py:536} INFO - Filling up the DagBag from /mnt/c/Users/arcan/Documents/airflow/.venv/lib/python3.10/site-packages/airflow/example_dags/example_short_circuit_operator.py
[2025-06-17T20:50:40.175-0300] {processor.py:839} INFO - DAG(s) dict_keys(['example_short_circuit_operator']) retrieved from /mnt/c/Users/arcan/Documents/airflow/.venv/lib/python3.10/site-packages/airflow/example_dags/example_short_circuit_operator.py
[2025-06-17T20:50:40.266-0300] {logging_mixin.py:154} INFO - [2025-06-17T20:50:40.265-0300] {dag.py:2941} INFO - Sync 1 DAGs
[2025-06-17T20:50:40.311-0300] {logging_mixin.py:154} INFO - [2025-06-17T20:50:40.310-0300] {dag.py:3722} INFO - Setting next_dagrun for example_short_circuit_operator to 2025-06-16T23:50:40.310511+00:00, run_after=2025-06-17T23:50:40.310511+00:00
[2025-06-17T20:50:40.454-0300] {processor.py:179} INFO - Processing /mnt/c/Users/arcan/Documents/airflow/.venv/lib/python3.10/site-packages/airflow/example_dags/example_short_circuit_operator.py took 0.343 seconds
[2025-06-17T20:51:55.797-0300] {processor.py:157} INFO - Started process (PID=63790) to work on /mnt/c/Users/arcan/Documents/airflow/.venv/lib/python3.10/site-packages/airflow/example_dags/example_short_circuit_operator.py
[2025-06-17T20:51:55.799-0300] {processor.py:829} INFO - Processing file /mnt/c/Users/arcan/Documents/airflow/.venv/lib/python3.10/site-packages/airflow/example_dags/example_short_circuit_operator.py for tasks to queue
[2025-06-17T20:51:55.801-0300] {logging_mixin.py:154} INFO - [2025-06-17T20:51:55.800-0300] {dagbag.py:536} INFO - Filling up the DagBag from /mnt/c/Users/arcan/Documents/airflow/.venv/lib/python3.10/site-packages/airflow/example_dags/example_short_circuit_operator.py
[2025-06-17T20:51:55.858-0300] {processor.py:839} INFO - DAG(s) dict_keys(['example_short_circuit_operator']) retrieved from /mnt/c/Users/arcan/Documents/airflow/.venv/lib/python3.10/site-packages/airflow/example_dags/example_short_circuit_operator.py
[2025-06-17T20:51:55.923-0300] {logging_mixin.py:154} INFO - [2025-06-17T20:51:55.923-0300] {dag.py:2941} INFO - Sync 1 DAGs
[2025-06-17T20:51:55.960-0300] {logging_mixin.py:154} INFO - [2025-06-17T20:51:55.959-0300] {dag.py:3722} INFO - Setting next_dagrun for example_short_circuit_operator to 2025-06-16T23:51:55.959485+00:00, run_after=2025-06-17T23:51:55.959485+00:00
[2025-06-17T20:51:56.096-0300] {processor.py:179} INFO - Processing /mnt/c/Users/arcan/Documents/airflow/.venv/lib/python3.10/site-packages/airflow/example_dags/example_short_circuit_operator.py took 0.303 seconds
[2025-06-17T20:53:16.682-0300] {processor.py:157} INFO - Started process (PID=64019) to work on /mnt/c/Users/arcan/Documents/airflow/.venv/lib/python3.10/site-packages/airflow/example_dags/example_short_circuit_operator.py
[2025-06-17T20:53:16.684-0300] {processor.py:829} INFO - Processing file /mnt/c/Users/arcan/Documents/airflow/.venv/lib/python3.10/site-packages/airflow/example_dags/example_short_circuit_operator.py for tasks to queue
[2025-06-17T20:53:16.686-0300] {logging_mixin.py:154} INFO - [2025-06-17T20:53:16.686-0300] {dagbag.py:536} INFO - Filling up the DagBag from /mnt/c/Users/arcan/Documents/airflow/.venv/lib/python3.10/site-packages/airflow/example_dags/example_short_circuit_operator.py
[2025-06-17T20:53:16.736-0300] {processor.py:839} INFO - DAG(s) dict_keys(['example_short_circuit_operator']) retrieved from /mnt/c/Users/arcan/Documents/airflow/.venv/lib/python3.10/site-packages/airflow/example_dags/example_short_circuit_operator.py
[2025-06-17T20:53:16.811-0300] {logging_mixin.py:154} INFO - [2025-06-17T20:53:16.810-0300] {dag.py:2941} INFO - Sync 1 DAGs
[2025-06-17T20:53:16.848-0300] {logging_mixin.py:154} INFO - [2025-06-17T20:53:16.847-0300] {dag.py:3722} INFO - Setting next_dagrun for example_short_circuit_operator to 2025-06-16T23:53:16.847416+00:00, run_after=2025-06-17T23:53:16.847416+00:00
[2025-06-17T20:53:16.995-0300] {processor.py:179} INFO - Processing /mnt/c/Users/arcan/Documents/airflow/.venv/lib/python3.10/site-packages/airflow/example_dags/example_short_circuit_operator.py took 0.318 seconds
[2025-06-17T20:54:30.057-0300] {processor.py:157} INFO - Started process (PID=64350) to work on /mnt/c/Users/arcan/Documents/airflow/.venv/lib/python3.10/site-packages/airflow/example_dags/example_short_circuit_operator.py
[2025-06-17T20:54:30.059-0300] {processor.py:829} INFO - Processing file /mnt/c/Users/arcan/Documents/airflow/.venv/lib/python3.10/site-packages/airflow/example_dags/example_short_circuit_operator.py for tasks to queue
[2025-06-17T20:54:30.061-0300] {logging_mixin.py:154} INFO - [2025-06-17T20:54:30.060-0300] {dagbag.py:536} INFO - Filling up the DagBag from /mnt/c/Users/arcan/Documents/airflow/.venv/lib/python3.10/site-packages/airflow/example_dags/example_short_circuit_operator.py
[2025-06-17T20:54:30.100-0300] {processor.py:839} INFO - DAG(s) dict_keys(['example_short_circuit_operator']) retrieved from /mnt/c/Users/arcan/Documents/airflow/.venv/lib/python3.10/site-packages/airflow/example_dags/example_short_circuit_operator.py
[2025-06-17T20:54:30.146-0300] {logging_mixin.py:154} INFO - [2025-06-17T20:54:30.145-0300] {dag.py:2941} INFO - Sync 1 DAGs
[2025-06-17T20:54:30.179-0300] {logging_mixin.py:154} INFO - [2025-06-17T20:54:30.179-0300] {dag.py:3722} INFO - Setting next_dagrun for example_short_circuit_operator to 2025-06-16T23:54:30.178576+00:00, run_after=2025-06-17T23:54:30.178576+00:00
[2025-06-17T20:54:30.284-0300] {processor.py:179} INFO - Processing /mnt/c/Users/arcan/Documents/airflow/.venv/lib/python3.10/site-packages/airflow/example_dags/example_short_circuit_operator.py took 0.234 seconds
[2025-06-17T20:55:39.935-0300] {processor.py:157} INFO - Started process (PID=64553) to work on /mnt/c/Users/arcan/Documents/airflow/.venv/lib/python3.10/site-packages/airflow/example_dags/example_short_circuit_operator.py
[2025-06-17T20:55:39.937-0300] {processor.py:829} INFO - Processing file /mnt/c/Users/arcan/Documents/airflow/.venv/lib/python3.10/site-packages/airflow/example_dags/example_short_circuit_operator.py for tasks to queue
[2025-06-17T20:55:39.940-0300] {logging_mixin.py:154} INFO - [2025-06-17T20:55:39.939-0300] {dagbag.py:536} INFO - Filling up the DagBag from /mnt/c/Users/arcan/Documents/airflow/.venv/lib/python3.10/site-packages/airflow/example_dags/example_short_circuit_operator.py
[2025-06-17T20:55:39.985-0300] {processor.py:839} INFO - DAG(s) dict_keys(['example_short_circuit_operator']) retrieved from /mnt/c/Users/arcan/Documents/airflow/.venv/lib/python3.10/site-packages/airflow/example_dags/example_short_circuit_operator.py
[2025-06-17T20:55:40.049-0300] {logging_mixin.py:154} INFO - [2025-06-17T20:55:40.049-0300] {dag.py:2941} INFO - Sync 1 DAGs
[2025-06-17T20:55:40.100-0300] {logging_mixin.py:154} INFO - [2025-06-17T20:55:40.100-0300] {dag.py:3722} INFO - Setting next_dagrun for example_short_circuit_operator to 2025-06-16T23:55:40.099859+00:00, run_after=2025-06-17T23:55:40.099859+00:00
[2025-06-17T20:55:40.225-0300] {processor.py:179} INFO - Processing /mnt/c/Users/arcan/Documents/airflow/.venv/lib/python3.10/site-packages/airflow/example_dags/example_short_circuit_operator.py took 0.298 seconds
