[2025-06-16T22:03:51.182-0300] {processor.py:157} INFO - Started process (PID=57295) to work on /mnt/c/Users/arcan/Documents/airflow/.venv/lib/python3.10/site-packages/airflow/example_dags/example_short_circuit_decorator.py
[2025-06-16T22:03:51.184-0300] {processor.py:829} INFO - Processing file /mnt/c/Users/arcan/Documents/airflow/.venv/lib/python3.10/site-packages/airflow/example_dags/example_short_circuit_decorator.py for tasks to queue
[2025-06-16T22:03:51.187-0300] {logging_mixin.py:154} INFO - [2025-06-16T22:03:51.186-0300] {dagbag.py:536} INFO - Filling up the DagBag from /mnt/c/Users/arcan/Documents/airflow/.venv/lib/python3.10/site-packages/airflow/example_dags/example_short_circuit_decorator.py
[2025-06-16T22:03:51.229-0300] {processor.py:839} INFO - DAG(s) dict_keys(['example_short_circuit_decorator']) retrieved from /mnt/c/Users/arcan/Documents/airflow/.venv/lib/python3.10/site-packages/airflow/example_dags/example_short_circuit_decorator.py
[2025-06-16T22:03:51.284-0300] {logging_mixin.py:154} INFO - [2025-06-16T22:03:51.284-0300] {dag.py:2941} INFO - Sync 1 DAGs
[2025-06-16T22:03:51.332-0300] {logging_mixin.py:154} INFO - [2025-06-16T22:03:51.332-0300] {dag.py:3722} INFO - Setting next_dagrun for example_short_circuit_decorator to 2025-06-16T01:03:51.331794+00:00, run_after=2025-06-17T01:03:51.331794+00:00
[2025-06-16T22:03:51.461-0300] {processor.py:179} INFO - Processing /mnt/c/Users/arcan/Documents/airflow/.venv/lib/python3.10/site-packages/airflow/example_dags/example_short_circuit_decorator.py took 0.286 seconds
[2025-06-16T22:04:48.355-0300] {processor.py:157} INFO - Started process (PID=57474) to work on /mnt/c/Users/arcan/Documents/airflow/.venv/lib/python3.10/site-packages/airflow/example_dags/example_short_circuit_decorator.py
[2025-06-16T22:04:48.358-0300] {processor.py:829} INFO - Processing file /mnt/c/Users/arcan/Documents/airflow/.venv/lib/python3.10/site-packages/airflow/example_dags/example_short_circuit_decorator.py for tasks to queue
[2025-06-16T22:04:48.362-0300] {logging_mixin.py:154} INFO - [2025-06-16T22:04:48.360-0300] {dagbag.py:536} INFO - Filling up the DagBag from /mnt/c/Users/arcan/Documents/airflow/.venv/lib/python3.10/site-packages/airflow/example_dags/example_short_circuit_decorator.py
[2025-06-16T22:04:48.409-0300] {processor.py:839} INFO - DAG(s) dict_keys(['example_short_circuit_decorator']) retrieved from /mnt/c/Users/arcan/Documents/airflow/.venv/lib/python3.10/site-packages/airflow/example_dags/example_short_circuit_decorator.py
[2025-06-16T22:04:48.476-0300] {logging_mixin.py:154} INFO - [2025-06-16T22:04:48.476-0300] {dag.py:2941} INFO - Sync 1 DAGs
[2025-06-16T22:04:48.520-0300] {logging_mixin.py:154} INFO - [2025-06-16T22:04:48.520-0300] {dag.py:3722} INFO - Setting next_dagrun for example_short_circuit_decorator to 2025-06-16T01:04:48.520021+00:00, run_after=2025-06-17T01:04:48.520021+00:00
[2025-06-16T22:04:48.651-0300] {processor.py:179} INFO - Processing /mnt/c/Users/arcan/Documents/airflow/.venv/lib/python3.10/site-packages/airflow/example_dags/example_short_circuit_decorator.py took 0.302 seconds
[2025-06-16T22:06:02.583-0300] {processor.py:157} INFO - Started process (PID=57708) to work on /mnt/c/Users/arcan/Documents/airflow/.venv/lib/python3.10/site-packages/airflow/example_dags/example_short_circuit_decorator.py
[2025-06-16T22:06:02.585-0300] {processor.py:829} INFO - Processing file /mnt/c/Users/arcan/Documents/airflow/.venv/lib/python3.10/site-packages/airflow/example_dags/example_short_circuit_decorator.py for tasks to queue
[2025-06-16T22:06:02.587-0300] {logging_mixin.py:154} INFO - [2025-06-16T22:06:02.586-0300] {dagbag.py:536} INFO - Filling up the DagBag from /mnt/c/Users/arcan/Documents/airflow/.venv/lib/python3.10/site-packages/airflow/example_dags/example_short_circuit_decorator.py
[2025-06-16T22:06:02.633-0300] {processor.py:839} INFO - DAG(s) dict_keys(['example_short_circuit_decorator']) retrieved from /mnt/c/Users/arcan/Documents/airflow/.venv/lib/python3.10/site-packages/airflow/example_dags/example_short_circuit_decorator.py
[2025-06-16T22:06:02.690-0300] {logging_mixin.py:154} INFO - [2025-06-16T22:06:02.690-0300] {dag.py:2941} INFO - Sync 1 DAGs
[2025-06-16T22:06:02.732-0300] {logging_mixin.py:154} INFO - [2025-06-16T22:06:02.731-0300] {dag.py:3722} INFO - Setting next_dagrun for example_short_circuit_decorator to 2025-06-16T01:06:02.731103+00:00, run_after=2025-06-17T01:06:02.731103+00:00
[2025-06-16T22:06:02.843-0300] {processor.py:179} INFO - Processing /mnt/c/Users/arcan/Documents/airflow/.venv/lib/python3.10/site-packages/airflow/example_dags/example_short_circuit_decorator.py took 0.267 seconds
[2025-06-16T22:07:11.699-0300] {processor.py:157} INFO - Started process (PID=57914) to work on /mnt/c/Users/arcan/Documents/airflow/.venv/lib/python3.10/site-packages/airflow/example_dags/example_short_circuit_decorator.py
[2025-06-16T22:07:11.701-0300] {processor.py:829} INFO - Processing file /mnt/c/Users/arcan/Documents/airflow/.venv/lib/python3.10/site-packages/airflow/example_dags/example_short_circuit_decorator.py for tasks to queue
[2025-06-16T22:07:11.704-0300] {logging_mixin.py:154} INFO - [2025-06-16T22:07:11.703-0300] {dagbag.py:536} INFO - Filling up the DagBag from /mnt/c/Users/arcan/Documents/airflow/.venv/lib/python3.10/site-packages/airflow/example_dags/example_short_circuit_decorator.py
[2025-06-16T22:07:11.755-0300] {processor.py:839} INFO - DAG(s) dict_keys(['example_short_circuit_decorator']) retrieved from /mnt/c/Users/arcan/Documents/airflow/.venv/lib/python3.10/site-packages/airflow/example_dags/example_short_circuit_decorator.py
[2025-06-16T22:07:11.814-0300] {logging_mixin.py:154} INFO - [2025-06-16T22:07:11.813-0300] {dag.py:2941} INFO - Sync 1 DAGs
[2025-06-16T22:07:11.863-0300] {logging_mixin.py:154} INFO - [2025-06-16T22:07:11.862-0300] {dag.py:3722} INFO - Setting next_dagrun for example_short_circuit_decorator to 2025-06-16T01:07:11.861896+00:00, run_after=2025-06-17T01:07:11.861896+00:00
[2025-06-16T22:07:12.005-0300] {processor.py:179} INFO - Processing /mnt/c/Users/arcan/Documents/airflow/.venv/lib/python3.10/site-packages/airflow/example_dags/example_short_circuit_decorator.py took 0.313 seconds
[2025-06-16T22:08:26.017-0300] {processor.py:157} INFO - Started process (PID=58136) to work on /mnt/c/Users/arcan/Documents/airflow/.venv/lib/python3.10/site-packages/airflow/example_dags/example_short_circuit_decorator.py
[2025-06-16T22:08:26.019-0300] {processor.py:829} INFO - Processing file /mnt/c/Users/arcan/Documents/airflow/.venv/lib/python3.10/site-packages/airflow/example_dags/example_short_circuit_decorator.py for tasks to queue
[2025-06-16T22:08:26.021-0300] {logging_mixin.py:154} INFO - [2025-06-16T22:08:26.020-0300] {dagbag.py:536} INFO - Filling up the DagBag from /mnt/c/Users/arcan/Documents/airflow/.venv/lib/python3.10/site-packages/airflow/example_dags/example_short_circuit_decorator.py
[2025-06-16T22:08:26.066-0300] {processor.py:839} INFO - DAG(s) dict_keys(['example_short_circuit_decorator']) retrieved from /mnt/c/Users/arcan/Documents/airflow/.venv/lib/python3.10/site-packages/airflow/example_dags/example_short_circuit_decorator.py
[2025-06-16T22:08:26.113-0300] {logging_mixin.py:154} INFO - [2025-06-16T22:08:26.113-0300] {dag.py:2941} INFO - Sync 1 DAGs
[2025-06-16T22:08:26.145-0300] {logging_mixin.py:154} INFO - [2025-06-16T22:08:26.145-0300] {dag.py:3722} INFO - Setting next_dagrun for example_short_circuit_decorator to 2025-06-16T01:08:26.145297+00:00, run_after=2025-06-17T01:08:26.145297+00:00
[2025-06-16T22:08:26.240-0300] {processor.py:179} INFO - Processing /mnt/c/Users/arcan/Documents/airflow/.venv/lib/python3.10/site-packages/airflow/example_dags/example_short_circuit_decorator.py took 0.227 seconds
[2025-06-16T22:09:35.069-0300] {processor.py:157} INFO - Started process (PID=58464) to work on /mnt/c/Users/arcan/Documents/airflow/.venv/lib/python3.10/site-packages/airflow/example_dags/example_short_circuit_decorator.py
[2025-06-16T22:09:35.071-0300] {processor.py:829} INFO - Processing file /mnt/c/Users/arcan/Documents/airflow/.venv/lib/python3.10/site-packages/airflow/example_dags/example_short_circuit_decorator.py for tasks to queue
[2025-06-16T22:09:35.073-0300] {logging_mixin.py:154} INFO - [2025-06-16T22:09:35.072-0300] {dagbag.py:536} INFO - Filling up the DagBag from /mnt/c/Users/arcan/Documents/airflow/.venv/lib/python3.10/site-packages/airflow/example_dags/example_short_circuit_decorator.py
[2025-06-16T22:09:35.105-0300] {processor.py:839} INFO - DAG(s) dict_keys(['example_short_circuit_decorator']) retrieved from /mnt/c/Users/arcan/Documents/airflow/.venv/lib/python3.10/site-packages/airflow/example_dags/example_short_circuit_decorator.py
[2025-06-16T22:09:35.146-0300] {logging_mixin.py:154} INFO - [2025-06-16T22:09:35.145-0300] {dag.py:2941} INFO - Sync 1 DAGs
[2025-06-16T22:09:35.175-0300] {logging_mixin.py:154} INFO - [2025-06-16T22:09:35.175-0300] {dag.py:3722} INFO - Setting next_dagrun for example_short_circuit_decorator to 2025-06-16T01:09:35.175168+00:00, run_after=2025-06-17T01:09:35.175168+00:00
[2025-06-16T22:09:35.265-0300] {processor.py:179} INFO - Processing /mnt/c/Users/arcan/Documents/airflow/.venv/lib/python3.10/site-packages/airflow/example_dags/example_short_circuit_decorator.py took 0.201 seconds
[2025-06-16T22:10:38.770-0300] {processor.py:157} INFO - Started process (PID=58655) to work on /mnt/c/Users/arcan/Documents/airflow/.venv/lib/python3.10/site-packages/airflow/example_dags/example_short_circuit_decorator.py
[2025-06-16T22:10:38.772-0300] {processor.py:829} INFO - Processing file /mnt/c/Users/arcan/Documents/airflow/.venv/lib/python3.10/site-packages/airflow/example_dags/example_short_circuit_decorator.py for tasks to queue
[2025-06-16T22:10:38.774-0300] {logging_mixin.py:154} INFO - [2025-06-16T22:10:38.773-0300] {dagbag.py:536} INFO - Filling up the DagBag from /mnt/c/Users/arcan/Documents/airflow/.venv/lib/python3.10/site-packages/airflow/example_dags/example_short_circuit_decorator.py
[2025-06-16T22:10:38.820-0300] {processor.py:839} INFO - DAG(s) dict_keys(['example_short_circuit_decorator']) retrieved from /mnt/c/Users/arcan/Documents/airflow/.venv/lib/python3.10/site-packages/airflow/example_dags/example_short_circuit_decorator.py
[2025-06-16T22:10:38.881-0300] {logging_mixin.py:154} INFO - [2025-06-16T22:10:38.881-0300] {dag.py:2941} INFO - Sync 1 DAGs
[2025-06-16T22:10:38.919-0300] {logging_mixin.py:154} INFO - [2025-06-16T22:10:38.919-0300] {dag.py:3722} INFO - Setting next_dagrun for example_short_circuit_decorator to 2025-06-16T01:10:38.919091+00:00, run_after=2025-06-17T01:10:38.919091+00:00
[2025-06-16T22:10:39.005-0300] {processor.py:179} INFO - Processing /mnt/c/Users/arcan/Documents/airflow/.venv/lib/python3.10/site-packages/airflow/example_dags/example_short_circuit_decorator.py took 0.239 seconds
[2025-06-16T22:11:39.908-0300] {processor.py:157} INFO - Started process (PID=58839) to work on /mnt/c/Users/arcan/Documents/airflow/.venv/lib/python3.10/site-packages/airflow/example_dags/example_short_circuit_decorator.py
[2025-06-16T22:11:39.910-0300] {processor.py:829} INFO - Processing file /mnt/c/Users/arcan/Documents/airflow/.venv/lib/python3.10/site-packages/airflow/example_dags/example_short_circuit_decorator.py for tasks to queue
[2025-06-16T22:11:39.912-0300] {logging_mixin.py:154} INFO - [2025-06-16T22:11:39.911-0300] {dagbag.py:536} INFO - Filling up the DagBag from /mnt/c/Users/arcan/Documents/airflow/.venv/lib/python3.10/site-packages/airflow/example_dags/example_short_circuit_decorator.py
[2025-06-16T22:11:39.948-0300] {processor.py:839} INFO - DAG(s) dict_keys(['example_short_circuit_decorator']) retrieved from /mnt/c/Users/arcan/Documents/airflow/.venv/lib/python3.10/site-packages/airflow/example_dags/example_short_circuit_decorator.py
[2025-06-16T22:11:39.989-0300] {logging_mixin.py:154} INFO - [2025-06-16T22:11:39.989-0300] {dag.py:2941} INFO - Sync 1 DAGs
[2025-06-16T22:11:40.019-0300] {logging_mixin.py:154} INFO - [2025-06-16T22:11:40.018-0300] {dag.py:3722} INFO - Setting next_dagrun for example_short_circuit_decorator to 2025-06-16T01:11:40.018509+00:00, run_after=2025-06-17T01:11:40.018509+00:00
[2025-06-16T22:11:40.110-0300] {processor.py:179} INFO - Processing /mnt/c/Users/arcan/Documents/airflow/.venv/lib/python3.10/site-packages/airflow/example_dags/example_short_circuit_decorator.py took 0.207 seconds
[2025-06-16T22:12:38.218-0300] {processor.py:157} INFO - Started process (PID=59013) to work on /mnt/c/Users/arcan/Documents/airflow/.venv/lib/python3.10/site-packages/airflow/example_dags/example_short_circuit_decorator.py
[2025-06-16T22:12:38.220-0300] {processor.py:829} INFO - Processing file /mnt/c/Users/arcan/Documents/airflow/.venv/lib/python3.10/site-packages/airflow/example_dags/example_short_circuit_decorator.py for tasks to queue
[2025-06-16T22:12:38.221-0300] {logging_mixin.py:154} INFO - [2025-06-16T22:12:38.221-0300] {dagbag.py:536} INFO - Filling up the DagBag from /mnt/c/Users/arcan/Documents/airflow/.venv/lib/python3.10/site-packages/airflow/example_dags/example_short_circuit_decorator.py
[2025-06-16T22:12:38.255-0300] {processor.py:839} INFO - DAG(s) dict_keys(['example_short_circuit_decorator']) retrieved from /mnt/c/Users/arcan/Documents/airflow/.venv/lib/python3.10/site-packages/airflow/example_dags/example_short_circuit_decorator.py
[2025-06-16T22:12:38.293-0300] {logging_mixin.py:154} INFO - [2025-06-16T22:12:38.293-0300] {dag.py:2941} INFO - Sync 1 DAGs
[2025-06-16T22:12:38.321-0300] {logging_mixin.py:154} INFO - [2025-06-16T22:12:38.321-0300] {dag.py:3722} INFO - Setting next_dagrun for example_short_circuit_decorator to 2025-06-16T01:12:38.320698+00:00, run_after=2025-06-17T01:12:38.320698+00:00
[2025-06-16T22:12:38.417-0300] {processor.py:179} INFO - Processing /mnt/c/Users/arcan/Documents/airflow/.venv/lib/python3.10/site-packages/airflow/example_dags/example_short_circuit_decorator.py took 0.204 seconds
[2025-06-16T22:13:42.126-0300] {processor.py:157} INFO - Started process (PID=59205) to work on /mnt/c/Users/arcan/Documents/airflow/.venv/lib/python3.10/site-packages/airflow/example_dags/example_short_circuit_decorator.py
[2025-06-16T22:13:42.128-0300] {processor.py:829} INFO - Processing file /mnt/c/Users/arcan/Documents/airflow/.venv/lib/python3.10/site-packages/airflow/example_dags/example_short_circuit_decorator.py for tasks to queue
[2025-06-16T22:13:42.130-0300] {logging_mixin.py:154} INFO - [2025-06-16T22:13:42.129-0300] {dagbag.py:536} INFO - Filling up the DagBag from /mnt/c/Users/arcan/Documents/airflow/.venv/lib/python3.10/site-packages/airflow/example_dags/example_short_circuit_decorator.py
[2025-06-16T22:13:42.167-0300] {processor.py:839} INFO - DAG(s) dict_keys(['example_short_circuit_decorator']) retrieved from /mnt/c/Users/arcan/Documents/airflow/.venv/lib/python3.10/site-packages/airflow/example_dags/example_short_circuit_decorator.py
[2025-06-16T22:13:42.219-0300] {logging_mixin.py:154} INFO - [2025-06-16T22:13:42.219-0300] {dag.py:2941} INFO - Sync 1 DAGs
[2025-06-16T22:13:42.265-0300] {logging_mixin.py:154} INFO - [2025-06-16T22:13:42.264-0300] {dag.py:3722} INFO - Setting next_dagrun for example_short_circuit_decorator to 2025-06-16T01:13:42.264425+00:00, run_after=2025-06-17T01:13:42.264425+00:00
[2025-06-16T22:13:42.366-0300] {processor.py:179} INFO - Processing /mnt/c/Users/arcan/Documents/airflow/.venv/lib/python3.10/site-packages/airflow/example_dags/example_short_circuit_decorator.py took 0.246 seconds
[2025-06-16T22:14:50.403-0300] {processor.py:157} INFO - Started process (PID=59410) to work on /mnt/c/Users/arcan/Documents/airflow/.venv/lib/python3.10/site-packages/airflow/example_dags/example_short_circuit_decorator.py
[2025-06-16T22:14:50.405-0300] {processor.py:829} INFO - Processing file /mnt/c/Users/arcan/Documents/airflow/.venv/lib/python3.10/site-packages/airflow/example_dags/example_short_circuit_decorator.py for tasks to queue
[2025-06-16T22:14:50.407-0300] {logging_mixin.py:154} INFO - [2025-06-16T22:14:50.406-0300] {dagbag.py:536} INFO - Filling up the DagBag from /mnt/c/Users/arcan/Documents/airflow/.venv/lib/python3.10/site-packages/airflow/example_dags/example_short_circuit_decorator.py
[2025-06-16T22:14:50.443-0300] {processor.py:839} INFO - DAG(s) dict_keys(['example_short_circuit_decorator']) retrieved from /mnt/c/Users/arcan/Documents/airflow/.venv/lib/python3.10/site-packages/airflow/example_dags/example_short_circuit_decorator.py
[2025-06-16T22:14:50.490-0300] {logging_mixin.py:154} INFO - [2025-06-16T22:14:50.489-0300] {dag.py:2941} INFO - Sync 1 DAGs
[2025-06-16T22:14:50.525-0300] {logging_mixin.py:154} INFO - [2025-06-16T22:14:50.524-0300] {dag.py:3722} INFO - Setting next_dagrun for example_short_circuit_decorator to 2025-06-16T01:14:50.524418+00:00, run_after=2025-06-17T01:14:50.524418+00:00
[2025-06-16T22:14:50.616-0300] {processor.py:179} INFO - Processing /mnt/c/Users/arcan/Documents/airflow/.venv/lib/python3.10/site-packages/airflow/example_dags/example_short_circuit_decorator.py took 0.217 seconds
[2025-06-16T22:15:58.265-0300] {processor.py:157} INFO - Started process (PID=59615) to work on /mnt/c/Users/arcan/Documents/airflow/.venv/lib/python3.10/site-packages/airflow/example_dags/example_short_circuit_decorator.py
[2025-06-16T22:15:58.267-0300] {processor.py:829} INFO - Processing file /mnt/c/Users/arcan/Documents/airflow/.venv/lib/python3.10/site-packages/airflow/example_dags/example_short_circuit_decorator.py for tasks to queue
[2025-06-16T22:15:58.270-0300] {logging_mixin.py:154} INFO - [2025-06-16T22:15:58.269-0300] {dagbag.py:536} INFO - Filling up the DagBag from /mnt/c/Users/arcan/Documents/airflow/.venv/lib/python3.10/site-packages/airflow/example_dags/example_short_circuit_decorator.py
[2025-06-16T22:15:58.313-0300] {processor.py:839} INFO - DAG(s) dict_keys(['example_short_circuit_decorator']) retrieved from /mnt/c/Users/arcan/Documents/airflow/.venv/lib/python3.10/site-packages/airflow/example_dags/example_short_circuit_decorator.py
[2025-06-16T22:15:58.368-0300] {logging_mixin.py:154} INFO - [2025-06-16T22:15:58.368-0300] {dag.py:2941} INFO - Sync 1 DAGs
[2025-06-16T22:15:58.411-0300] {logging_mixin.py:154} INFO - [2025-06-16T22:15:58.411-0300] {dag.py:3722} INFO - Setting next_dagrun for example_short_circuit_decorator to 2025-06-16T01:15:58.411114+00:00, run_after=2025-06-17T01:15:58.411114+00:00
[2025-06-16T22:15:58.538-0300] {processor.py:179} INFO - Processing /mnt/c/Users/arcan/Documents/airflow/.venv/lib/python3.10/site-packages/airflow/example_dags/example_short_circuit_decorator.py took 0.280 seconds
[2025-06-16T22:17:08.180-0300] {processor.py:157} INFO - Started process (PID=59949) to work on /mnt/c/Users/arcan/Documents/airflow/.venv/lib/python3.10/site-packages/airflow/example_dags/example_short_circuit_decorator.py
[2025-06-16T22:17:08.182-0300] {processor.py:829} INFO - Processing file /mnt/c/Users/arcan/Documents/airflow/.venv/lib/python3.10/site-packages/airflow/example_dags/example_short_circuit_decorator.py for tasks to queue
[2025-06-16T22:17:08.184-0300] {logging_mixin.py:154} INFO - [2025-06-16T22:17:08.184-0300] {dagbag.py:536} INFO - Filling up the DagBag from /mnt/c/Users/arcan/Documents/airflow/.venv/lib/python3.10/site-packages/airflow/example_dags/example_short_circuit_decorator.py
[2025-06-16T22:17:08.220-0300] {processor.py:839} INFO - DAG(s) dict_keys(['example_short_circuit_decorator']) retrieved from /mnt/c/Users/arcan/Documents/airflow/.venv/lib/python3.10/site-packages/airflow/example_dags/example_short_circuit_decorator.py
[2025-06-16T22:17:08.267-0300] {logging_mixin.py:154} INFO - [2025-06-16T22:17:08.266-0300] {dag.py:2941} INFO - Sync 1 DAGs
[2025-06-16T22:17:08.301-0300] {logging_mixin.py:154} INFO - [2025-06-16T22:17:08.300-0300] {dag.py:3722} INFO - Setting next_dagrun for example_short_circuit_decorator to 2025-06-16T01:17:08.300440+00:00, run_after=2025-06-17T01:17:08.300440+00:00
[2025-06-16T22:17:08.398-0300] {processor.py:179} INFO - Processing /mnt/c/Users/arcan/Documents/airflow/.venv/lib/python3.10/site-packages/airflow/example_dags/example_short_circuit_decorator.py took 0.223 seconds
[2025-06-16T22:18:26.042-0300] {processor.py:157} INFO - Started process (PID=60179) to work on /mnt/c/Users/arcan/Documents/airflow/.venv/lib/python3.10/site-packages/airflow/example_dags/example_short_circuit_decorator.py
[2025-06-16T22:18:26.045-0300] {processor.py:829} INFO - Processing file /mnt/c/Users/arcan/Documents/airflow/.venv/lib/python3.10/site-packages/airflow/example_dags/example_short_circuit_decorator.py for tasks to queue
[2025-06-16T22:18:26.047-0300] {logging_mixin.py:154} INFO - [2025-06-16T22:18:26.046-0300] {dagbag.py:536} INFO - Filling up the DagBag from /mnt/c/Users/arcan/Documents/airflow/.venv/lib/python3.10/site-packages/airflow/example_dags/example_short_circuit_decorator.py
[2025-06-16T22:18:26.100-0300] {processor.py:839} INFO - DAG(s) dict_keys(['example_short_circuit_decorator']) retrieved from /mnt/c/Users/arcan/Documents/airflow/.venv/lib/python3.10/site-packages/airflow/example_dags/example_short_circuit_decorator.py
[2025-06-16T22:18:26.169-0300] {logging_mixin.py:154} INFO - [2025-06-16T22:18:26.169-0300] {dag.py:2941} INFO - Sync 1 DAGs
[2025-06-16T22:18:26.222-0300] {logging_mixin.py:154} INFO - [2025-06-16T22:18:26.222-0300] {dag.py:3722} INFO - Setting next_dagrun for example_short_circuit_decorator to 2025-06-16T01:18:26.221577+00:00, run_after=2025-06-17T01:18:26.221577+00:00
[2025-06-16T22:18:26.379-0300] {processor.py:179} INFO - Processing /mnt/c/Users/arcan/Documents/airflow/.venv/lib/python3.10/site-packages/airflow/example_dags/example_short_circuit_decorator.py took 0.343 seconds
[2025-06-16T22:19:53.555-0300] {processor.py:157} INFO - Started process (PID=60422) to work on /mnt/c/Users/arcan/Documents/airflow/.venv/lib/python3.10/site-packages/airflow/example_dags/example_short_circuit_decorator.py
[2025-06-16T22:19:53.558-0300] {processor.py:829} INFO - Processing file /mnt/c/Users/arcan/Documents/airflow/.venv/lib/python3.10/site-packages/airflow/example_dags/example_short_circuit_decorator.py for tasks to queue
[2025-06-16T22:19:53.561-0300] {logging_mixin.py:154} INFO - [2025-06-16T22:19:53.560-0300] {dagbag.py:536} INFO - Filling up the DagBag from /mnt/c/Users/arcan/Documents/airflow/.venv/lib/python3.10/site-packages/airflow/example_dags/example_short_circuit_decorator.py
[2025-06-16T22:19:53.612-0300] {processor.py:839} INFO - DAG(s) dict_keys(['example_short_circuit_decorator']) retrieved from /mnt/c/Users/arcan/Documents/airflow/.venv/lib/python3.10/site-packages/airflow/example_dags/example_short_circuit_decorator.py
[2025-06-16T22:19:53.672-0300] {logging_mixin.py:154} INFO - [2025-06-16T22:19:53.671-0300] {dag.py:2941} INFO - Sync 1 DAGs
[2025-06-16T22:19:53.713-0300] {logging_mixin.py:154} INFO - [2025-06-16T22:19:53.713-0300] {dag.py:3722} INFO - Setting next_dagrun for example_short_circuit_decorator to 2025-06-16T01:19:53.712948+00:00, run_after=2025-06-17T01:19:53.712948+00:00
[2025-06-16T22:19:53.859-0300] {processor.py:179} INFO - Processing /mnt/c/Users/arcan/Documents/airflow/.venv/lib/python3.10/site-packages/airflow/example_dags/example_short_circuit_decorator.py took 0.310 seconds
[2025-06-16T22:21:14.347-0300] {processor.py:157} INFO - Started process (PID=60659) to work on /mnt/c/Users/arcan/Documents/airflow/.venv/lib/python3.10/site-packages/airflow/example_dags/example_short_circuit_decorator.py
[2025-06-16T22:21:14.351-0300] {processor.py:829} INFO - Processing file /mnt/c/Users/arcan/Documents/airflow/.venv/lib/python3.10/site-packages/airflow/example_dags/example_short_circuit_decorator.py for tasks to queue
[2025-06-16T22:21:14.353-0300] {logging_mixin.py:154} INFO - [2025-06-16T22:21:14.352-0300] {dagbag.py:536} INFO - Filling up the DagBag from /mnt/c/Users/arcan/Documents/airflow/.venv/lib/python3.10/site-packages/airflow/example_dags/example_short_circuit_decorator.py
[2025-06-16T22:21:14.409-0300] {processor.py:839} INFO - DAG(s) dict_keys(['example_short_circuit_decorator']) retrieved from /mnt/c/Users/arcan/Documents/airflow/.venv/lib/python3.10/site-packages/airflow/example_dags/example_short_circuit_decorator.py
[2025-06-16T22:21:14.468-0300] {logging_mixin.py:154} INFO - [2025-06-16T22:21:14.467-0300] {dag.py:2941} INFO - Sync 1 DAGs
[2025-06-16T22:21:14.510-0300] {logging_mixin.py:154} INFO - [2025-06-16T22:21:14.510-0300] {dag.py:3722} INFO - Setting next_dagrun for example_short_circuit_decorator to 2025-06-16T01:21:14.509776+00:00, run_after=2025-06-17T01:21:14.509776+00:00
[2025-06-16T22:21:14.678-0300] {processor.py:179} INFO - Processing /mnt/c/Users/arcan/Documents/airflow/.venv/lib/python3.10/site-packages/airflow/example_dags/example_short_circuit_decorator.py took 0.337 seconds
[2025-06-16T22:22:37.081-0300] {processor.py:157} INFO - Started process (PID=60893) to work on /mnt/c/Users/arcan/Documents/airflow/.venv/lib/python3.10/site-packages/airflow/example_dags/example_short_circuit_decorator.py
[2025-06-16T22:22:37.084-0300] {processor.py:829} INFO - Processing file /mnt/c/Users/arcan/Documents/airflow/.venv/lib/python3.10/site-packages/airflow/example_dags/example_short_circuit_decorator.py for tasks to queue
[2025-06-16T22:22:37.086-0300] {logging_mixin.py:154} INFO - [2025-06-16T22:22:37.085-0300] {dagbag.py:536} INFO - Filling up the DagBag from /mnt/c/Users/arcan/Documents/airflow/.venv/lib/python3.10/site-packages/airflow/example_dags/example_short_circuit_decorator.py
[2025-06-16T22:22:37.136-0300] {processor.py:839} INFO - DAG(s) dict_keys(['example_short_circuit_decorator']) retrieved from /mnt/c/Users/arcan/Documents/airflow/.venv/lib/python3.10/site-packages/airflow/example_dags/example_short_circuit_decorator.py
[2025-06-16T22:22:37.193-0300] {logging_mixin.py:154} INFO - [2025-06-16T22:22:37.193-0300] {dag.py:2941} INFO - Sync 1 DAGs
[2025-06-16T22:22:37.234-0300] {logging_mixin.py:154} INFO - [2025-06-16T22:22:37.234-0300] {dag.py:3722} INFO - Setting next_dagrun for example_short_circuit_decorator to 2025-06-16T01:22:37.234149+00:00, run_after=2025-06-17T01:22:37.234149+00:00
[2025-06-16T22:22:37.373-0300] {processor.py:179} INFO - Processing /mnt/c/Users/arcan/Documents/airflow/.venv/lib/python3.10/site-packages/airflow/example_dags/example_short_circuit_decorator.py took 0.300 seconds
[2025-06-16T22:24:00.814-0300] {processor.py:157} INFO - Started process (PID=61257) to work on /mnt/c/Users/arcan/Documents/airflow/.venv/lib/python3.10/site-packages/airflow/example_dags/example_short_circuit_decorator.py
[2025-06-16T22:24:00.818-0300] {processor.py:829} INFO - Processing file /mnt/c/Users/arcan/Documents/airflow/.venv/lib/python3.10/site-packages/airflow/example_dags/example_short_circuit_decorator.py for tasks to queue
[2025-06-16T22:24:00.821-0300] {logging_mixin.py:154} INFO - [2025-06-16T22:24:00.820-0300] {dagbag.py:536} INFO - Filling up the DagBag from /mnt/c/Users/arcan/Documents/airflow/.venv/lib/python3.10/site-packages/airflow/example_dags/example_short_circuit_decorator.py
[2025-06-16T22:24:00.877-0300] {processor.py:839} INFO - DAG(s) dict_keys(['example_short_circuit_decorator']) retrieved from /mnt/c/Users/arcan/Documents/airflow/.venv/lib/python3.10/site-packages/airflow/example_dags/example_short_circuit_decorator.py
[2025-06-16T22:24:00.954-0300] {logging_mixin.py:154} INFO - [2025-06-16T22:24:00.953-0300] {dag.py:2941} INFO - Sync 1 DAGs
[2025-06-16T22:24:01.001-0300] {logging_mixin.py:154} INFO - [2025-06-16T22:24:01.001-0300] {dag.py:3722} INFO - Setting next_dagrun for example_short_circuit_decorator to 2025-06-16T01:24:01.000705+00:00, run_after=2025-06-17T01:24:01.000705+00:00
[2025-06-16T22:24:01.145-0300] {processor.py:179} INFO - Processing /mnt/c/Users/arcan/Documents/airflow/.venv/lib/python3.10/site-packages/airflow/example_dags/example_short_circuit_decorator.py took 0.339 seconds
[2025-06-16T22:25:19.319-0300] {processor.py:157} INFO - Started process (PID=61480) to work on /mnt/c/Users/arcan/Documents/airflow/.venv/lib/python3.10/site-packages/airflow/example_dags/example_short_circuit_decorator.py
[2025-06-16T22:25:19.322-0300] {processor.py:829} INFO - Processing file /mnt/c/Users/arcan/Documents/airflow/.venv/lib/python3.10/site-packages/airflow/example_dags/example_short_circuit_decorator.py for tasks to queue
[2025-06-16T22:25:19.325-0300] {logging_mixin.py:154} INFO - [2025-06-16T22:25:19.324-0300] {dagbag.py:536} INFO - Filling up the DagBag from /mnt/c/Users/arcan/Documents/airflow/.venv/lib/python3.10/site-packages/airflow/example_dags/example_short_circuit_decorator.py
[2025-06-16T22:25:19.382-0300] {processor.py:839} INFO - DAG(s) dict_keys(['example_short_circuit_decorator']) retrieved from /mnt/c/Users/arcan/Documents/airflow/.venv/lib/python3.10/site-packages/airflow/example_dags/example_short_circuit_decorator.py
[2025-06-16T22:25:19.454-0300] {logging_mixin.py:154} INFO - [2025-06-16T22:25:19.454-0300] {dag.py:2941} INFO - Sync 1 DAGs
[2025-06-16T22:25:19.495-0300] {logging_mixin.py:154} INFO - [2025-06-16T22:25:19.495-0300] {dag.py:3722} INFO - Setting next_dagrun for example_short_circuit_decorator to 2025-06-16T01:25:19.494836+00:00, run_after=2025-06-17T01:25:19.494836+00:00
[2025-06-16T22:25:19.657-0300] {processor.py:179} INFO - Processing /mnt/c/Users/arcan/Documents/airflow/.venv/lib/python3.10/site-packages/airflow/example_dags/example_short_circuit_decorator.py took 0.345 seconds
[2025-06-16T22:26:41.063-0300] {processor.py:157} INFO - Started process (PID=61715) to work on /mnt/c/Users/arcan/Documents/airflow/.venv/lib/python3.10/site-packages/airflow/example_dags/example_short_circuit_decorator.py
[2025-06-16T22:26:41.066-0300] {processor.py:829} INFO - Processing file /mnt/c/Users/arcan/Documents/airflow/.venv/lib/python3.10/site-packages/airflow/example_dags/example_short_circuit_decorator.py for tasks to queue
[2025-06-16T22:26:41.069-0300] {logging_mixin.py:154} INFO - [2025-06-16T22:26:41.068-0300] {dagbag.py:536} INFO - Filling up the DagBag from /mnt/c/Users/arcan/Documents/airflow/.venv/lib/python3.10/site-packages/airflow/example_dags/example_short_circuit_decorator.py
[2025-06-16T22:26:41.119-0300] {processor.py:839} INFO - DAG(s) dict_keys(['example_short_circuit_decorator']) retrieved from /mnt/c/Users/arcan/Documents/airflow/.venv/lib/python3.10/site-packages/airflow/example_dags/example_short_circuit_decorator.py
[2025-06-16T22:26:41.179-0300] {logging_mixin.py:154} INFO - [2025-06-16T22:26:41.179-0300] {dag.py:2941} INFO - Sync 1 DAGs
[2025-06-16T22:26:41.221-0300] {logging_mixin.py:154} INFO - [2025-06-16T22:26:41.220-0300] {dag.py:3722} INFO - Setting next_dagrun for example_short_circuit_decorator to 2025-06-16T01:26:41.220401+00:00, run_after=2025-06-17T01:26:41.220401+00:00
[2025-06-16T22:26:41.378-0300] {processor.py:179} INFO - Processing /mnt/c/Users/arcan/Documents/airflow/.venv/lib/python3.10/site-packages/airflow/example_dags/example_short_circuit_decorator.py took 0.321 seconds
[2025-06-16T22:27:56.281-0300] {processor.py:157} INFO - Started process (PID=61935) to work on /mnt/c/Users/arcan/Documents/airflow/.venv/lib/python3.10/site-packages/airflow/example_dags/example_short_circuit_decorator.py
[2025-06-16T22:27:56.284-0300] {processor.py:829} INFO - Processing file /mnt/c/Users/arcan/Documents/airflow/.venv/lib/python3.10/site-packages/airflow/example_dags/example_short_circuit_decorator.py for tasks to queue
[2025-06-16T22:27:56.287-0300] {logging_mixin.py:154} INFO - [2025-06-16T22:27:56.286-0300] {dagbag.py:536} INFO - Filling up the DagBag from /mnt/c/Users/arcan/Documents/airflow/.venv/lib/python3.10/site-packages/airflow/example_dags/example_short_circuit_decorator.py
[2025-06-16T22:27:56.346-0300] {processor.py:839} INFO - DAG(s) dict_keys(['example_short_circuit_decorator']) retrieved from /mnt/c/Users/arcan/Documents/airflow/.venv/lib/python3.10/site-packages/airflow/example_dags/example_short_circuit_decorator.py
[2025-06-16T22:27:56.409-0300] {logging_mixin.py:154} INFO - [2025-06-16T22:27:56.408-0300] {dag.py:2941} INFO - Sync 1 DAGs
[2025-06-16T22:27:56.457-0300] {logging_mixin.py:154} INFO - [2025-06-16T22:27:56.457-0300] {dag.py:3722} INFO - Setting next_dagrun for example_short_circuit_decorator to 2025-06-16T01:27:56.456758+00:00, run_after=2025-06-17T01:27:56.456758+00:00
[2025-06-16T22:27:56.614-0300] {processor.py:179} INFO - Processing /mnt/c/Users/arcan/Documents/airflow/.venv/lib/python3.10/site-packages/airflow/example_dags/example_short_circuit_decorator.py took 0.339 seconds
[2025-06-16T22:29:15.045-0300] {processor.py:157} INFO - Started process (PID=62155) to work on /mnt/c/Users/arcan/Documents/airflow/.venv/lib/python3.10/site-packages/airflow/example_dags/example_short_circuit_decorator.py
[2025-06-16T22:29:15.048-0300] {processor.py:829} INFO - Processing file /mnt/c/Users/arcan/Documents/airflow/.venv/lib/python3.10/site-packages/airflow/example_dags/example_short_circuit_decorator.py for tasks to queue
[2025-06-16T22:29:15.050-0300] {logging_mixin.py:154} INFO - [2025-06-16T22:29:15.049-0300] {dagbag.py:536} INFO - Filling up the DagBag from /mnt/c/Users/arcan/Documents/airflow/.venv/lib/python3.10/site-packages/airflow/example_dags/example_short_circuit_decorator.py
[2025-06-16T22:29:15.110-0300] {processor.py:839} INFO - DAG(s) dict_keys(['example_short_circuit_decorator']) retrieved from /mnt/c/Users/arcan/Documents/airflow/.venv/lib/python3.10/site-packages/airflow/example_dags/example_short_circuit_decorator.py
[2025-06-16T22:29:15.173-0300] {logging_mixin.py:154} INFO - [2025-06-16T22:29:15.173-0300] {dag.py:2941} INFO - Sync 1 DAGs
[2025-06-16T22:29:15.213-0300] {logging_mixin.py:154} INFO - [2025-06-16T22:29:15.213-0300] {dag.py:3722} INFO - Setting next_dagrun for example_short_circuit_decorator to 2025-06-16T01:29:15.212780+00:00, run_after=2025-06-17T01:29:15.212780+00:00
[2025-06-16T22:29:15.352-0300] {processor.py:179} INFO - Processing /mnt/c/Users/arcan/Documents/airflow/.venv/lib/python3.10/site-packages/airflow/example_dags/example_short_circuit_decorator.py took 0.313 seconds
[2025-06-16T22:30:32.259-0300] {processor.py:157} INFO - Started process (PID=62379) to work on /mnt/c/Users/arcan/Documents/airflow/.venv/lib/python3.10/site-packages/airflow/example_dags/example_short_circuit_decorator.py
[2025-06-16T22:30:32.262-0300] {processor.py:829} INFO - Processing file /mnt/c/Users/arcan/Documents/airflow/.venv/lib/python3.10/site-packages/airflow/example_dags/example_short_circuit_decorator.py for tasks to queue
[2025-06-16T22:30:32.266-0300] {logging_mixin.py:154} INFO - [2025-06-16T22:30:32.265-0300] {dagbag.py:536} INFO - Filling up the DagBag from /mnt/c/Users/arcan/Documents/airflow/.venv/lib/python3.10/site-packages/airflow/example_dags/example_short_circuit_decorator.py
[2025-06-16T22:30:32.345-0300] {processor.py:839} INFO - DAG(s) dict_keys(['example_short_circuit_decorator']) retrieved from /mnt/c/Users/arcan/Documents/airflow/.venv/lib/python3.10/site-packages/airflow/example_dags/example_short_circuit_decorator.py
[2025-06-16T22:30:32.422-0300] {logging_mixin.py:154} INFO - [2025-06-16T22:30:32.421-0300] {dag.py:2941} INFO - Sync 1 DAGs
[2025-06-16T22:30:32.459-0300] {logging_mixin.py:154} INFO - [2025-06-16T22:30:32.459-0300] {dag.py:3722} INFO - Setting next_dagrun for example_short_circuit_decorator to 2025-06-16T01:30:32.458740+00:00, run_after=2025-06-17T01:30:32.458740+00:00
[2025-06-16T22:30:32.634-0300] {processor.py:179} INFO - Processing /mnt/c/Users/arcan/Documents/airflow/.venv/lib/python3.10/site-packages/airflow/example_dags/example_short_circuit_decorator.py took 0.388 seconds
[2025-06-16T22:32:07.403-0300] {processor.py:157} INFO - Started process (PID=62733) to work on /mnt/c/Users/arcan/Documents/airflow/.venv/lib/python3.10/site-packages/airflow/example_dags/example_short_circuit_decorator.py
[2025-06-16T22:32:07.406-0300] {processor.py:829} INFO - Processing file /mnt/c/Users/arcan/Documents/airflow/.venv/lib/python3.10/site-packages/airflow/example_dags/example_short_circuit_decorator.py for tasks to queue
[2025-06-16T22:32:07.409-0300] {logging_mixin.py:154} INFO - [2025-06-16T22:32:07.408-0300] {dagbag.py:536} INFO - Filling up the DagBag from /mnt/c/Users/arcan/Documents/airflow/.venv/lib/python3.10/site-packages/airflow/example_dags/example_short_circuit_decorator.py
[2025-06-16T22:32:07.490-0300] {processor.py:839} INFO - DAG(s) dict_keys(['example_short_circuit_decorator']) retrieved from /mnt/c/Users/arcan/Documents/airflow/.venv/lib/python3.10/site-packages/airflow/example_dags/example_short_circuit_decorator.py
[2025-06-16T22:32:07.577-0300] {logging_mixin.py:154} INFO - [2025-06-16T22:32:07.576-0300] {dag.py:2941} INFO - Sync 1 DAGs
[2025-06-16T22:32:07.630-0300] {logging_mixin.py:154} INFO - [2025-06-16T22:32:07.630-0300] {dag.py:3722} INFO - Setting next_dagrun for example_short_circuit_decorator to 2025-06-16T01:32:07.629758+00:00, run_after=2025-06-17T01:32:07.629758+00:00
[2025-06-16T22:32:07.780-0300] {processor.py:179} INFO - Processing /mnt/c/Users/arcan/Documents/airflow/.venv/lib/python3.10/site-packages/airflow/example_dags/example_short_circuit_decorator.py took 0.388 seconds
[2025-06-17T20:50:41.843-0300] {processor.py:157} INFO - Started process (PID=63657) to work on /mnt/c/Users/arcan/Documents/airflow/.venv/lib/python3.10/site-packages/airflow/example_dags/example_short_circuit_decorator.py
[2025-06-17T20:50:41.847-0300] {processor.py:829} INFO - Processing file /mnt/c/Users/arcan/Documents/airflow/.venv/lib/python3.10/site-packages/airflow/example_dags/example_short_circuit_decorator.py for tasks to queue
[2025-06-17T20:50:41.850-0300] {logging_mixin.py:154} INFO - [2025-06-17T20:50:41.849-0300] {dagbag.py:536} INFO - Filling up the DagBag from /mnt/c/Users/arcan/Documents/airflow/.venv/lib/python3.10/site-packages/airflow/example_dags/example_short_circuit_decorator.py
[2025-06-17T20:50:41.904-0300] {processor.py:839} INFO - DAG(s) dict_keys(['example_short_circuit_decorator']) retrieved from /mnt/c/Users/arcan/Documents/airflow/.venv/lib/python3.10/site-packages/airflow/example_dags/example_short_circuit_decorator.py
[2025-06-17T20:50:41.992-0300] {logging_mixin.py:154} INFO - [2025-06-17T20:50:41.992-0300] {dag.py:2941} INFO - Sync 1 DAGs
[2025-06-17T20:50:42.039-0300] {logging_mixin.py:154} INFO - [2025-06-17T20:50:42.038-0300] {dag.py:3722} INFO - Setting next_dagrun for example_short_circuit_decorator to 2025-06-16T23:50:42.038421+00:00, run_after=2025-06-17T23:50:42.038421+00:00
[2025-06-17T20:50:42.182-0300] {processor.py:179} INFO - Processing /mnt/c/Users/arcan/Documents/airflow/.venv/lib/python3.10/site-packages/airflow/example_dags/example_short_circuit_decorator.py took 0.346 seconds
[2025-06-17T20:51:56.537-0300] {processor.py:157} INFO - Started process (PID=63791) to work on /mnt/c/Users/arcan/Documents/airflow/.venv/lib/python3.10/site-packages/airflow/example_dags/example_short_circuit_decorator.py
[2025-06-17T20:51:56.539-0300] {processor.py:829} INFO - Processing file /mnt/c/Users/arcan/Documents/airflow/.venv/lib/python3.10/site-packages/airflow/example_dags/example_short_circuit_decorator.py for tasks to queue
[2025-06-17T20:51:56.541-0300] {logging_mixin.py:154} INFO - [2025-06-17T20:51:56.541-0300] {dagbag.py:536} INFO - Filling up the DagBag from /mnt/c/Users/arcan/Documents/airflow/.venv/lib/python3.10/site-packages/airflow/example_dags/example_short_circuit_decorator.py
[2025-06-17T20:51:56.592-0300] {processor.py:839} INFO - DAG(s) dict_keys(['example_short_circuit_decorator']) retrieved from /mnt/c/Users/arcan/Documents/airflow/.venv/lib/python3.10/site-packages/airflow/example_dags/example_short_circuit_decorator.py
[2025-06-17T20:51:56.652-0300] {logging_mixin.py:154} INFO - [2025-06-17T20:51:56.651-0300] {dag.py:2941} INFO - Sync 1 DAGs
[2025-06-17T20:51:56.706-0300] {logging_mixin.py:154} INFO - [2025-06-17T20:51:56.705-0300] {dag.py:3722} INFO - Setting next_dagrun for example_short_circuit_decorator to 2025-06-16T23:51:56.705617+00:00, run_after=2025-06-17T23:51:56.705617+00:00
[2025-06-17T20:51:56.827-0300] {processor.py:179} INFO - Processing /mnt/c/Users/arcan/Documents/airflow/.venv/lib/python3.10/site-packages/airflow/example_dags/example_short_circuit_decorator.py took 0.295 seconds
[2025-06-17T20:53:18.019-0300] {processor.py:157} INFO - Started process (PID=64020) to work on /mnt/c/Users/arcan/Documents/airflow/.venv/lib/python3.10/site-packages/airflow/example_dags/example_short_circuit_decorator.py
[2025-06-17T20:53:18.021-0300] {processor.py:829} INFO - Processing file /mnt/c/Users/arcan/Documents/airflow/.venv/lib/python3.10/site-packages/airflow/example_dags/example_short_circuit_decorator.py for tasks to queue
[2025-06-17T20:53:18.023-0300] {logging_mixin.py:154} INFO - [2025-06-17T20:53:18.022-0300] {dagbag.py:536} INFO - Filling up the DagBag from /mnt/c/Users/arcan/Documents/airflow/.venv/lib/python3.10/site-packages/airflow/example_dags/example_short_circuit_decorator.py
[2025-06-17T20:53:18.073-0300] {processor.py:839} INFO - DAG(s) dict_keys(['example_short_circuit_decorator']) retrieved from /mnt/c/Users/arcan/Documents/airflow/.venv/lib/python3.10/site-packages/airflow/example_dags/example_short_circuit_decorator.py
[2025-06-17T20:53:18.131-0300] {logging_mixin.py:154} INFO - [2025-06-17T20:53:18.131-0300] {dag.py:2941} INFO - Sync 1 DAGs
[2025-06-17T20:53:18.168-0300] {logging_mixin.py:154} INFO - [2025-06-17T20:53:18.167-0300] {dag.py:3722} INFO - Setting next_dagrun for example_short_circuit_decorator to 2025-06-16T23:53:18.167622+00:00, run_after=2025-06-17T23:53:18.167622+00:00
[2025-06-17T20:53:18.298-0300] {processor.py:179} INFO - Processing /mnt/c/Users/arcan/Documents/airflow/.venv/lib/python3.10/site-packages/airflow/example_dags/example_short_circuit_decorator.py took 0.286 seconds
[2025-06-17T20:54:31.578-0300] {processor.py:157} INFO - Started process (PID=64359) to work on /mnt/c/Users/arcan/Documents/airflow/.venv/lib/python3.10/site-packages/airflow/example_dags/example_short_circuit_decorator.py
[2025-06-17T20:54:31.580-0300] {processor.py:829} INFO - Processing file /mnt/c/Users/arcan/Documents/airflow/.venv/lib/python3.10/site-packages/airflow/example_dags/example_short_circuit_decorator.py for tasks to queue
[2025-06-17T20:54:31.582-0300] {logging_mixin.py:154} INFO - [2025-06-17T20:54:31.581-0300] {dagbag.py:536} INFO - Filling up the DagBag from /mnt/c/Users/arcan/Documents/airflow/.venv/lib/python3.10/site-packages/airflow/example_dags/example_short_circuit_decorator.py
[2025-06-17T20:54:31.620-0300] {processor.py:839} INFO - DAG(s) dict_keys(['example_short_circuit_decorator']) retrieved from /mnt/c/Users/arcan/Documents/airflow/.venv/lib/python3.10/site-packages/airflow/example_dags/example_short_circuit_decorator.py
[2025-06-17T20:54:31.667-0300] {logging_mixin.py:154} INFO - [2025-06-17T20:54:31.666-0300] {dag.py:2941} INFO - Sync 1 DAGs
[2025-06-17T20:54:31.701-0300] {logging_mixin.py:154} INFO - [2025-06-17T20:54:31.701-0300] {dag.py:3722} INFO - Setting next_dagrun for example_short_circuit_decorator to 2025-06-16T23:54:31.700842+00:00, run_after=2025-06-17T23:54:31.700842+00:00
[2025-06-17T20:54:31.801-0300] {processor.py:179} INFO - Processing /mnt/c/Users/arcan/Documents/airflow/.venv/lib/python3.10/site-packages/airflow/example_dags/example_short_circuit_decorator.py took 0.228 seconds
[2025-06-17T20:55:41.470-0300] {processor.py:157} INFO - Started process (PID=64560) to work on /mnt/c/Users/arcan/Documents/airflow/.venv/lib/python3.10/site-packages/airflow/example_dags/example_short_circuit_decorator.py
[2025-06-17T20:55:41.471-0300] {processor.py:829} INFO - Processing file /mnt/c/Users/arcan/Documents/airflow/.venv/lib/python3.10/site-packages/airflow/example_dags/example_short_circuit_decorator.py for tasks to queue
[2025-06-17T20:55:41.473-0300] {logging_mixin.py:154} INFO - [2025-06-17T20:55:41.472-0300] {dagbag.py:536} INFO - Filling up the DagBag from /mnt/c/Users/arcan/Documents/airflow/.venv/lib/python3.10/site-packages/airflow/example_dags/example_short_circuit_decorator.py
[2025-06-17T20:55:41.509-0300] {processor.py:839} INFO - DAG(s) dict_keys(['example_short_circuit_decorator']) retrieved from /mnt/c/Users/arcan/Documents/airflow/.venv/lib/python3.10/site-packages/airflow/example_dags/example_short_circuit_decorator.py
[2025-06-17T20:55:41.558-0300] {logging_mixin.py:154} INFO - [2025-06-17T20:55:41.558-0300] {dag.py:2941} INFO - Sync 1 DAGs
[2025-06-17T20:55:41.593-0300] {logging_mixin.py:154} INFO - [2025-06-17T20:55:41.593-0300] {dag.py:3722} INFO - Setting next_dagrun for example_short_circuit_decorator to 2025-06-16T23:55:41.592956+00:00, run_after=2025-06-17T23:55:41.592956+00:00
[2025-06-17T20:55:41.704-0300] {processor.py:179} INFO - Processing /mnt/c/Users/arcan/Documents/airflow/.venv/lib/python3.10/site-packages/airflow/example_dags/example_short_circuit_decorator.py took 0.238 seconds
