[2025-06-16T22:03:39.487-0300] {processor.py:157} INFO - Started process (PID=57260) to work on /mnt/c/Users/arcan/Documents/airflow/.venv/lib/python3.10/site-packages/airflow/example_dags/example_trigger_controller_dag.py
[2025-06-16T22:03:39.489-0300] {processor.py:829} INFO - Processing file /mnt/c/Users/arcan/Documents/airflow/.venv/lib/python3.10/site-packages/airflow/example_dags/example_trigger_controller_dag.py for tasks to queue
[2025-06-16T22:03:39.491-0300] {logging_mixin.py:154} INFO - [2025-06-16T22:03:39.490-0300] {dagbag.py:536} INFO - Filling up the DagBag from /mnt/c/Users/arcan/Documents/airflow/.venv/lib/python3.10/site-packages/airflow/example_dags/example_trigger_controller_dag.py
[2025-06-16T22:03:39.532-0300] {processor.py:839} INFO - DAG(s) dict_keys(['example_trigger_controller_dag']) retrieved from /mnt/c/Users/arcan/Documents/airflow/.venv/lib/python3.10/site-packages/airflow/example_dags/example_trigger_controller_dag.py
[2025-06-16T22:03:39.581-0300] {logging_mixin.py:154} INFO - [2025-06-16T22:03:39.581-0300] {dag.py:2941} INFO - Sync 1 DAGs
[2025-06-16T22:03:39.614-0300] {logging_mixin.py:154} INFO - [2025-06-16T22:03:39.614-0300] {dag.py:3722} INFO - Setting next_dagrun for example_trigger_controller_dag to 2021-01-01T00:00:00+00:00, run_after=2021-01-01T00:00:00+00:00
[2025-06-16T22:03:39.718-0300] {processor.py:179} INFO - Processing /mnt/c/Users/arcan/Documents/airflow/.venv/lib/python3.10/site-packages/airflow/example_dags/example_trigger_controller_dag.py took 0.236 seconds
[2025-06-16T22:04:36.748-0300] {processor.py:157} INFO - Started process (PID=57433) to work on /mnt/c/Users/arcan/Documents/airflow/.venv/lib/python3.10/site-packages/airflow/example_dags/example_trigger_controller_dag.py
[2025-06-16T22:04:36.751-0300] {processor.py:829} INFO - Processing file /mnt/c/Users/arcan/Documents/airflow/.venv/lib/python3.10/site-packages/airflow/example_dags/example_trigger_controller_dag.py for tasks to queue
[2025-06-16T22:04:36.754-0300] {logging_mixin.py:154} INFO - [2025-06-16T22:04:36.753-0300] {dagbag.py:536} INFO - Filling up the DagBag from /mnt/c/Users/arcan/Documents/airflow/.venv/lib/python3.10/site-packages/airflow/example_dags/example_trigger_controller_dag.py
[2025-06-16T22:04:36.799-0300] {processor.py:839} INFO - DAG(s) dict_keys(['example_trigger_controller_dag']) retrieved from /mnt/c/Users/arcan/Documents/airflow/.venv/lib/python3.10/site-packages/airflow/example_dags/example_trigger_controller_dag.py
[2025-06-16T22:04:36.872-0300] {logging_mixin.py:154} INFO - [2025-06-16T22:04:36.871-0300] {dag.py:2941} INFO - Sync 1 DAGs
[2025-06-16T22:04:36.917-0300] {logging_mixin.py:154} INFO - [2025-06-16T22:04:36.916-0300] {dag.py:3722} INFO - Setting next_dagrun for example_trigger_controller_dag to 2021-01-01T00:00:00+00:00, run_after=2021-01-01T00:00:00+00:00
[2025-06-16T22:04:37.051-0300] {processor.py:179} INFO - Processing /mnt/c/Users/arcan/Documents/airflow/.venv/lib/python3.10/site-packages/airflow/example_dags/example_trigger_controller_dag.py took 0.309 seconds
[2025-06-16T22:05:50.811-0300] {processor.py:157} INFO - Started process (PID=57675) to work on /mnt/c/Users/arcan/Documents/airflow/.venv/lib/python3.10/site-packages/airflow/example_dags/example_trigger_controller_dag.py
[2025-06-16T22:05:50.813-0300] {processor.py:829} INFO - Processing file /mnt/c/Users/arcan/Documents/airflow/.venv/lib/python3.10/site-packages/airflow/example_dags/example_trigger_controller_dag.py for tasks to queue
[2025-06-16T22:05:50.816-0300] {logging_mixin.py:154} INFO - [2025-06-16T22:05:50.815-0300] {dagbag.py:536} INFO - Filling up the DagBag from /mnt/c/Users/arcan/Documents/airflow/.venv/lib/python3.10/site-packages/airflow/example_dags/example_trigger_controller_dag.py
[2025-06-16T22:05:50.851-0300] {processor.py:839} INFO - DAG(s) dict_keys(['example_trigger_controller_dag']) retrieved from /mnt/c/Users/arcan/Documents/airflow/.venv/lib/python3.10/site-packages/airflow/example_dags/example_trigger_controller_dag.py
[2025-06-16T22:05:50.898-0300] {logging_mixin.py:154} INFO - [2025-06-16T22:05:50.898-0300] {dag.py:2941} INFO - Sync 1 DAGs
[2025-06-16T22:05:50.931-0300] {logging_mixin.py:154} INFO - [2025-06-16T22:05:50.930-0300] {dag.py:3722} INFO - Setting next_dagrun for example_trigger_controller_dag to 2021-01-01T00:00:00+00:00, run_after=2021-01-01T00:00:00+00:00
[2025-06-16T22:05:51.042-0300] {processor.py:179} INFO - Processing /mnt/c/Users/arcan/Documents/airflow/.venv/lib/python3.10/site-packages/airflow/example_dags/example_trigger_controller_dag.py took 0.235 seconds
[2025-06-16T22:07:00.309-0300] {processor.py:157} INFO - Started process (PID=57881) to work on /mnt/c/Users/arcan/Documents/airflow/.venv/lib/python3.10/site-packages/airflow/example_dags/example_trigger_controller_dag.py
[2025-06-16T22:07:00.311-0300] {processor.py:829} INFO - Processing file /mnt/c/Users/arcan/Documents/airflow/.venv/lib/python3.10/site-packages/airflow/example_dags/example_trigger_controller_dag.py for tasks to queue
[2025-06-16T22:07:00.313-0300] {logging_mixin.py:154} INFO - [2025-06-16T22:07:00.313-0300] {dagbag.py:536} INFO - Filling up the DagBag from /mnt/c/Users/arcan/Documents/airflow/.venv/lib/python3.10/site-packages/airflow/example_dags/example_trigger_controller_dag.py
[2025-06-16T22:07:00.360-0300] {processor.py:839} INFO - DAG(s) dict_keys(['example_trigger_controller_dag']) retrieved from /mnt/c/Users/arcan/Documents/airflow/.venv/lib/python3.10/site-packages/airflow/example_dags/example_trigger_controller_dag.py
[2025-06-16T22:07:00.422-0300] {logging_mixin.py:154} INFO - [2025-06-16T22:07:00.421-0300] {dag.py:2941} INFO - Sync 1 DAGs
[2025-06-16T22:07:00.460-0300] {logging_mixin.py:154} INFO - [2025-06-16T22:07:00.460-0300] {dag.py:3722} INFO - Setting next_dagrun for example_trigger_controller_dag to 2021-01-01T00:00:00+00:00, run_after=2021-01-01T00:00:00+00:00
[2025-06-16T22:07:00.591-0300] {processor.py:179} INFO - Processing /mnt/c/Users/arcan/Documents/airflow/.venv/lib/python3.10/site-packages/airflow/example_dags/example_trigger_controller_dag.py took 0.288 seconds
[2025-06-16T22:08:15.565-0300] {processor.py:157} INFO - Started process (PID=58101) to work on /mnt/c/Users/arcan/Documents/airflow/.venv/lib/python3.10/site-packages/airflow/example_dags/example_trigger_controller_dag.py
[2025-06-16T22:08:15.567-0300] {processor.py:829} INFO - Processing file /mnt/c/Users/arcan/Documents/airflow/.venv/lib/python3.10/site-packages/airflow/example_dags/example_trigger_controller_dag.py for tasks to queue
[2025-06-16T22:08:15.569-0300] {logging_mixin.py:154} INFO - [2025-06-16T22:08:15.568-0300] {dagbag.py:536} INFO - Filling up the DagBag from /mnt/c/Users/arcan/Documents/airflow/.venv/lib/python3.10/site-packages/airflow/example_dags/example_trigger_controller_dag.py
[2025-06-16T22:08:15.598-0300] {processor.py:839} INFO - DAG(s) dict_keys(['example_trigger_controller_dag']) retrieved from /mnt/c/Users/arcan/Documents/airflow/.venv/lib/python3.10/site-packages/airflow/example_dags/example_trigger_controller_dag.py
[2025-06-16T22:08:15.639-0300] {logging_mixin.py:154} INFO - [2025-06-16T22:08:15.639-0300] {dag.py:2941} INFO - Sync 1 DAGs
[2025-06-16T22:08:15.675-0300] {logging_mixin.py:154} INFO - [2025-06-16T22:08:15.675-0300] {dag.py:3722} INFO - Setting next_dagrun for example_trigger_controller_dag to 2021-01-01T00:00:00+00:00, run_after=2021-01-01T00:00:00+00:00
[2025-06-16T22:08:15.768-0300] {processor.py:179} INFO - Processing /mnt/c/Users/arcan/Documents/airflow/.venv/lib/python3.10/site-packages/airflow/example_dags/example_trigger_controller_dag.py took 0.207 seconds
[2025-06-16T22:09:23.993-0300] {processor.py:157} INFO - Started process (PID=58430) to work on /mnt/c/Users/arcan/Documents/airflow/.venv/lib/python3.10/site-packages/airflow/example_dags/example_trigger_controller_dag.py
[2025-06-16T22:09:23.995-0300] {processor.py:829} INFO - Processing file /mnt/c/Users/arcan/Documents/airflow/.venv/lib/python3.10/site-packages/airflow/example_dags/example_trigger_controller_dag.py for tasks to queue
[2025-06-16T22:09:23.997-0300] {logging_mixin.py:154} INFO - [2025-06-16T22:09:23.996-0300] {dagbag.py:536} INFO - Filling up the DagBag from /mnt/c/Users/arcan/Documents/airflow/.venv/lib/python3.10/site-packages/airflow/example_dags/example_trigger_controller_dag.py
[2025-06-16T22:09:24.024-0300] {processor.py:839} INFO - DAG(s) dict_keys(['example_trigger_controller_dag']) retrieved from /mnt/c/Users/arcan/Documents/airflow/.venv/lib/python3.10/site-packages/airflow/example_dags/example_trigger_controller_dag.py
[2025-06-16T22:09:24.068-0300] {logging_mixin.py:154} INFO - [2025-06-16T22:09:24.068-0300] {dag.py:2941} INFO - Sync 1 DAGs
[2025-06-16T22:09:24.097-0300] {logging_mixin.py:154} INFO - [2025-06-16T22:09:24.097-0300] {dag.py:3722} INFO - Setting next_dagrun for example_trigger_controller_dag to 2021-01-01T00:00:00+00:00, run_after=2021-01-01T00:00:00+00:00
[2025-06-16T22:09:24.183-0300] {processor.py:179} INFO - Processing /mnt/c/Users/arcan/Documents/airflow/.venv/lib/python3.10/site-packages/airflow/example_dags/example_trigger_controller_dag.py took 0.195 seconds
[2025-06-16T22:10:28.030-0300] {processor.py:157} INFO - Started process (PID=58620) to work on /mnt/c/Users/arcan/Documents/airflow/.venv/lib/python3.10/site-packages/airflow/example_dags/example_trigger_controller_dag.py
[2025-06-16T22:10:28.032-0300] {processor.py:829} INFO - Processing file /mnt/c/Users/arcan/Documents/airflow/.venv/lib/python3.10/site-packages/airflow/example_dags/example_trigger_controller_dag.py for tasks to queue
[2025-06-16T22:10:28.034-0300] {logging_mixin.py:154} INFO - [2025-06-16T22:10:28.033-0300] {dagbag.py:536} INFO - Filling up the DagBag from /mnt/c/Users/arcan/Documents/airflow/.venv/lib/python3.10/site-packages/airflow/example_dags/example_trigger_controller_dag.py
[2025-06-16T22:10:28.062-0300] {processor.py:839} INFO - DAG(s) dict_keys(['example_trigger_controller_dag']) retrieved from /mnt/c/Users/arcan/Documents/airflow/.venv/lib/python3.10/site-packages/airflow/example_dags/example_trigger_controller_dag.py
[2025-06-16T22:10:28.106-0300] {logging_mixin.py:154} INFO - [2025-06-16T22:10:28.106-0300] {dag.py:2941} INFO - Sync 1 DAGs
[2025-06-16T22:10:28.144-0300] {logging_mixin.py:154} INFO - [2025-06-16T22:10:28.143-0300] {dag.py:3722} INFO - Setting next_dagrun for example_trigger_controller_dag to 2021-01-01T00:00:00+00:00, run_after=2021-01-01T00:00:00+00:00
[2025-06-16T22:10:28.230-0300] {processor.py:179} INFO - Processing /mnt/c/Users/arcan/Documents/airflow/.venv/lib/python3.10/site-packages/airflow/example_dags/example_trigger_controller_dag.py took 0.204 seconds
[2025-06-16T22:11:30.813-0300] {processor.py:157} INFO - Started process (PID=58812) to work on /mnt/c/Users/arcan/Documents/airflow/.venv/lib/python3.10/site-packages/airflow/example_dags/example_trigger_controller_dag.py
[2025-06-16T22:11:30.815-0300] {processor.py:829} INFO - Processing file /mnt/c/Users/arcan/Documents/airflow/.venv/lib/python3.10/site-packages/airflow/example_dags/example_trigger_controller_dag.py for tasks to queue
[2025-06-16T22:11:30.817-0300] {logging_mixin.py:154} INFO - [2025-06-16T22:11:30.816-0300] {dagbag.py:536} INFO - Filling up the DagBag from /mnt/c/Users/arcan/Documents/airflow/.venv/lib/python3.10/site-packages/airflow/example_dags/example_trigger_controller_dag.py
[2025-06-16T22:11:30.846-0300] {processor.py:839} INFO - DAG(s) dict_keys(['example_trigger_controller_dag']) retrieved from /mnt/c/Users/arcan/Documents/airflow/.venv/lib/python3.10/site-packages/airflow/example_dags/example_trigger_controller_dag.py
[2025-06-16T22:11:30.886-0300] {logging_mixin.py:154} INFO - [2025-06-16T22:11:30.886-0300] {dag.py:2941} INFO - Sync 1 DAGs
[2025-06-16T22:11:30.918-0300] {logging_mixin.py:154} INFO - [2025-06-16T22:11:30.917-0300] {dag.py:3722} INFO - Setting next_dagrun for example_trigger_controller_dag to 2021-01-01T00:00:00+00:00, run_after=2021-01-01T00:00:00+00:00
[2025-06-16T22:11:31.004-0300] {processor.py:179} INFO - Processing /mnt/c/Users/arcan/Documents/airflow/.venv/lib/python3.10/site-packages/airflow/example_dags/example_trigger_controller_dag.py took 0.196 seconds
[2025-06-16T22:12:28.290-0300] {processor.py:157} INFO - Started process (PID=58987) to work on /mnt/c/Users/arcan/Documents/airflow/.venv/lib/python3.10/site-packages/airflow/example_dags/example_trigger_controller_dag.py
[2025-06-16T22:12:28.293-0300] {processor.py:829} INFO - Processing file /mnt/c/Users/arcan/Documents/airflow/.venv/lib/python3.10/site-packages/airflow/example_dags/example_trigger_controller_dag.py for tasks to queue
[2025-06-16T22:12:28.295-0300] {logging_mixin.py:154} INFO - [2025-06-16T22:12:28.294-0300] {dagbag.py:536} INFO - Filling up the DagBag from /mnt/c/Users/arcan/Documents/airflow/.venv/lib/python3.10/site-packages/airflow/example_dags/example_trigger_controller_dag.py
[2025-06-16T22:12:28.326-0300] {processor.py:839} INFO - DAG(s) dict_keys(['example_trigger_controller_dag']) retrieved from /mnt/c/Users/arcan/Documents/airflow/.venv/lib/python3.10/site-packages/airflow/example_dags/example_trigger_controller_dag.py
[2025-06-16T22:12:28.375-0300] {logging_mixin.py:154} INFO - [2025-06-16T22:12:28.375-0300] {dag.py:2941} INFO - Sync 1 DAGs
[2025-06-16T22:12:28.407-0300] {logging_mixin.py:154} INFO - [2025-06-16T22:12:28.406-0300] {dag.py:3722} INFO - Setting next_dagrun for example_trigger_controller_dag to 2021-01-01T00:00:00+00:00, run_after=2021-01-01T00:00:00+00:00
[2025-06-16T22:12:28.492-0300] {processor.py:179} INFO - Processing /mnt/c/Users/arcan/Documents/airflow/.venv/lib/python3.10/site-packages/airflow/example_dags/example_trigger_controller_dag.py took 0.209 seconds
[2025-06-16T22:13:31.544-0300] {processor.py:157} INFO - Started process (PID=59177) to work on /mnt/c/Users/arcan/Documents/airflow/.venv/lib/python3.10/site-packages/airflow/example_dags/example_trigger_controller_dag.py
[2025-06-16T22:13:31.546-0300] {processor.py:829} INFO - Processing file /mnt/c/Users/arcan/Documents/airflow/.venv/lib/python3.10/site-packages/airflow/example_dags/example_trigger_controller_dag.py for tasks to queue
[2025-06-16T22:13:31.548-0300] {logging_mixin.py:154} INFO - [2025-06-16T22:13:31.547-0300] {dagbag.py:536} INFO - Filling up the DagBag from /mnt/c/Users/arcan/Documents/airflow/.venv/lib/python3.10/site-packages/airflow/example_dags/example_trigger_controller_dag.py
[2025-06-16T22:13:31.579-0300] {processor.py:839} INFO - DAG(s) dict_keys(['example_trigger_controller_dag']) retrieved from /mnt/c/Users/arcan/Documents/airflow/.venv/lib/python3.10/site-packages/airflow/example_dags/example_trigger_controller_dag.py
[2025-06-16T22:13:31.621-0300] {logging_mixin.py:154} INFO - [2025-06-16T22:13:31.621-0300] {dag.py:2941} INFO - Sync 1 DAGs
[2025-06-16T22:13:31.652-0300] {logging_mixin.py:154} INFO - [2025-06-16T22:13:31.652-0300] {dag.py:3722} INFO - Setting next_dagrun for example_trigger_controller_dag to 2021-01-01T00:00:00+00:00, run_after=2021-01-01T00:00:00+00:00
[2025-06-16T22:13:31.739-0300] {processor.py:179} INFO - Processing /mnt/c/Users/arcan/Documents/airflow/.venv/lib/python3.10/site-packages/airflow/example_dags/example_trigger_controller_dag.py took 0.200 seconds
[2025-06-16T22:14:39.718-0300] {processor.py:157} INFO - Started process (PID=59378) to work on /mnt/c/Users/arcan/Documents/airflow/.venv/lib/python3.10/site-packages/airflow/example_dags/example_trigger_controller_dag.py
[2025-06-16T22:14:39.720-0300] {processor.py:829} INFO - Processing file /mnt/c/Users/arcan/Documents/airflow/.venv/lib/python3.10/site-packages/airflow/example_dags/example_trigger_controller_dag.py for tasks to queue
[2025-06-16T22:14:39.722-0300] {logging_mixin.py:154} INFO - [2025-06-16T22:14:39.721-0300] {dagbag.py:536} INFO - Filling up the DagBag from /mnt/c/Users/arcan/Documents/airflow/.venv/lib/python3.10/site-packages/airflow/example_dags/example_trigger_controller_dag.py
[2025-06-16T22:14:39.757-0300] {processor.py:839} INFO - DAG(s) dict_keys(['example_trigger_controller_dag']) retrieved from /mnt/c/Users/arcan/Documents/airflow/.venv/lib/python3.10/site-packages/airflow/example_dags/example_trigger_controller_dag.py
[2025-06-16T22:14:39.807-0300] {logging_mixin.py:154} INFO - [2025-06-16T22:14:39.806-0300] {dag.py:2941} INFO - Sync 1 DAGs
[2025-06-16T22:14:39.842-0300] {logging_mixin.py:154} INFO - [2025-06-16T22:14:39.842-0300] {dag.py:3722} INFO - Setting next_dagrun for example_trigger_controller_dag to 2021-01-01T00:00:00+00:00, run_after=2021-01-01T00:00:00+00:00
[2025-06-16T22:14:39.944-0300] {processor.py:179} INFO - Processing /mnt/c/Users/arcan/Documents/airflow/.venv/lib/python3.10/site-packages/airflow/example_dags/example_trigger_controller_dag.py took 0.231 seconds
[2025-06-16T22:15:47.313-0300] {processor.py:157} INFO - Started process (PID=59581) to work on /mnt/c/Users/arcan/Documents/airflow/.venv/lib/python3.10/site-packages/airflow/example_dags/example_trigger_controller_dag.py
[2025-06-16T22:15:47.315-0300] {processor.py:829} INFO - Processing file /mnt/c/Users/arcan/Documents/airflow/.venv/lib/python3.10/site-packages/airflow/example_dags/example_trigger_controller_dag.py for tasks to queue
[2025-06-16T22:15:47.317-0300] {logging_mixin.py:154} INFO - [2025-06-16T22:15:47.317-0300] {dagbag.py:536} INFO - Filling up the DagBag from /mnt/c/Users/arcan/Documents/airflow/.venv/lib/python3.10/site-packages/airflow/example_dags/example_trigger_controller_dag.py
[2025-06-16T22:15:47.353-0300] {processor.py:839} INFO - DAG(s) dict_keys(['example_trigger_controller_dag']) retrieved from /mnt/c/Users/arcan/Documents/airflow/.venv/lib/python3.10/site-packages/airflow/example_dags/example_trigger_controller_dag.py
[2025-06-16T22:15:47.404-0300] {logging_mixin.py:154} INFO - [2025-06-16T22:15:47.403-0300] {dag.py:2941} INFO - Sync 1 DAGs
[2025-06-16T22:15:47.441-0300] {logging_mixin.py:154} INFO - [2025-06-16T22:15:47.441-0300] {dag.py:3722} INFO - Setting next_dagrun for example_trigger_controller_dag to 2021-01-01T00:00:00+00:00, run_after=2021-01-01T00:00:00+00:00
[2025-06-16T22:15:47.548-0300] {processor.py:179} INFO - Processing /mnt/c/Users/arcan/Documents/airflow/.venv/lib/python3.10/site-packages/airflow/example_dags/example_trigger_controller_dag.py took 0.241 seconds
[2025-06-16T22:16:56.832-0300] {processor.py:157} INFO - Started process (PID=59914) to work on /mnt/c/Users/arcan/Documents/airflow/.venv/lib/python3.10/site-packages/airflow/example_dags/example_trigger_controller_dag.py
[2025-06-16T22:16:56.833-0300] {processor.py:829} INFO - Processing file /mnt/c/Users/arcan/Documents/airflow/.venv/lib/python3.10/site-packages/airflow/example_dags/example_trigger_controller_dag.py for tasks to queue
[2025-06-16T22:16:56.835-0300] {logging_mixin.py:154} INFO - [2025-06-16T22:16:56.834-0300] {dagbag.py:536} INFO - Filling up the DagBag from /mnt/c/Users/arcan/Documents/airflow/.venv/lib/python3.10/site-packages/airflow/example_dags/example_trigger_controller_dag.py
[2025-06-16T22:16:56.864-0300] {processor.py:839} INFO - DAG(s) dict_keys(['example_trigger_controller_dag']) retrieved from /mnt/c/Users/arcan/Documents/airflow/.venv/lib/python3.10/site-packages/airflow/example_dags/example_trigger_controller_dag.py
[2025-06-16T22:16:56.906-0300] {logging_mixin.py:154} INFO - [2025-06-16T22:16:56.906-0300] {dag.py:2941} INFO - Sync 1 DAGs
[2025-06-16T22:16:56.941-0300] {logging_mixin.py:154} INFO - [2025-06-16T22:16:56.941-0300] {dag.py:3722} INFO - Setting next_dagrun for example_trigger_controller_dag to 2021-01-01T00:00:00+00:00, run_after=2021-01-01T00:00:00+00:00
[2025-06-16T22:16:57.028-0300] {processor.py:179} INFO - Processing /mnt/c/Users/arcan/Documents/airflow/.venv/lib/python3.10/site-packages/airflow/example_dags/example_trigger_controller_dag.py took 0.201 seconds
[2025-06-16T22:18:14.535-0300] {processor.py:157} INFO - Started process (PID=60143) to work on /mnt/c/Users/arcan/Documents/airflow/.venv/lib/python3.10/site-packages/airflow/example_dags/example_trigger_controller_dag.py
[2025-06-16T22:18:14.537-0300] {processor.py:829} INFO - Processing file /mnt/c/Users/arcan/Documents/airflow/.venv/lib/python3.10/site-packages/airflow/example_dags/example_trigger_controller_dag.py for tasks to queue
[2025-06-16T22:18:14.540-0300] {logging_mixin.py:154} INFO - [2025-06-16T22:18:14.539-0300] {dagbag.py:536} INFO - Filling up the DagBag from /mnt/c/Users/arcan/Documents/airflow/.venv/lib/python3.10/site-packages/airflow/example_dags/example_trigger_controller_dag.py
[2025-06-16T22:18:14.585-0300] {processor.py:839} INFO - DAG(s) dict_keys(['example_trigger_controller_dag']) retrieved from /mnt/c/Users/arcan/Documents/airflow/.venv/lib/python3.10/site-packages/airflow/example_dags/example_trigger_controller_dag.py
[2025-06-16T22:18:14.640-0300] {logging_mixin.py:154} INFO - [2025-06-16T22:18:14.640-0300] {dag.py:2941} INFO - Sync 1 DAGs
[2025-06-16T22:18:14.678-0300] {logging_mixin.py:154} INFO - [2025-06-16T22:18:14.678-0300] {dag.py:3722} INFO - Setting next_dagrun for example_trigger_controller_dag to 2021-01-01T00:00:00+00:00, run_after=2021-01-01T00:00:00+00:00
[2025-06-16T22:18:14.819-0300] {processor.py:179} INFO - Processing /mnt/c/Users/arcan/Documents/airflow/.venv/lib/python3.10/site-packages/airflow/example_dags/example_trigger_controller_dag.py took 0.290 seconds
[2025-06-16T22:19:42.092-0300] {processor.py:157} INFO - Started process (PID=60396) to work on /mnt/c/Users/arcan/Documents/airflow/.venv/lib/python3.10/site-packages/airflow/example_dags/example_trigger_controller_dag.py
[2025-06-16T22:19:42.095-0300] {processor.py:829} INFO - Processing file /mnt/c/Users/arcan/Documents/airflow/.venv/lib/python3.10/site-packages/airflow/example_dags/example_trigger_controller_dag.py for tasks to queue
[2025-06-16T22:19:42.099-0300] {logging_mixin.py:154} INFO - [2025-06-16T22:19:42.097-0300] {dagbag.py:536} INFO - Filling up the DagBag from /mnt/c/Users/arcan/Documents/airflow/.venv/lib/python3.10/site-packages/airflow/example_dags/example_trigger_controller_dag.py
[2025-06-16T22:19:42.148-0300] {processor.py:839} INFO - DAG(s) dict_keys(['example_trigger_controller_dag']) retrieved from /mnt/c/Users/arcan/Documents/airflow/.venv/lib/python3.10/site-packages/airflow/example_dags/example_trigger_controller_dag.py
[2025-06-16T22:19:42.231-0300] {logging_mixin.py:154} INFO - [2025-06-16T22:19:42.231-0300] {dag.py:2941} INFO - Sync 1 DAGs
[2025-06-16T22:19:42.285-0300] {logging_mixin.py:154} INFO - [2025-06-16T22:19:42.285-0300] {dag.py:3722} INFO - Setting next_dagrun for example_trigger_controller_dag to 2021-01-01T00:00:00+00:00, run_after=2021-01-01T00:00:00+00:00
[2025-06-16T22:19:42.418-0300] {processor.py:179} INFO - Processing /mnt/c/Users/arcan/Documents/airflow/.venv/lib/python3.10/site-packages/airflow/example_dags/example_trigger_controller_dag.py took 0.336 seconds
[2025-06-16T22:21:03.715-0300] {processor.py:157} INFO - Started process (PID=60624) to work on /mnt/c/Users/arcan/Documents/airflow/.venv/lib/python3.10/site-packages/airflow/example_dags/example_trigger_controller_dag.py
[2025-06-16T22:21:03.718-0300] {processor.py:829} INFO - Processing file /mnt/c/Users/arcan/Documents/airflow/.venv/lib/python3.10/site-packages/airflow/example_dags/example_trigger_controller_dag.py for tasks to queue
[2025-06-16T22:21:03.721-0300] {logging_mixin.py:154} INFO - [2025-06-16T22:21:03.720-0300] {dagbag.py:536} INFO - Filling up the DagBag from /mnt/c/Users/arcan/Documents/airflow/.venv/lib/python3.10/site-packages/airflow/example_dags/example_trigger_controller_dag.py
[2025-06-16T22:21:03.769-0300] {processor.py:839} INFO - DAG(s) dict_keys(['example_trigger_controller_dag']) retrieved from /mnt/c/Users/arcan/Documents/airflow/.venv/lib/python3.10/site-packages/airflow/example_dags/example_trigger_controller_dag.py
[2025-06-16T22:21:03.838-0300] {logging_mixin.py:154} INFO - [2025-06-16T22:21:03.838-0300] {dag.py:2941} INFO - Sync 1 DAGs
[2025-06-16T22:21:03.893-0300] {logging_mixin.py:154} INFO - [2025-06-16T22:21:03.893-0300] {dag.py:3722} INFO - Setting next_dagrun for example_trigger_controller_dag to 2021-01-01T00:00:00+00:00, run_after=2021-01-01T00:00:00+00:00
[2025-06-16T22:21:04.073-0300] {processor.py:179} INFO - Processing /mnt/c/Users/arcan/Documents/airflow/.venv/lib/python3.10/site-packages/airflow/example_dags/example_trigger_controller_dag.py took 0.364 seconds
[2025-06-16T22:22:25.615-0300] {processor.py:157} INFO - Started process (PID=60859) to work on /mnt/c/Users/arcan/Documents/airflow/.venv/lib/python3.10/site-packages/airflow/example_dags/example_trigger_controller_dag.py
[2025-06-16T22:22:25.618-0300] {processor.py:829} INFO - Processing file /mnt/c/Users/arcan/Documents/airflow/.venv/lib/python3.10/site-packages/airflow/example_dags/example_trigger_controller_dag.py for tasks to queue
[2025-06-16T22:22:25.620-0300] {logging_mixin.py:154} INFO - [2025-06-16T22:22:25.619-0300] {dagbag.py:536} INFO - Filling up the DagBag from /mnt/c/Users/arcan/Documents/airflow/.venv/lib/python3.10/site-packages/airflow/example_dags/example_trigger_controller_dag.py
[2025-06-16T22:22:25.663-0300] {processor.py:839} INFO - DAG(s) dict_keys(['example_trigger_controller_dag']) retrieved from /mnt/c/Users/arcan/Documents/airflow/.venv/lib/python3.10/site-packages/airflow/example_dags/example_trigger_controller_dag.py
[2025-06-16T22:22:25.718-0300] {logging_mixin.py:154} INFO - [2025-06-16T22:22:25.718-0300] {dag.py:2941} INFO - Sync 1 DAGs
[2025-06-16T22:22:25.770-0300] {logging_mixin.py:154} INFO - [2025-06-16T22:22:25.769-0300] {dag.py:3722} INFO - Setting next_dagrun for example_trigger_controller_dag to 2021-01-01T00:00:00+00:00, run_after=2021-01-01T00:00:00+00:00
[2025-06-16T22:22:25.919-0300] {processor.py:179} INFO - Processing /mnt/c/Users/arcan/Documents/airflow/.venv/lib/python3.10/site-packages/airflow/example_dags/example_trigger_controller_dag.py took 0.310 seconds
[2025-06-16T22:23:49.106-0300] {processor.py:157} INFO - Started process (PID=61100) to work on /mnt/c/Users/arcan/Documents/airflow/.venv/lib/python3.10/site-packages/airflow/example_dags/example_trigger_controller_dag.py
[2025-06-16T22:23:49.108-0300] {processor.py:829} INFO - Processing file /mnt/c/Users/arcan/Documents/airflow/.venv/lib/python3.10/site-packages/airflow/example_dags/example_trigger_controller_dag.py for tasks to queue
[2025-06-16T22:23:49.111-0300] {logging_mixin.py:154} INFO - [2025-06-16T22:23:49.109-0300] {dagbag.py:536} INFO - Filling up the DagBag from /mnt/c/Users/arcan/Documents/airflow/.venv/lib/python3.10/site-packages/airflow/example_dags/example_trigger_controller_dag.py
[2025-06-16T22:23:49.159-0300] {processor.py:839} INFO - DAG(s) dict_keys(['example_trigger_controller_dag']) retrieved from /mnt/c/Users/arcan/Documents/airflow/.venv/lib/python3.10/site-packages/airflow/example_dags/example_trigger_controller_dag.py
[2025-06-16T22:23:49.221-0300] {logging_mixin.py:154} INFO - [2025-06-16T22:23:49.221-0300] {dag.py:2941} INFO - Sync 1 DAGs
[2025-06-16T22:23:49.272-0300] {logging_mixin.py:154} INFO - [2025-06-16T22:23:49.272-0300] {dag.py:3722} INFO - Setting next_dagrun for example_trigger_controller_dag to 2021-01-01T00:00:00+00:00, run_after=2021-01-01T00:00:00+00:00
[2025-06-16T22:23:49.518-0300] {processor.py:179} INFO - Processing /mnt/c/Users/arcan/Documents/airflow/.venv/lib/python3.10/site-packages/airflow/example_dags/example_trigger_controller_dag.py took 0.419 seconds
[2025-06-16T22:25:08.698-0300] {processor.py:157} INFO - Started process (PID=61454) to work on /mnt/c/Users/arcan/Documents/airflow/.venv/lib/python3.10/site-packages/airflow/example_dags/example_trigger_controller_dag.py
[2025-06-16T22:25:08.701-0300] {processor.py:829} INFO - Processing file /mnt/c/Users/arcan/Documents/airflow/.venv/lib/python3.10/site-packages/airflow/example_dags/example_trigger_controller_dag.py for tasks to queue
[2025-06-16T22:25:08.704-0300] {logging_mixin.py:154} INFO - [2025-06-16T22:25:08.703-0300] {dagbag.py:536} INFO - Filling up the DagBag from /mnt/c/Users/arcan/Documents/airflow/.venv/lib/python3.10/site-packages/airflow/example_dags/example_trigger_controller_dag.py
[2025-06-16T22:25:08.754-0300] {processor.py:839} INFO - DAG(s) dict_keys(['example_trigger_controller_dag']) retrieved from /mnt/c/Users/arcan/Documents/airflow/.venv/lib/python3.10/site-packages/airflow/example_dags/example_trigger_controller_dag.py
[2025-06-16T22:25:08.814-0300] {logging_mixin.py:154} INFO - [2025-06-16T22:25:08.814-0300] {dag.py:2941} INFO - Sync 1 DAGs
[2025-06-16T22:25:08.857-0300] {logging_mixin.py:154} INFO - [2025-06-16T22:25:08.856-0300] {dag.py:3722} INFO - Setting next_dagrun for example_trigger_controller_dag to 2021-01-01T00:00:00+00:00, run_after=2021-01-01T00:00:00+00:00
[2025-06-16T22:25:08.985-0300] {processor.py:179} INFO - Processing /mnt/c/Users/arcan/Documents/airflow/.venv/lib/python3.10/site-packages/airflow/example_dags/example_trigger_controller_dag.py took 0.294 seconds
[2025-06-16T22:26:29.785-0300] {processor.py:157} INFO - Started process (PID=61680) to work on /mnt/c/Users/arcan/Documents/airflow/.venv/lib/python3.10/site-packages/airflow/example_dags/example_trigger_controller_dag.py
[2025-06-16T22:26:29.788-0300] {processor.py:829} INFO - Processing file /mnt/c/Users/arcan/Documents/airflow/.venv/lib/python3.10/site-packages/airflow/example_dags/example_trigger_controller_dag.py for tasks to queue
[2025-06-16T22:26:29.790-0300] {logging_mixin.py:154} INFO - [2025-06-16T22:26:29.789-0300] {dagbag.py:536} INFO - Filling up the DagBag from /mnt/c/Users/arcan/Documents/airflow/.venv/lib/python3.10/site-packages/airflow/example_dags/example_trigger_controller_dag.py
[2025-06-16T22:26:29.835-0300] {processor.py:839} INFO - DAG(s) dict_keys(['example_trigger_controller_dag']) retrieved from /mnt/c/Users/arcan/Documents/airflow/.venv/lib/python3.10/site-packages/airflow/example_dags/example_trigger_controller_dag.py
[2025-06-16T22:26:29.895-0300] {logging_mixin.py:154} INFO - [2025-06-16T22:26:29.895-0300] {dag.py:2941} INFO - Sync 1 DAGs
[2025-06-16T22:26:29.935-0300] {logging_mixin.py:154} INFO - [2025-06-16T22:26:29.935-0300] {dag.py:3722} INFO - Setting next_dagrun for example_trigger_controller_dag to 2021-01-01T00:00:00+00:00, run_after=2021-01-01T00:00:00+00:00
[2025-06-16T22:26:30.080-0300] {processor.py:179} INFO - Processing /mnt/c/Users/arcan/Documents/airflow/.venv/lib/python3.10/site-packages/airflow/example_dags/example_trigger_controller_dag.py took 0.301 seconds
[2025-06-16T22:27:45.323-0300] {processor.py:157} INFO - Started process (PID=61901) to work on /mnt/c/Users/arcan/Documents/airflow/.venv/lib/python3.10/site-packages/airflow/example_dags/example_trigger_controller_dag.py
[2025-06-16T22:27:45.326-0300] {processor.py:829} INFO - Processing file /mnt/c/Users/arcan/Documents/airflow/.venv/lib/python3.10/site-packages/airflow/example_dags/example_trigger_controller_dag.py for tasks to queue
[2025-06-16T22:27:45.329-0300] {logging_mixin.py:154} INFO - [2025-06-16T22:27:45.328-0300] {dagbag.py:536} INFO - Filling up the DagBag from /mnt/c/Users/arcan/Documents/airflow/.venv/lib/python3.10/site-packages/airflow/example_dags/example_trigger_controller_dag.py
[2025-06-16T22:27:45.376-0300] {processor.py:839} INFO - DAG(s) dict_keys(['example_trigger_controller_dag']) retrieved from /mnt/c/Users/arcan/Documents/airflow/.venv/lib/python3.10/site-packages/airflow/example_dags/example_trigger_controller_dag.py
[2025-06-16T22:27:45.436-0300] {logging_mixin.py:154} INFO - [2025-06-16T22:27:45.436-0300] {dag.py:2941} INFO - Sync 1 DAGs
[2025-06-16T22:27:45.481-0300] {logging_mixin.py:154} INFO - [2025-06-16T22:27:45.480-0300] {dag.py:3722} INFO - Setting next_dagrun for example_trigger_controller_dag to 2021-01-01T00:00:00+00:00, run_after=2021-01-01T00:00:00+00:00
[2025-06-16T22:27:45.632-0300] {processor.py:179} INFO - Processing /mnt/c/Users/arcan/Documents/airflow/.venv/lib/python3.10/site-packages/airflow/example_dags/example_trigger_controller_dag.py took 0.317 seconds
[2025-06-16T22:29:03.223-0300] {processor.py:157} INFO - Started process (PID=62123) to work on /mnt/c/Users/arcan/Documents/airflow/.venv/lib/python3.10/site-packages/airflow/example_dags/example_trigger_controller_dag.py
[2025-06-16T22:29:03.227-0300] {processor.py:829} INFO - Processing file /mnt/c/Users/arcan/Documents/airflow/.venv/lib/python3.10/site-packages/airflow/example_dags/example_trigger_controller_dag.py for tasks to queue
[2025-06-16T22:29:03.229-0300] {logging_mixin.py:154} INFO - [2025-06-16T22:29:03.228-0300] {dagbag.py:536} INFO - Filling up the DagBag from /mnt/c/Users/arcan/Documents/airflow/.venv/lib/python3.10/site-packages/airflow/example_dags/example_trigger_controller_dag.py
[2025-06-16T22:29:03.274-0300] {processor.py:839} INFO - DAG(s) dict_keys(['example_trigger_controller_dag']) retrieved from /mnt/c/Users/arcan/Documents/airflow/.venv/lib/python3.10/site-packages/airflow/example_dags/example_trigger_controller_dag.py
[2025-06-16T22:29:03.335-0300] {logging_mixin.py:154} INFO - [2025-06-16T22:29:03.334-0300] {dag.py:2941} INFO - Sync 1 DAGs
[2025-06-16T22:29:03.380-0300] {logging_mixin.py:154} INFO - [2025-06-16T22:29:03.380-0300] {dag.py:3722} INFO - Setting next_dagrun for example_trigger_controller_dag to 2021-01-01T00:00:00+00:00, run_after=2021-01-01T00:00:00+00:00
[2025-06-16T22:29:03.520-0300] {processor.py:179} INFO - Processing /mnt/c/Users/arcan/Documents/airflow/.venv/lib/python3.10/site-packages/airflow/example_dags/example_trigger_controller_dag.py took 0.303 seconds
[2025-06-16T22:30:21.704-0300] {processor.py:157} INFO - Started process (PID=62350) to work on /mnt/c/Users/arcan/Documents/airflow/.venv/lib/python3.10/site-packages/airflow/example_dags/example_trigger_controller_dag.py
[2025-06-16T22:30:21.706-0300] {processor.py:829} INFO - Processing file /mnt/c/Users/arcan/Documents/airflow/.venv/lib/python3.10/site-packages/airflow/example_dags/example_trigger_controller_dag.py for tasks to queue
[2025-06-16T22:30:21.709-0300] {logging_mixin.py:154} INFO - [2025-06-16T22:30:21.708-0300] {dagbag.py:536} INFO - Filling up the DagBag from /mnt/c/Users/arcan/Documents/airflow/.venv/lib/python3.10/site-packages/airflow/example_dags/example_trigger_controller_dag.py
[2025-06-16T22:30:21.749-0300] {processor.py:839} INFO - DAG(s) dict_keys(['example_trigger_controller_dag']) retrieved from /mnt/c/Users/arcan/Documents/airflow/.venv/lib/python3.10/site-packages/airflow/example_dags/example_trigger_controller_dag.py
[2025-06-16T22:30:21.801-0300] {logging_mixin.py:154} INFO - [2025-06-16T22:30:21.801-0300] {dag.py:2941} INFO - Sync 1 DAGs
[2025-06-16T22:30:21.846-0300] {logging_mixin.py:154} INFO - [2025-06-16T22:30:21.846-0300] {dag.py:3722} INFO - Setting next_dagrun for example_trigger_controller_dag to 2021-01-01T00:00:00+00:00, run_after=2021-01-01T00:00:00+00:00
[2025-06-16T22:30:21.981-0300] {processor.py:179} INFO - Processing /mnt/c/Users/arcan/Documents/airflow/.venv/lib/python3.10/site-packages/airflow/example_dags/example_trigger_controller_dag.py took 0.284 seconds
[2025-06-16T22:31:38.644-0300] {processor.py:157} INFO - Started process (PID=62569) to work on /mnt/c/Users/arcan/Documents/airflow/.venv/lib/python3.10/site-packages/airflow/example_dags/example_trigger_controller_dag.py
[2025-06-16T22:31:38.646-0300] {processor.py:829} INFO - Processing file /mnt/c/Users/arcan/Documents/airflow/.venv/lib/python3.10/site-packages/airflow/example_dags/example_trigger_controller_dag.py for tasks to queue
[2025-06-16T22:31:38.649-0300] {logging_mixin.py:154} INFO - [2025-06-16T22:31:38.648-0300] {dagbag.py:536} INFO - Filling up the DagBag from /mnt/c/Users/arcan/Documents/airflow/.venv/lib/python3.10/site-packages/airflow/example_dags/example_trigger_controller_dag.py
[2025-06-16T22:31:38.693-0300] {processor.py:839} INFO - DAG(s) dict_keys(['example_trigger_controller_dag']) retrieved from /mnt/c/Users/arcan/Documents/airflow/.venv/lib/python3.10/site-packages/airflow/example_dags/example_trigger_controller_dag.py
[2025-06-16T22:31:38.743-0300] {logging_mixin.py:154} INFO - [2025-06-16T22:31:38.742-0300] {dag.py:2941} INFO - Sync 1 DAGs
[2025-06-16T22:31:38.786-0300] {logging_mixin.py:154} INFO - [2025-06-16T22:31:38.785-0300] {dag.py:3722} INFO - Setting next_dagrun for example_trigger_controller_dag to 2021-01-01T00:00:00+00:00, run_after=2021-01-01T00:00:00+00:00
[2025-06-16T22:31:38.902-0300] {processor.py:179} INFO - Processing /mnt/c/Users/arcan/Documents/airflow/.venv/lib/python3.10/site-packages/airflow/example_dags/example_trigger_controller_dag.py took 0.266 seconds
[2025-06-16T22:32:40.429-0300] {processor.py:157} INFO - Started process (PID=62826) to work on /mnt/c/Users/arcan/Documents/airflow/.venv/lib/python3.10/site-packages/airflow/example_dags/example_trigger_controller_dag.py
[2025-06-16T22:32:40.431-0300] {processor.py:829} INFO - Processing file /mnt/c/Users/arcan/Documents/airflow/.venv/lib/python3.10/site-packages/airflow/example_dags/example_trigger_controller_dag.py for tasks to queue
[2025-06-16T22:32:40.433-0300] {logging_mixin.py:154} INFO - [2025-06-16T22:32:40.432-0300] {dagbag.py:536} INFO - Filling up the DagBag from /mnt/c/Users/arcan/Documents/airflow/.venv/lib/python3.10/site-packages/airflow/example_dags/example_trigger_controller_dag.py
[2025-06-16T22:32:40.476-0300] {processor.py:839} INFO - DAG(s) dict_keys(['example_trigger_controller_dag']) retrieved from /mnt/c/Users/arcan/Documents/airflow/.venv/lib/python3.10/site-packages/airflow/example_dags/example_trigger_controller_dag.py
[2025-06-16T22:32:40.533-0300] {logging_mixin.py:154} INFO - [2025-06-16T22:32:40.533-0300] {dag.py:2941} INFO - Sync 1 DAGs
[2025-06-16T22:32:40.577-0300] {logging_mixin.py:154} INFO - [2025-06-16T22:32:40.577-0300] {dag.py:3722} INFO - Setting next_dagrun for example_trigger_controller_dag to 2021-01-01T00:00:00+00:00, run_after=2021-01-01T00:00:00+00:00
[2025-06-16T22:32:40.719-0300] {processor.py:179} INFO - Processing /mnt/c/Users/arcan/Documents/airflow/.venv/lib/python3.10/site-packages/airflow/example_dags/example_trigger_controller_dag.py took 0.296 seconds
[2025-06-17T20:50:29.245-0300] {processor.py:157} INFO - Started process (PID=63646) to work on /mnt/c/Users/arcan/Documents/airflow/.venv/lib/python3.10/site-packages/airflow/example_dags/example_trigger_controller_dag.py
[2025-06-17T20:50:29.275-0300] {processor.py:829} INFO - Processing file /mnt/c/Users/arcan/Documents/airflow/.venv/lib/python3.10/site-packages/airflow/example_dags/example_trigger_controller_dag.py for tasks to queue
[2025-06-17T20:50:29.278-0300] {logging_mixin.py:154} INFO - [2025-06-17T20:50:29.277-0300] {dagbag.py:536} INFO - Filling up the DagBag from /mnt/c/Users/arcan/Documents/airflow/.venv/lib/python3.10/site-packages/airflow/example_dags/example_trigger_controller_dag.py
[2025-06-17T20:50:29.324-0300] {processor.py:839} INFO - DAG(s) dict_keys(['example_trigger_controller_dag']) retrieved from /mnt/c/Users/arcan/Documents/airflow/.venv/lib/python3.10/site-packages/airflow/example_dags/example_trigger_controller_dag.py
[2025-06-17T20:50:29.415-0300] {logging_mixin.py:154} INFO - [2025-06-17T20:50:29.414-0300] {dag.py:2941} INFO - Sync 1 DAGs
[2025-06-17T20:50:29.457-0300] {logging_mixin.py:154} INFO - [2025-06-17T20:50:29.457-0300] {dag.py:3722} INFO - Setting next_dagrun for example_trigger_controller_dag to 2021-01-01T00:00:00+00:00, run_after=2021-01-01T00:00:00+00:00
[2025-06-17T20:50:29.643-0300] {processor.py:179} INFO - Processing /mnt/c/Users/arcan/Documents/airflow/.venv/lib/python3.10/site-packages/airflow/example_dags/example_trigger_controller_dag.py took 0.405 seconds
[2025-06-17T20:51:45.065-0300] {processor.py:157} INFO - Started process (PID=63756) to work on /mnt/c/Users/arcan/Documents/airflow/.venv/lib/python3.10/site-packages/airflow/example_dags/example_trigger_controller_dag.py
[2025-06-17T20:51:45.067-0300] {processor.py:829} INFO - Processing file /mnt/c/Users/arcan/Documents/airflow/.venv/lib/python3.10/site-packages/airflow/example_dags/example_trigger_controller_dag.py for tasks to queue
[2025-06-17T20:51:45.069-0300] {logging_mixin.py:154} INFO - [2025-06-17T20:51:45.068-0300] {dagbag.py:536} INFO - Filling up the DagBag from /mnt/c/Users/arcan/Documents/airflow/.venv/lib/python3.10/site-packages/airflow/example_dags/example_trigger_controller_dag.py
[2025-06-17T20:51:45.117-0300] {processor.py:839} INFO - DAG(s) dict_keys(['example_trigger_controller_dag']) retrieved from /mnt/c/Users/arcan/Documents/airflow/.venv/lib/python3.10/site-packages/airflow/example_dags/example_trigger_controller_dag.py
[2025-06-17T20:51:45.179-0300] {logging_mixin.py:154} INFO - [2025-06-17T20:51:45.178-0300] {dag.py:2941} INFO - Sync 1 DAGs
[2025-06-17T20:51:45.222-0300] {logging_mixin.py:154} INFO - [2025-06-17T20:51:45.222-0300] {dag.py:3722} INFO - Setting next_dagrun for example_trigger_controller_dag to 2021-01-01T00:00:00+00:00, run_after=2021-01-01T00:00:00+00:00
[2025-06-17T20:51:45.357-0300] {processor.py:179} INFO - Processing /mnt/c/Users/arcan/Documents/airflow/.venv/lib/python3.10/site-packages/airflow/example_dags/example_trigger_controller_dag.py took 0.299 seconds
[2025-06-17T20:53:06.648-0300] {processor.py:157} INFO - Started process (PID=63988) to work on /mnt/c/Users/arcan/Documents/airflow/.venv/lib/python3.10/site-packages/airflow/example_dags/example_trigger_controller_dag.py
[2025-06-17T20:53:06.650-0300] {processor.py:829} INFO - Processing file /mnt/c/Users/arcan/Documents/airflow/.venv/lib/python3.10/site-packages/airflow/example_dags/example_trigger_controller_dag.py for tasks to queue
[2025-06-17T20:53:06.652-0300] {logging_mixin.py:154} INFO - [2025-06-17T20:53:06.651-0300] {dagbag.py:536} INFO - Filling up the DagBag from /mnt/c/Users/arcan/Documents/airflow/.venv/lib/python3.10/site-packages/airflow/example_dags/example_trigger_controller_dag.py
[2025-06-17T20:53:06.685-0300] {processor.py:839} INFO - DAG(s) dict_keys(['example_trigger_controller_dag']) retrieved from /mnt/c/Users/arcan/Documents/airflow/.venv/lib/python3.10/site-packages/airflow/example_dags/example_trigger_controller_dag.py
[2025-06-17T20:53:06.744-0300] {logging_mixin.py:154} INFO - [2025-06-17T20:53:06.743-0300] {dag.py:2941} INFO - Sync 1 DAGs
[2025-06-17T20:53:06.789-0300] {logging_mixin.py:154} INFO - [2025-06-17T20:53:06.788-0300] {dag.py:3722} INFO - Setting next_dagrun for example_trigger_controller_dag to 2021-01-01T00:00:00+00:00, run_after=2021-01-01T00:00:00+00:00
[2025-06-17T20:53:06.917-0300] {processor.py:179} INFO - Processing /mnt/c/Users/arcan/Documents/airflow/.venv/lib/python3.10/site-packages/airflow/example_dags/example_trigger_controller_dag.py took 0.275 seconds
[2025-06-17T20:54:20.995-0300] {processor.py:157} INFO - Started process (PID=64323) to work on /mnt/c/Users/arcan/Documents/airflow/.venv/lib/python3.10/site-packages/airflow/example_dags/example_trigger_controller_dag.py
[2025-06-17T20:54:20.996-0300] {processor.py:829} INFO - Processing file /mnt/c/Users/arcan/Documents/airflow/.venv/lib/python3.10/site-packages/airflow/example_dags/example_trigger_controller_dag.py for tasks to queue
[2025-06-17T20:54:20.998-0300] {logging_mixin.py:154} INFO - [2025-06-17T20:54:20.998-0300] {dagbag.py:536} INFO - Filling up the DagBag from /mnt/c/Users/arcan/Documents/airflow/.venv/lib/python3.10/site-packages/airflow/example_dags/example_trigger_controller_dag.py
[2025-06-17T20:54:21.032-0300] {processor.py:839} INFO - DAG(s) dict_keys(['example_trigger_controller_dag']) retrieved from /mnt/c/Users/arcan/Documents/airflow/.venv/lib/python3.10/site-packages/airflow/example_dags/example_trigger_controller_dag.py
[2025-06-17T20:54:21.078-0300] {logging_mixin.py:154} INFO - [2025-06-17T20:54:21.078-0300] {dag.py:2941} INFO - Sync 1 DAGs
[2025-06-17T20:54:21.115-0300] {logging_mixin.py:154} INFO - [2025-06-17T20:54:21.115-0300] {dag.py:3722} INFO - Setting next_dagrun for example_trigger_controller_dag to 2021-01-01T00:00:00+00:00, run_after=2021-01-01T00:00:00+00:00
[2025-06-17T20:54:21.227-0300] {processor.py:179} INFO - Processing /mnt/c/Users/arcan/Documents/airflow/.venv/lib/python3.10/site-packages/airflow/example_dags/example_trigger_controller_dag.py took 0.238 seconds
[2025-06-17T20:55:30.675-0300] {processor.py:157} INFO - Started process (PID=64525) to work on /mnt/c/Users/arcan/Documents/airflow/.venv/lib/python3.10/site-packages/airflow/example_dags/example_trigger_controller_dag.py
[2025-06-17T20:55:30.677-0300] {processor.py:829} INFO - Processing file /mnt/c/Users/arcan/Documents/airflow/.venv/lib/python3.10/site-packages/airflow/example_dags/example_trigger_controller_dag.py for tasks to queue
[2025-06-17T20:55:30.678-0300] {logging_mixin.py:154} INFO - [2025-06-17T20:55:30.678-0300] {dagbag.py:536} INFO - Filling up the DagBag from /mnt/c/Users/arcan/Documents/airflow/.venv/lib/python3.10/site-packages/airflow/example_dags/example_trigger_controller_dag.py
[2025-06-17T20:55:30.706-0300] {processor.py:839} INFO - DAG(s) dict_keys(['example_trigger_controller_dag']) retrieved from /mnt/c/Users/arcan/Documents/airflow/.venv/lib/python3.10/site-packages/airflow/example_dags/example_trigger_controller_dag.py
[2025-06-17T20:55:30.747-0300] {logging_mixin.py:154} INFO - [2025-06-17T20:55:30.747-0300] {dag.py:2941} INFO - Sync 1 DAGs
[2025-06-17T20:55:30.775-0300] {logging_mixin.py:154} INFO - [2025-06-17T20:55:30.775-0300] {dag.py:3722} INFO - Setting next_dagrun for example_trigger_controller_dag to 2021-01-01T00:00:00+00:00, run_after=2021-01-01T00:00:00+00:00
[2025-06-17T20:55:30.886-0300] {processor.py:179} INFO - Processing /mnt/c/Users/arcan/Documents/airflow/.venv/lib/python3.10/site-packages/airflow/example_dags/example_trigger_controller_dag.py took 0.216 seconds
