[2025-06-16T22:04:01.629-0300] {processor.py:157} INFO - Started process (PID=57320) to work on /mnt/c/Users/arcan/Documents/airflow/.venv/lib/python3.10/site-packages/airflow/example_dags/example_latest_only.py
[2025-06-16T22:04:01.632-0300] {processor.py:829} INFO - Processing file /mnt/c/Users/arcan/Documents/airflow/.venv/lib/python3.10/site-packages/airflow/example_dags/example_latest_only.py for tasks to queue
[2025-06-16T22:04:01.635-0300] {logging_mixin.py:154} INFO - [2025-06-16T22:04:01.634-0300] {dagbag.py:536} INFO - Filling up the DagBag from /mnt/c/Users/arcan/Documents/airflow/.venv/lib/python3.10/site-packages/airflow/example_dags/example_latest_only.py
[2025-06-16T22:04:01.675-0300] {processor.py:839} INFO - DAG(s) dict_keys(['latest_only']) retrieved from /mnt/c/Users/arcan/Documents/airflow/.venv/lib/python3.10/site-packages/airflow/example_dags/example_latest_only.py
[2025-06-16T22:04:01.717-0300] {logging_mixin.py:154} INFO - [2025-06-16T22:04:01.716-0300] {dag.py:2941} INFO - Sync 1 DAGs
[2025-06-16T22:04:01.760-0300] {logging_mixin.py:154} INFO - [2025-06-16T22:04:01.759-0300] {dag.py:3722} INFO - Setting next_dagrun for latest_only to 2025-06-16T21:04:01.759538+00:00, run_after=2025-06-17T01:04:01.759538+00:00
[2025-06-16T22:04:01.872-0300] {processor.py:179} INFO - Processing /mnt/c/Users/arcan/Documents/airflow/.venv/lib/python3.10/site-packages/airflow/example_dags/example_latest_only.py took 0.251 seconds
[2025-06-16T22:05:13.191-0300] {processor.py:157} INFO - Started process (PID=57565) to work on /mnt/c/Users/arcan/Documents/airflow/.venv/lib/python3.10/site-packages/airflow/example_dags/example_latest_only.py
[2025-06-16T22:05:13.194-0300] {processor.py:829} INFO - Processing file /mnt/c/Users/arcan/Documents/airflow/.venv/lib/python3.10/site-packages/airflow/example_dags/example_latest_only.py for tasks to queue
[2025-06-16T22:05:13.196-0300] {logging_mixin.py:154} INFO - [2025-06-16T22:05:13.195-0300] {dagbag.py:536} INFO - Filling up the DagBag from /mnt/c/Users/arcan/Documents/airflow/.venv/lib/python3.10/site-packages/airflow/example_dags/example_latest_only.py
[2025-06-16T22:05:13.252-0300] {processor.py:839} INFO - DAG(s) dict_keys(['latest_only']) retrieved from /mnt/c/Users/arcan/Documents/airflow/.venv/lib/python3.10/site-packages/airflow/example_dags/example_latest_only.py
[2025-06-16T22:05:13.319-0300] {logging_mixin.py:154} INFO - [2025-06-16T22:05:13.319-0300] {dag.py:2941} INFO - Sync 1 DAGs
[2025-06-16T22:05:13.367-0300] {logging_mixin.py:154} INFO - [2025-06-16T22:05:13.367-0300] {dag.py:3722} INFO - Setting next_dagrun for latest_only to 2025-06-16T21:05:13.366771+00:00, run_after=2025-06-17T01:05:13.366771+00:00
[2025-06-16T22:05:13.503-0300] {processor.py:179} INFO - Processing /mnt/c/Users/arcan/Documents/airflow/.venv/lib/python3.10/site-packages/airflow/example_dags/example_latest_only.py took 0.318 seconds
[2025-06-16T22:06:25.953-0300] {processor.py:157} INFO - Started process (PID=57781) to work on /mnt/c/Users/arcan/Documents/airflow/.venv/lib/python3.10/site-packages/airflow/example_dags/example_latest_only.py
[2025-06-16T22:06:25.956-0300] {processor.py:829} INFO - Processing file /mnt/c/Users/arcan/Documents/airflow/.venv/lib/python3.10/site-packages/airflow/example_dags/example_latest_only.py for tasks to queue
[2025-06-16T22:06:25.959-0300] {logging_mixin.py:154} INFO - [2025-06-16T22:06:25.958-0300] {dagbag.py:536} INFO - Filling up the DagBag from /mnt/c/Users/arcan/Documents/airflow/.venv/lib/python3.10/site-packages/airflow/example_dags/example_latest_only.py
[2025-06-16T22:06:26.010-0300] {processor.py:839} INFO - DAG(s) dict_keys(['latest_only']) retrieved from /mnt/c/Users/arcan/Documents/airflow/.venv/lib/python3.10/site-packages/airflow/example_dags/example_latest_only.py
[2025-06-16T22:06:26.067-0300] {logging_mixin.py:154} INFO - [2025-06-16T22:06:26.067-0300] {dag.py:2941} INFO - Sync 1 DAGs
[2025-06-16T22:06:26.112-0300] {logging_mixin.py:154} INFO - [2025-06-16T22:06:26.112-0300] {dag.py:3722} INFO - Setting next_dagrun for latest_only to 2025-06-16T21:06:26.112181+00:00, run_after=2025-06-17T01:06:26.112181+00:00
[2025-06-16T22:06:26.239-0300] {processor.py:179} INFO - Processing /mnt/c/Users/arcan/Documents/airflow/.venv/lib/python3.10/site-packages/airflow/example_dags/example_latest_only.py took 0.294 seconds
[2025-06-16T22:07:37.589-0300] {processor.py:157} INFO - Started process (PID=57992) to work on /mnt/c/Users/arcan/Documents/airflow/.venv/lib/python3.10/site-packages/airflow/example_dags/example_latest_only.py
[2025-06-16T22:07:37.591-0300] {processor.py:829} INFO - Processing file /mnt/c/Users/arcan/Documents/airflow/.venv/lib/python3.10/site-packages/airflow/example_dags/example_latest_only.py for tasks to queue
[2025-06-16T22:07:37.593-0300] {logging_mixin.py:154} INFO - [2025-06-16T22:07:37.592-0300] {dagbag.py:536} INFO - Filling up the DagBag from /mnt/c/Users/arcan/Documents/airflow/.venv/lib/python3.10/site-packages/airflow/example_dags/example_latest_only.py
[2025-06-16T22:07:37.633-0300] {processor.py:839} INFO - DAG(s) dict_keys(['latest_only']) retrieved from /mnt/c/Users/arcan/Documents/airflow/.venv/lib/python3.10/site-packages/airflow/example_dags/example_latest_only.py
[2025-06-16T22:07:37.679-0300] {logging_mixin.py:154} INFO - [2025-06-16T22:07:37.678-0300] {dag.py:2941} INFO - Sync 1 DAGs
[2025-06-16T22:07:37.714-0300] {logging_mixin.py:154} INFO - [2025-06-16T22:07:37.714-0300] {dag.py:3722} INFO - Setting next_dagrun for latest_only to 2025-06-16T21:07:37.713754+00:00, run_after=2025-06-17T01:07:37.713754+00:00
[2025-06-16T22:07:37.822-0300] {processor.py:179} INFO - Processing /mnt/c/Users/arcan/Documents/airflow/.venv/lib/python3.10/site-packages/airflow/example_dags/example_latest_only.py took 0.239 seconds
[2025-06-16T22:08:51.844-0300] {processor.py:157} INFO - Started process (PID=58332) to work on /mnt/c/Users/arcan/Documents/airflow/.venv/lib/python3.10/site-packages/airflow/example_dags/example_latest_only.py
[2025-06-16T22:08:51.847-0300] {processor.py:829} INFO - Processing file /mnt/c/Users/arcan/Documents/airflow/.venv/lib/python3.10/site-packages/airflow/example_dags/example_latest_only.py for tasks to queue
[2025-06-16T22:08:51.848-0300] {logging_mixin.py:154} INFO - [2025-06-16T22:08:51.848-0300] {dagbag.py:536} INFO - Filling up the DagBag from /mnt/c/Users/arcan/Documents/airflow/.venv/lib/python3.10/site-packages/airflow/example_dags/example_latest_only.py
[2025-06-16T22:08:51.883-0300] {processor.py:839} INFO - DAG(s) dict_keys(['latest_only']) retrieved from /mnt/c/Users/arcan/Documents/airflow/.venv/lib/python3.10/site-packages/airflow/example_dags/example_latest_only.py
[2025-06-16T22:08:51.926-0300] {logging_mixin.py:154} INFO - [2025-06-16T22:08:51.925-0300] {dag.py:2941} INFO - Sync 1 DAGs
[2025-06-16T22:08:51.955-0300] {logging_mixin.py:154} INFO - [2025-06-16T22:08:51.954-0300] {dag.py:3722} INFO - Setting next_dagrun for latest_only to 2025-06-16T21:08:51.954587+00:00, run_after=2025-06-17T01:08:51.954587+00:00
[2025-06-16T22:08:52.043-0300] {processor.py:179} INFO - Processing /mnt/c/Users/arcan/Documents/airflow/.venv/lib/python3.10/site-packages/airflow/example_dags/example_latest_only.py took 0.205 seconds
[2025-06-16T22:09:57.041-0300] {processor.py:157} INFO - Started process (PID=58528) to work on /mnt/c/Users/arcan/Documents/airflow/.venv/lib/python3.10/site-packages/airflow/example_dags/example_latest_only.py
[2025-06-16T22:09:57.042-0300] {processor.py:829} INFO - Processing file /mnt/c/Users/arcan/Documents/airflow/.venv/lib/python3.10/site-packages/airflow/example_dags/example_latest_only.py for tasks to queue
[2025-06-16T22:09:57.045-0300] {logging_mixin.py:154} INFO - [2025-06-16T22:09:57.044-0300] {dagbag.py:536} INFO - Filling up the DagBag from /mnt/c/Users/arcan/Documents/airflow/.venv/lib/python3.10/site-packages/airflow/example_dags/example_latest_only.py
[2025-06-16T22:09:57.075-0300] {processor.py:839} INFO - DAG(s) dict_keys(['latest_only']) retrieved from /mnt/c/Users/arcan/Documents/airflow/.venv/lib/python3.10/site-packages/airflow/example_dags/example_latest_only.py
[2025-06-16T22:09:57.112-0300] {logging_mixin.py:154} INFO - [2025-06-16T22:09:57.112-0300] {dag.py:2941} INFO - Sync 1 DAGs
[2025-06-16T22:09:57.139-0300] {logging_mixin.py:154} INFO - [2025-06-16T22:09:57.139-0300] {dag.py:3722} INFO - Setting next_dagrun for latest_only to 2025-06-16T21:09:57.139077+00:00, run_after=2025-06-17T01:09:57.139077+00:00
[2025-06-16T22:09:57.224-0300] {processor.py:179} INFO - Processing /mnt/c/Users/arcan/Documents/airflow/.venv/lib/python3.10/site-packages/airflow/example_dags/example_latest_only.py took 0.189 seconds
[2025-06-16T22:11:01.721-0300] {processor.py:157} INFO - Started process (PID=58725) to work on /mnt/c/Users/arcan/Documents/airflow/.venv/lib/python3.10/site-packages/airflow/example_dags/example_latest_only.py
[2025-06-16T22:11:01.723-0300] {processor.py:829} INFO - Processing file /mnt/c/Users/arcan/Documents/airflow/.venv/lib/python3.10/site-packages/airflow/example_dags/example_latest_only.py for tasks to queue
[2025-06-16T22:11:01.725-0300] {logging_mixin.py:154} INFO - [2025-06-16T22:11:01.724-0300] {dagbag.py:536} INFO - Filling up the DagBag from /mnt/c/Users/arcan/Documents/airflow/.venv/lib/python3.10/site-packages/airflow/example_dags/example_latest_only.py
[2025-06-16T22:11:01.757-0300] {processor.py:839} INFO - DAG(s) dict_keys(['latest_only']) retrieved from /mnt/c/Users/arcan/Documents/airflow/.venv/lib/python3.10/site-packages/airflow/example_dags/example_latest_only.py
[2025-06-16T22:11:01.793-0300] {logging_mixin.py:154} INFO - [2025-06-16T22:11:01.792-0300] {dag.py:2941} INFO - Sync 1 DAGs
[2025-06-16T22:11:01.824-0300] {logging_mixin.py:154} INFO - [2025-06-16T22:11:01.824-0300] {dag.py:3722} INFO - Setting next_dagrun for latest_only to 2025-06-16T21:11:01.823784+00:00, run_after=2025-06-17T01:11:01.823784+00:00
[2025-06-16T22:11:01.932-0300] {processor.py:179} INFO - Processing /mnt/c/Users/arcan/Documents/airflow/.venv/lib/python3.10/site-packages/airflow/example_dags/example_latest_only.py took 0.215 seconds
[2025-06-16T22:12:00.683-0300] {processor.py:157} INFO - Started process (PID=58901) to work on /mnt/c/Users/arcan/Documents/airflow/.venv/lib/python3.10/site-packages/airflow/example_dags/example_latest_only.py
[2025-06-16T22:12:00.685-0300] {processor.py:829} INFO - Processing file /mnt/c/Users/arcan/Documents/airflow/.venv/lib/python3.10/site-packages/airflow/example_dags/example_latest_only.py for tasks to queue
[2025-06-16T22:12:00.686-0300] {logging_mixin.py:154} INFO - [2025-06-16T22:12:00.686-0300] {dagbag.py:536} INFO - Filling up the DagBag from /mnt/c/Users/arcan/Documents/airflow/.venv/lib/python3.10/site-packages/airflow/example_dags/example_latest_only.py
[2025-06-16T22:12:00.716-0300] {processor.py:839} INFO - DAG(s) dict_keys(['latest_only']) retrieved from /mnt/c/Users/arcan/Documents/airflow/.venv/lib/python3.10/site-packages/airflow/example_dags/example_latest_only.py
[2025-06-16T22:12:00.754-0300] {logging_mixin.py:154} INFO - [2025-06-16T22:12:00.753-0300] {dag.py:2941} INFO - Sync 1 DAGs
[2025-06-16T22:12:00.783-0300] {logging_mixin.py:154} INFO - [2025-06-16T22:12:00.783-0300] {dag.py:3722} INFO - Setting next_dagrun for latest_only to 2025-06-16T21:12:00.782797+00:00, run_after=2025-06-17T01:12:00.782797+00:00
[2025-06-16T22:12:00.873-0300] {processor.py:179} INFO - Processing /mnt/c/Users/arcan/Documents/airflow/.venv/lib/python3.10/site-packages/airflow/example_dags/example_latest_only.py took 0.195 seconds
[2025-06-16T22:12:59.202-0300] {processor.py:157} INFO - Started process (PID=59080) to work on /mnt/c/Users/arcan/Documents/airflow/.venv/lib/python3.10/site-packages/airflow/example_dags/example_latest_only.py
[2025-06-16T22:12:59.205-0300] {processor.py:829} INFO - Processing file /mnt/c/Users/arcan/Documents/airflow/.venv/lib/python3.10/site-packages/airflow/example_dags/example_latest_only.py for tasks to queue
[2025-06-16T22:12:59.209-0300] {logging_mixin.py:154} INFO - [2025-06-16T22:12:59.208-0300] {dagbag.py:536} INFO - Filling up the DagBag from /mnt/c/Users/arcan/Documents/airflow/.venv/lib/python3.10/site-packages/airflow/example_dags/example_latest_only.py
[2025-06-16T22:12:59.260-0300] {processor.py:839} INFO - DAG(s) dict_keys(['latest_only']) retrieved from /mnt/c/Users/arcan/Documents/airflow/.venv/lib/python3.10/site-packages/airflow/example_dags/example_latest_only.py
[2025-06-16T22:12:59.324-0300] {logging_mixin.py:154} INFO - [2025-06-16T22:12:59.324-0300] {dag.py:2941} INFO - Sync 1 DAGs
[2025-06-16T22:12:59.375-0300] {logging_mixin.py:154} INFO - [2025-06-16T22:12:59.375-0300] {dag.py:3722} INFO - Setting next_dagrun for latest_only to 2025-06-16T21:12:59.375043+00:00, run_after=2025-06-17T01:12:59.375043+00:00
[2025-06-16T22:12:59.487-0300] {processor.py:179} INFO - Processing /mnt/c/Users/arcan/Documents/airflow/.venv/lib/python3.10/site-packages/airflow/example_dags/example_latest_only.py took 0.290 seconds
[2025-06-16T22:14:07.108-0300] {processor.py:157} INFO - Started process (PID=59281) to work on /mnt/c/Users/arcan/Documents/airflow/.venv/lib/python3.10/site-packages/airflow/example_dags/example_latest_only.py
[2025-06-16T22:14:07.110-0300] {processor.py:829} INFO - Processing file /mnt/c/Users/arcan/Documents/airflow/.venv/lib/python3.10/site-packages/airflow/example_dags/example_latest_only.py for tasks to queue
[2025-06-16T22:14:07.112-0300] {logging_mixin.py:154} INFO - [2025-06-16T22:14:07.112-0300] {dagbag.py:536} INFO - Filling up the DagBag from /mnt/c/Users/arcan/Documents/airflow/.venv/lib/python3.10/site-packages/airflow/example_dags/example_latest_only.py
[2025-06-16T22:14:07.148-0300] {processor.py:839} INFO - DAG(s) dict_keys(['latest_only']) retrieved from /mnt/c/Users/arcan/Documents/airflow/.venv/lib/python3.10/site-packages/airflow/example_dags/example_latest_only.py
[2025-06-16T22:14:07.192-0300] {logging_mixin.py:154} INFO - [2025-06-16T22:14:07.192-0300] {dag.py:2941} INFO - Sync 1 DAGs
[2025-06-16T22:14:07.225-0300] {logging_mixin.py:154} INFO - [2025-06-16T22:14:07.225-0300] {dag.py:3722} INFO - Setting next_dagrun for latest_only to 2025-06-16T21:14:07.224908+00:00, run_after=2025-06-17T01:14:07.224908+00:00
[2025-06-16T22:14:07.346-0300] {processor.py:179} INFO - Processing /mnt/c/Users/arcan/Documents/airflow/.venv/lib/python3.10/site-packages/airflow/example_dags/example_latest_only.py took 0.242 seconds
[2025-06-16T22:15:15.659-0300] {processor.py:157} INFO - Started process (PID=59487) to work on /mnt/c/Users/arcan/Documents/airflow/.venv/lib/python3.10/site-packages/airflow/example_dags/example_latest_only.py
[2025-06-16T22:15:15.660-0300] {processor.py:829} INFO - Processing file /mnt/c/Users/arcan/Documents/airflow/.venv/lib/python3.10/site-packages/airflow/example_dags/example_latest_only.py for tasks to queue
[2025-06-16T22:15:15.662-0300] {logging_mixin.py:154} INFO - [2025-06-16T22:15:15.662-0300] {dagbag.py:536} INFO - Filling up the DagBag from /mnt/c/Users/arcan/Documents/airflow/.venv/lib/python3.10/site-packages/airflow/example_dags/example_latest_only.py
[2025-06-16T22:15:15.699-0300] {processor.py:839} INFO - DAG(s) dict_keys(['latest_only']) retrieved from /mnt/c/Users/arcan/Documents/airflow/.venv/lib/python3.10/site-packages/airflow/example_dags/example_latest_only.py
[2025-06-16T22:15:15.742-0300] {logging_mixin.py:154} INFO - [2025-06-16T22:15:15.742-0300] {dag.py:2941} INFO - Sync 1 DAGs
[2025-06-16T22:15:15.776-0300] {logging_mixin.py:154} INFO - [2025-06-16T22:15:15.776-0300] {dag.py:3722} INFO - Setting next_dagrun for latest_only to 2025-06-16T21:15:15.776057+00:00, run_after=2025-06-17T01:15:15.776057+00:00
[2025-06-16T22:15:15.880-0300] {processor.py:179} INFO - Processing /mnt/c/Users/arcan/Documents/airflow/.venv/lib/python3.10/site-packages/airflow/example_dags/example_latest_only.py took 0.226 seconds
[2025-06-16T22:16:27.979-0300] {processor.py:157} INFO - Started process (PID=59825) to work on /mnt/c/Users/arcan/Documents/airflow/.venv/lib/python3.10/site-packages/airflow/example_dags/example_latest_only.py
[2025-06-16T22:16:27.981-0300] {processor.py:829} INFO - Processing file /mnt/c/Users/arcan/Documents/airflow/.venv/lib/python3.10/site-packages/airflow/example_dags/example_latest_only.py for tasks to queue
[2025-06-16T22:16:27.983-0300] {logging_mixin.py:154} INFO - [2025-06-16T22:16:27.982-0300] {dagbag.py:536} INFO - Filling up the DagBag from /mnt/c/Users/arcan/Documents/airflow/.venv/lib/python3.10/site-packages/airflow/example_dags/example_latest_only.py
[2025-06-16T22:16:28.023-0300] {processor.py:839} INFO - DAG(s) dict_keys(['latest_only']) retrieved from /mnt/c/Users/arcan/Documents/airflow/.venv/lib/python3.10/site-packages/airflow/example_dags/example_latest_only.py
[2025-06-16T22:16:28.070-0300] {logging_mixin.py:154} INFO - [2025-06-16T22:16:28.069-0300] {dag.py:2941} INFO - Sync 1 DAGs
[2025-06-16T22:16:28.107-0300] {logging_mixin.py:154} INFO - [2025-06-16T22:16:28.107-0300] {dag.py:3722} INFO - Setting next_dagrun for latest_only to 2025-06-16T21:16:28.107019+00:00, run_after=2025-06-17T01:16:28.107019+00:00
[2025-06-16T22:16:28.214-0300] {processor.py:179} INFO - Processing /mnt/c/Users/arcan/Documents/airflow/.venv/lib/python3.10/site-packages/airflow/example_dags/example_latest_only.py took 0.241 seconds
[2025-06-16T22:17:33.677-0300] {processor.py:157} INFO - Started process (PID=60027) to work on /mnt/c/Users/arcan/Documents/airflow/.venv/lib/python3.10/site-packages/airflow/example_dags/example_latest_only.py
[2025-06-16T22:17:33.680-0300] {processor.py:829} INFO - Processing file /mnt/c/Users/arcan/Documents/airflow/.venv/lib/python3.10/site-packages/airflow/example_dags/example_latest_only.py for tasks to queue
[2025-06-16T22:17:33.682-0300] {logging_mixin.py:154} INFO - [2025-06-16T22:17:33.681-0300] {dagbag.py:536} INFO - Filling up the DagBag from /mnt/c/Users/arcan/Documents/airflow/.venv/lib/python3.10/site-packages/airflow/example_dags/example_latest_only.py
[2025-06-16T22:17:33.733-0300] {processor.py:839} INFO - DAG(s) dict_keys(['latest_only']) retrieved from /mnt/c/Users/arcan/Documents/airflow/.venv/lib/python3.10/site-packages/airflow/example_dags/example_latest_only.py
[2025-06-16T22:17:33.810-0300] {logging_mixin.py:154} INFO - [2025-06-16T22:17:33.810-0300] {dag.py:2941} INFO - Sync 1 DAGs
[2025-06-16T22:17:33.873-0300] {logging_mixin.py:154} INFO - [2025-06-16T22:17:33.873-0300] {dag.py:3722} INFO - Setting next_dagrun for latest_only to 2025-06-16T21:17:33.872625+00:00, run_after=2025-06-17T01:17:33.872625+00:00
[2025-06-16T22:17:34.032-0300] {processor.py:179} INFO - Processing /mnt/c/Users/arcan/Documents/airflow/.venv/lib/python3.10/site-packages/airflow/example_dags/example_latest_only.py took 0.362 seconds
[2025-06-16T22:18:59.955-0300] {processor.py:157} INFO - Started process (PID=60272) to work on /mnt/c/Users/arcan/Documents/airflow/.venv/lib/python3.10/site-packages/airflow/example_dags/example_latest_only.py
[2025-06-16T22:18:59.958-0300] {processor.py:829} INFO - Processing file /mnt/c/Users/arcan/Documents/airflow/.venv/lib/python3.10/site-packages/airflow/example_dags/example_latest_only.py for tasks to queue
[2025-06-16T22:18:59.961-0300] {logging_mixin.py:154} INFO - [2025-06-16T22:18:59.960-0300] {dagbag.py:536} INFO - Filling up the DagBag from /mnt/c/Users/arcan/Documents/airflow/.venv/lib/python3.10/site-packages/airflow/example_dags/example_latest_only.py
[2025-06-16T22:19:00.012-0300] {processor.py:839} INFO - DAG(s) dict_keys(['latest_only']) retrieved from /mnt/c/Users/arcan/Documents/airflow/.venv/lib/python3.10/site-packages/airflow/example_dags/example_latest_only.py
[2025-06-16T22:19:00.082-0300] {logging_mixin.py:154} INFO - [2025-06-16T22:19:00.082-0300] {dag.py:2941} INFO - Sync 1 DAGs
[2025-06-16T22:19:00.129-0300] {logging_mixin.py:154} INFO - [2025-06-16T22:19:00.129-0300] {dag.py:3722} INFO - Setting next_dagrun for latest_only to 2025-06-16T21:19:00.128698+00:00, run_after=2025-06-17T01:19:00.128698+00:00
[2025-06-16T22:19:00.297-0300] {processor.py:179} INFO - Processing /mnt/c/Users/arcan/Documents/airflow/.venv/lib/python3.10/site-packages/airflow/example_dags/example_latest_only.py took 0.349 seconds
[2025-06-16T22:20:25.598-0300] {processor.py:157} INFO - Started process (PID=60519) to work on /mnt/c/Users/arcan/Documents/airflow/.venv/lib/python3.10/site-packages/airflow/example_dags/example_latest_only.py
[2025-06-16T22:20:25.601-0300] {processor.py:829} INFO - Processing file /mnt/c/Users/arcan/Documents/airflow/.venv/lib/python3.10/site-packages/airflow/example_dags/example_latest_only.py for tasks to queue
[2025-06-16T22:20:25.603-0300] {logging_mixin.py:154} INFO - [2025-06-16T22:20:25.603-0300] {dagbag.py:536} INFO - Filling up the DagBag from /mnt/c/Users/arcan/Documents/airflow/.venv/lib/python3.10/site-packages/airflow/example_dags/example_latest_only.py
[2025-06-16T22:20:25.655-0300] {processor.py:839} INFO - DAG(s) dict_keys(['latest_only']) retrieved from /mnt/c/Users/arcan/Documents/airflow/.venv/lib/python3.10/site-packages/airflow/example_dags/example_latest_only.py
[2025-06-16T22:20:25.710-0300] {logging_mixin.py:154} INFO - [2025-06-16T22:20:25.710-0300] {dag.py:2941} INFO - Sync 1 DAGs
[2025-06-16T22:20:25.753-0300] {logging_mixin.py:154} INFO - [2025-06-16T22:20:25.753-0300] {dag.py:3722} INFO - Setting next_dagrun for latest_only to 2025-06-16T21:20:25.752653+00:00, run_after=2025-06-17T01:20:25.752653+00:00
[2025-06-16T22:20:25.898-0300] {processor.py:179} INFO - Processing /mnt/c/Users/arcan/Documents/airflow/.venv/lib/python3.10/site-packages/airflow/example_dags/example_latest_only.py took 0.307 seconds
[2025-06-16T22:21:46.108-0300] {processor.py:157} INFO - Started process (PID=60750) to work on /mnt/c/Users/arcan/Documents/airflow/.venv/lib/python3.10/site-packages/airflow/example_dags/example_latest_only.py
[2025-06-16T22:21:46.112-0300] {processor.py:829} INFO - Processing file /mnt/c/Users/arcan/Documents/airflow/.venv/lib/python3.10/site-packages/airflow/example_dags/example_latest_only.py for tasks to queue
[2025-06-16T22:21:46.115-0300] {logging_mixin.py:154} INFO - [2025-06-16T22:21:46.114-0300] {dagbag.py:536} INFO - Filling up the DagBag from /mnt/c/Users/arcan/Documents/airflow/.venv/lib/python3.10/site-packages/airflow/example_dags/example_latest_only.py
[2025-06-16T22:21:46.171-0300] {processor.py:839} INFO - DAG(s) dict_keys(['latest_only']) retrieved from /mnt/c/Users/arcan/Documents/airflow/.venv/lib/python3.10/site-packages/airflow/example_dags/example_latest_only.py
[2025-06-16T22:21:46.236-0300] {logging_mixin.py:154} INFO - [2025-06-16T22:21:46.236-0300] {dag.py:2941} INFO - Sync 1 DAGs
[2025-06-16T22:21:46.299-0300] {logging_mixin.py:154} INFO - [2025-06-16T22:21:46.298-0300] {dag.py:3722} INFO - Setting next_dagrun for latest_only to 2025-06-16T21:21:46.297890+00:00, run_after=2025-06-17T01:21:46.297890+00:00
[2025-06-16T22:21:46.475-0300] {processor.py:179} INFO - Processing /mnt/c/Users/arcan/Documents/airflow/.venv/lib/python3.10/site-packages/airflow/example_dags/example_latest_only.py took 0.377 seconds
[2025-06-16T22:23:09.086-0300] {processor.py:157} INFO - Started process (PID=60987) to work on /mnt/c/Users/arcan/Documents/airflow/.venv/lib/python3.10/site-packages/airflow/example_dags/example_latest_only.py
[2025-06-16T22:23:09.088-0300] {processor.py:829} INFO - Processing file /mnt/c/Users/arcan/Documents/airflow/.venv/lib/python3.10/site-packages/airflow/example_dags/example_latest_only.py for tasks to queue
[2025-06-16T22:23:09.091-0300] {logging_mixin.py:154} INFO - [2025-06-16T22:23:09.090-0300] {dagbag.py:536} INFO - Filling up the DagBag from /mnt/c/Users/arcan/Documents/airflow/.venv/lib/python3.10/site-packages/airflow/example_dags/example_latest_only.py
[2025-06-16T22:23:09.138-0300] {processor.py:839} INFO - DAG(s) dict_keys(['latest_only']) retrieved from /mnt/c/Users/arcan/Documents/airflow/.venv/lib/python3.10/site-packages/airflow/example_dags/example_latest_only.py
[2025-06-16T22:23:09.191-0300] {logging_mixin.py:154} INFO - [2025-06-16T22:23:09.191-0300] {dag.py:2941} INFO - Sync 1 DAGs
[2025-06-16T22:23:09.232-0300] {logging_mixin.py:154} INFO - [2025-06-16T22:23:09.232-0300] {dag.py:3722} INFO - Setting next_dagrun for latest_only to 2025-06-16T21:23:09.231770+00:00, run_after=2025-06-17T01:23:09.231770+00:00
[2025-06-16T22:23:09.363-0300] {processor.py:179} INFO - Processing /mnt/c/Users/arcan/Documents/airflow/.venv/lib/python3.10/site-packages/airflow/example_dags/example_latest_only.py took 0.283 seconds
[2025-06-16T22:24:34.193-0300] {processor.py:157} INFO - Started process (PID=61351) to work on /mnt/c/Users/arcan/Documents/airflow/.venv/lib/python3.10/site-packages/airflow/example_dags/example_latest_only.py
[2025-06-16T22:24:34.196-0300] {processor.py:829} INFO - Processing file /mnt/c/Users/arcan/Documents/airflow/.venv/lib/python3.10/site-packages/airflow/example_dags/example_latest_only.py for tasks to queue
[2025-06-16T22:24:34.199-0300] {logging_mixin.py:154} INFO - [2025-06-16T22:24:34.198-0300] {dagbag.py:536} INFO - Filling up the DagBag from /mnt/c/Users/arcan/Documents/airflow/.venv/lib/python3.10/site-packages/airflow/example_dags/example_latest_only.py
[2025-06-16T22:24:34.268-0300] {processor.py:839} INFO - DAG(s) dict_keys(['latest_only']) retrieved from /mnt/c/Users/arcan/Documents/airflow/.venv/lib/python3.10/site-packages/airflow/example_dags/example_latest_only.py
[2025-06-16T22:24:34.342-0300] {logging_mixin.py:154} INFO - [2025-06-16T22:24:34.342-0300] {dag.py:2941} INFO - Sync 1 DAGs
[2025-06-16T22:24:34.390-0300] {logging_mixin.py:154} INFO - [2025-06-16T22:24:34.389-0300] {dag.py:3722} INFO - Setting next_dagrun for latest_only to 2025-06-16T21:24:34.389338+00:00, run_after=2025-06-17T01:24:34.389338+00:00
[2025-06-16T22:24:34.555-0300] {processor.py:179} INFO - Processing /mnt/c/Users/arcan/Documents/airflow/.venv/lib/python3.10/site-packages/airflow/example_dags/example_latest_only.py took 0.370 seconds
[2025-06-16T22:25:52.536-0300] {processor.py:157} INFO - Started process (PID=61582) to work on /mnt/c/Users/arcan/Documents/airflow/.venv/lib/python3.10/site-packages/airflow/example_dags/example_latest_only.py
[2025-06-16T22:25:52.539-0300] {processor.py:829} INFO - Processing file /mnt/c/Users/arcan/Documents/airflow/.venv/lib/python3.10/site-packages/airflow/example_dags/example_latest_only.py for tasks to queue
[2025-06-16T22:25:52.541-0300] {logging_mixin.py:154} INFO - [2025-06-16T22:25:52.540-0300] {dagbag.py:536} INFO - Filling up the DagBag from /mnt/c/Users/arcan/Documents/airflow/.venv/lib/python3.10/site-packages/airflow/example_dags/example_latest_only.py
[2025-06-16T22:25:52.588-0300] {processor.py:839} INFO - DAG(s) dict_keys(['latest_only']) retrieved from /mnt/c/Users/arcan/Documents/airflow/.venv/lib/python3.10/site-packages/airflow/example_dags/example_latest_only.py
[2025-06-16T22:25:52.641-0300] {logging_mixin.py:154} INFO - [2025-06-16T22:25:52.641-0300] {dag.py:2941} INFO - Sync 1 DAGs
[2025-06-16T22:25:52.684-0300] {logging_mixin.py:154} INFO - [2025-06-16T22:25:52.684-0300] {dag.py:3722} INFO - Setting next_dagrun for latest_only to 2025-06-16T21:25:52.683727+00:00, run_after=2025-06-17T01:25:52.683727+00:00
[2025-06-16T22:25:52.837-0300] {processor.py:179} INFO - Processing /mnt/c/Users/arcan/Documents/airflow/.venv/lib/python3.10/site-packages/airflow/example_dags/example_latest_only.py took 0.307 seconds
[2025-06-16T22:27:15.011-0300] {processor.py:157} INFO - Started process (PID=61816) to work on /mnt/c/Users/arcan/Documents/airflow/.venv/lib/python3.10/site-packages/airflow/example_dags/example_latest_only.py
[2025-06-16T22:27:15.015-0300] {processor.py:829} INFO - Processing file /mnt/c/Users/arcan/Documents/airflow/.venv/lib/python3.10/site-packages/airflow/example_dags/example_latest_only.py for tasks to queue
[2025-06-16T22:27:15.018-0300] {logging_mixin.py:154} INFO - [2025-06-16T22:27:15.017-0300] {dagbag.py:536} INFO - Filling up the DagBag from /mnt/c/Users/arcan/Documents/airflow/.venv/lib/python3.10/site-packages/airflow/example_dags/example_latest_only.py
[2025-06-16T22:27:15.073-0300] {processor.py:839} INFO - DAG(s) dict_keys(['latest_only']) retrieved from /mnt/c/Users/arcan/Documents/airflow/.venv/lib/python3.10/site-packages/airflow/example_dags/example_latest_only.py
[2025-06-16T22:27:15.132-0300] {logging_mixin.py:154} INFO - [2025-06-16T22:27:15.132-0300] {dag.py:2941} INFO - Sync 1 DAGs
[2025-06-16T22:27:15.177-0300] {logging_mixin.py:154} INFO - [2025-06-16T22:27:15.177-0300] {dag.py:3722} INFO - Setting next_dagrun for latest_only to 2025-06-16T21:27:15.177131+00:00, run_after=2025-06-17T01:27:15.177131+00:00
[2025-06-16T22:27:15.331-0300] {processor.py:179} INFO - Processing /mnt/c/Users/arcan/Documents/airflow/.venv/lib/python3.10/site-packages/airflow/example_dags/example_latest_only.py took 0.328 seconds
[2025-06-16T22:28:32.459-0300] {processor.py:157} INFO - Started process (PID=62037) to work on /mnt/c/Users/arcan/Documents/airflow/.venv/lib/python3.10/site-packages/airflow/example_dags/example_latest_only.py
[2025-06-16T22:28:32.462-0300] {processor.py:829} INFO - Processing file /mnt/c/Users/arcan/Documents/airflow/.venv/lib/python3.10/site-packages/airflow/example_dags/example_latest_only.py for tasks to queue
[2025-06-16T22:28:32.465-0300] {logging_mixin.py:154} INFO - [2025-06-16T22:28:32.463-0300] {dagbag.py:536} INFO - Filling up the DagBag from /mnt/c/Users/arcan/Documents/airflow/.venv/lib/python3.10/site-packages/airflow/example_dags/example_latest_only.py
[2025-06-16T22:28:32.515-0300] {processor.py:839} INFO - DAG(s) dict_keys(['latest_only']) retrieved from /mnt/c/Users/arcan/Documents/airflow/.venv/lib/python3.10/site-packages/airflow/example_dags/example_latest_only.py
[2025-06-16T22:28:32.573-0300] {logging_mixin.py:154} INFO - [2025-06-16T22:28:32.572-0300] {dag.py:2941} INFO - Sync 1 DAGs
[2025-06-16T22:28:32.613-0300] {logging_mixin.py:154} INFO - [2025-06-16T22:28:32.613-0300] {dag.py:3722} INFO - Setting next_dagrun for latest_only to 2025-06-16T21:28:32.613249+00:00, run_after=2025-06-17T01:28:32.613249+00:00
[2025-06-16T22:28:32.735-0300] {processor.py:179} INFO - Processing /mnt/c/Users/arcan/Documents/airflow/.venv/lib/python3.10/site-packages/airflow/example_dags/example_latest_only.py took 0.282 seconds
[2025-06-16T22:29:53.702-0300] {processor.py:157} INFO - Started process (PID=62267) to work on /mnt/c/Users/arcan/Documents/airflow/.venv/lib/python3.10/site-packages/airflow/example_dags/example_latest_only.py
[2025-06-16T22:29:53.705-0300] {processor.py:829} INFO - Processing file /mnt/c/Users/arcan/Documents/airflow/.venv/lib/python3.10/site-packages/airflow/example_dags/example_latest_only.py for tasks to queue
[2025-06-16T22:29:53.708-0300] {logging_mixin.py:154} INFO - [2025-06-16T22:29:53.707-0300] {dagbag.py:536} INFO - Filling up the DagBag from /mnt/c/Users/arcan/Documents/airflow/.venv/lib/python3.10/site-packages/airflow/example_dags/example_latest_only.py
[2025-06-16T22:29:53.758-0300] {processor.py:839} INFO - DAG(s) dict_keys(['latest_only']) retrieved from /mnt/c/Users/arcan/Documents/airflow/.venv/lib/python3.10/site-packages/airflow/example_dags/example_latest_only.py
[2025-06-16T22:29:53.816-0300] {logging_mixin.py:154} INFO - [2025-06-16T22:29:53.815-0300] {dag.py:2941} INFO - Sync 1 DAGs
[2025-06-16T22:29:53.859-0300] {logging_mixin.py:154} INFO - [2025-06-16T22:29:53.859-0300] {dag.py:3722} INFO - Setting next_dagrun for latest_only to 2025-06-16T21:29:53.859078+00:00, run_after=2025-06-17T01:29:53.859078+00:00
[2025-06-16T22:29:53.995-0300] {processor.py:179} INFO - Processing /mnt/c/Users/arcan/Documents/airflow/.venv/lib/python3.10/site-packages/airflow/example_dags/example_latest_only.py took 0.302 seconds
[2025-06-16T22:31:07.171-0300] {processor.py:157} INFO - Started process (PID=62482) to work on /mnt/c/Users/arcan/Documents/airflow/.venv/lib/python3.10/site-packages/airflow/example_dags/example_latest_only.py
[2025-06-16T22:31:07.175-0300] {processor.py:829} INFO - Processing file /mnt/c/Users/arcan/Documents/airflow/.venv/lib/python3.10/site-packages/airflow/example_dags/example_latest_only.py for tasks to queue
[2025-06-16T22:31:07.180-0300] {logging_mixin.py:154} INFO - [2025-06-16T22:31:07.178-0300] {dagbag.py:536} INFO - Filling up the DagBag from /mnt/c/Users/arcan/Documents/airflow/.venv/lib/python3.10/site-packages/airflow/example_dags/example_latest_only.py
[2025-06-16T22:31:07.237-0300] {processor.py:839} INFO - DAG(s) dict_keys(['latest_only']) retrieved from /mnt/c/Users/arcan/Documents/airflow/.venv/lib/python3.10/site-packages/airflow/example_dags/example_latest_only.py
[2025-06-16T22:31:07.309-0300] {logging_mixin.py:154} INFO - [2025-06-16T22:31:07.309-0300] {dag.py:2941} INFO - Sync 1 DAGs
[2025-06-16T22:31:07.366-0300] {logging_mixin.py:154} INFO - [2025-06-16T22:31:07.366-0300] {dag.py:3722} INFO - Setting next_dagrun for latest_only to 2025-06-16T21:31:07.366074+00:00, run_after=2025-06-17T01:31:07.366074+00:00
[2025-06-16T22:31:07.527-0300] {processor.py:179} INFO - Processing /mnt/c/Users/arcan/Documents/airflow/.venv/lib/python3.10/site-packages/airflow/example_dags/example_latest_only.py took 0.368 seconds
[2025-06-16T22:32:50.224-0300] {processor.py:157} INFO - Started process (PID=62853) to work on /mnt/c/Users/arcan/Documents/airflow/.venv/lib/python3.10/site-packages/airflow/example_dags/example_latest_only.py
[2025-06-16T22:32:50.226-0300] {processor.py:829} INFO - Processing file /mnt/c/Users/arcan/Documents/airflow/.venv/lib/python3.10/site-packages/airflow/example_dags/example_latest_only.py for tasks to queue
[2025-06-16T22:32:50.228-0300] {logging_mixin.py:154} INFO - [2025-06-16T22:32:50.227-0300] {dagbag.py:536} INFO - Filling up the DagBag from /mnt/c/Users/arcan/Documents/airflow/.venv/lib/python3.10/site-packages/airflow/example_dags/example_latest_only.py
[2025-06-16T22:32:50.266-0300] {processor.py:839} INFO - DAG(s) dict_keys(['latest_only']) retrieved from /mnt/c/Users/arcan/Documents/airflow/.venv/lib/python3.10/site-packages/airflow/example_dags/example_latest_only.py
[2025-06-16T22:32:50.308-0300] {logging_mixin.py:154} INFO - [2025-06-16T22:32:50.307-0300] {dag.py:2941} INFO - Sync 1 DAGs
[2025-06-16T22:32:50.340-0300] {logging_mixin.py:154} INFO - [2025-06-16T22:32:50.340-0300] {dag.py:3722} INFO - Setting next_dagrun for latest_only to 2025-06-16T21:32:50.339727+00:00, run_after=2025-06-17T01:32:50.339727+00:00
[2025-06-16T22:32:50.461-0300] {processor.py:179} INFO - Processing /mnt/c/Users/arcan/Documents/airflow/.venv/lib/python3.10/site-packages/airflow/example_dags/example_latest_only.py took 0.243 seconds
[2025-06-17T20:51:01.453-0300] {processor.py:157} INFO - Started process (PID=63670) to work on /mnt/c/Users/arcan/Documents/airflow/.venv/lib/python3.10/site-packages/airflow/example_dags/example_latest_only.py
[2025-06-17T20:51:01.456-0300] {processor.py:829} INFO - Processing file /mnt/c/Users/arcan/Documents/airflow/.venv/lib/python3.10/site-packages/airflow/example_dags/example_latest_only.py for tasks to queue
[2025-06-17T20:51:01.459-0300] {logging_mixin.py:154} INFO - [2025-06-17T20:51:01.458-0300] {dagbag.py:536} INFO - Filling up the DagBag from /mnt/c/Users/arcan/Documents/airflow/.venv/lib/python3.10/site-packages/airflow/example_dags/example_latest_only.py
[2025-06-17T20:51:01.513-0300] {processor.py:839} INFO - DAG(s) dict_keys(['latest_only']) retrieved from /mnt/c/Users/arcan/Documents/airflow/.venv/lib/python3.10/site-packages/airflow/example_dags/example_latest_only.py
[2025-06-17T20:51:01.595-0300] {logging_mixin.py:154} INFO - [2025-06-17T20:51:01.594-0300] {dag.py:2941} INFO - Sync 1 DAGs
[2025-06-17T20:51:01.642-0300] {logging_mixin.py:154} INFO - [2025-06-17T20:51:01.642-0300] {dag.py:3722} INFO - Setting next_dagrun for latest_only to 2025-06-17T19:51:01.641845+00:00, run_after=2025-06-17T23:51:01.641845+00:00
[2025-06-17T20:51:01.787-0300] {processor.py:179} INFO - Processing /mnt/c/Users/arcan/Documents/airflow/.venv/lib/python3.10/site-packages/airflow/example_dags/example_latest_only.py took 0.342 seconds
[2025-06-17T20:52:25.522-0300] {processor.py:157} INFO - Started process (PID=63878) to work on /mnt/c/Users/arcan/Documents/airflow/.venv/lib/python3.10/site-packages/airflow/example_dags/example_latest_only.py
[2025-06-17T20:52:25.525-0300] {processor.py:829} INFO - Processing file /mnt/c/Users/arcan/Documents/airflow/.venv/lib/python3.10/site-packages/airflow/example_dags/example_latest_only.py for tasks to queue
[2025-06-17T20:52:25.529-0300] {logging_mixin.py:154} INFO - [2025-06-17T20:52:25.527-0300] {dagbag.py:536} INFO - Filling up the DagBag from /mnt/c/Users/arcan/Documents/airflow/.venv/lib/python3.10/site-packages/airflow/example_dags/example_latest_only.py
[2025-06-17T20:52:25.587-0300] {processor.py:839} INFO - DAG(s) dict_keys(['latest_only']) retrieved from /mnt/c/Users/arcan/Documents/airflow/.venv/lib/python3.10/site-packages/airflow/example_dags/example_latest_only.py
[2025-06-17T20:52:25.645-0300] {logging_mixin.py:154} INFO - [2025-06-17T20:52:25.645-0300] {dag.py:2941} INFO - Sync 1 DAGs
[2025-06-17T20:52:25.699-0300] {logging_mixin.py:154} INFO - [2025-06-17T20:52:25.698-0300] {dag.py:3722} INFO - Setting next_dagrun for latest_only to 2025-06-17T19:52:25.698245+00:00, run_after=2025-06-17T23:52:25.698245+00:00
[2025-06-17T20:52:25.876-0300] {processor.py:179} INFO - Processing /mnt/c/Users/arcan/Documents/airflow/.venv/lib/python3.10/site-packages/airflow/example_dags/example_latest_only.py took 0.361 seconds
[2025-06-17T20:53:47.226-0300] {processor.py:157} INFO - Started process (PID=64230) to work on /mnt/c/Users/arcan/Documents/airflow/.venv/lib/python3.10/site-packages/airflow/example_dags/example_latest_only.py
[2025-06-17T20:53:47.228-0300] {processor.py:829} INFO - Processing file /mnt/c/Users/arcan/Documents/airflow/.venv/lib/python3.10/site-packages/airflow/example_dags/example_latest_only.py for tasks to queue
[2025-06-17T20:53:47.231-0300] {logging_mixin.py:154} INFO - [2025-06-17T20:53:47.230-0300] {dagbag.py:536} INFO - Filling up the DagBag from /mnt/c/Users/arcan/Documents/airflow/.venv/lib/python3.10/site-packages/airflow/example_dags/example_latest_only.py
[2025-06-17T20:53:47.276-0300] {processor.py:839} INFO - DAG(s) dict_keys(['latest_only']) retrieved from /mnt/c/Users/arcan/Documents/airflow/.venv/lib/python3.10/site-packages/airflow/example_dags/example_latest_only.py
[2025-06-17T20:53:47.330-0300] {logging_mixin.py:154} INFO - [2025-06-17T20:53:47.329-0300] {dag.py:2941} INFO - Sync 1 DAGs
[2025-06-17T20:53:47.375-0300] {logging_mixin.py:154} INFO - [2025-06-17T20:53:47.375-0300] {dag.py:3722} INFO - Setting next_dagrun for latest_only to 2025-06-17T19:53:47.374974+00:00, run_after=2025-06-17T23:53:47.374974+00:00
[2025-06-17T20:53:47.504-0300] {processor.py:179} INFO - Processing /mnt/c/Users/arcan/Documents/airflow/.venv/lib/python3.10/site-packages/airflow/example_dags/example_latest_only.py took 0.284 seconds
[2025-06-17T20:54:54.590-0300] {processor.py:157} INFO - Started process (PID=64424) to work on /mnt/c/Users/arcan/Documents/airflow/.venv/lib/python3.10/site-packages/airflow/example_dags/example_latest_only.py
[2025-06-17T20:54:54.593-0300] {processor.py:829} INFO - Processing file /mnt/c/Users/arcan/Documents/airflow/.venv/lib/python3.10/site-packages/airflow/example_dags/example_latest_only.py for tasks to queue
[2025-06-17T20:54:54.595-0300] {logging_mixin.py:154} INFO - [2025-06-17T20:54:54.594-0300] {dagbag.py:536} INFO - Filling up the DagBag from /mnt/c/Users/arcan/Documents/airflow/.venv/lib/python3.10/site-packages/airflow/example_dags/example_latest_only.py
[2025-06-17T20:54:54.640-0300] {processor.py:839} INFO - DAG(s) dict_keys(['latest_only']) retrieved from /mnt/c/Users/arcan/Documents/airflow/.venv/lib/python3.10/site-packages/airflow/example_dags/example_latest_only.py
[2025-06-17T20:54:54.695-0300] {logging_mixin.py:154} INFO - [2025-06-17T20:54:54.695-0300] {dag.py:2941} INFO - Sync 1 DAGs
[2025-06-17T20:54:54.734-0300] {logging_mixin.py:154} INFO - [2025-06-17T20:54:54.734-0300] {dag.py:3722} INFO - Setting next_dagrun for latest_only to 2025-06-17T19:54:54.734094+00:00, run_after=2025-06-17T23:54:54.734094+00:00
[2025-06-17T20:54:54.867-0300] {processor.py:179} INFO - Processing /mnt/c/Users/arcan/Documents/airflow/.venv/lib/python3.10/site-packages/airflow/example_dags/example_latest_only.py took 0.284 seconds
[2025-06-17T20:56:07.898-0300] {processor.py:157} INFO - Started process (PID=64637) to work on /mnt/c/Users/arcan/Documents/airflow/.venv/lib/python3.10/site-packages/airflow/example_dags/example_latest_only.py
[2025-06-17T20:56:07.901-0300] {processor.py:829} INFO - Processing file /mnt/c/Users/arcan/Documents/airflow/.venv/lib/python3.10/site-packages/airflow/example_dags/example_latest_only.py for tasks to queue
[2025-06-17T20:56:07.902-0300] {logging_mixin.py:154} INFO - [2025-06-17T20:56:07.902-0300] {dagbag.py:536} INFO - Filling up the DagBag from /mnt/c/Users/arcan/Documents/airflow/.venv/lib/python3.10/site-packages/airflow/example_dags/example_latest_only.py
[2025-06-17T20:56:07.937-0300] {processor.py:839} INFO - DAG(s) dict_keys(['latest_only']) retrieved from /mnt/c/Users/arcan/Documents/airflow/.venv/lib/python3.10/site-packages/airflow/example_dags/example_latest_only.py
[2025-06-17T20:56:07.989-0300] {logging_mixin.py:154} INFO - [2025-06-17T20:56:07.988-0300] {dag.py:2941} INFO - Sync 1 DAGs
[2025-06-17T20:56:08.022-0300] {logging_mixin.py:154} INFO - [2025-06-17T20:56:08.022-0300] {dag.py:3722} INFO - Setting next_dagrun for latest_only to 2025-06-17T19:56:08.021796+00:00, run_after=2025-06-17T23:56:08.021796+00:00
[2025-06-17T20:56:08.146-0300] {processor.py:179} INFO - Processing /mnt/c/Users/arcan/Documents/airflow/.venv/lib/python3.10/site-packages/airflow/example_dags/example_latest_only.py took 0.256 seconds
