[2025-06-16T22:04:14.550-0300] {processor.py:157} INFO - Started process (PID=57361) to work on /mnt/c/Users/arcan/Documents/airflow/.venv/lib/python3.10/site-packages/airflow/example_dags/example_branch_python_dop_operator_3.py
[2025-06-16T22:04:14.552-0300] {processor.py:829} INFO - Processing file /mnt/c/Users/arcan/Documents/airflow/.venv/lib/python3.10/site-packages/airflow/example_dags/example_branch_python_dop_operator_3.py for tasks to queue
[2025-06-16T22:04:14.553-0300] {logging_mixin.py:154} INFO - [2025-06-16T22:04:14.553-0300] {dagbag.py:536} INFO - Filling up the DagBag from /mnt/c/Users/arcan/Documents/airflow/.venv/lib/python3.10/site-packages/airflow/example_dags/example_branch_python_dop_operator_3.py
[2025-06-16T22:04:14.598-0300] {processor.py:839} INFO - DAG(s) dict_keys(['example_branch_dop_operator_v3']) retrieved from /mnt/c/Users/arcan/Documents/airflow/.venv/lib/python3.10/site-packages/airflow/example_dags/example_branch_python_dop_operator_3.py
[2025-06-16T22:04:14.636-0300] {logging_mixin.py:154} INFO - [2025-06-16T22:04:14.636-0300] {dag.py:2941} INFO - Sync 1 DAGs
[2025-06-16T22:04:14.668-0300] {logging_mixin.py:154} INFO - [2025-06-16T22:04:14.667-0300] {dag.py:3722} INFO - Setting next_dagrun for example_branch_dop_operator_v3 to 2025-06-17T01:03:00+00:00, run_after=2025-06-17T01:04:00+00:00
[2025-06-16T22:04:14.760-0300] {processor.py:179} INFO - Processing /mnt/c/Users/arcan/Documents/airflow/.venv/lib/python3.10/site-packages/airflow/example_dags/example_branch_python_dop_operator_3.py took 0.216 seconds
[2025-06-16T22:05:27.741-0300] {processor.py:157} INFO - Started process (PID=57606) to work on /mnt/c/Users/arcan/Documents/airflow/.venv/lib/python3.10/site-packages/airflow/example_dags/example_branch_python_dop_operator_3.py
[2025-06-16T22:05:27.742-0300] {processor.py:829} INFO - Processing file /mnt/c/Users/arcan/Documents/airflow/.venv/lib/python3.10/site-packages/airflow/example_dags/example_branch_python_dop_operator_3.py for tasks to queue
[2025-06-16T22:05:27.744-0300] {logging_mixin.py:154} INFO - [2025-06-16T22:05:27.744-0300] {dagbag.py:536} INFO - Filling up the DagBag from /mnt/c/Users/arcan/Documents/airflow/.venv/lib/python3.10/site-packages/airflow/example_dags/example_branch_python_dop_operator_3.py
[2025-06-16T22:05:27.785-0300] {processor.py:839} INFO - DAG(s) dict_keys(['example_branch_dop_operator_v3']) retrieved from /mnt/c/Users/arcan/Documents/airflow/.venv/lib/python3.10/site-packages/airflow/example_dags/example_branch_python_dop_operator_3.py
[2025-06-16T22:05:27.827-0300] {logging_mixin.py:154} INFO - [2025-06-16T22:05:27.826-0300] {dag.py:2941} INFO - Sync 1 DAGs
[2025-06-16T22:05:27.865-0300] {logging_mixin.py:154} INFO - [2025-06-16T22:05:27.864-0300] {dag.py:3722} INFO - Setting next_dagrun for example_branch_dop_operator_v3 to 2025-06-17T01:04:00+00:00, run_after=2025-06-17T01:05:00+00:00
[2025-06-16T22:05:27.969-0300] {processor.py:179} INFO - Processing /mnt/c/Users/arcan/Documents/airflow/.venv/lib/python3.10/site-packages/airflow/example_dags/example_branch_python_dop_operator_3.py took 0.234 seconds
[2025-06-16T22:06:39.997-0300] {processor.py:157} INFO - Started process (PID=57819) to work on /mnt/c/Users/arcan/Documents/airflow/.venv/lib/python3.10/site-packages/airflow/example_dags/example_branch_python_dop_operator_3.py
[2025-06-16T22:06:39.999-0300] {processor.py:829} INFO - Processing file /mnt/c/Users/arcan/Documents/airflow/.venv/lib/python3.10/site-packages/airflow/example_dags/example_branch_python_dop_operator_3.py for tasks to queue
[2025-06-16T22:06:40.002-0300] {logging_mixin.py:154} INFO - [2025-06-16T22:06:40.001-0300] {dagbag.py:536} INFO - Filling up the DagBag from /mnt/c/Users/arcan/Documents/airflow/.venv/lib/python3.10/site-packages/airflow/example_dags/example_branch_python_dop_operator_3.py
[2025-06-16T22:06:40.050-0300] {processor.py:839} INFO - DAG(s) dict_keys(['example_branch_dop_operator_v3']) retrieved from /mnt/c/Users/arcan/Documents/airflow/.venv/lib/python3.10/site-packages/airflow/example_dags/example_branch_python_dop_operator_3.py
[2025-06-16T22:06:40.100-0300] {logging_mixin.py:154} INFO - [2025-06-16T22:06:40.099-0300] {dag.py:2941} INFO - Sync 1 DAGs
[2025-06-16T22:06:40.146-0300] {logging_mixin.py:154} INFO - [2025-06-16T22:06:40.146-0300] {dag.py:3722} INFO - Setting next_dagrun for example_branch_dop_operator_v3 to 2025-06-17T01:05:00+00:00, run_after=2025-06-17T01:06:00+00:00
[2025-06-16T22:06:40.258-0300] {processor.py:179} INFO - Processing /mnt/c/Users/arcan/Documents/airflow/.venv/lib/python3.10/site-packages/airflow/example_dags/example_branch_python_dop_operator_3.py took 0.266 seconds
[2025-06-16T22:07:50.200-0300] {processor.py:157} INFO - Started process (PID=58024) to work on /mnt/c/Users/arcan/Documents/airflow/.venv/lib/python3.10/site-packages/airflow/example_dags/example_branch_python_dop_operator_3.py
[2025-06-16T22:07:50.203-0300] {processor.py:829} INFO - Processing file /mnt/c/Users/arcan/Documents/airflow/.venv/lib/python3.10/site-packages/airflow/example_dags/example_branch_python_dop_operator_3.py for tasks to queue
[2025-06-16T22:07:50.205-0300] {logging_mixin.py:154} INFO - [2025-06-16T22:07:50.204-0300] {dagbag.py:536} INFO - Filling up the DagBag from /mnt/c/Users/arcan/Documents/airflow/.venv/lib/python3.10/site-packages/airflow/example_dags/example_branch_python_dop_operator_3.py
[2025-06-16T22:07:50.257-0300] {processor.py:839} INFO - DAG(s) dict_keys(['example_branch_dop_operator_v3']) retrieved from /mnt/c/Users/arcan/Documents/airflow/.venv/lib/python3.10/site-packages/airflow/example_dags/example_branch_python_dop_operator_3.py
[2025-06-16T22:07:50.304-0300] {logging_mixin.py:154} INFO - [2025-06-16T22:07:50.304-0300] {dag.py:2941} INFO - Sync 1 DAGs
[2025-06-16T22:07:50.344-0300] {logging_mixin.py:154} INFO - [2025-06-16T22:07:50.344-0300] {dag.py:3722} INFO - Setting next_dagrun for example_branch_dop_operator_v3 to 2025-06-17T01:06:00+00:00, run_after=2025-06-17T01:07:00+00:00
[2025-06-16T22:07:50.444-0300] {processor.py:179} INFO - Processing /mnt/c/Users/arcan/Documents/airflow/.venv/lib/python3.10/site-packages/airflow/example_dags/example_branch_python_dop_operator_3.py took 0.249 seconds
[2025-06-16T22:09:04.882-0300] {processor.py:157} INFO - Started process (PID=58370) to work on /mnt/c/Users/arcan/Documents/airflow/.venv/lib/python3.10/site-packages/airflow/example_dags/example_branch_python_dop_operator_3.py
[2025-06-16T22:09:04.884-0300] {processor.py:829} INFO - Processing file /mnt/c/Users/arcan/Documents/airflow/.venv/lib/python3.10/site-packages/airflow/example_dags/example_branch_python_dop_operator_3.py for tasks to queue
[2025-06-16T22:09:04.887-0300] {logging_mixin.py:154} INFO - [2025-06-16T22:09:04.886-0300] {dagbag.py:536} INFO - Filling up the DagBag from /mnt/c/Users/arcan/Documents/airflow/.venv/lib/python3.10/site-packages/airflow/example_dags/example_branch_python_dop_operator_3.py
[2025-06-16T22:09:04.929-0300] {processor.py:839} INFO - DAG(s) dict_keys(['example_branch_dop_operator_v3']) retrieved from /mnt/c/Users/arcan/Documents/airflow/.venv/lib/python3.10/site-packages/airflow/example_dags/example_branch_python_dop_operator_3.py
[2025-06-16T22:09:04.975-0300] {logging_mixin.py:154} INFO - [2025-06-16T22:09:04.975-0300] {dag.py:2941} INFO - Sync 1 DAGs
[2025-06-16T22:09:05.015-0300] {logging_mixin.py:154} INFO - [2025-06-16T22:09:05.015-0300] {dag.py:3722} INFO - Setting next_dagrun for example_branch_dop_operator_v3 to 2025-06-17T01:08:00+00:00, run_after=2025-06-17T01:09:00+00:00
[2025-06-16T22:09:05.130-0300] {processor.py:179} INFO - Processing /mnt/c/Users/arcan/Documents/airflow/.venv/lib/python3.10/site-packages/airflow/example_dags/example_branch_python_dop_operator_3.py took 0.254 seconds
[2025-06-16T22:10:09.260-0300] {processor.py:157} INFO - Started process (PID=58561) to work on /mnt/c/Users/arcan/Documents/airflow/.venv/lib/python3.10/site-packages/airflow/example_dags/example_branch_python_dop_operator_3.py
[2025-06-16T22:10:09.261-0300] {processor.py:829} INFO - Processing file /mnt/c/Users/arcan/Documents/airflow/.venv/lib/python3.10/site-packages/airflow/example_dags/example_branch_python_dop_operator_3.py for tasks to queue
[2025-06-16T22:10:09.264-0300] {logging_mixin.py:154} INFO - [2025-06-16T22:10:09.263-0300] {dagbag.py:536} INFO - Filling up the DagBag from /mnt/c/Users/arcan/Documents/airflow/.venv/lib/python3.10/site-packages/airflow/example_dags/example_branch_python_dop_operator_3.py
[2025-06-16T22:10:09.303-0300] {processor.py:839} INFO - DAG(s) dict_keys(['example_branch_dop_operator_v3']) retrieved from /mnt/c/Users/arcan/Documents/airflow/.venv/lib/python3.10/site-packages/airflow/example_dags/example_branch_python_dop_operator_3.py
[2025-06-16T22:10:09.349-0300] {logging_mixin.py:154} INFO - [2025-06-16T22:10:09.349-0300] {dag.py:2941} INFO - Sync 1 DAGs
[2025-06-16T22:10:09.383-0300] {logging_mixin.py:154} INFO - [2025-06-16T22:10:09.383-0300] {dag.py:3722} INFO - Setting next_dagrun for example_branch_dop_operator_v3 to 2025-06-17T01:09:00+00:00, run_after=2025-06-17T01:10:00+00:00
[2025-06-16T22:10:09.470-0300] {processor.py:179} INFO - Processing /mnt/c/Users/arcan/Documents/airflow/.venv/lib/python3.10/site-packages/airflow/example_dags/example_branch_python_dop_operator_3.py took 0.215 seconds
[2025-06-16T22:11:12.818-0300] {processor.py:157} INFO - Started process (PID=58754) to work on /mnt/c/Users/arcan/Documents/airflow/.venv/lib/python3.10/site-packages/airflow/example_dags/example_branch_python_dop_operator_3.py
[2025-06-16T22:11:12.820-0300] {processor.py:829} INFO - Processing file /mnt/c/Users/arcan/Documents/airflow/.venv/lib/python3.10/site-packages/airflow/example_dags/example_branch_python_dop_operator_3.py for tasks to queue
[2025-06-16T22:11:12.822-0300] {logging_mixin.py:154} INFO - [2025-06-16T22:11:12.821-0300] {dagbag.py:536} INFO - Filling up the DagBag from /mnt/c/Users/arcan/Documents/airflow/.venv/lib/python3.10/site-packages/airflow/example_dags/example_branch_python_dop_operator_3.py
[2025-06-16T22:11:12.863-0300] {processor.py:839} INFO - DAG(s) dict_keys(['example_branch_dop_operator_v3']) retrieved from /mnt/c/Users/arcan/Documents/airflow/.venv/lib/python3.10/site-packages/airflow/example_dags/example_branch_python_dop_operator_3.py
[2025-06-16T22:11:12.903-0300] {logging_mixin.py:154} INFO - [2025-06-16T22:11:12.903-0300] {dag.py:2941} INFO - Sync 1 DAGs
[2025-06-16T22:11:12.936-0300] {logging_mixin.py:154} INFO - [2025-06-16T22:11:12.936-0300] {dag.py:3722} INFO - Setting next_dagrun for example_branch_dop_operator_v3 to 2025-06-17T01:10:00+00:00, run_after=2025-06-17T01:11:00+00:00
[2025-06-16T22:11:13.024-0300] {processor.py:179} INFO - Processing /mnt/c/Users/arcan/Documents/airflow/.venv/lib/python3.10/site-packages/airflow/example_dags/example_branch_python_dop_operator_3.py took 0.211 seconds
[2025-06-16T22:12:12.751-0300] {processor.py:157} INFO - Started process (PID=58935) to work on /mnt/c/Users/arcan/Documents/airflow/.venv/lib/python3.10/site-packages/airflow/example_dags/example_branch_python_dop_operator_3.py
[2025-06-16T22:12:12.753-0300] {processor.py:829} INFO - Processing file /mnt/c/Users/arcan/Documents/airflow/.venv/lib/python3.10/site-packages/airflow/example_dags/example_branch_python_dop_operator_3.py for tasks to queue
[2025-06-16T22:12:12.756-0300] {logging_mixin.py:154} INFO - [2025-06-16T22:12:12.755-0300] {dagbag.py:536} INFO - Filling up the DagBag from /mnt/c/Users/arcan/Documents/airflow/.venv/lib/python3.10/site-packages/airflow/example_dags/example_branch_python_dop_operator_3.py
[2025-06-16T22:12:12.794-0300] {processor.py:839} INFO - DAG(s) dict_keys(['example_branch_dop_operator_v3']) retrieved from /mnt/c/Users/arcan/Documents/airflow/.venv/lib/python3.10/site-packages/airflow/example_dags/example_branch_python_dop_operator_3.py
[2025-06-16T22:12:12.830-0300] {logging_mixin.py:154} INFO - [2025-06-16T22:12:12.830-0300] {dag.py:2941} INFO - Sync 1 DAGs
[2025-06-16T22:12:12.865-0300] {logging_mixin.py:154} INFO - [2025-06-16T22:12:12.864-0300] {dag.py:3722} INFO - Setting next_dagrun for example_branch_dop_operator_v3 to 2025-06-17T01:11:00+00:00, run_after=2025-06-17T01:12:00+00:00
[2025-06-16T22:12:12.952-0300] {processor.py:179} INFO - Processing /mnt/c/Users/arcan/Documents/airflow/.venv/lib/python3.10/site-packages/airflow/example_dags/example_branch_python_dop_operator_3.py took 0.206 seconds
[2025-06-16T22:13:14.407-0300] {processor.py:157} INFO - Started process (PID=59125) to work on /mnt/c/Users/arcan/Documents/airflow/.venv/lib/python3.10/site-packages/airflow/example_dags/example_branch_python_dop_operator_3.py
[2025-06-16T22:13:14.409-0300] {processor.py:829} INFO - Processing file /mnt/c/Users/arcan/Documents/airflow/.venv/lib/python3.10/site-packages/airflow/example_dags/example_branch_python_dop_operator_3.py for tasks to queue
[2025-06-16T22:13:14.410-0300] {logging_mixin.py:154} INFO - [2025-06-16T22:13:14.410-0300] {dagbag.py:536} INFO - Filling up the DagBag from /mnt/c/Users/arcan/Documents/airflow/.venv/lib/python3.10/site-packages/airflow/example_dags/example_branch_python_dop_operator_3.py
[2025-06-16T22:13:14.451-0300] {processor.py:839} INFO - DAG(s) dict_keys(['example_branch_dop_operator_v3']) retrieved from /mnt/c/Users/arcan/Documents/airflow/.venv/lib/python3.10/site-packages/airflow/example_dags/example_branch_python_dop_operator_3.py
[2025-06-16T22:13:14.494-0300] {logging_mixin.py:154} INFO - [2025-06-16T22:13:14.494-0300] {dag.py:2941} INFO - Sync 1 DAGs
[2025-06-16T22:13:14.530-0300] {logging_mixin.py:154} INFO - [2025-06-16T22:13:14.530-0300] {dag.py:3722} INFO - Setting next_dagrun for example_branch_dop_operator_v3 to 2025-06-17T01:12:00+00:00, run_after=2025-06-17T01:13:00+00:00
[2025-06-16T22:13:14.627-0300] {processor.py:179} INFO - Processing /mnt/c/Users/arcan/Documents/airflow/.venv/lib/python3.10/site-packages/airflow/example_dags/example_branch_python_dop_operator_3.py took 0.224 seconds
[2025-06-16T22:14:19.620-0300] {processor.py:157} INFO - Started process (PID=59316) to work on /mnt/c/Users/arcan/Documents/airflow/.venv/lib/python3.10/site-packages/airflow/example_dags/example_branch_python_dop_operator_3.py
[2025-06-16T22:14:19.622-0300] {processor.py:829} INFO - Processing file /mnt/c/Users/arcan/Documents/airflow/.venv/lib/python3.10/site-packages/airflow/example_dags/example_branch_python_dop_operator_3.py for tasks to queue
[2025-06-16T22:14:19.625-0300] {logging_mixin.py:154} INFO - [2025-06-16T22:14:19.624-0300] {dagbag.py:536} INFO - Filling up the DagBag from /mnt/c/Users/arcan/Documents/airflow/.venv/lib/python3.10/site-packages/airflow/example_dags/example_branch_python_dop_operator_3.py
[2025-06-16T22:14:19.677-0300] {processor.py:839} INFO - DAG(s) dict_keys(['example_branch_dop_operator_v3']) retrieved from /mnt/c/Users/arcan/Documents/airflow/.venv/lib/python3.10/site-packages/airflow/example_dags/example_branch_python_dop_operator_3.py
[2025-06-16T22:14:19.731-0300] {logging_mixin.py:154} INFO - [2025-06-16T22:14:19.731-0300] {dag.py:2941} INFO - Sync 1 DAGs
[2025-06-16T22:14:19.773-0300] {logging_mixin.py:154} INFO - [2025-06-16T22:14:19.773-0300] {dag.py:3722} INFO - Setting next_dagrun for example_branch_dop_operator_v3 to 2025-06-17T01:13:00+00:00, run_after=2025-06-17T01:14:00+00:00
[2025-06-16T22:14:19.879-0300] {processor.py:179} INFO - Processing /mnt/c/Users/arcan/Documents/airflow/.venv/lib/python3.10/site-packages/airflow/example_dags/example_branch_python_dop_operator_3.py took 0.264 seconds
[2025-06-16T22:15:28.176-0300] {processor.py:157} INFO - Started process (PID=59522) to work on /mnt/c/Users/arcan/Documents/airflow/.venv/lib/python3.10/site-packages/airflow/example_dags/example_branch_python_dop_operator_3.py
[2025-06-16T22:15:28.178-0300] {processor.py:829} INFO - Processing file /mnt/c/Users/arcan/Documents/airflow/.venv/lib/python3.10/site-packages/airflow/example_dags/example_branch_python_dop_operator_3.py for tasks to queue
[2025-06-16T22:15:28.180-0300] {logging_mixin.py:154} INFO - [2025-06-16T22:15:28.180-0300] {dagbag.py:536} INFO - Filling up the DagBag from /mnt/c/Users/arcan/Documents/airflow/.venv/lib/python3.10/site-packages/airflow/example_dags/example_branch_python_dop_operator_3.py
[2025-06-16T22:15:28.227-0300] {processor.py:839} INFO - DAG(s) dict_keys(['example_branch_dop_operator_v3']) retrieved from /mnt/c/Users/arcan/Documents/airflow/.venv/lib/python3.10/site-packages/airflow/example_dags/example_branch_python_dop_operator_3.py
[2025-06-16T22:15:28.271-0300] {logging_mixin.py:154} INFO - [2025-06-16T22:15:28.271-0300] {dag.py:2941} INFO - Sync 1 DAGs
[2025-06-16T22:15:28.314-0300] {logging_mixin.py:154} INFO - [2025-06-16T22:15:28.314-0300] {dag.py:3722} INFO - Setting next_dagrun for example_branch_dop_operator_v3 to 2025-06-17T01:14:00+00:00, run_after=2025-06-17T01:15:00+00:00
[2025-06-16T22:15:28.413-0300] {processor.py:179} INFO - Processing /mnt/c/Users/arcan/Documents/airflow/.venv/lib/python3.10/site-packages/airflow/example_dags/example_branch_python_dop_operator_3.py took 0.241 seconds
[2025-06-16T22:16:40.353-0300] {processor.py:157} INFO - Started process (PID=59860) to work on /mnt/c/Users/arcan/Documents/airflow/.venv/lib/python3.10/site-packages/airflow/example_dags/example_branch_python_dop_operator_3.py
[2025-06-16T22:16:40.355-0300] {processor.py:829} INFO - Processing file /mnt/c/Users/arcan/Documents/airflow/.venv/lib/python3.10/site-packages/airflow/example_dags/example_branch_python_dop_operator_3.py for tasks to queue
[2025-06-16T22:16:40.357-0300] {logging_mixin.py:154} INFO - [2025-06-16T22:16:40.356-0300] {dagbag.py:536} INFO - Filling up the DagBag from /mnt/c/Users/arcan/Documents/airflow/.venv/lib/python3.10/site-packages/airflow/example_dags/example_branch_python_dop_operator_3.py
[2025-06-16T22:16:40.399-0300] {processor.py:839} INFO - DAG(s) dict_keys(['example_branch_dop_operator_v3']) retrieved from /mnt/c/Users/arcan/Documents/airflow/.venv/lib/python3.10/site-packages/airflow/example_dags/example_branch_python_dop_operator_3.py
[2025-06-16T22:16:40.442-0300] {logging_mixin.py:154} INFO - [2025-06-16T22:16:40.441-0300] {dag.py:2941} INFO - Sync 1 DAGs
[2025-06-16T22:16:40.475-0300] {logging_mixin.py:154} INFO - [2025-06-16T22:16:40.474-0300] {dag.py:3722} INFO - Setting next_dagrun for example_branch_dop_operator_v3 to 2025-06-17T01:15:00+00:00, run_after=2025-06-17T01:16:00+00:00
[2025-06-16T22:16:40.564-0300] {processor.py:179} INFO - Processing /mnt/c/Users/arcan/Documents/airflow/.venv/lib/python3.10/site-packages/airflow/example_dags/example_branch_python_dop_operator_3.py took 0.217 seconds
[2025-06-16T22:17:47.673-0300] {processor.py:157} INFO - Started process (PID=60062) to work on /mnt/c/Users/arcan/Documents/airflow/.venv/lib/python3.10/site-packages/airflow/example_dags/example_branch_python_dop_operator_3.py
[2025-06-16T22:17:47.677-0300] {processor.py:829} INFO - Processing file /mnt/c/Users/arcan/Documents/airflow/.venv/lib/python3.10/site-packages/airflow/example_dags/example_branch_python_dop_operator_3.py for tasks to queue
[2025-06-16T22:17:47.680-0300] {logging_mixin.py:154} INFO - [2025-06-16T22:17:47.679-0300] {dagbag.py:536} INFO - Filling up the DagBag from /mnt/c/Users/arcan/Documents/airflow/.venv/lib/python3.10/site-packages/airflow/example_dags/example_branch_python_dop_operator_3.py
[2025-06-16T22:17:47.748-0300] {processor.py:839} INFO - DAG(s) dict_keys(['example_branch_dop_operator_v3']) retrieved from /mnt/c/Users/arcan/Documents/airflow/.venv/lib/python3.10/site-packages/airflow/example_dags/example_branch_python_dop_operator_3.py
[2025-06-16T22:17:47.812-0300] {logging_mixin.py:154} INFO - [2025-06-16T22:17:47.812-0300] {dag.py:2941} INFO - Sync 1 DAGs
[2025-06-16T22:17:47.861-0300] {logging_mixin.py:154} INFO - [2025-06-16T22:17:47.861-0300] {dag.py:3722} INFO - Setting next_dagrun for example_branch_dop_operator_v3 to 2025-06-17T01:16:00+00:00, run_after=2025-06-17T01:17:00+00:00
[2025-06-16T22:17:48.024-0300] {processor.py:179} INFO - Processing /mnt/c/Users/arcan/Documents/airflow/.venv/lib/python3.10/site-packages/airflow/example_dags/example_branch_python_dop_operator_3.py took 0.361 seconds
[2025-06-16T22:19:15.593-0300] {processor.py:157} INFO - Started process (PID=60316) to work on /mnt/c/Users/arcan/Documents/airflow/.venv/lib/python3.10/site-packages/airflow/example_dags/example_branch_python_dop_operator_3.py
[2025-06-16T22:19:15.596-0300] {processor.py:829} INFO - Processing file /mnt/c/Users/arcan/Documents/airflow/.venv/lib/python3.10/site-packages/airflow/example_dags/example_branch_python_dop_operator_3.py for tasks to queue
[2025-06-16T22:19:15.599-0300] {logging_mixin.py:154} INFO - [2025-06-16T22:19:15.598-0300] {dagbag.py:536} INFO - Filling up the DagBag from /mnt/c/Users/arcan/Documents/airflow/.venv/lib/python3.10/site-packages/airflow/example_dags/example_branch_python_dop_operator_3.py
[2025-06-16T22:19:15.659-0300] {processor.py:839} INFO - DAG(s) dict_keys(['example_branch_dop_operator_v3']) retrieved from /mnt/c/Users/arcan/Documents/airflow/.venv/lib/python3.10/site-packages/airflow/example_dags/example_branch_python_dop_operator_3.py
[2025-06-16T22:19:15.715-0300] {logging_mixin.py:154} INFO - [2025-06-16T22:19:15.715-0300] {dag.py:2941} INFO - Sync 1 DAGs
[2025-06-16T22:19:15.767-0300] {logging_mixin.py:154} INFO - [2025-06-16T22:19:15.767-0300] {dag.py:3722} INFO - Setting next_dagrun for example_branch_dop_operator_v3 to 2025-06-17T01:18:00+00:00, run_after=2025-06-17T01:19:00+00:00
[2025-06-16T22:19:15.917-0300] {processor.py:179} INFO - Processing /mnt/c/Users/arcan/Documents/airflow/.venv/lib/python3.10/site-packages/airflow/example_dags/example_branch_python_dop_operator_3.py took 0.332 seconds
[2025-06-16T22:20:39.599-0300] {processor.py:157} INFO - Started process (PID=60557) to work on /mnt/c/Users/arcan/Documents/airflow/.venv/lib/python3.10/site-packages/airflow/example_dags/example_branch_python_dop_operator_3.py
[2025-06-16T22:20:39.602-0300] {processor.py:829} INFO - Processing file /mnt/c/Users/arcan/Documents/airflow/.venv/lib/python3.10/site-packages/airflow/example_dags/example_branch_python_dop_operator_3.py for tasks to queue
[2025-06-16T22:20:39.605-0300] {logging_mixin.py:154} INFO - [2025-06-16T22:20:39.604-0300] {dagbag.py:536} INFO - Filling up the DagBag from /mnt/c/Users/arcan/Documents/airflow/.venv/lib/python3.10/site-packages/airflow/example_dags/example_branch_python_dop_operator_3.py
[2025-06-16T22:20:39.676-0300] {processor.py:839} INFO - DAG(s) dict_keys(['example_branch_dop_operator_v3']) retrieved from /mnt/c/Users/arcan/Documents/airflow/.venv/lib/python3.10/site-packages/airflow/example_dags/example_branch_python_dop_operator_3.py
[2025-06-16T22:20:39.772-0300] {logging_mixin.py:154} INFO - [2025-06-16T22:20:39.772-0300] {dag.py:2941} INFO - Sync 1 DAGs
[2025-06-16T22:20:39.853-0300] {logging_mixin.py:154} INFO - [2025-06-16T22:20:39.852-0300] {dag.py:3722} INFO - Setting next_dagrun for example_branch_dop_operator_v3 to 2025-06-17T01:19:00+00:00, run_after=2025-06-17T01:20:00+00:00
[2025-06-16T22:20:40.029-0300] {processor.py:179} INFO - Processing /mnt/c/Users/arcan/Documents/airflow/.venv/lib/python3.10/site-packages/airflow/example_dags/example_branch_python_dop_operator_3.py took 0.436 seconds
[2025-06-16T22:22:01.191-0300] {processor.py:157} INFO - Started process (PID=60791) to work on /mnt/c/Users/arcan/Documents/airflow/.venv/lib/python3.10/site-packages/airflow/example_dags/example_branch_python_dop_operator_3.py
[2025-06-16T22:22:01.193-0300] {processor.py:829} INFO - Processing file /mnt/c/Users/arcan/Documents/airflow/.venv/lib/python3.10/site-packages/airflow/example_dags/example_branch_python_dop_operator_3.py for tasks to queue
[2025-06-16T22:22:01.195-0300] {logging_mixin.py:154} INFO - [2025-06-16T22:22:01.195-0300] {dagbag.py:536} INFO - Filling up the DagBag from /mnt/c/Users/arcan/Documents/airflow/.venv/lib/python3.10/site-packages/airflow/example_dags/example_branch_python_dop_operator_3.py
[2025-06-16T22:22:01.253-0300] {processor.py:839} INFO - DAG(s) dict_keys(['example_branch_dop_operator_v3']) retrieved from /mnt/c/Users/arcan/Documents/airflow/.venv/lib/python3.10/site-packages/airflow/example_dags/example_branch_python_dop_operator_3.py
[2025-06-16T22:22:01.306-0300] {logging_mixin.py:154} INFO - [2025-06-16T22:22:01.306-0300] {dag.py:2941} INFO - Sync 1 DAGs
[2025-06-16T22:22:01.352-0300] {logging_mixin.py:154} INFO - [2025-06-16T22:22:01.352-0300] {dag.py:3722} INFO - Setting next_dagrun for example_branch_dop_operator_v3 to 2025-06-17T01:21:00+00:00, run_after=2025-06-17T01:22:00+00:00
[2025-06-16T22:22:01.498-0300] {processor.py:179} INFO - Processing /mnt/c/Users/arcan/Documents/airflow/.venv/lib/python3.10/site-packages/airflow/example_dags/example_branch_python_dop_operator_3.py took 0.312 seconds
[2025-06-16T22:23:26.350-0300] {processor.py:157} INFO - Started process (PID=61032) to work on /mnt/c/Users/arcan/Documents/airflow/.venv/lib/python3.10/site-packages/airflow/example_dags/example_branch_python_dop_operator_3.py
[2025-06-16T22:23:26.352-0300] {processor.py:829} INFO - Processing file /mnt/c/Users/arcan/Documents/airflow/.venv/lib/python3.10/site-packages/airflow/example_dags/example_branch_python_dop_operator_3.py for tasks to queue
[2025-06-16T22:23:26.355-0300] {logging_mixin.py:154} INFO - [2025-06-16T22:23:26.354-0300] {dagbag.py:536} INFO - Filling up the DagBag from /mnt/c/Users/arcan/Documents/airflow/.venv/lib/python3.10/site-packages/airflow/example_dags/example_branch_python_dop_operator_3.py
[2025-06-16T22:23:26.424-0300] {processor.py:839} INFO - DAG(s) dict_keys(['example_branch_dop_operator_v3']) retrieved from /mnt/c/Users/arcan/Documents/airflow/.venv/lib/python3.10/site-packages/airflow/example_dags/example_branch_python_dop_operator_3.py
[2025-06-16T22:23:26.489-0300] {logging_mixin.py:154} INFO - [2025-06-16T22:23:26.488-0300] {dag.py:2941} INFO - Sync 1 DAGs
[2025-06-16T22:23:26.545-0300] {logging_mixin.py:154} INFO - [2025-06-16T22:23:26.545-0300] {dag.py:3722} INFO - Setting next_dagrun for example_branch_dop_operator_v3 to 2025-06-17T01:22:00+00:00, run_after=2025-06-17T01:23:00+00:00
[2025-06-16T22:23:26.691-0300] {processor.py:179} INFO - Processing /mnt/c/Users/arcan/Documents/airflow/.venv/lib/python3.10/site-packages/airflow/example_dags/example_branch_python_dop_operator_3.py took 0.348 seconds
[2025-06-16T22:24:47.703-0300] {processor.py:157} INFO - Started process (PID=61394) to work on /mnt/c/Users/arcan/Documents/airflow/.venv/lib/python3.10/site-packages/airflow/example_dags/example_branch_python_dop_operator_3.py
[2025-06-16T22:24:47.706-0300] {processor.py:829} INFO - Processing file /mnt/c/Users/arcan/Documents/airflow/.venv/lib/python3.10/site-packages/airflow/example_dags/example_branch_python_dop_operator_3.py for tasks to queue
[2025-06-16T22:24:47.709-0300] {logging_mixin.py:154} INFO - [2025-06-16T22:24:47.708-0300] {dagbag.py:536} INFO - Filling up the DagBag from /mnt/c/Users/arcan/Documents/airflow/.venv/lib/python3.10/site-packages/airflow/example_dags/example_branch_python_dop_operator_3.py
[2025-06-16T22:24:47.774-0300] {processor.py:839} INFO - DAG(s) dict_keys(['example_branch_dop_operator_v3']) retrieved from /mnt/c/Users/arcan/Documents/airflow/.venv/lib/python3.10/site-packages/airflow/example_dags/example_branch_python_dop_operator_3.py
[2025-06-16T22:24:47.838-0300] {logging_mixin.py:154} INFO - [2025-06-16T22:24:47.838-0300] {dag.py:2941} INFO - Sync 1 DAGs
[2025-06-16T22:24:47.886-0300] {logging_mixin.py:154} INFO - [2025-06-16T22:24:47.886-0300] {dag.py:3722} INFO - Setting next_dagrun for example_branch_dop_operator_v3 to 2025-06-17T01:23:00+00:00, run_after=2025-06-17T01:24:00+00:00
[2025-06-16T22:24:48.015-0300] {processor.py:179} INFO - Processing /mnt/c/Users/arcan/Documents/airflow/.venv/lib/python3.10/site-packages/airflow/example_dags/example_branch_python_dop_operator_3.py took 0.320 seconds
[2025-06-16T22:26:06.973-0300] {processor.py:157} INFO - Started process (PID=61617) to work on /mnt/c/Users/arcan/Documents/airflow/.venv/lib/python3.10/site-packages/airflow/example_dags/example_branch_python_dop_operator_3.py
[2025-06-16T22:26:06.975-0300] {processor.py:829} INFO - Processing file /mnt/c/Users/arcan/Documents/airflow/.venv/lib/python3.10/site-packages/airflow/example_dags/example_branch_python_dop_operator_3.py for tasks to queue
[2025-06-16T22:26:06.979-0300] {logging_mixin.py:154} INFO - [2025-06-16T22:26:06.977-0300] {dagbag.py:536} INFO - Filling up the DagBag from /mnt/c/Users/arcan/Documents/airflow/.venv/lib/python3.10/site-packages/airflow/example_dags/example_branch_python_dop_operator_3.py
[2025-06-16T22:26:07.042-0300] {processor.py:839} INFO - DAG(s) dict_keys(['example_branch_dop_operator_v3']) retrieved from /mnt/c/Users/arcan/Documents/airflow/.venv/lib/python3.10/site-packages/airflow/example_dags/example_branch_python_dop_operator_3.py
[2025-06-16T22:26:07.101-0300] {logging_mixin.py:154} INFO - [2025-06-16T22:26:07.101-0300] {dag.py:2941} INFO - Sync 1 DAGs
[2025-06-16T22:26:07.152-0300] {logging_mixin.py:154} INFO - [2025-06-16T22:26:07.151-0300] {dag.py:3722} INFO - Setting next_dagrun for example_branch_dop_operator_v3 to 2025-06-17T01:25:00+00:00, run_after=2025-06-17T01:26:00+00:00
[2025-06-16T22:26:07.310-0300] {processor.py:179} INFO - Processing /mnt/c/Users/arcan/Documents/airflow/.venv/lib/python3.10/site-packages/airflow/example_dags/example_branch_python_dop_operator_3.py took 0.345 seconds
[2025-06-16T22:27:27.109-0300] {processor.py:157} INFO - Started process (PID=61851) to work on /mnt/c/Users/arcan/Documents/airflow/.venv/lib/python3.10/site-packages/airflow/example_dags/example_branch_python_dop_operator_3.py
[2025-06-16T22:27:27.111-0300] {processor.py:829} INFO - Processing file /mnt/c/Users/arcan/Documents/airflow/.venv/lib/python3.10/site-packages/airflow/example_dags/example_branch_python_dop_operator_3.py for tasks to queue
[2025-06-16T22:27:27.113-0300] {logging_mixin.py:154} INFO - [2025-06-16T22:27:27.113-0300] {dagbag.py:536} INFO - Filling up the DagBag from /mnt/c/Users/arcan/Documents/airflow/.venv/lib/python3.10/site-packages/airflow/example_dags/example_branch_python_dop_operator_3.py
[2025-06-16T22:27:27.161-0300] {processor.py:839} INFO - DAG(s) dict_keys(['example_branch_dop_operator_v3']) retrieved from /mnt/c/Users/arcan/Documents/airflow/.venv/lib/python3.10/site-packages/airflow/example_dags/example_branch_python_dop_operator_3.py
[2025-06-16T22:27:27.212-0300] {logging_mixin.py:154} INFO - [2025-06-16T22:27:27.212-0300] {dag.py:2941} INFO - Sync 1 DAGs
[2025-06-16T22:27:27.251-0300] {logging_mixin.py:154} INFO - [2025-06-16T22:27:27.250-0300] {dag.py:3722} INFO - Setting next_dagrun for example_branch_dop_operator_v3 to 2025-06-17T01:26:00+00:00, run_after=2025-06-17T01:27:00+00:00
[2025-06-16T22:27:27.370-0300] {processor.py:179} INFO - Processing /mnt/c/Users/arcan/Documents/airflow/.venv/lib/python3.10/site-packages/airflow/example_dags/example_branch_python_dop_operator_3.py took 0.267 seconds
[2025-06-16T22:28:45.484-0300] {processor.py:157} INFO - Started process (PID=62071) to work on /mnt/c/Users/arcan/Documents/airflow/.venv/lib/python3.10/site-packages/airflow/example_dags/example_branch_python_dop_operator_3.py
[2025-06-16T22:28:45.487-0300] {processor.py:829} INFO - Processing file /mnt/c/Users/arcan/Documents/airflow/.venv/lib/python3.10/site-packages/airflow/example_dags/example_branch_python_dop_operator_3.py for tasks to queue
[2025-06-16T22:28:45.489-0300] {logging_mixin.py:154} INFO - [2025-06-16T22:28:45.488-0300] {dagbag.py:536} INFO - Filling up the DagBag from /mnt/c/Users/arcan/Documents/airflow/.venv/lib/python3.10/site-packages/airflow/example_dags/example_branch_python_dop_operator_3.py
[2025-06-16T22:28:45.544-0300] {processor.py:839} INFO - DAG(s) dict_keys(['example_branch_dop_operator_v3']) retrieved from /mnt/c/Users/arcan/Documents/airflow/.venv/lib/python3.10/site-packages/airflow/example_dags/example_branch_python_dop_operator_3.py
[2025-06-16T22:28:45.609-0300] {logging_mixin.py:154} INFO - [2025-06-16T22:28:45.609-0300] {dag.py:2941} INFO - Sync 1 DAGs
[2025-06-16T22:28:45.679-0300] {logging_mixin.py:154} INFO - [2025-06-16T22:28:45.678-0300] {dag.py:3722} INFO - Setting next_dagrun for example_branch_dop_operator_v3 to 2025-06-17T01:27:00+00:00, run_after=2025-06-17T01:28:00+00:00
[2025-06-16T22:28:45.829-0300] {processor.py:179} INFO - Processing /mnt/c/Users/arcan/Documents/airflow/.venv/lib/python3.10/site-packages/airflow/example_dags/example_branch_python_dop_operator_3.py took 0.352 seconds
[2025-06-16T22:30:05.185-0300] {processor.py:157} INFO - Started process (PID=62300) to work on /mnt/c/Users/arcan/Documents/airflow/.venv/lib/python3.10/site-packages/airflow/example_dags/example_branch_python_dop_operator_3.py
[2025-06-16T22:30:05.188-0300] {processor.py:829} INFO - Processing file /mnt/c/Users/arcan/Documents/airflow/.venv/lib/python3.10/site-packages/airflow/example_dags/example_branch_python_dop_operator_3.py for tasks to queue
[2025-06-16T22:30:05.191-0300] {logging_mixin.py:154} INFO - [2025-06-16T22:30:05.190-0300] {dagbag.py:536} INFO - Filling up the DagBag from /mnt/c/Users/arcan/Documents/airflow/.venv/lib/python3.10/site-packages/airflow/example_dags/example_branch_python_dop_operator_3.py
[2025-06-16T22:30:05.247-0300] {processor.py:839} INFO - DAG(s) dict_keys(['example_branch_dop_operator_v3']) retrieved from /mnt/c/Users/arcan/Documents/airflow/.venv/lib/python3.10/site-packages/airflow/example_dags/example_branch_python_dop_operator_3.py
[2025-06-16T22:30:05.302-0300] {logging_mixin.py:154} INFO - [2025-06-16T22:30:05.301-0300] {dag.py:2941} INFO - Sync 1 DAGs
[2025-06-16T22:30:05.346-0300] {logging_mixin.py:154} INFO - [2025-06-16T22:30:05.346-0300] {dag.py:3722} INFO - Setting next_dagrun for example_branch_dop_operator_v3 to 2025-06-17T01:29:00+00:00, run_after=2025-06-17T01:30:00+00:00
[2025-06-16T22:30:05.464-0300] {processor.py:179} INFO - Processing /mnt/c/Users/arcan/Documents/airflow/.venv/lib/python3.10/site-packages/airflow/example_dags/example_branch_python_dop_operator_3.py took 0.286 seconds
[2025-06-16T22:31:20.041-0300] {processor.py:157} INFO - Started process (PID=62517) to work on /mnt/c/Users/arcan/Documents/airflow/.venv/lib/python3.10/site-packages/airflow/example_dags/example_branch_python_dop_operator_3.py
[2025-06-16T22:31:20.044-0300] {processor.py:829} INFO - Processing file /mnt/c/Users/arcan/Documents/airflow/.venv/lib/python3.10/site-packages/airflow/example_dags/example_branch_python_dop_operator_3.py for tasks to queue
[2025-06-16T22:31:20.047-0300] {logging_mixin.py:154} INFO - [2025-06-16T22:31:20.046-0300] {dagbag.py:536} INFO - Filling up the DagBag from /mnt/c/Users/arcan/Documents/airflow/.venv/lib/python3.10/site-packages/airflow/example_dags/example_branch_python_dop_operator_3.py
[2025-06-16T22:31:20.105-0300] {processor.py:839} INFO - DAG(s) dict_keys(['example_branch_dop_operator_v3']) retrieved from /mnt/c/Users/arcan/Documents/airflow/.venv/lib/python3.10/site-packages/airflow/example_dags/example_branch_python_dop_operator_3.py
[2025-06-16T22:31:20.158-0300] {logging_mixin.py:154} INFO - [2025-06-16T22:31:20.158-0300] {dag.py:2941} INFO - Sync 1 DAGs
[2025-06-16T22:31:20.201-0300] {logging_mixin.py:154} INFO - [2025-06-16T22:31:20.201-0300] {dag.py:3722} INFO - Setting next_dagrun for example_branch_dop_operator_v3 to 2025-06-17T01:30:00+00:00, run_after=2025-06-17T01:31:00+00:00
[2025-06-16T22:31:20.349-0300] {processor.py:179} INFO - Processing /mnt/c/Users/arcan/Documents/airflow/.venv/lib/python3.10/site-packages/airflow/example_dags/example_branch_python_dop_operator_3.py took 0.314 seconds
[2025-06-16T22:33:01.456-0300] {processor.py:157} INFO - Started process (PID=62887) to work on /mnt/c/Users/arcan/Documents/airflow/.venv/lib/python3.10/site-packages/airflow/example_dags/example_branch_python_dop_operator_3.py
[2025-06-16T22:33:01.459-0300] {processor.py:829} INFO - Processing file /mnt/c/Users/arcan/Documents/airflow/.venv/lib/python3.10/site-packages/airflow/example_dags/example_branch_python_dop_operator_3.py for tasks to queue
[2025-06-16T22:33:01.462-0300] {logging_mixin.py:154} INFO - [2025-06-16T22:33:01.461-0300] {dagbag.py:536} INFO - Filling up the DagBag from /mnt/c/Users/arcan/Documents/airflow/.venv/lib/python3.10/site-packages/airflow/example_dags/example_branch_python_dop_operator_3.py
[2025-06-16T22:33:01.521-0300] {processor.py:839} INFO - DAG(s) dict_keys(['example_branch_dop_operator_v3']) retrieved from /mnt/c/Users/arcan/Documents/airflow/.venv/lib/python3.10/site-packages/airflow/example_dags/example_branch_python_dop_operator_3.py
[2025-06-16T22:33:01.577-0300] {logging_mixin.py:154} INFO - [2025-06-16T22:33:01.577-0300] {dag.py:2941} INFO - Sync 1 DAGs
[2025-06-16T22:33:01.626-0300] {logging_mixin.py:154} INFO - [2025-06-16T22:33:01.626-0300] {dag.py:3722} INFO - Setting next_dagrun for example_branch_dop_operator_v3 to 2025-06-17T01:32:00+00:00, run_after=2025-06-17T01:33:00+00:00
[2025-06-16T22:33:01.755-0300] {processor.py:179} INFO - Processing /mnt/c/Users/arcan/Documents/airflow/.venv/lib/python3.10/site-packages/airflow/example_dags/example_branch_python_dop_operator_3.py took 0.306 seconds
[2025-06-17T20:51:16.389-0300] {processor.py:157} INFO - Started process (PID=63680) to work on /mnt/c/Users/arcan/Documents/airflow/.venv/lib/python3.10/site-packages/airflow/example_dags/example_branch_python_dop_operator_3.py
[2025-06-17T20:51:16.391-0300] {processor.py:829} INFO - Processing file /mnt/c/Users/arcan/Documents/airflow/.venv/lib/python3.10/site-packages/airflow/example_dags/example_branch_python_dop_operator_3.py for tasks to queue
[2025-06-17T20:51:16.394-0300] {logging_mixin.py:154} INFO - [2025-06-17T20:51:16.393-0300] {dagbag.py:536} INFO - Filling up the DagBag from /mnt/c/Users/arcan/Documents/airflow/.venv/lib/python3.10/site-packages/airflow/example_dags/example_branch_python_dop_operator_3.py
[2025-06-17T20:51:16.452-0300] {processor.py:839} INFO - DAG(s) dict_keys(['example_branch_dop_operator_v3']) retrieved from /mnt/c/Users/arcan/Documents/airflow/.venv/lib/python3.10/site-packages/airflow/example_dags/example_branch_python_dop_operator_3.py
[2025-06-17T20:51:16.508-0300] {logging_mixin.py:154} INFO - [2025-06-17T20:51:16.507-0300] {dag.py:2941} INFO - Sync 1 DAGs
[2025-06-17T20:51:16.561-0300] {logging_mixin.py:154} INFO - [2025-06-17T20:51:16.561-0300] {dag.py:3722} INFO - Setting next_dagrun for example_branch_dop_operator_v3 to 2025-06-17T23:50:00+00:00, run_after=2025-06-17T23:51:00+00:00
[2025-06-17T20:51:16.698-0300] {processor.py:179} INFO - Processing /mnt/c/Users/arcan/Documents/airflow/.venv/lib/python3.10/site-packages/airflow/example_dags/example_branch_python_dop_operator_3.py took 0.315 seconds
[2025-06-17T20:52:41.761-0300] {processor.py:157} INFO - Started process (PID=63919) to work on /mnt/c/Users/arcan/Documents/airflow/.venv/lib/python3.10/site-packages/airflow/example_dags/example_branch_python_dop_operator_3.py
[2025-06-17T20:52:41.763-0300] {processor.py:829} INFO - Processing file /mnt/c/Users/arcan/Documents/airflow/.venv/lib/python3.10/site-packages/airflow/example_dags/example_branch_python_dop_operator_3.py for tasks to queue
[2025-06-17T20:52:41.764-0300] {logging_mixin.py:154} INFO - [2025-06-17T20:52:41.764-0300] {dagbag.py:536} INFO - Filling up the DagBag from /mnt/c/Users/arcan/Documents/airflow/.venv/lib/python3.10/site-packages/airflow/example_dags/example_branch_python_dop_operator_3.py
[2025-06-17T20:52:41.807-0300] {processor.py:839} INFO - DAG(s) dict_keys(['example_branch_dop_operator_v3']) retrieved from /mnt/c/Users/arcan/Documents/airflow/.venv/lib/python3.10/site-packages/airflow/example_dags/example_branch_python_dop_operator_3.py
[2025-06-17T20:52:41.849-0300] {logging_mixin.py:154} INFO - [2025-06-17T20:52:41.849-0300] {dag.py:2941} INFO - Sync 1 DAGs
[2025-06-17T20:52:41.889-0300] {logging_mixin.py:154} INFO - [2025-06-17T20:52:41.889-0300] {dag.py:3722} INFO - Setting next_dagrun for example_branch_dop_operator_v3 to 2025-06-17T23:51:00+00:00, run_after=2025-06-17T23:52:00+00:00
[2025-06-17T20:52:41.988-0300] {processor.py:179} INFO - Processing /mnt/c/Users/arcan/Documents/airflow/.venv/lib/python3.10/site-packages/airflow/example_dags/example_branch_python_dop_operator_3.py took 0.232 seconds
[2025-06-17T20:54:00.904-0300] {processor.py:157} INFO - Started process (PID=64262) to work on /mnt/c/Users/arcan/Documents/airflow/.venv/lib/python3.10/site-packages/airflow/example_dags/example_branch_python_dop_operator_3.py
[2025-06-17T20:54:00.906-0300] {processor.py:829} INFO - Processing file /mnt/c/Users/arcan/Documents/airflow/.venv/lib/python3.10/site-packages/airflow/example_dags/example_branch_python_dop_operator_3.py for tasks to queue
[2025-06-17T20:54:00.907-0300] {logging_mixin.py:154} INFO - [2025-06-17T20:54:00.907-0300] {dagbag.py:536} INFO - Filling up the DagBag from /mnt/c/Users/arcan/Documents/airflow/.venv/lib/python3.10/site-packages/airflow/example_dags/example_branch_python_dop_operator_3.py
[2025-06-17T20:54:00.954-0300] {processor.py:839} INFO - DAG(s) dict_keys(['example_branch_dop_operator_v3']) retrieved from /mnt/c/Users/arcan/Documents/airflow/.venv/lib/python3.10/site-packages/airflow/example_dags/example_branch_python_dop_operator_3.py
[2025-06-17T20:54:01.001-0300] {logging_mixin.py:154} INFO - [2025-06-17T20:54:01.001-0300] {dag.py:2941} INFO - Sync 1 DAGs
[2025-06-17T20:54:01.040-0300] {logging_mixin.py:154} INFO - [2025-06-17T20:54:01.039-0300] {dag.py:3722} INFO - Setting next_dagrun for example_branch_dop_operator_v3 to 2025-06-17T23:53:00+00:00, run_after=2025-06-17T23:54:00+00:00
[2025-06-17T20:54:01.165-0300] {processor.py:179} INFO - Processing /mnt/c/Users/arcan/Documents/airflow/.venv/lib/python3.10/site-packages/airflow/example_dags/example_branch_python_dop_operator_3.py took 0.266 seconds
[2025-06-17T20:55:08.110-0300] {processor.py:157} INFO - Started process (PID=64463) to work on /mnt/c/Users/arcan/Documents/airflow/.venv/lib/python3.10/site-packages/airflow/example_dags/example_branch_python_dop_operator_3.py
[2025-06-17T20:55:08.116-0300] {processor.py:829} INFO - Processing file /mnt/c/Users/arcan/Documents/airflow/.venv/lib/python3.10/site-packages/airflow/example_dags/example_branch_python_dop_operator_3.py for tasks to queue
[2025-06-17T20:55:08.118-0300] {logging_mixin.py:154} INFO - [2025-06-17T20:55:08.117-0300] {dagbag.py:536} INFO - Filling up the DagBag from /mnt/c/Users/arcan/Documents/airflow/.venv/lib/python3.10/site-packages/airflow/example_dags/example_branch_python_dop_operator_3.py
[2025-06-17T20:55:08.166-0300] {processor.py:839} INFO - DAG(s) dict_keys(['example_branch_dop_operator_v3']) retrieved from /mnt/c/Users/arcan/Documents/airflow/.venv/lib/python3.10/site-packages/airflow/example_dags/example_branch_python_dop_operator_3.py
[2025-06-17T20:55:08.210-0300] {logging_mixin.py:154} INFO - [2025-06-17T20:55:08.210-0300] {dag.py:2941} INFO - Sync 1 DAGs
[2025-06-17T20:55:08.246-0300] {logging_mixin.py:154} INFO - [2025-06-17T20:55:08.246-0300] {dag.py:3722} INFO - Setting next_dagrun for example_branch_dop_operator_v3 to 2025-06-17T23:54:00+00:00, run_after=2025-06-17T23:55:00+00:00
[2025-06-17T20:55:08.368-0300] {processor.py:179} INFO - Processing /mnt/c/Users/arcan/Documents/airflow/.venv/lib/python3.10/site-packages/airflow/example_dags/example_branch_python_dop_operator_3.py took 0.267 seconds
