[2025-06-16T22:03:45.413-0300] {processor.py:157} INFO - Started process (PID=57279) to work on /mnt/c/Users/arcan/Documents/airflow/.venv/lib/python3.10/site-packages/airflow/example_dags/example_subdag_operator.py
[2025-06-16T22:03:45.416-0300] {processor.py:829} INFO - Processing file /mnt/c/Users/arcan/Documents/airflow/.venv/lib/python3.10/site-packages/airflow/example_dags/example_subdag_operator.py for tasks to queue
[2025-06-16T22:03:45.419-0300] {logging_mixin.py:154} INFO - [2025-06-16T22:03:45.418-0300] {dagbag.py:536} INFO - Filling up the DagBag from /mnt/c/Users/arcan/Documents/airflow/.venv/lib/python3.10/site-packages/airflow/example_dags/example_subdag_operator.py
[2025-06-16T22:03:45.552-0300] {processor.py:839} INFO - DAG(s) dict_keys(['example_subdag_operator.section-1', 'example_subdag_operator.section-2', 'example_subdag_operator']) retrieved from /mnt/c/Users/arcan/Documents/airflow/.venv/lib/python3.10/site-packages/airflow/example_dags/example_subdag_operator.py
[2025-06-16T22:03:45.603-0300] {logging_mixin.py:154} INFO - [2025-06-16T22:03:45.602-0300] {dag.py:2941} INFO - Sync 3 DAGs
[2025-06-16T22:03:45.648-0300] {logging_mixin.py:154} INFO - [2025-06-16T22:03:45.647-0300] {dag.py:3722} INFO - Setting next_dagrun for example_subdag_operator to 2022-01-01T00:00:00+00:00, run_after=2022-01-01T00:00:00+00:00
[2025-06-16T22:03:45.657-0300] {logging_mixin.py:154} INFO - [2025-06-16T22:03:45.656-0300] {dag.py:3722} INFO - Setting next_dagrun for example_subdag_operator.section-1 to None, run_after=None
[2025-06-16T22:03:45.662-0300] {logging_mixin.py:154} INFO - [2025-06-16T22:03:45.661-0300] {dag.py:3722} INFO - Setting next_dagrun for example_subdag_operator.section-2 to None, run_after=None
[2025-06-16T22:03:45.690-0300] {logging_mixin.py:154} INFO - [2025-06-16T22:03:45.690-0300] {dag.py:2941} INFO - Sync 2 DAGs
[2025-06-16T22:03:45.699-0300] {logging_mixin.py:154} INFO - [2025-06-16T22:03:45.698-0300] {dag.py:3722} INFO - Setting next_dagrun for example_subdag_operator.section-1 to None, run_after=None
[2025-06-16T22:03:45.699-0300] {logging_mixin.py:154} INFO - [2025-06-16T22:03:45.699-0300] {dag.py:3722} INFO - Setting next_dagrun for example_subdag_operator.section-2 to None, run_after=None
[2025-06-16T22:03:45.787-0300] {processor.py:179} INFO - Processing /mnt/c/Users/arcan/Documents/airflow/.venv/lib/python3.10/site-packages/airflow/example_dags/example_subdag_operator.py took 0.386 seconds
[2025-06-16T22:04:43.323-0300] {processor.py:157} INFO - Started process (PID=57458) to work on /mnt/c/Users/arcan/Documents/airflow/.venv/lib/python3.10/site-packages/airflow/example_dags/example_subdag_operator.py
[2025-06-16T22:04:43.325-0300] {processor.py:829} INFO - Processing file /mnt/c/Users/arcan/Documents/airflow/.venv/lib/python3.10/site-packages/airflow/example_dags/example_subdag_operator.py for tasks to queue
[2025-06-16T22:04:43.328-0300] {logging_mixin.py:154} INFO - [2025-06-16T22:04:43.327-0300] {dagbag.py:536} INFO - Filling up the DagBag from /mnt/c/Users/arcan/Documents/airflow/.venv/lib/python3.10/site-packages/airflow/example_dags/example_subdag_operator.py
[2025-06-16T22:04:43.464-0300] {processor.py:839} INFO - DAG(s) dict_keys(['example_subdag_operator.section-1', 'example_subdag_operator.section-2', 'example_subdag_operator']) retrieved from /mnt/c/Users/arcan/Documents/airflow/.venv/lib/python3.10/site-packages/airflow/example_dags/example_subdag_operator.py
[2025-06-16T22:04:43.515-0300] {logging_mixin.py:154} INFO - [2025-06-16T22:04:43.514-0300] {dag.py:2941} INFO - Sync 3 DAGs
[2025-06-16T22:04:43.561-0300] {logging_mixin.py:154} INFO - [2025-06-16T22:04:43.560-0300] {dag.py:3722} INFO - Setting next_dagrun for example_subdag_operator to 2022-01-01T00:00:00+00:00, run_after=2022-01-01T00:00:00+00:00
[2025-06-16T22:04:43.572-0300] {logging_mixin.py:154} INFO - [2025-06-16T22:04:43.572-0300] {dag.py:3722} INFO - Setting next_dagrun for example_subdag_operator.section-1 to None, run_after=None
[2025-06-16T22:04:43.577-0300] {logging_mixin.py:154} INFO - [2025-06-16T22:04:43.577-0300] {dag.py:3722} INFO - Setting next_dagrun for example_subdag_operator.section-2 to None, run_after=None
[2025-06-16T22:04:43.612-0300] {logging_mixin.py:154} INFO - [2025-06-16T22:04:43.612-0300] {dag.py:2941} INFO - Sync 2 DAGs
[2025-06-16T22:04:43.620-0300] {logging_mixin.py:154} INFO - [2025-06-16T22:04:43.620-0300] {dag.py:3722} INFO - Setting next_dagrun for example_subdag_operator.section-1 to None, run_after=None
[2025-06-16T22:04:43.621-0300] {logging_mixin.py:154} INFO - [2025-06-16T22:04:43.621-0300] {dag.py:3722} INFO - Setting next_dagrun for example_subdag_operator.section-2 to None, run_after=None
[2025-06-16T22:04:43.727-0300] {processor.py:179} INFO - Processing /mnt/c/Users/arcan/Documents/airflow/.venv/lib/python3.10/site-packages/airflow/example_dags/example_subdag_operator.py took 0.410 seconds
[2025-06-16T22:05:56.825-0300] {processor.py:157} INFO - Started process (PID=57691) to work on /mnt/c/Users/arcan/Documents/airflow/.venv/lib/python3.10/site-packages/airflow/example_dags/example_subdag_operator.py
[2025-06-16T22:05:56.827-0300] {processor.py:829} INFO - Processing file /mnt/c/Users/arcan/Documents/airflow/.venv/lib/python3.10/site-packages/airflow/example_dags/example_subdag_operator.py for tasks to queue
[2025-06-16T22:05:56.830-0300] {logging_mixin.py:154} INFO - [2025-06-16T22:05:56.829-0300] {dagbag.py:536} INFO - Filling up the DagBag from /mnt/c/Users/arcan/Documents/airflow/.venv/lib/python3.10/site-packages/airflow/example_dags/example_subdag_operator.py
[2025-06-16T22:05:56.972-0300] {processor.py:839} INFO - DAG(s) dict_keys(['example_subdag_operator.section-1', 'example_subdag_operator.section-2', 'example_subdag_operator']) retrieved from /mnt/c/Users/arcan/Documents/airflow/.venv/lib/python3.10/site-packages/airflow/example_dags/example_subdag_operator.py
[2025-06-16T22:05:57.032-0300] {logging_mixin.py:154} INFO - [2025-06-16T22:05:57.031-0300] {dag.py:2941} INFO - Sync 3 DAGs
[2025-06-16T22:05:57.082-0300] {logging_mixin.py:154} INFO - [2025-06-16T22:05:57.082-0300] {dag.py:3722} INFO - Setting next_dagrun for example_subdag_operator to 2022-01-01T00:00:00+00:00, run_after=2022-01-01T00:00:00+00:00
[2025-06-16T22:05:57.095-0300] {logging_mixin.py:154} INFO - [2025-06-16T22:05:57.095-0300] {dag.py:3722} INFO - Setting next_dagrun for example_subdag_operator.section-1 to None, run_after=None
[2025-06-16T22:05:57.102-0300] {logging_mixin.py:154} INFO - [2025-06-16T22:05:57.102-0300] {dag.py:3722} INFO - Setting next_dagrun for example_subdag_operator.section-2 to None, run_after=None
[2025-06-16T22:05:57.142-0300] {logging_mixin.py:154} INFO - [2025-06-16T22:05:57.142-0300] {dag.py:2941} INFO - Sync 2 DAGs
[2025-06-16T22:05:57.151-0300] {logging_mixin.py:154} INFO - [2025-06-16T22:05:57.150-0300] {dag.py:3722} INFO - Setting next_dagrun for example_subdag_operator.section-1 to None, run_after=None
[2025-06-16T22:05:57.152-0300] {logging_mixin.py:154} INFO - [2025-06-16T22:05:57.152-0300] {dag.py:3722} INFO - Setting next_dagrun for example_subdag_operator.section-2 to None, run_after=None
[2025-06-16T22:05:57.263-0300] {processor.py:179} INFO - Processing /mnt/c/Users/arcan/Documents/airflow/.venv/lib/python3.10/site-packages/airflow/example_dags/example_subdag_operator.py took 0.447 seconds
[2025-06-16T22:07:05.975-0300] {processor.py:157} INFO - Started process (PID=57897) to work on /mnt/c/Users/arcan/Documents/airflow/.venv/lib/python3.10/site-packages/airflow/example_dags/example_subdag_operator.py
[2025-06-16T22:07:05.978-0300] {processor.py:829} INFO - Processing file /mnt/c/Users/arcan/Documents/airflow/.venv/lib/python3.10/site-packages/airflow/example_dags/example_subdag_operator.py for tasks to queue
[2025-06-16T22:07:05.980-0300] {logging_mixin.py:154} INFO - [2025-06-16T22:07:05.980-0300] {dagbag.py:536} INFO - Filling up the DagBag from /mnt/c/Users/arcan/Documents/airflow/.venv/lib/python3.10/site-packages/airflow/example_dags/example_subdag_operator.py
[2025-06-16T22:07:06.103-0300] {processor.py:839} INFO - DAG(s) dict_keys(['example_subdag_operator.section-1', 'example_subdag_operator.section-2', 'example_subdag_operator']) retrieved from /mnt/c/Users/arcan/Documents/airflow/.venv/lib/python3.10/site-packages/airflow/example_dags/example_subdag_operator.py
[2025-06-16T22:07:06.154-0300] {logging_mixin.py:154} INFO - [2025-06-16T22:07:06.153-0300] {dag.py:2941} INFO - Sync 3 DAGs
[2025-06-16T22:07:06.194-0300] {logging_mixin.py:154} INFO - [2025-06-16T22:07:06.194-0300] {dag.py:3722} INFO - Setting next_dagrun for example_subdag_operator to 2022-01-01T00:00:00+00:00, run_after=2022-01-01T00:00:00+00:00
[2025-06-16T22:07:06.203-0300] {logging_mixin.py:154} INFO - [2025-06-16T22:07:06.203-0300] {dag.py:3722} INFO - Setting next_dagrun for example_subdag_operator.section-1 to None, run_after=None
[2025-06-16T22:07:06.208-0300] {logging_mixin.py:154} INFO - [2025-06-16T22:07:06.208-0300] {dag.py:3722} INFO - Setting next_dagrun for example_subdag_operator.section-2 to None, run_after=None
[2025-06-16T22:07:06.238-0300] {logging_mixin.py:154} INFO - [2025-06-16T22:07:06.237-0300] {dag.py:2941} INFO - Sync 2 DAGs
[2025-06-16T22:07:06.245-0300] {logging_mixin.py:154} INFO - [2025-06-16T22:07:06.245-0300] {dag.py:3722} INFO - Setting next_dagrun for example_subdag_operator.section-1 to None, run_after=None
[2025-06-16T22:07:06.246-0300] {logging_mixin.py:154} INFO - [2025-06-16T22:07:06.246-0300] {dag.py:3722} INFO - Setting next_dagrun for example_subdag_operator.section-2 to None, run_after=None
[2025-06-16T22:07:06.346-0300] {processor.py:179} INFO - Processing /mnt/c/Users/arcan/Documents/airflow/.venv/lib/python3.10/site-packages/airflow/example_dags/example_subdag_operator.py took 0.379 seconds
[2025-06-16T22:08:20.495-0300] {processor.py:157} INFO - Started process (PID=58118) to work on /mnt/c/Users/arcan/Documents/airflow/.venv/lib/python3.10/site-packages/airflow/example_dags/example_subdag_operator.py
[2025-06-16T22:08:20.497-0300] {processor.py:829} INFO - Processing file /mnt/c/Users/arcan/Documents/airflow/.venv/lib/python3.10/site-packages/airflow/example_dags/example_subdag_operator.py for tasks to queue
[2025-06-16T22:08:20.498-0300] {logging_mixin.py:154} INFO - [2025-06-16T22:08:20.497-0300] {dagbag.py:536} INFO - Filling up the DagBag from /mnt/c/Users/arcan/Documents/airflow/.venv/lib/python3.10/site-packages/airflow/example_dags/example_subdag_operator.py
[2025-06-16T22:08:20.580-0300] {processor.py:839} INFO - DAG(s) dict_keys(['example_subdag_operator.section-1', 'example_subdag_operator.section-2', 'example_subdag_operator']) retrieved from /mnt/c/Users/arcan/Documents/airflow/.venv/lib/python3.10/site-packages/airflow/example_dags/example_subdag_operator.py
[2025-06-16T22:08:20.612-0300] {logging_mixin.py:154} INFO - [2025-06-16T22:08:20.612-0300] {dag.py:2941} INFO - Sync 3 DAGs
[2025-06-16T22:08:20.639-0300] {logging_mixin.py:154} INFO - [2025-06-16T22:08:20.639-0300] {dag.py:3722} INFO - Setting next_dagrun for example_subdag_operator to 2022-01-01T00:00:00+00:00, run_after=2022-01-01T00:00:00+00:00
[2025-06-16T22:08:20.645-0300] {logging_mixin.py:154} INFO - [2025-06-16T22:08:20.645-0300] {dag.py:3722} INFO - Setting next_dagrun for example_subdag_operator.section-1 to None, run_after=None
[2025-06-16T22:08:20.648-0300] {logging_mixin.py:154} INFO - [2025-06-16T22:08:20.648-0300] {dag.py:3722} INFO - Setting next_dagrun for example_subdag_operator.section-2 to None, run_after=None
[2025-06-16T22:08:20.669-0300] {logging_mixin.py:154} INFO - [2025-06-16T22:08:20.668-0300] {dag.py:2941} INFO - Sync 2 DAGs
[2025-06-16T22:08:20.676-0300] {logging_mixin.py:154} INFO - [2025-06-16T22:08:20.675-0300] {dag.py:3722} INFO - Setting next_dagrun for example_subdag_operator.section-1 to None, run_after=None
[2025-06-16T22:08:20.676-0300] {logging_mixin.py:154} INFO - [2025-06-16T22:08:20.676-0300] {dag.py:3722} INFO - Setting next_dagrun for example_subdag_operator.section-2 to None, run_after=None
[2025-06-16T22:08:20.742-0300] {processor.py:179} INFO - Processing /mnt/c/Users/arcan/Documents/airflow/.venv/lib/python3.10/site-packages/airflow/example_dags/example_subdag_operator.py took 0.252 seconds
[2025-06-16T22:09:29.487-0300] {processor.py:157} INFO - Started process (PID=58448) to work on /mnt/c/Users/arcan/Documents/airflow/.venv/lib/python3.10/site-packages/airflow/example_dags/example_subdag_operator.py
[2025-06-16T22:09:29.488-0300] {processor.py:829} INFO - Processing file /mnt/c/Users/arcan/Documents/airflow/.venv/lib/python3.10/site-packages/airflow/example_dags/example_subdag_operator.py for tasks to queue
[2025-06-16T22:09:29.491-0300] {logging_mixin.py:154} INFO - [2025-06-16T22:09:29.490-0300] {dagbag.py:536} INFO - Filling up the DagBag from /mnt/c/Users/arcan/Documents/airflow/.venv/lib/python3.10/site-packages/airflow/example_dags/example_subdag_operator.py
[2025-06-16T22:09:29.599-0300] {processor.py:839} INFO - DAG(s) dict_keys(['example_subdag_operator.section-1', 'example_subdag_operator.section-2', 'example_subdag_operator']) retrieved from /mnt/c/Users/arcan/Documents/airflow/.venv/lib/python3.10/site-packages/airflow/example_dags/example_subdag_operator.py
[2025-06-16T22:09:29.638-0300] {logging_mixin.py:154} INFO - [2025-06-16T22:09:29.638-0300] {dag.py:2941} INFO - Sync 3 DAGs
[2025-06-16T22:09:29.670-0300] {logging_mixin.py:154} INFO - [2025-06-16T22:09:29.669-0300] {dag.py:3722} INFO - Setting next_dagrun for example_subdag_operator to 2022-01-01T00:00:00+00:00, run_after=2022-01-01T00:00:00+00:00
[2025-06-16T22:09:29.677-0300] {logging_mixin.py:154} INFO - [2025-06-16T22:09:29.676-0300] {dag.py:3722} INFO - Setting next_dagrun for example_subdag_operator.section-1 to None, run_after=None
[2025-06-16T22:09:29.681-0300] {logging_mixin.py:154} INFO - [2025-06-16T22:09:29.680-0300] {dag.py:3722} INFO - Setting next_dagrun for example_subdag_operator.section-2 to None, run_after=None
[2025-06-16T22:09:29.705-0300] {logging_mixin.py:154} INFO - [2025-06-16T22:09:29.705-0300] {dag.py:2941} INFO - Sync 2 DAGs
[2025-06-16T22:09:29.710-0300] {logging_mixin.py:154} INFO - [2025-06-16T22:09:29.710-0300] {dag.py:3722} INFO - Setting next_dagrun for example_subdag_operator.section-1 to None, run_after=None
[2025-06-16T22:09:29.711-0300] {logging_mixin.py:154} INFO - [2025-06-16T22:09:29.711-0300] {dag.py:3722} INFO - Setting next_dagrun for example_subdag_operator.section-2 to None, run_after=None
[2025-06-16T22:09:29.784-0300] {processor.py:179} INFO - Processing /mnt/c/Users/arcan/Documents/airflow/.venv/lib/python3.10/site-packages/airflow/example_dags/example_subdag_operator.py took 0.303 seconds
[2025-06-16T22:10:33.373-0300] {processor.py:157} INFO - Started process (PID=58637) to work on /mnt/c/Users/arcan/Documents/airflow/.venv/lib/python3.10/site-packages/airflow/example_dags/example_subdag_operator.py
[2025-06-16T22:10:33.375-0300] {processor.py:829} INFO - Processing file /mnt/c/Users/arcan/Documents/airflow/.venv/lib/python3.10/site-packages/airflow/example_dags/example_subdag_operator.py for tasks to queue
[2025-06-16T22:10:33.376-0300] {logging_mixin.py:154} INFO - [2025-06-16T22:10:33.376-0300] {dagbag.py:536} INFO - Filling up the DagBag from /mnt/c/Users/arcan/Documents/airflow/.venv/lib/python3.10/site-packages/airflow/example_dags/example_subdag_operator.py
[2025-06-16T22:10:33.460-0300] {processor.py:839} INFO - DAG(s) dict_keys(['example_subdag_operator.section-1', 'example_subdag_operator.section-2', 'example_subdag_operator']) retrieved from /mnt/c/Users/arcan/Documents/airflow/.venv/lib/python3.10/site-packages/airflow/example_dags/example_subdag_operator.py
[2025-06-16T22:10:33.507-0300] {logging_mixin.py:154} INFO - [2025-06-16T22:10:33.507-0300] {dag.py:2941} INFO - Sync 3 DAGs
[2025-06-16T22:10:33.548-0300] {logging_mixin.py:154} INFO - [2025-06-16T22:10:33.548-0300] {dag.py:3722} INFO - Setting next_dagrun for example_subdag_operator to 2022-01-01T00:00:00+00:00, run_after=2022-01-01T00:00:00+00:00
[2025-06-16T22:10:33.555-0300] {logging_mixin.py:154} INFO - [2025-06-16T22:10:33.554-0300] {dag.py:3722} INFO - Setting next_dagrun for example_subdag_operator.section-1 to None, run_after=None
[2025-06-16T22:10:33.559-0300] {logging_mixin.py:154} INFO - [2025-06-16T22:10:33.559-0300] {dag.py:3722} INFO - Setting next_dagrun for example_subdag_operator.section-2 to None, run_after=None
[2025-06-16T22:10:33.603-0300] {logging_mixin.py:154} INFO - [2025-06-16T22:10:33.603-0300] {dag.py:2941} INFO - Sync 2 DAGs
[2025-06-16T22:10:33.608-0300] {logging_mixin.py:154} INFO - [2025-06-16T22:10:33.608-0300] {dag.py:3722} INFO - Setting next_dagrun for example_subdag_operator.section-1 to None, run_after=None
[2025-06-16T22:10:33.609-0300] {logging_mixin.py:154} INFO - [2025-06-16T22:10:33.609-0300] {dag.py:3722} INFO - Setting next_dagrun for example_subdag_operator.section-2 to None, run_after=None
[2025-06-16T22:10:33.679-0300] {processor.py:179} INFO - Processing /mnt/c/Users/arcan/Documents/airflow/.venv/lib/python3.10/site-packages/airflow/example_dags/example_subdag_operator.py took 0.311 seconds
[2025-06-16T22:11:35.559-0300] {processor.py:157} INFO - Started process (PID=58822) to work on /mnt/c/Users/arcan/Documents/airflow/.venv/lib/python3.10/site-packages/airflow/example_dags/example_subdag_operator.py
[2025-06-16T22:11:35.561-0300] {processor.py:829} INFO - Processing file /mnt/c/Users/arcan/Documents/airflow/.venv/lib/python3.10/site-packages/airflow/example_dags/example_subdag_operator.py for tasks to queue
[2025-06-16T22:11:35.563-0300] {logging_mixin.py:154} INFO - [2025-06-16T22:11:35.562-0300] {dagbag.py:536} INFO - Filling up the DagBag from /mnt/c/Users/arcan/Documents/airflow/.venv/lib/python3.10/site-packages/airflow/example_dags/example_subdag_operator.py
[2025-06-16T22:11:35.651-0300] {processor.py:839} INFO - DAG(s) dict_keys(['example_subdag_operator.section-1', 'example_subdag_operator.section-2', 'example_subdag_operator']) retrieved from /mnt/c/Users/arcan/Documents/airflow/.venv/lib/python3.10/site-packages/airflow/example_dags/example_subdag_operator.py
[2025-06-16T22:11:35.690-0300] {logging_mixin.py:154} INFO - [2025-06-16T22:11:35.690-0300] {dag.py:2941} INFO - Sync 3 DAGs
[2025-06-16T22:11:35.725-0300] {logging_mixin.py:154} INFO - [2025-06-16T22:11:35.725-0300] {dag.py:3722} INFO - Setting next_dagrun for example_subdag_operator to 2022-01-01T00:00:00+00:00, run_after=2022-01-01T00:00:00+00:00
[2025-06-16T22:11:35.733-0300] {logging_mixin.py:154} INFO - [2025-06-16T22:11:35.733-0300] {dag.py:3722} INFO - Setting next_dagrun for example_subdag_operator.section-1 to None, run_after=None
[2025-06-16T22:11:35.737-0300] {logging_mixin.py:154} INFO - [2025-06-16T22:11:35.737-0300] {dag.py:3722} INFO - Setting next_dagrun for example_subdag_operator.section-2 to None, run_after=None
[2025-06-16T22:11:35.763-0300] {logging_mixin.py:154} INFO - [2025-06-16T22:11:35.763-0300] {dag.py:2941} INFO - Sync 2 DAGs
[2025-06-16T22:11:35.770-0300] {logging_mixin.py:154} INFO - [2025-06-16T22:11:35.769-0300] {dag.py:3722} INFO - Setting next_dagrun for example_subdag_operator.section-1 to None, run_after=None
[2025-06-16T22:11:35.771-0300] {logging_mixin.py:154} INFO - [2025-06-16T22:11:35.770-0300] {dag.py:3722} INFO - Setting next_dagrun for example_subdag_operator.section-2 to None, run_after=None
[2025-06-16T22:11:35.847-0300] {processor.py:179} INFO - Processing /mnt/c/Users/arcan/Documents/airflow/.venv/lib/python3.10/site-packages/airflow/example_dags/example_subdag_operator.py took 0.292 seconds
[2025-06-16T22:12:33.610-0300] {processor.py:157} INFO - Started process (PID=59003) to work on /mnt/c/Users/arcan/Documents/airflow/.venv/lib/python3.10/site-packages/airflow/example_dags/example_subdag_operator.py
[2025-06-16T22:12:33.612-0300] {processor.py:829} INFO - Processing file /mnt/c/Users/arcan/Documents/airflow/.venv/lib/python3.10/site-packages/airflow/example_dags/example_subdag_operator.py for tasks to queue
[2025-06-16T22:12:33.613-0300] {logging_mixin.py:154} INFO - [2025-06-16T22:12:33.613-0300] {dagbag.py:536} INFO - Filling up the DagBag from /mnt/c/Users/arcan/Documents/airflow/.venv/lib/python3.10/site-packages/airflow/example_dags/example_subdag_operator.py
[2025-06-16T22:12:33.701-0300] {processor.py:839} INFO - DAG(s) dict_keys(['example_subdag_operator.section-1', 'example_subdag_operator.section-2', 'example_subdag_operator']) retrieved from /mnt/c/Users/arcan/Documents/airflow/.venv/lib/python3.10/site-packages/airflow/example_dags/example_subdag_operator.py
[2025-06-16T22:12:33.739-0300] {logging_mixin.py:154} INFO - [2025-06-16T22:12:33.739-0300] {dag.py:2941} INFO - Sync 3 DAGs
[2025-06-16T22:12:33.768-0300] {logging_mixin.py:154} INFO - [2025-06-16T22:12:33.767-0300] {dag.py:3722} INFO - Setting next_dagrun for example_subdag_operator to 2022-01-01T00:00:00+00:00, run_after=2022-01-01T00:00:00+00:00
[2025-06-16T22:12:33.774-0300] {logging_mixin.py:154} INFO - [2025-06-16T22:12:33.774-0300] {dag.py:3722} INFO - Setting next_dagrun for example_subdag_operator.section-1 to None, run_after=None
[2025-06-16T22:12:33.778-0300] {logging_mixin.py:154} INFO - [2025-06-16T22:12:33.778-0300] {dag.py:3722} INFO - Setting next_dagrun for example_subdag_operator.section-2 to None, run_after=None
[2025-06-16T22:12:33.799-0300] {logging_mixin.py:154} INFO - [2025-06-16T22:12:33.798-0300] {dag.py:2941} INFO - Sync 2 DAGs
[2025-06-16T22:12:33.803-0300] {logging_mixin.py:154} INFO - [2025-06-16T22:12:33.803-0300] {dag.py:3722} INFO - Setting next_dagrun for example_subdag_operator.section-1 to None, run_after=None
[2025-06-16T22:12:33.804-0300] {logging_mixin.py:154} INFO - [2025-06-16T22:12:33.804-0300] {dag.py:3722} INFO - Setting next_dagrun for example_subdag_operator.section-2 to None, run_after=None
[2025-06-16T22:12:33.875-0300] {processor.py:179} INFO - Processing /mnt/c/Users/arcan/Documents/airflow/.venv/lib/python3.10/site-packages/airflow/example_dags/example_subdag_operator.py took 0.271 seconds
[2025-06-16T22:13:37.061-0300] {processor.py:157} INFO - Started process (PID=59195) to work on /mnt/c/Users/arcan/Documents/airflow/.venv/lib/python3.10/site-packages/airflow/example_dags/example_subdag_operator.py
[2025-06-16T22:13:37.064-0300] {processor.py:829} INFO - Processing file /mnt/c/Users/arcan/Documents/airflow/.venv/lib/python3.10/site-packages/airflow/example_dags/example_subdag_operator.py for tasks to queue
[2025-06-16T22:13:37.066-0300] {logging_mixin.py:154} INFO - [2025-06-16T22:13:37.065-0300] {dagbag.py:536} INFO - Filling up the DagBag from /mnt/c/Users/arcan/Documents/airflow/.venv/lib/python3.10/site-packages/airflow/example_dags/example_subdag_operator.py
[2025-06-16T22:13:37.149-0300] {processor.py:839} INFO - DAG(s) dict_keys(['example_subdag_operator.section-1', 'example_subdag_operator.section-2', 'example_subdag_operator']) retrieved from /mnt/c/Users/arcan/Documents/airflow/.venv/lib/python3.10/site-packages/airflow/example_dags/example_subdag_operator.py
[2025-06-16T22:13:37.184-0300] {logging_mixin.py:154} INFO - [2025-06-16T22:13:37.184-0300] {dag.py:2941} INFO - Sync 3 DAGs
[2025-06-16T22:13:37.212-0300] {logging_mixin.py:154} INFO - [2025-06-16T22:13:37.212-0300] {dag.py:3722} INFO - Setting next_dagrun for example_subdag_operator to 2022-01-01T00:00:00+00:00, run_after=2022-01-01T00:00:00+00:00
[2025-06-16T22:13:37.218-0300] {logging_mixin.py:154} INFO - [2025-06-16T22:13:37.218-0300] {dag.py:3722} INFO - Setting next_dagrun for example_subdag_operator.section-1 to None, run_after=None
[2025-06-16T22:13:37.222-0300] {logging_mixin.py:154} INFO - [2025-06-16T22:13:37.222-0300] {dag.py:3722} INFO - Setting next_dagrun for example_subdag_operator.section-2 to None, run_after=None
[2025-06-16T22:13:37.245-0300] {logging_mixin.py:154} INFO - [2025-06-16T22:13:37.245-0300] {dag.py:2941} INFO - Sync 2 DAGs
[2025-06-16T22:13:37.250-0300] {logging_mixin.py:154} INFO - [2025-06-16T22:13:37.250-0300] {dag.py:3722} INFO - Setting next_dagrun for example_subdag_operator.section-1 to None, run_after=None
[2025-06-16T22:13:37.251-0300] {logging_mixin.py:154} INFO - [2025-06-16T22:13:37.251-0300] {dag.py:3722} INFO - Setting next_dagrun for example_subdag_operator.section-2 to None, run_after=None
[2025-06-16T22:13:37.312-0300] {processor.py:179} INFO - Processing /mnt/c/Users/arcan/Documents/airflow/.venv/lib/python3.10/site-packages/airflow/example_dags/example_subdag_operator.py took 0.256 seconds
[2025-06-16T22:14:44.889-0300] {processor.py:157} INFO - Started process (PID=59394) to work on /mnt/c/Users/arcan/Documents/airflow/.venv/lib/python3.10/site-packages/airflow/example_dags/example_subdag_operator.py
[2025-06-16T22:14:44.891-0300] {processor.py:829} INFO - Processing file /mnt/c/Users/arcan/Documents/airflow/.venv/lib/python3.10/site-packages/airflow/example_dags/example_subdag_operator.py for tasks to queue
[2025-06-16T22:14:44.892-0300] {logging_mixin.py:154} INFO - [2025-06-16T22:14:44.892-0300] {dagbag.py:536} INFO - Filling up the DagBag from /mnt/c/Users/arcan/Documents/airflow/.venv/lib/python3.10/site-packages/airflow/example_dags/example_subdag_operator.py
[2025-06-16T22:14:44.989-0300] {processor.py:839} INFO - DAG(s) dict_keys(['example_subdag_operator.section-1', 'example_subdag_operator.section-2', 'example_subdag_operator']) retrieved from /mnt/c/Users/arcan/Documents/airflow/.venv/lib/python3.10/site-packages/airflow/example_dags/example_subdag_operator.py
[2025-06-16T22:14:45.026-0300] {logging_mixin.py:154} INFO - [2025-06-16T22:14:45.026-0300] {dag.py:2941} INFO - Sync 3 DAGs
[2025-06-16T22:14:45.058-0300] {logging_mixin.py:154} INFO - [2025-06-16T22:14:45.058-0300] {dag.py:3722} INFO - Setting next_dagrun for example_subdag_operator to 2022-01-01T00:00:00+00:00, run_after=2022-01-01T00:00:00+00:00
[2025-06-16T22:14:45.065-0300] {logging_mixin.py:154} INFO - [2025-06-16T22:14:45.065-0300] {dag.py:3722} INFO - Setting next_dagrun for example_subdag_operator.section-1 to None, run_after=None
[2025-06-16T22:14:45.069-0300] {logging_mixin.py:154} INFO - [2025-06-16T22:14:45.069-0300] {dag.py:3722} INFO - Setting next_dagrun for example_subdag_operator.section-2 to None, run_after=None
[2025-06-16T22:14:45.099-0300] {logging_mixin.py:154} INFO - [2025-06-16T22:14:45.099-0300] {dag.py:2941} INFO - Sync 2 DAGs
[2025-06-16T22:14:45.106-0300] {logging_mixin.py:154} INFO - [2025-06-16T22:14:45.106-0300] {dag.py:3722} INFO - Setting next_dagrun for example_subdag_operator.section-1 to None, run_after=None
[2025-06-16T22:14:45.108-0300] {logging_mixin.py:154} INFO - [2025-06-16T22:14:45.107-0300] {dag.py:3722} INFO - Setting next_dagrun for example_subdag_operator.section-2 to None, run_after=None
[2025-06-16T22:14:45.184-0300] {processor.py:179} INFO - Processing /mnt/c/Users/arcan/Documents/airflow/.venv/lib/python3.10/site-packages/airflow/example_dags/example_subdag_operator.py took 0.302 seconds
[2025-06-16T22:15:52.873-0300] {processor.py:157} INFO - Started process (PID=59599) to work on /mnt/c/Users/arcan/Documents/airflow/.venv/lib/python3.10/site-packages/airflow/example_dags/example_subdag_operator.py
[2025-06-16T22:15:52.875-0300] {processor.py:829} INFO - Processing file /mnt/c/Users/arcan/Documents/airflow/.venv/lib/python3.10/site-packages/airflow/example_dags/example_subdag_operator.py for tasks to queue
[2025-06-16T22:15:52.876-0300] {logging_mixin.py:154} INFO - [2025-06-16T22:15:52.876-0300] {dagbag.py:536} INFO - Filling up the DagBag from /mnt/c/Users/arcan/Documents/airflow/.venv/lib/python3.10/site-packages/airflow/example_dags/example_subdag_operator.py
[2025-06-16T22:15:52.979-0300] {processor.py:839} INFO - DAG(s) dict_keys(['example_subdag_operator.section-1', 'example_subdag_operator.section-2', 'example_subdag_operator']) retrieved from /mnt/c/Users/arcan/Documents/airflow/.venv/lib/python3.10/site-packages/airflow/example_dags/example_subdag_operator.py
[2025-06-16T22:15:53.025-0300] {logging_mixin.py:154} INFO - [2025-06-16T22:15:53.024-0300] {dag.py:2941} INFO - Sync 3 DAGs
[2025-06-16T22:15:53.071-0300] {logging_mixin.py:154} INFO - [2025-06-16T22:15:53.070-0300] {dag.py:3722} INFO - Setting next_dagrun for example_subdag_operator to 2022-01-01T00:00:00+00:00, run_after=2022-01-01T00:00:00+00:00
[2025-06-16T22:15:53.080-0300] {logging_mixin.py:154} INFO - [2025-06-16T22:15:53.079-0300] {dag.py:3722} INFO - Setting next_dagrun for example_subdag_operator.section-1 to None, run_after=None
[2025-06-16T22:15:53.086-0300] {logging_mixin.py:154} INFO - [2025-06-16T22:15:53.085-0300] {dag.py:3722} INFO - Setting next_dagrun for example_subdag_operator.section-2 to None, run_after=None
[2025-06-16T22:15:53.113-0300] {logging_mixin.py:154} INFO - [2025-06-16T22:15:53.113-0300] {dag.py:2941} INFO - Sync 2 DAGs
[2025-06-16T22:15:53.121-0300] {logging_mixin.py:154} INFO - [2025-06-16T22:15:53.121-0300] {dag.py:3722} INFO - Setting next_dagrun for example_subdag_operator.section-1 to None, run_after=None
[2025-06-16T22:15:53.122-0300] {logging_mixin.py:154} INFO - [2025-06-16T22:15:53.122-0300] {dag.py:3722} INFO - Setting next_dagrun for example_subdag_operator.section-2 to None, run_after=None
[2025-06-16T22:15:53.214-0300] {processor.py:179} INFO - Processing /mnt/c/Users/arcan/Documents/airflow/.venv/lib/python3.10/site-packages/airflow/example_dags/example_subdag_operator.py took 0.346 seconds
[2025-06-16T22:17:02.659-0300] {processor.py:157} INFO - Started process (PID=59933) to work on /mnt/c/Users/arcan/Documents/airflow/.venv/lib/python3.10/site-packages/airflow/example_dags/example_subdag_operator.py
[2025-06-16T22:17:02.661-0300] {processor.py:829} INFO - Processing file /mnt/c/Users/arcan/Documents/airflow/.venv/lib/python3.10/site-packages/airflow/example_dags/example_subdag_operator.py for tasks to queue
[2025-06-16T22:17:02.663-0300] {logging_mixin.py:154} INFO - [2025-06-16T22:17:02.662-0300] {dagbag.py:536} INFO - Filling up the DagBag from /mnt/c/Users/arcan/Documents/airflow/.venv/lib/python3.10/site-packages/airflow/example_dags/example_subdag_operator.py
[2025-06-16T22:17:02.760-0300] {processor.py:839} INFO - DAG(s) dict_keys(['example_subdag_operator.section-1', 'example_subdag_operator.section-2', 'example_subdag_operator']) retrieved from /mnt/c/Users/arcan/Documents/airflow/.venv/lib/python3.10/site-packages/airflow/example_dags/example_subdag_operator.py
[2025-06-16T22:17:02.799-0300] {logging_mixin.py:154} INFO - [2025-06-16T22:17:02.799-0300] {dag.py:2941} INFO - Sync 3 DAGs
[2025-06-16T22:17:02.828-0300] {logging_mixin.py:154} INFO - [2025-06-16T22:17:02.828-0300] {dag.py:3722} INFO - Setting next_dagrun for example_subdag_operator to 2022-01-01T00:00:00+00:00, run_after=2022-01-01T00:00:00+00:00
[2025-06-16T22:17:02.836-0300] {logging_mixin.py:154} INFO - [2025-06-16T22:17:02.836-0300] {dag.py:3722} INFO - Setting next_dagrun for example_subdag_operator.section-1 to None, run_after=None
[2025-06-16T22:17:02.841-0300] {logging_mixin.py:154} INFO - [2025-06-16T22:17:02.840-0300] {dag.py:3722} INFO - Setting next_dagrun for example_subdag_operator.section-2 to None, run_after=None
[2025-06-16T22:17:02.863-0300] {logging_mixin.py:154} INFO - [2025-06-16T22:17:02.862-0300] {dag.py:2941} INFO - Sync 2 DAGs
[2025-06-16T22:17:02.868-0300] {logging_mixin.py:154} INFO - [2025-06-16T22:17:02.868-0300] {dag.py:3722} INFO - Setting next_dagrun for example_subdag_operator.section-1 to None, run_after=None
[2025-06-16T22:17:02.869-0300] {logging_mixin.py:154} INFO - [2025-06-16T22:17:02.869-0300] {dag.py:3722} INFO - Setting next_dagrun for example_subdag_operator.section-2 to None, run_after=None
[2025-06-16T22:17:02.942-0300] {processor.py:179} INFO - Processing /mnt/c/Users/arcan/Documents/airflow/.venv/lib/python3.10/site-packages/airflow/example_dags/example_subdag_operator.py took 0.287 seconds
[2025-06-16T22:18:20.245-0300] {processor.py:157} INFO - Started process (PID=60160) to work on /mnt/c/Users/arcan/Documents/airflow/.venv/lib/python3.10/site-packages/airflow/example_dags/example_subdag_operator.py
[2025-06-16T22:18:20.248-0300] {processor.py:829} INFO - Processing file /mnt/c/Users/arcan/Documents/airflow/.venv/lib/python3.10/site-packages/airflow/example_dags/example_subdag_operator.py for tasks to queue
[2025-06-16T22:18:20.251-0300] {logging_mixin.py:154} INFO - [2025-06-16T22:18:20.250-0300] {dagbag.py:536} INFO - Filling up the DagBag from /mnt/c/Users/arcan/Documents/airflow/.venv/lib/python3.10/site-packages/airflow/example_dags/example_subdag_operator.py
[2025-06-16T22:18:20.383-0300] {processor.py:839} INFO - DAG(s) dict_keys(['example_subdag_operator.section-1', 'example_subdag_operator.section-2', 'example_subdag_operator']) retrieved from /mnt/c/Users/arcan/Documents/airflow/.venv/lib/python3.10/site-packages/airflow/example_dags/example_subdag_operator.py
[2025-06-16T22:18:20.434-0300] {logging_mixin.py:154} INFO - [2025-06-16T22:18:20.434-0300] {dag.py:2941} INFO - Sync 3 DAGs
[2025-06-16T22:18:20.482-0300] {logging_mixin.py:154} INFO - [2025-06-16T22:18:20.481-0300] {dag.py:3722} INFO - Setting next_dagrun for example_subdag_operator to 2022-01-01T00:00:00+00:00, run_after=2022-01-01T00:00:00+00:00
[2025-06-16T22:18:20.493-0300] {logging_mixin.py:154} INFO - [2025-06-16T22:18:20.493-0300] {dag.py:3722} INFO - Setting next_dagrun for example_subdag_operator.section-1 to None, run_after=None
[2025-06-16T22:18:20.500-0300] {logging_mixin.py:154} INFO - [2025-06-16T22:18:20.499-0300] {dag.py:3722} INFO - Setting next_dagrun for example_subdag_operator.section-2 to None, run_after=None
[2025-06-16T22:18:20.564-0300] {logging_mixin.py:154} INFO - [2025-06-16T22:18:20.563-0300] {dag.py:2941} INFO - Sync 2 DAGs
[2025-06-16T22:18:20.573-0300] {logging_mixin.py:154} INFO - [2025-06-16T22:18:20.573-0300] {dag.py:3722} INFO - Setting next_dagrun for example_subdag_operator.section-1 to None, run_after=None
[2025-06-16T22:18:20.575-0300] {logging_mixin.py:154} INFO - [2025-06-16T22:18:20.574-0300] {dag.py:3722} INFO - Setting next_dagrun for example_subdag_operator.section-2 to None, run_after=None
[2025-06-16T22:18:20.681-0300] {processor.py:179} INFO - Processing /mnt/c/Users/arcan/Documents/airflow/.venv/lib/python3.10/site-packages/airflow/example_dags/example_subdag_operator.py took 0.444 seconds
[2025-06-16T22:19:47.828-0300] {processor.py:157} INFO - Started process (PID=60407) to work on /mnt/c/Users/arcan/Documents/airflow/.venv/lib/python3.10/site-packages/airflow/example_dags/example_subdag_operator.py
[2025-06-16T22:19:47.831-0300] {processor.py:829} INFO - Processing file /mnt/c/Users/arcan/Documents/airflow/.venv/lib/python3.10/site-packages/airflow/example_dags/example_subdag_operator.py for tasks to queue
[2025-06-16T22:19:47.835-0300] {logging_mixin.py:154} INFO - [2025-06-16T22:19:47.833-0300] {dagbag.py:536} INFO - Filling up the DagBag from /mnt/c/Users/arcan/Documents/airflow/.venv/lib/python3.10/site-packages/airflow/example_dags/example_subdag_operator.py
[2025-06-16T22:19:48.001-0300] {processor.py:839} INFO - DAG(s) dict_keys(['example_subdag_operator.section-1', 'example_subdag_operator.section-2', 'example_subdag_operator']) retrieved from /mnt/c/Users/arcan/Documents/airflow/.venv/lib/python3.10/site-packages/airflow/example_dags/example_subdag_operator.py
[2025-06-16T22:19:48.078-0300] {logging_mixin.py:154} INFO - [2025-06-16T22:19:48.078-0300] {dag.py:2941} INFO - Sync 3 DAGs
[2025-06-16T22:19:48.124-0300] {logging_mixin.py:154} INFO - [2025-06-16T22:19:48.124-0300] {dag.py:3722} INFO - Setting next_dagrun for example_subdag_operator to 2022-01-01T00:00:00+00:00, run_after=2022-01-01T00:00:00+00:00
[2025-06-16T22:19:48.134-0300] {logging_mixin.py:154} INFO - [2025-06-16T22:19:48.134-0300] {dag.py:3722} INFO - Setting next_dagrun for example_subdag_operator.section-1 to None, run_after=None
[2025-06-16T22:19:48.141-0300] {logging_mixin.py:154} INFO - [2025-06-16T22:19:48.141-0300] {dag.py:3722} INFO - Setting next_dagrun for example_subdag_operator.section-2 to None, run_after=None
[2025-06-16T22:19:48.182-0300] {logging_mixin.py:154} INFO - [2025-06-16T22:19:48.182-0300] {dag.py:2941} INFO - Sync 2 DAGs
[2025-06-16T22:19:48.191-0300] {logging_mixin.py:154} INFO - [2025-06-16T22:19:48.191-0300] {dag.py:3722} INFO - Setting next_dagrun for example_subdag_operator.section-1 to None, run_after=None
[2025-06-16T22:19:48.193-0300] {logging_mixin.py:154} INFO - [2025-06-16T22:19:48.193-0300] {dag.py:3722} INFO - Setting next_dagrun for example_subdag_operator.section-2 to None, run_after=None
[2025-06-16T22:19:48.296-0300] {processor.py:179} INFO - Processing /mnt/c/Users/arcan/Documents/airflow/.venv/lib/python3.10/site-packages/airflow/example_dags/example_subdag_operator.py took 0.480 seconds
[2025-06-16T22:21:08.815-0300] {processor.py:157} INFO - Started process (PID=60641) to work on /mnt/c/Users/arcan/Documents/airflow/.venv/lib/python3.10/site-packages/airflow/example_dags/example_subdag_operator.py
[2025-06-16T22:21:08.818-0300] {processor.py:829} INFO - Processing file /mnt/c/Users/arcan/Documents/airflow/.venv/lib/python3.10/site-packages/airflow/example_dags/example_subdag_operator.py for tasks to queue
[2025-06-16T22:21:08.821-0300] {logging_mixin.py:154} INFO - [2025-06-16T22:21:08.820-0300] {dagbag.py:536} INFO - Filling up the DagBag from /mnt/c/Users/arcan/Documents/airflow/.venv/lib/python3.10/site-packages/airflow/example_dags/example_subdag_operator.py
[2025-06-16T22:21:08.959-0300] {processor.py:839} INFO - DAG(s) dict_keys(['example_subdag_operator.section-1', 'example_subdag_operator.section-2', 'example_subdag_operator']) retrieved from /mnt/c/Users/arcan/Documents/airflow/.venv/lib/python3.10/site-packages/airflow/example_dags/example_subdag_operator.py
[2025-06-16T22:21:09.015-0300] {logging_mixin.py:154} INFO - [2025-06-16T22:21:09.015-0300] {dag.py:2941} INFO - Sync 3 DAGs
[2025-06-16T22:21:09.053-0300] {logging_mixin.py:154} INFO - [2025-06-16T22:21:09.053-0300] {dag.py:3722} INFO - Setting next_dagrun for example_subdag_operator to 2022-01-01T00:00:00+00:00, run_after=2022-01-01T00:00:00+00:00
[2025-06-16T22:21:09.061-0300] {logging_mixin.py:154} INFO - [2025-06-16T22:21:09.060-0300] {dag.py:3722} INFO - Setting next_dagrun for example_subdag_operator.section-1 to None, run_after=None
[2025-06-16T22:21:09.065-0300] {logging_mixin.py:154} INFO - [2025-06-16T22:21:09.065-0300] {dag.py:3722} INFO - Setting next_dagrun for example_subdag_operator.section-2 to None, run_after=None
[2025-06-16T22:21:09.129-0300] {logging_mixin.py:154} INFO - [2025-06-16T22:21:09.129-0300] {dag.py:2941} INFO - Sync 2 DAGs
[2025-06-16T22:21:09.140-0300] {logging_mixin.py:154} INFO - [2025-06-16T22:21:09.139-0300] {dag.py:3722} INFO - Setting next_dagrun for example_subdag_operator.section-1 to None, run_after=None
[2025-06-16T22:21:09.141-0300] {logging_mixin.py:154} INFO - [2025-06-16T22:21:09.141-0300] {dag.py:3722} INFO - Setting next_dagrun for example_subdag_operator.section-2 to None, run_after=None
[2025-06-16T22:21:09.250-0300] {processor.py:179} INFO - Processing /mnt/c/Users/arcan/Documents/airflow/.venv/lib/python3.10/site-packages/airflow/example_dags/example_subdag_operator.py took 0.444 seconds
[2025-06-16T22:22:31.283-0300] {processor.py:157} INFO - Started process (PID=60877) to work on /mnt/c/Users/arcan/Documents/airflow/.venv/lib/python3.10/site-packages/airflow/example_dags/example_subdag_operator.py
[2025-06-16T22:22:31.286-0300] {processor.py:829} INFO - Processing file /mnt/c/Users/arcan/Documents/airflow/.venv/lib/python3.10/site-packages/airflow/example_dags/example_subdag_operator.py for tasks to queue
[2025-06-16T22:22:31.288-0300] {logging_mixin.py:154} INFO - [2025-06-16T22:22:31.287-0300] {dagbag.py:536} INFO - Filling up the DagBag from /mnt/c/Users/arcan/Documents/airflow/.venv/lib/python3.10/site-packages/airflow/example_dags/example_subdag_operator.py
[2025-06-16T22:22:31.427-0300] {processor.py:839} INFO - DAG(s) dict_keys(['example_subdag_operator.section-1', 'example_subdag_operator.section-2', 'example_subdag_operator']) retrieved from /mnt/c/Users/arcan/Documents/airflow/.venv/lib/python3.10/site-packages/airflow/example_dags/example_subdag_operator.py
[2025-06-16T22:22:31.479-0300] {logging_mixin.py:154} INFO - [2025-06-16T22:22:31.478-0300] {dag.py:2941} INFO - Sync 3 DAGs
[2025-06-16T22:22:31.527-0300] {logging_mixin.py:154} INFO - [2025-06-16T22:22:31.526-0300] {dag.py:3722} INFO - Setting next_dagrun for example_subdag_operator to 2022-01-01T00:00:00+00:00, run_after=2022-01-01T00:00:00+00:00
[2025-06-16T22:22:31.537-0300] {logging_mixin.py:154} INFO - [2025-06-16T22:22:31.536-0300] {dag.py:3722} INFO - Setting next_dagrun for example_subdag_operator.section-1 to None, run_after=None
[2025-06-16T22:22:31.543-0300] {logging_mixin.py:154} INFO - [2025-06-16T22:22:31.543-0300] {dag.py:3722} INFO - Setting next_dagrun for example_subdag_operator.section-2 to None, run_after=None
[2025-06-16T22:22:31.600-0300] {logging_mixin.py:154} INFO - [2025-06-16T22:22:31.600-0300] {dag.py:2941} INFO - Sync 2 DAGs
[2025-06-16T22:22:31.606-0300] {logging_mixin.py:154} INFO - [2025-06-16T22:22:31.606-0300] {dag.py:3722} INFO - Setting next_dagrun for example_subdag_operator.section-1 to None, run_after=None
[2025-06-16T22:22:31.608-0300] {logging_mixin.py:154} INFO - [2025-06-16T22:22:31.607-0300] {dag.py:3722} INFO - Setting next_dagrun for example_subdag_operator.section-2 to None, run_after=None
[2025-06-16T22:22:31.702-0300] {processor.py:179} INFO - Processing /mnt/c/Users/arcan/Documents/airflow/.venv/lib/python3.10/site-packages/airflow/example_dags/example_subdag_operator.py took 0.426 seconds
[2025-06-16T22:23:54.888-0300] {processor.py:157} INFO - Started process (PID=61241) to work on /mnt/c/Users/arcan/Documents/airflow/.venv/lib/python3.10/site-packages/airflow/example_dags/example_subdag_operator.py
[2025-06-16T22:23:54.890-0300] {processor.py:829} INFO - Processing file /mnt/c/Users/arcan/Documents/airflow/.venv/lib/python3.10/site-packages/airflow/example_dags/example_subdag_operator.py for tasks to queue
[2025-06-16T22:23:54.892-0300] {logging_mixin.py:154} INFO - [2025-06-16T22:23:54.891-0300] {dagbag.py:536} INFO - Filling up the DagBag from /mnt/c/Users/arcan/Documents/airflow/.venv/lib/python3.10/site-packages/airflow/example_dags/example_subdag_operator.py
[2025-06-16T22:23:55.013-0300] {processor.py:839} INFO - DAG(s) dict_keys(['example_subdag_operator.section-1', 'example_subdag_operator.section-2', 'example_subdag_operator']) retrieved from /mnt/c/Users/arcan/Documents/airflow/.venv/lib/python3.10/site-packages/airflow/example_dags/example_subdag_operator.py
[2025-06-16T22:23:55.057-0300] {logging_mixin.py:154} INFO - [2025-06-16T22:23:55.057-0300] {dag.py:2941} INFO - Sync 3 DAGs
[2025-06-16T22:23:55.087-0300] {logging_mixin.py:154} INFO - [2025-06-16T22:23:55.087-0300] {dag.py:3722} INFO - Setting next_dagrun for example_subdag_operator to 2022-01-01T00:00:00+00:00, run_after=2022-01-01T00:00:00+00:00
[2025-06-16T22:23:55.095-0300] {logging_mixin.py:154} INFO - [2025-06-16T22:23:55.094-0300] {dag.py:3722} INFO - Setting next_dagrun for example_subdag_operator.section-1 to None, run_after=None
[2025-06-16T22:23:55.100-0300] {logging_mixin.py:154} INFO - [2025-06-16T22:23:55.100-0300] {dag.py:3722} INFO - Setting next_dagrun for example_subdag_operator.section-2 to None, run_after=None
[2025-06-16T22:23:55.149-0300] {logging_mixin.py:154} INFO - [2025-06-16T22:23:55.149-0300] {dag.py:2941} INFO - Sync 2 DAGs
[2025-06-16T22:23:55.155-0300] {logging_mixin.py:154} INFO - [2025-06-16T22:23:55.154-0300] {dag.py:3722} INFO - Setting next_dagrun for example_subdag_operator.section-1 to None, run_after=None
[2025-06-16T22:23:55.156-0300] {logging_mixin.py:154} INFO - [2025-06-16T22:23:55.156-0300] {dag.py:3722} INFO - Setting next_dagrun for example_subdag_operator.section-2 to None, run_after=None
[2025-06-16T22:23:55.233-0300] {processor.py:179} INFO - Processing /mnt/c/Users/arcan/Documents/airflow/.venv/lib/python3.10/site-packages/airflow/example_dags/example_subdag_operator.py took 0.352 seconds
[2025-06-16T22:25:14.330-0300] {processor.py:157} INFO - Started process (PID=61470) to work on /mnt/c/Users/arcan/Documents/airflow/.venv/lib/python3.10/site-packages/airflow/example_dags/example_subdag_operator.py
[2025-06-16T22:25:14.334-0300] {processor.py:829} INFO - Processing file /mnt/c/Users/arcan/Documents/airflow/.venv/lib/python3.10/site-packages/airflow/example_dags/example_subdag_operator.py for tasks to queue
[2025-06-16T22:25:14.336-0300] {logging_mixin.py:154} INFO - [2025-06-16T22:25:14.336-0300] {dagbag.py:536} INFO - Filling up the DagBag from /mnt/c/Users/arcan/Documents/airflow/.venv/lib/python3.10/site-packages/airflow/example_dags/example_subdag_operator.py
[2025-06-16T22:25:14.481-0300] {processor.py:839} INFO - DAG(s) dict_keys(['example_subdag_operator.section-1', 'example_subdag_operator.section-2', 'example_subdag_operator']) retrieved from /mnt/c/Users/arcan/Documents/airflow/.venv/lib/python3.10/site-packages/airflow/example_dags/example_subdag_operator.py
[2025-06-16T22:25:14.539-0300] {logging_mixin.py:154} INFO - [2025-06-16T22:25:14.538-0300] {dag.py:2941} INFO - Sync 3 DAGs
[2025-06-16T22:25:14.577-0300] {logging_mixin.py:154} INFO - [2025-06-16T22:25:14.577-0300] {dag.py:3722} INFO - Setting next_dagrun for example_subdag_operator to 2022-01-01T00:00:00+00:00, run_after=2022-01-01T00:00:00+00:00
[2025-06-16T22:25:14.586-0300] {logging_mixin.py:154} INFO - [2025-06-16T22:25:14.585-0300] {dag.py:3722} INFO - Setting next_dagrun for example_subdag_operator.section-1 to None, run_after=None
[2025-06-16T22:25:14.592-0300] {logging_mixin.py:154} INFO - [2025-06-16T22:25:14.591-0300] {dag.py:3722} INFO - Setting next_dagrun for example_subdag_operator.section-2 to None, run_after=None
[2025-06-16T22:25:14.646-0300] {logging_mixin.py:154} INFO - [2025-06-16T22:25:14.646-0300] {dag.py:2941} INFO - Sync 2 DAGs
[2025-06-16T22:25:14.656-0300] {logging_mixin.py:154} INFO - [2025-06-16T22:25:14.655-0300] {dag.py:3722} INFO - Setting next_dagrun for example_subdag_operator.section-1 to None, run_after=None
[2025-06-16T22:25:14.658-0300] {logging_mixin.py:154} INFO - [2025-06-16T22:25:14.657-0300] {dag.py:3722} INFO - Setting next_dagrun for example_subdag_operator.section-2 to None, run_after=None
[2025-06-16T22:25:14.759-0300] {processor.py:179} INFO - Processing /mnt/c/Users/arcan/Documents/airflow/.venv/lib/python3.10/site-packages/airflow/example_dags/example_subdag_operator.py took 0.435 seconds
[2025-06-16T22:26:35.381-0300] {processor.py:157} INFO - Started process (PID=61697) to work on /mnt/c/Users/arcan/Documents/airflow/.venv/lib/python3.10/site-packages/airflow/example_dags/example_subdag_operator.py
[2025-06-16T22:26:35.383-0300] {processor.py:829} INFO - Processing file /mnt/c/Users/arcan/Documents/airflow/.venv/lib/python3.10/site-packages/airflow/example_dags/example_subdag_operator.py for tasks to queue
[2025-06-16T22:26:35.386-0300] {logging_mixin.py:154} INFO - [2025-06-16T22:26:35.385-0300] {dagbag.py:536} INFO - Filling up the DagBag from /mnt/c/Users/arcan/Documents/airflow/.venv/lib/python3.10/site-packages/airflow/example_dags/example_subdag_operator.py
[2025-06-16T22:26:35.519-0300] {processor.py:839} INFO - DAG(s) dict_keys(['example_subdag_operator.section-1', 'example_subdag_operator.section-2', 'example_subdag_operator']) retrieved from /mnt/c/Users/arcan/Documents/airflow/.venv/lib/python3.10/site-packages/airflow/example_dags/example_subdag_operator.py
[2025-06-16T22:26:35.587-0300] {logging_mixin.py:154} INFO - [2025-06-16T22:26:35.586-0300] {dag.py:2941} INFO - Sync 3 DAGs
[2025-06-16T22:26:35.634-0300] {logging_mixin.py:154} INFO - [2025-06-16T22:26:35.633-0300] {dag.py:3722} INFO - Setting next_dagrun for example_subdag_operator to 2022-01-01T00:00:00+00:00, run_after=2022-01-01T00:00:00+00:00
[2025-06-16T22:26:35.645-0300] {logging_mixin.py:154} INFO - [2025-06-16T22:26:35.644-0300] {dag.py:3722} INFO - Setting next_dagrun for example_subdag_operator.section-1 to None, run_after=None
[2025-06-16T22:26:35.651-0300] {logging_mixin.py:154} INFO - [2025-06-16T22:26:35.651-0300] {dag.py:3722} INFO - Setting next_dagrun for example_subdag_operator.section-2 to None, run_after=None
[2025-06-16T22:26:35.708-0300] {logging_mixin.py:154} INFO - [2025-06-16T22:26:35.708-0300] {dag.py:2941} INFO - Sync 2 DAGs
[2025-06-16T22:26:35.717-0300] {logging_mixin.py:154} INFO - [2025-06-16T22:26:35.716-0300] {dag.py:3722} INFO - Setting next_dagrun for example_subdag_operator.section-1 to None, run_after=None
[2025-06-16T22:26:35.718-0300] {logging_mixin.py:154} INFO - [2025-06-16T22:26:35.718-0300] {dag.py:3722} INFO - Setting next_dagrun for example_subdag_operator.section-2 to None, run_after=None
[2025-06-16T22:26:35.827-0300] {processor.py:179} INFO - Processing /mnt/c/Users/arcan/Documents/airflow/.venv/lib/python3.10/site-packages/airflow/example_dags/example_subdag_operator.py took 0.453 seconds
[2025-06-16T22:27:51.045-0300] {processor.py:157} INFO - Started process (PID=61919) to work on /mnt/c/Users/arcan/Documents/airflow/.venv/lib/python3.10/site-packages/airflow/example_dags/example_subdag_operator.py
[2025-06-16T22:27:51.047-0300] {processor.py:829} INFO - Processing file /mnt/c/Users/arcan/Documents/airflow/.venv/lib/python3.10/site-packages/airflow/example_dags/example_subdag_operator.py for tasks to queue
[2025-06-16T22:27:51.049-0300] {logging_mixin.py:154} INFO - [2025-06-16T22:27:51.049-0300] {dagbag.py:536} INFO - Filling up the DagBag from /mnt/c/Users/arcan/Documents/airflow/.venv/lib/python3.10/site-packages/airflow/example_dags/example_subdag_operator.py
[2025-06-16T22:27:51.160-0300] {processor.py:839} INFO - DAG(s) dict_keys(['example_subdag_operator.section-1', 'example_subdag_operator.section-2', 'example_subdag_operator']) retrieved from /mnt/c/Users/arcan/Documents/airflow/.venv/lib/python3.10/site-packages/airflow/example_dags/example_subdag_operator.py
[2025-06-16T22:27:51.203-0300] {logging_mixin.py:154} INFO - [2025-06-16T22:27:51.203-0300] {dag.py:2941} INFO - Sync 3 DAGs
[2025-06-16T22:27:51.239-0300] {logging_mixin.py:154} INFO - [2025-06-16T22:27:51.239-0300] {dag.py:3722} INFO - Setting next_dagrun for example_subdag_operator to 2022-01-01T00:00:00+00:00, run_after=2022-01-01T00:00:00+00:00
[2025-06-16T22:27:51.248-0300] {logging_mixin.py:154} INFO - [2025-06-16T22:27:51.247-0300] {dag.py:3722} INFO - Setting next_dagrun for example_subdag_operator.section-1 to None, run_after=None
[2025-06-16T22:27:51.253-0300] {logging_mixin.py:154} INFO - [2025-06-16T22:27:51.252-0300] {dag.py:3722} INFO - Setting next_dagrun for example_subdag_operator.section-2 to None, run_after=None
[2025-06-16T22:27:51.297-0300] {logging_mixin.py:154} INFO - [2025-06-16T22:27:51.296-0300] {dag.py:2941} INFO - Sync 2 DAGs
[2025-06-16T22:27:51.303-0300] {logging_mixin.py:154} INFO - [2025-06-16T22:27:51.303-0300] {dag.py:3722} INFO - Setting next_dagrun for example_subdag_operator.section-1 to None, run_after=None
[2025-06-16T22:27:51.304-0300] {logging_mixin.py:154} INFO - [2025-06-16T22:27:51.304-0300] {dag.py:3722} INFO - Setting next_dagrun for example_subdag_operator.section-2 to None, run_after=None
[2025-06-16T22:27:51.393-0300] {processor.py:179} INFO - Processing /mnt/c/Users/arcan/Documents/airflow/.venv/lib/python3.10/site-packages/airflow/example_dags/example_subdag_operator.py took 0.354 seconds
[2025-06-16T22:29:09.739-0300] {processor.py:157} INFO - Started process (PID=62139) to work on /mnt/c/Users/arcan/Documents/airflow/.venv/lib/python3.10/site-packages/airflow/example_dags/example_subdag_operator.py
[2025-06-16T22:29:09.742-0300] {processor.py:829} INFO - Processing file /mnt/c/Users/arcan/Documents/airflow/.venv/lib/python3.10/site-packages/airflow/example_dags/example_subdag_operator.py for tasks to queue
[2025-06-16T22:29:09.745-0300] {logging_mixin.py:154} INFO - [2025-06-16T22:29:09.744-0300] {dagbag.py:536} INFO - Filling up the DagBag from /mnt/c/Users/arcan/Documents/airflow/.venv/lib/python3.10/site-packages/airflow/example_dags/example_subdag_operator.py
[2025-06-16T22:29:09.883-0300] {processor.py:839} INFO - DAG(s) dict_keys(['example_subdag_operator.section-1', 'example_subdag_operator.section-2', 'example_subdag_operator']) retrieved from /mnt/c/Users/arcan/Documents/airflow/.venv/lib/python3.10/site-packages/airflow/example_dags/example_subdag_operator.py
[2025-06-16T22:29:09.944-0300] {logging_mixin.py:154} INFO - [2025-06-16T22:29:09.944-0300] {dag.py:2941} INFO - Sync 3 DAGs
[2025-06-16T22:29:09.996-0300] {logging_mixin.py:154} INFO - [2025-06-16T22:29:09.996-0300] {dag.py:3722} INFO - Setting next_dagrun for example_subdag_operator to 2022-01-01T00:00:00+00:00, run_after=2022-01-01T00:00:00+00:00
[2025-06-16T22:29:10.007-0300] {logging_mixin.py:154} INFO - [2025-06-16T22:29:10.007-0300] {dag.py:3722} INFO - Setting next_dagrun for example_subdag_operator.section-1 to None, run_after=None
[2025-06-16T22:29:10.014-0300] {logging_mixin.py:154} INFO - [2025-06-16T22:29:10.013-0300] {dag.py:3722} INFO - Setting next_dagrun for example_subdag_operator.section-2 to None, run_after=None
[2025-06-16T22:29:10.063-0300] {logging_mixin.py:154} INFO - [2025-06-16T22:29:10.063-0300] {dag.py:2941} INFO - Sync 2 DAGs
[2025-06-16T22:29:10.071-0300] {logging_mixin.py:154} INFO - [2025-06-16T22:29:10.071-0300] {dag.py:3722} INFO - Setting next_dagrun for example_subdag_operator.section-1 to None, run_after=None
[2025-06-16T22:29:10.072-0300] {logging_mixin.py:154} INFO - [2025-06-16T22:29:10.072-0300] {dag.py:3722} INFO - Setting next_dagrun for example_subdag_operator.section-2 to None, run_after=None
[2025-06-16T22:29:10.167-0300] {processor.py:179} INFO - Processing /mnt/c/Users/arcan/Documents/airflow/.venv/lib/python3.10/site-packages/airflow/example_dags/example_subdag_operator.py took 0.435 seconds
[2025-06-16T22:30:27.463-0300] {processor.py:157} INFO - Started process (PID=62366) to work on /mnt/c/Users/arcan/Documents/airflow/.venv/lib/python3.10/site-packages/airflow/example_dags/example_subdag_operator.py
[2025-06-16T22:30:27.467-0300] {processor.py:829} INFO - Processing file /mnt/c/Users/arcan/Documents/airflow/.venv/lib/python3.10/site-packages/airflow/example_dags/example_subdag_operator.py for tasks to queue
[2025-06-16T22:30:27.470-0300] {logging_mixin.py:154} INFO - [2025-06-16T22:30:27.469-0300] {dagbag.py:536} INFO - Filling up the DagBag from /mnt/c/Users/arcan/Documents/airflow/.venv/lib/python3.10/site-packages/airflow/example_dags/example_subdag_operator.py
[2025-06-16T22:30:27.610-0300] {processor.py:839} INFO - DAG(s) dict_keys(['example_subdag_operator.section-1', 'example_subdag_operator.section-2', 'example_subdag_operator']) retrieved from /mnt/c/Users/arcan/Documents/airflow/.venv/lib/python3.10/site-packages/airflow/example_dags/example_subdag_operator.py
[2025-06-16T22:30:27.667-0300] {logging_mixin.py:154} INFO - [2025-06-16T22:30:27.666-0300] {dag.py:2941} INFO - Sync 3 DAGs
[2025-06-16T22:30:27.714-0300] {logging_mixin.py:154} INFO - [2025-06-16T22:30:27.713-0300] {dag.py:3722} INFO - Setting next_dagrun for example_subdag_operator to 2022-01-01T00:00:00+00:00, run_after=2022-01-01T00:00:00+00:00
[2025-06-16T22:30:27.725-0300] {logging_mixin.py:154} INFO - [2025-06-16T22:30:27.725-0300] {dag.py:3722} INFO - Setting next_dagrun for example_subdag_operator.section-1 to None, run_after=None
[2025-06-16T22:30:27.732-0300] {logging_mixin.py:154} INFO - [2025-06-16T22:30:27.732-0300] {dag.py:3722} INFO - Setting next_dagrun for example_subdag_operator.section-2 to None, run_after=None
[2025-06-16T22:30:27.765-0300] {logging_mixin.py:154} INFO - [2025-06-16T22:30:27.765-0300] {dag.py:2941} INFO - Sync 2 DAGs
[2025-06-16T22:30:27.774-0300] {logging_mixin.py:154} INFO - [2025-06-16T22:30:27.773-0300] {dag.py:3722} INFO - Setting next_dagrun for example_subdag_operator.section-1 to None, run_after=None
[2025-06-16T22:30:27.775-0300] {logging_mixin.py:154} INFO - [2025-06-16T22:30:27.775-0300] {dag.py:3722} INFO - Setting next_dagrun for example_subdag_operator.section-2 to None, run_after=None
[2025-06-16T22:30:27.870-0300] {processor.py:179} INFO - Processing /mnt/c/Users/arcan/Documents/airflow/.venv/lib/python3.10/site-packages/airflow/example_dags/example_subdag_operator.py took 0.416 seconds
[2025-06-16T22:31:44.158-0300] {processor.py:157} INFO - Started process (PID=62705) to work on /mnt/c/Users/arcan/Documents/airflow/.venv/lib/python3.10/site-packages/airflow/example_dags/example_subdag_operator.py
[2025-06-16T22:31:44.160-0300] {processor.py:829} INFO - Processing file /mnt/c/Users/arcan/Documents/airflow/.venv/lib/python3.10/site-packages/airflow/example_dags/example_subdag_operator.py for tasks to queue
[2025-06-16T22:31:44.161-0300] {logging_mixin.py:154} INFO - [2025-06-16T22:31:44.161-0300] {dagbag.py:536} INFO - Filling up the DagBag from /mnt/c/Users/arcan/Documents/airflow/.venv/lib/python3.10/site-packages/airflow/example_dags/example_subdag_operator.py
[2025-06-16T22:31:44.280-0300] {processor.py:839} INFO - DAG(s) dict_keys(['example_subdag_operator.section-1', 'example_subdag_operator.section-2', 'example_subdag_operator']) retrieved from /mnt/c/Users/arcan/Documents/airflow/.venv/lib/python3.10/site-packages/airflow/example_dags/example_subdag_operator.py
[2025-06-16T22:31:44.326-0300] {logging_mixin.py:154} INFO - [2025-06-16T22:31:44.326-0300] {dag.py:2941} INFO - Sync 3 DAGs
[2025-06-16T22:31:44.366-0300] {logging_mixin.py:154} INFO - [2025-06-16T22:31:44.365-0300] {dag.py:3722} INFO - Setting next_dagrun for example_subdag_operator to 2022-01-01T00:00:00+00:00, run_after=2022-01-01T00:00:00+00:00
[2025-06-16T22:31:44.375-0300] {logging_mixin.py:154} INFO - [2025-06-16T22:31:44.374-0300] {dag.py:3722} INFO - Setting next_dagrun for example_subdag_operator.section-1 to None, run_after=None
[2025-06-16T22:31:44.379-0300] {logging_mixin.py:154} INFO - [2025-06-16T22:31:44.378-0300] {dag.py:3722} INFO - Setting next_dagrun for example_subdag_operator.section-2 to None, run_after=None
[2025-06-16T22:31:44.407-0300] {logging_mixin.py:154} INFO - [2025-06-16T22:31:44.406-0300] {dag.py:2941} INFO - Sync 2 DAGs
[2025-06-16T22:31:44.413-0300] {logging_mixin.py:154} INFO - [2025-06-16T22:31:44.412-0300] {dag.py:3722} INFO - Setting next_dagrun for example_subdag_operator.section-1 to None, run_after=None
[2025-06-16T22:31:44.413-0300] {logging_mixin.py:154} INFO - [2025-06-16T22:31:44.413-0300] {dag.py:3722} INFO - Setting next_dagrun for example_subdag_operator.section-2 to None, run_after=None
[2025-06-16T22:31:44.501-0300] {processor.py:179} INFO - Processing /mnt/c/Users/arcan/Documents/airflow/.venv/lib/python3.10/site-packages/airflow/example_dags/example_subdag_operator.py took 0.349 seconds
[2025-06-16T22:32:46.186-0300] {processor.py:157} INFO - Started process (PID=62842) to work on /mnt/c/Users/arcan/Documents/airflow/.venv/lib/python3.10/site-packages/airflow/example_dags/example_subdag_operator.py
[2025-06-16T22:32:46.188-0300] {processor.py:829} INFO - Processing file /mnt/c/Users/arcan/Documents/airflow/.venv/lib/python3.10/site-packages/airflow/example_dags/example_subdag_operator.py for tasks to queue
[2025-06-16T22:32:46.190-0300] {logging_mixin.py:154} INFO - [2025-06-16T22:32:46.189-0300] {dagbag.py:536} INFO - Filling up the DagBag from /mnt/c/Users/arcan/Documents/airflow/.venv/lib/python3.10/site-packages/airflow/example_dags/example_subdag_operator.py
[2025-06-16T22:32:46.294-0300] {processor.py:839} INFO - DAG(s) dict_keys(['example_subdag_operator.section-1', 'example_subdag_operator.section-2', 'example_subdag_operator']) retrieved from /mnt/c/Users/arcan/Documents/airflow/.venv/lib/python3.10/site-packages/airflow/example_dags/example_subdag_operator.py
[2025-06-16T22:32:46.334-0300] {logging_mixin.py:154} INFO - [2025-06-16T22:32:46.334-0300] {dag.py:2941} INFO - Sync 3 DAGs
[2025-06-16T22:32:46.376-0300] {logging_mixin.py:154} INFO - [2025-06-16T22:32:46.376-0300] {dag.py:3722} INFO - Setting next_dagrun for example_subdag_operator to 2022-01-01T00:00:00+00:00, run_after=2022-01-01T00:00:00+00:00
[2025-06-16T22:32:46.384-0300] {logging_mixin.py:154} INFO - [2025-06-16T22:32:46.384-0300] {dag.py:3722} INFO - Setting next_dagrun for example_subdag_operator.section-1 to None, run_after=None
[2025-06-16T22:32:46.389-0300] {logging_mixin.py:154} INFO - [2025-06-16T22:32:46.389-0300] {dag.py:3722} INFO - Setting next_dagrun for example_subdag_operator.section-2 to None, run_after=None
[2025-06-16T22:32:46.412-0300] {logging_mixin.py:154} INFO - [2025-06-16T22:32:46.412-0300] {dag.py:2941} INFO - Sync 2 DAGs
[2025-06-16T22:32:46.418-0300] {logging_mixin.py:154} INFO - [2025-06-16T22:32:46.418-0300] {dag.py:3722} INFO - Setting next_dagrun for example_subdag_operator.section-1 to None, run_after=None
[2025-06-16T22:32:46.419-0300] {logging_mixin.py:154} INFO - [2025-06-16T22:32:46.419-0300] {dag.py:3722} INFO - Setting next_dagrun for example_subdag_operator.section-2 to None, run_after=None
[2025-06-16T22:32:46.498-0300] {processor.py:179} INFO - Processing /mnt/c/Users/arcan/Documents/airflow/.venv/lib/python3.10/site-packages/airflow/example_dags/example_subdag_operator.py took 0.318 seconds
[2025-06-17T20:50:36.372-0300] {processor.py:157} INFO - Started process (PID=63650) to work on /mnt/c/Users/arcan/Documents/airflow/.venv/lib/python3.10/site-packages/airflow/example_dags/example_subdag_operator.py
[2025-06-17T20:50:36.375-0300] {processor.py:829} INFO - Processing file /mnt/c/Users/arcan/Documents/airflow/.venv/lib/python3.10/site-packages/airflow/example_dags/example_subdag_operator.py for tasks to queue
[2025-06-17T20:50:36.377-0300] {logging_mixin.py:154} INFO - [2025-06-17T20:50:36.376-0300] {dagbag.py:536} INFO - Filling up the DagBag from /mnt/c/Users/arcan/Documents/airflow/.venv/lib/python3.10/site-packages/airflow/example_dags/example_subdag_operator.py
[2025-06-17T20:50:36.529-0300] {processor.py:839} INFO - DAG(s) dict_keys(['example_subdag_operator.section-1', 'example_subdag_operator.section-2', 'example_subdag_operator']) retrieved from /mnt/c/Users/arcan/Documents/airflow/.venv/lib/python3.10/site-packages/airflow/example_dags/example_subdag_operator.py
[2025-06-17T20:50:36.608-0300] {logging_mixin.py:154} INFO - [2025-06-17T20:50:36.608-0300] {dag.py:2941} INFO - Sync 3 DAGs
[2025-06-17T20:50:36.658-0300] {logging_mixin.py:154} INFO - [2025-06-17T20:50:36.657-0300] {dag.py:3722} INFO - Setting next_dagrun for example_subdag_operator to 2022-01-01T00:00:00+00:00, run_after=2022-01-01T00:00:00+00:00
[2025-06-17T20:50:36.671-0300] {logging_mixin.py:154} INFO - [2025-06-17T20:50:36.670-0300] {dag.py:3722} INFO - Setting next_dagrun for example_subdag_operator.section-1 to None, run_after=None
[2025-06-17T20:50:36.677-0300] {logging_mixin.py:154} INFO - [2025-06-17T20:50:36.677-0300] {dag.py:3722} INFO - Setting next_dagrun for example_subdag_operator.section-2 to None, run_after=None
[2025-06-17T20:50:36.715-0300] {logging_mixin.py:154} INFO - [2025-06-17T20:50:36.714-0300] {dag.py:2941} INFO - Sync 2 DAGs
[2025-06-17T20:50:36.724-0300] {logging_mixin.py:154} INFO - [2025-06-17T20:50:36.723-0300] {dag.py:3722} INFO - Setting next_dagrun for example_subdag_operator.section-1 to None, run_after=None
[2025-06-17T20:50:36.725-0300] {logging_mixin.py:154} INFO - [2025-06-17T20:50:36.725-0300] {dag.py:3722} INFO - Setting next_dagrun for example_subdag_operator.section-2 to None, run_after=None
[2025-06-17T20:50:36.836-0300] {processor.py:179} INFO - Processing /mnt/c/Users/arcan/Documents/airflow/.venv/lib/python3.10/site-packages/airflow/example_dags/example_subdag_operator.py took 0.471 seconds
[2025-06-17T20:51:50.742-0300] {processor.py:157} INFO - Started process (PID=63773) to work on /mnt/c/Users/arcan/Documents/airflow/.venv/lib/python3.10/site-packages/airflow/example_dags/example_subdag_operator.py
[2025-06-17T20:51:50.745-0300] {processor.py:829} INFO - Processing file /mnt/c/Users/arcan/Documents/airflow/.venv/lib/python3.10/site-packages/airflow/example_dags/example_subdag_operator.py for tasks to queue
[2025-06-17T20:51:50.748-0300] {logging_mixin.py:154} INFO - [2025-06-17T20:51:50.747-0300] {dagbag.py:536} INFO - Filling up the DagBag from /mnt/c/Users/arcan/Documents/airflow/.venv/lib/python3.10/site-packages/airflow/example_dags/example_subdag_operator.py
[2025-06-17T20:51:50.874-0300] {processor.py:839} INFO - DAG(s) dict_keys(['example_subdag_operator.section-1', 'example_subdag_operator.section-2', 'example_subdag_operator']) retrieved from /mnt/c/Users/arcan/Documents/airflow/.venv/lib/python3.10/site-packages/airflow/example_dags/example_subdag_operator.py
[2025-06-17T20:51:50.920-0300] {logging_mixin.py:154} INFO - [2025-06-17T20:51:50.920-0300] {dag.py:2941} INFO - Sync 3 DAGs
[2025-06-17T20:51:50.957-0300] {logging_mixin.py:154} INFO - [2025-06-17T20:51:50.957-0300] {dag.py:3722} INFO - Setting next_dagrun for example_subdag_operator to 2022-01-01T00:00:00+00:00, run_after=2022-01-01T00:00:00+00:00
[2025-06-17T20:51:50.964-0300] {logging_mixin.py:154} INFO - [2025-06-17T20:51:50.964-0300] {dag.py:3722} INFO - Setting next_dagrun for example_subdag_operator.section-1 to None, run_after=None
[2025-06-17T20:51:50.970-0300] {logging_mixin.py:154} INFO - [2025-06-17T20:51:50.969-0300] {dag.py:3722} INFO - Setting next_dagrun for example_subdag_operator.section-2 to None, run_after=None
[2025-06-17T20:51:51.001-0300] {logging_mixin.py:154} INFO - [2025-06-17T20:51:51.000-0300] {dag.py:2941} INFO - Sync 2 DAGs
[2025-06-17T20:51:51.008-0300] {logging_mixin.py:154} INFO - [2025-06-17T20:51:51.008-0300] {dag.py:3722} INFO - Setting next_dagrun for example_subdag_operator.section-1 to None, run_after=None
[2025-06-17T20:51:51.010-0300] {logging_mixin.py:154} INFO - [2025-06-17T20:51:51.009-0300] {dag.py:3722} INFO - Setting next_dagrun for example_subdag_operator.section-2 to None, run_after=None
[2025-06-17T20:51:51.109-0300] {processor.py:179} INFO - Processing /mnt/c/Users/arcan/Documents/airflow/.venv/lib/python3.10/site-packages/airflow/example_dags/example_subdag_operator.py took 0.378 seconds
[2025-06-17T20:53:12.255-0300] {processor.py:157} INFO - Started process (PID=64004) to work on /mnt/c/Users/arcan/Documents/airflow/.venv/lib/python3.10/site-packages/airflow/example_dags/example_subdag_operator.py
[2025-06-17T20:53:12.258-0300] {processor.py:829} INFO - Processing file /mnt/c/Users/arcan/Documents/airflow/.venv/lib/python3.10/site-packages/airflow/example_dags/example_subdag_operator.py for tasks to queue
[2025-06-17T20:53:12.261-0300] {logging_mixin.py:154} INFO - [2025-06-17T20:53:12.260-0300] {dagbag.py:536} INFO - Filling up the DagBag from /mnt/c/Users/arcan/Documents/airflow/.venv/lib/python3.10/site-packages/airflow/example_dags/example_subdag_operator.py
[2025-06-17T20:53:12.413-0300] {processor.py:839} INFO - DAG(s) dict_keys(['example_subdag_operator.section-1', 'example_subdag_operator.section-2', 'example_subdag_operator']) retrieved from /mnt/c/Users/arcan/Documents/airflow/.venv/lib/python3.10/site-packages/airflow/example_dags/example_subdag_operator.py
[2025-06-17T20:53:12.464-0300] {logging_mixin.py:154} INFO - [2025-06-17T20:53:12.464-0300] {dag.py:2941} INFO - Sync 3 DAGs
[2025-06-17T20:53:12.508-0300] {logging_mixin.py:154} INFO - [2025-06-17T20:53:12.507-0300] {dag.py:3722} INFO - Setting next_dagrun for example_subdag_operator to 2022-01-01T00:00:00+00:00, run_after=2022-01-01T00:00:00+00:00
[2025-06-17T20:53:12.517-0300] {logging_mixin.py:154} INFO - [2025-06-17T20:53:12.516-0300] {dag.py:3722} INFO - Setting next_dagrun for example_subdag_operator.section-1 to None, run_after=None
[2025-06-17T20:53:12.522-0300] {logging_mixin.py:154} INFO - [2025-06-17T20:53:12.522-0300] {dag.py:3722} INFO - Setting next_dagrun for example_subdag_operator.section-2 to None, run_after=None
[2025-06-17T20:53:12.552-0300] {logging_mixin.py:154} INFO - [2025-06-17T20:53:12.552-0300] {dag.py:2941} INFO - Sync 2 DAGs
[2025-06-17T20:53:12.561-0300] {logging_mixin.py:154} INFO - [2025-06-17T20:53:12.560-0300] {dag.py:3722} INFO - Setting next_dagrun for example_subdag_operator.section-1 to None, run_after=None
[2025-06-17T20:53:12.562-0300] {logging_mixin.py:154} INFO - [2025-06-17T20:53:12.562-0300] {dag.py:3722} INFO - Setting next_dagrun for example_subdag_operator.section-2 to None, run_after=None
[2025-06-17T20:53:12.660-0300] {processor.py:179} INFO - Processing /mnt/c/Users/arcan/Documents/airflow/.venv/lib/python3.10/site-packages/airflow/example_dags/example_subdag_operator.py took 0.413 seconds
[2025-06-17T20:54:26.055-0300] {processor.py:157} INFO - Started process (PID=64340) to work on /mnt/c/Users/arcan/Documents/airflow/.venv/lib/python3.10/site-packages/airflow/example_dags/example_subdag_operator.py
[2025-06-17T20:54:26.057-0300] {processor.py:829} INFO - Processing file /mnt/c/Users/arcan/Documents/airflow/.venv/lib/python3.10/site-packages/airflow/example_dags/example_subdag_operator.py for tasks to queue
[2025-06-17T20:54:26.059-0300] {logging_mixin.py:154} INFO - [2025-06-17T20:54:26.058-0300] {dagbag.py:536} INFO - Filling up the DagBag from /mnt/c/Users/arcan/Documents/airflow/.venv/lib/python3.10/site-packages/airflow/example_dags/example_subdag_operator.py
[2025-06-17T20:54:26.149-0300] {processor.py:839} INFO - DAG(s) dict_keys(['example_subdag_operator.section-1', 'example_subdag_operator.section-2', 'example_subdag_operator']) retrieved from /mnt/c/Users/arcan/Documents/airflow/.venv/lib/python3.10/site-packages/airflow/example_dags/example_subdag_operator.py
[2025-06-17T20:54:26.188-0300] {logging_mixin.py:154} INFO - [2025-06-17T20:54:26.188-0300] {dag.py:2941} INFO - Sync 3 DAGs
[2025-06-17T20:54:26.222-0300] {logging_mixin.py:154} INFO - [2025-06-17T20:54:26.221-0300] {dag.py:3722} INFO - Setting next_dagrun for example_subdag_operator to 2022-01-01T00:00:00+00:00, run_after=2022-01-01T00:00:00+00:00
[2025-06-17T20:54:26.231-0300] {logging_mixin.py:154} INFO - [2025-06-17T20:54:26.231-0300] {dag.py:3722} INFO - Setting next_dagrun for example_subdag_operator.section-1 to None, run_after=None
[2025-06-17T20:54:26.235-0300] {logging_mixin.py:154} INFO - [2025-06-17T20:54:26.235-0300] {dag.py:3722} INFO - Setting next_dagrun for example_subdag_operator.section-2 to None, run_after=None
[2025-06-17T20:54:26.260-0300] {logging_mixin.py:154} INFO - [2025-06-17T20:54:26.260-0300] {dag.py:2941} INFO - Sync 2 DAGs
[2025-06-17T20:54:26.266-0300] {logging_mixin.py:154} INFO - [2025-06-17T20:54:26.266-0300] {dag.py:3722} INFO - Setting next_dagrun for example_subdag_operator.section-1 to None, run_after=None
[2025-06-17T20:54:26.267-0300] {logging_mixin.py:154} INFO - [2025-06-17T20:54:26.267-0300] {dag.py:3722} INFO - Setting next_dagrun for example_subdag_operator.section-2 to None, run_after=None
[2025-06-17T20:54:26.353-0300] {processor.py:179} INFO - Processing /mnt/c/Users/arcan/Documents/airflow/.venv/lib/python3.10/site-packages/airflow/example_dags/example_subdag_operator.py took 0.303 seconds
[2025-06-17T20:55:35.875-0300] {processor.py:157} INFO - Started process (PID=64542) to work on /mnt/c/Users/arcan/Documents/airflow/.venv/lib/python3.10/site-packages/airflow/example_dags/example_subdag_operator.py
[2025-06-17T20:55:35.877-0300] {processor.py:829} INFO - Processing file /mnt/c/Users/arcan/Documents/airflow/.venv/lib/python3.10/site-packages/airflow/example_dags/example_subdag_operator.py for tasks to queue
[2025-06-17T20:55:35.879-0300] {logging_mixin.py:154} INFO - [2025-06-17T20:55:35.878-0300] {dagbag.py:536} INFO - Filling up the DagBag from /mnt/c/Users/arcan/Documents/airflow/.venv/lib/python3.10/site-packages/airflow/example_dags/example_subdag_operator.py
[2025-06-17T20:55:35.971-0300] {processor.py:839} INFO - DAG(s) dict_keys(['example_subdag_operator.section-1', 'example_subdag_operator.section-2', 'example_subdag_operator']) retrieved from /mnt/c/Users/arcan/Documents/airflow/.venv/lib/python3.10/site-packages/airflow/example_dags/example_subdag_operator.py
[2025-06-17T20:55:36.005-0300] {logging_mixin.py:154} INFO - [2025-06-17T20:55:36.005-0300] {dag.py:2941} INFO - Sync 3 DAGs
[2025-06-17T20:55:36.034-0300] {logging_mixin.py:154} INFO - [2025-06-17T20:55:36.034-0300] {dag.py:3722} INFO - Setting next_dagrun for example_subdag_operator to 2022-01-01T00:00:00+00:00, run_after=2022-01-01T00:00:00+00:00
[2025-06-17T20:55:36.041-0300] {logging_mixin.py:154} INFO - [2025-06-17T20:55:36.040-0300] {dag.py:3722} INFO - Setting next_dagrun for example_subdag_operator.section-1 to None, run_after=None
[2025-06-17T20:55:36.045-0300] {logging_mixin.py:154} INFO - [2025-06-17T20:55:36.045-0300] {dag.py:3722} INFO - Setting next_dagrun for example_subdag_operator.section-2 to None, run_after=None
[2025-06-17T20:55:36.069-0300] {logging_mixin.py:154} INFO - [2025-06-17T20:55:36.068-0300] {dag.py:2941} INFO - Sync 2 DAGs
[2025-06-17T20:55:36.074-0300] {logging_mixin.py:154} INFO - [2025-06-17T20:55:36.074-0300] {dag.py:3722} INFO - Setting next_dagrun for example_subdag_operator.section-1 to None, run_after=None
[2025-06-17T20:55:36.075-0300] {logging_mixin.py:154} INFO - [2025-06-17T20:55:36.075-0300] {dag.py:3722} INFO - Setting next_dagrun for example_subdag_operator.section-2 to None, run_after=None
[2025-06-17T20:55:36.147-0300] {processor.py:179} INFO - Processing /mnt/c/Users/arcan/Documents/airflow/.venv/lib/python3.10/site-packages/airflow/example_dags/example_subdag_operator.py took 0.278 seconds
