[2025-06-16T22:03:12.912-0300] {processor.py:157} INFO - Started process (PID=57183) to work on /mnt/c/Users/arcan/Documents/airflow/.venv/lib/python3.10/site-packages/airflow/example_dags/example_sensor_decorator.py
[2025-06-16T22:03:12.914-0300] {processor.py:829} INFO - Processing file /mnt/c/Users/arcan/Documents/airflow/.venv/lib/python3.10/site-packages/airflow/example_dags/example_sensor_decorator.py for tasks to queue
[2025-06-16T22:03:12.916-0300] {logging_mixin.py:154} INFO - [2025-06-16T22:03:12.915-0300] {dagbag.py:536} INFO - Filling up the DagBag from /mnt/c/Users/arcan/Documents/airflow/.venv/lib/python3.10/site-packages/airflow/example_dags/example_sensor_decorator.py
[2025-06-16T22:03:12.951-0300] {processor.py:839} INFO - DAG(s) dict_keys(['example_sensor_decorator']) retrieved from /mnt/c/Users/arcan/Documents/airflow/.venv/lib/python3.10/site-packages/airflow/example_dags/example_sensor_decorator.py
[2025-06-16T22:03:12.996-0300] {logging_mixin.py:154} INFO - [2025-06-16T22:03:12.995-0300] {dag.py:2941} INFO - Sync 1 DAGs
[2025-06-16T22:03:13.020-0300] {logging_mixin.py:154} INFO - [2025-06-16T22:03:13.019-0300] {dag.py:3722} INFO - Setting next_dagrun for example_sensor_decorator to None, run_after=None
[2025-06-16T22:03:13.124-0300] {processor.py:179} INFO - Processing /mnt/c/Users/arcan/Documents/airflow/.venv/lib/python3.10/site-packages/airflow/example_dags/example_sensor_decorator.py took 0.216 seconds
[2025-06-16T22:04:51.385-0300] {processor.py:157} INFO - Started process (PID=57483) to work on /mnt/c/Users/arcan/Documents/airflow/.venv/lib/python3.10/site-packages/airflow/example_dags/example_sensor_decorator.py
[2025-06-16T22:04:51.388-0300] {processor.py:829} INFO - Processing file /mnt/c/Users/arcan/Documents/airflow/.venv/lib/python3.10/site-packages/airflow/example_dags/example_sensor_decorator.py for tasks to queue
[2025-06-16T22:04:51.390-0300] {logging_mixin.py:154} INFO - [2025-06-16T22:04:51.389-0300] {dagbag.py:536} INFO - Filling up the DagBag from /mnt/c/Users/arcan/Documents/airflow/.venv/lib/python3.10/site-packages/airflow/example_dags/example_sensor_decorator.py
[2025-06-16T22:04:51.428-0300] {processor.py:839} INFO - DAG(s) dict_keys(['example_sensor_decorator']) retrieved from /mnt/c/Users/arcan/Documents/airflow/.venv/lib/python3.10/site-packages/airflow/example_dags/example_sensor_decorator.py
[2025-06-16T22:04:51.479-0300] {logging_mixin.py:154} INFO - [2025-06-16T22:04:51.479-0300] {dag.py:2941} INFO - Sync 1 DAGs
[2025-06-16T22:04:51.503-0300] {logging_mixin.py:154} INFO - [2025-06-16T22:04:51.503-0300] {dag.py:3722} INFO - Setting next_dagrun for example_sensor_decorator to None, run_after=None
[2025-06-16T22:04:51.612-0300] {processor.py:179} INFO - Processing /mnt/c/Users/arcan/Documents/airflow/.venv/lib/python3.10/site-packages/airflow/example_dags/example_sensor_decorator.py took 0.233 seconds
[2025-06-16T22:06:06.537-0300] {processor.py:157} INFO - Started process (PID=57725) to work on /mnt/c/Users/arcan/Documents/airflow/.venv/lib/python3.10/site-packages/airflow/example_dags/example_sensor_decorator.py
[2025-06-16T22:06:06.540-0300] {processor.py:829} INFO - Processing file /mnt/c/Users/arcan/Documents/airflow/.venv/lib/python3.10/site-packages/airflow/example_dags/example_sensor_decorator.py for tasks to queue
[2025-06-16T22:06:06.542-0300] {logging_mixin.py:154} INFO - [2025-06-16T22:06:06.542-0300] {dagbag.py:536} INFO - Filling up the DagBag from /mnt/c/Users/arcan/Documents/airflow/.venv/lib/python3.10/site-packages/airflow/example_dags/example_sensor_decorator.py
[2025-06-16T22:06:06.582-0300] {processor.py:839} INFO - DAG(s) dict_keys(['example_sensor_decorator']) retrieved from /mnt/c/Users/arcan/Documents/airflow/.venv/lib/python3.10/site-packages/airflow/example_dags/example_sensor_decorator.py
[2025-06-16T22:06:06.628-0300] {logging_mixin.py:154} INFO - [2025-06-16T22:06:06.628-0300] {dag.py:2941} INFO - Sync 1 DAGs
[2025-06-16T22:06:06.647-0300] {logging_mixin.py:154} INFO - [2025-06-16T22:06:06.647-0300] {dag.py:3722} INFO - Setting next_dagrun for example_sensor_decorator to None, run_after=None
[2025-06-16T22:06:06.743-0300] {processor.py:179} INFO - Processing /mnt/c/Users/arcan/Documents/airflow/.venv/lib/python3.10/site-packages/airflow/example_dags/example_sensor_decorator.py took 0.211 seconds
[2025-06-16T22:07:15.538-0300] {processor.py:157} INFO - Started process (PID=57925) to work on /mnt/c/Users/arcan/Documents/airflow/.venv/lib/python3.10/site-packages/airflow/example_dags/example_sensor_decorator.py
[2025-06-16T22:07:15.541-0300] {processor.py:829} INFO - Processing file /mnt/c/Users/arcan/Documents/airflow/.venv/lib/python3.10/site-packages/airflow/example_dags/example_sensor_decorator.py for tasks to queue
[2025-06-16T22:07:15.543-0300] {logging_mixin.py:154} INFO - [2025-06-16T22:07:15.543-0300] {dagbag.py:536} INFO - Filling up the DagBag from /mnt/c/Users/arcan/Documents/airflow/.venv/lib/python3.10/site-packages/airflow/example_dags/example_sensor_decorator.py
[2025-06-16T22:07:15.582-0300] {processor.py:839} INFO - DAG(s) dict_keys(['example_sensor_decorator']) retrieved from /mnt/c/Users/arcan/Documents/airflow/.venv/lib/python3.10/site-packages/airflow/example_dags/example_sensor_decorator.py
[2025-06-16T22:07:15.631-0300] {logging_mixin.py:154} INFO - [2025-06-16T22:07:15.630-0300] {dag.py:2941} INFO - Sync 1 DAGs
[2025-06-16T22:07:15.653-0300] {logging_mixin.py:154} INFO - [2025-06-16T22:07:15.653-0300] {dag.py:3722} INFO - Setting next_dagrun for example_sensor_decorator to None, run_after=None
[2025-06-16T22:07:15.759-0300] {processor.py:179} INFO - Processing /mnt/c/Users/arcan/Documents/airflow/.venv/lib/python3.10/site-packages/airflow/example_dags/example_sensor_decorator.py took 0.226 seconds
[2025-06-16T22:08:29.836-0300] {processor.py:157} INFO - Started process (PID=58145) to work on /mnt/c/Users/arcan/Documents/airflow/.venv/lib/python3.10/site-packages/airflow/example_dags/example_sensor_decorator.py
[2025-06-16T22:08:29.838-0300] {processor.py:829} INFO - Processing file /mnt/c/Users/arcan/Documents/airflow/.venv/lib/python3.10/site-packages/airflow/example_dags/example_sensor_decorator.py for tasks to queue
[2025-06-16T22:08:29.840-0300] {logging_mixin.py:154} INFO - [2025-06-16T22:08:29.840-0300] {dagbag.py:536} INFO - Filling up the DagBag from /mnt/c/Users/arcan/Documents/airflow/.venv/lib/python3.10/site-packages/airflow/example_dags/example_sensor_decorator.py
[2025-06-16T22:08:29.870-0300] {processor.py:839} INFO - DAG(s) dict_keys(['example_sensor_decorator']) retrieved from /mnt/c/Users/arcan/Documents/airflow/.venv/lib/python3.10/site-packages/airflow/example_dags/example_sensor_decorator.py
[2025-06-16T22:08:29.909-0300] {logging_mixin.py:154} INFO - [2025-06-16T22:08:29.909-0300] {dag.py:2941} INFO - Sync 1 DAGs
[2025-06-16T22:08:29.927-0300] {logging_mixin.py:154} INFO - [2025-06-16T22:08:29.927-0300] {dag.py:3722} INFO - Setting next_dagrun for example_sensor_decorator to None, run_after=None
[2025-06-16T22:08:30.013-0300] {processor.py:179} INFO - Processing /mnt/c/Users/arcan/Documents/airflow/.venv/lib/python3.10/site-packages/airflow/example_dags/example_sensor_decorator.py took 0.182 seconds
[2025-06-16T22:09:38.832-0300] {processor.py:157} INFO - Started process (PID=58473) to work on /mnt/c/Users/arcan/Documents/airflow/.venv/lib/python3.10/site-packages/airflow/example_dags/example_sensor_decorator.py
[2025-06-16T22:09:38.834-0300] {processor.py:829} INFO - Processing file /mnt/c/Users/arcan/Documents/airflow/.venv/lib/python3.10/site-packages/airflow/example_dags/example_sensor_decorator.py for tasks to queue
[2025-06-16T22:09:38.836-0300] {logging_mixin.py:154} INFO - [2025-06-16T22:09:38.835-0300] {dagbag.py:536} INFO - Filling up the DagBag from /mnt/c/Users/arcan/Documents/airflow/.venv/lib/python3.10/site-packages/airflow/example_dags/example_sensor_decorator.py
[2025-06-16T22:09:38.871-0300] {processor.py:839} INFO - DAG(s) dict_keys(['example_sensor_decorator']) retrieved from /mnt/c/Users/arcan/Documents/airflow/.venv/lib/python3.10/site-packages/airflow/example_dags/example_sensor_decorator.py
[2025-06-16T22:09:38.916-0300] {logging_mixin.py:154} INFO - [2025-06-16T22:09:38.916-0300] {dag.py:2941} INFO - Sync 1 DAGs
[2025-06-16T22:09:38.935-0300] {logging_mixin.py:154} INFO - [2025-06-16T22:09:38.935-0300] {dag.py:3722} INFO - Setting next_dagrun for example_sensor_decorator to None, run_after=None
[2025-06-16T22:09:39.031-0300] {processor.py:179} INFO - Processing /mnt/c/Users/arcan/Documents/airflow/.venv/lib/python3.10/site-packages/airflow/example_dags/example_sensor_decorator.py took 0.204 seconds
[2025-06-16T22:10:42.399-0300] {processor.py:157} INFO - Started process (PID=58664) to work on /mnt/c/Users/arcan/Documents/airflow/.venv/lib/python3.10/site-packages/airflow/example_dags/example_sensor_decorator.py
[2025-06-16T22:10:42.400-0300] {processor.py:829} INFO - Processing file /mnt/c/Users/arcan/Documents/airflow/.venv/lib/python3.10/site-packages/airflow/example_dags/example_sensor_decorator.py for tasks to queue
[2025-06-16T22:10:42.402-0300] {logging_mixin.py:154} INFO - [2025-06-16T22:10:42.401-0300] {dagbag.py:536} INFO - Filling up the DagBag from /mnt/c/Users/arcan/Documents/airflow/.venv/lib/python3.10/site-packages/airflow/example_dags/example_sensor_decorator.py
[2025-06-16T22:10:42.432-0300] {processor.py:839} INFO - DAG(s) dict_keys(['example_sensor_decorator']) retrieved from /mnt/c/Users/arcan/Documents/airflow/.venv/lib/python3.10/site-packages/airflow/example_dags/example_sensor_decorator.py
[2025-06-16T22:10:42.474-0300] {logging_mixin.py:154} INFO - [2025-06-16T22:10:42.473-0300] {dag.py:2941} INFO - Sync 1 DAGs
[2025-06-16T22:10:42.494-0300] {logging_mixin.py:154} INFO - [2025-06-16T22:10:42.493-0300] {dag.py:3722} INFO - Setting next_dagrun for example_sensor_decorator to None, run_after=None
[2025-06-16T22:10:42.576-0300] {processor.py:179} INFO - Processing /mnt/c/Users/arcan/Documents/airflow/.venv/lib/python3.10/site-packages/airflow/example_dags/example_sensor_decorator.py took 0.182 seconds
[2025-06-16T22:11:43.408-0300] {processor.py:157} INFO - Started process (PID=58850) to work on /mnt/c/Users/arcan/Documents/airflow/.venv/lib/python3.10/site-packages/airflow/example_dags/example_sensor_decorator.py
[2025-06-16T22:11:43.410-0300] {processor.py:829} INFO - Processing file /mnt/c/Users/arcan/Documents/airflow/.venv/lib/python3.10/site-packages/airflow/example_dags/example_sensor_decorator.py for tasks to queue
[2025-06-16T22:11:43.412-0300] {logging_mixin.py:154} INFO - [2025-06-16T22:11:43.411-0300] {dagbag.py:536} INFO - Filling up the DagBag from /mnt/c/Users/arcan/Documents/airflow/.venv/lib/python3.10/site-packages/airflow/example_dags/example_sensor_decorator.py
[2025-06-16T22:11:43.444-0300] {processor.py:839} INFO - DAG(s) dict_keys(['example_sensor_decorator']) retrieved from /mnt/c/Users/arcan/Documents/airflow/.venv/lib/python3.10/site-packages/airflow/example_dags/example_sensor_decorator.py
[2025-06-16T22:11:43.486-0300] {logging_mixin.py:154} INFO - [2025-06-16T22:11:43.485-0300] {dag.py:2941} INFO - Sync 1 DAGs
[2025-06-16T22:11:43.505-0300] {logging_mixin.py:154} INFO - [2025-06-16T22:11:43.505-0300] {dag.py:3722} INFO - Setting next_dagrun for example_sensor_decorator to None, run_after=None
[2025-06-16T22:11:43.600-0300] {processor.py:179} INFO - Processing /mnt/c/Users/arcan/Documents/airflow/.venv/lib/python3.10/site-packages/airflow/example_dags/example_sensor_decorator.py took 0.196 seconds
[2025-06-16T22:12:41.743-0300] {processor.py:157} INFO - Started process (PID=59022) to work on /mnt/c/Users/arcan/Documents/airflow/.venv/lib/python3.10/site-packages/airflow/example_dags/example_sensor_decorator.py
[2025-06-16T22:12:41.746-0300] {processor.py:829} INFO - Processing file /mnt/c/Users/arcan/Documents/airflow/.venv/lib/python3.10/site-packages/airflow/example_dags/example_sensor_decorator.py for tasks to queue
[2025-06-16T22:12:41.748-0300] {logging_mixin.py:154} INFO - [2025-06-16T22:12:41.748-0300] {dagbag.py:536} INFO - Filling up the DagBag from /mnt/c/Users/arcan/Documents/airflow/.venv/lib/python3.10/site-packages/airflow/example_dags/example_sensor_decorator.py
[2025-06-16T22:12:41.786-0300] {processor.py:839} INFO - DAG(s) dict_keys(['example_sensor_decorator']) retrieved from /mnt/c/Users/arcan/Documents/airflow/.venv/lib/python3.10/site-packages/airflow/example_dags/example_sensor_decorator.py
[2025-06-16T22:12:41.839-0300] {logging_mixin.py:154} INFO - [2025-06-16T22:12:41.839-0300] {dag.py:2941} INFO - Sync 1 DAGs
[2025-06-16T22:12:41.867-0300] {logging_mixin.py:154} INFO - [2025-06-16T22:12:41.867-0300] {dag.py:3722} INFO - Setting next_dagrun for example_sensor_decorator to None, run_after=None
[2025-06-16T22:12:41.956-0300] {processor.py:179} INFO - Processing /mnt/c/Users/arcan/Documents/airflow/.venv/lib/python3.10/site-packages/airflow/example_dags/example_sensor_decorator.py took 0.223 seconds
[2025-06-16T22:13:46.516-0300] {processor.py:157} INFO - Started process (PID=59220) to work on /mnt/c/Users/arcan/Documents/airflow/.venv/lib/python3.10/site-packages/airflow/example_dags/example_sensor_decorator.py
[2025-06-16T22:13:46.517-0300] {processor.py:829} INFO - Processing file /mnt/c/Users/arcan/Documents/airflow/.venv/lib/python3.10/site-packages/airflow/example_dags/example_sensor_decorator.py for tasks to queue
[2025-06-16T22:13:46.520-0300] {logging_mixin.py:154} INFO - [2025-06-16T22:13:46.519-0300] {dagbag.py:536} INFO - Filling up the DagBag from /mnt/c/Users/arcan/Documents/airflow/.venv/lib/python3.10/site-packages/airflow/example_dags/example_sensor_decorator.py
[2025-06-16T22:13:46.557-0300] {processor.py:839} INFO - DAG(s) dict_keys(['example_sensor_decorator']) retrieved from /mnt/c/Users/arcan/Documents/airflow/.venv/lib/python3.10/site-packages/airflow/example_dags/example_sensor_decorator.py
[2025-06-16T22:13:46.612-0300] {logging_mixin.py:154} INFO - [2025-06-16T22:13:46.612-0300] {dag.py:2941} INFO - Sync 1 DAGs
[2025-06-16T22:13:46.639-0300] {logging_mixin.py:154} INFO - [2025-06-16T22:13:46.638-0300] {dag.py:3722} INFO - Setting next_dagrun for example_sensor_decorator to None, run_after=None
[2025-06-16T22:13:46.729-0300] {processor.py:179} INFO - Processing /mnt/c/Users/arcan/Documents/airflow/.venv/lib/python3.10/site-packages/airflow/example_dags/example_sensor_decorator.py took 0.219 seconds
[2025-06-16T22:14:53.830-0300] {processor.py:157} INFO - Started process (PID=59419) to work on /mnt/c/Users/arcan/Documents/airflow/.venv/lib/python3.10/site-packages/airflow/example_dags/example_sensor_decorator.py
[2025-06-16T22:14:53.832-0300] {processor.py:829} INFO - Processing file /mnt/c/Users/arcan/Documents/airflow/.venv/lib/python3.10/site-packages/airflow/example_dags/example_sensor_decorator.py for tasks to queue
[2025-06-16T22:14:53.833-0300] {logging_mixin.py:154} INFO - [2025-06-16T22:14:53.833-0300] {dagbag.py:536} INFO - Filling up the DagBag from /mnt/c/Users/arcan/Documents/airflow/.venv/lib/python3.10/site-packages/airflow/example_dags/example_sensor_decorator.py
[2025-06-16T22:14:53.866-0300] {processor.py:839} INFO - DAG(s) dict_keys(['example_sensor_decorator']) retrieved from /mnt/c/Users/arcan/Documents/airflow/.venv/lib/python3.10/site-packages/airflow/example_dags/example_sensor_decorator.py
[2025-06-16T22:14:53.909-0300] {logging_mixin.py:154} INFO - [2025-06-16T22:14:53.909-0300] {dag.py:2941} INFO - Sync 1 DAGs
[2025-06-16T22:14:53.927-0300] {logging_mixin.py:154} INFO - [2025-06-16T22:14:53.927-0300] {dag.py:3722} INFO - Setting next_dagrun for example_sensor_decorator to None, run_after=None
[2025-06-16T22:14:54.013-0300] {processor.py:179} INFO - Processing /mnt/c/Users/arcan/Documents/airflow/.venv/lib/python3.10/site-packages/airflow/example_dags/example_sensor_decorator.py took 0.188 seconds
[2025-06-16T22:16:02.462-0300] {processor.py:157} INFO - Started process (PID=59625) to work on /mnt/c/Users/arcan/Documents/airflow/.venv/lib/python3.10/site-packages/airflow/example_dags/example_sensor_decorator.py
[2025-06-16T22:16:02.464-0300] {processor.py:829} INFO - Processing file /mnt/c/Users/arcan/Documents/airflow/.venv/lib/python3.10/site-packages/airflow/example_dags/example_sensor_decorator.py for tasks to queue
[2025-06-16T22:16:02.466-0300] {logging_mixin.py:154} INFO - [2025-06-16T22:16:02.465-0300] {dagbag.py:536} INFO - Filling up the DagBag from /mnt/c/Users/arcan/Documents/airflow/.venv/lib/python3.10/site-packages/airflow/example_dags/example_sensor_decorator.py
[2025-06-16T22:16:02.516-0300] {processor.py:839} INFO - DAG(s) dict_keys(['example_sensor_decorator']) retrieved from /mnt/c/Users/arcan/Documents/airflow/.venv/lib/python3.10/site-packages/airflow/example_dags/example_sensor_decorator.py
[2025-06-16T22:16:02.572-0300] {logging_mixin.py:154} INFO - [2025-06-16T22:16:02.572-0300] {dag.py:2941} INFO - Sync 1 DAGs
[2025-06-16T22:16:02.601-0300] {logging_mixin.py:154} INFO - [2025-06-16T22:16:02.600-0300] {dag.py:3722} INFO - Setting next_dagrun for example_sensor_decorator to None, run_after=None
[2025-06-16T22:16:02.733-0300] {processor.py:179} INFO - Processing /mnt/c/Users/arcan/Documents/airflow/.venv/lib/python3.10/site-packages/airflow/example_dags/example_sensor_decorator.py took 0.276 seconds
[2025-06-16T22:17:11.631-0300] {processor.py:157} INFO - Started process (PID=59958) to work on /mnt/c/Users/arcan/Documents/airflow/.venv/lib/python3.10/site-packages/airflow/example_dags/example_sensor_decorator.py
[2025-06-16T22:17:11.633-0300] {processor.py:829} INFO - Processing file /mnt/c/Users/arcan/Documents/airflow/.venv/lib/python3.10/site-packages/airflow/example_dags/example_sensor_decorator.py for tasks to queue
[2025-06-16T22:17:11.635-0300] {logging_mixin.py:154} INFO - [2025-06-16T22:17:11.635-0300] {dagbag.py:536} INFO - Filling up the DagBag from /mnt/c/Users/arcan/Documents/airflow/.venv/lib/python3.10/site-packages/airflow/example_dags/example_sensor_decorator.py
[2025-06-16T22:17:11.669-0300] {processor.py:839} INFO - DAG(s) dict_keys(['example_sensor_decorator']) retrieved from /mnt/c/Users/arcan/Documents/airflow/.venv/lib/python3.10/site-packages/airflow/example_dags/example_sensor_decorator.py
[2025-06-16T22:17:11.711-0300] {logging_mixin.py:154} INFO - [2025-06-16T22:17:11.710-0300] {dag.py:2941} INFO - Sync 1 DAGs
[2025-06-16T22:17:11.728-0300] {logging_mixin.py:154} INFO - [2025-06-16T22:17:11.728-0300] {dag.py:3722} INFO - Setting next_dagrun for example_sensor_decorator to None, run_after=None
[2025-06-16T22:17:11.816-0300] {processor.py:179} INFO - Processing /mnt/c/Users/arcan/Documents/airflow/.venv/lib/python3.10/site-packages/airflow/example_dags/example_sensor_decorator.py took 0.190 seconds
[2025-06-16T22:18:30.992-0300] {processor.py:157} INFO - Started process (PID=60188) to work on /mnt/c/Users/arcan/Documents/airflow/.venv/lib/python3.10/site-packages/airflow/example_dags/example_sensor_decorator.py
[2025-06-16T22:18:30.995-0300] {processor.py:829} INFO - Processing file /mnt/c/Users/arcan/Documents/airflow/.venv/lib/python3.10/site-packages/airflow/example_dags/example_sensor_decorator.py for tasks to queue
[2025-06-16T22:18:30.998-0300] {logging_mixin.py:154} INFO - [2025-06-16T22:18:30.997-0300] {dagbag.py:536} INFO - Filling up the DagBag from /mnt/c/Users/arcan/Documents/airflow/.venv/lib/python3.10/site-packages/airflow/example_dags/example_sensor_decorator.py
[2025-06-16T22:18:31.059-0300] {processor.py:839} INFO - DAG(s) dict_keys(['example_sensor_decorator']) retrieved from /mnt/c/Users/arcan/Documents/airflow/.venv/lib/python3.10/site-packages/airflow/example_dags/example_sensor_decorator.py
[2025-06-16T22:18:31.120-0300] {logging_mixin.py:154} INFO - [2025-06-16T22:18:31.120-0300] {dag.py:2941} INFO - Sync 1 DAGs
[2025-06-16T22:18:31.144-0300] {logging_mixin.py:154} INFO - [2025-06-16T22:18:31.144-0300] {dag.py:3722} INFO - Setting next_dagrun for example_sensor_decorator to None, run_after=None
[2025-06-16T22:18:31.293-0300] {processor.py:179} INFO - Processing /mnt/c/Users/arcan/Documents/airflow/.venv/lib/python3.10/site-packages/airflow/example_dags/example_sensor_decorator.py took 0.315 seconds
[2025-06-16T22:19:58.459-0300] {processor.py:157} INFO - Started process (PID=60438) to work on /mnt/c/Users/arcan/Documents/airflow/.venv/lib/python3.10/site-packages/airflow/example_dags/example_sensor_decorator.py
[2025-06-16T22:19:58.461-0300] {processor.py:829} INFO - Processing file /mnt/c/Users/arcan/Documents/airflow/.venv/lib/python3.10/site-packages/airflow/example_dags/example_sensor_decorator.py for tasks to queue
[2025-06-16T22:19:58.463-0300] {logging_mixin.py:154} INFO - [2025-06-16T22:19:58.463-0300] {dagbag.py:536} INFO - Filling up the DagBag from /mnt/c/Users/arcan/Documents/airflow/.venv/lib/python3.10/site-packages/airflow/example_dags/example_sensor_decorator.py
[2025-06-16T22:19:58.500-0300] {processor.py:839} INFO - DAG(s) dict_keys(['example_sensor_decorator']) retrieved from /mnt/c/Users/arcan/Documents/airflow/.venv/lib/python3.10/site-packages/airflow/example_dags/example_sensor_decorator.py
[2025-06-16T22:19:58.566-0300] {logging_mixin.py:154} INFO - [2025-06-16T22:19:58.566-0300] {dag.py:2941} INFO - Sync 1 DAGs
[2025-06-16T22:19:58.608-0300] {logging_mixin.py:154} INFO - [2025-06-16T22:19:58.607-0300] {dag.py:3722} INFO - Setting next_dagrun for example_sensor_decorator to None, run_after=None
[2025-06-16T22:19:58.702-0300] {processor.py:179} INFO - Processing /mnt/c/Users/arcan/Documents/airflow/.venv/lib/python3.10/site-packages/airflow/example_dags/example_sensor_decorator.py took 0.248 seconds
[2025-06-16T22:21:19.133-0300] {processor.py:157} INFO - Started process (PID=60674) to work on /mnt/c/Users/arcan/Documents/airflow/.venv/lib/python3.10/site-packages/airflow/example_dags/example_sensor_decorator.py
[2025-06-16T22:21:19.136-0300] {processor.py:829} INFO - Processing file /mnt/c/Users/arcan/Documents/airflow/.venv/lib/python3.10/site-packages/airflow/example_dags/example_sensor_decorator.py for tasks to queue
[2025-06-16T22:21:19.138-0300] {logging_mixin.py:154} INFO - [2025-06-16T22:21:19.137-0300] {dagbag.py:536} INFO - Filling up the DagBag from /mnt/c/Users/arcan/Documents/airflow/.venv/lib/python3.10/site-packages/airflow/example_dags/example_sensor_decorator.py
[2025-06-16T22:21:19.186-0300] {processor.py:839} INFO - DAG(s) dict_keys(['example_sensor_decorator']) retrieved from /mnt/c/Users/arcan/Documents/airflow/.venv/lib/python3.10/site-packages/airflow/example_dags/example_sensor_decorator.py
[2025-06-16T22:21:19.243-0300] {logging_mixin.py:154} INFO - [2025-06-16T22:21:19.243-0300] {dag.py:2941} INFO - Sync 1 DAGs
[2025-06-16T22:21:19.273-0300] {logging_mixin.py:154} INFO - [2025-06-16T22:21:19.273-0300] {dag.py:3722} INFO - Setting next_dagrun for example_sensor_decorator to None, run_after=None
[2025-06-16T22:21:19.428-0300] {processor.py:179} INFO - Processing /mnt/c/Users/arcan/Documents/airflow/.venv/lib/python3.10/site-packages/airflow/example_dags/example_sensor_decorator.py took 0.303 seconds
[2025-06-16T22:22:41.971-0300] {processor.py:157} INFO - Started process (PID=60909) to work on /mnt/c/Users/arcan/Documents/airflow/.venv/lib/python3.10/site-packages/airflow/example_dags/example_sensor_decorator.py
[2025-06-16T22:22:41.973-0300] {processor.py:829} INFO - Processing file /mnt/c/Users/arcan/Documents/airflow/.venv/lib/python3.10/site-packages/airflow/example_dags/example_sensor_decorator.py for tasks to queue
[2025-06-16T22:22:41.975-0300] {logging_mixin.py:154} INFO - [2025-06-16T22:22:41.975-0300] {dagbag.py:536} INFO - Filling up the DagBag from /mnt/c/Users/arcan/Documents/airflow/.venv/lib/python3.10/site-packages/airflow/example_dags/example_sensor_decorator.py
[2025-06-16T22:22:42.018-0300] {processor.py:839} INFO - DAG(s) dict_keys(['example_sensor_decorator']) retrieved from /mnt/c/Users/arcan/Documents/airflow/.venv/lib/python3.10/site-packages/airflow/example_dags/example_sensor_decorator.py
[2025-06-16T22:22:42.071-0300] {logging_mixin.py:154} INFO - [2025-06-16T22:22:42.070-0300] {dag.py:2941} INFO - Sync 1 DAGs
[2025-06-16T22:22:42.094-0300] {logging_mixin.py:154} INFO - [2025-06-16T22:22:42.094-0300] {dag.py:3722} INFO - Setting next_dagrun for example_sensor_decorator to None, run_after=None
[2025-06-16T22:22:42.228-0300] {processor.py:179} INFO - Processing /mnt/c/Users/arcan/Documents/airflow/.venv/lib/python3.10/site-packages/airflow/example_dags/example_sensor_decorator.py took 0.264 seconds
[2025-06-16T22:24:05.473-0300] {processor.py:157} INFO - Started process (PID=61267) to work on /mnt/c/Users/arcan/Documents/airflow/.venv/lib/python3.10/site-packages/airflow/example_dags/example_sensor_decorator.py
[2025-06-16T22:24:05.475-0300] {processor.py:829} INFO - Processing file /mnt/c/Users/arcan/Documents/airflow/.venv/lib/python3.10/site-packages/airflow/example_dags/example_sensor_decorator.py for tasks to queue
[2025-06-16T22:24:05.478-0300] {logging_mixin.py:154} INFO - [2025-06-16T22:24:05.477-0300] {dagbag.py:536} INFO - Filling up the DagBag from /mnt/c/Users/arcan/Documents/airflow/.venv/lib/python3.10/site-packages/airflow/example_dags/example_sensor_decorator.py
[2025-06-16T22:24:05.527-0300] {processor.py:839} INFO - DAG(s) dict_keys(['example_sensor_decorator']) retrieved from /mnt/c/Users/arcan/Documents/airflow/.venv/lib/python3.10/site-packages/airflow/example_dags/example_sensor_decorator.py
[2025-06-16T22:24:05.590-0300] {logging_mixin.py:154} INFO - [2025-06-16T22:24:05.589-0300] {dag.py:2941} INFO - Sync 1 DAGs
[2025-06-16T22:24:05.617-0300] {logging_mixin.py:154} INFO - [2025-06-16T22:24:05.616-0300] {dag.py:3722} INFO - Setting next_dagrun for example_sensor_decorator to None, run_after=None
[2025-06-16T22:24:05.785-0300] {processor.py:179} INFO - Processing /mnt/c/Users/arcan/Documents/airflow/.venv/lib/python3.10/site-packages/airflow/example_dags/example_sensor_decorator.py took 0.320 seconds
[2025-06-16T22:25:25.748-0300] {processor.py:157} INFO - Started process (PID=61503) to work on /mnt/c/Users/arcan/Documents/airflow/.venv/lib/python3.10/site-packages/airflow/example_dags/example_sensor_decorator.py
[2025-06-16T22:25:25.751-0300] {processor.py:829} INFO - Processing file /mnt/c/Users/arcan/Documents/airflow/.venv/lib/python3.10/site-packages/airflow/example_dags/example_sensor_decorator.py for tasks to queue
[2025-06-16T22:25:25.753-0300] {logging_mixin.py:154} INFO - [2025-06-16T22:25:25.752-0300] {dagbag.py:536} INFO - Filling up the DagBag from /mnt/c/Users/arcan/Documents/airflow/.venv/lib/python3.10/site-packages/airflow/example_dags/example_sensor_decorator.py
[2025-06-16T22:25:25.805-0300] {processor.py:839} INFO - DAG(s) dict_keys(['example_sensor_decorator']) retrieved from /mnt/c/Users/arcan/Documents/airflow/.venv/lib/python3.10/site-packages/airflow/example_dags/example_sensor_decorator.py
[2025-06-16T22:25:25.868-0300] {logging_mixin.py:154} INFO - [2025-06-16T22:25:25.867-0300] {dag.py:2941} INFO - Sync 1 DAGs
[2025-06-16T22:25:25.893-0300] {logging_mixin.py:154} INFO - [2025-06-16T22:25:25.893-0300] {dag.py:3722} INFO - Setting next_dagrun for example_sensor_decorator to None, run_after=None
[2025-06-16T22:25:26.027-0300] {processor.py:179} INFO - Processing /mnt/c/Users/arcan/Documents/airflow/.venv/lib/python3.10/site-packages/airflow/example_dags/example_sensor_decorator.py took 0.285 seconds
[2025-06-16T22:26:46.726-0300] {processor.py:157} INFO - Started process (PID=61731) to work on /mnt/c/Users/arcan/Documents/airflow/.venv/lib/python3.10/site-packages/airflow/example_dags/example_sensor_decorator.py
[2025-06-16T22:26:46.729-0300] {processor.py:829} INFO - Processing file /mnt/c/Users/arcan/Documents/airflow/.venv/lib/python3.10/site-packages/airflow/example_dags/example_sensor_decorator.py for tasks to queue
[2025-06-16T22:26:46.732-0300] {logging_mixin.py:154} INFO - [2025-06-16T22:26:46.731-0300] {dagbag.py:536} INFO - Filling up the DagBag from /mnt/c/Users/arcan/Documents/airflow/.venv/lib/python3.10/site-packages/airflow/example_dags/example_sensor_decorator.py
[2025-06-16T22:26:46.779-0300] {processor.py:839} INFO - DAG(s) dict_keys(['example_sensor_decorator']) retrieved from /mnt/c/Users/arcan/Documents/airflow/.venv/lib/python3.10/site-packages/airflow/example_dags/example_sensor_decorator.py
[2025-06-16T22:26:46.839-0300] {logging_mixin.py:154} INFO - [2025-06-16T22:26:46.838-0300] {dag.py:2941} INFO - Sync 1 DAGs
[2025-06-16T22:26:46.862-0300] {logging_mixin.py:154} INFO - [2025-06-16T22:26:46.862-0300] {dag.py:3722} INFO - Setting next_dagrun for example_sensor_decorator to None, run_after=None
[2025-06-16T22:26:47.013-0300] {processor.py:179} INFO - Processing /mnt/c/Users/arcan/Documents/airflow/.venv/lib/python3.10/site-packages/airflow/example_dags/example_sensor_decorator.py took 0.294 seconds
[2025-06-16T22:28:01.068-0300] {processor.py:157} INFO - Started process (PID=61945) to work on /mnt/c/Users/arcan/Documents/airflow/.venv/lib/python3.10/site-packages/airflow/example_dags/example_sensor_decorator.py
[2025-06-16T22:28:01.070-0300] {processor.py:829} INFO - Processing file /mnt/c/Users/arcan/Documents/airflow/.venv/lib/python3.10/site-packages/airflow/example_dags/example_sensor_decorator.py for tasks to queue
[2025-06-16T22:28:01.072-0300] {logging_mixin.py:154} INFO - [2025-06-16T22:28:01.071-0300] {dagbag.py:536} INFO - Filling up the DagBag from /mnt/c/Users/arcan/Documents/airflow/.venv/lib/python3.10/site-packages/airflow/example_dags/example_sensor_decorator.py
[2025-06-16T22:28:01.116-0300] {processor.py:839} INFO - DAG(s) dict_keys(['example_sensor_decorator']) retrieved from /mnt/c/Users/arcan/Documents/airflow/.venv/lib/python3.10/site-packages/airflow/example_dags/example_sensor_decorator.py
[2025-06-16T22:28:01.175-0300] {logging_mixin.py:154} INFO - [2025-06-16T22:28:01.175-0300] {dag.py:2941} INFO - Sync 1 DAGs
[2025-06-16T22:28:01.201-0300] {logging_mixin.py:154} INFO - [2025-06-16T22:28:01.200-0300] {dag.py:3722} INFO - Setting next_dagrun for example_sensor_decorator to None, run_after=None
[2025-06-16T22:28:01.344-0300] {processor.py:179} INFO - Processing /mnt/c/Users/arcan/Documents/airflow/.venv/lib/python3.10/site-packages/airflow/example_dags/example_sensor_decorator.py took 0.283 seconds
[2025-06-16T22:29:21.181-0300] {processor.py:157} INFO - Started process (PID=62174) to work on /mnt/c/Users/arcan/Documents/airflow/.venv/lib/python3.10/site-packages/airflow/example_dags/example_sensor_decorator.py
[2025-06-16T22:29:21.184-0300] {processor.py:829} INFO - Processing file /mnt/c/Users/arcan/Documents/airflow/.venv/lib/python3.10/site-packages/airflow/example_dags/example_sensor_decorator.py for tasks to queue
[2025-06-16T22:29:21.187-0300] {logging_mixin.py:154} INFO - [2025-06-16T22:29:21.185-0300] {dagbag.py:536} INFO - Filling up the DagBag from /mnt/c/Users/arcan/Documents/airflow/.venv/lib/python3.10/site-packages/airflow/example_dags/example_sensor_decorator.py
[2025-06-16T22:29:21.233-0300] {processor.py:839} INFO - DAG(s) dict_keys(['example_sensor_decorator']) retrieved from /mnt/c/Users/arcan/Documents/airflow/.venv/lib/python3.10/site-packages/airflow/example_dags/example_sensor_decorator.py
[2025-06-16T22:29:21.287-0300] {logging_mixin.py:154} INFO - [2025-06-16T22:29:21.287-0300] {dag.py:2941} INFO - Sync 1 DAGs
[2025-06-16T22:29:21.315-0300] {logging_mixin.py:154} INFO - [2025-06-16T22:29:21.315-0300] {dag.py:3722} INFO - Setting next_dagrun for example_sensor_decorator to None, run_after=None
[2025-06-16T22:29:21.469-0300] {processor.py:179} INFO - Processing /mnt/c/Users/arcan/Documents/airflow/.venv/lib/python3.10/site-packages/airflow/example_dags/example_sensor_decorator.py took 0.296 seconds
[2025-06-16T22:30:38.081-0300] {processor.py:157} INFO - Started process (PID=62397) to work on /mnt/c/Users/arcan/Documents/airflow/.venv/lib/python3.10/site-packages/airflow/example_dags/example_sensor_decorator.py
[2025-06-16T22:30:38.084-0300] {processor.py:829} INFO - Processing file /mnt/c/Users/arcan/Documents/airflow/.venv/lib/python3.10/site-packages/airflow/example_dags/example_sensor_decorator.py for tasks to queue
[2025-06-16T22:30:38.086-0300] {logging_mixin.py:154} INFO - [2025-06-16T22:30:38.085-0300] {dagbag.py:536} INFO - Filling up the DagBag from /mnt/c/Users/arcan/Documents/airflow/.venv/lib/python3.10/site-packages/airflow/example_dags/example_sensor_decorator.py
[2025-06-16T22:30:38.139-0300] {processor.py:839} INFO - DAG(s) dict_keys(['example_sensor_decorator']) retrieved from /mnt/c/Users/arcan/Documents/airflow/.venv/lib/python3.10/site-packages/airflow/example_dags/example_sensor_decorator.py
[2025-06-16T22:30:38.197-0300] {logging_mixin.py:154} INFO - [2025-06-16T22:30:38.197-0300] {dag.py:2941} INFO - Sync 1 DAGs
[2025-06-16T22:30:38.224-0300] {logging_mixin.py:154} INFO - [2025-06-16T22:30:38.224-0300] {dag.py:3722} INFO - Setting next_dagrun for example_sensor_decorator to None, run_after=None
[2025-06-16T22:30:38.384-0300] {processor.py:179} INFO - Processing /mnt/c/Users/arcan/Documents/airflow/.venv/lib/python3.10/site-packages/airflow/example_dags/example_sensor_decorator.py took 0.310 seconds
[2025-06-16T22:32:13.271-0300] {processor.py:157} INFO - Started process (PID=62750) to work on /mnt/c/Users/arcan/Documents/airflow/.venv/lib/python3.10/site-packages/airflow/example_dags/example_sensor_decorator.py
[2025-06-16T22:32:13.273-0300] {processor.py:829} INFO - Processing file /mnt/c/Users/arcan/Documents/airflow/.venv/lib/python3.10/site-packages/airflow/example_dags/example_sensor_decorator.py for tasks to queue
[2025-06-16T22:32:13.276-0300] {logging_mixin.py:154} INFO - [2025-06-16T22:32:13.275-0300] {dagbag.py:536} INFO - Filling up the DagBag from /mnt/c/Users/arcan/Documents/airflow/.venv/lib/python3.10/site-packages/airflow/example_dags/example_sensor_decorator.py
[2025-06-16T22:32:13.329-0300] {processor.py:839} INFO - DAG(s) dict_keys(['example_sensor_decorator']) retrieved from /mnt/c/Users/arcan/Documents/airflow/.venv/lib/python3.10/site-packages/airflow/example_dags/example_sensor_decorator.py
[2025-06-16T22:32:13.388-0300] {logging_mixin.py:154} INFO - [2025-06-16T22:32:13.388-0300] {dag.py:2941} INFO - Sync 1 DAGs
[2025-06-16T22:32:13.413-0300] {logging_mixin.py:154} INFO - [2025-06-16T22:32:13.413-0300] {dag.py:3722} INFO - Setting next_dagrun for example_sensor_decorator to None, run_after=None
[2025-06-16T22:32:13.614-0300] {processor.py:179} INFO - Processing /mnt/c/Users/arcan/Documents/airflow/.venv/lib/python3.10/site-packages/airflow/example_dags/example_sensor_decorator.py took 0.349 seconds
[2025-06-17T20:50:47.614-0300] {processor.py:157} INFO - Started process (PID=63661) to work on /mnt/c/Users/arcan/Documents/airflow/.venv/lib/python3.10/site-packages/airflow/example_dags/example_sensor_decorator.py
[2025-06-17T20:50:47.617-0300] {processor.py:829} INFO - Processing file /mnt/c/Users/arcan/Documents/airflow/.venv/lib/python3.10/site-packages/airflow/example_dags/example_sensor_decorator.py for tasks to queue
[2025-06-17T20:50:47.620-0300] {logging_mixin.py:154} INFO - [2025-06-17T20:50:47.619-0300] {dagbag.py:536} INFO - Filling up the DagBag from /mnt/c/Users/arcan/Documents/airflow/.venv/lib/python3.10/site-packages/airflow/example_dags/example_sensor_decorator.py
[2025-06-17T20:50:47.669-0300] {processor.py:839} INFO - DAG(s) dict_keys(['example_sensor_decorator']) retrieved from /mnt/c/Users/arcan/Documents/airflow/.venv/lib/python3.10/site-packages/airflow/example_dags/example_sensor_decorator.py
[2025-06-17T20:50:47.749-0300] {logging_mixin.py:154} INFO - [2025-06-17T20:50:47.749-0300] {dag.py:2941} INFO - Sync 1 DAGs
[2025-06-17T20:50:47.773-0300] {logging_mixin.py:154} INFO - [2025-06-17T20:50:47.773-0300] {dag.py:3722} INFO - Setting next_dagrun for example_sensor_decorator to None, run_after=None
[2025-06-17T20:50:47.916-0300] {processor.py:179} INFO - Processing /mnt/c/Users/arcan/Documents/airflow/.venv/lib/python3.10/site-packages/airflow/example_dags/example_sensor_decorator.py took 0.308 seconds
[2025-06-17T20:52:02.225-0300] {processor.py:157} INFO - Started process (PID=63809) to work on /mnt/c/Users/arcan/Documents/airflow/.venv/lib/python3.10/site-packages/airflow/example_dags/example_sensor_decorator.py
[2025-06-17T20:52:02.229-0300] {processor.py:829} INFO - Processing file /mnt/c/Users/arcan/Documents/airflow/.venv/lib/python3.10/site-packages/airflow/example_dags/example_sensor_decorator.py for tasks to queue
[2025-06-17T20:52:02.232-0300] {logging_mixin.py:154} INFO - [2025-06-17T20:52:02.231-0300] {dagbag.py:536} INFO - Filling up the DagBag from /mnt/c/Users/arcan/Documents/airflow/.venv/lib/python3.10/site-packages/airflow/example_dags/example_sensor_decorator.py
[2025-06-17T20:52:02.279-0300] {processor.py:839} INFO - DAG(s) dict_keys(['example_sensor_decorator']) retrieved from /mnt/c/Users/arcan/Documents/airflow/.venv/lib/python3.10/site-packages/airflow/example_dags/example_sensor_decorator.py
[2025-06-17T20:52:02.332-0300] {logging_mixin.py:154} INFO - [2025-06-17T20:52:02.331-0300] {dag.py:2941} INFO - Sync 1 DAGs
[2025-06-17T20:52:02.360-0300] {logging_mixin.py:154} INFO - [2025-06-17T20:52:02.360-0300] {dag.py:3722} INFO - Setting next_dagrun for example_sensor_decorator to None, run_after=None
[2025-06-17T20:52:02.485-0300] {processor.py:179} INFO - Processing /mnt/c/Users/arcan/Documents/airflow/.venv/lib/python3.10/site-packages/airflow/example_dags/example_sensor_decorator.py took 0.268 seconds
[2025-06-17T20:53:23.705-0300] {processor.py:157} INFO - Started process (PID=64159) to work on /mnt/c/Users/arcan/Documents/airflow/.venv/lib/python3.10/site-packages/airflow/example_dags/example_sensor_decorator.py
[2025-06-17T20:53:23.708-0300] {processor.py:829} INFO - Processing file /mnt/c/Users/arcan/Documents/airflow/.venv/lib/python3.10/site-packages/airflow/example_dags/example_sensor_decorator.py for tasks to queue
[2025-06-17T20:53:23.710-0300] {logging_mixin.py:154} INFO - [2025-06-17T20:53:23.709-0300] {dagbag.py:536} INFO - Filling up the DagBag from /mnt/c/Users/arcan/Documents/airflow/.venv/lib/python3.10/site-packages/airflow/example_dags/example_sensor_decorator.py
[2025-06-17T20:53:23.757-0300] {processor.py:839} INFO - DAG(s) dict_keys(['example_sensor_decorator']) retrieved from /mnt/c/Users/arcan/Documents/airflow/.venv/lib/python3.10/site-packages/airflow/example_dags/example_sensor_decorator.py
[2025-06-17T20:53:23.804-0300] {logging_mixin.py:154} INFO - [2025-06-17T20:53:23.804-0300] {dag.py:2941} INFO - Sync 1 DAGs
[2025-06-17T20:53:23.827-0300] {logging_mixin.py:154} INFO - [2025-06-17T20:53:23.826-0300] {dag.py:3722} INFO - Setting next_dagrun for example_sensor_decorator to None, run_after=None
[2025-06-17T20:53:23.928-0300] {processor.py:179} INFO - Processing /mnt/c/Users/arcan/Documents/airflow/.venv/lib/python3.10/site-packages/airflow/example_dags/example_sensor_decorator.py took 0.230 seconds
[2025-06-17T20:54:35.579-0300] {processor.py:157} INFO - Started process (PID=64369) to work on /mnt/c/Users/arcan/Documents/airflow/.venv/lib/python3.10/site-packages/airflow/example_dags/example_sensor_decorator.py
[2025-06-17T20:54:35.582-0300] {processor.py:829} INFO - Processing file /mnt/c/Users/arcan/Documents/airflow/.venv/lib/python3.10/site-packages/airflow/example_dags/example_sensor_decorator.py for tasks to queue
[2025-06-17T20:54:35.583-0300] {logging_mixin.py:154} INFO - [2025-06-17T20:54:35.583-0300] {dagbag.py:536} INFO - Filling up the DagBag from /mnt/c/Users/arcan/Documents/airflow/.venv/lib/python3.10/site-packages/airflow/example_dags/example_sensor_decorator.py
[2025-06-17T20:54:35.619-0300] {processor.py:839} INFO - DAG(s) dict_keys(['example_sensor_decorator']) retrieved from /mnt/c/Users/arcan/Documents/airflow/.venv/lib/python3.10/site-packages/airflow/example_dags/example_sensor_decorator.py
[2025-06-17T20:54:35.665-0300] {logging_mixin.py:154} INFO - [2025-06-17T20:54:35.665-0300] {dag.py:2941} INFO - Sync 1 DAGs
[2025-06-17T20:54:35.685-0300] {logging_mixin.py:154} INFO - [2025-06-17T20:54:35.684-0300] {dag.py:3722} INFO - Setting next_dagrun for example_sensor_decorator to None, run_after=None
[2025-06-17T20:54:35.798-0300] {processor.py:179} INFO - Processing /mnt/c/Users/arcan/Documents/airflow/.venv/lib/python3.10/site-packages/airflow/example_dags/example_sensor_decorator.py took 0.223 seconds
[2025-06-17T20:55:46.912-0300] {processor.py:157} INFO - Started process (PID=64576) to work on /mnt/c/Users/arcan/Documents/airflow/.venv/lib/python3.10/site-packages/airflow/example_dags/example_sensor_decorator.py
[2025-06-17T20:55:46.915-0300] {processor.py:829} INFO - Processing file /mnt/c/Users/arcan/Documents/airflow/.venv/lib/python3.10/site-packages/airflow/example_dags/example_sensor_decorator.py for tasks to queue
[2025-06-17T20:55:46.917-0300] {logging_mixin.py:154} INFO - [2025-06-17T20:55:46.916-0300] {dagbag.py:536} INFO - Filling up the DagBag from /mnt/c/Users/arcan/Documents/airflow/.venv/lib/python3.10/site-packages/airflow/example_dags/example_sensor_decorator.py
[2025-06-17T20:55:46.966-0300] {processor.py:839} INFO - DAG(s) dict_keys(['example_sensor_decorator']) retrieved from /mnt/c/Users/arcan/Documents/airflow/.venv/lib/python3.10/site-packages/airflow/example_dags/example_sensor_decorator.py
[2025-06-17T20:55:47.024-0300] {logging_mixin.py:154} INFO - [2025-06-17T20:55:47.024-0300] {dag.py:2941} INFO - Sync 1 DAGs
[2025-06-17T20:55:47.045-0300] {logging_mixin.py:154} INFO - [2025-06-17T20:55:47.044-0300] {dag.py:3722} INFO - Setting next_dagrun for example_sensor_decorator to None, run_after=None
[2025-06-17T20:55:47.197-0300] {processor.py:179} INFO - Processing /mnt/c/Users/arcan/Documents/airflow/.venv/lib/python3.10/site-packages/airflow/example_dags/example_sensor_decorator.py took 0.291 seconds
