[2025-06-16T22:04:00.011-0300] {processor.py:157} INFO - Started process (PID=57319) to work on /mnt/c/Users/arcan/Documents/airflow/.venv/lib/python3.10/site-packages/airflow/example_dags/example_latest_only_with_trigger.py
[2025-06-16T22:04:00.014-0300] {processor.py:829} INFO - Processing file /mnt/c/Users/arcan/Documents/airflow/.venv/lib/python3.10/site-packages/airflow/example_dags/example_latest_only_with_trigger.py for tasks to queue
[2025-06-16T22:04:00.016-0300] {logging_mixin.py:154} INFO - [2025-06-16T22:04:00.015-0300] {dagbag.py:536} INFO - Filling up the DagBag from /mnt/c/Users/arcan/Documents/airflow/.venv/lib/python3.10/site-packages/airflow/example_dags/example_latest_only_with_trigger.py
[2025-06-16T22:04:00.064-0300] {processor.py:839} INFO - DAG(s) dict_keys(['latest_only_with_trigger']) retrieved from /mnt/c/Users/arcan/Documents/airflow/.venv/lib/python3.10/site-packages/airflow/example_dags/example_latest_only_with_trigger.py
[2025-06-16T22:04:00.111-0300] {logging_mixin.py:154} INFO - [2025-06-16T22:04:00.110-0300] {dag.py:2941} INFO - Sync 1 DAGs
[2025-06-16T22:04:00.150-0300] {logging_mixin.py:154} INFO - [2025-06-16T22:04:00.150-0300] {dag.py:3722} INFO - Setting next_dagrun for latest_only_with_trigger to 2025-06-16T21:04:00.149903+00:00, run_after=2025-06-17T01:04:00.149903+00:00
[2025-06-16T22:04:00.282-0300] {processor.py:179} INFO - Processing /mnt/c/Users/arcan/Documents/airflow/.venv/lib/python3.10/site-packages/airflow/example_dags/example_latest_only_with_trigger.py took 0.275 seconds
[2025-06-16T22:05:12.270-0300] {processor.py:157} INFO - Started process (PID=57564) to work on /mnt/c/Users/arcan/Documents/airflow/.venv/lib/python3.10/site-packages/airflow/example_dags/example_latest_only_with_trigger.py
[2025-06-16T22:05:12.272-0300] {processor.py:829} INFO - Processing file /mnt/c/Users/arcan/Documents/airflow/.venv/lib/python3.10/site-packages/airflow/example_dags/example_latest_only_with_trigger.py for tasks to queue
[2025-06-16T22:05:12.276-0300] {logging_mixin.py:154} INFO - [2025-06-16T22:05:12.275-0300] {dagbag.py:536} INFO - Filling up the DagBag from /mnt/c/Users/arcan/Documents/airflow/.venv/lib/python3.10/site-packages/airflow/example_dags/example_latest_only_with_trigger.py
[2025-06-16T22:05:12.326-0300] {processor.py:839} INFO - DAG(s) dict_keys(['latest_only_with_trigger']) retrieved from /mnt/c/Users/arcan/Documents/airflow/.venv/lib/python3.10/site-packages/airflow/example_dags/example_latest_only_with_trigger.py
[2025-06-16T22:05:12.392-0300] {logging_mixin.py:154} INFO - [2025-06-16T22:05:12.392-0300] {dag.py:2941} INFO - Sync 1 DAGs
[2025-06-16T22:05:12.438-0300] {logging_mixin.py:154} INFO - [2025-06-16T22:05:12.437-0300] {dag.py:3722} INFO - Setting next_dagrun for latest_only_with_trigger to 2025-06-16T21:05:12.437525+00:00, run_after=2025-06-17T01:05:12.437525+00:00
[2025-06-16T22:05:12.575-0300] {processor.py:179} INFO - Processing /mnt/c/Users/arcan/Documents/airflow/.venv/lib/python3.10/site-packages/airflow/example_dags/example_latest_only_with_trigger.py took 0.314 seconds
[2025-06-16T22:06:25.002-0300] {processor.py:157} INFO - Started process (PID=57778) to work on /mnt/c/Users/arcan/Documents/airflow/.venv/lib/python3.10/site-packages/airflow/example_dags/example_latest_only_with_trigger.py
[2025-06-16T22:06:25.004-0300] {processor.py:829} INFO - Processing file /mnt/c/Users/arcan/Documents/airflow/.venv/lib/python3.10/site-packages/airflow/example_dags/example_latest_only_with_trigger.py for tasks to queue
[2025-06-16T22:06:25.007-0300] {logging_mixin.py:154} INFO - [2025-06-16T22:06:25.006-0300] {dagbag.py:536} INFO - Filling up the DagBag from /mnt/c/Users/arcan/Documents/airflow/.venv/lib/python3.10/site-packages/airflow/example_dags/example_latest_only_with_trigger.py
[2025-06-16T22:06:25.062-0300] {processor.py:839} INFO - DAG(s) dict_keys(['latest_only_with_trigger']) retrieved from /mnt/c/Users/arcan/Documents/airflow/.venv/lib/python3.10/site-packages/airflow/example_dags/example_latest_only_with_trigger.py
[2025-06-16T22:06:25.129-0300] {logging_mixin.py:154} INFO - [2025-06-16T22:06:25.128-0300] {dag.py:2941} INFO - Sync 1 DAGs
[2025-06-16T22:06:25.186-0300] {logging_mixin.py:154} INFO - [2025-06-16T22:06:25.186-0300] {dag.py:3722} INFO - Setting next_dagrun for latest_only_with_trigger to 2025-06-16T21:06:25.185586+00:00, run_after=2025-06-17T01:06:25.185586+00:00
[2025-06-16T22:06:25.345-0300] {processor.py:179} INFO - Processing /mnt/c/Users/arcan/Documents/airflow/.venv/lib/python3.10/site-packages/airflow/example_dags/example_latest_only_with_trigger.py took 0.349 seconds
[2025-06-16T22:07:36.087-0300] {processor.py:157} INFO - Started process (PID=57985) to work on /mnt/c/Users/arcan/Documents/airflow/.venv/lib/python3.10/site-packages/airflow/example_dags/example_latest_only_with_trigger.py
[2025-06-16T22:07:36.089-0300] {processor.py:829} INFO - Processing file /mnt/c/Users/arcan/Documents/airflow/.venv/lib/python3.10/site-packages/airflow/example_dags/example_latest_only_with_trigger.py for tasks to queue
[2025-06-16T22:07:36.092-0300] {logging_mixin.py:154} INFO - [2025-06-16T22:07:36.091-0300] {dagbag.py:536} INFO - Filling up the DagBag from /mnt/c/Users/arcan/Documents/airflow/.venv/lib/python3.10/site-packages/airflow/example_dags/example_latest_only_with_trigger.py
[2025-06-16T22:07:36.130-0300] {processor.py:839} INFO - DAG(s) dict_keys(['latest_only_with_trigger']) retrieved from /mnt/c/Users/arcan/Documents/airflow/.venv/lib/python3.10/site-packages/airflow/example_dags/example_latest_only_with_trigger.py
[2025-06-16T22:07:36.181-0300] {logging_mixin.py:154} INFO - [2025-06-16T22:07:36.180-0300] {dag.py:2941} INFO - Sync 1 DAGs
[2025-06-16T22:07:36.216-0300] {logging_mixin.py:154} INFO - [2025-06-16T22:07:36.216-0300] {dag.py:3722} INFO - Setting next_dagrun for latest_only_with_trigger to 2025-06-16T21:07:36.215770+00:00, run_after=2025-06-17T01:07:36.215770+00:00
[2025-06-16T22:07:36.327-0300] {processor.py:179} INFO - Processing /mnt/c/Users/arcan/Documents/airflow/.venv/lib/python3.10/site-packages/airflow/example_dags/example_latest_only_with_trigger.py took 0.246 seconds
[2025-06-16T22:08:50.393-0300] {processor.py:157} INFO - Started process (PID=58327) to work on /mnt/c/Users/arcan/Documents/airflow/.venv/lib/python3.10/site-packages/airflow/example_dags/example_latest_only_with_trigger.py
[2025-06-16T22:08:50.395-0300] {processor.py:829} INFO - Processing file /mnt/c/Users/arcan/Documents/airflow/.venv/lib/python3.10/site-packages/airflow/example_dags/example_latest_only_with_trigger.py for tasks to queue
[2025-06-16T22:08:50.397-0300] {logging_mixin.py:154} INFO - [2025-06-16T22:08:50.397-0300] {dagbag.py:536} INFO - Filling up the DagBag from /mnt/c/Users/arcan/Documents/airflow/.venv/lib/python3.10/site-packages/airflow/example_dags/example_latest_only_with_trigger.py
[2025-06-16T22:08:50.432-0300] {processor.py:839} INFO - DAG(s) dict_keys(['latest_only_with_trigger']) retrieved from /mnt/c/Users/arcan/Documents/airflow/.venv/lib/python3.10/site-packages/airflow/example_dags/example_latest_only_with_trigger.py
[2025-06-16T22:08:50.472-0300] {logging_mixin.py:154} INFO - [2025-06-16T22:08:50.472-0300] {dag.py:2941} INFO - Sync 1 DAGs
[2025-06-16T22:08:50.502-0300] {logging_mixin.py:154} INFO - [2025-06-16T22:08:50.502-0300] {dag.py:3722} INFO - Setting next_dagrun for latest_only_with_trigger to 2025-06-16T21:08:50.501888+00:00, run_after=2025-06-17T01:08:50.501888+00:00
[2025-06-16T22:08:50.590-0300] {processor.py:179} INFO - Processing /mnt/c/Users/arcan/Documents/airflow/.venv/lib/python3.10/site-packages/airflow/example_dags/example_latest_only_with_trigger.py took 0.201 seconds
[2025-06-16T22:09:55.817-0300] {processor.py:157} INFO - Started process (PID=58527) to work on /mnt/c/Users/arcan/Documents/airflow/.venv/lib/python3.10/site-packages/airflow/example_dags/example_latest_only_with_trigger.py
[2025-06-16T22:09:55.819-0300] {processor.py:829} INFO - Processing file /mnt/c/Users/arcan/Documents/airflow/.venv/lib/python3.10/site-packages/airflow/example_dags/example_latest_only_with_trigger.py for tasks to queue
[2025-06-16T22:09:55.821-0300] {logging_mixin.py:154} INFO - [2025-06-16T22:09:55.820-0300] {dagbag.py:536} INFO - Filling up the DagBag from /mnt/c/Users/arcan/Documents/airflow/.venv/lib/python3.10/site-packages/airflow/example_dags/example_latest_only_with_trigger.py
[2025-06-16T22:09:55.866-0300] {processor.py:839} INFO - DAG(s) dict_keys(['latest_only_with_trigger']) retrieved from /mnt/c/Users/arcan/Documents/airflow/.venv/lib/python3.10/site-packages/airflow/example_dags/example_latest_only_with_trigger.py
[2025-06-16T22:09:55.911-0300] {logging_mixin.py:154} INFO - [2025-06-16T22:09:55.911-0300] {dag.py:2941} INFO - Sync 1 DAGs
[2025-06-16T22:09:55.943-0300] {logging_mixin.py:154} INFO - [2025-06-16T22:09:55.943-0300] {dag.py:3722} INFO - Setting next_dagrun for latest_only_with_trigger to 2025-06-16T21:09:55.943147+00:00, run_after=2025-06-17T01:09:55.943147+00:00
[2025-06-16T22:09:56.059-0300] {processor.py:179} INFO - Processing /mnt/c/Users/arcan/Documents/airflow/.venv/lib/python3.10/site-packages/airflow/example_dags/example_latest_only_with_trigger.py took 0.248 seconds
[2025-06-16T22:11:00.520-0300] {processor.py:157} INFO - Started process (PID=58718) to work on /mnt/c/Users/arcan/Documents/airflow/.venv/lib/python3.10/site-packages/airflow/example_dags/example_latest_only_with_trigger.py
[2025-06-16T22:11:00.522-0300] {processor.py:829} INFO - Processing file /mnt/c/Users/arcan/Documents/airflow/.venv/lib/python3.10/site-packages/airflow/example_dags/example_latest_only_with_trigger.py for tasks to queue
[2025-06-16T22:11:00.524-0300] {logging_mixin.py:154} INFO - [2025-06-16T22:11:00.523-0300] {dagbag.py:536} INFO - Filling up the DagBag from /mnt/c/Users/arcan/Documents/airflow/.venv/lib/python3.10/site-packages/airflow/example_dags/example_latest_only_with_trigger.py
[2025-06-16T22:11:00.557-0300] {processor.py:839} INFO - DAG(s) dict_keys(['latest_only_with_trigger']) retrieved from /mnt/c/Users/arcan/Documents/airflow/.venv/lib/python3.10/site-packages/airflow/example_dags/example_latest_only_with_trigger.py
[2025-06-16T22:11:00.601-0300] {logging_mixin.py:154} INFO - [2025-06-16T22:11:00.601-0300] {dag.py:2941} INFO - Sync 1 DAGs
[2025-06-16T22:11:00.632-0300] {logging_mixin.py:154} INFO - [2025-06-16T22:11:00.632-0300] {dag.py:3722} INFO - Setting next_dagrun for latest_only_with_trigger to 2025-06-16T21:11:00.632204+00:00, run_after=2025-06-17T01:11:00.632204+00:00
[2025-06-16T22:11:00.723-0300] {processor.py:179} INFO - Processing /mnt/c/Users/arcan/Documents/airflow/.venv/lib/python3.10/site-packages/airflow/example_dags/example_latest_only_with_trigger.py took 0.207 seconds
[2025-06-16T22:11:59.234-0300] {processor.py:157} INFO - Started process (PID=58899) to work on /mnt/c/Users/arcan/Documents/airflow/.venv/lib/python3.10/site-packages/airflow/example_dags/example_latest_only_with_trigger.py
[2025-06-16T22:11:59.236-0300] {processor.py:829} INFO - Processing file /mnt/c/Users/arcan/Documents/airflow/.venv/lib/python3.10/site-packages/airflow/example_dags/example_latest_only_with_trigger.py for tasks to queue
[2025-06-16T22:11:59.238-0300] {logging_mixin.py:154} INFO - [2025-06-16T22:11:59.237-0300] {dagbag.py:536} INFO - Filling up the DagBag from /mnt/c/Users/arcan/Documents/airflow/.venv/lib/python3.10/site-packages/airflow/example_dags/example_latest_only_with_trigger.py
[2025-06-16T22:11:59.276-0300] {processor.py:839} INFO - DAG(s) dict_keys(['latest_only_with_trigger']) retrieved from /mnt/c/Users/arcan/Documents/airflow/.venv/lib/python3.10/site-packages/airflow/example_dags/example_latest_only_with_trigger.py
[2025-06-16T22:11:59.334-0300] {logging_mixin.py:154} INFO - [2025-06-16T22:11:59.333-0300] {dag.py:2941} INFO - Sync 1 DAGs
[2025-06-16T22:11:59.374-0300] {logging_mixin.py:154} INFO - [2025-06-16T22:11:59.373-0300] {dag.py:3722} INFO - Setting next_dagrun for latest_only_with_trigger to 2025-06-16T21:11:59.373467+00:00, run_after=2025-06-17T01:11:59.373467+00:00
[2025-06-16T22:11:59.479-0300] {processor.py:179} INFO - Processing /mnt/c/Users/arcan/Documents/airflow/.venv/lib/python3.10/site-packages/airflow/example_dags/example_latest_only_with_trigger.py took 0.250 seconds
[2025-06-16T22:12:57.721-0300] {processor.py:157} INFO - Started process (PID=59076) to work on /mnt/c/Users/arcan/Documents/airflow/.venv/lib/python3.10/site-packages/airflow/example_dags/example_latest_only_with_trigger.py
[2025-06-16T22:12:57.723-0300] {processor.py:829} INFO - Processing file /mnt/c/Users/arcan/Documents/airflow/.venv/lib/python3.10/site-packages/airflow/example_dags/example_latest_only_with_trigger.py for tasks to queue
[2025-06-16T22:12:57.725-0300] {logging_mixin.py:154} INFO - [2025-06-16T22:12:57.724-0300] {dagbag.py:536} INFO - Filling up the DagBag from /mnt/c/Users/arcan/Documents/airflow/.venv/lib/python3.10/site-packages/airflow/example_dags/example_latest_only_with_trigger.py
[2025-06-16T22:12:57.761-0300] {processor.py:839} INFO - DAG(s) dict_keys(['latest_only_with_trigger']) retrieved from /mnt/c/Users/arcan/Documents/airflow/.venv/lib/python3.10/site-packages/airflow/example_dags/example_latest_only_with_trigger.py
[2025-06-16T22:12:57.808-0300] {logging_mixin.py:154} INFO - [2025-06-16T22:12:57.808-0300] {dag.py:2941} INFO - Sync 1 DAGs
[2025-06-16T22:12:57.846-0300] {logging_mixin.py:154} INFO - [2025-06-16T22:12:57.846-0300] {dag.py:3722} INFO - Setting next_dagrun for latest_only_with_trigger to 2025-06-16T21:12:57.846104+00:00, run_after=2025-06-17T01:12:57.846104+00:00
[2025-06-16T22:12:57.963-0300] {processor.py:179} INFO - Processing /mnt/c/Users/arcan/Documents/airflow/.venv/lib/python3.10/site-packages/airflow/example_dags/example_latest_only_with_trigger.py took 0.247 seconds
[2025-06-16T22:14:05.642-0300] {processor.py:157} INFO - Started process (PID=59280) to work on /mnt/c/Users/arcan/Documents/airflow/.venv/lib/python3.10/site-packages/airflow/example_dags/example_latest_only_with_trigger.py
[2025-06-16T22:14:05.644-0300] {processor.py:829} INFO - Processing file /mnt/c/Users/arcan/Documents/airflow/.venv/lib/python3.10/site-packages/airflow/example_dags/example_latest_only_with_trigger.py for tasks to queue
[2025-06-16T22:14:05.646-0300] {logging_mixin.py:154} INFO - [2025-06-16T22:14:05.645-0300] {dagbag.py:536} INFO - Filling up the DagBag from /mnt/c/Users/arcan/Documents/airflow/.venv/lib/python3.10/site-packages/airflow/example_dags/example_latest_only_with_trigger.py
[2025-06-16T22:14:05.686-0300] {processor.py:839} INFO - DAG(s) dict_keys(['latest_only_with_trigger']) retrieved from /mnt/c/Users/arcan/Documents/airflow/.venv/lib/python3.10/site-packages/airflow/example_dags/example_latest_only_with_trigger.py
[2025-06-16T22:14:05.740-0300] {logging_mixin.py:154} INFO - [2025-06-16T22:14:05.739-0300] {dag.py:2941} INFO - Sync 1 DAGs
[2025-06-16T22:14:05.789-0300] {logging_mixin.py:154} INFO - [2025-06-16T22:14:05.789-0300] {dag.py:3722} INFO - Setting next_dagrun for latest_only_with_trigger to 2025-06-16T21:14:05.788688+00:00, run_after=2025-06-17T01:14:05.788688+00:00
[2025-06-16T22:14:05.907-0300] {processor.py:179} INFO - Processing /mnt/c/Users/arcan/Documents/airflow/.venv/lib/python3.10/site-packages/airflow/example_dags/example_latest_only_with_trigger.py took 0.270 seconds
[2025-06-16T22:15:14.189-0300] {processor.py:157} INFO - Started process (PID=59480) to work on /mnt/c/Users/arcan/Documents/airflow/.venv/lib/python3.10/site-packages/airflow/example_dags/example_latest_only_with_trigger.py
[2025-06-16T22:15:14.191-0300] {processor.py:829} INFO - Processing file /mnt/c/Users/arcan/Documents/airflow/.venv/lib/python3.10/site-packages/airflow/example_dags/example_latest_only_with_trigger.py for tasks to queue
[2025-06-16T22:15:14.193-0300] {logging_mixin.py:154} INFO - [2025-06-16T22:15:14.192-0300] {dagbag.py:536} INFO - Filling up the DagBag from /mnt/c/Users/arcan/Documents/airflow/.venv/lib/python3.10/site-packages/airflow/example_dags/example_latest_only_with_trigger.py
[2025-06-16T22:15:14.244-0300] {processor.py:839} INFO - DAG(s) dict_keys(['latest_only_with_trigger']) retrieved from /mnt/c/Users/arcan/Documents/airflow/.venv/lib/python3.10/site-packages/airflow/example_dags/example_latest_only_with_trigger.py
[2025-06-16T22:15:14.300-0300] {logging_mixin.py:154} INFO - [2025-06-16T22:15:14.299-0300] {dag.py:2941} INFO - Sync 1 DAGs
[2025-06-16T22:15:14.342-0300] {logging_mixin.py:154} INFO - [2025-06-16T22:15:14.342-0300] {dag.py:3722} INFO - Setting next_dagrun for latest_only_with_trigger to 2025-06-16T21:15:14.341859+00:00, run_after=2025-06-17T01:15:14.341859+00:00
[2025-06-16T22:15:14.458-0300] {processor.py:179} INFO - Processing /mnt/c/Users/arcan/Documents/airflow/.venv/lib/python3.10/site-packages/airflow/example_dags/example_latest_only_with_trigger.py took 0.277 seconds
[2025-06-16T22:16:26.481-0300] {processor.py:157} INFO - Started process (PID=59817) to work on /mnt/c/Users/arcan/Documents/airflow/.venv/lib/python3.10/site-packages/airflow/example_dags/example_latest_only_with_trigger.py
[2025-06-16T22:16:26.483-0300] {processor.py:829} INFO - Processing file /mnt/c/Users/arcan/Documents/airflow/.venv/lib/python3.10/site-packages/airflow/example_dags/example_latest_only_with_trigger.py for tasks to queue
[2025-06-16T22:16:26.486-0300] {logging_mixin.py:154} INFO - [2025-06-16T22:16:26.485-0300] {dagbag.py:536} INFO - Filling up the DagBag from /mnt/c/Users/arcan/Documents/airflow/.venv/lib/python3.10/site-packages/airflow/example_dags/example_latest_only_with_trigger.py
[2025-06-16T22:16:26.523-0300] {processor.py:839} INFO - DAG(s) dict_keys(['latest_only_with_trigger']) retrieved from /mnt/c/Users/arcan/Documents/airflow/.venv/lib/python3.10/site-packages/airflow/example_dags/example_latest_only_with_trigger.py
[2025-06-16T22:16:26.567-0300] {logging_mixin.py:154} INFO - [2025-06-16T22:16:26.567-0300] {dag.py:2941} INFO - Sync 1 DAGs
[2025-06-16T22:16:26.601-0300] {logging_mixin.py:154} INFO - [2025-06-16T22:16:26.601-0300] {dag.py:3722} INFO - Setting next_dagrun for latest_only_with_trigger to 2025-06-16T21:16:26.600963+00:00, run_after=2025-06-17T01:16:26.600963+00:00
[2025-06-16T22:16:26.705-0300] {processor.py:179} INFO - Processing /mnt/c/Users/arcan/Documents/airflow/.venv/lib/python3.10/site-packages/airflow/example_dags/example_latest_only_with_trigger.py took 0.230 seconds
[2025-06-16T22:17:32.055-0300] {processor.py:157} INFO - Started process (PID=60020) to work on /mnt/c/Users/arcan/Documents/airflow/.venv/lib/python3.10/site-packages/airflow/example_dags/example_latest_only_with_trigger.py
[2025-06-16T22:17:32.057-0300] {processor.py:829} INFO - Processing file /mnt/c/Users/arcan/Documents/airflow/.venv/lib/python3.10/site-packages/airflow/example_dags/example_latest_only_with_trigger.py for tasks to queue
[2025-06-16T22:17:32.060-0300] {logging_mixin.py:154} INFO - [2025-06-16T22:17:32.059-0300] {dagbag.py:536} INFO - Filling up the DagBag from /mnt/c/Users/arcan/Documents/airflow/.venv/lib/python3.10/site-packages/airflow/example_dags/example_latest_only_with_trigger.py
[2025-06-16T22:17:32.109-0300] {processor.py:839} INFO - DAG(s) dict_keys(['latest_only_with_trigger']) retrieved from /mnt/c/Users/arcan/Documents/airflow/.venv/lib/python3.10/site-packages/airflow/example_dags/example_latest_only_with_trigger.py
[2025-06-16T22:17:32.168-0300] {logging_mixin.py:154} INFO - [2025-06-16T22:17:32.167-0300] {dag.py:2941} INFO - Sync 1 DAGs
[2025-06-16T22:17:32.219-0300] {logging_mixin.py:154} INFO - [2025-06-16T22:17:32.218-0300] {dag.py:3722} INFO - Setting next_dagrun for latest_only_with_trigger to 2025-06-16T21:17:32.218342+00:00, run_after=2025-06-17T01:17:32.218342+00:00
[2025-06-16T22:17:32.363-0300] {processor.py:179} INFO - Processing /mnt/c/Users/arcan/Documents/airflow/.venv/lib/python3.10/site-packages/airflow/example_dags/example_latest_only_with_trigger.py took 0.317 seconds
[2025-06-16T22:18:58.349-0300] {processor.py:157} INFO - Started process (PID=60271) to work on /mnt/c/Users/arcan/Documents/airflow/.venv/lib/python3.10/site-packages/airflow/example_dags/example_latest_only_with_trigger.py
[2025-06-16T22:18:58.352-0300] {processor.py:829} INFO - Processing file /mnt/c/Users/arcan/Documents/airflow/.venv/lib/python3.10/site-packages/airflow/example_dags/example_latest_only_with_trigger.py for tasks to queue
[2025-06-16T22:18:58.356-0300] {logging_mixin.py:154} INFO - [2025-06-16T22:18:58.355-0300] {dagbag.py:536} INFO - Filling up the DagBag from /mnt/c/Users/arcan/Documents/airflow/.venv/lib/python3.10/site-packages/airflow/example_dags/example_latest_only_with_trigger.py
[2025-06-16T22:18:58.413-0300] {processor.py:839} INFO - DAG(s) dict_keys(['latest_only_with_trigger']) retrieved from /mnt/c/Users/arcan/Documents/airflow/.venv/lib/python3.10/site-packages/airflow/example_dags/example_latest_only_with_trigger.py
[2025-06-16T22:18:58.471-0300] {logging_mixin.py:154} INFO - [2025-06-16T22:18:58.470-0300] {dag.py:2941} INFO - Sync 1 DAGs
[2025-06-16T22:18:58.528-0300] {logging_mixin.py:154} INFO - [2025-06-16T22:18:58.527-0300] {dag.py:3722} INFO - Setting next_dagrun for latest_only_with_trigger to 2025-06-16T21:18:58.527061+00:00, run_after=2025-06-17T01:18:58.527061+00:00
[2025-06-16T22:18:58.698-0300] {processor.py:179} INFO - Processing /mnt/c/Users/arcan/Documents/airflow/.venv/lib/python3.10/site-packages/airflow/example_dags/example_latest_only_with_trigger.py took 0.355 seconds
[2025-06-16T22:20:24.010-0300] {processor.py:157} INFO - Started process (PID=60518) to work on /mnt/c/Users/arcan/Documents/airflow/.venv/lib/python3.10/site-packages/airflow/example_dags/example_latest_only_with_trigger.py
[2025-06-16T22:20:24.013-0300] {processor.py:829} INFO - Processing file /mnt/c/Users/arcan/Documents/airflow/.venv/lib/python3.10/site-packages/airflow/example_dags/example_latest_only_with_trigger.py for tasks to queue
[2025-06-16T22:20:24.016-0300] {logging_mixin.py:154} INFO - [2025-06-16T22:20:24.015-0300] {dagbag.py:536} INFO - Filling up the DagBag from /mnt/c/Users/arcan/Documents/airflow/.venv/lib/python3.10/site-packages/airflow/example_dags/example_latest_only_with_trigger.py
[2025-06-16T22:20:24.075-0300] {processor.py:839} INFO - DAG(s) dict_keys(['latest_only_with_trigger']) retrieved from /mnt/c/Users/arcan/Documents/airflow/.venv/lib/python3.10/site-packages/airflow/example_dags/example_latest_only_with_trigger.py
[2025-06-16T22:20:24.133-0300] {logging_mixin.py:154} INFO - [2025-06-16T22:20:24.133-0300] {dag.py:2941} INFO - Sync 1 DAGs
[2025-06-16T22:20:24.173-0300] {logging_mixin.py:154} INFO - [2025-06-16T22:20:24.173-0300] {dag.py:3722} INFO - Setting next_dagrun for latest_only_with_trigger to 2025-06-16T21:20:24.172832+00:00, run_after=2025-06-17T01:20:24.172832+00:00
[2025-06-16T22:20:24.325-0300] {processor.py:179} INFO - Processing /mnt/c/Users/arcan/Documents/airflow/.venv/lib/python3.10/site-packages/airflow/example_dags/example_latest_only_with_trigger.py took 0.324 seconds
[2025-06-16T22:21:44.371-0300] {processor.py:157} INFO - Started process (PID=60743) to work on /mnt/c/Users/arcan/Documents/airflow/.venv/lib/python3.10/site-packages/airflow/example_dags/example_latest_only_with_trigger.py
[2025-06-16T22:21:44.374-0300] {processor.py:829} INFO - Processing file /mnt/c/Users/arcan/Documents/airflow/.venv/lib/python3.10/site-packages/airflow/example_dags/example_latest_only_with_trigger.py for tasks to queue
[2025-06-16T22:21:44.377-0300] {logging_mixin.py:154} INFO - [2025-06-16T22:21:44.376-0300] {dagbag.py:536} INFO - Filling up the DagBag from /mnt/c/Users/arcan/Documents/airflow/.venv/lib/python3.10/site-packages/airflow/example_dags/example_latest_only_with_trigger.py
[2025-06-16T22:21:44.423-0300] {processor.py:839} INFO - DAG(s) dict_keys(['latest_only_with_trigger']) retrieved from /mnt/c/Users/arcan/Documents/airflow/.venv/lib/python3.10/site-packages/airflow/example_dags/example_latest_only_with_trigger.py
[2025-06-16T22:21:44.481-0300] {logging_mixin.py:154} INFO - [2025-06-16T22:21:44.480-0300] {dag.py:2941} INFO - Sync 1 DAGs
[2025-06-16T22:21:44.525-0300] {logging_mixin.py:154} INFO - [2025-06-16T22:21:44.525-0300] {dag.py:3722} INFO - Setting next_dagrun for latest_only_with_trigger to 2025-06-16T21:21:44.525066+00:00, run_after=2025-06-17T01:21:44.525066+00:00
[2025-06-16T22:21:44.673-0300] {processor.py:179} INFO - Processing /mnt/c/Users/arcan/Documents/airflow/.venv/lib/python3.10/site-packages/airflow/example_dags/example_latest_only_with_trigger.py took 0.309 seconds
[2025-06-16T22:23:07.490-0300] {processor.py:157} INFO - Started process (PID=60981) to work on /mnt/c/Users/arcan/Documents/airflow/.venv/lib/python3.10/site-packages/airflow/example_dags/example_latest_only_with_trigger.py
[2025-06-16T22:23:07.493-0300] {processor.py:829} INFO - Processing file /mnt/c/Users/arcan/Documents/airflow/.venv/lib/python3.10/site-packages/airflow/example_dags/example_latest_only_with_trigger.py for tasks to queue
[2025-06-16T22:23:07.495-0300] {logging_mixin.py:154} INFO - [2025-06-16T22:23:07.495-0300] {dagbag.py:536} INFO - Filling up the DagBag from /mnt/c/Users/arcan/Documents/airflow/.venv/lib/python3.10/site-packages/airflow/example_dags/example_latest_only_with_trigger.py
[2025-06-16T22:23:07.556-0300] {processor.py:839} INFO - DAG(s) dict_keys(['latest_only_with_trigger']) retrieved from /mnt/c/Users/arcan/Documents/airflow/.venv/lib/python3.10/site-packages/airflow/example_dags/example_latest_only_with_trigger.py
[2025-06-16T22:23:07.609-0300] {logging_mixin.py:154} INFO - [2025-06-16T22:23:07.609-0300] {dag.py:2941} INFO - Sync 1 DAGs
[2025-06-16T22:23:07.657-0300] {logging_mixin.py:154} INFO - [2025-06-16T22:23:07.657-0300] {dag.py:3722} INFO - Setting next_dagrun for latest_only_with_trigger to 2025-06-16T21:23:07.656697+00:00, run_after=2025-06-17T01:23:07.656697+00:00
[2025-06-16T22:23:07.808-0300] {processor.py:179} INFO - Processing /mnt/c/Users/arcan/Documents/airflow/.venv/lib/python3.10/site-packages/airflow/example_dags/example_latest_only_with_trigger.py took 0.324 seconds
[2025-06-16T22:24:32.575-0300] {processor.py:157} INFO - Started process (PID=61347) to work on /mnt/c/Users/arcan/Documents/airflow/.venv/lib/python3.10/site-packages/airflow/example_dags/example_latest_only_with_trigger.py
[2025-06-16T22:24:32.578-0300] {processor.py:829} INFO - Processing file /mnt/c/Users/arcan/Documents/airflow/.venv/lib/python3.10/site-packages/airflow/example_dags/example_latest_only_with_trigger.py for tasks to queue
[2025-06-16T22:24:32.581-0300] {logging_mixin.py:154} INFO - [2025-06-16T22:24:32.580-0300] {dagbag.py:536} INFO - Filling up the DagBag from /mnt/c/Users/arcan/Documents/airflow/.venv/lib/python3.10/site-packages/airflow/example_dags/example_latest_only_with_trigger.py
[2025-06-16T22:24:32.640-0300] {processor.py:839} INFO - DAG(s) dict_keys(['latest_only_with_trigger']) retrieved from /mnt/c/Users/arcan/Documents/airflow/.venv/lib/python3.10/site-packages/airflow/example_dags/example_latest_only_with_trigger.py
[2025-06-16T22:24:32.703-0300] {logging_mixin.py:154} INFO - [2025-06-16T22:24:32.703-0300] {dag.py:2941} INFO - Sync 1 DAGs
[2025-06-16T22:24:32.749-0300] {logging_mixin.py:154} INFO - [2025-06-16T22:24:32.749-0300] {dag.py:3722} INFO - Setting next_dagrun for latest_only_with_trigger to 2025-06-16T21:24:32.748745+00:00, run_after=2025-06-17T01:24:32.748745+00:00
[2025-06-16T22:24:32.885-0300] {processor.py:179} INFO - Processing /mnt/c/Users/arcan/Documents/airflow/.venv/lib/python3.10/site-packages/airflow/example_dags/example_latest_only_with_trigger.py took 0.318 seconds
[2025-06-16T22:25:50.916-0300] {processor.py:157} INFO - Started process (PID=61575) to work on /mnt/c/Users/arcan/Documents/airflow/.venv/lib/python3.10/site-packages/airflow/example_dags/example_latest_only_with_trigger.py
[2025-06-16T22:25:50.918-0300] {processor.py:829} INFO - Processing file /mnt/c/Users/arcan/Documents/airflow/.venv/lib/python3.10/site-packages/airflow/example_dags/example_latest_only_with_trigger.py for tasks to queue
[2025-06-16T22:25:50.921-0300] {logging_mixin.py:154} INFO - [2025-06-16T22:25:50.920-0300] {dagbag.py:536} INFO - Filling up the DagBag from /mnt/c/Users/arcan/Documents/airflow/.venv/lib/python3.10/site-packages/airflow/example_dags/example_latest_only_with_trigger.py
[2025-06-16T22:25:50.968-0300] {processor.py:839} INFO - DAG(s) dict_keys(['latest_only_with_trigger']) retrieved from /mnt/c/Users/arcan/Documents/airflow/.venv/lib/python3.10/site-packages/airflow/example_dags/example_latest_only_with_trigger.py
[2025-06-16T22:25:51.035-0300] {logging_mixin.py:154} INFO - [2025-06-16T22:25:51.033-0300] {dag.py:2941} INFO - Sync 1 DAGs
[2025-06-16T22:25:51.110-0300] {logging_mixin.py:154} INFO - [2025-06-16T22:25:51.109-0300] {dag.py:3722} INFO - Setting next_dagrun for latest_only_with_trigger to 2025-06-16T21:25:51.108460+00:00, run_after=2025-06-17T01:25:51.108460+00:00
[2025-06-16T22:25:51.247-0300] {processor.py:179} INFO - Processing /mnt/c/Users/arcan/Documents/airflow/.venv/lib/python3.10/site-packages/airflow/example_dags/example_latest_only_with_trigger.py took 0.338 seconds
[2025-06-16T22:27:13.316-0300] {processor.py:157} INFO - Started process (PID=61809) to work on /mnt/c/Users/arcan/Documents/airflow/.venv/lib/python3.10/site-packages/airflow/example_dags/example_latest_only_with_trigger.py
[2025-06-16T22:27:13.319-0300] {processor.py:829} INFO - Processing file /mnt/c/Users/arcan/Documents/airflow/.venv/lib/python3.10/site-packages/airflow/example_dags/example_latest_only_with_trigger.py for tasks to queue
[2025-06-16T22:27:13.322-0300] {logging_mixin.py:154} INFO - [2025-06-16T22:27:13.321-0300] {dagbag.py:536} INFO - Filling up the DagBag from /mnt/c/Users/arcan/Documents/airflow/.venv/lib/python3.10/site-packages/airflow/example_dags/example_latest_only_with_trigger.py
[2025-06-16T22:27:13.383-0300] {processor.py:839} INFO - DAG(s) dict_keys(['latest_only_with_trigger']) retrieved from /mnt/c/Users/arcan/Documents/airflow/.venv/lib/python3.10/site-packages/airflow/example_dags/example_latest_only_with_trigger.py
[2025-06-16T22:27:13.466-0300] {logging_mixin.py:154} INFO - [2025-06-16T22:27:13.466-0300] {dag.py:2941} INFO - Sync 1 DAGs
[2025-06-16T22:27:13.514-0300] {logging_mixin.py:154} INFO - [2025-06-16T22:27:13.514-0300] {dag.py:3722} INFO - Setting next_dagrun for latest_only_with_trigger to 2025-06-16T21:27:13.513698+00:00, run_after=2025-06-17T01:27:13.513698+00:00
[2025-06-16T22:27:13.676-0300] {processor.py:179} INFO - Processing /mnt/c/Users/arcan/Documents/airflow/.venv/lib/python3.10/site-packages/airflow/example_dags/example_latest_only_with_trigger.py took 0.369 seconds
[2025-06-16T22:28:31.650-0300] {processor.py:157} INFO - Started process (PID=62036) to work on /mnt/c/Users/arcan/Documents/airflow/.venv/lib/python3.10/site-packages/airflow/example_dags/example_latest_only_with_trigger.py
[2025-06-16T22:28:31.653-0300] {processor.py:829} INFO - Processing file /mnt/c/Users/arcan/Documents/airflow/.venv/lib/python3.10/site-packages/airflow/example_dags/example_latest_only_with_trigger.py for tasks to queue
[2025-06-16T22:28:31.656-0300] {logging_mixin.py:154} INFO - [2025-06-16T22:28:31.655-0300] {dagbag.py:536} INFO - Filling up the DagBag from /mnt/c/Users/arcan/Documents/airflow/.venv/lib/python3.10/site-packages/airflow/example_dags/example_latest_only_with_trigger.py
[2025-06-16T22:28:31.711-0300] {processor.py:839} INFO - DAG(s) dict_keys(['latest_only_with_trigger']) retrieved from /mnt/c/Users/arcan/Documents/airflow/.venv/lib/python3.10/site-packages/airflow/example_dags/example_latest_only_with_trigger.py
[2025-06-16T22:28:31.775-0300] {logging_mixin.py:154} INFO - [2025-06-16T22:28:31.775-0300] {dag.py:2941} INFO - Sync 1 DAGs
[2025-06-16T22:28:31.828-0300] {logging_mixin.py:154} INFO - [2025-06-16T22:28:31.827-0300] {dag.py:3722} INFO - Setting next_dagrun for latest_only_with_trigger to 2025-06-16T21:28:31.826800+00:00, run_after=2025-06-17T01:28:31.826800+00:00
[2025-06-16T22:28:32.004-0300] {processor.py:179} INFO - Processing /mnt/c/Users/arcan/Documents/airflow/.venv/lib/python3.10/site-packages/airflow/example_dags/example_latest_only_with_trigger.py took 0.361 seconds
[2025-06-16T22:29:52.083-0300] {processor.py:157} INFO - Started process (PID=62266) to work on /mnt/c/Users/arcan/Documents/airflow/.venv/lib/python3.10/site-packages/airflow/example_dags/example_latest_only_with_trigger.py
[2025-06-16T22:29:52.087-0300] {processor.py:829} INFO - Processing file /mnt/c/Users/arcan/Documents/airflow/.venv/lib/python3.10/site-packages/airflow/example_dags/example_latest_only_with_trigger.py for tasks to queue
[2025-06-16T22:29:52.089-0300] {logging_mixin.py:154} INFO - [2025-06-16T22:29:52.088-0300] {dagbag.py:536} INFO - Filling up the DagBag from /mnt/c/Users/arcan/Documents/airflow/.venv/lib/python3.10/site-packages/airflow/example_dags/example_latest_only_with_trigger.py
[2025-06-16T22:29:52.140-0300] {processor.py:839} INFO - DAG(s) dict_keys(['latest_only_with_trigger']) retrieved from /mnt/c/Users/arcan/Documents/airflow/.venv/lib/python3.10/site-packages/airflow/example_dags/example_latest_only_with_trigger.py
[2025-06-16T22:29:52.197-0300] {logging_mixin.py:154} INFO - [2025-06-16T22:29:52.196-0300] {dag.py:2941} INFO - Sync 1 DAGs
[2025-06-16T22:29:52.243-0300] {logging_mixin.py:154} INFO - [2025-06-16T22:29:52.242-0300] {dag.py:3722} INFO - Setting next_dagrun for latest_only_with_trigger to 2025-06-16T21:29:52.242248+00:00, run_after=2025-06-17T01:29:52.242248+00:00
[2025-06-16T22:29:52.404-0300] {processor.py:179} INFO - Processing /mnt/c/Users/arcan/Documents/airflow/.venv/lib/python3.10/site-packages/airflow/example_dags/example_latest_only_with_trigger.py took 0.328 seconds
[2025-06-16T22:31:05.535-0300] {processor.py:157} INFO - Started process (PID=62481) to work on /mnt/c/Users/arcan/Documents/airflow/.venv/lib/python3.10/site-packages/airflow/example_dags/example_latest_only_with_trigger.py
[2025-06-16T22:31:05.538-0300] {processor.py:829} INFO - Processing file /mnt/c/Users/arcan/Documents/airflow/.venv/lib/python3.10/site-packages/airflow/example_dags/example_latest_only_with_trigger.py for tasks to queue
[2025-06-16T22:31:05.540-0300] {logging_mixin.py:154} INFO - [2025-06-16T22:31:05.539-0300] {dagbag.py:536} INFO - Filling up the DagBag from /mnt/c/Users/arcan/Documents/airflow/.venv/lib/python3.10/site-packages/airflow/example_dags/example_latest_only_with_trigger.py
[2025-06-16T22:31:05.589-0300] {processor.py:839} INFO - DAG(s) dict_keys(['latest_only_with_trigger']) retrieved from /mnt/c/Users/arcan/Documents/airflow/.venv/lib/python3.10/site-packages/airflow/example_dags/example_latest_only_with_trigger.py
[2025-06-16T22:31:05.646-0300] {logging_mixin.py:154} INFO - [2025-06-16T22:31:05.646-0300] {dag.py:2941} INFO - Sync 1 DAGs
[2025-06-16T22:31:05.691-0300] {logging_mixin.py:154} INFO - [2025-06-16T22:31:05.690-0300] {dag.py:3722} INFO - Setting next_dagrun for latest_only_with_trigger to 2025-06-16T21:31:05.690342+00:00, run_after=2025-06-17T01:31:05.690342+00:00
[2025-06-16T22:31:05.839-0300] {processor.py:179} INFO - Processing /mnt/c/Users/arcan/Documents/airflow/.venv/lib/python3.10/site-packages/airflow/example_dags/example_latest_only_with_trigger.py took 0.312 seconds
[2025-06-16T22:32:48.750-0300] {processor.py:157} INFO - Started process (PID=62852) to work on /mnt/c/Users/arcan/Documents/airflow/.venv/lib/python3.10/site-packages/airflow/example_dags/example_latest_only_with_trigger.py
[2025-06-16T22:32:48.752-0300] {processor.py:829} INFO - Processing file /mnt/c/Users/arcan/Documents/airflow/.venv/lib/python3.10/site-packages/airflow/example_dags/example_latest_only_with_trigger.py for tasks to queue
[2025-06-16T22:32:48.754-0300] {logging_mixin.py:154} INFO - [2025-06-16T22:32:48.753-0300] {dagbag.py:536} INFO - Filling up the DagBag from /mnt/c/Users/arcan/Documents/airflow/.venv/lib/python3.10/site-packages/airflow/example_dags/example_latest_only_with_trigger.py
[2025-06-16T22:32:48.793-0300] {processor.py:839} INFO - DAG(s) dict_keys(['latest_only_with_trigger']) retrieved from /mnt/c/Users/arcan/Documents/airflow/.venv/lib/python3.10/site-packages/airflow/example_dags/example_latest_only_with_trigger.py
[2025-06-16T22:32:48.838-0300] {logging_mixin.py:154} INFO - [2025-06-16T22:32:48.838-0300] {dag.py:2941} INFO - Sync 1 DAGs
[2025-06-16T22:32:48.874-0300] {logging_mixin.py:154} INFO - [2025-06-16T22:32:48.873-0300] {dag.py:3722} INFO - Setting next_dagrun for latest_only_with_trigger to 2025-06-16T21:32:48.873488+00:00, run_after=2025-06-17T01:32:48.873488+00:00
[2025-06-16T22:32:48.971-0300] {processor.py:179} INFO - Processing /mnt/c/Users/arcan/Documents/airflow/.venv/lib/python3.10/site-packages/airflow/example_dags/example_latest_only_with_trigger.py took 0.227 seconds
[2025-06-17T20:50:59.926-0300] {processor.py:157} INFO - Started process (PID=63668) to work on /mnt/c/Users/arcan/Documents/airflow/.venv/lib/python3.10/site-packages/airflow/example_dags/example_latest_only_with_trigger.py
[2025-06-17T20:50:59.929-0300] {processor.py:829} INFO - Processing file /mnt/c/Users/arcan/Documents/airflow/.venv/lib/python3.10/site-packages/airflow/example_dags/example_latest_only_with_trigger.py for tasks to queue
[2025-06-17T20:50:59.931-0300] {logging_mixin.py:154} INFO - [2025-06-17T20:50:59.930-0300] {dagbag.py:536} INFO - Filling up the DagBag from /mnt/c/Users/arcan/Documents/airflow/.venv/lib/python3.10/site-packages/airflow/example_dags/example_latest_only_with_trigger.py
[2025-06-17T20:50:59.984-0300] {processor.py:839} INFO - DAG(s) dict_keys(['latest_only_with_trigger']) retrieved from /mnt/c/Users/arcan/Documents/airflow/.venv/lib/python3.10/site-packages/airflow/example_dags/example_latest_only_with_trigger.py
[2025-06-17T20:51:00.073-0300] {logging_mixin.py:154} INFO - [2025-06-17T20:51:00.072-0300] {dag.py:2941} INFO - Sync 1 DAGs
[2025-06-17T20:51:00.111-0300] {logging_mixin.py:154} INFO - [2025-06-17T20:51:00.111-0300] {dag.py:3722} INFO - Setting next_dagrun for latest_only_with_trigger to 2025-06-17T19:51:00.111237+00:00, run_after=2025-06-17T23:51:00.111237+00:00
[2025-06-17T20:51:00.253-0300] {processor.py:179} INFO - Processing /mnt/c/Users/arcan/Documents/airflow/.venv/lib/python3.10/site-packages/airflow/example_dags/example_latest_only_with_trigger.py took 0.334 seconds
[2025-06-17T20:52:24.577-0300] {processor.py:157} INFO - Started process (PID=63871) to work on /mnt/c/Users/arcan/Documents/airflow/.venv/lib/python3.10/site-packages/airflow/example_dags/example_latest_only_with_trigger.py
[2025-06-17T20:52:24.583-0300] {processor.py:829} INFO - Processing file /mnt/c/Users/arcan/Documents/airflow/.venv/lib/python3.10/site-packages/airflow/example_dags/example_latest_only_with_trigger.py for tasks to queue
[2025-06-17T20:52:24.587-0300] {logging_mixin.py:154} INFO - [2025-06-17T20:52:24.586-0300] {dagbag.py:536} INFO - Filling up the DagBag from /mnt/c/Users/arcan/Documents/airflow/.venv/lib/python3.10/site-packages/airflow/example_dags/example_latest_only_with_trigger.py
[2025-06-17T20:52:24.650-0300] {processor.py:839} INFO - DAG(s) dict_keys(['latest_only_with_trigger']) retrieved from /mnt/c/Users/arcan/Documents/airflow/.venv/lib/python3.10/site-packages/airflow/example_dags/example_latest_only_with_trigger.py
[2025-06-17T20:52:24.723-0300] {logging_mixin.py:154} INFO - [2025-06-17T20:52:24.723-0300] {dag.py:2941} INFO - Sync 1 DAGs
[2025-06-17T20:52:24.778-0300] {logging_mixin.py:154} INFO - [2025-06-17T20:52:24.778-0300] {dag.py:3722} INFO - Setting next_dagrun for latest_only_with_trigger to 2025-06-17T19:52:24.777242+00:00, run_after=2025-06-17T23:52:24.777242+00:00
[2025-06-17T20:52:24.915-0300] {processor.py:179} INFO - Processing /mnt/c/Users/arcan/Documents/airflow/.venv/lib/python3.10/site-packages/airflow/example_dags/example_latest_only_with_trigger.py took 0.345 seconds
[2025-06-17T20:53:45.675-0300] {processor.py:157} INFO - Started process (PID=64223) to work on /mnt/c/Users/arcan/Documents/airflow/.venv/lib/python3.10/site-packages/airflow/example_dags/example_latest_only_with_trigger.py
[2025-06-17T20:53:45.677-0300] {processor.py:829} INFO - Processing file /mnt/c/Users/arcan/Documents/airflow/.venv/lib/python3.10/site-packages/airflow/example_dags/example_latest_only_with_trigger.py for tasks to queue
[2025-06-17T20:53:45.680-0300] {logging_mixin.py:154} INFO - [2025-06-17T20:53:45.679-0300] {dagbag.py:536} INFO - Filling up the DagBag from /mnt/c/Users/arcan/Documents/airflow/.venv/lib/python3.10/site-packages/airflow/example_dags/example_latest_only_with_trigger.py
[2025-06-17T20:53:45.723-0300] {processor.py:839} INFO - DAG(s) dict_keys(['latest_only_with_trigger']) retrieved from /mnt/c/Users/arcan/Documents/airflow/.venv/lib/python3.10/site-packages/airflow/example_dags/example_latest_only_with_trigger.py
[2025-06-17T20:53:45.770-0300] {logging_mixin.py:154} INFO - [2025-06-17T20:53:45.770-0300] {dag.py:2941} INFO - Sync 1 DAGs
[2025-06-17T20:53:45.813-0300] {logging_mixin.py:154} INFO - [2025-06-17T20:53:45.812-0300] {dag.py:3722} INFO - Setting next_dagrun for latest_only_with_trigger to 2025-06-17T19:53:45.812492+00:00, run_after=2025-06-17T23:53:45.812492+00:00
[2025-06-17T20:53:45.924-0300] {processor.py:179} INFO - Processing /mnt/c/Users/arcan/Documents/airflow/.venv/lib/python3.10/site-packages/airflow/example_dags/example_latest_only_with_trigger.py took 0.256 seconds
[2025-06-17T20:54:53.530-0300] {processor.py:157} INFO - Started process (PID=64423) to work on /mnt/c/Users/arcan/Documents/airflow/.venv/lib/python3.10/site-packages/airflow/example_dags/example_latest_only_with_trigger.py
[2025-06-17T20:54:53.532-0300] {processor.py:829} INFO - Processing file /mnt/c/Users/arcan/Documents/airflow/.venv/lib/python3.10/site-packages/airflow/example_dags/example_latest_only_with_trigger.py for tasks to queue
[2025-06-17T20:54:53.534-0300] {logging_mixin.py:154} INFO - [2025-06-17T20:54:53.533-0300] {dagbag.py:536} INFO - Filling up the DagBag from /mnt/c/Users/arcan/Documents/airflow/.venv/lib/python3.10/site-packages/airflow/example_dags/example_latest_only_with_trigger.py
[2025-06-17T20:54:53.583-0300] {processor.py:839} INFO - DAG(s) dict_keys(['latest_only_with_trigger']) retrieved from /mnt/c/Users/arcan/Documents/airflow/.venv/lib/python3.10/site-packages/airflow/example_dags/example_latest_only_with_trigger.py
[2025-06-17T20:54:53.627-0300] {logging_mixin.py:154} INFO - [2025-06-17T20:54:53.627-0300] {dag.py:2941} INFO - Sync 1 DAGs
[2025-06-17T20:54:53.658-0300] {logging_mixin.py:154} INFO - [2025-06-17T20:54:53.658-0300] {dag.py:3722} INFO - Setting next_dagrun for latest_only_with_trigger to 2025-06-17T19:54:53.657988+00:00, run_after=2025-06-17T23:54:53.657988+00:00
[2025-06-17T20:54:53.758-0300] {processor.py:179} INFO - Processing /mnt/c/Users/arcan/Documents/airflow/.venv/lib/python3.10/site-packages/airflow/example_dags/example_latest_only_with_trigger.py took 0.234 seconds
[2025-06-17T20:56:06.902-0300] {processor.py:157} INFO - Started process (PID=64630) to work on /mnt/c/Users/arcan/Documents/airflow/.venv/lib/python3.10/site-packages/airflow/example_dags/example_latest_only_with_trigger.py
[2025-06-17T20:56:06.910-0300] {processor.py:829} INFO - Processing file /mnt/c/Users/arcan/Documents/airflow/.venv/lib/python3.10/site-packages/airflow/example_dags/example_latest_only_with_trigger.py for tasks to queue
[2025-06-17T20:56:06.913-0300] {logging_mixin.py:154} INFO - [2025-06-17T20:56:06.913-0300] {dagbag.py:536} INFO - Filling up the DagBag from /mnt/c/Users/arcan/Documents/airflow/.venv/lib/python3.10/site-packages/airflow/example_dags/example_latest_only_with_trigger.py
[2025-06-17T20:56:06.961-0300] {processor.py:839} INFO - DAG(s) dict_keys(['latest_only_with_trigger']) retrieved from /mnt/c/Users/arcan/Documents/airflow/.venv/lib/python3.10/site-packages/airflow/example_dags/example_latest_only_with_trigger.py
[2025-06-17T20:56:07.017-0300] {logging_mixin.py:154} INFO - [2025-06-17T20:56:07.017-0300] {dag.py:2941} INFO - Sync 1 DAGs
[2025-06-17T20:56:07.052-0300] {logging_mixin.py:154} INFO - [2025-06-17T20:56:07.051-0300] {dag.py:3722} INFO - Setting next_dagrun for latest_only_with_trigger to 2025-06-17T19:56:07.051621+00:00, run_after=2025-06-17T23:56:07.051621+00:00
[2025-06-17T20:56:07.146-0300] {processor.py:179} INFO - Processing /mnt/c/Users/arcan/Documents/airflow/.venv/lib/python3.10/site-packages/airflow/example_dags/example_latest_only_with_trigger.py took 0.250 seconds
