[2025-06-16T22:04:16.862-0300] {processor.py:157} INFO - Started process (PID=57371) to work on /mnt/c/Users/arcan/Documents/airflow/.venv/lib/python3.10/site-packages/airflow/example_dags/example_branch_operator.py
[2025-06-16T22:04:16.864-0300] {processor.py:829} INFO - Processing file /mnt/c/Users/arcan/Documents/airflow/.venv/lib/python3.10/site-packages/airflow/example_dags/example_branch_operator.py for tasks to queue
[2025-06-16T22:04:16.866-0300] {logging_mixin.py:154} INFO - [2025-06-16T22:04:16.865-0300] {dagbag.py:536} INFO - Filling up the DagBag from /mnt/c/Users/arcan/Documents/airflow/.venv/lib/python3.10/site-packages/airflow/example_dags/example_branch_operator.py
[2025-06-16T22:04:16.913-0300] {processor.py:839} INFO - DAG(s) dict_keys(['example_branch_operator']) retrieved from /mnt/c/Users/arcan/Documents/airflow/.venv/lib/python3.10/site-packages/airflow/example_dags/example_branch_operator.py
[2025-06-16T22:04:16.960-0300] {logging_mixin.py:154} INFO - [2025-06-16T22:04:16.960-0300] {dag.py:2941} INFO - Sync 1 DAGs
[2025-06-16T22:04:16.995-0300] {logging_mixin.py:154} INFO - [2025-06-16T22:04:16.995-0300] {dag.py:3722} INFO - Setting next_dagrun for example_branch_operator to 2025-06-16T00:00:00+00:00, run_after=2025-06-17T00:00:00+00:00
[2025-06-16T22:04:17.097-0300] {processor.py:179} INFO - Processing /mnt/c/Users/arcan/Documents/airflow/.venv/lib/python3.10/site-packages/airflow/example_dags/example_branch_operator.py took 0.240 seconds
[2025-06-16T22:05:30.183-0300] {processor.py:157} INFO - Started process (PID=57614) to work on /mnt/c/Users/arcan/Documents/airflow/.venv/lib/python3.10/site-packages/airflow/example_dags/example_branch_operator.py
[2025-06-16T22:05:30.186-0300] {processor.py:829} INFO - Processing file /mnt/c/Users/arcan/Documents/airflow/.venv/lib/python3.10/site-packages/airflow/example_dags/example_branch_operator.py for tasks to queue
[2025-06-16T22:05:30.188-0300] {logging_mixin.py:154} INFO - [2025-06-16T22:05:30.187-0300] {dagbag.py:536} INFO - Filling up the DagBag from /mnt/c/Users/arcan/Documents/airflow/.venv/lib/python3.10/site-packages/airflow/example_dags/example_branch_operator.py
[2025-06-16T22:05:30.241-0300] {processor.py:839} INFO - DAG(s) dict_keys(['example_branch_operator']) retrieved from /mnt/c/Users/arcan/Documents/airflow/.venv/lib/python3.10/site-packages/airflow/example_dags/example_branch_operator.py
[2025-06-16T22:05:30.293-0300] {logging_mixin.py:154} INFO - [2025-06-16T22:05:30.293-0300] {dag.py:2941} INFO - Sync 1 DAGs
[2025-06-16T22:05:30.331-0300] {logging_mixin.py:154} INFO - [2025-06-16T22:05:30.331-0300] {dag.py:3722} INFO - Setting next_dagrun for example_branch_operator to 2025-06-16T00:00:00+00:00, run_after=2025-06-17T00:00:00+00:00
[2025-06-16T22:05:30.446-0300] {processor.py:179} INFO - Processing /mnt/c/Users/arcan/Documents/airflow/.venv/lib/python3.10/site-packages/airflow/example_dags/example_branch_operator.py took 0.267 seconds
[2025-06-16T22:06:41.657-0300] {processor.py:157} INFO - Started process (PID=57827) to work on /mnt/c/Users/arcan/Documents/airflow/.venv/lib/python3.10/site-packages/airflow/example_dags/example_branch_operator.py
[2025-06-16T22:06:41.659-0300] {processor.py:829} INFO - Processing file /mnt/c/Users/arcan/Documents/airflow/.venv/lib/python3.10/site-packages/airflow/example_dags/example_branch_operator.py for tasks to queue
[2025-06-16T22:06:41.661-0300] {logging_mixin.py:154} INFO - [2025-06-16T22:06:41.661-0300] {dagbag.py:536} INFO - Filling up the DagBag from /mnt/c/Users/arcan/Documents/airflow/.venv/lib/python3.10/site-packages/airflow/example_dags/example_branch_operator.py
[2025-06-16T22:06:41.732-0300] {processor.py:839} INFO - DAG(s) dict_keys(['example_branch_operator']) retrieved from /mnt/c/Users/arcan/Documents/airflow/.venv/lib/python3.10/site-packages/airflow/example_dags/example_branch_operator.py
[2025-06-16T22:06:41.811-0300] {logging_mixin.py:154} INFO - [2025-06-16T22:06:41.811-0300] {dag.py:2941} INFO - Sync 1 DAGs
[2025-06-16T22:06:41.855-0300] {logging_mixin.py:154} INFO - [2025-06-16T22:06:41.855-0300] {dag.py:3722} INFO - Setting next_dagrun for example_branch_operator to 2025-06-16T00:00:00+00:00, run_after=2025-06-17T00:00:00+00:00
[2025-06-16T22:06:41.993-0300] {processor.py:179} INFO - Processing /mnt/c/Users/arcan/Documents/airflow/.venv/lib/python3.10/site-packages/airflow/example_dags/example_branch_operator.py took 0.343 seconds
[2025-06-16T22:07:53.178-0300] {processor.py:157} INFO - Started process (PID=58032) to work on /mnt/c/Users/arcan/Documents/airflow/.venv/lib/python3.10/site-packages/airflow/example_dags/example_branch_operator.py
[2025-06-16T22:07:53.181-0300] {processor.py:829} INFO - Processing file /mnt/c/Users/arcan/Documents/airflow/.venv/lib/python3.10/site-packages/airflow/example_dags/example_branch_operator.py for tasks to queue
[2025-06-16T22:07:53.184-0300] {logging_mixin.py:154} INFO - [2025-06-16T22:07:53.183-0300] {dagbag.py:536} INFO - Filling up the DagBag from /mnt/c/Users/arcan/Documents/airflow/.venv/lib/python3.10/site-packages/airflow/example_dags/example_branch_operator.py
[2025-06-16T22:07:53.247-0300] {processor.py:839} INFO - DAG(s) dict_keys(['example_branch_operator']) retrieved from /mnt/c/Users/arcan/Documents/airflow/.venv/lib/python3.10/site-packages/airflow/example_dags/example_branch_operator.py
[2025-06-16T22:07:53.342-0300] {logging_mixin.py:154} INFO - [2025-06-16T22:07:53.341-0300] {dag.py:2941} INFO - Sync 1 DAGs
[2025-06-16T22:07:53.402-0300] {logging_mixin.py:154} INFO - [2025-06-16T22:07:53.402-0300] {dag.py:3722} INFO - Setting next_dagrun for example_branch_operator to 2025-06-16T00:00:00+00:00, run_after=2025-06-17T00:00:00+00:00
[2025-06-16T22:07:53.526-0300] {processor.py:179} INFO - Processing /mnt/c/Users/arcan/Documents/airflow/.venv/lib/python3.10/site-packages/airflow/example_dags/example_branch_operator.py took 0.355 seconds
[2025-06-16T22:09:07.413-0300] {processor.py:157} INFO - Started process (PID=58378) to work on /mnt/c/Users/arcan/Documents/airflow/.venv/lib/python3.10/site-packages/airflow/example_dags/example_branch_operator.py
[2025-06-16T22:09:07.415-0300] {processor.py:829} INFO - Processing file /mnt/c/Users/arcan/Documents/airflow/.venv/lib/python3.10/site-packages/airflow/example_dags/example_branch_operator.py for tasks to queue
[2025-06-16T22:09:07.417-0300] {logging_mixin.py:154} INFO - [2025-06-16T22:09:07.416-0300] {dagbag.py:536} INFO - Filling up the DagBag from /mnt/c/Users/arcan/Documents/airflow/.venv/lib/python3.10/site-packages/airflow/example_dags/example_branch_operator.py
[2025-06-16T22:09:07.462-0300] {processor.py:839} INFO - DAG(s) dict_keys(['example_branch_operator']) retrieved from /mnt/c/Users/arcan/Documents/airflow/.venv/lib/python3.10/site-packages/airflow/example_dags/example_branch_operator.py
[2025-06-16T22:09:07.505-0300] {logging_mixin.py:154} INFO - [2025-06-16T22:09:07.505-0300] {dag.py:2941} INFO - Sync 1 DAGs
[2025-06-16T22:09:07.539-0300] {logging_mixin.py:154} INFO - [2025-06-16T22:09:07.539-0300] {dag.py:3722} INFO - Setting next_dagrun for example_branch_operator to 2025-06-16T00:00:00+00:00, run_after=2025-06-17T00:00:00+00:00
[2025-06-16T22:09:07.626-0300] {processor.py:179} INFO - Processing /mnt/c/Users/arcan/Documents/airflow/.venv/lib/python3.10/site-packages/airflow/example_dags/example_branch_operator.py took 0.218 seconds
[2025-06-16T22:10:11.249-0300] {processor.py:157} INFO - Started process (PID=58571) to work on /mnt/c/Users/arcan/Documents/airflow/.venv/lib/python3.10/site-packages/airflow/example_dags/example_branch_operator.py
[2025-06-16T22:10:11.252-0300] {processor.py:829} INFO - Processing file /mnt/c/Users/arcan/Documents/airflow/.venv/lib/python3.10/site-packages/airflow/example_dags/example_branch_operator.py for tasks to queue
[2025-06-16T22:10:11.254-0300] {logging_mixin.py:154} INFO - [2025-06-16T22:10:11.253-0300] {dagbag.py:536} INFO - Filling up the DagBag from /mnt/c/Users/arcan/Documents/airflow/.venv/lib/python3.10/site-packages/airflow/example_dags/example_branch_operator.py
[2025-06-16T22:10:11.305-0300] {processor.py:839} INFO - DAG(s) dict_keys(['example_branch_operator']) retrieved from /mnt/c/Users/arcan/Documents/airflow/.venv/lib/python3.10/site-packages/airflow/example_dags/example_branch_operator.py
[2025-06-16T22:10:11.353-0300] {logging_mixin.py:154} INFO - [2025-06-16T22:10:11.353-0300] {dag.py:2941} INFO - Sync 1 DAGs
[2025-06-16T22:10:11.392-0300] {logging_mixin.py:154} INFO - [2025-06-16T22:10:11.391-0300] {dag.py:3722} INFO - Setting next_dagrun for example_branch_operator to 2025-06-16T00:00:00+00:00, run_after=2025-06-17T00:00:00+00:00
[2025-06-16T22:10:11.490-0300] {processor.py:179} INFO - Processing /mnt/c/Users/arcan/Documents/airflow/.venv/lib/python3.10/site-packages/airflow/example_dags/example_branch_operator.py took 0.246 seconds
[2025-06-16T22:11:15.792-0300] {processor.py:157} INFO - Started process (PID=58766) to work on /mnt/c/Users/arcan/Documents/airflow/.venv/lib/python3.10/site-packages/airflow/example_dags/example_branch_operator.py
[2025-06-16T22:11:15.795-0300] {processor.py:829} INFO - Processing file /mnt/c/Users/arcan/Documents/airflow/.venv/lib/python3.10/site-packages/airflow/example_dags/example_branch_operator.py for tasks to queue
[2025-06-16T22:11:15.797-0300] {logging_mixin.py:154} INFO - [2025-06-16T22:11:15.797-0300] {dagbag.py:536} INFO - Filling up the DagBag from /mnt/c/Users/arcan/Documents/airflow/.venv/lib/python3.10/site-packages/airflow/example_dags/example_branch_operator.py
[2025-06-16T22:11:15.843-0300] {processor.py:839} INFO - DAG(s) dict_keys(['example_branch_operator']) retrieved from /mnt/c/Users/arcan/Documents/airflow/.venv/lib/python3.10/site-packages/airflow/example_dags/example_branch_operator.py
[2025-06-16T22:11:15.886-0300] {logging_mixin.py:154} INFO - [2025-06-16T22:11:15.886-0300] {dag.py:2941} INFO - Sync 1 DAGs
[2025-06-16T22:11:15.918-0300] {logging_mixin.py:154} INFO - [2025-06-16T22:11:15.917-0300] {dag.py:3722} INFO - Setting next_dagrun for example_branch_operator to 2025-06-16T00:00:00+00:00, run_after=2025-06-17T00:00:00+00:00
[2025-06-16T22:11:16.009-0300] {processor.py:179} INFO - Processing /mnt/c/Users/arcan/Documents/airflow/.venv/lib/python3.10/site-packages/airflow/example_dags/example_branch_operator.py took 0.221 seconds
[2025-06-16T22:12:14.834-0300] {processor.py:157} INFO - Started process (PID=58943) to work on /mnt/c/Users/arcan/Documents/airflow/.venv/lib/python3.10/site-packages/airflow/example_dags/example_branch_operator.py
[2025-06-16T22:12:14.836-0300] {processor.py:829} INFO - Processing file /mnt/c/Users/arcan/Documents/airflow/.venv/lib/python3.10/site-packages/airflow/example_dags/example_branch_operator.py for tasks to queue
[2025-06-16T22:12:14.838-0300] {logging_mixin.py:154} INFO - [2025-06-16T22:12:14.837-0300] {dagbag.py:536} INFO - Filling up the DagBag from /mnt/c/Users/arcan/Documents/airflow/.venv/lib/python3.10/site-packages/airflow/example_dags/example_branch_operator.py
[2025-06-16T22:12:14.881-0300] {processor.py:839} INFO - DAG(s) dict_keys(['example_branch_operator']) retrieved from /mnt/c/Users/arcan/Documents/airflow/.venv/lib/python3.10/site-packages/airflow/example_dags/example_branch_operator.py
[2025-06-16T22:12:14.923-0300] {logging_mixin.py:154} INFO - [2025-06-16T22:12:14.922-0300] {dag.py:2941} INFO - Sync 1 DAGs
[2025-06-16T22:12:14.954-0300] {logging_mixin.py:154} INFO - [2025-06-16T22:12:14.954-0300] {dag.py:3722} INFO - Setting next_dagrun for example_branch_operator to 2025-06-16T00:00:00+00:00, run_after=2025-06-17T00:00:00+00:00
[2025-06-16T22:12:15.041-0300] {processor.py:179} INFO - Processing /mnt/c/Users/arcan/Documents/airflow/.venv/lib/python3.10/site-packages/airflow/example_dags/example_branch_operator.py took 0.212 seconds
[2025-06-16T22:13:16.678-0300] {processor.py:157} INFO - Started process (PID=59133) to work on /mnt/c/Users/arcan/Documents/airflow/.venv/lib/python3.10/site-packages/airflow/example_dags/example_branch_operator.py
[2025-06-16T22:13:16.681-0300] {processor.py:829} INFO - Processing file /mnt/c/Users/arcan/Documents/airflow/.venv/lib/python3.10/site-packages/airflow/example_dags/example_branch_operator.py for tasks to queue
[2025-06-16T22:13:16.682-0300] {logging_mixin.py:154} INFO - [2025-06-16T22:13:16.682-0300] {dagbag.py:536} INFO - Filling up the DagBag from /mnt/c/Users/arcan/Documents/airflow/.venv/lib/python3.10/site-packages/airflow/example_dags/example_branch_operator.py
[2025-06-16T22:13:16.727-0300] {processor.py:839} INFO - DAG(s) dict_keys(['example_branch_operator']) retrieved from /mnt/c/Users/arcan/Documents/airflow/.venv/lib/python3.10/site-packages/airflow/example_dags/example_branch_operator.py
[2025-06-16T22:13:16.771-0300] {logging_mixin.py:154} INFO - [2025-06-16T22:13:16.770-0300] {dag.py:2941} INFO - Sync 1 DAGs
[2025-06-16T22:13:16.803-0300] {logging_mixin.py:154} INFO - [2025-06-16T22:13:16.803-0300] {dag.py:3722} INFO - Setting next_dagrun for example_branch_operator to 2025-06-16T00:00:00+00:00, run_after=2025-06-17T00:00:00+00:00
[2025-06-16T22:13:16.901-0300] {processor.py:179} INFO - Processing /mnt/c/Users/arcan/Documents/airflow/.venv/lib/python3.10/site-packages/airflow/example_dags/example_branch_operator.py took 0.227 seconds
[2025-06-16T22:14:22.139-0300] {processor.py:157} INFO - Started process (PID=59324) to work on /mnt/c/Users/arcan/Documents/airflow/.venv/lib/python3.10/site-packages/airflow/example_dags/example_branch_operator.py
[2025-06-16T22:14:22.141-0300] {processor.py:829} INFO - Processing file /mnt/c/Users/arcan/Documents/airflow/.venv/lib/python3.10/site-packages/airflow/example_dags/example_branch_operator.py for tasks to queue
[2025-06-16T22:14:22.143-0300] {logging_mixin.py:154} INFO - [2025-06-16T22:14:22.142-0300] {dagbag.py:536} INFO - Filling up the DagBag from /mnt/c/Users/arcan/Documents/airflow/.venv/lib/python3.10/site-packages/airflow/example_dags/example_branch_operator.py
[2025-06-16T22:14:22.184-0300] {processor.py:839} INFO - DAG(s) dict_keys(['example_branch_operator']) retrieved from /mnt/c/Users/arcan/Documents/airflow/.venv/lib/python3.10/site-packages/airflow/example_dags/example_branch_operator.py
[2025-06-16T22:14:22.224-0300] {logging_mixin.py:154} INFO - [2025-06-16T22:14:22.223-0300] {dag.py:2941} INFO - Sync 1 DAGs
[2025-06-16T22:14:22.260-0300] {logging_mixin.py:154} INFO - [2025-06-16T22:14:22.260-0300] {dag.py:3722} INFO - Setting next_dagrun for example_branch_operator to 2025-06-16T00:00:00+00:00, run_after=2025-06-17T00:00:00+00:00
[2025-06-16T22:14:22.375-0300] {processor.py:179} INFO - Processing /mnt/c/Users/arcan/Documents/airflow/.venv/lib/python3.10/site-packages/airflow/example_dags/example_branch_operator.py took 0.240 seconds
[2025-06-16T22:15:31.109-0300] {processor.py:157} INFO - Started process (PID=59530) to work on /mnt/c/Users/arcan/Documents/airflow/.venv/lib/python3.10/site-packages/airflow/example_dags/example_branch_operator.py
[2025-06-16T22:15:31.111-0300] {processor.py:829} INFO - Processing file /mnt/c/Users/arcan/Documents/airflow/.venv/lib/python3.10/site-packages/airflow/example_dags/example_branch_operator.py for tasks to queue
[2025-06-16T22:15:31.113-0300] {logging_mixin.py:154} INFO - [2025-06-16T22:15:31.112-0300] {dagbag.py:536} INFO - Filling up the DagBag from /mnt/c/Users/arcan/Documents/airflow/.venv/lib/python3.10/site-packages/airflow/example_dags/example_branch_operator.py
[2025-06-16T22:15:31.164-0300] {processor.py:839} INFO - DAG(s) dict_keys(['example_branch_operator']) retrieved from /mnt/c/Users/arcan/Documents/airflow/.venv/lib/python3.10/site-packages/airflow/example_dags/example_branch_operator.py
[2025-06-16T22:15:31.212-0300] {logging_mixin.py:154} INFO - [2025-06-16T22:15:31.211-0300] {dag.py:2941} INFO - Sync 1 DAGs
[2025-06-16T22:15:31.252-0300] {logging_mixin.py:154} INFO - [2025-06-16T22:15:31.252-0300] {dag.py:3722} INFO - Setting next_dagrun for example_branch_operator to 2025-06-16T00:00:00+00:00, run_after=2025-06-17T00:00:00+00:00
[2025-06-16T22:15:31.357-0300] {processor.py:179} INFO - Processing /mnt/c/Users/arcan/Documents/airflow/.venv/lib/python3.10/site-packages/airflow/example_dags/example_branch_operator.py took 0.252 seconds
[2025-06-16T22:16:43.239-0300] {processor.py:157} INFO - Started process (PID=59869) to work on /mnt/c/Users/arcan/Documents/airflow/.venv/lib/python3.10/site-packages/airflow/example_dags/example_branch_operator.py
[2025-06-16T22:16:43.240-0300] {processor.py:829} INFO - Processing file /mnt/c/Users/arcan/Documents/airflow/.venv/lib/python3.10/site-packages/airflow/example_dags/example_branch_operator.py for tasks to queue
[2025-06-16T22:16:43.242-0300] {logging_mixin.py:154} INFO - [2025-06-16T22:16:43.242-0300] {dagbag.py:536} INFO - Filling up the DagBag from /mnt/c/Users/arcan/Documents/airflow/.venv/lib/python3.10/site-packages/airflow/example_dags/example_branch_operator.py
[2025-06-16T22:16:43.285-0300] {processor.py:839} INFO - DAG(s) dict_keys(['example_branch_operator']) retrieved from /mnt/c/Users/arcan/Documents/airflow/.venv/lib/python3.10/site-packages/airflow/example_dags/example_branch_operator.py
[2025-06-16T22:16:43.329-0300] {logging_mixin.py:154} INFO - [2025-06-16T22:16:43.329-0300] {dag.py:2941} INFO - Sync 1 DAGs
[2025-06-16T22:16:43.363-0300] {logging_mixin.py:154} INFO - [2025-06-16T22:16:43.363-0300] {dag.py:3722} INFO - Setting next_dagrun for example_branch_operator to 2025-06-16T00:00:00+00:00, run_after=2025-06-17T00:00:00+00:00
[2025-06-16T22:16:43.467-0300] {processor.py:179} INFO - Processing /mnt/c/Users/arcan/Documents/airflow/.venv/lib/python3.10/site-packages/airflow/example_dags/example_branch_operator.py took 0.233 seconds
[2025-06-16T22:17:50.920-0300] {processor.py:157} INFO - Started process (PID=60076) to work on /mnt/c/Users/arcan/Documents/airflow/.venv/lib/python3.10/site-packages/airflow/example_dags/example_branch_operator.py
[2025-06-16T22:17:50.923-0300] {processor.py:829} INFO - Processing file /mnt/c/Users/arcan/Documents/airflow/.venv/lib/python3.10/site-packages/airflow/example_dags/example_branch_operator.py for tasks to queue
[2025-06-16T22:17:50.926-0300] {logging_mixin.py:154} INFO - [2025-06-16T22:17:50.925-0300] {dagbag.py:536} INFO - Filling up the DagBag from /mnt/c/Users/arcan/Documents/airflow/.venv/lib/python3.10/site-packages/airflow/example_dags/example_branch_operator.py
[2025-06-16T22:17:50.997-0300] {processor.py:839} INFO - DAG(s) dict_keys(['example_branch_operator']) retrieved from /mnt/c/Users/arcan/Documents/airflow/.venv/lib/python3.10/site-packages/airflow/example_dags/example_branch_operator.py
[2025-06-16T22:17:51.066-0300] {logging_mixin.py:154} INFO - [2025-06-16T22:17:51.065-0300] {dag.py:2941} INFO - Sync 1 DAGs
[2025-06-16T22:17:51.110-0300] {logging_mixin.py:154} INFO - [2025-06-16T22:17:51.109-0300] {dag.py:3722} INFO - Setting next_dagrun for example_branch_operator to 2025-06-16T00:00:00+00:00, run_after=2025-06-17T00:00:00+00:00
[2025-06-16T22:17:51.270-0300] {processor.py:179} INFO - Processing /mnt/c/Users/arcan/Documents/airflow/.venv/lib/python3.10/site-packages/airflow/example_dags/example_branch_operator.py took 0.356 seconds
[2025-06-16T22:19:17.976-0300] {processor.py:157} INFO - Started process (PID=60321) to work on /mnt/c/Users/arcan/Documents/airflow/.venv/lib/python3.10/site-packages/airflow/example_dags/example_branch_operator.py
[2025-06-16T22:19:17.979-0300] {processor.py:829} INFO - Processing file /mnt/c/Users/arcan/Documents/airflow/.venv/lib/python3.10/site-packages/airflow/example_dags/example_branch_operator.py for tasks to queue
[2025-06-16T22:19:17.981-0300] {logging_mixin.py:154} INFO - [2025-06-16T22:19:17.981-0300] {dagbag.py:536} INFO - Filling up the DagBag from /mnt/c/Users/arcan/Documents/airflow/.venv/lib/python3.10/site-packages/airflow/example_dags/example_branch_operator.py
[2025-06-16T22:19:18.044-0300] {processor.py:839} INFO - DAG(s) dict_keys(['example_branch_operator']) retrieved from /mnt/c/Users/arcan/Documents/airflow/.venv/lib/python3.10/site-packages/airflow/example_dags/example_branch_operator.py
[2025-06-16T22:19:18.105-0300] {logging_mixin.py:154} INFO - [2025-06-16T22:19:18.105-0300] {dag.py:2941} INFO - Sync 1 DAGs
[2025-06-16T22:19:18.153-0300] {logging_mixin.py:154} INFO - [2025-06-16T22:19:18.153-0300] {dag.py:3722} INFO - Setting next_dagrun for example_branch_operator to 2025-06-16T00:00:00+00:00, run_after=2025-06-17T00:00:00+00:00
[2025-06-16T22:19:18.280-0300] {processor.py:179} INFO - Processing /mnt/c/Users/arcan/Documents/airflow/.venv/lib/python3.10/site-packages/airflow/example_dags/example_branch_operator.py took 0.310 seconds
[2025-06-16T22:20:42.383-0300] {processor.py:157} INFO - Started process (PID=60565) to work on /mnt/c/Users/arcan/Documents/airflow/.venv/lib/python3.10/site-packages/airflow/example_dags/example_branch_operator.py
[2025-06-16T22:20:42.386-0300] {processor.py:829} INFO - Processing file /mnt/c/Users/arcan/Documents/airflow/.venv/lib/python3.10/site-packages/airflow/example_dags/example_branch_operator.py for tasks to queue
[2025-06-16T22:20:42.389-0300] {logging_mixin.py:154} INFO - [2025-06-16T22:20:42.388-0300] {dagbag.py:536} INFO - Filling up the DagBag from /mnt/c/Users/arcan/Documents/airflow/.venv/lib/python3.10/site-packages/airflow/example_dags/example_branch_operator.py
[2025-06-16T22:20:42.460-0300] {processor.py:839} INFO - DAG(s) dict_keys(['example_branch_operator']) retrieved from /mnt/c/Users/arcan/Documents/airflow/.venv/lib/python3.10/site-packages/airflow/example_dags/example_branch_operator.py
[2025-06-16T22:20:42.529-0300] {logging_mixin.py:154} INFO - [2025-06-16T22:20:42.528-0300] {dag.py:2941} INFO - Sync 1 DAGs
[2025-06-16T22:20:42.579-0300] {logging_mixin.py:154} INFO - [2025-06-16T22:20:42.579-0300] {dag.py:3722} INFO - Setting next_dagrun for example_branch_operator to 2025-06-16T00:00:00+00:00, run_after=2025-06-17T00:00:00+00:00
[2025-06-16T22:20:42.731-0300] {processor.py:179} INFO - Processing /mnt/c/Users/arcan/Documents/airflow/.venv/lib/python3.10/site-packages/airflow/example_dags/example_branch_operator.py took 0.357 seconds
[2025-06-16T22:22:03.578-0300] {processor.py:157} INFO - Started process (PID=60799) to work on /mnt/c/Users/arcan/Documents/airflow/.venv/lib/python3.10/site-packages/airflow/example_dags/example_branch_operator.py
[2025-06-16T22:22:03.581-0300] {processor.py:829} INFO - Processing file /mnt/c/Users/arcan/Documents/airflow/.venv/lib/python3.10/site-packages/airflow/example_dags/example_branch_operator.py for tasks to queue
[2025-06-16T22:22:03.584-0300] {logging_mixin.py:154} INFO - [2025-06-16T22:22:03.583-0300] {dagbag.py:536} INFO - Filling up the DagBag from /mnt/c/Users/arcan/Documents/airflow/.venv/lib/python3.10/site-packages/airflow/example_dags/example_branch_operator.py
[2025-06-16T22:22:03.645-0300] {processor.py:839} INFO - DAG(s) dict_keys(['example_branch_operator']) retrieved from /mnt/c/Users/arcan/Documents/airflow/.venv/lib/python3.10/site-packages/airflow/example_dags/example_branch_operator.py
[2025-06-16T22:22:03.701-0300] {logging_mixin.py:154} INFO - [2025-06-16T22:22:03.701-0300] {dag.py:2941} INFO - Sync 1 DAGs
[2025-06-16T22:22:03.743-0300] {logging_mixin.py:154} INFO - [2025-06-16T22:22:03.743-0300] {dag.py:3722} INFO - Setting next_dagrun for example_branch_operator to 2025-06-16T00:00:00+00:00, run_after=2025-06-17T00:00:00+00:00
[2025-06-16T22:22:03.882-0300] {processor.py:179} INFO - Processing /mnt/c/Users/arcan/Documents/airflow/.venv/lib/python3.10/site-packages/airflow/example_dags/example_branch_operator.py took 0.315 seconds
[2025-06-16T22:23:28.703-0300] {processor.py:157} INFO - Started process (PID=61041) to work on /mnt/c/Users/arcan/Documents/airflow/.venv/lib/python3.10/site-packages/airflow/example_dags/example_branch_operator.py
[2025-06-16T22:23:28.706-0300] {processor.py:829} INFO - Processing file /mnt/c/Users/arcan/Documents/airflow/.venv/lib/python3.10/site-packages/airflow/example_dags/example_branch_operator.py for tasks to queue
[2025-06-16T22:23:28.709-0300] {logging_mixin.py:154} INFO - [2025-06-16T22:23:28.708-0300] {dagbag.py:536} INFO - Filling up the DagBag from /mnt/c/Users/arcan/Documents/airflow/.venv/lib/python3.10/site-packages/airflow/example_dags/example_branch_operator.py
[2025-06-16T22:23:28.805-0300] {processor.py:839} INFO - DAG(s) dict_keys(['example_branch_operator']) retrieved from /mnt/c/Users/arcan/Documents/airflow/.venv/lib/python3.10/site-packages/airflow/example_dags/example_branch_operator.py
[2025-06-16T22:23:28.909-0300] {logging_mixin.py:154} INFO - [2025-06-16T22:23:28.908-0300] {dag.py:2941} INFO - Sync 1 DAGs
[2025-06-16T22:23:28.980-0300] {logging_mixin.py:154} INFO - [2025-06-16T22:23:28.980-0300] {dag.py:3722} INFO - Setting next_dagrun for example_branch_operator to 2025-06-16T00:00:00+00:00, run_after=2025-06-17T00:00:00+00:00
[2025-06-16T22:23:29.219-0300] {processor.py:179} INFO - Processing /mnt/c/Users/arcan/Documents/airflow/.venv/lib/python3.10/site-packages/airflow/example_dags/example_branch_operator.py took 0.523 seconds
[2025-06-16T22:24:50.942-0300] {processor.py:157} INFO - Started process (PID=61402) to work on /mnt/c/Users/arcan/Documents/airflow/.venv/lib/python3.10/site-packages/airflow/example_dags/example_branch_operator.py
[2025-06-16T22:24:50.945-0300] {processor.py:829} INFO - Processing file /mnt/c/Users/arcan/Documents/airflow/.venv/lib/python3.10/site-packages/airflow/example_dags/example_branch_operator.py for tasks to queue
[2025-06-16T22:24:50.947-0300] {logging_mixin.py:154} INFO - [2025-06-16T22:24:50.946-0300] {dagbag.py:536} INFO - Filling up the DagBag from /mnt/c/Users/arcan/Documents/airflow/.venv/lib/python3.10/site-packages/airflow/example_dags/example_branch_operator.py
[2025-06-16T22:24:51.017-0300] {processor.py:839} INFO - DAG(s) dict_keys(['example_branch_operator']) retrieved from /mnt/c/Users/arcan/Documents/airflow/.venv/lib/python3.10/site-packages/airflow/example_dags/example_branch_operator.py
[2025-06-16T22:24:51.087-0300] {logging_mixin.py:154} INFO - [2025-06-16T22:24:51.086-0300] {dag.py:2941} INFO - Sync 1 DAGs
[2025-06-16T22:24:51.136-0300] {logging_mixin.py:154} INFO - [2025-06-16T22:24:51.135-0300] {dag.py:3722} INFO - Setting next_dagrun for example_branch_operator to 2025-06-16T00:00:00+00:00, run_after=2025-06-17T00:00:00+00:00
[2025-06-16T22:24:51.264-0300] {processor.py:179} INFO - Processing /mnt/c/Users/arcan/Documents/airflow/.venv/lib/python3.10/site-packages/airflow/example_dags/example_branch_operator.py took 0.328 seconds
[2025-06-16T22:26:10.310-0300] {processor.py:157} INFO - Started process (PID=61628) to work on /mnt/c/Users/arcan/Documents/airflow/.venv/lib/python3.10/site-packages/airflow/example_dags/example_branch_operator.py
[2025-06-16T22:26:10.313-0300] {processor.py:829} INFO - Processing file /mnt/c/Users/arcan/Documents/airflow/.venv/lib/python3.10/site-packages/airflow/example_dags/example_branch_operator.py for tasks to queue
[2025-06-16T22:26:10.316-0300] {logging_mixin.py:154} INFO - [2025-06-16T22:26:10.315-0300] {dagbag.py:536} INFO - Filling up the DagBag from /mnt/c/Users/arcan/Documents/airflow/.venv/lib/python3.10/site-packages/airflow/example_dags/example_branch_operator.py
[2025-06-16T22:26:10.390-0300] {processor.py:839} INFO - DAG(s) dict_keys(['example_branch_operator']) retrieved from /mnt/c/Users/arcan/Documents/airflow/.venv/lib/python3.10/site-packages/airflow/example_dags/example_branch_operator.py
[2025-06-16T22:26:10.449-0300] {logging_mixin.py:154} INFO - [2025-06-16T22:26:10.449-0300] {dag.py:2941} INFO - Sync 1 DAGs
[2025-06-16T22:26:10.501-0300] {logging_mixin.py:154} INFO - [2025-06-16T22:26:10.500-0300] {dag.py:3722} INFO - Setting next_dagrun for example_branch_operator to 2025-06-16T00:00:00+00:00, run_after=2025-06-17T00:00:00+00:00
[2025-06-16T22:26:10.656-0300] {processor.py:179} INFO - Processing /mnt/c/Users/arcan/Documents/airflow/.venv/lib/python3.10/site-packages/airflow/example_dags/example_branch_operator.py took 0.355 seconds
[2025-06-16T22:27:29.541-0300] {processor.py:157} INFO - Started process (PID=61853) to work on /mnt/c/Users/arcan/Documents/airflow/.venv/lib/python3.10/site-packages/airflow/example_dags/example_branch_operator.py
[2025-06-16T22:27:29.545-0300] {processor.py:829} INFO - Processing file /mnt/c/Users/arcan/Documents/airflow/.venv/lib/python3.10/site-packages/airflow/example_dags/example_branch_operator.py for tasks to queue
[2025-06-16T22:27:29.548-0300] {logging_mixin.py:154} INFO - [2025-06-16T22:27:29.547-0300] {dagbag.py:536} INFO - Filling up the DagBag from /mnt/c/Users/arcan/Documents/airflow/.venv/lib/python3.10/site-packages/airflow/example_dags/example_branch_operator.py
[2025-06-16T22:27:29.626-0300] {processor.py:839} INFO - DAG(s) dict_keys(['example_branch_operator']) retrieved from /mnt/c/Users/arcan/Documents/airflow/.venv/lib/python3.10/site-packages/airflow/example_dags/example_branch_operator.py
[2025-06-16T22:27:29.702-0300] {logging_mixin.py:154} INFO - [2025-06-16T22:27:29.702-0300] {dag.py:2941} INFO - Sync 1 DAGs
[2025-06-16T22:27:29.743-0300] {logging_mixin.py:154} INFO - [2025-06-16T22:27:29.743-0300] {dag.py:3722} INFO - Setting next_dagrun for example_branch_operator to 2025-06-16T00:00:00+00:00, run_after=2025-06-17T00:00:00+00:00
[2025-06-16T22:27:29.883-0300] {processor.py:179} INFO - Processing /mnt/c/Users/arcan/Documents/airflow/.venv/lib/python3.10/site-packages/airflow/example_dags/example_branch_operator.py took 0.350 seconds
[2025-06-16T22:28:48.743-0300] {processor.py:157} INFO - Started process (PID=62079) to work on /mnt/c/Users/arcan/Documents/airflow/.venv/lib/python3.10/site-packages/airflow/example_dags/example_branch_operator.py
[2025-06-16T22:28:48.745-0300] {processor.py:829} INFO - Processing file /mnt/c/Users/arcan/Documents/airflow/.venv/lib/python3.10/site-packages/airflow/example_dags/example_branch_operator.py for tasks to queue
[2025-06-16T22:28:48.748-0300] {logging_mixin.py:154} INFO - [2025-06-16T22:28:48.747-0300] {dagbag.py:536} INFO - Filling up the DagBag from /mnt/c/Users/arcan/Documents/airflow/.venv/lib/python3.10/site-packages/airflow/example_dags/example_branch_operator.py
[2025-06-16T22:28:48.812-0300] {processor.py:839} INFO - DAG(s) dict_keys(['example_branch_operator']) retrieved from /mnt/c/Users/arcan/Documents/airflow/.venv/lib/python3.10/site-packages/airflow/example_dags/example_branch_operator.py
[2025-06-16T22:28:48.873-0300] {logging_mixin.py:154} INFO - [2025-06-16T22:28:48.873-0300] {dag.py:2941} INFO - Sync 1 DAGs
[2025-06-16T22:28:48.917-0300] {logging_mixin.py:154} INFO - [2025-06-16T22:28:48.917-0300] {dag.py:3722} INFO - Setting next_dagrun for example_branch_operator to 2025-06-16T00:00:00+00:00, run_after=2025-06-17T00:00:00+00:00
[2025-06-16T22:28:49.072-0300] {processor.py:179} INFO - Processing /mnt/c/Users/arcan/Documents/airflow/.venv/lib/python3.10/site-packages/airflow/example_dags/example_branch_operator.py took 0.337 seconds
[2025-06-16T22:30:08.578-0300] {processor.py:157} INFO - Started process (PID=62310) to work on /mnt/c/Users/arcan/Documents/airflow/.venv/lib/python3.10/site-packages/airflow/example_dags/example_branch_operator.py
[2025-06-16T22:30:08.580-0300] {processor.py:829} INFO - Processing file /mnt/c/Users/arcan/Documents/airflow/.venv/lib/python3.10/site-packages/airflow/example_dags/example_branch_operator.py for tasks to queue
[2025-06-16T22:30:08.583-0300] {logging_mixin.py:154} INFO - [2025-06-16T22:30:08.582-0300] {dagbag.py:536} INFO - Filling up the DagBag from /mnt/c/Users/arcan/Documents/airflow/.venv/lib/python3.10/site-packages/airflow/example_dags/example_branch_operator.py
[2025-06-16T22:30:08.649-0300] {processor.py:839} INFO - DAG(s) dict_keys(['example_branch_operator']) retrieved from /mnt/c/Users/arcan/Documents/airflow/.venv/lib/python3.10/site-packages/airflow/example_dags/example_branch_operator.py
[2025-06-16T22:30:08.707-0300] {logging_mixin.py:154} INFO - [2025-06-16T22:30:08.707-0300] {dag.py:2941} INFO - Sync 1 DAGs
[2025-06-16T22:30:08.754-0300] {logging_mixin.py:154} INFO - [2025-06-16T22:30:08.754-0300] {dag.py:3722} INFO - Setting next_dagrun for example_branch_operator to 2025-06-16T00:00:00+00:00, run_after=2025-06-17T00:00:00+00:00
[2025-06-16T22:30:08.883-0300] {processor.py:179} INFO - Processing /mnt/c/Users/arcan/Documents/airflow/.venv/lib/python3.10/site-packages/airflow/example_dags/example_branch_operator.py took 0.312 seconds
[2025-06-16T22:31:23.335-0300] {processor.py:157} INFO - Started process (PID=62528) to work on /mnt/c/Users/arcan/Documents/airflow/.venv/lib/python3.10/site-packages/airflow/example_dags/example_branch_operator.py
[2025-06-16T22:31:23.338-0300] {processor.py:829} INFO - Processing file /mnt/c/Users/arcan/Documents/airflow/.venv/lib/python3.10/site-packages/airflow/example_dags/example_branch_operator.py for tasks to queue
[2025-06-16T22:31:23.340-0300] {logging_mixin.py:154} INFO - [2025-06-16T22:31:23.339-0300] {dagbag.py:536} INFO - Filling up the DagBag from /mnt/c/Users/arcan/Documents/airflow/.venv/lib/python3.10/site-packages/airflow/example_dags/example_branch_operator.py
[2025-06-16T22:31:23.403-0300] {processor.py:839} INFO - DAG(s) dict_keys(['example_branch_operator']) retrieved from /mnt/c/Users/arcan/Documents/airflow/.venv/lib/python3.10/site-packages/airflow/example_dags/example_branch_operator.py
[2025-06-16T22:31:23.459-0300] {logging_mixin.py:154} INFO - [2025-06-16T22:31:23.459-0300] {dag.py:2941} INFO - Sync 1 DAGs
[2025-06-16T22:31:23.505-0300] {logging_mixin.py:154} INFO - [2025-06-16T22:31:23.504-0300] {dag.py:3722} INFO - Setting next_dagrun for example_branch_operator to 2025-06-16T00:00:00+00:00, run_after=2025-06-17T00:00:00+00:00
[2025-06-16T22:31:23.639-0300] {processor.py:179} INFO - Processing /mnt/c/Users/arcan/Documents/airflow/.venv/lib/python3.10/site-packages/airflow/example_dags/example_branch_operator.py took 0.310 seconds
[2025-06-16T22:33:04.234-0300] {processor.py:157} INFO - Started process (PID=62895) to work on /mnt/c/Users/arcan/Documents/airflow/.venv/lib/python3.10/site-packages/airflow/example_dags/example_branch_operator.py
[2025-06-16T22:33:04.237-0300] {processor.py:829} INFO - Processing file /mnt/c/Users/arcan/Documents/airflow/.venv/lib/python3.10/site-packages/airflow/example_dags/example_branch_operator.py for tasks to queue
[2025-06-16T22:33:04.239-0300] {logging_mixin.py:154} INFO - [2025-06-16T22:33:04.238-0300] {dagbag.py:536} INFO - Filling up the DagBag from /mnt/c/Users/arcan/Documents/airflow/.venv/lib/python3.10/site-packages/airflow/example_dags/example_branch_operator.py
[2025-06-16T22:33:04.300-0300] {processor.py:839} INFO - DAG(s) dict_keys(['example_branch_operator']) retrieved from /mnt/c/Users/arcan/Documents/airflow/.venv/lib/python3.10/site-packages/airflow/example_dags/example_branch_operator.py
[2025-06-16T22:33:04.357-0300] {logging_mixin.py:154} INFO - [2025-06-16T22:33:04.357-0300] {dag.py:2941} INFO - Sync 1 DAGs
[2025-06-16T22:33:04.400-0300] {logging_mixin.py:154} INFO - [2025-06-16T22:33:04.400-0300] {dag.py:3722} INFO - Setting next_dagrun for example_branch_operator to 2025-06-16T00:00:00+00:00, run_after=2025-06-17T00:00:00+00:00
[2025-06-16T22:33:04.533-0300] {processor.py:179} INFO - Processing /mnt/c/Users/arcan/Documents/airflow/.venv/lib/python3.10/site-packages/airflow/example_dags/example_branch_operator.py took 0.307 seconds
[2025-06-17T20:51:19.811-0300] {processor.py:157} INFO - Started process (PID=63688) to work on /mnt/c/Users/arcan/Documents/airflow/.venv/lib/python3.10/site-packages/airflow/example_dags/example_branch_operator.py
[2025-06-17T20:51:19.814-0300] {processor.py:829} INFO - Processing file /mnt/c/Users/arcan/Documents/airflow/.venv/lib/python3.10/site-packages/airflow/example_dags/example_branch_operator.py for tasks to queue
[2025-06-17T20:51:19.817-0300] {logging_mixin.py:154} INFO - [2025-06-17T20:51:19.816-0300] {dagbag.py:536} INFO - Filling up the DagBag from /mnt/c/Users/arcan/Documents/airflow/.venv/lib/python3.10/site-packages/airflow/example_dags/example_branch_operator.py
[2025-06-17T20:51:19.913-0300] {processor.py:839} INFO - DAG(s) dict_keys(['example_branch_operator']) retrieved from /mnt/c/Users/arcan/Documents/airflow/.venv/lib/python3.10/site-packages/airflow/example_dags/example_branch_operator.py
[2025-06-17T20:51:19.994-0300] {logging_mixin.py:154} INFO - [2025-06-17T20:51:19.993-0300] {dag.py:2941} INFO - Sync 1 DAGs
[2025-06-17T20:51:20.044-0300] {logging_mixin.py:154} INFO - [2025-06-17T20:51:20.044-0300] {dag.py:3722} INFO - Setting next_dagrun for example_branch_operator to 2025-06-16T00:00:00+00:00, run_after=2025-06-17T00:00:00+00:00
[2025-06-17T20:51:20.185-0300] {processor.py:179} INFO - Processing /mnt/c/Users/arcan/Documents/airflow/.venv/lib/python3.10/site-packages/airflow/example_dags/example_branch_operator.py took 0.381 seconds
[2025-06-17T20:52:44.306-0300] {processor.py:157} INFO - Started process (PID=63927) to work on /mnt/c/Users/arcan/Documents/airflow/.venv/lib/python3.10/site-packages/airflow/example_dags/example_branch_operator.py
[2025-06-17T20:52:44.308-0300] {processor.py:829} INFO - Processing file /mnt/c/Users/arcan/Documents/airflow/.venv/lib/python3.10/site-packages/airflow/example_dags/example_branch_operator.py for tasks to queue
[2025-06-17T20:52:44.311-0300] {logging_mixin.py:154} INFO - [2025-06-17T20:52:44.310-0300] {dagbag.py:536} INFO - Filling up the DagBag from /mnt/c/Users/arcan/Documents/airflow/.venv/lib/python3.10/site-packages/airflow/example_dags/example_branch_operator.py
[2025-06-17T20:52:44.386-0300] {processor.py:839} INFO - DAG(s) dict_keys(['example_branch_operator']) retrieved from /mnt/c/Users/arcan/Documents/airflow/.venv/lib/python3.10/site-packages/airflow/example_dags/example_branch_operator.py
[2025-06-17T20:52:44.451-0300] {logging_mixin.py:154} INFO - [2025-06-17T20:52:44.451-0300] {dag.py:2941} INFO - Sync 1 DAGs
[2025-06-17T20:52:44.504-0300] {logging_mixin.py:154} INFO - [2025-06-17T20:52:44.504-0300] {dag.py:3722} INFO - Setting next_dagrun for example_branch_operator to 2025-06-16T00:00:00+00:00, run_after=2025-06-17T00:00:00+00:00
[2025-06-17T20:52:44.644-0300] {processor.py:179} INFO - Processing /mnt/c/Users/arcan/Documents/airflow/.venv/lib/python3.10/site-packages/airflow/example_dags/example_branch_operator.py took 0.344 seconds
[2025-06-17T20:54:03.289-0300] {processor.py:157} INFO - Started process (PID=64270) to work on /mnt/c/Users/arcan/Documents/airflow/.venv/lib/python3.10/site-packages/airflow/example_dags/example_branch_operator.py
[2025-06-17T20:54:03.290-0300] {processor.py:829} INFO - Processing file /mnt/c/Users/arcan/Documents/airflow/.venv/lib/python3.10/site-packages/airflow/example_dags/example_branch_operator.py for tasks to queue
[2025-06-17T20:54:03.292-0300] {logging_mixin.py:154} INFO - [2025-06-17T20:54:03.291-0300] {dagbag.py:536} INFO - Filling up the DagBag from /mnt/c/Users/arcan/Documents/airflow/.venv/lib/python3.10/site-packages/airflow/example_dags/example_branch_operator.py
[2025-06-17T20:54:03.341-0300] {processor.py:839} INFO - DAG(s) dict_keys(['example_branch_operator']) retrieved from /mnt/c/Users/arcan/Documents/airflow/.venv/lib/python3.10/site-packages/airflow/example_dags/example_branch_operator.py
[2025-06-17T20:54:03.388-0300] {logging_mixin.py:154} INFO - [2025-06-17T20:54:03.388-0300] {dag.py:2941} INFO - Sync 1 DAGs
[2025-06-17T20:54:03.423-0300] {logging_mixin.py:154} INFO - [2025-06-17T20:54:03.423-0300] {dag.py:3722} INFO - Setting next_dagrun for example_branch_operator to 2025-06-16T00:00:00+00:00, run_after=2025-06-17T00:00:00+00:00
[2025-06-17T20:54:03.547-0300] {processor.py:179} INFO - Processing /mnt/c/Users/arcan/Documents/airflow/.venv/lib/python3.10/site-packages/airflow/example_dags/example_branch_operator.py took 0.263 seconds
[2025-06-17T20:55:12.158-0300] {processor.py:157} INFO - Started process (PID=64472) to work on /mnt/c/Users/arcan/Documents/airflow/.venv/lib/python3.10/site-packages/airflow/example_dags/example_branch_operator.py
[2025-06-17T20:55:12.160-0300] {processor.py:829} INFO - Processing file /mnt/c/Users/arcan/Documents/airflow/.venv/lib/python3.10/site-packages/airflow/example_dags/example_branch_operator.py for tasks to queue
[2025-06-17T20:55:12.162-0300] {logging_mixin.py:154} INFO - [2025-06-17T20:55:12.161-0300] {dagbag.py:536} INFO - Filling up the DagBag from /mnt/c/Users/arcan/Documents/airflow/.venv/lib/python3.10/site-packages/airflow/example_dags/example_branch_operator.py
[2025-06-17T20:55:12.215-0300] {processor.py:839} INFO - DAG(s) dict_keys(['example_branch_operator']) retrieved from /mnt/c/Users/arcan/Documents/airflow/.venv/lib/python3.10/site-packages/airflow/example_dags/example_branch_operator.py
[2025-06-17T20:55:12.261-0300] {logging_mixin.py:154} INFO - [2025-06-17T20:55:12.260-0300] {dag.py:2941} INFO - Sync 1 DAGs
[2025-06-17T20:55:12.296-0300] {logging_mixin.py:154} INFO - [2025-06-17T20:55:12.295-0300] {dag.py:3722} INFO - Setting next_dagrun for example_branch_operator to 2025-06-16T00:00:00+00:00, run_after=2025-06-17T00:00:00+00:00
[2025-06-17T20:55:12.405-0300] {processor.py:179} INFO - Processing /mnt/c/Users/arcan/Documents/airflow/.venv/lib/python3.10/site-packages/airflow/example_dags/example_branch_operator.py took 0.254 seconds
