[2025-06-16T22:04:21.271-0300] {processor.py:157} INFO - Started process (PID=57380) to work on /mnt/c/Users/arcan/Documents/airflow/.venv/lib/python3.10/site-packages/airflow/example_dags/example_branch_datetime_operator.py
[2025-06-16T22:04:21.273-0300] {processor.py:829} INFO - Processing file /mnt/c/Users/arcan/Documents/airflow/.venv/lib/python3.10/site-packages/airflow/example_dags/example_branch_datetime_operator.py for tasks to queue
[2025-06-16T22:04:21.275-0300] {logging_mixin.py:154} INFO - [2025-06-16T22:04:21.274-0300] {dagbag.py:536} INFO - Filling up the DagBag from /mnt/c/Users/arcan/Documents/airflow/.venv/lib/python3.10/site-packages/airflow/example_dags/example_branch_datetime_operator.py
[2025-06-16T22:04:21.339-0300] {processor.py:839} INFO - DAG(s) dict_keys(['example_branch_datetime_operator_3', 'example_branch_datetime_operator_2', 'example_branch_datetime_operator']) retrieved from /mnt/c/Users/arcan/Documents/airflow/.venv/lib/python3.10/site-packages/airflow/example_dags/example_branch_datetime_operator.py
[2025-06-16T22:04:21.395-0300] {logging_mixin.py:154} INFO - [2025-06-16T22:04:21.394-0300] {dag.py:2941} INFO - Sync 3 DAGs
[2025-06-16T22:04:21.426-0300] {logging_mixin.py:154} INFO - [2025-06-16T22:04:21.426-0300] {dag.py:3722} INFO - Setting next_dagrun for example_branch_datetime_operator to 2025-06-16T00:00:00+00:00, run_after=2025-06-17T00:00:00+00:00
[2025-06-16T22:04:21.434-0300] {logging_mixin.py:154} INFO - [2025-06-16T22:04:21.434-0300] {dag.py:3722} INFO - Setting next_dagrun for example_branch_datetime_operator_2 to 2025-06-16T00:00:00+00:00, run_after=2025-06-17T00:00:00+00:00
[2025-06-16T22:04:21.440-0300] {logging_mixin.py:154} INFO - [2025-06-16T22:04:21.440-0300] {dag.py:3722} INFO - Setting next_dagrun for example_branch_datetime_operator_3 to 2025-06-16T00:00:00+00:00, run_after=2025-06-17T00:00:00+00:00
[2025-06-16T22:04:21.530-0300] {processor.py:179} INFO - Processing /mnt/c/Users/arcan/Documents/airflow/.venv/lib/python3.10/site-packages/airflow/example_dags/example_branch_datetime_operator.py took 0.263 seconds
[2025-06-16T22:05:34.124-0300] {processor.py:157} INFO - Started process (PID=57623) to work on /mnt/c/Users/arcan/Documents/airflow/.venv/lib/python3.10/site-packages/airflow/example_dags/example_branch_datetime_operator.py
[2025-06-16T22:05:34.126-0300] {processor.py:829} INFO - Processing file /mnt/c/Users/arcan/Documents/airflow/.venv/lib/python3.10/site-packages/airflow/example_dags/example_branch_datetime_operator.py for tasks to queue
[2025-06-16T22:05:34.129-0300] {logging_mixin.py:154} INFO - [2025-06-16T22:05:34.128-0300] {dagbag.py:536} INFO - Filling up the DagBag from /mnt/c/Users/arcan/Documents/airflow/.venv/lib/python3.10/site-packages/airflow/example_dags/example_branch_datetime_operator.py
[2025-06-16T22:05:34.206-0300] {processor.py:839} INFO - DAG(s) dict_keys(['example_branch_datetime_operator_2', 'example_branch_datetime_operator_3', 'example_branch_datetime_operator']) retrieved from /mnt/c/Users/arcan/Documents/airflow/.venv/lib/python3.10/site-packages/airflow/example_dags/example_branch_datetime_operator.py
[2025-06-16T22:05:34.288-0300] {logging_mixin.py:154} INFO - [2025-06-16T22:05:34.288-0300] {dag.py:2941} INFO - Sync 3 DAGs
[2025-06-16T22:05:34.331-0300] {logging_mixin.py:154} INFO - [2025-06-16T22:05:34.331-0300] {dag.py:3722} INFO - Setting next_dagrun for example_branch_datetime_operator to 2025-06-16T00:00:00+00:00, run_after=2025-06-17T00:00:00+00:00
[2025-06-16T22:05:34.341-0300] {logging_mixin.py:154} INFO - [2025-06-16T22:05:34.341-0300] {dag.py:3722} INFO - Setting next_dagrun for example_branch_datetime_operator_2 to 2025-06-16T00:00:00+00:00, run_after=2025-06-17T00:00:00+00:00
[2025-06-16T22:05:34.348-0300] {logging_mixin.py:154} INFO - [2025-06-16T22:05:34.348-0300] {dag.py:3722} INFO - Setting next_dagrun for example_branch_datetime_operator_3 to 2025-06-16T00:00:00+00:00, run_after=2025-06-17T00:00:00+00:00
[2025-06-16T22:05:34.478-0300] {processor.py:179} INFO - Processing /mnt/c/Users/arcan/Documents/airflow/.venv/lib/python3.10/site-packages/airflow/example_dags/example_branch_datetime_operator.py took 0.359 seconds
[2025-06-16T22:06:45.419-0300] {processor.py:157} INFO - Started process (PID=57836) to work on /mnt/c/Users/arcan/Documents/airflow/.venv/lib/python3.10/site-packages/airflow/example_dags/example_branch_datetime_operator.py
[2025-06-16T22:06:45.421-0300] {processor.py:829} INFO - Processing file /mnt/c/Users/arcan/Documents/airflow/.venv/lib/python3.10/site-packages/airflow/example_dags/example_branch_datetime_operator.py for tasks to queue
[2025-06-16T22:06:45.424-0300] {logging_mixin.py:154} INFO - [2025-06-16T22:06:45.423-0300] {dagbag.py:536} INFO - Filling up the DagBag from /mnt/c/Users/arcan/Documents/airflow/.venv/lib/python3.10/site-packages/airflow/example_dags/example_branch_datetime_operator.py
[2025-06-16T22:06:45.507-0300] {processor.py:839} INFO - DAG(s) dict_keys(['example_branch_datetime_operator_3', 'example_branch_datetime_operator_2', 'example_branch_datetime_operator']) retrieved from /mnt/c/Users/arcan/Documents/airflow/.venv/lib/python3.10/site-packages/airflow/example_dags/example_branch_datetime_operator.py
[2025-06-16T22:06:45.577-0300] {logging_mixin.py:154} INFO - [2025-06-16T22:06:45.577-0300] {dag.py:2941} INFO - Sync 3 DAGs
[2025-06-16T22:06:45.620-0300] {logging_mixin.py:154} INFO - [2025-06-16T22:06:45.620-0300] {dag.py:3722} INFO - Setting next_dagrun for example_branch_datetime_operator to 2025-06-16T00:00:00+00:00, run_after=2025-06-17T00:00:00+00:00
[2025-06-16T22:06:45.631-0300] {logging_mixin.py:154} INFO - [2025-06-16T22:06:45.631-0300] {dag.py:3722} INFO - Setting next_dagrun for example_branch_datetime_operator_2 to 2025-06-16T00:00:00+00:00, run_after=2025-06-17T00:00:00+00:00
[2025-06-16T22:06:45.638-0300] {logging_mixin.py:154} INFO - [2025-06-16T22:06:45.638-0300] {dag.py:3722} INFO - Setting next_dagrun for example_branch_datetime_operator_3 to 2025-06-16T00:00:00+00:00, run_after=2025-06-17T00:00:00+00:00
[2025-06-16T22:06:45.757-0300] {processor.py:179} INFO - Processing /mnt/c/Users/arcan/Documents/airflow/.venv/lib/python3.10/site-packages/airflow/example_dags/example_branch_datetime_operator.py took 0.344 seconds
[2025-06-16T22:07:57.009-0300] {processor.py:157} INFO - Started process (PID=58048) to work on /mnt/c/Users/arcan/Documents/airflow/.venv/lib/python3.10/site-packages/airflow/example_dags/example_branch_datetime_operator.py
[2025-06-16T22:07:57.011-0300] {processor.py:829} INFO - Processing file /mnt/c/Users/arcan/Documents/airflow/.venv/lib/python3.10/site-packages/airflow/example_dags/example_branch_datetime_operator.py for tasks to queue
[2025-06-16T22:07:57.014-0300] {logging_mixin.py:154} INFO - [2025-06-16T22:07:57.013-0300] {dagbag.py:536} INFO - Filling up the DagBag from /mnt/c/Users/arcan/Documents/airflow/.venv/lib/python3.10/site-packages/airflow/example_dags/example_branch_datetime_operator.py
[2025-06-16T22:07:57.115-0300] {processor.py:839} INFO - DAG(s) dict_keys(['example_branch_datetime_operator_2', 'example_branch_datetime_operator_3', 'example_branch_datetime_operator']) retrieved from /mnt/c/Users/arcan/Documents/airflow/.venv/lib/python3.10/site-packages/airflow/example_dags/example_branch_datetime_operator.py
[2025-06-16T22:07:57.199-0300] {logging_mixin.py:154} INFO - [2025-06-16T22:07:57.198-0300] {dag.py:2941} INFO - Sync 3 DAGs
[2025-06-16T22:07:57.244-0300] {logging_mixin.py:154} INFO - [2025-06-16T22:07:57.243-0300] {dag.py:3722} INFO - Setting next_dagrun for example_branch_datetime_operator to 2025-06-16T00:00:00+00:00, run_after=2025-06-17T00:00:00+00:00
[2025-06-16T22:07:57.256-0300] {logging_mixin.py:154} INFO - [2025-06-16T22:07:57.256-0300] {dag.py:3722} INFO - Setting next_dagrun for example_branch_datetime_operator_2 to 2025-06-16T00:00:00+00:00, run_after=2025-06-17T00:00:00+00:00
[2025-06-16T22:07:57.264-0300] {logging_mixin.py:154} INFO - [2025-06-16T22:07:57.264-0300] {dag.py:3722} INFO - Setting next_dagrun for example_branch_datetime_operator_3 to 2025-06-16T00:00:00+00:00, run_after=2025-06-17T00:00:00+00:00
[2025-06-16T22:07:57.396-0300] {processor.py:179} INFO - Processing /mnt/c/Users/arcan/Documents/airflow/.venv/lib/python3.10/site-packages/airflow/example_dags/example_branch_datetime_operator.py took 0.395 seconds
[2025-06-16T22:09:11.814-0300] {processor.py:157} INFO - Started process (PID=58388) to work on /mnt/c/Users/arcan/Documents/airflow/.venv/lib/python3.10/site-packages/airflow/example_dags/example_branch_datetime_operator.py
[2025-06-16T22:09:11.816-0300] {processor.py:829} INFO - Processing file /mnt/c/Users/arcan/Documents/airflow/.venv/lib/python3.10/site-packages/airflow/example_dags/example_branch_datetime_operator.py for tasks to queue
[2025-06-16T22:09:11.818-0300] {logging_mixin.py:154} INFO - [2025-06-16T22:09:11.818-0300] {dagbag.py:536} INFO - Filling up the DagBag from /mnt/c/Users/arcan/Documents/airflow/.venv/lib/python3.10/site-packages/airflow/example_dags/example_branch_datetime_operator.py
[2025-06-16T22:09:11.894-0300] {processor.py:839} INFO - DAG(s) dict_keys(['example_branch_datetime_operator_3', 'example_branch_datetime_operator_2', 'example_branch_datetime_operator']) retrieved from /mnt/c/Users/arcan/Documents/airflow/.venv/lib/python3.10/site-packages/airflow/example_dags/example_branch_datetime_operator.py
[2025-06-16T22:09:11.957-0300] {logging_mixin.py:154} INFO - [2025-06-16T22:09:11.956-0300] {dag.py:2941} INFO - Sync 3 DAGs
[2025-06-16T22:09:11.993-0300] {logging_mixin.py:154} INFO - [2025-06-16T22:09:11.992-0300] {dag.py:3722} INFO - Setting next_dagrun for example_branch_datetime_operator to 2025-06-16T00:00:00+00:00, run_after=2025-06-17T00:00:00+00:00
[2025-06-16T22:09:12.002-0300] {logging_mixin.py:154} INFO - [2025-06-16T22:09:12.002-0300] {dag.py:3722} INFO - Setting next_dagrun for example_branch_datetime_operator_2 to 2025-06-16T00:00:00+00:00, run_after=2025-06-17T00:00:00+00:00
[2025-06-16T22:09:12.009-0300] {logging_mixin.py:154} INFO - [2025-06-16T22:09:12.008-0300] {dag.py:3722} INFO - Setting next_dagrun for example_branch_datetime_operator_3 to 2025-06-16T00:00:00+00:00, run_after=2025-06-17T00:00:00+00:00
[2025-06-16T22:09:12.100-0300] {processor.py:179} INFO - Processing /mnt/c/Users/arcan/Documents/airflow/.venv/lib/python3.10/site-packages/airflow/example_dags/example_branch_datetime_operator.py took 0.290 seconds
[2025-06-16T22:10:15.791-0300] {processor.py:157} INFO - Started process (PID=58586) to work on /mnt/c/Users/arcan/Documents/airflow/.venv/lib/python3.10/site-packages/airflow/example_dags/example_branch_datetime_operator.py
[2025-06-16T22:10:15.793-0300] {processor.py:829} INFO - Processing file /mnt/c/Users/arcan/Documents/airflow/.venv/lib/python3.10/site-packages/airflow/example_dags/example_branch_datetime_operator.py for tasks to queue
[2025-06-16T22:10:15.795-0300] {logging_mixin.py:154} INFO - [2025-06-16T22:10:15.794-0300] {dagbag.py:536} INFO - Filling up the DagBag from /mnt/c/Users/arcan/Documents/airflow/.venv/lib/python3.10/site-packages/airflow/example_dags/example_branch_datetime_operator.py
[2025-06-16T22:10:15.864-0300] {processor.py:839} INFO - DAG(s) dict_keys(['example_branch_datetime_operator_3', 'example_branch_datetime_operator_2', 'example_branch_datetime_operator']) retrieved from /mnt/c/Users/arcan/Documents/airflow/.venv/lib/python3.10/site-packages/airflow/example_dags/example_branch_datetime_operator.py
[2025-06-16T22:10:15.917-0300] {logging_mixin.py:154} INFO - [2025-06-16T22:10:15.917-0300] {dag.py:2941} INFO - Sync 3 DAGs
[2025-06-16T22:10:15.953-0300] {logging_mixin.py:154} INFO - [2025-06-16T22:10:15.953-0300] {dag.py:3722} INFO - Setting next_dagrun for example_branch_datetime_operator to 2025-06-16T00:00:00+00:00, run_after=2025-06-17T00:00:00+00:00
[2025-06-16T22:10:15.960-0300] {logging_mixin.py:154} INFO - [2025-06-16T22:10:15.960-0300] {dag.py:3722} INFO - Setting next_dagrun for example_branch_datetime_operator_2 to 2025-06-16T00:00:00+00:00, run_after=2025-06-17T00:00:00+00:00
[2025-06-16T22:10:15.965-0300] {logging_mixin.py:154} INFO - [2025-06-16T22:10:15.965-0300] {dag.py:3722} INFO - Setting next_dagrun for example_branch_datetime_operator_3 to 2025-06-16T00:00:00+00:00, run_after=2025-06-17T00:00:00+00:00
[2025-06-16T22:10:16.048-0300] {processor.py:179} INFO - Processing /mnt/c/Users/arcan/Documents/airflow/.venv/lib/python3.10/site-packages/airflow/example_dags/example_branch_datetime_operator.py took 0.261 seconds
[2025-06-16T22:11:19.818-0300] {processor.py:157} INFO - Started process (PID=58777) to work on /mnt/c/Users/arcan/Documents/airflow/.venv/lib/python3.10/site-packages/airflow/example_dags/example_branch_datetime_operator.py
[2025-06-16T22:11:19.820-0300] {processor.py:829} INFO - Processing file /mnt/c/Users/arcan/Documents/airflow/.venv/lib/python3.10/site-packages/airflow/example_dags/example_branch_datetime_operator.py for tasks to queue
[2025-06-16T22:11:19.822-0300] {logging_mixin.py:154} INFO - [2025-06-16T22:11:19.821-0300] {dagbag.py:536} INFO - Filling up the DagBag from /mnt/c/Users/arcan/Documents/airflow/.venv/lib/python3.10/site-packages/airflow/example_dags/example_branch_datetime_operator.py
[2025-06-16T22:11:19.893-0300] {processor.py:839} INFO - DAG(s) dict_keys(['example_branch_datetime_operator', 'example_branch_datetime_operator_3', 'example_branch_datetime_operator_2']) retrieved from /mnt/c/Users/arcan/Documents/airflow/.venv/lib/python3.10/site-packages/airflow/example_dags/example_branch_datetime_operator.py
[2025-06-16T22:11:19.958-0300] {logging_mixin.py:154} INFO - [2025-06-16T22:11:19.958-0300] {dag.py:2941} INFO - Sync 3 DAGs
[2025-06-16T22:11:19.992-0300] {logging_mixin.py:154} INFO - [2025-06-16T22:11:19.992-0300] {dag.py:3722} INFO - Setting next_dagrun for example_branch_datetime_operator to 2025-06-16T00:00:00+00:00, run_after=2025-06-17T00:00:00+00:00
[2025-06-16T22:11:20.001-0300] {logging_mixin.py:154} INFO - [2025-06-16T22:11:20.001-0300] {dag.py:3722} INFO - Setting next_dagrun for example_branch_datetime_operator_2 to 2025-06-16T00:00:00+00:00, run_after=2025-06-17T00:00:00+00:00
[2025-06-16T22:11:20.008-0300] {logging_mixin.py:154} INFO - [2025-06-16T22:11:20.007-0300] {dag.py:3722} INFO - Setting next_dagrun for example_branch_datetime_operator_3 to 2025-06-16T00:00:00+00:00, run_after=2025-06-17T00:00:00+00:00
[2025-06-16T22:11:20.106-0300] {processor.py:179} INFO - Processing /mnt/c/Users/arcan/Documents/airflow/.venv/lib/python3.10/site-packages/airflow/example_dags/example_branch_datetime_operator.py took 0.294 seconds
[2025-06-16T22:12:46.305-0300] {processor.py:157} INFO - Started process (PID=59039) to work on /mnt/c/Users/arcan/Documents/airflow/.venv/lib/python3.10/site-packages/airflow/example_dags/example_branch_datetime_operator.py
[2025-06-16T22:12:46.307-0300] {processor.py:829} INFO - Processing file /mnt/c/Users/arcan/Documents/airflow/.venv/lib/python3.10/site-packages/airflow/example_dags/example_branch_datetime_operator.py for tasks to queue
[2025-06-16T22:12:46.309-0300] {logging_mixin.py:154} INFO - [2025-06-16T22:12:46.308-0300] {dagbag.py:536} INFO - Filling up the DagBag from /mnt/c/Users/arcan/Documents/airflow/.venv/lib/python3.10/site-packages/airflow/example_dags/example_branch_datetime_operator.py
[2025-06-16T22:12:46.373-0300] {processor.py:839} INFO - DAG(s) dict_keys(['example_branch_datetime_operator', 'example_branch_datetime_operator_3', 'example_branch_datetime_operator_2']) retrieved from /mnt/c/Users/arcan/Documents/airflow/.venv/lib/python3.10/site-packages/airflow/example_dags/example_branch_datetime_operator.py
[2025-06-16T22:12:46.428-0300] {logging_mixin.py:154} INFO - [2025-06-16T22:12:46.428-0300] {dag.py:2941} INFO - Sync 3 DAGs
[2025-06-16T22:12:46.460-0300] {logging_mixin.py:154} INFO - [2025-06-16T22:12:46.460-0300] {dag.py:3722} INFO - Setting next_dagrun for example_branch_datetime_operator to 2025-06-16T00:00:00+00:00, run_after=2025-06-17T00:00:00+00:00
[2025-06-16T22:12:46.467-0300] {logging_mixin.py:154} INFO - [2025-06-16T22:12:46.467-0300] {dag.py:3722} INFO - Setting next_dagrun for example_branch_datetime_operator_2 to 2025-06-16T00:00:00+00:00, run_after=2025-06-17T00:00:00+00:00
[2025-06-16T22:12:46.473-0300] {logging_mixin.py:154} INFO - [2025-06-16T22:12:46.472-0300] {dag.py:3722} INFO - Setting next_dagrun for example_branch_datetime_operator_3 to 2025-06-16T00:00:00+00:00, run_after=2025-06-17T00:00:00+00:00
[2025-06-16T22:12:46.556-0300] {processor.py:179} INFO - Processing /mnt/c/Users/arcan/Documents/airflow/.venv/lib/python3.10/site-packages/airflow/example_dags/example_branch_datetime_operator.py took 0.256 seconds
[2025-06-16T22:13:52.262-0300] {processor.py:157} INFO - Started process (PID=59238) to work on /mnt/c/Users/arcan/Documents/airflow/.venv/lib/python3.10/site-packages/airflow/example_dags/example_branch_datetime_operator.py
[2025-06-16T22:13:52.264-0300] {processor.py:829} INFO - Processing file /mnt/c/Users/arcan/Documents/airflow/.venv/lib/python3.10/site-packages/airflow/example_dags/example_branch_datetime_operator.py for tasks to queue
[2025-06-16T22:13:52.266-0300] {logging_mixin.py:154} INFO - [2025-06-16T22:13:52.265-0300] {dagbag.py:536} INFO - Filling up the DagBag from /mnt/c/Users/arcan/Documents/airflow/.venv/lib/python3.10/site-packages/airflow/example_dags/example_branch_datetime_operator.py
[2025-06-16T22:13:52.332-0300] {processor.py:839} INFO - DAG(s) dict_keys(['example_branch_datetime_operator_2', 'example_branch_datetime_operator', 'example_branch_datetime_operator_3']) retrieved from /mnt/c/Users/arcan/Documents/airflow/.venv/lib/python3.10/site-packages/airflow/example_dags/example_branch_datetime_operator.py
[2025-06-16T22:13:52.391-0300] {logging_mixin.py:154} INFO - [2025-06-16T22:13:52.390-0300] {dag.py:2941} INFO - Sync 3 DAGs
[2025-06-16T22:13:52.424-0300] {logging_mixin.py:154} INFO - [2025-06-16T22:13:52.423-0300] {dag.py:3722} INFO - Setting next_dagrun for example_branch_datetime_operator to 2025-06-16T00:00:00+00:00, run_after=2025-06-17T00:00:00+00:00
[2025-06-16T22:13:52.431-0300] {logging_mixin.py:154} INFO - [2025-06-16T22:13:52.431-0300] {dag.py:3722} INFO - Setting next_dagrun for example_branch_datetime_operator_2 to 2025-06-16T00:00:00+00:00, run_after=2025-06-17T00:00:00+00:00
[2025-06-16T22:13:52.437-0300] {logging_mixin.py:154} INFO - [2025-06-16T22:13:52.436-0300] {dag.py:3722} INFO - Setting next_dagrun for example_branch_datetime_operator_3 to 2025-06-16T00:00:00+00:00, run_after=2025-06-17T00:00:00+00:00
[2025-06-16T22:13:52.524-0300] {processor.py:179} INFO - Processing /mnt/c/Users/arcan/Documents/airflow/.venv/lib/python3.10/site-packages/airflow/example_dags/example_branch_datetime_operator.py took 0.267 seconds
[2025-06-16T22:14:59.900-0300] {processor.py:157} INFO - Started process (PID=59437) to work on /mnt/c/Users/arcan/Documents/airflow/.venv/lib/python3.10/site-packages/airflow/example_dags/example_branch_datetime_operator.py
[2025-06-16T22:14:59.902-0300] {processor.py:829} INFO - Processing file /mnt/c/Users/arcan/Documents/airflow/.venv/lib/python3.10/site-packages/airflow/example_dags/example_branch_datetime_operator.py for tasks to queue
[2025-06-16T22:14:59.905-0300] {logging_mixin.py:154} INFO - [2025-06-16T22:14:59.904-0300] {dagbag.py:536} INFO - Filling up the DagBag from /mnt/c/Users/arcan/Documents/airflow/.venv/lib/python3.10/site-packages/airflow/example_dags/example_branch_datetime_operator.py
[2025-06-16T22:14:59.989-0300] {processor.py:839} INFO - DAG(s) dict_keys(['example_branch_datetime_operator', 'example_branch_datetime_operator_3', 'example_branch_datetime_operator_2']) retrieved from /mnt/c/Users/arcan/Documents/airflow/.venv/lib/python3.10/site-packages/airflow/example_dags/example_branch_datetime_operator.py
[2025-06-16T22:15:00.060-0300] {logging_mixin.py:154} INFO - [2025-06-16T22:15:00.060-0300] {dag.py:2941} INFO - Sync 3 DAGs
[2025-06-16T22:15:00.093-0300] {logging_mixin.py:154} INFO - [2025-06-16T22:15:00.093-0300] {dag.py:3722} INFO - Setting next_dagrun for example_branch_datetime_operator to 2025-06-16T00:00:00+00:00, run_after=2025-06-17T00:00:00+00:00
[2025-06-16T22:15:00.102-0300] {logging_mixin.py:154} INFO - [2025-06-16T22:15:00.102-0300] {dag.py:3722} INFO - Setting next_dagrun for example_branch_datetime_operator_2 to 2025-06-16T00:00:00+00:00, run_after=2025-06-17T00:00:00+00:00
[2025-06-16T22:15:00.109-0300] {logging_mixin.py:154} INFO - [2025-06-16T22:15:00.109-0300] {dag.py:3722} INFO - Setting next_dagrun for example_branch_datetime_operator_3 to 2025-06-16T00:00:00+00:00, run_after=2025-06-17T00:00:00+00:00
[2025-06-16T22:15:00.213-0300] {processor.py:179} INFO - Processing /mnt/c/Users/arcan/Documents/airflow/.venv/lib/python3.10/site-packages/airflow/example_dags/example_branch_datetime_operator.py took 0.318 seconds
[2025-06-16T22:16:10.794-0300] {processor.py:157} INFO - Started process (PID=59773) to work on /mnt/c/Users/arcan/Documents/airflow/.venv/lib/python3.10/site-packages/airflow/example_dags/example_branch_datetime_operator.py
[2025-06-16T22:16:10.797-0300] {processor.py:829} INFO - Processing file /mnt/c/Users/arcan/Documents/airflow/.venv/lib/python3.10/site-packages/airflow/example_dags/example_branch_datetime_operator.py for tasks to queue
[2025-06-16T22:16:10.799-0300] {logging_mixin.py:154} INFO - [2025-06-16T22:16:10.798-0300] {dagbag.py:536} INFO - Filling up the DagBag from /mnt/c/Users/arcan/Documents/airflow/.venv/lib/python3.10/site-packages/airflow/example_dags/example_branch_datetime_operator.py
[2025-06-16T22:16:10.881-0300] {processor.py:839} INFO - DAG(s) dict_keys(['example_branch_datetime_operator', 'example_branch_datetime_operator_3', 'example_branch_datetime_operator_2']) retrieved from /mnt/c/Users/arcan/Documents/airflow/.venv/lib/python3.10/site-packages/airflow/example_dags/example_branch_datetime_operator.py
[2025-06-16T22:16:10.946-0300] {logging_mixin.py:154} INFO - [2025-06-16T22:16:10.946-0300] {dag.py:2941} INFO - Sync 3 DAGs
[2025-06-16T22:16:10.991-0300] {logging_mixin.py:154} INFO - [2025-06-16T22:16:10.990-0300] {dag.py:3722} INFO - Setting next_dagrun for example_branch_datetime_operator to 2025-06-16T00:00:00+00:00, run_after=2025-06-17T00:00:00+00:00
[2025-06-16T22:16:10.999-0300] {logging_mixin.py:154} INFO - [2025-06-16T22:16:10.999-0300] {dag.py:3722} INFO - Setting next_dagrun for example_branch_datetime_operator_2 to 2025-06-16T00:00:00+00:00, run_after=2025-06-17T00:00:00+00:00
[2025-06-16T22:16:11.004-0300] {logging_mixin.py:154} INFO - [2025-06-16T22:16:11.004-0300] {dag.py:3722} INFO - Setting next_dagrun for example_branch_datetime_operator_3 to 2025-06-16T00:00:00+00:00, run_after=2025-06-17T00:00:00+00:00
[2025-06-16T22:16:11.105-0300] {processor.py:179} INFO - Processing /mnt/c/Users/arcan/Documents/airflow/.venv/lib/python3.10/site-packages/airflow/example_dags/example_branch_datetime_operator.py took 0.317 seconds
[2025-06-16T22:17:17.732-0300] {processor.py:157} INFO - Started process (PID=59978) to work on /mnt/c/Users/arcan/Documents/airflow/.venv/lib/python3.10/site-packages/airflow/example_dags/example_branch_datetime_operator.py
[2025-06-16T22:17:17.734-0300] {processor.py:829} INFO - Processing file /mnt/c/Users/arcan/Documents/airflow/.venv/lib/python3.10/site-packages/airflow/example_dags/example_branch_datetime_operator.py for tasks to queue
[2025-06-16T22:17:17.736-0300] {logging_mixin.py:154} INFO - [2025-06-16T22:17:17.735-0300] {dagbag.py:536} INFO - Filling up the DagBag from /mnt/c/Users/arcan/Documents/airflow/.venv/lib/python3.10/site-packages/airflow/example_dags/example_branch_datetime_operator.py
[2025-06-16T22:17:17.804-0300] {processor.py:839} INFO - DAG(s) dict_keys(['example_branch_datetime_operator', 'example_branch_datetime_operator_3', 'example_branch_datetime_operator_2']) retrieved from /mnt/c/Users/arcan/Documents/airflow/.venv/lib/python3.10/site-packages/airflow/example_dags/example_branch_datetime_operator.py
[2025-06-16T22:17:17.864-0300] {logging_mixin.py:154} INFO - [2025-06-16T22:17:17.864-0300] {dag.py:2941} INFO - Sync 3 DAGs
[2025-06-16T22:17:17.904-0300] {logging_mixin.py:154} INFO - [2025-06-16T22:17:17.904-0300] {dag.py:3722} INFO - Setting next_dagrun for example_branch_datetime_operator to 2025-06-16T00:00:00+00:00, run_after=2025-06-17T00:00:00+00:00
[2025-06-16T22:17:17.913-0300] {logging_mixin.py:154} INFO - [2025-06-16T22:17:17.912-0300] {dag.py:3722} INFO - Setting next_dagrun for example_branch_datetime_operator_2 to 2025-06-16T00:00:00+00:00, run_after=2025-06-17T00:00:00+00:00
[2025-06-16T22:17:17.918-0300] {logging_mixin.py:154} INFO - [2025-06-16T22:17:17.918-0300] {dag.py:3722} INFO - Setting next_dagrun for example_branch_datetime_operator_3 to 2025-06-16T00:00:00+00:00, run_after=2025-06-17T00:00:00+00:00
[2025-06-16T22:17:18.044-0300] {processor.py:179} INFO - Processing /mnt/c/Users/arcan/Documents/airflow/.venv/lib/python3.10/site-packages/airflow/example_dags/example_branch_datetime_operator.py took 0.317 seconds
[2025-06-16T22:18:37.445-0300] {processor.py:157} INFO - Started process (PID=60205) to work on /mnt/c/Users/arcan/Documents/airflow/.venv/lib/python3.10/site-packages/airflow/example_dags/example_branch_datetime_operator.py
[2025-06-16T22:18:37.447-0300] {processor.py:829} INFO - Processing file /mnt/c/Users/arcan/Documents/airflow/.venv/lib/python3.10/site-packages/airflow/example_dags/example_branch_datetime_operator.py for tasks to queue
[2025-06-16T22:18:37.450-0300] {logging_mixin.py:154} INFO - [2025-06-16T22:18:37.449-0300] {dagbag.py:536} INFO - Filling up the DagBag from /mnt/c/Users/arcan/Documents/airflow/.venv/lib/python3.10/site-packages/airflow/example_dags/example_branch_datetime_operator.py
[2025-06-16T22:18:37.564-0300] {processor.py:839} INFO - DAG(s) dict_keys(['example_branch_datetime_operator_2', 'example_branch_datetime_operator', 'example_branch_datetime_operator_3']) retrieved from /mnt/c/Users/arcan/Documents/airflow/.venv/lib/python3.10/site-packages/airflow/example_dags/example_branch_datetime_operator.py
[2025-06-16T22:18:37.650-0300] {logging_mixin.py:154} INFO - [2025-06-16T22:18:37.650-0300] {dag.py:2941} INFO - Sync 3 DAGs
[2025-06-16T22:18:37.693-0300] {logging_mixin.py:154} INFO - [2025-06-16T22:18:37.693-0300] {dag.py:3722} INFO - Setting next_dagrun for example_branch_datetime_operator to 2025-06-16T00:00:00+00:00, run_after=2025-06-17T00:00:00+00:00
[2025-06-16T22:18:37.707-0300] {logging_mixin.py:154} INFO - [2025-06-16T22:18:37.706-0300] {dag.py:3722} INFO - Setting next_dagrun for example_branch_datetime_operator_2 to 2025-06-16T00:00:00+00:00, run_after=2025-06-17T00:00:00+00:00
[2025-06-16T22:18:37.713-0300] {logging_mixin.py:154} INFO - [2025-06-16T22:18:37.713-0300] {dag.py:3722} INFO - Setting next_dagrun for example_branch_datetime_operator_3 to 2025-06-16T00:00:00+00:00, run_after=2025-06-17T00:00:00+00:00
[2025-06-16T22:18:37.836-0300] {processor.py:179} INFO - Processing /mnt/c/Users/arcan/Documents/airflow/.venv/lib/python3.10/site-packages/airflow/example_dags/example_branch_datetime_operator.py took 0.399 seconds
[2025-06-16T22:20:05.817-0300] {processor.py:157} INFO - Started process (PID=60465) to work on /mnt/c/Users/arcan/Documents/airflow/.venv/lib/python3.10/site-packages/airflow/example_dags/example_branch_datetime_operator.py
[2025-06-16T22:20:05.819-0300] {processor.py:829} INFO - Processing file /mnt/c/Users/arcan/Documents/airflow/.venv/lib/python3.10/site-packages/airflow/example_dags/example_branch_datetime_operator.py for tasks to queue
[2025-06-16T22:20:05.822-0300] {logging_mixin.py:154} INFO - [2025-06-16T22:20:05.821-0300] {dagbag.py:536} INFO - Filling up the DagBag from /mnt/c/Users/arcan/Documents/airflow/.venv/lib/python3.10/site-packages/airflow/example_dags/example_branch_datetime_operator.py
[2025-06-16T22:20:05.921-0300] {processor.py:839} INFO - DAG(s) dict_keys(['example_branch_datetime_operator', 'example_branch_datetime_operator_2', 'example_branch_datetime_operator_3']) retrieved from /mnt/c/Users/arcan/Documents/airflow/.venv/lib/python3.10/site-packages/airflow/example_dags/example_branch_datetime_operator.py
[2025-06-16T22:20:06.021-0300] {logging_mixin.py:154} INFO - [2025-06-16T22:20:06.020-0300] {dag.py:2941} INFO - Sync 3 DAGs
[2025-06-16T22:20:06.069-0300] {logging_mixin.py:154} INFO - [2025-06-16T22:20:06.068-0300] {dag.py:3722} INFO - Setting next_dagrun for example_branch_datetime_operator to 2025-06-16T00:00:00+00:00, run_after=2025-06-17T00:00:00+00:00
[2025-06-16T22:20:06.080-0300] {logging_mixin.py:154} INFO - [2025-06-16T22:20:06.080-0300] {dag.py:3722} INFO - Setting next_dagrun for example_branch_datetime_operator_2 to 2025-06-16T00:00:00+00:00, run_after=2025-06-17T00:00:00+00:00
[2025-06-16T22:20:06.090-0300] {logging_mixin.py:154} INFO - [2025-06-16T22:20:06.089-0300] {dag.py:3722} INFO - Setting next_dagrun for example_branch_datetime_operator_3 to 2025-06-16T00:00:00+00:00, run_after=2025-06-17T00:00:00+00:00
[2025-06-16T22:20:06.265-0300] {processor.py:179} INFO - Processing /mnt/c/Users/arcan/Documents/airflow/.venv/lib/python3.10/site-packages/airflow/example_dags/example_branch_datetime_operator.py took 0.456 seconds
[2025-06-16T22:21:26.322-0300] {processor.py:157} INFO - Started process (PID=60691) to work on /mnt/c/Users/arcan/Documents/airflow/.venv/lib/python3.10/site-packages/airflow/example_dags/example_branch_datetime_operator.py
[2025-06-16T22:21:26.325-0300] {processor.py:829} INFO - Processing file /mnt/c/Users/arcan/Documents/airflow/.venv/lib/python3.10/site-packages/airflow/example_dags/example_branch_datetime_operator.py for tasks to queue
[2025-06-16T22:21:26.327-0300] {logging_mixin.py:154} INFO - [2025-06-16T22:21:26.327-0300] {dagbag.py:536} INFO - Filling up the DagBag from /mnt/c/Users/arcan/Documents/airflow/.venv/lib/python3.10/site-packages/airflow/example_dags/example_branch_datetime_operator.py
[2025-06-16T22:21:26.441-0300] {processor.py:839} INFO - DAG(s) dict_keys(['example_branch_datetime_operator_2', 'example_branch_datetime_operator', 'example_branch_datetime_operator_3']) retrieved from /mnt/c/Users/arcan/Documents/airflow/.venv/lib/python3.10/site-packages/airflow/example_dags/example_branch_datetime_operator.py
[2025-06-16T22:21:26.534-0300] {logging_mixin.py:154} INFO - [2025-06-16T22:21:26.533-0300] {dag.py:2941} INFO - Sync 3 DAGs
[2025-06-16T22:21:26.580-0300] {logging_mixin.py:154} INFO - [2025-06-16T22:21:26.580-0300] {dag.py:3722} INFO - Setting next_dagrun for example_branch_datetime_operator to 2025-06-16T00:00:00+00:00, run_after=2025-06-17T00:00:00+00:00
[2025-06-16T22:21:26.591-0300] {logging_mixin.py:154} INFO - [2025-06-16T22:21:26.591-0300] {dag.py:3722} INFO - Setting next_dagrun for example_branch_datetime_operator_2 to 2025-06-16T00:00:00+00:00, run_after=2025-06-17T00:00:00+00:00
[2025-06-16T22:21:26.598-0300] {logging_mixin.py:154} INFO - [2025-06-16T22:21:26.598-0300] {dag.py:3722} INFO - Setting next_dagrun for example_branch_datetime_operator_3 to 2025-06-16T00:00:00+00:00, run_after=2025-06-17T00:00:00+00:00
[2025-06-16T22:21:26.746-0300] {processor.py:179} INFO - Processing /mnt/c/Users/arcan/Documents/airflow/.venv/lib/python3.10/site-packages/airflow/example_dags/example_branch_datetime_operator.py took 0.430 seconds
[2025-06-16T22:22:48.413-0300] {processor.py:157} INFO - Started process (PID=60928) to work on /mnt/c/Users/arcan/Documents/airflow/.venv/lib/python3.10/site-packages/airflow/example_dags/example_branch_datetime_operator.py
[2025-06-16T22:22:48.417-0300] {processor.py:829} INFO - Processing file /mnt/c/Users/arcan/Documents/airflow/.venv/lib/python3.10/site-packages/airflow/example_dags/example_branch_datetime_operator.py for tasks to queue
[2025-06-16T22:22:48.422-0300] {logging_mixin.py:154} INFO - [2025-06-16T22:22:48.421-0300] {dagbag.py:536} INFO - Filling up the DagBag from /mnt/c/Users/arcan/Documents/airflow/.venv/lib/python3.10/site-packages/airflow/example_dags/example_branch_datetime_operator.py
[2025-06-16T22:22:48.515-0300] {processor.py:839} INFO - DAG(s) dict_keys(['example_branch_datetime_operator_2', 'example_branch_datetime_operator_3', 'example_branch_datetime_operator']) retrieved from /mnt/c/Users/arcan/Documents/airflow/.venv/lib/python3.10/site-packages/airflow/example_dags/example_branch_datetime_operator.py
[2025-06-16T22:22:48.588-0300] {logging_mixin.py:154} INFO - [2025-06-16T22:22:48.588-0300] {dag.py:2941} INFO - Sync 3 DAGs
[2025-06-16T22:22:48.627-0300] {logging_mixin.py:154} INFO - [2025-06-16T22:22:48.627-0300] {dag.py:3722} INFO - Setting next_dagrun for example_branch_datetime_operator to 2025-06-16T00:00:00+00:00, run_after=2025-06-17T00:00:00+00:00
[2025-06-16T22:22:48.637-0300] {logging_mixin.py:154} INFO - [2025-06-16T22:22:48.637-0300] {dag.py:3722} INFO - Setting next_dagrun for example_branch_datetime_operator_2 to 2025-06-16T00:00:00+00:00, run_after=2025-06-17T00:00:00+00:00
[2025-06-16T22:22:48.644-0300] {logging_mixin.py:154} INFO - [2025-06-16T22:22:48.644-0300] {dag.py:3722} INFO - Setting next_dagrun for example_branch_datetime_operator_3 to 2025-06-16T00:00:00+00:00, run_after=2025-06-17T00:00:00+00:00
[2025-06-16T22:22:48.791-0300] {processor.py:179} INFO - Processing /mnt/c/Users/arcan/Documents/airflow/.venv/lib/python3.10/site-packages/airflow/example_dags/example_branch_datetime_operator.py took 0.385 seconds
[2025-06-16T22:24:14.956-0300] {processor.py:157} INFO - Started process (PID=61296) to work on /mnt/c/Users/arcan/Documents/airflow/.venv/lib/python3.10/site-packages/airflow/example_dags/example_branch_datetime_operator.py
[2025-06-16T22:24:14.959-0300] {processor.py:829} INFO - Processing file /mnt/c/Users/arcan/Documents/airflow/.venv/lib/python3.10/site-packages/airflow/example_dags/example_branch_datetime_operator.py for tasks to queue
[2025-06-16T22:24:14.962-0300] {logging_mixin.py:154} INFO - [2025-06-16T22:24:14.961-0300] {dagbag.py:536} INFO - Filling up the DagBag from /mnt/c/Users/arcan/Documents/airflow/.venv/lib/python3.10/site-packages/airflow/example_dags/example_branch_datetime_operator.py
[2025-06-16T22:24:15.072-0300] {processor.py:839} INFO - DAG(s) dict_keys(['example_branch_datetime_operator_2', 'example_branch_datetime_operator', 'example_branch_datetime_operator_3']) retrieved from /mnt/c/Users/arcan/Documents/airflow/.venv/lib/python3.10/site-packages/airflow/example_dags/example_branch_datetime_operator.py
[2025-06-16T22:24:15.162-0300] {logging_mixin.py:154} INFO - [2025-06-16T22:24:15.161-0300] {dag.py:2941} INFO - Sync 3 DAGs
[2025-06-16T22:24:15.210-0300] {logging_mixin.py:154} INFO - [2025-06-16T22:24:15.209-0300] {dag.py:3722} INFO - Setting next_dagrun for example_branch_datetime_operator to 2025-06-16T00:00:00+00:00, run_after=2025-06-17T00:00:00+00:00
[2025-06-16T22:24:15.223-0300] {logging_mixin.py:154} INFO - [2025-06-16T22:24:15.223-0300] {dag.py:3722} INFO - Setting next_dagrun for example_branch_datetime_operator_2 to 2025-06-16T00:00:00+00:00, run_after=2025-06-17T00:00:00+00:00
[2025-06-16T22:24:15.233-0300] {logging_mixin.py:154} INFO - [2025-06-16T22:24:15.233-0300] {dag.py:3722} INFO - Setting next_dagrun for example_branch_datetime_operator_3 to 2025-06-16T00:00:00+00:00, run_after=2025-06-17T00:00:00+00:00
[2025-06-16T22:24:15.403-0300] {processor.py:179} INFO - Processing /mnt/c/Users/arcan/Documents/airflow/.venv/lib/python3.10/site-packages/airflow/example_dags/example_branch_datetime_operator.py took 0.456 seconds
[2025-06-16T22:25:34.058-0300] {processor.py:157} INFO - Started process (PID=61523) to work on /mnt/c/Users/arcan/Documents/airflow/.venv/lib/python3.10/site-packages/airflow/example_dags/example_branch_datetime_operator.py
[2025-06-16T22:25:34.061-0300] {processor.py:829} INFO - Processing file /mnt/c/Users/arcan/Documents/airflow/.venv/lib/python3.10/site-packages/airflow/example_dags/example_branch_datetime_operator.py for tasks to queue
[2025-06-16T22:25:34.064-0300] {logging_mixin.py:154} INFO - [2025-06-16T22:25:34.063-0300] {dagbag.py:536} INFO - Filling up the DagBag from /mnt/c/Users/arcan/Documents/airflow/.venv/lib/python3.10/site-packages/airflow/example_dags/example_branch_datetime_operator.py
[2025-06-16T22:25:34.171-0300] {processor.py:839} INFO - DAG(s) dict_keys(['example_branch_datetime_operator_2', 'example_branch_datetime_operator', 'example_branch_datetime_operator_3']) retrieved from /mnt/c/Users/arcan/Documents/airflow/.venv/lib/python3.10/site-packages/airflow/example_dags/example_branch_datetime_operator.py
[2025-06-16T22:25:34.262-0300] {logging_mixin.py:154} INFO - [2025-06-16T22:25:34.261-0300] {dag.py:2941} INFO - Sync 3 DAGs
[2025-06-16T22:25:34.314-0300] {logging_mixin.py:154} INFO - [2025-06-16T22:25:34.313-0300] {dag.py:3722} INFO - Setting next_dagrun for example_branch_datetime_operator to 2025-06-16T00:00:00+00:00, run_after=2025-06-17T00:00:00+00:00
[2025-06-16T22:25:34.327-0300] {logging_mixin.py:154} INFO - [2025-06-16T22:25:34.327-0300] {dag.py:3722} INFO - Setting next_dagrun for example_branch_datetime_operator_2 to 2025-06-16T00:00:00+00:00, run_after=2025-06-17T00:00:00+00:00
[2025-06-16T22:25:34.336-0300] {logging_mixin.py:154} INFO - [2025-06-16T22:25:34.336-0300] {dag.py:3722} INFO - Setting next_dagrun for example_branch_datetime_operator_3 to 2025-06-16T00:00:00+00:00, run_after=2025-06-17T00:00:00+00:00
[2025-06-16T22:25:34.475-0300] {processor.py:179} INFO - Processing /mnt/c/Users/arcan/Documents/airflow/.venv/lib/python3.10/site-packages/airflow/example_dags/example_branch_datetime_operator.py took 0.424 seconds
[2025-06-16T22:26:54.793-0300] {processor.py:157} INFO - Started process (PID=61755) to work on /mnt/c/Users/arcan/Documents/airflow/.venv/lib/python3.10/site-packages/airflow/example_dags/example_branch_datetime_operator.py
[2025-06-16T22:26:54.796-0300] {processor.py:829} INFO - Processing file /mnt/c/Users/arcan/Documents/airflow/.venv/lib/python3.10/site-packages/airflow/example_dags/example_branch_datetime_operator.py for tasks to queue
[2025-06-16T22:26:54.798-0300] {logging_mixin.py:154} INFO - [2025-06-16T22:26:54.798-0300] {dagbag.py:536} INFO - Filling up the DagBag from /mnt/c/Users/arcan/Documents/airflow/.venv/lib/python3.10/site-packages/airflow/example_dags/example_branch_datetime_operator.py
[2025-06-16T22:26:54.898-0300] {processor.py:839} INFO - DAG(s) dict_keys(['example_branch_datetime_operator', 'example_branch_datetime_operator_2', 'example_branch_datetime_operator_3']) retrieved from /mnt/c/Users/arcan/Documents/airflow/.venv/lib/python3.10/site-packages/airflow/example_dags/example_branch_datetime_operator.py
[2025-06-16T22:26:54.991-0300] {logging_mixin.py:154} INFO - [2025-06-16T22:26:54.991-0300] {dag.py:2941} INFO - Sync 3 DAGs
[2025-06-16T22:26:55.037-0300] {logging_mixin.py:154} INFO - [2025-06-16T22:26:55.037-0300] {dag.py:3722} INFO - Setting next_dagrun for example_branch_datetime_operator to 2025-06-16T00:00:00+00:00, run_after=2025-06-17T00:00:00+00:00
[2025-06-16T22:26:55.047-0300] {logging_mixin.py:154} INFO - [2025-06-16T22:26:55.047-0300] {dag.py:3722} INFO - Setting next_dagrun for example_branch_datetime_operator_2 to 2025-06-16T00:00:00+00:00, run_after=2025-06-17T00:00:00+00:00
[2025-06-16T22:26:55.056-0300] {logging_mixin.py:154} INFO - [2025-06-16T22:26:55.055-0300] {dag.py:3722} INFO - Setting next_dagrun for example_branch_datetime_operator_3 to 2025-06-16T00:00:00+00:00, run_after=2025-06-17T00:00:00+00:00
[2025-06-16T22:26:55.200-0300] {processor.py:179} INFO - Processing /mnt/c/Users/arcan/Documents/airflow/.venv/lib/python3.10/site-packages/airflow/example_dags/example_branch_datetime_operator.py took 0.414 seconds
[2025-06-16T22:28:10.269-0300] {processor.py:157} INFO - Started process (PID=61970) to work on /mnt/c/Users/arcan/Documents/airflow/.venv/lib/python3.10/site-packages/airflow/example_dags/example_branch_datetime_operator.py
[2025-06-16T22:28:10.272-0300] {processor.py:829} INFO - Processing file /mnt/c/Users/arcan/Documents/airflow/.venv/lib/python3.10/site-packages/airflow/example_dags/example_branch_datetime_operator.py for tasks to queue
[2025-06-16T22:28:10.275-0300] {logging_mixin.py:154} INFO - [2025-06-16T22:28:10.274-0300] {dagbag.py:536} INFO - Filling up the DagBag from /mnt/c/Users/arcan/Documents/airflow/.venv/lib/python3.10/site-packages/airflow/example_dags/example_branch_datetime_operator.py
[2025-06-16T22:28:10.371-0300] {processor.py:839} INFO - DAG(s) dict_keys(['example_branch_datetime_operator_3', 'example_branch_datetime_operator', 'example_branch_datetime_operator_2']) retrieved from /mnt/c/Users/arcan/Documents/airflow/.venv/lib/python3.10/site-packages/airflow/example_dags/example_branch_datetime_operator.py
[2025-06-16T22:28:10.452-0300] {logging_mixin.py:154} INFO - [2025-06-16T22:28:10.452-0300] {dag.py:2941} INFO - Sync 3 DAGs
[2025-06-16T22:28:10.499-0300] {logging_mixin.py:154} INFO - [2025-06-16T22:28:10.499-0300] {dag.py:3722} INFO - Setting next_dagrun for example_branch_datetime_operator to 2025-06-16T00:00:00+00:00, run_after=2025-06-17T00:00:00+00:00
[2025-06-16T22:28:10.509-0300] {logging_mixin.py:154} INFO - [2025-06-16T22:28:10.509-0300] {dag.py:3722} INFO - Setting next_dagrun for example_branch_datetime_operator_2 to 2025-06-16T00:00:00+00:00, run_after=2025-06-17T00:00:00+00:00
[2025-06-16T22:28:10.516-0300] {logging_mixin.py:154} INFO - [2025-06-16T22:28:10.516-0300] {dag.py:3722} INFO - Setting next_dagrun for example_branch_datetime_operator_3 to 2025-06-16T00:00:00+00:00, run_after=2025-06-17T00:00:00+00:00
[2025-06-16T22:28:10.633-0300] {processor.py:179} INFO - Processing /mnt/c/Users/arcan/Documents/airflow/.venv/lib/python3.10/site-packages/airflow/example_dags/example_branch_datetime_operator.py took 0.373 seconds
[2025-06-16T22:29:30.488-0300] {processor.py:157} INFO - Started process (PID=62198) to work on /mnt/c/Users/arcan/Documents/airflow/.venv/lib/python3.10/site-packages/airflow/example_dags/example_branch_datetime_operator.py
[2025-06-16T22:29:30.490-0300] {processor.py:829} INFO - Processing file /mnt/c/Users/arcan/Documents/airflow/.venv/lib/python3.10/site-packages/airflow/example_dags/example_branch_datetime_operator.py for tasks to queue
[2025-06-16T22:29:30.492-0300] {logging_mixin.py:154} INFO - [2025-06-16T22:29:30.492-0300] {dagbag.py:536} INFO - Filling up the DagBag from /mnt/c/Users/arcan/Documents/airflow/.venv/lib/python3.10/site-packages/airflow/example_dags/example_branch_datetime_operator.py
[2025-06-16T22:29:30.582-0300] {processor.py:839} INFO - DAG(s) dict_keys(['example_branch_datetime_operator_2', 'example_branch_datetime_operator_3', 'example_branch_datetime_operator']) retrieved from /mnt/c/Users/arcan/Documents/airflow/.venv/lib/python3.10/site-packages/airflow/example_dags/example_branch_datetime_operator.py
[2025-06-16T22:29:30.679-0300] {logging_mixin.py:154} INFO - [2025-06-16T22:29:30.679-0300] {dag.py:2941} INFO - Sync 3 DAGs
[2025-06-16T22:29:30.747-0300] {logging_mixin.py:154} INFO - [2025-06-16T22:29:30.747-0300] {dag.py:3722} INFO - Setting next_dagrun for example_branch_datetime_operator to 2025-06-16T00:00:00+00:00, run_after=2025-06-17T00:00:00+00:00
[2025-06-16T22:29:30.760-0300] {logging_mixin.py:154} INFO - [2025-06-16T22:29:30.760-0300] {dag.py:3722} INFO - Setting next_dagrun for example_branch_datetime_operator_2 to 2025-06-16T00:00:00+00:00, run_after=2025-06-17T00:00:00+00:00
[2025-06-16T22:29:30.770-0300] {logging_mixin.py:154} INFO - [2025-06-16T22:29:30.770-0300] {dag.py:3722} INFO - Setting next_dagrun for example_branch_datetime_operator_3 to 2025-06-16T00:00:00+00:00, run_after=2025-06-17T00:00:00+00:00
[2025-06-16T22:29:30.918-0300] {processor.py:179} INFO - Processing /mnt/c/Users/arcan/Documents/airflow/.venv/lib/python3.10/site-packages/airflow/example_dags/example_branch_datetime_operator.py took 0.436 seconds
[2025-06-16T22:30:46.999-0300] {processor.py:157} INFO - Started process (PID=62421) to work on /mnt/c/Users/arcan/Documents/airflow/.venv/lib/python3.10/site-packages/airflow/example_dags/example_branch_datetime_operator.py
[2025-06-16T22:30:47.001-0300] {processor.py:829} INFO - Processing file /mnt/c/Users/arcan/Documents/airflow/.venv/lib/python3.10/site-packages/airflow/example_dags/example_branch_datetime_operator.py for tasks to queue
[2025-06-16T22:30:47.004-0300] {logging_mixin.py:154} INFO - [2025-06-16T22:30:47.003-0300] {dagbag.py:536} INFO - Filling up the DagBag from /mnt/c/Users/arcan/Documents/airflow/.venv/lib/python3.10/site-packages/airflow/example_dags/example_branch_datetime_operator.py
[2025-06-16T22:30:47.099-0300] {processor.py:839} INFO - DAG(s) dict_keys(['example_branch_datetime_operator_3', 'example_branch_datetime_operator_2', 'example_branch_datetime_operator']) retrieved from /mnt/c/Users/arcan/Documents/airflow/.venv/lib/python3.10/site-packages/airflow/example_dags/example_branch_datetime_operator.py
[2025-06-16T22:30:47.191-0300] {logging_mixin.py:154} INFO - [2025-06-16T22:30:47.191-0300] {dag.py:2941} INFO - Sync 3 DAGs
[2025-06-16T22:30:47.241-0300] {logging_mixin.py:154} INFO - [2025-06-16T22:30:47.241-0300] {dag.py:3722} INFO - Setting next_dagrun for example_branch_datetime_operator to 2025-06-16T00:00:00+00:00, run_after=2025-06-17T00:00:00+00:00
[2025-06-16T22:30:47.253-0300] {logging_mixin.py:154} INFO - [2025-06-16T22:30:47.252-0300] {dag.py:3722} INFO - Setting next_dagrun for example_branch_datetime_operator_2 to 2025-06-16T00:00:00+00:00, run_after=2025-06-17T00:00:00+00:00
[2025-06-16T22:30:47.261-0300] {logging_mixin.py:154} INFO - [2025-06-16T22:30:47.261-0300] {dag.py:3722} INFO - Setting next_dagrun for example_branch_datetime_operator_3 to 2025-06-16T00:00:00+00:00, run_after=2025-06-17T00:00:00+00:00
[2025-06-16T22:30:47.411-0300] {processor.py:179} INFO - Processing /mnt/c/Users/arcan/Documents/airflow/.venv/lib/python3.10/site-packages/airflow/example_dags/example_branch_datetime_operator.py took 0.419 seconds
[2025-06-16T22:32:22.036-0300] {processor.py:157} INFO - Started process (PID=62774) to work on /mnt/c/Users/arcan/Documents/airflow/.venv/lib/python3.10/site-packages/airflow/example_dags/example_branch_datetime_operator.py
[2025-06-16T22:32:22.039-0300] {processor.py:829} INFO - Processing file /mnt/c/Users/arcan/Documents/airflow/.venv/lib/python3.10/site-packages/airflow/example_dags/example_branch_datetime_operator.py for tasks to queue
[2025-06-16T22:32:22.041-0300] {logging_mixin.py:154} INFO - [2025-06-16T22:32:22.040-0300] {dagbag.py:536} INFO - Filling up the DagBag from /mnt/c/Users/arcan/Documents/airflow/.venv/lib/python3.10/site-packages/airflow/example_dags/example_branch_datetime_operator.py
[2025-06-16T22:32:22.115-0300] {processor.py:839} INFO - DAG(s) dict_keys(['example_branch_datetime_operator_3', 'example_branch_datetime_operator', 'example_branch_datetime_operator_2']) retrieved from /mnt/c/Users/arcan/Documents/airflow/.venv/lib/python3.10/site-packages/airflow/example_dags/example_branch_datetime_operator.py
[2025-06-16T22:32:22.186-0300] {logging_mixin.py:154} INFO - [2025-06-16T22:32:22.185-0300] {dag.py:2941} INFO - Sync 3 DAGs
[2025-06-16T22:32:22.226-0300] {logging_mixin.py:154} INFO - [2025-06-16T22:32:22.226-0300] {dag.py:3722} INFO - Setting next_dagrun for example_branch_datetime_operator to 2025-06-16T00:00:00+00:00, run_after=2025-06-17T00:00:00+00:00
[2025-06-16T22:32:22.235-0300] {logging_mixin.py:154} INFO - [2025-06-16T22:32:22.235-0300] {dag.py:3722} INFO - Setting next_dagrun for example_branch_datetime_operator_2 to 2025-06-16T00:00:00+00:00, run_after=2025-06-17T00:00:00+00:00
[2025-06-16T22:32:22.241-0300] {logging_mixin.py:154} INFO - [2025-06-16T22:32:22.241-0300] {dag.py:3722} INFO - Setting next_dagrun for example_branch_datetime_operator_3 to 2025-06-16T00:00:00+00:00, run_after=2025-06-17T00:00:00+00:00
[2025-06-16T22:32:22.353-0300] {processor.py:179} INFO - Processing /mnt/c/Users/arcan/Documents/airflow/.venv/lib/python3.10/site-packages/airflow/example_dags/example_branch_datetime_operator.py took 0.322 seconds
[2025-06-17T20:51:24.881-0300] {processor.py:157} INFO - Started process (PID=63704) to work on /mnt/c/Users/arcan/Documents/airflow/.venv/lib/python3.10/site-packages/airflow/example_dags/example_branch_datetime_operator.py
[2025-06-17T20:51:24.884-0300] {processor.py:829} INFO - Processing file /mnt/c/Users/arcan/Documents/airflow/.venv/lib/python3.10/site-packages/airflow/example_dags/example_branch_datetime_operator.py for tasks to queue
[2025-06-17T20:51:24.887-0300] {logging_mixin.py:154} INFO - [2025-06-17T20:51:24.886-0300] {dagbag.py:536} INFO - Filling up the DagBag from /mnt/c/Users/arcan/Documents/airflow/.venv/lib/python3.10/site-packages/airflow/example_dags/example_branch_datetime_operator.py
[2025-06-17T20:51:24.986-0300] {processor.py:839} INFO - DAG(s) dict_keys(['example_branch_datetime_operator_2', 'example_branch_datetime_operator_3', 'example_branch_datetime_operator']) retrieved from /mnt/c/Users/arcan/Documents/airflow/.venv/lib/python3.10/site-packages/airflow/example_dags/example_branch_datetime_operator.py
[2025-06-17T20:51:25.084-0300] {logging_mixin.py:154} INFO - [2025-06-17T20:51:25.084-0300] {dag.py:2941} INFO - Sync 3 DAGs
[2025-06-17T20:51:25.145-0300] {logging_mixin.py:154} INFO - [2025-06-17T20:51:25.145-0300] {dag.py:3722} INFO - Setting next_dagrun for example_branch_datetime_operator to 2025-06-16T00:00:00+00:00, run_after=2025-06-17T00:00:00+00:00
[2025-06-17T20:51:25.158-0300] {logging_mixin.py:154} INFO - [2025-06-17T20:51:25.158-0300] {dag.py:3722} INFO - Setting next_dagrun for example_branch_datetime_operator_2 to 2025-06-16T00:00:00+00:00, run_after=2025-06-17T00:00:00+00:00
[2025-06-17T20:51:25.166-0300] {logging_mixin.py:154} INFO - [2025-06-17T20:51:25.166-0300] {dag.py:3722} INFO - Setting next_dagrun for example_branch_datetime_operator_3 to 2025-06-16T00:00:00+00:00, run_after=2025-06-17T00:00:00+00:00
[2025-06-17T20:51:25.300-0300] {processor.py:179} INFO - Processing /mnt/c/Users/arcan/Documents/airflow/.venv/lib/python3.10/site-packages/airflow/example_dags/example_branch_datetime_operator.py took 0.428 seconds
[2025-06-17T20:52:49.089-0300] {processor.py:157} INFO - Started process (PID=63941) to work on /mnt/c/Users/arcan/Documents/airflow/.venv/lib/python3.10/site-packages/airflow/example_dags/example_branch_datetime_operator.py
[2025-06-17T20:52:49.091-0300] {processor.py:829} INFO - Processing file /mnt/c/Users/arcan/Documents/airflow/.venv/lib/python3.10/site-packages/airflow/example_dags/example_branch_datetime_operator.py for tasks to queue
[2025-06-17T20:52:49.094-0300] {logging_mixin.py:154} INFO - [2025-06-17T20:52:49.093-0300] {dagbag.py:536} INFO - Filling up the DagBag from /mnt/c/Users/arcan/Documents/airflow/.venv/lib/python3.10/site-packages/airflow/example_dags/example_branch_datetime_operator.py
[2025-06-17T20:52:49.172-0300] {processor.py:839} INFO - DAG(s) dict_keys(['example_branch_datetime_operator_3', 'example_branch_datetime_operator', 'example_branch_datetime_operator_2']) retrieved from /mnt/c/Users/arcan/Documents/airflow/.venv/lib/python3.10/site-packages/airflow/example_dags/example_branch_datetime_operator.py
[2025-06-17T20:52:49.254-0300] {logging_mixin.py:154} INFO - [2025-06-17T20:52:49.254-0300] {dag.py:2941} INFO - Sync 3 DAGs
[2025-06-17T20:52:49.291-0300] {logging_mixin.py:154} INFO - [2025-06-17T20:52:49.291-0300] {dag.py:3722} INFO - Setting next_dagrun for example_branch_datetime_operator to 2025-06-16T00:00:00+00:00, run_after=2025-06-17T00:00:00+00:00
[2025-06-17T20:52:49.300-0300] {logging_mixin.py:154} INFO - [2025-06-17T20:52:49.300-0300] {dag.py:3722} INFO - Setting next_dagrun for example_branch_datetime_operator_2 to 2025-06-16T00:00:00+00:00, run_after=2025-06-17T00:00:00+00:00
[2025-06-17T20:52:49.307-0300] {logging_mixin.py:154} INFO - [2025-06-17T20:52:49.307-0300] {dag.py:3722} INFO - Setting next_dagrun for example_branch_datetime_operator_3 to 2025-06-16T00:00:00+00:00, run_after=2025-06-17T00:00:00+00:00
[2025-06-17T20:52:49.414-0300] {processor.py:179} INFO - Processing /mnt/c/Users/arcan/Documents/airflow/.venv/lib/python3.10/site-packages/airflow/example_dags/example_branch_datetime_operator.py took 0.330 seconds
[2025-06-17T20:54:07.850-0300] {processor.py:157} INFO - Started process (PID=64288) to work on /mnt/c/Users/arcan/Documents/airflow/.venv/lib/python3.10/site-packages/airflow/example_dags/example_branch_datetime_operator.py
[2025-06-17T20:54:07.852-0300] {processor.py:829} INFO - Processing file /mnt/c/Users/arcan/Documents/airflow/.venv/lib/python3.10/site-packages/airflow/example_dags/example_branch_datetime_operator.py for tasks to queue
[2025-06-17T20:54:07.855-0300] {logging_mixin.py:154} INFO - [2025-06-17T20:54:07.854-0300] {dagbag.py:536} INFO - Filling up the DagBag from /mnt/c/Users/arcan/Documents/airflow/.venv/lib/python3.10/site-packages/airflow/example_dags/example_branch_datetime_operator.py
[2025-06-17T20:54:07.927-0300] {processor.py:839} INFO - DAG(s) dict_keys(['example_branch_datetime_operator', 'example_branch_datetime_operator_3', 'example_branch_datetime_operator_2']) retrieved from /mnt/c/Users/arcan/Documents/airflow/.venv/lib/python3.10/site-packages/airflow/example_dags/example_branch_datetime_operator.py
[2025-06-17T20:54:07.990-0300] {logging_mixin.py:154} INFO - [2025-06-17T20:54:07.990-0300] {dag.py:2941} INFO - Sync 3 DAGs
[2025-06-17T20:54:08.026-0300] {logging_mixin.py:154} INFO - [2025-06-17T20:54:08.026-0300] {dag.py:3722} INFO - Setting next_dagrun for example_branch_datetime_operator to 2025-06-16T00:00:00+00:00, run_after=2025-06-17T00:00:00+00:00
[2025-06-17T20:54:08.035-0300] {logging_mixin.py:154} INFO - [2025-06-17T20:54:08.034-0300] {dag.py:3722} INFO - Setting next_dagrun for example_branch_datetime_operator_2 to 2025-06-16T00:00:00+00:00, run_after=2025-06-17T00:00:00+00:00
[2025-06-17T20:54:08.041-0300] {logging_mixin.py:154} INFO - [2025-06-17T20:54:08.041-0300] {dag.py:3722} INFO - Setting next_dagrun for example_branch_datetime_operator_3 to 2025-06-16T00:00:00+00:00, run_after=2025-06-17T00:00:00+00:00
[2025-06-17T20:54:08.153-0300] {processor.py:179} INFO - Processing /mnt/c/Users/arcan/Documents/airflow/.venv/lib/python3.10/site-packages/airflow/example_dags/example_branch_datetime_operator.py took 0.309 seconds
[2025-06-17T20:55:15.630-0300] {processor.py:157} INFO - Started process (PID=64483) to work on /mnt/c/Users/arcan/Documents/airflow/.venv/lib/python3.10/site-packages/airflow/example_dags/example_branch_datetime_operator.py
[2025-06-17T20:55:15.632-0300] {processor.py:829} INFO - Processing file /mnt/c/Users/arcan/Documents/airflow/.venv/lib/python3.10/site-packages/airflow/example_dags/example_branch_datetime_operator.py for tasks to queue
[2025-06-17T20:55:15.634-0300] {logging_mixin.py:154} INFO - [2025-06-17T20:55:15.634-0300] {dagbag.py:536} INFO - Filling up the DagBag from /mnt/c/Users/arcan/Documents/airflow/.venv/lib/python3.10/site-packages/airflow/example_dags/example_branch_datetime_operator.py
[2025-06-17T20:55:15.705-0300] {processor.py:839} INFO - DAG(s) dict_keys(['example_branch_datetime_operator_3', 'example_branch_datetime_operator_2', 'example_branch_datetime_operator']) retrieved from /mnt/c/Users/arcan/Documents/airflow/.venv/lib/python3.10/site-packages/airflow/example_dags/example_branch_datetime_operator.py
[2025-06-17T20:55:15.776-0300] {logging_mixin.py:154} INFO - [2025-06-17T20:55:15.776-0300] {dag.py:2941} INFO - Sync 3 DAGs
[2025-06-17T20:55:15.814-0300] {logging_mixin.py:154} INFO - [2025-06-17T20:55:15.814-0300] {dag.py:3722} INFO - Setting next_dagrun for example_branch_datetime_operator to 2025-06-16T00:00:00+00:00, run_after=2025-06-17T00:00:00+00:00
[2025-06-17T20:55:15.823-0300] {logging_mixin.py:154} INFO - [2025-06-17T20:55:15.823-0300] {dag.py:3722} INFO - Setting next_dagrun for example_branch_datetime_operator_2 to 2025-06-16T00:00:00+00:00, run_after=2025-06-17T00:00:00+00:00
[2025-06-17T20:55:15.829-0300] {logging_mixin.py:154} INFO - [2025-06-17T20:55:15.829-0300] {dag.py:3722} INFO - Setting next_dagrun for example_branch_datetime_operator_3 to 2025-06-16T00:00:00+00:00, run_after=2025-06-17T00:00:00+00:00
[2025-06-17T20:55:15.948-0300] {processor.py:179} INFO - Processing /mnt/c/Users/arcan/Documents/airflow/.venv/lib/python3.10/site-packages/airflow/example_dags/example_branch_datetime_operator.py took 0.324 seconds
