[2025-06-16T22:04:04.020-0300] {processor.py:157} INFO - Started process (PID=57328) to work on /mnt/c/Users/arcan/Documents/airflow/.venv/lib/python3.10/site-packages/airflow/example_dags/example_external_task_marker_dag.py
[2025-06-16T22:04:04.022-0300] {processor.py:829} INFO - Processing file /mnt/c/Users/arcan/Documents/airflow/.venv/lib/python3.10/site-packages/airflow/example_dags/example_external_task_marker_dag.py for tasks to queue
[2025-06-16T22:04:04.024-0300] {logging_mixin.py:154} INFO - [2025-06-16T22:04:04.023-0300] {dagbag.py:536} INFO - Filling up the DagBag from /mnt/c/Users/arcan/Documents/airflow/.venv/lib/python3.10/site-packages/airflow/example_dags/example_external_task_marker_dag.py
[2025-06-16T22:04:04.058-0300] {processor.py:839} INFO - DAG(s) dict_keys(['example_external_task_marker_parent', 'example_external_task_marker_child']) retrieved from /mnt/c/Users/arcan/Documents/airflow/.venv/lib/python3.10/site-packages/airflow/example_dags/example_external_task_marker_dag.py
[2025-06-16T22:04:04.109-0300] {logging_mixin.py:154} INFO - [2025-06-16T22:04:04.108-0300] {dag.py:2941} INFO - Sync 2 DAGs
[2025-06-16T22:04:04.126-0300] {logging_mixin.py:154} INFO - [2025-06-16T22:04:04.126-0300] {dag.py:3722} INFO - Setting next_dagrun for example_external_task_marker_child to None, run_after=None
[2025-06-16T22:04:04.133-0300] {logging_mixin.py:154} INFO - [2025-06-16T22:04:04.132-0300] {dag.py:3722} INFO - Setting next_dagrun for example_external_task_marker_parent to None, run_after=None
[2025-06-16T22:04:04.231-0300] {processor.py:179} INFO - Processing /mnt/c/Users/arcan/Documents/airflow/.venv/lib/python3.10/site-packages/airflow/example_dags/example_external_task_marker_dag.py took 0.216 seconds
[2025-06-16T22:05:16.279-0300] {processor.py:157} INFO - Started process (PID=57574) to work on /mnt/c/Users/arcan/Documents/airflow/.venv/lib/python3.10/site-packages/airflow/example_dags/example_external_task_marker_dag.py
[2025-06-16T22:05:16.281-0300] {processor.py:829} INFO - Processing file /mnt/c/Users/arcan/Documents/airflow/.venv/lib/python3.10/site-packages/airflow/example_dags/example_external_task_marker_dag.py for tasks to queue
[2025-06-16T22:05:16.284-0300] {logging_mixin.py:154} INFO - [2025-06-16T22:05:16.283-0300] {dagbag.py:536} INFO - Filling up the DagBag from /mnt/c/Users/arcan/Documents/airflow/.venv/lib/python3.10/site-packages/airflow/example_dags/example_external_task_marker_dag.py
[2025-06-16T22:05:16.338-0300] {processor.py:839} INFO - DAG(s) dict_keys(['example_external_task_marker_parent', 'example_external_task_marker_child']) retrieved from /mnt/c/Users/arcan/Documents/airflow/.venv/lib/python3.10/site-packages/airflow/example_dags/example_external_task_marker_dag.py
[2025-06-16T22:05:16.417-0300] {logging_mixin.py:154} INFO - [2025-06-16T22:05:16.416-0300] {dag.py:2941} INFO - Sync 2 DAGs
[2025-06-16T22:05:16.447-0300] {logging_mixin.py:154} INFO - [2025-06-16T22:05:16.446-0300] {dag.py:3722} INFO - Setting next_dagrun for example_external_task_marker_child to None, run_after=None
[2025-06-16T22:05:16.456-0300] {logging_mixin.py:154} INFO - [2025-06-16T22:05:16.456-0300] {dag.py:3722} INFO - Setting next_dagrun for example_external_task_marker_parent to None, run_after=None
[2025-06-16T22:05:16.593-0300] {processor.py:179} INFO - Processing /mnt/c/Users/arcan/Documents/airflow/.venv/lib/python3.10/site-packages/airflow/example_dags/example_external_task_marker_dag.py took 0.322 seconds
[2025-06-16T22:06:29.021-0300] {processor.py:157} INFO - Started process (PID=57789) to work on /mnt/c/Users/arcan/Documents/airflow/.venv/lib/python3.10/site-packages/airflow/example_dags/example_external_task_marker_dag.py
[2025-06-16T22:06:29.023-0300] {processor.py:829} INFO - Processing file /mnt/c/Users/arcan/Documents/airflow/.venv/lib/python3.10/site-packages/airflow/example_dags/example_external_task_marker_dag.py for tasks to queue
[2025-06-16T22:06:29.025-0300] {logging_mixin.py:154} INFO - [2025-06-16T22:06:29.025-0300] {dagbag.py:536} INFO - Filling up the DagBag from /mnt/c/Users/arcan/Documents/airflow/.venv/lib/python3.10/site-packages/airflow/example_dags/example_external_task_marker_dag.py
[2025-06-16T22:06:29.062-0300] {processor.py:839} INFO - DAG(s) dict_keys(['example_external_task_marker_child', 'example_external_task_marker_parent']) retrieved from /mnt/c/Users/arcan/Documents/airflow/.venv/lib/python3.10/site-packages/airflow/example_dags/example_external_task_marker_dag.py
[2025-06-16T22:06:29.119-0300] {logging_mixin.py:154} INFO - [2025-06-16T22:06:29.119-0300] {dag.py:2941} INFO - Sync 2 DAGs
[2025-06-16T22:06:29.138-0300] {logging_mixin.py:154} INFO - [2025-06-16T22:06:29.137-0300] {dag.py:3722} INFO - Setting next_dagrun for example_external_task_marker_child to None, run_after=None
[2025-06-16T22:06:29.145-0300] {logging_mixin.py:154} INFO - [2025-06-16T22:06:29.144-0300] {dag.py:3722} INFO - Setting next_dagrun for example_external_task_marker_parent to None, run_after=None
[2025-06-16T22:06:29.251-0300] {processor.py:179} INFO - Processing /mnt/c/Users/arcan/Documents/airflow/.venv/lib/python3.10/site-packages/airflow/example_dags/example_external_task_marker_dag.py took 0.236 seconds
[2025-06-16T22:07:40.395-0300] {processor.py:157} INFO - Started process (PID=58000) to work on /mnt/c/Users/arcan/Documents/airflow/.venv/lib/python3.10/site-packages/airflow/example_dags/example_external_task_marker_dag.py
[2025-06-16T22:07:40.397-0300] {processor.py:829} INFO - Processing file /mnt/c/Users/arcan/Documents/airflow/.venv/lib/python3.10/site-packages/airflow/example_dags/example_external_task_marker_dag.py for tasks to queue
[2025-06-16T22:07:40.399-0300] {logging_mixin.py:154} INFO - [2025-06-16T22:07:40.398-0300] {dagbag.py:536} INFO - Filling up the DagBag from /mnt/c/Users/arcan/Documents/airflow/.venv/lib/python3.10/site-packages/airflow/example_dags/example_external_task_marker_dag.py
[2025-06-16T22:07:40.441-0300] {processor.py:839} INFO - DAG(s) dict_keys(['example_external_task_marker_parent', 'example_external_task_marker_child']) retrieved from /mnt/c/Users/arcan/Documents/airflow/.venv/lib/python3.10/site-packages/airflow/example_dags/example_external_task_marker_dag.py
[2025-06-16T22:07:40.500-0300] {logging_mixin.py:154} INFO - [2025-06-16T22:07:40.499-0300] {dag.py:2941} INFO - Sync 2 DAGs
[2025-06-16T22:07:40.523-0300] {logging_mixin.py:154} INFO - [2025-06-16T22:07:40.522-0300] {dag.py:3722} INFO - Setting next_dagrun for example_external_task_marker_child to None, run_after=None
[2025-06-16T22:07:40.532-0300] {logging_mixin.py:154} INFO - [2025-06-16T22:07:40.532-0300] {dag.py:3722} INFO - Setting next_dagrun for example_external_task_marker_parent to None, run_after=None
[2025-06-16T22:07:40.651-0300] {processor.py:179} INFO - Processing /mnt/c/Users/arcan/Documents/airflow/.venv/lib/python3.10/site-packages/airflow/example_dags/example_external_task_marker_dag.py took 0.262 seconds
[2025-06-16T22:08:54.390-0300] {processor.py:157} INFO - Started process (PID=58336) to work on /mnt/c/Users/arcan/Documents/airflow/.venv/lib/python3.10/site-packages/airflow/example_dags/example_external_task_marker_dag.py
[2025-06-16T22:08:54.392-0300] {processor.py:829} INFO - Processing file /mnt/c/Users/arcan/Documents/airflow/.venv/lib/python3.10/site-packages/airflow/example_dags/example_external_task_marker_dag.py for tasks to queue
[2025-06-16T22:08:54.393-0300] {logging_mixin.py:154} INFO - [2025-06-16T22:08:54.393-0300] {dagbag.py:536} INFO - Filling up the DagBag from /mnt/c/Users/arcan/Documents/airflow/.venv/lib/python3.10/site-packages/airflow/example_dags/example_external_task_marker_dag.py
[2025-06-16T22:08:54.423-0300] {processor.py:839} INFO - DAG(s) dict_keys(['example_external_task_marker_parent', 'example_external_task_marker_child']) retrieved from /mnt/c/Users/arcan/Documents/airflow/.venv/lib/python3.10/site-packages/airflow/example_dags/example_external_task_marker_dag.py
[2025-06-16T22:08:54.476-0300] {logging_mixin.py:154} INFO - [2025-06-16T22:08:54.475-0300] {dag.py:2941} INFO - Sync 2 DAGs
[2025-06-16T22:08:54.498-0300] {logging_mixin.py:154} INFO - [2025-06-16T22:08:54.498-0300] {dag.py:3722} INFO - Setting next_dagrun for example_external_task_marker_child to None, run_after=None
[2025-06-16T22:08:54.505-0300] {logging_mixin.py:154} INFO - [2025-06-16T22:08:54.505-0300] {dag.py:3722} INFO - Setting next_dagrun for example_external_task_marker_parent to None, run_after=None
[2025-06-16T22:08:54.618-0300] {processor.py:179} INFO - Processing /mnt/c/Users/arcan/Documents/airflow/.venv/lib/python3.10/site-packages/airflow/example_dags/example_external_task_marker_dag.py took 0.233 seconds
[2025-06-16T22:09:59.322-0300] {processor.py:157} INFO - Started process (PID=58536) to work on /mnt/c/Users/arcan/Documents/airflow/.venv/lib/python3.10/site-packages/airflow/example_dags/example_external_task_marker_dag.py
[2025-06-16T22:09:59.325-0300] {processor.py:829} INFO - Processing file /mnt/c/Users/arcan/Documents/airflow/.venv/lib/python3.10/site-packages/airflow/example_dags/example_external_task_marker_dag.py for tasks to queue
[2025-06-16T22:09:59.327-0300] {logging_mixin.py:154} INFO - [2025-06-16T22:09:59.326-0300] {dagbag.py:536} INFO - Filling up the DagBag from /mnt/c/Users/arcan/Documents/airflow/.venv/lib/python3.10/site-packages/airflow/example_dags/example_external_task_marker_dag.py
[2025-06-16T22:09:59.369-0300] {processor.py:839} INFO - DAG(s) dict_keys(['example_external_task_marker_child', 'example_external_task_marker_parent']) retrieved from /mnt/c/Users/arcan/Documents/airflow/.venv/lib/python3.10/site-packages/airflow/example_dags/example_external_task_marker_dag.py
[2025-06-16T22:09:59.421-0300] {logging_mixin.py:154} INFO - [2025-06-16T22:09:59.421-0300] {dag.py:2941} INFO - Sync 2 DAGs
[2025-06-16T22:09:59.441-0300] {logging_mixin.py:154} INFO - [2025-06-16T22:09:59.441-0300] {dag.py:3722} INFO - Setting next_dagrun for example_external_task_marker_child to None, run_after=None
[2025-06-16T22:09:59.449-0300] {logging_mixin.py:154} INFO - [2025-06-16T22:09:59.448-0300] {dag.py:3722} INFO - Setting next_dagrun for example_external_task_marker_parent to None, run_after=None
[2025-06-16T22:09:59.547-0300] {processor.py:179} INFO - Processing /mnt/c/Users/arcan/Documents/airflow/.venv/lib/python3.10/site-packages/airflow/example_dags/example_external_task_marker_dag.py took 0.230 seconds
[2025-06-16T22:11:04.574-0300] {processor.py:157} INFO - Started process (PID=58733) to work on /mnt/c/Users/arcan/Documents/airflow/.venv/lib/python3.10/site-packages/airflow/example_dags/example_external_task_marker_dag.py
[2025-06-16T22:11:04.576-0300] {processor.py:829} INFO - Processing file /mnt/c/Users/arcan/Documents/airflow/.venv/lib/python3.10/site-packages/airflow/example_dags/example_external_task_marker_dag.py for tasks to queue
[2025-06-16T22:11:04.577-0300] {logging_mixin.py:154} INFO - [2025-06-16T22:11:04.577-0300] {dagbag.py:536} INFO - Filling up the DagBag from /mnt/c/Users/arcan/Documents/airflow/.venv/lib/python3.10/site-packages/airflow/example_dags/example_external_task_marker_dag.py
[2025-06-16T22:11:04.605-0300] {processor.py:839} INFO - DAG(s) dict_keys(['example_external_task_marker_parent', 'example_external_task_marker_child']) retrieved from /mnt/c/Users/arcan/Documents/airflow/.venv/lib/python3.10/site-packages/airflow/example_dags/example_external_task_marker_dag.py
[2025-06-16T22:11:04.656-0300] {logging_mixin.py:154} INFO - [2025-06-16T22:11:04.656-0300] {dag.py:2941} INFO - Sync 2 DAGs
[2025-06-16T22:11:04.680-0300] {logging_mixin.py:154} INFO - [2025-06-16T22:11:04.679-0300] {dag.py:3722} INFO - Setting next_dagrun for example_external_task_marker_child to None, run_after=None
[2025-06-16T22:11:04.688-0300] {logging_mixin.py:154} INFO - [2025-06-16T22:11:04.688-0300] {dag.py:3722} INFO - Setting next_dagrun for example_external_task_marker_parent to None, run_after=None
[2025-06-16T22:11:04.793-0300] {processor.py:179} INFO - Processing /mnt/c/Users/arcan/Documents/airflow/.venv/lib/python3.10/site-packages/airflow/example_dags/example_external_task_marker_dag.py took 0.224 seconds
[2025-06-16T22:12:03.154-0300] {processor.py:157} INFO - Started process (PID=58911) to work on /mnt/c/Users/arcan/Documents/airflow/.venv/lib/python3.10/site-packages/airflow/example_dags/example_external_task_marker_dag.py
[2025-06-16T22:12:03.156-0300] {processor.py:829} INFO - Processing file /mnt/c/Users/arcan/Documents/airflow/.venv/lib/python3.10/site-packages/airflow/example_dags/example_external_task_marker_dag.py for tasks to queue
[2025-06-16T22:12:03.158-0300] {logging_mixin.py:154} INFO - [2025-06-16T22:12:03.157-0300] {dagbag.py:536} INFO - Filling up the DagBag from /mnt/c/Users/arcan/Documents/airflow/.venv/lib/python3.10/site-packages/airflow/example_dags/example_external_task_marker_dag.py
[2025-06-16T22:12:03.190-0300] {processor.py:839} INFO - DAG(s) dict_keys(['example_external_task_marker_parent', 'example_external_task_marker_child']) retrieved from /mnt/c/Users/arcan/Documents/airflow/.venv/lib/python3.10/site-packages/airflow/example_dags/example_external_task_marker_dag.py
[2025-06-16T22:12:03.256-0300] {logging_mixin.py:154} INFO - [2025-06-16T22:12:03.255-0300] {dag.py:2941} INFO - Sync 2 DAGs
[2025-06-16T22:12:03.277-0300] {logging_mixin.py:154} INFO - [2025-06-16T22:12:03.277-0300] {dag.py:3722} INFO - Setting next_dagrun for example_external_task_marker_child to None, run_after=None
[2025-06-16T22:12:03.287-0300] {logging_mixin.py:154} INFO - [2025-06-16T22:12:03.287-0300] {dag.py:3722} INFO - Setting next_dagrun for example_external_task_marker_parent to None, run_after=None
[2025-06-16T22:12:03.374-0300] {processor.py:179} INFO - Processing /mnt/c/Users/arcan/Documents/airflow/.venv/lib/python3.10/site-packages/airflow/example_dags/example_external_task_marker_dag.py took 0.227 seconds
[2025-06-16T22:13:02.023-0300] {processor.py:157} INFO - Started process (PID=59088) to work on /mnt/c/Users/arcan/Documents/airflow/.venv/lib/python3.10/site-packages/airflow/example_dags/example_external_task_marker_dag.py
[2025-06-16T22:13:02.025-0300] {processor.py:829} INFO - Processing file /mnt/c/Users/arcan/Documents/airflow/.venv/lib/python3.10/site-packages/airflow/example_dags/example_external_task_marker_dag.py for tasks to queue
[2025-06-16T22:13:02.027-0300] {logging_mixin.py:154} INFO - [2025-06-16T22:13:02.026-0300] {dagbag.py:536} INFO - Filling up the DagBag from /mnt/c/Users/arcan/Documents/airflow/.venv/lib/python3.10/site-packages/airflow/example_dags/example_external_task_marker_dag.py
[2025-06-16T22:13:02.065-0300] {processor.py:839} INFO - DAG(s) dict_keys(['example_external_task_marker_child', 'example_external_task_marker_parent']) retrieved from /mnt/c/Users/arcan/Documents/airflow/.venv/lib/python3.10/site-packages/airflow/example_dags/example_external_task_marker_dag.py
[2025-06-16T22:13:02.123-0300] {logging_mixin.py:154} INFO - [2025-06-16T22:13:02.123-0300] {dag.py:2941} INFO - Sync 2 DAGs
[2025-06-16T22:13:02.143-0300] {logging_mixin.py:154} INFO - [2025-06-16T22:13:02.143-0300] {dag.py:3722} INFO - Setting next_dagrun for example_external_task_marker_child to None, run_after=None
[2025-06-16T22:13:02.150-0300] {logging_mixin.py:154} INFO - [2025-06-16T22:13:02.150-0300] {dag.py:3722} INFO - Setting next_dagrun for example_external_task_marker_parent to None, run_after=None
[2025-06-16T22:13:02.244-0300] {processor.py:179} INFO - Processing /mnt/c/Users/arcan/Documents/airflow/.venv/lib/python3.10/site-packages/airflow/example_dags/example_external_task_marker_dag.py took 0.227 seconds
[2025-06-16T22:14:09.269-0300] {processor.py:157} INFO - Started process (PID=59289) to work on /mnt/c/Users/arcan/Documents/airflow/.venv/lib/python3.10/site-packages/airflow/example_dags/example_external_task_marker_dag.py
[2025-06-16T22:14:09.271-0300] {processor.py:829} INFO - Processing file /mnt/c/Users/arcan/Documents/airflow/.venv/lib/python3.10/site-packages/airflow/example_dags/example_external_task_marker_dag.py for tasks to queue
[2025-06-16T22:14:09.273-0300] {logging_mixin.py:154} INFO - [2025-06-16T22:14:09.272-0300] {dagbag.py:536} INFO - Filling up the DagBag from /mnt/c/Users/arcan/Documents/airflow/.venv/lib/python3.10/site-packages/airflow/example_dags/example_external_task_marker_dag.py
[2025-06-16T22:14:09.309-0300] {processor.py:839} INFO - DAG(s) dict_keys(['example_external_task_marker_parent', 'example_external_task_marker_child']) retrieved from /mnt/c/Users/arcan/Documents/airflow/.venv/lib/python3.10/site-packages/airflow/example_dags/example_external_task_marker_dag.py
[2025-06-16T22:14:09.369-0300] {logging_mixin.py:154} INFO - [2025-06-16T22:14:09.368-0300] {dag.py:2941} INFO - Sync 2 DAGs
[2025-06-16T22:14:09.391-0300] {logging_mixin.py:154} INFO - [2025-06-16T22:14:09.391-0300] {dag.py:3722} INFO - Setting next_dagrun for example_external_task_marker_child to None, run_after=None
[2025-06-16T22:14:09.397-0300] {logging_mixin.py:154} INFO - [2025-06-16T22:14:09.397-0300] {dag.py:3722} INFO - Setting next_dagrun for example_external_task_marker_parent to None, run_after=None
[2025-06-16T22:14:09.486-0300] {processor.py:179} INFO - Processing /mnt/c/Users/arcan/Documents/airflow/.venv/lib/python3.10/site-packages/airflow/example_dags/example_external_task_marker_dag.py took 0.221 seconds
[2025-06-16T22:15:18.001-0300] {processor.py:157} INFO - Started process (PID=59495) to work on /mnt/c/Users/arcan/Documents/airflow/.venv/lib/python3.10/site-packages/airflow/example_dags/example_external_task_marker_dag.py
[2025-06-16T22:15:18.003-0300] {processor.py:829} INFO - Processing file /mnt/c/Users/arcan/Documents/airflow/.venv/lib/python3.10/site-packages/airflow/example_dags/example_external_task_marker_dag.py for tasks to queue
[2025-06-16T22:15:18.005-0300] {logging_mixin.py:154} INFO - [2025-06-16T22:15:18.004-0300] {dagbag.py:536} INFO - Filling up the DagBag from /mnt/c/Users/arcan/Documents/airflow/.venv/lib/python3.10/site-packages/airflow/example_dags/example_external_task_marker_dag.py
[2025-06-16T22:15:18.040-0300] {processor.py:839} INFO - DAG(s) dict_keys(['example_external_task_marker_child', 'example_external_task_marker_parent']) retrieved from /mnt/c/Users/arcan/Documents/airflow/.venv/lib/python3.10/site-packages/airflow/example_dags/example_external_task_marker_dag.py
[2025-06-16T22:15:18.094-0300] {logging_mixin.py:154} INFO - [2025-06-16T22:15:18.094-0300] {dag.py:2941} INFO - Sync 2 DAGs
[2025-06-16T22:15:18.115-0300] {logging_mixin.py:154} INFO - [2025-06-16T22:15:18.115-0300] {dag.py:3722} INFO - Setting next_dagrun for example_external_task_marker_child to None, run_after=None
[2025-06-16T22:15:18.122-0300] {logging_mixin.py:154} INFO - [2025-06-16T22:15:18.121-0300] {dag.py:3722} INFO - Setting next_dagrun for example_external_task_marker_parent to None, run_after=None
[2025-06-16T22:15:18.224-0300] {processor.py:179} INFO - Processing /mnt/c/Users/arcan/Documents/airflow/.venv/lib/python3.10/site-packages/airflow/example_dags/example_external_task_marker_dag.py took 0.229 seconds
[2025-06-16T22:16:30.456-0300] {processor.py:157} INFO - Started process (PID=59833) to work on /mnt/c/Users/arcan/Documents/airflow/.venv/lib/python3.10/site-packages/airflow/example_dags/example_external_task_marker_dag.py
[2025-06-16T22:16:30.458-0300] {processor.py:829} INFO - Processing file /mnt/c/Users/arcan/Documents/airflow/.venv/lib/python3.10/site-packages/airflow/example_dags/example_external_task_marker_dag.py for tasks to queue
[2025-06-16T22:16:30.460-0300] {logging_mixin.py:154} INFO - [2025-06-16T22:16:30.459-0300] {dagbag.py:536} INFO - Filling up the DagBag from /mnt/c/Users/arcan/Documents/airflow/.venv/lib/python3.10/site-packages/airflow/example_dags/example_external_task_marker_dag.py
[2025-06-16T22:16:30.489-0300] {processor.py:839} INFO - DAG(s) dict_keys(['example_external_task_marker_parent', 'example_external_task_marker_child']) retrieved from /mnt/c/Users/arcan/Documents/airflow/.venv/lib/python3.10/site-packages/airflow/example_dags/example_external_task_marker_dag.py
[2025-06-16T22:16:30.543-0300] {logging_mixin.py:154} INFO - [2025-06-16T22:16:30.543-0300] {dag.py:2941} INFO - Sync 2 DAGs
[2025-06-16T22:16:30.561-0300] {logging_mixin.py:154} INFO - [2025-06-16T22:16:30.561-0300] {dag.py:3722} INFO - Setting next_dagrun for example_external_task_marker_child to None, run_after=None
[2025-06-16T22:16:30.568-0300] {logging_mixin.py:154} INFO - [2025-06-16T22:16:30.567-0300] {dag.py:3722} INFO - Setting next_dagrun for example_external_task_marker_parent to None, run_after=None
[2025-06-16T22:16:30.660-0300] {processor.py:179} INFO - Processing /mnt/c/Users/arcan/Documents/airflow/.venv/lib/python3.10/site-packages/airflow/example_dags/example_external_task_marker_dag.py took 0.208 seconds
[2025-06-16T22:17:36.751-0300] {processor.py:157} INFO - Started process (PID=60036) to work on /mnt/c/Users/arcan/Documents/airflow/.venv/lib/python3.10/site-packages/airflow/example_dags/example_external_task_marker_dag.py
[2025-06-16T22:17:36.755-0300] {processor.py:829} INFO - Processing file /mnt/c/Users/arcan/Documents/airflow/.venv/lib/python3.10/site-packages/airflow/example_dags/example_external_task_marker_dag.py for tasks to queue
[2025-06-16T22:17:36.758-0300] {logging_mixin.py:154} INFO - [2025-06-16T22:17:36.757-0300] {dagbag.py:536} INFO - Filling up the DagBag from /mnt/c/Users/arcan/Documents/airflow/.venv/lib/python3.10/site-packages/airflow/example_dags/example_external_task_marker_dag.py
[2025-06-16T22:17:36.806-0300] {processor.py:839} INFO - DAG(s) dict_keys(['example_external_task_marker_child', 'example_external_task_marker_parent']) retrieved from /mnt/c/Users/arcan/Documents/airflow/.venv/lib/python3.10/site-packages/airflow/example_dags/example_external_task_marker_dag.py
[2025-06-16T22:17:36.886-0300] {logging_mixin.py:154} INFO - [2025-06-16T22:17:36.886-0300] {dag.py:2941} INFO - Sync 2 DAGs
[2025-06-16T22:17:36.916-0300] {logging_mixin.py:154} INFO - [2025-06-16T22:17:36.916-0300] {dag.py:3722} INFO - Setting next_dagrun for example_external_task_marker_child to None, run_after=None
[2025-06-16T22:17:36.927-0300] {logging_mixin.py:154} INFO - [2025-06-16T22:17:36.926-0300] {dag.py:3722} INFO - Setting next_dagrun for example_external_task_marker_parent to None, run_after=None
[2025-06-16T22:17:37.092-0300] {processor.py:179} INFO - Processing /mnt/c/Users/arcan/Documents/airflow/.venv/lib/python3.10/site-packages/airflow/example_dags/example_external_task_marker_dag.py took 0.348 seconds
[2025-06-16T22:19:03.099-0300] {processor.py:157} INFO - Started process (PID=60280) to work on /mnt/c/Users/arcan/Documents/airflow/.venv/lib/python3.10/site-packages/airflow/example_dags/example_external_task_marker_dag.py
[2025-06-16T22:19:03.102-0300] {processor.py:829} INFO - Processing file /mnt/c/Users/arcan/Documents/airflow/.venv/lib/python3.10/site-packages/airflow/example_dags/example_external_task_marker_dag.py for tasks to queue
[2025-06-16T22:19:03.104-0300] {logging_mixin.py:154} INFO - [2025-06-16T22:19:03.103-0300] {dagbag.py:536} INFO - Filling up the DagBag from /mnt/c/Users/arcan/Documents/airflow/.venv/lib/python3.10/site-packages/airflow/example_dags/example_external_task_marker_dag.py
[2025-06-16T22:19:03.153-0300] {processor.py:839} INFO - DAG(s) dict_keys(['example_external_task_marker_child', 'example_external_task_marker_parent']) retrieved from /mnt/c/Users/arcan/Documents/airflow/.venv/lib/python3.10/site-packages/airflow/example_dags/example_external_task_marker_dag.py
[2025-06-16T22:19:03.237-0300] {logging_mixin.py:154} INFO - [2025-06-16T22:19:03.236-0300] {dag.py:2941} INFO - Sync 2 DAGs
[2025-06-16T22:19:03.290-0300] {logging_mixin.py:154} INFO - [2025-06-16T22:19:03.289-0300] {dag.py:3722} INFO - Setting next_dagrun for example_external_task_marker_child to None, run_after=None
[2025-06-16T22:19:03.303-0300] {logging_mixin.py:154} INFO - [2025-06-16T22:19:03.303-0300] {dag.py:3722} INFO - Setting next_dagrun for example_external_task_marker_parent to None, run_after=None
[2025-06-16T22:19:03.468-0300] {processor.py:179} INFO - Processing /mnt/c/Users/arcan/Documents/airflow/.venv/lib/python3.10/site-packages/airflow/example_dags/example_external_task_marker_dag.py took 0.377 seconds
[2025-06-16T22:20:27.987-0300] {processor.py:157} INFO - Started process (PID=60527) to work on /mnt/c/Users/arcan/Documents/airflow/.venv/lib/python3.10/site-packages/airflow/example_dags/example_external_task_marker_dag.py
[2025-06-16T22:20:27.991-0300] {processor.py:829} INFO - Processing file /mnt/c/Users/arcan/Documents/airflow/.venv/lib/python3.10/site-packages/airflow/example_dags/example_external_task_marker_dag.py for tasks to queue
[2025-06-16T22:20:27.994-0300] {logging_mixin.py:154} INFO - [2025-06-16T22:20:27.993-0300] {dagbag.py:536} INFO - Filling up the DagBag from /mnt/c/Users/arcan/Documents/airflow/.venv/lib/python3.10/site-packages/airflow/example_dags/example_external_task_marker_dag.py
[2025-06-16T22:20:28.044-0300] {processor.py:839} INFO - DAG(s) dict_keys(['example_external_task_marker_child', 'example_external_task_marker_parent']) retrieved from /mnt/c/Users/arcan/Documents/airflow/.venv/lib/python3.10/site-packages/airflow/example_dags/example_external_task_marker_dag.py
[2025-06-16T22:20:28.120-0300] {logging_mixin.py:154} INFO - [2025-06-16T22:20:28.119-0300] {dag.py:2941} INFO - Sync 2 DAGs
[2025-06-16T22:20:28.143-0300] {logging_mixin.py:154} INFO - [2025-06-16T22:20:28.143-0300] {dag.py:3722} INFO - Setting next_dagrun for example_external_task_marker_child to None, run_after=None
[2025-06-16T22:20:28.151-0300] {logging_mixin.py:154} INFO - [2025-06-16T22:20:28.151-0300] {dag.py:3722} INFO - Setting next_dagrun for example_external_task_marker_parent to None, run_after=None
[2025-06-16T22:20:28.308-0300] {processor.py:179} INFO - Processing /mnt/c/Users/arcan/Documents/airflow/.venv/lib/python3.10/site-packages/airflow/example_dags/example_external_task_marker_dag.py took 0.328 seconds
[2025-06-16T22:21:49.245-0300] {processor.py:157} INFO - Started process (PID=60758) to work on /mnt/c/Users/arcan/Documents/airflow/.venv/lib/python3.10/site-packages/airflow/example_dags/example_external_task_marker_dag.py
[2025-06-16T22:21:49.248-0300] {processor.py:829} INFO - Processing file /mnt/c/Users/arcan/Documents/airflow/.venv/lib/python3.10/site-packages/airflow/example_dags/example_external_task_marker_dag.py for tasks to queue
[2025-06-16T22:21:49.251-0300] {logging_mixin.py:154} INFO - [2025-06-16T22:21:49.250-0300] {dagbag.py:536} INFO - Filling up the DagBag from /mnt/c/Users/arcan/Documents/airflow/.venv/lib/python3.10/site-packages/airflow/example_dags/example_external_task_marker_dag.py
[2025-06-16T22:21:49.296-0300] {processor.py:839} INFO - DAG(s) dict_keys(['example_external_task_marker_child', 'example_external_task_marker_parent']) retrieved from /mnt/c/Users/arcan/Documents/airflow/.venv/lib/python3.10/site-packages/airflow/example_dags/example_external_task_marker_dag.py
[2025-06-16T22:21:49.369-0300] {logging_mixin.py:154} INFO - [2025-06-16T22:21:49.368-0300] {dag.py:2941} INFO - Sync 2 DAGs
[2025-06-16T22:21:49.397-0300] {logging_mixin.py:154} INFO - [2025-06-16T22:21:49.397-0300] {dag.py:3722} INFO - Setting next_dagrun for example_external_task_marker_child to None, run_after=None
[2025-06-16T22:21:49.407-0300] {logging_mixin.py:154} INFO - [2025-06-16T22:21:49.407-0300] {dag.py:3722} INFO - Setting next_dagrun for example_external_task_marker_parent to None, run_after=None
[2025-06-16T22:21:49.535-0300] {processor.py:179} INFO - Processing /mnt/c/Users/arcan/Documents/airflow/.venv/lib/python3.10/site-packages/airflow/example_dags/example_external_task_marker_dag.py took 0.299 seconds
[2025-06-16T22:23:11.477-0300] {processor.py:157} INFO - Started process (PID=60995) to work on /mnt/c/Users/arcan/Documents/airflow/.venv/lib/python3.10/site-packages/airflow/example_dags/example_external_task_marker_dag.py
[2025-06-16T22:23:11.480-0300] {processor.py:829} INFO - Processing file /mnt/c/Users/arcan/Documents/airflow/.venv/lib/python3.10/site-packages/airflow/example_dags/example_external_task_marker_dag.py for tasks to queue
[2025-06-16T22:23:11.482-0300] {logging_mixin.py:154} INFO - [2025-06-16T22:23:11.481-0300] {dagbag.py:536} INFO - Filling up the DagBag from /mnt/c/Users/arcan/Documents/airflow/.venv/lib/python3.10/site-packages/airflow/example_dags/example_external_task_marker_dag.py
[2025-06-16T22:23:11.527-0300] {processor.py:839} INFO - DAG(s) dict_keys(['example_external_task_marker_child', 'example_external_task_marker_parent']) retrieved from /mnt/c/Users/arcan/Documents/airflow/.venv/lib/python3.10/site-packages/airflow/example_dags/example_external_task_marker_dag.py
[2025-06-16T22:23:11.592-0300] {logging_mixin.py:154} INFO - [2025-06-16T22:23:11.592-0300] {dag.py:2941} INFO - Sync 2 DAGs
[2025-06-16T22:23:11.615-0300] {logging_mixin.py:154} INFO - [2025-06-16T22:23:11.615-0300] {dag.py:3722} INFO - Setting next_dagrun for example_external_task_marker_child to None, run_after=None
[2025-06-16T22:23:11.623-0300] {logging_mixin.py:154} INFO - [2025-06-16T22:23:11.623-0300] {dag.py:3722} INFO - Setting next_dagrun for example_external_task_marker_parent to None, run_after=None
[2025-06-16T22:23:11.756-0300] {processor.py:179} INFO - Processing /mnt/c/Users/arcan/Documents/airflow/.venv/lib/python3.10/site-packages/airflow/example_dags/example_external_task_marker_dag.py took 0.285 seconds
[2025-06-16T22:24:37.085-0300] {processor.py:157} INFO - Started process (PID=61360) to work on /mnt/c/Users/arcan/Documents/airflow/.venv/lib/python3.10/site-packages/airflow/example_dags/example_external_task_marker_dag.py
[2025-06-16T22:24:37.088-0300] {processor.py:829} INFO - Processing file /mnt/c/Users/arcan/Documents/airflow/.venv/lib/python3.10/site-packages/airflow/example_dags/example_external_task_marker_dag.py for tasks to queue
[2025-06-16T22:24:37.091-0300] {logging_mixin.py:154} INFO - [2025-06-16T22:24:37.090-0300] {dagbag.py:536} INFO - Filling up the DagBag from /mnt/c/Users/arcan/Documents/airflow/.venv/lib/python3.10/site-packages/airflow/example_dags/example_external_task_marker_dag.py
[2025-06-16T22:24:37.139-0300] {processor.py:839} INFO - DAG(s) dict_keys(['example_external_task_marker_parent', 'example_external_task_marker_child']) retrieved from /mnt/c/Users/arcan/Documents/airflow/.venv/lib/python3.10/site-packages/airflow/example_dags/example_external_task_marker_dag.py
[2025-06-16T22:24:37.216-0300] {logging_mixin.py:154} INFO - [2025-06-16T22:24:37.215-0300] {dag.py:2941} INFO - Sync 2 DAGs
[2025-06-16T22:24:37.243-0300] {logging_mixin.py:154} INFO - [2025-06-16T22:24:37.243-0300] {dag.py:3722} INFO - Setting next_dagrun for example_external_task_marker_child to None, run_after=None
[2025-06-16T22:24:37.252-0300] {logging_mixin.py:154} INFO - [2025-06-16T22:24:37.252-0300] {dag.py:3722} INFO - Setting next_dagrun for example_external_task_marker_parent to None, run_after=None
[2025-06-16T22:24:37.382-0300] {processor.py:179} INFO - Processing /mnt/c/Users/arcan/Documents/airflow/.venv/lib/python3.10/site-packages/airflow/example_dags/example_external_task_marker_dag.py took 0.303 seconds
[2025-06-16T22:25:55.692-0300] {processor.py:157} INFO - Started process (PID=61590) to work on /mnt/c/Users/arcan/Documents/airflow/.venv/lib/python3.10/site-packages/airflow/example_dags/example_external_task_marker_dag.py
[2025-06-16T22:25:55.695-0300] {processor.py:829} INFO - Processing file /mnt/c/Users/arcan/Documents/airflow/.venv/lib/python3.10/site-packages/airflow/example_dags/example_external_task_marker_dag.py for tasks to queue
[2025-06-16T22:25:55.697-0300] {logging_mixin.py:154} INFO - [2025-06-16T22:25:55.696-0300] {dagbag.py:536} INFO - Filling up the DagBag from /mnt/c/Users/arcan/Documents/airflow/.venv/lib/python3.10/site-packages/airflow/example_dags/example_external_task_marker_dag.py
[2025-06-16T22:25:55.747-0300] {processor.py:839} INFO - DAG(s) dict_keys(['example_external_task_marker_parent', 'example_external_task_marker_child']) retrieved from /mnt/c/Users/arcan/Documents/airflow/.venv/lib/python3.10/site-packages/airflow/example_dags/example_external_task_marker_dag.py
[2025-06-16T22:25:55.829-0300] {logging_mixin.py:154} INFO - [2025-06-16T22:25:55.828-0300] {dag.py:2941} INFO - Sync 2 DAGs
[2025-06-16T22:25:55.855-0300] {logging_mixin.py:154} INFO - [2025-06-16T22:25:55.855-0300] {dag.py:3722} INFO - Setting next_dagrun for example_external_task_marker_child to None, run_after=None
[2025-06-16T22:25:55.866-0300] {logging_mixin.py:154} INFO - [2025-06-16T22:25:55.865-0300] {dag.py:3722} INFO - Setting next_dagrun for example_external_task_marker_parent to None, run_after=None
[2025-06-16T22:25:56.025-0300] {processor.py:179} INFO - Processing /mnt/c/Users/arcan/Documents/airflow/.venv/lib/python3.10/site-packages/airflow/example_dags/example_external_task_marker_dag.py took 0.342 seconds
[2025-06-16T22:27:17.315-0300] {processor.py:157} INFO - Started process (PID=61818) to work on /mnt/c/Users/arcan/Documents/airflow/.venv/lib/python3.10/site-packages/airflow/example_dags/example_external_task_marker_dag.py
[2025-06-16T22:27:17.318-0300] {processor.py:829} INFO - Processing file /mnt/c/Users/arcan/Documents/airflow/.venv/lib/python3.10/site-packages/airflow/example_dags/example_external_task_marker_dag.py for tasks to queue
[2025-06-16T22:27:17.321-0300] {logging_mixin.py:154} INFO - [2025-06-16T22:27:17.320-0300] {dagbag.py:536} INFO - Filling up the DagBag from /mnt/c/Users/arcan/Documents/airflow/.venv/lib/python3.10/site-packages/airflow/example_dags/example_external_task_marker_dag.py
[2025-06-16T22:27:17.371-0300] {processor.py:839} INFO - DAG(s) dict_keys(['example_external_task_marker_child', 'example_external_task_marker_parent']) retrieved from /mnt/c/Users/arcan/Documents/airflow/.venv/lib/python3.10/site-packages/airflow/example_dags/example_external_task_marker_dag.py
[2025-06-16T22:27:17.454-0300] {logging_mixin.py:154} INFO - [2025-06-16T22:27:17.453-0300] {dag.py:2941} INFO - Sync 2 DAGs
[2025-06-16T22:27:17.486-0300] {logging_mixin.py:154} INFO - [2025-06-16T22:27:17.486-0300] {dag.py:3722} INFO - Setting next_dagrun for example_external_task_marker_child to None, run_after=None
[2025-06-16T22:27:17.497-0300] {logging_mixin.py:154} INFO - [2025-06-16T22:27:17.496-0300] {dag.py:3722} INFO - Setting next_dagrun for example_external_task_marker_parent to None, run_after=None
[2025-06-16T22:27:17.627-0300] {processor.py:179} INFO - Processing /mnt/c/Users/arcan/Documents/airflow/.venv/lib/python3.10/site-packages/airflow/example_dags/example_external_task_marker_dag.py took 0.321 seconds
[2025-06-16T22:28:35.564-0300] {processor.py:157} INFO - Started process (PID=62047) to work on /mnt/c/Users/arcan/Documents/airflow/.venv/lib/python3.10/site-packages/airflow/example_dags/example_external_task_marker_dag.py
[2025-06-16T22:28:35.567-0300] {processor.py:829} INFO - Processing file /mnt/c/Users/arcan/Documents/airflow/.venv/lib/python3.10/site-packages/airflow/example_dags/example_external_task_marker_dag.py for tasks to queue
[2025-06-16T22:28:35.569-0300] {logging_mixin.py:154} INFO - [2025-06-16T22:28:35.568-0300] {dagbag.py:536} INFO - Filling up the DagBag from /mnt/c/Users/arcan/Documents/airflow/.venv/lib/python3.10/site-packages/airflow/example_dags/example_external_task_marker_dag.py
[2025-06-16T22:28:35.609-0300] {processor.py:839} INFO - DAG(s) dict_keys(['example_external_task_marker_parent', 'example_external_task_marker_child']) retrieved from /mnt/c/Users/arcan/Documents/airflow/.venv/lib/python3.10/site-packages/airflow/example_dags/example_external_task_marker_dag.py
[2025-06-16T22:28:35.703-0300] {logging_mixin.py:154} INFO - [2025-06-16T22:28:35.703-0300] {dag.py:2941} INFO - Sync 2 DAGs
[2025-06-16T22:28:35.736-0300] {logging_mixin.py:154} INFO - [2025-06-16T22:28:35.735-0300] {dag.py:3722} INFO - Setting next_dagrun for example_external_task_marker_child to None, run_after=None
[2025-06-16T22:28:35.745-0300] {logging_mixin.py:154} INFO - [2025-06-16T22:28:35.745-0300] {dag.py:3722} INFO - Setting next_dagrun for example_external_task_marker_parent to None, run_after=None
[2025-06-16T22:28:35.883-0300] {processor.py:179} INFO - Processing /mnt/c/Users/arcan/Documents/airflow/.venv/lib/python3.10/site-packages/airflow/example_dags/example_external_task_marker_dag.py took 0.325 seconds
[2025-06-16T22:29:56.087-0300] {processor.py:157} INFO - Started process (PID=62275) to work on /mnt/c/Users/arcan/Documents/airflow/.venv/lib/python3.10/site-packages/airflow/example_dags/example_external_task_marker_dag.py
[2025-06-16T22:29:56.089-0300] {processor.py:829} INFO - Processing file /mnt/c/Users/arcan/Documents/airflow/.venv/lib/python3.10/site-packages/airflow/example_dags/example_external_task_marker_dag.py for tasks to queue
[2025-06-16T22:29:56.092-0300] {logging_mixin.py:154} INFO - [2025-06-16T22:29:56.091-0300] {dagbag.py:536} INFO - Filling up the DagBag from /mnt/c/Users/arcan/Documents/airflow/.venv/lib/python3.10/site-packages/airflow/example_dags/example_external_task_marker_dag.py
[2025-06-16T22:29:56.139-0300] {processor.py:839} INFO - DAG(s) dict_keys(['example_external_task_marker_child', 'example_external_task_marker_parent']) retrieved from /mnt/c/Users/arcan/Documents/airflow/.venv/lib/python3.10/site-packages/airflow/example_dags/example_external_task_marker_dag.py
[2025-06-16T22:29:56.210-0300] {logging_mixin.py:154} INFO - [2025-06-16T22:29:56.210-0300] {dag.py:2941} INFO - Sync 2 DAGs
[2025-06-16T22:29:56.240-0300] {logging_mixin.py:154} INFO - [2025-06-16T22:29:56.239-0300] {dag.py:3722} INFO - Setting next_dagrun for example_external_task_marker_child to None, run_after=None
[2025-06-16T22:29:56.249-0300] {logging_mixin.py:154} INFO - [2025-06-16T22:29:56.249-0300] {dag.py:3722} INFO - Setting next_dagrun for example_external_task_marker_parent to None, run_after=None
[2025-06-16T22:29:56.395-0300] {processor.py:179} INFO - Processing /mnt/c/Users/arcan/Documents/airflow/.venv/lib/python3.10/site-packages/airflow/example_dags/example_external_task_marker_dag.py took 0.315 seconds
[2025-06-16T22:31:09.411-0300] {processor.py:157} INFO - Started process (PID=62490) to work on /mnt/c/Users/arcan/Documents/airflow/.venv/lib/python3.10/site-packages/airflow/example_dags/example_external_task_marker_dag.py
[2025-06-16T22:31:09.413-0300] {processor.py:829} INFO - Processing file /mnt/c/Users/arcan/Documents/airflow/.venv/lib/python3.10/site-packages/airflow/example_dags/example_external_task_marker_dag.py for tasks to queue
[2025-06-16T22:31:09.416-0300] {logging_mixin.py:154} INFO - [2025-06-16T22:31:09.415-0300] {dagbag.py:536} INFO - Filling up the DagBag from /mnt/c/Users/arcan/Documents/airflow/.venv/lib/python3.10/site-packages/airflow/example_dags/example_external_task_marker_dag.py
[2025-06-16T22:31:09.469-0300] {processor.py:839} INFO - DAG(s) dict_keys(['example_external_task_marker_child', 'example_external_task_marker_parent']) retrieved from /mnt/c/Users/arcan/Documents/airflow/.venv/lib/python3.10/site-packages/airflow/example_dags/example_external_task_marker_dag.py
[2025-06-16T22:31:09.544-0300] {logging_mixin.py:154} INFO - [2025-06-16T22:31:09.544-0300] {dag.py:2941} INFO - Sync 2 DAGs
[2025-06-16T22:31:09.571-0300] {logging_mixin.py:154} INFO - [2025-06-16T22:31:09.570-0300] {dag.py:3722} INFO - Setting next_dagrun for example_external_task_marker_child to None, run_after=None
[2025-06-16T22:31:09.580-0300] {logging_mixin.py:154} INFO - [2025-06-16T22:31:09.580-0300] {dag.py:3722} INFO - Setting next_dagrun for example_external_task_marker_parent to None, run_after=None
[2025-06-16T22:31:09.776-0300] {processor.py:179} INFO - Processing /mnt/c/Users/arcan/Documents/airflow/.venv/lib/python3.10/site-packages/airflow/example_dags/example_external_task_marker_dag.py took 0.373 seconds
[2025-06-16T22:32:52.421-0300] {processor.py:157} INFO - Started process (PID=62863) to work on /mnt/c/Users/arcan/Documents/airflow/.venv/lib/python3.10/site-packages/airflow/example_dags/example_external_task_marker_dag.py
[2025-06-16T22:32:52.424-0300] {processor.py:829} INFO - Processing file /mnt/c/Users/arcan/Documents/airflow/.venv/lib/python3.10/site-packages/airflow/example_dags/example_external_task_marker_dag.py for tasks to queue
[2025-06-16T22:32:52.428-0300] {logging_mixin.py:154} INFO - [2025-06-16T22:32:52.427-0300] {dagbag.py:536} INFO - Filling up the DagBag from /mnt/c/Users/arcan/Documents/airflow/.venv/lib/python3.10/site-packages/airflow/example_dags/example_external_task_marker_dag.py
[2025-06-16T22:32:52.480-0300] {processor.py:839} INFO - DAG(s) dict_keys(['example_external_task_marker_child', 'example_external_task_marker_parent']) retrieved from /mnt/c/Users/arcan/Documents/airflow/.venv/lib/python3.10/site-packages/airflow/example_dags/example_external_task_marker_dag.py
[2025-06-16T22:32:52.549-0300] {logging_mixin.py:154} INFO - [2025-06-16T22:32:52.548-0300] {dag.py:2941} INFO - Sync 2 DAGs
[2025-06-16T22:32:52.573-0300] {logging_mixin.py:154} INFO - [2025-06-16T22:32:52.572-0300] {dag.py:3722} INFO - Setting next_dagrun for example_external_task_marker_child to None, run_after=None
[2025-06-16T22:32:52.582-0300] {logging_mixin.py:154} INFO - [2025-06-16T22:32:52.581-0300] {dag.py:3722} INFO - Setting next_dagrun for example_external_task_marker_parent to None, run_after=None
[2025-06-16T22:32:52.709-0300] {processor.py:179} INFO - Processing /mnt/c/Users/arcan/Documents/airflow/.venv/lib/python3.10/site-packages/airflow/example_dags/example_external_task_marker_dag.py took 0.298 seconds
[2025-06-17T20:51:04.522-0300] {processor.py:157} INFO - Started process (PID=63674) to work on /mnt/c/Users/arcan/Documents/airflow/.venv/lib/python3.10/site-packages/airflow/example_dags/example_external_task_marker_dag.py
[2025-06-17T20:51:04.525-0300] {processor.py:829} INFO - Processing file /mnt/c/Users/arcan/Documents/airflow/.venv/lib/python3.10/site-packages/airflow/example_dags/example_external_task_marker_dag.py for tasks to queue
[2025-06-17T20:51:04.528-0300] {logging_mixin.py:154} INFO - [2025-06-17T20:51:04.527-0300] {dagbag.py:536} INFO - Filling up the DagBag from /mnt/c/Users/arcan/Documents/airflow/.venv/lib/python3.10/site-packages/airflow/example_dags/example_external_task_marker_dag.py
[2025-06-17T20:51:04.580-0300] {processor.py:839} INFO - DAG(s) dict_keys(['example_external_task_marker_parent', 'example_external_task_marker_child']) retrieved from /mnt/c/Users/arcan/Documents/airflow/.venv/lib/python3.10/site-packages/airflow/example_dags/example_external_task_marker_dag.py
[2025-06-17T20:51:04.660-0300] {logging_mixin.py:154} INFO - [2025-06-17T20:51:04.659-0300] {dag.py:2941} INFO - Sync 2 DAGs
[2025-06-17T20:51:04.683-0300] {logging_mixin.py:154} INFO - [2025-06-17T20:51:04.683-0300] {dag.py:3722} INFO - Setting next_dagrun for example_external_task_marker_child to None, run_after=None
[2025-06-17T20:51:04.692-0300] {logging_mixin.py:154} INFO - [2025-06-17T20:51:04.691-0300] {dag.py:3722} INFO - Setting next_dagrun for example_external_task_marker_parent to None, run_after=None
[2025-06-17T20:51:04.826-0300] {processor.py:179} INFO - Processing /mnt/c/Users/arcan/Documents/airflow/.venv/lib/python3.10/site-packages/airflow/example_dags/example_external_task_marker_dag.py took 0.312 seconds
[2025-06-17T20:52:28.588-0300] {processor.py:157} INFO - Started process (PID=63886) to work on /mnt/c/Users/arcan/Documents/airflow/.venv/lib/python3.10/site-packages/airflow/example_dags/example_external_task_marker_dag.py
[2025-06-17T20:52:28.591-0300] {processor.py:829} INFO - Processing file /mnt/c/Users/arcan/Documents/airflow/.venv/lib/python3.10/site-packages/airflow/example_dags/example_external_task_marker_dag.py for tasks to queue
[2025-06-17T20:52:28.593-0300] {logging_mixin.py:154} INFO - [2025-06-17T20:52:28.592-0300] {dagbag.py:536} INFO - Filling up the DagBag from /mnt/c/Users/arcan/Documents/airflow/.venv/lib/python3.10/site-packages/airflow/example_dags/example_external_task_marker_dag.py
[2025-06-17T20:52:28.642-0300] {processor.py:839} INFO - DAG(s) dict_keys(['example_external_task_marker_parent', 'example_external_task_marker_child']) retrieved from /mnt/c/Users/arcan/Documents/airflow/.venv/lib/python3.10/site-packages/airflow/example_dags/example_external_task_marker_dag.py
[2025-06-17T20:52:28.713-0300] {logging_mixin.py:154} INFO - [2025-06-17T20:52:28.713-0300] {dag.py:2941} INFO - Sync 2 DAGs
[2025-06-17T20:52:28.740-0300] {logging_mixin.py:154} INFO - [2025-06-17T20:52:28.740-0300] {dag.py:3722} INFO - Setting next_dagrun for example_external_task_marker_child to None, run_after=None
[2025-06-17T20:52:28.749-0300] {logging_mixin.py:154} INFO - [2025-06-17T20:52:28.749-0300] {dag.py:3722} INFO - Setting next_dagrun for example_external_task_marker_parent to None, run_after=None
[2025-06-17T20:52:28.879-0300] {processor.py:179} INFO - Processing /mnt/c/Users/arcan/Documents/airflow/.venv/lib/python3.10/site-packages/airflow/example_dags/example_external_task_marker_dag.py took 0.299 seconds
[2025-06-17T20:53:49.316-0300] {processor.py:157} INFO - Started process (PID=64232) to work on /mnt/c/Users/arcan/Documents/airflow/.venv/lib/python3.10/site-packages/airflow/example_dags/example_external_task_marker_dag.py
[2025-06-17T20:53:49.318-0300] {processor.py:829} INFO - Processing file /mnt/c/Users/arcan/Documents/airflow/.venv/lib/python3.10/site-packages/airflow/example_dags/example_external_task_marker_dag.py for tasks to queue
[2025-06-17T20:53:49.320-0300] {logging_mixin.py:154} INFO - [2025-06-17T20:53:49.319-0300] {dagbag.py:536} INFO - Filling up the DagBag from /mnt/c/Users/arcan/Documents/airflow/.venv/lib/python3.10/site-packages/airflow/example_dags/example_external_task_marker_dag.py
[2025-06-17T20:53:49.361-0300] {processor.py:839} INFO - DAG(s) dict_keys(['example_external_task_marker_parent', 'example_external_task_marker_child']) retrieved from /mnt/c/Users/arcan/Documents/airflow/.venv/lib/python3.10/site-packages/airflow/example_dags/example_external_task_marker_dag.py
[2025-06-17T20:53:49.436-0300] {logging_mixin.py:154} INFO - [2025-06-17T20:53:49.436-0300] {dag.py:2941} INFO - Sync 2 DAGs
[2025-06-17T20:53:49.467-0300] {logging_mixin.py:154} INFO - [2025-06-17T20:53:49.466-0300] {dag.py:3722} INFO - Setting next_dagrun for example_external_task_marker_child to None, run_after=None
[2025-06-17T20:53:49.478-0300] {logging_mixin.py:154} INFO - [2025-06-17T20:53:49.477-0300] {dag.py:3722} INFO - Setting next_dagrun for example_external_task_marker_parent to None, run_after=None
[2025-06-17T20:53:49.594-0300] {processor.py:179} INFO - Processing /mnt/c/Users/arcan/Documents/airflow/.venv/lib/python3.10/site-packages/airflow/example_dags/example_external_task_marker_dag.py took 0.284 seconds
[2025-06-17T20:54:57.472-0300] {processor.py:157} INFO - Started process (PID=64433) to work on /mnt/c/Users/arcan/Documents/airflow/.venv/lib/python3.10/site-packages/airflow/example_dags/example_external_task_marker_dag.py
[2025-06-17T20:54:57.476-0300] {processor.py:829} INFO - Processing file /mnt/c/Users/arcan/Documents/airflow/.venv/lib/python3.10/site-packages/airflow/example_dags/example_external_task_marker_dag.py for tasks to queue
[2025-06-17T20:54:57.479-0300] {logging_mixin.py:154} INFO - [2025-06-17T20:54:57.478-0300] {dagbag.py:536} INFO - Filling up the DagBag from /mnt/c/Users/arcan/Documents/airflow/.venv/lib/python3.10/site-packages/airflow/example_dags/example_external_task_marker_dag.py
[2025-06-17T20:54:57.519-0300] {processor.py:839} INFO - DAG(s) dict_keys(['example_external_task_marker_child', 'example_external_task_marker_parent']) retrieved from /mnt/c/Users/arcan/Documents/airflow/.venv/lib/python3.10/site-packages/airflow/example_dags/example_external_task_marker_dag.py
[2025-06-17T20:54:57.584-0300] {logging_mixin.py:154} INFO - [2025-06-17T20:54:57.584-0300] {dag.py:2941} INFO - Sync 2 DAGs
[2025-06-17T20:54:57.608-0300] {logging_mixin.py:154} INFO - [2025-06-17T20:54:57.608-0300] {dag.py:3722} INFO - Setting next_dagrun for example_external_task_marker_child to None, run_after=None
[2025-06-17T20:54:57.615-0300] {logging_mixin.py:154} INFO - [2025-06-17T20:54:57.615-0300] {dag.py:3722} INFO - Setting next_dagrun for example_external_task_marker_parent to None, run_after=None
[2025-06-17T20:54:57.736-0300] {processor.py:179} INFO - Processing /mnt/c/Users/arcan/Documents/airflow/.venv/lib/python3.10/site-packages/airflow/example_dags/example_external_task_marker_dag.py took 0.269 seconds
[2025-06-17T20:56:09.944-0300] {processor.py:157} INFO - Started process (PID=64642) to work on /mnt/c/Users/arcan/Documents/airflow/.venv/lib/python3.10/site-packages/airflow/example_dags/example_external_task_marker_dag.py
[2025-06-17T20:56:09.946-0300] {processor.py:829} INFO - Processing file /mnt/c/Users/arcan/Documents/airflow/.venv/lib/python3.10/site-packages/airflow/example_dags/example_external_task_marker_dag.py for tasks to queue
[2025-06-17T20:56:09.948-0300] {logging_mixin.py:154} INFO - [2025-06-17T20:56:09.947-0300] {dagbag.py:536} INFO - Filling up the DagBag from /mnt/c/Users/arcan/Documents/airflow/.venv/lib/python3.10/site-packages/airflow/example_dags/example_external_task_marker_dag.py
[2025-06-17T20:56:09.986-0300] {processor.py:839} INFO - DAG(s) dict_keys(['example_external_task_marker_parent', 'example_external_task_marker_child']) retrieved from /mnt/c/Users/arcan/Documents/airflow/.venv/lib/python3.10/site-packages/airflow/example_dags/example_external_task_marker_dag.py
[2025-06-17T20:56:10.045-0300] {logging_mixin.py:154} INFO - [2025-06-17T20:56:10.045-0300] {dag.py:2941} INFO - Sync 2 DAGs
[2025-06-17T20:56:10.067-0300] {logging_mixin.py:154} INFO - [2025-06-17T20:56:10.066-0300] {dag.py:3722} INFO - Setting next_dagrun for example_external_task_marker_child to None, run_after=None
[2025-06-17T20:56:10.074-0300] {logging_mixin.py:154} INFO - [2025-06-17T20:56:10.073-0300] {dag.py:3722} INFO - Setting next_dagrun for example_external_task_marker_parent to None, run_after=None
[2025-06-17T20:56:10.185-0300] {processor.py:179} INFO - Processing /mnt/c/Users/arcan/Documents/airflow/.venv/lib/python3.10/site-packages/airflow/example_dags/example_external_task_marker_dag.py took 0.248 seconds
