[2025-06-16T22:04:02.612-0300] {processor.py:157} INFO - Started process (PID=57327) to work on /mnt/c/Users/arcan/Documents/airflow/.venv/lib/python3.10/site-packages/airflow/example_dags/example_kubernetes_executor.py
[2025-06-16T22:04:02.614-0300] {processor.py:829} INFO - Processing file /mnt/c/Users/arcan/Documents/airflow/.venv/lib/python3.10/site-packages/airflow/example_dags/example_kubernetes_executor.py for tasks to queue
[2025-06-16T22:04:02.615-0300] {logging_mixin.py:154} INFO - [2025-06-16T22:04:02.615-0300] {dagbag.py:536} INFO - Filling up the DagBag from /mnt/c/Users/arcan/Documents/airflow/.venv/lib/python3.10/site-packages/airflow/example_dags/example_kubernetes_executor.py
[2025-06-16T22:04:02.659-0300] {logging_mixin.py:154} INFO - [2025-06-16T22:04:02.658-0300] {example_kubernetes_executor.py:38} WARNING - The example_kubernetes_executor example DAG requires the kubernetes provider. Please install it with: pip install apache-airflow[cncf.kubernetes]
[2025-06-16T22:04:02.660-0300] {processor.py:841} WARNING - No viable dags retrieved from /mnt/c/Users/arcan/Documents/airflow/.venv/lib/python3.10/site-packages/airflow/example_dags/example_kubernetes_executor.py
[2025-06-16T22:04:02.695-0300] {processor.py:179} INFO - Processing /mnt/c/Users/arcan/Documents/airflow/.venv/lib/python3.10/site-packages/airflow/example_dags/example_kubernetes_executor.py took 0.089 seconds
[2025-06-16T22:05:14.878-0300] {processor.py:157} INFO - Started process (PID=57573) to work on /mnt/c/Users/arcan/Documents/airflow/.venv/lib/python3.10/site-packages/airflow/example_dags/example_kubernetes_executor.py
[2025-06-16T22:05:14.882-0300] {processor.py:829} INFO - Processing file /mnt/c/Users/arcan/Documents/airflow/.venv/lib/python3.10/site-packages/airflow/example_dags/example_kubernetes_executor.py for tasks to queue
[2025-06-16T22:05:14.885-0300] {logging_mixin.py:154} INFO - [2025-06-16T22:05:14.884-0300] {dagbag.py:536} INFO - Filling up the DagBag from /mnt/c/Users/arcan/Documents/airflow/.venv/lib/python3.10/site-packages/airflow/example_dags/example_kubernetes_executor.py
[2025-06-16T22:05:14.942-0300] {logging_mixin.py:154} INFO - [2025-06-16T22:05:14.941-0300] {example_kubernetes_executor.py:38} WARNING - The example_kubernetes_executor example DAG requires the kubernetes provider. Please install it with: pip install apache-airflow[cncf.kubernetes]
[2025-06-16T22:05:14.944-0300] {processor.py:841} WARNING - No viable dags retrieved from /mnt/c/Users/arcan/Documents/airflow/.venv/lib/python3.10/site-packages/airflow/example_dags/example_kubernetes_executor.py
[2025-06-16T22:05:14.994-0300] {processor.py:179} INFO - Processing /mnt/c/Users/arcan/Documents/airflow/.venv/lib/python3.10/site-packages/airflow/example_dags/example_kubernetes_executor.py took 0.125 seconds
[2025-06-16T22:06:27.637-0300] {processor.py:157} INFO - Started process (PID=57788) to work on /mnt/c/Users/arcan/Documents/airflow/.venv/lib/python3.10/site-packages/airflow/example_dags/example_kubernetes_executor.py
[2025-06-16T22:06:27.639-0300] {processor.py:829} INFO - Processing file /mnt/c/Users/arcan/Documents/airflow/.venv/lib/python3.10/site-packages/airflow/example_dags/example_kubernetes_executor.py for tasks to queue
[2025-06-16T22:06:27.641-0300] {logging_mixin.py:154} INFO - [2025-06-16T22:06:27.641-0300] {dagbag.py:536} INFO - Filling up the DagBag from /mnt/c/Users/arcan/Documents/airflow/.venv/lib/python3.10/site-packages/airflow/example_dags/example_kubernetes_executor.py
[2025-06-16T22:06:27.687-0300] {logging_mixin.py:154} INFO - [2025-06-16T22:06:27.686-0300] {example_kubernetes_executor.py:38} WARNING - The example_kubernetes_executor example DAG requires the kubernetes provider. Please install it with: pip install apache-airflow[cncf.kubernetes]
[2025-06-16T22:06:27.688-0300] {processor.py:841} WARNING - No viable dags retrieved from /mnt/c/Users/arcan/Documents/airflow/.venv/lib/python3.10/site-packages/airflow/example_dags/example_kubernetes_executor.py
[2025-06-16T22:06:27.734-0300] {processor.py:179} INFO - Processing /mnt/c/Users/arcan/Documents/airflow/.venv/lib/python3.10/site-packages/airflow/example_dags/example_kubernetes_executor.py took 0.103 seconds
[2025-06-16T22:07:39.119-0300] {processor.py:157} INFO - Started process (PID=57993) to work on /mnt/c/Users/arcan/Documents/airflow/.venv/lib/python3.10/site-packages/airflow/example_dags/example_kubernetes_executor.py
[2025-06-16T22:07:39.121-0300] {processor.py:829} INFO - Processing file /mnt/c/Users/arcan/Documents/airflow/.venv/lib/python3.10/site-packages/airflow/example_dags/example_kubernetes_executor.py for tasks to queue
[2025-06-16T22:07:39.123-0300] {logging_mixin.py:154} INFO - [2025-06-16T22:07:39.122-0300] {dagbag.py:536} INFO - Filling up the DagBag from /mnt/c/Users/arcan/Documents/airflow/.venv/lib/python3.10/site-packages/airflow/example_dags/example_kubernetes_executor.py
[2025-06-16T22:07:39.157-0300] {logging_mixin.py:154} INFO - [2025-06-16T22:07:39.157-0300] {example_kubernetes_executor.py:38} WARNING - The example_kubernetes_executor example DAG requires the kubernetes provider. Please install it with: pip install apache-airflow[cncf.kubernetes]
[2025-06-16T22:07:39.158-0300] {processor.py:841} WARNING - No viable dags retrieved from /mnt/c/Users/arcan/Documents/airflow/.venv/lib/python3.10/site-packages/airflow/example_dags/example_kubernetes_executor.py
[2025-06-16T22:07:39.192-0300] {processor.py:179} INFO - Processing /mnt/c/Users/arcan/Documents/airflow/.venv/lib/python3.10/site-packages/airflow/example_dags/example_kubernetes_executor.py took 0.077 seconds
[2025-06-16T22:08:53.288-0300] {processor.py:157} INFO - Started process (PID=58335) to work on /mnt/c/Users/arcan/Documents/airflow/.venv/lib/python3.10/site-packages/airflow/example_dags/example_kubernetes_executor.py
[2025-06-16T22:08:53.290-0300] {processor.py:829} INFO - Processing file /mnt/c/Users/arcan/Documents/airflow/.venv/lib/python3.10/site-packages/airflow/example_dags/example_kubernetes_executor.py for tasks to queue
[2025-06-16T22:08:53.291-0300] {logging_mixin.py:154} INFO - [2025-06-16T22:08:53.291-0300] {dagbag.py:536} INFO - Filling up the DagBag from /mnt/c/Users/arcan/Documents/airflow/.venv/lib/python3.10/site-packages/airflow/example_dags/example_kubernetes_executor.py
[2025-06-16T22:08:53.321-0300] {logging_mixin.py:154} INFO - [2025-06-16T22:08:53.321-0300] {example_kubernetes_executor.py:38} WARNING - The example_kubernetes_executor example DAG requires the kubernetes provider. Please install it with: pip install apache-airflow[cncf.kubernetes]
[2025-06-16T22:08:53.322-0300] {processor.py:841} WARNING - No viable dags retrieved from /mnt/c/Users/arcan/Documents/airflow/.venv/lib/python3.10/site-packages/airflow/example_dags/example_kubernetes_executor.py
[2025-06-16T22:08:53.353-0300] {processor.py:179} INFO - Processing /mnt/c/Users/arcan/Documents/airflow/.venv/lib/python3.10/site-packages/airflow/example_dags/example_kubernetes_executor.py took 0.070 seconds
[2025-06-16T22:09:58.530-0300] {processor.py:157} INFO - Started process (PID=58535) to work on /mnt/c/Users/arcan/Documents/airflow/.venv/lib/python3.10/site-packages/airflow/example_dags/example_kubernetes_executor.py
[2025-06-16T22:09:58.532-0300] {processor.py:829} INFO - Processing file /mnt/c/Users/arcan/Documents/airflow/.venv/lib/python3.10/site-packages/airflow/example_dags/example_kubernetes_executor.py for tasks to queue
[2025-06-16T22:09:58.533-0300] {logging_mixin.py:154} INFO - [2025-06-16T22:09:58.533-0300] {dagbag.py:536} INFO - Filling up the DagBag from /mnt/c/Users/arcan/Documents/airflow/.venv/lib/python3.10/site-packages/airflow/example_dags/example_kubernetes_executor.py
[2025-06-16T22:09:58.567-0300] {logging_mixin.py:154} INFO - [2025-06-16T22:09:58.567-0300] {example_kubernetes_executor.py:38} WARNING - The example_kubernetes_executor example DAG requires the kubernetes provider. Please install it with: pip install apache-airflow[cncf.kubernetes]
[2025-06-16T22:09:58.568-0300] {processor.py:841} WARNING - No viable dags retrieved from /mnt/c/Users/arcan/Documents/airflow/.venv/lib/python3.10/site-packages/airflow/example_dags/example_kubernetes_executor.py
[2025-06-16T22:09:58.600-0300] {processor.py:179} INFO - Processing /mnt/c/Users/arcan/Documents/airflow/.venv/lib/python3.10/site-packages/airflow/example_dags/example_kubernetes_executor.py took 0.074 seconds
[2025-06-16T22:11:03.233-0300] {processor.py:157} INFO - Started process (PID=58726) to work on /mnt/c/Users/arcan/Documents/airflow/.venv/lib/python3.10/site-packages/airflow/example_dags/example_kubernetes_executor.py
[2025-06-16T22:11:03.234-0300] {processor.py:829} INFO - Processing file /mnt/c/Users/arcan/Documents/airflow/.venv/lib/python3.10/site-packages/airflow/example_dags/example_kubernetes_executor.py for tasks to queue
[2025-06-16T22:11:03.236-0300] {logging_mixin.py:154} INFO - [2025-06-16T22:11:03.236-0300] {dagbag.py:536} INFO - Filling up the DagBag from /mnt/c/Users/arcan/Documents/airflow/.venv/lib/python3.10/site-packages/airflow/example_dags/example_kubernetes_executor.py
[2025-06-16T22:11:03.275-0300] {logging_mixin.py:154} INFO - [2025-06-16T22:11:03.275-0300] {example_kubernetes_executor.py:38} WARNING - The example_kubernetes_executor example DAG requires the kubernetes provider. Please install it with: pip install apache-airflow[cncf.kubernetes]
[2025-06-16T22:11:03.277-0300] {processor.py:841} WARNING - No viable dags retrieved from /mnt/c/Users/arcan/Documents/airflow/.venv/lib/python3.10/site-packages/airflow/example_dags/example_kubernetes_executor.py
[2025-06-16T22:11:03.322-0300] {processor.py:179} INFO - Processing /mnt/c/Users/arcan/Documents/airflow/.venv/lib/python3.10/site-packages/airflow/example_dags/example_kubernetes_executor.py took 0.094 seconds
[2025-06-16T22:12:01.856-0300] {processor.py:157} INFO - Started process (PID=58908) to work on /mnt/c/Users/arcan/Documents/airflow/.venv/lib/python3.10/site-packages/airflow/example_dags/example_kubernetes_executor.py
[2025-06-16T22:12:01.858-0300] {processor.py:829} INFO - Processing file /mnt/c/Users/arcan/Documents/airflow/.venv/lib/python3.10/site-packages/airflow/example_dags/example_kubernetes_executor.py for tasks to queue
[2025-06-16T22:12:01.860-0300] {logging_mixin.py:154} INFO - [2025-06-16T22:12:01.860-0300] {dagbag.py:536} INFO - Filling up the DagBag from /mnt/c/Users/arcan/Documents/airflow/.venv/lib/python3.10/site-packages/airflow/example_dags/example_kubernetes_executor.py
[2025-06-16T22:12:01.891-0300] {logging_mixin.py:154} INFO - [2025-06-16T22:12:01.891-0300] {example_kubernetes_executor.py:38} WARNING - The example_kubernetes_executor example DAG requires the kubernetes provider. Please install it with: pip install apache-airflow[cncf.kubernetes]
[2025-06-16T22:12:01.892-0300] {processor.py:841} WARNING - No viable dags retrieved from /mnt/c/Users/arcan/Documents/airflow/.venv/lib/python3.10/site-packages/airflow/example_dags/example_kubernetes_executor.py
[2025-06-16T22:12:01.923-0300] {processor.py:179} INFO - Processing /mnt/c/Users/arcan/Documents/airflow/.venv/lib/python3.10/site-packages/airflow/example_dags/example_kubernetes_executor.py took 0.073 seconds
[2025-06-16T22:13:00.803-0300] {processor.py:157} INFO - Started process (PID=59084) to work on /mnt/c/Users/arcan/Documents/airflow/.venv/lib/python3.10/site-packages/airflow/example_dags/example_kubernetes_executor.py
[2025-06-16T22:13:00.805-0300] {processor.py:829} INFO - Processing file /mnt/c/Users/arcan/Documents/airflow/.venv/lib/python3.10/site-packages/airflow/example_dags/example_kubernetes_executor.py for tasks to queue
[2025-06-16T22:13:00.807-0300] {logging_mixin.py:154} INFO - [2025-06-16T22:13:00.806-0300] {dagbag.py:536} INFO - Filling up the DagBag from /mnt/c/Users/arcan/Documents/airflow/.venv/lib/python3.10/site-packages/airflow/example_dags/example_kubernetes_executor.py
[2025-06-16T22:13:00.839-0300] {logging_mixin.py:154} INFO - [2025-06-16T22:13:00.838-0300] {example_kubernetes_executor.py:38} WARNING - The example_kubernetes_executor example DAG requires the kubernetes provider. Please install it with: pip install apache-airflow[cncf.kubernetes]
[2025-06-16T22:13:00.839-0300] {processor.py:841} WARNING - No viable dags retrieved from /mnt/c/Users/arcan/Documents/airflow/.venv/lib/python3.10/site-packages/airflow/example_dags/example_kubernetes_executor.py
[2025-06-16T22:13:00.872-0300] {processor.py:179} INFO - Processing /mnt/c/Users/arcan/Documents/airflow/.venv/lib/python3.10/site-packages/airflow/example_dags/example_kubernetes_executor.py took 0.073 seconds
[2025-06-16T22:14:08.571-0300] {processor.py:157} INFO - Started process (PID=59288) to work on /mnt/c/Users/arcan/Documents/airflow/.venv/lib/python3.10/site-packages/airflow/example_dags/example_kubernetes_executor.py
[2025-06-16T22:14:08.574-0300] {processor.py:829} INFO - Processing file /mnt/c/Users/arcan/Documents/airflow/.venv/lib/python3.10/site-packages/airflow/example_dags/example_kubernetes_executor.py for tasks to queue
[2025-06-16T22:14:08.576-0300] {logging_mixin.py:154} INFO - [2025-06-16T22:14:08.575-0300] {dagbag.py:536} INFO - Filling up the DagBag from /mnt/c/Users/arcan/Documents/airflow/.venv/lib/python3.10/site-packages/airflow/example_dags/example_kubernetes_executor.py
[2025-06-16T22:14:08.616-0300] {logging_mixin.py:154} INFO - [2025-06-16T22:14:08.616-0300] {example_kubernetes_executor.py:38} WARNING - The example_kubernetes_executor example DAG requires the kubernetes provider. Please install it with: pip install apache-airflow[cncf.kubernetes]
[2025-06-16T22:14:08.617-0300] {processor.py:841} WARNING - No viable dags retrieved from /mnt/c/Users/arcan/Documents/airflow/.venv/lib/python3.10/site-packages/airflow/example_dags/example_kubernetes_executor.py
[2025-06-16T22:14:08.654-0300] {processor.py:179} INFO - Processing /mnt/c/Users/arcan/Documents/airflow/.venv/lib/python3.10/site-packages/airflow/example_dags/example_kubernetes_executor.py took 0.087 seconds
[2025-06-16T22:15:16.595-0300] {processor.py:157} INFO - Started process (PID=59488) to work on /mnt/c/Users/arcan/Documents/airflow/.venv/lib/python3.10/site-packages/airflow/example_dags/example_kubernetes_executor.py
[2025-06-16T22:15:16.597-0300] {processor.py:829} INFO - Processing file /mnt/c/Users/arcan/Documents/airflow/.venv/lib/python3.10/site-packages/airflow/example_dags/example_kubernetes_executor.py for tasks to queue
[2025-06-16T22:15:16.599-0300] {logging_mixin.py:154} INFO - [2025-06-16T22:15:16.598-0300] {dagbag.py:536} INFO - Filling up the DagBag from /mnt/c/Users/arcan/Documents/airflow/.venv/lib/python3.10/site-packages/airflow/example_dags/example_kubernetes_executor.py
[2025-06-16T22:15:16.638-0300] {logging_mixin.py:154} INFO - [2025-06-16T22:15:16.637-0300] {example_kubernetes_executor.py:38} WARNING - The example_kubernetes_executor example DAG requires the kubernetes provider. Please install it with: pip install apache-airflow[cncf.kubernetes]
[2025-06-16T22:15:16.639-0300] {processor.py:841} WARNING - No viable dags retrieved from /mnt/c/Users/arcan/Documents/airflow/.venv/lib/python3.10/site-packages/airflow/example_dags/example_kubernetes_executor.py
[2025-06-16T22:15:16.679-0300] {processor.py:179} INFO - Processing /mnt/c/Users/arcan/Documents/airflow/.venv/lib/python3.10/site-packages/airflow/example_dags/example_kubernetes_executor.py took 0.089 seconds
[2025-06-16T22:16:29.191-0300] {processor.py:157} INFO - Started process (PID=59826) to work on /mnt/c/Users/arcan/Documents/airflow/.venv/lib/python3.10/site-packages/airflow/example_dags/example_kubernetes_executor.py
[2025-06-16T22:16:29.193-0300] {processor.py:829} INFO - Processing file /mnt/c/Users/arcan/Documents/airflow/.venv/lib/python3.10/site-packages/airflow/example_dags/example_kubernetes_executor.py for tasks to queue
[2025-06-16T22:16:29.195-0300] {logging_mixin.py:154} INFO - [2025-06-16T22:16:29.194-0300] {dagbag.py:536} INFO - Filling up the DagBag from /mnt/c/Users/arcan/Documents/airflow/.venv/lib/python3.10/site-packages/airflow/example_dags/example_kubernetes_executor.py
[2025-06-16T22:16:29.225-0300] {logging_mixin.py:154} INFO - [2025-06-16T22:16:29.225-0300] {example_kubernetes_executor.py:38} WARNING - The example_kubernetes_executor example DAG requires the kubernetes provider. Please install it with: pip install apache-airflow[cncf.kubernetes]
[2025-06-16T22:16:29.226-0300] {processor.py:841} WARNING - No viable dags retrieved from /mnt/c/Users/arcan/Documents/airflow/.venv/lib/python3.10/site-packages/airflow/example_dags/example_kubernetes_executor.py
[2025-06-16T22:16:29.258-0300] {processor.py:179} INFO - Processing /mnt/c/Users/arcan/Documents/airflow/.venv/lib/python3.10/site-packages/airflow/example_dags/example_kubernetes_executor.py took 0.072 seconds
[2025-06-16T22:17:35.387-0300] {processor.py:157} INFO - Started process (PID=60029) to work on /mnt/c/Users/arcan/Documents/airflow/.venv/lib/python3.10/site-packages/airflow/example_dags/example_kubernetes_executor.py
[2025-06-16T22:17:35.390-0300] {processor.py:829} INFO - Processing file /mnt/c/Users/arcan/Documents/airflow/.venv/lib/python3.10/site-packages/airflow/example_dags/example_kubernetes_executor.py for tasks to queue
[2025-06-16T22:17:35.393-0300] {logging_mixin.py:154} INFO - [2025-06-16T22:17:35.392-0300] {dagbag.py:536} INFO - Filling up the DagBag from /mnt/c/Users/arcan/Documents/airflow/.venv/lib/python3.10/site-packages/airflow/example_dags/example_kubernetes_executor.py
[2025-06-16T22:17:35.444-0300] {logging_mixin.py:154} INFO - [2025-06-16T22:17:35.444-0300] {example_kubernetes_executor.py:38} WARNING - The example_kubernetes_executor example DAG requires the kubernetes provider. Please install it with: pip install apache-airflow[cncf.kubernetes]
[2025-06-16T22:17:35.445-0300] {processor.py:841} WARNING - No viable dags retrieved from /mnt/c/Users/arcan/Documents/airflow/.venv/lib/python3.10/site-packages/airflow/example_dags/example_kubernetes_executor.py
[2025-06-16T22:17:35.493-0300] {processor.py:179} INFO - Processing /mnt/c/Users/arcan/Documents/airflow/.venv/lib/python3.10/site-packages/airflow/example_dags/example_kubernetes_executor.py took 0.113 seconds
[2025-06-16T22:19:01.693-0300] {processor.py:157} INFO - Started process (PID=60279) to work on /mnt/c/Users/arcan/Documents/airflow/.venv/lib/python3.10/site-packages/airflow/example_dags/example_kubernetes_executor.py
[2025-06-16T22:19:01.696-0300] {processor.py:829} INFO - Processing file /mnt/c/Users/arcan/Documents/airflow/.venv/lib/python3.10/site-packages/airflow/example_dags/example_kubernetes_executor.py for tasks to queue
[2025-06-16T22:19:01.698-0300] {logging_mixin.py:154} INFO - [2025-06-16T22:19:01.697-0300] {dagbag.py:536} INFO - Filling up the DagBag from /mnt/c/Users/arcan/Documents/airflow/.venv/lib/python3.10/site-packages/airflow/example_dags/example_kubernetes_executor.py
[2025-06-16T22:19:01.746-0300] {logging_mixin.py:154} INFO - [2025-06-16T22:19:01.746-0300] {example_kubernetes_executor.py:38} WARNING - The example_kubernetes_executor example DAG requires the kubernetes provider. Please install it with: pip install apache-airflow[cncf.kubernetes]
[2025-06-16T22:19:01.747-0300] {processor.py:841} WARNING - No viable dags retrieved from /mnt/c/Users/arcan/Documents/airflow/.venv/lib/python3.10/site-packages/airflow/example_dags/example_kubernetes_executor.py
[2025-06-16T22:19:01.794-0300] {processor.py:179} INFO - Processing /mnt/c/Users/arcan/Documents/airflow/.venv/lib/python3.10/site-packages/airflow/example_dags/example_kubernetes_executor.py took 0.108 seconds
[2025-06-16T22:20:27.204-0300] {processor.py:157} INFO - Started process (PID=60526) to work on /mnt/c/Users/arcan/Documents/airflow/.venv/lib/python3.10/site-packages/airflow/example_dags/example_kubernetes_executor.py
[2025-06-16T22:20:27.207-0300] {processor.py:829} INFO - Processing file /mnt/c/Users/arcan/Documents/airflow/.venv/lib/python3.10/site-packages/airflow/example_dags/example_kubernetes_executor.py for tasks to queue
[2025-06-16T22:20:27.209-0300] {logging_mixin.py:154} INFO - [2025-06-16T22:20:27.208-0300] {dagbag.py:536} INFO - Filling up the DagBag from /mnt/c/Users/arcan/Documents/airflow/.venv/lib/python3.10/site-packages/airflow/example_dags/example_kubernetes_executor.py
[2025-06-16T22:20:27.254-0300] {logging_mixin.py:154} INFO - [2025-06-16T22:20:27.253-0300] {example_kubernetes_executor.py:38} WARNING - The example_kubernetes_executor example DAG requires the kubernetes provider. Please install it with: pip install apache-airflow[cncf.kubernetes]
[2025-06-16T22:20:27.254-0300] {processor.py:841} WARNING - No viable dags retrieved from /mnt/c/Users/arcan/Documents/airflow/.venv/lib/python3.10/site-packages/airflow/example_dags/example_kubernetes_executor.py
[2025-06-16T22:20:27.296-0300] {processor.py:179} INFO - Processing /mnt/c/Users/arcan/Documents/airflow/.venv/lib/python3.10/site-packages/airflow/example_dags/example_kubernetes_executor.py took 0.099 seconds
[2025-06-16T22:21:47.823-0300] {processor.py:157} INFO - Started process (PID=60751) to work on /mnt/c/Users/arcan/Documents/airflow/.venv/lib/python3.10/site-packages/airflow/example_dags/example_kubernetes_executor.py
[2025-06-16T22:21:47.826-0300] {processor.py:829} INFO - Processing file /mnt/c/Users/arcan/Documents/airflow/.venv/lib/python3.10/site-packages/airflow/example_dags/example_kubernetes_executor.py for tasks to queue
[2025-06-16T22:21:47.829-0300] {logging_mixin.py:154} INFO - [2025-06-16T22:21:47.828-0300] {dagbag.py:536} INFO - Filling up the DagBag from /mnt/c/Users/arcan/Documents/airflow/.venv/lib/python3.10/site-packages/airflow/example_dags/example_kubernetes_executor.py
[2025-06-16T22:21:47.881-0300] {logging_mixin.py:154} INFO - [2025-06-16T22:21:47.881-0300] {example_kubernetes_executor.py:38} WARNING - The example_kubernetes_executor example DAG requires the kubernetes provider. Please install it with: pip install apache-airflow[cncf.kubernetes]
[2025-06-16T22:21:47.882-0300] {processor.py:841} WARNING - No viable dags retrieved from /mnt/c/Users/arcan/Documents/airflow/.venv/lib/python3.10/site-packages/airflow/example_dags/example_kubernetes_executor.py
[2025-06-16T22:21:47.927-0300] {processor.py:179} INFO - Processing /mnt/c/Users/arcan/Documents/airflow/.venv/lib/python3.10/site-packages/airflow/example_dags/example_kubernetes_executor.py took 0.112 seconds
[2025-06-16T22:23:10.697-0300] {processor.py:157} INFO - Started process (PID=60994) to work on /mnt/c/Users/arcan/Documents/airflow/.venv/lib/python3.10/site-packages/airflow/example_dags/example_kubernetes_executor.py
[2025-06-16T22:23:10.699-0300] {processor.py:829} INFO - Processing file /mnt/c/Users/arcan/Documents/airflow/.venv/lib/python3.10/site-packages/airflow/example_dags/example_kubernetes_executor.py for tasks to queue
[2025-06-16T22:23:10.702-0300] {logging_mixin.py:154} INFO - [2025-06-16T22:23:10.701-0300] {dagbag.py:536} INFO - Filling up the DagBag from /mnt/c/Users/arcan/Documents/airflow/.venv/lib/python3.10/site-packages/airflow/example_dags/example_kubernetes_executor.py
[2025-06-16T22:23:10.755-0300] {logging_mixin.py:154} INFO - [2025-06-16T22:23:10.755-0300] {example_kubernetes_executor.py:38} WARNING - The example_kubernetes_executor example DAG requires the kubernetes provider. Please install it with: pip install apache-airflow[cncf.kubernetes]
[2025-06-16T22:23:10.756-0300] {processor.py:841} WARNING - No viable dags retrieved from /mnt/c/Users/arcan/Documents/airflow/.venv/lib/python3.10/site-packages/airflow/example_dags/example_kubernetes_executor.py
[2025-06-16T22:23:10.803-0300] {processor.py:179} INFO - Processing /mnt/c/Users/arcan/Documents/airflow/.venv/lib/python3.10/site-packages/airflow/example_dags/example_kubernetes_executor.py took 0.115 seconds
[2025-06-16T22:24:35.543-0300] {processor.py:157} INFO - Started process (PID=61355) to work on /mnt/c/Users/arcan/Documents/airflow/.venv/lib/python3.10/site-packages/airflow/example_dags/example_kubernetes_executor.py
[2025-06-16T22:24:35.545-0300] {processor.py:829} INFO - Processing file /mnt/c/Users/arcan/Documents/airflow/.venv/lib/python3.10/site-packages/airflow/example_dags/example_kubernetes_executor.py for tasks to queue
[2025-06-16T22:24:35.548-0300] {logging_mixin.py:154} INFO - [2025-06-16T22:24:35.547-0300] {dagbag.py:536} INFO - Filling up the DagBag from /mnt/c/Users/arcan/Documents/airflow/.venv/lib/python3.10/site-packages/airflow/example_dags/example_kubernetes_executor.py
[2025-06-16T22:24:35.599-0300] {logging_mixin.py:154} INFO - [2025-06-16T22:24:35.599-0300] {example_kubernetes_executor.py:38} WARNING - The example_kubernetes_executor example DAG requires the kubernetes provider. Please install it with: pip install apache-airflow[cncf.kubernetes]
[2025-06-16T22:24:35.601-0300] {processor.py:841} WARNING - No viable dags retrieved from /mnt/c/Users/arcan/Documents/airflow/.venv/lib/python3.10/site-packages/airflow/example_dags/example_kubernetes_executor.py
[2025-06-16T22:24:35.649-0300] {processor.py:179} INFO - Processing /mnt/c/Users/arcan/Documents/airflow/.venv/lib/python3.10/site-packages/airflow/example_dags/example_kubernetes_executor.py took 0.116 seconds
[2025-06-16T22:25:54.134-0300] {processor.py:157} INFO - Started process (PID=61583) to work on /mnt/c/Users/arcan/Documents/airflow/.venv/lib/python3.10/site-packages/airflow/example_dags/example_kubernetes_executor.py
[2025-06-16T22:25:54.136-0300] {processor.py:829} INFO - Processing file /mnt/c/Users/arcan/Documents/airflow/.venv/lib/python3.10/site-packages/airflow/example_dags/example_kubernetes_executor.py for tasks to queue
[2025-06-16T22:25:54.139-0300] {logging_mixin.py:154} INFO - [2025-06-16T22:25:54.138-0300] {dagbag.py:536} INFO - Filling up the DagBag from /mnt/c/Users/arcan/Documents/airflow/.venv/lib/python3.10/site-packages/airflow/example_dags/example_kubernetes_executor.py
[2025-06-16T22:25:54.191-0300] {logging_mixin.py:154} INFO - [2025-06-16T22:25:54.191-0300] {example_kubernetes_executor.py:38} WARNING - The example_kubernetes_executor example DAG requires the kubernetes provider. Please install it with: pip install apache-airflow[cncf.kubernetes]
[2025-06-16T22:25:54.192-0300] {processor.py:841} WARNING - No viable dags retrieved from /mnt/c/Users/arcan/Documents/airflow/.venv/lib/python3.10/site-packages/airflow/example_dags/example_kubernetes_executor.py
[2025-06-16T22:25:54.239-0300] {processor.py:179} INFO - Processing /mnt/c/Users/arcan/Documents/airflow/.venv/lib/python3.10/site-packages/airflow/example_dags/example_kubernetes_executor.py took 0.111 seconds
[2025-06-16T22:27:16.621-0300] {processor.py:157} INFO - Started process (PID=61817) to work on /mnt/c/Users/arcan/Documents/airflow/.venv/lib/python3.10/site-packages/airflow/example_dags/example_kubernetes_executor.py
[2025-06-16T22:27:16.624-0300] {processor.py:829} INFO - Processing file /mnt/c/Users/arcan/Documents/airflow/.venv/lib/python3.10/site-packages/airflow/example_dags/example_kubernetes_executor.py for tasks to queue
[2025-06-16T22:27:16.626-0300] {logging_mixin.py:154} INFO - [2025-06-16T22:27:16.625-0300] {dagbag.py:536} INFO - Filling up the DagBag from /mnt/c/Users/arcan/Documents/airflow/.venv/lib/python3.10/site-packages/airflow/example_dags/example_kubernetes_executor.py
[2025-06-16T22:27:16.683-0300] {logging_mixin.py:154} INFO - [2025-06-16T22:27:16.683-0300] {example_kubernetes_executor.py:38} WARNING - The example_kubernetes_executor example DAG requires the kubernetes provider. Please install it with: pip install apache-airflow[cncf.kubernetes]
[2025-06-16T22:27:16.684-0300] {processor.py:841} WARNING - No viable dags retrieved from /mnt/c/Users/arcan/Documents/airflow/.venv/lib/python3.10/site-packages/airflow/example_dags/example_kubernetes_executor.py
[2025-06-16T22:27:16.740-0300] {processor.py:179} INFO - Processing /mnt/c/Users/arcan/Documents/airflow/.venv/lib/python3.10/site-packages/airflow/example_dags/example_kubernetes_executor.py took 0.125 seconds
[2025-06-16T22:28:34.165-0300] {processor.py:157} INFO - Started process (PID=62040) to work on /mnt/c/Users/arcan/Documents/airflow/.venv/lib/python3.10/site-packages/airflow/example_dags/example_kubernetes_executor.py
[2025-06-16T22:28:34.169-0300] {processor.py:829} INFO - Processing file /mnt/c/Users/arcan/Documents/airflow/.venv/lib/python3.10/site-packages/airflow/example_dags/example_kubernetes_executor.py for tasks to queue
[2025-06-16T22:28:34.172-0300] {logging_mixin.py:154} INFO - [2025-06-16T22:28:34.171-0300] {dagbag.py:536} INFO - Filling up the DagBag from /mnt/c/Users/arcan/Documents/airflow/.venv/lib/python3.10/site-packages/airflow/example_dags/example_kubernetes_executor.py
[2025-06-16T22:28:34.221-0300] {logging_mixin.py:154} INFO - [2025-06-16T22:28:34.221-0300] {example_kubernetes_executor.py:38} WARNING - The example_kubernetes_executor example DAG requires the kubernetes provider. Please install it with: pip install apache-airflow[cncf.kubernetes]
[2025-06-16T22:28:34.223-0300] {processor.py:841} WARNING - No viable dags retrieved from /mnt/c/Users/arcan/Documents/airflow/.venv/lib/python3.10/site-packages/airflow/example_dags/example_kubernetes_executor.py
[2025-06-16T22:28:34.278-0300] {processor.py:179} INFO - Processing /mnt/c/Users/arcan/Documents/airflow/.venv/lib/python3.10/site-packages/airflow/example_dags/example_kubernetes_executor.py took 0.124 seconds
[2025-06-16T22:29:54.768-0300] {processor.py:157} INFO - Started process (PID=62274) to work on /mnt/c/Users/arcan/Documents/airflow/.venv/lib/python3.10/site-packages/airflow/example_dags/example_kubernetes_executor.py
[2025-06-16T22:29:54.772-0300] {processor.py:829} INFO - Processing file /mnt/c/Users/arcan/Documents/airflow/.venv/lib/python3.10/site-packages/airflow/example_dags/example_kubernetes_executor.py for tasks to queue
[2025-06-16T22:29:54.776-0300] {logging_mixin.py:154} INFO - [2025-06-16T22:29:54.775-0300] {dagbag.py:536} INFO - Filling up the DagBag from /mnt/c/Users/arcan/Documents/airflow/.venv/lib/python3.10/site-packages/airflow/example_dags/example_kubernetes_executor.py
[2025-06-16T22:29:54.833-0300] {logging_mixin.py:154} INFO - [2025-06-16T22:29:54.833-0300] {example_kubernetes_executor.py:38} WARNING - The example_kubernetes_executor example DAG requires the kubernetes provider. Please install it with: pip install apache-airflow[cncf.kubernetes]
[2025-06-16T22:29:54.834-0300] {processor.py:841} WARNING - No viable dags retrieved from /mnt/c/Users/arcan/Documents/airflow/.venv/lib/python3.10/site-packages/airflow/example_dags/example_kubernetes_executor.py
[2025-06-16T22:29:54.884-0300] {processor.py:179} INFO - Processing /mnt/c/Users/arcan/Documents/airflow/.venv/lib/python3.10/site-packages/airflow/example_dags/example_kubernetes_executor.py took 0.122 seconds
[2025-06-16T22:31:07.970-0300] {processor.py:157} INFO - Started process (PID=62483) to work on /mnt/c/Users/arcan/Documents/airflow/.venv/lib/python3.10/site-packages/airflow/example_dags/example_kubernetes_executor.py
[2025-06-16T22:31:07.973-0300] {processor.py:829} INFO - Processing file /mnt/c/Users/arcan/Documents/airflow/.venv/lib/python3.10/site-packages/airflow/example_dags/example_kubernetes_executor.py for tasks to queue
[2025-06-16T22:31:07.976-0300] {logging_mixin.py:154} INFO - [2025-06-16T22:31:07.975-0300] {dagbag.py:536} INFO - Filling up the DagBag from /mnt/c/Users/arcan/Documents/airflow/.venv/lib/python3.10/site-packages/airflow/example_dags/example_kubernetes_executor.py
[2025-06-16T22:31:08.031-0300] {logging_mixin.py:154} INFO - [2025-06-16T22:31:08.031-0300] {example_kubernetes_executor.py:38} WARNING - The example_kubernetes_executor example DAG requires the kubernetes provider. Please install it with: pip install apache-airflow[cncf.kubernetes]
[2025-06-16T22:31:08.032-0300] {processor.py:841} WARNING - No viable dags retrieved from /mnt/c/Users/arcan/Documents/airflow/.venv/lib/python3.10/site-packages/airflow/example_dags/example_kubernetes_executor.py
[2025-06-16T22:31:08.076-0300] {processor.py:179} INFO - Processing /mnt/c/Users/arcan/Documents/airflow/.venv/lib/python3.10/site-packages/airflow/example_dags/example_kubernetes_executor.py took 0.113 seconds
[2025-06-16T22:32:51.699-0300] {processor.py:157} INFO - Started process (PID=62862) to work on /mnt/c/Users/arcan/Documents/airflow/.venv/lib/python3.10/site-packages/airflow/example_dags/example_kubernetes_executor.py
[2025-06-16T22:32:51.701-0300] {processor.py:829} INFO - Processing file /mnt/c/Users/arcan/Documents/airflow/.venv/lib/python3.10/site-packages/airflow/example_dags/example_kubernetes_executor.py for tasks to queue
[2025-06-16T22:32:51.704-0300] {logging_mixin.py:154} INFO - [2025-06-16T22:32:51.703-0300] {dagbag.py:536} INFO - Filling up the DagBag from /mnt/c/Users/arcan/Documents/airflow/.venv/lib/python3.10/site-packages/airflow/example_dags/example_kubernetes_executor.py
[2025-06-16T22:32:51.753-0300] {logging_mixin.py:154} INFO - [2025-06-16T22:32:51.753-0300] {example_kubernetes_executor.py:38} WARNING - The example_kubernetes_executor example DAG requires the kubernetes provider. Please install it with: pip install apache-airflow[cncf.kubernetes]
[2025-06-16T22:32:51.755-0300] {processor.py:841} WARNING - No viable dags retrieved from /mnt/c/Users/arcan/Documents/airflow/.venv/lib/python3.10/site-packages/airflow/example_dags/example_kubernetes_executor.py
[2025-06-16T22:32:51.803-0300] {processor.py:179} INFO - Processing /mnt/c/Users/arcan/Documents/airflow/.venv/lib/python3.10/site-packages/airflow/example_dags/example_kubernetes_executor.py took 0.111 seconds
[2025-06-17T20:51:03.085-0300] {processor.py:157} INFO - Started process (PID=63671) to work on /mnt/c/Users/arcan/Documents/airflow/.venv/lib/python3.10/site-packages/airflow/example_dags/example_kubernetes_executor.py
[2025-06-17T20:51:03.089-0300] {processor.py:829} INFO - Processing file /mnt/c/Users/arcan/Documents/airflow/.venv/lib/python3.10/site-packages/airflow/example_dags/example_kubernetes_executor.py for tasks to queue
[2025-06-17T20:51:03.091-0300] {logging_mixin.py:154} INFO - [2025-06-17T20:51:03.090-0300] {dagbag.py:536} INFO - Filling up the DagBag from /mnt/c/Users/arcan/Documents/airflow/.venv/lib/python3.10/site-packages/airflow/example_dags/example_kubernetes_executor.py
[2025-06-17T20:51:03.140-0300] {logging_mixin.py:154} INFO - [2025-06-17T20:51:03.140-0300] {example_kubernetes_executor.py:38} WARNING - The example_kubernetes_executor example DAG requires the kubernetes provider. Please install it with: pip install apache-airflow[cncf.kubernetes]
[2025-06-17T20:51:03.141-0300] {processor.py:841} WARNING - No viable dags retrieved from /mnt/c/Users/arcan/Documents/airflow/.venv/lib/python3.10/site-packages/airflow/example_dags/example_kubernetes_executor.py
[2025-06-17T20:51:03.194-0300] {processor.py:179} INFO - Processing /mnt/c/Users/arcan/Documents/airflow/.venv/lib/python3.10/site-packages/airflow/example_dags/example_kubernetes_executor.py took 0.115 seconds
[2025-06-17T20:52:27.192-0300] {processor.py:157} INFO - Started process (PID=63879) to work on /mnt/c/Users/arcan/Documents/airflow/.venv/lib/python3.10/site-packages/airflow/example_dags/example_kubernetes_executor.py
[2025-06-17T20:52:27.195-0300] {processor.py:829} INFO - Processing file /mnt/c/Users/arcan/Documents/airflow/.venv/lib/python3.10/site-packages/airflow/example_dags/example_kubernetes_executor.py for tasks to queue
[2025-06-17T20:52:27.198-0300] {logging_mixin.py:154} INFO - [2025-06-17T20:52:27.197-0300] {dagbag.py:536} INFO - Filling up the DagBag from /mnt/c/Users/arcan/Documents/airflow/.venv/lib/python3.10/site-packages/airflow/example_dags/example_kubernetes_executor.py
[2025-06-17T20:52:27.258-0300] {logging_mixin.py:154} INFO - [2025-06-17T20:52:27.258-0300] {example_kubernetes_executor.py:38} WARNING - The example_kubernetes_executor example DAG requires the kubernetes provider. Please install it with: pip install apache-airflow[cncf.kubernetes]
[2025-06-17T20:52:27.259-0300] {processor.py:841} WARNING - No viable dags retrieved from /mnt/c/Users/arcan/Documents/airflow/.venv/lib/python3.10/site-packages/airflow/example_dags/example_kubernetes_executor.py
[2025-06-17T20:52:27.310-0300] {processor.py:179} INFO - Processing /mnt/c/Users/arcan/Documents/airflow/.venv/lib/python3.10/site-packages/airflow/example_dags/example_kubernetes_executor.py took 0.127 seconds
[2025-06-17T20:53:47.917-0300] {processor.py:157} INFO - Started process (PID=64231) to work on /mnt/c/Users/arcan/Documents/airflow/.venv/lib/python3.10/site-packages/airflow/example_dags/example_kubernetes_executor.py
[2025-06-17T20:53:47.919-0300] {processor.py:829} INFO - Processing file /mnt/c/Users/arcan/Documents/airflow/.venv/lib/python3.10/site-packages/airflow/example_dags/example_kubernetes_executor.py for tasks to queue
[2025-06-17T20:53:47.921-0300] {logging_mixin.py:154} INFO - [2025-06-17T20:53:47.920-0300] {dagbag.py:536} INFO - Filling up the DagBag from /mnt/c/Users/arcan/Documents/airflow/.venv/lib/python3.10/site-packages/airflow/example_dags/example_kubernetes_executor.py
[2025-06-17T20:53:47.962-0300] {logging_mixin.py:154} INFO - [2025-06-17T20:53:47.962-0300] {example_kubernetes_executor.py:38} WARNING - The example_kubernetes_executor example DAG requires the kubernetes provider. Please install it with: pip install apache-airflow[cncf.kubernetes]
[2025-06-17T20:53:47.963-0300] {processor.py:841} WARNING - No viable dags retrieved from /mnt/c/Users/arcan/Documents/airflow/.venv/lib/python3.10/site-packages/airflow/example_dags/example_kubernetes_executor.py
[2025-06-17T20:53:48.003-0300] {processor.py:179} INFO - Processing /mnt/c/Users/arcan/Documents/airflow/.venv/lib/python3.10/site-packages/airflow/example_dags/example_kubernetes_executor.py took 0.091 seconds
[2025-06-17T20:54:56.174-0300] {processor.py:157} INFO - Started process (PID=64431) to work on /mnt/c/Users/arcan/Documents/airflow/.venv/lib/python3.10/site-packages/airflow/example_dags/example_kubernetes_executor.py
[2025-06-17T20:54:56.176-0300] {processor.py:829} INFO - Processing file /mnt/c/Users/arcan/Documents/airflow/.venv/lib/python3.10/site-packages/airflow/example_dags/example_kubernetes_executor.py for tasks to queue
[2025-06-17T20:54:56.178-0300] {logging_mixin.py:154} INFO - [2025-06-17T20:54:56.177-0300] {dagbag.py:536} INFO - Filling up the DagBag from /mnt/c/Users/arcan/Documents/airflow/.venv/lib/python3.10/site-packages/airflow/example_dags/example_kubernetes_executor.py
[2025-06-17T20:54:56.211-0300] {logging_mixin.py:154} INFO - [2025-06-17T20:54:56.211-0300] {example_kubernetes_executor.py:38} WARNING - The example_kubernetes_executor example DAG requires the kubernetes provider. Please install it with: pip install apache-airflow[cncf.kubernetes]
[2025-06-17T20:54:56.212-0300] {processor.py:841} WARNING - No viable dags retrieved from /mnt/c/Users/arcan/Documents/airflow/.venv/lib/python3.10/site-packages/airflow/example_dags/example_kubernetes_executor.py
[2025-06-17T20:54:56.251-0300] {processor.py:179} INFO - Processing /mnt/c/Users/arcan/Documents/airflow/.venv/lib/python3.10/site-packages/airflow/example_dags/example_kubernetes_executor.py took 0.080 seconds
[2025-06-17T20:56:09.199-0300] {processor.py:157} INFO - Started process (PID=64638) to work on /mnt/c/Users/arcan/Documents/airflow/.venv/lib/python3.10/site-packages/airflow/example_dags/example_kubernetes_executor.py
[2025-06-17T20:56:09.201-0300] {processor.py:829} INFO - Processing file /mnt/c/Users/arcan/Documents/airflow/.venv/lib/python3.10/site-packages/airflow/example_dags/example_kubernetes_executor.py for tasks to queue
[2025-06-17T20:56:09.204-0300] {logging_mixin.py:154} INFO - [2025-06-17T20:56:09.203-0300] {dagbag.py:536} INFO - Filling up the DagBag from /mnt/c/Users/arcan/Documents/airflow/.venv/lib/python3.10/site-packages/airflow/example_dags/example_kubernetes_executor.py
[2025-06-17T20:56:09.241-0300] {logging_mixin.py:154} INFO - [2025-06-17T20:56:09.240-0300] {example_kubernetes_executor.py:38} WARNING - The example_kubernetes_executor example DAG requires the kubernetes provider. Please install it with: pip install apache-airflow[cncf.kubernetes]
[2025-06-17T20:56:09.241-0300] {processor.py:841} WARNING - No viable dags retrieved from /mnt/c/Users/arcan/Documents/airflow/.venv/lib/python3.10/site-packages/airflow/example_dags/example_kubernetes_executor.py
[2025-06-17T20:56:09.274-0300] {processor.py:179} INFO - Processing /mnt/c/Users/arcan/Documents/airflow/.venv/lib/python3.10/site-packages/airflow/example_dags/example_kubernetes_executor.py took 0.084 seconds
