[2025-06-16T22:03:38.008-0300] {processor.py:157} INFO - Started process (PID=57253) to work on /mnt/c/Users/arcan/Documents/airflow/.venv/lib/python3.10/site-packages/airflow/example_dags/example_trigger_target_dag.py
[2025-06-16T22:03:38.010-0300] {processor.py:829} INFO - Processing file /mnt/c/Users/arcan/Documents/airflow/.venv/lib/python3.10/site-packages/airflow/example_dags/example_trigger_target_dag.py for tasks to queue
[2025-06-16T22:03:38.012-0300] {logging_mixin.py:154} INFO - [2025-06-16T22:03:38.011-0300] {dagbag.py:536} INFO - Filling up the DagBag from /mnt/c/Users/arcan/Documents/airflow/.venv/lib/python3.10/site-packages/airflow/example_dags/example_trigger_target_dag.py
[2025-06-16T22:03:38.058-0300] {processor.py:839} INFO - DAG(s) dict_keys(['example_trigger_target_dag']) retrieved from /mnt/c/Users/arcan/Documents/airflow/.venv/lib/python3.10/site-packages/airflow/example_dags/example_trigger_target_dag.py
[2025-06-16T22:03:38.112-0300] {logging_mixin.py:154} INFO - [2025-06-16T22:03:38.111-0300] {dag.py:2941} INFO - Sync 1 DAGs
[2025-06-16T22:03:38.139-0300] {logging_mixin.py:154} INFO - [2025-06-16T22:03:38.139-0300] {dag.py:3722} INFO - Setting next_dagrun for example_trigger_target_dag to None, run_after=None
[2025-06-16T22:03:38.249-0300] {processor.py:179} INFO - Processing /mnt/c/Users/arcan/Documents/airflow/.venv/lib/python3.10/site-packages/airflow/example_dags/example_trigger_target_dag.py took 0.246 seconds
[2025-06-16T22:04:36.228-0300] {processor.py:157} INFO - Started process (PID=57426) to work on /mnt/c/Users/arcan/Documents/airflow/.venv/lib/python3.10/site-packages/airflow/example_dags/example_trigger_target_dag.py
[2025-06-16T22:04:36.230-0300] {processor.py:829} INFO - Processing file /mnt/c/Users/arcan/Documents/airflow/.venv/lib/python3.10/site-packages/airflow/example_dags/example_trigger_target_dag.py for tasks to queue
[2025-06-16T22:04:36.231-0300] {logging_mixin.py:154} INFO - [2025-06-16T22:04:36.231-0300] {dagbag.py:536} INFO - Filling up the DagBag from /mnt/c/Users/arcan/Documents/airflow/.venv/lib/python3.10/site-packages/airflow/example_dags/example_trigger_target_dag.py
[2025-06-16T22:04:36.266-0300] {processor.py:839} INFO - DAG(s) dict_keys(['example_trigger_target_dag']) retrieved from /mnt/c/Users/arcan/Documents/airflow/.venv/lib/python3.10/site-packages/airflow/example_dags/example_trigger_target_dag.py
[2025-06-16T22:04:36.308-0300] {logging_mixin.py:154} INFO - [2025-06-16T22:04:36.308-0300] {dag.py:2941} INFO - Sync 1 DAGs
[2025-06-16T22:04:36.327-0300] {logging_mixin.py:154} INFO - [2025-06-16T22:04:36.327-0300] {dag.py:3722} INFO - Setting next_dagrun for example_trigger_target_dag to None, run_after=None
[2025-06-16T22:04:36.425-0300] {processor.py:179} INFO - Processing /mnt/c/Users/arcan/Documents/airflow/.venv/lib/python3.10/site-packages/airflow/example_dags/example_trigger_target_dag.py took 0.202 seconds
[2025-06-16T22:05:49.312-0300] {processor.py:157} INFO - Started process (PID=57674) to work on /mnt/c/Users/arcan/Documents/airflow/.venv/lib/python3.10/site-packages/airflow/example_dags/example_trigger_target_dag.py
[2025-06-16T22:05:49.314-0300] {processor.py:829} INFO - Processing file /mnt/c/Users/arcan/Documents/airflow/.venv/lib/python3.10/site-packages/airflow/example_dags/example_trigger_target_dag.py for tasks to queue
[2025-06-16T22:05:49.316-0300] {logging_mixin.py:154} INFO - [2025-06-16T22:05:49.315-0300] {dagbag.py:536} INFO - Filling up the DagBag from /mnt/c/Users/arcan/Documents/airflow/.venv/lib/python3.10/site-packages/airflow/example_dags/example_trigger_target_dag.py
[2025-06-16T22:05:49.361-0300] {processor.py:839} INFO - DAG(s) dict_keys(['example_trigger_target_dag']) retrieved from /mnt/c/Users/arcan/Documents/airflow/.venv/lib/python3.10/site-packages/airflow/example_dags/example_trigger_target_dag.py
[2025-06-16T22:05:49.416-0300] {logging_mixin.py:154} INFO - [2025-06-16T22:05:49.416-0300] {dag.py:2941} INFO - Sync 1 DAGs
[2025-06-16T22:05:49.438-0300] {logging_mixin.py:154} INFO - [2025-06-16T22:05:49.438-0300] {dag.py:3722} INFO - Setting next_dagrun for example_trigger_target_dag to None, run_after=None
[2025-06-16T22:05:49.545-0300] {processor.py:179} INFO - Processing /mnt/c/Users/arcan/Documents/airflow/.venv/lib/python3.10/site-packages/airflow/example_dags/example_trigger_target_dag.py took 0.238 seconds
[2025-06-16T22:06:58.746-0300] {processor.py:157} INFO - Started process (PID=57877) to work on /mnt/c/Users/arcan/Documents/airflow/.venv/lib/python3.10/site-packages/airflow/example_dags/example_trigger_target_dag.py
[2025-06-16T22:06:58.748-0300] {processor.py:829} INFO - Processing file /mnt/c/Users/arcan/Documents/airflow/.venv/lib/python3.10/site-packages/airflow/example_dags/example_trigger_target_dag.py for tasks to queue
[2025-06-16T22:06:58.750-0300] {logging_mixin.py:154} INFO - [2025-06-16T22:06:58.749-0300] {dagbag.py:536} INFO - Filling up the DagBag from /mnt/c/Users/arcan/Documents/airflow/.venv/lib/python3.10/site-packages/airflow/example_dags/example_trigger_target_dag.py
[2025-06-16T22:06:58.794-0300] {processor.py:839} INFO - DAG(s) dict_keys(['example_trigger_target_dag']) retrieved from /mnt/c/Users/arcan/Documents/airflow/.venv/lib/python3.10/site-packages/airflow/example_dags/example_trigger_target_dag.py
[2025-06-16T22:06:58.844-0300] {logging_mixin.py:154} INFO - [2025-06-16T22:06:58.843-0300] {dag.py:2941} INFO - Sync 1 DAGs
[2025-06-16T22:06:58.868-0300] {logging_mixin.py:154} INFO - [2025-06-16T22:06:58.868-0300] {dag.py:3722} INFO - Setting next_dagrun for example_trigger_target_dag to None, run_after=None
[2025-06-16T22:06:58.978-0300] {processor.py:179} INFO - Processing /mnt/c/Users/arcan/Documents/airflow/.venv/lib/python3.10/site-packages/airflow/example_dags/example_trigger_target_dag.py took 0.238 seconds
[2025-06-16T22:08:14.379-0300] {processor.py:157} INFO - Started process (PID=58097) to work on /mnt/c/Users/arcan/Documents/airflow/.venv/lib/python3.10/site-packages/airflow/example_dags/example_trigger_target_dag.py
[2025-06-16T22:08:14.380-0300] {processor.py:829} INFO - Processing file /mnt/c/Users/arcan/Documents/airflow/.venv/lib/python3.10/site-packages/airflow/example_dags/example_trigger_target_dag.py for tasks to queue
[2025-06-16T22:08:14.383-0300] {logging_mixin.py:154} INFO - [2025-06-16T22:08:14.382-0300] {dagbag.py:536} INFO - Filling up the DagBag from /mnt/c/Users/arcan/Documents/airflow/.venv/lib/python3.10/site-packages/airflow/example_dags/example_trigger_target_dag.py
[2025-06-16T22:08:14.417-0300] {processor.py:839} INFO - DAG(s) dict_keys(['example_trigger_target_dag']) retrieved from /mnt/c/Users/arcan/Documents/airflow/.venv/lib/python3.10/site-packages/airflow/example_dags/example_trigger_target_dag.py
[2025-06-16T22:08:14.458-0300] {logging_mixin.py:154} INFO - [2025-06-16T22:08:14.458-0300] {dag.py:2941} INFO - Sync 1 DAGs
[2025-06-16T22:08:14.474-0300] {logging_mixin.py:154} INFO - [2025-06-16T22:08:14.474-0300] {dag.py:3722} INFO - Setting next_dagrun for example_trigger_target_dag to None, run_after=None
[2025-06-16T22:08:14.560-0300] {processor.py:179} INFO - Processing /mnt/c/Users/arcan/Documents/airflow/.venv/lib/python3.10/site-packages/airflow/example_dags/example_trigger_target_dag.py took 0.186 seconds
[2025-06-16T22:09:22.860-0300] {processor.py:157} INFO - Started process (PID=58422) to work on /mnt/c/Users/arcan/Documents/airflow/.venv/lib/python3.10/site-packages/airflow/example_dags/example_trigger_target_dag.py
[2025-06-16T22:09:22.862-0300] {processor.py:829} INFO - Processing file /mnt/c/Users/arcan/Documents/airflow/.venv/lib/python3.10/site-packages/airflow/example_dags/example_trigger_target_dag.py for tasks to queue
[2025-06-16T22:09:22.864-0300] {logging_mixin.py:154} INFO - [2025-06-16T22:09:22.863-0300] {dagbag.py:536} INFO - Filling up the DagBag from /mnt/c/Users/arcan/Documents/airflow/.venv/lib/python3.10/site-packages/airflow/example_dags/example_trigger_target_dag.py
[2025-06-16T22:09:22.900-0300] {processor.py:839} INFO - DAG(s) dict_keys(['example_trigger_target_dag']) retrieved from /mnt/c/Users/arcan/Documents/airflow/.venv/lib/python3.10/site-packages/airflow/example_dags/example_trigger_target_dag.py
[2025-06-16T22:09:22.949-0300] {logging_mixin.py:154} INFO - [2025-06-16T22:09:22.949-0300] {dag.py:2941} INFO - Sync 1 DAGs
[2025-06-16T22:09:22.968-0300] {logging_mixin.py:154} INFO - [2025-06-16T22:09:22.968-0300] {dag.py:3722} INFO - Setting next_dagrun for example_trigger_target_dag to None, run_after=None
[2025-06-16T22:09:23.064-0300] {processor.py:179} INFO - Processing /mnt/c/Users/arcan/Documents/airflow/.venv/lib/python3.10/site-packages/airflow/example_dags/example_trigger_target_dag.py took 0.210 seconds
[2025-06-16T22:10:26.581-0300] {processor.py:157} INFO - Started process (PID=58613) to work on /mnt/c/Users/arcan/Documents/airflow/.venv/lib/python3.10/site-packages/airflow/example_dags/example_trigger_target_dag.py
[2025-06-16T22:10:26.583-0300] {processor.py:829} INFO - Processing file /mnt/c/Users/arcan/Documents/airflow/.venv/lib/python3.10/site-packages/airflow/example_dags/example_trigger_target_dag.py for tasks to queue
[2025-06-16T22:10:26.585-0300] {logging_mixin.py:154} INFO - [2025-06-16T22:10:26.584-0300] {dagbag.py:536} INFO - Filling up the DagBag from /mnt/c/Users/arcan/Documents/airflow/.venv/lib/python3.10/site-packages/airflow/example_dags/example_trigger_target_dag.py
[2025-06-16T22:10:26.615-0300] {processor.py:839} INFO - DAG(s) dict_keys(['example_trigger_target_dag']) retrieved from /mnt/c/Users/arcan/Documents/airflow/.venv/lib/python3.10/site-packages/airflow/example_dags/example_trigger_target_dag.py
[2025-06-16T22:10:26.661-0300] {logging_mixin.py:154} INFO - [2025-06-16T22:10:26.661-0300] {dag.py:2941} INFO - Sync 1 DAGs
[2025-06-16T22:10:26.679-0300] {logging_mixin.py:154} INFO - [2025-06-16T22:10:26.679-0300] {dag.py:3722} INFO - Setting next_dagrun for example_trigger_target_dag to None, run_after=None
[2025-06-16T22:10:26.769-0300] {processor.py:179} INFO - Processing /mnt/c/Users/arcan/Documents/airflow/.venv/lib/python3.10/site-packages/airflow/example_dags/example_trigger_target_dag.py took 0.192 seconds
[2025-06-16T22:11:29.316-0300] {processor.py:157} INFO - Started process (PID=58805) to work on /mnt/c/Users/arcan/Documents/airflow/.venv/lib/python3.10/site-packages/airflow/example_dags/example_trigger_target_dag.py
[2025-06-16T22:11:29.318-0300] {processor.py:829} INFO - Processing file /mnt/c/Users/arcan/Documents/airflow/.venv/lib/python3.10/site-packages/airflow/example_dags/example_trigger_target_dag.py for tasks to queue
[2025-06-16T22:11:29.320-0300] {logging_mixin.py:154} INFO - [2025-06-16T22:11:29.320-0300] {dagbag.py:536} INFO - Filling up the DagBag from /mnt/c/Users/arcan/Documents/airflow/.venv/lib/python3.10/site-packages/airflow/example_dags/example_trigger_target_dag.py
[2025-06-16T22:11:29.351-0300] {processor.py:839} INFO - DAG(s) dict_keys(['example_trigger_target_dag']) retrieved from /mnt/c/Users/arcan/Documents/airflow/.venv/lib/python3.10/site-packages/airflow/example_dags/example_trigger_target_dag.py
[2025-06-16T22:11:29.416-0300] {logging_mixin.py:154} INFO - [2025-06-16T22:11:29.415-0300] {dag.py:2941} INFO - Sync 1 DAGs
[2025-06-16T22:11:29.441-0300] {logging_mixin.py:154} INFO - [2025-06-16T22:11:29.441-0300] {dag.py:3722} INFO - Setting next_dagrun for example_trigger_target_dag to None, run_after=None
[2025-06-16T22:11:29.543-0300] {processor.py:179} INFO - Processing /mnt/c/Users/arcan/Documents/airflow/.venv/lib/python3.10/site-packages/airflow/example_dags/example_trigger_target_dag.py took 0.232 seconds
[2025-06-16T22:12:26.856-0300] {processor.py:157} INFO - Started process (PID=58980) to work on /mnt/c/Users/arcan/Documents/airflow/.venv/lib/python3.10/site-packages/airflow/example_dags/example_trigger_target_dag.py
[2025-06-16T22:12:26.858-0300] {processor.py:829} INFO - Processing file /mnt/c/Users/arcan/Documents/airflow/.venv/lib/python3.10/site-packages/airflow/example_dags/example_trigger_target_dag.py for tasks to queue
[2025-06-16T22:12:26.860-0300] {logging_mixin.py:154} INFO - [2025-06-16T22:12:26.860-0300] {dagbag.py:536} INFO - Filling up the DagBag from /mnt/c/Users/arcan/Documents/airflow/.venv/lib/python3.10/site-packages/airflow/example_dags/example_trigger_target_dag.py
[2025-06-16T22:12:26.897-0300] {processor.py:839} INFO - DAG(s) dict_keys(['example_trigger_target_dag']) retrieved from /mnt/c/Users/arcan/Documents/airflow/.venv/lib/python3.10/site-packages/airflow/example_dags/example_trigger_target_dag.py
[2025-06-16T22:12:26.945-0300] {logging_mixin.py:154} INFO - [2025-06-16T22:12:26.945-0300] {dag.py:2941} INFO - Sync 1 DAGs
[2025-06-16T22:12:26.970-0300] {logging_mixin.py:154} INFO - [2025-06-16T22:12:26.969-0300] {dag.py:3722} INFO - Setting next_dagrun for example_trigger_target_dag to None, run_after=None
[2025-06-16T22:12:27.082-0300] {processor.py:179} INFO - Processing /mnt/c/Users/arcan/Documents/airflow/.venv/lib/python3.10/site-packages/airflow/example_dags/example_trigger_target_dag.py took 0.234 seconds
[2025-06-16T22:13:30.470-0300] {processor.py:157} INFO - Started process (PID=59170) to work on /mnt/c/Users/arcan/Documents/airflow/.venv/lib/python3.10/site-packages/airflow/example_dags/example_trigger_target_dag.py
[2025-06-16T22:13:30.472-0300] {processor.py:829} INFO - Processing file /mnt/c/Users/arcan/Documents/airflow/.venv/lib/python3.10/site-packages/airflow/example_dags/example_trigger_target_dag.py for tasks to queue
[2025-06-16T22:13:30.474-0300] {logging_mixin.py:154} INFO - [2025-06-16T22:13:30.473-0300] {dagbag.py:536} INFO - Filling up the DagBag from /mnt/c/Users/arcan/Documents/airflow/.venv/lib/python3.10/site-packages/airflow/example_dags/example_trigger_target_dag.py
[2025-06-16T22:13:30.506-0300] {processor.py:839} INFO - DAG(s) dict_keys(['example_trigger_target_dag']) retrieved from /mnt/c/Users/arcan/Documents/airflow/.venv/lib/python3.10/site-packages/airflow/example_dags/example_trigger_target_dag.py
[2025-06-16T22:13:30.546-0300] {logging_mixin.py:154} INFO - [2025-06-16T22:13:30.546-0300] {dag.py:2941} INFO - Sync 1 DAGs
[2025-06-16T22:13:30.566-0300] {logging_mixin.py:154} INFO - [2025-06-16T22:13:30.566-0300] {dag.py:3722} INFO - Setting next_dagrun for example_trigger_target_dag to None, run_after=None
[2025-06-16T22:13:30.657-0300] {processor.py:179} INFO - Processing /mnt/c/Users/arcan/Documents/airflow/.venv/lib/python3.10/site-packages/airflow/example_dags/example_trigger_target_dag.py took 0.192 seconds
[2025-06-16T22:14:38.199-0300] {processor.py:157} INFO - Started process (PID=59375) to work on /mnt/c/Users/arcan/Documents/airflow/.venv/lib/python3.10/site-packages/airflow/example_dags/example_trigger_target_dag.py
[2025-06-16T22:14:38.201-0300] {processor.py:829} INFO - Processing file /mnt/c/Users/arcan/Documents/airflow/.venv/lib/python3.10/site-packages/airflow/example_dags/example_trigger_target_dag.py for tasks to queue
[2025-06-16T22:14:38.203-0300] {logging_mixin.py:154} INFO - [2025-06-16T22:14:38.202-0300] {dagbag.py:536} INFO - Filling up the DagBag from /mnt/c/Users/arcan/Documents/airflow/.venv/lib/python3.10/site-packages/airflow/example_dags/example_trigger_target_dag.py
[2025-06-16T22:14:38.235-0300] {processor.py:839} INFO - DAG(s) dict_keys(['example_trigger_target_dag']) retrieved from /mnt/c/Users/arcan/Documents/airflow/.venv/lib/python3.10/site-packages/airflow/example_dags/example_trigger_target_dag.py
[2025-06-16T22:14:38.279-0300] {logging_mixin.py:154} INFO - [2025-06-16T22:14:38.279-0300] {dag.py:2941} INFO - Sync 1 DAGs
[2025-06-16T22:14:38.297-0300] {logging_mixin.py:154} INFO - [2025-06-16T22:14:38.296-0300] {dag.py:3722} INFO - Setting next_dagrun for example_trigger_target_dag to None, run_after=None
[2025-06-16T22:14:38.385-0300] {processor.py:179} INFO - Processing /mnt/c/Users/arcan/Documents/airflow/.venv/lib/python3.10/site-packages/airflow/example_dags/example_trigger_target_dag.py took 0.192 seconds
[2025-06-16T22:15:45.839-0300] {processor.py:157} INFO - Started process (PID=59572) to work on /mnt/c/Users/arcan/Documents/airflow/.venv/lib/python3.10/site-packages/airflow/example_dags/example_trigger_target_dag.py
[2025-06-16T22:15:45.841-0300] {processor.py:829} INFO - Processing file /mnt/c/Users/arcan/Documents/airflow/.venv/lib/python3.10/site-packages/airflow/example_dags/example_trigger_target_dag.py for tasks to queue
[2025-06-16T22:15:45.843-0300] {logging_mixin.py:154} INFO - [2025-06-16T22:15:45.842-0300] {dagbag.py:536} INFO - Filling up the DagBag from /mnt/c/Users/arcan/Documents/airflow/.venv/lib/python3.10/site-packages/airflow/example_dags/example_trigger_target_dag.py
[2025-06-16T22:15:45.879-0300] {processor.py:839} INFO - DAG(s) dict_keys(['example_trigger_target_dag']) retrieved from /mnt/c/Users/arcan/Documents/airflow/.venv/lib/python3.10/site-packages/airflow/example_dags/example_trigger_target_dag.py
[2025-06-16T22:15:45.924-0300] {logging_mixin.py:154} INFO - [2025-06-16T22:15:45.923-0300] {dag.py:2941} INFO - Sync 1 DAGs
[2025-06-16T22:15:45.946-0300] {logging_mixin.py:154} INFO - [2025-06-16T22:15:45.946-0300] {dag.py:3722} INFO - Setting next_dagrun for example_trigger_target_dag to None, run_after=None
[2025-06-16T22:15:46.048-0300] {processor.py:179} INFO - Processing /mnt/c/Users/arcan/Documents/airflow/.venv/lib/python3.10/site-packages/airflow/example_dags/example_trigger_target_dag.py took 0.215 seconds
[2025-06-16T22:16:55.302-0300] {processor.py:157} INFO - Started process (PID=59907) to work on /mnt/c/Users/arcan/Documents/airflow/.venv/lib/python3.10/site-packages/airflow/example_dags/example_trigger_target_dag.py
[2025-06-16T22:16:55.304-0300] {processor.py:829} INFO - Processing file /mnt/c/Users/arcan/Documents/airflow/.venv/lib/python3.10/site-packages/airflow/example_dags/example_trigger_target_dag.py for tasks to queue
[2025-06-16T22:16:55.306-0300] {logging_mixin.py:154} INFO - [2025-06-16T22:16:55.305-0300] {dagbag.py:536} INFO - Filling up the DagBag from /mnt/c/Users/arcan/Documents/airflow/.venv/lib/python3.10/site-packages/airflow/example_dags/example_trigger_target_dag.py
[2025-06-16T22:16:55.345-0300] {processor.py:839} INFO - DAG(s) dict_keys(['example_trigger_target_dag']) retrieved from /mnt/c/Users/arcan/Documents/airflow/.venv/lib/python3.10/site-packages/airflow/example_dags/example_trigger_target_dag.py
[2025-06-16T22:16:55.387-0300] {logging_mixin.py:154} INFO - [2025-06-16T22:16:55.386-0300] {dag.py:2941} INFO - Sync 1 DAGs
[2025-06-16T22:16:55.407-0300] {logging_mixin.py:154} INFO - [2025-06-16T22:16:55.407-0300] {dag.py:3722} INFO - Setting next_dagrun for example_trigger_target_dag to None, run_after=None
[2025-06-16T22:16:55.519-0300] {processor.py:179} INFO - Processing /mnt/c/Users/arcan/Documents/airflow/.venv/lib/python3.10/site-packages/airflow/example_dags/example_trigger_target_dag.py took 0.223 seconds
[2025-06-16T22:18:10.726-0300] {processor.py:157} INFO - Started process (PID=60130) to work on /mnt/c/Users/arcan/Documents/airflow/.venv/lib/python3.10/site-packages/airflow/example_dags/example_trigger_target_dag.py
[2025-06-16T22:18:10.729-0300] {processor.py:829} INFO - Processing file /mnt/c/Users/arcan/Documents/airflow/.venv/lib/python3.10/site-packages/airflow/example_dags/example_trigger_target_dag.py for tasks to queue
[2025-06-16T22:18:10.732-0300] {logging_mixin.py:154} INFO - [2025-06-16T22:18:10.731-0300] {dagbag.py:536} INFO - Filling up the DagBag from /mnt/c/Users/arcan/Documents/airflow/.venv/lib/python3.10/site-packages/airflow/example_dags/example_trigger_target_dag.py
[2025-06-16T22:18:10.783-0300] {processor.py:839} INFO - DAG(s) dict_keys(['example_trigger_target_dag']) retrieved from /mnt/c/Users/arcan/Documents/airflow/.venv/lib/python3.10/site-packages/airflow/example_dags/example_trigger_target_dag.py
[2025-06-16T22:18:10.845-0300] {logging_mixin.py:154} INFO - [2025-06-16T22:18:10.844-0300] {dag.py:2941} INFO - Sync 1 DAGs
[2025-06-16T22:18:10.873-0300] {logging_mixin.py:154} INFO - [2025-06-16T22:18:10.872-0300] {dag.py:3722} INFO - Setting next_dagrun for example_trigger_target_dag to None, run_after=None
[2025-06-16T22:18:11.052-0300] {processor.py:179} INFO - Processing /mnt/c/Users/arcan/Documents/airflow/.venv/lib/python3.10/site-packages/airflow/example_dags/example_trigger_target_dag.py took 0.332 seconds
[2025-06-16T22:19:40.475-0300] {processor.py:157} INFO - Started process (PID=60389) to work on /mnt/c/Users/arcan/Documents/airflow/.venv/lib/python3.10/site-packages/airflow/example_dags/example_trigger_target_dag.py
[2025-06-16T22:19:40.477-0300] {processor.py:829} INFO - Processing file /mnt/c/Users/arcan/Documents/airflow/.venv/lib/python3.10/site-packages/airflow/example_dags/example_trigger_target_dag.py for tasks to queue
[2025-06-16T22:19:40.480-0300] {logging_mixin.py:154} INFO - [2025-06-16T22:19:40.479-0300] {dagbag.py:536} INFO - Filling up the DagBag from /mnt/c/Users/arcan/Documents/airflow/.venv/lib/python3.10/site-packages/airflow/example_dags/example_trigger_target_dag.py
[2025-06-16T22:19:40.530-0300] {processor.py:839} INFO - DAG(s) dict_keys(['example_trigger_target_dag']) retrieved from /mnt/c/Users/arcan/Documents/airflow/.venv/lib/python3.10/site-packages/airflow/example_dags/example_trigger_target_dag.py
[2025-06-16T22:19:40.592-0300] {logging_mixin.py:154} INFO - [2025-06-16T22:19:40.592-0300] {dag.py:2941} INFO - Sync 1 DAGs
[2025-06-16T22:19:40.621-0300] {logging_mixin.py:154} INFO - [2025-06-16T22:19:40.621-0300] {dag.py:3722} INFO - Setting next_dagrun for example_trigger_target_dag to None, run_after=None
[2025-06-16T22:19:40.784-0300] {processor.py:179} INFO - Processing /mnt/c/Users/arcan/Documents/airflow/.venv/lib/python3.10/site-packages/airflow/example_dags/example_trigger_target_dag.py took 0.318 seconds
[2025-06-16T22:21:02.086-0300] {processor.py:157} INFO - Started process (PID=60623) to work on /mnt/c/Users/arcan/Documents/airflow/.venv/lib/python3.10/site-packages/airflow/example_dags/example_trigger_target_dag.py
[2025-06-16T22:21:02.089-0300] {processor.py:829} INFO - Processing file /mnt/c/Users/arcan/Documents/airflow/.venv/lib/python3.10/site-packages/airflow/example_dags/example_trigger_target_dag.py for tasks to queue
[2025-06-16T22:21:02.091-0300] {logging_mixin.py:154} INFO - [2025-06-16T22:21:02.090-0300] {dagbag.py:536} INFO - Filling up the DagBag from /mnt/c/Users/arcan/Documents/airflow/.venv/lib/python3.10/site-packages/airflow/example_dags/example_trigger_target_dag.py
[2025-06-16T22:21:02.140-0300] {processor.py:839} INFO - DAG(s) dict_keys(['example_trigger_target_dag']) retrieved from /mnt/c/Users/arcan/Documents/airflow/.venv/lib/python3.10/site-packages/airflow/example_dags/example_trigger_target_dag.py
[2025-06-16T22:21:02.205-0300] {logging_mixin.py:154} INFO - [2025-06-16T22:21:02.205-0300] {dag.py:2941} INFO - Sync 1 DAGs
[2025-06-16T22:21:02.233-0300] {logging_mixin.py:154} INFO - [2025-06-16T22:21:02.232-0300] {dag.py:3722} INFO - Setting next_dagrun for example_trigger_target_dag to None, run_after=None
[2025-06-16T22:21:02.359-0300] {processor.py:179} INFO - Processing /mnt/c/Users/arcan/Documents/airflow/.venv/lib/python3.10/site-packages/airflow/example_dags/example_trigger_target_dag.py took 0.279 seconds
[2025-06-16T22:22:24.827-0300] {processor.py:157} INFO - Started process (PID=60858) to work on /mnt/c/Users/arcan/Documents/airflow/.venv/lib/python3.10/site-packages/airflow/example_dags/example_trigger_target_dag.py
[2025-06-16T22:22:24.830-0300] {processor.py:829} INFO - Processing file /mnt/c/Users/arcan/Documents/airflow/.venv/lib/python3.10/site-packages/airflow/example_dags/example_trigger_target_dag.py for tasks to queue
[2025-06-16T22:22:24.832-0300] {logging_mixin.py:154} INFO - [2025-06-16T22:22:24.831-0300] {dagbag.py:536} INFO - Filling up the DagBag from /mnt/c/Users/arcan/Documents/airflow/.venv/lib/python3.10/site-packages/airflow/example_dags/example_trigger_target_dag.py
[2025-06-16T22:22:24.880-0300] {processor.py:839} INFO - DAG(s) dict_keys(['example_trigger_target_dag']) retrieved from /mnt/c/Users/arcan/Documents/airflow/.venv/lib/python3.10/site-packages/airflow/example_dags/example_trigger_target_dag.py
[2025-06-16T22:22:24.936-0300] {logging_mixin.py:154} INFO - [2025-06-16T22:22:24.936-0300] {dag.py:2941} INFO - Sync 1 DAGs
[2025-06-16T22:22:24.960-0300] {logging_mixin.py:154} INFO - [2025-06-16T22:22:24.960-0300] {dag.py:3722} INFO - Setting next_dagrun for example_trigger_target_dag to None, run_after=None
[2025-06-16T22:22:25.112-0300] {processor.py:179} INFO - Processing /mnt/c/Users/arcan/Documents/airflow/.venv/lib/python3.10/site-packages/airflow/example_dags/example_trigger_target_dag.py took 0.291 seconds
[2025-06-16T22:23:47.499-0300] {processor.py:157} INFO - Started process (PID=61093) to work on /mnt/c/Users/arcan/Documents/airflow/.venv/lib/python3.10/site-packages/airflow/example_dags/example_trigger_target_dag.py
[2025-06-16T22:23:47.501-0300] {processor.py:829} INFO - Processing file /mnt/c/Users/arcan/Documents/airflow/.venv/lib/python3.10/site-packages/airflow/example_dags/example_trigger_target_dag.py for tasks to queue
[2025-06-16T22:23:47.503-0300] {logging_mixin.py:154} INFO - [2025-06-16T22:23:47.502-0300] {dagbag.py:536} INFO - Filling up the DagBag from /mnt/c/Users/arcan/Documents/airflow/.venv/lib/python3.10/site-packages/airflow/example_dags/example_trigger_target_dag.py
[2025-06-16T22:23:47.552-0300] {processor.py:839} INFO - DAG(s) dict_keys(['example_trigger_target_dag']) retrieved from /mnt/c/Users/arcan/Documents/airflow/.venv/lib/python3.10/site-packages/airflow/example_dags/example_trigger_target_dag.py
[2025-06-16T22:23:47.605-0300] {logging_mixin.py:154} INFO - [2025-06-16T22:23:47.605-0300] {dag.py:2941} INFO - Sync 1 DAGs
[2025-06-16T22:23:47.627-0300] {logging_mixin.py:154} INFO - [2025-06-16T22:23:47.626-0300] {dag.py:3722} INFO - Setting next_dagrun for example_trigger_target_dag to None, run_after=None
[2025-06-16T22:23:47.771-0300] {processor.py:179} INFO - Processing /mnt/c/Users/arcan/Documents/airflow/.venv/lib/python3.10/site-packages/airflow/example_dags/example_trigger_target_dag.py took 0.278 seconds
[2025-06-16T22:25:07.070-0300] {processor.py:157} INFO - Started process (PID=61447) to work on /mnt/c/Users/arcan/Documents/airflow/.venv/lib/python3.10/site-packages/airflow/example_dags/example_trigger_target_dag.py
[2025-06-16T22:25:07.072-0300] {processor.py:829} INFO - Processing file /mnt/c/Users/arcan/Documents/airflow/.venv/lib/python3.10/site-packages/airflow/example_dags/example_trigger_target_dag.py for tasks to queue
[2025-06-16T22:25:07.074-0300] {logging_mixin.py:154} INFO - [2025-06-16T22:25:07.074-0300] {dagbag.py:536} INFO - Filling up the DagBag from /mnt/c/Users/arcan/Documents/airflow/.venv/lib/python3.10/site-packages/airflow/example_dags/example_trigger_target_dag.py
[2025-06-16T22:25:07.118-0300] {processor.py:839} INFO - DAG(s) dict_keys(['example_trigger_target_dag']) retrieved from /mnt/c/Users/arcan/Documents/airflow/.venv/lib/python3.10/site-packages/airflow/example_dags/example_trigger_target_dag.py
[2025-06-16T22:25:07.172-0300] {logging_mixin.py:154} INFO - [2025-06-16T22:25:07.172-0300] {dag.py:2941} INFO - Sync 1 DAGs
[2025-06-16T22:25:07.198-0300] {logging_mixin.py:154} INFO - [2025-06-16T22:25:07.197-0300] {dag.py:3722} INFO - Setting next_dagrun for example_trigger_target_dag to None, run_after=None
[2025-06-16T22:25:07.347-0300] {processor.py:179} INFO - Processing /mnt/c/Users/arcan/Documents/airflow/.venv/lib/python3.10/site-packages/airflow/example_dags/example_trigger_target_dag.py took 0.283 seconds
[2025-06-16T22:26:28.149-0300] {processor.py:157} INFO - Started process (PID=61679) to work on /mnt/c/Users/arcan/Documents/airflow/.venv/lib/python3.10/site-packages/airflow/example_dags/example_trigger_target_dag.py
[2025-06-16T22:26:28.152-0300] {processor.py:829} INFO - Processing file /mnt/c/Users/arcan/Documents/airflow/.venv/lib/python3.10/site-packages/airflow/example_dags/example_trigger_target_dag.py for tasks to queue
[2025-06-16T22:26:28.155-0300] {logging_mixin.py:154} INFO - [2025-06-16T22:26:28.154-0300] {dagbag.py:536} INFO - Filling up the DagBag from /mnt/c/Users/arcan/Documents/airflow/.venv/lib/python3.10/site-packages/airflow/example_dags/example_trigger_target_dag.py
[2025-06-16T22:26:28.208-0300] {processor.py:839} INFO - DAG(s) dict_keys(['example_trigger_target_dag']) retrieved from /mnt/c/Users/arcan/Documents/airflow/.venv/lib/python3.10/site-packages/airflow/example_dags/example_trigger_target_dag.py
[2025-06-16T22:26:28.299-0300] {logging_mixin.py:154} INFO - [2025-06-16T22:26:28.299-0300] {dag.py:2941} INFO - Sync 1 DAGs
[2025-06-16T22:26:28.326-0300] {logging_mixin.py:154} INFO - [2025-06-16T22:26:28.326-0300] {dag.py:3722} INFO - Setting next_dagrun for example_trigger_target_dag to None, run_after=None
[2025-06-16T22:26:28.465-0300] {processor.py:179} INFO - Processing /mnt/c/Users/arcan/Documents/airflow/.venv/lib/python3.10/site-packages/airflow/example_dags/example_trigger_target_dag.py took 0.327 seconds
[2025-06-16T22:27:43.714-0300] {processor.py:157} INFO - Started process (PID=61893) to work on /mnt/c/Users/arcan/Documents/airflow/.venv/lib/python3.10/site-packages/airflow/example_dags/example_trigger_target_dag.py
[2025-06-16T22:27:43.717-0300] {processor.py:829} INFO - Processing file /mnt/c/Users/arcan/Documents/airflow/.venv/lib/python3.10/site-packages/airflow/example_dags/example_trigger_target_dag.py for tasks to queue
[2025-06-16T22:27:43.720-0300] {logging_mixin.py:154} INFO - [2025-06-16T22:27:43.719-0300] {dagbag.py:536} INFO - Filling up the DagBag from /mnt/c/Users/arcan/Documents/airflow/.venv/lib/python3.10/site-packages/airflow/example_dags/example_trigger_target_dag.py
[2025-06-16T22:27:43.769-0300] {processor.py:839} INFO - DAG(s) dict_keys(['example_trigger_target_dag']) retrieved from /mnt/c/Users/arcan/Documents/airflow/.venv/lib/python3.10/site-packages/airflow/example_dags/example_trigger_target_dag.py
[2025-06-16T22:27:43.836-0300] {logging_mixin.py:154} INFO - [2025-06-16T22:27:43.836-0300] {dag.py:2941} INFO - Sync 1 DAGs
[2025-06-16T22:27:43.871-0300] {logging_mixin.py:154} INFO - [2025-06-16T22:27:43.871-0300] {dag.py:3722} INFO - Setting next_dagrun for example_trigger_target_dag to None, run_after=None
[2025-06-16T22:27:44.018-0300] {processor.py:179} INFO - Processing /mnt/c/Users/arcan/Documents/airflow/.venv/lib/python3.10/site-packages/airflow/example_dags/example_trigger_target_dag.py took 0.312 seconds
[2025-06-16T22:29:01.682-0300] {processor.py:157} INFO - Started process (PID=62122) to work on /mnt/c/Users/arcan/Documents/airflow/.venv/lib/python3.10/site-packages/airflow/example_dags/example_trigger_target_dag.py
[2025-06-16T22:29:01.684-0300] {processor.py:829} INFO - Processing file /mnt/c/Users/arcan/Documents/airflow/.venv/lib/python3.10/site-packages/airflow/example_dags/example_trigger_target_dag.py for tasks to queue
[2025-06-16T22:29:01.687-0300] {logging_mixin.py:154} INFO - [2025-06-16T22:29:01.686-0300] {dagbag.py:536} INFO - Filling up the DagBag from /mnt/c/Users/arcan/Documents/airflow/.venv/lib/python3.10/site-packages/airflow/example_dags/example_trigger_target_dag.py
[2025-06-16T22:29:01.729-0300] {processor.py:839} INFO - DAG(s) dict_keys(['example_trigger_target_dag']) retrieved from /mnt/c/Users/arcan/Documents/airflow/.venv/lib/python3.10/site-packages/airflow/example_dags/example_trigger_target_dag.py
[2025-06-16T22:29:01.781-0300] {logging_mixin.py:154} INFO - [2025-06-16T22:29:01.781-0300] {dag.py:2941} INFO - Sync 1 DAGs
[2025-06-16T22:29:01.805-0300] {logging_mixin.py:154} INFO - [2025-06-16T22:29:01.805-0300] {dag.py:3722} INFO - Setting next_dagrun for example_trigger_target_dag to None, run_after=None
[2025-06-16T22:29:01.925-0300] {processor.py:179} INFO - Processing /mnt/c/Users/arcan/Documents/airflow/.venv/lib/python3.10/site-packages/airflow/example_dags/example_trigger_target_dag.py took 0.250 seconds
[2025-06-16T22:29:48.160-0300] {processor.py:157} INFO - Started process (PID=62249) to work on /mnt/c/Users/arcan/Documents/airflow/.venv/lib/python3.10/site-packages/airflow/example_dags/example_trigger_target_dag.py
[2025-06-16T22:29:48.162-0300] {processor.py:829} INFO - Processing file /mnt/c/Users/arcan/Documents/airflow/.venv/lib/python3.10/site-packages/airflow/example_dags/example_trigger_target_dag.py for tasks to queue
[2025-06-16T22:29:48.164-0300] {logging_mixin.py:154} INFO - [2025-06-16T22:29:48.164-0300] {dagbag.py:536} INFO - Filling up the DagBag from /mnt/c/Users/arcan/Documents/airflow/.venv/lib/python3.10/site-packages/airflow/example_dags/example_trigger_target_dag.py
[2025-06-16T22:29:48.209-0300] {processor.py:839} INFO - DAG(s) dict_keys(['example_trigger_target_dag']) retrieved from /mnt/c/Users/arcan/Documents/airflow/.venv/lib/python3.10/site-packages/airflow/example_dags/example_trigger_target_dag.py
[2025-06-16T22:29:48.266-0300] {logging_mixin.py:154} INFO - [2025-06-16T22:29:48.265-0300] {dag.py:2941} INFO - Sync 1 DAGs
[2025-06-16T22:29:48.290-0300] {logging_mixin.py:154} INFO - [2025-06-16T22:29:48.289-0300] {dag.py:3722} INFO - Setting next_dagrun for example_trigger_target_dag to None, run_after=None
[2025-06-16T22:29:48.421-0300] {processor.py:179} INFO - Processing /mnt/c/Users/arcan/Documents/airflow/.venv/lib/python3.10/site-packages/airflow/example_dags/example_trigger_target_dag.py took 0.267 seconds
[2025-06-16T22:31:01.600-0300] {processor.py:157} INFO - Started process (PID=62466) to work on /mnt/c/Users/arcan/Documents/airflow/.venv/lib/python3.10/site-packages/airflow/example_dags/example_trigger_target_dag.py
[2025-06-16T22:31:01.602-0300] {processor.py:829} INFO - Processing file /mnt/c/Users/arcan/Documents/airflow/.venv/lib/python3.10/site-packages/airflow/example_dags/example_trigger_target_dag.py for tasks to queue
[2025-06-16T22:31:01.605-0300] {logging_mixin.py:154} INFO - [2025-06-16T22:31:01.604-0300] {dagbag.py:536} INFO - Filling up the DagBag from /mnt/c/Users/arcan/Documents/airflow/.venv/lib/python3.10/site-packages/airflow/example_dags/example_trigger_target_dag.py
[2025-06-16T22:31:01.651-0300] {processor.py:839} INFO - DAG(s) dict_keys(['example_trigger_target_dag']) retrieved from /mnt/c/Users/arcan/Documents/airflow/.venv/lib/python3.10/site-packages/airflow/example_dags/example_trigger_target_dag.py
[2025-06-16T22:31:01.711-0300] {logging_mixin.py:154} INFO - [2025-06-16T22:31:01.710-0300] {dag.py:2941} INFO - Sync 1 DAGs
[2025-06-16T22:31:01.735-0300] {logging_mixin.py:154} INFO - [2025-06-16T22:31:01.734-0300] {dag.py:3722} INFO - Setting next_dagrun for example_trigger_target_dag to None, run_after=None
[2025-06-16T22:31:01.883-0300] {processor.py:179} INFO - Processing /mnt/c/Users/arcan/Documents/airflow/.venv/lib/python3.10/site-packages/airflow/example_dags/example_trigger_target_dag.py took 0.291 seconds
[2025-06-16T22:32:38.830-0300] {processor.py:157} INFO - Started process (PID=62825) to work on /mnt/c/Users/arcan/Documents/airflow/.venv/lib/python3.10/site-packages/airflow/example_dags/example_trigger_target_dag.py
[2025-06-16T22:32:38.832-0300] {processor.py:829} INFO - Processing file /mnt/c/Users/arcan/Documents/airflow/.venv/lib/python3.10/site-packages/airflow/example_dags/example_trigger_target_dag.py for tasks to queue
[2025-06-16T22:32:38.834-0300] {logging_mixin.py:154} INFO - [2025-06-16T22:32:38.833-0300] {dagbag.py:536} INFO - Filling up the DagBag from /mnt/c/Users/arcan/Documents/airflow/.venv/lib/python3.10/site-packages/airflow/example_dags/example_trigger_target_dag.py
[2025-06-16T22:32:38.884-0300] {processor.py:839} INFO - DAG(s) dict_keys(['example_trigger_target_dag']) retrieved from /mnt/c/Users/arcan/Documents/airflow/.venv/lib/python3.10/site-packages/airflow/example_dags/example_trigger_target_dag.py
[2025-06-16T22:32:38.948-0300] {logging_mixin.py:154} INFO - [2025-06-16T22:32:38.947-0300] {dag.py:2941} INFO - Sync 1 DAGs
[2025-06-16T22:32:38.973-0300] {logging_mixin.py:154} INFO - [2025-06-16T22:32:38.972-0300] {dag.py:3722} INFO - Setting next_dagrun for example_trigger_target_dag to None, run_after=None
[2025-06-16T22:32:39.098-0300] {processor.py:179} INFO - Processing /mnt/c/Users/arcan/Documents/airflow/.venv/lib/python3.10/site-packages/airflow/example_dags/example_trigger_target_dag.py took 0.274 seconds
[2025-06-17T20:50:27.838-0300] {processor.py:157} INFO - Started process (PID=63645) to work on /mnt/c/Users/arcan/Documents/airflow/.venv/lib/python3.10/site-packages/airflow/example_dags/example_trigger_target_dag.py
[2025-06-17T20:50:27.868-0300] {processor.py:829} INFO - Processing file /mnt/c/Users/arcan/Documents/airflow/.venv/lib/python3.10/site-packages/airflow/example_dags/example_trigger_target_dag.py for tasks to queue
[2025-06-17T20:50:27.871-0300] {logging_mixin.py:154} INFO - [2025-06-17T20:50:27.870-0300] {dagbag.py:536} INFO - Filling up the DagBag from /mnt/c/Users/arcan/Documents/airflow/.venv/lib/python3.10/site-packages/airflow/example_dags/example_trigger_target_dag.py
[2025-06-17T20:50:27.922-0300] {processor.py:839} INFO - DAG(s) dict_keys(['example_trigger_target_dag']) retrieved from /mnt/c/Users/arcan/Documents/airflow/.venv/lib/python3.10/site-packages/airflow/example_dags/example_trigger_target_dag.py
[2025-06-17T20:50:28.131-0300] {logging_mixin.py:154} INFO - [2025-06-17T20:50:28.131-0300] {dag.py:2941} INFO - Sync 1 DAGs
[2025-06-17T20:50:28.154-0300] {logging_mixin.py:154} INFO - [2025-06-17T20:50:28.153-0300] {dag.py:3722} INFO - Setting next_dagrun for example_trigger_target_dag to None, run_after=None
[2025-06-17T20:50:28.316-0300] {processor.py:179} INFO - Processing /mnt/c/Users/arcan/Documents/airflow/.venv/lib/python3.10/site-packages/airflow/example_dags/example_trigger_target_dag.py took 0.486 seconds
[2025-06-17T20:51:44.031-0300] {processor.py:157} INFO - Started process (PID=63755) to work on /mnt/c/Users/arcan/Documents/airflow/.venv/lib/python3.10/site-packages/airflow/example_dags/example_trigger_target_dag.py
[2025-06-17T20:51:44.034-0300] {processor.py:829} INFO - Processing file /mnt/c/Users/arcan/Documents/airflow/.venv/lib/python3.10/site-packages/airflow/example_dags/example_trigger_target_dag.py for tasks to queue
[2025-06-17T20:51:44.036-0300] {logging_mixin.py:154} INFO - [2025-06-17T20:51:44.035-0300] {dagbag.py:536} INFO - Filling up the DagBag from /mnt/c/Users/arcan/Documents/airflow/.venv/lib/python3.10/site-packages/airflow/example_dags/example_trigger_target_dag.py
[2025-06-17T20:51:44.083-0300] {processor.py:839} INFO - DAG(s) dict_keys(['example_trigger_target_dag']) retrieved from /mnt/c/Users/arcan/Documents/airflow/.venv/lib/python3.10/site-packages/airflow/example_dags/example_trigger_target_dag.py
[2025-06-17T20:51:44.138-0300] {logging_mixin.py:154} INFO - [2025-06-17T20:51:44.138-0300] {dag.py:2941} INFO - Sync 1 DAGs
[2025-06-17T20:51:44.162-0300] {logging_mixin.py:154} INFO - [2025-06-17T20:51:44.162-0300] {dag.py:3722} INFO - Setting next_dagrun for example_trigger_target_dag to None, run_after=None
[2025-06-17T20:51:44.287-0300] {processor.py:179} INFO - Processing /mnt/c/Users/arcan/Documents/airflow/.venv/lib/python3.10/site-packages/airflow/example_dags/example_trigger_target_dag.py took 0.261 seconds
[2025-06-17T20:53:05.747-0300] {processor.py:157} INFO - Started process (PID=63987) to work on /mnt/c/Users/arcan/Documents/airflow/.venv/lib/python3.10/site-packages/airflow/example_dags/example_trigger_target_dag.py
[2025-06-17T20:53:05.750-0300] {processor.py:829} INFO - Processing file /mnt/c/Users/arcan/Documents/airflow/.venv/lib/python3.10/site-packages/airflow/example_dags/example_trigger_target_dag.py for tasks to queue
[2025-06-17T20:53:05.752-0300] {logging_mixin.py:154} INFO - [2025-06-17T20:53:05.751-0300] {dagbag.py:536} INFO - Filling up the DagBag from /mnt/c/Users/arcan/Documents/airflow/.venv/lib/python3.10/site-packages/airflow/example_dags/example_trigger_target_dag.py
[2025-06-17T20:53:05.789-0300] {processor.py:839} INFO - DAG(s) dict_keys(['example_trigger_target_dag']) retrieved from /mnt/c/Users/arcan/Documents/airflow/.venv/lib/python3.10/site-packages/airflow/example_dags/example_trigger_target_dag.py
[2025-06-17T20:53:05.840-0300] {logging_mixin.py:154} INFO - [2025-06-17T20:53:05.840-0300] {dag.py:2941} INFO - Sync 1 DAGs
[2025-06-17T20:53:05.860-0300] {logging_mixin.py:154} INFO - [2025-06-17T20:53:05.859-0300] {dag.py:3722} INFO - Setting next_dagrun for example_trigger_target_dag to None, run_after=None
[2025-06-17T20:53:05.960-0300] {processor.py:179} INFO - Processing /mnt/c/Users/arcan/Documents/airflow/.venv/lib/python3.10/site-packages/airflow/example_dags/example_trigger_target_dag.py took 0.218 seconds
[2025-06-17T20:54:19.485-0300] {processor.py:157} INFO - Started process (PID=64322) to work on /mnt/c/Users/arcan/Documents/airflow/.venv/lib/python3.10/site-packages/airflow/example_dags/example_trigger_target_dag.py
[2025-06-17T20:54:19.488-0300] {processor.py:829} INFO - Processing file /mnt/c/Users/arcan/Documents/airflow/.venv/lib/python3.10/site-packages/airflow/example_dags/example_trigger_target_dag.py for tasks to queue
[2025-06-17T20:54:19.490-0300] {logging_mixin.py:154} INFO - [2025-06-17T20:54:19.489-0300] {dagbag.py:536} INFO - Filling up the DagBag from /mnt/c/Users/arcan/Documents/airflow/.venv/lib/python3.10/site-packages/airflow/example_dags/example_trigger_target_dag.py
[2025-06-17T20:54:19.524-0300] {processor.py:839} INFO - DAG(s) dict_keys(['example_trigger_target_dag']) retrieved from /mnt/c/Users/arcan/Documents/airflow/.venv/lib/python3.10/site-packages/airflow/example_dags/example_trigger_target_dag.py
[2025-06-17T20:54:19.568-0300] {logging_mixin.py:154} INFO - [2025-06-17T20:54:19.567-0300] {dag.py:2941} INFO - Sync 1 DAGs
[2025-06-17T20:54:19.584-0300] {logging_mixin.py:154} INFO - [2025-06-17T20:54:19.583-0300] {dag.py:3722} INFO - Setting next_dagrun for example_trigger_target_dag to None, run_after=None
[2025-06-17T20:54:19.683-0300] {processor.py:179} INFO - Processing /mnt/c/Users/arcan/Documents/airflow/.venv/lib/python3.10/site-packages/airflow/example_dags/example_trigger_target_dag.py took 0.202 seconds
[2025-06-17T20:55:29.242-0300] {processor.py:157} INFO - Started process (PID=64524) to work on /mnt/c/Users/arcan/Documents/airflow/.venv/lib/python3.10/site-packages/airflow/example_dags/example_trigger_target_dag.py
[2025-06-17T20:55:29.243-0300] {processor.py:829} INFO - Processing file /mnt/c/Users/arcan/Documents/airflow/.venv/lib/python3.10/site-packages/airflow/example_dags/example_trigger_target_dag.py for tasks to queue
[2025-06-17T20:55:29.245-0300] {logging_mixin.py:154} INFO - [2025-06-17T20:55:29.244-0300] {dagbag.py:536} INFO - Filling up the DagBag from /mnt/c/Users/arcan/Documents/airflow/.venv/lib/python3.10/site-packages/airflow/example_dags/example_trigger_target_dag.py
[2025-06-17T20:55:29.274-0300] {processor.py:839} INFO - DAG(s) dict_keys(['example_trigger_target_dag']) retrieved from /mnt/c/Users/arcan/Documents/airflow/.venv/lib/python3.10/site-packages/airflow/example_dags/example_trigger_target_dag.py
[2025-06-17T20:55:29.313-0300] {logging_mixin.py:154} INFO - [2025-06-17T20:55:29.313-0300] {dag.py:2941} INFO - Sync 1 DAGs
[2025-06-17T20:55:29.336-0300] {logging_mixin.py:154} INFO - [2025-06-17T20:55:29.336-0300] {dag.py:3722} INFO - Setting next_dagrun for example_trigger_target_dag to None, run_after=None
[2025-06-17T20:55:29.475-0300] {processor.py:179} INFO - Processing /mnt/c/Users/arcan/Documents/airflow/.venv/lib/python3.10/site-packages/airflow/example_dags/example_trigger_target_dag.py took 0.237 seconds
