[2025-06-16T22:03:17.473-0300] {processor.py:157} INFO - Started process (PID=57198) to work on /mnt/c/Users/arcan/Documents/airflow/.venv/lib/python3.10/site-packages/airflow/example_dags/example_params_ui_tutorial.py
[2025-06-16T22:03:17.477-0300] {processor.py:829} INFO - Processing file /mnt/c/Users/arcan/Documents/airflow/.venv/lib/python3.10/site-packages/airflow/example_dags/example_params_ui_tutorial.py for tasks to queue
[2025-06-16T22:03:17.480-0300] {logging_mixin.py:154} INFO - [2025-06-16T22:03:17.479-0300] {dagbag.py:536} INFO - Filling up the DagBag from /mnt/c/Users/arcan/Documents/airflow/.venv/lib/python3.10/site-packages/airflow/example_dags/example_params_ui_tutorial.py
[2025-06-16T22:03:17.794-0300] {processor.py:839} INFO - DAG(s) dict_keys(['example_params_ui_tutorial']) retrieved from /mnt/c/Users/arcan/Documents/airflow/.venv/lib/python3.10/site-packages/airflow/example_dags/example_params_ui_tutorial.py
[2025-06-16T22:03:18.029-0300] {logging_mixin.py:154} INFO - [2025-06-16T22:03:18.029-0300] {dag.py:2941} INFO - Sync 1 DAGs
[2025-06-16T22:03:18.066-0300] {logging_mixin.py:154} INFO - [2025-06-16T22:03:18.065-0300] {dag.py:3722} INFO - Setting next_dagrun for example_params_ui_tutorial to None, run_after=None
[2025-06-16T22:03:18.227-0300] {processor.py:179} INFO - Processing /mnt/c/Users/arcan/Documents/airflow/.venv/lib/python3.10/site-packages/airflow/example_dags/example_params_ui_tutorial.py took 0.763 seconds
[2025-06-16T22:04:55.316-0300] {processor.py:157} INFO - Started process (PID=57494) to work on /mnt/c/Users/arcan/Documents/airflow/.venv/lib/python3.10/site-packages/airflow/example_dags/example_params_ui_tutorial.py
[2025-06-16T22:04:55.318-0300] {processor.py:829} INFO - Processing file /mnt/c/Users/arcan/Documents/airflow/.venv/lib/python3.10/site-packages/airflow/example_dags/example_params_ui_tutorial.py for tasks to queue
[2025-06-16T22:04:55.321-0300] {logging_mixin.py:154} INFO - [2025-06-16T22:04:55.320-0300] {dagbag.py:536} INFO - Filling up the DagBag from /mnt/c/Users/arcan/Documents/airflow/.venv/lib/python3.10/site-packages/airflow/example_dags/example_params_ui_tutorial.py
[2025-06-16T22:04:55.409-0300] {processor.py:839} INFO - DAG(s) dict_keys(['example_params_ui_tutorial']) retrieved from /mnt/c/Users/arcan/Documents/airflow/.venv/lib/python3.10/site-packages/airflow/example_dags/example_params_ui_tutorial.py
[2025-06-16T22:04:55.503-0300] {logging_mixin.py:154} INFO - [2025-06-16T22:04:55.503-0300] {dag.py:2941} INFO - Sync 1 DAGs
[2025-06-16T22:04:55.525-0300] {logging_mixin.py:154} INFO - [2025-06-16T22:04:55.524-0300] {dag.py:3722} INFO - Setting next_dagrun for example_params_ui_tutorial to None, run_after=None
[2025-06-16T22:04:55.631-0300] {processor.py:179} INFO - Processing /mnt/c/Users/arcan/Documents/airflow/.venv/lib/python3.10/site-packages/airflow/example_dags/example_params_ui_tutorial.py took 0.320 seconds
[2025-06-16T22:06:10.153-0300] {processor.py:157} INFO - Started process (PID=57734) to work on /mnt/c/Users/arcan/Documents/airflow/.venv/lib/python3.10/site-packages/airflow/example_dags/example_params_ui_tutorial.py
[2025-06-16T22:06:10.155-0300] {processor.py:829} INFO - Processing file /mnt/c/Users/arcan/Documents/airflow/.venv/lib/python3.10/site-packages/airflow/example_dags/example_params_ui_tutorial.py for tasks to queue
[2025-06-16T22:06:10.157-0300] {logging_mixin.py:154} INFO - [2025-06-16T22:06:10.156-0300] {dagbag.py:536} INFO - Filling up the DagBag from /mnt/c/Users/arcan/Documents/airflow/.venv/lib/python3.10/site-packages/airflow/example_dags/example_params_ui_tutorial.py
[2025-06-16T22:06:10.245-0300] {processor.py:839} INFO - DAG(s) dict_keys(['example_params_ui_tutorial']) retrieved from /mnt/c/Users/arcan/Documents/airflow/.venv/lib/python3.10/site-packages/airflow/example_dags/example_params_ui_tutorial.py
[2025-06-16T22:06:10.334-0300] {logging_mixin.py:154} INFO - [2025-06-16T22:06:10.334-0300] {dag.py:2941} INFO - Sync 1 DAGs
[2025-06-16T22:06:10.353-0300] {logging_mixin.py:154} INFO - [2025-06-16T22:06:10.353-0300] {dag.py:3722} INFO - Setting next_dagrun for example_params_ui_tutorial to None, run_after=None
[2025-06-16T22:06:10.460-0300] {processor.py:179} INFO - Processing /mnt/c/Users/arcan/Documents/airflow/.venv/lib/python3.10/site-packages/airflow/example_dags/example_params_ui_tutorial.py took 0.313 seconds
[2025-06-16T22:07:19.989-0300] {processor.py:157} INFO - Started process (PID=57940) to work on /mnt/c/Users/arcan/Documents/airflow/.venv/lib/python3.10/site-packages/airflow/example_dags/example_params_ui_tutorial.py
[2025-06-16T22:07:19.991-0300] {processor.py:829} INFO - Processing file /mnt/c/Users/arcan/Documents/airflow/.venv/lib/python3.10/site-packages/airflow/example_dags/example_params_ui_tutorial.py for tasks to queue
[2025-06-16T22:07:19.993-0300] {logging_mixin.py:154} INFO - [2025-06-16T22:07:19.992-0300] {dagbag.py:536} INFO - Filling up the DagBag from /mnt/c/Users/arcan/Documents/airflow/.venv/lib/python3.10/site-packages/airflow/example_dags/example_params_ui_tutorial.py
[2025-06-16T22:07:20.077-0300] {processor.py:839} INFO - DAG(s) dict_keys(['example_params_ui_tutorial']) retrieved from /mnt/c/Users/arcan/Documents/airflow/.venv/lib/python3.10/site-packages/airflow/example_dags/example_params_ui_tutorial.py
[2025-06-16T22:07:20.155-0300] {logging_mixin.py:154} INFO - [2025-06-16T22:07:20.155-0300] {dag.py:2941} INFO - Sync 1 DAGs
[2025-06-16T22:07:20.177-0300] {logging_mixin.py:154} INFO - [2025-06-16T22:07:20.177-0300] {dag.py:3722} INFO - Setting next_dagrun for example_params_ui_tutorial to None, run_after=None
[2025-06-16T22:07:20.279-0300] {processor.py:179} INFO - Processing /mnt/c/Users/arcan/Documents/airflow/.venv/lib/python3.10/site-packages/airflow/example_dags/example_params_ui_tutorial.py took 0.294 seconds
[2025-06-16T22:08:34.104-0300] {processor.py:157} INFO - Started process (PID=58154) to work on /mnt/c/Users/arcan/Documents/airflow/.venv/lib/python3.10/site-packages/airflow/example_dags/example_params_ui_tutorial.py
[2025-06-16T22:08:34.106-0300] {processor.py:829} INFO - Processing file /mnt/c/Users/arcan/Documents/airflow/.venv/lib/python3.10/site-packages/airflow/example_dags/example_params_ui_tutorial.py for tasks to queue
[2025-06-16T22:08:34.108-0300] {logging_mixin.py:154} INFO - [2025-06-16T22:08:34.108-0300] {dagbag.py:536} INFO - Filling up the DagBag from /mnt/c/Users/arcan/Documents/airflow/.venv/lib/python3.10/site-packages/airflow/example_dags/example_params_ui_tutorial.py
[2025-06-16T22:08:34.178-0300] {processor.py:839} INFO - DAG(s) dict_keys(['example_params_ui_tutorial']) retrieved from /mnt/c/Users/arcan/Documents/airflow/.venv/lib/python3.10/site-packages/airflow/example_dags/example_params_ui_tutorial.py
[2025-06-16T22:08:34.247-0300] {logging_mixin.py:154} INFO - [2025-06-16T22:08:34.246-0300] {dag.py:2941} INFO - Sync 1 DAGs
[2025-06-16T22:08:34.267-0300] {logging_mixin.py:154} INFO - [2025-06-16T22:08:34.267-0300] {dag.py:3722} INFO - Setting next_dagrun for example_params_ui_tutorial to None, run_after=None
[2025-06-16T22:08:34.359-0300] {processor.py:179} INFO - Processing /mnt/c/Users/arcan/Documents/airflow/.venv/lib/python3.10/site-packages/airflow/example_dags/example_params_ui_tutorial.py took 0.261 seconds
[2025-06-16T22:09:43.269-0300] {processor.py:157} INFO - Started process (PID=58482) to work on /mnt/c/Users/arcan/Documents/airflow/.venv/lib/python3.10/site-packages/airflow/example_dags/example_params_ui_tutorial.py
[2025-06-16T22:09:43.271-0300] {processor.py:829} INFO - Processing file /mnt/c/Users/arcan/Documents/airflow/.venv/lib/python3.10/site-packages/airflow/example_dags/example_params_ui_tutorial.py for tasks to queue
[2025-06-16T22:09:43.273-0300] {logging_mixin.py:154} INFO - [2025-06-16T22:09:43.272-0300] {dagbag.py:536} INFO - Filling up the DagBag from /mnt/c/Users/arcan/Documents/airflow/.venv/lib/python3.10/site-packages/airflow/example_dags/example_params_ui_tutorial.py
[2025-06-16T22:09:43.337-0300] {processor.py:839} INFO - DAG(s) dict_keys(['example_params_ui_tutorial']) retrieved from /mnt/c/Users/arcan/Documents/airflow/.venv/lib/python3.10/site-packages/airflow/example_dags/example_params_ui_tutorial.py
[2025-06-16T22:09:43.403-0300] {logging_mixin.py:154} INFO - [2025-06-16T22:09:43.402-0300] {dag.py:2941} INFO - Sync 1 DAGs
[2025-06-16T22:09:43.421-0300] {logging_mixin.py:154} INFO - [2025-06-16T22:09:43.421-0300] {dag.py:3722} INFO - Setting next_dagrun for example_params_ui_tutorial to None, run_after=None
[2025-06-16T22:09:43.529-0300] {processor.py:179} INFO - Processing /mnt/c/Users/arcan/Documents/airflow/.venv/lib/python3.10/site-packages/airflow/example_dags/example_params_ui_tutorial.py took 0.264 seconds
[2025-06-16T22:10:46.772-0300] {processor.py:157} INFO - Started process (PID=58673) to work on /mnt/c/Users/arcan/Documents/airflow/.venv/lib/python3.10/site-packages/airflow/example_dags/example_params_ui_tutorial.py
[2025-06-16T22:10:46.773-0300] {processor.py:829} INFO - Processing file /mnt/c/Users/arcan/Documents/airflow/.venv/lib/python3.10/site-packages/airflow/example_dags/example_params_ui_tutorial.py for tasks to queue
[2025-06-16T22:10:46.775-0300] {logging_mixin.py:154} INFO - [2025-06-16T22:10:46.774-0300] {dagbag.py:536} INFO - Filling up the DagBag from /mnt/c/Users/arcan/Documents/airflow/.venv/lib/python3.10/site-packages/airflow/example_dags/example_params_ui_tutorial.py
[2025-06-16T22:10:46.842-0300] {processor.py:839} INFO - DAG(s) dict_keys(['example_params_ui_tutorial']) retrieved from /mnt/c/Users/arcan/Documents/airflow/.venv/lib/python3.10/site-packages/airflow/example_dags/example_params_ui_tutorial.py
[2025-06-16T22:10:46.927-0300] {logging_mixin.py:154} INFO - [2025-06-16T22:10:46.926-0300] {dag.py:2941} INFO - Sync 1 DAGs
[2025-06-16T22:10:46.950-0300] {logging_mixin.py:154} INFO - [2025-06-16T22:10:46.949-0300] {dag.py:3722} INFO - Setting next_dagrun for example_params_ui_tutorial to None, run_after=None
[2025-06-16T22:10:47.041-0300] {processor.py:179} INFO - Processing /mnt/c/Users/arcan/Documents/airflow/.venv/lib/python3.10/site-packages/airflow/example_dags/example_params_ui_tutorial.py took 0.274 seconds
[2025-06-16T22:11:46.948-0300] {processor.py:157} INFO - Started process (PID=58859) to work on /mnt/c/Users/arcan/Documents/airflow/.venv/lib/python3.10/site-packages/airflow/example_dags/example_params_ui_tutorial.py
[2025-06-16T22:11:46.950-0300] {processor.py:829} INFO - Processing file /mnt/c/Users/arcan/Documents/airflow/.venv/lib/python3.10/site-packages/airflow/example_dags/example_params_ui_tutorial.py for tasks to queue
[2025-06-16T22:11:46.952-0300] {logging_mixin.py:154} INFO - [2025-06-16T22:11:46.952-0300] {dagbag.py:536} INFO - Filling up the DagBag from /mnt/c/Users/arcan/Documents/airflow/.venv/lib/python3.10/site-packages/airflow/example_dags/example_params_ui_tutorial.py
[2025-06-16T22:11:47.032-0300] {processor.py:839} INFO - DAG(s) dict_keys(['example_params_ui_tutorial']) retrieved from /mnt/c/Users/arcan/Documents/airflow/.venv/lib/python3.10/site-packages/airflow/example_dags/example_params_ui_tutorial.py
[2025-06-16T22:11:47.102-0300] {logging_mixin.py:154} INFO - [2025-06-16T22:11:47.102-0300] {dag.py:2941} INFO - Sync 1 DAGs
[2025-06-16T22:11:47.122-0300] {logging_mixin.py:154} INFO - [2025-06-16T22:11:47.122-0300] {dag.py:3722} INFO - Setting next_dagrun for example_params_ui_tutorial to None, run_after=None
[2025-06-16T22:11:47.213-0300] {processor.py:179} INFO - Processing /mnt/c/Users/arcan/Documents/airflow/.venv/lib/python3.10/site-packages/airflow/example_dags/example_params_ui_tutorial.py took 0.269 seconds
[2025-06-16T22:12:45.744-0300] {processor.py:157} INFO - Started process (PID=59038) to work on /mnt/c/Users/arcan/Documents/airflow/.venv/lib/python3.10/site-packages/airflow/example_dags/example_params_ui_tutorial.py
[2025-06-16T22:12:45.746-0300] {processor.py:829} INFO - Processing file /mnt/c/Users/arcan/Documents/airflow/.venv/lib/python3.10/site-packages/airflow/example_dags/example_params_ui_tutorial.py for tasks to queue
[2025-06-16T22:12:45.748-0300] {logging_mixin.py:154} INFO - [2025-06-16T22:12:45.747-0300] {dagbag.py:536} INFO - Filling up the DagBag from /mnt/c/Users/arcan/Documents/airflow/.venv/lib/python3.10/site-packages/airflow/example_dags/example_params_ui_tutorial.py
[2025-06-16T22:12:45.819-0300] {processor.py:839} INFO - DAG(s) dict_keys(['example_params_ui_tutorial']) retrieved from /mnt/c/Users/arcan/Documents/airflow/.venv/lib/python3.10/site-packages/airflow/example_dags/example_params_ui_tutorial.py
[2025-06-16T22:12:45.891-0300] {logging_mixin.py:154} INFO - [2025-06-16T22:12:45.891-0300] {dag.py:2941} INFO - Sync 1 DAGs
[2025-06-16T22:12:45.911-0300] {logging_mixin.py:154} INFO - [2025-06-16T22:12:45.911-0300] {dag.py:3722} INFO - Setting next_dagrun for example_params_ui_tutorial to None, run_after=None
[2025-06-16T22:12:46.004-0300] {processor.py:179} INFO - Processing /mnt/c/Users/arcan/Documents/airflow/.venv/lib/python3.10/site-packages/airflow/example_dags/example_params_ui_tutorial.py took 0.266 seconds
[2025-06-16T22:13:49.957-0300] {processor.py:157} INFO - Started process (PID=59229) to work on /mnt/c/Users/arcan/Documents/airflow/.venv/lib/python3.10/site-packages/airflow/example_dags/example_params_ui_tutorial.py
[2025-06-16T22:13:49.959-0300] {processor.py:829} INFO - Processing file /mnt/c/Users/arcan/Documents/airflow/.venv/lib/python3.10/site-packages/airflow/example_dags/example_params_ui_tutorial.py for tasks to queue
[2025-06-16T22:13:49.961-0300] {logging_mixin.py:154} INFO - [2025-06-16T22:13:49.960-0300] {dagbag.py:536} INFO - Filling up the DagBag from /mnt/c/Users/arcan/Documents/airflow/.venv/lib/python3.10/site-packages/airflow/example_dags/example_params_ui_tutorial.py
[2025-06-16T22:13:50.029-0300] {processor.py:839} INFO - DAG(s) dict_keys(['example_params_ui_tutorial']) retrieved from /mnt/c/Users/arcan/Documents/airflow/.venv/lib/python3.10/site-packages/airflow/example_dags/example_params_ui_tutorial.py
[2025-06-16T22:13:50.108-0300] {logging_mixin.py:154} INFO - [2025-06-16T22:13:50.108-0300] {dag.py:2941} INFO - Sync 1 DAGs
[2025-06-16T22:13:50.128-0300] {logging_mixin.py:154} INFO - [2025-06-16T22:13:50.127-0300] {dag.py:3722} INFO - Setting next_dagrun for example_params_ui_tutorial to None, run_after=None
[2025-06-16T22:13:50.229-0300] {processor.py:179} INFO - Processing /mnt/c/Users/arcan/Documents/airflow/.venv/lib/python3.10/site-packages/airflow/example_dags/example_params_ui_tutorial.py took 0.278 seconds
[2025-06-16T22:14:57.328-0300] {processor.py:157} INFO - Started process (PID=59434) to work on /mnt/c/Users/arcan/Documents/airflow/.venv/lib/python3.10/site-packages/airflow/example_dags/example_params_ui_tutorial.py
[2025-06-16T22:14:57.330-0300] {processor.py:829} INFO - Processing file /mnt/c/Users/arcan/Documents/airflow/.venv/lib/python3.10/site-packages/airflow/example_dags/example_params_ui_tutorial.py for tasks to queue
[2025-06-16T22:14:57.332-0300] {logging_mixin.py:154} INFO - [2025-06-16T22:14:57.331-0300] {dagbag.py:536} INFO - Filling up the DagBag from /mnt/c/Users/arcan/Documents/airflow/.venv/lib/python3.10/site-packages/airflow/example_dags/example_params_ui_tutorial.py
[2025-06-16T22:14:57.406-0300] {processor.py:839} INFO - DAG(s) dict_keys(['example_params_ui_tutorial']) retrieved from /mnt/c/Users/arcan/Documents/airflow/.venv/lib/python3.10/site-packages/airflow/example_dags/example_params_ui_tutorial.py
[2025-06-16T22:14:57.481-0300] {logging_mixin.py:154} INFO - [2025-06-16T22:14:57.481-0300] {dag.py:2941} INFO - Sync 1 DAGs
[2025-06-16T22:14:57.501-0300] {logging_mixin.py:154} INFO - [2025-06-16T22:14:57.501-0300] {dag.py:3722} INFO - Setting next_dagrun for example_params_ui_tutorial to None, run_after=None
[2025-06-16T22:14:57.594-0300] {processor.py:179} INFO - Processing /mnt/c/Users/arcan/Documents/airflow/.venv/lib/python3.10/site-packages/airflow/example_dags/example_params_ui_tutorial.py took 0.271 seconds
[2025-06-16T22:16:07.538-0300] {processor.py:157} INFO - Started process (PID=59711) to work on /mnt/c/Users/arcan/Documents/airflow/.venv/lib/python3.10/site-packages/airflow/example_dags/example_params_ui_tutorial.py
[2025-06-16T22:16:07.541-0300] {processor.py:829} INFO - Processing file /mnt/c/Users/arcan/Documents/airflow/.venv/lib/python3.10/site-packages/airflow/example_dags/example_params_ui_tutorial.py for tasks to queue
[2025-06-16T22:16:07.544-0300] {logging_mixin.py:154} INFO - [2025-06-16T22:16:07.543-0300] {dagbag.py:536} INFO - Filling up the DagBag from /mnt/c/Users/arcan/Documents/airflow/.venv/lib/python3.10/site-packages/airflow/example_dags/example_params_ui_tutorial.py
[2025-06-16T22:16:07.680-0300] {processor.py:839} INFO - DAG(s) dict_keys(['example_params_ui_tutorial']) retrieved from /mnt/c/Users/arcan/Documents/airflow/.venv/lib/python3.10/site-packages/airflow/example_dags/example_params_ui_tutorial.py
[2025-06-16T22:16:07.793-0300] {logging_mixin.py:154} INFO - [2025-06-16T22:16:07.792-0300] {dag.py:2941} INFO - Sync 1 DAGs
[2025-06-16T22:16:07.823-0300] {logging_mixin.py:154} INFO - [2025-06-16T22:16:07.822-0300] {dag.py:3722} INFO - Setting next_dagrun for example_params_ui_tutorial to None, run_after=None
[2025-06-16T22:16:07.964-0300] {processor.py:179} INFO - Processing /mnt/c/Users/arcan/Documents/airflow/.venv/lib/python3.10/site-packages/airflow/example_dags/example_params_ui_tutorial.py took 0.433 seconds
[2025-06-16T22:17:15.159-0300] {processor.py:157} INFO - Started process (PID=59968) to work on /mnt/c/Users/arcan/Documents/airflow/.venv/lib/python3.10/site-packages/airflow/example_dags/example_params_ui_tutorial.py
[2025-06-16T22:17:15.161-0300] {processor.py:829} INFO - Processing file /mnt/c/Users/arcan/Documents/airflow/.venv/lib/python3.10/site-packages/airflow/example_dags/example_params_ui_tutorial.py for tasks to queue
[2025-06-16T22:17:15.163-0300] {logging_mixin.py:154} INFO - [2025-06-16T22:17:15.162-0300] {dagbag.py:536} INFO - Filling up the DagBag from /mnt/c/Users/arcan/Documents/airflow/.venv/lib/python3.10/site-packages/airflow/example_dags/example_params_ui_tutorial.py
[2025-06-16T22:17:15.226-0300] {processor.py:839} INFO - DAG(s) dict_keys(['example_params_ui_tutorial']) retrieved from /mnt/c/Users/arcan/Documents/airflow/.venv/lib/python3.10/site-packages/airflow/example_dags/example_params_ui_tutorial.py
[2025-06-16T22:17:15.289-0300] {logging_mixin.py:154} INFO - [2025-06-16T22:17:15.289-0300] {dag.py:2941} INFO - Sync 1 DAGs
[2025-06-16T22:17:15.310-0300] {logging_mixin.py:154} INFO - [2025-06-16T22:17:15.309-0300] {dag.py:3722} INFO - Setting next_dagrun for example_params_ui_tutorial to None, run_after=None
[2025-06-16T22:17:15.419-0300] {processor.py:179} INFO - Processing /mnt/c/Users/arcan/Documents/airflow/.venv/lib/python3.10/site-packages/airflow/example_dags/example_params_ui_tutorial.py took 0.265 seconds
[2025-06-16T22:18:34.679-0300] {processor.py:157} INFO - Started process (PID=60201) to work on /mnt/c/Users/arcan/Documents/airflow/.venv/lib/python3.10/site-packages/airflow/example_dags/example_params_ui_tutorial.py
[2025-06-16T22:18:34.682-0300] {processor.py:829} INFO - Processing file /mnt/c/Users/arcan/Documents/airflow/.venv/lib/python3.10/site-packages/airflow/example_dags/example_params_ui_tutorial.py for tasks to queue
[2025-06-16T22:18:34.685-0300] {logging_mixin.py:154} INFO - [2025-06-16T22:18:34.684-0300] {dagbag.py:536} INFO - Filling up the DagBag from /mnt/c/Users/arcan/Documents/airflow/.venv/lib/python3.10/site-packages/airflow/example_dags/example_params_ui_tutorial.py
[2025-06-16T22:18:34.794-0300] {processor.py:839} INFO - DAG(s) dict_keys(['example_params_ui_tutorial']) retrieved from /mnt/c/Users/arcan/Documents/airflow/.venv/lib/python3.10/site-packages/airflow/example_dags/example_params_ui_tutorial.py
[2025-06-16T22:18:34.888-0300] {logging_mixin.py:154} INFO - [2025-06-16T22:18:34.888-0300] {dag.py:2941} INFO - Sync 1 DAGs
[2025-06-16T22:18:34.912-0300] {logging_mixin.py:154} INFO - [2025-06-16T22:18:34.912-0300] {dag.py:3722} INFO - Setting next_dagrun for example_params_ui_tutorial to None, run_after=None
[2025-06-16T22:18:35.051-0300] {processor.py:179} INFO - Processing /mnt/c/Users/arcan/Documents/airflow/.venv/lib/python3.10/site-packages/airflow/example_dags/example_params_ui_tutorial.py took 0.379 seconds
[2025-06-16T22:20:02.552-0300] {processor.py:157} INFO - Started process (PID=60454) to work on /mnt/c/Users/arcan/Documents/airflow/.venv/lib/python3.10/site-packages/airflow/example_dags/example_params_ui_tutorial.py
[2025-06-16T22:20:02.555-0300] {processor.py:829} INFO - Processing file /mnt/c/Users/arcan/Documents/airflow/.venv/lib/python3.10/site-packages/airflow/example_dags/example_params_ui_tutorial.py for tasks to queue
[2025-06-16T22:20:02.557-0300] {logging_mixin.py:154} INFO - [2025-06-16T22:20:02.556-0300] {dagbag.py:536} INFO - Filling up the DagBag from /mnt/c/Users/arcan/Documents/airflow/.venv/lib/python3.10/site-packages/airflow/example_dags/example_params_ui_tutorial.py
[2025-06-16T22:20:02.656-0300] {processor.py:839} INFO - DAG(s) dict_keys(['example_params_ui_tutorial']) retrieved from /mnt/c/Users/arcan/Documents/airflow/.venv/lib/python3.10/site-packages/airflow/example_dags/example_params_ui_tutorial.py
[2025-06-16T22:20:02.753-0300] {logging_mixin.py:154} INFO - [2025-06-16T22:20:02.753-0300] {dag.py:2941} INFO - Sync 1 DAGs
[2025-06-16T22:20:02.776-0300] {logging_mixin.py:154} INFO - [2025-06-16T22:20:02.776-0300] {dag.py:3722} INFO - Setting next_dagrun for example_params_ui_tutorial to None, run_after=None
[2025-06-16T22:20:02.925-0300] {processor.py:179} INFO - Processing /mnt/c/Users/arcan/Documents/airflow/.venv/lib/python3.10/site-packages/airflow/example_dags/example_params_ui_tutorial.py took 0.382 seconds
[2025-06-16T22:21:23.323-0300] {processor.py:157} INFO - Started process (PID=60683) to work on /mnt/c/Users/arcan/Documents/airflow/.venv/lib/python3.10/site-packages/airflow/example_dags/example_params_ui_tutorial.py
[2025-06-16T22:21:23.327-0300] {processor.py:829} INFO - Processing file /mnt/c/Users/arcan/Documents/airflow/.venv/lib/python3.10/site-packages/airflow/example_dags/example_params_ui_tutorial.py for tasks to queue
[2025-06-16T22:21:23.330-0300] {logging_mixin.py:154} INFO - [2025-06-16T22:21:23.328-0300] {dagbag.py:536} INFO - Filling up the DagBag from /mnt/c/Users/arcan/Documents/airflow/.venv/lib/python3.10/site-packages/airflow/example_dags/example_params_ui_tutorial.py
[2025-06-16T22:21:23.431-0300] {processor.py:839} INFO - DAG(s) dict_keys(['example_params_ui_tutorial']) retrieved from /mnt/c/Users/arcan/Documents/airflow/.venv/lib/python3.10/site-packages/airflow/example_dags/example_params_ui_tutorial.py
[2025-06-16T22:21:23.536-0300] {logging_mixin.py:154} INFO - [2025-06-16T22:21:23.535-0300] {dag.py:2941} INFO - Sync 1 DAGs
[2025-06-16T22:21:23.561-0300] {logging_mixin.py:154} INFO - [2025-06-16T22:21:23.561-0300] {dag.py:3722} INFO - Setting next_dagrun for example_params_ui_tutorial to None, run_after=None
[2025-06-16T22:21:23.709-0300] {processor.py:179} INFO - Processing /mnt/c/Users/arcan/Documents/airflow/.venv/lib/python3.10/site-packages/airflow/example_dags/example_params_ui_tutorial.py took 0.392 seconds
[2025-06-16T22:22:45.856-0300] {processor.py:157} INFO - Started process (PID=60920) to work on /mnt/c/Users/arcan/Documents/airflow/.venv/lib/python3.10/site-packages/airflow/example_dags/example_params_ui_tutorial.py
[2025-06-16T22:22:45.858-0300] {processor.py:829} INFO - Processing file /mnt/c/Users/arcan/Documents/airflow/.venv/lib/python3.10/site-packages/airflow/example_dags/example_params_ui_tutorial.py for tasks to queue
[2025-06-16T22:22:45.861-0300] {logging_mixin.py:154} INFO - [2025-06-16T22:22:45.860-0300] {dagbag.py:536} INFO - Filling up the DagBag from /mnt/c/Users/arcan/Documents/airflow/.venv/lib/python3.10/site-packages/airflow/example_dags/example_params_ui_tutorial.py
[2025-06-16T22:22:45.965-0300] {processor.py:839} INFO - DAG(s) dict_keys(['example_params_ui_tutorial']) retrieved from /mnt/c/Users/arcan/Documents/airflow/.venv/lib/python3.10/site-packages/airflow/example_dags/example_params_ui_tutorial.py
[2025-06-16T22:22:46.085-0300] {logging_mixin.py:154} INFO - [2025-06-16T22:22:46.085-0300] {dag.py:2941} INFO - Sync 1 DAGs
[2025-06-16T22:22:46.111-0300] {logging_mixin.py:154} INFO - [2025-06-16T22:22:46.111-0300] {dag.py:3722} INFO - Setting next_dagrun for example_params_ui_tutorial to None, run_after=None
[2025-06-16T22:22:46.250-0300] {processor.py:179} INFO - Processing /mnt/c/Users/arcan/Documents/airflow/.venv/lib/python3.10/site-packages/airflow/example_dags/example_params_ui_tutorial.py took 0.400 seconds
[2025-06-16T22:24:09.771-0300] {processor.py:157} INFO - Started process (PID=61283) to work on /mnt/c/Users/arcan/Documents/airflow/.venv/lib/python3.10/site-packages/airflow/example_dags/example_params_ui_tutorial.py
[2025-06-16T22:24:09.773-0300] {processor.py:829} INFO - Processing file /mnt/c/Users/arcan/Documents/airflow/.venv/lib/python3.10/site-packages/airflow/example_dags/example_params_ui_tutorial.py for tasks to queue
[2025-06-16T22:24:09.776-0300] {logging_mixin.py:154} INFO - [2025-06-16T22:24:09.775-0300] {dagbag.py:536} INFO - Filling up the DagBag from /mnt/c/Users/arcan/Documents/airflow/.venv/lib/python3.10/site-packages/airflow/example_dags/example_params_ui_tutorial.py
[2025-06-16T22:24:09.871-0300] {processor.py:839} INFO - DAG(s) dict_keys(['example_params_ui_tutorial']) retrieved from /mnt/c/Users/arcan/Documents/airflow/.venv/lib/python3.10/site-packages/airflow/example_dags/example_params_ui_tutorial.py
[2025-06-16T22:24:09.960-0300] {logging_mixin.py:154} INFO - [2025-06-16T22:24:09.960-0300] {dag.py:2941} INFO - Sync 1 DAGs
[2025-06-16T22:24:09.980-0300] {logging_mixin.py:154} INFO - [2025-06-16T22:24:09.980-0300] {dag.py:3722} INFO - Setting next_dagrun for example_params_ui_tutorial to None, run_after=None
[2025-06-16T22:24:10.127-0300] {processor.py:179} INFO - Processing /mnt/c/Users/arcan/Documents/airflow/.venv/lib/python3.10/site-packages/airflow/example_dags/example_params_ui_tutorial.py took 0.364 seconds
[2025-06-16T22:25:29.862-0300] {processor.py:157} INFO - Started process (PID=61514) to work on /mnt/c/Users/arcan/Documents/airflow/.venv/lib/python3.10/site-packages/airflow/example_dags/example_params_ui_tutorial.py
[2025-06-16T22:25:29.864-0300] {processor.py:829} INFO - Processing file /mnt/c/Users/arcan/Documents/airflow/.venv/lib/python3.10/site-packages/airflow/example_dags/example_params_ui_tutorial.py for tasks to queue
[2025-06-16T22:25:29.867-0300] {logging_mixin.py:154} INFO - [2025-06-16T22:25:29.866-0300] {dagbag.py:536} INFO - Filling up the DagBag from /mnt/c/Users/arcan/Documents/airflow/.venv/lib/python3.10/site-packages/airflow/example_dags/example_params_ui_tutorial.py
[2025-06-16T22:25:29.971-0300] {processor.py:839} INFO - DAG(s) dict_keys(['example_params_ui_tutorial']) retrieved from /mnt/c/Users/arcan/Documents/airflow/.venv/lib/python3.10/site-packages/airflow/example_dags/example_params_ui_tutorial.py
[2025-06-16T22:25:30.057-0300] {logging_mixin.py:154} INFO - [2025-06-16T22:25:30.057-0300] {dag.py:2941} INFO - Sync 1 DAGs
[2025-06-16T22:25:30.078-0300] {logging_mixin.py:154} INFO - [2025-06-16T22:25:30.078-0300] {dag.py:3722} INFO - Setting next_dagrun for example_params_ui_tutorial to None, run_after=None
[2025-06-16T22:25:30.212-0300] {processor.py:179} INFO - Processing /mnt/c/Users/arcan/Documents/airflow/.venv/lib/python3.10/site-packages/airflow/example_dags/example_params_ui_tutorial.py took 0.356 seconds
[2025-06-16T22:26:50.804-0300] {processor.py:157} INFO - Started process (PID=61740) to work on /mnt/c/Users/arcan/Documents/airflow/.venv/lib/python3.10/site-packages/airflow/example_dags/example_params_ui_tutorial.py
[2025-06-16T22:26:50.806-0300] {processor.py:829} INFO - Processing file /mnt/c/Users/arcan/Documents/airflow/.venv/lib/python3.10/site-packages/airflow/example_dags/example_params_ui_tutorial.py for tasks to queue
[2025-06-16T22:26:50.809-0300] {logging_mixin.py:154} INFO - [2025-06-16T22:26:50.809-0300] {dagbag.py:536} INFO - Filling up the DagBag from /mnt/c/Users/arcan/Documents/airflow/.venv/lib/python3.10/site-packages/airflow/example_dags/example_params_ui_tutorial.py
[2025-06-16T22:26:50.915-0300] {processor.py:839} INFO - DAG(s) dict_keys(['example_params_ui_tutorial']) retrieved from /mnt/c/Users/arcan/Documents/airflow/.venv/lib/python3.10/site-packages/airflow/example_dags/example_params_ui_tutorial.py
[2025-06-16T22:26:51.014-0300] {logging_mixin.py:154} INFO - [2025-06-16T22:26:51.014-0300] {dag.py:2941} INFO - Sync 1 DAGs
[2025-06-16T22:26:51.041-0300] {logging_mixin.py:154} INFO - [2025-06-16T22:26:51.041-0300] {dag.py:3722} INFO - Setting next_dagrun for example_params_ui_tutorial to None, run_after=None
[2025-06-16T22:26:51.210-0300] {processor.py:179} INFO - Processing /mnt/c/Users/arcan/Documents/airflow/.venv/lib/python3.10/site-packages/airflow/example_dags/example_params_ui_tutorial.py took 0.413 seconds
[2025-06-16T22:28:06.128-0300] {processor.py:157} INFO - Started process (PID=61960) to work on /mnt/c/Users/arcan/Documents/airflow/.venv/lib/python3.10/site-packages/airflow/example_dags/example_params_ui_tutorial.py
[2025-06-16T22:28:06.131-0300] {processor.py:829} INFO - Processing file /mnt/c/Users/arcan/Documents/airflow/.venv/lib/python3.10/site-packages/airflow/example_dags/example_params_ui_tutorial.py for tasks to queue
[2025-06-16T22:28:06.134-0300] {logging_mixin.py:154} INFO - [2025-06-16T22:28:06.133-0300] {dagbag.py:536} INFO - Filling up the DagBag from /mnt/c/Users/arcan/Documents/airflow/.venv/lib/python3.10/site-packages/airflow/example_dags/example_params_ui_tutorial.py
[2025-06-16T22:28:06.251-0300] {processor.py:839} INFO - DAG(s) dict_keys(['example_params_ui_tutorial']) retrieved from /mnt/c/Users/arcan/Documents/airflow/.venv/lib/python3.10/site-packages/airflow/example_dags/example_params_ui_tutorial.py
[2025-06-16T22:28:06.346-0300] {logging_mixin.py:154} INFO - [2025-06-16T22:28:06.346-0300] {dag.py:2941} INFO - Sync 1 DAGs
[2025-06-16T22:28:06.390-0300] {logging_mixin.py:154} INFO - [2025-06-16T22:28:06.389-0300] {dag.py:3722} INFO - Setting next_dagrun for example_params_ui_tutorial to None, run_after=None
[2025-06-16T22:28:06.558-0300] {processor.py:179} INFO - Processing /mnt/c/Users/arcan/Documents/airflow/.venv/lib/python3.10/site-packages/airflow/example_dags/example_params_ui_tutorial.py took 0.438 seconds
[2025-06-16T22:29:25.331-0300] {processor.py:157} INFO - Started process (PID=62189) to work on /mnt/c/Users/arcan/Documents/airflow/.venv/lib/python3.10/site-packages/airflow/example_dags/example_params_ui_tutorial.py
[2025-06-16T22:29:25.334-0300] {processor.py:829} INFO - Processing file /mnt/c/Users/arcan/Documents/airflow/.venv/lib/python3.10/site-packages/airflow/example_dags/example_params_ui_tutorial.py for tasks to queue
[2025-06-16T22:29:25.338-0300] {logging_mixin.py:154} INFO - [2025-06-16T22:29:25.336-0300] {dagbag.py:536} INFO - Filling up the DagBag from /mnt/c/Users/arcan/Documents/airflow/.venv/lib/python3.10/site-packages/airflow/example_dags/example_params_ui_tutorial.py
[2025-06-16T22:29:25.463-0300] {processor.py:839} INFO - DAG(s) dict_keys(['example_params_ui_tutorial']) retrieved from /mnt/c/Users/arcan/Documents/airflow/.venv/lib/python3.10/site-packages/airflow/example_dags/example_params_ui_tutorial.py
[2025-06-16T22:29:25.577-0300] {logging_mixin.py:154} INFO - [2025-06-16T22:29:25.576-0300] {dag.py:2941} INFO - Sync 1 DAGs
[2025-06-16T22:29:25.603-0300] {logging_mixin.py:154} INFO - [2025-06-16T22:29:25.603-0300] {dag.py:3722} INFO - Setting next_dagrun for example_params_ui_tutorial to None, run_after=None
[2025-06-16T22:29:25.767-0300] {processor.py:179} INFO - Processing /mnt/c/Users/arcan/Documents/airflow/.venv/lib/python3.10/site-packages/airflow/example_dags/example_params_ui_tutorial.py took 0.446 seconds
[2025-06-16T22:30:42.993-0300] {processor.py:157} INFO - Started process (PID=62412) to work on /mnt/c/Users/arcan/Documents/airflow/.venv/lib/python3.10/site-packages/airflow/example_dags/example_params_ui_tutorial.py
[2025-06-16T22:30:42.996-0300] {processor.py:829} INFO - Processing file /mnt/c/Users/arcan/Documents/airflow/.venv/lib/python3.10/site-packages/airflow/example_dags/example_params_ui_tutorial.py for tasks to queue
[2025-06-16T22:30:42.998-0300] {logging_mixin.py:154} INFO - [2025-06-16T22:30:42.997-0300] {dagbag.py:536} INFO - Filling up the DagBag from /mnt/c/Users/arcan/Documents/airflow/.venv/lib/python3.10/site-packages/airflow/example_dags/example_params_ui_tutorial.py
[2025-06-16T22:30:43.100-0300] {processor.py:839} INFO - DAG(s) dict_keys(['example_params_ui_tutorial']) retrieved from /mnt/c/Users/arcan/Documents/airflow/.venv/lib/python3.10/site-packages/airflow/example_dags/example_params_ui_tutorial.py
[2025-06-16T22:30:43.208-0300] {logging_mixin.py:154} INFO - [2025-06-16T22:30:43.208-0300] {dag.py:2941} INFO - Sync 1 DAGs
[2025-06-16T22:30:43.236-0300] {logging_mixin.py:154} INFO - [2025-06-16T22:30:43.235-0300] {dag.py:3722} INFO - Setting next_dagrun for example_params_ui_tutorial to None, run_after=None
[2025-06-16T22:30:43.415-0300] {processor.py:179} INFO - Processing /mnt/c/Users/arcan/Documents/airflow/.venv/lib/python3.10/site-packages/airflow/example_dags/example_params_ui_tutorial.py took 0.428 seconds
[2025-06-16T22:32:18.077-0300] {processor.py:157} INFO - Started process (PID=62765) to work on /mnt/c/Users/arcan/Documents/airflow/.venv/lib/python3.10/site-packages/airflow/example_dags/example_params_ui_tutorial.py
[2025-06-16T22:32:18.080-0300] {processor.py:829} INFO - Processing file /mnt/c/Users/arcan/Documents/airflow/.venv/lib/python3.10/site-packages/airflow/example_dags/example_params_ui_tutorial.py for tasks to queue
[2025-06-16T22:32:18.083-0300] {logging_mixin.py:154} INFO - [2025-06-16T22:32:18.082-0300] {dagbag.py:536} INFO - Filling up the DagBag from /mnt/c/Users/arcan/Documents/airflow/.venv/lib/python3.10/site-packages/airflow/example_dags/example_params_ui_tutorial.py
[2025-06-16T22:32:18.192-0300] {processor.py:839} INFO - DAG(s) dict_keys(['example_params_ui_tutorial']) retrieved from /mnt/c/Users/arcan/Documents/airflow/.venv/lib/python3.10/site-packages/airflow/example_dags/example_params_ui_tutorial.py
[2025-06-16T22:32:18.273-0300] {logging_mixin.py:154} INFO - [2025-06-16T22:32:18.273-0300] {dag.py:2941} INFO - Sync 1 DAGs
[2025-06-16T22:32:18.298-0300] {logging_mixin.py:154} INFO - [2025-06-16T22:32:18.298-0300] {dag.py:3722} INFO - Setting next_dagrun for example_params_ui_tutorial to None, run_after=None
[2025-06-16T22:32:18.418-0300] {processor.py:179} INFO - Processing /mnt/c/Users/arcan/Documents/airflow/.venv/lib/python3.10/site-packages/airflow/example_dags/example_params_ui_tutorial.py took 0.352 seconds
[2025-06-17T20:50:51.621-0300] {processor.py:157} INFO - Started process (PID=63664) to work on /mnt/c/Users/arcan/Documents/airflow/.venv/lib/python3.10/site-packages/airflow/example_dags/example_params_ui_tutorial.py
[2025-06-17T20:50:51.624-0300] {processor.py:829} INFO - Processing file /mnt/c/Users/arcan/Documents/airflow/.venv/lib/python3.10/site-packages/airflow/example_dags/example_params_ui_tutorial.py for tasks to queue
[2025-06-17T20:50:51.627-0300] {logging_mixin.py:154} INFO - [2025-06-17T20:50:51.626-0300] {dagbag.py:536} INFO - Filling up the DagBag from /mnt/c/Users/arcan/Documents/airflow/.venv/lib/python3.10/site-packages/airflow/example_dags/example_params_ui_tutorial.py
[2025-06-17T20:50:51.741-0300] {processor.py:839} INFO - DAG(s) dict_keys(['example_params_ui_tutorial']) retrieved from /mnt/c/Users/arcan/Documents/airflow/.venv/lib/python3.10/site-packages/airflow/example_dags/example_params_ui_tutorial.py
[2025-06-17T20:50:54.434-0300] {logging_mixin.py:154} INFO - [2025-06-17T20:50:54.433-0300] {dag.py:2941} INFO - Sync 1 DAGs
[2025-06-17T20:50:54.458-0300] {logging_mixin.py:154} INFO - [2025-06-17T20:50:54.458-0300] {dag.py:3722} INFO - Setting next_dagrun for example_params_ui_tutorial to None, run_after=None
[2025-06-17T20:50:54.578-0300] {processor.py:179} INFO - Processing /mnt/c/Users/arcan/Documents/airflow/.venv/lib/python3.10/site-packages/airflow/example_dags/example_params_ui_tutorial.py took 2.964 seconds
[2025-06-17T20:52:06.363-0300] {processor.py:157} INFO - Started process (PID=63818) to work on /mnt/c/Users/arcan/Documents/airflow/.venv/lib/python3.10/site-packages/airflow/example_dags/example_params_ui_tutorial.py
[2025-06-17T20:52:06.366-0300] {processor.py:829} INFO - Processing file /mnt/c/Users/arcan/Documents/airflow/.venv/lib/python3.10/site-packages/airflow/example_dags/example_params_ui_tutorial.py for tasks to queue
[2025-06-17T20:52:06.368-0300] {logging_mixin.py:154} INFO - [2025-06-17T20:52:06.367-0300] {dagbag.py:536} INFO - Filling up the DagBag from /mnt/c/Users/arcan/Documents/airflow/.venv/lib/python3.10/site-packages/airflow/example_dags/example_params_ui_tutorial.py
[2025-06-17T20:52:06.454-0300] {processor.py:839} INFO - DAG(s) dict_keys(['example_params_ui_tutorial']) retrieved from /mnt/c/Users/arcan/Documents/airflow/.venv/lib/python3.10/site-packages/airflow/example_dags/example_params_ui_tutorial.py
[2025-06-17T20:52:06.546-0300] {logging_mixin.py:154} INFO - [2025-06-17T20:52:06.545-0300] {dag.py:2941} INFO - Sync 1 DAGs
[2025-06-17T20:52:06.566-0300] {logging_mixin.py:154} INFO - [2025-06-17T20:52:06.565-0300] {dag.py:3722} INFO - Setting next_dagrun for example_params_ui_tutorial to None, run_after=None
[2025-06-17T20:52:06.694-0300] {processor.py:179} INFO - Processing /mnt/c/Users/arcan/Documents/airflow/.venv/lib/python3.10/site-packages/airflow/example_dags/example_params_ui_tutorial.py took 0.335 seconds
[2025-06-17T20:53:28.180-0300] {processor.py:157} INFO - Started process (PID=64168) to work on /mnt/c/Users/arcan/Documents/airflow/.venv/lib/python3.10/site-packages/airflow/example_dags/example_params_ui_tutorial.py
[2025-06-17T20:53:28.182-0300] {processor.py:829} INFO - Processing file /mnt/c/Users/arcan/Documents/airflow/.venv/lib/python3.10/site-packages/airflow/example_dags/example_params_ui_tutorial.py for tasks to queue
[2025-06-17T20:53:28.185-0300] {logging_mixin.py:154} INFO - [2025-06-17T20:53:28.184-0300] {dagbag.py:536} INFO - Filling up the DagBag from /mnt/c/Users/arcan/Documents/airflow/.venv/lib/python3.10/site-packages/airflow/example_dags/example_params_ui_tutorial.py
[2025-06-17T20:53:28.268-0300] {processor.py:839} INFO - DAG(s) dict_keys(['example_params_ui_tutorial']) retrieved from /mnt/c/Users/arcan/Documents/airflow/.venv/lib/python3.10/site-packages/airflow/example_dags/example_params_ui_tutorial.py
[2025-06-17T20:53:28.348-0300] {logging_mixin.py:154} INFO - [2025-06-17T20:53:28.347-0300] {dag.py:2941} INFO - Sync 1 DAGs
[2025-06-17T20:53:28.372-0300] {logging_mixin.py:154} INFO - [2025-06-17T20:53:28.371-0300] {dag.py:3722} INFO - Setting next_dagrun for example_params_ui_tutorial to None, run_after=None
[2025-06-17T20:53:28.474-0300] {processor.py:179} INFO - Processing /mnt/c/Users/arcan/Documents/airflow/.venv/lib/python3.10/site-packages/airflow/example_dags/example_params_ui_tutorial.py took 0.302 seconds
[2025-06-17T20:54:39.992-0300] {processor.py:157} INFO - Started process (PID=64378) to work on /mnt/c/Users/arcan/Documents/airflow/.venv/lib/python3.10/site-packages/airflow/example_dags/example_params_ui_tutorial.py
[2025-06-17T20:54:39.994-0300] {processor.py:829} INFO - Processing file /mnt/c/Users/arcan/Documents/airflow/.venv/lib/python3.10/site-packages/airflow/example_dags/example_params_ui_tutorial.py for tasks to queue
[2025-06-17T20:54:39.996-0300] {logging_mixin.py:154} INFO - [2025-06-17T20:54:39.995-0300] {dagbag.py:536} INFO - Filling up the DagBag from /mnt/c/Users/arcan/Documents/airflow/.venv/lib/python3.10/site-packages/airflow/example_dags/example_params_ui_tutorial.py
[2025-06-17T20:54:40.067-0300] {processor.py:839} INFO - DAG(s) dict_keys(['example_params_ui_tutorial']) retrieved from /mnt/c/Users/arcan/Documents/airflow/.venv/lib/python3.10/site-packages/airflow/example_dags/example_params_ui_tutorial.py
[2025-06-17T20:54:40.136-0300] {logging_mixin.py:154} INFO - [2025-06-17T20:54:40.136-0300] {dag.py:2941} INFO - Sync 1 DAGs
[2025-06-17T20:54:40.157-0300] {logging_mixin.py:154} INFO - [2025-06-17T20:54:40.157-0300] {dag.py:3722} INFO - Setting next_dagrun for example_params_ui_tutorial to None, run_after=None
[2025-06-17T20:54:40.261-0300] {processor.py:179} INFO - Processing /mnt/c/Users/arcan/Documents/airflow/.venv/lib/python3.10/site-packages/airflow/example_dags/example_params_ui_tutorial.py took 0.273 seconds
[2025-06-17T20:55:51.293-0300] {processor.py:157} INFO - Started process (PID=64585) to work on /mnt/c/Users/arcan/Documents/airflow/.venv/lib/python3.10/site-packages/airflow/example_dags/example_params_ui_tutorial.py
[2025-06-17T20:55:51.295-0300] {processor.py:829} INFO - Processing file /mnt/c/Users/arcan/Documents/airflow/.venv/lib/python3.10/site-packages/airflow/example_dags/example_params_ui_tutorial.py for tasks to queue
[2025-06-17T20:55:51.298-0300] {logging_mixin.py:154} INFO - [2025-06-17T20:55:51.297-0300] {dagbag.py:536} INFO - Filling up the DagBag from /mnt/c/Users/arcan/Documents/airflow/.venv/lib/python3.10/site-packages/airflow/example_dags/example_params_ui_tutorial.py
[2025-06-17T20:55:51.382-0300] {processor.py:839} INFO - DAG(s) dict_keys(['example_params_ui_tutorial']) retrieved from /mnt/c/Users/arcan/Documents/airflow/.venv/lib/python3.10/site-packages/airflow/example_dags/example_params_ui_tutorial.py
[2025-06-17T20:55:51.487-0300] {logging_mixin.py:154} INFO - [2025-06-17T20:55:51.486-0300] {dag.py:2941} INFO - Sync 1 DAGs
[2025-06-17T20:55:51.508-0300] {logging_mixin.py:154} INFO - [2025-06-17T20:55:51.508-0300] {dag.py:3722} INFO - Setting next_dagrun for example_params_ui_tutorial to None, run_after=None
[2025-06-17T20:55:51.652-0300] {processor.py:179} INFO - Processing /mnt/c/Users/arcan/Documents/airflow/.venv/lib/python3.10/site-packages/airflow/example_dags/example_params_ui_tutorial.py took 0.367 seconds
