[2025-06-16T22:03:40.549-0300] {processor.py:157} INFO - Started process (PID=57261) to work on /mnt/c/Users/arcan/Documents/airflow/.venv/lib/python3.10/site-packages/airflow/example_dags/example_time_delta_sensor_async.py
[2025-06-16T22:03:40.551-0300] {processor.py:829} INFO - Processing file /mnt/c/Users/arcan/Documents/airflow/.venv/lib/python3.10/site-packages/airflow/example_dags/example_time_delta_sensor_async.py for tasks to queue
[2025-06-16T22:03:40.553-0300] {logging_mixin.py:154} INFO - [2025-06-16T22:03:40.552-0300] {dagbag.py:536} INFO - Filling up the DagBag from /mnt/c/Users/arcan/Documents/airflow/.venv/lib/python3.10/site-packages/airflow/example_dags/example_time_delta_sensor_async.py
[2025-06-16T22:03:40.593-0300] {processor.py:839} INFO - DAG(s) dict_keys(['example_time_delta_sensor_async']) retrieved from /mnt/c/Users/arcan/Documents/airflow/.venv/lib/python3.10/site-packages/airflow/example_dags/example_time_delta_sensor_async.py
[2025-06-16T22:03:40.634-0300] {logging_mixin.py:154} INFO - [2025-06-16T22:03:40.634-0300] {dag.py:2941} INFO - Sync 1 DAGs
[2025-06-16T22:03:40.651-0300] {logging_mixin.py:154} INFO - [2025-06-16T22:03:40.651-0300] {dag.py:3722} INFO - Setting next_dagrun for example_time_delta_sensor_async to None, run_after=None
[2025-06-16T22:03:40.745-0300] {processor.py:179} INFO - Processing /mnt/c/Users/arcan/Documents/airflow/.venv/lib/python3.10/site-packages/airflow/example_dags/example_time_delta_sensor_async.py took 0.202 seconds
[2025-06-16T22:04:38.394-0300] {processor.py:157} INFO - Started process (PID=57434) to work on /mnt/c/Users/arcan/Documents/airflow/.venv/lib/python3.10/site-packages/airflow/example_dags/example_time_delta_sensor_async.py
[2025-06-16T22:04:38.397-0300] {processor.py:829} INFO - Processing file /mnt/c/Users/arcan/Documents/airflow/.venv/lib/python3.10/site-packages/airflow/example_dags/example_time_delta_sensor_async.py for tasks to queue
[2025-06-16T22:04:38.399-0300] {logging_mixin.py:154} INFO - [2025-06-16T22:04:38.398-0300] {dagbag.py:536} INFO - Filling up the DagBag from /mnt/c/Users/arcan/Documents/airflow/.venv/lib/python3.10/site-packages/airflow/example_dags/example_time_delta_sensor_async.py
[2025-06-16T22:04:38.447-0300] {processor.py:839} INFO - DAG(s) dict_keys(['example_time_delta_sensor_async']) retrieved from /mnt/c/Users/arcan/Documents/airflow/.venv/lib/python3.10/site-packages/airflow/example_dags/example_time_delta_sensor_async.py
[2025-06-16T22:04:38.508-0300] {logging_mixin.py:154} INFO - [2025-06-16T22:04:38.507-0300] {dag.py:2941} INFO - Sync 1 DAGs
[2025-06-16T22:04:38.537-0300] {logging_mixin.py:154} INFO - [2025-06-16T22:04:38.536-0300] {dag.py:3722} INFO - Setting next_dagrun for example_time_delta_sensor_async to None, run_after=None
[2025-06-16T22:04:38.672-0300] {processor.py:179} INFO - Processing /mnt/c/Users/arcan/Documents/airflow/.venv/lib/python3.10/site-packages/airflow/example_dags/example_time_delta_sensor_async.py took 0.284 seconds
[2025-06-16T22:05:52.305-0300] {processor.py:157} INFO - Started process (PID=57682) to work on /mnt/c/Users/arcan/Documents/airflow/.venv/lib/python3.10/site-packages/airflow/example_dags/example_time_delta_sensor_async.py
[2025-06-16T22:05:52.307-0300] {processor.py:829} INFO - Processing file /mnt/c/Users/arcan/Documents/airflow/.venv/lib/python3.10/site-packages/airflow/example_dags/example_time_delta_sensor_async.py for tasks to queue
[2025-06-16T22:05:52.309-0300] {logging_mixin.py:154} INFO - [2025-06-16T22:05:52.308-0300] {dagbag.py:536} INFO - Filling up the DagBag from /mnt/c/Users/arcan/Documents/airflow/.venv/lib/python3.10/site-packages/airflow/example_dags/example_time_delta_sensor_async.py
[2025-06-16T22:05:52.343-0300] {processor.py:839} INFO - DAG(s) dict_keys(['example_time_delta_sensor_async']) retrieved from /mnt/c/Users/arcan/Documents/airflow/.venv/lib/python3.10/site-packages/airflow/example_dags/example_time_delta_sensor_async.py
[2025-06-16T22:05:52.388-0300] {logging_mixin.py:154} INFO - [2025-06-16T22:05:52.387-0300] {dag.py:2941} INFO - Sync 1 DAGs
[2025-06-16T22:05:52.406-0300] {logging_mixin.py:154} INFO - [2025-06-16T22:05:52.405-0300] {dag.py:3722} INFO - Setting next_dagrun for example_time_delta_sensor_async to None, run_after=None
[2025-06-16T22:05:52.503-0300] {processor.py:179} INFO - Processing /mnt/c/Users/arcan/Documents/airflow/.venv/lib/python3.10/site-packages/airflow/example_dags/example_time_delta_sensor_async.py took 0.203 seconds
[2025-06-16T22:07:01.907-0300] {processor.py:157} INFO - Started process (PID=57888) to work on /mnt/c/Users/arcan/Documents/airflow/.venv/lib/python3.10/site-packages/airflow/example_dags/example_time_delta_sensor_async.py
[2025-06-16T22:07:01.910-0300] {processor.py:829} INFO - Processing file /mnt/c/Users/arcan/Documents/airflow/.venv/lib/python3.10/site-packages/airflow/example_dags/example_time_delta_sensor_async.py for tasks to queue
[2025-06-16T22:07:01.912-0300] {logging_mixin.py:154} INFO - [2025-06-16T22:07:01.911-0300] {dagbag.py:536} INFO - Filling up the DagBag from /mnt/c/Users/arcan/Documents/airflow/.venv/lib/python3.10/site-packages/airflow/example_dags/example_time_delta_sensor_async.py
[2025-06-16T22:07:01.959-0300] {processor.py:839} INFO - DAG(s) dict_keys(['example_time_delta_sensor_async']) retrieved from /mnt/c/Users/arcan/Documents/airflow/.venv/lib/python3.10/site-packages/airflow/example_dags/example_time_delta_sensor_async.py
[2025-06-16T22:07:02.017-0300] {logging_mixin.py:154} INFO - [2025-06-16T22:07:02.017-0300] {dag.py:2941} INFO - Sync 1 DAGs
[2025-06-16T22:07:02.041-0300] {logging_mixin.py:154} INFO - [2025-06-16T22:07:02.041-0300] {dag.py:3722} INFO - Setting next_dagrun for example_time_delta_sensor_async to None, run_after=None
[2025-06-16T22:07:02.168-0300] {processor.py:179} INFO - Processing /mnt/c/Users/arcan/Documents/airflow/.venv/lib/python3.10/site-packages/airflow/example_dags/example_time_delta_sensor_async.py took 0.267 seconds
[2025-06-16T22:08:16.116-0300] {processor.py:157} INFO - Started process (PID=58102) to work on /mnt/c/Users/arcan/Documents/airflow/.venv/lib/python3.10/site-packages/airflow/example_dags/example_time_delta_sensor_async.py
[2025-06-16T22:08:16.117-0300] {processor.py:829} INFO - Processing file /mnt/c/Users/arcan/Documents/airflow/.venv/lib/python3.10/site-packages/airflow/example_dags/example_time_delta_sensor_async.py for tasks to queue
[2025-06-16T22:08:16.119-0300] {logging_mixin.py:154} INFO - [2025-06-16T22:08:16.118-0300] {dagbag.py:536} INFO - Filling up the DagBag from /mnt/c/Users/arcan/Documents/airflow/.venv/lib/python3.10/site-packages/airflow/example_dags/example_time_delta_sensor_async.py
[2025-06-16T22:08:16.149-0300] {processor.py:839} INFO - DAG(s) dict_keys(['example_time_delta_sensor_async']) retrieved from /mnt/c/Users/arcan/Documents/airflow/.venv/lib/python3.10/site-packages/airflow/example_dags/example_time_delta_sensor_async.py
[2025-06-16T22:08:16.194-0300] {logging_mixin.py:154} INFO - [2025-06-16T22:08:16.194-0300] {dag.py:2941} INFO - Sync 1 DAGs
[2025-06-16T22:08:16.212-0300] {logging_mixin.py:154} INFO - [2025-06-16T22:08:16.212-0300] {dag.py:3722} INFO - Setting next_dagrun for example_time_delta_sensor_async to None, run_after=None
[2025-06-16T22:08:16.299-0300] {processor.py:179} INFO - Processing /mnt/c/Users/arcan/Documents/airflow/.venv/lib/python3.10/site-packages/airflow/example_dags/example_time_delta_sensor_async.py took 0.189 seconds
[2025-06-16T22:09:25.481-0300] {processor.py:157} INFO - Started process (PID=58431) to work on /mnt/c/Users/arcan/Documents/airflow/.venv/lib/python3.10/site-packages/airflow/example_dags/example_time_delta_sensor_async.py
[2025-06-16T22:09:25.483-0300] {processor.py:829} INFO - Processing file /mnt/c/Users/arcan/Documents/airflow/.venv/lib/python3.10/site-packages/airflow/example_dags/example_time_delta_sensor_async.py for tasks to queue
[2025-06-16T22:09:25.485-0300] {logging_mixin.py:154} INFO - [2025-06-16T22:09:25.484-0300] {dagbag.py:536} INFO - Filling up the DagBag from /mnt/c/Users/arcan/Documents/airflow/.venv/lib/python3.10/site-packages/airflow/example_dags/example_time_delta_sensor_async.py
[2025-06-16T22:09:25.513-0300] {processor.py:839} INFO - DAG(s) dict_keys(['example_time_delta_sensor_async']) retrieved from /mnt/c/Users/arcan/Documents/airflow/.venv/lib/python3.10/site-packages/airflow/example_dags/example_time_delta_sensor_async.py
[2025-06-16T22:09:25.553-0300] {logging_mixin.py:154} INFO - [2025-06-16T22:09:25.553-0300] {dag.py:2941} INFO - Sync 1 DAGs
[2025-06-16T22:09:25.570-0300] {logging_mixin.py:154} INFO - [2025-06-16T22:09:25.569-0300] {dag.py:3722} INFO - Setting next_dagrun for example_time_delta_sensor_async to None, run_after=None
[2025-06-16T22:09:25.670-0300] {processor.py:179} INFO - Processing /mnt/c/Users/arcan/Documents/airflow/.venv/lib/python3.10/site-packages/airflow/example_dags/example_time_delta_sensor_async.py took 0.194 seconds
[2025-06-16T22:10:29.144-0300] {processor.py:157} INFO - Started process (PID=58621) to work on /mnt/c/Users/arcan/Documents/airflow/.venv/lib/python3.10/site-packages/airflow/example_dags/example_time_delta_sensor_async.py
[2025-06-16T22:10:29.147-0300] {processor.py:829} INFO - Processing file /mnt/c/Users/arcan/Documents/airflow/.venv/lib/python3.10/site-packages/airflow/example_dags/example_time_delta_sensor_async.py for tasks to queue
[2025-06-16T22:10:29.149-0300] {logging_mixin.py:154} INFO - [2025-06-16T22:10:29.148-0300] {dagbag.py:536} INFO - Filling up the DagBag from /mnt/c/Users/arcan/Documents/airflow/.venv/lib/python3.10/site-packages/airflow/example_dags/example_time_delta_sensor_async.py
[2025-06-16T22:10:29.181-0300] {processor.py:839} INFO - DAG(s) dict_keys(['example_time_delta_sensor_async']) retrieved from /mnt/c/Users/arcan/Documents/airflow/.venv/lib/python3.10/site-packages/airflow/example_dags/example_time_delta_sensor_async.py
[2025-06-16T22:10:29.227-0300] {logging_mixin.py:154} INFO - [2025-06-16T22:10:29.226-0300] {dag.py:2941} INFO - Sync 1 DAGs
[2025-06-16T22:10:29.247-0300] {logging_mixin.py:154} INFO - [2025-06-16T22:10:29.246-0300] {dag.py:3722} INFO - Setting next_dagrun for example_time_delta_sensor_async to None, run_after=None
[2025-06-16T22:10:29.340-0300] {processor.py:179} INFO - Processing /mnt/c/Users/arcan/Documents/airflow/.venv/lib/python3.10/site-packages/airflow/example_dags/example_time_delta_sensor_async.py took 0.201 seconds
[2025-06-16T22:11:32.258-0300] {processor.py:157} INFO - Started process (PID=58813) to work on /mnt/c/Users/arcan/Documents/airflow/.venv/lib/python3.10/site-packages/airflow/example_dags/example_time_delta_sensor_async.py
[2025-06-16T22:11:32.260-0300] {processor.py:829} INFO - Processing file /mnt/c/Users/arcan/Documents/airflow/.venv/lib/python3.10/site-packages/airflow/example_dags/example_time_delta_sensor_async.py for tasks to queue
[2025-06-16T22:11:32.261-0300] {logging_mixin.py:154} INFO - [2025-06-16T22:11:32.261-0300] {dagbag.py:536} INFO - Filling up the DagBag from /mnt/c/Users/arcan/Documents/airflow/.venv/lib/python3.10/site-packages/airflow/example_dags/example_time_delta_sensor_async.py
[2025-06-16T22:11:32.292-0300] {processor.py:839} INFO - DAG(s) dict_keys(['example_time_delta_sensor_async']) retrieved from /mnt/c/Users/arcan/Documents/airflow/.venv/lib/python3.10/site-packages/airflow/example_dags/example_time_delta_sensor_async.py
[2025-06-16T22:11:32.338-0300] {logging_mixin.py:154} INFO - [2025-06-16T22:11:32.338-0300] {dag.py:2941} INFO - Sync 1 DAGs
[2025-06-16T22:11:32.358-0300] {logging_mixin.py:154} INFO - [2025-06-16T22:11:32.357-0300] {dag.py:3722} INFO - Setting next_dagrun for example_time_delta_sensor_async to None, run_after=None
[2025-06-16T22:11:32.452-0300] {processor.py:179} INFO - Processing /mnt/c/Users/arcan/Documents/airflow/.venv/lib/python3.10/site-packages/airflow/example_dags/example_time_delta_sensor_async.py took 0.199 seconds
[2025-06-16T22:12:29.322-0300] {processor.py:157} INFO - Started process (PID=58988) to work on /mnt/c/Users/arcan/Documents/airflow/.venv/lib/python3.10/site-packages/airflow/example_dags/example_time_delta_sensor_async.py
[2025-06-16T22:12:29.324-0300] {processor.py:829} INFO - Processing file /mnt/c/Users/arcan/Documents/airflow/.venv/lib/python3.10/site-packages/airflow/example_dags/example_time_delta_sensor_async.py for tasks to queue
[2025-06-16T22:12:29.326-0300] {logging_mixin.py:154} INFO - [2025-06-16T22:12:29.325-0300] {dagbag.py:536} INFO - Filling up the DagBag from /mnt/c/Users/arcan/Documents/airflow/.venv/lib/python3.10/site-packages/airflow/example_dags/example_time_delta_sensor_async.py
[2025-06-16T22:12:29.354-0300] {processor.py:839} INFO - DAG(s) dict_keys(['example_time_delta_sensor_async']) retrieved from /mnt/c/Users/arcan/Documents/airflow/.venv/lib/python3.10/site-packages/airflow/example_dags/example_time_delta_sensor_async.py
[2025-06-16T22:12:29.391-0300] {logging_mixin.py:154} INFO - [2025-06-16T22:12:29.391-0300] {dag.py:2941} INFO - Sync 1 DAGs
[2025-06-16T22:12:29.409-0300] {logging_mixin.py:154} INFO - [2025-06-16T22:12:29.409-0300] {dag.py:3722} INFO - Setting next_dagrun for example_time_delta_sensor_async to None, run_after=None
[2025-06-16T22:12:29.498-0300] {processor.py:179} INFO - Processing /mnt/c/Users/arcan/Documents/airflow/.venv/lib/python3.10/site-packages/airflow/example_dags/example_time_delta_sensor_async.py took 0.181 seconds
[2025-06-16T22:13:33.086-0300] {processor.py:157} INFO - Started process (PID=59180) to work on /mnt/c/Users/arcan/Documents/airflow/.venv/lib/python3.10/site-packages/airflow/example_dags/example_time_delta_sensor_async.py
[2025-06-16T22:13:33.089-0300] {processor.py:829} INFO - Processing file /mnt/c/Users/arcan/Documents/airflow/.venv/lib/python3.10/site-packages/airflow/example_dags/example_time_delta_sensor_async.py for tasks to queue
[2025-06-16T22:13:33.091-0300] {logging_mixin.py:154} INFO - [2025-06-16T22:13:33.090-0300] {dagbag.py:536} INFO - Filling up the DagBag from /mnt/c/Users/arcan/Documents/airflow/.venv/lib/python3.10/site-packages/airflow/example_dags/example_time_delta_sensor_async.py
[2025-06-16T22:13:33.126-0300] {processor.py:839} INFO - DAG(s) dict_keys(['example_time_delta_sensor_async']) retrieved from /mnt/c/Users/arcan/Documents/airflow/.venv/lib/python3.10/site-packages/airflow/example_dags/example_time_delta_sensor_async.py
[2025-06-16T22:13:33.171-0300] {logging_mixin.py:154} INFO - [2025-06-16T22:13:33.171-0300] {dag.py:2941} INFO - Sync 1 DAGs
[2025-06-16T22:13:33.189-0300] {logging_mixin.py:154} INFO - [2025-06-16T22:13:33.189-0300] {dag.py:3722} INFO - Setting next_dagrun for example_time_delta_sensor_async to None, run_after=None
[2025-06-16T22:13:33.278-0300] {processor.py:179} INFO - Processing /mnt/c/Users/arcan/Documents/airflow/.venv/lib/python3.10/site-packages/airflow/example_dags/example_time_delta_sensor_async.py took 0.197 seconds
[2025-06-16T22:14:40.453-0300] {processor.py:157} INFO - Started process (PID=59385) to work on /mnt/c/Users/arcan/Documents/airflow/.venv/lib/python3.10/site-packages/airflow/example_dags/example_time_delta_sensor_async.py
[2025-06-16T22:14:40.455-0300] {processor.py:829} INFO - Processing file /mnt/c/Users/arcan/Documents/airflow/.venv/lib/python3.10/site-packages/airflow/example_dags/example_time_delta_sensor_async.py for tasks to queue
[2025-06-16T22:14:40.458-0300] {logging_mixin.py:154} INFO - [2025-06-16T22:14:40.457-0300] {dagbag.py:536} INFO - Filling up the DagBag from /mnt/c/Users/arcan/Documents/airflow/.venv/lib/python3.10/site-packages/airflow/example_dags/example_time_delta_sensor_async.py
[2025-06-16T22:14:40.489-0300] {processor.py:839} INFO - DAG(s) dict_keys(['example_time_delta_sensor_async']) retrieved from /mnt/c/Users/arcan/Documents/airflow/.venv/lib/python3.10/site-packages/airflow/example_dags/example_time_delta_sensor_async.py
[2025-06-16T22:14:40.534-0300] {logging_mixin.py:154} INFO - [2025-06-16T22:14:40.533-0300] {dag.py:2941} INFO - Sync 1 DAGs
[2025-06-16T22:14:40.557-0300] {logging_mixin.py:154} INFO - [2025-06-16T22:14:40.557-0300] {dag.py:3722} INFO - Setting next_dagrun for example_time_delta_sensor_async to None, run_after=None
[2025-06-16T22:14:40.657-0300] {processor.py:179} INFO - Processing /mnt/c/Users/arcan/Documents/airflow/.venv/lib/python3.10/site-packages/airflow/example_dags/example_time_delta_sensor_async.py took 0.210 seconds
[2025-06-16T22:15:48.792-0300] {processor.py:157} INFO - Started process (PID=59582) to work on /mnt/c/Users/arcan/Documents/airflow/.venv/lib/python3.10/site-packages/airflow/example_dags/example_time_delta_sensor_async.py
[2025-06-16T22:15:48.795-0300] {processor.py:829} INFO - Processing file /mnt/c/Users/arcan/Documents/airflow/.venv/lib/python3.10/site-packages/airflow/example_dags/example_time_delta_sensor_async.py for tasks to queue
[2025-06-16T22:15:48.797-0300] {logging_mixin.py:154} INFO - [2025-06-16T22:15:48.796-0300] {dagbag.py:536} INFO - Filling up the DagBag from /mnt/c/Users/arcan/Documents/airflow/.venv/lib/python3.10/site-packages/airflow/example_dags/example_time_delta_sensor_async.py
[2025-06-16T22:15:48.835-0300] {processor.py:839} INFO - DAG(s) dict_keys(['example_time_delta_sensor_async']) retrieved from /mnt/c/Users/arcan/Documents/airflow/.venv/lib/python3.10/site-packages/airflow/example_dags/example_time_delta_sensor_async.py
[2025-06-16T22:15:48.884-0300] {logging_mixin.py:154} INFO - [2025-06-16T22:15:48.884-0300] {dag.py:2941} INFO - Sync 1 DAGs
[2025-06-16T22:15:48.903-0300] {logging_mixin.py:154} INFO - [2025-06-16T22:15:48.903-0300] {dag.py:3722} INFO - Setting next_dagrun for example_time_delta_sensor_async to None, run_after=None
[2025-06-16T22:15:49.016-0300] {processor.py:179} INFO - Processing /mnt/c/Users/arcan/Documents/airflow/.venv/lib/python3.10/site-packages/airflow/example_dags/example_time_delta_sensor_async.py took 0.230 seconds
[2025-06-16T22:16:58.262-0300] {processor.py:157} INFO - Started process (PID=59915) to work on /mnt/c/Users/arcan/Documents/airflow/.venv/lib/python3.10/site-packages/airflow/example_dags/example_time_delta_sensor_async.py
[2025-06-16T22:16:58.264-0300] {processor.py:829} INFO - Processing file /mnt/c/Users/arcan/Documents/airflow/.venv/lib/python3.10/site-packages/airflow/example_dags/example_time_delta_sensor_async.py for tasks to queue
[2025-06-16T22:16:58.266-0300] {logging_mixin.py:154} INFO - [2025-06-16T22:16:58.265-0300] {dagbag.py:536} INFO - Filling up the DagBag from /mnt/c/Users/arcan/Documents/airflow/.venv/lib/python3.10/site-packages/airflow/example_dags/example_time_delta_sensor_async.py
[2025-06-16T22:16:58.293-0300] {processor.py:839} INFO - DAG(s) dict_keys(['example_time_delta_sensor_async']) retrieved from /mnt/c/Users/arcan/Documents/airflow/.venv/lib/python3.10/site-packages/airflow/example_dags/example_time_delta_sensor_async.py
[2025-06-16T22:16:58.332-0300] {logging_mixin.py:154} INFO - [2025-06-16T22:16:58.332-0300] {dag.py:2941} INFO - Sync 1 DAGs
[2025-06-16T22:16:58.350-0300] {logging_mixin.py:154} INFO - [2025-06-16T22:16:58.350-0300] {dag.py:3722} INFO - Setting next_dagrun for example_time_delta_sensor_async to None, run_after=None
[2025-06-16T22:16:58.460-0300] {processor.py:179} INFO - Processing /mnt/c/Users/arcan/Documents/airflow/.venv/lib/python3.10/site-packages/airflow/example_dags/example_time_delta_sensor_async.py took 0.204 seconds
[2025-06-16T22:18:16.253-0300] {processor.py:157} INFO - Started process (PID=60144) to work on /mnt/c/Users/arcan/Documents/airflow/.venv/lib/python3.10/site-packages/airflow/example_dags/example_time_delta_sensor_async.py
[2025-06-16T22:18:16.255-0300] {processor.py:829} INFO - Processing file /mnt/c/Users/arcan/Documents/airflow/.venv/lib/python3.10/site-packages/airflow/example_dags/example_time_delta_sensor_async.py for tasks to queue
[2025-06-16T22:18:16.258-0300] {logging_mixin.py:154} INFO - [2025-06-16T22:18:16.257-0300] {dagbag.py:536} INFO - Filling up the DagBag from /mnt/c/Users/arcan/Documents/airflow/.venv/lib/python3.10/site-packages/airflow/example_dags/example_time_delta_sensor_async.py
[2025-06-16T22:18:16.304-0300] {processor.py:839} INFO - DAG(s) dict_keys(['example_time_delta_sensor_async']) retrieved from /mnt/c/Users/arcan/Documents/airflow/.venv/lib/python3.10/site-packages/airflow/example_dags/example_time_delta_sensor_async.py
[2025-06-16T22:18:16.363-0300] {logging_mixin.py:154} INFO - [2025-06-16T22:18:16.362-0300] {dag.py:2941} INFO - Sync 1 DAGs
[2025-06-16T22:18:16.391-0300] {logging_mixin.py:154} INFO - [2025-06-16T22:18:16.391-0300] {dag.py:3722} INFO - Setting next_dagrun for example_time_delta_sensor_async to None, run_after=None
[2025-06-16T22:18:16.541-0300] {processor.py:179} INFO - Processing /mnt/c/Users/arcan/Documents/airflow/.venv/lib/python3.10/site-packages/airflow/example_dags/example_time_delta_sensor_async.py took 0.296 seconds
[2025-06-16T22:19:43.691-0300] {processor.py:157} INFO - Started process (PID=60397) to work on /mnt/c/Users/arcan/Documents/airflow/.venv/lib/python3.10/site-packages/airflow/example_dags/example_time_delta_sensor_async.py
[2025-06-16T22:19:43.694-0300] {processor.py:829} INFO - Processing file /mnt/c/Users/arcan/Documents/airflow/.venv/lib/python3.10/site-packages/airflow/example_dags/example_time_delta_sensor_async.py for tasks to queue
[2025-06-16T22:19:43.696-0300] {logging_mixin.py:154} INFO - [2025-06-16T22:19:43.696-0300] {dagbag.py:536} INFO - Filling up the DagBag from /mnt/c/Users/arcan/Documents/airflow/.venv/lib/python3.10/site-packages/airflow/example_dags/example_time_delta_sensor_async.py
[2025-06-16T22:19:43.744-0300] {processor.py:839} INFO - DAG(s) dict_keys(['example_time_delta_sensor_async']) retrieved from /mnt/c/Users/arcan/Documents/airflow/.venv/lib/python3.10/site-packages/airflow/example_dags/example_time_delta_sensor_async.py
[2025-06-16T22:19:43.807-0300] {logging_mixin.py:154} INFO - [2025-06-16T22:19:43.807-0300] {dag.py:2941} INFO - Sync 1 DAGs
[2025-06-16T22:19:43.834-0300] {logging_mixin.py:154} INFO - [2025-06-16T22:19:43.834-0300] {dag.py:3722} INFO - Setting next_dagrun for example_time_delta_sensor_async to None, run_after=None
[2025-06-16T22:19:43.988-0300] {processor.py:179} INFO - Processing /mnt/c/Users/arcan/Documents/airflow/.venv/lib/python3.10/site-packages/airflow/example_dags/example_time_delta_sensor_async.py took 0.305 seconds
[2025-06-16T22:21:04.452-0300] {processor.py:157} INFO - Started process (PID=60631) to work on /mnt/c/Users/arcan/Documents/airflow/.venv/lib/python3.10/site-packages/airflow/example_dags/example_time_delta_sensor_async.py
[2025-06-16T22:21:04.455-0300] {processor.py:829} INFO - Processing file /mnt/c/Users/arcan/Documents/airflow/.venv/lib/python3.10/site-packages/airflow/example_dags/example_time_delta_sensor_async.py for tasks to queue
[2025-06-16T22:21:04.458-0300] {logging_mixin.py:154} INFO - [2025-06-16T22:21:04.457-0300] {dagbag.py:536} INFO - Filling up the DagBag from /mnt/c/Users/arcan/Documents/airflow/.venv/lib/python3.10/site-packages/airflow/example_dags/example_time_delta_sensor_async.py
[2025-06-16T22:21:04.503-0300] {processor.py:839} INFO - DAG(s) dict_keys(['example_time_delta_sensor_async']) retrieved from /mnt/c/Users/arcan/Documents/airflow/.venv/lib/python3.10/site-packages/airflow/example_dags/example_time_delta_sensor_async.py
[2025-06-16T22:21:04.567-0300] {logging_mixin.py:154} INFO - [2025-06-16T22:21:04.567-0300] {dag.py:2941} INFO - Sync 1 DAGs
[2025-06-16T22:21:04.589-0300] {logging_mixin.py:154} INFO - [2025-06-16T22:21:04.589-0300] {dag.py:3722} INFO - Setting next_dagrun for example_time_delta_sensor_async to None, run_after=None
[2025-06-16T22:21:04.729-0300] {processor.py:179} INFO - Processing /mnt/c/Users/arcan/Documents/airflow/.venv/lib/python3.10/site-packages/airflow/example_dags/example_time_delta_sensor_async.py took 0.285 seconds
[2025-06-16T22:22:27.309-0300] {processor.py:157} INFO - Started process (PID=60866) to work on /mnt/c/Users/arcan/Documents/airflow/.venv/lib/python3.10/site-packages/airflow/example_dags/example_time_delta_sensor_async.py
[2025-06-16T22:22:27.312-0300] {processor.py:829} INFO - Processing file /mnt/c/Users/arcan/Documents/airflow/.venv/lib/python3.10/site-packages/airflow/example_dags/example_time_delta_sensor_async.py for tasks to queue
[2025-06-16T22:22:27.315-0300] {logging_mixin.py:154} INFO - [2025-06-16T22:22:27.314-0300] {dagbag.py:536} INFO - Filling up the DagBag from /mnt/c/Users/arcan/Documents/airflow/.venv/lib/python3.10/site-packages/airflow/example_dags/example_time_delta_sensor_async.py
[2025-06-16T22:22:27.369-0300] {processor.py:839} INFO - DAG(s) dict_keys(['example_time_delta_sensor_async']) retrieved from /mnt/c/Users/arcan/Documents/airflow/.venv/lib/python3.10/site-packages/airflow/example_dags/example_time_delta_sensor_async.py
[2025-06-16T22:22:27.451-0300] {logging_mixin.py:154} INFO - [2025-06-16T22:22:27.450-0300] {dag.py:2941} INFO - Sync 1 DAGs
[2025-06-16T22:22:27.481-0300] {logging_mixin.py:154} INFO - [2025-06-16T22:22:27.480-0300] {dag.py:3722} INFO - Setting next_dagrun for example_time_delta_sensor_async to None, run_after=None
[2025-06-16T22:22:27.614-0300] {processor.py:179} INFO - Processing /mnt/c/Users/arcan/Documents/airflow/.venv/lib/python3.10/site-packages/airflow/example_dags/example_time_delta_sensor_async.py took 0.313 seconds
[2025-06-16T22:23:50.828-0300] {processor.py:157} INFO - Started process (PID=61101) to work on /mnt/c/Users/arcan/Documents/airflow/.venv/lib/python3.10/site-packages/airflow/example_dags/example_time_delta_sensor_async.py
[2025-06-16T22:23:50.831-0300] {processor.py:829} INFO - Processing file /mnt/c/Users/arcan/Documents/airflow/.venv/lib/python3.10/site-packages/airflow/example_dags/example_time_delta_sensor_async.py for tasks to queue
[2025-06-16T22:23:50.833-0300] {logging_mixin.py:154} INFO - [2025-06-16T22:23:50.832-0300] {dagbag.py:536} INFO - Filling up the DagBag from /mnt/c/Users/arcan/Documents/airflow/.venv/lib/python3.10/site-packages/airflow/example_dags/example_time_delta_sensor_async.py
[2025-06-16T22:23:50.880-0300] {processor.py:839} INFO - DAG(s) dict_keys(['example_time_delta_sensor_async']) retrieved from /mnt/c/Users/arcan/Documents/airflow/.venv/lib/python3.10/site-packages/airflow/example_dags/example_time_delta_sensor_async.py
[2025-06-16T22:23:50.942-0300] {logging_mixin.py:154} INFO - [2025-06-16T22:23:50.941-0300] {dag.py:2941} INFO - Sync 1 DAGs
[2025-06-16T22:23:50.973-0300] {logging_mixin.py:154} INFO - [2025-06-16T22:23:50.973-0300] {dag.py:3722} INFO - Setting next_dagrun for example_time_delta_sensor_async to None, run_after=None
[2025-06-16T22:23:51.111-0300] {processor.py:179} INFO - Processing /mnt/c/Users/arcan/Documents/airflow/.venv/lib/python3.10/site-packages/airflow/example_dags/example_time_delta_sensor_async.py took 0.292 seconds
[2025-06-16T22:25:09.461-0300] {processor.py:157} INFO - Started process (PID=61455) to work on /mnt/c/Users/arcan/Documents/airflow/.venv/lib/python3.10/site-packages/airflow/example_dags/example_time_delta_sensor_async.py
[2025-06-16T22:25:09.464-0300] {processor.py:829} INFO - Processing file /mnt/c/Users/arcan/Documents/airflow/.venv/lib/python3.10/site-packages/airflow/example_dags/example_time_delta_sensor_async.py for tasks to queue
[2025-06-16T22:25:09.466-0300] {logging_mixin.py:154} INFO - [2025-06-16T22:25:09.465-0300] {dagbag.py:536} INFO - Filling up the DagBag from /mnt/c/Users/arcan/Documents/airflow/.venv/lib/python3.10/site-packages/airflow/example_dags/example_time_delta_sensor_async.py
[2025-06-16T22:25:09.516-0300] {processor.py:839} INFO - DAG(s) dict_keys(['example_time_delta_sensor_async']) retrieved from /mnt/c/Users/arcan/Documents/airflow/.venv/lib/python3.10/site-packages/airflow/example_dags/example_time_delta_sensor_async.py
[2025-06-16T22:25:09.572-0300] {logging_mixin.py:154} INFO - [2025-06-16T22:25:09.572-0300] {dag.py:2941} INFO - Sync 1 DAGs
[2025-06-16T22:25:09.604-0300] {logging_mixin.py:154} INFO - [2025-06-16T22:25:09.604-0300] {dag.py:3722} INFO - Setting next_dagrun for example_time_delta_sensor_async to None, run_after=None
[2025-06-16T22:25:09.741-0300] {processor.py:179} INFO - Processing /mnt/c/Users/arcan/Documents/airflow/.venv/lib/python3.10/site-packages/airflow/example_dags/example_time_delta_sensor_async.py took 0.287 seconds
[2025-06-16T22:26:31.388-0300] {processor.py:157} INFO - Started process (PID=61687) to work on /mnt/c/Users/arcan/Documents/airflow/.venv/lib/python3.10/site-packages/airflow/example_dags/example_time_delta_sensor_async.py
[2025-06-16T22:26:31.391-0300] {processor.py:829} INFO - Processing file /mnt/c/Users/arcan/Documents/airflow/.venv/lib/python3.10/site-packages/airflow/example_dags/example_time_delta_sensor_async.py for tasks to queue
[2025-06-16T22:26:31.394-0300] {logging_mixin.py:154} INFO - [2025-06-16T22:26:31.393-0300] {dagbag.py:536} INFO - Filling up the DagBag from /mnt/c/Users/arcan/Documents/airflow/.venv/lib/python3.10/site-packages/airflow/example_dags/example_time_delta_sensor_async.py
[2025-06-16T22:26:31.441-0300] {processor.py:839} INFO - DAG(s) dict_keys(['example_time_delta_sensor_async']) retrieved from /mnt/c/Users/arcan/Documents/airflow/.venv/lib/python3.10/site-packages/airflow/example_dags/example_time_delta_sensor_async.py
[2025-06-16T22:26:31.509-0300] {logging_mixin.py:154} INFO - [2025-06-16T22:26:31.509-0300] {dag.py:2941} INFO - Sync 1 DAGs
[2025-06-16T22:26:31.545-0300] {logging_mixin.py:154} INFO - [2025-06-16T22:26:31.544-0300] {dag.py:3722} INFO - Setting next_dagrun for example_time_delta_sensor_async to None, run_after=None
[2025-06-16T22:26:31.706-0300] {processor.py:179} INFO - Processing /mnt/c/Users/arcan/Documents/airflow/.venv/lib/python3.10/site-packages/airflow/example_dags/example_time_delta_sensor_async.py took 0.324 seconds
[2025-06-16T22:27:46.150-0300] {processor.py:157} INFO - Started process (PID=61902) to work on /mnt/c/Users/arcan/Documents/airflow/.venv/lib/python3.10/site-packages/airflow/example_dags/example_time_delta_sensor_async.py
[2025-06-16T22:27:46.153-0300] {processor.py:829} INFO - Processing file /mnt/c/Users/arcan/Documents/airflow/.venv/lib/python3.10/site-packages/airflow/example_dags/example_time_delta_sensor_async.py for tasks to queue
[2025-06-16T22:27:46.156-0300] {logging_mixin.py:154} INFO - [2025-06-16T22:27:46.155-0300] {dagbag.py:536} INFO - Filling up the DagBag from /mnt/c/Users/arcan/Documents/airflow/.venv/lib/python3.10/site-packages/airflow/example_dags/example_time_delta_sensor_async.py
[2025-06-16T22:27:46.200-0300] {processor.py:839} INFO - DAG(s) dict_keys(['example_time_delta_sensor_async']) retrieved from /mnt/c/Users/arcan/Documents/airflow/.venv/lib/python3.10/site-packages/airflow/example_dags/example_time_delta_sensor_async.py
[2025-06-16T22:27:46.284-0300] {logging_mixin.py:154} INFO - [2025-06-16T22:27:46.284-0300] {dag.py:2941} INFO - Sync 1 DAGs
[2025-06-16T22:27:46.310-0300] {logging_mixin.py:154} INFO - [2025-06-16T22:27:46.310-0300] {dag.py:3722} INFO - Setting next_dagrun for example_time_delta_sensor_async to None, run_after=None
[2025-06-16T22:27:46.440-0300] {processor.py:179} INFO - Processing /mnt/c/Users/arcan/Documents/airflow/.venv/lib/python3.10/site-packages/airflow/example_dags/example_time_delta_sensor_async.py took 0.302 seconds
[2025-06-16T22:29:04.844-0300] {processor.py:157} INFO - Started process (PID=62130) to work on /mnt/c/Users/arcan/Documents/airflow/.venv/lib/python3.10/site-packages/airflow/example_dags/example_time_delta_sensor_async.py
[2025-06-16T22:29:04.847-0300] {processor.py:829} INFO - Processing file /mnt/c/Users/arcan/Documents/airflow/.venv/lib/python3.10/site-packages/airflow/example_dags/example_time_delta_sensor_async.py for tasks to queue
[2025-06-16T22:29:04.850-0300] {logging_mixin.py:154} INFO - [2025-06-16T22:29:04.848-0300] {dagbag.py:536} INFO - Filling up the DagBag from /mnt/c/Users/arcan/Documents/airflow/.venv/lib/python3.10/site-packages/airflow/example_dags/example_time_delta_sensor_async.py
[2025-06-16T22:29:04.895-0300] {processor.py:839} INFO - DAG(s) dict_keys(['example_time_delta_sensor_async']) retrieved from /mnt/c/Users/arcan/Documents/airflow/.venv/lib/python3.10/site-packages/airflow/example_dags/example_time_delta_sensor_async.py
[2025-06-16T22:29:04.957-0300] {logging_mixin.py:154} INFO - [2025-06-16T22:29:04.956-0300] {dag.py:2941} INFO - Sync 1 DAGs
[2025-06-16T22:29:05.002-0300] {logging_mixin.py:154} INFO - [2025-06-16T22:29:05.002-0300] {dag.py:3722} INFO - Setting next_dagrun for example_time_delta_sensor_async to None, run_after=None
[2025-06-16T22:29:05.141-0300] {processor.py:179} INFO - Processing /mnt/c/Users/arcan/Documents/airflow/.venv/lib/python3.10/site-packages/airflow/example_dags/example_time_delta_sensor_async.py took 0.304 seconds
[2025-06-16T22:30:23.317-0300] {processor.py:157} INFO - Started process (PID=62351) to work on /mnt/c/Users/arcan/Documents/airflow/.venv/lib/python3.10/site-packages/airflow/example_dags/example_time_delta_sensor_async.py
[2025-06-16T22:30:23.320-0300] {processor.py:829} INFO - Processing file /mnt/c/Users/arcan/Documents/airflow/.venv/lib/python3.10/site-packages/airflow/example_dags/example_time_delta_sensor_async.py for tasks to queue
[2025-06-16T22:30:23.322-0300] {logging_mixin.py:154} INFO - [2025-06-16T22:30:23.321-0300] {dagbag.py:536} INFO - Filling up the DagBag from /mnt/c/Users/arcan/Documents/airflow/.venv/lib/python3.10/site-packages/airflow/example_dags/example_time_delta_sensor_async.py
[2025-06-16T22:30:23.366-0300] {processor.py:839} INFO - DAG(s) dict_keys(['example_time_delta_sensor_async']) retrieved from /mnt/c/Users/arcan/Documents/airflow/.venv/lib/python3.10/site-packages/airflow/example_dags/example_time_delta_sensor_async.py
[2025-06-16T22:30:23.427-0300] {logging_mixin.py:154} INFO - [2025-06-16T22:30:23.426-0300] {dag.py:2941} INFO - Sync 1 DAGs
[2025-06-16T22:30:23.451-0300] {logging_mixin.py:154} INFO - [2025-06-16T22:30:23.451-0300] {dag.py:3722} INFO - Setting next_dagrun for example_time_delta_sensor_async to None, run_after=None
[2025-06-16T22:30:23.615-0300] {processor.py:179} INFO - Processing /mnt/c/Users/arcan/Documents/airflow/.venv/lib/python3.10/site-packages/airflow/example_dags/example_time_delta_sensor_async.py took 0.305 seconds
[2025-06-16T22:31:39.455-0300] {processor.py:157} INFO - Started process (PID=62573) to work on /mnt/c/Users/arcan/Documents/airflow/.venv/lib/python3.10/site-packages/airflow/example_dags/example_time_delta_sensor_async.py
[2025-06-16T22:31:39.457-0300] {processor.py:829} INFO - Processing file /mnt/c/Users/arcan/Documents/airflow/.venv/lib/python3.10/site-packages/airflow/example_dags/example_time_delta_sensor_async.py for tasks to queue
[2025-06-16T22:31:39.459-0300] {logging_mixin.py:154} INFO - [2025-06-16T22:31:39.458-0300] {dagbag.py:536} INFO - Filling up the DagBag from /mnt/c/Users/arcan/Documents/airflow/.venv/lib/python3.10/site-packages/airflow/example_dags/example_time_delta_sensor_async.py
[2025-06-16T22:31:39.499-0300] {processor.py:839} INFO - DAG(s) dict_keys(['example_time_delta_sensor_async']) retrieved from /mnt/c/Users/arcan/Documents/airflow/.venv/lib/python3.10/site-packages/airflow/example_dags/example_time_delta_sensor_async.py
[2025-06-16T22:31:39.556-0300] {logging_mixin.py:154} INFO - [2025-06-16T22:31:39.556-0300] {dag.py:2941} INFO - Sync 1 DAGs
[2025-06-16T22:31:39.576-0300] {logging_mixin.py:154} INFO - [2025-06-16T22:31:39.576-0300] {dag.py:3722} INFO - Setting next_dagrun for example_time_delta_sensor_async to None, run_after=None
[2025-06-16T22:31:39.699-0300] {processor.py:179} INFO - Processing /mnt/c/Users/arcan/Documents/airflow/.venv/lib/python3.10/site-packages/airflow/example_dags/example_time_delta_sensor_async.py took 0.250 seconds
[2025-06-16T22:32:41.234-0300] {processor.py:157} INFO - Started process (PID=62827) to work on /mnt/c/Users/arcan/Documents/airflow/.venv/lib/python3.10/site-packages/airflow/example_dags/example_time_delta_sensor_async.py
[2025-06-16T22:32:41.237-0300] {processor.py:829} INFO - Processing file /mnt/c/Users/arcan/Documents/airflow/.venv/lib/python3.10/site-packages/airflow/example_dags/example_time_delta_sensor_async.py for tasks to queue
[2025-06-16T22:32:41.241-0300] {logging_mixin.py:154} INFO - [2025-06-16T22:32:41.240-0300] {dagbag.py:536} INFO - Filling up the DagBag from /mnt/c/Users/arcan/Documents/airflow/.venv/lib/python3.10/site-packages/airflow/example_dags/example_time_delta_sensor_async.py
[2025-06-16T22:32:41.307-0300] {processor.py:839} INFO - DAG(s) dict_keys(['example_time_delta_sensor_async']) retrieved from /mnt/c/Users/arcan/Documents/airflow/.venv/lib/python3.10/site-packages/airflow/example_dags/example_time_delta_sensor_async.py
[2025-06-16T22:32:41.390-0300] {logging_mixin.py:154} INFO - [2025-06-16T22:32:41.389-0300] {dag.py:2941} INFO - Sync 1 DAGs
[2025-06-16T22:32:41.428-0300] {logging_mixin.py:154} INFO - [2025-06-16T22:32:41.428-0300] {dag.py:3722} INFO - Setting next_dagrun for example_time_delta_sensor_async to None, run_after=None
[2025-06-16T22:32:41.580-0300] {processor.py:179} INFO - Processing /mnt/c/Users/arcan/Documents/airflow/.venv/lib/python3.10/site-packages/airflow/example_dags/example_time_delta_sensor_async.py took 0.355 seconds
[2025-06-17T20:50:31.172-0300] {processor.py:157} INFO - Started process (PID=63647) to work on /mnt/c/Users/arcan/Documents/airflow/.venv/lib/python3.10/site-packages/airflow/example_dags/example_time_delta_sensor_async.py
[2025-06-17T20:50:31.203-0300] {processor.py:829} INFO - Processing file /mnt/c/Users/arcan/Documents/airflow/.venv/lib/python3.10/site-packages/airflow/example_dags/example_time_delta_sensor_async.py for tasks to queue
[2025-06-17T20:50:31.205-0300] {logging_mixin.py:154} INFO - [2025-06-17T20:50:31.204-0300] {dagbag.py:536} INFO - Filling up the DagBag from /mnt/c/Users/arcan/Documents/airflow/.venv/lib/python3.10/site-packages/airflow/example_dags/example_time_delta_sensor_async.py
[2025-06-17T20:50:31.251-0300] {processor.py:839} INFO - DAG(s) dict_keys(['example_time_delta_sensor_async']) retrieved from /mnt/c/Users/arcan/Documents/airflow/.venv/lib/python3.10/site-packages/airflow/example_dags/example_time_delta_sensor_async.py
[2025-06-17T20:50:31.324-0300] {logging_mixin.py:154} INFO - [2025-06-17T20:50:31.324-0300] {dag.py:2941} INFO - Sync 1 DAGs
[2025-06-17T20:50:31.348-0300] {logging_mixin.py:154} INFO - [2025-06-17T20:50:31.348-0300] {dag.py:3722} INFO - Setting next_dagrun for example_time_delta_sensor_async to None, run_after=None
[2025-06-17T20:50:31.497-0300] {processor.py:179} INFO - Processing /mnt/c/Users/arcan/Documents/airflow/.venv/lib/python3.10/site-packages/airflow/example_dags/example_time_delta_sensor_async.py took 0.330 seconds
[2025-06-17T20:51:46.737-0300] {processor.py:157} INFO - Started process (PID=63763) to work on /mnt/c/Users/arcan/Documents/airflow/.venv/lib/python3.10/site-packages/airflow/example_dags/example_time_delta_sensor_async.py
[2025-06-17T20:51:46.740-0300] {processor.py:829} INFO - Processing file /mnt/c/Users/arcan/Documents/airflow/.venv/lib/python3.10/site-packages/airflow/example_dags/example_time_delta_sensor_async.py for tasks to queue
[2025-06-17T20:51:46.742-0300] {logging_mixin.py:154} INFO - [2025-06-17T20:51:46.742-0300] {dagbag.py:536} INFO - Filling up the DagBag from /mnt/c/Users/arcan/Documents/airflow/.venv/lib/python3.10/site-packages/airflow/example_dags/example_time_delta_sensor_async.py
[2025-06-17T20:51:46.797-0300] {processor.py:839} INFO - DAG(s) dict_keys(['example_time_delta_sensor_async']) retrieved from /mnt/c/Users/arcan/Documents/airflow/.venv/lib/python3.10/site-packages/airflow/example_dags/example_time_delta_sensor_async.py
[2025-06-17T20:51:46.848-0300] {logging_mixin.py:154} INFO - [2025-06-17T20:51:46.848-0300] {dag.py:2941} INFO - Sync 1 DAGs
[2025-06-17T20:51:46.868-0300] {logging_mixin.py:154} INFO - [2025-06-17T20:51:46.868-0300] {dag.py:3722} INFO - Setting next_dagrun for example_time_delta_sensor_async to None, run_after=None
[2025-06-17T20:51:46.996-0300] {processor.py:179} INFO - Processing /mnt/c/Users/arcan/Documents/airflow/.venv/lib/python3.10/site-packages/airflow/example_dags/example_time_delta_sensor_async.py took 0.266 seconds
[2025-06-17T20:53:08.274-0300] {processor.py:157} INFO - Started process (PID=63995) to work on /mnt/c/Users/arcan/Documents/airflow/.venv/lib/python3.10/site-packages/airflow/example_dags/example_time_delta_sensor_async.py
[2025-06-17T20:53:08.277-0300] {processor.py:829} INFO - Processing file /mnt/c/Users/arcan/Documents/airflow/.venv/lib/python3.10/site-packages/airflow/example_dags/example_time_delta_sensor_async.py for tasks to queue
[2025-06-17T20:53:08.280-0300] {logging_mixin.py:154} INFO - [2025-06-17T20:53:08.279-0300] {dagbag.py:536} INFO - Filling up the DagBag from /mnt/c/Users/arcan/Documents/airflow/.venv/lib/python3.10/site-packages/airflow/example_dags/example_time_delta_sensor_async.py
[2025-06-17T20:53:08.343-0300] {processor.py:839} INFO - DAG(s) dict_keys(['example_time_delta_sensor_async']) retrieved from /mnt/c/Users/arcan/Documents/airflow/.venv/lib/python3.10/site-packages/airflow/example_dags/example_time_delta_sensor_async.py
[2025-06-17T20:53:08.410-0300] {logging_mixin.py:154} INFO - [2025-06-17T20:53:08.409-0300] {dag.py:2941} INFO - Sync 1 DAGs
[2025-06-17T20:53:08.439-0300] {logging_mixin.py:154} INFO - [2025-06-17T20:53:08.439-0300] {dag.py:3722} INFO - Setting next_dagrun for example_time_delta_sensor_async to None, run_after=None
[2025-06-17T20:53:08.590-0300] {processor.py:179} INFO - Processing /mnt/c/Users/arcan/Documents/airflow/.venv/lib/python3.10/site-packages/airflow/example_dags/example_time_delta_sensor_async.py took 0.327 seconds
[2025-06-17T20:54:22.468-0300] {processor.py:157} INFO - Started process (PID=64331) to work on /mnt/c/Users/arcan/Documents/airflow/.venv/lib/python3.10/site-packages/airflow/example_dags/example_time_delta_sensor_async.py
[2025-06-17T20:54:22.470-0300] {processor.py:829} INFO - Processing file /mnt/c/Users/arcan/Documents/airflow/.venv/lib/python3.10/site-packages/airflow/example_dags/example_time_delta_sensor_async.py for tasks to queue
[2025-06-17T20:54:22.473-0300] {logging_mixin.py:154} INFO - [2025-06-17T20:54:22.472-0300] {dagbag.py:536} INFO - Filling up the DagBag from /mnt/c/Users/arcan/Documents/airflow/.venv/lib/python3.10/site-packages/airflow/example_dags/example_time_delta_sensor_async.py
[2025-06-17T20:54:22.512-0300] {processor.py:839} INFO - DAG(s) dict_keys(['example_time_delta_sensor_async']) retrieved from /mnt/c/Users/arcan/Documents/airflow/.venv/lib/python3.10/site-packages/airflow/example_dags/example_time_delta_sensor_async.py
[2025-06-17T20:54:22.558-0300] {logging_mixin.py:154} INFO - [2025-06-17T20:54:22.558-0300] {dag.py:2941} INFO - Sync 1 DAGs
[2025-06-17T20:54:22.578-0300] {logging_mixin.py:154} INFO - [2025-06-17T20:54:22.578-0300] {dag.py:3722} INFO - Setting next_dagrun for example_time_delta_sensor_async to None, run_after=None
[2025-06-17T20:54:22.682-0300] {processor.py:179} INFO - Processing /mnt/c/Users/arcan/Documents/airflow/.venv/lib/python3.10/site-packages/airflow/example_dags/example_time_delta_sensor_async.py took 0.219 seconds
[2025-06-17T20:55:31.794-0300] {processor.py:157} INFO - Started process (PID=64532) to work on /mnt/c/Users/arcan/Documents/airflow/.venv/lib/python3.10/site-packages/airflow/example_dags/example_time_delta_sensor_async.py
[2025-06-17T20:55:31.797-0300] {processor.py:829} INFO - Processing file /mnt/c/Users/arcan/Documents/airflow/.venv/lib/python3.10/site-packages/airflow/example_dags/example_time_delta_sensor_async.py for tasks to queue
[2025-06-17T20:55:31.799-0300] {logging_mixin.py:154} INFO - [2025-06-17T20:55:31.798-0300] {dagbag.py:536} INFO - Filling up the DagBag from /mnt/c/Users/arcan/Documents/airflow/.venv/lib/python3.10/site-packages/airflow/example_dags/example_time_delta_sensor_async.py
[2025-06-17T20:55:31.828-0300] {processor.py:839} INFO - DAG(s) dict_keys(['example_time_delta_sensor_async']) retrieved from /mnt/c/Users/arcan/Documents/airflow/.venv/lib/python3.10/site-packages/airflow/example_dags/example_time_delta_sensor_async.py
[2025-06-17T20:55:31.877-0300] {logging_mixin.py:154} INFO - [2025-06-17T20:55:31.876-0300] {dag.py:2941} INFO - Sync 1 DAGs
[2025-06-17T20:55:31.897-0300] {logging_mixin.py:154} INFO - [2025-06-17T20:55:31.897-0300] {dag.py:3722} INFO - Setting next_dagrun for example_time_delta_sensor_async to None, run_after=None
[2025-06-17T20:55:32.019-0300] {processor.py:179} INFO - Processing /mnt/c/Users/arcan/Documents/airflow/.venv/lib/python3.10/site-packages/airflow/example_dags/example_time_delta_sensor_async.py took 0.229 seconds
