[2025-06-16T22:03:47.222-0300] {processor.py:157} INFO - Started process (PID=57283) to work on /mnt/c/Users/arcan/Documents/airflow/.venv/lib/python3.10/site-packages/airflow/example_dags/example_sla_dag.py
[2025-06-16T22:03:47.226-0300] {processor.py:829} INFO - Processing file /mnt/c/Users/arcan/Documents/airflow/.venv/lib/python3.10/site-packages/airflow/example_dags/example_sla_dag.py for tasks to queue
[2025-06-16T22:03:47.230-0300] {logging_mixin.py:154} INFO - [2025-06-16T22:03:47.228-0300] {dagbag.py:536} INFO - Filling up the DagBag from /mnt/c/Users/arcan/Documents/airflow/.venv/lib/python3.10/site-packages/airflow/example_dags/example_sla_dag.py
[2025-06-16T22:03:47.307-0300] {processor.py:839} INFO - DAG(s) dict_keys(['example_sla_dag']) retrieved from /mnt/c/Users/arcan/Documents/airflow/.venv/lib/python3.10/site-packages/airflow/example_dags/example_sla_dag.py
[2025-06-16T22:03:47.374-0300] {logging_mixin.py:154} INFO - [2025-06-16T22:03:47.373-0300] {dag.py:2941} INFO - Sync 1 DAGs
[2025-06-16T22:03:47.431-0300] {logging_mixin.py:154} INFO - [2025-06-16T22:03:47.430-0300] {dag.py:3722} INFO - Setting next_dagrun for example_sla_dag to 2025-06-17T01:00:00+00:00, run_after=2025-06-17T01:02:00+00:00
[2025-06-16T22:03:47.566-0300] {processor.py:179} INFO - Processing /mnt/c/Users/arcan/Documents/airflow/.venv/lib/python3.10/site-packages/airflow/example_dags/example_sla_dag.py took 0.355 seconds
[2025-06-16T22:04:44.328-0300] {processor.py:157} INFO - Started process (PID=57459) to work on /mnt/c/Users/arcan/Documents/airflow/.venv/lib/python3.10/site-packages/airflow/example_dags/example_sla_dag.py
[2025-06-16T22:04:44.330-0300] {processor.py:829} INFO - Processing file /mnt/c/Users/arcan/Documents/airflow/.venv/lib/python3.10/site-packages/airflow/example_dags/example_sla_dag.py for tasks to queue
[2025-06-16T22:04:44.333-0300] {logging_mixin.py:154} INFO - [2025-06-16T22:04:44.332-0300] {dagbag.py:536} INFO - Filling up the DagBag from /mnt/c/Users/arcan/Documents/airflow/.venv/lib/python3.10/site-packages/airflow/example_dags/example_sla_dag.py
[2025-06-16T22:04:44.398-0300] {processor.py:839} INFO - DAG(s) dict_keys(['example_sla_dag']) retrieved from /mnt/c/Users/arcan/Documents/airflow/.venv/lib/python3.10/site-packages/airflow/example_dags/example_sla_dag.py
[2025-06-16T22:04:44.464-0300] {logging_mixin.py:154} INFO - [2025-06-16T22:04:44.463-0300] {dag.py:2941} INFO - Sync 1 DAGs
[2025-06-16T22:04:44.509-0300] {logging_mixin.py:154} INFO - [2025-06-16T22:04:44.509-0300] {dag.py:3722} INFO - Setting next_dagrun for example_sla_dag to 2025-06-17T01:02:00+00:00, run_after=2025-06-17T01:04:00+00:00
[2025-06-16T22:04:44.648-0300] {processor.py:179} INFO - Processing /mnt/c/Users/arcan/Documents/airflow/.venv/lib/python3.10/site-packages/airflow/example_dags/example_sla_dag.py took 0.327 seconds
[2025-06-16T22:05:57.854-0300] {processor.py:157} INFO - Started process (PID=57698) to work on /mnt/c/Users/arcan/Documents/airflow/.venv/lib/python3.10/site-packages/airflow/example_dags/example_sla_dag.py
[2025-06-16T22:05:57.856-0300] {processor.py:829} INFO - Processing file /mnt/c/Users/arcan/Documents/airflow/.venv/lib/python3.10/site-packages/airflow/example_dags/example_sla_dag.py for tasks to queue
[2025-06-16T22:05:57.859-0300] {logging_mixin.py:154} INFO - [2025-06-16T22:05:57.858-0300] {dagbag.py:536} INFO - Filling up the DagBag from /mnt/c/Users/arcan/Documents/airflow/.venv/lib/python3.10/site-packages/airflow/example_dags/example_sla_dag.py
[2025-06-16T22:05:57.928-0300] {processor.py:839} INFO - DAG(s) dict_keys(['example_sla_dag']) retrieved from /mnt/c/Users/arcan/Documents/airflow/.venv/lib/python3.10/site-packages/airflow/example_dags/example_sla_dag.py
[2025-06-16T22:05:57.989-0300] {logging_mixin.py:154} INFO - [2025-06-16T22:05:57.989-0300] {dag.py:2941} INFO - Sync 1 DAGs
[2025-06-16T22:05:58.035-0300] {logging_mixin.py:154} INFO - [2025-06-16T22:05:58.035-0300] {dag.py:3722} INFO - Setting next_dagrun for example_sla_dag to 2025-06-17T01:02:00+00:00, run_after=2025-06-17T01:04:00+00:00
[2025-06-16T22:05:58.171-0300] {processor.py:179} INFO - Processing /mnt/c/Users/arcan/Documents/airflow/.venv/lib/python3.10/site-packages/airflow/example_dags/example_sla_dag.py took 0.324 seconds
[2025-06-16T22:07:07.680-0300] {processor.py:157} INFO - Started process (PID=57904) to work on /mnt/c/Users/arcan/Documents/airflow/.venv/lib/python3.10/site-packages/airflow/example_dags/example_sla_dag.py
[2025-06-16T22:07:07.683-0300] {processor.py:829} INFO - Processing file /mnt/c/Users/arcan/Documents/airflow/.venv/lib/python3.10/site-packages/airflow/example_dags/example_sla_dag.py for tasks to queue
[2025-06-16T22:07:07.686-0300] {logging_mixin.py:154} INFO - [2025-06-16T22:07:07.685-0300] {dagbag.py:536} INFO - Filling up the DagBag from /mnt/c/Users/arcan/Documents/airflow/.venv/lib/python3.10/site-packages/airflow/example_dags/example_sla_dag.py
[2025-06-16T22:07:07.750-0300] {processor.py:839} INFO - DAG(s) dict_keys(['example_sla_dag']) retrieved from /mnt/c/Users/arcan/Documents/airflow/.venv/lib/python3.10/site-packages/airflow/example_dags/example_sla_dag.py
[2025-06-16T22:07:07.808-0300] {logging_mixin.py:154} INFO - [2025-06-16T22:07:07.807-0300] {dag.py:2941} INFO - Sync 1 DAGs
[2025-06-16T22:07:07.860-0300] {logging_mixin.py:154} INFO - [2025-06-16T22:07:07.860-0300] {dag.py:3722} INFO - Setting next_dagrun for example_sla_dag to 2025-06-17T01:04:00+00:00, run_after=2025-06-17T01:06:00+00:00
[2025-06-16T22:07:07.989-0300] {processor.py:179} INFO - Processing /mnt/c/Users/arcan/Documents/airflow/.venv/lib/python3.10/site-packages/airflow/example_dags/example_sla_dag.py took 0.315 seconds
[2025-06-16T22:08:21.615-0300] {processor.py:157} INFO - Started process (PID=58121) to work on /mnt/c/Users/arcan/Documents/airflow/.venv/lib/python3.10/site-packages/airflow/example_dags/example_sla_dag.py
[2025-06-16T22:08:21.617-0300] {processor.py:829} INFO - Processing file /mnt/c/Users/arcan/Documents/airflow/.venv/lib/python3.10/site-packages/airflow/example_dags/example_sla_dag.py for tasks to queue
[2025-06-16T22:08:21.619-0300] {logging_mixin.py:154} INFO - [2025-06-16T22:08:21.619-0300] {dagbag.py:536} INFO - Filling up the DagBag from /mnt/c/Users/arcan/Documents/airflow/.venv/lib/python3.10/site-packages/airflow/example_dags/example_sla_dag.py
[2025-06-16T22:08:21.664-0300] {processor.py:839} INFO - DAG(s) dict_keys(['example_sla_dag']) retrieved from /mnt/c/Users/arcan/Documents/airflow/.venv/lib/python3.10/site-packages/airflow/example_dags/example_sla_dag.py
[2025-06-16T22:08:21.710-0300] {logging_mixin.py:154} INFO - [2025-06-16T22:08:21.709-0300] {dag.py:2941} INFO - Sync 1 DAGs
[2025-06-16T22:08:21.749-0300] {logging_mixin.py:154} INFO - [2025-06-16T22:08:21.749-0300] {dag.py:3722} INFO - Setting next_dagrun for example_sla_dag to 2025-06-17T01:06:00+00:00, run_after=2025-06-17T01:08:00+00:00
[2025-06-16T22:08:21.852-0300] {processor.py:179} INFO - Processing /mnt/c/Users/arcan/Documents/airflow/.venv/lib/python3.10/site-packages/airflow/example_dags/example_sla_dag.py took 0.243 seconds
[2025-06-16T22:09:31.108-0300] {processor.py:157} INFO - Started process (PID=58449) to work on /mnt/c/Users/arcan/Documents/airflow/.venv/lib/python3.10/site-packages/airflow/example_dags/example_sla_dag.py
[2025-06-16T22:09:31.110-0300] {processor.py:829} INFO - Processing file /mnt/c/Users/arcan/Documents/airflow/.venv/lib/python3.10/site-packages/airflow/example_dags/example_sla_dag.py for tasks to queue
[2025-06-16T22:09:31.112-0300] {logging_mixin.py:154} INFO - [2025-06-16T22:09:31.111-0300] {dagbag.py:536} INFO - Filling up the DagBag from /mnt/c/Users/arcan/Documents/airflow/.venv/lib/python3.10/site-packages/airflow/example_dags/example_sla_dag.py
[2025-06-16T22:09:31.162-0300] {processor.py:839} INFO - DAG(s) dict_keys(['example_sla_dag']) retrieved from /mnt/c/Users/arcan/Documents/airflow/.venv/lib/python3.10/site-packages/airflow/example_dags/example_sla_dag.py
[2025-06-16T22:09:31.211-0300] {logging_mixin.py:154} INFO - [2025-06-16T22:09:31.211-0300] {dag.py:2941} INFO - Sync 1 DAGs
[2025-06-16T22:09:31.247-0300] {logging_mixin.py:154} INFO - [2025-06-16T22:09:31.247-0300] {dag.py:3722} INFO - Setting next_dagrun for example_sla_dag to 2025-06-17T01:06:00+00:00, run_after=2025-06-17T01:08:00+00:00
[2025-06-16T22:09:31.356-0300] {processor.py:179} INFO - Processing /mnt/c/Users/arcan/Documents/airflow/.venv/lib/python3.10/site-packages/airflow/example_dags/example_sla_dag.py took 0.252 seconds
[2025-06-16T22:10:34.375-0300] {processor.py:157} INFO - Started process (PID=58640) to work on /mnt/c/Users/arcan/Documents/airflow/.venv/lib/python3.10/site-packages/airflow/example_dags/example_sla_dag.py
[2025-06-16T22:10:34.377-0300] {processor.py:829} INFO - Processing file /mnt/c/Users/arcan/Documents/airflow/.venv/lib/python3.10/site-packages/airflow/example_dags/example_sla_dag.py for tasks to queue
[2025-06-16T22:10:34.380-0300] {logging_mixin.py:154} INFO - [2025-06-16T22:10:34.379-0300] {dagbag.py:536} INFO - Filling up the DagBag from /mnt/c/Users/arcan/Documents/airflow/.venv/lib/python3.10/site-packages/airflow/example_dags/example_sla_dag.py
[2025-06-16T22:10:34.432-0300] {processor.py:839} INFO - DAG(s) dict_keys(['example_sla_dag']) retrieved from /mnt/c/Users/arcan/Documents/airflow/.venv/lib/python3.10/site-packages/airflow/example_dags/example_sla_dag.py
[2025-06-16T22:10:34.469-0300] {logging_mixin.py:154} INFO - [2025-06-16T22:10:34.469-0300] {dag.py:2941} INFO - Sync 1 DAGs
[2025-06-16T22:10:34.503-0300] {logging_mixin.py:154} INFO - [2025-06-16T22:10:34.502-0300] {dag.py:3722} INFO - Setting next_dagrun for example_sla_dag to 2025-06-17T01:08:00+00:00, run_after=2025-06-17T01:10:00+00:00
[2025-06-16T22:10:34.591-0300] {processor.py:179} INFO - Processing /mnt/c/Users/arcan/Documents/airflow/.venv/lib/python3.10/site-packages/airflow/example_dags/example_sla_dag.py took 0.223 seconds
[2025-06-16T22:11:36.279-0300] {processor.py:157} INFO - Started process (PID=58829) to work on /mnt/c/Users/arcan/Documents/airflow/.venv/lib/python3.10/site-packages/airflow/example_dags/example_sla_dag.py
[2025-06-16T22:11:36.281-0300] {processor.py:829} INFO - Processing file /mnt/c/Users/arcan/Documents/airflow/.venv/lib/python3.10/site-packages/airflow/example_dags/example_sla_dag.py for tasks to queue
[2025-06-16T22:11:36.283-0300] {logging_mixin.py:154} INFO - [2025-06-16T22:11:36.283-0300] {dagbag.py:536} INFO - Filling up the DagBag from /mnt/c/Users/arcan/Documents/airflow/.venv/lib/python3.10/site-packages/airflow/example_dags/example_sla_dag.py
[2025-06-16T22:11:36.325-0300] {processor.py:839} INFO - DAG(s) dict_keys(['example_sla_dag']) retrieved from /mnt/c/Users/arcan/Documents/airflow/.venv/lib/python3.10/site-packages/airflow/example_dags/example_sla_dag.py
[2025-06-16T22:11:36.365-0300] {logging_mixin.py:154} INFO - [2025-06-16T22:11:36.364-0300] {dag.py:2941} INFO - Sync 1 DAGs
[2025-06-16T22:11:36.399-0300] {logging_mixin.py:154} INFO - [2025-06-16T22:11:36.398-0300] {dag.py:3722} INFO - Setting next_dagrun for example_sla_dag to 2025-06-17T01:08:00+00:00, run_after=2025-06-17T01:10:00+00:00
[2025-06-16T22:11:36.488-0300] {processor.py:179} INFO - Processing /mnt/c/Users/arcan/Documents/airflow/.venv/lib/python3.10/site-packages/airflow/example_dags/example_sla_dag.py took 0.214 seconds
[2025-06-16T22:12:34.729-0300] {processor.py:157} INFO - Started process (PID=59004) to work on /mnt/c/Users/arcan/Documents/airflow/.venv/lib/python3.10/site-packages/airflow/example_dags/example_sla_dag.py
[2025-06-16T22:12:34.731-0300] {processor.py:829} INFO - Processing file /mnt/c/Users/arcan/Documents/airflow/.venv/lib/python3.10/site-packages/airflow/example_dags/example_sla_dag.py for tasks to queue
[2025-06-16T22:12:34.733-0300] {logging_mixin.py:154} INFO - [2025-06-16T22:12:34.733-0300] {dagbag.py:536} INFO - Filling up the DagBag from /mnt/c/Users/arcan/Documents/airflow/.venv/lib/python3.10/site-packages/airflow/example_dags/example_sla_dag.py
[2025-06-16T22:12:34.774-0300] {processor.py:839} INFO - DAG(s) dict_keys(['example_sla_dag']) retrieved from /mnt/c/Users/arcan/Documents/airflow/.venv/lib/python3.10/site-packages/airflow/example_dags/example_sla_dag.py
[2025-06-16T22:12:34.815-0300] {logging_mixin.py:154} INFO - [2025-06-16T22:12:34.815-0300] {dag.py:2941} INFO - Sync 1 DAGs
[2025-06-16T22:12:34.850-0300] {logging_mixin.py:154} INFO - [2025-06-16T22:12:34.850-0300] {dag.py:3722} INFO - Setting next_dagrun for example_sla_dag to 2025-06-17T01:10:00+00:00, run_after=2025-06-17T01:12:00+00:00
[2025-06-16T22:12:34.941-0300] {processor.py:179} INFO - Processing /mnt/c/Users/arcan/Documents/airflow/.venv/lib/python3.10/site-packages/airflow/example_dags/example_sla_dag.py took 0.216 seconds
[2025-06-16T22:13:38.015-0300] {processor.py:157} INFO - Started process (PID=59196) to work on /mnt/c/Users/arcan/Documents/airflow/.venv/lib/python3.10/site-packages/airflow/example_dags/example_sla_dag.py
[2025-06-16T22:13:38.017-0300] {processor.py:829} INFO - Processing file /mnt/c/Users/arcan/Documents/airflow/.venv/lib/python3.10/site-packages/airflow/example_dags/example_sla_dag.py for tasks to queue
[2025-06-16T22:13:38.019-0300] {logging_mixin.py:154} INFO - [2025-06-16T22:13:38.018-0300] {dagbag.py:536} INFO - Filling up the DagBag from /mnt/c/Users/arcan/Documents/airflow/.venv/lib/python3.10/site-packages/airflow/example_dags/example_sla_dag.py
[2025-06-16T22:13:38.059-0300] {processor.py:839} INFO - DAG(s) dict_keys(['example_sla_dag']) retrieved from /mnt/c/Users/arcan/Documents/airflow/.venv/lib/python3.10/site-packages/airflow/example_dags/example_sla_dag.py
[2025-06-16T22:13:38.103-0300] {logging_mixin.py:154} INFO - [2025-06-16T22:13:38.103-0300] {dag.py:2941} INFO - Sync 1 DAGs
[2025-06-16T22:13:38.153-0300] {logging_mixin.py:154} INFO - [2025-06-16T22:13:38.153-0300] {dag.py:3722} INFO - Setting next_dagrun for example_sla_dag to 2025-06-17T01:10:00+00:00, run_after=2025-06-17T01:12:00+00:00
[2025-06-16T22:13:38.266-0300] {processor.py:179} INFO - Processing /mnt/c/Users/arcan/Documents/airflow/.venv/lib/python3.10/site-packages/airflow/example_dags/example_sla_dag.py took 0.255 seconds
[2025-06-16T22:14:46.426-0300] {processor.py:157} INFO - Started process (PID=59401) to work on /mnt/c/Users/arcan/Documents/airflow/.venv/lib/python3.10/site-packages/airflow/example_dags/example_sla_dag.py
[2025-06-16T22:14:46.428-0300] {processor.py:829} INFO - Processing file /mnt/c/Users/arcan/Documents/airflow/.venv/lib/python3.10/site-packages/airflow/example_dags/example_sla_dag.py for tasks to queue
[2025-06-16T22:14:46.430-0300] {logging_mixin.py:154} INFO - [2025-06-16T22:14:46.429-0300] {dagbag.py:536} INFO - Filling up the DagBag from /mnt/c/Users/arcan/Documents/airflow/.venv/lib/python3.10/site-packages/airflow/example_dags/example_sla_dag.py
[2025-06-16T22:14:46.468-0300] {processor.py:839} INFO - DAG(s) dict_keys(['example_sla_dag']) retrieved from /mnt/c/Users/arcan/Documents/airflow/.venv/lib/python3.10/site-packages/airflow/example_dags/example_sla_dag.py
[2025-06-16T22:14:46.504-0300] {logging_mixin.py:154} INFO - [2025-06-16T22:14:46.504-0300] {dag.py:2941} INFO - Sync 1 DAGs
[2025-06-16T22:14:46.539-0300] {logging_mixin.py:154} INFO - [2025-06-16T22:14:46.539-0300] {dag.py:3722} INFO - Setting next_dagrun for example_sla_dag to 2025-06-17T01:12:00+00:00, run_after=2025-06-17T01:14:00+00:00
[2025-06-16T22:14:46.631-0300] {processor.py:179} INFO - Processing /mnt/c/Users/arcan/Documents/airflow/.venv/lib/python3.10/site-packages/airflow/example_dags/example_sla_dag.py took 0.209 seconds
[2025-06-16T22:15:53.745-0300] {processor.py:157} INFO - Started process (PID=59600) to work on /mnt/c/Users/arcan/Documents/airflow/.venv/lib/python3.10/site-packages/airflow/example_dags/example_sla_dag.py
[2025-06-16T22:15:53.747-0300] {processor.py:829} INFO - Processing file /mnt/c/Users/arcan/Documents/airflow/.venv/lib/python3.10/site-packages/airflow/example_dags/example_sla_dag.py for tasks to queue
[2025-06-16T22:15:53.749-0300] {logging_mixin.py:154} INFO - [2025-06-16T22:15:53.748-0300] {dagbag.py:536} INFO - Filling up the DagBag from /mnt/c/Users/arcan/Documents/airflow/.venv/lib/python3.10/site-packages/airflow/example_dags/example_sla_dag.py
[2025-06-16T22:15:53.793-0300] {processor.py:839} INFO - DAG(s) dict_keys(['example_sla_dag']) retrieved from /mnt/c/Users/arcan/Documents/airflow/.venv/lib/python3.10/site-packages/airflow/example_dags/example_sla_dag.py
[2025-06-16T22:15:53.837-0300] {logging_mixin.py:154} INFO - [2025-06-16T22:15:53.837-0300] {dag.py:2941} INFO - Sync 1 DAGs
[2025-06-16T22:15:53.876-0300] {logging_mixin.py:154} INFO - [2025-06-16T22:15:53.875-0300] {dag.py:3722} INFO - Setting next_dagrun for example_sla_dag to 2025-06-17T01:12:00+00:00, run_after=2025-06-17T01:14:00+00:00
[2025-06-16T22:15:53.987-0300] {processor.py:179} INFO - Processing /mnt/c/Users/arcan/Documents/airflow/.venv/lib/python3.10/site-packages/airflow/example_dags/example_sla_dag.py took 0.246 seconds
[2025-06-16T22:17:04.203-0300] {processor.py:157} INFO - Started process (PID=59937) to work on /mnt/c/Users/arcan/Documents/airflow/.venv/lib/python3.10/site-packages/airflow/example_dags/example_sla_dag.py
[2025-06-16T22:17:04.205-0300] {processor.py:829} INFO - Processing file /mnt/c/Users/arcan/Documents/airflow/.venv/lib/python3.10/site-packages/airflow/example_dags/example_sla_dag.py for tasks to queue
[2025-06-16T22:17:04.207-0300] {logging_mixin.py:154} INFO - [2025-06-16T22:17:04.206-0300] {dagbag.py:536} INFO - Filling up the DagBag from /mnt/c/Users/arcan/Documents/airflow/.venv/lib/python3.10/site-packages/airflow/example_dags/example_sla_dag.py
[2025-06-16T22:17:04.250-0300] {processor.py:839} INFO - DAG(s) dict_keys(['example_sla_dag']) retrieved from /mnt/c/Users/arcan/Documents/airflow/.venv/lib/python3.10/site-packages/airflow/example_dags/example_sla_dag.py
[2025-06-16T22:17:04.288-0300] {logging_mixin.py:154} INFO - [2025-06-16T22:17:04.287-0300] {dag.py:2941} INFO - Sync 1 DAGs
[2025-06-16T22:17:04.321-0300] {logging_mixin.py:154} INFO - [2025-06-16T22:17:04.321-0300] {dag.py:3722} INFO - Setting next_dagrun for example_sla_dag to 2025-06-17T01:14:00+00:00, run_after=2025-06-17T01:16:00+00:00
[2025-06-16T22:17:04.409-0300] {processor.py:179} INFO - Processing /mnt/c/Users/arcan/Documents/airflow/.venv/lib/python3.10/site-packages/airflow/example_dags/example_sla_dag.py took 0.211 seconds
[2025-06-16T22:18:22.065-0300] {processor.py:157} INFO - Started process (PID=60162) to work on /mnt/c/Users/arcan/Documents/airflow/.venv/lib/python3.10/site-packages/airflow/example_dags/example_sla_dag.py
[2025-06-16T22:18:22.067-0300] {processor.py:829} INFO - Processing file /mnt/c/Users/arcan/Documents/airflow/.venv/lib/python3.10/site-packages/airflow/example_dags/example_sla_dag.py for tasks to queue
[2025-06-16T22:18:22.070-0300] {logging_mixin.py:154} INFO - [2025-06-16T22:18:22.069-0300] {dagbag.py:536} INFO - Filling up the DagBag from /mnt/c/Users/arcan/Documents/airflow/.venv/lib/python3.10/site-packages/airflow/example_dags/example_sla_dag.py
[2025-06-16T22:18:22.125-0300] {processor.py:839} INFO - DAG(s) dict_keys(['example_sla_dag']) retrieved from /mnt/c/Users/arcan/Documents/airflow/.venv/lib/python3.10/site-packages/airflow/example_dags/example_sla_dag.py
[2025-06-16T22:18:22.177-0300] {logging_mixin.py:154} INFO - [2025-06-16T22:18:22.177-0300] {dag.py:2941} INFO - Sync 1 DAGs
[2025-06-16T22:18:22.219-0300] {logging_mixin.py:154} INFO - [2025-06-16T22:18:22.218-0300] {dag.py:3722} INFO - Setting next_dagrun for example_sla_dag to 2025-06-17T01:16:00+00:00, run_after=2025-06-17T01:18:00+00:00
[2025-06-16T22:18:22.376-0300] {processor.py:179} INFO - Processing /mnt/c/Users/arcan/Documents/airflow/.venv/lib/python3.10/site-packages/airflow/example_dags/example_sla_dag.py took 0.317 seconds
[2025-06-16T22:19:49.461-0300] {processor.py:157} INFO - Started process (PID=60413) to work on /mnt/c/Users/arcan/Documents/airflow/.venv/lib/python3.10/site-packages/airflow/example_dags/example_sla_dag.py
[2025-06-16T22:19:49.464-0300] {processor.py:829} INFO - Processing file /mnt/c/Users/arcan/Documents/airflow/.venv/lib/python3.10/site-packages/airflow/example_dags/example_sla_dag.py for tasks to queue
[2025-06-16T22:19:49.467-0300] {logging_mixin.py:154} INFO - [2025-06-16T22:19:49.466-0300] {dagbag.py:536} INFO - Filling up the DagBag from /mnt/c/Users/arcan/Documents/airflow/.venv/lib/python3.10/site-packages/airflow/example_dags/example_sla_dag.py
[2025-06-16T22:19:49.534-0300] {processor.py:839} INFO - DAG(s) dict_keys(['example_sla_dag']) retrieved from /mnt/c/Users/arcan/Documents/airflow/.venv/lib/python3.10/site-packages/airflow/example_dags/example_sla_dag.py
[2025-06-16T22:19:49.601-0300] {logging_mixin.py:154} INFO - [2025-06-16T22:19:49.600-0300] {dag.py:2941} INFO - Sync 1 DAGs
[2025-06-16T22:19:49.656-0300] {logging_mixin.py:154} INFO - [2025-06-16T22:19:49.656-0300] {dag.py:3722} INFO - Setting next_dagrun for example_sla_dag to 2025-06-17T01:16:00+00:00, run_after=2025-06-17T01:18:00+00:00
[2025-06-16T22:19:49.827-0300] {processor.py:179} INFO - Processing /mnt/c/Users/arcan/Documents/airflow/.venv/lib/python3.10/site-packages/airflow/example_dags/example_sla_dag.py took 0.373 seconds
[2025-06-16T22:21:10.123-0300] {processor.py:157} INFO - Started process (PID=60648) to work on /mnt/c/Users/arcan/Documents/airflow/.venv/lib/python3.10/site-packages/airflow/example_dags/example_sla_dag.py
[2025-06-16T22:21:10.125-0300] {processor.py:829} INFO - Processing file /mnt/c/Users/arcan/Documents/airflow/.venv/lib/python3.10/site-packages/airflow/example_dags/example_sla_dag.py for tasks to queue
[2025-06-16T22:21:10.128-0300] {logging_mixin.py:154} INFO - [2025-06-16T22:21:10.127-0300] {dagbag.py:536} INFO - Filling up the DagBag from /mnt/c/Users/arcan/Documents/airflow/.venv/lib/python3.10/site-packages/airflow/example_dags/example_sla_dag.py
[2025-06-16T22:21:10.193-0300] {processor.py:839} INFO - DAG(s) dict_keys(['example_sla_dag']) retrieved from /mnt/c/Users/arcan/Documents/airflow/.venv/lib/python3.10/site-packages/airflow/example_dags/example_sla_dag.py
[2025-06-16T22:21:10.256-0300] {logging_mixin.py:154} INFO - [2025-06-16T22:21:10.256-0300] {dag.py:2941} INFO - Sync 1 DAGs
[2025-06-16T22:21:10.323-0300] {logging_mixin.py:154} INFO - [2025-06-16T22:21:10.322-0300] {dag.py:3722} INFO - Setting next_dagrun for example_sla_dag to 2025-06-17T01:18:00+00:00, run_after=2025-06-17T01:20:00+00:00
[2025-06-16T22:21:10.461-0300] {processor.py:179} INFO - Processing /mnt/c/Users/arcan/Documents/airflow/.venv/lib/python3.10/site-packages/airflow/example_dags/example_sla_dag.py took 0.345 seconds
[2025-06-16T22:22:33.078-0300] {processor.py:157} INFO - Started process (PID=60884) to work on /mnt/c/Users/arcan/Documents/airflow/.venv/lib/python3.10/site-packages/airflow/example_dags/example_sla_dag.py
[2025-06-16T22:22:33.081-0300] {processor.py:829} INFO - Processing file /mnt/c/Users/arcan/Documents/airflow/.venv/lib/python3.10/site-packages/airflow/example_dags/example_sla_dag.py for tasks to queue
[2025-06-16T22:22:33.083-0300] {logging_mixin.py:154} INFO - [2025-06-16T22:22:33.082-0300] {dagbag.py:536} INFO - Filling up the DagBag from /mnt/c/Users/arcan/Documents/airflow/.venv/lib/python3.10/site-packages/airflow/example_dags/example_sla_dag.py
[2025-06-16T22:22:33.140-0300] {processor.py:839} INFO - DAG(s) dict_keys(['example_sla_dag']) retrieved from /mnt/c/Users/arcan/Documents/airflow/.venv/lib/python3.10/site-packages/airflow/example_dags/example_sla_dag.py
[2025-06-16T22:22:33.192-0300] {logging_mixin.py:154} INFO - [2025-06-16T22:22:33.192-0300] {dag.py:2941} INFO - Sync 1 DAGs
[2025-06-16T22:22:33.242-0300] {logging_mixin.py:154} INFO - [2025-06-16T22:22:33.242-0300] {dag.py:3722} INFO - Setting next_dagrun for example_sla_dag to 2025-06-17T01:20:00+00:00, run_after=2025-06-17T01:22:00+00:00
[2025-06-16T22:22:33.380-0300] {processor.py:179} INFO - Processing /mnt/c/Users/arcan/Documents/airflow/.venv/lib/python3.10/site-packages/airflow/example_dags/example_sla_dag.py took 0.308 seconds
[2025-06-16T22:23:56.475-0300] {processor.py:157} INFO - Started process (PID=61242) to work on /mnt/c/Users/arcan/Documents/airflow/.venv/lib/python3.10/site-packages/airflow/example_dags/example_sla_dag.py
[2025-06-16T22:23:56.479-0300] {processor.py:829} INFO - Processing file /mnt/c/Users/arcan/Documents/airflow/.venv/lib/python3.10/site-packages/airflow/example_dags/example_sla_dag.py for tasks to queue
[2025-06-16T22:23:56.482-0300] {logging_mixin.py:154} INFO - [2025-06-16T22:23:56.481-0300] {dagbag.py:536} INFO - Filling up the DagBag from /mnt/c/Users/arcan/Documents/airflow/.venv/lib/python3.10/site-packages/airflow/example_dags/example_sla_dag.py
[2025-06-16T22:23:56.558-0300] {processor.py:839} INFO - DAG(s) dict_keys(['example_sla_dag']) retrieved from /mnt/c/Users/arcan/Documents/airflow/.venv/lib/python3.10/site-packages/airflow/example_dags/example_sla_dag.py
[2025-06-16T22:23:56.652-0300] {logging_mixin.py:154} INFO - [2025-06-16T22:23:56.651-0300] {dag.py:2941} INFO - Sync 1 DAGs
[2025-06-16T22:23:56.721-0300] {logging_mixin.py:154} INFO - [2025-06-16T22:23:56.720-0300] {dag.py:3722} INFO - Setting next_dagrun for example_sla_dag to 2025-06-17T01:20:00+00:00, run_after=2025-06-17T01:22:00+00:00
[2025-06-16T22:23:56.884-0300] {processor.py:179} INFO - Processing /mnt/c/Users/arcan/Documents/airflow/.venv/lib/python3.10/site-packages/airflow/example_dags/example_sla_dag.py took 0.419 seconds
[2025-06-16T22:25:15.140-0300] {processor.py:157} INFO - Started process (PID=61471) to work on /mnt/c/Users/arcan/Documents/airflow/.venv/lib/python3.10/site-packages/airflow/example_dags/example_sla_dag.py
[2025-06-16T22:25:15.142-0300] {processor.py:829} INFO - Processing file /mnt/c/Users/arcan/Documents/airflow/.venv/lib/python3.10/site-packages/airflow/example_dags/example_sla_dag.py for tasks to queue
[2025-06-16T22:25:15.145-0300] {logging_mixin.py:154} INFO - [2025-06-16T22:25:15.144-0300] {dagbag.py:536} INFO - Filling up the DagBag from /mnt/c/Users/arcan/Documents/airflow/.venv/lib/python3.10/site-packages/airflow/example_dags/example_sla_dag.py
[2025-06-16T22:25:15.213-0300] {processor.py:839} INFO - DAG(s) dict_keys(['example_sla_dag']) retrieved from /mnt/c/Users/arcan/Documents/airflow/.venv/lib/python3.10/site-packages/airflow/example_dags/example_sla_dag.py
[2025-06-16T22:25:15.298-0300] {logging_mixin.py:154} INFO - [2025-06-16T22:25:15.298-0300] {dag.py:2941} INFO - Sync 1 DAGs
[2025-06-16T22:25:15.347-0300] {logging_mixin.py:154} INFO - [2025-06-16T22:25:15.347-0300] {dag.py:3722} INFO - Setting next_dagrun for example_sla_dag to 2025-06-17T01:22:00+00:00, run_after=2025-06-17T01:24:00+00:00
[2025-06-16T22:25:15.483-0300] {processor.py:179} INFO - Processing /mnt/c/Users/arcan/Documents/airflow/.venv/lib/python3.10/site-packages/airflow/example_dags/example_sla_dag.py took 0.351 seconds
[2025-06-16T22:26:36.287-0300] {processor.py:157} INFO - Started process (PID=61698) to work on /mnt/c/Users/arcan/Documents/airflow/.venv/lib/python3.10/site-packages/airflow/example_dags/example_sla_dag.py
[2025-06-16T22:26:36.289-0300] {processor.py:829} INFO - Processing file /mnt/c/Users/arcan/Documents/airflow/.venv/lib/python3.10/site-packages/airflow/example_dags/example_sla_dag.py for tasks to queue
[2025-06-16T22:26:36.292-0300] {logging_mixin.py:154} INFO - [2025-06-16T22:26:36.291-0300] {dagbag.py:536} INFO - Filling up the DagBag from /mnt/c/Users/arcan/Documents/airflow/.venv/lib/python3.10/site-packages/airflow/example_dags/example_sla_dag.py
[2025-06-16T22:26:36.348-0300] {processor.py:839} INFO - DAG(s) dict_keys(['example_sla_dag']) retrieved from /mnt/c/Users/arcan/Documents/airflow/.venv/lib/python3.10/site-packages/airflow/example_dags/example_sla_dag.py
[2025-06-16T22:26:36.414-0300] {logging_mixin.py:154} INFO - [2025-06-16T22:26:36.414-0300] {dag.py:2941} INFO - Sync 1 DAGs
[2025-06-16T22:26:36.466-0300] {logging_mixin.py:154} INFO - [2025-06-16T22:26:36.465-0300] {dag.py:3722} INFO - Setting next_dagrun for example_sla_dag to 2025-06-17T01:24:00+00:00, run_after=2025-06-17T01:26:00+00:00
[2025-06-16T22:26:36.596-0300] {processor.py:179} INFO - Processing /mnt/c/Users/arcan/Documents/airflow/.venv/lib/python3.10/site-packages/airflow/example_dags/example_sla_dag.py took 0.315 seconds
[2025-06-16T22:27:51.810-0300] {processor.py:157} INFO - Started process (PID=61920) to work on /mnt/c/Users/arcan/Documents/airflow/.venv/lib/python3.10/site-packages/airflow/example_dags/example_sla_dag.py
[2025-06-16T22:27:51.813-0300] {processor.py:829} INFO - Processing file /mnt/c/Users/arcan/Documents/airflow/.venv/lib/python3.10/site-packages/airflow/example_dags/example_sla_dag.py for tasks to queue
[2025-06-16T22:27:51.815-0300] {logging_mixin.py:154} INFO - [2025-06-16T22:27:51.814-0300] {dagbag.py:536} INFO - Filling up the DagBag from /mnt/c/Users/arcan/Documents/airflow/.venv/lib/python3.10/site-packages/airflow/example_dags/example_sla_dag.py
[2025-06-16T22:27:51.870-0300] {processor.py:839} INFO - DAG(s) dict_keys(['example_sla_dag']) retrieved from /mnt/c/Users/arcan/Documents/airflow/.venv/lib/python3.10/site-packages/airflow/example_dags/example_sla_dag.py
[2025-06-16T22:27:51.924-0300] {logging_mixin.py:154} INFO - [2025-06-16T22:27:51.924-0300] {dag.py:2941} INFO - Sync 1 DAGs
[2025-06-16T22:27:51.969-0300] {logging_mixin.py:154} INFO - [2025-06-16T22:27:51.968-0300] {dag.py:3722} INFO - Setting next_dagrun for example_sla_dag to 2025-06-17T01:24:00+00:00, run_after=2025-06-17T01:26:00+00:00
[2025-06-16T22:27:52.096-0300] {processor.py:179} INFO - Processing /mnt/c/Users/arcan/Documents/airflow/.venv/lib/python3.10/site-packages/airflow/example_dags/example_sla_dag.py took 0.297 seconds
[2025-06-16T22:29:11.430-0300] {processor.py:157} INFO - Started process (PID=62146) to work on /mnt/c/Users/arcan/Documents/airflow/.venv/lib/python3.10/site-packages/airflow/example_dags/example_sla_dag.py
[2025-06-16T22:29:11.433-0300] {processor.py:829} INFO - Processing file /mnt/c/Users/arcan/Documents/airflow/.venv/lib/python3.10/site-packages/airflow/example_dags/example_sla_dag.py for tasks to queue
[2025-06-16T22:29:11.435-0300] {logging_mixin.py:154} INFO - [2025-06-16T22:29:11.434-0300] {dagbag.py:536} INFO - Filling up the DagBag from /mnt/c/Users/arcan/Documents/airflow/.venv/lib/python3.10/site-packages/airflow/example_dags/example_sla_dag.py
[2025-06-16T22:29:11.499-0300] {processor.py:839} INFO - DAG(s) dict_keys(['example_sla_dag']) retrieved from /mnt/c/Users/arcan/Documents/airflow/.venv/lib/python3.10/site-packages/airflow/example_dags/example_sla_dag.py
[2025-06-16T22:29:11.557-0300] {logging_mixin.py:154} INFO - [2025-06-16T22:29:11.556-0300] {dag.py:2941} INFO - Sync 1 DAGs
[2025-06-16T22:29:11.604-0300] {logging_mixin.py:154} INFO - [2025-06-16T22:29:11.603-0300] {dag.py:3722} INFO - Setting next_dagrun for example_sla_dag to 2025-06-17T01:26:00+00:00, run_after=2025-06-17T01:28:00+00:00
[2025-06-16T22:29:11.766-0300] {processor.py:179} INFO - Processing /mnt/c/Users/arcan/Documents/airflow/.venv/lib/python3.10/site-packages/airflow/example_dags/example_sla_dag.py took 0.343 seconds
[2025-06-16T22:30:29.130-0300] {processor.py:157} INFO - Started process (PID=62368) to work on /mnt/c/Users/arcan/Documents/airflow/.venv/lib/python3.10/site-packages/airflow/example_dags/example_sla_dag.py
[2025-06-16T22:30:29.132-0300] {processor.py:829} INFO - Processing file /mnt/c/Users/arcan/Documents/airflow/.venv/lib/python3.10/site-packages/airflow/example_dags/example_sla_dag.py for tasks to queue
[2025-06-16T22:30:29.135-0300] {logging_mixin.py:154} INFO - [2025-06-16T22:30:29.134-0300] {dagbag.py:536} INFO - Filling up the DagBag from /mnt/c/Users/arcan/Documents/airflow/.venv/lib/python3.10/site-packages/airflow/example_dags/example_sla_dag.py
[2025-06-16T22:30:29.198-0300] {processor.py:839} INFO - DAG(s) dict_keys(['example_sla_dag']) retrieved from /mnt/c/Users/arcan/Documents/airflow/.venv/lib/python3.10/site-packages/airflow/example_dags/example_sla_dag.py
[2025-06-16T22:30:29.252-0300] {logging_mixin.py:154} INFO - [2025-06-16T22:30:29.252-0300] {dag.py:2941} INFO - Sync 1 DAGs
[2025-06-16T22:30:29.296-0300] {logging_mixin.py:154} INFO - [2025-06-16T22:30:29.296-0300] {dag.py:3722} INFO - Setting next_dagrun for example_sla_dag to 2025-06-17T01:28:00+00:00, run_after=2025-06-17T01:30:00+00:00
[2025-06-16T22:30:29.413-0300] {processor.py:179} INFO - Processing /mnt/c/Users/arcan/Documents/airflow/.venv/lib/python3.10/site-packages/airflow/example_dags/example_sla_dag.py took 0.289 seconds
[2025-06-16T22:32:02.259-0300] {processor.py:157} INFO - Started process (PID=62720) to work on /mnt/c/Users/arcan/Documents/airflow/.venv/lib/python3.10/site-packages/airflow/example_dags/example_sla_dag.py
[2025-06-16T22:32:02.263-0300] {processor.py:829} INFO - Processing file /mnt/c/Users/arcan/Documents/airflow/.venv/lib/python3.10/site-packages/airflow/example_dags/example_sla_dag.py for tasks to queue
[2025-06-16T22:32:02.266-0300] {logging_mixin.py:154} INFO - [2025-06-16T22:32:02.265-0300] {dagbag.py:536} INFO - Filling up the DagBag from /mnt/c/Users/arcan/Documents/airflow/.venv/lib/python3.10/site-packages/airflow/example_dags/example_sla_dag.py
[2025-06-16T22:32:02.371-0300] {processor.py:839} INFO - DAG(s) dict_keys(['example_sla_dag']) retrieved from /mnt/c/Users/arcan/Documents/airflow/.venv/lib/python3.10/site-packages/airflow/example_dags/example_sla_dag.py
[2025-06-16T22:32:02.486-0300] {logging_mixin.py:154} INFO - [2025-06-16T22:32:02.486-0300] {dag.py:2941} INFO - Sync 1 DAGs
[2025-06-16T22:32:02.543-0300] {logging_mixin.py:154} INFO - [2025-06-16T22:32:02.543-0300] {dag.py:3722} INFO - Setting next_dagrun for example_sla_dag to 2025-06-17T01:30:00+00:00, run_after=2025-06-17T01:32:00+00:00
[2025-06-16T22:32:02.704-0300] {processor.py:179} INFO - Processing /mnt/c/Users/arcan/Documents/airflow/.venv/lib/python3.10/site-packages/airflow/example_dags/example_sla_dag.py took 0.455 seconds
[2025-06-17T20:50:38.101-0300] {processor.py:157} INFO - Started process (PID=63652) to work on /mnt/c/Users/arcan/Documents/airflow/.venv/lib/python3.10/site-packages/airflow/example_dags/example_sla_dag.py
[2025-06-17T20:50:38.104-0300] {processor.py:829} INFO - Processing file /mnt/c/Users/arcan/Documents/airflow/.venv/lib/python3.10/site-packages/airflow/example_dags/example_sla_dag.py for tasks to queue
[2025-06-17T20:50:38.107-0300] {logging_mixin.py:154} INFO - [2025-06-17T20:50:38.106-0300] {dagbag.py:536} INFO - Filling up the DagBag from /mnt/c/Users/arcan/Documents/airflow/.venv/lib/python3.10/site-packages/airflow/example_dags/example_sla_dag.py
[2025-06-17T20:50:38.173-0300] {processor.py:839} INFO - DAG(s) dict_keys(['example_sla_dag']) retrieved from /mnt/c/Users/arcan/Documents/airflow/.venv/lib/python3.10/site-packages/airflow/example_dags/example_sla_dag.py
[2025-06-17T20:50:38.254-0300] {logging_mixin.py:154} INFO - [2025-06-17T20:50:38.254-0300] {dag.py:2941} INFO - Sync 1 DAGs
[2025-06-17T20:50:38.310-0300] {logging_mixin.py:154} INFO - [2025-06-17T20:50:38.310-0300] {dag.py:3722} INFO - Setting next_dagrun for example_sla_dag to 2025-06-17T23:48:00+00:00, run_after=2025-06-17T23:50:00+00:00
[2025-06-17T20:50:38.455-0300] {processor.py:179} INFO - Processing /mnt/c/Users/arcan/Documents/airflow/.venv/lib/python3.10/site-packages/airflow/example_dags/example_sla_dag.py took 0.360 seconds
[2025-06-17T20:51:52.529-0300] {processor.py:157} INFO - Started process (PID=63782) to work on /mnt/c/Users/arcan/Documents/airflow/.venv/lib/python3.10/site-packages/airflow/example_dags/example_sla_dag.py
[2025-06-17T20:51:52.532-0300] {processor.py:829} INFO - Processing file /mnt/c/Users/arcan/Documents/airflow/.venv/lib/python3.10/site-packages/airflow/example_dags/example_sla_dag.py for tasks to queue
[2025-06-17T20:51:52.536-0300] {logging_mixin.py:154} INFO - [2025-06-17T20:51:52.534-0300] {dagbag.py:536} INFO - Filling up the DagBag from /mnt/c/Users/arcan/Documents/airflow/.venv/lib/python3.10/site-packages/airflow/example_dags/example_sla_dag.py
[2025-06-17T20:51:52.592-0300] {processor.py:839} INFO - DAG(s) dict_keys(['example_sla_dag']) retrieved from /mnt/c/Users/arcan/Documents/airflow/.venv/lib/python3.10/site-packages/airflow/example_dags/example_sla_dag.py
[2025-06-17T20:51:52.648-0300] {logging_mixin.py:154} INFO - [2025-06-17T20:51:52.648-0300] {dag.py:2941} INFO - Sync 1 DAGs
[2025-06-17T20:51:52.692-0300] {logging_mixin.py:154} INFO - [2025-06-17T20:51:52.692-0300] {dag.py:3722} INFO - Setting next_dagrun for example_sla_dag to 2025-06-17T23:48:00+00:00, run_after=2025-06-17T23:50:00+00:00
[2025-06-17T20:51:52.822-0300] {processor.py:179} INFO - Processing /mnt/c/Users/arcan/Documents/airflow/.venv/lib/python3.10/site-packages/airflow/example_dags/example_sla_dag.py took 0.298 seconds
[2025-06-17T20:53:14.067-0300] {processor.py:157} INFO - Started process (PID=64011) to work on /mnt/c/Users/arcan/Documents/airflow/.venv/lib/python3.10/site-packages/airflow/example_dags/example_sla_dag.py
[2025-06-17T20:53:14.071-0300] {processor.py:829} INFO - Processing file /mnt/c/Users/arcan/Documents/airflow/.venv/lib/python3.10/site-packages/airflow/example_dags/example_sla_dag.py for tasks to queue
[2025-06-17T20:53:14.073-0300] {logging_mixin.py:154} INFO - [2025-06-17T20:53:14.072-0300] {dagbag.py:536} INFO - Filling up the DagBag from /mnt/c/Users/arcan/Documents/airflow/.venv/lib/python3.10/site-packages/airflow/example_dags/example_sla_dag.py
[2025-06-17T20:53:14.138-0300] {processor.py:839} INFO - DAG(s) dict_keys(['example_sla_dag']) retrieved from /mnt/c/Users/arcan/Documents/airflow/.venv/lib/python3.10/site-packages/airflow/example_dags/example_sla_dag.py
[2025-06-17T20:53:14.212-0300] {logging_mixin.py:154} INFO - [2025-06-17T20:53:14.211-0300] {dag.py:2941} INFO - Sync 1 DAGs
[2025-06-17T20:53:14.271-0300] {logging_mixin.py:154} INFO - [2025-06-17T20:53:14.270-0300] {dag.py:3722} INFO - Setting next_dagrun for example_sla_dag to 2025-06-17T23:50:00+00:00, run_after=2025-06-17T23:52:00+00:00
[2025-06-17T20:53:14.425-0300] {processor.py:179} INFO - Processing /mnt/c/Users/arcan/Documents/airflow/.venv/lib/python3.10/site-packages/airflow/example_dags/example_sla_dag.py took 0.365 seconds
[2025-06-17T20:54:27.613-0300] {processor.py:157} INFO - Started process (PID=64342) to work on /mnt/c/Users/arcan/Documents/airflow/.venv/lib/python3.10/site-packages/airflow/example_dags/example_sla_dag.py
[2025-06-17T20:54:27.616-0300] {processor.py:829} INFO - Processing file /mnt/c/Users/arcan/Documents/airflow/.venv/lib/python3.10/site-packages/airflow/example_dags/example_sla_dag.py for tasks to queue
[2025-06-17T20:54:27.618-0300] {logging_mixin.py:154} INFO - [2025-06-17T20:54:27.618-0300] {dagbag.py:536} INFO - Filling up the DagBag from /mnt/c/Users/arcan/Documents/airflow/.venv/lib/python3.10/site-packages/airflow/example_dags/example_sla_dag.py
[2025-06-17T20:54:27.657-0300] {processor.py:839} INFO - DAG(s) dict_keys(['example_sla_dag']) retrieved from /mnt/c/Users/arcan/Documents/airflow/.venv/lib/python3.10/site-packages/airflow/example_dags/example_sla_dag.py
[2025-06-17T20:54:27.700-0300] {logging_mixin.py:154} INFO - [2025-06-17T20:54:27.700-0300] {dag.py:2941} INFO - Sync 1 DAGs
[2025-06-17T20:54:27.739-0300] {logging_mixin.py:154} INFO - [2025-06-17T20:54:27.739-0300] {dag.py:3722} INFO - Setting next_dagrun for example_sla_dag to 2025-06-17T23:52:00+00:00, run_after=2025-06-17T23:54:00+00:00
[2025-06-17T20:54:27.854-0300] {processor.py:179} INFO - Processing /mnt/c/Users/arcan/Documents/airflow/.venv/lib/python3.10/site-packages/airflow/example_dags/example_sla_dag.py took 0.246 seconds
[2025-06-17T20:55:36.782-0300] {processor.py:157} INFO - Started process (PID=64543) to work on /mnt/c/Users/arcan/Documents/airflow/.venv/lib/python3.10/site-packages/airflow/example_dags/example_sla_dag.py
[2025-06-17T20:55:36.785-0300] {processor.py:829} INFO - Processing file /mnt/c/Users/arcan/Documents/airflow/.venv/lib/python3.10/site-packages/airflow/example_dags/example_sla_dag.py for tasks to queue
[2025-06-17T20:55:36.787-0300] {logging_mixin.py:154} INFO - [2025-06-17T20:55:36.787-0300] {dagbag.py:536} INFO - Filling up the DagBag from /mnt/c/Users/arcan/Documents/airflow/.venv/lib/python3.10/site-packages/airflow/example_dags/example_sla_dag.py
[2025-06-17T20:55:36.828-0300] {processor.py:839} INFO - DAG(s) dict_keys(['example_sla_dag']) retrieved from /mnt/c/Users/arcan/Documents/airflow/.venv/lib/python3.10/site-packages/airflow/example_dags/example_sla_dag.py
[2025-06-17T20:55:36.878-0300] {logging_mixin.py:154} INFO - [2025-06-17T20:55:36.878-0300] {dag.py:2941} INFO - Sync 1 DAGs
[2025-06-17T20:55:36.927-0300] {logging_mixin.py:154} INFO - [2025-06-17T20:55:36.927-0300] {dag.py:3722} INFO - Setting next_dagrun for example_sla_dag to 2025-06-17T23:52:00+00:00, run_after=2025-06-17T23:54:00+00:00
[2025-06-17T20:55:37.071-0300] {processor.py:179} INFO - Processing /mnt/c/Users/arcan/Documents/airflow/.venv/lib/python3.10/site-packages/airflow/example_dags/example_sla_dag.py took 0.294 seconds
