[2025-06-16T22:03:19.614-0300] {processor.py:157} INFO - Started process (PID=57200) to work on /mnt/c/Users/arcan/Documents/airflow/.venv/lib/python3.10/site-packages/airflow/example_dags/example_bash_operator.py
[2025-06-16T22:03:19.617-0300] {processor.py:829} INFO - Processing file /mnt/c/Users/arcan/Documents/airflow/.venv/lib/python3.10/site-packages/airflow/example_dags/example_bash_operator.py for tasks to queue
[2025-06-16T22:03:19.621-0300] {logging_mixin.py:154} INFO - [2025-06-16T22:03:19.620-0300] {dagbag.py:536} INFO - Filling up the DagBag from /mnt/c/Users/arcan/Documents/airflow/.venv/lib/python3.10/site-packages/airflow/example_dags/example_bash_operator.py
[2025-06-16T22:03:19.830-0300] {processor.py:839} INFO - DAG(s) dict_keys(['example_bash_operator']) retrieved from /mnt/c/Users/arcan/Documents/airflow/.venv/lib/python3.10/site-packages/airflow/example_dags/example_bash_operator.py
[2025-06-16T22:03:19.962-0300] {logging_mixin.py:154} INFO - [2025-06-16T22:03:19.961-0300] {dag.py:2941} INFO - Sync 1 DAGs
[2025-06-16T22:03:20.069-0300] {logging_mixin.py:154} INFO - [2025-06-16T22:03:20.068-0300] {dag.py:3722} INFO - Setting next_dagrun for example_bash_operator to 2025-06-16T00:00:00+00:00, run_after=2025-06-17T00:00:00+00:00
[2025-06-16T22:03:20.242-0300] {processor.py:179} INFO - Processing /mnt/c/Users/arcan/Documents/airflow/.venv/lib/python3.10/site-packages/airflow/example_dags/example_bash_operator.py took 0.639 seconds
[2025-06-16T22:04:56.889-0300] {processor.py:157} INFO - Started process (PID=57501) to work on /mnt/c/Users/arcan/Documents/airflow/.venv/lib/python3.10/site-packages/airflow/example_dags/example_bash_operator.py
[2025-06-16T22:04:56.891-0300] {processor.py:829} INFO - Processing file /mnt/c/Users/arcan/Documents/airflow/.venv/lib/python3.10/site-packages/airflow/example_dags/example_bash_operator.py for tasks to queue
[2025-06-16T22:04:56.894-0300] {logging_mixin.py:154} INFO - [2025-06-16T22:04:56.893-0300] {dagbag.py:536} INFO - Filling up the DagBag from /mnt/c/Users/arcan/Documents/airflow/.venv/lib/python3.10/site-packages/airflow/example_dags/example_bash_operator.py
[2025-06-16T22:04:56.946-0300] {processor.py:839} INFO - DAG(s) dict_keys(['example_bash_operator']) retrieved from /mnt/c/Users/arcan/Documents/airflow/.venv/lib/python3.10/site-packages/airflow/example_dags/example_bash_operator.py
[2025-06-16T22:04:56.998-0300] {logging_mixin.py:154} INFO - [2025-06-16T22:04:56.998-0300] {dag.py:2941} INFO - Sync 1 DAGs
[2025-06-16T22:04:57.033-0300] {logging_mixin.py:154} INFO - [2025-06-16T22:04:57.033-0300] {dag.py:3722} INFO - Setting next_dagrun for example_bash_operator to 2025-06-16T00:00:00+00:00, run_after=2025-06-17T00:00:00+00:00
[2025-06-16T22:04:57.151-0300] {processor.py:179} INFO - Processing /mnt/c/Users/arcan/Documents/airflow/.venv/lib/python3.10/site-packages/airflow/example_dags/example_bash_operator.py took 0.266 seconds
[2025-06-16T22:06:10.797-0300] {processor.py:157} INFO - Started process (PID=57735) to work on /mnt/c/Users/arcan/Documents/airflow/.venv/lib/python3.10/site-packages/airflow/example_dags/example_bash_operator.py
[2025-06-16T22:06:10.799-0300] {processor.py:829} INFO - Processing file /mnt/c/Users/arcan/Documents/airflow/.venv/lib/python3.10/site-packages/airflow/example_dags/example_bash_operator.py for tasks to queue
[2025-06-16T22:06:10.802-0300] {logging_mixin.py:154} INFO - [2025-06-16T22:06:10.801-0300] {dagbag.py:536} INFO - Filling up the DagBag from /mnt/c/Users/arcan/Documents/airflow/.venv/lib/python3.10/site-packages/airflow/example_dags/example_bash_operator.py
[2025-06-16T22:06:10.853-0300] {processor.py:839} INFO - DAG(s) dict_keys(['example_bash_operator']) retrieved from /mnt/c/Users/arcan/Documents/airflow/.venv/lib/python3.10/site-packages/airflow/example_dags/example_bash_operator.py
[2025-06-16T22:06:10.912-0300] {logging_mixin.py:154} INFO - [2025-06-16T22:06:10.912-0300] {dag.py:2941} INFO - Sync 1 DAGs
[2025-06-16T22:06:10.947-0300] {logging_mixin.py:154} INFO - [2025-06-16T22:06:10.947-0300] {dag.py:3722} INFO - Setting next_dagrun for example_bash_operator to 2025-06-16T00:00:00+00:00, run_after=2025-06-17T00:00:00+00:00
[2025-06-16T22:06:11.056-0300] {processor.py:179} INFO - Processing /mnt/c/Users/arcan/Documents/airflow/.venv/lib/python3.10/site-packages/airflow/example_dags/example_bash_operator.py took 0.264 seconds
[2025-06-16T22:07:21.069-0300] {processor.py:157} INFO - Started process (PID=57941) to work on /mnt/c/Users/arcan/Documents/airflow/.venv/lib/python3.10/site-packages/airflow/example_dags/example_bash_operator.py
[2025-06-16T22:07:21.072-0300] {processor.py:829} INFO - Processing file /mnt/c/Users/arcan/Documents/airflow/.venv/lib/python3.10/site-packages/airflow/example_dags/example_bash_operator.py for tasks to queue
[2025-06-16T22:07:21.074-0300] {logging_mixin.py:154} INFO - [2025-06-16T22:07:21.074-0300] {dagbag.py:536} INFO - Filling up the DagBag from /mnt/c/Users/arcan/Documents/airflow/.venv/lib/python3.10/site-packages/airflow/example_dags/example_bash_operator.py
[2025-06-16T22:07:21.125-0300] {processor.py:839} INFO - DAG(s) dict_keys(['example_bash_operator']) retrieved from /mnt/c/Users/arcan/Documents/airflow/.venv/lib/python3.10/site-packages/airflow/example_dags/example_bash_operator.py
[2025-06-16T22:07:21.195-0300] {logging_mixin.py:154} INFO - [2025-06-16T22:07:21.195-0300] {dag.py:2941} INFO - Sync 1 DAGs
[2025-06-16T22:07:21.238-0300] {logging_mixin.py:154} INFO - [2025-06-16T22:07:21.238-0300] {dag.py:3722} INFO - Setting next_dagrun for example_bash_operator to 2025-06-16T00:00:00+00:00, run_after=2025-06-17T00:00:00+00:00
[2025-06-16T22:07:21.337-0300] {processor.py:179} INFO - Processing /mnt/c/Users/arcan/Documents/airflow/.venv/lib/python3.10/site-packages/airflow/example_dags/example_bash_operator.py took 0.273 seconds
[2025-06-16T22:08:35.551-0300] {processor.py:157} INFO - Started process (PID=58161) to work on /mnt/c/Users/arcan/Documents/airflow/.venv/lib/python3.10/site-packages/airflow/example_dags/example_bash_operator.py
[2025-06-16T22:08:35.556-0300] {processor.py:829} INFO - Processing file /mnt/c/Users/arcan/Documents/airflow/.venv/lib/python3.10/site-packages/airflow/example_dags/example_bash_operator.py for tasks to queue
[2025-06-16T22:08:35.558-0300] {logging_mixin.py:154} INFO - [2025-06-16T22:08:35.557-0300] {dagbag.py:536} INFO - Filling up the DagBag from /mnt/c/Users/arcan/Documents/airflow/.venv/lib/python3.10/site-packages/airflow/example_dags/example_bash_operator.py
[2025-06-16T22:08:35.614-0300] {processor.py:839} INFO - DAG(s) dict_keys(['example_bash_operator']) retrieved from /mnt/c/Users/arcan/Documents/airflow/.venv/lib/python3.10/site-packages/airflow/example_dags/example_bash_operator.py
[2025-06-16T22:08:35.676-0300] {logging_mixin.py:154} INFO - [2025-06-16T22:08:35.676-0300] {dag.py:2941} INFO - Sync 1 DAGs
[2025-06-16T22:08:35.705-0300] {logging_mixin.py:154} INFO - [2025-06-16T22:08:35.705-0300] {dag.py:3722} INFO - Setting next_dagrun for example_bash_operator to 2025-06-16T00:00:00+00:00, run_after=2025-06-17T00:00:00+00:00
[2025-06-16T22:08:35.801-0300] {processor.py:179} INFO - Processing /mnt/c/Users/arcan/Documents/airflow/.venv/lib/python3.10/site-packages/airflow/example_dags/example_bash_operator.py took 0.256 seconds
[2025-06-16T22:09:44.766-0300] {processor.py:157} INFO - Started process (PID=58489) to work on /mnt/c/Users/arcan/Documents/airflow/.venv/lib/python3.10/site-packages/airflow/example_dags/example_bash_operator.py
[2025-06-16T22:09:44.768-0300] {processor.py:829} INFO - Processing file /mnt/c/Users/arcan/Documents/airflow/.venv/lib/python3.10/site-packages/airflow/example_dags/example_bash_operator.py for tasks to queue
[2025-06-16T22:09:44.769-0300] {logging_mixin.py:154} INFO - [2025-06-16T22:09:44.769-0300] {dagbag.py:536} INFO - Filling up the DagBag from /mnt/c/Users/arcan/Documents/airflow/.venv/lib/python3.10/site-packages/airflow/example_dags/example_bash_operator.py
[2025-06-16T22:09:44.812-0300] {processor.py:839} INFO - DAG(s) dict_keys(['example_bash_operator']) retrieved from /mnt/c/Users/arcan/Documents/airflow/.venv/lib/python3.10/site-packages/airflow/example_dags/example_bash_operator.py
[2025-06-16T22:09:44.870-0300] {logging_mixin.py:154} INFO - [2025-06-16T22:09:44.870-0300] {dag.py:2941} INFO - Sync 1 DAGs
[2025-06-16T22:09:44.907-0300] {logging_mixin.py:154} INFO - [2025-06-16T22:09:44.906-0300] {dag.py:3722} INFO - Setting next_dagrun for example_bash_operator to 2025-06-16T00:00:00+00:00, run_after=2025-06-17T00:00:00+00:00
[2025-06-16T22:09:44.999-0300] {processor.py:179} INFO - Processing /mnt/c/Users/arcan/Documents/airflow/.venv/lib/python3.10/site-packages/airflow/example_dags/example_bash_operator.py took 0.238 seconds
[2025-06-16T22:10:48.228-0300] {processor.py:157} INFO - Started process (PID=58680) to work on /mnt/c/Users/arcan/Documents/airflow/.venv/lib/python3.10/site-packages/airflow/example_dags/example_bash_operator.py
[2025-06-16T22:10:48.230-0300] {processor.py:829} INFO - Processing file /mnt/c/Users/arcan/Documents/airflow/.venv/lib/python3.10/site-packages/airflow/example_dags/example_bash_operator.py for tasks to queue
[2025-06-16T22:10:48.232-0300] {logging_mixin.py:154} INFO - [2025-06-16T22:10:48.231-0300] {dagbag.py:536} INFO - Filling up the DagBag from /mnt/c/Users/arcan/Documents/airflow/.venv/lib/python3.10/site-packages/airflow/example_dags/example_bash_operator.py
[2025-06-16T22:10:48.284-0300] {processor.py:839} INFO - DAG(s) dict_keys(['example_bash_operator']) retrieved from /mnt/c/Users/arcan/Documents/airflow/.venv/lib/python3.10/site-packages/airflow/example_dags/example_bash_operator.py
[2025-06-16T22:10:48.338-0300] {logging_mixin.py:154} INFO - [2025-06-16T22:10:48.338-0300] {dag.py:2941} INFO - Sync 1 DAGs
[2025-06-16T22:10:48.376-0300] {logging_mixin.py:154} INFO - [2025-06-16T22:10:48.376-0300] {dag.py:3722} INFO - Setting next_dagrun for example_bash_operator to 2025-06-16T00:00:00+00:00, run_after=2025-06-17T00:00:00+00:00
[2025-06-16T22:10:48.501-0300] {processor.py:179} INFO - Processing /mnt/c/Users/arcan/Documents/airflow/.venv/lib/python3.10/site-packages/airflow/example_dags/example_bash_operator.py took 0.277 seconds
[2025-06-16T22:11:48.396-0300] {processor.py:157} INFO - Started process (PID=58866) to work on /mnt/c/Users/arcan/Documents/airflow/.venv/lib/python3.10/site-packages/airflow/example_dags/example_bash_operator.py
[2025-06-16T22:11:48.398-0300] {processor.py:829} INFO - Processing file /mnt/c/Users/arcan/Documents/airflow/.venv/lib/python3.10/site-packages/airflow/example_dags/example_bash_operator.py for tasks to queue
[2025-06-16T22:11:48.400-0300] {logging_mixin.py:154} INFO - [2025-06-16T22:11:48.399-0300] {dagbag.py:536} INFO - Filling up the DagBag from /mnt/c/Users/arcan/Documents/airflow/.venv/lib/python3.10/site-packages/airflow/example_dags/example_bash_operator.py
[2025-06-16T22:11:48.442-0300] {processor.py:839} INFO - DAG(s) dict_keys(['example_bash_operator']) retrieved from /mnt/c/Users/arcan/Documents/airflow/.venv/lib/python3.10/site-packages/airflow/example_dags/example_bash_operator.py
[2025-06-16T22:11:48.497-0300] {logging_mixin.py:154} INFO - [2025-06-16T22:11:48.497-0300] {dag.py:2941} INFO - Sync 1 DAGs
[2025-06-16T22:11:48.533-0300] {logging_mixin.py:154} INFO - [2025-06-16T22:11:48.533-0300] {dag.py:3722} INFO - Setting next_dagrun for example_bash_operator to 2025-06-16T00:00:00+00:00, run_after=2025-06-17T00:00:00+00:00
[2025-06-16T22:11:48.626-0300] {processor.py:179} INFO - Processing /mnt/c/Users/arcan/Documents/airflow/.venv/lib/python3.10/site-packages/airflow/example_dags/example_bash_operator.py took 0.234 seconds
[2025-06-16T22:13:18.587-0300] {processor.py:157} INFO - Started process (PID=59135) to work on /mnt/c/Users/arcan/Documents/airflow/.venv/lib/python3.10/site-packages/airflow/example_dags/example_bash_operator.py
[2025-06-16T22:13:18.590-0300] {processor.py:829} INFO - Processing file /mnt/c/Users/arcan/Documents/airflow/.venv/lib/python3.10/site-packages/airflow/example_dags/example_bash_operator.py for tasks to queue
[2025-06-16T22:13:18.592-0300] {logging_mixin.py:154} INFO - [2025-06-16T22:13:18.592-0300] {dagbag.py:536} INFO - Filling up the DagBag from /mnt/c/Users/arcan/Documents/airflow/.venv/lib/python3.10/site-packages/airflow/example_dags/example_bash_operator.py
[2025-06-16T22:13:18.640-0300] {processor.py:839} INFO - DAG(s) dict_keys(['example_bash_operator']) retrieved from /mnt/c/Users/arcan/Documents/airflow/.venv/lib/python3.10/site-packages/airflow/example_dags/example_bash_operator.py
[2025-06-16T22:13:18.693-0300] {logging_mixin.py:154} INFO - [2025-06-16T22:13:18.693-0300] {dag.py:2941} INFO - Sync 1 DAGs
[2025-06-16T22:13:18.732-0300] {logging_mixin.py:154} INFO - [2025-06-16T22:13:18.732-0300] {dag.py:3722} INFO - Setting next_dagrun for example_bash_operator to 2025-06-16T00:00:00+00:00, run_after=2025-06-17T00:00:00+00:00
[2025-06-16T22:13:18.839-0300] {processor.py:179} INFO - Processing /mnt/c/Users/arcan/Documents/airflow/.venv/lib/python3.10/site-packages/airflow/example_dags/example_bash_operator.py took 0.259 seconds
[2025-06-16T22:14:25.113-0300] {processor.py:157} INFO - Started process (PID=59332) to work on /mnt/c/Users/arcan/Documents/airflow/.venv/lib/python3.10/site-packages/airflow/example_dags/example_bash_operator.py
[2025-06-16T22:14:25.115-0300] {processor.py:829} INFO - Processing file /mnt/c/Users/arcan/Documents/airflow/.venv/lib/python3.10/site-packages/airflow/example_dags/example_bash_operator.py for tasks to queue
[2025-06-16T22:14:25.118-0300] {logging_mixin.py:154} INFO - [2025-06-16T22:14:25.117-0300] {dagbag.py:536} INFO - Filling up the DagBag from /mnt/c/Users/arcan/Documents/airflow/.venv/lib/python3.10/site-packages/airflow/example_dags/example_bash_operator.py
[2025-06-16T22:14:25.168-0300] {processor.py:839} INFO - DAG(s) dict_keys(['example_bash_operator']) retrieved from /mnt/c/Users/arcan/Documents/airflow/.venv/lib/python3.10/site-packages/airflow/example_dags/example_bash_operator.py
[2025-06-16T22:14:25.220-0300] {logging_mixin.py:154} INFO - [2025-06-16T22:14:25.220-0300] {dag.py:2941} INFO - Sync 1 DAGs
[2025-06-16T22:14:25.260-0300] {logging_mixin.py:154} INFO - [2025-06-16T22:14:25.260-0300] {dag.py:3722} INFO - Setting next_dagrun for example_bash_operator to 2025-06-16T00:00:00+00:00, run_after=2025-06-17T00:00:00+00:00
[2025-06-16T22:14:25.359-0300] {processor.py:179} INFO - Processing /mnt/c/Users/arcan/Documents/airflow/.venv/lib/python3.10/site-packages/airflow/example_dags/example_bash_operator.py took 0.259 seconds
[2025-06-16T22:15:33.125-0300] {processor.py:157} INFO - Started process (PID=59538) to work on /mnt/c/Users/arcan/Documents/airflow/.venv/lib/python3.10/site-packages/airflow/example_dags/example_bash_operator.py
[2025-06-16T22:15:33.128-0300] {processor.py:829} INFO - Processing file /mnt/c/Users/arcan/Documents/airflow/.venv/lib/python3.10/site-packages/airflow/example_dags/example_bash_operator.py for tasks to queue
[2025-06-16T22:15:33.129-0300] {logging_mixin.py:154} INFO - [2025-06-16T22:15:33.129-0300] {dagbag.py:536} INFO - Filling up the DagBag from /mnt/c/Users/arcan/Documents/airflow/.venv/lib/python3.10/site-packages/airflow/example_dags/example_bash_operator.py
[2025-06-16T22:15:33.185-0300] {processor.py:839} INFO - DAG(s) dict_keys(['example_bash_operator']) retrieved from /mnt/c/Users/arcan/Documents/airflow/.venv/lib/python3.10/site-packages/airflow/example_dags/example_bash_operator.py
[2025-06-16T22:15:33.248-0300] {logging_mixin.py:154} INFO - [2025-06-16T22:15:33.248-0300] {dag.py:2941} INFO - Sync 1 DAGs
[2025-06-16T22:15:33.290-0300] {logging_mixin.py:154} INFO - [2025-06-16T22:15:33.289-0300] {dag.py:3722} INFO - Setting next_dagrun for example_bash_operator to 2025-06-16T00:00:00+00:00, run_after=2025-06-17T00:00:00+00:00
[2025-06-16T22:15:33.404-0300] {processor.py:179} INFO - Processing /mnt/c/Users/arcan/Documents/airflow/.venv/lib/python3.10/site-packages/airflow/example_dags/example_bash_operator.py took 0.284 seconds
[2025-06-16T22:16:45.888-0300] {processor.py:157} INFO - Started process (PID=59877) to work on /mnt/c/Users/arcan/Documents/airflow/.venv/lib/python3.10/site-packages/airflow/example_dags/example_bash_operator.py
[2025-06-16T22:16:45.890-0300] {processor.py:829} INFO - Processing file /mnt/c/Users/arcan/Documents/airflow/.venv/lib/python3.10/site-packages/airflow/example_dags/example_bash_operator.py for tasks to queue
[2025-06-16T22:16:45.892-0300] {logging_mixin.py:154} INFO - [2025-06-16T22:16:45.891-0300] {dagbag.py:536} INFO - Filling up the DagBag from /mnt/c/Users/arcan/Documents/airflow/.venv/lib/python3.10/site-packages/airflow/example_dags/example_bash_operator.py
[2025-06-16T22:16:45.931-0300] {processor.py:839} INFO - DAG(s) dict_keys(['example_bash_operator']) retrieved from /mnt/c/Users/arcan/Documents/airflow/.venv/lib/python3.10/site-packages/airflow/example_dags/example_bash_operator.py
[2025-06-16T22:16:45.974-0300] {logging_mixin.py:154} INFO - [2025-06-16T22:16:45.974-0300] {dag.py:2941} INFO - Sync 1 DAGs
[2025-06-16T22:16:46.004-0300] {logging_mixin.py:154} INFO - [2025-06-16T22:16:46.004-0300] {dag.py:3722} INFO - Setting next_dagrun for example_bash_operator to 2025-06-16T00:00:00+00:00, run_after=2025-06-17T00:00:00+00:00
[2025-06-16T22:16:46.090-0300] {processor.py:179} INFO - Processing /mnt/c/Users/arcan/Documents/airflow/.venv/lib/python3.10/site-packages/airflow/example_dags/example_bash_operator.py took 0.207 seconds
[2025-06-16T22:17:53.981-0300] {processor.py:157} INFO - Started process (PID=60084) to work on /mnt/c/Users/arcan/Documents/airflow/.venv/lib/python3.10/site-packages/airflow/example_dags/example_bash_operator.py
[2025-06-16T22:17:53.984-0300] {processor.py:829} INFO - Processing file /mnt/c/Users/arcan/Documents/airflow/.venv/lib/python3.10/site-packages/airflow/example_dags/example_bash_operator.py for tasks to queue
[2025-06-16T22:17:53.987-0300] {logging_mixin.py:154} INFO - [2025-06-16T22:17:53.986-0300] {dagbag.py:536} INFO - Filling up the DagBag from /mnt/c/Users/arcan/Documents/airflow/.venv/lib/python3.10/site-packages/airflow/example_dags/example_bash_operator.py
[2025-06-16T22:17:54.057-0300] {processor.py:839} INFO - DAG(s) dict_keys(['example_bash_operator']) retrieved from /mnt/c/Users/arcan/Documents/airflow/.venv/lib/python3.10/site-packages/airflow/example_dags/example_bash_operator.py
[2025-06-16T22:17:54.128-0300] {logging_mixin.py:154} INFO - [2025-06-16T22:17:54.127-0300] {dag.py:2941} INFO - Sync 1 DAGs
[2025-06-16T22:17:54.174-0300] {logging_mixin.py:154} INFO - [2025-06-16T22:17:54.173-0300] {dag.py:3722} INFO - Setting next_dagrun for example_bash_operator to 2025-06-16T00:00:00+00:00, run_after=2025-06-17T00:00:00+00:00
[2025-06-16T22:17:54.331-0300] {processor.py:179} INFO - Processing /mnt/c/Users/arcan/Documents/airflow/.venv/lib/python3.10/site-packages/airflow/example_dags/example_bash_operator.py took 0.358 seconds
[2025-06-16T22:19:21.323-0300] {processor.py:157} INFO - Started process (PID=60331) to work on /mnt/c/Users/arcan/Documents/airflow/.venv/lib/python3.10/site-packages/airflow/example_dags/example_bash_operator.py
[2025-06-16T22:19:21.326-0300] {processor.py:829} INFO - Processing file /mnt/c/Users/arcan/Documents/airflow/.venv/lib/python3.10/site-packages/airflow/example_dags/example_bash_operator.py for tasks to queue
[2025-06-16T22:19:21.330-0300] {logging_mixin.py:154} INFO - [2025-06-16T22:19:21.328-0300] {dagbag.py:536} INFO - Filling up the DagBag from /mnt/c/Users/arcan/Documents/airflow/.venv/lib/python3.10/site-packages/airflow/example_dags/example_bash_operator.py
[2025-06-16T22:19:21.405-0300] {processor.py:839} INFO - DAG(s) dict_keys(['example_bash_operator']) retrieved from /mnt/c/Users/arcan/Documents/airflow/.venv/lib/python3.10/site-packages/airflow/example_dags/example_bash_operator.py
[2025-06-16T22:19:21.495-0300] {logging_mixin.py:154} INFO - [2025-06-16T22:19:21.495-0300] {dag.py:2941} INFO - Sync 1 DAGs
[2025-06-16T22:19:21.552-0300] {logging_mixin.py:154} INFO - [2025-06-16T22:19:21.552-0300] {dag.py:3722} INFO - Setting next_dagrun for example_bash_operator to 2025-06-16T00:00:00+00:00, run_after=2025-06-17T00:00:00+00:00
[2025-06-16T22:19:21.750-0300] {processor.py:179} INFO - Processing /mnt/c/Users/arcan/Documents/airflow/.venv/lib/python3.10/site-packages/airflow/example_dags/example_bash_operator.py took 0.433 seconds
[2025-06-16T22:20:45.807-0300] {processor.py:157} INFO - Started process (PID=60574) to work on /mnt/c/Users/arcan/Documents/airflow/.venv/lib/python3.10/site-packages/airflow/example_dags/example_bash_operator.py
[2025-06-16T22:20:45.810-0300] {processor.py:829} INFO - Processing file /mnt/c/Users/arcan/Documents/airflow/.venv/lib/python3.10/site-packages/airflow/example_dags/example_bash_operator.py for tasks to queue
[2025-06-16T22:20:45.814-0300] {logging_mixin.py:154} INFO - [2025-06-16T22:20:45.813-0300] {dagbag.py:536} INFO - Filling up the DagBag from /mnt/c/Users/arcan/Documents/airflow/.venv/lib/python3.10/site-packages/airflow/example_dags/example_bash_operator.py
[2025-06-16T22:20:45.888-0300] {processor.py:839} INFO - DAG(s) dict_keys(['example_bash_operator']) retrieved from /mnt/c/Users/arcan/Documents/airflow/.venv/lib/python3.10/site-packages/airflow/example_dags/example_bash_operator.py
[2025-06-16T22:20:45.960-0300] {logging_mixin.py:154} INFO - [2025-06-16T22:20:45.959-0300] {dag.py:2941} INFO - Sync 1 DAGs
[2025-06-16T22:20:46.006-0300] {logging_mixin.py:154} INFO - [2025-06-16T22:20:46.006-0300] {dag.py:3722} INFO - Setting next_dagrun for example_bash_operator to 2025-06-16T00:00:00+00:00, run_after=2025-06-17T00:00:00+00:00
[2025-06-16T22:20:46.157-0300] {processor.py:179} INFO - Processing /mnt/c/Users/arcan/Documents/airflow/.venv/lib/python3.10/site-packages/airflow/example_dags/example_bash_operator.py took 0.358 seconds
[2025-06-16T22:22:06.871-0300] {processor.py:157} INFO - Started process (PID=60807) to work on /mnt/c/Users/arcan/Documents/airflow/.venv/lib/python3.10/site-packages/airflow/example_dags/example_bash_operator.py
[2025-06-16T22:22:06.873-0300] {processor.py:829} INFO - Processing file /mnt/c/Users/arcan/Documents/airflow/.venv/lib/python3.10/site-packages/airflow/example_dags/example_bash_operator.py for tasks to queue
[2025-06-16T22:22:06.876-0300] {logging_mixin.py:154} INFO - [2025-06-16T22:22:06.875-0300] {dagbag.py:536} INFO - Filling up the DagBag from /mnt/c/Users/arcan/Documents/airflow/.venv/lib/python3.10/site-packages/airflow/example_dags/example_bash_operator.py
[2025-06-16T22:22:06.938-0300] {processor.py:839} INFO - DAG(s) dict_keys(['example_bash_operator']) retrieved from /mnt/c/Users/arcan/Documents/airflow/.venv/lib/python3.10/site-packages/airflow/example_dags/example_bash_operator.py
[2025-06-16T22:22:07.001-0300] {logging_mixin.py:154} INFO - [2025-06-16T22:22:07.000-0300] {dag.py:2941} INFO - Sync 1 DAGs
[2025-06-16T22:22:07.045-0300] {logging_mixin.py:154} INFO - [2025-06-16T22:22:07.045-0300] {dag.py:3722} INFO - Setting next_dagrun for example_bash_operator to 2025-06-16T00:00:00+00:00, run_after=2025-06-17T00:00:00+00:00
[2025-06-16T22:22:07.194-0300] {processor.py:179} INFO - Processing /mnt/c/Users/arcan/Documents/airflow/.venv/lib/python3.10/site-packages/airflow/example_dags/example_bash_operator.py took 0.330 seconds
[2025-06-16T22:23:32.093-0300] {processor.py:157} INFO - Started process (PID=61051) to work on /mnt/c/Users/arcan/Documents/airflow/.venv/lib/python3.10/site-packages/airflow/example_dags/example_bash_operator.py
[2025-06-16T22:23:32.095-0300] {processor.py:829} INFO - Processing file /mnt/c/Users/arcan/Documents/airflow/.venv/lib/python3.10/site-packages/airflow/example_dags/example_bash_operator.py for tasks to queue
[2025-06-16T22:23:32.097-0300] {logging_mixin.py:154} INFO - [2025-06-16T22:23:32.096-0300] {dagbag.py:536} INFO - Filling up the DagBag from /mnt/c/Users/arcan/Documents/airflow/.venv/lib/python3.10/site-packages/airflow/example_dags/example_bash_operator.py
[2025-06-16T22:23:32.150-0300] {processor.py:839} INFO - DAG(s) dict_keys(['example_bash_operator']) retrieved from /mnt/c/Users/arcan/Documents/airflow/.venv/lib/python3.10/site-packages/airflow/example_dags/example_bash_operator.py
[2025-06-16T22:23:32.213-0300] {logging_mixin.py:154} INFO - [2025-06-16T22:23:32.213-0300] {dag.py:2941} INFO - Sync 1 DAGs
[2025-06-16T22:23:32.257-0300] {logging_mixin.py:154} INFO - [2025-06-16T22:23:32.257-0300] {dag.py:3722} INFO - Setting next_dagrun for example_bash_operator to 2025-06-16T00:00:00+00:00, run_after=2025-06-17T00:00:00+00:00
[2025-06-16T22:23:32.378-0300] {processor.py:179} INFO - Processing /mnt/c/Users/arcan/Documents/airflow/.venv/lib/python3.10/site-packages/airflow/example_dags/example_bash_operator.py took 0.289 seconds
[2025-06-16T22:24:54.210-0300] {processor.py:157} INFO - Started process (PID=61411) to work on /mnt/c/Users/arcan/Documents/airflow/.venv/lib/python3.10/site-packages/airflow/example_dags/example_bash_operator.py
[2025-06-16T22:24:54.213-0300] {processor.py:829} INFO - Processing file /mnt/c/Users/arcan/Documents/airflow/.venv/lib/python3.10/site-packages/airflow/example_dags/example_bash_operator.py for tasks to queue
[2025-06-16T22:24:54.216-0300] {logging_mixin.py:154} INFO - [2025-06-16T22:24:54.215-0300] {dagbag.py:536} INFO - Filling up the DagBag from /mnt/c/Users/arcan/Documents/airflow/.venv/lib/python3.10/site-packages/airflow/example_dags/example_bash_operator.py
[2025-06-16T22:24:54.286-0300] {processor.py:839} INFO - DAG(s) dict_keys(['example_bash_operator']) retrieved from /mnt/c/Users/arcan/Documents/airflow/.venv/lib/python3.10/site-packages/airflow/example_dags/example_bash_operator.py
[2025-06-16T22:24:54.373-0300] {logging_mixin.py:154} INFO - [2025-06-16T22:24:54.372-0300] {dag.py:2941} INFO - Sync 1 DAGs
[2025-06-16T22:24:54.440-0300] {logging_mixin.py:154} INFO - [2025-06-16T22:24:54.440-0300] {dag.py:3722} INFO - Setting next_dagrun for example_bash_operator to 2025-06-16T00:00:00+00:00, run_after=2025-06-17T00:00:00+00:00
[2025-06-16T22:24:54.635-0300] {processor.py:179} INFO - Processing /mnt/c/Users/arcan/Documents/airflow/.venv/lib/python3.10/site-packages/airflow/example_dags/example_bash_operator.py took 0.431 seconds
[2025-06-16T22:26:13.645-0300] {processor.py:157} INFO - Started process (PID=61639) to work on /mnt/c/Users/arcan/Documents/airflow/.venv/lib/python3.10/site-packages/airflow/example_dags/example_bash_operator.py
[2025-06-16T22:26:13.648-0300] {processor.py:829} INFO - Processing file /mnt/c/Users/arcan/Documents/airflow/.venv/lib/python3.10/site-packages/airflow/example_dags/example_bash_operator.py for tasks to queue
[2025-06-16T22:26:13.652-0300] {logging_mixin.py:154} INFO - [2025-06-16T22:26:13.650-0300] {dagbag.py:536} INFO - Filling up the DagBag from /mnt/c/Users/arcan/Documents/airflow/.venv/lib/python3.10/site-packages/airflow/example_dags/example_bash_operator.py
[2025-06-16T22:26:13.736-0300] {processor.py:839} INFO - DAG(s) dict_keys(['example_bash_operator']) retrieved from /mnt/c/Users/arcan/Documents/airflow/.venv/lib/python3.10/site-packages/airflow/example_dags/example_bash_operator.py
[2025-06-16T22:26:13.803-0300] {logging_mixin.py:154} INFO - [2025-06-16T22:26:13.803-0300] {dag.py:2941} INFO - Sync 1 DAGs
[2025-06-16T22:26:13.849-0300] {logging_mixin.py:154} INFO - [2025-06-16T22:26:13.848-0300] {dag.py:3722} INFO - Setting next_dagrun for example_bash_operator to 2025-06-16T00:00:00+00:00, run_after=2025-06-17T00:00:00+00:00
[2025-06-16T22:26:13.990-0300] {processor.py:179} INFO - Processing /mnt/c/Users/arcan/Documents/airflow/.venv/lib/python3.10/site-packages/airflow/example_dags/example_bash_operator.py took 0.357 seconds
[2025-06-16T22:27:32.847-0300] {processor.py:157} INFO - Started process (PID=61867) to work on /mnt/c/Users/arcan/Documents/airflow/.venv/lib/python3.10/site-packages/airflow/example_dags/example_bash_operator.py
[2025-06-16T22:27:32.849-0300] {processor.py:829} INFO - Processing file /mnt/c/Users/arcan/Documents/airflow/.venv/lib/python3.10/site-packages/airflow/example_dags/example_bash_operator.py for tasks to queue
[2025-06-16T22:27:32.852-0300] {logging_mixin.py:154} INFO - [2025-06-16T22:27:32.851-0300] {dagbag.py:536} INFO - Filling up the DagBag from /mnt/c/Users/arcan/Documents/airflow/.venv/lib/python3.10/site-packages/airflow/example_dags/example_bash_operator.py
[2025-06-16T22:27:32.923-0300] {processor.py:839} INFO - DAG(s) dict_keys(['example_bash_operator']) retrieved from /mnt/c/Users/arcan/Documents/airflow/.venv/lib/python3.10/site-packages/airflow/example_dags/example_bash_operator.py
[2025-06-16T22:27:32.998-0300] {logging_mixin.py:154} INFO - [2025-06-16T22:27:32.998-0300] {dag.py:2941} INFO - Sync 1 DAGs
[2025-06-16T22:27:33.044-0300] {logging_mixin.py:154} INFO - [2025-06-16T22:27:33.044-0300] {dag.py:3722} INFO - Setting next_dagrun for example_bash_operator to 2025-06-16T00:00:00+00:00, run_after=2025-06-17T00:00:00+00:00
[2025-06-16T22:27:33.206-0300] {processor.py:179} INFO - Processing /mnt/c/Users/arcan/Documents/airflow/.venv/lib/python3.10/site-packages/airflow/example_dags/example_bash_operator.py took 0.367 seconds
[2025-06-16T22:28:51.178-0300] {processor.py:157} INFO - Started process (PID=62087) to work on /mnt/c/Users/arcan/Documents/airflow/.venv/lib/python3.10/site-packages/airflow/example_dags/example_bash_operator.py
[2025-06-16T22:28:51.181-0300] {processor.py:829} INFO - Processing file /mnt/c/Users/arcan/Documents/airflow/.venv/lib/python3.10/site-packages/airflow/example_dags/example_bash_operator.py for tasks to queue
[2025-06-16T22:28:51.184-0300] {logging_mixin.py:154} INFO - [2025-06-16T22:28:51.182-0300] {dagbag.py:536} INFO - Filling up the DagBag from /mnt/c/Users/arcan/Documents/airflow/.venv/lib/python3.10/site-packages/airflow/example_dags/example_bash_operator.py
[2025-06-16T22:28:51.254-0300] {processor.py:839} INFO - DAG(s) dict_keys(['example_bash_operator']) retrieved from /mnt/c/Users/arcan/Documents/airflow/.venv/lib/python3.10/site-packages/airflow/example_dags/example_bash_operator.py
[2025-06-16T22:28:51.327-0300] {logging_mixin.py:154} INFO - [2025-06-16T22:28:51.327-0300] {dag.py:2941} INFO - Sync 1 DAGs
[2025-06-16T22:28:51.374-0300] {logging_mixin.py:154} INFO - [2025-06-16T22:28:51.374-0300] {dag.py:3722} INFO - Setting next_dagrun for example_bash_operator to 2025-06-16T00:00:00+00:00, run_after=2025-06-17T00:00:00+00:00
[2025-06-16T22:28:51.551-0300] {processor.py:179} INFO - Processing /mnt/c/Users/arcan/Documents/airflow/.venv/lib/python3.10/site-packages/airflow/example_dags/example_bash_operator.py took 0.379 seconds
[2025-06-16T22:30:11.790-0300] {processor.py:157} INFO - Started process (PID=62318) to work on /mnt/c/Users/arcan/Documents/airflow/.venv/lib/python3.10/site-packages/airflow/example_dags/example_bash_operator.py
[2025-06-16T22:30:11.793-0300] {processor.py:829} INFO - Processing file /mnt/c/Users/arcan/Documents/airflow/.venv/lib/python3.10/site-packages/airflow/example_dags/example_bash_operator.py for tasks to queue
[2025-06-16T22:30:11.796-0300] {logging_mixin.py:154} INFO - [2025-06-16T22:30:11.795-0300] {dagbag.py:536} INFO - Filling up the DagBag from /mnt/c/Users/arcan/Documents/airflow/.venv/lib/python3.10/site-packages/airflow/example_dags/example_bash_operator.py
[2025-06-16T22:30:11.865-0300] {processor.py:839} INFO - DAG(s) dict_keys(['example_bash_operator']) retrieved from /mnt/c/Users/arcan/Documents/airflow/.venv/lib/python3.10/site-packages/airflow/example_dags/example_bash_operator.py
[2025-06-16T22:30:11.933-0300] {logging_mixin.py:154} INFO - [2025-06-16T22:30:11.933-0300] {dag.py:2941} INFO - Sync 1 DAGs
[2025-06-16T22:30:11.978-0300] {logging_mixin.py:154} INFO - [2025-06-16T22:30:11.978-0300] {dag.py:3722} INFO - Setting next_dagrun for example_bash_operator to 2025-06-16T00:00:00+00:00, run_after=2025-06-17T00:00:00+00:00
[2025-06-16T22:30:12.164-0300] {processor.py:179} INFO - Processing /mnt/c/Users/arcan/Documents/airflow/.venv/lib/python3.10/site-packages/airflow/example_dags/example_bash_operator.py took 0.381 seconds
[2025-06-16T22:31:25.724-0300] {processor.py:157} INFO - Started process (PID=62533) to work on /mnt/c/Users/arcan/Documents/airflow/.venv/lib/python3.10/site-packages/airflow/example_dags/example_bash_operator.py
[2025-06-16T22:31:25.726-0300] {processor.py:829} INFO - Processing file /mnt/c/Users/arcan/Documents/airflow/.venv/lib/python3.10/site-packages/airflow/example_dags/example_bash_operator.py for tasks to queue
[2025-06-16T22:31:25.729-0300] {logging_mixin.py:154} INFO - [2025-06-16T22:31:25.728-0300] {dagbag.py:536} INFO - Filling up the DagBag from /mnt/c/Users/arcan/Documents/airflow/.venv/lib/python3.10/site-packages/airflow/example_dags/example_bash_operator.py
[2025-06-16T22:31:25.794-0300] {processor.py:839} INFO - DAG(s) dict_keys(['example_bash_operator']) retrieved from /mnt/c/Users/arcan/Documents/airflow/.venv/lib/python3.10/site-packages/airflow/example_dags/example_bash_operator.py
[2025-06-16T22:31:25.860-0300] {logging_mixin.py:154} INFO - [2025-06-16T22:31:25.860-0300] {dag.py:2941} INFO - Sync 1 DAGs
[2025-06-16T22:31:25.905-0300] {logging_mixin.py:154} INFO - [2025-06-16T22:31:25.904-0300] {dag.py:3722} INFO - Setting next_dagrun for example_bash_operator to 2025-06-16T00:00:00+00:00, run_after=2025-06-17T00:00:00+00:00
[2025-06-16T22:31:26.066-0300] {processor.py:179} INFO - Processing /mnt/c/Users/arcan/Documents/airflow/.venv/lib/python3.10/site-packages/airflow/example_dags/example_bash_operator.py took 0.349 seconds
[2025-06-16T22:33:07.815-0300] {processor.py:157} INFO - Started process (PID=62904) to work on /mnt/c/Users/arcan/Documents/airflow/.venv/lib/python3.10/site-packages/airflow/example_dags/example_bash_operator.py
[2025-06-16T22:33:07.819-0300] {processor.py:829} INFO - Processing file /mnt/c/Users/arcan/Documents/airflow/.venv/lib/python3.10/site-packages/airflow/example_dags/example_bash_operator.py for tasks to queue
[2025-06-16T22:33:07.823-0300] {logging_mixin.py:154} INFO - [2025-06-16T22:33:07.821-0300] {dagbag.py:536} INFO - Filling up the DagBag from /mnt/c/Users/arcan/Documents/airflow/.venv/lib/python3.10/site-packages/airflow/example_dags/example_bash_operator.py
[2025-06-16T22:33:07.902-0300] {processor.py:839} INFO - DAG(s) dict_keys(['example_bash_operator']) retrieved from /mnt/c/Users/arcan/Documents/airflow/.venv/lib/python3.10/site-packages/airflow/example_dags/example_bash_operator.py
[2025-06-16T22:33:07.975-0300] {logging_mixin.py:154} INFO - [2025-06-16T22:33:07.975-0300] {dag.py:2941} INFO - Sync 1 DAGs
[2025-06-16T22:33:08.033-0300] {logging_mixin.py:154} INFO - [2025-06-16T22:33:08.033-0300] {dag.py:3722} INFO - Setting next_dagrun for example_bash_operator to 2025-06-16T00:00:00+00:00, run_after=2025-06-17T00:00:00+00:00
[2025-06-16T22:33:08.166-0300] {processor.py:179} INFO - Processing /mnt/c/Users/arcan/Documents/airflow/.venv/lib/python3.10/site-packages/airflow/example_dags/example_bash_operator.py took 0.361 seconds
[2025-06-17T20:51:26.576-0300] {processor.py:157} INFO - Started process (PID=63705) to work on /mnt/c/Users/arcan/Documents/airflow/.venv/lib/python3.10/site-packages/airflow/example_dags/example_bash_operator.py
[2025-06-17T20:51:26.580-0300] {processor.py:829} INFO - Processing file /mnt/c/Users/arcan/Documents/airflow/.venv/lib/python3.10/site-packages/airflow/example_dags/example_bash_operator.py for tasks to queue
[2025-06-17T20:51:26.583-0300] {logging_mixin.py:154} INFO - [2025-06-17T20:51:26.582-0300] {dagbag.py:536} INFO - Filling up the DagBag from /mnt/c/Users/arcan/Documents/airflow/.venv/lib/python3.10/site-packages/airflow/example_dags/example_bash_operator.py
[2025-06-17T20:51:26.650-0300] {processor.py:839} INFO - DAG(s) dict_keys(['example_bash_operator']) retrieved from /mnt/c/Users/arcan/Documents/airflow/.venv/lib/python3.10/site-packages/airflow/example_dags/example_bash_operator.py
[2025-06-17T20:51:26.724-0300] {logging_mixin.py:154} INFO - [2025-06-17T20:51:26.724-0300] {dag.py:2941} INFO - Sync 1 DAGs
[2025-06-17T20:51:26.777-0300] {logging_mixin.py:154} INFO - [2025-06-17T20:51:26.777-0300] {dag.py:3722} INFO - Setting next_dagrun for example_bash_operator to 2025-06-16T00:00:00+00:00, run_after=2025-06-17T00:00:00+00:00
[2025-06-17T20:51:26.907-0300] {processor.py:179} INFO - Processing /mnt/c/Users/arcan/Documents/airflow/.venv/lib/python3.10/site-packages/airflow/example_dags/example_bash_operator.py took 0.337 seconds
[2025-06-17T20:52:49.966-0300] {processor.py:157} INFO - Started process (PID=63943) to work on /mnt/c/Users/arcan/Documents/airflow/.venv/lib/python3.10/site-packages/airflow/example_dags/example_bash_operator.py
[2025-06-17T20:52:49.968-0300] {processor.py:829} INFO - Processing file /mnt/c/Users/arcan/Documents/airflow/.venv/lib/python3.10/site-packages/airflow/example_dags/example_bash_operator.py for tasks to queue
[2025-06-17T20:52:49.970-0300] {logging_mixin.py:154} INFO - [2025-06-17T20:52:49.969-0300] {dagbag.py:536} INFO - Filling up the DagBag from /mnt/c/Users/arcan/Documents/airflow/.venv/lib/python3.10/site-packages/airflow/example_dags/example_bash_operator.py
[2025-06-17T20:52:50.020-0300] {processor.py:839} INFO - DAG(s) dict_keys(['example_bash_operator']) retrieved from /mnt/c/Users/arcan/Documents/airflow/.venv/lib/python3.10/site-packages/airflow/example_dags/example_bash_operator.py
[2025-06-17T20:52:50.073-0300] {logging_mixin.py:154} INFO - [2025-06-17T20:52:50.072-0300] {dag.py:2941} INFO - Sync 1 DAGs
[2025-06-17T20:52:50.105-0300] {logging_mixin.py:154} INFO - [2025-06-17T20:52:50.105-0300] {dag.py:3722} INFO - Setting next_dagrun for example_bash_operator to 2025-06-16T00:00:00+00:00, run_after=2025-06-17T00:00:00+00:00
[2025-06-17T20:52:50.207-0300] {processor.py:179} INFO - Processing /mnt/c/Users/arcan/Documents/airflow/.venv/lib/python3.10/site-packages/airflow/example_dags/example_bash_operator.py took 0.246 seconds
[2025-06-17T20:54:08.607-0300] {processor.py:157} INFO - Started process (PID=64289) to work on /mnt/c/Users/arcan/Documents/airflow/.venv/lib/python3.10/site-packages/airflow/example_dags/example_bash_operator.py
[2025-06-17T20:54:08.609-0300] {processor.py:829} INFO - Processing file /mnt/c/Users/arcan/Documents/airflow/.venv/lib/python3.10/site-packages/airflow/example_dags/example_bash_operator.py for tasks to queue
[2025-06-17T20:54:08.611-0300] {logging_mixin.py:154} INFO - [2025-06-17T20:54:08.610-0300] {dagbag.py:536} INFO - Filling up the DagBag from /mnt/c/Users/arcan/Documents/airflow/.venv/lib/python3.10/site-packages/airflow/example_dags/example_bash_operator.py
[2025-06-17T20:54:08.656-0300] {processor.py:839} INFO - DAG(s) dict_keys(['example_bash_operator']) retrieved from /mnt/c/Users/arcan/Documents/airflow/.venv/lib/python3.10/site-packages/airflow/example_dags/example_bash_operator.py
[2025-06-17T20:54:08.710-0300] {logging_mixin.py:154} INFO - [2025-06-17T20:54:08.709-0300] {dag.py:2941} INFO - Sync 1 DAGs
[2025-06-17T20:54:08.744-0300] {logging_mixin.py:154} INFO - [2025-06-17T20:54:08.744-0300] {dag.py:3722} INFO - Setting next_dagrun for example_bash_operator to 2025-06-16T00:00:00+00:00, run_after=2025-06-17T00:00:00+00:00
[2025-06-17T20:54:08.870-0300] {processor.py:179} INFO - Processing /mnt/c/Users/arcan/Documents/airflow/.venv/lib/python3.10/site-packages/airflow/example_dags/example_bash_operator.py took 0.267 seconds
[2025-06-17T20:55:17.314-0300] {processor.py:157} INFO - Started process (PID=64490) to work on /mnt/c/Users/arcan/Documents/airflow/.venv/lib/python3.10/site-packages/airflow/example_dags/example_bash_operator.py
[2025-06-17T20:55:17.317-0300] {processor.py:829} INFO - Processing file /mnt/c/Users/arcan/Documents/airflow/.venv/lib/python3.10/site-packages/airflow/example_dags/example_bash_operator.py for tasks to queue
[2025-06-17T20:55:17.319-0300] {logging_mixin.py:154} INFO - [2025-06-17T20:55:17.318-0300] {dagbag.py:536} INFO - Filling up the DagBag from /mnt/c/Users/arcan/Documents/airflow/.venv/lib/python3.10/site-packages/airflow/example_dags/example_bash_operator.py
[2025-06-17T20:55:17.377-0300] {processor.py:839} INFO - DAG(s) dict_keys(['example_bash_operator']) retrieved from /mnt/c/Users/arcan/Documents/airflow/.venv/lib/python3.10/site-packages/airflow/example_dags/example_bash_operator.py
[2025-06-17T20:55:17.438-0300] {logging_mixin.py:154} INFO - [2025-06-17T20:55:17.438-0300] {dag.py:2941} INFO - Sync 1 DAGs
[2025-06-17T20:55:17.476-0300] {logging_mixin.py:154} INFO - [2025-06-17T20:55:17.476-0300] {dag.py:3722} INFO - Setting next_dagrun for example_bash_operator to 2025-06-16T00:00:00+00:00, run_after=2025-06-17T00:00:00+00:00
[2025-06-17T20:55:17.580-0300] {processor.py:179} INFO - Processing /mnt/c/Users/arcan/Documents/airflow/.venv/lib/python3.10/site-packages/airflow/example_dags/example_bash_operator.py took 0.273 seconds
