[2025-06-16T22:04:13.032-0300] {processor.py:157} INFO - Started process (PID=57354) to work on /mnt/c/Users/arcan/Documents/airflow/.venv/lib/python3.10/site-packages/airflow/example_dags/example_complex.py
[2025-06-16T22:04:13.034-0300] {processor.py:829} INFO - Processing file /mnt/c/Users/arcan/Documents/airflow/.venv/lib/python3.10/site-packages/airflow/example_dags/example_complex.py for tasks to queue
[2025-06-16T22:04:13.036-0300] {logging_mixin.py:154} INFO - [2025-06-16T22:04:13.036-0300] {dagbag.py:536} INFO - Filling up the DagBag from /mnt/c/Users/arcan/Documents/airflow/.venv/lib/python3.10/site-packages/airflow/example_dags/example_complex.py
[2025-06-16T22:04:13.073-0300] {processor.py:839} INFO - DAG(s) dict_keys(['example_complex']) retrieved from /mnt/c/Users/arcan/Documents/airflow/.venv/lib/python3.10/site-packages/airflow/example_dags/example_complex.py
[2025-06-16T22:04:13.128-0300] {logging_mixin.py:154} INFO - [2025-06-16T22:04:13.127-0300] {dag.py:2941} INFO - Sync 1 DAGs
[2025-06-16T22:04:13.148-0300] {logging_mixin.py:154} INFO - [2025-06-16T22:04:13.147-0300] {dag.py:3722} INFO - Setting next_dagrun for example_complex to None, run_after=None
[2025-06-16T22:04:13.250-0300] {processor.py:179} INFO - Processing /mnt/c/Users/arcan/Documents/airflow/.venv/lib/python3.10/site-packages/airflow/example_dags/example_complex.py took 0.223 seconds
[2025-06-16T22:05:26.272-0300] {processor.py:157} INFO - Started process (PID=57605) to work on /mnt/c/Users/arcan/Documents/airflow/.venv/lib/python3.10/site-packages/airflow/example_dags/example_complex.py
[2025-06-16T22:05:26.274-0300] {processor.py:829} INFO - Processing file /mnt/c/Users/arcan/Documents/airflow/.venv/lib/python3.10/site-packages/airflow/example_dags/example_complex.py for tasks to queue
[2025-06-16T22:05:26.276-0300] {logging_mixin.py:154} INFO - [2025-06-16T22:05:26.275-0300] {dagbag.py:536} INFO - Filling up the DagBag from /mnt/c/Users/arcan/Documents/airflow/.venv/lib/python3.10/site-packages/airflow/example_dags/example_complex.py
[2025-06-16T22:05:26.312-0300] {processor.py:839} INFO - DAG(s) dict_keys(['example_complex']) retrieved from /mnt/c/Users/arcan/Documents/airflow/.venv/lib/python3.10/site-packages/airflow/example_dags/example_complex.py
[2025-06-16T22:05:26.365-0300] {logging_mixin.py:154} INFO - [2025-06-16T22:05:26.364-0300] {dag.py:2941} INFO - Sync 1 DAGs
[2025-06-16T22:05:26.382-0300] {logging_mixin.py:154} INFO - [2025-06-16T22:05:26.382-0300] {dag.py:3722} INFO - Setting next_dagrun for example_complex to None, run_after=None
[2025-06-16T22:05:26.537-0300] {processor.py:179} INFO - Processing /mnt/c/Users/arcan/Documents/airflow/.venv/lib/python3.10/site-packages/airflow/example_dags/example_complex.py took 0.270 seconds
[2025-06-16T22:06:38.540-0300] {processor.py:157} INFO - Started process (PID=57818) to work on /mnt/c/Users/arcan/Documents/airflow/.venv/lib/python3.10/site-packages/airflow/example_dags/example_complex.py
[2025-06-16T22:06:38.542-0300] {processor.py:829} INFO - Processing file /mnt/c/Users/arcan/Documents/airflow/.venv/lib/python3.10/site-packages/airflow/example_dags/example_complex.py for tasks to queue
[2025-06-16T22:06:38.544-0300] {logging_mixin.py:154} INFO - [2025-06-16T22:06:38.544-0300] {dagbag.py:536} INFO - Filling up the DagBag from /mnt/c/Users/arcan/Documents/airflow/.venv/lib/python3.10/site-packages/airflow/example_dags/example_complex.py
[2025-06-16T22:06:38.585-0300] {processor.py:839} INFO - DAG(s) dict_keys(['example_complex']) retrieved from /mnt/c/Users/arcan/Documents/airflow/.venv/lib/python3.10/site-packages/airflow/example_dags/example_complex.py
[2025-06-16T22:06:38.641-0300] {logging_mixin.py:154} INFO - [2025-06-16T22:06:38.640-0300] {dag.py:2941} INFO - Sync 1 DAGs
[2025-06-16T22:06:38.659-0300] {logging_mixin.py:154} INFO - [2025-06-16T22:06:38.659-0300] {dag.py:3722} INFO - Setting next_dagrun for example_complex to None, run_after=None
[2025-06-16T22:06:38.760-0300] {processor.py:179} INFO - Processing /mnt/c/Users/arcan/Documents/airflow/.venv/lib/python3.10/site-packages/airflow/example_dags/example_complex.py took 0.226 seconds
[2025-06-16T22:07:48.674-0300] {processor.py:157} INFO - Started process (PID=58023) to work on /mnt/c/Users/arcan/Documents/airflow/.venv/lib/python3.10/site-packages/airflow/example_dags/example_complex.py
[2025-06-16T22:07:48.676-0300] {processor.py:829} INFO - Processing file /mnt/c/Users/arcan/Documents/airflow/.venv/lib/python3.10/site-packages/airflow/example_dags/example_complex.py for tasks to queue
[2025-06-16T22:07:48.678-0300] {logging_mixin.py:154} INFO - [2025-06-16T22:07:48.678-0300] {dagbag.py:536} INFO - Filling up the DagBag from /mnt/c/Users/arcan/Documents/airflow/.venv/lib/python3.10/site-packages/airflow/example_dags/example_complex.py
[2025-06-16T22:07:48.715-0300] {processor.py:839} INFO - DAG(s) dict_keys(['example_complex']) retrieved from /mnt/c/Users/arcan/Documents/airflow/.venv/lib/python3.10/site-packages/airflow/example_dags/example_complex.py
[2025-06-16T22:07:48.767-0300] {logging_mixin.py:154} INFO - [2025-06-16T22:07:48.767-0300] {dag.py:2941} INFO - Sync 1 DAGs
[2025-06-16T22:07:48.786-0300] {logging_mixin.py:154} INFO - [2025-06-16T22:07:48.786-0300] {dag.py:3722} INFO - Setting next_dagrun for example_complex to None, run_after=None
[2025-06-16T22:07:48.888-0300] {processor.py:179} INFO - Processing /mnt/c/Users/arcan/Documents/airflow/.venv/lib/python3.10/site-packages/airflow/example_dags/example_complex.py took 0.219 seconds
[2025-06-16T22:09:03.427-0300] {processor.py:157} INFO - Started process (PID=58367) to work on /mnt/c/Users/arcan/Documents/airflow/.venv/lib/python3.10/site-packages/airflow/example_dags/example_complex.py
[2025-06-16T22:09:03.428-0300] {processor.py:829} INFO - Processing file /mnt/c/Users/arcan/Documents/airflow/.venv/lib/python3.10/site-packages/airflow/example_dags/example_complex.py for tasks to queue
[2025-06-16T22:09:03.430-0300] {logging_mixin.py:154} INFO - [2025-06-16T22:09:03.430-0300] {dagbag.py:536} INFO - Filling up the DagBag from /mnt/c/Users/arcan/Documents/airflow/.venv/lib/python3.10/site-packages/airflow/example_dags/example_complex.py
[2025-06-16T22:09:03.465-0300] {processor.py:839} INFO - DAG(s) dict_keys(['example_complex']) retrieved from /mnt/c/Users/arcan/Documents/airflow/.venv/lib/python3.10/site-packages/airflow/example_dags/example_complex.py
[2025-06-16T22:09:03.527-0300] {logging_mixin.py:154} INFO - [2025-06-16T22:09:03.527-0300] {dag.py:2941} INFO - Sync 1 DAGs
[2025-06-16T22:09:03.548-0300] {logging_mixin.py:154} INFO - [2025-06-16T22:09:03.547-0300] {dag.py:3722} INFO - Setting next_dagrun for example_complex to None, run_after=None
[2025-06-16T22:09:03.639-0300] {processor.py:179} INFO - Processing /mnt/c/Users/arcan/Documents/airflow/.venv/lib/python3.10/site-packages/airflow/example_dags/example_complex.py took 0.217 seconds
[2025-06-16T22:10:07.756-0300] {processor.py:157} INFO - Started process (PID=58559) to work on /mnt/c/Users/arcan/Documents/airflow/.venv/lib/python3.10/site-packages/airflow/example_dags/example_complex.py
[2025-06-16T22:10:07.758-0300] {processor.py:829} INFO - Processing file /mnt/c/Users/arcan/Documents/airflow/.venv/lib/python3.10/site-packages/airflow/example_dags/example_complex.py for tasks to queue
[2025-06-16T22:10:07.761-0300] {logging_mixin.py:154} INFO - [2025-06-16T22:10:07.760-0300] {dagbag.py:536} INFO - Filling up the DagBag from /mnt/c/Users/arcan/Documents/airflow/.venv/lib/python3.10/site-packages/airflow/example_dags/example_complex.py
[2025-06-16T22:10:07.813-0300] {processor.py:839} INFO - DAG(s) dict_keys(['example_complex']) retrieved from /mnt/c/Users/arcan/Documents/airflow/.venv/lib/python3.10/site-packages/airflow/example_dags/example_complex.py
[2025-06-16T22:10:07.881-0300] {logging_mixin.py:154} INFO - [2025-06-16T22:10:07.881-0300] {dag.py:2941} INFO - Sync 1 DAGs
[2025-06-16T22:10:07.904-0300] {logging_mixin.py:154} INFO - [2025-06-16T22:10:07.904-0300] {dag.py:3722} INFO - Setting next_dagrun for example_complex to None, run_after=None
[2025-06-16T22:10:08.013-0300] {processor.py:179} INFO - Processing /mnt/c/Users/arcan/Documents/airflow/.venv/lib/python3.10/site-packages/airflow/example_dags/example_complex.py took 0.266 seconds
[2025-06-16T22:11:12.244-0300] {processor.py:157} INFO - Started process (PID=58750) to work on /mnt/c/Users/arcan/Documents/airflow/.venv/lib/python3.10/site-packages/airflow/example_dags/example_complex.py
[2025-06-16T22:11:12.246-0300] {processor.py:829} INFO - Processing file /mnt/c/Users/arcan/Documents/airflow/.venv/lib/python3.10/site-packages/airflow/example_dags/example_complex.py for tasks to queue
[2025-06-16T22:11:12.248-0300] {logging_mixin.py:154} INFO - [2025-06-16T22:11:12.247-0300] {dagbag.py:536} INFO - Filling up the DagBag from /mnt/c/Users/arcan/Documents/airflow/.venv/lib/python3.10/site-packages/airflow/example_dags/example_complex.py
[2025-06-16T22:11:12.286-0300] {processor.py:839} INFO - DAG(s) dict_keys(['example_complex']) retrieved from /mnt/c/Users/arcan/Documents/airflow/.venv/lib/python3.10/site-packages/airflow/example_dags/example_complex.py
[2025-06-16T22:11:12.339-0300] {logging_mixin.py:154} INFO - [2025-06-16T22:11:12.338-0300] {dag.py:2941} INFO - Sync 1 DAGs
[2025-06-16T22:11:12.365-0300] {logging_mixin.py:154} INFO - [2025-06-16T22:11:12.365-0300] {dag.py:3722} INFO - Setting next_dagrun for example_complex to None, run_after=None
[2025-06-16T22:11:12.456-0300] {processor.py:179} INFO - Processing /mnt/c/Users/arcan/Documents/airflow/.venv/lib/python3.10/site-packages/airflow/example_dags/example_complex.py took 0.217 seconds
[2025-06-16T22:12:12.106-0300] {processor.py:157} INFO - Started process (PID=58934) to work on /mnt/c/Users/arcan/Documents/airflow/.venv/lib/python3.10/site-packages/airflow/example_dags/example_complex.py
[2025-06-16T22:12:12.108-0300] {processor.py:829} INFO - Processing file /mnt/c/Users/arcan/Documents/airflow/.venv/lib/python3.10/site-packages/airflow/example_dags/example_complex.py for tasks to queue
[2025-06-16T22:12:12.110-0300] {logging_mixin.py:154} INFO - [2025-06-16T22:12:12.109-0300] {dagbag.py:536} INFO - Filling up the DagBag from /mnt/c/Users/arcan/Documents/airflow/.venv/lib/python3.10/site-packages/airflow/example_dags/example_complex.py
[2025-06-16T22:12:12.160-0300] {processor.py:839} INFO - DAG(s) dict_keys(['example_complex']) retrieved from /mnt/c/Users/arcan/Documents/airflow/.venv/lib/python3.10/site-packages/airflow/example_dags/example_complex.py
[2025-06-16T22:12:12.210-0300] {logging_mixin.py:154} INFO - [2025-06-16T22:12:12.210-0300] {dag.py:2941} INFO - Sync 1 DAGs
[2025-06-16T22:12:12.226-0300] {logging_mixin.py:154} INFO - [2025-06-16T22:12:12.226-0300] {dag.py:3722} INFO - Setting next_dagrun for example_complex to None, run_after=None
[2025-06-16T22:12:12.310-0300] {processor.py:179} INFO - Processing /mnt/c/Users/arcan/Documents/airflow/.venv/lib/python3.10/site-packages/airflow/example_dags/example_complex.py took 0.209 seconds
[2025-06-16T22:13:12.955-0300] {processor.py:157} INFO - Started process (PID=59118) to work on /mnt/c/Users/arcan/Documents/airflow/.venv/lib/python3.10/site-packages/airflow/example_dags/example_complex.py
[2025-06-16T22:13:12.959-0300] {processor.py:829} INFO - Processing file /mnt/c/Users/arcan/Documents/airflow/.venv/lib/python3.10/site-packages/airflow/example_dags/example_complex.py for tasks to queue
[2025-06-16T22:13:12.961-0300] {logging_mixin.py:154} INFO - [2025-06-16T22:13:12.960-0300] {dagbag.py:536} INFO - Filling up the DagBag from /mnt/c/Users/arcan/Documents/airflow/.venv/lib/python3.10/site-packages/airflow/example_dags/example_complex.py
[2025-06-16T22:13:13.006-0300] {processor.py:839} INFO - DAG(s) dict_keys(['example_complex']) retrieved from /mnt/c/Users/arcan/Documents/airflow/.venv/lib/python3.10/site-packages/airflow/example_dags/example_complex.py
[2025-06-16T22:13:13.070-0300] {logging_mixin.py:154} INFO - [2025-06-16T22:13:13.070-0300] {dag.py:2941} INFO - Sync 1 DAGs
[2025-06-16T22:13:13.093-0300] {logging_mixin.py:154} INFO - [2025-06-16T22:13:13.093-0300] {dag.py:3722} INFO - Setting next_dagrun for example_complex to None, run_after=None
[2025-06-16T22:13:13.198-0300] {processor.py:179} INFO - Processing /mnt/c/Users/arcan/Documents/airflow/.venv/lib/python3.10/site-packages/airflow/example_dags/example_complex.py took 0.249 seconds
[2025-06-16T22:14:18.167-0300] {processor.py:157} INFO - Started process (PID=59315) to work on /mnt/c/Users/arcan/Documents/airflow/.venv/lib/python3.10/site-packages/airflow/example_dags/example_complex.py
[2025-06-16T22:14:18.168-0300] {processor.py:829} INFO - Processing file /mnt/c/Users/arcan/Documents/airflow/.venv/lib/python3.10/site-packages/airflow/example_dags/example_complex.py for tasks to queue
[2025-06-16T22:14:18.170-0300] {logging_mixin.py:154} INFO - [2025-06-16T22:14:18.170-0300] {dagbag.py:536} INFO - Filling up the DagBag from /mnt/c/Users/arcan/Documents/airflow/.venv/lib/python3.10/site-packages/airflow/example_dags/example_complex.py
[2025-06-16T22:14:18.211-0300] {processor.py:839} INFO - DAG(s) dict_keys(['example_complex']) retrieved from /mnt/c/Users/arcan/Documents/airflow/.venv/lib/python3.10/site-packages/airflow/example_dags/example_complex.py
[2025-06-16T22:14:18.270-0300] {logging_mixin.py:154} INFO - [2025-06-16T22:14:18.270-0300] {dag.py:2941} INFO - Sync 1 DAGs
[2025-06-16T22:14:18.290-0300] {logging_mixin.py:154} INFO - [2025-06-16T22:14:18.290-0300] {dag.py:3722} INFO - Setting next_dagrun for example_complex to None, run_after=None
[2025-06-16T22:14:18.387-0300] {processor.py:179} INFO - Processing /mnt/c/Users/arcan/Documents/airflow/.venv/lib/python3.10/site-packages/airflow/example_dags/example_complex.py took 0.225 seconds
[2025-06-16T22:15:27.617-0300] {processor.py:157} INFO - Started process (PID=59521) to work on /mnt/c/Users/arcan/Documents/airflow/.venv/lib/python3.10/site-packages/airflow/example_dags/example_complex.py
[2025-06-16T22:15:27.621-0300] {processor.py:829} INFO - Processing file /mnt/c/Users/arcan/Documents/airflow/.venv/lib/python3.10/site-packages/airflow/example_dags/example_complex.py for tasks to queue
[2025-06-16T22:15:27.624-0300] {logging_mixin.py:154} INFO - [2025-06-16T22:15:27.623-0300] {dagbag.py:536} INFO - Filling up the DagBag from /mnt/c/Users/arcan/Documents/airflow/.venv/lib/python3.10/site-packages/airflow/example_dags/example_complex.py
[2025-06-16T22:15:27.664-0300] {processor.py:839} INFO - DAG(s) dict_keys(['example_complex']) retrieved from /mnt/c/Users/arcan/Documents/airflow/.venv/lib/python3.10/site-packages/airflow/example_dags/example_complex.py
[2025-06-16T22:15:27.721-0300] {logging_mixin.py:154} INFO - [2025-06-16T22:15:27.721-0300] {dag.py:2941} INFO - Sync 1 DAGs
[2025-06-16T22:15:27.743-0300] {logging_mixin.py:154} INFO - [2025-06-16T22:15:27.742-0300] {dag.py:3722} INFO - Setting next_dagrun for example_complex to None, run_after=None
[2025-06-16T22:15:27.852-0300] {processor.py:179} INFO - Processing /mnt/c/Users/arcan/Documents/airflow/.venv/lib/python3.10/site-packages/airflow/example_dags/example_complex.py took 0.243 seconds
[2025-06-16T22:16:38.844-0300] {processor.py:157} INFO - Started process (PID=59859) to work on /mnt/c/Users/arcan/Documents/airflow/.venv/lib/python3.10/site-packages/airflow/example_dags/example_complex.py
[2025-06-16T22:16:38.846-0300] {processor.py:829} INFO - Processing file /mnt/c/Users/arcan/Documents/airflow/.venv/lib/python3.10/site-packages/airflow/example_dags/example_complex.py for tasks to queue
[2025-06-16T22:16:38.848-0300] {logging_mixin.py:154} INFO - [2025-06-16T22:16:38.847-0300] {dagbag.py:536} INFO - Filling up the DagBag from /mnt/c/Users/arcan/Documents/airflow/.venv/lib/python3.10/site-packages/airflow/example_dags/example_complex.py
[2025-06-16T22:16:38.882-0300] {processor.py:839} INFO - DAG(s) dict_keys(['example_complex']) retrieved from /mnt/c/Users/arcan/Documents/airflow/.venv/lib/python3.10/site-packages/airflow/example_dags/example_complex.py
[2025-06-16T22:16:38.930-0300] {logging_mixin.py:154} INFO - [2025-06-16T22:16:38.930-0300] {dag.py:2941} INFO - Sync 1 DAGs
[2025-06-16T22:16:38.947-0300] {logging_mixin.py:154} INFO - [2025-06-16T22:16:38.947-0300] {dag.py:3722} INFO - Setting next_dagrun for example_complex to None, run_after=None
[2025-06-16T22:16:39.044-0300] {processor.py:179} INFO - Processing /mnt/c/Users/arcan/Documents/airflow/.venv/lib/python3.10/site-packages/airflow/example_dags/example_complex.py took 0.205 seconds
[2025-06-16T22:17:46.050-0300] {processor.py:157} INFO - Started process (PID=60061) to work on /mnt/c/Users/arcan/Documents/airflow/.venv/lib/python3.10/site-packages/airflow/example_dags/example_complex.py
[2025-06-16T22:17:46.052-0300] {processor.py:829} INFO - Processing file /mnt/c/Users/arcan/Documents/airflow/.venv/lib/python3.10/site-packages/airflow/example_dags/example_complex.py for tasks to queue
[2025-06-16T22:17:46.055-0300] {logging_mixin.py:154} INFO - [2025-06-16T22:17:46.054-0300] {dagbag.py:536} INFO - Filling up the DagBag from /mnt/c/Users/arcan/Documents/airflow/.venv/lib/python3.10/site-packages/airflow/example_dags/example_complex.py
[2025-06-16T22:17:46.105-0300] {processor.py:839} INFO - DAG(s) dict_keys(['example_complex']) retrieved from /mnt/c/Users/arcan/Documents/airflow/.venv/lib/python3.10/site-packages/airflow/example_dags/example_complex.py
[2025-06-16T22:17:46.180-0300] {logging_mixin.py:154} INFO - [2025-06-16T22:17:46.179-0300] {dag.py:2941} INFO - Sync 1 DAGs
[2025-06-16T22:17:46.206-0300] {logging_mixin.py:154} INFO - [2025-06-16T22:17:46.205-0300] {dag.py:3722} INFO - Setting next_dagrun for example_complex to None, run_after=None
[2025-06-16T22:17:46.339-0300] {processor.py:179} INFO - Processing /mnt/c/Users/arcan/Documents/airflow/.venv/lib/python3.10/site-packages/airflow/example_dags/example_complex.py took 0.294 seconds
[2025-06-16T22:19:13.977-0300] {processor.py:157} INFO - Started process (PID=60312) to work on /mnt/c/Users/arcan/Documents/airflow/.venv/lib/python3.10/site-packages/airflow/example_dags/example_complex.py
[2025-06-16T22:19:13.980-0300] {processor.py:829} INFO - Processing file /mnt/c/Users/arcan/Documents/airflow/.venv/lib/python3.10/site-packages/airflow/example_dags/example_complex.py for tasks to queue
[2025-06-16T22:19:13.982-0300] {logging_mixin.py:154} INFO - [2025-06-16T22:19:13.981-0300] {dagbag.py:536} INFO - Filling up the DagBag from /mnt/c/Users/arcan/Documents/airflow/.venv/lib/python3.10/site-packages/airflow/example_dags/example_complex.py
[2025-06-16T22:19:14.033-0300] {processor.py:839} INFO - DAG(s) dict_keys(['example_complex']) retrieved from /mnt/c/Users/arcan/Documents/airflow/.venv/lib/python3.10/site-packages/airflow/example_dags/example_complex.py
[2025-06-16T22:19:14.133-0300] {logging_mixin.py:154} INFO - [2025-06-16T22:19:14.133-0300] {dag.py:2941} INFO - Sync 1 DAGs
[2025-06-16T22:19:14.167-0300] {logging_mixin.py:154} INFO - [2025-06-16T22:19:14.167-0300] {dag.py:3722} INFO - Setting next_dagrun for example_complex to None, run_after=None
[2025-06-16T22:19:14.306-0300] {processor.py:179} INFO - Processing /mnt/c/Users/arcan/Documents/airflow/.venv/lib/python3.10/site-packages/airflow/example_dags/example_complex.py took 0.335 seconds
[2025-06-16T22:20:37.952-0300] {processor.py:157} INFO - Started process (PID=60556) to work on /mnt/c/Users/arcan/Documents/airflow/.venv/lib/python3.10/site-packages/airflow/example_dags/example_complex.py
[2025-06-16T22:20:37.955-0300] {processor.py:829} INFO - Processing file /mnt/c/Users/arcan/Documents/airflow/.venv/lib/python3.10/site-packages/airflow/example_dags/example_complex.py for tasks to queue
[2025-06-16T22:20:37.957-0300] {logging_mixin.py:154} INFO - [2025-06-16T22:20:37.956-0300] {dagbag.py:536} INFO - Filling up the DagBag from /mnt/c/Users/arcan/Documents/airflow/.venv/lib/python3.10/site-packages/airflow/example_dags/example_complex.py
[2025-06-16T22:20:38.009-0300] {processor.py:839} INFO - DAG(s) dict_keys(['example_complex']) retrieved from /mnt/c/Users/arcan/Documents/airflow/.venv/lib/python3.10/site-packages/airflow/example_dags/example_complex.py
[2025-06-16T22:20:38.078-0300] {logging_mixin.py:154} INFO - [2025-06-16T22:20:38.078-0300] {dag.py:2941} INFO - Sync 1 DAGs
[2025-06-16T22:20:38.102-0300] {logging_mixin.py:154} INFO - [2025-06-16T22:20:38.101-0300] {dag.py:3722} INFO - Setting next_dagrun for example_complex to None, run_after=None
[2025-06-16T22:20:38.243-0300] {processor.py:179} INFO - Processing /mnt/c/Users/arcan/Documents/airflow/.venv/lib/python3.10/site-packages/airflow/example_dags/example_complex.py took 0.297 seconds
[2025-06-16T22:21:59.596-0300] {processor.py:157} INFO - Started process (PID=60784) to work on /mnt/c/Users/arcan/Documents/airflow/.venv/lib/python3.10/site-packages/airflow/example_dags/example_complex.py
[2025-06-16T22:21:59.599-0300] {processor.py:829} INFO - Processing file /mnt/c/Users/arcan/Documents/airflow/.venv/lib/python3.10/site-packages/airflow/example_dags/example_complex.py for tasks to queue
[2025-06-16T22:21:59.601-0300] {logging_mixin.py:154} INFO - [2025-06-16T22:21:59.600-0300] {dagbag.py:536} INFO - Filling up the DagBag from /mnt/c/Users/arcan/Documents/airflow/.venv/lib/python3.10/site-packages/airflow/example_dags/example_complex.py
[2025-06-16T22:21:59.657-0300] {processor.py:839} INFO - DAG(s) dict_keys(['example_complex']) retrieved from /mnt/c/Users/arcan/Documents/airflow/.venv/lib/python3.10/site-packages/airflow/example_dags/example_complex.py
[2025-06-16T22:21:59.726-0300] {logging_mixin.py:154} INFO - [2025-06-16T22:21:59.725-0300] {dag.py:2941} INFO - Sync 1 DAGs
[2025-06-16T22:21:59.750-0300] {logging_mixin.py:154} INFO - [2025-06-16T22:21:59.749-0300] {dag.py:3722} INFO - Setting next_dagrun for example_complex to None, run_after=None
[2025-06-16T22:21:59.903-0300] {processor.py:179} INFO - Processing /mnt/c/Users/arcan/Documents/airflow/.venv/lib/python3.10/site-packages/airflow/example_dags/example_complex.py took 0.313 seconds
[2025-06-16T22:23:24.700-0300] {processor.py:157} INFO - Started process (PID=61025) to work on /mnt/c/Users/arcan/Documents/airflow/.venv/lib/python3.10/site-packages/airflow/example_dags/example_complex.py
[2025-06-16T22:23:24.704-0300] {processor.py:829} INFO - Processing file /mnt/c/Users/arcan/Documents/airflow/.venv/lib/python3.10/site-packages/airflow/example_dags/example_complex.py for tasks to queue
[2025-06-16T22:23:24.708-0300] {logging_mixin.py:154} INFO - [2025-06-16T22:23:24.707-0300] {dagbag.py:536} INFO - Filling up the DagBag from /mnt/c/Users/arcan/Documents/airflow/.venv/lib/python3.10/site-packages/airflow/example_dags/example_complex.py
[2025-06-16T22:23:24.776-0300] {processor.py:839} INFO - DAG(s) dict_keys(['example_complex']) retrieved from /mnt/c/Users/arcan/Documents/airflow/.venv/lib/python3.10/site-packages/airflow/example_dags/example_complex.py
[2025-06-16T22:23:24.877-0300] {logging_mixin.py:154} INFO - [2025-06-16T22:23:24.877-0300] {dag.py:2941} INFO - Sync 1 DAGs
[2025-06-16T22:23:24.911-0300] {logging_mixin.py:154} INFO - [2025-06-16T22:23:24.911-0300] {dag.py:3722} INFO - Setting next_dagrun for example_complex to None, run_after=None
[2025-06-16T22:23:25.041-0300] {processor.py:179} INFO - Processing /mnt/c/Users/arcan/Documents/airflow/.venv/lib/python3.10/site-packages/airflow/example_dags/example_complex.py took 0.354 seconds
[2025-06-16T22:24:46.994-0300] {processor.py:157} INFO - Started process (PID=61387) to work on /mnt/c/Users/arcan/Documents/airflow/.venv/lib/python3.10/site-packages/airflow/example_dags/example_complex.py
[2025-06-16T22:24:46.996-0300] {processor.py:829} INFO - Processing file /mnt/c/Users/arcan/Documents/airflow/.venv/lib/python3.10/site-packages/airflow/example_dags/example_complex.py for tasks to queue
[2025-06-16T22:24:46.999-0300] {logging_mixin.py:154} INFO - [2025-06-16T22:24:46.998-0300] {dagbag.py:536} INFO - Filling up the DagBag from /mnt/c/Users/arcan/Documents/airflow/.venv/lib/python3.10/site-packages/airflow/example_dags/example_complex.py
[2025-06-16T22:24:47.056-0300] {processor.py:839} INFO - DAG(s) dict_keys(['example_complex']) retrieved from /mnt/c/Users/arcan/Documents/airflow/.venv/lib/python3.10/site-packages/airflow/example_dags/example_complex.py
[2025-06-16T22:24:47.122-0300] {logging_mixin.py:154} INFO - [2025-06-16T22:24:47.122-0300] {dag.py:2941} INFO - Sync 1 DAGs
[2025-06-16T22:24:47.143-0300] {logging_mixin.py:154} INFO - [2025-06-16T22:24:47.143-0300] {dag.py:3722} INFO - Setting next_dagrun for example_complex to None, run_after=None
[2025-06-16T22:24:47.269-0300] {processor.py:179} INFO - Processing /mnt/c/Users/arcan/Documents/airflow/.venv/lib/python3.10/site-packages/airflow/example_dags/example_complex.py took 0.282 seconds
[2025-06-16T22:26:05.201-0300] {processor.py:157} INFO - Started process (PID=61613) to work on /mnt/c/Users/arcan/Documents/airflow/.venv/lib/python3.10/site-packages/airflow/example_dags/example_complex.py
[2025-06-16T22:26:05.204-0300] {processor.py:829} INFO - Processing file /mnt/c/Users/arcan/Documents/airflow/.venv/lib/python3.10/site-packages/airflow/example_dags/example_complex.py for tasks to queue
[2025-06-16T22:26:05.206-0300] {logging_mixin.py:154} INFO - [2025-06-16T22:26:05.206-0300] {dagbag.py:536} INFO - Filling up the DagBag from /mnt/c/Users/arcan/Documents/airflow/.venv/lib/python3.10/site-packages/airflow/example_dags/example_complex.py
[2025-06-16T22:26:05.260-0300] {processor.py:839} INFO - DAG(s) dict_keys(['example_complex']) retrieved from /mnt/c/Users/arcan/Documents/airflow/.venv/lib/python3.10/site-packages/airflow/example_dags/example_complex.py
[2025-06-16T22:26:05.327-0300] {logging_mixin.py:154} INFO - [2025-06-16T22:26:05.325-0300] {dag.py:2941} INFO - Sync 1 DAGs
[2025-06-16T22:26:05.351-0300] {logging_mixin.py:154} INFO - [2025-06-16T22:26:05.351-0300] {dag.py:3722} INFO - Setting next_dagrun for example_complex to None, run_after=None
[2025-06-16T22:26:05.480-0300] {processor.py:179} INFO - Processing /mnt/c/Users/arcan/Documents/airflow/.venv/lib/python3.10/site-packages/airflow/example_dags/example_complex.py took 0.285 seconds
[2025-06-16T22:27:25.532-0300] {processor.py:157} INFO - Started process (PID=61844) to work on /mnt/c/Users/arcan/Documents/airflow/.venv/lib/python3.10/site-packages/airflow/example_dags/example_complex.py
[2025-06-16T22:27:25.534-0300] {processor.py:829} INFO - Processing file /mnt/c/Users/arcan/Documents/airflow/.venv/lib/python3.10/site-packages/airflow/example_dags/example_complex.py for tasks to queue
[2025-06-16T22:27:25.537-0300] {logging_mixin.py:154} INFO - [2025-06-16T22:27:25.536-0300] {dagbag.py:536} INFO - Filling up the DagBag from /mnt/c/Users/arcan/Documents/airflow/.venv/lib/python3.10/site-packages/airflow/example_dags/example_complex.py
[2025-06-16T22:27:25.588-0300] {processor.py:839} INFO - DAG(s) dict_keys(['example_complex']) retrieved from /mnt/c/Users/arcan/Documents/airflow/.venv/lib/python3.10/site-packages/airflow/example_dags/example_complex.py
[2025-06-16T22:27:25.657-0300] {logging_mixin.py:154} INFO - [2025-06-16T22:27:25.657-0300] {dag.py:2941} INFO - Sync 1 DAGs
[2025-06-16T22:27:25.680-0300] {logging_mixin.py:154} INFO - [2025-06-16T22:27:25.680-0300] {dag.py:3722} INFO - Setting next_dagrun for example_complex to None, run_after=None
[2025-06-16T22:27:25.830-0300] {processor.py:179} INFO - Processing /mnt/c/Users/arcan/Documents/airflow/.venv/lib/python3.10/site-packages/airflow/example_dags/example_complex.py took 0.304 seconds
[2025-06-16T22:28:43.798-0300] {processor.py:157} INFO - Started process (PID=62070) to work on /mnt/c/Users/arcan/Documents/airflow/.venv/lib/python3.10/site-packages/airflow/example_dags/example_complex.py
[2025-06-16T22:28:43.801-0300] {processor.py:829} INFO - Processing file /mnt/c/Users/arcan/Documents/airflow/.venv/lib/python3.10/site-packages/airflow/example_dags/example_complex.py for tasks to queue
[2025-06-16T22:28:43.803-0300] {logging_mixin.py:154} INFO - [2025-06-16T22:28:43.802-0300] {dagbag.py:536} INFO - Filling up the DagBag from /mnt/c/Users/arcan/Documents/airflow/.venv/lib/python3.10/site-packages/airflow/example_dags/example_complex.py
[2025-06-16T22:28:43.858-0300] {processor.py:839} INFO - DAG(s) dict_keys(['example_complex']) retrieved from /mnt/c/Users/arcan/Documents/airflow/.venv/lib/python3.10/site-packages/airflow/example_dags/example_complex.py
[2025-06-16T22:28:43.930-0300] {logging_mixin.py:154} INFO - [2025-06-16T22:28:43.930-0300] {dag.py:2941} INFO - Sync 1 DAGs
[2025-06-16T22:28:43.957-0300] {logging_mixin.py:154} INFO - [2025-06-16T22:28:43.956-0300] {dag.py:3722} INFO - Setting next_dagrun for example_complex to None, run_after=None
[2025-06-16T22:28:44.117-0300] {processor.py:179} INFO - Processing /mnt/c/Users/arcan/Documents/airflow/.venv/lib/python3.10/site-packages/airflow/example_dags/example_complex.py took 0.326 seconds
[2025-06-16T22:30:04.550-0300] {processor.py:157} INFO - Started process (PID=62299) to work on /mnt/c/Users/arcan/Documents/airflow/.venv/lib/python3.10/site-packages/airflow/example_dags/example_complex.py
[2025-06-16T22:30:04.553-0300] {processor.py:829} INFO - Processing file /mnt/c/Users/arcan/Documents/airflow/.venv/lib/python3.10/site-packages/airflow/example_dags/example_complex.py for tasks to queue
[2025-06-16T22:30:04.555-0300] {logging_mixin.py:154} INFO - [2025-06-16T22:30:04.554-0300] {dagbag.py:536} INFO - Filling up the DagBag from /mnt/c/Users/arcan/Documents/airflow/.venv/lib/python3.10/site-packages/airflow/example_dags/example_complex.py
[2025-06-16T22:30:04.611-0300] {processor.py:839} INFO - DAG(s) dict_keys(['example_complex']) retrieved from /mnt/c/Users/arcan/Documents/airflow/.venv/lib/python3.10/site-packages/airflow/example_dags/example_complex.py
[2025-06-16T22:30:04.682-0300] {logging_mixin.py:154} INFO - [2025-06-16T22:30:04.682-0300] {dag.py:2941} INFO - Sync 1 DAGs
[2025-06-16T22:30:04.716-0300] {logging_mixin.py:154} INFO - [2025-06-16T22:30:04.715-0300] {dag.py:3722} INFO - Setting next_dagrun for example_complex to None, run_after=None
[2025-06-16T22:30:04.844-0300] {processor.py:179} INFO - Processing /mnt/c/Users/arcan/Documents/airflow/.venv/lib/python3.10/site-packages/airflow/example_dags/example_complex.py took 0.301 seconds
[2025-06-16T22:31:18.406-0300] {processor.py:157} INFO - Started process (PID=62514) to work on /mnt/c/Users/arcan/Documents/airflow/.venv/lib/python3.10/site-packages/airflow/example_dags/example_complex.py
[2025-06-16T22:31:18.408-0300] {processor.py:829} INFO - Processing file /mnt/c/Users/arcan/Documents/airflow/.venv/lib/python3.10/site-packages/airflow/example_dags/example_complex.py for tasks to queue
[2025-06-16T22:31:18.410-0300] {logging_mixin.py:154} INFO - [2025-06-16T22:31:18.409-0300] {dagbag.py:536} INFO - Filling up the DagBag from /mnt/c/Users/arcan/Documents/airflow/.venv/lib/python3.10/site-packages/airflow/example_dags/example_complex.py
[2025-06-16T22:31:18.461-0300] {processor.py:839} INFO - DAG(s) dict_keys(['example_complex']) retrieved from /mnt/c/Users/arcan/Documents/airflow/.venv/lib/python3.10/site-packages/airflow/example_dags/example_complex.py
[2025-06-16T22:31:18.532-0300] {logging_mixin.py:154} INFO - [2025-06-16T22:31:18.531-0300] {dag.py:2941} INFO - Sync 1 DAGs
[2025-06-16T22:31:18.555-0300] {logging_mixin.py:154} INFO - [2025-06-16T22:31:18.555-0300] {dag.py:3722} INFO - Setting next_dagrun for example_complex to None, run_after=None
[2025-06-16T22:31:18.682-0300] {processor.py:179} INFO - Processing /mnt/c/Users/arcan/Documents/airflow/.venv/lib/python3.10/site-packages/airflow/example_dags/example_complex.py took 0.282 seconds
[2025-06-16T22:32:59.839-0300] {processor.py:157} INFO - Started process (PID=62886) to work on /mnt/c/Users/arcan/Documents/airflow/.venv/lib/python3.10/site-packages/airflow/example_dags/example_complex.py
[2025-06-16T22:32:59.842-0300] {processor.py:829} INFO - Processing file /mnt/c/Users/arcan/Documents/airflow/.venv/lib/python3.10/site-packages/airflow/example_dags/example_complex.py for tasks to queue
[2025-06-16T22:32:59.845-0300] {logging_mixin.py:154} INFO - [2025-06-16T22:32:59.844-0300] {dagbag.py:536} INFO - Filling up the DagBag from /mnt/c/Users/arcan/Documents/airflow/.venv/lib/python3.10/site-packages/airflow/example_dags/example_complex.py
[2025-06-16T22:32:59.897-0300] {processor.py:839} INFO - DAG(s) dict_keys(['example_complex']) retrieved from /mnt/c/Users/arcan/Documents/airflow/.venv/lib/python3.10/site-packages/airflow/example_dags/example_complex.py
[2025-06-16T22:32:59.976-0300] {logging_mixin.py:154} INFO - [2025-06-16T22:32:59.975-0300] {dag.py:2941} INFO - Sync 1 DAGs
[2025-06-16T22:33:00.006-0300] {logging_mixin.py:154} INFO - [2025-06-16T22:33:00.005-0300] {dag.py:3722} INFO - Setting next_dagrun for example_complex to None, run_after=None
[2025-06-16T22:33:00.130-0300] {processor.py:179} INFO - Processing /mnt/c/Users/arcan/Documents/airflow/.venv/lib/python3.10/site-packages/airflow/example_dags/example_complex.py took 0.300 seconds
[2025-06-17T20:51:14.787-0300] {processor.py:157} INFO - Started process (PID=63679) to work on /mnt/c/Users/arcan/Documents/airflow/.venv/lib/python3.10/site-packages/airflow/example_dags/example_complex.py
[2025-06-17T20:51:14.791-0300] {processor.py:829} INFO - Processing file /mnt/c/Users/arcan/Documents/airflow/.venv/lib/python3.10/site-packages/airflow/example_dags/example_complex.py for tasks to queue
[2025-06-17T20:51:14.794-0300] {logging_mixin.py:154} INFO - [2025-06-17T20:51:14.793-0300] {dagbag.py:536} INFO - Filling up the DagBag from /mnt/c/Users/arcan/Documents/airflow/.venv/lib/python3.10/site-packages/airflow/example_dags/example_complex.py
[2025-06-17T20:51:14.841-0300] {processor.py:839} INFO - DAG(s) dict_keys(['example_complex']) retrieved from /mnt/c/Users/arcan/Documents/airflow/.venv/lib/python3.10/site-packages/airflow/example_dags/example_complex.py
[2025-06-17T20:51:14.911-0300] {logging_mixin.py:154} INFO - [2025-06-17T20:51:14.911-0300] {dag.py:2941} INFO - Sync 1 DAGs
[2025-06-17T20:51:14.941-0300] {logging_mixin.py:154} INFO - [2025-06-17T20:51:14.941-0300] {dag.py:3722} INFO - Setting next_dagrun for example_complex to None, run_after=None
[2025-06-17T20:51:15.099-0300] {processor.py:179} INFO - Processing /mnt/c/Users/arcan/Documents/airflow/.venv/lib/python3.10/site-packages/airflow/example_dags/example_complex.py took 0.318 seconds
[2025-06-17T20:52:40.308-0300] {processor.py:157} INFO - Started process (PID=63918) to work on /mnt/c/Users/arcan/Documents/airflow/.venv/lib/python3.10/site-packages/airflow/example_dags/example_complex.py
[2025-06-17T20:52:40.311-0300] {processor.py:829} INFO - Processing file /mnt/c/Users/arcan/Documents/airflow/.venv/lib/python3.10/site-packages/airflow/example_dags/example_complex.py for tasks to queue
[2025-06-17T20:52:40.313-0300] {logging_mixin.py:154} INFO - [2025-06-17T20:52:40.312-0300] {dagbag.py:536} INFO - Filling up the DagBag from /mnt/c/Users/arcan/Documents/airflow/.venv/lib/python3.10/site-packages/airflow/example_dags/example_complex.py
[2025-06-17T20:52:40.366-0300] {processor.py:839} INFO - DAG(s) dict_keys(['example_complex']) retrieved from /mnt/c/Users/arcan/Documents/airflow/.venv/lib/python3.10/site-packages/airflow/example_dags/example_complex.py
[2025-06-17T20:52:40.430-0300] {logging_mixin.py:154} INFO - [2025-06-17T20:52:40.429-0300] {dag.py:2941} INFO - Sync 1 DAGs
[2025-06-17T20:52:40.452-0300] {logging_mixin.py:154} INFO - [2025-06-17T20:52:40.452-0300] {dag.py:3722} INFO - Setting next_dagrun for example_complex to None, run_after=None
[2025-06-17T20:52:40.562-0300] {processor.py:179} INFO - Processing /mnt/c/Users/arcan/Documents/airflow/.venv/lib/python3.10/site-packages/airflow/example_dags/example_complex.py took 0.260 seconds
[2025-06-17T20:53:59.363-0300] {processor.py:157} INFO - Started process (PID=64261) to work on /mnt/c/Users/arcan/Documents/airflow/.venv/lib/python3.10/site-packages/airflow/example_dags/example_complex.py
[2025-06-17T20:53:59.367-0300] {processor.py:829} INFO - Processing file /mnt/c/Users/arcan/Documents/airflow/.venv/lib/python3.10/site-packages/airflow/example_dags/example_complex.py for tasks to queue
[2025-06-17T20:53:59.369-0300] {logging_mixin.py:154} INFO - [2025-06-17T20:53:59.368-0300] {dagbag.py:536} INFO - Filling up the DagBag from /mnt/c/Users/arcan/Documents/airflow/.venv/lib/python3.10/site-packages/airflow/example_dags/example_complex.py
[2025-06-17T20:53:59.418-0300] {processor.py:839} INFO - DAG(s) dict_keys(['example_complex']) retrieved from /mnt/c/Users/arcan/Documents/airflow/.venv/lib/python3.10/site-packages/airflow/example_dags/example_complex.py
[2025-06-17T20:53:59.485-0300] {logging_mixin.py:154} INFO - [2025-06-17T20:53:59.484-0300] {dag.py:2941} INFO - Sync 1 DAGs
[2025-06-17T20:53:59.511-0300] {logging_mixin.py:154} INFO - [2025-06-17T20:53:59.511-0300] {dag.py:3722} INFO - Setting next_dagrun for example_complex to None, run_after=None
[2025-06-17T20:53:59.641-0300] {processor.py:179} INFO - Processing /mnt/c/Users/arcan/Documents/airflow/.venv/lib/python3.10/site-packages/airflow/example_dags/example_complex.py took 0.283 seconds
[2025-06-17T20:55:06.634-0300] {processor.py:157} INFO - Started process (PID=64456) to work on /mnt/c/Users/arcan/Documents/airflow/.venv/lib/python3.10/site-packages/airflow/example_dags/example_complex.py
[2025-06-17T20:55:06.636-0300] {processor.py:829} INFO - Processing file /mnt/c/Users/arcan/Documents/airflow/.venv/lib/python3.10/site-packages/airflow/example_dags/example_complex.py for tasks to queue
[2025-06-17T20:55:06.638-0300] {logging_mixin.py:154} INFO - [2025-06-17T20:55:06.637-0300] {dagbag.py:536} INFO - Filling up the DagBag from /mnt/c/Users/arcan/Documents/airflow/.venv/lib/python3.10/site-packages/airflow/example_dags/example_complex.py
[2025-06-17T20:55:06.680-0300] {processor.py:839} INFO - DAG(s) dict_keys(['example_complex']) retrieved from /mnt/c/Users/arcan/Documents/airflow/.venv/lib/python3.10/site-packages/airflow/example_dags/example_complex.py
[2025-06-17T20:55:06.732-0300] {logging_mixin.py:154} INFO - [2025-06-17T20:55:06.731-0300] {dag.py:2941} INFO - Sync 1 DAGs
[2025-06-17T20:55:06.754-0300] {logging_mixin.py:154} INFO - [2025-06-17T20:55:06.753-0300] {dag.py:3722} INFO - Setting next_dagrun for example_complex to None, run_after=None
[2025-06-17T20:55:06.868-0300] {processor.py:179} INFO - Processing /mnt/c/Users/arcan/Documents/airflow/.venv/lib/python3.10/site-packages/airflow/example_dags/example_complex.py took 0.240 seconds
