[2025-06-16T22:03:52.900-0300] {processor.py:157} INFO - Started process (PID=57296) to work on /mnt/c/Users/arcan/Documents/airflow/.venv/lib/python3.10/site-packages/airflow/example_dags/example_setup_teardown_taskflow.py
[2025-06-16T22:03:52.902-0300] {processor.py:829} INFO - Processing file /mnt/c/Users/arcan/Documents/airflow/.venv/lib/python3.10/site-packages/airflow/example_dags/example_setup_teardown_taskflow.py for tasks to queue
[2025-06-16T22:03:52.905-0300] {logging_mixin.py:154} INFO - [2025-06-16T22:03:52.904-0300] {dagbag.py:536} INFO - Filling up the DagBag from /mnt/c/Users/arcan/Documents/airflow/.venv/lib/python3.10/site-packages/airflow/example_dags/example_setup_teardown_taskflow.py
[2025-06-16T22:03:52.954-0300] {processor.py:839} INFO - DAG(s) dict_keys(['example_setup_teardown_taskflow']) retrieved from /mnt/c/Users/arcan/Documents/airflow/.venv/lib/python3.10/site-packages/airflow/example_dags/example_setup_teardown_taskflow.py
[2025-06-16T22:03:53.023-0300] {logging_mixin.py:154} INFO - [2025-06-16T22:03:53.022-0300] {dag.py:2941} INFO - Sync 1 DAGs
[2025-06-16T22:03:53.080-0300] {logging_mixin.py:154} INFO - [2025-06-16T22:03:53.079-0300] {dag.py:3722} INFO - Setting next_dagrun for example_setup_teardown_taskflow to 2025-06-16T01:03:53.078483+00:00, run_after=2025-06-17T01:03:53.078483+00:00
[2025-06-16T22:03:53.203-0300] {processor.py:179} INFO - Processing /mnt/c/Users/arcan/Documents/airflow/.venv/lib/python3.10/site-packages/airflow/example_dags/example_setup_teardown_taskflow.py took 0.311 seconds
[2025-06-16T22:05:05.245-0300] {processor.py:157} INFO - Started process (PID=57541) to work on /mnt/c/Users/arcan/Documents/airflow/.venv/lib/python3.10/site-packages/airflow/example_dags/example_setup_teardown_taskflow.py
[2025-06-16T22:05:05.247-0300] {processor.py:829} INFO - Processing file /mnt/c/Users/arcan/Documents/airflow/.venv/lib/python3.10/site-packages/airflow/example_dags/example_setup_teardown_taskflow.py for tasks to queue
[2025-06-16T22:05:05.250-0300] {logging_mixin.py:154} INFO - [2025-06-16T22:05:05.249-0300] {dagbag.py:536} INFO - Filling up the DagBag from /mnt/c/Users/arcan/Documents/airflow/.venv/lib/python3.10/site-packages/airflow/example_dags/example_setup_teardown_taskflow.py
[2025-06-16T22:05:05.299-0300] {processor.py:839} INFO - DAG(s) dict_keys(['example_setup_teardown_taskflow']) retrieved from /mnt/c/Users/arcan/Documents/airflow/.venv/lib/python3.10/site-packages/airflow/example_dags/example_setup_teardown_taskflow.py
[2025-06-16T22:05:05.366-0300] {logging_mixin.py:154} INFO - [2025-06-16T22:05:05.366-0300] {dag.py:2941} INFO - Sync 1 DAGs
[2025-06-16T22:05:05.408-0300] {logging_mixin.py:154} INFO - [2025-06-16T22:05:05.408-0300] {dag.py:3722} INFO - Setting next_dagrun for example_setup_teardown_taskflow to 2025-06-16T01:05:05.408190+00:00, run_after=2025-06-17T01:05:05.408190+00:00
[2025-06-16T22:05:05.521-0300] {processor.py:179} INFO - Processing /mnt/c/Users/arcan/Documents/airflow/.venv/lib/python3.10/site-packages/airflow/example_dags/example_setup_teardown_taskflow.py took 0.282 seconds
[2025-06-16T22:06:03.529-0300] {processor.py:157} INFO - Started process (PID=57714) to work on /mnt/c/Users/arcan/Documents/airflow/.venv/lib/python3.10/site-packages/airflow/example_dags/example_setup_teardown_taskflow.py
[2025-06-16T22:06:03.531-0300] {processor.py:829} INFO - Processing file /mnt/c/Users/arcan/Documents/airflow/.venv/lib/python3.10/site-packages/airflow/example_dags/example_setup_teardown_taskflow.py for tasks to queue
[2025-06-16T22:06:03.534-0300] {logging_mixin.py:154} INFO - [2025-06-16T22:06:03.533-0300] {dagbag.py:536} INFO - Filling up the DagBag from /mnt/c/Users/arcan/Documents/airflow/.venv/lib/python3.10/site-packages/airflow/example_dags/example_setup_teardown_taskflow.py
[2025-06-16T22:06:03.583-0300] {processor.py:839} INFO - DAG(s) dict_keys(['example_setup_teardown_taskflow']) retrieved from /mnt/c/Users/arcan/Documents/airflow/.venv/lib/python3.10/site-packages/airflow/example_dags/example_setup_teardown_taskflow.py
[2025-06-16T22:06:03.632-0300] {logging_mixin.py:154} INFO - [2025-06-16T22:06:03.632-0300] {dag.py:2941} INFO - Sync 1 DAGs
[2025-06-16T22:06:03.674-0300] {logging_mixin.py:154} INFO - [2025-06-16T22:06:03.673-0300] {dag.py:3722} INFO - Setting next_dagrun for example_setup_teardown_taskflow to 2025-06-16T01:06:03.673446+00:00, run_after=2025-06-17T01:06:03.673446+00:00
[2025-06-16T22:06:03.789-0300] {processor.py:179} INFO - Processing /mnt/c/Users/arcan/Documents/airflow/.venv/lib/python3.10/site-packages/airflow/example_dags/example_setup_teardown_taskflow.py took 0.266 seconds
[2025-06-16T22:07:12.453-0300] {processor.py:157} INFO - Started process (PID=57915) to work on /mnt/c/Users/arcan/Documents/airflow/.venv/lib/python3.10/site-packages/airflow/example_dags/example_setup_teardown_taskflow.py
[2025-06-16T22:07:12.456-0300] {processor.py:829} INFO - Processing file /mnt/c/Users/arcan/Documents/airflow/.venv/lib/python3.10/site-packages/airflow/example_dags/example_setup_teardown_taskflow.py for tasks to queue
[2025-06-16T22:07:12.459-0300] {logging_mixin.py:154} INFO - [2025-06-16T22:07:12.458-0300] {dagbag.py:536} INFO - Filling up the DagBag from /mnt/c/Users/arcan/Documents/airflow/.venv/lib/python3.10/site-packages/airflow/example_dags/example_setup_teardown_taskflow.py
[2025-06-16T22:07:12.511-0300] {processor.py:839} INFO - DAG(s) dict_keys(['example_setup_teardown_taskflow']) retrieved from /mnt/c/Users/arcan/Documents/airflow/.venv/lib/python3.10/site-packages/airflow/example_dags/example_setup_teardown_taskflow.py
[2025-06-16T22:07:12.569-0300] {logging_mixin.py:154} INFO - [2025-06-16T22:07:12.568-0300] {dag.py:2941} INFO - Sync 1 DAGs
[2025-06-16T22:07:12.615-0300] {logging_mixin.py:154} INFO - [2025-06-16T22:07:12.615-0300] {dag.py:3722} INFO - Setting next_dagrun for example_setup_teardown_taskflow to 2025-06-16T01:07:12.614987+00:00, run_after=2025-06-17T01:07:12.614987+00:00
[2025-06-16T22:07:12.747-0300] {processor.py:179} INFO - Processing /mnt/c/Users/arcan/Documents/airflow/.venv/lib/python3.10/site-packages/airflow/example_dags/example_setup_teardown_taskflow.py took 0.304 seconds
[2025-06-16T22:08:27.117-0300] {processor.py:157} INFO - Started process (PID=58137) to work on /mnt/c/Users/arcan/Documents/airflow/.venv/lib/python3.10/site-packages/airflow/example_dags/example_setup_teardown_taskflow.py
[2025-06-16T22:08:27.119-0300] {processor.py:829} INFO - Processing file /mnt/c/Users/arcan/Documents/airflow/.venv/lib/python3.10/site-packages/airflow/example_dags/example_setup_teardown_taskflow.py for tasks to queue
[2025-06-16T22:08:27.121-0300] {logging_mixin.py:154} INFO - [2025-06-16T22:08:27.120-0300] {dagbag.py:536} INFO - Filling up the DagBag from /mnt/c/Users/arcan/Documents/airflow/.venv/lib/python3.10/site-packages/airflow/example_dags/example_setup_teardown_taskflow.py
[2025-06-16T22:08:27.158-0300] {processor.py:839} INFO - DAG(s) dict_keys(['example_setup_teardown_taskflow']) retrieved from /mnt/c/Users/arcan/Documents/airflow/.venv/lib/python3.10/site-packages/airflow/example_dags/example_setup_teardown_taskflow.py
[2025-06-16T22:08:27.196-0300] {logging_mixin.py:154} INFO - [2025-06-16T22:08:27.196-0300] {dag.py:2941} INFO - Sync 1 DAGs
[2025-06-16T22:08:27.227-0300] {logging_mixin.py:154} INFO - [2025-06-16T22:08:27.226-0300] {dag.py:3722} INFO - Setting next_dagrun for example_setup_teardown_taskflow to 2025-06-16T01:08:27.226411+00:00, run_after=2025-06-17T01:08:27.226411+00:00
[2025-06-16T22:08:27.319-0300] {processor.py:179} INFO - Processing /mnt/c/Users/arcan/Documents/airflow/.venv/lib/python3.10/site-packages/airflow/example_dags/example_setup_teardown_taskflow.py took 0.206 seconds
[2025-06-16T22:09:36.573-0300] {processor.py:157} INFO - Started process (PID=58465) to work on /mnt/c/Users/arcan/Documents/airflow/.venv/lib/python3.10/site-packages/airflow/example_dags/example_setup_teardown_taskflow.py
[2025-06-16T22:09:36.575-0300] {processor.py:829} INFO - Processing file /mnt/c/Users/arcan/Documents/airflow/.venv/lib/python3.10/site-packages/airflow/example_dags/example_setup_teardown_taskflow.py for tasks to queue
[2025-06-16T22:09:36.578-0300] {logging_mixin.py:154} INFO - [2025-06-16T22:09:36.577-0300] {dagbag.py:536} INFO - Filling up the DagBag from /mnt/c/Users/arcan/Documents/airflow/.venv/lib/python3.10/site-packages/airflow/example_dags/example_setup_teardown_taskflow.py
[2025-06-16T22:09:36.612-0300] {processor.py:839} INFO - DAG(s) dict_keys(['example_setup_teardown_taskflow']) retrieved from /mnt/c/Users/arcan/Documents/airflow/.venv/lib/python3.10/site-packages/airflow/example_dags/example_setup_teardown_taskflow.py
[2025-06-16T22:09:36.660-0300] {logging_mixin.py:154} INFO - [2025-06-16T22:09:36.659-0300] {dag.py:2941} INFO - Sync 1 DAGs
[2025-06-16T22:09:36.692-0300] {logging_mixin.py:154} INFO - [2025-06-16T22:09:36.692-0300] {dag.py:3722} INFO - Setting next_dagrun for example_setup_teardown_taskflow to 2025-06-16T01:09:36.692086+00:00, run_after=2025-06-17T01:09:36.692086+00:00
[2025-06-16T22:09:36.797-0300] {processor.py:179} INFO - Processing /mnt/c/Users/arcan/Documents/airflow/.venv/lib/python3.10/site-packages/airflow/example_dags/example_setup_teardown_taskflow.py took 0.229 seconds
[2025-06-16T22:10:39.896-0300] {processor.py:157} INFO - Started process (PID=58656) to work on /mnt/c/Users/arcan/Documents/airflow/.venv/lib/python3.10/site-packages/airflow/example_dags/example_setup_teardown_taskflow.py
[2025-06-16T22:10:39.898-0300] {processor.py:829} INFO - Processing file /mnt/c/Users/arcan/Documents/airflow/.venv/lib/python3.10/site-packages/airflow/example_dags/example_setup_teardown_taskflow.py for tasks to queue
[2025-06-16T22:10:39.900-0300] {logging_mixin.py:154} INFO - [2025-06-16T22:10:39.899-0300] {dagbag.py:536} INFO - Filling up the DagBag from /mnt/c/Users/arcan/Documents/airflow/.venv/lib/python3.10/site-packages/airflow/example_dags/example_setup_teardown_taskflow.py
[2025-06-16T22:10:39.939-0300] {processor.py:839} INFO - DAG(s) dict_keys(['example_setup_teardown_taskflow']) retrieved from /mnt/c/Users/arcan/Documents/airflow/.venv/lib/python3.10/site-packages/airflow/example_dags/example_setup_teardown_taskflow.py
[2025-06-16T22:10:39.981-0300] {logging_mixin.py:154} INFO - [2025-06-16T22:10:39.981-0300] {dag.py:2941} INFO - Sync 1 DAGs
[2025-06-16T22:10:40.025-0300] {logging_mixin.py:154} INFO - [2025-06-16T22:10:40.025-0300] {dag.py:3722} INFO - Setting next_dagrun for example_setup_teardown_taskflow to 2025-06-16T01:10:40.024990+00:00, run_after=2025-06-17T01:10:40.024990+00:00
[2025-06-16T22:10:40.114-0300] {processor.py:179} INFO - Processing /mnt/c/Users/arcan/Documents/airflow/.venv/lib/python3.10/site-packages/airflow/example_dags/example_setup_teardown_taskflow.py took 0.222 seconds
[2025-06-16T22:11:41.456-0300] {processor.py:157} INFO - Started process (PID=58842) to work on /mnt/c/Users/arcan/Documents/airflow/.venv/lib/python3.10/site-packages/airflow/example_dags/example_setup_teardown_taskflow.py
[2025-06-16T22:11:41.458-0300] {processor.py:829} INFO - Processing file /mnt/c/Users/arcan/Documents/airflow/.venv/lib/python3.10/site-packages/airflow/example_dags/example_setup_teardown_taskflow.py for tasks to queue
[2025-06-16T22:11:41.460-0300] {logging_mixin.py:154} INFO - [2025-06-16T22:11:41.459-0300] {dagbag.py:536} INFO - Filling up the DagBag from /mnt/c/Users/arcan/Documents/airflow/.venv/lib/python3.10/site-packages/airflow/example_dags/example_setup_teardown_taskflow.py
[2025-06-16T22:11:41.512-0300] {processor.py:839} INFO - DAG(s) dict_keys(['example_setup_teardown_taskflow']) retrieved from /mnt/c/Users/arcan/Documents/airflow/.venv/lib/python3.10/site-packages/airflow/example_dags/example_setup_teardown_taskflow.py
[2025-06-16T22:11:41.561-0300] {logging_mixin.py:154} INFO - [2025-06-16T22:11:41.561-0300] {dag.py:2941} INFO - Sync 1 DAGs
[2025-06-16T22:11:41.595-0300] {logging_mixin.py:154} INFO - [2025-06-16T22:11:41.595-0300] {dag.py:3722} INFO - Setting next_dagrun for example_setup_teardown_taskflow to 2025-06-16T01:11:41.595264+00:00, run_after=2025-06-17T01:11:41.595264+00:00
[2025-06-16T22:11:41.686-0300] {processor.py:179} INFO - Processing /mnt/c/Users/arcan/Documents/airflow/.venv/lib/python3.10/site-packages/airflow/example_dags/example_setup_teardown_taskflow.py took 0.236 seconds
[2025-06-16T22:12:39.715-0300] {processor.py:157} INFO - Started process (PID=59020) to work on /mnt/c/Users/arcan/Documents/airflow/.venv/lib/python3.10/site-packages/airflow/example_dags/example_setup_teardown_taskflow.py
[2025-06-16T22:12:39.717-0300] {processor.py:829} INFO - Processing file /mnt/c/Users/arcan/Documents/airflow/.venv/lib/python3.10/site-packages/airflow/example_dags/example_setup_teardown_taskflow.py for tasks to queue
[2025-06-16T22:12:39.718-0300] {logging_mixin.py:154} INFO - [2025-06-16T22:12:39.718-0300] {dagbag.py:536} INFO - Filling up the DagBag from /mnt/c/Users/arcan/Documents/airflow/.venv/lib/python3.10/site-packages/airflow/example_dags/example_setup_teardown_taskflow.py
[2025-06-16T22:12:39.756-0300] {processor.py:839} INFO - DAG(s) dict_keys(['example_setup_teardown_taskflow']) retrieved from /mnt/c/Users/arcan/Documents/airflow/.venv/lib/python3.10/site-packages/airflow/example_dags/example_setup_teardown_taskflow.py
[2025-06-16T22:12:39.805-0300] {logging_mixin.py:154} INFO - [2025-06-16T22:12:39.805-0300] {dag.py:2941} INFO - Sync 1 DAGs
[2025-06-16T22:12:39.839-0300] {logging_mixin.py:154} INFO - [2025-06-16T22:12:39.839-0300] {dag.py:3722} INFO - Setting next_dagrun for example_setup_teardown_taskflow to 2025-06-16T01:12:39.839147+00:00, run_after=2025-06-17T01:12:39.839147+00:00
[2025-06-16T22:12:39.938-0300] {processor.py:179} INFO - Processing /mnt/c/Users/arcan/Documents/airflow/.venv/lib/python3.10/site-packages/airflow/example_dags/example_setup_teardown_taskflow.py took 0.227 seconds
[2025-06-16T22:13:43.626-0300] {processor.py:157} INFO - Started process (PID=59212) to work on /mnt/c/Users/arcan/Documents/airflow/.venv/lib/python3.10/site-packages/airflow/example_dags/example_setup_teardown_taskflow.py
[2025-06-16T22:13:43.628-0300] {processor.py:829} INFO - Processing file /mnt/c/Users/arcan/Documents/airflow/.venv/lib/python3.10/site-packages/airflow/example_dags/example_setup_teardown_taskflow.py for tasks to queue
[2025-06-16T22:13:43.630-0300] {logging_mixin.py:154} INFO - [2025-06-16T22:13:43.629-0300] {dagbag.py:536} INFO - Filling up the DagBag from /mnt/c/Users/arcan/Documents/airflow/.venv/lib/python3.10/site-packages/airflow/example_dags/example_setup_teardown_taskflow.py
[2025-06-16T22:13:43.665-0300] {processor.py:839} INFO - DAG(s) dict_keys(['example_setup_teardown_taskflow']) retrieved from /mnt/c/Users/arcan/Documents/airflow/.venv/lib/python3.10/site-packages/airflow/example_dags/example_setup_teardown_taskflow.py
[2025-06-16T22:13:43.709-0300] {logging_mixin.py:154} INFO - [2025-06-16T22:13:43.709-0300] {dag.py:2941} INFO - Sync 1 DAGs
[2025-06-16T22:13:43.741-0300] {logging_mixin.py:154} INFO - [2025-06-16T22:13:43.741-0300] {dag.py:3722} INFO - Setting next_dagrun for example_setup_teardown_taskflow to 2025-06-16T01:13:43.740714+00:00, run_after=2025-06-17T01:13:43.740714+00:00
[2025-06-16T22:13:43.835-0300] {processor.py:179} INFO - Processing /mnt/c/Users/arcan/Documents/airflow/.venv/lib/python3.10/site-packages/airflow/example_dags/example_setup_teardown_taskflow.py took 0.214 seconds
[2025-06-16T22:14:50.913-0300] {processor.py:157} INFO - Started process (PID=59411) to work on /mnt/c/Users/arcan/Documents/airflow/.venv/lib/python3.10/site-packages/airflow/example_dags/example_setup_teardown_taskflow.py
[2025-06-16T22:14:50.916-0300] {processor.py:829} INFO - Processing file /mnt/c/Users/arcan/Documents/airflow/.venv/lib/python3.10/site-packages/airflow/example_dags/example_setup_teardown_taskflow.py for tasks to queue
[2025-06-16T22:14:50.918-0300] {logging_mixin.py:154} INFO - [2025-06-16T22:14:50.917-0300] {dagbag.py:536} INFO - Filling up the DagBag from /mnt/c/Users/arcan/Documents/airflow/.venv/lib/python3.10/site-packages/airflow/example_dags/example_setup_teardown_taskflow.py
[2025-06-16T22:14:50.950-0300] {processor.py:839} INFO - DAG(s) dict_keys(['example_setup_teardown_taskflow']) retrieved from /mnt/c/Users/arcan/Documents/airflow/.venv/lib/python3.10/site-packages/airflow/example_dags/example_setup_teardown_taskflow.py
[2025-06-16T22:14:50.987-0300] {logging_mixin.py:154} INFO - [2025-06-16T22:14:50.987-0300] {dag.py:2941} INFO - Sync 1 DAGs
[2025-06-16T22:14:51.015-0300] {logging_mixin.py:154} INFO - [2025-06-16T22:14:51.015-0300] {dag.py:3722} INFO - Setting next_dagrun for example_setup_teardown_taskflow to 2025-06-16T01:14:51.015247+00:00, run_after=2025-06-17T01:14:51.015247+00:00
[2025-06-16T22:14:51.101-0300] {processor.py:179} INFO - Processing /mnt/c/Users/arcan/Documents/airflow/.venv/lib/python3.10/site-packages/airflow/example_dags/example_setup_teardown_taskflow.py took 0.193 seconds
[2025-06-16T22:15:59.856-0300] {processor.py:157} INFO - Started process (PID=59616) to work on /mnt/c/Users/arcan/Documents/airflow/.venv/lib/python3.10/site-packages/airflow/example_dags/example_setup_teardown_taskflow.py
[2025-06-16T22:15:59.859-0300] {processor.py:829} INFO - Processing file /mnt/c/Users/arcan/Documents/airflow/.venv/lib/python3.10/site-packages/airflow/example_dags/example_setup_teardown_taskflow.py for tasks to queue
[2025-06-16T22:15:59.862-0300] {logging_mixin.py:154} INFO - [2025-06-16T22:15:59.861-0300] {dagbag.py:536} INFO - Filling up the DagBag from /mnt/c/Users/arcan/Documents/airflow/.venv/lib/python3.10/site-packages/airflow/example_dags/example_setup_teardown_taskflow.py
[2025-06-16T22:15:59.907-0300] {processor.py:839} INFO - DAG(s) dict_keys(['example_setup_teardown_taskflow']) retrieved from /mnt/c/Users/arcan/Documents/airflow/.venv/lib/python3.10/site-packages/airflow/example_dags/example_setup_teardown_taskflow.py
[2025-06-16T22:15:59.954-0300] {logging_mixin.py:154} INFO - [2025-06-16T22:15:59.953-0300] {dag.py:2941} INFO - Sync 1 DAGs
[2025-06-16T22:15:59.988-0300] {logging_mixin.py:154} INFO - [2025-06-16T22:15:59.988-0300] {dag.py:3722} INFO - Setting next_dagrun for example_setup_teardown_taskflow to 2025-06-16T01:15:59.987707+00:00, run_after=2025-06-17T01:15:59.987707+00:00
[2025-06-16T22:16:00.101-0300] {processor.py:179} INFO - Processing /mnt/c/Users/arcan/Documents/airflow/.venv/lib/python3.10/site-packages/airflow/example_dags/example_setup_teardown_taskflow.py took 0.251 seconds
[2025-06-16T22:17:08.714-0300] {processor.py:157} INFO - Started process (PID=59950) to work on /mnt/c/Users/arcan/Documents/airflow/.venv/lib/python3.10/site-packages/airflow/example_dags/example_setup_teardown_taskflow.py
[2025-06-16T22:17:08.715-0300] {processor.py:829} INFO - Processing file /mnt/c/Users/arcan/Documents/airflow/.venv/lib/python3.10/site-packages/airflow/example_dags/example_setup_teardown_taskflow.py for tasks to queue
[2025-06-16T22:17:08.717-0300] {logging_mixin.py:154} INFO - [2025-06-16T22:17:08.716-0300] {dagbag.py:536} INFO - Filling up the DagBag from /mnt/c/Users/arcan/Documents/airflow/.venv/lib/python3.10/site-packages/airflow/example_dags/example_setup_teardown_taskflow.py
[2025-06-16T22:17:08.749-0300] {processor.py:839} INFO - DAG(s) dict_keys(['example_setup_teardown_taskflow']) retrieved from /mnt/c/Users/arcan/Documents/airflow/.venv/lib/python3.10/site-packages/airflow/example_dags/example_setup_teardown_taskflow.py
[2025-06-16T22:17:08.789-0300] {logging_mixin.py:154} INFO - [2025-06-16T22:17:08.789-0300] {dag.py:2941} INFO - Sync 1 DAGs
[2025-06-16T22:17:08.819-0300] {logging_mixin.py:154} INFO - [2025-06-16T22:17:08.819-0300] {dag.py:3722} INFO - Setting next_dagrun for example_setup_teardown_taskflow to 2025-06-16T01:17:08.819461+00:00, run_after=2025-06-17T01:17:08.819461+00:00
[2025-06-16T22:17:08.913-0300] {processor.py:179} INFO - Processing /mnt/c/Users/arcan/Documents/airflow/.venv/lib/python3.10/site-packages/airflow/example_dags/example_setup_teardown_taskflow.py took 0.203 seconds
[2025-06-16T22:18:27.771-0300] {processor.py:157} INFO - Started process (PID=60180) to work on /mnt/c/Users/arcan/Documents/airflow/.venv/lib/python3.10/site-packages/airflow/example_dags/example_setup_teardown_taskflow.py
[2025-06-16T22:18:27.775-0300] {processor.py:829} INFO - Processing file /mnt/c/Users/arcan/Documents/airflow/.venv/lib/python3.10/site-packages/airflow/example_dags/example_setup_teardown_taskflow.py for tasks to queue
[2025-06-16T22:18:27.777-0300] {logging_mixin.py:154} INFO - [2025-06-16T22:18:27.776-0300] {dagbag.py:536} INFO - Filling up the DagBag from /mnt/c/Users/arcan/Documents/airflow/.venv/lib/python3.10/site-packages/airflow/example_dags/example_setup_teardown_taskflow.py
[2025-06-16T22:18:27.833-0300] {processor.py:839} INFO - DAG(s) dict_keys(['example_setup_teardown_taskflow']) retrieved from /mnt/c/Users/arcan/Documents/airflow/.venv/lib/python3.10/site-packages/airflow/example_dags/example_setup_teardown_taskflow.py
[2025-06-16T22:18:27.898-0300] {logging_mixin.py:154} INFO - [2025-06-16T22:18:27.898-0300] {dag.py:2941} INFO - Sync 1 DAGs
[2025-06-16T22:18:27.954-0300] {logging_mixin.py:154} INFO - [2025-06-16T22:18:27.953-0300] {dag.py:3722} INFO - Setting next_dagrun for example_setup_teardown_taskflow to 2025-06-16T01:18:27.953125+00:00, run_after=2025-06-17T01:18:27.953125+00:00
[2025-06-16T22:18:28.106-0300] {processor.py:179} INFO - Processing /mnt/c/Users/arcan/Documents/airflow/.venv/lib/python3.10/site-packages/airflow/example_dags/example_setup_teardown_taskflow.py took 0.342 seconds
[2025-06-16T22:19:55.184-0300] {processor.py:157} INFO - Started process (PID=60429) to work on /mnt/c/Users/arcan/Documents/airflow/.venv/lib/python3.10/site-packages/airflow/example_dags/example_setup_teardown_taskflow.py
[2025-06-16T22:19:55.187-0300] {processor.py:829} INFO - Processing file /mnt/c/Users/arcan/Documents/airflow/.venv/lib/python3.10/site-packages/airflow/example_dags/example_setup_teardown_taskflow.py for tasks to queue
[2025-06-16T22:19:55.189-0300] {logging_mixin.py:154} INFO - [2025-06-16T22:19:55.188-0300] {dagbag.py:536} INFO - Filling up the DagBag from /mnt/c/Users/arcan/Documents/airflow/.venv/lib/python3.10/site-packages/airflow/example_dags/example_setup_teardown_taskflow.py
[2025-06-16T22:19:55.238-0300] {processor.py:839} INFO - DAG(s) dict_keys(['example_setup_teardown_taskflow']) retrieved from /mnt/c/Users/arcan/Documents/airflow/.venv/lib/python3.10/site-packages/airflow/example_dags/example_setup_teardown_taskflow.py
[2025-06-16T22:19:55.305-0300] {logging_mixin.py:154} INFO - [2025-06-16T22:19:55.305-0300] {dag.py:2941} INFO - Sync 1 DAGs
[2025-06-16T22:19:55.351-0300] {logging_mixin.py:154} INFO - [2025-06-16T22:19:55.350-0300] {dag.py:3722} INFO - Setting next_dagrun for example_setup_teardown_taskflow to 2025-06-16T01:19:55.350499+00:00, run_after=2025-06-17T01:19:55.350499+00:00
[2025-06-16T22:19:55.479-0300] {processor.py:179} INFO - Processing /mnt/c/Users/arcan/Documents/airflow/.venv/lib/python3.10/site-packages/airflow/example_dags/example_setup_teardown_taskflow.py took 0.301 seconds
[2025-06-16T22:21:15.830-0300] {processor.py:157} INFO - Started process (PID=60663) to work on /mnt/c/Users/arcan/Documents/airflow/.venv/lib/python3.10/site-packages/airflow/example_dags/example_setup_teardown_taskflow.py
[2025-06-16T22:21:15.832-0300] {processor.py:829} INFO - Processing file /mnt/c/Users/arcan/Documents/airflow/.venv/lib/python3.10/site-packages/airflow/example_dags/example_setup_teardown_taskflow.py for tasks to queue
[2025-06-16T22:21:15.834-0300] {logging_mixin.py:154} INFO - [2025-06-16T22:21:15.833-0300] {dagbag.py:536} INFO - Filling up the DagBag from /mnt/c/Users/arcan/Documents/airflow/.venv/lib/python3.10/site-packages/airflow/example_dags/example_setup_teardown_taskflow.py
[2025-06-16T22:21:15.888-0300] {processor.py:839} INFO - DAG(s) dict_keys(['example_setup_teardown_taskflow']) retrieved from /mnt/c/Users/arcan/Documents/airflow/.venv/lib/python3.10/site-packages/airflow/example_dags/example_setup_teardown_taskflow.py
[2025-06-16T22:21:15.956-0300] {logging_mixin.py:154} INFO - [2025-06-16T22:21:15.955-0300] {dag.py:2941} INFO - Sync 1 DAGs
[2025-06-16T22:21:16.003-0300] {logging_mixin.py:154} INFO - [2025-06-16T22:21:16.002-0300] {dag.py:3722} INFO - Setting next_dagrun for example_setup_teardown_taskflow to 2025-06-16T01:21:16.002407+00:00, run_after=2025-06-17T01:21:16.002407+00:00
[2025-06-16T22:21:16.144-0300] {processor.py:179} INFO - Processing /mnt/c/Users/arcan/Documents/airflow/.venv/lib/python3.10/site-packages/airflow/example_dags/example_setup_teardown_taskflow.py took 0.322 seconds
[2025-06-16T22:22:38.739-0300] {processor.py:157} INFO - Started process (PID=60900) to work on /mnt/c/Users/arcan/Documents/airflow/.venv/lib/python3.10/site-packages/airflow/example_dags/example_setup_teardown_taskflow.py
[2025-06-16T22:22:38.741-0300] {processor.py:829} INFO - Processing file /mnt/c/Users/arcan/Documents/airflow/.venv/lib/python3.10/site-packages/airflow/example_dags/example_setup_teardown_taskflow.py for tasks to queue
[2025-06-16T22:22:38.744-0300] {logging_mixin.py:154} INFO - [2025-06-16T22:22:38.743-0300] {dagbag.py:536} INFO - Filling up the DagBag from /mnt/c/Users/arcan/Documents/airflow/.venv/lib/python3.10/site-packages/airflow/example_dags/example_setup_teardown_taskflow.py
[2025-06-16T22:22:38.794-0300] {processor.py:839} INFO - DAG(s) dict_keys(['example_setup_teardown_taskflow']) retrieved from /mnt/c/Users/arcan/Documents/airflow/.venv/lib/python3.10/site-packages/airflow/example_dags/example_setup_teardown_taskflow.py
[2025-06-16T22:22:38.849-0300] {logging_mixin.py:154} INFO - [2025-06-16T22:22:38.849-0300] {dag.py:2941} INFO - Sync 1 DAGs
[2025-06-16T22:22:38.888-0300] {logging_mixin.py:154} INFO - [2025-06-16T22:22:38.888-0300] {dag.py:3722} INFO - Setting next_dagrun for example_setup_teardown_taskflow to 2025-06-16T01:22:38.887598+00:00, run_after=2025-06-17T01:22:38.887598+00:00
[2025-06-16T22:22:39.021-0300] {processor.py:179} INFO - Processing /mnt/c/Users/arcan/Documents/airflow/.venv/lib/python3.10/site-packages/airflow/example_dags/example_setup_teardown_taskflow.py took 0.288 seconds
[2025-06-16T22:24:01.543-0300] {processor.py:157} INFO - Started process (PID=61258) to work on /mnt/c/Users/arcan/Documents/airflow/.venv/lib/python3.10/site-packages/airflow/example_dags/example_setup_teardown_taskflow.py
[2025-06-16T22:24:01.545-0300] {processor.py:829} INFO - Processing file /mnt/c/Users/arcan/Documents/airflow/.venv/lib/python3.10/site-packages/airflow/example_dags/example_setup_teardown_taskflow.py for tasks to queue
[2025-06-16T22:24:01.548-0300] {logging_mixin.py:154} INFO - [2025-06-16T22:24:01.547-0300] {dagbag.py:536} INFO - Filling up the DagBag from /mnt/c/Users/arcan/Documents/airflow/.venv/lib/python3.10/site-packages/airflow/example_dags/example_setup_teardown_taskflow.py
[2025-06-16T22:24:01.597-0300] {processor.py:839} INFO - DAG(s) dict_keys(['example_setup_teardown_taskflow']) retrieved from /mnt/c/Users/arcan/Documents/airflow/.venv/lib/python3.10/site-packages/airflow/example_dags/example_setup_teardown_taskflow.py
[2025-06-16T22:24:01.661-0300] {logging_mixin.py:154} INFO - [2025-06-16T22:24:01.661-0300] {dag.py:2941} INFO - Sync 1 DAGs
[2025-06-16T22:24:01.706-0300] {logging_mixin.py:154} INFO - [2025-06-16T22:24:01.706-0300] {dag.py:3722} INFO - Setting next_dagrun for example_setup_teardown_taskflow to 2025-06-16T01:24:01.705644+00:00, run_after=2025-06-17T01:24:01.705644+00:00
[2025-06-16T22:24:01.830-0300] {processor.py:179} INFO - Processing /mnt/c/Users/arcan/Documents/airflow/.venv/lib/python3.10/site-packages/airflow/example_dags/example_setup_teardown_taskflow.py took 0.298 seconds
[2025-06-16T22:25:20.840-0300] {processor.py:157} INFO - Started process (PID=61487) to work on /mnt/c/Users/arcan/Documents/airflow/.venv/lib/python3.10/site-packages/airflow/example_dags/example_setup_teardown_taskflow.py
[2025-06-16T22:25:20.844-0300] {processor.py:829} INFO - Processing file /mnt/c/Users/arcan/Documents/airflow/.venv/lib/python3.10/site-packages/airflow/example_dags/example_setup_teardown_taskflow.py for tasks to queue
[2025-06-16T22:25:20.848-0300] {logging_mixin.py:154} INFO - [2025-06-16T22:25:20.847-0300] {dagbag.py:536} INFO - Filling up the DagBag from /mnt/c/Users/arcan/Documents/airflow/.venv/lib/python3.10/site-packages/airflow/example_dags/example_setup_teardown_taskflow.py
[2025-06-16T22:25:20.909-0300] {processor.py:839} INFO - DAG(s) dict_keys(['example_setup_teardown_taskflow']) retrieved from /mnt/c/Users/arcan/Documents/airflow/.venv/lib/python3.10/site-packages/airflow/example_dags/example_setup_teardown_taskflow.py
[2025-06-16T22:25:20.975-0300] {logging_mixin.py:154} INFO - [2025-06-16T22:25:20.975-0300] {dag.py:2941} INFO - Sync 1 DAGs
[2025-06-16T22:25:21.021-0300] {logging_mixin.py:154} INFO - [2025-06-16T22:25:21.020-0300] {dag.py:3722} INFO - Setting next_dagrun for example_setup_teardown_taskflow to 2025-06-16T01:25:21.020429+00:00, run_after=2025-06-17T01:25:21.020429+00:00
[2025-06-16T22:25:21.195-0300] {processor.py:179} INFO - Processing /mnt/c/Users/arcan/Documents/airflow/.venv/lib/python3.10/site-packages/airflow/example_dags/example_setup_teardown_taskflow.py took 0.363 seconds
[2025-06-16T22:26:42.660-0300] {processor.py:157} INFO - Started process (PID=61722) to work on /mnt/c/Users/arcan/Documents/airflow/.venv/lib/python3.10/site-packages/airflow/example_dags/example_setup_teardown_taskflow.py
[2025-06-16T22:26:42.663-0300] {processor.py:829} INFO - Processing file /mnt/c/Users/arcan/Documents/airflow/.venv/lib/python3.10/site-packages/airflow/example_dags/example_setup_teardown_taskflow.py for tasks to queue
[2025-06-16T22:26:42.665-0300] {logging_mixin.py:154} INFO - [2025-06-16T22:26:42.664-0300] {dagbag.py:536} INFO - Filling up the DagBag from /mnt/c/Users/arcan/Documents/airflow/.venv/lib/python3.10/site-packages/airflow/example_dags/example_setup_teardown_taskflow.py
[2025-06-16T22:26:42.718-0300] {processor.py:839} INFO - DAG(s) dict_keys(['example_setup_teardown_taskflow']) retrieved from /mnt/c/Users/arcan/Documents/airflow/.venv/lib/python3.10/site-packages/airflow/example_dags/example_setup_teardown_taskflow.py
[2025-06-16T22:26:42.776-0300] {logging_mixin.py:154} INFO - [2025-06-16T22:26:42.776-0300] {dag.py:2941} INFO - Sync 1 DAGs
[2025-06-16T22:26:42.818-0300] {logging_mixin.py:154} INFO - [2025-06-16T22:26:42.817-0300] {dag.py:3722} INFO - Setting next_dagrun for example_setup_teardown_taskflow to 2025-06-16T01:26:42.817555+00:00, run_after=2025-06-17T01:26:42.817555+00:00
[2025-06-16T22:26:42.990-0300] {processor.py:179} INFO - Processing /mnt/c/Users/arcan/Documents/airflow/.venv/lib/python3.10/site-packages/airflow/example_dags/example_setup_teardown_taskflow.py took 0.337 seconds
[2025-06-16T22:27:57.482-0300] {processor.py:157} INFO - Started process (PID=61936) to work on /mnt/c/Users/arcan/Documents/airflow/.venv/lib/python3.10/site-packages/airflow/example_dags/example_setup_teardown_taskflow.py
[2025-06-16T22:27:57.484-0300] {processor.py:829} INFO - Processing file /mnt/c/Users/arcan/Documents/airflow/.venv/lib/python3.10/site-packages/airflow/example_dags/example_setup_teardown_taskflow.py for tasks to queue
[2025-06-16T22:27:57.487-0300] {logging_mixin.py:154} INFO - [2025-06-16T22:27:57.486-0300] {dagbag.py:536} INFO - Filling up the DagBag from /mnt/c/Users/arcan/Documents/airflow/.venv/lib/python3.10/site-packages/airflow/example_dags/example_setup_teardown_taskflow.py
[2025-06-16T22:27:57.535-0300] {processor.py:839} INFO - DAG(s) dict_keys(['example_setup_teardown_taskflow']) retrieved from /mnt/c/Users/arcan/Documents/airflow/.venv/lib/python3.10/site-packages/airflow/example_dags/example_setup_teardown_taskflow.py
[2025-06-16T22:27:57.592-0300] {logging_mixin.py:154} INFO - [2025-06-16T22:27:57.592-0300] {dag.py:2941} INFO - Sync 1 DAGs
[2025-06-16T22:27:57.636-0300] {logging_mixin.py:154} INFO - [2025-06-16T22:27:57.636-0300] {dag.py:3722} INFO - Setting next_dagrun for example_setup_teardown_taskflow to 2025-06-16T01:27:57.635945+00:00, run_after=2025-06-17T01:27:57.635945+00:00
[2025-06-16T22:27:57.762-0300] {processor.py:179} INFO - Processing /mnt/c/Users/arcan/Documents/airflow/.venv/lib/python3.10/site-packages/airflow/example_dags/example_setup_teardown_taskflow.py took 0.286 seconds
[2025-06-16T22:29:16.645-0300] {processor.py:157} INFO - Started process (PID=62162) to work on /mnt/c/Users/arcan/Documents/airflow/.venv/lib/python3.10/site-packages/airflow/example_dags/example_setup_teardown_taskflow.py
[2025-06-16T22:29:16.648-0300] {processor.py:829} INFO - Processing file /mnt/c/Users/arcan/Documents/airflow/.venv/lib/python3.10/site-packages/airflow/example_dags/example_setup_teardown_taskflow.py for tasks to queue
[2025-06-16T22:29:16.650-0300] {logging_mixin.py:154} INFO - [2025-06-16T22:29:16.649-0300] {dagbag.py:536} INFO - Filling up the DagBag from /mnt/c/Users/arcan/Documents/airflow/.venv/lib/python3.10/site-packages/airflow/example_dags/example_setup_teardown_taskflow.py
[2025-06-16T22:29:16.705-0300] {processor.py:839} INFO - DAG(s) dict_keys(['example_setup_teardown_taskflow']) retrieved from /mnt/c/Users/arcan/Documents/airflow/.venv/lib/python3.10/site-packages/airflow/example_dags/example_setup_teardown_taskflow.py
[2025-06-16T22:29:16.762-0300] {logging_mixin.py:154} INFO - [2025-06-16T22:29:16.761-0300] {dag.py:2941} INFO - Sync 1 DAGs
[2025-06-16T22:29:16.799-0300] {logging_mixin.py:154} INFO - [2025-06-16T22:29:16.799-0300] {dag.py:3722} INFO - Setting next_dagrun for example_setup_teardown_taskflow to 2025-06-16T01:29:16.798912+00:00, run_after=2025-06-17T01:29:16.798912+00:00
[2025-06-16T22:29:16.948-0300] {processor.py:179} INFO - Processing /mnt/c/Users/arcan/Documents/airflow/.venv/lib/python3.10/site-packages/airflow/example_dags/example_setup_teardown_taskflow.py took 0.312 seconds
[2025-06-16T22:30:33.980-0300] {processor.py:157} INFO - Started process (PID=62388) to work on /mnt/c/Users/arcan/Documents/airflow/.venv/lib/python3.10/site-packages/airflow/example_dags/example_setup_teardown_taskflow.py
[2025-06-16T22:30:33.982-0300] {processor.py:829} INFO - Processing file /mnt/c/Users/arcan/Documents/airflow/.venv/lib/python3.10/site-packages/airflow/example_dags/example_setup_teardown_taskflow.py for tasks to queue
[2025-06-16T22:30:33.985-0300] {logging_mixin.py:154} INFO - [2025-06-16T22:30:33.984-0300] {dagbag.py:536} INFO - Filling up the DagBag from /mnt/c/Users/arcan/Documents/airflow/.venv/lib/python3.10/site-packages/airflow/example_dags/example_setup_teardown_taskflow.py
[2025-06-16T22:30:34.046-0300] {processor.py:839} INFO - DAG(s) dict_keys(['example_setup_teardown_taskflow']) retrieved from /mnt/c/Users/arcan/Documents/airflow/.venv/lib/python3.10/site-packages/airflow/example_dags/example_setup_teardown_taskflow.py
[2025-06-16T22:30:34.116-0300] {logging_mixin.py:154} INFO - [2025-06-16T22:30:34.116-0300] {dag.py:2941} INFO - Sync 1 DAGs
[2025-06-16T22:30:34.169-0300] {logging_mixin.py:154} INFO - [2025-06-16T22:30:34.169-0300] {dag.py:3722} INFO - Setting next_dagrun for example_setup_teardown_taskflow to 2025-06-16T01:30:34.168995+00:00, run_after=2025-06-17T01:30:34.168995+00:00
[2025-06-16T22:30:34.342-0300] {processor.py:179} INFO - Processing /mnt/c/Users/arcan/Documents/airflow/.venv/lib/python3.10/site-packages/airflow/example_dags/example_setup_teardown_taskflow.py took 0.368 seconds
[2025-06-16T22:32:09.259-0300] {processor.py:157} INFO - Started process (PID=62740) to work on /mnt/c/Users/arcan/Documents/airflow/.venv/lib/python3.10/site-packages/airflow/example_dags/example_setup_teardown_taskflow.py
[2025-06-16T22:32:09.261-0300] {processor.py:829} INFO - Processing file /mnt/c/Users/arcan/Documents/airflow/.venv/lib/python3.10/site-packages/airflow/example_dags/example_setup_teardown_taskflow.py for tasks to queue
[2025-06-16T22:32:09.264-0300] {logging_mixin.py:154} INFO - [2025-06-16T22:32:09.263-0300] {dagbag.py:536} INFO - Filling up the DagBag from /mnt/c/Users/arcan/Documents/airflow/.venv/lib/python3.10/site-packages/airflow/example_dags/example_setup_teardown_taskflow.py
[2025-06-16T22:32:09.316-0300] {processor.py:839} INFO - DAG(s) dict_keys(['example_setup_teardown_taskflow']) retrieved from /mnt/c/Users/arcan/Documents/airflow/.venv/lib/python3.10/site-packages/airflow/example_dags/example_setup_teardown_taskflow.py
[2025-06-16T22:32:09.384-0300] {logging_mixin.py:154} INFO - [2025-06-16T22:32:09.383-0300] {dag.py:2941} INFO - Sync 1 DAGs
[2025-06-16T22:32:09.421-0300] {logging_mixin.py:154} INFO - [2025-06-16T22:32:09.421-0300] {dag.py:3722} INFO - Setting next_dagrun for example_setup_teardown_taskflow to 2025-06-16T01:32:09.421083+00:00, run_after=2025-06-17T01:32:09.421083+00:00
[2025-06-16T22:32:09.577-0300] {processor.py:179} INFO - Processing /mnt/c/Users/arcan/Documents/airflow/.venv/lib/python3.10/site-packages/airflow/example_dags/example_setup_teardown_taskflow.py took 0.324 seconds
[2025-06-17T20:50:43.481-0300] {processor.py:157} INFO - Started process (PID=63658) to work on /mnt/c/Users/arcan/Documents/airflow/.venv/lib/python3.10/site-packages/airflow/example_dags/example_setup_teardown_taskflow.py
[2025-06-17T20:50:43.485-0300] {processor.py:829} INFO - Processing file /mnt/c/Users/arcan/Documents/airflow/.venv/lib/python3.10/site-packages/airflow/example_dags/example_setup_teardown_taskflow.py for tasks to queue
[2025-06-17T20:50:43.487-0300] {logging_mixin.py:154} INFO - [2025-06-17T20:50:43.487-0300] {dagbag.py:536} INFO - Filling up the DagBag from /mnt/c/Users/arcan/Documents/airflow/.venv/lib/python3.10/site-packages/airflow/example_dags/example_setup_teardown_taskflow.py
[2025-06-17T20:50:43.543-0300] {processor.py:839} INFO - DAG(s) dict_keys(['example_setup_teardown_taskflow']) retrieved from /mnt/c/Users/arcan/Documents/airflow/.venv/lib/python3.10/site-packages/airflow/example_dags/example_setup_teardown_taskflow.py
[2025-06-17T20:50:43.629-0300] {logging_mixin.py:154} INFO - [2025-06-17T20:50:43.628-0300] {dag.py:2941} INFO - Sync 1 DAGs
[2025-06-17T20:50:43.685-0300] {logging_mixin.py:154} INFO - [2025-06-17T20:50:43.684-0300] {dag.py:3722} INFO - Setting next_dagrun for example_setup_teardown_taskflow to 2025-06-16T23:50:43.684277+00:00, run_after=2025-06-17T23:50:43.684277+00:00
[2025-06-17T20:50:43.817-0300] {processor.py:179} INFO - Processing /mnt/c/Users/arcan/Documents/airflow/.venv/lib/python3.10/site-packages/airflow/example_dags/example_setup_teardown_taskflow.py took 0.343 seconds
[2025-06-17T20:51:58.242-0300] {processor.py:157} INFO - Started process (PID=63800) to work on /mnt/c/Users/arcan/Documents/airflow/.venv/lib/python3.10/site-packages/airflow/example_dags/example_setup_teardown_taskflow.py
[2025-06-17T20:51:58.244-0300] {processor.py:829} INFO - Processing file /mnt/c/Users/arcan/Documents/airflow/.venv/lib/python3.10/site-packages/airflow/example_dags/example_setup_teardown_taskflow.py for tasks to queue
[2025-06-17T20:51:58.246-0300] {logging_mixin.py:154} INFO - [2025-06-17T20:51:58.245-0300] {dagbag.py:536} INFO - Filling up the DagBag from /mnt/c/Users/arcan/Documents/airflow/.venv/lib/python3.10/site-packages/airflow/example_dags/example_setup_teardown_taskflow.py
[2025-06-17T20:51:58.300-0300] {processor.py:839} INFO - DAG(s) dict_keys(['example_setup_teardown_taskflow']) retrieved from /mnt/c/Users/arcan/Documents/airflow/.venv/lib/python3.10/site-packages/airflow/example_dags/example_setup_teardown_taskflow.py
[2025-06-17T20:51:58.353-0300] {logging_mixin.py:154} INFO - [2025-06-17T20:51:58.352-0300] {dag.py:2941} INFO - Sync 1 DAGs
[2025-06-17T20:51:58.394-0300] {logging_mixin.py:154} INFO - [2025-06-17T20:51:58.394-0300] {dag.py:3722} INFO - Setting next_dagrun for example_setup_teardown_taskflow to 2025-06-16T23:51:58.393733+00:00, run_after=2025-06-17T23:51:58.393733+00:00
[2025-06-17T20:51:58.525-0300] {processor.py:179} INFO - Processing /mnt/c/Users/arcan/Documents/airflow/.venv/lib/python3.10/site-packages/airflow/example_dags/example_setup_teardown_taskflow.py took 0.288 seconds
[2025-06-17T20:53:19.712-0300] {processor.py:157} INFO - Started process (PID=64027) to work on /mnt/c/Users/arcan/Documents/airflow/.venv/lib/python3.10/site-packages/airflow/example_dags/example_setup_teardown_taskflow.py
[2025-06-17T20:53:19.715-0300] {processor.py:829} INFO - Processing file /mnt/c/Users/arcan/Documents/airflow/.venv/lib/python3.10/site-packages/airflow/example_dags/example_setup_teardown_taskflow.py for tasks to queue
[2025-06-17T20:53:19.717-0300] {logging_mixin.py:154} INFO - [2025-06-17T20:53:19.716-0300] {dagbag.py:536} INFO - Filling up the DagBag from /mnt/c/Users/arcan/Documents/airflow/.venv/lib/python3.10/site-packages/airflow/example_dags/example_setup_teardown_taskflow.py
[2025-06-17T20:53:19.762-0300] {processor.py:839} INFO - DAG(s) dict_keys(['example_setup_teardown_taskflow']) retrieved from /mnt/c/Users/arcan/Documents/airflow/.venv/lib/python3.10/site-packages/airflow/example_dags/example_setup_teardown_taskflow.py
[2025-06-17T20:53:19.813-0300] {logging_mixin.py:154} INFO - [2025-06-17T20:53:19.812-0300] {dag.py:2941} INFO - Sync 1 DAGs
[2025-06-17T20:53:19.854-0300] {logging_mixin.py:154} INFO - [2025-06-17T20:53:19.853-0300] {dag.py:3722} INFO - Setting next_dagrun for example_setup_teardown_taskflow to 2025-06-16T23:53:19.853611+00:00, run_after=2025-06-17T23:53:19.853611+00:00
[2025-06-17T20:53:19.972-0300] {processor.py:179} INFO - Processing /mnt/c/Users/arcan/Documents/airflow/.venv/lib/python3.10/site-packages/airflow/example_dags/example_setup_teardown_taskflow.py took 0.267 seconds
[2025-06-17T20:54:33.031-0300] {processor.py:157} INFO - Started process (PID=64360) to work on /mnt/c/Users/arcan/Documents/airflow/.venv/lib/python3.10/site-packages/airflow/example_dags/example_setup_teardown_taskflow.py
[2025-06-17T20:54:33.034-0300] {processor.py:829} INFO - Processing file /mnt/c/Users/arcan/Documents/airflow/.venv/lib/python3.10/site-packages/airflow/example_dags/example_setup_teardown_taskflow.py for tasks to queue
[2025-06-17T20:54:33.035-0300] {logging_mixin.py:154} INFO - [2025-06-17T20:54:33.035-0300] {dagbag.py:536} INFO - Filling up the DagBag from /mnt/c/Users/arcan/Documents/airflow/.venv/lib/python3.10/site-packages/airflow/example_dags/example_setup_teardown_taskflow.py
[2025-06-17T20:54:33.081-0300] {processor.py:839} INFO - DAG(s) dict_keys(['example_setup_teardown_taskflow']) retrieved from /mnt/c/Users/arcan/Documents/airflow/.venv/lib/python3.10/site-packages/airflow/example_dags/example_setup_teardown_taskflow.py
[2025-06-17T20:54:33.138-0300] {logging_mixin.py:154} INFO - [2025-06-17T20:54:33.137-0300] {dag.py:2941} INFO - Sync 1 DAGs
[2025-06-17T20:54:33.183-0300] {logging_mixin.py:154} INFO - [2025-06-17T20:54:33.183-0300] {dag.py:3722} INFO - Setting next_dagrun for example_setup_teardown_taskflow to 2025-06-16T23:54:33.182778+00:00, run_after=2025-06-17T23:54:33.182778+00:00
[2025-06-17T20:54:33.301-0300] {processor.py:179} INFO - Processing /mnt/c/Users/arcan/Documents/airflow/.venv/lib/python3.10/site-packages/airflow/example_dags/example_setup_teardown_taskflow.py took 0.275 seconds
[2025-06-17T20:55:42.491-0300] {processor.py:157} INFO - Started process (PID=64561) to work on /mnt/c/Users/arcan/Documents/airflow/.venv/lib/python3.10/site-packages/airflow/example_dags/example_setup_teardown_taskflow.py
[2025-06-17T20:55:42.493-0300] {processor.py:829} INFO - Processing file /mnt/c/Users/arcan/Documents/airflow/.venv/lib/python3.10/site-packages/airflow/example_dags/example_setup_teardown_taskflow.py for tasks to queue
[2025-06-17T20:55:42.495-0300] {logging_mixin.py:154} INFO - [2025-06-17T20:55:42.494-0300] {dagbag.py:536} INFO - Filling up the DagBag from /mnt/c/Users/arcan/Documents/airflow/.venv/lib/python3.10/site-packages/airflow/example_dags/example_setup_teardown_taskflow.py
[2025-06-17T20:55:42.530-0300] {processor.py:839} INFO - DAG(s) dict_keys(['example_setup_teardown_taskflow']) retrieved from /mnt/c/Users/arcan/Documents/airflow/.venv/lib/python3.10/site-packages/airflow/example_dags/example_setup_teardown_taskflow.py
[2025-06-17T20:55:42.576-0300] {logging_mixin.py:154} INFO - [2025-06-17T20:55:42.576-0300] {dag.py:2941} INFO - Sync 1 DAGs
[2025-06-17T20:55:42.609-0300] {logging_mixin.py:154} INFO - [2025-06-17T20:55:42.609-0300] {dag.py:3722} INFO - Setting next_dagrun for example_setup_teardown_taskflow to 2025-06-16T23:55:42.609364+00:00, run_after=2025-06-17T23:55:42.609364+00:00
[2025-06-17T20:55:42.729-0300] {processor.py:179} INFO - Processing /mnt/c/Users/arcan/Documents/airflow/.venv/lib/python3.10/site-packages/airflow/example_dags/example_setup_teardown_taskflow.py took 0.243 seconds
