[2025-06-16T22:04:04.923-0300] {processor.py:157} INFO - Started process (PID=57335) to work on /mnt/c/Users/arcan/Documents/airflow/.venv/lib/python3.10/site-packages/airflow/example_dags/example_dynamic_task_mapping_with_no_taskflow_operators.py
[2025-06-16T22:04:04.925-0300] {processor.py:829} INFO - Processing file /mnt/c/Users/arcan/Documents/airflow/.venv/lib/python3.10/site-packages/airflow/example_dags/example_dynamic_task_mapping_with_no_taskflow_operators.py for tasks to queue
[2025-06-16T22:04:04.927-0300] {logging_mixin.py:154} INFO - [2025-06-16T22:04:04.927-0300] {dagbag.py:536} INFO - Filling up the DagBag from /mnt/c/Users/arcan/Documents/airflow/.venv/lib/python3.10/site-packages/airflow/example_dags/example_dynamic_task_mapping_with_no_taskflow_operators.py
[2025-06-16T22:04:04.961-0300] {processor.py:839} INFO - DAG(s) dict_keys(['example_dynamic_task_mapping_with_no_taskflow_operators']) retrieved from /mnt/c/Users/arcan/Documents/airflow/.venv/lib/python3.10/site-packages/airflow/example_dags/example_dynamic_task_mapping_with_no_taskflow_operators.py
[2025-06-16T22:04:05.002-0300] {logging_mixin.py:154} INFO - [2025-06-16T22:04:05.002-0300] {dag.py:2941} INFO - Sync 1 DAGs
[2025-06-16T22:04:05.032-0300] {logging_mixin.py:154} INFO - [2025-06-16T22:04:05.032-0300] {dag.py:3722} INFO - Setting next_dagrun for example_dynamic_task_mapping_with_no_taskflow_operators to 2025-06-16T01:04:05.032440+00:00, run_after=2025-06-17T01:04:05.032440+00:00
[2025-06-16T22:04:05.133-0300] {processor.py:179} INFO - Processing /mnt/c/Users/arcan/Documents/airflow/.venv/lib/python3.10/site-packages/airflow/example_dags/example_dynamic_task_mapping_with_no_taskflow_operators.py took 0.214 seconds
[2025-06-16T22:05:17.902-0300] {processor.py:157} INFO - Started process (PID=57583) to work on /mnt/c/Users/arcan/Documents/airflow/.venv/lib/python3.10/site-packages/airflow/example_dags/example_dynamic_task_mapping_with_no_taskflow_operators.py
[2025-06-16T22:05:17.905-0300] {processor.py:829} INFO - Processing file /mnt/c/Users/arcan/Documents/airflow/.venv/lib/python3.10/site-packages/airflow/example_dags/example_dynamic_task_mapping_with_no_taskflow_operators.py for tasks to queue
[2025-06-16T22:05:17.907-0300] {logging_mixin.py:154} INFO - [2025-06-16T22:05:17.906-0300] {dagbag.py:536} INFO - Filling up the DagBag from /mnt/c/Users/arcan/Documents/airflow/.venv/lib/python3.10/site-packages/airflow/example_dags/example_dynamic_task_mapping_with_no_taskflow_operators.py
[2025-06-16T22:05:17.961-0300] {processor.py:839} INFO - DAG(s) dict_keys(['example_dynamic_task_mapping_with_no_taskflow_operators']) retrieved from /mnt/c/Users/arcan/Documents/airflow/.venv/lib/python3.10/site-packages/airflow/example_dags/example_dynamic_task_mapping_with_no_taskflow_operators.py
[2025-06-16T22:05:18.040-0300] {logging_mixin.py:154} INFO - [2025-06-16T22:05:18.039-0300] {dag.py:2941} INFO - Sync 1 DAGs
[2025-06-16T22:05:18.112-0300] {logging_mixin.py:154} INFO - [2025-06-16T22:05:18.111-0300] {dag.py:3722} INFO - Setting next_dagrun for example_dynamic_task_mapping_with_no_taskflow_operators to 2025-06-16T01:05:18.111004+00:00, run_after=2025-06-17T01:05:18.111004+00:00
[2025-06-16T22:05:18.262-0300] {processor.py:179} INFO - Processing /mnt/c/Users/arcan/Documents/airflow/.venv/lib/python3.10/site-packages/airflow/example_dags/example_dynamic_task_mapping_with_no_taskflow_operators.py took 0.369 seconds
[2025-06-16T22:06:30.480-0300] {processor.py:157} INFO - Started process (PID=57796) to work on /mnt/c/Users/arcan/Documents/airflow/.venv/lib/python3.10/site-packages/airflow/example_dags/example_dynamic_task_mapping_with_no_taskflow_operators.py
[2025-06-16T22:06:30.482-0300] {processor.py:829} INFO - Processing file /mnt/c/Users/arcan/Documents/airflow/.venv/lib/python3.10/site-packages/airflow/example_dags/example_dynamic_task_mapping_with_no_taskflow_operators.py for tasks to queue
[2025-06-16T22:06:30.484-0300] {logging_mixin.py:154} INFO - [2025-06-16T22:06:30.484-0300] {dagbag.py:536} INFO - Filling up the DagBag from /mnt/c/Users/arcan/Documents/airflow/.venv/lib/python3.10/site-packages/airflow/example_dags/example_dynamic_task_mapping_with_no_taskflow_operators.py
[2025-06-16T22:06:30.521-0300] {processor.py:839} INFO - DAG(s) dict_keys(['example_dynamic_task_mapping_with_no_taskflow_operators']) retrieved from /mnt/c/Users/arcan/Documents/airflow/.venv/lib/python3.10/site-packages/airflow/example_dags/example_dynamic_task_mapping_with_no_taskflow_operators.py
[2025-06-16T22:06:30.562-0300] {logging_mixin.py:154} INFO - [2025-06-16T22:06:30.561-0300] {dag.py:2941} INFO - Sync 1 DAGs
[2025-06-16T22:06:30.594-0300] {logging_mixin.py:154} INFO - [2025-06-16T22:06:30.593-0300] {dag.py:3722} INFO - Setting next_dagrun for example_dynamic_task_mapping_with_no_taskflow_operators to 2025-06-16T01:06:30.593486+00:00, run_after=2025-06-17T01:06:30.593486+00:00
[2025-06-16T22:06:30.690-0300] {processor.py:179} INFO - Processing /mnt/c/Users/arcan/Documents/airflow/.venv/lib/python3.10/site-packages/airflow/example_dags/example_dynamic_task_mapping_with_no_taskflow_operators.py took 0.214 seconds
[2025-06-16T22:07:41.856-0300] {processor.py:157} INFO - Started process (PID=58001) to work on /mnt/c/Users/arcan/Documents/airflow/.venv/lib/python3.10/site-packages/airflow/example_dags/example_dynamic_task_mapping_with_no_taskflow_operators.py
[2025-06-16T22:07:41.857-0300] {processor.py:829} INFO - Processing file /mnt/c/Users/arcan/Documents/airflow/.venv/lib/python3.10/site-packages/airflow/example_dags/example_dynamic_task_mapping_with_no_taskflow_operators.py for tasks to queue
[2025-06-16T22:07:41.860-0300] {logging_mixin.py:154} INFO - [2025-06-16T22:07:41.859-0300] {dagbag.py:536} INFO - Filling up the DagBag from /mnt/c/Users/arcan/Documents/airflow/.venv/lib/python3.10/site-packages/airflow/example_dags/example_dynamic_task_mapping_with_no_taskflow_operators.py
[2025-06-16T22:07:41.899-0300] {processor.py:839} INFO - DAG(s) dict_keys(['example_dynamic_task_mapping_with_no_taskflow_operators']) retrieved from /mnt/c/Users/arcan/Documents/airflow/.venv/lib/python3.10/site-packages/airflow/example_dags/example_dynamic_task_mapping_with_no_taskflow_operators.py
[2025-06-16T22:07:41.953-0300] {logging_mixin.py:154} INFO - [2025-06-16T22:07:41.952-0300] {dag.py:2941} INFO - Sync 1 DAGs
[2025-06-16T22:07:41.986-0300] {logging_mixin.py:154} INFO - [2025-06-16T22:07:41.986-0300] {dag.py:3722} INFO - Setting next_dagrun for example_dynamic_task_mapping_with_no_taskflow_operators to 2025-06-16T01:07:41.986306+00:00, run_after=2025-06-17T01:07:41.986306+00:00
[2025-06-16T22:07:42.091-0300] {processor.py:179} INFO - Processing /mnt/c/Users/arcan/Documents/airflow/.venv/lib/python3.10/site-packages/airflow/example_dags/example_dynamic_task_mapping_with_no_taskflow_operators.py took 0.241 seconds
[2025-06-16T22:08:55.895-0300] {processor.py:157} INFO - Started process (PID=58343) to work on /mnt/c/Users/arcan/Documents/airflow/.venv/lib/python3.10/site-packages/airflow/example_dags/example_dynamic_task_mapping_with_no_taskflow_operators.py
[2025-06-16T22:08:55.897-0300] {processor.py:829} INFO - Processing file /mnt/c/Users/arcan/Documents/airflow/.venv/lib/python3.10/site-packages/airflow/example_dags/example_dynamic_task_mapping_with_no_taskflow_operators.py for tasks to queue
[2025-06-16T22:08:55.899-0300] {logging_mixin.py:154} INFO - [2025-06-16T22:08:55.898-0300] {dagbag.py:536} INFO - Filling up the DagBag from /mnt/c/Users/arcan/Documents/airflow/.venv/lib/python3.10/site-packages/airflow/example_dags/example_dynamic_task_mapping_with_no_taskflow_operators.py
[2025-06-16T22:08:55.931-0300] {processor.py:839} INFO - DAG(s) dict_keys(['example_dynamic_task_mapping_with_no_taskflow_operators']) retrieved from /mnt/c/Users/arcan/Documents/airflow/.venv/lib/python3.10/site-packages/airflow/example_dags/example_dynamic_task_mapping_with_no_taskflow_operators.py
[2025-06-16T22:08:55.984-0300] {logging_mixin.py:154} INFO - [2025-06-16T22:08:55.984-0300] {dag.py:2941} INFO - Sync 1 DAGs
[2025-06-16T22:08:56.016-0300] {logging_mixin.py:154} INFO - [2025-06-16T22:08:56.016-0300] {dag.py:3722} INFO - Setting next_dagrun for example_dynamic_task_mapping_with_no_taskflow_operators to 2025-06-16T01:08:56.015862+00:00, run_after=2025-06-17T01:08:56.015862+00:00
[2025-06-16T22:08:56.100-0300] {processor.py:179} INFO - Processing /mnt/c/Users/arcan/Documents/airflow/.venv/lib/python3.10/site-packages/airflow/example_dags/example_dynamic_task_mapping_with_no_taskflow_operators.py took 0.211 seconds
[2025-06-16T22:10:00.769-0300] {processor.py:157} INFO - Started process (PID=58537) to work on /mnt/c/Users/arcan/Documents/airflow/.venv/lib/python3.10/site-packages/airflow/example_dags/example_dynamic_task_mapping_with_no_taskflow_operators.py
[2025-06-16T22:10:00.772-0300] {processor.py:829} INFO - Processing file /mnt/c/Users/arcan/Documents/airflow/.venv/lib/python3.10/site-packages/airflow/example_dags/example_dynamic_task_mapping_with_no_taskflow_operators.py for tasks to queue
[2025-06-16T22:10:00.774-0300] {logging_mixin.py:154} INFO - [2025-06-16T22:10:00.773-0300] {dagbag.py:536} INFO - Filling up the DagBag from /mnt/c/Users/arcan/Documents/airflow/.venv/lib/python3.10/site-packages/airflow/example_dags/example_dynamic_task_mapping_with_no_taskflow_operators.py
[2025-06-16T22:10:00.804-0300] {processor.py:839} INFO - DAG(s) dict_keys(['example_dynamic_task_mapping_with_no_taskflow_operators']) retrieved from /mnt/c/Users/arcan/Documents/airflow/.venv/lib/python3.10/site-packages/airflow/example_dags/example_dynamic_task_mapping_with_no_taskflow_operators.py
[2025-06-16T22:10:00.846-0300] {logging_mixin.py:154} INFO - [2025-06-16T22:10:00.846-0300] {dag.py:2941} INFO - Sync 1 DAGs
[2025-06-16T22:10:00.882-0300] {logging_mixin.py:154} INFO - [2025-06-16T22:10:00.882-0300] {dag.py:3722} INFO - Setting next_dagrun for example_dynamic_task_mapping_with_no_taskflow_operators to 2025-06-16T01:10:00.882022+00:00, run_after=2025-06-17T01:10:00.882022+00:00
[2025-06-16T22:10:00.977-0300] {processor.py:179} INFO - Processing /mnt/c/Users/arcan/Documents/airflow/.venv/lib/python3.10/site-packages/airflow/example_dags/example_dynamic_task_mapping_with_no_taskflow_operators.py took 0.213 seconds
[2025-06-16T22:11:05.251-0300] {processor.py:157} INFO - Started process (PID=58734) to work on /mnt/c/Users/arcan/Documents/airflow/.venv/lib/python3.10/site-packages/airflow/example_dags/example_dynamic_task_mapping_with_no_taskflow_operators.py
[2025-06-16T22:11:05.253-0300] {processor.py:829} INFO - Processing file /mnt/c/Users/arcan/Documents/airflow/.venv/lib/python3.10/site-packages/airflow/example_dags/example_dynamic_task_mapping_with_no_taskflow_operators.py for tasks to queue
[2025-06-16T22:11:05.255-0300] {logging_mixin.py:154} INFO - [2025-06-16T22:11:05.254-0300] {dagbag.py:536} INFO - Filling up the DagBag from /mnt/c/Users/arcan/Documents/airflow/.venv/lib/python3.10/site-packages/airflow/example_dags/example_dynamic_task_mapping_with_no_taskflow_operators.py
[2025-06-16T22:11:05.286-0300] {processor.py:839} INFO - DAG(s) dict_keys(['example_dynamic_task_mapping_with_no_taskflow_operators']) retrieved from /mnt/c/Users/arcan/Documents/airflow/.venv/lib/python3.10/site-packages/airflow/example_dags/example_dynamic_task_mapping_with_no_taskflow_operators.py
[2025-06-16T22:11:05.326-0300] {logging_mixin.py:154} INFO - [2025-06-16T22:11:05.326-0300] {dag.py:2941} INFO - Sync 1 DAGs
[2025-06-16T22:11:05.356-0300] {logging_mixin.py:154} INFO - [2025-06-16T22:11:05.356-0300] {dag.py:3722} INFO - Setting next_dagrun for example_dynamic_task_mapping_with_no_taskflow_operators to 2025-06-16T01:11:05.355849+00:00, run_after=2025-06-17T01:11:05.355849+00:00
[2025-06-16T22:11:05.478-0300] {processor.py:179} INFO - Processing /mnt/c/Users/arcan/Documents/airflow/.venv/lib/python3.10/site-packages/airflow/example_dags/example_dynamic_task_mapping_with_no_taskflow_operators.py took 0.231 seconds
[2025-06-16T22:12:04.362-0300] {processor.py:157} INFO - Started process (PID=58912) to work on /mnt/c/Users/arcan/Documents/airflow/.venv/lib/python3.10/site-packages/airflow/example_dags/example_dynamic_task_mapping_with_no_taskflow_operators.py
[2025-06-16T22:12:04.364-0300] {processor.py:829} INFO - Processing file /mnt/c/Users/arcan/Documents/airflow/.venv/lib/python3.10/site-packages/airflow/example_dags/example_dynamic_task_mapping_with_no_taskflow_operators.py for tasks to queue
[2025-06-16T22:12:04.366-0300] {logging_mixin.py:154} INFO - [2025-06-16T22:12:04.366-0300] {dagbag.py:536} INFO - Filling up the DagBag from /mnt/c/Users/arcan/Documents/airflow/.venv/lib/python3.10/site-packages/airflow/example_dags/example_dynamic_task_mapping_with_no_taskflow_operators.py
[2025-06-16T22:12:04.399-0300] {processor.py:839} INFO - DAG(s) dict_keys(['example_dynamic_task_mapping_with_no_taskflow_operators']) retrieved from /mnt/c/Users/arcan/Documents/airflow/.venv/lib/python3.10/site-packages/airflow/example_dags/example_dynamic_task_mapping_with_no_taskflow_operators.py
[2025-06-16T22:12:04.441-0300] {logging_mixin.py:154} INFO - [2025-06-16T22:12:04.440-0300] {dag.py:2941} INFO - Sync 1 DAGs
[2025-06-16T22:12:04.472-0300] {logging_mixin.py:154} INFO - [2025-06-16T22:12:04.472-0300] {dag.py:3722} INFO - Setting next_dagrun for example_dynamic_task_mapping_with_no_taskflow_operators to 2025-06-16T01:12:04.471967+00:00, run_after=2025-06-17T01:12:04.471967+00:00
[2025-06-16T22:12:04.583-0300] {processor.py:179} INFO - Processing /mnt/c/Users/arcan/Documents/airflow/.venv/lib/python3.10/site-packages/airflow/example_dags/example_dynamic_task_mapping_with_no_taskflow_operators.py took 0.225 seconds
[2025-06-16T22:13:03.568-0300] {processor.py:157} INFO - Started process (PID=59092) to work on /mnt/c/Users/arcan/Documents/airflow/.venv/lib/python3.10/site-packages/airflow/example_dags/example_dynamic_task_mapping_with_no_taskflow_operators.py
[2025-06-16T22:13:03.571-0300] {processor.py:829} INFO - Processing file /mnt/c/Users/arcan/Documents/airflow/.venv/lib/python3.10/site-packages/airflow/example_dags/example_dynamic_task_mapping_with_no_taskflow_operators.py for tasks to queue
[2025-06-16T22:13:03.573-0300] {logging_mixin.py:154} INFO - [2025-06-16T22:13:03.572-0300] {dagbag.py:536} INFO - Filling up the DagBag from /mnt/c/Users/arcan/Documents/airflow/.venv/lib/python3.10/site-packages/airflow/example_dags/example_dynamic_task_mapping_with_no_taskflow_operators.py
[2025-06-16T22:13:03.610-0300] {processor.py:839} INFO - DAG(s) dict_keys(['example_dynamic_task_mapping_with_no_taskflow_operators']) retrieved from /mnt/c/Users/arcan/Documents/airflow/.venv/lib/python3.10/site-packages/airflow/example_dags/example_dynamic_task_mapping_with_no_taskflow_operators.py
[2025-06-16T22:13:03.669-0300] {logging_mixin.py:154} INFO - [2025-06-16T22:13:03.669-0300] {dag.py:2941} INFO - Sync 1 DAGs
[2025-06-16T22:13:03.736-0300] {logging_mixin.py:154} INFO - [2025-06-16T22:13:03.735-0300] {dag.py:3722} INFO - Setting next_dagrun for example_dynamic_task_mapping_with_no_taskflow_operators to 2025-06-16T01:13:03.735387+00:00, run_after=2025-06-17T01:13:03.735387+00:00
[2025-06-16T22:13:03.855-0300] {processor.py:179} INFO - Processing /mnt/c/Users/arcan/Documents/airflow/.venv/lib/python3.10/site-packages/airflow/example_dags/example_dynamic_task_mapping_with_no_taskflow_operators.py took 0.292 seconds
[2025-06-16T22:14:10.799-0300] {processor.py:157} INFO - Started process (PID=59290) to work on /mnt/c/Users/arcan/Documents/airflow/.venv/lib/python3.10/site-packages/airflow/example_dags/example_dynamic_task_mapping_with_no_taskflow_operators.py
[2025-06-16T22:14:10.801-0300] {processor.py:829} INFO - Processing file /mnt/c/Users/arcan/Documents/airflow/.venv/lib/python3.10/site-packages/airflow/example_dags/example_dynamic_task_mapping_with_no_taskflow_operators.py for tasks to queue
[2025-06-16T22:14:10.802-0300] {logging_mixin.py:154} INFO - [2025-06-16T22:14:10.802-0300] {dagbag.py:536} INFO - Filling up the DagBag from /mnt/c/Users/arcan/Documents/airflow/.venv/lib/python3.10/site-packages/airflow/example_dags/example_dynamic_task_mapping_with_no_taskflow_operators.py
[2025-06-16T22:14:10.834-0300] {processor.py:839} INFO - DAG(s) dict_keys(['example_dynamic_task_mapping_with_no_taskflow_operators']) retrieved from /mnt/c/Users/arcan/Documents/airflow/.venv/lib/python3.10/site-packages/airflow/example_dags/example_dynamic_task_mapping_with_no_taskflow_operators.py
[2025-06-16T22:14:10.878-0300] {logging_mixin.py:154} INFO - [2025-06-16T22:14:10.878-0300] {dag.py:2941} INFO - Sync 1 DAGs
[2025-06-16T22:14:10.911-0300] {logging_mixin.py:154} INFO - [2025-06-16T22:14:10.911-0300] {dag.py:3722} INFO - Setting next_dagrun for example_dynamic_task_mapping_with_no_taskflow_operators to 2025-06-16T01:14:10.911118+00:00, run_after=2025-06-17T01:14:10.911118+00:00
[2025-06-16T22:14:11.000-0300] {processor.py:179} INFO - Processing /mnt/c/Users/arcan/Documents/airflow/.venv/lib/python3.10/site-packages/airflow/example_dags/example_dynamic_task_mapping_with_no_taskflow_operators.py took 0.206 seconds
[2025-06-16T22:15:19.498-0300] {processor.py:157} INFO - Started process (PID=59496) to work on /mnt/c/Users/arcan/Documents/airflow/.venv/lib/python3.10/site-packages/airflow/example_dags/example_dynamic_task_mapping_with_no_taskflow_operators.py
[2025-06-16T22:15:19.500-0300] {processor.py:829} INFO - Processing file /mnt/c/Users/arcan/Documents/airflow/.venv/lib/python3.10/site-packages/airflow/example_dags/example_dynamic_task_mapping_with_no_taskflow_operators.py for tasks to queue
[2025-06-16T22:15:19.502-0300] {logging_mixin.py:154} INFO - [2025-06-16T22:15:19.501-0300] {dagbag.py:536} INFO - Filling up the DagBag from /mnt/c/Users/arcan/Documents/airflow/.venv/lib/python3.10/site-packages/airflow/example_dags/example_dynamic_task_mapping_with_no_taskflow_operators.py
[2025-06-16T22:15:19.539-0300] {processor.py:839} INFO - DAG(s) dict_keys(['example_dynamic_task_mapping_with_no_taskflow_operators']) retrieved from /mnt/c/Users/arcan/Documents/airflow/.venv/lib/python3.10/site-packages/airflow/example_dags/example_dynamic_task_mapping_with_no_taskflow_operators.py
[2025-06-16T22:15:19.584-0300] {logging_mixin.py:154} INFO - [2025-06-16T22:15:19.584-0300] {dag.py:2941} INFO - Sync 1 DAGs
[2025-06-16T22:15:19.622-0300] {logging_mixin.py:154} INFO - [2025-06-16T22:15:19.621-0300] {dag.py:3722} INFO - Setting next_dagrun for example_dynamic_task_mapping_with_no_taskflow_operators to 2025-06-16T01:15:19.621538+00:00, run_after=2025-06-17T01:15:19.621538+00:00
[2025-06-16T22:15:19.722-0300] {processor.py:179} INFO - Processing /mnt/c/Users/arcan/Documents/airflow/.venv/lib/python3.10/site-packages/airflow/example_dags/example_dynamic_task_mapping_with_no_taskflow_operators.py took 0.228 seconds
[2025-06-16T22:16:31.912-0300] {processor.py:157} INFO - Started process (PID=59836) to work on /mnt/c/Users/arcan/Documents/airflow/.venv/lib/python3.10/site-packages/airflow/example_dags/example_dynamic_task_mapping_with_no_taskflow_operators.py
[2025-06-16T22:16:31.914-0300] {processor.py:829} INFO - Processing file /mnt/c/Users/arcan/Documents/airflow/.venv/lib/python3.10/site-packages/airflow/example_dags/example_dynamic_task_mapping_with_no_taskflow_operators.py for tasks to queue
[2025-06-16T22:16:31.916-0300] {logging_mixin.py:154} INFO - [2025-06-16T22:16:31.916-0300] {dagbag.py:536} INFO - Filling up the DagBag from /mnt/c/Users/arcan/Documents/airflow/.venv/lib/python3.10/site-packages/airflow/example_dags/example_dynamic_task_mapping_with_no_taskflow_operators.py
[2025-06-16T22:16:31.949-0300] {processor.py:839} INFO - DAG(s) dict_keys(['example_dynamic_task_mapping_with_no_taskflow_operators']) retrieved from /mnt/c/Users/arcan/Documents/airflow/.venv/lib/python3.10/site-packages/airflow/example_dags/example_dynamic_task_mapping_with_no_taskflow_operators.py
[2025-06-16T22:16:31.997-0300] {logging_mixin.py:154} INFO - [2025-06-16T22:16:31.997-0300] {dag.py:2941} INFO - Sync 1 DAGs
[2025-06-16T22:16:32.033-0300] {logging_mixin.py:154} INFO - [2025-06-16T22:16:32.032-0300] {dag.py:3722} INFO - Setting next_dagrun for example_dynamic_task_mapping_with_no_taskflow_operators to 2025-06-16T01:16:32.032379+00:00, run_after=2025-06-17T01:16:32.032379+00:00
[2025-06-16T22:16:32.127-0300] {processor.py:179} INFO - Processing /mnt/c/Users/arcan/Documents/airflow/.venv/lib/python3.10/site-packages/airflow/example_dags/example_dynamic_task_mapping_with_no_taskflow_operators.py took 0.222 seconds
[2025-06-16T22:17:38.430-0300] {processor.py:157} INFO - Started process (PID=60039) to work on /mnt/c/Users/arcan/Documents/airflow/.venv/lib/python3.10/site-packages/airflow/example_dags/example_dynamic_task_mapping_with_no_taskflow_operators.py
[2025-06-16T22:17:38.433-0300] {processor.py:829} INFO - Processing file /mnt/c/Users/arcan/Documents/airflow/.venv/lib/python3.10/site-packages/airflow/example_dags/example_dynamic_task_mapping_with_no_taskflow_operators.py for tasks to queue
[2025-06-16T22:17:38.435-0300] {logging_mixin.py:154} INFO - [2025-06-16T22:17:38.434-0300] {dagbag.py:536} INFO - Filling up the DagBag from /mnt/c/Users/arcan/Documents/airflow/.venv/lib/python3.10/site-packages/airflow/example_dags/example_dynamic_task_mapping_with_no_taskflow_operators.py
[2025-06-16T22:17:38.481-0300] {processor.py:839} INFO - DAG(s) dict_keys(['example_dynamic_task_mapping_with_no_taskflow_operators']) retrieved from /mnt/c/Users/arcan/Documents/airflow/.venv/lib/python3.10/site-packages/airflow/example_dags/example_dynamic_task_mapping_with_no_taskflow_operators.py
[2025-06-16T22:17:38.539-0300] {logging_mixin.py:154} INFO - [2025-06-16T22:17:38.539-0300] {dag.py:2941} INFO - Sync 1 DAGs
[2025-06-16T22:17:38.579-0300] {logging_mixin.py:154} INFO - [2025-06-16T22:17:38.579-0300] {dag.py:3722} INFO - Setting next_dagrun for example_dynamic_task_mapping_with_no_taskflow_operators to 2025-06-16T01:17:38.578699+00:00, run_after=2025-06-17T01:17:38.578699+00:00
[2025-06-16T22:17:38.703-0300] {processor.py:179} INFO - Processing /mnt/c/Users/arcan/Documents/airflow/.venv/lib/python3.10/site-packages/airflow/example_dags/example_dynamic_task_mapping_with_no_taskflow_operators.py took 0.282 seconds
[2025-06-16T22:19:04.362-0300] {processor.py:157} INFO - Started process (PID=60287) to work on /mnt/c/Users/arcan/Documents/airflow/.venv/lib/python3.10/site-packages/airflow/example_dags/example_dynamic_task_mapping_with_no_taskflow_operators.py
[2025-06-16T22:19:04.364-0300] {processor.py:829} INFO - Processing file /mnt/c/Users/arcan/Documents/airflow/.venv/lib/python3.10/site-packages/airflow/example_dags/example_dynamic_task_mapping_with_no_taskflow_operators.py for tasks to queue
[2025-06-16T22:19:04.367-0300] {logging_mixin.py:154} INFO - [2025-06-16T22:19:04.366-0300] {dagbag.py:536} INFO - Filling up the DagBag from /mnt/c/Users/arcan/Documents/airflow/.venv/lib/python3.10/site-packages/airflow/example_dags/example_dynamic_task_mapping_with_no_taskflow_operators.py
[2025-06-16T22:19:04.411-0300] {processor.py:839} INFO - DAG(s) dict_keys(['example_dynamic_task_mapping_with_no_taskflow_operators']) retrieved from /mnt/c/Users/arcan/Documents/airflow/.venv/lib/python3.10/site-packages/airflow/example_dags/example_dynamic_task_mapping_with_no_taskflow_operators.py
[2025-06-16T22:19:04.465-0300] {logging_mixin.py:154} INFO - [2025-06-16T22:19:04.465-0300] {dag.py:2941} INFO - Sync 1 DAGs
[2025-06-16T22:19:04.507-0300] {logging_mixin.py:154} INFO - [2025-06-16T22:19:04.507-0300] {dag.py:3722} INFO - Setting next_dagrun for example_dynamic_task_mapping_with_no_taskflow_operators to 2025-06-16T01:19:04.506980+00:00, run_after=2025-06-17T01:19:04.506980+00:00
[2025-06-16T22:19:04.665-0300] {processor.py:179} INFO - Processing /mnt/c/Users/arcan/Documents/airflow/.venv/lib/python3.10/site-packages/airflow/example_dags/example_dynamic_task_mapping_with_no_taskflow_operators.py took 0.310 seconds
[2025-06-16T22:20:29.681-0300] {processor.py:157} INFO - Started process (PID=60534) to work on /mnt/c/Users/arcan/Documents/airflow/.venv/lib/python3.10/site-packages/airflow/example_dags/example_dynamic_task_mapping_with_no_taskflow_operators.py
[2025-06-16T22:20:29.684-0300] {processor.py:829} INFO - Processing file /mnt/c/Users/arcan/Documents/airflow/.venv/lib/python3.10/site-packages/airflow/example_dags/example_dynamic_task_mapping_with_no_taskflow_operators.py for tasks to queue
[2025-06-16T22:20:29.687-0300] {logging_mixin.py:154} INFO - [2025-06-16T22:20:29.686-0300] {dagbag.py:536} INFO - Filling up the DagBag from /mnt/c/Users/arcan/Documents/airflow/.venv/lib/python3.10/site-packages/airflow/example_dags/example_dynamic_task_mapping_with_no_taskflow_operators.py
[2025-06-16T22:20:29.729-0300] {processor.py:839} INFO - DAG(s) dict_keys(['example_dynamic_task_mapping_with_no_taskflow_operators']) retrieved from /mnt/c/Users/arcan/Documents/airflow/.venv/lib/python3.10/site-packages/airflow/example_dags/example_dynamic_task_mapping_with_no_taskflow_operators.py
[2025-06-16T22:20:29.779-0300] {logging_mixin.py:154} INFO - [2025-06-16T22:20:29.779-0300] {dag.py:2941} INFO - Sync 1 DAGs
[2025-06-16T22:20:29.815-0300] {logging_mixin.py:154} INFO - [2025-06-16T22:20:29.815-0300] {dag.py:3722} INFO - Setting next_dagrun for example_dynamic_task_mapping_with_no_taskflow_operators to 2025-06-16T01:20:29.814950+00:00, run_after=2025-06-17T01:20:29.814950+00:00
[2025-06-16T22:20:29.939-0300] {processor.py:179} INFO - Processing /mnt/c/Users/arcan/Documents/airflow/.venv/lib/python3.10/site-packages/airflow/example_dags/example_dynamic_task_mapping_with_no_taskflow_operators.py took 0.266 seconds
[2025-06-16T22:21:50.050-0300] {processor.py:157} INFO - Started process (PID=60759) to work on /mnt/c/Users/arcan/Documents/airflow/.venv/lib/python3.10/site-packages/airflow/example_dags/example_dynamic_task_mapping_with_no_taskflow_operators.py
[2025-06-16T22:21:50.053-0300] {processor.py:829} INFO - Processing file /mnt/c/Users/arcan/Documents/airflow/.venv/lib/python3.10/site-packages/airflow/example_dags/example_dynamic_task_mapping_with_no_taskflow_operators.py for tasks to queue
[2025-06-16T22:21:50.056-0300] {logging_mixin.py:154} INFO - [2025-06-16T22:21:50.055-0300] {dagbag.py:536} INFO - Filling up the DagBag from /mnt/c/Users/arcan/Documents/airflow/.venv/lib/python3.10/site-packages/airflow/example_dags/example_dynamic_task_mapping_with_no_taskflow_operators.py
[2025-06-16T22:21:50.104-0300] {processor.py:839} INFO - DAG(s) dict_keys(['example_dynamic_task_mapping_with_no_taskflow_operators']) retrieved from /mnt/c/Users/arcan/Documents/airflow/.venv/lib/python3.10/site-packages/airflow/example_dags/example_dynamic_task_mapping_with_no_taskflow_operators.py
[2025-06-16T22:21:50.164-0300] {logging_mixin.py:154} INFO - [2025-06-16T22:21:50.163-0300] {dag.py:2941} INFO - Sync 1 DAGs
[2025-06-16T22:21:50.203-0300] {logging_mixin.py:154} INFO - [2025-06-16T22:21:50.203-0300] {dag.py:3722} INFO - Setting next_dagrun for example_dynamic_task_mapping_with_no_taskflow_operators to 2025-06-16T01:21:50.202858+00:00, run_after=2025-06-17T01:21:50.202858+00:00
[2025-06-16T22:21:50.346-0300] {processor.py:179} INFO - Processing /mnt/c/Users/arcan/Documents/airflow/.venv/lib/python3.10/site-packages/airflow/example_dags/example_dynamic_task_mapping_with_no_taskflow_operators.py took 0.302 seconds
[2025-06-16T22:23:14.987-0300] {processor.py:157} INFO - Started process (PID=61002) to work on /mnt/c/Users/arcan/Documents/airflow/.venv/lib/python3.10/site-packages/airflow/example_dags/example_dynamic_task_mapping_with_no_taskflow_operators.py
[2025-06-16T22:23:14.989-0300] {processor.py:829} INFO - Processing file /mnt/c/Users/arcan/Documents/airflow/.venv/lib/python3.10/site-packages/airflow/example_dags/example_dynamic_task_mapping_with_no_taskflow_operators.py for tasks to queue
[2025-06-16T22:23:14.991-0300] {logging_mixin.py:154} INFO - [2025-06-16T22:23:14.990-0300] {dagbag.py:536} INFO - Filling up the DagBag from /mnt/c/Users/arcan/Documents/airflow/.venv/lib/python3.10/site-packages/airflow/example_dags/example_dynamic_task_mapping_with_no_taskflow_operators.py
[2025-06-16T22:23:15.026-0300] {processor.py:839} INFO - DAG(s) dict_keys(['example_dynamic_task_mapping_with_no_taskflow_operators']) retrieved from /mnt/c/Users/arcan/Documents/airflow/.venv/lib/python3.10/site-packages/airflow/example_dags/example_dynamic_task_mapping_with_no_taskflow_operators.py
[2025-06-16T22:23:15.071-0300] {logging_mixin.py:154} INFO - [2025-06-16T22:23:15.071-0300] {dag.py:2941} INFO - Sync 1 DAGs
[2025-06-16T22:23:15.102-0300] {logging_mixin.py:154} INFO - [2025-06-16T22:23:15.101-0300] {dag.py:3722} INFO - Setting next_dagrun for example_dynamic_task_mapping_with_no_taskflow_operators to 2025-06-16T01:23:15.101668+00:00, run_after=2025-06-17T01:23:15.101668+00:00
[2025-06-16T22:23:15.224-0300] {processor.py:179} INFO - Processing /mnt/c/Users/arcan/Documents/airflow/.venv/lib/python3.10/site-packages/airflow/example_dags/example_dynamic_task_mapping_with_no_taskflow_operators.py took 0.242 seconds
[2025-06-16T22:24:38.715-0300] {processor.py:157} INFO - Started process (PID=61369) to work on /mnt/c/Users/arcan/Documents/airflow/.venv/lib/python3.10/site-packages/airflow/example_dags/example_dynamic_task_mapping_with_no_taskflow_operators.py
[2025-06-16T22:24:38.720-0300] {processor.py:829} INFO - Processing file /mnt/c/Users/arcan/Documents/airflow/.venv/lib/python3.10/site-packages/airflow/example_dags/example_dynamic_task_mapping_with_no_taskflow_operators.py for tasks to queue
[2025-06-16T22:24:38.724-0300] {logging_mixin.py:154} INFO - [2025-06-16T22:24:38.722-0300] {dagbag.py:536} INFO - Filling up the DagBag from /mnt/c/Users/arcan/Documents/airflow/.venv/lib/python3.10/site-packages/airflow/example_dags/example_dynamic_task_mapping_with_no_taskflow_operators.py
[2025-06-16T22:24:38.788-0300] {processor.py:839} INFO - DAG(s) dict_keys(['example_dynamic_task_mapping_with_no_taskflow_operators']) retrieved from /mnt/c/Users/arcan/Documents/airflow/.venv/lib/python3.10/site-packages/airflow/example_dags/example_dynamic_task_mapping_with_no_taskflow_operators.py
[2025-06-16T22:24:38.859-0300] {logging_mixin.py:154} INFO - [2025-06-16T22:24:38.858-0300] {dag.py:2941} INFO - Sync 1 DAGs
[2025-06-16T22:24:38.908-0300] {logging_mixin.py:154} INFO - [2025-06-16T22:24:38.908-0300] {dag.py:3722} INFO - Setting next_dagrun for example_dynamic_task_mapping_with_no_taskflow_operators to 2025-06-16T01:24:38.907836+00:00, run_after=2025-06-17T01:24:38.907836+00:00
[2025-06-16T22:24:39.050-0300] {processor.py:179} INFO - Processing /mnt/c/Users/arcan/Documents/airflow/.venv/lib/python3.10/site-packages/airflow/example_dags/example_dynamic_task_mapping_with_no_taskflow_operators.py took 0.347 seconds
[2025-06-16T22:25:57.304-0300] {processor.py:157} INFO - Started process (PID=61591) to work on /mnt/c/Users/arcan/Documents/airflow/.venv/lib/python3.10/site-packages/airflow/example_dags/example_dynamic_task_mapping_with_no_taskflow_operators.py
[2025-06-16T22:25:57.307-0300] {processor.py:829} INFO - Processing file /mnt/c/Users/arcan/Documents/airflow/.venv/lib/python3.10/site-packages/airflow/example_dags/example_dynamic_task_mapping_with_no_taskflow_operators.py for tasks to queue
[2025-06-16T22:25:57.309-0300] {logging_mixin.py:154} INFO - [2025-06-16T22:25:57.308-0300] {dagbag.py:536} INFO - Filling up the DagBag from /mnt/c/Users/arcan/Documents/airflow/.venv/lib/python3.10/site-packages/airflow/example_dags/example_dynamic_task_mapping_with_no_taskflow_operators.py
[2025-06-16T22:25:57.358-0300] {processor.py:839} INFO - DAG(s) dict_keys(['example_dynamic_task_mapping_with_no_taskflow_operators']) retrieved from /mnt/c/Users/arcan/Documents/airflow/.venv/lib/python3.10/site-packages/airflow/example_dags/example_dynamic_task_mapping_with_no_taskflow_operators.py
[2025-06-16T22:25:57.421-0300] {logging_mixin.py:154} INFO - [2025-06-16T22:25:57.421-0300] {dag.py:2941} INFO - Sync 1 DAGs
[2025-06-16T22:25:57.465-0300] {logging_mixin.py:154} INFO - [2025-06-16T22:25:57.465-0300] {dag.py:3722} INFO - Setting next_dagrun for example_dynamic_task_mapping_with_no_taskflow_operators to 2025-06-16T01:25:57.465181+00:00, run_after=2025-06-17T01:25:57.465181+00:00
[2025-06-16T22:25:57.596-0300] {processor.py:179} INFO - Processing /mnt/c/Users/arcan/Documents/airflow/.venv/lib/python3.10/site-packages/airflow/example_dags/example_dynamic_task_mapping_with_no_taskflow_operators.py took 0.300 seconds
[2025-06-16T22:27:18.022-0300] {processor.py:157} INFO - Started process (PID=61825) to work on /mnt/c/Users/arcan/Documents/airflow/.venv/lib/python3.10/site-packages/airflow/example_dags/example_dynamic_task_mapping_with_no_taskflow_operators.py
[2025-06-16T22:27:18.025-0300] {processor.py:829} INFO - Processing file /mnt/c/Users/arcan/Documents/airflow/.venv/lib/python3.10/site-packages/airflow/example_dags/example_dynamic_task_mapping_with_no_taskflow_operators.py for tasks to queue
[2025-06-16T22:27:18.027-0300] {logging_mixin.py:154} INFO - [2025-06-16T22:27:18.026-0300] {dagbag.py:536} INFO - Filling up the DagBag from /mnt/c/Users/arcan/Documents/airflow/.venv/lib/python3.10/site-packages/airflow/example_dags/example_dynamic_task_mapping_with_no_taskflow_operators.py
[2025-06-16T22:27:18.079-0300] {processor.py:839} INFO - DAG(s) dict_keys(['example_dynamic_task_mapping_with_no_taskflow_operators']) retrieved from /mnt/c/Users/arcan/Documents/airflow/.venv/lib/python3.10/site-packages/airflow/example_dags/example_dynamic_task_mapping_with_no_taskflow_operators.py
[2025-06-16T22:27:18.144-0300] {logging_mixin.py:154} INFO - [2025-06-16T22:27:18.144-0300] {dag.py:2941} INFO - Sync 1 DAGs
[2025-06-16T22:27:18.189-0300] {logging_mixin.py:154} INFO - [2025-06-16T22:27:18.189-0300] {dag.py:3722} INFO - Setting next_dagrun for example_dynamic_task_mapping_with_no_taskflow_operators to 2025-06-16T01:27:18.188972+00:00, run_after=2025-06-17T01:27:18.188972+00:00
[2025-06-16T22:27:18.318-0300] {processor.py:179} INFO - Processing /mnt/c/Users/arcan/Documents/airflow/.venv/lib/python3.10/site-packages/airflow/example_dags/example_dynamic_task_mapping_with_no_taskflow_operators.py took 0.303 seconds
[2025-06-16T22:28:37.170-0300] {processor.py:157} INFO - Started process (PID=62048) to work on /mnt/c/Users/arcan/Documents/airflow/.venv/lib/python3.10/site-packages/airflow/example_dags/example_dynamic_task_mapping_with_no_taskflow_operators.py
[2025-06-16T22:28:37.173-0300] {processor.py:829} INFO - Processing file /mnt/c/Users/arcan/Documents/airflow/.venv/lib/python3.10/site-packages/airflow/example_dags/example_dynamic_task_mapping_with_no_taskflow_operators.py for tasks to queue
[2025-06-16T22:28:37.175-0300] {logging_mixin.py:154} INFO - [2025-06-16T22:28:37.174-0300] {dagbag.py:536} INFO - Filling up the DagBag from /mnt/c/Users/arcan/Documents/airflow/.venv/lib/python3.10/site-packages/airflow/example_dags/example_dynamic_task_mapping_with_no_taskflow_operators.py
[2025-06-16T22:28:37.219-0300] {processor.py:839} INFO - DAG(s) dict_keys(['example_dynamic_task_mapping_with_no_taskflow_operators']) retrieved from /mnt/c/Users/arcan/Documents/airflow/.venv/lib/python3.10/site-packages/airflow/example_dags/example_dynamic_task_mapping_with_no_taskflow_operators.py
[2025-06-16T22:28:37.274-0300] {logging_mixin.py:154} INFO - [2025-06-16T22:28:37.274-0300] {dag.py:2941} INFO - Sync 1 DAGs
[2025-06-16T22:28:37.313-0300] {logging_mixin.py:154} INFO - [2025-06-16T22:28:37.313-0300] {dag.py:3722} INFO - Setting next_dagrun for example_dynamic_task_mapping_with_no_taskflow_operators to 2025-06-16T01:28:37.313208+00:00, run_after=2025-06-17T01:28:37.313208+00:00
[2025-06-16T22:28:37.463-0300] {processor.py:179} INFO - Processing /mnt/c/Users/arcan/Documents/airflow/.venv/lib/python3.10/site-packages/airflow/example_dags/example_dynamic_task_mapping_with_no_taskflow_operators.py took 0.300 seconds
[2025-06-16T22:29:57.796-0300] {processor.py:157} INFO - Started process (PID=62282) to work on /mnt/c/Users/arcan/Documents/airflow/.venv/lib/python3.10/site-packages/airflow/example_dags/example_dynamic_task_mapping_with_no_taskflow_operators.py
[2025-06-16T22:29:57.799-0300] {processor.py:829} INFO - Processing file /mnt/c/Users/arcan/Documents/airflow/.venv/lib/python3.10/site-packages/airflow/example_dags/example_dynamic_task_mapping_with_no_taskflow_operators.py for tasks to queue
[2025-06-16T22:29:57.802-0300] {logging_mixin.py:154} INFO - [2025-06-16T22:29:57.801-0300] {dagbag.py:536} INFO - Filling up the DagBag from /mnt/c/Users/arcan/Documents/airflow/.venv/lib/python3.10/site-packages/airflow/example_dags/example_dynamic_task_mapping_with_no_taskflow_operators.py
[2025-06-16T22:29:57.865-0300] {processor.py:839} INFO - DAG(s) dict_keys(['example_dynamic_task_mapping_with_no_taskflow_operators']) retrieved from /mnt/c/Users/arcan/Documents/airflow/.venv/lib/python3.10/site-packages/airflow/example_dags/example_dynamic_task_mapping_with_no_taskflow_operators.py
[2025-06-16T22:29:57.946-0300] {logging_mixin.py:154} INFO - [2025-06-16T22:29:57.945-0300] {dag.py:2941} INFO - Sync 1 DAGs
[2025-06-16T22:29:58.009-0300] {logging_mixin.py:154} INFO - [2025-06-16T22:29:58.008-0300] {dag.py:3722} INFO - Setting next_dagrun for example_dynamic_task_mapping_with_no_taskflow_operators to 2025-06-16T01:29:58.008243+00:00, run_after=2025-06-17T01:29:58.008243+00:00
[2025-06-16T22:29:58.176-0300] {processor.py:179} INFO - Processing /mnt/c/Users/arcan/Documents/airflow/.venv/lib/python3.10/site-packages/airflow/example_dags/example_dynamic_task_mapping_with_no_taskflow_operators.py took 0.387 seconds
[2025-06-16T22:31:11.221-0300] {processor.py:157} INFO - Started process (PID=62491) to work on /mnt/c/Users/arcan/Documents/airflow/.venv/lib/python3.10/site-packages/airflow/example_dags/example_dynamic_task_mapping_with_no_taskflow_operators.py
[2025-06-16T22:31:11.225-0300] {processor.py:829} INFO - Processing file /mnt/c/Users/arcan/Documents/airflow/.venv/lib/python3.10/site-packages/airflow/example_dags/example_dynamic_task_mapping_with_no_taskflow_operators.py for tasks to queue
[2025-06-16T22:31:11.227-0300] {logging_mixin.py:154} INFO - [2025-06-16T22:31:11.226-0300] {dagbag.py:536} INFO - Filling up the DagBag from /mnt/c/Users/arcan/Documents/airflow/.venv/lib/python3.10/site-packages/airflow/example_dags/example_dynamic_task_mapping_with_no_taskflow_operators.py
[2025-06-16T22:31:11.274-0300] {processor.py:839} INFO - DAG(s) dict_keys(['example_dynamic_task_mapping_with_no_taskflow_operators']) retrieved from /mnt/c/Users/arcan/Documents/airflow/.venv/lib/python3.10/site-packages/airflow/example_dags/example_dynamic_task_mapping_with_no_taskflow_operators.py
[2025-06-16T22:31:11.337-0300] {logging_mixin.py:154} INFO - [2025-06-16T22:31:11.336-0300] {dag.py:2941} INFO - Sync 1 DAGs
[2025-06-16T22:31:11.382-0300] {logging_mixin.py:154} INFO - [2025-06-16T22:31:11.381-0300] {dag.py:3722} INFO - Setting next_dagrun for example_dynamic_task_mapping_with_no_taskflow_operators to 2025-06-16T01:31:11.381370+00:00, run_after=2025-06-17T01:31:11.381370+00:00
[2025-06-16T22:31:11.506-0300] {processor.py:179} INFO - Processing /mnt/c/Users/arcan/Documents/airflow/.venv/lib/python3.10/site-packages/airflow/example_dags/example_dynamic_task_mapping_with_no_taskflow_operators.py took 0.293 seconds
[2025-06-16T22:32:54.051-0300] {processor.py:157} INFO - Started process (PID=62870) to work on /mnt/c/Users/arcan/Documents/airflow/.venv/lib/python3.10/site-packages/airflow/example_dags/example_dynamic_task_mapping_with_no_taskflow_operators.py
[2025-06-16T22:32:54.053-0300] {processor.py:829} INFO - Processing file /mnt/c/Users/arcan/Documents/airflow/.venv/lib/python3.10/site-packages/airflow/example_dags/example_dynamic_task_mapping_with_no_taskflow_operators.py for tasks to queue
[2025-06-16T22:32:54.056-0300] {logging_mixin.py:154} INFO - [2025-06-16T22:32:54.055-0300] {dagbag.py:536} INFO - Filling up the DagBag from /mnt/c/Users/arcan/Documents/airflow/.venv/lib/python3.10/site-packages/airflow/example_dags/example_dynamic_task_mapping_with_no_taskflow_operators.py
[2025-06-16T22:32:54.110-0300] {processor.py:839} INFO - DAG(s) dict_keys(['example_dynamic_task_mapping_with_no_taskflow_operators']) retrieved from /mnt/c/Users/arcan/Documents/airflow/.venv/lib/python3.10/site-packages/airflow/example_dags/example_dynamic_task_mapping_with_no_taskflow_operators.py
[2025-06-16T22:32:54.173-0300] {logging_mixin.py:154} INFO - [2025-06-16T22:32:54.173-0300] {dag.py:2941} INFO - Sync 1 DAGs
[2025-06-16T22:32:54.223-0300] {logging_mixin.py:154} INFO - [2025-06-16T22:32:54.223-0300] {dag.py:3722} INFO - Setting next_dagrun for example_dynamic_task_mapping_with_no_taskflow_operators to 2025-06-16T01:32:54.222850+00:00, run_after=2025-06-17T01:32:54.222850+00:00
[2025-06-16T22:32:54.364-0300] {processor.py:179} INFO - Processing /mnt/c/Users/arcan/Documents/airflow/.venv/lib/python3.10/site-packages/airflow/example_dags/example_dynamic_task_mapping_with_no_taskflow_operators.py took 0.323 seconds
[2025-06-17T20:51:05.617-0300] {processor.py:157} INFO - Started process (PID=63675) to work on /mnt/c/Users/arcan/Documents/airflow/.venv/lib/python3.10/site-packages/airflow/example_dags/example_dynamic_task_mapping_with_no_taskflow_operators.py
[2025-06-17T20:51:05.621-0300] {processor.py:829} INFO - Processing file /mnt/c/Users/arcan/Documents/airflow/.venv/lib/python3.10/site-packages/airflow/example_dags/example_dynamic_task_mapping_with_no_taskflow_operators.py for tasks to queue
[2025-06-17T20:51:05.624-0300] {logging_mixin.py:154} INFO - [2025-06-17T20:51:05.623-0300] {dagbag.py:536} INFO - Filling up the DagBag from /mnt/c/Users/arcan/Documents/airflow/.venv/lib/python3.10/site-packages/airflow/example_dags/example_dynamic_task_mapping_with_no_taskflow_operators.py
[2025-06-17T20:51:05.677-0300] {processor.py:839} INFO - DAG(s) dict_keys(['example_dynamic_task_mapping_with_no_taskflow_operators']) retrieved from /mnt/c/Users/arcan/Documents/airflow/.venv/lib/python3.10/site-packages/airflow/example_dags/example_dynamic_task_mapping_with_no_taskflow_operators.py
[2025-06-17T20:51:05.737-0300] {logging_mixin.py:154} INFO - [2025-06-17T20:51:05.737-0300] {dag.py:2941} INFO - Sync 1 DAGs
[2025-06-17T20:51:05.788-0300] {logging_mixin.py:154} INFO - [2025-06-17T20:51:05.787-0300] {dag.py:3722} INFO - Setting next_dagrun for example_dynamic_task_mapping_with_no_taskflow_operators to 2025-06-16T23:51:05.787401+00:00, run_after=2025-06-17T23:51:05.787401+00:00
[2025-06-17T20:51:05.940-0300] {processor.py:179} INFO - Processing /mnt/c/Users/arcan/Documents/airflow/.venv/lib/python3.10/site-packages/airflow/example_dags/example_dynamic_task_mapping_with_no_taskflow_operators.py took 0.329 seconds
[2025-06-17T20:52:30.184-0300] {processor.py:157} INFO - Started process (PID=63887) to work on /mnt/c/Users/arcan/Documents/airflow/.venv/lib/python3.10/site-packages/airflow/example_dags/example_dynamic_task_mapping_with_no_taskflow_operators.py
[2025-06-17T20:52:30.187-0300] {processor.py:829} INFO - Processing file /mnt/c/Users/arcan/Documents/airflow/.venv/lib/python3.10/site-packages/airflow/example_dags/example_dynamic_task_mapping_with_no_taskflow_operators.py for tasks to queue
[2025-06-17T20:52:30.190-0300] {logging_mixin.py:154} INFO - [2025-06-17T20:52:30.188-0300] {dagbag.py:536} INFO - Filling up the DagBag from /mnt/c/Users/arcan/Documents/airflow/.venv/lib/python3.10/site-packages/airflow/example_dags/example_dynamic_task_mapping_with_no_taskflow_operators.py
[2025-06-17T20:52:30.236-0300] {processor.py:839} INFO - DAG(s) dict_keys(['example_dynamic_task_mapping_with_no_taskflow_operators']) retrieved from /mnt/c/Users/arcan/Documents/airflow/.venv/lib/python3.10/site-packages/airflow/example_dags/example_dynamic_task_mapping_with_no_taskflow_operators.py
[2025-06-17T20:52:30.293-0300] {logging_mixin.py:154} INFO - [2025-06-17T20:52:30.293-0300] {dag.py:2941} INFO - Sync 1 DAGs
[2025-06-17T20:52:30.334-0300] {logging_mixin.py:154} INFO - [2025-06-17T20:52:30.334-0300] {dag.py:3722} INFO - Setting next_dagrun for example_dynamic_task_mapping_with_no_taskflow_operators to 2025-06-16T23:52:30.334084+00:00, run_after=2025-06-17T23:52:30.334084+00:00
[2025-06-17T20:52:30.467-0300] {processor.py:179} INFO - Processing /mnt/c/Users/arcan/Documents/airflow/.venv/lib/python3.10/site-packages/airflow/example_dags/example_dynamic_task_mapping_with_no_taskflow_operators.py took 0.290 seconds
[2025-06-17T20:53:50.915-0300] {processor.py:157} INFO - Started process (PID=64239) to work on /mnt/c/Users/arcan/Documents/airflow/.venv/lib/python3.10/site-packages/airflow/example_dags/example_dynamic_task_mapping_with_no_taskflow_operators.py
[2025-06-17T20:53:50.917-0300] {processor.py:829} INFO - Processing file /mnt/c/Users/arcan/Documents/airflow/.venv/lib/python3.10/site-packages/airflow/example_dags/example_dynamic_task_mapping_with_no_taskflow_operators.py for tasks to queue
[2025-06-17T20:53:50.919-0300] {logging_mixin.py:154} INFO - [2025-06-17T20:53:50.919-0300] {dagbag.py:536} INFO - Filling up the DagBag from /mnt/c/Users/arcan/Documents/airflow/.venv/lib/python3.10/site-packages/airflow/example_dags/example_dynamic_task_mapping_with_no_taskflow_operators.py
[2025-06-17T20:53:50.960-0300] {processor.py:839} INFO - DAG(s) dict_keys(['example_dynamic_task_mapping_with_no_taskflow_operators']) retrieved from /mnt/c/Users/arcan/Documents/airflow/.venv/lib/python3.10/site-packages/airflow/example_dags/example_dynamic_task_mapping_with_no_taskflow_operators.py
[2025-06-17T20:53:51.008-0300] {logging_mixin.py:154} INFO - [2025-06-17T20:53:51.007-0300] {dag.py:2941} INFO - Sync 1 DAGs
[2025-06-17T20:53:51.044-0300] {logging_mixin.py:154} INFO - [2025-06-17T20:53:51.044-0300] {dag.py:3722} INFO - Setting next_dagrun for example_dynamic_task_mapping_with_no_taskflow_operators to 2025-06-16T23:53:51.043980+00:00, run_after=2025-06-17T23:53:51.043980+00:00
[2025-06-17T20:53:51.151-0300] {processor.py:179} INFO - Processing /mnt/c/Users/arcan/Documents/airflow/.venv/lib/python3.10/site-packages/airflow/example_dags/example_dynamic_task_mapping_with_no_taskflow_operators.py took 0.242 seconds
[2025-06-17T20:54:58.995-0300] {processor.py:157} INFO - Started process (PID=64440) to work on /mnt/c/Users/arcan/Documents/airflow/.venv/lib/python3.10/site-packages/airflow/example_dags/example_dynamic_task_mapping_with_no_taskflow_operators.py
[2025-06-17T20:54:58.998-0300] {processor.py:829} INFO - Processing file /mnt/c/Users/arcan/Documents/airflow/.venv/lib/python3.10/site-packages/airflow/example_dags/example_dynamic_task_mapping_with_no_taskflow_operators.py for tasks to queue
[2025-06-17T20:54:58.999-0300] {logging_mixin.py:154} INFO - [2025-06-17T20:54:58.999-0300] {dagbag.py:536} INFO - Filling up the DagBag from /mnt/c/Users/arcan/Documents/airflow/.venv/lib/python3.10/site-packages/airflow/example_dags/example_dynamic_task_mapping_with_no_taskflow_operators.py
[2025-06-17T20:54:59.036-0300] {processor.py:839} INFO - DAG(s) dict_keys(['example_dynamic_task_mapping_with_no_taskflow_operators']) retrieved from /mnt/c/Users/arcan/Documents/airflow/.venv/lib/python3.10/site-packages/airflow/example_dags/example_dynamic_task_mapping_with_no_taskflow_operators.py
[2025-06-17T20:54:59.092-0300] {logging_mixin.py:154} INFO - [2025-06-17T20:54:59.092-0300] {dag.py:2941} INFO - Sync 1 DAGs
[2025-06-17T20:54:59.130-0300] {logging_mixin.py:154} INFO - [2025-06-17T20:54:59.130-0300] {dag.py:3722} INFO - Setting next_dagrun for example_dynamic_task_mapping_with_no_taskflow_operators to 2025-06-16T23:54:59.129992+00:00, run_after=2025-06-17T23:54:59.129992+00:00
[2025-06-17T20:54:59.248-0300] {processor.py:179} INFO - Processing /mnt/c/Users/arcan/Documents/airflow/.venv/lib/python3.10/site-packages/airflow/example_dags/example_dynamic_task_mapping_with_no_taskflow_operators.py took 0.259 seconds
[2025-06-17T20:56:11.155-0300] {processor.py:157} INFO - Started process (PID=64646) to work on /mnt/c/Users/arcan/Documents/airflow/.venv/lib/python3.10/site-packages/airflow/example_dags/example_dynamic_task_mapping_with_no_taskflow_operators.py
[2025-06-17T20:56:11.158-0300] {processor.py:829} INFO - Processing file /mnt/c/Users/arcan/Documents/airflow/.venv/lib/python3.10/site-packages/airflow/example_dags/example_dynamic_task_mapping_with_no_taskflow_operators.py for tasks to queue
[2025-06-17T20:56:11.159-0300] {logging_mixin.py:154} INFO - [2025-06-17T20:56:11.159-0300] {dagbag.py:536} INFO - Filling up the DagBag from /mnt/c/Users/arcan/Documents/airflow/.venv/lib/python3.10/site-packages/airflow/example_dags/example_dynamic_task_mapping_with_no_taskflow_operators.py
[2025-06-17T20:56:11.203-0300] {processor.py:839} INFO - DAG(s) dict_keys(['example_dynamic_task_mapping_with_no_taskflow_operators']) retrieved from /mnt/c/Users/arcan/Documents/airflow/.venv/lib/python3.10/site-packages/airflow/example_dags/example_dynamic_task_mapping_with_no_taskflow_operators.py
[2025-06-17T20:56:11.258-0300] {logging_mixin.py:154} INFO - [2025-06-17T20:56:11.258-0300] {dag.py:2941} INFO - Sync 1 DAGs
[2025-06-17T20:56:11.300-0300] {logging_mixin.py:154} INFO - [2025-06-17T20:56:11.299-0300] {dag.py:3722} INFO - Setting next_dagrun for example_dynamic_task_mapping_with_no_taskflow_operators to 2025-06-16T23:56:11.299149+00:00, run_after=2025-06-17T23:56:11.299149+00:00
[2025-06-17T20:56:11.430-0300] {processor.py:179} INFO - Processing /mnt/c/Users/arcan/Documents/airflow/.venv/lib/python3.10/site-packages/airflow/example_dags/example_dynamic_task_mapping_with_no_taskflow_operators.py took 0.281 seconds
