[2025-06-16T22:03:31.503-0300] {processor.py:157} INFO - Started process (PID=57234) to work on /mnt/c/Users/arcan/Documents/airflow/.venv/lib/python3.10/site-packages/airflow/example_dags/tutorial_taskflow_api.py
[2025-06-16T22:03:31.505-0300] {processor.py:829} INFO - Processing file /mnt/c/Users/arcan/Documents/airflow/.venv/lib/python3.10/site-packages/airflow/example_dags/tutorial_taskflow_api.py for tasks to queue
[2025-06-16T22:03:31.507-0300] {logging_mixin.py:154} INFO - [2025-06-16T22:03:31.506-0300] {dagbag.py:536} INFO - Filling up the DagBag from /mnt/c/Users/arcan/Documents/airflow/.venv/lib/python3.10/site-packages/airflow/example_dags/tutorial_taskflow_api.py
[2025-06-16T22:03:31.555-0300] {processor.py:839} INFO - DAG(s) dict_keys(['tutorial_taskflow_api']) retrieved from /mnt/c/Users/arcan/Documents/airflow/.venv/lib/python3.10/site-packages/airflow/example_dags/tutorial_taskflow_api.py
[2025-06-16T22:03:31.598-0300] {logging_mixin.py:154} INFO - [2025-06-16T22:03:31.598-0300] {dag.py:2941} INFO - Sync 1 DAGs
[2025-06-16T22:03:31.619-0300] {logging_mixin.py:154} INFO - [2025-06-16T22:03:31.619-0300] {dag.py:3722} INFO - Setting next_dagrun for tutorial_taskflow_api to None, run_after=None
[2025-06-16T22:03:31.740-0300] {processor.py:179} INFO - Processing /mnt/c/Users/arcan/Documents/airflow/.venv/lib/python3.10/site-packages/airflow/example_dags/tutorial_taskflow_api.py took 0.242 seconds
[2025-06-16T22:04:29.238-0300] {processor.py:157} INFO - Started process (PID=57407) to work on /mnt/c/Users/arcan/Documents/airflow/.venv/lib/python3.10/site-packages/airflow/example_dags/tutorial_taskflow_api.py
[2025-06-16T22:04:29.239-0300] {processor.py:829} INFO - Processing file /mnt/c/Users/arcan/Documents/airflow/.venv/lib/python3.10/site-packages/airflow/example_dags/tutorial_taskflow_api.py for tasks to queue
[2025-06-16T22:04:29.241-0300] {logging_mixin.py:154} INFO - [2025-06-16T22:04:29.241-0300] {dagbag.py:536} INFO - Filling up the DagBag from /mnt/c/Users/arcan/Documents/airflow/.venv/lib/python3.10/site-packages/airflow/example_dags/tutorial_taskflow_api.py
[2025-06-16T22:04:29.278-0300] {processor.py:839} INFO - DAG(s) dict_keys(['tutorial_taskflow_api']) retrieved from /mnt/c/Users/arcan/Documents/airflow/.venv/lib/python3.10/site-packages/airflow/example_dags/tutorial_taskflow_api.py
[2025-06-16T22:04:29.321-0300] {logging_mixin.py:154} INFO - [2025-06-16T22:04:29.321-0300] {dag.py:2941} INFO - Sync 1 DAGs
[2025-06-16T22:04:29.339-0300] {logging_mixin.py:154} INFO - [2025-06-16T22:04:29.339-0300] {dag.py:3722} INFO - Setting next_dagrun for tutorial_taskflow_api to None, run_after=None
[2025-06-16T22:04:29.434-0300] {processor.py:179} INFO - Processing /mnt/c/Users/arcan/Documents/airflow/.venv/lib/python3.10/site-packages/airflow/example_dags/tutorial_taskflow_api.py took 0.202 seconds
[2025-06-16T22:05:44.483-0300] {processor.py:157} INFO - Started process (PID=57657) to work on /mnt/c/Users/arcan/Documents/airflow/.venv/lib/python3.10/site-packages/airflow/example_dags/tutorial_taskflow_api.py
[2025-06-16T22:05:44.485-0300] {processor.py:829} INFO - Processing file /mnt/c/Users/arcan/Documents/airflow/.venv/lib/python3.10/site-packages/airflow/example_dags/tutorial_taskflow_api.py for tasks to queue
[2025-06-16T22:05:44.487-0300] {logging_mixin.py:154} INFO - [2025-06-16T22:05:44.487-0300] {dagbag.py:536} INFO - Filling up the DagBag from /mnt/c/Users/arcan/Documents/airflow/.venv/lib/python3.10/site-packages/airflow/example_dags/tutorial_taskflow_api.py
[2025-06-16T22:05:44.524-0300] {processor.py:839} INFO - DAG(s) dict_keys(['tutorial_taskflow_api']) retrieved from /mnt/c/Users/arcan/Documents/airflow/.venv/lib/python3.10/site-packages/airflow/example_dags/tutorial_taskflow_api.py
[2025-06-16T22:05:44.571-0300] {logging_mixin.py:154} INFO - [2025-06-16T22:05:44.570-0300] {dag.py:2941} INFO - Sync 1 DAGs
[2025-06-16T22:05:44.595-0300] {logging_mixin.py:154} INFO - [2025-06-16T22:05:44.595-0300] {dag.py:3722} INFO - Setting next_dagrun for tutorial_taskflow_api to None, run_after=None
[2025-06-16T22:05:44.703-0300] {processor.py:179} INFO - Processing /mnt/c/Users/arcan/Documents/airflow/.venv/lib/python3.10/site-packages/airflow/example_dags/tutorial_taskflow_api.py took 0.225 seconds
[2025-06-16T22:06:53.213-0300] {processor.py:157} INFO - Started process (PID=57863) to work on /mnt/c/Users/arcan/Documents/airflow/.venv/lib/python3.10/site-packages/airflow/example_dags/tutorial_taskflow_api.py
[2025-06-16T22:06:53.216-0300] {processor.py:829} INFO - Processing file /mnt/c/Users/arcan/Documents/airflow/.venv/lib/python3.10/site-packages/airflow/example_dags/tutorial_taskflow_api.py for tasks to queue
[2025-06-16T22:06:53.218-0300] {logging_mixin.py:154} INFO - [2025-06-16T22:06:53.217-0300] {dagbag.py:536} INFO - Filling up the DagBag from /mnt/c/Users/arcan/Documents/airflow/.venv/lib/python3.10/site-packages/airflow/example_dags/tutorial_taskflow_api.py
[2025-06-16T22:06:53.250-0300] {processor.py:839} INFO - DAG(s) dict_keys(['tutorial_taskflow_api']) retrieved from /mnt/c/Users/arcan/Documents/airflow/.venv/lib/python3.10/site-packages/airflow/example_dags/tutorial_taskflow_api.py
[2025-06-16T22:06:53.294-0300] {logging_mixin.py:154} INFO - [2025-06-16T22:06:53.293-0300] {dag.py:2941} INFO - Sync 1 DAGs
[2025-06-16T22:06:53.313-0300] {logging_mixin.py:154} INFO - [2025-06-16T22:06:53.313-0300] {dag.py:3722} INFO - Setting next_dagrun for tutorial_taskflow_api to None, run_after=None
[2025-06-16T22:06:53.413-0300] {processor.py:179} INFO - Processing /mnt/c/Users/arcan/Documents/airflow/.venv/lib/python3.10/site-packages/airflow/example_dags/tutorial_taskflow_api.py took 0.205 seconds
[2025-06-16T22:08:04.919-0300] {processor.py:157} INFO - Started process (PID=58068) to work on /mnt/c/Users/arcan/Documents/airflow/.venv/lib/python3.10/site-packages/airflow/example_dags/tutorial_taskflow_api.py
[2025-06-16T22:08:04.921-0300] {processor.py:829} INFO - Processing file /mnt/c/Users/arcan/Documents/airflow/.venv/lib/python3.10/site-packages/airflow/example_dags/tutorial_taskflow_api.py for tasks to queue
[2025-06-16T22:08:04.924-0300] {logging_mixin.py:154} INFO - [2025-06-16T22:08:04.923-0300] {dagbag.py:536} INFO - Filling up the DagBag from /mnt/c/Users/arcan/Documents/airflow/.venv/lib/python3.10/site-packages/airflow/example_dags/tutorial_taskflow_api.py
[2025-06-16T22:08:04.972-0300] {processor.py:839} INFO - DAG(s) dict_keys(['tutorial_taskflow_api']) retrieved from /mnt/c/Users/arcan/Documents/airflow/.venv/lib/python3.10/site-packages/airflow/example_dags/tutorial_taskflow_api.py
[2025-06-16T22:08:05.028-0300] {logging_mixin.py:154} INFO - [2025-06-16T22:08:05.027-0300] {dag.py:2941} INFO - Sync 1 DAGs
[2025-06-16T22:08:05.051-0300] {logging_mixin.py:154} INFO - [2025-06-16T22:08:05.051-0300] {dag.py:3722} INFO - Setting next_dagrun for tutorial_taskflow_api to None, run_after=None
[2025-06-16T22:08:05.190-0300] {processor.py:179} INFO - Processing /mnt/c/Users/arcan/Documents/airflow/.venv/lib/python3.10/site-packages/airflow/example_dags/tutorial_taskflow_api.py took 0.278 seconds
[2025-06-16T22:08:45.011-0300] {processor.py:157} INFO - Started process (PID=58310) to work on /mnt/c/Users/arcan/Documents/airflow/.venv/lib/python3.10/site-packages/airflow/example_dags/tutorial_taskflow_api.py
[2025-06-16T22:08:45.013-0300] {processor.py:829} INFO - Processing file /mnt/c/Users/arcan/Documents/airflow/.venv/lib/python3.10/site-packages/airflow/example_dags/tutorial_taskflow_api.py for tasks to queue
[2025-06-16T22:08:45.015-0300] {logging_mixin.py:154} INFO - [2025-06-16T22:08:45.014-0300] {dagbag.py:536} INFO - Filling up the DagBag from /mnt/c/Users/arcan/Documents/airflow/.venv/lib/python3.10/site-packages/airflow/example_dags/tutorial_taskflow_api.py
[2025-06-16T22:08:45.048-0300] {processor.py:839} INFO - DAG(s) dict_keys(['tutorial_taskflow_api']) retrieved from /mnt/c/Users/arcan/Documents/airflow/.venv/lib/python3.10/site-packages/airflow/example_dags/tutorial_taskflow_api.py
[2025-06-16T22:08:45.091-0300] {logging_mixin.py:154} INFO - [2025-06-16T22:08:45.091-0300] {dag.py:2941} INFO - Sync 1 DAGs
[2025-06-16T22:08:45.108-0300] {logging_mixin.py:154} INFO - [2025-06-16T22:08:45.108-0300] {dag.py:3722} INFO - Setting next_dagrun for tutorial_taskflow_api to None, run_after=None
[2025-06-16T22:08:45.193-0300] {processor.py:179} INFO - Processing /mnt/c/Users/arcan/Documents/airflow/.venv/lib/python3.10/site-packages/airflow/example_dags/tutorial_taskflow_api.py took 0.189 seconds
[2025-06-16T22:09:48.845-0300] {processor.py:157} INFO - Started process (PID=58504) to work on /mnt/c/Users/arcan/Documents/airflow/.venv/lib/python3.10/site-packages/airflow/example_dags/tutorial_taskflow_api.py
[2025-06-16T22:09:48.847-0300] {processor.py:829} INFO - Processing file /mnt/c/Users/arcan/Documents/airflow/.venv/lib/python3.10/site-packages/airflow/example_dags/tutorial_taskflow_api.py for tasks to queue
[2025-06-16T22:09:48.849-0300] {logging_mixin.py:154} INFO - [2025-06-16T22:09:48.848-0300] {dagbag.py:536} INFO - Filling up the DagBag from /mnt/c/Users/arcan/Documents/airflow/.venv/lib/python3.10/site-packages/airflow/example_dags/tutorial_taskflow_api.py
[2025-06-16T22:09:48.886-0300] {processor.py:839} INFO - DAG(s) dict_keys(['tutorial_taskflow_api']) retrieved from /mnt/c/Users/arcan/Documents/airflow/.venv/lib/python3.10/site-packages/airflow/example_dags/tutorial_taskflow_api.py
[2025-06-16T22:09:48.929-0300] {logging_mixin.py:154} INFO - [2025-06-16T22:09:48.929-0300] {dag.py:2941} INFO - Sync 1 DAGs
[2025-06-16T22:09:48.950-0300] {logging_mixin.py:154} INFO - [2025-06-16T22:09:48.950-0300] {dag.py:3722} INFO - Setting next_dagrun for tutorial_taskflow_api to None, run_after=None
[2025-06-16T22:09:49.050-0300] {processor.py:179} INFO - Processing /mnt/c/Users/arcan/Documents/airflow/.venv/lib/python3.10/site-packages/airflow/example_dags/tutorial_taskflow_api.py took 0.212 seconds
[2025-06-16T22:10:54.205-0300] {processor.py:157} INFO - Started process (PID=58699) to work on /mnt/c/Users/arcan/Documents/airflow/.venv/lib/python3.10/site-packages/airflow/example_dags/tutorial_taskflow_api.py
[2025-06-16T22:10:54.207-0300] {processor.py:829} INFO - Processing file /mnt/c/Users/arcan/Documents/airflow/.venv/lib/python3.10/site-packages/airflow/example_dags/tutorial_taskflow_api.py for tasks to queue
[2025-06-16T22:10:54.209-0300] {logging_mixin.py:154} INFO - [2025-06-16T22:10:54.209-0300] {dagbag.py:536} INFO - Filling up the DagBag from /mnt/c/Users/arcan/Documents/airflow/.venv/lib/python3.10/site-packages/airflow/example_dags/tutorial_taskflow_api.py
[2025-06-16T22:10:54.241-0300] {processor.py:839} INFO - DAG(s) dict_keys(['tutorial_taskflow_api']) retrieved from /mnt/c/Users/arcan/Documents/airflow/.venv/lib/python3.10/site-packages/airflow/example_dags/tutorial_taskflow_api.py
[2025-06-16T22:10:54.279-0300] {logging_mixin.py:154} INFO - [2025-06-16T22:10:54.278-0300] {dag.py:2941} INFO - Sync 1 DAGs
[2025-06-16T22:10:54.298-0300] {logging_mixin.py:154} INFO - [2025-06-16T22:10:54.298-0300] {dag.py:3722} INFO - Setting next_dagrun for tutorial_taskflow_api to None, run_after=None
[2025-06-16T22:10:54.391-0300] {processor.py:179} INFO - Processing /mnt/c/Users/arcan/Documents/airflow/.venv/lib/python3.10/site-packages/airflow/example_dags/tutorial_taskflow_api.py took 0.192 seconds
[2025-06-16T22:11:53.195-0300] {processor.py:157} INFO - Started process (PID=58882) to work on /mnt/c/Users/arcan/Documents/airflow/.venv/lib/python3.10/site-packages/airflow/example_dags/tutorial_taskflow_api.py
[2025-06-16T22:11:53.197-0300] {processor.py:829} INFO - Processing file /mnt/c/Users/arcan/Documents/airflow/.venv/lib/python3.10/site-packages/airflow/example_dags/tutorial_taskflow_api.py for tasks to queue
[2025-06-16T22:11:53.200-0300] {logging_mixin.py:154} INFO - [2025-06-16T22:11:53.199-0300] {dagbag.py:536} INFO - Filling up the DagBag from /mnt/c/Users/arcan/Documents/airflow/.venv/lib/python3.10/site-packages/airflow/example_dags/tutorial_taskflow_api.py
[2025-06-16T22:11:53.248-0300] {processor.py:839} INFO - DAG(s) dict_keys(['tutorial_taskflow_api']) retrieved from /mnt/c/Users/arcan/Documents/airflow/.venv/lib/python3.10/site-packages/airflow/example_dags/tutorial_taskflow_api.py
[2025-06-16T22:11:53.338-0300] {logging_mixin.py:154} INFO - [2025-06-16T22:11:53.337-0300] {dag.py:2941} INFO - Sync 1 DAGs
[2025-06-16T22:11:53.373-0300] {logging_mixin.py:154} INFO - [2025-06-16T22:11:53.372-0300] {dag.py:3722} INFO - Setting next_dagrun for tutorial_taskflow_api to None, run_after=None
[2025-06-16T22:11:53.466-0300] {processor.py:179} INFO - Processing /mnt/c/Users/arcan/Documents/airflow/.venv/lib/python3.10/site-packages/airflow/example_dags/tutorial_taskflow_api.py took 0.277 seconds
[2025-06-16T22:12:51.240-0300] {processor.py:157} INFO - Started process (PID=59057) to work on /mnt/c/Users/arcan/Documents/airflow/.venv/lib/python3.10/site-packages/airflow/example_dags/tutorial_taskflow_api.py
[2025-06-16T22:12:51.241-0300] {processor.py:829} INFO - Processing file /mnt/c/Users/arcan/Documents/airflow/.venv/lib/python3.10/site-packages/airflow/example_dags/tutorial_taskflow_api.py for tasks to queue
[2025-06-16T22:12:51.243-0300] {logging_mixin.py:154} INFO - [2025-06-16T22:12:51.242-0300] {dagbag.py:536} INFO - Filling up the DagBag from /mnt/c/Users/arcan/Documents/airflow/.venv/lib/python3.10/site-packages/airflow/example_dags/tutorial_taskflow_api.py
[2025-06-16T22:12:51.273-0300] {processor.py:839} INFO - DAG(s) dict_keys(['tutorial_taskflow_api']) retrieved from /mnt/c/Users/arcan/Documents/airflow/.venv/lib/python3.10/site-packages/airflow/example_dags/tutorial_taskflow_api.py
[2025-06-16T22:12:51.318-0300] {logging_mixin.py:154} INFO - [2025-06-16T22:12:51.318-0300] {dag.py:2941} INFO - Sync 1 DAGs
[2025-06-16T22:12:51.338-0300] {logging_mixin.py:154} INFO - [2025-06-16T22:12:51.338-0300] {dag.py:3722} INFO - Setting next_dagrun for tutorial_taskflow_api to None, run_after=None
[2025-06-16T22:12:51.428-0300] {processor.py:179} INFO - Processing /mnt/c/Users/arcan/Documents/airflow/.venv/lib/python3.10/site-packages/airflow/example_dags/tutorial_taskflow_api.py took 0.193 seconds
[2025-06-16T22:13:58.752-0300] {processor.py:157} INFO - Started process (PID=59257) to work on /mnt/c/Users/arcan/Documents/airflow/.venv/lib/python3.10/site-packages/airflow/example_dags/tutorial_taskflow_api.py
[2025-06-16T22:13:58.754-0300] {processor.py:829} INFO - Processing file /mnt/c/Users/arcan/Documents/airflow/.venv/lib/python3.10/site-packages/airflow/example_dags/tutorial_taskflow_api.py for tasks to queue
[2025-06-16T22:13:58.757-0300] {logging_mixin.py:154} INFO - [2025-06-16T22:13:58.756-0300] {dagbag.py:536} INFO - Filling up the DagBag from /mnt/c/Users/arcan/Documents/airflow/.venv/lib/python3.10/site-packages/airflow/example_dags/tutorial_taskflow_api.py
[2025-06-16T22:13:58.794-0300] {processor.py:839} INFO - DAG(s) dict_keys(['tutorial_taskflow_api']) retrieved from /mnt/c/Users/arcan/Documents/airflow/.venv/lib/python3.10/site-packages/airflow/example_dags/tutorial_taskflow_api.py
[2025-06-16T22:13:58.841-0300] {logging_mixin.py:154} INFO - [2025-06-16T22:13:58.841-0300] {dag.py:2941} INFO - Sync 1 DAGs
[2025-06-16T22:13:58.874-0300] {logging_mixin.py:154} INFO - [2025-06-16T22:13:58.873-0300] {dag.py:3722} INFO - Setting next_dagrun for tutorial_taskflow_api to None, run_after=None
[2025-06-16T22:13:58.968-0300] {processor.py:179} INFO - Processing /mnt/c/Users/arcan/Documents/airflow/.venv/lib/python3.10/site-packages/airflow/example_dags/tutorial_taskflow_api.py took 0.221 seconds
[2025-06-16T22:15:08.388-0300] {processor.py:157} INFO - Started process (PID=59463) to work on /mnt/c/Users/arcan/Documents/airflow/.venv/lib/python3.10/site-packages/airflow/example_dags/tutorial_taskflow_api.py
[2025-06-16T22:15:08.390-0300] {processor.py:829} INFO - Processing file /mnt/c/Users/arcan/Documents/airflow/.venv/lib/python3.10/site-packages/airflow/example_dags/tutorial_taskflow_api.py for tasks to queue
[2025-06-16T22:15:08.392-0300] {logging_mixin.py:154} INFO - [2025-06-16T22:15:08.391-0300] {dagbag.py:536} INFO - Filling up the DagBag from /mnt/c/Users/arcan/Documents/airflow/.venv/lib/python3.10/site-packages/airflow/example_dags/tutorial_taskflow_api.py
[2025-06-16T22:15:08.424-0300] {processor.py:839} INFO - DAG(s) dict_keys(['tutorial_taskflow_api']) retrieved from /mnt/c/Users/arcan/Documents/airflow/.venv/lib/python3.10/site-packages/airflow/example_dags/tutorial_taskflow_api.py
[2025-06-16T22:15:08.464-0300] {logging_mixin.py:154} INFO - [2025-06-16T22:15:08.464-0300] {dag.py:2941} INFO - Sync 1 DAGs
[2025-06-16T22:15:08.480-0300] {logging_mixin.py:154} INFO - [2025-06-16T22:15:08.480-0300] {dag.py:3722} INFO - Setting next_dagrun for tutorial_taskflow_api to None, run_after=None
[2025-06-16T22:15:08.561-0300] {processor.py:179} INFO - Processing /mnt/c/Users/arcan/Documents/airflow/.venv/lib/python3.10/site-packages/airflow/example_dags/tutorial_taskflow_api.py took 0.178 seconds
[2025-06-16T22:16:18.873-0300] {processor.py:157} INFO - Started process (PID=59798) to work on /mnt/c/Users/arcan/Documents/airflow/.venv/lib/python3.10/site-packages/airflow/example_dags/tutorial_taskflow_api.py
[2025-06-16T22:16:18.879-0300] {processor.py:829} INFO - Processing file /mnt/c/Users/arcan/Documents/airflow/.venv/lib/python3.10/site-packages/airflow/example_dags/tutorial_taskflow_api.py for tasks to queue
[2025-06-16T22:16:18.882-0300] {logging_mixin.py:154} INFO - [2025-06-16T22:16:18.881-0300] {dagbag.py:536} INFO - Filling up the DagBag from /mnt/c/Users/arcan/Documents/airflow/.venv/lib/python3.10/site-packages/airflow/example_dags/tutorial_taskflow_api.py
[2025-06-16T22:16:18.965-0300] {processor.py:839} INFO - DAG(s) dict_keys(['tutorial_taskflow_api']) retrieved from /mnt/c/Users/arcan/Documents/airflow/.venv/lib/python3.10/site-packages/airflow/example_dags/tutorial_taskflow_api.py
[2025-06-16T22:16:19.040-0300] {logging_mixin.py:154} INFO - [2025-06-16T22:16:19.040-0300] {dag.py:2941} INFO - Sync 1 DAGs
[2025-06-16T22:16:19.079-0300] {logging_mixin.py:154} INFO - [2025-06-16T22:16:19.079-0300] {dag.py:3722} INFO - Setting next_dagrun for tutorial_taskflow_api to None, run_after=None
[2025-06-16T22:16:19.220-0300] {processor.py:179} INFO - Processing /mnt/c/Users/arcan/Documents/airflow/.venv/lib/python3.10/site-packages/airflow/example_dags/tutorial_taskflow_api.py took 0.361 seconds
[2025-06-16T22:17:23.386-0300] {processor.py:157} INFO - Started process (PID=59994) to work on /mnt/c/Users/arcan/Documents/airflow/.venv/lib/python3.10/site-packages/airflow/example_dags/tutorial_taskflow_api.py
[2025-06-16T22:17:23.389-0300] {processor.py:829} INFO - Processing file /mnt/c/Users/arcan/Documents/airflow/.venv/lib/python3.10/site-packages/airflow/example_dags/tutorial_taskflow_api.py for tasks to queue
[2025-06-16T22:17:23.391-0300] {logging_mixin.py:154} INFO - [2025-06-16T22:17:23.390-0300] {dagbag.py:536} INFO - Filling up the DagBag from /mnt/c/Users/arcan/Documents/airflow/.venv/lib/python3.10/site-packages/airflow/example_dags/tutorial_taskflow_api.py
[2025-06-16T22:17:23.443-0300] {processor.py:839} INFO - DAG(s) dict_keys(['tutorial_taskflow_api']) retrieved from /mnt/c/Users/arcan/Documents/airflow/.venv/lib/python3.10/site-packages/airflow/example_dags/tutorial_taskflow_api.py
[2025-06-16T22:17:23.508-0300] {logging_mixin.py:154} INFO - [2025-06-16T22:17:23.508-0300] {dag.py:2941} INFO - Sync 1 DAGs
[2025-06-16T22:17:23.551-0300] {logging_mixin.py:154} INFO - [2025-06-16T22:17:23.550-0300] {dag.py:3722} INFO - Setting next_dagrun for tutorial_taskflow_api to None, run_after=None
[2025-06-16T22:17:23.720-0300] {processor.py:179} INFO - Processing /mnt/c/Users/arcan/Documents/airflow/.venv/lib/python3.10/site-packages/airflow/example_dags/tutorial_taskflow_api.py took 0.340 seconds
[2025-06-16T22:18:03.430-0300] {processor.py:157} INFO - Started process (PID=60112) to work on /mnt/c/Users/arcan/Documents/airflow/.venv/lib/python3.10/site-packages/airflow/example_dags/tutorial_taskflow_api.py
[2025-06-16T22:18:03.433-0300] {processor.py:829} INFO - Processing file /mnt/c/Users/arcan/Documents/airflow/.venv/lib/python3.10/site-packages/airflow/example_dags/tutorial_taskflow_api.py for tasks to queue
[2025-06-16T22:18:03.436-0300] {logging_mixin.py:154} INFO - [2025-06-16T22:18:03.435-0300] {dagbag.py:536} INFO - Filling up the DagBag from /mnt/c/Users/arcan/Documents/airflow/.venv/lib/python3.10/site-packages/airflow/example_dags/tutorial_taskflow_api.py
[2025-06-16T22:18:03.486-0300] {processor.py:839} INFO - DAG(s) dict_keys(['tutorial_taskflow_api']) retrieved from /mnt/c/Users/arcan/Documents/airflow/.venv/lib/python3.10/site-packages/airflow/example_dags/tutorial_taskflow_api.py
[2025-06-16T22:18:03.550-0300] {logging_mixin.py:154} INFO - [2025-06-16T22:18:03.550-0300] {dag.py:2941} INFO - Sync 1 DAGs
[2025-06-16T22:18:03.576-0300] {logging_mixin.py:154} INFO - [2025-06-16T22:18:03.576-0300] {dag.py:3722} INFO - Setting next_dagrun for tutorial_taskflow_api to None, run_after=None
[2025-06-16T22:18:03.699-0300] {processor.py:179} INFO - Processing /mnt/c/Users/arcan/Documents/airflow/.venv/lib/python3.10/site-packages/airflow/example_dags/tutorial_taskflow_api.py took 0.277 seconds
[2025-06-16T22:18:47.918-0300] {processor.py:157} INFO - Started process (PID=60237) to work on /mnt/c/Users/arcan/Documents/airflow/.venv/lib/python3.10/site-packages/airflow/example_dags/tutorial_taskflow_api.py
[2025-06-16T22:18:47.921-0300] {processor.py:829} INFO - Processing file /mnt/c/Users/arcan/Documents/airflow/.venv/lib/python3.10/site-packages/airflow/example_dags/tutorial_taskflow_api.py for tasks to queue
[2025-06-16T22:18:47.924-0300] {logging_mixin.py:154} INFO - [2025-06-16T22:18:47.923-0300] {dagbag.py:536} INFO - Filling up the DagBag from /mnt/c/Users/arcan/Documents/airflow/.venv/lib/python3.10/site-packages/airflow/example_dags/tutorial_taskflow_api.py
[2025-06-16T22:18:47.972-0300] {processor.py:839} INFO - DAG(s) dict_keys(['tutorial_taskflow_api']) retrieved from /mnt/c/Users/arcan/Documents/airflow/.venv/lib/python3.10/site-packages/airflow/example_dags/tutorial_taskflow_api.py
[2025-06-16T22:18:48.031-0300] {logging_mixin.py:154} INFO - [2025-06-16T22:18:48.031-0300] {dag.py:2941} INFO - Sync 1 DAGs
[2025-06-16T22:18:48.057-0300] {logging_mixin.py:154} INFO - [2025-06-16T22:18:48.057-0300] {dag.py:3722} INFO - Setting next_dagrun for tutorial_taskflow_api to None, run_after=None
[2025-06-16T22:18:48.195-0300] {processor.py:179} INFO - Processing /mnt/c/Users/arcan/Documents/airflow/.venv/lib/python3.10/site-packages/airflow/example_dags/tutorial_taskflow_api.py took 0.284 seconds
[2025-06-16T22:19:31.868-0300] {processor.py:157} INFO - Started process (PID=60363) to work on /mnt/c/Users/arcan/Documents/airflow/.venv/lib/python3.10/site-packages/airflow/example_dags/tutorial_taskflow_api.py
[2025-06-16T22:19:31.871-0300] {processor.py:829} INFO - Processing file /mnt/c/Users/arcan/Documents/airflow/.venv/lib/python3.10/site-packages/airflow/example_dags/tutorial_taskflow_api.py for tasks to queue
[2025-06-16T22:19:31.873-0300] {logging_mixin.py:154} INFO - [2025-06-16T22:19:31.873-0300] {dagbag.py:536} INFO - Filling up the DagBag from /mnt/c/Users/arcan/Documents/airflow/.venv/lib/python3.10/site-packages/airflow/example_dags/tutorial_taskflow_api.py
[2025-06-16T22:19:31.921-0300] {processor.py:839} INFO - DAG(s) dict_keys(['tutorial_taskflow_api']) retrieved from /mnt/c/Users/arcan/Documents/airflow/.venv/lib/python3.10/site-packages/airflow/example_dags/tutorial_taskflow_api.py
[2025-06-16T22:19:31.981-0300] {logging_mixin.py:154} INFO - [2025-06-16T22:19:31.981-0300] {dag.py:2941} INFO - Sync 1 DAGs
[2025-06-16T22:19:32.017-0300] {logging_mixin.py:154} INFO - [2025-06-16T22:19:32.017-0300] {dag.py:3722} INFO - Setting next_dagrun for tutorial_taskflow_api to None, run_after=None
[2025-06-16T22:19:32.241-0300] {processor.py:179} INFO - Processing /mnt/c/Users/arcan/Documents/airflow/.venv/lib/python3.10/site-packages/airflow/example_dags/tutorial_taskflow_api.py took 0.379 seconds
[2025-06-16T22:20:14.643-0300] {processor.py:157} INFO - Started process (PID=60490) to work on /mnt/c/Users/arcan/Documents/airflow/.venv/lib/python3.10/site-packages/airflow/example_dags/tutorial_taskflow_api.py
[2025-06-16T22:20:14.645-0300] {processor.py:829} INFO - Processing file /mnt/c/Users/arcan/Documents/airflow/.venv/lib/python3.10/site-packages/airflow/example_dags/tutorial_taskflow_api.py for tasks to queue
[2025-06-16T22:20:14.648-0300] {logging_mixin.py:154} INFO - [2025-06-16T22:20:14.647-0300] {dagbag.py:536} INFO - Filling up the DagBag from /mnt/c/Users/arcan/Documents/airflow/.venv/lib/python3.10/site-packages/airflow/example_dags/tutorial_taskflow_api.py
[2025-06-16T22:20:14.699-0300] {processor.py:839} INFO - DAG(s) dict_keys(['tutorial_taskflow_api']) retrieved from /mnt/c/Users/arcan/Documents/airflow/.venv/lib/python3.10/site-packages/airflow/example_dags/tutorial_taskflow_api.py
[2025-06-16T22:20:14.770-0300] {logging_mixin.py:154} INFO - [2025-06-16T22:20:14.769-0300] {dag.py:2941} INFO - Sync 1 DAGs
[2025-06-16T22:20:14.800-0300] {logging_mixin.py:154} INFO - [2025-06-16T22:20:14.800-0300] {dag.py:3722} INFO - Setting next_dagrun for tutorial_taskflow_api to None, run_after=None
[2025-06-16T22:20:14.978-0300] {processor.py:179} INFO - Processing /mnt/c/Users/arcan/Documents/airflow/.venv/lib/python3.10/site-packages/airflow/example_dags/tutorial_taskflow_api.py took 0.342 seconds
[2025-06-16T22:20:55.853-0300] {processor.py:157} INFO - Started process (PID=60607) to work on /mnt/c/Users/arcan/Documents/airflow/.venv/lib/python3.10/site-packages/airflow/example_dags/tutorial_taskflow_api.py
[2025-06-16T22:20:55.856-0300] {processor.py:829} INFO - Processing file /mnt/c/Users/arcan/Documents/airflow/.venv/lib/python3.10/site-packages/airflow/example_dags/tutorial_taskflow_api.py for tasks to queue
[2025-06-16T22:20:55.860-0300] {logging_mixin.py:154} INFO - [2025-06-16T22:20:55.859-0300] {dagbag.py:536} INFO - Filling up the DagBag from /mnt/c/Users/arcan/Documents/airflow/.venv/lib/python3.10/site-packages/airflow/example_dags/tutorial_taskflow_api.py
[2025-06-16T22:20:55.913-0300] {processor.py:839} INFO - DAG(s) dict_keys(['tutorial_taskflow_api']) retrieved from /mnt/c/Users/arcan/Documents/airflow/.venv/lib/python3.10/site-packages/airflow/example_dags/tutorial_taskflow_api.py
[2025-06-16T22:20:55.987-0300] {logging_mixin.py:154} INFO - [2025-06-16T22:20:55.987-0300] {dag.py:2941} INFO - Sync 1 DAGs
[2025-06-16T22:20:56.024-0300] {logging_mixin.py:154} INFO - [2025-06-16T22:20:56.024-0300] {dag.py:3722} INFO - Setting next_dagrun for tutorial_taskflow_api to None, run_after=None
[2025-06-16T22:20:56.187-0300] {processor.py:179} INFO - Processing /mnt/c/Users/arcan/Documents/airflow/.venv/lib/python3.10/site-packages/airflow/example_dags/tutorial_taskflow_api.py took 0.340 seconds
[2025-06-16T22:21:35.696-0300] {processor.py:157} INFO - Started process (PID=60719) to work on /mnt/c/Users/arcan/Documents/airflow/.venv/lib/python3.10/site-packages/airflow/example_dags/tutorial_taskflow_api.py
[2025-06-16T22:21:35.699-0300] {processor.py:829} INFO - Processing file /mnt/c/Users/arcan/Documents/airflow/.venv/lib/python3.10/site-packages/airflow/example_dags/tutorial_taskflow_api.py for tasks to queue
[2025-06-16T22:21:35.701-0300] {logging_mixin.py:154} INFO - [2025-06-16T22:21:35.700-0300] {dagbag.py:536} INFO - Filling up the DagBag from /mnt/c/Users/arcan/Documents/airflow/.venv/lib/python3.10/site-packages/airflow/example_dags/tutorial_taskflow_api.py
[2025-06-16T22:21:35.752-0300] {processor.py:839} INFO - DAG(s) dict_keys(['tutorial_taskflow_api']) retrieved from /mnt/c/Users/arcan/Documents/airflow/.venv/lib/python3.10/site-packages/airflow/example_dags/tutorial_taskflow_api.py
[2025-06-16T22:21:35.810-0300] {logging_mixin.py:154} INFO - [2025-06-16T22:21:35.810-0300] {dag.py:2941} INFO - Sync 1 DAGs
[2025-06-16T22:21:35.835-0300] {logging_mixin.py:154} INFO - [2025-06-16T22:21:35.834-0300] {dag.py:3722} INFO - Setting next_dagrun for tutorial_taskflow_api to None, run_after=None
[2025-06-16T22:21:35.972-0300] {processor.py:179} INFO - Processing /mnt/c/Users/arcan/Documents/airflow/.venv/lib/python3.10/site-packages/airflow/example_dags/tutorial_taskflow_api.py took 0.283 seconds
[2025-06-16T22:22:17.551-0300] {processor.py:157} INFO - Started process (PID=60835) to work on /mnt/c/Users/arcan/Documents/airflow/.venv/lib/python3.10/site-packages/airflow/example_dags/tutorial_taskflow_api.py
[2025-06-16T22:22:17.554-0300] {processor.py:829} INFO - Processing file /mnt/c/Users/arcan/Documents/airflow/.venv/lib/python3.10/site-packages/airflow/example_dags/tutorial_taskflow_api.py for tasks to queue
[2025-06-16T22:22:17.558-0300] {logging_mixin.py:154} INFO - [2025-06-16T22:22:17.556-0300] {dagbag.py:536} INFO - Filling up the DagBag from /mnt/c/Users/arcan/Documents/airflow/.venv/lib/python3.10/site-packages/airflow/example_dags/tutorial_taskflow_api.py
[2025-06-16T22:22:17.618-0300] {processor.py:839} INFO - DAG(s) dict_keys(['tutorial_taskflow_api']) retrieved from /mnt/c/Users/arcan/Documents/airflow/.venv/lib/python3.10/site-packages/airflow/example_dags/tutorial_taskflow_api.py
[2025-06-16T22:22:17.683-0300] {logging_mixin.py:154} INFO - [2025-06-16T22:22:17.683-0300] {dag.py:2941} INFO - Sync 1 DAGs
[2025-06-16T22:22:17.711-0300] {logging_mixin.py:154} INFO - [2025-06-16T22:22:17.711-0300] {dag.py:3722} INFO - Setting next_dagrun for tutorial_taskflow_api to None, run_after=None
[2025-06-16T22:22:17.887-0300] {processor.py:179} INFO - Processing /mnt/c/Users/arcan/Documents/airflow/.venv/lib/python3.10/site-packages/airflow/example_dags/tutorial_taskflow_api.py took 0.346 seconds
[2025-06-16T22:22:58.529-0300] {processor.py:157} INFO - Started process (PID=60953) to work on /mnt/c/Users/arcan/Documents/airflow/.venv/lib/python3.10/site-packages/airflow/example_dags/tutorial_taskflow_api.py
[2025-06-16T22:22:58.533-0300] {processor.py:829} INFO - Processing file /mnt/c/Users/arcan/Documents/airflow/.venv/lib/python3.10/site-packages/airflow/example_dags/tutorial_taskflow_api.py for tasks to queue
[2025-06-16T22:22:58.536-0300] {logging_mixin.py:154} INFO - [2025-06-16T22:22:58.535-0300] {dagbag.py:536} INFO - Filling up the DagBag from /mnt/c/Users/arcan/Documents/airflow/.venv/lib/python3.10/site-packages/airflow/example_dags/tutorial_taskflow_api.py
[2025-06-16T22:22:58.598-0300] {processor.py:839} INFO - DAG(s) dict_keys(['tutorial_taskflow_api']) retrieved from /mnt/c/Users/arcan/Documents/airflow/.venv/lib/python3.10/site-packages/airflow/example_dags/tutorial_taskflow_api.py
[2025-06-16T22:22:58.662-0300] {logging_mixin.py:154} INFO - [2025-06-16T22:22:58.662-0300] {dag.py:2941} INFO - Sync 1 DAGs
[2025-06-16T22:22:58.691-0300] {logging_mixin.py:154} INFO - [2025-06-16T22:22:58.691-0300] {dag.py:3722} INFO - Setting next_dagrun for tutorial_taskflow_api to None, run_after=None
[2025-06-16T22:22:58.839-0300] {processor.py:179} INFO - Processing /mnt/c/Users/arcan/Documents/airflow/.venv/lib/python3.10/site-packages/airflow/example_dags/tutorial_taskflow_api.py took 0.321 seconds
[2025-06-16T22:23:40.087-0300] {processor.py:157} INFO - Started process (PID=61076) to work on /mnt/c/Users/arcan/Documents/airflow/.venv/lib/python3.10/site-packages/airflow/example_dags/tutorial_taskflow_api.py
[2025-06-16T22:23:40.090-0300] {processor.py:829} INFO - Processing file /mnt/c/Users/arcan/Documents/airflow/.venv/lib/python3.10/site-packages/airflow/example_dags/tutorial_taskflow_api.py for tasks to queue
[2025-06-16T22:23:40.093-0300] {logging_mixin.py:154} INFO - [2025-06-16T22:23:40.091-0300] {dagbag.py:536} INFO - Filling up the DagBag from /mnt/c/Users/arcan/Documents/airflow/.venv/lib/python3.10/site-packages/airflow/example_dags/tutorial_taskflow_api.py
[2025-06-16T22:23:40.144-0300] {processor.py:839} INFO - DAG(s) dict_keys(['tutorial_taskflow_api']) retrieved from /mnt/c/Users/arcan/Documents/airflow/.venv/lib/python3.10/site-packages/airflow/example_dags/tutorial_taskflow_api.py
[2025-06-16T22:23:40.204-0300] {logging_mixin.py:154} INFO - [2025-06-16T22:23:40.204-0300] {dag.py:2941} INFO - Sync 1 DAGs
[2025-06-16T22:23:40.227-0300] {logging_mixin.py:154} INFO - [2025-06-16T22:23:40.227-0300] {dag.py:3722} INFO - Setting next_dagrun for tutorial_taskflow_api to None, run_after=None
[2025-06-16T22:23:40.366-0300] {processor.py:179} INFO - Processing /mnt/c/Users/arcan/Documents/airflow/.venv/lib/python3.10/site-packages/airflow/example_dags/tutorial_taskflow_api.py took 0.287 seconds
[2025-06-16T22:24:24.120-0300] {processor.py:157} INFO - Started process (PID=61326) to work on /mnt/c/Users/arcan/Documents/airflow/.venv/lib/python3.10/site-packages/airflow/example_dags/tutorial_taskflow_api.py
[2025-06-16T22:24:24.123-0300] {processor.py:829} INFO - Processing file /mnt/c/Users/arcan/Documents/airflow/.venv/lib/python3.10/site-packages/airflow/example_dags/tutorial_taskflow_api.py for tasks to queue
[2025-06-16T22:24:24.125-0300] {logging_mixin.py:154} INFO - [2025-06-16T22:24:24.124-0300] {dagbag.py:536} INFO - Filling up the DagBag from /mnt/c/Users/arcan/Documents/airflow/.venv/lib/python3.10/site-packages/airflow/example_dags/tutorial_taskflow_api.py
[2025-06-16T22:24:24.166-0300] {processor.py:839} INFO - DAG(s) dict_keys(['tutorial_taskflow_api']) retrieved from /mnt/c/Users/arcan/Documents/airflow/.venv/lib/python3.10/site-packages/airflow/example_dags/tutorial_taskflow_api.py
[2025-06-16T22:24:24.217-0300] {logging_mixin.py:154} INFO - [2025-06-16T22:24:24.217-0300] {dag.py:2941} INFO - Sync 1 DAGs
[2025-06-16T22:24:24.240-0300] {logging_mixin.py:154} INFO - [2025-06-16T22:24:24.239-0300] {dag.py:3722} INFO - Setting next_dagrun for tutorial_taskflow_api to None, run_after=None
[2025-06-16T22:24:24.413-0300] {processor.py:179} INFO - Processing /mnt/c/Users/arcan/Documents/airflow/.venv/lib/python3.10/site-packages/airflow/example_dags/tutorial_taskflow_api.py took 0.299 seconds
[2025-06-16T22:25:03.736-0300] {processor.py:157} INFO - Started process (PID=61439) to work on /mnt/c/Users/arcan/Documents/airflow/.venv/lib/python3.10/site-packages/airflow/example_dags/tutorial_taskflow_api.py
[2025-06-16T22:25:03.739-0300] {processor.py:829} INFO - Processing file /mnt/c/Users/arcan/Documents/airflow/.venv/lib/python3.10/site-packages/airflow/example_dags/tutorial_taskflow_api.py for tasks to queue
[2025-06-16T22:25:03.741-0300] {logging_mixin.py:154} INFO - [2025-06-16T22:25:03.740-0300] {dagbag.py:536} INFO - Filling up the DagBag from /mnt/c/Users/arcan/Documents/airflow/.venv/lib/python3.10/site-packages/airflow/example_dags/tutorial_taskflow_api.py
[2025-06-16T22:25:03.805-0300] {processor.py:839} INFO - DAG(s) dict_keys(['tutorial_taskflow_api']) retrieved from /mnt/c/Users/arcan/Documents/airflow/.venv/lib/python3.10/site-packages/airflow/example_dags/tutorial_taskflow_api.py
[2025-06-16T22:25:03.867-0300] {logging_mixin.py:154} INFO - [2025-06-16T22:25:03.867-0300] {dag.py:2941} INFO - Sync 1 DAGs
[2025-06-16T22:25:03.891-0300] {logging_mixin.py:154} INFO - [2025-06-16T22:25:03.891-0300] {dag.py:3722} INFO - Setting next_dagrun for tutorial_taskflow_api to None, run_after=None
[2025-06-16T22:25:04.077-0300] {processor.py:179} INFO - Processing /mnt/c/Users/arcan/Documents/airflow/.venv/lib/python3.10/site-packages/airflow/example_dags/tutorial_taskflow_api.py took 0.347 seconds
[2025-06-16T22:25:42.837-0300] {processor.py:157} INFO - Started process (PID=61548) to work on /mnt/c/Users/arcan/Documents/airflow/.venv/lib/python3.10/site-packages/airflow/example_dags/tutorial_taskflow_api.py
[2025-06-16T22:25:42.839-0300] {processor.py:829} INFO - Processing file /mnt/c/Users/arcan/Documents/airflow/.venv/lib/python3.10/site-packages/airflow/example_dags/tutorial_taskflow_api.py for tasks to queue
[2025-06-16T22:25:42.842-0300] {logging_mixin.py:154} INFO - [2025-06-16T22:25:42.841-0300] {dagbag.py:536} INFO - Filling up the DagBag from /mnt/c/Users/arcan/Documents/airflow/.venv/lib/python3.10/site-packages/airflow/example_dags/tutorial_taskflow_api.py
[2025-06-16T22:25:42.893-0300] {processor.py:839} INFO - DAG(s) dict_keys(['tutorial_taskflow_api']) retrieved from /mnt/c/Users/arcan/Documents/airflow/.venv/lib/python3.10/site-packages/airflow/example_dags/tutorial_taskflow_api.py
[2025-06-16T22:25:42.958-0300] {logging_mixin.py:154} INFO - [2025-06-16T22:25:42.958-0300] {dag.py:2941} INFO - Sync 1 DAGs
[2025-06-16T22:25:42.998-0300] {logging_mixin.py:154} INFO - [2025-06-16T22:25:42.998-0300] {dag.py:3722} INFO - Setting next_dagrun for tutorial_taskflow_api to None, run_after=None
[2025-06-16T22:25:43.143-0300] {processor.py:179} INFO - Processing /mnt/c/Users/arcan/Documents/airflow/.venv/lib/python3.10/site-packages/airflow/example_dags/tutorial_taskflow_api.py took 0.313 seconds
[2025-06-16T22:26:24.045-0300] {processor.py:157} INFO - Started process (PID=61664) to work on /mnt/c/Users/arcan/Documents/airflow/.venv/lib/python3.10/site-packages/airflow/example_dags/tutorial_taskflow_api.py
[2025-06-16T22:26:24.048-0300] {processor.py:829} INFO - Processing file /mnt/c/Users/arcan/Documents/airflow/.venv/lib/python3.10/site-packages/airflow/example_dags/tutorial_taskflow_api.py for tasks to queue
[2025-06-16T22:26:24.051-0300] {logging_mixin.py:154} INFO - [2025-06-16T22:26:24.049-0300] {dagbag.py:536} INFO - Filling up the DagBag from /mnt/c/Users/arcan/Documents/airflow/.venv/lib/python3.10/site-packages/airflow/example_dags/tutorial_taskflow_api.py
[2025-06-16T22:26:24.100-0300] {processor.py:839} INFO - DAG(s) dict_keys(['tutorial_taskflow_api']) retrieved from /mnt/c/Users/arcan/Documents/airflow/.venv/lib/python3.10/site-packages/airflow/example_dags/tutorial_taskflow_api.py
[2025-06-16T22:26:24.158-0300] {logging_mixin.py:154} INFO - [2025-06-16T22:26:24.157-0300] {dag.py:2941} INFO - Sync 1 DAGs
[2025-06-16T22:26:24.182-0300] {logging_mixin.py:154} INFO - [2025-06-16T22:26:24.181-0300] {dag.py:3722} INFO - Setting next_dagrun for tutorial_taskflow_api to None, run_after=None
[2025-06-16T22:26:24.325-0300] {processor.py:179} INFO - Processing /mnt/c/Users/arcan/Documents/airflow/.venv/lib/python3.10/site-packages/airflow/example_dags/tutorial_taskflow_api.py took 0.287 seconds
[2025-06-16T22:27:05.110-0300] {processor.py:157} INFO - Started process (PID=61783) to work on /mnt/c/Users/arcan/Documents/airflow/.venv/lib/python3.10/site-packages/airflow/example_dags/tutorial_taskflow_api.py
[2025-06-16T22:27:05.113-0300] {processor.py:829} INFO - Processing file /mnt/c/Users/arcan/Documents/airflow/.venv/lib/python3.10/site-packages/airflow/example_dags/tutorial_taskflow_api.py for tasks to queue
[2025-06-16T22:27:05.116-0300] {logging_mixin.py:154} INFO - [2025-06-16T22:27:05.115-0300] {dagbag.py:536} INFO - Filling up the DagBag from /mnt/c/Users/arcan/Documents/airflow/.venv/lib/python3.10/site-packages/airflow/example_dags/tutorial_taskflow_api.py
[2025-06-16T22:27:05.164-0300] {processor.py:839} INFO - DAG(s) dict_keys(['tutorial_taskflow_api']) retrieved from /mnt/c/Users/arcan/Documents/airflow/.venv/lib/python3.10/site-packages/airflow/example_dags/tutorial_taskflow_api.py
[2025-06-16T22:27:05.225-0300] {logging_mixin.py:154} INFO - [2025-06-16T22:27:05.225-0300] {dag.py:2941} INFO - Sync 1 DAGs
[2025-06-16T22:27:05.250-0300] {logging_mixin.py:154} INFO - [2025-06-16T22:27:05.250-0300] {dag.py:3722} INFO - Setting next_dagrun for tutorial_taskflow_api to None, run_after=None
[2025-06-16T22:27:05.393-0300] {processor.py:179} INFO - Processing /mnt/c/Users/arcan/Documents/airflow/.venv/lib/python3.10/site-packages/airflow/example_dags/tutorial_taskflow_api.py took 0.290 seconds
[2025-06-16T22:28:22.763-0300] {processor.py:157} INFO - Started process (PID=62007) to work on /mnt/c/Users/arcan/Documents/airflow/.venv/lib/python3.10/site-packages/airflow/example_dags/tutorial_taskflow_api.py
[2025-06-16T22:28:22.766-0300] {processor.py:829} INFO - Processing file /mnt/c/Users/arcan/Documents/airflow/.venv/lib/python3.10/site-packages/airflow/example_dags/tutorial_taskflow_api.py for tasks to queue
[2025-06-16T22:28:22.768-0300] {logging_mixin.py:154} INFO - [2025-06-16T22:28:22.768-0300] {dagbag.py:536} INFO - Filling up the DagBag from /mnt/c/Users/arcan/Documents/airflow/.venv/lib/python3.10/site-packages/airflow/example_dags/tutorial_taskflow_api.py
[2025-06-16T22:28:22.822-0300] {processor.py:839} INFO - DAG(s) dict_keys(['tutorial_taskflow_api']) retrieved from /mnt/c/Users/arcan/Documents/airflow/.venv/lib/python3.10/site-packages/airflow/example_dags/tutorial_taskflow_api.py
[2025-06-16T22:28:22.900-0300] {logging_mixin.py:154} INFO - [2025-06-16T22:28:22.900-0300] {dag.py:2941} INFO - Sync 1 DAGs
[2025-06-16T22:28:22.944-0300] {logging_mixin.py:154} INFO - [2025-06-16T22:28:22.944-0300] {dag.py:3722} INFO - Setting next_dagrun for tutorial_taskflow_api to None, run_after=None
[2025-06-16T22:28:23.103-0300] {processor.py:179} INFO - Processing /mnt/c/Users/arcan/Documents/airflow/.venv/lib/python3.10/site-packages/airflow/example_dags/tutorial_taskflow_api.py took 0.347 seconds
[2025-06-16T22:29:40.895-0300] {processor.py:157} INFO - Started process (PID=62229) to work on /mnt/c/Users/arcan/Documents/airflow/.venv/lib/python3.10/site-packages/airflow/example_dags/tutorial_taskflow_api.py
[2025-06-16T22:29:40.897-0300] {processor.py:829} INFO - Processing file /mnt/c/Users/arcan/Documents/airflow/.venv/lib/python3.10/site-packages/airflow/example_dags/tutorial_taskflow_api.py for tasks to queue
[2025-06-16T22:29:40.899-0300] {logging_mixin.py:154} INFO - [2025-06-16T22:29:40.898-0300] {dagbag.py:536} INFO - Filling up the DagBag from /mnt/c/Users/arcan/Documents/airflow/.venv/lib/python3.10/site-packages/airflow/example_dags/tutorial_taskflow_api.py
[2025-06-16T22:29:40.942-0300] {processor.py:839} INFO - DAG(s) dict_keys(['tutorial_taskflow_api']) retrieved from /mnt/c/Users/arcan/Documents/airflow/.venv/lib/python3.10/site-packages/airflow/example_dags/tutorial_taskflow_api.py
[2025-06-16T22:29:41.002-0300] {logging_mixin.py:154} INFO - [2025-06-16T22:29:41.002-0300] {dag.py:2941} INFO - Sync 1 DAGs
[2025-06-16T22:29:41.028-0300] {logging_mixin.py:154} INFO - [2025-06-16T22:29:41.028-0300] {dag.py:3722} INFO - Setting next_dagrun for tutorial_taskflow_api to None, run_after=None
[2025-06-16T22:29:41.187-0300] {processor.py:179} INFO - Processing /mnt/c/Users/arcan/Documents/airflow/.venv/lib/python3.10/site-packages/airflow/example_dags/tutorial_taskflow_api.py took 0.298 seconds
[2025-06-16T22:30:20.121-0300] {processor.py:157} INFO - Started process (PID=62343) to work on /mnt/c/Users/arcan/Documents/airflow/.venv/lib/python3.10/site-packages/airflow/example_dags/tutorial_taskflow_api.py
[2025-06-16T22:30:20.124-0300] {processor.py:829} INFO - Processing file /mnt/c/Users/arcan/Documents/airflow/.venv/lib/python3.10/site-packages/airflow/example_dags/tutorial_taskflow_api.py for tasks to queue
[2025-06-16T22:30:20.126-0300] {logging_mixin.py:154} INFO - [2025-06-16T22:30:20.125-0300] {dagbag.py:536} INFO - Filling up the DagBag from /mnt/c/Users/arcan/Documents/airflow/.venv/lib/python3.10/site-packages/airflow/example_dags/tutorial_taskflow_api.py
[2025-06-16T22:30:20.181-0300] {processor.py:839} INFO - DAG(s) dict_keys(['tutorial_taskflow_api']) retrieved from /mnt/c/Users/arcan/Documents/airflow/.venv/lib/python3.10/site-packages/airflow/example_dags/tutorial_taskflow_api.py
[2025-06-16T22:30:20.240-0300] {logging_mixin.py:154} INFO - [2025-06-16T22:30:20.240-0300] {dag.py:2941} INFO - Sync 1 DAGs
[2025-06-16T22:30:20.265-0300] {logging_mixin.py:154} INFO - [2025-06-16T22:30:20.265-0300] {dag.py:3722} INFO - Setting next_dagrun for tutorial_taskflow_api to None, run_after=None
[2025-06-16T22:30:20.402-0300] {processor.py:179} INFO - Processing /mnt/c/Users/arcan/Documents/airflow/.venv/lib/python3.10/site-packages/airflow/example_dags/tutorial_taskflow_api.py took 0.288 seconds
[2025-06-16T22:31:35.882-0300] {processor.py:157} INFO - Started process (PID=62564) to work on /mnt/c/Users/arcan/Documents/airflow/.venv/lib/python3.10/site-packages/airflow/example_dags/tutorial_taskflow_api.py
[2025-06-16T22:31:35.885-0300] {processor.py:829} INFO - Processing file /mnt/c/Users/arcan/Documents/airflow/.venv/lib/python3.10/site-packages/airflow/example_dags/tutorial_taskflow_api.py for tasks to queue
[2025-06-16T22:31:35.890-0300] {logging_mixin.py:154} INFO - [2025-06-16T22:31:35.888-0300] {dagbag.py:536} INFO - Filling up the DagBag from /mnt/c/Users/arcan/Documents/airflow/.venv/lib/python3.10/site-packages/airflow/example_dags/tutorial_taskflow_api.py
[2025-06-16T22:31:35.954-0300] {processor.py:839} INFO - DAG(s) dict_keys(['tutorial_taskflow_api']) retrieved from /mnt/c/Users/arcan/Documents/airflow/.venv/lib/python3.10/site-packages/airflow/example_dags/tutorial_taskflow_api.py
[2025-06-16T22:31:36.037-0300] {logging_mixin.py:154} INFO - [2025-06-16T22:31:36.036-0300] {dag.py:2941} INFO - Sync 1 DAGs
[2025-06-16T22:31:36.076-0300] {logging_mixin.py:154} INFO - [2025-06-16T22:31:36.075-0300] {dag.py:3722} INFO - Setting next_dagrun for tutorial_taskflow_api to None, run_after=None
[2025-06-16T22:31:36.236-0300] {processor.py:179} INFO - Processing /mnt/c/Users/arcan/Documents/airflow/.venv/lib/python3.10/site-packages/airflow/example_dags/tutorial_taskflow_api.py took 0.365 seconds
[2025-06-16T22:32:31.630-0300] {processor.py:157} INFO - Started process (PID=62802) to work on /mnt/c/Users/arcan/Documents/airflow/.venv/lib/python3.10/site-packages/airflow/example_dags/tutorial_taskflow_api.py
[2025-06-16T22:32:31.633-0300] {processor.py:829} INFO - Processing file /mnt/c/Users/arcan/Documents/airflow/.venv/lib/python3.10/site-packages/airflow/example_dags/tutorial_taskflow_api.py for tasks to queue
[2025-06-16T22:32:31.636-0300] {logging_mixin.py:154} INFO - [2025-06-16T22:32:31.635-0300] {dagbag.py:536} INFO - Filling up the DagBag from /mnt/c/Users/arcan/Documents/airflow/.venv/lib/python3.10/site-packages/airflow/example_dags/tutorial_taskflow_api.py
[2025-06-16T22:32:31.695-0300] {processor.py:839} INFO - DAG(s) dict_keys(['tutorial_taskflow_api']) retrieved from /mnt/c/Users/arcan/Documents/airflow/.venv/lib/python3.10/site-packages/airflow/example_dags/tutorial_taskflow_api.py
[2025-06-16T22:32:31.751-0300] {logging_mixin.py:154} INFO - [2025-06-16T22:32:31.751-0300] {dag.py:2941} INFO - Sync 1 DAGs
[2025-06-16T22:32:31.773-0300] {logging_mixin.py:154} INFO - [2025-06-16T22:32:31.773-0300] {dag.py:3722} INFO - Setting next_dagrun for tutorial_taskflow_api to None, run_after=None
[2025-06-16T22:32:31.926-0300] {processor.py:179} INFO - Processing /mnt/c/Users/arcan/Documents/airflow/.venv/lib/python3.10/site-packages/airflow/example_dags/tutorial_taskflow_api.py took 0.305 seconds
[2025-06-17T20:47:24.234-0300] {processor.py:157} INFO - Started process (PID=63008) to work on /mnt/c/Users/arcan/Documents/airflow/.venv/lib/python3.10/site-packages/airflow/example_dags/tutorial_taskflow_api.py
[2025-06-17T20:47:24.238-0300] {processor.py:829} INFO - Processing file /mnt/c/Users/arcan/Documents/airflow/.venv/lib/python3.10/site-packages/airflow/example_dags/tutorial_taskflow_api.py for tasks to queue
[2025-06-17T20:47:24.241-0300] {logging_mixin.py:154} INFO - [2025-06-17T20:47:24.239-0300] {dagbag.py:536} INFO - Filling up the DagBag from /mnt/c/Users/arcan/Documents/airflow/.venv/lib/python3.10/site-packages/airflow/example_dags/tutorial_taskflow_api.py
[2025-06-17T20:47:24.335-0300] {processor.py:839} INFO - DAG(s) dict_keys(['tutorial_taskflow_api']) retrieved from /mnt/c/Users/arcan/Documents/airflow/.venv/lib/python3.10/site-packages/airflow/example_dags/tutorial_taskflow_api.py
[2025-06-17T20:47:24.425-0300] {logging_mixin.py:154} INFO - [2025-06-17T20:47:24.424-0300] {dag.py:2941} INFO - Sync 1 DAGs
[2025-06-17T20:47:24.480-0300] {logging_mixin.py:154} INFO - [2025-06-17T20:47:24.479-0300] {dag.py:3722} INFO - Setting next_dagrun for tutorial_taskflow_api to None, run_after=None
[2025-06-17T20:47:24.652-0300] {processor.py:179} INFO - Processing /mnt/c/Users/arcan/Documents/airflow/.venv/lib/python3.10/site-packages/airflow/example_dags/tutorial_taskflow_api.py took 0.425 seconds
[2025-06-17T20:50:20.144-0300] {processor.py:157} INFO - Started process (PID=63640) to work on /mnt/c/Users/arcan/Documents/airflow/.venv/lib/python3.10/site-packages/airflow/example_dags/tutorial_taskflow_api.py
[2025-06-17T20:50:20.147-0300] {processor.py:829} INFO - Processing file /mnt/c/Users/arcan/Documents/airflow/.venv/lib/python3.10/site-packages/airflow/example_dags/tutorial_taskflow_api.py for tasks to queue
[2025-06-17T20:50:20.150-0300] {logging_mixin.py:154} INFO - [2025-06-17T20:50:20.149-0300] {dagbag.py:536} INFO - Filling up the DagBag from /mnt/c/Users/arcan/Documents/airflow/.venv/lib/python3.10/site-packages/airflow/example_dags/tutorial_taskflow_api.py
[2025-06-17T20:50:20.208-0300] {processor.py:839} INFO - DAG(s) dict_keys(['tutorial_taskflow_api']) retrieved from /mnt/c/Users/arcan/Documents/airflow/.venv/lib/python3.10/site-packages/airflow/example_dags/tutorial_taskflow_api.py
[2025-06-17T20:50:20.447-0300] {logging_mixin.py:154} INFO - [2025-06-17T20:50:20.447-0300] {dag.py:2941} INFO - Sync 1 DAGs
[2025-06-17T20:50:20.497-0300] {logging_mixin.py:154} INFO - [2025-06-17T20:50:20.496-0300] {dag.py:3722} INFO - Setting next_dagrun for tutorial_taskflow_api to None, run_after=None
[2025-06-17T20:50:20.651-0300] {processor.py:179} INFO - Processing /mnt/c/Users/arcan/Documents/airflow/.venv/lib/python3.10/site-packages/airflow/example_dags/tutorial_taskflow_api.py took 0.517 seconds
[2025-06-17T20:51:36.796-0300] {processor.py:157} INFO - Started process (PID=63738) to work on /mnt/c/Users/arcan/Documents/airflow/.venv/lib/python3.10/site-packages/airflow/example_dags/tutorial_taskflow_api.py
[2025-06-17T20:51:36.799-0300] {processor.py:829} INFO - Processing file /mnt/c/Users/arcan/Documents/airflow/.venv/lib/python3.10/site-packages/airflow/example_dags/tutorial_taskflow_api.py for tasks to queue
[2025-06-17T20:51:36.801-0300] {logging_mixin.py:154} INFO - [2025-06-17T20:51:36.800-0300] {dagbag.py:536} INFO - Filling up the DagBag from /mnt/c/Users/arcan/Documents/airflow/.venv/lib/python3.10/site-packages/airflow/example_dags/tutorial_taskflow_api.py
[2025-06-17T20:51:36.849-0300] {processor.py:839} INFO - DAG(s) dict_keys(['tutorial_taskflow_api']) retrieved from /mnt/c/Users/arcan/Documents/airflow/.venv/lib/python3.10/site-packages/airflow/example_dags/tutorial_taskflow_api.py
[2025-06-17T20:51:36.906-0300] {logging_mixin.py:154} INFO - [2025-06-17T20:51:36.905-0300] {dag.py:2941} INFO - Sync 1 DAGs
[2025-06-17T20:51:36.929-0300] {logging_mixin.py:154} INFO - [2025-06-17T20:51:36.929-0300] {dag.py:3722} INFO - Setting next_dagrun for tutorial_taskflow_api to None, run_after=None
[2025-06-17T20:51:37.058-0300] {processor.py:179} INFO - Processing /mnt/c/Users/arcan/Documents/airflow/.venv/lib/python3.10/site-packages/airflow/example_dags/tutorial_taskflow_api.py took 0.269 seconds
[2025-06-17T20:52:19.034-0300] {processor.py:157} INFO - Started process (PID=63861) to work on /mnt/c/Users/arcan/Documents/airflow/.venv/lib/python3.10/site-packages/airflow/example_dags/tutorial_taskflow_api.py
[2025-06-17T20:52:19.036-0300] {processor.py:829} INFO - Processing file /mnt/c/Users/arcan/Documents/airflow/.venv/lib/python3.10/site-packages/airflow/example_dags/tutorial_taskflow_api.py for tasks to queue
[2025-06-17T20:52:19.038-0300] {logging_mixin.py:154} INFO - [2025-06-17T20:52:19.037-0300] {dagbag.py:536} INFO - Filling up the DagBag from /mnt/c/Users/arcan/Documents/airflow/.venv/lib/python3.10/site-packages/airflow/example_dags/tutorial_taskflow_api.py
[2025-06-17T20:52:19.075-0300] {processor.py:839} INFO - DAG(s) dict_keys(['tutorial_taskflow_api']) retrieved from /mnt/c/Users/arcan/Documents/airflow/.venv/lib/python3.10/site-packages/airflow/example_dags/tutorial_taskflow_api.py
[2025-06-17T20:52:19.123-0300] {logging_mixin.py:154} INFO - [2025-06-17T20:52:19.122-0300] {dag.py:2941} INFO - Sync 1 DAGs
[2025-06-17T20:52:19.150-0300] {logging_mixin.py:154} INFO - [2025-06-17T20:52:19.150-0300] {dag.py:3722} INFO - Setting next_dagrun for tutorial_taskflow_api to None, run_after=None
[2025-06-17T20:52:19.265-0300] {processor.py:179} INFO - Processing /mnt/c/Users/arcan/Documents/airflow/.venv/lib/python3.10/site-packages/airflow/example_dags/tutorial_taskflow_api.py took 0.238 seconds
[2025-06-17T20:52:59.684-0300] {processor.py:157} INFO - Started process (PID=63969) to work on /mnt/c/Users/arcan/Documents/airflow/.venv/lib/python3.10/site-packages/airflow/example_dags/tutorial_taskflow_api.py
[2025-06-17T20:52:59.687-0300] {processor.py:829} INFO - Processing file /mnt/c/Users/arcan/Documents/airflow/.venv/lib/python3.10/site-packages/airflow/example_dags/tutorial_taskflow_api.py for tasks to queue
[2025-06-17T20:52:59.690-0300] {logging_mixin.py:154} INFO - [2025-06-17T20:52:59.689-0300] {dagbag.py:536} INFO - Filling up the DagBag from /mnt/c/Users/arcan/Documents/airflow/.venv/lib/python3.10/site-packages/airflow/example_dags/tutorial_taskflow_api.py
[2025-06-17T20:52:59.737-0300] {processor.py:839} INFO - DAG(s) dict_keys(['tutorial_taskflow_api']) retrieved from /mnt/c/Users/arcan/Documents/airflow/.venv/lib/python3.10/site-packages/airflow/example_dags/tutorial_taskflow_api.py
[2025-06-17T20:52:59.795-0300] {logging_mixin.py:154} INFO - [2025-06-17T20:52:59.795-0300] {dag.py:2941} INFO - Sync 1 DAGs
[2025-06-17T20:52:59.826-0300] {logging_mixin.py:154} INFO - [2025-06-17T20:52:59.826-0300] {dag.py:3722} INFO - Setting next_dagrun for tutorial_taskflow_api to None, run_after=None
[2025-06-17T20:52:59.957-0300] {processor.py:179} INFO - Processing /mnt/c/Users/arcan/Documents/airflow/.venv/lib/python3.10/site-packages/airflow/example_dags/tutorial_taskflow_api.py took 0.280 seconds
[2025-06-17T20:53:40.302-0300] {processor.py:157} INFO - Started process (PID=64204) to work on /mnt/c/Users/arcan/Documents/airflow/.venv/lib/python3.10/site-packages/airflow/example_dags/tutorial_taskflow_api.py
[2025-06-17T20:53:40.305-0300] {processor.py:829} INFO - Processing file /mnt/c/Users/arcan/Documents/airflow/.venv/lib/python3.10/site-packages/airflow/example_dags/tutorial_taskflow_api.py for tasks to queue
[2025-06-17T20:53:40.307-0300] {logging_mixin.py:154} INFO - [2025-06-17T20:53:40.306-0300] {dagbag.py:536} INFO - Filling up the DagBag from /mnt/c/Users/arcan/Documents/airflow/.venv/lib/python3.10/site-packages/airflow/example_dags/tutorial_taskflow_api.py
[2025-06-17T20:53:40.355-0300] {processor.py:839} INFO - DAG(s) dict_keys(['tutorial_taskflow_api']) retrieved from /mnt/c/Users/arcan/Documents/airflow/.venv/lib/python3.10/site-packages/airflow/example_dags/tutorial_taskflow_api.py
[2025-06-17T20:53:40.405-0300] {logging_mixin.py:154} INFO - [2025-06-17T20:53:40.405-0300] {dag.py:2941} INFO - Sync 1 DAGs
[2025-06-17T20:53:40.428-0300] {logging_mixin.py:154} INFO - [2025-06-17T20:53:40.427-0300] {dag.py:3722} INFO - Setting next_dagrun for tutorial_taskflow_api to None, run_after=None
[2025-06-17T20:53:40.532-0300] {processor.py:179} INFO - Processing /mnt/c/Users/arcan/Documents/airflow/.venv/lib/python3.10/site-packages/airflow/example_dags/tutorial_taskflow_api.py took 0.236 seconds
[2025-06-17T20:54:48.042-0300] {processor.py:157} INFO - Started process (PID=64402) to work on /mnt/c/Users/arcan/Documents/airflow/.venv/lib/python3.10/site-packages/airflow/example_dags/tutorial_taskflow_api.py
[2025-06-17T20:54:48.044-0300] {processor.py:829} INFO - Processing file /mnt/c/Users/arcan/Documents/airflow/.venv/lib/python3.10/site-packages/airflow/example_dags/tutorial_taskflow_api.py for tasks to queue
[2025-06-17T20:54:48.046-0300] {logging_mixin.py:154} INFO - [2025-06-17T20:54:48.046-0300] {dagbag.py:536} INFO - Filling up the DagBag from /mnt/c/Users/arcan/Documents/airflow/.venv/lib/python3.10/site-packages/airflow/example_dags/tutorial_taskflow_api.py
[2025-06-17T20:54:48.078-0300] {processor.py:839} INFO - DAG(s) dict_keys(['tutorial_taskflow_api']) retrieved from /mnt/c/Users/arcan/Documents/airflow/.venv/lib/python3.10/site-packages/airflow/example_dags/tutorial_taskflow_api.py
[2025-06-17T20:54:48.114-0300] {logging_mixin.py:154} INFO - [2025-06-17T20:54:48.114-0300] {dag.py:2941} INFO - Sync 1 DAGs
[2025-06-17T20:54:48.130-0300] {logging_mixin.py:154} INFO - [2025-06-17T20:54:48.130-0300] {dag.py:3722} INFO - Setting next_dagrun for tutorial_taskflow_api to None, run_after=None
[2025-06-17T20:54:48.235-0300] {processor.py:179} INFO - Processing /mnt/c/Users/arcan/Documents/airflow/.venv/lib/python3.10/site-packages/airflow/example_dags/tutorial_taskflow_api.py took 0.198 seconds
[2025-06-17T20:55:25.470-0300] {processor.py:157} INFO - Started process (PID=64515) to work on /mnt/c/Users/arcan/Documents/airflow/.venv/lib/python3.10/site-packages/airflow/example_dags/tutorial_taskflow_api.py
[2025-06-17T20:55:25.472-0300] {processor.py:829} INFO - Processing file /mnt/c/Users/arcan/Documents/airflow/.venv/lib/python3.10/site-packages/airflow/example_dags/tutorial_taskflow_api.py for tasks to queue
[2025-06-17T20:55:25.474-0300] {logging_mixin.py:154} INFO - [2025-06-17T20:55:25.473-0300] {dagbag.py:536} INFO - Filling up the DagBag from /mnt/c/Users/arcan/Documents/airflow/.venv/lib/python3.10/site-packages/airflow/example_dags/tutorial_taskflow_api.py
[2025-06-17T20:55:25.507-0300] {processor.py:839} INFO - DAG(s) dict_keys(['tutorial_taskflow_api']) retrieved from /mnt/c/Users/arcan/Documents/airflow/.venv/lib/python3.10/site-packages/airflow/example_dags/tutorial_taskflow_api.py
[2025-06-17T20:55:25.553-0300] {logging_mixin.py:154} INFO - [2025-06-17T20:55:25.553-0300] {dag.py:2941} INFO - Sync 1 DAGs
[2025-06-17T20:55:25.575-0300] {logging_mixin.py:154} INFO - [2025-06-17T20:55:25.575-0300] {dag.py:3722} INFO - Setting next_dagrun for tutorial_taskflow_api to None, run_after=None
[2025-06-17T20:55:25.687-0300] {processor.py:179} INFO - Processing /mnt/c/Users/arcan/Documents/airflow/.venv/lib/python3.10/site-packages/airflow/example_dags/tutorial_taskflow_api.py took 0.221 seconds
