[2025-06-16T22:03:33.529-0300] {processor.py:157} INFO - Started process (PID=57242) to work on /mnt/c/Users/arcan/Documents/airflow/.venv/lib/python3.10/site-packages/airflow/example_dags/tutorial.py
[2025-06-16T22:03:33.532-0300] {processor.py:829} INFO - Processing file /mnt/c/Users/arcan/Documents/airflow/.venv/lib/python3.10/site-packages/airflow/example_dags/tutorial.py for tasks to queue
[2025-06-16T22:03:33.537-0300] {logging_mixin.py:154} INFO - [2025-06-16T22:03:33.535-0300] {dagbag.py:536} INFO - Filling up the DagBag from /mnt/c/Users/arcan/Documents/airflow/.venv/lib/python3.10/site-packages/airflow/example_dags/tutorial.py
[2025-06-16T22:03:33.599-0300] {processor.py:839} INFO - DAG(s) dict_keys(['tutorial']) retrieved from /mnt/c/Users/arcan/Documents/airflow/.venv/lib/python3.10/site-packages/airflow/example_dags/tutorial.py
[2025-06-16T22:03:33.651-0300] {logging_mixin.py:154} INFO - [2025-06-16T22:03:33.651-0300] {dag.py:2941} INFO - Sync 1 DAGs
[2025-06-16T22:03:33.702-0300] {logging_mixin.py:154} INFO - [2025-06-16T22:03:33.702-0300] {dag.py:3722} INFO - Setting next_dagrun for tutorial to 2025-06-16T01:03:33.701793+00:00, run_after=2025-06-17T01:03:33.701793+00:00
[2025-06-16T22:03:33.848-0300] {processor.py:179} INFO - Processing /mnt/c/Users/arcan/Documents/airflow/.venv/lib/python3.10/site-packages/airflow/example_dags/tutorial.py took 0.327 seconds
[2025-06-16T22:04:32.199-0300] {processor.py:157} INFO - Started process (PID=57417) to work on /mnt/c/Users/arcan/Documents/airflow/.venv/lib/python3.10/site-packages/airflow/example_dags/tutorial.py
[2025-06-16T22:04:32.201-0300] {processor.py:829} INFO - Processing file /mnt/c/Users/arcan/Documents/airflow/.venv/lib/python3.10/site-packages/airflow/example_dags/tutorial.py for tasks to queue
[2025-06-16T22:04:32.203-0300] {logging_mixin.py:154} INFO - [2025-06-16T22:04:32.202-0300] {dagbag.py:536} INFO - Filling up the DagBag from /mnt/c/Users/arcan/Documents/airflow/.venv/lib/python3.10/site-packages/airflow/example_dags/tutorial.py
[2025-06-16T22:04:32.244-0300] {processor.py:839} INFO - DAG(s) dict_keys(['tutorial']) retrieved from /mnt/c/Users/arcan/Documents/airflow/.venv/lib/python3.10/site-packages/airflow/example_dags/tutorial.py
[2025-06-16T22:04:32.286-0300] {logging_mixin.py:154} INFO - [2025-06-16T22:04:32.286-0300] {dag.py:2941} INFO - Sync 1 DAGs
[2025-06-16T22:04:32.318-0300] {logging_mixin.py:154} INFO - [2025-06-16T22:04:32.318-0300] {dag.py:3722} INFO - Setting next_dagrun for tutorial to 2025-06-16T01:04:32.318255+00:00, run_after=2025-06-17T01:04:32.318255+00:00
[2025-06-16T22:04:32.423-0300] {processor.py:179} INFO - Processing /mnt/c/Users/arcan/Documents/airflow/.venv/lib/python3.10/site-packages/airflow/example_dags/tutorial.py took 0.230 seconds
[2025-06-16T22:05:46.428-0300] {processor.py:157} INFO - Started process (PID=57665) to work on /mnt/c/Users/arcan/Documents/airflow/.venv/lib/python3.10/site-packages/airflow/example_dags/tutorial.py
[2025-06-16T22:05:46.430-0300] {processor.py:829} INFO - Processing file /mnt/c/Users/arcan/Documents/airflow/.venv/lib/python3.10/site-packages/airflow/example_dags/tutorial.py for tasks to queue
[2025-06-16T22:05:46.432-0300] {logging_mixin.py:154} INFO - [2025-06-16T22:05:46.431-0300] {dagbag.py:536} INFO - Filling up the DagBag from /mnt/c/Users/arcan/Documents/airflow/.venv/lib/python3.10/site-packages/airflow/example_dags/tutorial.py
[2025-06-16T22:05:46.474-0300] {processor.py:839} INFO - DAG(s) dict_keys(['tutorial']) retrieved from /mnt/c/Users/arcan/Documents/airflow/.venv/lib/python3.10/site-packages/airflow/example_dags/tutorial.py
[2025-06-16T22:05:46.518-0300] {logging_mixin.py:154} INFO - [2025-06-16T22:05:46.517-0300] {dag.py:2941} INFO - Sync 1 DAGs
[2025-06-16T22:05:46.552-0300] {logging_mixin.py:154} INFO - [2025-06-16T22:05:46.552-0300] {dag.py:3722} INFO - Setting next_dagrun for tutorial to 2025-06-16T01:05:46.552184+00:00, run_after=2025-06-17T01:05:46.552184+00:00
[2025-06-16T22:05:46.675-0300] {processor.py:179} INFO - Processing /mnt/c/Users/arcan/Documents/airflow/.venv/lib/python3.10/site-packages/airflow/example_dags/tutorial.py took 0.252 seconds
[2025-06-16T22:06:55.225-0300] {processor.py:157} INFO - Started process (PID=57865) to work on /mnt/c/Users/arcan/Documents/airflow/.venv/lib/python3.10/site-packages/airflow/example_dags/tutorial.py
[2025-06-16T22:06:55.227-0300] {processor.py:829} INFO - Processing file /mnt/c/Users/arcan/Documents/airflow/.venv/lib/python3.10/site-packages/airflow/example_dags/tutorial.py for tasks to queue
[2025-06-16T22:06:55.229-0300] {logging_mixin.py:154} INFO - [2025-06-16T22:06:55.229-0300] {dagbag.py:536} INFO - Filling up the DagBag from /mnt/c/Users/arcan/Documents/airflow/.venv/lib/python3.10/site-packages/airflow/example_dags/tutorial.py
[2025-06-16T22:06:55.267-0300] {processor.py:839} INFO - DAG(s) dict_keys(['tutorial']) retrieved from /mnt/c/Users/arcan/Documents/airflow/.venv/lib/python3.10/site-packages/airflow/example_dags/tutorial.py
[2025-06-16T22:06:55.309-0300] {logging_mixin.py:154} INFO - [2025-06-16T22:06:55.309-0300] {dag.py:2941} INFO - Sync 1 DAGs
[2025-06-16T22:06:55.342-0300] {logging_mixin.py:154} INFO - [2025-06-16T22:06:55.342-0300] {dag.py:3722} INFO - Setting next_dagrun for tutorial to 2025-06-16T01:06:55.342015+00:00, run_after=2025-06-17T01:06:55.342015+00:00
[2025-06-16T22:06:55.455-0300] {processor.py:179} INFO - Processing /mnt/c/Users/arcan/Documents/airflow/.venv/lib/python3.10/site-packages/airflow/example_dags/tutorial.py took 0.234 seconds
[2025-06-16T22:08:10.481-0300] {processor.py:157} INFO - Started process (PID=58083) to work on /mnt/c/Users/arcan/Documents/airflow/.venv/lib/python3.10/site-packages/airflow/example_dags/tutorial.py
[2025-06-16T22:08:10.484-0300] {processor.py:829} INFO - Processing file /mnt/c/Users/arcan/Documents/airflow/.venv/lib/python3.10/site-packages/airflow/example_dags/tutorial.py for tasks to queue
[2025-06-16T22:08:10.486-0300] {logging_mixin.py:154} INFO - [2025-06-16T22:08:10.485-0300] {dagbag.py:536} INFO - Filling up the DagBag from /mnt/c/Users/arcan/Documents/airflow/.venv/lib/python3.10/site-packages/airflow/example_dags/tutorial.py
[2025-06-16T22:08:10.535-0300] {processor.py:839} INFO - DAG(s) dict_keys(['tutorial']) retrieved from /mnt/c/Users/arcan/Documents/airflow/.venv/lib/python3.10/site-packages/airflow/example_dags/tutorial.py
[2025-06-16T22:08:10.587-0300] {logging_mixin.py:154} INFO - [2025-06-16T22:08:10.587-0300] {dag.py:2941} INFO - Sync 1 DAGs
[2025-06-16T22:08:10.628-0300] {logging_mixin.py:154} INFO - [2025-06-16T22:08:10.628-0300] {dag.py:3722} INFO - Setting next_dagrun for tutorial to 2025-06-16T01:08:10.627903+00:00, run_after=2025-06-17T01:08:10.627903+00:00
[2025-06-16T22:08:10.744-0300] {processor.py:179} INFO - Processing /mnt/c/Users/arcan/Documents/airflow/.venv/lib/python3.10/site-packages/airflow/example_dags/tutorial.py took 0.269 seconds
[2025-06-16T22:09:18.496-0300] {processor.py:157} INFO - Started process (PID=58413) to work on /mnt/c/Users/arcan/Documents/airflow/.venv/lib/python3.10/site-packages/airflow/example_dags/tutorial.py
[2025-06-16T22:09:18.498-0300] {processor.py:829} INFO - Processing file /mnt/c/Users/arcan/Documents/airflow/.venv/lib/python3.10/site-packages/airflow/example_dags/tutorial.py for tasks to queue
[2025-06-16T22:09:18.499-0300] {logging_mixin.py:154} INFO - [2025-06-16T22:09:18.499-0300] {dagbag.py:536} INFO - Filling up the DagBag from /mnt/c/Users/arcan/Documents/airflow/.venv/lib/python3.10/site-packages/airflow/example_dags/tutorial.py
[2025-06-16T22:09:18.532-0300] {processor.py:839} INFO - DAG(s) dict_keys(['tutorial']) retrieved from /mnt/c/Users/arcan/Documents/airflow/.venv/lib/python3.10/site-packages/airflow/example_dags/tutorial.py
[2025-06-16T22:09:18.573-0300] {logging_mixin.py:154} INFO - [2025-06-16T22:09:18.573-0300] {dag.py:2941} INFO - Sync 1 DAGs
[2025-06-16T22:09:18.602-0300] {logging_mixin.py:154} INFO - [2025-06-16T22:09:18.602-0300] {dag.py:3722} INFO - Setting next_dagrun for tutorial to 2025-06-16T01:09:18.602134+00:00, run_after=2025-06-17T01:09:18.602134+00:00
[2025-06-16T22:09:18.686-0300] {processor.py:179} INFO - Processing /mnt/c/Users/arcan/Documents/airflow/.venv/lib/python3.10/site-packages/airflow/example_dags/tutorial.py took 0.195 seconds
[2025-06-16T22:10:22.839-0300] {processor.py:157} INFO - Started process (PID=58604) to work on /mnt/c/Users/arcan/Documents/airflow/.venv/lib/python3.10/site-packages/airflow/example_dags/tutorial.py
[2025-06-16T22:10:22.841-0300] {processor.py:829} INFO - Processing file /mnt/c/Users/arcan/Documents/airflow/.venv/lib/python3.10/site-packages/airflow/example_dags/tutorial.py for tasks to queue
[2025-06-16T22:10:22.843-0300] {logging_mixin.py:154} INFO - [2025-06-16T22:10:22.843-0300] {dagbag.py:536} INFO - Filling up the DagBag from /mnt/c/Users/arcan/Documents/airflow/.venv/lib/python3.10/site-packages/airflow/example_dags/tutorial.py
[2025-06-16T22:10:22.877-0300] {processor.py:839} INFO - DAG(s) dict_keys(['tutorial']) retrieved from /mnt/c/Users/arcan/Documents/airflow/.venv/lib/python3.10/site-packages/airflow/example_dags/tutorial.py
[2025-06-16T22:10:22.917-0300] {logging_mixin.py:154} INFO - [2025-06-16T22:10:22.917-0300] {dag.py:2941} INFO - Sync 1 DAGs
[2025-06-16T22:10:22.948-0300] {logging_mixin.py:154} INFO - [2025-06-16T22:10:22.948-0300] {dag.py:3722} INFO - Setting next_dagrun for tutorial to 2025-06-16T01:10:22.948087+00:00, run_after=2025-06-17T01:10:22.948087+00:00
[2025-06-16T22:10:23.038-0300] {processor.py:179} INFO - Processing /mnt/c/Users/arcan/Documents/airflow/.venv/lib/python3.10/site-packages/airflow/example_dags/tutorial.py took 0.204 seconds
[2025-06-16T22:11:25.324-0300] {processor.py:157} INFO - Started process (PID=58794) to work on /mnt/c/Users/arcan/Documents/airflow/.venv/lib/python3.10/site-packages/airflow/example_dags/tutorial.py
[2025-06-16T22:11:25.326-0300] {processor.py:829} INFO - Processing file /mnt/c/Users/arcan/Documents/airflow/.venv/lib/python3.10/site-packages/airflow/example_dags/tutorial.py for tasks to queue
[2025-06-16T22:11:25.329-0300] {logging_mixin.py:154} INFO - [2025-06-16T22:11:25.328-0300] {dagbag.py:536} INFO - Filling up the DagBag from /mnt/c/Users/arcan/Documents/airflow/.venv/lib/python3.10/site-packages/airflow/example_dags/tutorial.py
[2025-06-16T22:11:25.363-0300] {processor.py:839} INFO - DAG(s) dict_keys(['tutorial']) retrieved from /mnt/c/Users/arcan/Documents/airflow/.venv/lib/python3.10/site-packages/airflow/example_dags/tutorial.py
[2025-06-16T22:11:25.412-0300] {logging_mixin.py:154} INFO - [2025-06-16T22:11:25.411-0300] {dag.py:2941} INFO - Sync 1 DAGs
[2025-06-16T22:11:25.445-0300] {logging_mixin.py:154} INFO - [2025-06-16T22:11:25.444-0300] {dag.py:3722} INFO - Setting next_dagrun for tutorial to 2025-06-16T01:11:25.444395+00:00, run_after=2025-06-17T01:11:25.444395+00:00
[2025-06-16T22:11:25.542-0300] {processor.py:179} INFO - Processing /mnt/c/Users/arcan/Documents/airflow/.venv/lib/python3.10/site-packages/airflow/example_dags/tutorial.py took 0.225 seconds
[2025-06-16T22:12:22.767-0300] {processor.py:157} INFO - Started process (PID=58969) to work on /mnt/c/Users/arcan/Documents/airflow/.venv/lib/python3.10/site-packages/airflow/example_dags/tutorial.py
[2025-06-16T22:12:22.769-0300] {processor.py:829} INFO - Processing file /mnt/c/Users/arcan/Documents/airflow/.venv/lib/python3.10/site-packages/airflow/example_dags/tutorial.py for tasks to queue
[2025-06-16T22:12:22.771-0300] {logging_mixin.py:154} INFO - [2025-06-16T22:12:22.770-0300] {dagbag.py:536} INFO - Filling up the DagBag from /mnt/c/Users/arcan/Documents/airflow/.venv/lib/python3.10/site-packages/airflow/example_dags/tutorial.py
[2025-06-16T22:12:22.804-0300] {processor.py:839} INFO - DAG(s) dict_keys(['tutorial']) retrieved from /mnt/c/Users/arcan/Documents/airflow/.venv/lib/python3.10/site-packages/airflow/example_dags/tutorial.py
[2025-06-16T22:12:22.842-0300] {logging_mixin.py:154} INFO - [2025-06-16T22:12:22.842-0300] {dag.py:2941} INFO - Sync 1 DAGs
[2025-06-16T22:12:22.871-0300] {logging_mixin.py:154} INFO - [2025-06-16T22:12:22.871-0300] {dag.py:3722} INFO - Setting next_dagrun for tutorial to 2025-06-16T01:12:22.871383+00:00, run_after=2025-06-17T01:12:22.871383+00:00
[2025-06-16T22:12:22.963-0300] {processor.py:179} INFO - Processing /mnt/c/Users/arcan/Documents/airflow/.venv/lib/python3.10/site-packages/airflow/example_dags/tutorial.py took 0.201 seconds
[2025-06-16T22:13:26.053-0300] {processor.py:157} INFO - Started process (PID=59160) to work on /mnt/c/Users/arcan/Documents/airflow/.venv/lib/python3.10/site-packages/airflow/example_dags/tutorial.py
[2025-06-16T22:13:26.055-0300] {processor.py:829} INFO - Processing file /mnt/c/Users/arcan/Documents/airflow/.venv/lib/python3.10/site-packages/airflow/example_dags/tutorial.py for tasks to queue
[2025-06-16T22:13:26.057-0300] {logging_mixin.py:154} INFO - [2025-06-16T22:13:26.056-0300] {dagbag.py:536} INFO - Filling up the DagBag from /mnt/c/Users/arcan/Documents/airflow/.venv/lib/python3.10/site-packages/airflow/example_dags/tutorial.py
[2025-06-16T22:13:26.092-0300] {processor.py:839} INFO - DAG(s) dict_keys(['tutorial']) retrieved from /mnt/c/Users/arcan/Documents/airflow/.venv/lib/python3.10/site-packages/airflow/example_dags/tutorial.py
[2025-06-16T22:13:26.141-0300] {logging_mixin.py:154} INFO - [2025-06-16T22:13:26.141-0300] {dag.py:2941} INFO - Sync 1 DAGs
[2025-06-16T22:13:26.174-0300] {logging_mixin.py:154} INFO - [2025-06-16T22:13:26.173-0300] {dag.py:3722} INFO - Setting next_dagrun for tutorial to 2025-06-16T01:13:26.173553+00:00, run_after=2025-06-17T01:13:26.173553+00:00
[2025-06-16T22:13:26.260-0300] {processor.py:179} INFO - Processing /mnt/c/Users/arcan/Documents/airflow/.venv/lib/python3.10/site-packages/airflow/example_dags/tutorial.py took 0.211 seconds
[2025-06-16T22:14:34.202-0300] {processor.py:157} INFO - Started process (PID=59365) to work on /mnt/c/Users/arcan/Documents/airflow/.venv/lib/python3.10/site-packages/airflow/example_dags/tutorial.py
[2025-06-16T22:14:34.204-0300] {processor.py:829} INFO - Processing file /mnt/c/Users/arcan/Documents/airflow/.venv/lib/python3.10/site-packages/airflow/example_dags/tutorial.py for tasks to queue
[2025-06-16T22:14:34.206-0300] {logging_mixin.py:154} INFO - [2025-06-16T22:14:34.205-0300] {dagbag.py:536} INFO - Filling up the DagBag from /mnt/c/Users/arcan/Documents/airflow/.venv/lib/python3.10/site-packages/airflow/example_dags/tutorial.py
[2025-06-16T22:14:34.237-0300] {processor.py:839} INFO - DAG(s) dict_keys(['tutorial']) retrieved from /mnt/c/Users/arcan/Documents/airflow/.venv/lib/python3.10/site-packages/airflow/example_dags/tutorial.py
[2025-06-16T22:14:34.285-0300] {logging_mixin.py:154} INFO - [2025-06-16T22:14:34.285-0300] {dag.py:2941} INFO - Sync 1 DAGs
[2025-06-16T22:14:34.323-0300] {logging_mixin.py:154} INFO - [2025-06-16T22:14:34.323-0300] {dag.py:3722} INFO - Setting next_dagrun for tutorial to 2025-06-16T01:14:34.322411+00:00, run_after=2025-06-17T01:14:34.322411+00:00
[2025-06-16T22:14:34.416-0300] {processor.py:179} INFO - Processing /mnt/c/Users/arcan/Documents/airflow/.venv/lib/python3.10/site-packages/airflow/example_dags/tutorial.py took 0.219 seconds
[2025-06-16T22:15:41.783-0300] {processor.py:157} INFO - Started process (PID=59562) to work on /mnt/c/Users/arcan/Documents/airflow/.venv/lib/python3.10/site-packages/airflow/example_dags/tutorial.py
[2025-06-16T22:15:41.785-0300] {processor.py:829} INFO - Processing file /mnt/c/Users/arcan/Documents/airflow/.venv/lib/python3.10/site-packages/airflow/example_dags/tutorial.py for tasks to queue
[2025-06-16T22:15:41.787-0300] {logging_mixin.py:154} INFO - [2025-06-16T22:15:41.786-0300] {dagbag.py:536} INFO - Filling up the DagBag from /mnt/c/Users/arcan/Documents/airflow/.venv/lib/python3.10/site-packages/airflow/example_dags/tutorial.py
[2025-06-16T22:15:41.834-0300] {processor.py:839} INFO - DAG(s) dict_keys(['tutorial']) retrieved from /mnt/c/Users/arcan/Documents/airflow/.venv/lib/python3.10/site-packages/airflow/example_dags/tutorial.py
[2025-06-16T22:15:41.892-0300] {logging_mixin.py:154} INFO - [2025-06-16T22:15:41.892-0300] {dag.py:2941} INFO - Sync 1 DAGs
[2025-06-16T22:15:41.937-0300] {logging_mixin.py:154} INFO - [2025-06-16T22:15:41.936-0300] {dag.py:3722} INFO - Setting next_dagrun for tutorial to 2025-06-16T01:15:41.936061+00:00, run_after=2025-06-17T01:15:41.936061+00:00
[2025-06-16T22:15:42.067-0300] {processor.py:179} INFO - Processing /mnt/c/Users/arcan/Documents/airflow/.venv/lib/python3.10/site-packages/airflow/example_dags/tutorial.py took 0.290 seconds
[2025-06-16T22:16:51.855-0300] {processor.py:157} INFO - Started process (PID=59896) to work on /mnt/c/Users/arcan/Documents/airflow/.venv/lib/python3.10/site-packages/airflow/example_dags/tutorial.py
[2025-06-16T22:16:51.857-0300] {processor.py:829} INFO - Processing file /mnt/c/Users/arcan/Documents/airflow/.venv/lib/python3.10/site-packages/airflow/example_dags/tutorial.py for tasks to queue
[2025-06-16T22:16:51.859-0300] {logging_mixin.py:154} INFO - [2025-06-16T22:16:51.858-0300] {dagbag.py:536} INFO - Filling up the DagBag from /mnt/c/Users/arcan/Documents/airflow/.venv/lib/python3.10/site-packages/airflow/example_dags/tutorial.py
[2025-06-16T22:16:51.895-0300] {processor.py:839} INFO - DAG(s) dict_keys(['tutorial']) retrieved from /mnt/c/Users/arcan/Documents/airflow/.venv/lib/python3.10/site-packages/airflow/example_dags/tutorial.py
[2025-06-16T22:16:51.938-0300] {logging_mixin.py:154} INFO - [2025-06-16T22:16:51.937-0300] {dag.py:2941} INFO - Sync 1 DAGs
[2025-06-16T22:16:51.969-0300] {logging_mixin.py:154} INFO - [2025-06-16T22:16:51.969-0300] {dag.py:3722} INFO - Setting next_dagrun for tutorial to 2025-06-16T01:16:51.968833+00:00, run_after=2025-06-17T01:16:51.968833+00:00
[2025-06-16T22:16:52.061-0300] {processor.py:179} INFO - Processing /mnt/c/Users/arcan/Documents/airflow/.venv/lib/python3.10/site-packages/airflow/example_dags/tutorial.py took 0.210 seconds
[2025-06-16T22:18:06.613-0300] {processor.py:157} INFO - Started process (PID=60121) to work on /mnt/c/Users/arcan/Documents/airflow/.venv/lib/python3.10/site-packages/airflow/example_dags/tutorial.py
[2025-06-16T22:18:06.615-0300] {processor.py:829} INFO - Processing file /mnt/c/Users/arcan/Documents/airflow/.venv/lib/python3.10/site-packages/airflow/example_dags/tutorial.py for tasks to queue
[2025-06-16T22:18:06.618-0300] {logging_mixin.py:154} INFO - [2025-06-16T22:18:06.617-0300] {dagbag.py:536} INFO - Filling up the DagBag from /mnt/c/Users/arcan/Documents/airflow/.venv/lib/python3.10/site-packages/airflow/example_dags/tutorial.py
[2025-06-16T22:18:06.670-0300] {processor.py:839} INFO - DAG(s) dict_keys(['tutorial']) retrieved from /mnt/c/Users/arcan/Documents/airflow/.venv/lib/python3.10/site-packages/airflow/example_dags/tutorial.py
[2025-06-16T22:18:06.724-0300] {logging_mixin.py:154} INFO - [2025-06-16T22:18:06.724-0300] {dag.py:2941} INFO - Sync 1 DAGs
[2025-06-16T22:18:06.761-0300] {logging_mixin.py:154} INFO - [2025-06-16T22:18:06.761-0300] {dag.py:3722} INFO - Setting next_dagrun for tutorial to 2025-06-16T01:18:06.760749+00:00, run_after=2025-06-17T01:18:06.760749+00:00
[2025-06-16T22:18:06.902-0300] {processor.py:179} INFO - Processing /mnt/c/Users/arcan/Documents/airflow/.venv/lib/python3.10/site-packages/airflow/example_dags/tutorial.py took 0.295 seconds
[2025-06-16T22:18:50.398-0300] {processor.py:157} INFO - Started process (PID=60247) to work on /mnt/c/Users/arcan/Documents/airflow/.venv/lib/python3.10/site-packages/airflow/example_dags/tutorial.py
[2025-06-16T22:18:50.401-0300] {processor.py:829} INFO - Processing file /mnt/c/Users/arcan/Documents/airflow/.venv/lib/python3.10/site-packages/airflow/example_dags/tutorial.py for tasks to queue
[2025-06-16T22:18:50.403-0300] {logging_mixin.py:154} INFO - [2025-06-16T22:18:50.402-0300] {dagbag.py:536} INFO - Filling up the DagBag from /mnt/c/Users/arcan/Documents/airflow/.venv/lib/python3.10/site-packages/airflow/example_dags/tutorial.py
[2025-06-16T22:18:50.451-0300] {processor.py:839} INFO - DAG(s) dict_keys(['tutorial']) retrieved from /mnt/c/Users/arcan/Documents/airflow/.venv/lib/python3.10/site-packages/airflow/example_dags/tutorial.py
[2025-06-16T22:18:50.512-0300] {logging_mixin.py:154} INFO - [2025-06-16T22:18:50.511-0300] {dag.py:2941} INFO - Sync 1 DAGs
[2025-06-16T22:18:50.553-0300] {logging_mixin.py:154} INFO - [2025-06-16T22:18:50.553-0300] {dag.py:3722} INFO - Setting next_dagrun for tutorial to 2025-06-16T01:18:50.553159+00:00, run_after=2025-06-17T01:18:50.553159+00:00
[2025-06-16T22:18:50.693-0300] {processor.py:179} INFO - Processing /mnt/c/Users/arcan/Documents/airflow/.venv/lib/python3.10/site-packages/airflow/example_dags/tutorial.py took 0.303 seconds
[2025-06-16T22:19:35.323-0300] {processor.py:157} INFO - Started process (PID=60372) to work on /mnt/c/Users/arcan/Documents/airflow/.venv/lib/python3.10/site-packages/airflow/example_dags/tutorial.py
[2025-06-16T22:19:35.325-0300] {processor.py:829} INFO - Processing file /mnt/c/Users/arcan/Documents/airflow/.venv/lib/python3.10/site-packages/airflow/example_dags/tutorial.py for tasks to queue
[2025-06-16T22:19:35.328-0300] {logging_mixin.py:154} INFO - [2025-06-16T22:19:35.327-0300] {dagbag.py:536} INFO - Filling up the DagBag from /mnt/c/Users/arcan/Documents/airflow/.venv/lib/python3.10/site-packages/airflow/example_dags/tutorial.py
[2025-06-16T22:19:35.392-0300] {processor.py:839} INFO - DAG(s) dict_keys(['tutorial']) retrieved from /mnt/c/Users/arcan/Documents/airflow/.venv/lib/python3.10/site-packages/airflow/example_dags/tutorial.py
[2025-06-16T22:19:35.482-0300] {logging_mixin.py:154} INFO - [2025-06-16T22:19:35.482-0300] {dag.py:2941} INFO - Sync 1 DAGs
[2025-06-16T22:19:35.566-0300] {logging_mixin.py:154} INFO - [2025-06-16T22:19:35.566-0300] {dag.py:3722} INFO - Setting next_dagrun for tutorial to 2025-06-16T01:19:35.565683+00:00, run_after=2025-06-17T01:19:35.565683+00:00
[2025-06-16T22:19:35.737-0300] {processor.py:179} INFO - Processing /mnt/c/Users/arcan/Documents/airflow/.venv/lib/python3.10/site-packages/airflow/example_dags/tutorial.py took 0.422 seconds
[2025-06-16T22:20:17.123-0300] {processor.py:157} INFO - Started process (PID=60495) to work on /mnt/c/Users/arcan/Documents/airflow/.venv/lib/python3.10/site-packages/airflow/example_dags/tutorial.py
[2025-06-16T22:20:17.126-0300] {processor.py:829} INFO - Processing file /mnt/c/Users/arcan/Documents/airflow/.venv/lib/python3.10/site-packages/airflow/example_dags/tutorial.py for tasks to queue
[2025-06-16T22:20:17.129-0300] {logging_mixin.py:154} INFO - [2025-06-16T22:20:17.128-0300] {dagbag.py:536} INFO - Filling up the DagBag from /mnt/c/Users/arcan/Documents/airflow/.venv/lib/python3.10/site-packages/airflow/example_dags/tutorial.py
[2025-06-16T22:20:17.195-0300] {processor.py:839} INFO - DAG(s) dict_keys(['tutorial']) retrieved from /mnt/c/Users/arcan/Documents/airflow/.venv/lib/python3.10/site-packages/airflow/example_dags/tutorial.py
[2025-06-16T22:20:17.268-0300] {logging_mixin.py:154} INFO - [2025-06-16T22:20:17.267-0300] {dag.py:2941} INFO - Sync 1 DAGs
[2025-06-16T22:20:17.326-0300] {logging_mixin.py:154} INFO - [2025-06-16T22:20:17.325-0300] {dag.py:3722} INFO - Setting next_dagrun for tutorial to 2025-06-16T01:20:17.325195+00:00, run_after=2025-06-17T01:20:17.325195+00:00
[2025-06-16T22:20:17.472-0300] {processor.py:179} INFO - Processing /mnt/c/Users/arcan/Documents/airflow/.venv/lib/python3.10/site-packages/airflow/example_dags/tutorial.py took 0.358 seconds
[2025-06-16T22:21:37.287-0300] {processor.py:157} INFO - Started process (PID=60726) to work on /mnt/c/Users/arcan/Documents/airflow/.venv/lib/python3.10/site-packages/airflow/example_dags/tutorial.py
[2025-06-16T22:21:37.290-0300] {processor.py:829} INFO - Processing file /mnt/c/Users/arcan/Documents/airflow/.venv/lib/python3.10/site-packages/airflow/example_dags/tutorial.py for tasks to queue
[2025-06-16T22:21:37.292-0300] {logging_mixin.py:154} INFO - [2025-06-16T22:21:37.292-0300] {dagbag.py:536} INFO - Filling up the DagBag from /mnt/c/Users/arcan/Documents/airflow/.venv/lib/python3.10/site-packages/airflow/example_dags/tutorial.py
[2025-06-16T22:21:37.342-0300] {processor.py:839} INFO - DAG(s) dict_keys(['tutorial']) retrieved from /mnt/c/Users/arcan/Documents/airflow/.venv/lib/python3.10/site-packages/airflow/example_dags/tutorial.py
[2025-06-16T22:21:37.415-0300] {logging_mixin.py:154} INFO - [2025-06-16T22:21:37.415-0300] {dag.py:2941} INFO - Sync 1 DAGs
[2025-06-16T22:21:37.459-0300] {logging_mixin.py:154} INFO - [2025-06-16T22:21:37.459-0300] {dag.py:3722} INFO - Setting next_dagrun for tutorial to 2025-06-16T01:21:37.459066+00:00, run_after=2025-06-17T01:21:37.459066+00:00
[2025-06-16T22:21:37.588-0300] {processor.py:179} INFO - Processing /mnt/c/Users/arcan/Documents/airflow/.venv/lib/python3.10/site-packages/airflow/example_dags/tutorial.py took 0.310 seconds
[2025-06-16T22:22:19.905-0300] {processor.py:157} INFO - Started process (PID=60841) to work on /mnt/c/Users/arcan/Documents/airflow/.venv/lib/python3.10/site-packages/airflow/example_dags/tutorial.py
[2025-06-16T22:22:19.908-0300] {processor.py:829} INFO - Processing file /mnt/c/Users/arcan/Documents/airflow/.venv/lib/python3.10/site-packages/airflow/example_dags/tutorial.py for tasks to queue
[2025-06-16T22:22:19.910-0300] {logging_mixin.py:154} INFO - [2025-06-16T22:22:19.909-0300] {dagbag.py:536} INFO - Filling up the DagBag from /mnt/c/Users/arcan/Documents/airflow/.venv/lib/python3.10/site-packages/airflow/example_dags/tutorial.py
[2025-06-16T22:22:19.960-0300] {processor.py:839} INFO - DAG(s) dict_keys(['tutorial']) retrieved from /mnt/c/Users/arcan/Documents/airflow/.venv/lib/python3.10/site-packages/airflow/example_dags/tutorial.py
[2025-06-16T22:22:20.020-0300] {logging_mixin.py:154} INFO - [2025-06-16T22:22:20.020-0300] {dag.py:2941} INFO - Sync 1 DAGs
[2025-06-16T22:22:20.066-0300] {logging_mixin.py:154} INFO - [2025-06-16T22:22:20.066-0300] {dag.py:3722} INFO - Setting next_dagrun for tutorial to 2025-06-16T01:22:20.065860+00:00, run_after=2025-06-17T01:22:20.065860+00:00
[2025-06-16T22:22:20.208-0300] {processor.py:179} INFO - Processing /mnt/c/Users/arcan/Documents/airflow/.venv/lib/python3.10/site-packages/airflow/example_dags/tutorial.py took 0.309 seconds
[2025-06-16T22:23:43.483-0300] {processor.py:157} INFO - Started process (PID=61084) to work on /mnt/c/Users/arcan/Documents/airflow/.venv/lib/python3.10/site-packages/airflow/example_dags/tutorial.py
[2025-06-16T22:23:43.486-0300] {processor.py:829} INFO - Processing file /mnt/c/Users/arcan/Documents/airflow/.venv/lib/python3.10/site-packages/airflow/example_dags/tutorial.py for tasks to queue
[2025-06-16T22:23:43.488-0300] {logging_mixin.py:154} INFO - [2025-06-16T22:23:43.487-0300] {dagbag.py:536} INFO - Filling up the DagBag from /mnt/c/Users/arcan/Documents/airflow/.venv/lib/python3.10/site-packages/airflow/example_dags/tutorial.py
[2025-06-16T22:23:43.541-0300] {processor.py:839} INFO - DAG(s) dict_keys(['tutorial']) retrieved from /mnt/c/Users/arcan/Documents/airflow/.venv/lib/python3.10/site-packages/airflow/example_dags/tutorial.py
[2025-06-16T22:23:43.606-0300] {logging_mixin.py:154} INFO - [2025-06-16T22:23:43.606-0300] {dag.py:2941} INFO - Sync 1 DAGs
[2025-06-16T22:23:43.653-0300] {logging_mixin.py:154} INFO - [2025-06-16T22:23:43.652-0300] {dag.py:3722} INFO - Setting next_dagrun for tutorial to 2025-06-16T01:23:43.652437+00:00, run_after=2025-06-17T01:23:43.652437+00:00
[2025-06-16T22:23:43.821-0300] {processor.py:179} INFO - Processing /mnt/c/Users/arcan/Documents/airflow/.venv/lib/python3.10/site-packages/airflow/example_dags/tutorial.py took 0.345 seconds
[2025-06-16T22:24:26.921-0300] {processor.py:157} INFO - Started process (PID=61334) to work on /mnt/c/Users/arcan/Documents/airflow/.venv/lib/python3.10/site-packages/airflow/example_dags/tutorial.py
[2025-06-16T22:24:26.924-0300] {processor.py:829} INFO - Processing file /mnt/c/Users/arcan/Documents/airflow/.venv/lib/python3.10/site-packages/airflow/example_dags/tutorial.py for tasks to queue
[2025-06-16T22:24:26.927-0300] {logging_mixin.py:154} INFO - [2025-06-16T22:24:26.925-0300] {dagbag.py:536} INFO - Filling up the DagBag from /mnt/c/Users/arcan/Documents/airflow/.venv/lib/python3.10/site-packages/airflow/example_dags/tutorial.py
[2025-06-16T22:24:26.980-0300] {processor.py:839} INFO - DAG(s) dict_keys(['tutorial']) retrieved from /mnt/c/Users/arcan/Documents/airflow/.venv/lib/python3.10/site-packages/airflow/example_dags/tutorial.py
[2025-06-16T22:24:27.038-0300] {logging_mixin.py:154} INFO - [2025-06-16T22:24:27.037-0300] {dag.py:2941} INFO - Sync 1 DAGs
[2025-06-16T22:24:27.082-0300] {logging_mixin.py:154} INFO - [2025-06-16T22:24:27.082-0300] {dag.py:3722} INFO - Setting next_dagrun for tutorial to 2025-06-16T01:24:27.081985+00:00, run_after=2025-06-17T01:24:27.081985+00:00
[2025-06-16T22:24:27.245-0300] {processor.py:179} INFO - Processing /mnt/c/Users/arcan/Documents/airflow/.venv/lib/python3.10/site-packages/airflow/example_dags/tutorial.py took 0.332 seconds
[2025-06-16T22:25:46.187-0300] {processor.py:157} INFO - Started process (PID=61556) to work on /mnt/c/Users/arcan/Documents/airflow/.venv/lib/python3.10/site-packages/airflow/example_dags/tutorial.py
[2025-06-16T22:25:46.189-0300] {processor.py:829} INFO - Processing file /mnt/c/Users/arcan/Documents/airflow/.venv/lib/python3.10/site-packages/airflow/example_dags/tutorial.py for tasks to queue
[2025-06-16T22:25:46.192-0300] {logging_mixin.py:154} INFO - [2025-06-16T22:25:46.191-0300] {dagbag.py:536} INFO - Filling up the DagBag from /mnt/c/Users/arcan/Documents/airflow/.venv/lib/python3.10/site-packages/airflow/example_dags/tutorial.py
[2025-06-16T22:25:46.244-0300] {processor.py:839} INFO - DAG(s) dict_keys(['tutorial']) retrieved from /mnt/c/Users/arcan/Documents/airflow/.venv/lib/python3.10/site-packages/airflow/example_dags/tutorial.py
[2025-06-16T22:25:46.321-0300] {logging_mixin.py:154} INFO - [2025-06-16T22:25:46.320-0300] {dag.py:2941} INFO - Sync 1 DAGs
[2025-06-16T22:25:46.386-0300] {logging_mixin.py:154} INFO - [2025-06-16T22:25:46.386-0300] {dag.py:3722} INFO - Setting next_dagrun for tutorial to 2025-06-16T01:25:46.385699+00:00, run_after=2025-06-17T01:25:46.385699+00:00
[2025-06-16T22:25:46.576-0300] {processor.py:179} INFO - Processing /mnt/c/Users/arcan/Documents/airflow/.venv/lib/python3.10/site-packages/airflow/example_dags/tutorial.py took 0.396 seconds
[2025-06-16T22:27:07.378-0300] {processor.py:157} INFO - Started process (PID=61791) to work on /mnt/c/Users/arcan/Documents/airflow/.venv/lib/python3.10/site-packages/airflow/example_dags/tutorial.py
[2025-06-16T22:27:07.381-0300] {processor.py:829} INFO - Processing file /mnt/c/Users/arcan/Documents/airflow/.venv/lib/python3.10/site-packages/airflow/example_dags/tutorial.py for tasks to queue
[2025-06-16T22:27:07.383-0300] {logging_mixin.py:154} INFO - [2025-06-16T22:27:07.382-0300] {dagbag.py:536} INFO - Filling up the DagBag from /mnt/c/Users/arcan/Documents/airflow/.venv/lib/python3.10/site-packages/airflow/example_dags/tutorial.py
[2025-06-16T22:27:07.433-0300] {processor.py:839} INFO - DAG(s) dict_keys(['tutorial']) retrieved from /mnt/c/Users/arcan/Documents/airflow/.venv/lib/python3.10/site-packages/airflow/example_dags/tutorial.py
[2025-06-16T22:27:07.493-0300] {logging_mixin.py:154} INFO - [2025-06-16T22:27:07.493-0300] {dag.py:2941} INFO - Sync 1 DAGs
[2025-06-16T22:27:07.537-0300] {logging_mixin.py:154} INFO - [2025-06-16T22:27:07.536-0300] {dag.py:3722} INFO - Setting next_dagrun for tutorial to 2025-06-16T01:27:07.536625+00:00, run_after=2025-06-17T01:27:07.536625+00:00
[2025-06-16T22:27:07.683-0300] {processor.py:179} INFO - Processing /mnt/c/Users/arcan/Documents/airflow/.venv/lib/python3.10/site-packages/airflow/example_dags/tutorial.py took 0.311 seconds
[2025-06-16T22:28:25.966-0300] {processor.py:157} INFO - Started process (PID=62018) to work on /mnt/c/Users/arcan/Documents/airflow/.venv/lib/python3.10/site-packages/airflow/example_dags/tutorial.py
[2025-06-16T22:28:25.969-0300] {processor.py:829} INFO - Processing file /mnt/c/Users/arcan/Documents/airflow/.venv/lib/python3.10/site-packages/airflow/example_dags/tutorial.py for tasks to queue
[2025-06-16T22:28:25.972-0300] {logging_mixin.py:154} INFO - [2025-06-16T22:28:25.971-0300] {dagbag.py:536} INFO - Filling up the DagBag from /mnt/c/Users/arcan/Documents/airflow/.venv/lib/python3.10/site-packages/airflow/example_dags/tutorial.py
[2025-06-16T22:28:26.023-0300] {processor.py:839} INFO - DAG(s) dict_keys(['tutorial']) retrieved from /mnt/c/Users/arcan/Documents/airflow/.venv/lib/python3.10/site-packages/airflow/example_dags/tutorial.py
[2025-06-16T22:28:26.079-0300] {logging_mixin.py:154} INFO - [2025-06-16T22:28:26.078-0300] {dag.py:2941} INFO - Sync 1 DAGs
[2025-06-16T22:28:26.125-0300] {logging_mixin.py:154} INFO - [2025-06-16T22:28:26.125-0300] {dag.py:3722} INFO - Setting next_dagrun for tutorial to 2025-06-16T01:28:26.125161+00:00, run_after=2025-06-17T01:28:26.125161+00:00
[2025-06-16T22:28:26.278-0300] {processor.py:179} INFO - Processing /mnt/c/Users/arcan/Documents/airflow/.venv/lib/python3.10/site-packages/airflow/example_dags/tutorial.py took 0.322 seconds
[2025-06-16T22:29:44.103-0300] {processor.py:157} INFO - Started process (PID=62238) to work on /mnt/c/Users/arcan/Documents/airflow/.venv/lib/python3.10/site-packages/airflow/example_dags/tutorial.py
[2025-06-16T22:29:44.106-0300] {processor.py:829} INFO - Processing file /mnt/c/Users/arcan/Documents/airflow/.venv/lib/python3.10/site-packages/airflow/example_dags/tutorial.py for tasks to queue
[2025-06-16T22:29:44.108-0300] {logging_mixin.py:154} INFO - [2025-06-16T22:29:44.107-0300] {dagbag.py:536} INFO - Filling up the DagBag from /mnt/c/Users/arcan/Documents/airflow/.venv/lib/python3.10/site-packages/airflow/example_dags/tutorial.py
[2025-06-16T22:29:44.160-0300] {processor.py:839} INFO - DAG(s) dict_keys(['tutorial']) retrieved from /mnt/c/Users/arcan/Documents/airflow/.venv/lib/python3.10/site-packages/airflow/example_dags/tutorial.py
[2025-06-16T22:29:44.218-0300] {logging_mixin.py:154} INFO - [2025-06-16T22:29:44.218-0300] {dag.py:2941} INFO - Sync 1 DAGs
[2025-06-16T22:29:44.267-0300] {logging_mixin.py:154} INFO - [2025-06-16T22:29:44.266-0300] {dag.py:3722} INFO - Setting next_dagrun for tutorial to 2025-06-16T01:29:44.266439+00:00, run_after=2025-06-17T01:29:44.266439+00:00
[2025-06-16T22:29:44.402-0300] {processor.py:179} INFO - Processing /mnt/c/Users/arcan/Documents/airflow/.venv/lib/python3.10/site-packages/airflow/example_dags/tutorial.py took 0.306 seconds
[2025-06-16T22:30:57.343-0300] {processor.py:157} INFO - Started process (PID=62457) to work on /mnt/c/Users/arcan/Documents/airflow/.venv/lib/python3.10/site-packages/airflow/example_dags/tutorial.py
[2025-06-16T22:30:57.346-0300] {processor.py:829} INFO - Processing file /mnt/c/Users/arcan/Documents/airflow/.venv/lib/python3.10/site-packages/airflow/example_dags/tutorial.py for tasks to queue
[2025-06-16T22:30:57.348-0300] {logging_mixin.py:154} INFO - [2025-06-16T22:30:57.347-0300] {dagbag.py:536} INFO - Filling up the DagBag from /mnt/c/Users/arcan/Documents/airflow/.venv/lib/python3.10/site-packages/airflow/example_dags/tutorial.py
[2025-06-16T22:30:57.398-0300] {processor.py:839} INFO - DAG(s) dict_keys(['tutorial']) retrieved from /mnt/c/Users/arcan/Documents/airflow/.venv/lib/python3.10/site-packages/airflow/example_dags/tutorial.py
[2025-06-16T22:30:57.460-0300] {logging_mixin.py:154} INFO - [2025-06-16T22:30:57.460-0300] {dag.py:2941} INFO - Sync 1 DAGs
[2025-06-16T22:30:57.508-0300] {logging_mixin.py:154} INFO - [2025-06-16T22:30:57.507-0300] {dag.py:3722} INFO - Setting next_dagrun for tutorial to 2025-06-16T01:30:57.507505+00:00, run_after=2025-06-17T01:30:57.507505+00:00
[2025-06-16T22:30:57.649-0300] {processor.py:179} INFO - Processing /mnt/c/Users/arcan/Documents/airflow/.venv/lib/python3.10/site-packages/airflow/example_dags/tutorial.py took 0.312 seconds
[2025-06-16T22:32:33.921-0300] {processor.py:157} INFO - Started process (PID=62810) to work on /mnt/c/Users/arcan/Documents/airflow/.venv/lib/python3.10/site-packages/airflow/example_dags/tutorial.py
[2025-06-16T22:32:33.925-0300] {processor.py:829} INFO - Processing file /mnt/c/Users/arcan/Documents/airflow/.venv/lib/python3.10/site-packages/airflow/example_dags/tutorial.py for tasks to queue
[2025-06-16T22:32:33.928-0300] {logging_mixin.py:154} INFO - [2025-06-16T22:32:33.926-0300] {dagbag.py:536} INFO - Filling up the DagBag from /mnt/c/Users/arcan/Documents/airflow/.venv/lib/python3.10/site-packages/airflow/example_dags/tutorial.py
[2025-06-16T22:32:33.983-0300] {processor.py:839} INFO - DAG(s) dict_keys(['tutorial']) retrieved from /mnt/c/Users/arcan/Documents/airflow/.venv/lib/python3.10/site-packages/airflow/example_dags/tutorial.py
[2025-06-16T22:32:34.036-0300] {logging_mixin.py:154} INFO - [2025-06-16T22:32:34.036-0300] {dag.py:2941} INFO - Sync 1 DAGs
[2025-06-16T22:32:34.079-0300] {logging_mixin.py:154} INFO - [2025-06-16T22:32:34.079-0300] {dag.py:3722} INFO - Setting next_dagrun for tutorial to 2025-06-16T01:32:34.079071+00:00, run_after=2025-06-17T01:32:34.079071+00:00
[2025-06-16T22:32:34.204-0300] {processor.py:179} INFO - Processing /mnt/c/Users/arcan/Documents/airflow/.venv/lib/python3.10/site-packages/airflow/example_dags/tutorial.py took 0.292 seconds
[2025-06-17T20:50:22.970-0300] {processor.py:157} INFO - Started process (PID=63642) to work on /mnt/c/Users/arcan/Documents/airflow/.venv/lib/python3.10/site-packages/airflow/example_dags/tutorial.py
[2025-06-17T20:50:22.993-0300] {processor.py:829} INFO - Processing file /mnt/c/Users/arcan/Documents/airflow/.venv/lib/python3.10/site-packages/airflow/example_dags/tutorial.py for tasks to queue
[2025-06-17T20:50:22.996-0300] {logging_mixin.py:154} INFO - [2025-06-17T20:50:22.995-0300] {dagbag.py:536} INFO - Filling up the DagBag from /mnt/c/Users/arcan/Documents/airflow/.venv/lib/python3.10/site-packages/airflow/example_dags/tutorial.py
[2025-06-17T20:50:23.044-0300] {processor.py:839} INFO - DAG(s) dict_keys(['tutorial']) retrieved from /mnt/c/Users/arcan/Documents/airflow/.venv/lib/python3.10/site-packages/airflow/example_dags/tutorial.py
[2025-06-17T20:50:23.263-0300] {logging_mixin.py:154} INFO - [2025-06-17T20:50:23.262-0300] {dag.py:2941} INFO - Sync 1 DAGs
[2025-06-17T20:50:23.319-0300] {logging_mixin.py:154} INFO - [2025-06-17T20:50:23.319-0300] {dag.py:3722} INFO - Setting next_dagrun for tutorial to 2025-06-16T23:50:23.319005+00:00, run_after=2025-06-17T23:50:23.319005+00:00
[2025-06-17T20:50:23.474-0300] {processor.py:179} INFO - Processing /mnt/c/Users/arcan/Documents/airflow/.venv/lib/python3.10/site-packages/airflow/example_dags/tutorial.py took 0.511 seconds
[2025-06-17T20:51:39.342-0300] {processor.py:157} INFO - Started process (PID=63740) to work on /mnt/c/Users/arcan/Documents/airflow/.venv/lib/python3.10/site-packages/airflow/example_dags/tutorial.py
[2025-06-17T20:51:39.344-0300] {processor.py:829} INFO - Processing file /mnt/c/Users/arcan/Documents/airflow/.venv/lib/python3.10/site-packages/airflow/example_dags/tutorial.py for tasks to queue
[2025-06-17T20:51:39.346-0300] {logging_mixin.py:154} INFO - [2025-06-17T20:51:39.345-0300] {dagbag.py:536} INFO - Filling up the DagBag from /mnt/c/Users/arcan/Documents/airflow/.venv/lib/python3.10/site-packages/airflow/example_dags/tutorial.py
[2025-06-17T20:51:39.404-0300] {processor.py:839} INFO - DAG(s) dict_keys(['tutorial']) retrieved from /mnt/c/Users/arcan/Documents/airflow/.venv/lib/python3.10/site-packages/airflow/example_dags/tutorial.py
[2025-06-17T20:51:39.467-0300] {logging_mixin.py:154} INFO - [2025-06-17T20:51:39.467-0300] {dag.py:2941} INFO - Sync 1 DAGs
[2025-06-17T20:51:39.513-0300] {logging_mixin.py:154} INFO - [2025-06-17T20:51:39.513-0300] {dag.py:3722} INFO - Setting next_dagrun for tutorial to 2025-06-16T23:51:39.512559+00:00, run_after=2025-06-17T23:51:39.512559+00:00
[2025-06-17T20:51:39.674-0300] {processor.py:179} INFO - Processing /mnt/c/Users/arcan/Documents/airflow/.venv/lib/python3.10/site-packages/airflow/example_dags/tutorial.py took 0.339 seconds
[2025-06-17T20:52:22.066-0300] {processor.py:157} INFO - Started process (PID=63869) to work on /mnt/c/Users/arcan/Documents/airflow/.venv/lib/python3.10/site-packages/airflow/example_dags/tutorial.py
[2025-06-17T20:52:22.068-0300] {processor.py:829} INFO - Processing file /mnt/c/Users/arcan/Documents/airflow/.venv/lib/python3.10/site-packages/airflow/example_dags/tutorial.py for tasks to queue
[2025-06-17T20:52:22.071-0300] {logging_mixin.py:154} INFO - [2025-06-17T20:52:22.070-0300] {dagbag.py:536} INFO - Filling up the DagBag from /mnt/c/Users/arcan/Documents/airflow/.venv/lib/python3.10/site-packages/airflow/example_dags/tutorial.py
[2025-06-17T20:52:22.113-0300] {processor.py:839} INFO - DAG(s) dict_keys(['tutorial']) retrieved from /mnt/c/Users/arcan/Documents/airflow/.venv/lib/python3.10/site-packages/airflow/example_dags/tutorial.py
[2025-06-17T20:52:22.163-0300] {logging_mixin.py:154} INFO - [2025-06-17T20:52:22.162-0300] {dag.py:2941} INFO - Sync 1 DAGs
[2025-06-17T20:52:22.197-0300] {logging_mixin.py:154} INFO - [2025-06-17T20:52:22.197-0300] {dag.py:3722} INFO - Setting next_dagrun for tutorial to 2025-06-16T23:52:22.196709+00:00, run_after=2025-06-17T23:52:22.196709+00:00
[2025-06-17T20:52:22.312-0300] {processor.py:179} INFO - Processing /mnt/c/Users/arcan/Documents/airflow/.venv/lib/python3.10/site-packages/airflow/example_dags/tutorial.py took 0.255 seconds
[2025-06-17T20:53:42.837-0300] {processor.py:157} INFO - Started process (PID=64213) to work on /mnt/c/Users/arcan/Documents/airflow/.venv/lib/python3.10/site-packages/airflow/example_dags/tutorial.py
[2025-06-17T20:53:42.839-0300] {processor.py:829} INFO - Processing file /mnt/c/Users/arcan/Documents/airflow/.venv/lib/python3.10/site-packages/airflow/example_dags/tutorial.py for tasks to queue
[2025-06-17T20:53:42.841-0300] {logging_mixin.py:154} INFO - [2025-06-17T20:53:42.840-0300] {dagbag.py:536} INFO - Filling up the DagBag from /mnt/c/Users/arcan/Documents/airflow/.venv/lib/python3.10/site-packages/airflow/example_dags/tutorial.py
[2025-06-17T20:53:42.883-0300] {processor.py:839} INFO - DAG(s) dict_keys(['tutorial']) retrieved from /mnt/c/Users/arcan/Documents/airflow/.venv/lib/python3.10/site-packages/airflow/example_dags/tutorial.py
[2025-06-17T20:53:42.937-0300] {logging_mixin.py:154} INFO - [2025-06-17T20:53:42.936-0300] {dag.py:2941} INFO - Sync 1 DAGs
[2025-06-17T20:53:42.980-0300] {logging_mixin.py:154} INFO - [2025-06-17T20:53:42.980-0300] {dag.py:3722} INFO - Setting next_dagrun for tutorial to 2025-06-16T23:53:42.980115+00:00, run_after=2025-06-17T23:53:42.980115+00:00
[2025-06-17T20:53:43.093-0300] {processor.py:179} INFO - Processing /mnt/c/Users/arcan/Documents/airflow/.venv/lib/python3.10/site-packages/airflow/example_dags/tutorial.py took 0.261 seconds
[2025-06-17T20:54:50.944-0300] {processor.py:157} INFO - Started process (PID=64413) to work on /mnt/c/Users/arcan/Documents/airflow/.venv/lib/python3.10/site-packages/airflow/example_dags/tutorial.py
[2025-06-17T20:54:50.946-0300] {processor.py:829} INFO - Processing file /mnt/c/Users/arcan/Documents/airflow/.venv/lib/python3.10/site-packages/airflow/example_dags/tutorial.py for tasks to queue
[2025-06-17T20:54:50.948-0300] {logging_mixin.py:154} INFO - [2025-06-17T20:54:50.947-0300] {dagbag.py:536} INFO - Filling up the DagBag from /mnt/c/Users/arcan/Documents/airflow/.venv/lib/python3.10/site-packages/airflow/example_dags/tutorial.py
[2025-06-17T20:54:50.984-0300] {processor.py:839} INFO - DAG(s) dict_keys(['tutorial']) retrieved from /mnt/c/Users/arcan/Documents/airflow/.venv/lib/python3.10/site-packages/airflow/example_dags/tutorial.py
[2025-06-17T20:54:51.031-0300] {logging_mixin.py:154} INFO - [2025-06-17T20:54:51.031-0300] {dag.py:2941} INFO - Sync 1 DAGs
[2025-06-17T20:54:51.067-0300] {logging_mixin.py:154} INFO - [2025-06-17T20:54:51.066-0300] {dag.py:3722} INFO - Setting next_dagrun for tutorial to 2025-06-16T23:54:51.066644+00:00, run_after=2025-06-17T23:54:51.066644+00:00
[2025-06-17T20:54:51.174-0300] {processor.py:179} INFO - Processing /mnt/c/Users/arcan/Documents/airflow/.venv/lib/python3.10/site-packages/airflow/example_dags/tutorial.py took 0.235 seconds
[2025-06-17T20:56:04.378-0300] {processor.py:157} INFO - Started process (PID=64628) to work on /mnt/c/Users/arcan/Documents/airflow/.venv/lib/python3.10/site-packages/airflow/example_dags/tutorial.py
[2025-06-17T20:56:04.380-0300] {processor.py:829} INFO - Processing file /mnt/c/Users/arcan/Documents/airflow/.venv/lib/python3.10/site-packages/airflow/example_dags/tutorial.py for tasks to queue
[2025-06-17T20:56:04.383-0300] {logging_mixin.py:154} INFO - [2025-06-17T20:56:04.382-0300] {dagbag.py:536} INFO - Filling up the DagBag from /mnt/c/Users/arcan/Documents/airflow/.venv/lib/python3.10/site-packages/airflow/example_dags/tutorial.py
[2025-06-17T20:56:04.421-0300] {processor.py:839} INFO - DAG(s) dict_keys(['tutorial']) retrieved from /mnt/c/Users/arcan/Documents/airflow/.venv/lib/python3.10/site-packages/airflow/example_dags/tutorial.py
[2025-06-17T20:56:04.467-0300] {logging_mixin.py:154} INFO - [2025-06-17T20:56:04.467-0300] {dag.py:2941} INFO - Sync 1 DAGs
[2025-06-17T20:56:04.501-0300] {logging_mixin.py:154} INFO - [2025-06-17T20:56:04.501-0300] {dag.py:3722} INFO - Setting next_dagrun for tutorial to 2025-06-16T23:56:04.501127+00:00, run_after=2025-06-17T23:56:04.501127+00:00
[2025-06-17T20:56:04.632-0300] {processor.py:179} INFO - Processing /mnt/c/Users/arcan/Documents/airflow/.venv/lib/python3.10/site-packages/airflow/example_dags/tutorial.py took 0.259 seconds
