[2025-06-16T22:03:28.759-0300] {processor.py:157} INFO - Started process (PID=57225) to work on /mnt/c/Users/arcan/Documents/airflow/.venv/lib/python3.10/site-packages/airflow/example_dags/plugins/event_listener.py
[2025-06-16T22:03:28.761-0300] {processor.py:829} INFO - Processing file /mnt/c/Users/arcan/Documents/airflow/.venv/lib/python3.10/site-packages/airflow/example_dags/plugins/event_listener.py for tasks to queue
[2025-06-16T22:03:28.764-0300] {logging_mixin.py:154} INFO - [2025-06-16T22:03:28.762-0300] {dagbag.py:536} INFO - Filling up the DagBag from /mnt/c/Users/arcan/Documents/airflow/.venv/lib/python3.10/site-packages/airflow/example_dags/plugins/event_listener.py
[2025-06-16T22:03:28.807-0300] {processor.py:841} WARNING - No viable dags retrieved from /mnt/c/Users/arcan/Documents/airflow/.venv/lib/python3.10/site-packages/airflow/example_dags/plugins/event_listener.py
[2025-06-16T22:03:28.847-0300] {processor.py:179} INFO - Processing /mnt/c/Users/arcan/Documents/airflow/.venv/lib/python3.10/site-packages/airflow/example_dags/plugins/event_listener.py took 0.096 seconds
[2025-06-16T22:04:27.226-0300] {processor.py:157} INFO - Started process (PID=57398) to work on /mnt/c/Users/arcan/Documents/airflow/.venv/lib/python3.10/site-packages/airflow/example_dags/plugins/event_listener.py
[2025-06-16T22:04:27.228-0300] {processor.py:829} INFO - Processing file /mnt/c/Users/arcan/Documents/airflow/.venv/lib/python3.10/site-packages/airflow/example_dags/plugins/event_listener.py for tasks to queue
[2025-06-16T22:04:27.229-0300] {logging_mixin.py:154} INFO - [2025-06-16T22:04:27.229-0300] {dagbag.py:536} INFO - Filling up the DagBag from /mnt/c/Users/arcan/Documents/airflow/.venv/lib/python3.10/site-packages/airflow/example_dags/plugins/event_listener.py
[2025-06-16T22:04:27.262-0300] {processor.py:841} WARNING - No viable dags retrieved from /mnt/c/Users/arcan/Documents/airflow/.venv/lib/python3.10/site-packages/airflow/example_dags/plugins/event_listener.py
[2025-06-16T22:04:27.293-0300] {processor.py:179} INFO - Processing /mnt/c/Users/arcan/Documents/airflow/.venv/lib/python3.10/site-packages/airflow/example_dags/plugins/event_listener.py took 0.071 seconds
[2025-06-16T22:05:03.868-0300] {processor.py:157} INFO - Started process (PID=57540) to work on /mnt/c/Users/arcan/Documents/airflow/.venv/lib/python3.10/site-packages/airflow/example_dags/plugins/event_listener.py
[2025-06-16T22:05:03.870-0300] {processor.py:829} INFO - Processing file /mnt/c/Users/arcan/Documents/airflow/.venv/lib/python3.10/site-packages/airflow/example_dags/plugins/event_listener.py for tasks to queue
[2025-06-16T22:05:03.872-0300] {logging_mixin.py:154} INFO - [2025-06-16T22:05:03.871-0300] {dagbag.py:536} INFO - Filling up the DagBag from /mnt/c/Users/arcan/Documents/airflow/.venv/lib/python3.10/site-packages/airflow/example_dags/plugins/event_listener.py
[2025-06-16T22:05:03.908-0300] {processor.py:841} WARNING - No viable dags retrieved from /mnt/c/Users/arcan/Documents/airflow/.venv/lib/python3.10/site-packages/airflow/example_dags/plugins/event_listener.py
[2025-06-16T22:05:03.944-0300] {processor.py:179} INFO - Processing /mnt/c/Users/arcan/Documents/airflow/.venv/lib/python3.10/site-packages/airflow/example_dags/plugins/event_listener.py took 0.081 seconds
[2025-06-16T22:05:41.583-0300] {processor.py:157} INFO - Started process (PID=57649) to work on /mnt/c/Users/arcan/Documents/airflow/.venv/lib/python3.10/site-packages/airflow/example_dags/plugins/event_listener.py
[2025-06-16T22:05:41.585-0300] {processor.py:829} INFO - Processing file /mnt/c/Users/arcan/Documents/airflow/.venv/lib/python3.10/site-packages/airflow/example_dags/plugins/event_listener.py for tasks to queue
[2025-06-16T22:05:41.588-0300] {logging_mixin.py:154} INFO - [2025-06-16T22:05:41.587-0300] {dagbag.py:536} INFO - Filling up the DagBag from /mnt/c/Users/arcan/Documents/airflow/.venv/lib/python3.10/site-packages/airflow/example_dags/plugins/event_listener.py
[2025-06-16T22:05:41.627-0300] {processor.py:841} WARNING - No viable dags retrieved from /mnt/c/Users/arcan/Documents/airflow/.venv/lib/python3.10/site-packages/airflow/example_dags/plugins/event_listener.py
[2025-06-16T22:05:41.669-0300] {processor.py:179} INFO - Processing /mnt/c/Users/arcan/Documents/airflow/.venv/lib/python3.10/site-packages/airflow/example_dags/plugins/event_listener.py took 0.091 seconds
[2025-06-16T22:06:17.493-0300] {processor.py:157} INFO - Started process (PID=57752) to work on /mnt/c/Users/arcan/Documents/airflow/.venv/lib/python3.10/site-packages/airflow/example_dags/plugins/event_listener.py
[2025-06-16T22:06:17.496-0300] {processor.py:829} INFO - Processing file /mnt/c/Users/arcan/Documents/airflow/.venv/lib/python3.10/site-packages/airflow/example_dags/plugins/event_listener.py for tasks to queue
[2025-06-16T22:06:17.499-0300] {logging_mixin.py:154} INFO - [2025-06-16T22:06:17.498-0300] {dagbag.py:536} INFO - Filling up the DagBag from /mnt/c/Users/arcan/Documents/airflow/.venv/lib/python3.10/site-packages/airflow/example_dags/plugins/event_listener.py
[2025-06-16T22:06:17.550-0300] {processor.py:841} WARNING - No viable dags retrieved from /mnt/c/Users/arcan/Documents/airflow/.venv/lib/python3.10/site-packages/airflow/example_dags/plugins/event_listener.py
[2025-06-16T22:06:17.598-0300] {processor.py:179} INFO - Processing /mnt/c/Users/arcan/Documents/airflow/.venv/lib/python3.10/site-packages/airflow/example_dags/plugins/event_listener.py took 0.110 seconds
[2025-06-16T22:07:28.047-0300] {processor.py:157} INFO - Started process (PID=57964) to work on /mnt/c/Users/arcan/Documents/airflow/.venv/lib/python3.10/site-packages/airflow/example_dags/plugins/event_listener.py
[2025-06-16T22:07:28.049-0300] {processor.py:829} INFO - Processing file /mnt/c/Users/arcan/Documents/airflow/.venv/lib/python3.10/site-packages/airflow/example_dags/plugins/event_listener.py for tasks to queue
[2025-06-16T22:07:28.051-0300] {logging_mixin.py:154} INFO - [2025-06-16T22:07:28.050-0300] {dagbag.py:536} INFO - Filling up the DagBag from /mnt/c/Users/arcan/Documents/airflow/.venv/lib/python3.10/site-packages/airflow/example_dags/plugins/event_listener.py
[2025-06-16T22:07:28.089-0300] {processor.py:841} WARNING - No viable dags retrieved from /mnt/c/Users/arcan/Documents/airflow/.venv/lib/python3.10/site-packages/airflow/example_dags/plugins/event_listener.py
[2025-06-16T22:07:28.125-0300] {processor.py:179} INFO - Processing /mnt/c/Users/arcan/Documents/airflow/.venv/lib/python3.10/site-packages/airflow/example_dags/plugins/event_listener.py took 0.084 seconds
[2025-06-16T22:08:04.019-0300] {processor.py:157} INFO - Started process (PID=58067) to work on /mnt/c/Users/arcan/Documents/airflow/.venv/lib/python3.10/site-packages/airflow/example_dags/plugins/event_listener.py
[2025-06-16T22:08:04.021-0300] {processor.py:829} INFO - Processing file /mnt/c/Users/arcan/Documents/airflow/.venv/lib/python3.10/site-packages/airflow/example_dags/plugins/event_listener.py for tasks to queue
[2025-06-16T22:08:04.023-0300] {logging_mixin.py:154} INFO - [2025-06-16T22:08:04.022-0300] {dagbag.py:536} INFO - Filling up the DagBag from /mnt/c/Users/arcan/Documents/airflow/.venv/lib/python3.10/site-packages/airflow/example_dags/plugins/event_listener.py
[2025-06-16T22:08:04.058-0300] {processor.py:841} WARNING - No viable dags retrieved from /mnt/c/Users/arcan/Documents/airflow/.venv/lib/python3.10/site-packages/airflow/example_dags/plugins/event_listener.py
[2025-06-16T22:08:04.094-0300] {processor.py:179} INFO - Processing /mnt/c/Users/arcan/Documents/airflow/.venv/lib/python3.10/site-packages/airflow/example_dags/plugins/event_listener.py took 0.080 seconds
[2025-06-16T22:08:42.242-0300] {processor.py:157} INFO - Started process (PID=58301) to work on /mnt/c/Users/arcan/Documents/airflow/.venv/lib/python3.10/site-packages/airflow/example_dags/plugins/event_listener.py
[2025-06-16T22:08:42.244-0300] {processor.py:829} INFO - Processing file /mnt/c/Users/arcan/Documents/airflow/.venv/lib/python3.10/site-packages/airflow/example_dags/plugins/event_listener.py for tasks to queue
[2025-06-16T22:08:42.246-0300] {logging_mixin.py:154} INFO - [2025-06-16T22:08:42.245-0300] {dagbag.py:536} INFO - Filling up the DagBag from /mnt/c/Users/arcan/Documents/airflow/.venv/lib/python3.10/site-packages/airflow/example_dags/plugins/event_listener.py
[2025-06-16T22:08:42.280-0300] {processor.py:841} WARNING - No viable dags retrieved from /mnt/c/Users/arcan/Documents/airflow/.venv/lib/python3.10/site-packages/airflow/example_dags/plugins/event_listener.py
[2025-06-16T22:08:42.316-0300] {processor.py:179} INFO - Processing /mnt/c/Users/arcan/Documents/airflow/.venv/lib/python3.10/site-packages/airflow/example_dags/plugins/event_listener.py took 0.079 seconds
[2025-06-16T22:09:17.425-0300] {processor.py:157} INFO - Started process (PID=58405) to work on /mnt/c/Users/arcan/Documents/airflow/.venv/lib/python3.10/site-packages/airflow/example_dags/plugins/event_listener.py
[2025-06-16T22:09:17.427-0300] {processor.py:829} INFO - Processing file /mnt/c/Users/arcan/Documents/airflow/.venv/lib/python3.10/site-packages/airflow/example_dags/plugins/event_listener.py for tasks to queue
[2025-06-16T22:09:17.429-0300] {logging_mixin.py:154} INFO - [2025-06-16T22:09:17.428-0300] {dagbag.py:536} INFO - Filling up the DagBag from /mnt/c/Users/arcan/Documents/airflow/.venv/lib/python3.10/site-packages/airflow/example_dags/plugins/event_listener.py
[2025-06-16T22:09:17.458-0300] {processor.py:841} WARNING - No viable dags retrieved from /mnt/c/Users/arcan/Documents/airflow/.venv/lib/python3.10/site-packages/airflow/example_dags/plugins/event_listener.py
[2025-06-16T22:09:17.488-0300] {processor.py:179} INFO - Processing /mnt/c/Users/arcan/Documents/airflow/.venv/lib/python3.10/site-packages/airflow/example_dags/plugins/event_listener.py took 0.067 seconds
[2025-06-16T22:10:20.242-0300] {processor.py:157} INFO - Started process (PID=58596) to work on /mnt/c/Users/arcan/Documents/airflow/.venv/lib/python3.10/site-packages/airflow/example_dags/plugins/event_listener.py
[2025-06-16T22:10:20.244-0300] {processor.py:829} INFO - Processing file /mnt/c/Users/arcan/Documents/airflow/.venv/lib/python3.10/site-packages/airflow/example_dags/plugins/event_listener.py for tasks to queue
[2025-06-16T22:10:20.246-0300] {logging_mixin.py:154} INFO - [2025-06-16T22:10:20.245-0300] {dagbag.py:536} INFO - Filling up the DagBag from /mnt/c/Users/arcan/Documents/airflow/.venv/lib/python3.10/site-packages/airflow/example_dags/plugins/event_listener.py
[2025-06-16T22:10:20.275-0300] {processor.py:841} WARNING - No viable dags retrieved from /mnt/c/Users/arcan/Documents/airflow/.venv/lib/python3.10/site-packages/airflow/example_dags/plugins/event_listener.py
[2025-06-16T22:10:20.310-0300] {processor.py:179} INFO - Processing /mnt/c/Users/arcan/Documents/airflow/.venv/lib/python3.10/site-packages/airflow/example_dags/plugins/event_listener.py took 0.072 seconds
[2025-06-16T22:11:22.694-0300] {processor.py:157} INFO - Started process (PID=58786) to work on /mnt/c/Users/arcan/Documents/airflow/.venv/lib/python3.10/site-packages/airflow/example_dags/plugins/event_listener.py
[2025-06-16T22:11:22.696-0300] {processor.py:829} INFO - Processing file /mnt/c/Users/arcan/Documents/airflow/.venv/lib/python3.10/site-packages/airflow/example_dags/plugins/event_listener.py for tasks to queue
[2025-06-16T22:11:22.697-0300] {logging_mixin.py:154} INFO - [2025-06-16T22:11:22.697-0300] {dagbag.py:536} INFO - Filling up the DagBag from /mnt/c/Users/arcan/Documents/airflow/.venv/lib/python3.10/site-packages/airflow/example_dags/plugins/event_listener.py
[2025-06-16T22:11:22.727-0300] {processor.py:841} WARNING - No viable dags retrieved from /mnt/c/Users/arcan/Documents/airflow/.venv/lib/python3.10/site-packages/airflow/example_dags/plugins/event_listener.py
[2025-06-16T22:11:22.757-0300] {processor.py:179} INFO - Processing /mnt/c/Users/arcan/Documents/airflow/.venv/lib/python3.10/site-packages/airflow/example_dags/plugins/event_listener.py took 0.068 seconds
[2025-06-16T22:12:21.082-0300] {processor.py:157} INFO - Started process (PID=58960) to work on /mnt/c/Users/arcan/Documents/airflow/.venv/lib/python3.10/site-packages/airflow/example_dags/plugins/event_listener.py
[2025-06-16T22:12:21.084-0300] {processor.py:829} INFO - Processing file /mnt/c/Users/arcan/Documents/airflow/.venv/lib/python3.10/site-packages/airflow/example_dags/plugins/event_listener.py for tasks to queue
[2025-06-16T22:12:21.086-0300] {logging_mixin.py:154} INFO - [2025-06-16T22:12:21.086-0300] {dagbag.py:536} INFO - Filling up the DagBag from /mnt/c/Users/arcan/Documents/airflow/.venv/lib/python3.10/site-packages/airflow/example_dags/plugins/event_listener.py
[2025-06-16T22:12:21.117-0300] {processor.py:841} WARNING - No viable dags retrieved from /mnt/c/Users/arcan/Documents/airflow/.venv/lib/python3.10/site-packages/airflow/example_dags/plugins/event_listener.py
[2025-06-16T22:12:21.152-0300] {processor.py:179} INFO - Processing /mnt/c/Users/arcan/Documents/airflow/.venv/lib/python3.10/site-packages/airflow/example_dags/plugins/event_listener.py took 0.075 seconds
[2025-06-16T22:13:24.731-0300] {processor.py:157} INFO - Started process (PID=59152) to work on /mnt/c/Users/arcan/Documents/airflow/.venv/lib/python3.10/site-packages/airflow/example_dags/plugins/event_listener.py
[2025-06-16T22:13:24.733-0300] {processor.py:829} INFO - Processing file /mnt/c/Users/arcan/Documents/airflow/.venv/lib/python3.10/site-packages/airflow/example_dags/plugins/event_listener.py for tasks to queue
[2025-06-16T22:13:24.734-0300] {logging_mixin.py:154} INFO - [2025-06-16T22:13:24.733-0300] {dagbag.py:536} INFO - Filling up the DagBag from /mnt/c/Users/arcan/Documents/airflow/.venv/lib/python3.10/site-packages/airflow/example_dags/plugins/event_listener.py
[2025-06-16T22:13:24.762-0300] {processor.py:841} WARNING - No viable dags retrieved from /mnt/c/Users/arcan/Documents/airflow/.venv/lib/python3.10/site-packages/airflow/example_dags/plugins/event_listener.py
[2025-06-16T22:13:24.790-0300] {processor.py:179} INFO - Processing /mnt/c/Users/arcan/Documents/airflow/.venv/lib/python3.10/site-packages/airflow/example_dags/plugins/event_listener.py took 0.065 seconds
[2025-06-16T22:14:31.451-0300] {processor.py:157} INFO - Started process (PID=59357) to work on /mnt/c/Users/arcan/Documents/airflow/.venv/lib/python3.10/site-packages/airflow/example_dags/plugins/event_listener.py
[2025-06-16T22:14:31.453-0300] {processor.py:829} INFO - Processing file /mnt/c/Users/arcan/Documents/airflow/.venv/lib/python3.10/site-packages/airflow/example_dags/plugins/event_listener.py for tasks to queue
[2025-06-16T22:14:31.455-0300] {logging_mixin.py:154} INFO - [2025-06-16T22:14:31.454-0300] {dagbag.py:536} INFO - Filling up the DagBag from /mnt/c/Users/arcan/Documents/airflow/.venv/lib/python3.10/site-packages/airflow/example_dags/plugins/event_listener.py
[2025-06-16T22:14:31.485-0300] {processor.py:841} WARNING - No viable dags retrieved from /mnt/c/Users/arcan/Documents/airflow/.venv/lib/python3.10/site-packages/airflow/example_dags/plugins/event_listener.py
[2025-06-16T22:14:31.516-0300] {processor.py:179} INFO - Processing /mnt/c/Users/arcan/Documents/airflow/.venv/lib/python3.10/site-packages/airflow/example_dags/plugins/event_listener.py took 0.069 seconds
[2025-06-16T22:15:38.761-0300] {processor.py:157} INFO - Started process (PID=59554) to work on /mnt/c/Users/arcan/Documents/airflow/.venv/lib/python3.10/site-packages/airflow/example_dags/plugins/event_listener.py
[2025-06-16T22:15:38.762-0300] {processor.py:829} INFO - Processing file /mnt/c/Users/arcan/Documents/airflow/.venv/lib/python3.10/site-packages/airflow/example_dags/plugins/event_listener.py for tasks to queue
[2025-06-16T22:15:38.764-0300] {logging_mixin.py:154} INFO - [2025-06-16T22:15:38.764-0300] {dagbag.py:536} INFO - Filling up the DagBag from /mnt/c/Users/arcan/Documents/airflow/.venv/lib/python3.10/site-packages/airflow/example_dags/plugins/event_listener.py
[2025-06-16T22:15:38.799-0300] {processor.py:841} WARNING - No viable dags retrieved from /mnt/c/Users/arcan/Documents/airflow/.venv/lib/python3.10/site-packages/airflow/example_dags/plugins/event_listener.py
[2025-06-16T22:15:38.835-0300] {processor.py:179} INFO - Processing /mnt/c/Users/arcan/Documents/airflow/.venv/lib/python3.10/site-packages/airflow/example_dags/plugins/event_listener.py took 0.079 seconds
[2025-06-16T22:16:16.114-0300] {processor.py:157} INFO - Started process (PID=59790) to work on /mnt/c/Users/arcan/Documents/airflow/.venv/lib/python3.10/site-packages/airflow/example_dags/plugins/event_listener.py
[2025-06-16T22:16:16.116-0300] {processor.py:829} INFO - Processing file /mnt/c/Users/arcan/Documents/airflow/.venv/lib/python3.10/site-packages/airflow/example_dags/plugins/event_listener.py for tasks to queue
[2025-06-16T22:16:16.118-0300] {logging_mixin.py:154} INFO - [2025-06-16T22:16:16.118-0300] {dagbag.py:536} INFO - Filling up the DagBag from /mnt/c/Users/arcan/Documents/airflow/.venv/lib/python3.10/site-packages/airflow/example_dags/plugins/event_listener.py
[2025-06-16T22:16:16.170-0300] {processor.py:841} WARNING - No viable dags retrieved from /mnt/c/Users/arcan/Documents/airflow/.venv/lib/python3.10/site-packages/airflow/example_dags/plugins/event_listener.py
[2025-06-16T22:16:16.229-0300] {processor.py:179} INFO - Processing /mnt/c/Users/arcan/Documents/airflow/.venv/lib/python3.10/site-packages/airflow/example_dags/plugins/event_listener.py took 0.121 seconds
[2025-06-16T22:16:51.293-0300] {processor.py:157} INFO - Started process (PID=59895) to work on /mnt/c/Users/arcan/Documents/airflow/.venv/lib/python3.10/site-packages/airflow/example_dags/plugins/event_listener.py
[2025-06-16T22:16:51.295-0300] {processor.py:829} INFO - Processing file /mnt/c/Users/arcan/Documents/airflow/.venv/lib/python3.10/site-packages/airflow/example_dags/plugins/event_listener.py for tasks to queue
[2025-06-16T22:16:51.297-0300] {logging_mixin.py:154} INFO - [2025-06-16T22:16:51.296-0300] {dagbag.py:536} INFO - Filling up the DagBag from /mnt/c/Users/arcan/Documents/airflow/.venv/lib/python3.10/site-packages/airflow/example_dags/plugins/event_listener.py
[2025-06-16T22:16:51.328-0300] {processor.py:841} WARNING - No viable dags retrieved from /mnt/c/Users/arcan/Documents/airflow/.venv/lib/python3.10/site-packages/airflow/example_dags/plugins/event_listener.py
[2025-06-16T22:16:51.363-0300] {processor.py:179} INFO - Processing /mnt/c/Users/arcan/Documents/airflow/.venv/lib/python3.10/site-packages/airflow/example_dags/plugins/event_listener.py took 0.075 seconds
[2025-06-16T22:18:00.980-0300] {processor.py:157} INFO - Started process (PID=60102) to work on /mnt/c/Users/arcan/Documents/airflow/.venv/lib/python3.10/site-packages/airflow/example_dags/plugins/event_listener.py
[2025-06-16T22:18:00.983-0300] {processor.py:829} INFO - Processing file /mnt/c/Users/arcan/Documents/airflow/.venv/lib/python3.10/site-packages/airflow/example_dags/plugins/event_listener.py for tasks to queue
[2025-06-16T22:18:00.986-0300] {logging_mixin.py:154} INFO - [2025-06-16T22:18:00.985-0300] {dagbag.py:536} INFO - Filling up the DagBag from /mnt/c/Users/arcan/Documents/airflow/.venv/lib/python3.10/site-packages/airflow/example_dags/plugins/event_listener.py
[2025-06-16T22:18:01.033-0300] {processor.py:841} WARNING - No viable dags retrieved from /mnt/c/Users/arcan/Documents/airflow/.venv/lib/python3.10/site-packages/airflow/example_dags/plugins/event_listener.py
[2025-06-16T22:18:01.080-0300] {processor.py:179} INFO - Processing /mnt/c/Users/arcan/Documents/airflow/.venv/lib/python3.10/site-packages/airflow/example_dags/plugins/event_listener.py took 0.108 seconds
[2025-06-16T22:18:44.868-0300] {processor.py:157} INFO - Started process (PID=60228) to work on /mnt/c/Users/arcan/Documents/airflow/.venv/lib/python3.10/site-packages/airflow/example_dags/plugins/event_listener.py
[2025-06-16T22:18:44.871-0300] {processor.py:829} INFO - Processing file /mnt/c/Users/arcan/Documents/airflow/.venv/lib/python3.10/site-packages/airflow/example_dags/plugins/event_listener.py for tasks to queue
[2025-06-16T22:18:44.873-0300] {logging_mixin.py:154} INFO - [2025-06-16T22:18:44.872-0300] {dagbag.py:536} INFO - Filling up the DagBag from /mnt/c/Users/arcan/Documents/airflow/.venv/lib/python3.10/site-packages/airflow/example_dags/plugins/event_listener.py
[2025-06-16T22:18:44.921-0300] {processor.py:841} WARNING - No viable dags retrieved from /mnt/c/Users/arcan/Documents/airflow/.venv/lib/python3.10/site-packages/airflow/example_dags/plugins/event_listener.py
[2025-06-16T22:18:44.968-0300] {processor.py:179} INFO - Processing /mnt/c/Users/arcan/Documents/airflow/.venv/lib/python3.10/site-packages/airflow/example_dags/plugins/event_listener.py took 0.107 seconds
[2025-06-16T22:19:28.717-0300] {processor.py:157} INFO - Started process (PID=60355) to work on /mnt/c/Users/arcan/Documents/airflow/.venv/lib/python3.10/site-packages/airflow/example_dags/plugins/event_listener.py
[2025-06-16T22:19:28.721-0300] {processor.py:829} INFO - Processing file /mnt/c/Users/arcan/Documents/airflow/.venv/lib/python3.10/site-packages/airflow/example_dags/plugins/event_listener.py for tasks to queue
[2025-06-16T22:19:28.725-0300] {logging_mixin.py:154} INFO - [2025-06-16T22:19:28.724-0300] {dagbag.py:536} INFO - Filling up the DagBag from /mnt/c/Users/arcan/Documents/airflow/.venv/lib/python3.10/site-packages/airflow/example_dags/plugins/event_listener.py
[2025-06-16T22:19:28.777-0300] {processor.py:841} WARNING - No viable dags retrieved from /mnt/c/Users/arcan/Documents/airflow/.venv/lib/python3.10/site-packages/airflow/example_dags/plugins/event_listener.py
[2025-06-16T22:19:28.832-0300] {processor.py:179} INFO - Processing /mnt/c/Users/arcan/Documents/airflow/.venv/lib/python3.10/site-packages/airflow/example_dags/plugins/event_listener.py took 0.123 seconds
[2025-06-16T22:20:11.640-0300] {processor.py:157} INFO - Started process (PID=60482) to work on /mnt/c/Users/arcan/Documents/airflow/.venv/lib/python3.10/site-packages/airflow/example_dags/plugins/event_listener.py
[2025-06-16T22:20:11.643-0300] {processor.py:829} INFO - Processing file /mnt/c/Users/arcan/Documents/airflow/.venv/lib/python3.10/site-packages/airflow/example_dags/plugins/event_listener.py for tasks to queue
[2025-06-16T22:20:11.645-0300] {logging_mixin.py:154} INFO - [2025-06-16T22:20:11.644-0300] {dagbag.py:536} INFO - Filling up the DagBag from /mnt/c/Users/arcan/Documents/airflow/.venv/lib/python3.10/site-packages/airflow/example_dags/plugins/event_listener.py
[2025-06-16T22:20:11.694-0300] {processor.py:841} WARNING - No viable dags retrieved from /mnt/c/Users/arcan/Documents/airflow/.venv/lib/python3.10/site-packages/airflow/example_dags/plugins/event_listener.py
[2025-06-16T22:20:11.742-0300] {processor.py:179} INFO - Processing /mnt/c/Users/arcan/Documents/airflow/.venv/lib/python3.10/site-packages/airflow/example_dags/plugins/event_listener.py took 0.108 seconds
[2025-06-16T22:20:53.285-0300] {processor.py:157} INFO - Started process (PID=60599) to work on /mnt/c/Users/arcan/Documents/airflow/.venv/lib/python3.10/site-packages/airflow/example_dags/plugins/event_listener.py
[2025-06-16T22:20:53.290-0300] {processor.py:829} INFO - Processing file /mnt/c/Users/arcan/Documents/airflow/.venv/lib/python3.10/site-packages/airflow/example_dags/plugins/event_listener.py for tasks to queue
[2025-06-16T22:20:53.292-0300] {logging_mixin.py:154} INFO - [2025-06-16T22:20:53.291-0300] {dagbag.py:536} INFO - Filling up the DagBag from /mnt/c/Users/arcan/Documents/airflow/.venv/lib/python3.10/site-packages/airflow/example_dags/plugins/event_listener.py
[2025-06-16T22:20:53.343-0300] {processor.py:841} WARNING - No viable dags retrieved from /mnt/c/Users/arcan/Documents/airflow/.venv/lib/python3.10/site-packages/airflow/example_dags/plugins/event_listener.py
[2025-06-16T22:20:53.404-0300] {processor.py:179} INFO - Processing /mnt/c/Users/arcan/Documents/airflow/.venv/lib/python3.10/site-packages/airflow/example_dags/plugins/event_listener.py took 0.125 seconds
[2025-06-16T22:21:33.186-0300] {processor.py:157} INFO - Started process (PID=60709) to work on /mnt/c/Users/arcan/Documents/airflow/.venv/lib/python3.10/site-packages/airflow/example_dags/plugins/event_listener.py
[2025-06-16T22:21:33.189-0300] {processor.py:829} INFO - Processing file /mnt/c/Users/arcan/Documents/airflow/.venv/lib/python3.10/site-packages/airflow/example_dags/plugins/event_listener.py for tasks to queue
[2025-06-16T22:21:33.192-0300] {logging_mixin.py:154} INFO - [2025-06-16T22:21:33.191-0300] {dagbag.py:536} INFO - Filling up the DagBag from /mnt/c/Users/arcan/Documents/airflow/.venv/lib/python3.10/site-packages/airflow/example_dags/plugins/event_listener.py
[2025-06-16T22:21:33.241-0300] {processor.py:841} WARNING - No viable dags retrieved from /mnt/c/Users/arcan/Documents/airflow/.venv/lib/python3.10/site-packages/airflow/example_dags/plugins/event_listener.py
[2025-06-16T22:21:33.295-0300] {processor.py:179} INFO - Processing /mnt/c/Users/arcan/Documents/airflow/.venv/lib/python3.10/site-packages/airflow/example_dags/plugins/event_listener.py took 0.115 seconds
[2025-06-16T22:22:14.385-0300] {processor.py:157} INFO - Started process (PID=60824) to work on /mnt/c/Users/arcan/Documents/airflow/.venv/lib/python3.10/site-packages/airflow/example_dags/plugins/event_listener.py
[2025-06-16T22:22:14.388-0300] {processor.py:829} INFO - Processing file /mnt/c/Users/arcan/Documents/airflow/.venv/lib/python3.10/site-packages/airflow/example_dags/plugins/event_listener.py for tasks to queue
[2025-06-16T22:22:14.390-0300] {logging_mixin.py:154} INFO - [2025-06-16T22:22:14.390-0300] {dagbag.py:536} INFO - Filling up the DagBag from /mnt/c/Users/arcan/Documents/airflow/.venv/lib/python3.10/site-packages/airflow/example_dags/plugins/event_listener.py
[2025-06-16T22:22:14.443-0300] {processor.py:841} WARNING - No viable dags retrieved from /mnt/c/Users/arcan/Documents/airflow/.venv/lib/python3.10/site-packages/airflow/example_dags/plugins/event_listener.py
[2025-06-16T22:22:14.505-0300] {processor.py:179} INFO - Processing /mnt/c/Users/arcan/Documents/airflow/.venv/lib/python3.10/site-packages/airflow/example_dags/plugins/event_listener.py took 0.128 seconds
[2025-06-16T22:22:55.823-0300] {processor.py:157} INFO - Started process (PID=60951) to work on /mnt/c/Users/arcan/Documents/airflow/.venv/lib/python3.10/site-packages/airflow/example_dags/plugins/event_listener.py
[2025-06-16T22:22:55.826-0300] {processor.py:829} INFO - Processing file /mnt/c/Users/arcan/Documents/airflow/.venv/lib/python3.10/site-packages/airflow/example_dags/plugins/event_listener.py for tasks to queue
[2025-06-16T22:22:55.828-0300] {logging_mixin.py:154} INFO - [2025-06-16T22:22:55.828-0300] {dagbag.py:536} INFO - Filling up the DagBag from /mnt/c/Users/arcan/Documents/airflow/.venv/lib/python3.10/site-packages/airflow/example_dags/plugins/event_listener.py
[2025-06-16T22:22:55.879-0300] {processor.py:841} WARNING - No viable dags retrieved from /mnt/c/Users/arcan/Documents/airflow/.venv/lib/python3.10/site-packages/airflow/example_dags/plugins/event_listener.py
[2025-06-16T22:22:55.928-0300] {processor.py:179} INFO - Processing /mnt/c/Users/arcan/Documents/airflow/.venv/lib/python3.10/site-packages/airflow/example_dags/plugins/event_listener.py took 0.111 seconds
[2025-06-16T22:23:37.905-0300] {processor.py:157} INFO - Started process (PID=61068) to work on /mnt/c/Users/arcan/Documents/airflow/.venv/lib/python3.10/site-packages/airflow/example_dags/plugins/event_listener.py
[2025-06-16T22:23:37.908-0300] {processor.py:829} INFO - Processing file /mnt/c/Users/arcan/Documents/airflow/.venv/lib/python3.10/site-packages/airflow/example_dags/plugins/event_listener.py for tasks to queue
[2025-06-16T22:23:37.910-0300] {logging_mixin.py:154} INFO - [2025-06-16T22:23:37.909-0300] {dagbag.py:536} INFO - Filling up the DagBag from /mnt/c/Users/arcan/Documents/airflow/.venv/lib/python3.10/site-packages/airflow/example_dags/plugins/event_listener.py
[2025-06-16T22:23:37.960-0300] {processor.py:841} WARNING - No viable dags retrieved from /mnt/c/Users/arcan/Documents/airflow/.venv/lib/python3.10/site-packages/airflow/example_dags/plugins/event_listener.py
[2025-06-16T22:23:38.007-0300] {processor.py:179} INFO - Processing /mnt/c/Users/arcan/Documents/airflow/.venv/lib/python3.10/site-packages/airflow/example_dags/plugins/event_listener.py took 0.108 seconds
[2025-06-16T22:24:21.557-0300] {processor.py:157} INFO - Started process (PID=61318) to work on /mnt/c/Users/arcan/Documents/airflow/.venv/lib/python3.10/site-packages/airflow/example_dags/plugins/event_listener.py
[2025-06-16T22:24:21.559-0300] {processor.py:829} INFO - Processing file /mnt/c/Users/arcan/Documents/airflow/.venv/lib/python3.10/site-packages/airflow/example_dags/plugins/event_listener.py for tasks to queue
[2025-06-16T22:24:21.562-0300] {logging_mixin.py:154} INFO - [2025-06-16T22:24:21.561-0300] {dagbag.py:536} INFO - Filling up the DagBag from /mnt/c/Users/arcan/Documents/airflow/.venv/lib/python3.10/site-packages/airflow/example_dags/plugins/event_listener.py
[2025-06-16T22:24:21.608-0300] {processor.py:841} WARNING - No viable dags retrieved from /mnt/c/Users/arcan/Documents/airflow/.venv/lib/python3.10/site-packages/airflow/example_dags/plugins/event_listener.py
[2025-06-16T22:24:21.650-0300] {processor.py:179} INFO - Processing /mnt/c/Users/arcan/Documents/airflow/.venv/lib/python3.10/site-packages/airflow/example_dags/plugins/event_listener.py took 0.100 seconds
[2025-06-16T22:25:01.220-0300] {processor.py:157} INFO - Started process (PID=61429) to work on /mnt/c/Users/arcan/Documents/airflow/.venv/lib/python3.10/site-packages/airflow/example_dags/plugins/event_listener.py
[2025-06-16T22:25:01.222-0300] {processor.py:829} INFO - Processing file /mnt/c/Users/arcan/Documents/airflow/.venv/lib/python3.10/site-packages/airflow/example_dags/plugins/event_listener.py for tasks to queue
[2025-06-16T22:25:01.225-0300] {logging_mixin.py:154} INFO - [2025-06-16T22:25:01.224-0300] {dagbag.py:536} INFO - Filling up the DagBag from /mnt/c/Users/arcan/Documents/airflow/.venv/lib/python3.10/site-packages/airflow/example_dags/plugins/event_listener.py
[2025-06-16T22:25:01.283-0300] {processor.py:841} WARNING - No viable dags retrieved from /mnt/c/Users/arcan/Documents/airflow/.venv/lib/python3.10/site-packages/airflow/example_dags/plugins/event_listener.py
[2025-06-16T22:25:01.357-0300] {processor.py:179} INFO - Processing /mnt/c/Users/arcan/Documents/airflow/.venv/lib/python3.10/site-packages/airflow/example_dags/plugins/event_listener.py took 0.147 seconds
[2025-06-16T22:25:40.497-0300] {processor.py:157} INFO - Started process (PID=61546) to work on /mnt/c/Users/arcan/Documents/airflow/.venv/lib/python3.10/site-packages/airflow/example_dags/plugins/event_listener.py
[2025-06-16T22:25:40.501-0300] {processor.py:829} INFO - Processing file /mnt/c/Users/arcan/Documents/airflow/.venv/lib/python3.10/site-packages/airflow/example_dags/plugins/event_listener.py for tasks to queue
[2025-06-16T22:25:40.504-0300] {logging_mixin.py:154} INFO - [2025-06-16T22:25:40.503-0300] {dagbag.py:536} INFO - Filling up the DagBag from /mnt/c/Users/arcan/Documents/airflow/.venv/lib/python3.10/site-packages/airflow/example_dags/plugins/event_listener.py
[2025-06-16T22:25:40.555-0300] {processor.py:841} WARNING - No viable dags retrieved from /mnt/c/Users/arcan/Documents/airflow/.venv/lib/python3.10/site-packages/airflow/example_dags/plugins/event_listener.py
[2025-06-16T22:25:40.603-0300] {processor.py:179} INFO - Processing /mnt/c/Users/arcan/Documents/airflow/.venv/lib/python3.10/site-packages/airflow/example_dags/plugins/event_listener.py took 0.112 seconds
[2025-06-16T22:26:20.925-0300] {processor.py:157} INFO - Started process (PID=61656) to work on /mnt/c/Users/arcan/Documents/airflow/.venv/lib/python3.10/site-packages/airflow/example_dags/plugins/event_listener.py
[2025-06-16T22:26:20.927-0300] {processor.py:829} INFO - Processing file /mnt/c/Users/arcan/Documents/airflow/.venv/lib/python3.10/site-packages/airflow/example_dags/plugins/event_listener.py for tasks to queue
[2025-06-16T22:26:20.929-0300] {logging_mixin.py:154} INFO - [2025-06-16T22:26:20.929-0300] {dagbag.py:536} INFO - Filling up the DagBag from /mnt/c/Users/arcan/Documents/airflow/.venv/lib/python3.10/site-packages/airflow/example_dags/plugins/event_listener.py
[2025-06-16T22:26:20.978-0300] {processor.py:841} WARNING - No viable dags retrieved from /mnt/c/Users/arcan/Documents/airflow/.venv/lib/python3.10/site-packages/airflow/example_dags/plugins/event_listener.py
[2025-06-16T22:26:21.027-0300] {processor.py:179} INFO - Processing /mnt/c/Users/arcan/Documents/airflow/.venv/lib/python3.10/site-packages/airflow/example_dags/plugins/event_listener.py took 0.109 seconds
[2025-06-16T22:27:02.129-0300] {processor.py:157} INFO - Started process (PID=61775) to work on /mnt/c/Users/arcan/Documents/airflow/.venv/lib/python3.10/site-packages/airflow/example_dags/plugins/event_listener.py
[2025-06-16T22:27:02.132-0300] {processor.py:829} INFO - Processing file /mnt/c/Users/arcan/Documents/airflow/.venv/lib/python3.10/site-packages/airflow/example_dags/plugins/event_listener.py for tasks to queue
[2025-06-16T22:27:02.135-0300] {logging_mixin.py:154} INFO - [2025-06-16T22:27:02.134-0300] {dagbag.py:536} INFO - Filling up the DagBag from /mnt/c/Users/arcan/Documents/airflow/.venv/lib/python3.10/site-packages/airflow/example_dags/plugins/event_listener.py
[2025-06-16T22:27:02.181-0300] {processor.py:841} WARNING - No viable dags retrieved from /mnt/c/Users/arcan/Documents/airflow/.venv/lib/python3.10/site-packages/airflow/example_dags/plugins/event_listener.py
[2025-06-16T22:27:02.230-0300] {processor.py:179} INFO - Processing /mnt/c/Users/arcan/Documents/airflow/.venv/lib/python3.10/site-packages/airflow/example_dags/plugins/event_listener.py took 0.108 seconds
[2025-06-16T22:27:39.203-0300] {processor.py:157} INFO - Started process (PID=61884) to work on /mnt/c/Users/arcan/Documents/airflow/.venv/lib/python3.10/site-packages/airflow/example_dags/plugins/event_listener.py
[2025-06-16T22:27:39.205-0300] {processor.py:829} INFO - Processing file /mnt/c/Users/arcan/Documents/airflow/.venv/lib/python3.10/site-packages/airflow/example_dags/plugins/event_listener.py for tasks to queue
[2025-06-16T22:27:39.207-0300] {logging_mixin.py:154} INFO - [2025-06-16T22:27:39.207-0300] {dagbag.py:536} INFO - Filling up the DagBag from /mnt/c/Users/arcan/Documents/airflow/.venv/lib/python3.10/site-packages/airflow/example_dags/plugins/event_listener.py
[2025-06-16T22:27:39.252-0300] {processor.py:841} WARNING - No viable dags retrieved from /mnt/c/Users/arcan/Documents/airflow/.venv/lib/python3.10/site-packages/airflow/example_dags/plugins/event_listener.py
[2025-06-16T22:27:39.295-0300] {processor.py:179} INFO - Processing /mnt/c/Users/arcan/Documents/airflow/.venv/lib/python3.10/site-packages/airflow/example_dags/plugins/event_listener.py took 0.100 seconds
[2025-06-16T22:28:20.079-0300] {processor.py:157} INFO - Started process (PID=62002) to work on /mnt/c/Users/arcan/Documents/airflow/.venv/lib/python3.10/site-packages/airflow/example_dags/plugins/event_listener.py
[2025-06-16T22:28:20.082-0300] {processor.py:829} INFO - Processing file /mnt/c/Users/arcan/Documents/airflow/.venv/lib/python3.10/site-packages/airflow/example_dags/plugins/event_listener.py for tasks to queue
[2025-06-16T22:28:20.085-0300] {logging_mixin.py:154} INFO - [2025-06-16T22:28:20.084-0300] {dagbag.py:536} INFO - Filling up the DagBag from /mnt/c/Users/arcan/Documents/airflow/.venv/lib/python3.10/site-packages/airflow/example_dags/plugins/event_listener.py
[2025-06-16T22:28:20.139-0300] {processor.py:841} WARNING - No viable dags retrieved from /mnt/c/Users/arcan/Documents/airflow/.venv/lib/python3.10/site-packages/airflow/example_dags/plugins/event_listener.py
[2025-06-16T22:28:20.193-0300] {processor.py:179} INFO - Processing /mnt/c/Users/arcan/Documents/airflow/.venv/lib/python3.10/site-packages/airflow/example_dags/plugins/event_listener.py took 0.120 seconds
[2025-06-16T22:28:57.951-0300] {processor.py:157} INFO - Started process (PID=62107) to work on /mnt/c/Users/arcan/Documents/airflow/.venv/lib/python3.10/site-packages/airflow/example_dags/plugins/event_listener.py
[2025-06-16T22:28:57.954-0300] {processor.py:829} INFO - Processing file /mnt/c/Users/arcan/Documents/airflow/.venv/lib/python3.10/site-packages/airflow/example_dags/plugins/event_listener.py for tasks to queue
[2025-06-16T22:28:57.957-0300] {logging_mixin.py:154} INFO - [2025-06-16T22:28:57.956-0300] {dagbag.py:536} INFO - Filling up the DagBag from /mnt/c/Users/arcan/Documents/airflow/.venv/lib/python3.10/site-packages/airflow/example_dags/plugins/event_listener.py
[2025-06-16T22:28:58.013-0300] {processor.py:841} WARNING - No viable dags retrieved from /mnt/c/Users/arcan/Documents/airflow/.venv/lib/python3.10/site-packages/airflow/example_dags/plugins/event_listener.py
[2025-06-16T22:28:58.074-0300] {processor.py:179} INFO - Processing /mnt/c/Users/arcan/Documents/airflow/.venv/lib/python3.10/site-packages/airflow/example_dags/plugins/event_listener.py took 0.131 seconds
[2025-06-16T22:29:38.695-0300] {processor.py:157} INFO - Started process (PID=62221) to work on /mnt/c/Users/arcan/Documents/airflow/.venv/lib/python3.10/site-packages/airflow/example_dags/plugins/event_listener.py
[2025-06-16T22:29:38.698-0300] {processor.py:829} INFO - Processing file /mnt/c/Users/arcan/Documents/airflow/.venv/lib/python3.10/site-packages/airflow/example_dags/plugins/event_listener.py for tasks to queue
[2025-06-16T22:29:38.700-0300] {logging_mixin.py:154} INFO - [2025-06-16T22:29:38.699-0300] {dagbag.py:536} INFO - Filling up the DagBag from /mnt/c/Users/arcan/Documents/airflow/.venv/lib/python3.10/site-packages/airflow/example_dags/plugins/event_listener.py
[2025-06-16T22:29:38.741-0300] {processor.py:841} WARNING - No viable dags retrieved from /mnt/c/Users/arcan/Documents/airflow/.venv/lib/python3.10/site-packages/airflow/example_dags/plugins/event_listener.py
[2025-06-16T22:29:38.783-0300] {processor.py:179} INFO - Processing /mnt/c/Users/arcan/Documents/airflow/.venv/lib/python3.10/site-packages/airflow/example_dags/plugins/event_listener.py took 0.094 seconds
[2025-06-16T22:30:17.338-0300] {processor.py:157} INFO - Started process (PID=62335) to work on /mnt/c/Users/arcan/Documents/airflow/.venv/lib/python3.10/site-packages/airflow/example_dags/plugins/event_listener.py
[2025-06-16T22:30:17.341-0300] {processor.py:829} INFO - Processing file /mnt/c/Users/arcan/Documents/airflow/.venv/lib/python3.10/site-packages/airflow/example_dags/plugins/event_listener.py for tasks to queue
[2025-06-16T22:30:17.344-0300] {logging_mixin.py:154} INFO - [2025-06-16T22:30:17.343-0300] {dagbag.py:536} INFO - Filling up the DagBag from /mnt/c/Users/arcan/Documents/airflow/.venv/lib/python3.10/site-packages/airflow/example_dags/plugins/event_listener.py
[2025-06-16T22:30:17.398-0300] {processor.py:841} WARNING - No viable dags retrieved from /mnt/c/Users/arcan/Documents/airflow/.venv/lib/python3.10/site-packages/airflow/example_dags/plugins/event_listener.py
[2025-06-16T22:30:17.443-0300] {processor.py:179} INFO - Processing /mnt/c/Users/arcan/Documents/airflow/.venv/lib/python3.10/site-packages/airflow/example_dags/plugins/event_listener.py took 0.113 seconds
[2025-06-16T22:30:54.344-0300] {processor.py:157} INFO - Started process (PID=62447) to work on /mnt/c/Users/arcan/Documents/airflow/.venv/lib/python3.10/site-packages/airflow/example_dags/plugins/event_listener.py
[2025-06-16T22:30:54.347-0300] {processor.py:829} INFO - Processing file /mnt/c/Users/arcan/Documents/airflow/.venv/lib/python3.10/site-packages/airflow/example_dags/plugins/event_listener.py for tasks to queue
[2025-06-16T22:30:54.349-0300] {logging_mixin.py:154} INFO - [2025-06-16T22:30:54.348-0300] {dagbag.py:536} INFO - Filling up the DagBag from /mnt/c/Users/arcan/Documents/airflow/.venv/lib/python3.10/site-packages/airflow/example_dags/plugins/event_listener.py
[2025-06-16T22:30:54.397-0300] {processor.py:841} WARNING - No viable dags retrieved from /mnt/c/Users/arcan/Documents/airflow/.venv/lib/python3.10/site-packages/airflow/example_dags/plugins/event_listener.py
[2025-06-16T22:30:54.447-0300] {processor.py:179} INFO - Processing /mnt/c/Users/arcan/Documents/airflow/.venv/lib/python3.10/site-packages/airflow/example_dags/plugins/event_listener.py took 0.110 seconds
[2025-06-16T22:31:32.838-0300] {processor.py:157} INFO - Started process (PID=62556) to work on /mnt/c/Users/arcan/Documents/airflow/.venv/lib/python3.10/site-packages/airflow/example_dags/plugins/event_listener.py
[2025-06-16T22:31:32.841-0300] {processor.py:829} INFO - Processing file /mnt/c/Users/arcan/Documents/airflow/.venv/lib/python3.10/site-packages/airflow/example_dags/plugins/event_listener.py for tasks to queue
[2025-06-16T22:31:32.843-0300] {logging_mixin.py:154} INFO - [2025-06-16T22:31:32.842-0300] {dagbag.py:536} INFO - Filling up the DagBag from /mnt/c/Users/arcan/Documents/airflow/.venv/lib/python3.10/site-packages/airflow/example_dags/plugins/event_listener.py
[2025-06-16T22:31:32.895-0300] {processor.py:841} WARNING - No viable dags retrieved from /mnt/c/Users/arcan/Documents/airflow/.venv/lib/python3.10/site-packages/airflow/example_dags/plugins/event_listener.py
[2025-06-16T22:31:32.940-0300] {processor.py:179} INFO - Processing /mnt/c/Users/arcan/Documents/airflow/.venv/lib/python3.10/site-packages/airflow/example_dags/plugins/event_listener.py took 0.110 seconds
[2025-06-16T22:32:28.934-0300] {processor.py:157} INFO - Started process (PID=62794) to work on /mnt/c/Users/arcan/Documents/airflow/.venv/lib/python3.10/site-packages/airflow/example_dags/plugins/event_listener.py
[2025-06-16T22:32:28.937-0300] {processor.py:829} INFO - Processing file /mnt/c/Users/arcan/Documents/airflow/.venv/lib/python3.10/site-packages/airflow/example_dags/plugins/event_listener.py for tasks to queue
[2025-06-16T22:32:28.940-0300] {logging_mixin.py:154} INFO - [2025-06-16T22:32:28.939-0300] {dagbag.py:536} INFO - Filling up the DagBag from /mnt/c/Users/arcan/Documents/airflow/.venv/lib/python3.10/site-packages/airflow/example_dags/plugins/event_listener.py
[2025-06-16T22:32:28.984-0300] {processor.py:841} WARNING - No viable dags retrieved from /mnt/c/Users/arcan/Documents/airflow/.venv/lib/python3.10/site-packages/airflow/example_dags/plugins/event_listener.py
[2025-06-16T22:32:29.032-0300] {processor.py:179} INFO - Processing /mnt/c/Users/arcan/Documents/airflow/.venv/lib/python3.10/site-packages/airflow/example_dags/plugins/event_listener.py took 0.105 seconds
[2025-06-16T22:33:16.768-0300] {processor.py:157} INFO - Started process (PID=62934) to work on /mnt/c/Users/arcan/Documents/airflow/.venv/lib/python3.10/site-packages/airflow/example_dags/plugins/event_listener.py
[2025-06-16T22:33:16.770-0300] {processor.py:829} INFO - Processing file /mnt/c/Users/arcan/Documents/airflow/.venv/lib/python3.10/site-packages/airflow/example_dags/plugins/event_listener.py for tasks to queue
[2025-06-16T22:33:16.772-0300] {logging_mixin.py:154} INFO - [2025-06-16T22:33:16.771-0300] {dagbag.py:536} INFO - Filling up the DagBag from /mnt/c/Users/arcan/Documents/airflow/.venv/lib/python3.10/site-packages/airflow/example_dags/plugins/event_listener.py
[2025-06-16T22:33:16.809-0300] {processor.py:841} WARNING - No viable dags retrieved from /mnt/c/Users/arcan/Documents/airflow/.venv/lib/python3.10/site-packages/airflow/example_dags/plugins/event_listener.py
[2025-06-16T22:33:16.853-0300] {processor.py:179} INFO - Processing /mnt/c/Users/arcan/Documents/airflow/.venv/lib/python3.10/site-packages/airflow/example_dags/plugins/event_listener.py took 0.089 seconds
[2025-06-17T20:50:17.475-0300] {processor.py:157} INFO - Started process (PID=63632) to work on /mnt/c/Users/arcan/Documents/airflow/.venv/lib/python3.10/site-packages/airflow/example_dags/plugins/event_listener.py
[2025-06-17T20:50:17.487-0300] {processor.py:829} INFO - Processing file /mnt/c/Users/arcan/Documents/airflow/.venv/lib/python3.10/site-packages/airflow/example_dags/plugins/event_listener.py for tasks to queue
[2025-06-17T20:50:17.490-0300] {logging_mixin.py:154} INFO - [2025-06-17T20:50:17.488-0300] {dagbag.py:536} INFO - Filling up the DagBag from /mnt/c/Users/arcan/Documents/airflow/.venv/lib/python3.10/site-packages/airflow/example_dags/plugins/event_listener.py
[2025-06-17T20:50:17.542-0300] {processor.py:841} WARNING - No viable dags retrieved from /mnt/c/Users/arcan/Documents/airflow/.venv/lib/python3.10/site-packages/airflow/example_dags/plugins/event_listener.py
[2025-06-17T20:50:17.594-0300] {processor.py:179} INFO - Processing /mnt/c/Users/arcan/Documents/airflow/.venv/lib/python3.10/site-packages/airflow/example_dags/plugins/event_listener.py took 0.133 seconds
[2025-06-17T20:51:33.854-0300] {processor.py:157} INFO - Started process (PID=63730) to work on /mnt/c/Users/arcan/Documents/airflow/.venv/lib/python3.10/site-packages/airflow/example_dags/plugins/event_listener.py
[2025-06-17T20:51:33.860-0300] {processor.py:829} INFO - Processing file /mnt/c/Users/arcan/Documents/airflow/.venv/lib/python3.10/site-packages/airflow/example_dags/plugins/event_listener.py for tasks to queue
[2025-06-17T20:51:33.864-0300] {logging_mixin.py:154} INFO - [2025-06-17T20:51:33.863-0300] {dagbag.py:536} INFO - Filling up the DagBag from /mnt/c/Users/arcan/Documents/airflow/.venv/lib/python3.10/site-packages/airflow/example_dags/plugins/event_listener.py
[2025-06-17T20:51:33.916-0300] {processor.py:841} WARNING - No viable dags retrieved from /mnt/c/Users/arcan/Documents/airflow/.venv/lib/python3.10/site-packages/airflow/example_dags/plugins/event_listener.py
[2025-06-17T20:51:33.963-0300] {processor.py:179} INFO - Processing /mnt/c/Users/arcan/Documents/airflow/.venv/lib/python3.10/site-packages/airflow/example_dags/plugins/event_listener.py took 0.118 seconds
[2025-06-17T20:52:16.490-0300] {processor.py:157} INFO - Started process (PID=63852) to work on /mnt/c/Users/arcan/Documents/airflow/.venv/lib/python3.10/site-packages/airflow/example_dags/plugins/event_listener.py
[2025-06-17T20:52:16.492-0300] {processor.py:829} INFO - Processing file /mnt/c/Users/arcan/Documents/airflow/.venv/lib/python3.10/site-packages/airflow/example_dags/plugins/event_listener.py for tasks to queue
[2025-06-17T20:52:16.494-0300] {logging_mixin.py:154} INFO - [2025-06-17T20:52:16.493-0300] {dagbag.py:536} INFO - Filling up the DagBag from /mnt/c/Users/arcan/Documents/airflow/.venv/lib/python3.10/site-packages/airflow/example_dags/plugins/event_listener.py
[2025-06-17T20:52:16.536-0300] {processor.py:841} WARNING - No viable dags retrieved from /mnt/c/Users/arcan/Documents/airflow/.venv/lib/python3.10/site-packages/airflow/example_dags/plugins/event_listener.py
[2025-06-17T20:52:16.578-0300] {processor.py:179} INFO - Processing /mnt/c/Users/arcan/Documents/airflow/.venv/lib/python3.10/site-packages/airflow/example_dags/plugins/event_listener.py took 0.093 seconds
[2025-06-17T20:52:57.007-0300] {processor.py:157} INFO - Started process (PID=63960) to work on /mnt/c/Users/arcan/Documents/airflow/.venv/lib/python3.10/site-packages/airflow/example_dags/plugins/event_listener.py
[2025-06-17T20:52:57.009-0300] {processor.py:829} INFO - Processing file /mnt/c/Users/arcan/Documents/airflow/.venv/lib/python3.10/site-packages/airflow/example_dags/plugins/event_listener.py for tasks to queue
[2025-06-17T20:52:57.012-0300] {logging_mixin.py:154} INFO - [2025-06-17T20:52:57.011-0300] {dagbag.py:536} INFO - Filling up the DagBag from /mnt/c/Users/arcan/Documents/airflow/.venv/lib/python3.10/site-packages/airflow/example_dags/plugins/event_listener.py
[2025-06-17T20:52:57.068-0300] {processor.py:841} WARNING - No viable dags retrieved from /mnt/c/Users/arcan/Documents/airflow/.venv/lib/python3.10/site-packages/airflow/example_dags/plugins/event_listener.py
[2025-06-17T20:52:57.121-0300] {processor.py:179} INFO - Processing /mnt/c/Users/arcan/Documents/airflow/.venv/lib/python3.10/site-packages/airflow/example_dags/plugins/event_listener.py took 0.123 seconds
[2025-06-17T20:53:37.688-0300] {processor.py:157} INFO - Started process (PID=64202) to work on /mnt/c/Users/arcan/Documents/airflow/.venv/lib/python3.10/site-packages/airflow/example_dags/plugins/event_listener.py
[2025-06-17T20:53:37.690-0300] {processor.py:829} INFO - Processing file /mnt/c/Users/arcan/Documents/airflow/.venv/lib/python3.10/site-packages/airflow/example_dags/plugins/event_listener.py for tasks to queue
[2025-06-17T20:53:37.693-0300] {logging_mixin.py:154} INFO - [2025-06-17T20:53:37.692-0300] {dagbag.py:536} INFO - Filling up the DagBag from /mnt/c/Users/arcan/Documents/airflow/.venv/lib/python3.10/site-packages/airflow/example_dags/plugins/event_listener.py
[2025-06-17T20:53:37.733-0300] {processor.py:841} WARNING - No viable dags retrieved from /mnt/c/Users/arcan/Documents/airflow/.venv/lib/python3.10/site-packages/airflow/example_dags/plugins/event_listener.py
[2025-06-17T20:53:37.770-0300] {processor.py:179} INFO - Processing /mnt/c/Users/arcan/Documents/airflow/.venv/lib/python3.10/site-packages/airflow/example_dags/plugins/event_listener.py took 0.087 seconds
[2025-06-17T20:54:15.478-0300] {processor.py:157} INFO - Started process (PID=64306) to work on /mnt/c/Users/arcan/Documents/airflow/.venv/lib/python3.10/site-packages/airflow/example_dags/plugins/event_listener.py
[2025-06-17T20:54:15.480-0300] {processor.py:829} INFO - Processing file /mnt/c/Users/arcan/Documents/airflow/.venv/lib/python3.10/site-packages/airflow/example_dags/plugins/event_listener.py for tasks to queue
[2025-06-17T20:54:15.482-0300] {logging_mixin.py:154} INFO - [2025-06-17T20:54:15.482-0300] {dagbag.py:536} INFO - Filling up the DagBag from /mnt/c/Users/arcan/Documents/airflow/.venv/lib/python3.10/site-packages/airflow/example_dags/plugins/event_listener.py
[2025-06-17T20:54:15.519-0300] {processor.py:841} WARNING - No viable dags retrieved from /mnt/c/Users/arcan/Documents/airflow/.venv/lib/python3.10/site-packages/airflow/example_dags/plugins/event_listener.py
[2025-06-17T20:54:15.557-0300] {processor.py:179} INFO - Processing /mnt/c/Users/arcan/Documents/airflow/.venv/lib/python3.10/site-packages/airflow/example_dags/plugins/event_listener.py took 0.083 seconds
[2025-06-17T20:55:22.691-0300] {processor.py:157} INFO - Started process (PID=64507) to work on /mnt/c/Users/arcan/Documents/airflow/.venv/lib/python3.10/site-packages/airflow/example_dags/plugins/event_listener.py
[2025-06-17T20:55:22.693-0300] {processor.py:829} INFO - Processing file /mnt/c/Users/arcan/Documents/airflow/.venv/lib/python3.10/site-packages/airflow/example_dags/plugins/event_listener.py for tasks to queue
[2025-06-17T20:55:22.695-0300] {logging_mixin.py:154} INFO - [2025-06-17T20:55:22.694-0300] {dagbag.py:536} INFO - Filling up the DagBag from /mnt/c/Users/arcan/Documents/airflow/.venv/lib/python3.10/site-packages/airflow/example_dags/plugins/event_listener.py
[2025-06-17T20:55:22.728-0300] {processor.py:841} WARNING - No viable dags retrieved from /mnt/c/Users/arcan/Documents/airflow/.venv/lib/python3.10/site-packages/airflow/example_dags/plugins/event_listener.py
[2025-06-17T20:55:22.779-0300] {processor.py:179} INFO - Processing /mnt/c/Users/arcan/Documents/airflow/.venv/lib/python3.10/site-packages/airflow/example_dags/plugins/event_listener.py took 0.093 seconds
[2025-06-17T20:56:00.396-0300] {processor.py:157} INFO - Started process (PID=64613) to work on /mnt/c/Users/arcan/Documents/airflow/.venv/lib/python3.10/site-packages/airflow/example_dags/plugins/event_listener.py
[2025-06-17T20:56:00.399-0300] {processor.py:829} INFO - Processing file /mnt/c/Users/arcan/Documents/airflow/.venv/lib/python3.10/site-packages/airflow/example_dags/plugins/event_listener.py for tasks to queue
[2025-06-17T20:56:00.401-0300] {logging_mixin.py:154} INFO - [2025-06-17T20:56:00.400-0300] {dagbag.py:536} INFO - Filling up the DagBag from /mnt/c/Users/arcan/Documents/airflow/.venv/lib/python3.10/site-packages/airflow/example_dags/plugins/event_listener.py
[2025-06-17T20:56:00.444-0300] {processor.py:841} WARNING - No viable dags retrieved from /mnt/c/Users/arcan/Documents/airflow/.venv/lib/python3.10/site-packages/airflow/example_dags/plugins/event_listener.py
[2025-06-17T20:56:00.498-0300] {processor.py:179} INFO - Processing /mnt/c/Users/arcan/Documents/airflow/.venv/lib/python3.10/site-packages/airflow/example_dags/plugins/event_listener.py took 0.110 seconds
