[2025-06-16T22:03:24.739-0300] {processor.py:157} INFO - Started process (PID=57217) to work on /mnt/c/Users/arcan/Documents/airflow/.venv/lib/python3.10/site-packages/airflow/example_dags/plugins/workday.py
[2025-06-16T22:03:24.741-0300] {processor.py:829} INFO - Processing file /mnt/c/Users/arcan/Documents/airflow/.venv/lib/python3.10/site-packages/airflow/example_dags/plugins/workday.py for tasks to queue
[2025-06-16T22:03:24.743-0300] {logging_mixin.py:154} INFO - [2025-06-16T22:03:24.743-0300] {dagbag.py:536} INFO - Filling up the DagBag from /mnt/c/Users/arcan/Documents/airflow/.venv/lib/python3.10/site-packages/airflow/example_dags/plugins/workday.py
[2025-06-16T22:03:24.794-0300] {logging_mixin.py:154} INFO - [2025-06-16T22:03:24.794-0300] {workday.py:36} WARNING - Could not import pandas. Holidays will not be considered.
[2025-06-16T22:03:24.795-0300] {processor.py:841} WARNING - No viable dags retrieved from /mnt/c/Users/arcan/Documents/airflow/.venv/lib/python3.10/site-packages/airflow/example_dags/plugins/workday.py
[2025-06-16T22:03:24.838-0300] {processor.py:179} INFO - Processing /mnt/c/Users/arcan/Documents/airflow/.venv/lib/python3.10/site-packages/airflow/example_dags/plugins/workday.py took 0.104 seconds
[2025-06-16T22:04:25.239-0300] {processor.py:157} INFO - Started process (PID=57396) to work on /mnt/c/Users/arcan/Documents/airflow/.venv/lib/python3.10/site-packages/airflow/example_dags/plugins/workday.py
[2025-06-16T22:04:25.241-0300] {processor.py:829} INFO - Processing file /mnt/c/Users/arcan/Documents/airflow/.venv/lib/python3.10/site-packages/airflow/example_dags/plugins/workday.py for tasks to queue
[2025-06-16T22:04:25.243-0300] {logging_mixin.py:154} INFO - [2025-06-16T22:04:25.242-0300] {dagbag.py:536} INFO - Filling up the DagBag from /mnt/c/Users/arcan/Documents/airflow/.venv/lib/python3.10/site-packages/airflow/example_dags/plugins/workday.py
[2025-06-16T22:04:25.284-0300] {logging_mixin.py:154} INFO - [2025-06-16T22:04:25.284-0300] {workday.py:36} WARNING - Could not import pandas. Holidays will not be considered.
[2025-06-16T22:04:25.285-0300] {processor.py:841} WARNING - No viable dags retrieved from /mnt/c/Users/arcan/Documents/airflow/.venv/lib/python3.10/site-packages/airflow/example_dags/plugins/workday.py
[2025-06-16T22:04:25.322-0300] {processor.py:179} INFO - Processing /mnt/c/Users/arcan/Documents/airflow/.venv/lib/python3.10/site-packages/airflow/example_dags/plugins/workday.py took 0.088 seconds
[2025-06-16T22:05:01.397-0300] {processor.py:157} INFO - Started process (PID=57523) to work on /mnt/c/Users/arcan/Documents/airflow/.venv/lib/python3.10/site-packages/airflow/example_dags/plugins/workday.py
[2025-06-16T22:05:01.399-0300] {processor.py:829} INFO - Processing file /mnt/c/Users/arcan/Documents/airflow/.venv/lib/python3.10/site-packages/airflow/example_dags/plugins/workday.py for tasks to queue
[2025-06-16T22:05:01.401-0300] {logging_mixin.py:154} INFO - [2025-06-16T22:05:01.400-0300] {dagbag.py:536} INFO - Filling up the DagBag from /mnt/c/Users/arcan/Documents/airflow/.venv/lib/python3.10/site-packages/airflow/example_dags/plugins/workday.py
[2025-06-16T22:05:01.446-0300] {logging_mixin.py:154} INFO - [2025-06-16T22:05:01.446-0300] {workday.py:36} WARNING - Could not import pandas. Holidays will not be considered.
[2025-06-16T22:05:01.447-0300] {processor.py:841} WARNING - No viable dags retrieved from /mnt/c/Users/arcan/Documents/airflow/.venv/lib/python3.10/site-packages/airflow/example_dags/plugins/workday.py
[2025-06-16T22:05:01.485-0300] {processor.py:179} INFO - Processing /mnt/c/Users/arcan/Documents/airflow/.venv/lib/python3.10/site-packages/airflow/example_dags/plugins/workday.py took 0.093 seconds
[2025-06-16T22:05:38.935-0300] {processor.py:157} INFO - Started process (PID=57639) to work on /mnt/c/Users/arcan/Documents/airflow/.venv/lib/python3.10/site-packages/airflow/example_dags/plugins/workday.py
[2025-06-16T22:05:38.939-0300] {processor.py:829} INFO - Processing file /mnt/c/Users/arcan/Documents/airflow/.venv/lib/python3.10/site-packages/airflow/example_dags/plugins/workday.py for tasks to queue
[2025-06-16T22:05:38.942-0300] {logging_mixin.py:154} INFO - [2025-06-16T22:05:38.941-0300] {dagbag.py:536} INFO - Filling up the DagBag from /mnt/c/Users/arcan/Documents/airflow/.venv/lib/python3.10/site-packages/airflow/example_dags/plugins/workday.py
[2025-06-16T22:05:38.988-0300] {logging_mixin.py:154} INFO - [2025-06-16T22:05:38.988-0300] {workday.py:36} WARNING - Could not import pandas. Holidays will not be considered.
[2025-06-16T22:05:38.989-0300] {processor.py:841} WARNING - No viable dags retrieved from /mnt/c/Users/arcan/Documents/airflow/.venv/lib/python3.10/site-packages/airflow/example_dags/plugins/workday.py
[2025-06-16T22:05:39.026-0300] {processor.py:179} INFO - Processing /mnt/c/Users/arcan/Documents/airflow/.venv/lib/python3.10/site-packages/airflow/example_dags/plugins/workday.py took 0.099 seconds
[2025-06-16T22:06:14.668-0300] {processor.py:157} INFO - Started process (PID=57744) to work on /mnt/c/Users/arcan/Documents/airflow/.venv/lib/python3.10/site-packages/airflow/example_dags/plugins/workday.py
[2025-06-16T22:06:14.670-0300] {processor.py:829} INFO - Processing file /mnt/c/Users/arcan/Documents/airflow/.venv/lib/python3.10/site-packages/airflow/example_dags/plugins/workday.py for tasks to queue
[2025-06-16T22:06:14.672-0300] {logging_mixin.py:154} INFO - [2025-06-16T22:06:14.671-0300] {dagbag.py:536} INFO - Filling up the DagBag from /mnt/c/Users/arcan/Documents/airflow/.venv/lib/python3.10/site-packages/airflow/example_dags/plugins/workday.py
[2025-06-16T22:06:14.710-0300] {logging_mixin.py:154} INFO - [2025-06-16T22:06:14.710-0300] {workday.py:36} WARNING - Could not import pandas. Holidays will not be considered.
[2025-06-16T22:06:14.711-0300] {processor.py:841} WARNING - No viable dags retrieved from /mnt/c/Users/arcan/Documents/airflow/.venv/lib/python3.10/site-packages/airflow/example_dags/plugins/workday.py
[2025-06-16T22:06:14.747-0300] {processor.py:179} INFO - Processing /mnt/c/Users/arcan/Documents/airflow/.venv/lib/python3.10/site-packages/airflow/example_dags/plugins/workday.py took 0.084 seconds
[2025-06-16T22:06:49.753-0300] {processor.py:157} INFO - Started process (PID=57848) to work on /mnt/c/Users/arcan/Documents/airflow/.venv/lib/python3.10/site-packages/airflow/example_dags/plugins/workday.py
[2025-06-16T22:06:49.755-0300] {processor.py:829} INFO - Processing file /mnt/c/Users/arcan/Documents/airflow/.venv/lib/python3.10/site-packages/airflow/example_dags/plugins/workday.py for tasks to queue
[2025-06-16T22:06:49.758-0300] {logging_mixin.py:154} INFO - [2025-06-16T22:06:49.757-0300] {dagbag.py:536} INFO - Filling up the DagBag from /mnt/c/Users/arcan/Documents/airflow/.venv/lib/python3.10/site-packages/airflow/example_dags/plugins/workday.py
[2025-06-16T22:06:49.818-0300] {logging_mixin.py:154} INFO - [2025-06-16T22:06:49.818-0300] {workday.py:36} WARNING - Could not import pandas. Holidays will not be considered.
[2025-06-16T22:06:49.819-0300] {processor.py:841} WARNING - No viable dags retrieved from /mnt/c/Users/arcan/Documents/airflow/.venv/lib/python3.10/site-packages/airflow/example_dags/plugins/workday.py
[2025-06-16T22:06:49.870-0300] {processor.py:179} INFO - Processing /mnt/c/Users/arcan/Documents/airflow/.venv/lib/python3.10/site-packages/airflow/example_dags/plugins/workday.py took 0.123 seconds
[2025-06-16T22:07:25.586-0300] {processor.py:157} INFO - Started process (PID=57956) to work on /mnt/c/Users/arcan/Documents/airflow/.venv/lib/python3.10/site-packages/airflow/example_dags/plugins/workday.py
[2025-06-16T22:07:25.589-0300] {processor.py:829} INFO - Processing file /mnt/c/Users/arcan/Documents/airflow/.venv/lib/python3.10/site-packages/airflow/example_dags/plugins/workday.py for tasks to queue
[2025-06-16T22:07:25.591-0300] {logging_mixin.py:154} INFO - [2025-06-16T22:07:25.590-0300] {dagbag.py:536} INFO - Filling up the DagBag from /mnt/c/Users/arcan/Documents/airflow/.venv/lib/python3.10/site-packages/airflow/example_dags/plugins/workday.py
[2025-06-16T22:07:25.640-0300] {logging_mixin.py:154} INFO - [2025-06-16T22:07:25.639-0300] {workday.py:36} WARNING - Could not import pandas. Holidays will not be considered.
[2025-06-16T22:07:25.641-0300] {processor.py:841} WARNING - No viable dags retrieved from /mnt/c/Users/arcan/Documents/airflow/.venv/lib/python3.10/site-packages/airflow/example_dags/plugins/workday.py
[2025-06-16T22:07:25.677-0300] {processor.py:179} INFO - Processing /mnt/c/Users/arcan/Documents/airflow/.venv/lib/python3.10/site-packages/airflow/example_dags/plugins/workday.py took 0.096 seconds
[2025-06-16T22:08:01.319-0300] {processor.py:157} INFO - Started process (PID=58059) to work on /mnt/c/Users/arcan/Documents/airflow/.venv/lib/python3.10/site-packages/airflow/example_dags/plugins/workday.py
[2025-06-16T22:08:01.320-0300] {processor.py:829} INFO - Processing file /mnt/c/Users/arcan/Documents/airflow/.venv/lib/python3.10/site-packages/airflow/example_dags/plugins/workday.py for tasks to queue
[2025-06-16T22:08:01.323-0300] {logging_mixin.py:154} INFO - [2025-06-16T22:08:01.322-0300] {dagbag.py:536} INFO - Filling up the DagBag from /mnt/c/Users/arcan/Documents/airflow/.venv/lib/python3.10/site-packages/airflow/example_dags/plugins/workday.py
[2025-06-16T22:08:01.363-0300] {logging_mixin.py:154} INFO - [2025-06-16T22:08:01.362-0300] {workday.py:36} WARNING - Could not import pandas. Holidays will not be considered.
[2025-06-16T22:08:01.364-0300] {processor.py:841} WARNING - No viable dags retrieved from /mnt/c/Users/arcan/Documents/airflow/.venv/lib/python3.10/site-packages/airflow/example_dags/plugins/workday.py
[2025-06-16T22:08:01.399-0300] {processor.py:179} INFO - Processing /mnt/c/Users/arcan/Documents/airflow/.venv/lib/python3.10/site-packages/airflow/example_dags/plugins/workday.py took 0.085 seconds
[2025-06-16T22:08:39.523-0300] {processor.py:157} INFO - Started process (PID=58170) to work on /mnt/c/Users/arcan/Documents/airflow/.venv/lib/python3.10/site-packages/airflow/example_dags/plugins/workday.py
[2025-06-16T22:08:39.525-0300] {processor.py:829} INFO - Processing file /mnt/c/Users/arcan/Documents/airflow/.venv/lib/python3.10/site-packages/airflow/example_dags/plugins/workday.py for tasks to queue
[2025-06-16T22:08:39.527-0300] {logging_mixin.py:154} INFO - [2025-06-16T22:08:39.526-0300] {dagbag.py:536} INFO - Filling up the DagBag from /mnt/c/Users/arcan/Documents/airflow/.venv/lib/python3.10/site-packages/airflow/example_dags/plugins/workday.py
[2025-06-16T22:08:39.568-0300] {logging_mixin.py:154} INFO - [2025-06-16T22:08:39.568-0300] {workday.py:36} WARNING - Could not import pandas. Holidays will not be considered.
[2025-06-16T22:08:39.569-0300] {processor.py:841} WARNING - No viable dags retrieved from /mnt/c/Users/arcan/Documents/airflow/.venv/lib/python3.10/site-packages/airflow/example_dags/plugins/workday.py
[2025-06-16T22:08:39.603-0300] {processor.py:179} INFO - Processing /mnt/c/Users/arcan/Documents/airflow/.venv/lib/python3.10/site-packages/airflow/example_dags/plugins/workday.py took 0.087 seconds
[2025-06-16T22:09:15.763-0300] {processor.py:157} INFO - Started process (PID=58403) to work on /mnt/c/Users/arcan/Documents/airflow/.venv/lib/python3.10/site-packages/airflow/example_dags/plugins/workday.py
[2025-06-16T22:09:15.764-0300] {processor.py:829} INFO - Processing file /mnt/c/Users/arcan/Documents/airflow/.venv/lib/python3.10/site-packages/airflow/example_dags/plugins/workday.py for tasks to queue
[2025-06-16T22:09:15.766-0300] {logging_mixin.py:154} INFO - [2025-06-16T22:09:15.765-0300] {dagbag.py:536} INFO - Filling up the DagBag from /mnt/c/Users/arcan/Documents/airflow/.venv/lib/python3.10/site-packages/airflow/example_dags/plugins/workday.py
[2025-06-16T22:09:15.799-0300] {logging_mixin.py:154} INFO - [2025-06-16T22:09:15.799-0300] {workday.py:36} WARNING - Could not import pandas. Holidays will not be considered.
[2025-06-16T22:09:15.800-0300] {processor.py:841} WARNING - No viable dags retrieved from /mnt/c/Users/arcan/Documents/airflow/.venv/lib/python3.10/site-packages/airflow/example_dags/plugins/workday.py
[2025-06-16T22:09:15.830-0300] {processor.py:179} INFO - Processing /mnt/c/Users/arcan/Documents/airflow/.venv/lib/python3.10/site-packages/airflow/example_dags/plugins/workday.py took 0.072 seconds
[2025-06-16T22:10:18.336-0300] {processor.py:157} INFO - Started process (PID=58594) to work on /mnt/c/Users/arcan/Documents/airflow/.venv/lib/python3.10/site-packages/airflow/example_dags/plugins/workday.py
[2025-06-16T22:10:18.338-0300] {processor.py:829} INFO - Processing file /mnt/c/Users/arcan/Documents/airflow/.venv/lib/python3.10/site-packages/airflow/example_dags/plugins/workday.py for tasks to queue
[2025-06-16T22:10:18.339-0300] {logging_mixin.py:154} INFO - [2025-06-16T22:10:18.339-0300] {dagbag.py:536} INFO - Filling up the DagBag from /mnt/c/Users/arcan/Documents/airflow/.venv/lib/python3.10/site-packages/airflow/example_dags/plugins/workday.py
[2025-06-16T22:10:18.372-0300] {logging_mixin.py:154} INFO - [2025-06-16T22:10:18.372-0300] {workday.py:36} WARNING - Could not import pandas. Holidays will not be considered.
[2025-06-16T22:10:18.373-0300] {processor.py:841} WARNING - No viable dags retrieved from /mnt/c/Users/arcan/Documents/airflow/.venv/lib/python3.10/site-packages/airflow/example_dags/plugins/workday.py
[2025-06-16T22:10:18.403-0300] {processor.py:179} INFO - Processing /mnt/c/Users/arcan/Documents/airflow/.venv/lib/python3.10/site-packages/airflow/example_dags/plugins/workday.py took 0.072 seconds
[2025-06-16T22:10:50.780-0300] {processor.py:157} INFO - Started process (PID=58689) to work on /mnt/c/Users/arcan/Documents/airflow/.venv/lib/python3.10/site-packages/airflow/example_dags/plugins/workday.py
[2025-06-16T22:10:50.782-0300] {processor.py:829} INFO - Processing file /mnt/c/Users/arcan/Documents/airflow/.venv/lib/python3.10/site-packages/airflow/example_dags/plugins/workday.py for tasks to queue
[2025-06-16T22:10:50.784-0300] {logging_mixin.py:154} INFO - [2025-06-16T22:10:50.783-0300] {dagbag.py:536} INFO - Filling up the DagBag from /mnt/c/Users/arcan/Documents/airflow/.venv/lib/python3.10/site-packages/airflow/example_dags/plugins/workday.py
[2025-06-16T22:10:50.824-0300] {logging_mixin.py:154} INFO - [2025-06-16T22:10:50.824-0300] {workday.py:36} WARNING - Could not import pandas. Holidays will not be considered.
[2025-06-16T22:10:50.825-0300] {processor.py:841} WARNING - No viable dags retrieved from /mnt/c/Users/arcan/Documents/airflow/.venv/lib/python3.10/site-packages/airflow/example_dags/plugins/workday.py
[2025-06-16T22:10:50.858-0300] {processor.py:179} INFO - Processing /mnt/c/Users/arcan/Documents/airflow/.venv/lib/python3.10/site-packages/airflow/example_dags/plugins/workday.py took 0.084 seconds
[2025-06-16T22:11:49.961-0300] {processor.py:157} INFO - Started process (PID=58867) to work on /mnt/c/Users/arcan/Documents/airflow/.venv/lib/python3.10/site-packages/airflow/example_dags/plugins/workday.py
[2025-06-16T22:11:49.963-0300] {processor.py:829} INFO - Processing file /mnt/c/Users/arcan/Documents/airflow/.venv/lib/python3.10/site-packages/airflow/example_dags/plugins/workday.py for tasks to queue
[2025-06-16T22:11:49.966-0300] {logging_mixin.py:154} INFO - [2025-06-16T22:11:49.965-0300] {dagbag.py:536} INFO - Filling up the DagBag from /mnt/c/Users/arcan/Documents/airflow/.venv/lib/python3.10/site-packages/airflow/example_dags/plugins/workday.py
[2025-06-16T22:11:50.004-0300] {logging_mixin.py:154} INFO - [2025-06-16T22:11:50.003-0300] {workday.py:36} WARNING - Could not import pandas. Holidays will not be considered.
[2025-06-16T22:11:50.005-0300] {processor.py:841} WARNING - No viable dags retrieved from /mnt/c/Users/arcan/Documents/airflow/.venv/lib/python3.10/site-packages/airflow/example_dags/plugins/workday.py
[2025-06-16T22:11:50.044-0300] {processor.py:179} INFO - Processing /mnt/c/Users/arcan/Documents/airflow/.venv/lib/python3.10/site-packages/airflow/example_dags/plugins/workday.py took 0.089 seconds
[2025-06-16T22:12:47.875-0300] {processor.py:157} INFO - Started process (PID=59048) to work on /mnt/c/Users/arcan/Documents/airflow/.venv/lib/python3.10/site-packages/airflow/example_dags/plugins/workday.py
[2025-06-16T22:12:47.877-0300] {processor.py:829} INFO - Processing file /mnt/c/Users/arcan/Documents/airflow/.venv/lib/python3.10/site-packages/airflow/example_dags/plugins/workday.py for tasks to queue
[2025-06-16T22:12:47.879-0300] {logging_mixin.py:154} INFO - [2025-06-16T22:12:47.878-0300] {dagbag.py:536} INFO - Filling up the DagBag from /mnt/c/Users/arcan/Documents/airflow/.venv/lib/python3.10/site-packages/airflow/example_dags/plugins/workday.py
[2025-06-16T22:12:47.919-0300] {logging_mixin.py:154} INFO - [2025-06-16T22:12:47.919-0300] {workday.py:36} WARNING - Could not import pandas. Holidays will not be considered.
[2025-06-16T22:12:47.920-0300] {processor.py:841} WARNING - No viable dags retrieved from /mnt/c/Users/arcan/Documents/airflow/.venv/lib/python3.10/site-packages/airflow/example_dags/plugins/workday.py
[2025-06-16T22:12:47.953-0300] {processor.py:179} INFO - Processing /mnt/c/Users/arcan/Documents/airflow/.venv/lib/python3.10/site-packages/airflow/example_dags/plugins/workday.py took 0.083 seconds
[2025-06-16T22:13:22.064-0300] {processor.py:157} INFO - Started process (PID=59144) to work on /mnt/c/Users/arcan/Documents/airflow/.venv/lib/python3.10/site-packages/airflow/example_dags/plugins/workday.py
[2025-06-16T22:13:22.066-0300] {processor.py:829} INFO - Processing file /mnt/c/Users/arcan/Documents/airflow/.venv/lib/python3.10/site-packages/airflow/example_dags/plugins/workday.py for tasks to queue
[2025-06-16T22:13:22.067-0300] {logging_mixin.py:154} INFO - [2025-06-16T22:13:22.067-0300] {dagbag.py:536} INFO - Filling up the DagBag from /mnt/c/Users/arcan/Documents/airflow/.venv/lib/python3.10/site-packages/airflow/example_dags/plugins/workday.py
[2025-06-16T22:13:22.107-0300] {logging_mixin.py:154} INFO - [2025-06-16T22:13:22.107-0300] {workday.py:36} WARNING - Could not import pandas. Holidays will not be considered.
[2025-06-16T22:13:22.108-0300] {processor.py:841} WARNING - No viable dags retrieved from /mnt/c/Users/arcan/Documents/airflow/.venv/lib/python3.10/site-packages/airflow/example_dags/plugins/workday.py
[2025-06-16T22:13:22.147-0300] {processor.py:179} INFO - Processing /mnt/c/Users/arcan/Documents/airflow/.venv/lib/python3.10/site-packages/airflow/example_dags/plugins/workday.py took 0.088 seconds
[2025-06-16T22:13:56.118-0300] {processor.py:157} INFO - Started process (PID=59249) to work on /mnt/c/Users/arcan/Documents/airflow/.venv/lib/python3.10/site-packages/airflow/example_dags/plugins/workday.py
[2025-06-16T22:13:56.120-0300] {processor.py:829} INFO - Processing file /mnt/c/Users/arcan/Documents/airflow/.venv/lib/python3.10/site-packages/airflow/example_dags/plugins/workday.py for tasks to queue
[2025-06-16T22:13:56.121-0300] {logging_mixin.py:154} INFO - [2025-06-16T22:13:56.121-0300] {dagbag.py:536} INFO - Filling up the DagBag from /mnt/c/Users/arcan/Documents/airflow/.venv/lib/python3.10/site-packages/airflow/example_dags/plugins/workday.py
[2025-06-16T22:13:56.166-0300] {logging_mixin.py:154} INFO - [2025-06-16T22:13:56.165-0300] {workday.py:36} WARNING - Could not import pandas. Holidays will not be considered.
[2025-06-16T22:13:56.167-0300] {processor.py:841} WARNING - No viable dags retrieved from /mnt/c/Users/arcan/Documents/airflow/.venv/lib/python3.10/site-packages/airflow/example_dags/plugins/workday.py
[2025-06-16T22:13:56.200-0300] {processor.py:179} INFO - Processing /mnt/c/Users/arcan/Documents/airflow/.venv/lib/python3.10/site-packages/airflow/example_dags/plugins/workday.py took 0.087 seconds
[2025-06-16T22:14:29.084-0300] {processor.py:157} INFO - Started process (PID=59347) to work on /mnt/c/Users/arcan/Documents/airflow/.venv/lib/python3.10/site-packages/airflow/example_dags/plugins/workday.py
[2025-06-16T22:14:29.086-0300] {processor.py:829} INFO - Processing file /mnt/c/Users/arcan/Documents/airflow/.venv/lib/python3.10/site-packages/airflow/example_dags/plugins/workday.py for tasks to queue
[2025-06-16T22:14:29.088-0300] {logging_mixin.py:154} INFO - [2025-06-16T22:14:29.087-0300] {dagbag.py:536} INFO - Filling up the DagBag from /mnt/c/Users/arcan/Documents/airflow/.venv/lib/python3.10/site-packages/airflow/example_dags/plugins/workday.py
[2025-06-16T22:14:29.122-0300] {logging_mixin.py:154} INFO - [2025-06-16T22:14:29.121-0300] {workday.py:36} WARNING - Could not import pandas. Holidays will not be considered.
[2025-06-16T22:14:29.123-0300] {processor.py:841} WARNING - No viable dags retrieved from /mnt/c/Users/arcan/Documents/airflow/.venv/lib/python3.10/site-packages/airflow/example_dags/plugins/workday.py
[2025-06-16T22:14:29.158-0300] {processor.py:179} INFO - Processing /mnt/c/Users/arcan/Documents/airflow/.venv/lib/python3.10/site-packages/airflow/example_dags/plugins/workday.py took 0.079 seconds
[2025-06-16T22:15:04.318-0300] {processor.py:157} INFO - Started process (PID=59454) to work on /mnt/c/Users/arcan/Documents/airflow/.venv/lib/python3.10/site-packages/airflow/example_dags/plugins/workday.py
[2025-06-16T22:15:04.320-0300] {processor.py:829} INFO - Processing file /mnt/c/Users/arcan/Documents/airflow/.venv/lib/python3.10/site-packages/airflow/example_dags/plugins/workday.py for tasks to queue
[2025-06-16T22:15:04.323-0300] {logging_mixin.py:154} INFO - [2025-06-16T22:15:04.322-0300] {dagbag.py:536} INFO - Filling up the DagBag from /mnt/c/Users/arcan/Documents/airflow/.venv/lib/python3.10/site-packages/airflow/example_dags/plugins/workday.py
[2025-06-16T22:15:04.375-0300] {logging_mixin.py:154} INFO - [2025-06-16T22:15:04.374-0300] {workday.py:36} WARNING - Could not import pandas. Holidays will not be considered.
[2025-06-16T22:15:04.376-0300] {processor.py:841} WARNING - No viable dags retrieved from /mnt/c/Users/arcan/Documents/airflow/.venv/lib/python3.10/site-packages/airflow/example_dags/plugins/workday.py
[2025-06-16T22:15:04.413-0300] {processor.py:179} INFO - Processing /mnt/c/Users/arcan/Documents/airflow/.venv/lib/python3.10/site-packages/airflow/example_dags/plugins/workday.py took 0.101 seconds
[2025-06-16T22:15:37.729-0300] {processor.py:157} INFO - Started process (PID=59553) to work on /mnt/c/Users/arcan/Documents/airflow/.venv/lib/python3.10/site-packages/airflow/example_dags/plugins/workday.py
[2025-06-16T22:15:37.732-0300] {processor.py:829} INFO - Processing file /mnt/c/Users/arcan/Documents/airflow/.venv/lib/python3.10/site-packages/airflow/example_dags/plugins/workday.py for tasks to queue
[2025-06-16T22:15:37.734-0300] {logging_mixin.py:154} INFO - [2025-06-16T22:15:37.733-0300] {dagbag.py:536} INFO - Filling up the DagBag from /mnt/c/Users/arcan/Documents/airflow/.venv/lib/python3.10/site-packages/airflow/example_dags/plugins/workday.py
[2025-06-16T22:15:37.776-0300] {logging_mixin.py:154} INFO - [2025-06-16T22:15:37.776-0300] {workday.py:36} WARNING - Could not import pandas. Holidays will not be considered.
[2025-06-16T22:15:37.777-0300] {processor.py:841} WARNING - No viable dags retrieved from /mnt/c/Users/arcan/Documents/airflow/.venv/lib/python3.10/site-packages/airflow/example_dags/plugins/workday.py
[2025-06-16T22:15:37.816-0300] {processor.py:179} INFO - Processing /mnt/c/Users/arcan/Documents/airflow/.venv/lib/python3.10/site-packages/airflow/example_dags/plugins/workday.py took 0.091 seconds
[2025-06-16T22:16:13.837-0300] {processor.py:157} INFO - Started process (PID=59782) to work on /mnt/c/Users/arcan/Documents/airflow/.venv/lib/python3.10/site-packages/airflow/example_dags/plugins/workday.py
[2025-06-16T22:16:13.839-0300] {processor.py:829} INFO - Processing file /mnt/c/Users/arcan/Documents/airflow/.venv/lib/python3.10/site-packages/airflow/example_dags/plugins/workday.py for tasks to queue
[2025-06-16T22:16:13.841-0300] {logging_mixin.py:154} INFO - [2025-06-16T22:16:13.840-0300] {dagbag.py:536} INFO - Filling up the DagBag from /mnt/c/Users/arcan/Documents/airflow/.venv/lib/python3.10/site-packages/airflow/example_dags/plugins/workday.py
[2025-06-16T22:16:13.879-0300] {logging_mixin.py:154} INFO - [2025-06-16T22:16:13.879-0300] {workday.py:36} WARNING - Could not import pandas. Holidays will not be considered.
[2025-06-16T22:16:13.880-0300] {processor.py:841} WARNING - No viable dags retrieved from /mnt/c/Users/arcan/Documents/airflow/.venv/lib/python3.10/site-packages/airflow/example_dags/plugins/workday.py
[2025-06-16T22:16:13.916-0300] {processor.py:179} INFO - Processing /mnt/c/Users/arcan/Documents/airflow/.venv/lib/python3.10/site-packages/airflow/example_dags/plugins/workday.py took 0.084 seconds
[2025-06-16T22:16:49.310-0300] {processor.py:157} INFO - Started process (PID=59886) to work on /mnt/c/Users/arcan/Documents/airflow/.venv/lib/python3.10/site-packages/airflow/example_dags/plugins/workday.py
[2025-06-16T22:16:49.312-0300] {processor.py:829} INFO - Processing file /mnt/c/Users/arcan/Documents/airflow/.venv/lib/python3.10/site-packages/airflow/example_dags/plugins/workday.py for tasks to queue
[2025-06-16T22:16:49.314-0300] {logging_mixin.py:154} INFO - [2025-06-16T22:16:49.314-0300] {dagbag.py:536} INFO - Filling up the DagBag from /mnt/c/Users/arcan/Documents/airflow/.venv/lib/python3.10/site-packages/airflow/example_dags/plugins/workday.py
[2025-06-16T22:16:49.347-0300] {logging_mixin.py:154} INFO - [2025-06-16T22:16:49.347-0300] {workday.py:36} WARNING - Could not import pandas. Holidays will not be considered.
[2025-06-16T22:16:49.348-0300] {processor.py:841} WARNING - No viable dags retrieved from /mnt/c/Users/arcan/Documents/airflow/.venv/lib/python3.10/site-packages/airflow/example_dags/plugins/workday.py
[2025-06-16T22:16:49.377-0300] {processor.py:179} INFO - Processing /mnt/c/Users/arcan/Documents/airflow/.venv/lib/python3.10/site-packages/airflow/example_dags/plugins/workday.py took 0.073 seconds
[2025-06-16T22:17:58.149-0300] {processor.py:157} INFO - Started process (PID=60093) to work on /mnt/c/Users/arcan/Documents/airflow/.venv/lib/python3.10/site-packages/airflow/example_dags/plugins/workday.py
[2025-06-16T22:17:58.153-0300] {processor.py:829} INFO - Processing file /mnt/c/Users/arcan/Documents/airflow/.venv/lib/python3.10/site-packages/airflow/example_dags/plugins/workday.py for tasks to queue
[2025-06-16T22:17:58.157-0300] {logging_mixin.py:154} INFO - [2025-06-16T22:17:58.155-0300] {dagbag.py:536} INFO - Filling up the DagBag from /mnt/c/Users/arcan/Documents/airflow/.venv/lib/python3.10/site-packages/airflow/example_dags/plugins/workday.py
[2025-06-16T22:17:58.223-0300] {logging_mixin.py:154} INFO - [2025-06-16T22:17:58.223-0300] {workday.py:36} WARNING - Could not import pandas. Holidays will not be considered.
[2025-06-16T22:17:58.227-0300] {processor.py:841} WARNING - No viable dags retrieved from /mnt/c/Users/arcan/Documents/airflow/.venv/lib/python3.10/site-packages/airflow/example_dags/plugins/workday.py
[2025-06-16T22:17:58.281-0300] {processor.py:179} INFO - Processing /mnt/c/Users/arcan/Documents/airflow/.venv/lib/python3.10/site-packages/airflow/example_dags/plugins/workday.py took 0.143 seconds
[2025-06-16T22:18:42.416-0300] {processor.py:157} INFO - Started process (PID=60220) to work on /mnt/c/Users/arcan/Documents/airflow/.venv/lib/python3.10/site-packages/airflow/example_dags/plugins/workday.py
[2025-06-16T22:18:42.419-0300] {processor.py:829} INFO - Processing file /mnt/c/Users/arcan/Documents/airflow/.venv/lib/python3.10/site-packages/airflow/example_dags/plugins/workday.py for tasks to queue
[2025-06-16T22:18:42.422-0300] {logging_mixin.py:154} INFO - [2025-06-16T22:18:42.421-0300] {dagbag.py:536} INFO - Filling up the DagBag from /mnt/c/Users/arcan/Documents/airflow/.venv/lib/python3.10/site-packages/airflow/example_dags/plugins/workday.py
[2025-06-16T22:18:42.478-0300] {logging_mixin.py:154} INFO - [2025-06-16T22:18:42.477-0300] {workday.py:36} WARNING - Could not import pandas. Holidays will not be considered.
[2025-06-16T22:18:42.479-0300] {processor.py:841} WARNING - No viable dags retrieved from /mnt/c/Users/arcan/Documents/airflow/.venv/lib/python3.10/site-packages/airflow/example_dags/plugins/workday.py
[2025-06-16T22:18:42.539-0300] {processor.py:179} INFO - Processing /mnt/c/Users/arcan/Documents/airflow/.venv/lib/python3.10/site-packages/airflow/example_dags/plugins/workday.py took 0.129 seconds
[2025-06-16T22:19:26.446-0300] {processor.py:157} INFO - Started process (PID=60347) to work on /mnt/c/Users/arcan/Documents/airflow/.venv/lib/python3.10/site-packages/airflow/example_dags/plugins/workday.py
[2025-06-16T22:19:26.448-0300] {processor.py:829} INFO - Processing file /mnt/c/Users/arcan/Documents/airflow/.venv/lib/python3.10/site-packages/airflow/example_dags/plugins/workday.py for tasks to queue
[2025-06-16T22:19:26.452-0300] {logging_mixin.py:154} INFO - [2025-06-16T22:19:26.450-0300] {dagbag.py:536} INFO - Filling up the DagBag from /mnt/c/Users/arcan/Documents/airflow/.venv/lib/python3.10/site-packages/airflow/example_dags/plugins/workday.py
[2025-06-16T22:19:26.512-0300] {logging_mixin.py:154} INFO - [2025-06-16T22:19:26.512-0300] {workday.py:36} WARNING - Could not import pandas. Holidays will not be considered.
[2025-06-16T22:19:26.514-0300] {processor.py:841} WARNING - No viable dags retrieved from /mnt/c/Users/arcan/Documents/airflow/.venv/lib/python3.10/site-packages/airflow/example_dags/plugins/workday.py
[2025-06-16T22:19:26.563-0300] {processor.py:179} INFO - Processing /mnt/c/Users/arcan/Documents/airflow/.venv/lib/python3.10/site-packages/airflow/example_dags/plugins/workday.py took 0.126 seconds
[2025-06-16T22:20:09.881-0300] {processor.py:157} INFO - Started process (PID=60474) to work on /mnt/c/Users/arcan/Documents/airflow/.venv/lib/python3.10/site-packages/airflow/example_dags/plugins/workday.py
[2025-06-16T22:20:09.883-0300] {processor.py:829} INFO - Processing file /mnt/c/Users/arcan/Documents/airflow/.venv/lib/python3.10/site-packages/airflow/example_dags/plugins/workday.py for tasks to queue
[2025-06-16T22:20:09.885-0300] {logging_mixin.py:154} INFO - [2025-06-16T22:20:09.885-0300] {dagbag.py:536} INFO - Filling up the DagBag from /mnt/c/Users/arcan/Documents/airflow/.venv/lib/python3.10/site-packages/airflow/example_dags/plugins/workday.py
[2025-06-16T22:20:09.936-0300] {logging_mixin.py:154} INFO - [2025-06-16T22:20:09.935-0300] {workday.py:36} WARNING - Could not import pandas. Holidays will not be considered.
[2025-06-16T22:20:09.937-0300] {processor.py:841} WARNING - No viable dags retrieved from /mnt/c/Users/arcan/Documents/airflow/.venv/lib/python3.10/site-packages/airflow/example_dags/plugins/workday.py
[2025-06-16T22:20:09.976-0300] {processor.py:179} INFO - Processing /mnt/c/Users/arcan/Documents/airflow/.venv/lib/python3.10/site-packages/airflow/example_dags/plugins/workday.py took 0.102 seconds
[2025-06-16T22:20:50.681-0300] {processor.py:157} INFO - Started process (PID=60591) to work on /mnt/c/Users/arcan/Documents/airflow/.venv/lib/python3.10/site-packages/airflow/example_dags/plugins/workday.py
[2025-06-16T22:20:50.683-0300] {processor.py:829} INFO - Processing file /mnt/c/Users/arcan/Documents/airflow/.venv/lib/python3.10/site-packages/airflow/example_dags/plugins/workday.py for tasks to queue
[2025-06-16T22:20:50.686-0300] {logging_mixin.py:154} INFO - [2025-06-16T22:20:50.685-0300] {dagbag.py:536} INFO - Filling up the DagBag from /mnt/c/Users/arcan/Documents/airflow/.venv/lib/python3.10/site-packages/airflow/example_dags/plugins/workday.py
[2025-06-16T22:20:50.740-0300] {logging_mixin.py:154} INFO - [2025-06-16T22:20:50.740-0300] {workday.py:36} WARNING - Could not import pandas. Holidays will not be considered.
[2025-06-16T22:20:50.742-0300] {processor.py:841} WARNING - No viable dags retrieved from /mnt/c/Users/arcan/Documents/airflow/.venv/lib/python3.10/site-packages/airflow/example_dags/plugins/workday.py
[2025-06-16T22:20:50.790-0300] {processor.py:179} INFO - Processing /mnt/c/Users/arcan/Documents/airflow/.venv/lib/python3.10/site-packages/airflow/example_dags/plugins/workday.py took 0.115 seconds
[2025-06-16T22:21:30.647-0300] {processor.py:157} INFO - Started process (PID=60706) to work on /mnt/c/Users/arcan/Documents/airflow/.venv/lib/python3.10/site-packages/airflow/example_dags/plugins/workday.py
[2025-06-16T22:21:30.650-0300] {processor.py:829} INFO - Processing file /mnt/c/Users/arcan/Documents/airflow/.venv/lib/python3.10/site-packages/airflow/example_dags/plugins/workday.py for tasks to queue
[2025-06-16T22:21:30.652-0300] {logging_mixin.py:154} INFO - [2025-06-16T22:21:30.651-0300] {dagbag.py:536} INFO - Filling up the DagBag from /mnt/c/Users/arcan/Documents/airflow/.venv/lib/python3.10/site-packages/airflow/example_dags/plugins/workday.py
[2025-06-16T22:21:30.713-0300] {logging_mixin.py:154} INFO - [2025-06-16T22:21:30.712-0300] {workday.py:36} WARNING - Could not import pandas. Holidays will not be considered.
[2025-06-16T22:21:30.714-0300] {processor.py:841} WARNING - No viable dags retrieved from /mnt/c/Users/arcan/Documents/airflow/.venv/lib/python3.10/site-packages/airflow/example_dags/plugins/workday.py
[2025-06-16T22:21:30.760-0300] {processor.py:179} INFO - Processing /mnt/c/Users/arcan/Documents/airflow/.venv/lib/python3.10/site-packages/airflow/example_dags/plugins/workday.py took 0.121 seconds
[2025-06-16T22:22:11.780-0300] {processor.py:157} INFO - Started process (PID=60822) to work on /mnt/c/Users/arcan/Documents/airflow/.venv/lib/python3.10/site-packages/airflow/example_dags/plugins/workday.py
[2025-06-16T22:22:11.782-0300] {processor.py:829} INFO - Processing file /mnt/c/Users/arcan/Documents/airflow/.venv/lib/python3.10/site-packages/airflow/example_dags/plugins/workday.py for tasks to queue
[2025-06-16T22:22:11.784-0300] {logging_mixin.py:154} INFO - [2025-06-16T22:22:11.783-0300] {dagbag.py:536} INFO - Filling up the DagBag from /mnt/c/Users/arcan/Documents/airflow/.venv/lib/python3.10/site-packages/airflow/example_dags/plugins/workday.py
[2025-06-16T22:22:11.836-0300] {logging_mixin.py:154} INFO - [2025-06-16T22:22:11.836-0300] {workday.py:36} WARNING - Could not import pandas. Holidays will not be considered.
[2025-06-16T22:22:11.837-0300] {processor.py:841} WARNING - No viable dags retrieved from /mnt/c/Users/arcan/Documents/airflow/.venv/lib/python3.10/site-packages/airflow/example_dags/plugins/workday.py
[2025-06-16T22:22:11.879-0300] {processor.py:179} INFO - Processing /mnt/c/Users/arcan/Documents/airflow/.venv/lib/python3.10/site-packages/airflow/example_dags/plugins/workday.py took 0.107 seconds
[2025-06-16T22:22:53.475-0300] {processor.py:157} INFO - Started process (PID=60943) to work on /mnt/c/Users/arcan/Documents/airflow/.venv/lib/python3.10/site-packages/airflow/example_dags/plugins/workday.py
[2025-06-16T22:22:53.478-0300] {processor.py:829} INFO - Processing file /mnt/c/Users/arcan/Documents/airflow/.venv/lib/python3.10/site-packages/airflow/example_dags/plugins/workday.py for tasks to queue
[2025-06-16T22:22:53.481-0300] {logging_mixin.py:154} INFO - [2025-06-16T22:22:53.480-0300] {dagbag.py:536} INFO - Filling up the DagBag from /mnt/c/Users/arcan/Documents/airflow/.venv/lib/python3.10/site-packages/airflow/example_dags/plugins/workday.py
[2025-06-16T22:22:53.539-0300] {logging_mixin.py:154} INFO - [2025-06-16T22:22:53.538-0300] {workday.py:36} WARNING - Could not import pandas. Holidays will not be considered.
[2025-06-16T22:22:53.540-0300] {processor.py:841} WARNING - No viable dags retrieved from /mnt/c/Users/arcan/Documents/airflow/.venv/lib/python3.10/site-packages/airflow/example_dags/plugins/workday.py
[2025-06-16T22:22:53.583-0300] {processor.py:179} INFO - Processing /mnt/c/Users/arcan/Documents/airflow/.venv/lib/python3.10/site-packages/airflow/example_dags/plugins/workday.py took 0.118 seconds
[2025-06-16T22:23:36.065-0300] {processor.py:157} INFO - Started process (PID=61060) to work on /mnt/c/Users/arcan/Documents/airflow/.venv/lib/python3.10/site-packages/airflow/example_dags/plugins/workday.py
[2025-06-16T22:23:36.068-0300] {processor.py:829} INFO - Processing file /mnt/c/Users/arcan/Documents/airflow/.venv/lib/python3.10/site-packages/airflow/example_dags/plugins/workday.py for tasks to queue
[2025-06-16T22:23:36.070-0300] {logging_mixin.py:154} INFO - [2025-06-16T22:23:36.069-0300] {dagbag.py:536} INFO - Filling up the DagBag from /mnt/c/Users/arcan/Documents/airflow/.venv/lib/python3.10/site-packages/airflow/example_dags/plugins/workday.py
[2025-06-16T22:23:36.130-0300] {logging_mixin.py:154} INFO - [2025-06-16T22:23:36.129-0300] {workday.py:36} WARNING - Could not import pandas. Holidays will not be considered.
[2025-06-16T22:23:36.131-0300] {processor.py:841} WARNING - No viable dags retrieved from /mnt/c/Users/arcan/Documents/airflow/.venv/lib/python3.10/site-packages/airflow/example_dags/plugins/workday.py
[2025-06-16T22:23:36.177-0300] {processor.py:179} INFO - Processing /mnt/c/Users/arcan/Documents/airflow/.venv/lib/python3.10/site-packages/airflow/example_dags/plugins/workday.py took 0.118 seconds
[2025-06-16T22:24:18.580-0300] {processor.py:157} INFO - Started process (PID=61310) to work on /mnt/c/Users/arcan/Documents/airflow/.venv/lib/python3.10/site-packages/airflow/example_dags/plugins/workday.py
[2025-06-16T22:24:18.583-0300] {processor.py:829} INFO - Processing file /mnt/c/Users/arcan/Documents/airflow/.venv/lib/python3.10/site-packages/airflow/example_dags/plugins/workday.py for tasks to queue
[2025-06-16T22:24:18.586-0300] {logging_mixin.py:154} INFO - [2025-06-16T22:24:18.585-0300] {dagbag.py:536} INFO - Filling up the DagBag from /mnt/c/Users/arcan/Documents/airflow/.venv/lib/python3.10/site-packages/airflow/example_dags/plugins/workday.py
[2025-06-16T22:24:18.651-0300] {logging_mixin.py:154} INFO - [2025-06-16T22:24:18.651-0300] {workday.py:36} WARNING - Could not import pandas. Holidays will not be considered.
[2025-06-16T22:24:18.652-0300] {processor.py:841} WARNING - No viable dags retrieved from /mnt/c/Users/arcan/Documents/airflow/.venv/lib/python3.10/site-packages/airflow/example_dags/plugins/workday.py
[2025-06-16T22:24:18.705-0300] {processor.py:179} INFO - Processing /mnt/c/Users/arcan/Documents/airflow/.venv/lib/python3.10/site-packages/airflow/example_dags/plugins/workday.py took 0.133 seconds
[2025-06-16T22:24:58.213-0300] {processor.py:157} INFO - Started process (PID=61420) to work on /mnt/c/Users/arcan/Documents/airflow/.venv/lib/python3.10/site-packages/airflow/example_dags/plugins/workday.py
[2025-06-16T22:24:58.215-0300] {processor.py:829} INFO - Processing file /mnt/c/Users/arcan/Documents/airflow/.venv/lib/python3.10/site-packages/airflow/example_dags/plugins/workday.py for tasks to queue
[2025-06-16T22:24:58.217-0300] {logging_mixin.py:154} INFO - [2025-06-16T22:24:58.217-0300] {dagbag.py:536} INFO - Filling up the DagBag from /mnt/c/Users/arcan/Documents/airflow/.venv/lib/python3.10/site-packages/airflow/example_dags/plugins/workday.py
[2025-06-16T22:24:58.275-0300] {logging_mixin.py:154} INFO - [2025-06-16T22:24:58.275-0300] {workday.py:36} WARNING - Could not import pandas. Holidays will not be considered.
[2025-06-16T22:24:58.276-0300] {processor.py:841} WARNING - No viable dags retrieved from /mnt/c/Users/arcan/Documents/airflow/.venv/lib/python3.10/site-packages/airflow/example_dags/plugins/workday.py
[2025-06-16T22:24:58.319-0300] {processor.py:179} INFO - Processing /mnt/c/Users/arcan/Documents/airflow/.venv/lib/python3.10/site-packages/airflow/example_dags/plugins/workday.py took 0.112 seconds
[2025-06-16T22:25:38.345-0300] {processor.py:157} INFO - Started process (PID=61538) to work on /mnt/c/Users/arcan/Documents/airflow/.venv/lib/python3.10/site-packages/airflow/example_dags/plugins/workday.py
[2025-06-16T22:25:38.348-0300] {processor.py:829} INFO - Processing file /mnt/c/Users/arcan/Documents/airflow/.venv/lib/python3.10/site-packages/airflow/example_dags/plugins/workday.py for tasks to queue
[2025-06-16T22:25:38.351-0300] {logging_mixin.py:154} INFO - [2025-06-16T22:25:38.350-0300] {dagbag.py:536} INFO - Filling up the DagBag from /mnt/c/Users/arcan/Documents/airflow/.venv/lib/python3.10/site-packages/airflow/example_dags/plugins/workday.py
[2025-06-16T22:25:38.409-0300] {logging_mixin.py:154} INFO - [2025-06-16T22:25:38.409-0300] {workday.py:36} WARNING - Could not import pandas. Holidays will not be considered.
[2025-06-16T22:25:38.410-0300] {processor.py:841} WARNING - No viable dags retrieved from /mnt/c/Users/arcan/Documents/airflow/.venv/lib/python3.10/site-packages/airflow/example_dags/plugins/workday.py
[2025-06-16T22:25:38.464-0300] {processor.py:179} INFO - Processing /mnt/c/Users/arcan/Documents/airflow/.venv/lib/python3.10/site-packages/airflow/example_dags/plugins/workday.py took 0.125 seconds
[2025-06-16T22:26:18.524-0300] {processor.py:157} INFO - Started process (PID=61648) to work on /mnt/c/Users/arcan/Documents/airflow/.venv/lib/python3.10/site-packages/airflow/example_dags/plugins/workday.py
[2025-06-16T22:26:18.527-0300] {processor.py:829} INFO - Processing file /mnt/c/Users/arcan/Documents/airflow/.venv/lib/python3.10/site-packages/airflow/example_dags/plugins/workday.py for tasks to queue
[2025-06-16T22:26:18.530-0300] {logging_mixin.py:154} INFO - [2025-06-16T22:26:18.529-0300] {dagbag.py:536} INFO - Filling up the DagBag from /mnt/c/Users/arcan/Documents/airflow/.venv/lib/python3.10/site-packages/airflow/example_dags/plugins/workday.py
[2025-06-16T22:26:18.585-0300] {logging_mixin.py:154} INFO - [2025-06-16T22:26:18.585-0300] {workday.py:36} WARNING - Could not import pandas. Holidays will not be considered.
[2025-06-16T22:26:18.586-0300] {processor.py:841} WARNING - No viable dags retrieved from /mnt/c/Users/arcan/Documents/airflow/.venv/lib/python3.10/site-packages/airflow/example_dags/plugins/workday.py
[2025-06-16T22:26:18.632-0300] {processor.py:179} INFO - Processing /mnt/c/Users/arcan/Documents/airflow/.venv/lib/python3.10/site-packages/airflow/example_dags/plugins/workday.py took 0.118 seconds
[2025-06-16T22:26:59.801-0300] {processor.py:157} INFO - Started process (PID=61765) to work on /mnt/c/Users/arcan/Documents/airflow/.venv/lib/python3.10/site-packages/airflow/example_dags/plugins/workday.py
[2025-06-16T22:26:59.804-0300] {processor.py:829} INFO - Processing file /mnt/c/Users/arcan/Documents/airflow/.venv/lib/python3.10/site-packages/airflow/example_dags/plugins/workday.py for tasks to queue
[2025-06-16T22:26:59.808-0300] {logging_mixin.py:154} INFO - [2025-06-16T22:26:59.806-0300] {dagbag.py:536} INFO - Filling up the DagBag from /mnt/c/Users/arcan/Documents/airflow/.venv/lib/python3.10/site-packages/airflow/example_dags/plugins/workday.py
[2025-06-16T22:26:59.859-0300] {logging_mixin.py:154} INFO - [2025-06-16T22:26:59.858-0300] {workday.py:36} WARNING - Could not import pandas. Holidays will not be considered.
[2025-06-16T22:26:59.860-0300] {processor.py:841} WARNING - No viable dags retrieved from /mnt/c/Users/arcan/Documents/airflow/.venv/lib/python3.10/site-packages/airflow/example_dags/plugins/workday.py
[2025-06-16T22:26:59.909-0300] {processor.py:179} INFO - Processing /mnt/c/Users/arcan/Documents/airflow/.venv/lib/python3.10/site-packages/airflow/example_dags/plugins/workday.py took 0.115 seconds
[2025-06-16T22:27:37.819-0300] {processor.py:157} INFO - Started process (PID=61876) to work on /mnt/c/Users/arcan/Documents/airflow/.venv/lib/python3.10/site-packages/airflow/example_dags/plugins/workday.py
[2025-06-16T22:27:37.822-0300] {processor.py:829} INFO - Processing file /mnt/c/Users/arcan/Documents/airflow/.venv/lib/python3.10/site-packages/airflow/example_dags/plugins/workday.py for tasks to queue
[2025-06-16T22:27:37.825-0300] {logging_mixin.py:154} INFO - [2025-06-16T22:27:37.824-0300] {dagbag.py:536} INFO - Filling up the DagBag from /mnt/c/Users/arcan/Documents/airflow/.venv/lib/python3.10/site-packages/airflow/example_dags/plugins/workday.py
[2025-06-16T22:27:37.882-0300] {logging_mixin.py:154} INFO - [2025-06-16T22:27:37.881-0300] {workday.py:36} WARNING - Could not import pandas. Holidays will not be considered.
[2025-06-16T22:27:37.883-0300] {processor.py:841} WARNING - No viable dags retrieved from /mnt/c/Users/arcan/Documents/airflow/.venv/lib/python3.10/site-packages/airflow/example_dags/plugins/workday.py
[2025-06-16T22:27:37.932-0300] {processor.py:179} INFO - Processing /mnt/c/Users/arcan/Documents/airflow/.venv/lib/python3.10/site-packages/airflow/example_dags/plugins/workday.py took 0.119 seconds
[2025-06-16T22:28:17.137-0300] {processor.py:157} INFO - Started process (PID=61993) to work on /mnt/c/Users/arcan/Documents/airflow/.venv/lib/python3.10/site-packages/airflow/example_dags/plugins/workday.py
[2025-06-16T22:28:17.140-0300] {processor.py:829} INFO - Processing file /mnt/c/Users/arcan/Documents/airflow/.venv/lib/python3.10/site-packages/airflow/example_dags/plugins/workday.py for tasks to queue
[2025-06-16T22:28:17.142-0300] {logging_mixin.py:154} INFO - [2025-06-16T22:28:17.141-0300] {dagbag.py:536} INFO - Filling up the DagBag from /mnt/c/Users/arcan/Documents/airflow/.venv/lib/python3.10/site-packages/airflow/example_dags/plugins/workday.py
[2025-06-16T22:28:17.193-0300] {logging_mixin.py:154} INFO - [2025-06-16T22:28:17.193-0300] {workday.py:36} WARNING - Could not import pandas. Holidays will not be considered.
[2025-06-16T22:28:17.194-0300] {processor.py:841} WARNING - No viable dags retrieved from /mnt/c/Users/arcan/Documents/airflow/.venv/lib/python3.10/site-packages/airflow/example_dags/plugins/workday.py
[2025-06-16T22:28:17.245-0300] {processor.py:179} INFO - Processing /mnt/c/Users/arcan/Documents/airflow/.venv/lib/python3.10/site-packages/airflow/example_dags/plugins/workday.py took 0.114 seconds
[2025-06-16T22:28:55.221-0300] {processor.py:157} INFO - Started process (PID=62100) to work on /mnt/c/Users/arcan/Documents/airflow/.venv/lib/python3.10/site-packages/airflow/example_dags/plugins/workday.py
[2025-06-16T22:28:55.224-0300] {processor.py:829} INFO - Processing file /mnt/c/Users/arcan/Documents/airflow/.venv/lib/python3.10/site-packages/airflow/example_dags/plugins/workday.py for tasks to queue
[2025-06-16T22:28:55.227-0300] {logging_mixin.py:154} INFO - [2025-06-16T22:28:55.226-0300] {dagbag.py:536} INFO - Filling up the DagBag from /mnt/c/Users/arcan/Documents/airflow/.venv/lib/python3.10/site-packages/airflow/example_dags/plugins/workday.py
[2025-06-16T22:28:55.282-0300] {logging_mixin.py:154} INFO - [2025-06-16T22:28:55.282-0300] {workday.py:36} WARNING - Could not import pandas. Holidays will not be considered.
[2025-06-16T22:28:55.283-0300] {processor.py:841} WARNING - No viable dags retrieved from /mnt/c/Users/arcan/Documents/airflow/.venv/lib/python3.10/site-packages/airflow/example_dags/plugins/workday.py
[2025-06-16T22:28:55.333-0300] {processor.py:179} INFO - Processing /mnt/c/Users/arcan/Documents/airflow/.venv/lib/python3.10/site-packages/airflow/example_dags/plugins/workday.py took 0.120 seconds
[2025-06-16T22:29:35.621-0300] {processor.py:157} INFO - Started process (PID=62213) to work on /mnt/c/Users/arcan/Documents/airflow/.venv/lib/python3.10/site-packages/airflow/example_dags/plugins/workday.py
[2025-06-16T22:29:35.624-0300] {processor.py:829} INFO - Processing file /mnt/c/Users/arcan/Documents/airflow/.venv/lib/python3.10/site-packages/airflow/example_dags/plugins/workday.py for tasks to queue
[2025-06-16T22:29:35.627-0300] {logging_mixin.py:154} INFO - [2025-06-16T22:29:35.626-0300] {dagbag.py:536} INFO - Filling up the DagBag from /mnt/c/Users/arcan/Documents/airflow/.venv/lib/python3.10/site-packages/airflow/example_dags/plugins/workday.py
[2025-06-16T22:29:35.747-0300] {logging_mixin.py:154} INFO - [2025-06-16T22:29:35.746-0300] {workday.py:36} WARNING - Could not import pandas. Holidays will not be considered.
[2025-06-16T22:29:35.751-0300] {processor.py:841} WARNING - No viable dags retrieved from /mnt/c/Users/arcan/Documents/airflow/.venv/lib/python3.10/site-packages/airflow/example_dags/plugins/workday.py
[2025-06-16T22:29:35.860-0300] {processor.py:179} INFO - Processing /mnt/c/Users/arcan/Documents/airflow/.venv/lib/python3.10/site-packages/airflow/example_dags/plugins/workday.py took 0.246 seconds
[2025-06-16T22:30:15.177-0300] {processor.py:157} INFO - Started process (PID=62331) to work on /mnt/c/Users/arcan/Documents/airflow/.venv/lib/python3.10/site-packages/airflow/example_dags/plugins/workday.py
[2025-06-16T22:30:15.181-0300] {processor.py:829} INFO - Processing file /mnt/c/Users/arcan/Documents/airflow/.venv/lib/python3.10/site-packages/airflow/example_dags/plugins/workday.py for tasks to queue
[2025-06-16T22:30:15.184-0300] {logging_mixin.py:154} INFO - [2025-06-16T22:30:15.182-0300] {dagbag.py:536} INFO - Filling up the DagBag from /mnt/c/Users/arcan/Documents/airflow/.venv/lib/python3.10/site-packages/airflow/example_dags/plugins/workday.py
[2025-06-16T22:30:15.246-0300] {logging_mixin.py:154} INFO - [2025-06-16T22:30:15.245-0300] {workday.py:36} WARNING - Could not import pandas. Holidays will not be considered.
[2025-06-16T22:30:15.248-0300] {processor.py:841} WARNING - No viable dags retrieved from /mnt/c/Users/arcan/Documents/airflow/.venv/lib/python3.10/site-packages/airflow/example_dags/plugins/workday.py
[2025-06-16T22:30:15.300-0300] {processor.py:179} INFO - Processing /mnt/c/Users/arcan/Documents/airflow/.venv/lib/python3.10/site-packages/airflow/example_dags/plugins/workday.py took 0.132 seconds
[2025-06-16T22:30:52.079-0300] {processor.py:157} INFO - Started process (PID=62438) to work on /mnt/c/Users/arcan/Documents/airflow/.venv/lib/python3.10/site-packages/airflow/example_dags/plugins/workday.py
[2025-06-16T22:30:52.082-0300] {processor.py:829} INFO - Processing file /mnt/c/Users/arcan/Documents/airflow/.venv/lib/python3.10/site-packages/airflow/example_dags/plugins/workday.py for tasks to queue
[2025-06-16T22:30:52.086-0300] {logging_mixin.py:154} INFO - [2025-06-16T22:30:52.084-0300] {dagbag.py:536} INFO - Filling up the DagBag from /mnt/c/Users/arcan/Documents/airflow/.venv/lib/python3.10/site-packages/airflow/example_dags/plugins/workday.py
[2025-06-16T22:30:52.160-0300] {logging_mixin.py:154} INFO - [2025-06-16T22:30:52.159-0300] {workday.py:36} WARNING - Could not import pandas. Holidays will not be considered.
[2025-06-16T22:30:52.162-0300] {processor.py:841} WARNING - No viable dags retrieved from /mnt/c/Users/arcan/Documents/airflow/.venv/lib/python3.10/site-packages/airflow/example_dags/plugins/workday.py
[2025-06-16T22:30:52.233-0300] {processor.py:179} INFO - Processing /mnt/c/Users/arcan/Documents/airflow/.venv/lib/python3.10/site-packages/airflow/example_dags/plugins/workday.py took 0.162 seconds
[2025-06-16T22:31:30.480-0300] {processor.py:157} INFO - Started process (PID=62548) to work on /mnt/c/Users/arcan/Documents/airflow/.venv/lib/python3.10/site-packages/airflow/example_dags/plugins/workday.py
[2025-06-16T22:31:30.483-0300] {processor.py:829} INFO - Processing file /mnt/c/Users/arcan/Documents/airflow/.venv/lib/python3.10/site-packages/airflow/example_dags/plugins/workday.py for tasks to queue
[2025-06-16T22:31:30.485-0300] {logging_mixin.py:154} INFO - [2025-06-16T22:31:30.484-0300] {dagbag.py:536} INFO - Filling up the DagBag from /mnt/c/Users/arcan/Documents/airflow/.venv/lib/python3.10/site-packages/airflow/example_dags/plugins/workday.py
[2025-06-16T22:31:30.543-0300] {logging_mixin.py:154} INFO - [2025-06-16T22:31:30.543-0300] {workday.py:36} WARNING - Could not import pandas. Holidays will not be considered.
[2025-06-16T22:31:30.544-0300] {processor.py:841} WARNING - No viable dags retrieved from /mnt/c/Users/arcan/Documents/airflow/.venv/lib/python3.10/site-packages/airflow/example_dags/plugins/workday.py
[2025-06-16T22:31:30.594-0300] {processor.py:179} INFO - Processing /mnt/c/Users/arcan/Documents/airflow/.venv/lib/python3.10/site-packages/airflow/example_dags/plugins/workday.py took 0.121 seconds
[2025-06-16T22:32:26.013-0300] {processor.py:157} INFO - Started process (PID=62784) to work on /mnt/c/Users/arcan/Documents/airflow/.venv/lib/python3.10/site-packages/airflow/example_dags/plugins/workday.py
[2025-06-16T22:32:26.016-0300] {processor.py:829} INFO - Processing file /mnt/c/Users/arcan/Documents/airflow/.venv/lib/python3.10/site-packages/airflow/example_dags/plugins/workday.py for tasks to queue
[2025-06-16T22:32:26.019-0300] {logging_mixin.py:154} INFO - [2025-06-16T22:32:26.017-0300] {dagbag.py:536} INFO - Filling up the DagBag from /mnt/c/Users/arcan/Documents/airflow/.venv/lib/python3.10/site-packages/airflow/example_dags/plugins/workday.py
[2025-06-16T22:32:26.069-0300] {logging_mixin.py:154} INFO - [2025-06-16T22:32:26.069-0300] {workday.py:36} WARNING - Could not import pandas. Holidays will not be considered.
[2025-06-16T22:32:26.070-0300] {processor.py:841} WARNING - No viable dags retrieved from /mnt/c/Users/arcan/Documents/airflow/.venv/lib/python3.10/site-packages/airflow/example_dags/plugins/workday.py
[2025-06-16T22:32:26.205-0300] {processor.py:179} INFO - Processing /mnt/c/Users/arcan/Documents/airflow/.venv/lib/python3.10/site-packages/airflow/example_dags/plugins/workday.py took 0.198 seconds
[2025-06-16T22:33:12.727-0300] {processor.py:157} INFO - Started process (PID=62920) to work on /mnt/c/Users/arcan/Documents/airflow/.venv/lib/python3.10/site-packages/airflow/example_dags/plugins/workday.py
[2025-06-16T22:33:12.729-0300] {processor.py:829} INFO - Processing file /mnt/c/Users/arcan/Documents/airflow/.venv/lib/python3.10/site-packages/airflow/example_dags/plugins/workday.py for tasks to queue
[2025-06-16T22:33:12.732-0300] {logging_mixin.py:154} INFO - [2025-06-16T22:33:12.731-0300] {dagbag.py:536} INFO - Filling up the DagBag from /mnt/c/Users/arcan/Documents/airflow/.venv/lib/python3.10/site-packages/airflow/example_dags/plugins/workday.py
[2025-06-16T22:33:12.775-0300] {logging_mixin.py:154} INFO - [2025-06-16T22:33:12.775-0300] {workday.py:36} WARNING - Could not import pandas. Holidays will not be considered.
[2025-06-16T22:33:12.776-0300] {processor.py:841} WARNING - No viable dags retrieved from /mnt/c/Users/arcan/Documents/airflow/.venv/lib/python3.10/site-packages/airflow/example_dags/plugins/workday.py
[2025-06-16T22:33:12.813-0300] {processor.py:179} INFO - Processing /mnt/c/Users/arcan/Documents/airflow/.venv/lib/python3.10/site-packages/airflow/example_dags/plugins/workday.py took 0.091 seconds
[2025-06-17T20:50:14.506-0300] {processor.py:157} INFO - Started process (PID=63628) to work on /mnt/c/Users/arcan/Documents/airflow/.venv/lib/python3.10/site-packages/airflow/example_dags/plugins/workday.py
[2025-06-17T20:50:14.511-0300] {processor.py:829} INFO - Processing file /mnt/c/Users/arcan/Documents/airflow/.venv/lib/python3.10/site-packages/airflow/example_dags/plugins/workday.py for tasks to queue
[2025-06-17T20:50:14.514-0300] {logging_mixin.py:154} INFO - [2025-06-17T20:50:14.513-0300] {dagbag.py:536} INFO - Filling up the DagBag from /mnt/c/Users/arcan/Documents/airflow/.venv/lib/python3.10/site-packages/airflow/example_dags/plugins/workday.py
[2025-06-17T20:50:14.579-0300] {logging_mixin.py:154} INFO - [2025-06-17T20:50:14.579-0300] {workday.py:36} WARNING - Could not import pandas. Holidays will not be considered.
[2025-06-17T20:50:14.580-0300] {processor.py:841} WARNING - No viable dags retrieved from /mnt/c/Users/arcan/Documents/airflow/.venv/lib/python3.10/site-packages/airflow/example_dags/plugins/workday.py
[2025-06-17T20:50:14.631-0300] {processor.py:179} INFO - Processing /mnt/c/Users/arcan/Documents/airflow/.venv/lib/python3.10/site-packages/airflow/example_dags/plugins/workday.py took 0.131 seconds
[2025-06-17T20:51:31.421-0300] {processor.py:157} INFO - Started process (PID=63722) to work on /mnt/c/Users/arcan/Documents/airflow/.venv/lib/python3.10/site-packages/airflow/example_dags/plugins/workday.py
[2025-06-17T20:51:31.423-0300] {processor.py:829} INFO - Processing file /mnt/c/Users/arcan/Documents/airflow/.venv/lib/python3.10/site-packages/airflow/example_dags/plugins/workday.py for tasks to queue
[2025-06-17T20:51:31.425-0300] {logging_mixin.py:154} INFO - [2025-06-17T20:51:31.424-0300] {dagbag.py:536} INFO - Filling up the DagBag from /mnt/c/Users/arcan/Documents/airflow/.venv/lib/python3.10/site-packages/airflow/example_dags/plugins/workday.py
[2025-06-17T20:51:31.464-0300] {logging_mixin.py:154} INFO - [2025-06-17T20:51:31.464-0300] {workday.py:36} WARNING - Could not import pandas. Holidays will not be considered.
[2025-06-17T20:51:31.465-0300] {processor.py:841} WARNING - No viable dags retrieved from /mnt/c/Users/arcan/Documents/airflow/.venv/lib/python3.10/site-packages/airflow/example_dags/plugins/workday.py
[2025-06-17T20:51:31.499-0300] {processor.py:179} INFO - Processing /mnt/c/Users/arcan/Documents/airflow/.venv/lib/python3.10/site-packages/airflow/example_dags/plugins/workday.py took 0.084 seconds
[2025-06-17T20:52:13.576-0300] {processor.py:157} INFO - Started process (PID=63842) to work on /mnt/c/Users/arcan/Documents/airflow/.venv/lib/python3.10/site-packages/airflow/example_dags/plugins/workday.py
[2025-06-17T20:52:13.578-0300] {processor.py:829} INFO - Processing file /mnt/c/Users/arcan/Documents/airflow/.venv/lib/python3.10/site-packages/airflow/example_dags/plugins/workday.py for tasks to queue
[2025-06-17T20:52:13.581-0300] {logging_mixin.py:154} INFO - [2025-06-17T20:52:13.580-0300] {dagbag.py:536} INFO - Filling up the DagBag from /mnt/c/Users/arcan/Documents/airflow/.venv/lib/python3.10/site-packages/airflow/example_dags/plugins/workday.py
[2025-06-17T20:52:13.622-0300] {logging_mixin.py:154} INFO - [2025-06-17T20:52:13.622-0300] {workday.py:36} WARNING - Could not import pandas. Holidays will not be considered.
[2025-06-17T20:52:13.624-0300] {processor.py:841} WARNING - No viable dags retrieved from /mnt/c/Users/arcan/Documents/airflow/.venv/lib/python3.10/site-packages/airflow/example_dags/plugins/workday.py
[2025-06-17T20:52:13.662-0300] {processor.py:179} INFO - Processing /mnt/c/Users/arcan/Documents/airflow/.venv/lib/python3.10/site-packages/airflow/example_dags/plugins/workday.py took 0.092 seconds
[2025-06-17T20:52:54.536-0300] {processor.py:157} INFO - Started process (PID=63952) to work on /mnt/c/Users/arcan/Documents/airflow/.venv/lib/python3.10/site-packages/airflow/example_dags/plugins/workday.py
[2025-06-17T20:52:54.538-0300] {processor.py:829} INFO - Processing file /mnt/c/Users/arcan/Documents/airflow/.venv/lib/python3.10/site-packages/airflow/example_dags/plugins/workday.py for tasks to queue
[2025-06-17T20:52:54.541-0300] {logging_mixin.py:154} INFO - [2025-06-17T20:52:54.540-0300] {dagbag.py:536} INFO - Filling up the DagBag from /mnt/c/Users/arcan/Documents/airflow/.venv/lib/python3.10/site-packages/airflow/example_dags/plugins/workday.py
[2025-06-17T20:52:54.599-0300] {logging_mixin.py:154} INFO - [2025-06-17T20:52:54.599-0300] {workday.py:36} WARNING - Could not import pandas. Holidays will not be considered.
[2025-06-17T20:52:54.601-0300] {processor.py:841} WARNING - No viable dags retrieved from /mnt/c/Users/arcan/Documents/airflow/.venv/lib/python3.10/site-packages/airflow/example_dags/plugins/workday.py
[2025-06-17T20:52:54.651-0300] {processor.py:179} INFO - Processing /mnt/c/Users/arcan/Documents/airflow/.venv/lib/python3.10/site-packages/airflow/example_dags/plugins/workday.py took 0.121 seconds
[2025-06-17T20:53:34.879-0300] {processor.py:157} INFO - Started process (PID=64191) to work on /mnt/c/Users/arcan/Documents/airflow/.venv/lib/python3.10/site-packages/airflow/example_dags/plugins/workday.py
[2025-06-17T20:53:34.881-0300] {processor.py:829} INFO - Processing file /mnt/c/Users/arcan/Documents/airflow/.venv/lib/python3.10/site-packages/airflow/example_dags/plugins/workday.py for tasks to queue
[2025-06-17T20:53:34.883-0300] {logging_mixin.py:154} INFO - [2025-06-17T20:53:34.882-0300] {dagbag.py:536} INFO - Filling up the DagBag from /mnt/c/Users/arcan/Documents/airflow/.venv/lib/python3.10/site-packages/airflow/example_dags/plugins/workday.py
[2025-06-17T20:53:34.929-0300] {logging_mixin.py:154} INFO - [2025-06-17T20:53:34.928-0300] {workday.py:36} WARNING - Could not import pandas. Holidays will not be considered.
[2025-06-17T20:53:34.930-0300] {processor.py:841} WARNING - No viable dags retrieved from /mnt/c/Users/arcan/Documents/airflow/.venv/lib/python3.10/site-packages/airflow/example_dags/plugins/workday.py
[2025-06-17T20:53:34.965-0300] {processor.py:179} INFO - Processing /mnt/c/Users/arcan/Documents/airflow/.venv/lib/python3.10/site-packages/airflow/example_dags/plugins/workday.py took 0.091 seconds
[2025-06-17T20:54:12.791-0300] {processor.py:157} INFO - Started process (PID=64298) to work on /mnt/c/Users/arcan/Documents/airflow/.venv/lib/python3.10/site-packages/airflow/example_dags/plugins/workday.py
[2025-06-17T20:54:12.793-0300] {processor.py:829} INFO - Processing file /mnt/c/Users/arcan/Documents/airflow/.venv/lib/python3.10/site-packages/airflow/example_dags/plugins/workday.py for tasks to queue
[2025-06-17T20:54:12.795-0300] {logging_mixin.py:154} INFO - [2025-06-17T20:54:12.794-0300] {dagbag.py:536} INFO - Filling up the DagBag from /mnt/c/Users/arcan/Documents/airflow/.venv/lib/python3.10/site-packages/airflow/example_dags/plugins/workday.py
[2025-06-17T20:54:12.831-0300] {logging_mixin.py:154} INFO - [2025-06-17T20:54:12.831-0300] {workday.py:36} WARNING - Could not import pandas. Holidays will not be considered.
[2025-06-17T20:54:12.832-0300] {processor.py:841} WARNING - No viable dags retrieved from /mnt/c/Users/arcan/Documents/airflow/.venv/lib/python3.10/site-packages/airflow/example_dags/plugins/workday.py
[2025-06-17T20:54:12.862-0300] {processor.py:179} INFO - Processing /mnt/c/Users/arcan/Documents/airflow/.venv/lib/python3.10/site-packages/airflow/example_dags/plugins/workday.py took 0.077 seconds
[2025-06-17T20:54:46.645-0300] {processor.py:157} INFO - Started process (PID=64401) to work on /mnt/c/Users/arcan/Documents/airflow/.venv/lib/python3.10/site-packages/airflow/example_dags/plugins/workday.py
[2025-06-17T20:54:46.647-0300] {processor.py:829} INFO - Processing file /mnt/c/Users/arcan/Documents/airflow/.venv/lib/python3.10/site-packages/airflow/example_dags/plugins/workday.py for tasks to queue
[2025-06-17T20:54:46.649-0300] {logging_mixin.py:154} INFO - [2025-06-17T20:54:46.648-0300] {dagbag.py:536} INFO - Filling up the DagBag from /mnt/c/Users/arcan/Documents/airflow/.venv/lib/python3.10/site-packages/airflow/example_dags/plugins/workday.py
[2025-06-17T20:54:46.690-0300] {logging_mixin.py:154} INFO - [2025-06-17T20:54:46.690-0300] {workday.py:36} WARNING - Could not import pandas. Holidays will not be considered.
[2025-06-17T20:54:46.691-0300] {processor.py:841} WARNING - No viable dags retrieved from /mnt/c/Users/arcan/Documents/airflow/.venv/lib/python3.10/site-packages/airflow/example_dags/plugins/workday.py
[2025-06-17T20:54:46.727-0300] {processor.py:179} INFO - Processing /mnt/c/Users/arcan/Documents/airflow/.venv/lib/python3.10/site-packages/airflow/example_dags/plugins/workday.py took 0.087 seconds
[2025-06-17T20:55:20.607-0300] {processor.py:157} INFO - Started process (PID=64499) to work on /mnt/c/Users/arcan/Documents/airflow/.venv/lib/python3.10/site-packages/airflow/example_dags/plugins/workday.py
[2025-06-17T20:55:20.609-0300] {processor.py:829} INFO - Processing file /mnt/c/Users/arcan/Documents/airflow/.venv/lib/python3.10/site-packages/airflow/example_dags/plugins/workday.py for tasks to queue
[2025-06-17T20:55:20.611-0300] {logging_mixin.py:154} INFO - [2025-06-17T20:55:20.610-0300] {dagbag.py:536} INFO - Filling up the DagBag from /mnt/c/Users/arcan/Documents/airflow/.venv/lib/python3.10/site-packages/airflow/example_dags/plugins/workday.py
[2025-06-17T20:55:20.642-0300] {logging_mixin.py:154} INFO - [2025-06-17T20:55:20.642-0300] {workday.py:36} WARNING - Could not import pandas. Holidays will not be considered.
[2025-06-17T20:55:20.644-0300] {processor.py:841} WARNING - No viable dags retrieved from /mnt/c/Users/arcan/Documents/airflow/.venv/lib/python3.10/site-packages/airflow/example_dags/plugins/workday.py
[2025-06-17T20:55:20.678-0300] {processor.py:179} INFO - Processing /mnt/c/Users/arcan/Documents/airflow/.venv/lib/python3.10/site-packages/airflow/example_dags/plugins/workday.py took 0.075 seconds
[2025-06-17T20:55:57.520-0300] {processor.py:157} INFO - Started process (PID=64603) to work on /mnt/c/Users/arcan/Documents/airflow/.venv/lib/python3.10/site-packages/airflow/example_dags/plugins/workday.py
[2025-06-17T20:55:57.522-0300] {processor.py:829} INFO - Processing file /mnt/c/Users/arcan/Documents/airflow/.venv/lib/python3.10/site-packages/airflow/example_dags/plugins/workday.py for tasks to queue
[2025-06-17T20:55:57.524-0300] {logging_mixin.py:154} INFO - [2025-06-17T20:55:57.523-0300] {dagbag.py:536} INFO - Filling up the DagBag from /mnt/c/Users/arcan/Documents/airflow/.venv/lib/python3.10/site-packages/airflow/example_dags/plugins/workday.py
[2025-06-17T20:55:57.565-0300] {logging_mixin.py:154} INFO - [2025-06-17T20:55:57.565-0300] {workday.py:36} WARNING - Could not import pandas. Holidays will not be considered.
[2025-06-17T20:55:57.566-0300] {processor.py:841} WARNING - No viable dags retrieved from /mnt/c/Users/arcan/Documents/airflow/.venv/lib/python3.10/site-packages/airflow/example_dags/plugins/workday.py
[2025-06-17T20:55:57.602-0300] {processor.py:179} INFO - Processing /mnt/c/Users/arcan/Documents/airflow/.venv/lib/python3.10/site-packages/airflow/example_dags/plugins/workday.py took 0.086 seconds
