[2025-06-21T15:25:40.666-0300] {logging_mixin.py:154} INFO - Changing /mnt/c/Users/arcan/Documents/airflow/logs/dag_id=PIPELINE_COINGECKO/run_id=manual__2025-06-21T18:23:14.237386+00:00/task_id=run_silver_script permission to 509
[2025-06-21T15:25:40.896-0300] {logging_mixin.py:154} INFO - Changing /mnt/c/Users/arcan/Documents/airflow/logs/dag_id=PIPELINE_COINGECKO/run_id=manual__2025-06-21T18:23:14.237386+00:00/task_id=run_silver_script permission to 509
[2025-06-21T15:25:41.091-0300] {taskinstance.py:1159} INFO - Dependencies all met for dep_context=non-requeueable deps ti=<TaskInstance: PIPELINE_COINGECKO.run_silver_script manual__2025-06-21T18:23:14.237386+00:00 [queued]>
[2025-06-21T15:25:41.109-0300] {taskinstance.py:1159} INFO - Dependencies all met for dep_context=requeueable deps ti=<TaskInstance: PIPELINE_COINGECKO.run_silver_script manual__2025-06-21T18:23:14.237386+00:00 [queued]>
[2025-06-21T15:25:41.110-0300] {taskinstance.py:1361} INFO - Starting attempt 1 of 2
[2025-06-21T15:25:41.155-0300] {taskinstance.py:1382} INFO - Executing <Task(BashOperator): run_silver_script> on 2025-06-21 18:23:14.237386+00:00
[2025-06-21T15:25:41.159-0300] {standard_task_runner.py:57} INFO - Started process 77251 to run task
[2025-06-21T15:25:41.162-0300] {standard_task_runner.py:84} INFO - Running: ['airflow', 'tasks', 'run', 'PIPELINE_COINGECKO', 'run_silver_script', 'manual__2025-06-21T18:23:14.237386+00:00', '--job-id', '37', '--raw', '--subdir', 'DAGS_FOLDER/pipeline_coingecko.py', '--cfg-path', '/tmp/tmpl5h7k53f']
[2025-06-21T15:25:41.165-0300] {standard_task_runner.py:85} INFO - Job 37: Subtask run_silver_script
[2025-06-21T15:25:41.263-0300] {logging_mixin.py:154} INFO - Changing /mnt/c/Users/arcan/Documents/airflow/logs/dag_id=PIPELINE_COINGECKO/run_id=manual__2025-06-21T18:23:14.237386+00:00/task_id=run_silver_script permission to 509
[2025-06-21T15:25:41.285-0300] {task_command.py:416} INFO - Running <TaskInstance: PIPELINE_COINGECKO.run_silver_script manual__2025-06-21T18:23:14.237386+00:00 [running]> on host YanArcanjo.localdomain
[2025-06-21T15:25:41.440-0300] {taskinstance.py:1662} INFO - Exporting env vars: AIRFLOW_CTX_DAG_OWNER='yan_arcanjo' AIRFLOW_CTX_DAG_ID='PIPELINE_COINGECKO' AIRFLOW_CTX_TASK_ID='run_silver_script' AIRFLOW_CTX_EXECUTION_DATE='2025-06-21T18:23:14.237386+00:00' AIRFLOW_CTX_TRY_NUMBER='1' AIRFLOW_CTX_DAG_RUN_ID='manual__2025-06-21T18:23:14.237386+00:00'
[2025-06-21T15:25:41.442-0300] {subprocess.py:63} INFO - Tmp dir root location: /tmp
[2025-06-21T15:25:41.444-0300] {subprocess.py:75} INFO - Running command: ['/usr/bin/bash', '-c', 'spark-submit --packages io.delta:delta-core_2.12:2.4.0             --master local[*]             --conf "spark.sql.extensions=io.delta.sql.DeltaSparkSessionExtension"             --conf "spark.sql.catalog.spark_catalog=org.apache.spark.sql.delta.catalog.DeltaCatalog"             --conf "spark.driver.extraJavaOptions=-Dlog4j.configurationFile=src/jobs/log4j2.properties"             /mnt/c/Users/arcan/Documents/airflow/src/jobs/1-silver/coingecko/coingecko.py coingecko']
[2025-06-21T15:25:41.453-0300] {subprocess.py:86} INFO - Output:
[2025-06-21T15:25:46.158-0300] {subprocess.py:93} INFO - ERROR StatusLogger Reconfiguration failed: No configuration found for '53bd815b' at 'null' in 'null'
[2025-06-21T15:25:46.173-0300] {subprocess.py:93} INFO - ERROR StatusLogger Reconfiguration failed: No configuration found for 'Default' at 'null' in 'null'
[2025-06-21T15:25:46.776-0300] {subprocess.py:93} INFO - 25/06/21 15:25:46 WARN Utils: Your hostname, YanArcanjo resolves to a loopback address: 127.0.1.1; using 10.255.255.254 instead (on interface lo)
[2025-06-21T15:25:46.786-0300] {subprocess.py:93} INFO - 25/06/21 15:25:46 WARN Utils: Set SPARK_LOCAL_IP if you need to bind to another address
[2025-06-21T15:25:47.405-0300] {subprocess.py:93} INFO - :: loading settings :: url = jar:file:/mnt/c/Users/arcan/Documents/airflow/.venv/lib/python3.10/site-packages/pyspark/jars/ivy-2.5.1.jar!/org/apache/ivy/core/settings/ivysettings.xml
[2025-06-21T15:25:47.576-0300] {subprocess.py:93} INFO - Ivy Default Cache set to: /home/yanarcanjo/.ivy2/cache
[2025-06-21T15:25:47.577-0300] {subprocess.py:93} INFO - The jars for the packages stored in: /home/yanarcanjo/.ivy2/jars
[2025-06-21T15:25:47.590-0300] {subprocess.py:93} INFO - io.delta#delta-core_2.12 added as a dependency
[2025-06-21T15:25:47.592-0300] {subprocess.py:93} INFO - :: resolving dependencies :: org.apache.spark#spark-submit-parent-3eb8de0f-d6c1-4f0f-b8a2-d2d9bb3b352c;1.0
[2025-06-21T15:25:47.593-0300] {subprocess.py:93} INFO - 	confs: [default]
[2025-06-21T15:25:47.814-0300] {subprocess.py:93} INFO - 	found io.delta#delta-core_2.12;2.4.0 in central
[2025-06-21T15:25:47.851-0300] {subprocess.py:93} INFO - 	found io.delta#delta-storage;2.4.0 in central
[2025-06-21T15:25:47.885-0300] {subprocess.py:93} INFO - 	found org.antlr#antlr4-runtime;4.9.3 in central
[2025-06-21T15:25:47.922-0300] {subprocess.py:93} INFO - :: resolution report :: resolve 319ms :: artifacts dl 10ms
[2025-06-21T15:25:47.923-0300] {subprocess.py:93} INFO - 	:: modules in use:
[2025-06-21T15:25:47.924-0300] {subprocess.py:93} INFO - 	io.delta#delta-core_2.12;2.4.0 from central in [default]
[2025-06-21T15:25:47.924-0300] {subprocess.py:93} INFO - 	io.delta#delta-storage;2.4.0 from central in [default]
[2025-06-21T15:25:47.925-0300] {subprocess.py:93} INFO - 	org.antlr#antlr4-runtime;4.9.3 from central in [default]
[2025-06-21T15:25:47.926-0300] {subprocess.py:93} INFO - 	---------------------------------------------------------------------
[2025-06-21T15:25:47.928-0300] {subprocess.py:93} INFO - 	|                  |            modules            ||   artifacts   |
[2025-06-21T15:25:47.930-0300] {subprocess.py:93} INFO - 	|       conf       | number| search|dwnlded|evicted|| number|dwnlded|
[2025-06-21T15:25:47.931-0300] {subprocess.py:93} INFO - 	---------------------------------------------------------------------
[2025-06-21T15:25:47.932-0300] {subprocess.py:93} INFO - 	|      default     |   3   |   0   |   0   |   0   ||   3   |   0   |
[2025-06-21T15:25:47.932-0300] {subprocess.py:93} INFO - 	---------------------------------------------------------------------
[2025-06-21T15:25:47.933-0300] {subprocess.py:93} INFO - :: retrieving :: org.apache.spark#spark-submit-parent-3eb8de0f-d6c1-4f0f-b8a2-d2d9bb3b352c
[2025-06-21T15:25:47.933-0300] {subprocess.py:93} INFO - 	confs: [default]
[2025-06-21T15:25:47.944-0300] {subprocess.py:93} INFO - 	0 artifacts copied, 3 already retrieved (0kB/10ms)
[2025-06-21T15:25:48.524-0300] {subprocess.py:93} INFO - 25/06/21 15:25:48 WARN NativeCodeLoader: Unable to load native-hadoop library for your platform... using builtin-java classes where applicable
[2025-06-21T15:25:49.230-0300] {subprocess.py:93} INFO - python3: can't open file '/mnt/c/Users/arcan/Documents/airflow/src/jobs/1-silver/coingecko/coingecko.py': [Errno 2] No such file or directory
[2025-06-21T15:25:49.252-0300] {subprocess.py:93} INFO - 25/06/21 15:25:49 INFO ShutdownHookManager: Shutdown hook called
[2025-06-21T15:25:49.253-0300] {subprocess.py:93} INFO - 25/06/21 15:25:49 INFO ShutdownHookManager: Deleting directory /tmp/spark-84b6ec46-fb2d-4906-87c6-ea272282586a
[2025-06-21T15:25:49.382-0300] {subprocess.py:97} INFO - Command exited with return code 2
[2025-06-21T15:25:49.405-0300] {taskinstance.py:1937} ERROR - Task failed with exception
Traceback (most recent call last):
  File "/mnt/c/Users/arcan/Documents/airflow/.venv/lib/python3.10/site-packages/airflow/operators/bash.py", line 210, in execute
    raise AirflowException(
airflow.exceptions.AirflowException: Bash command failed. The command returned a non-zero exit code 2.
[2025-06-21T15:25:49.424-0300] {taskinstance.py:1400} INFO - Marking task as UP_FOR_RETRY. dag_id=PIPELINE_COINGECKO, task_id=run_silver_script, execution_date=20250621T182314, start_date=20250621T182541, end_date=20250621T182549
[2025-06-21T15:25:49.477-0300] {standard_task_runner.py:104} ERROR - Failed to execute job 37 for task run_silver_script (Bash command failed. The command returned a non-zero exit code 2.; 77251)
[2025-06-21T15:25:49.501-0300] {local_task_job_runner.py:228} INFO - Task exited with return code 1
[2025-06-21T15:25:49.545-0300] {taskinstance.py:2778} INFO - 0 downstream tasks scheduled from follow-on schedule check
