[2025-06-12T23:01:56.378-0300] {processor.py:157} INFO - Started process (PID=37698) to work on /mnt/c/Users/arcan/Documents/airflow/.venv/lib/python3.10/site-packages/airflow/example_dags/plugins/event_listener.py
[2025-06-12T23:01:56.379-0300] {processor.py:829} INFO - Processing file /mnt/c/Users/arcan/Documents/airflow/.venv/lib/python3.10/site-packages/airflow/example_dags/plugins/event_listener.py for tasks to queue
[2025-06-12T23:01:56.381-0300] {logging_mixin.py:154} INFO - [2025-06-12T23:01:56.380-0300] {dagbag.py:536} INFO - Filling up the DagBag from /mnt/c/Users/arcan/Documents/airflow/.venv/lib/python3.10/site-packages/airflow/example_dags/plugins/event_listener.py
[2025-06-12T23:01:56.410-0300] {processor.py:841} WARNING - No viable dags retrieved from /mnt/c/Users/arcan/Documents/airflow/.venv/lib/python3.10/site-packages/airflow/example_dags/plugins/event_listener.py
[2025-06-12T23:01:56.441-0300] {processor.py:179} INFO - Processing /mnt/c/Users/arcan/Documents/airflow/.venv/lib/python3.10/site-packages/airflow/example_dags/plugins/event_listener.py took 0.066 seconds
[2025-06-12T23:04:13.404-0300] {processor.py:157} INFO - Started process (PID=38026) to work on /mnt/c/Users/arcan/Documents/airflow/.venv/lib/python3.10/site-packages/airflow/example_dags/plugins/event_listener.py
[2025-06-12T23:04:13.406-0300] {processor.py:829} INFO - Processing file /mnt/c/Users/arcan/Documents/airflow/.venv/lib/python3.10/site-packages/airflow/example_dags/plugins/event_listener.py for tasks to queue
[2025-06-12T23:04:13.407-0300] {logging_mixin.py:154} INFO - [2025-06-12T23:04:13.407-0300] {dagbag.py:536} INFO - Filling up the DagBag from /mnt/c/Users/arcan/Documents/airflow/.venv/lib/python3.10/site-packages/airflow/example_dags/plugins/event_listener.py
[2025-06-12T23:04:13.442-0300] {processor.py:841} WARNING - No viable dags retrieved from /mnt/c/Users/arcan/Documents/airflow/.venv/lib/python3.10/site-packages/airflow/example_dags/plugins/event_listener.py
[2025-06-12T23:04:13.470-0300] {processor.py:179} INFO - Processing /mnt/c/Users/arcan/Documents/airflow/.venv/lib/python3.10/site-packages/airflow/example_dags/plugins/event_listener.py took 0.070 seconds
[2025-06-12T23:04:59.692-0300] {processor.py:157} INFO - Started process (PID=38160) to work on /mnt/c/Users/arcan/Documents/airflow/.venv/lib/python3.10/site-packages/airflow/example_dags/plugins/event_listener.py
[2025-06-12T23:04:59.694-0300] {processor.py:829} INFO - Processing file /mnt/c/Users/arcan/Documents/airflow/.venv/lib/python3.10/site-packages/airflow/example_dags/plugins/event_listener.py for tasks to queue
[2025-06-12T23:04:59.695-0300] {logging_mixin.py:154} INFO - [2025-06-12T23:04:59.695-0300] {dagbag.py:536} INFO - Filling up the DagBag from /mnt/c/Users/arcan/Documents/airflow/.venv/lib/python3.10/site-packages/airflow/example_dags/plugins/event_listener.py
[2025-06-12T23:04:59.727-0300] {processor.py:841} WARNING - No viable dags retrieved from /mnt/c/Users/arcan/Documents/airflow/.venv/lib/python3.10/site-packages/airflow/example_dags/plugins/event_listener.py
[2025-06-12T23:04:59.756-0300] {processor.py:179} INFO - Processing /mnt/c/Users/arcan/Documents/airflow/.venv/lib/python3.10/site-packages/airflow/example_dags/plugins/event_listener.py took 0.068 seconds
[2025-06-12T23:07:44.220-0300] {processor.py:157} INFO - Started process (PID=38565) to work on /mnt/c/Users/arcan/Documents/airflow/.venv/lib/python3.10/site-packages/airflow/example_dags/plugins/event_listener.py
[2025-06-12T23:07:44.222-0300] {processor.py:829} INFO - Processing file /mnt/c/Users/arcan/Documents/airflow/.venv/lib/python3.10/site-packages/airflow/example_dags/plugins/event_listener.py for tasks to queue
[2025-06-12T23:07:44.223-0300] {logging_mixin.py:154} INFO - [2025-06-12T23:07:44.223-0300] {dagbag.py:536} INFO - Filling up the DagBag from /mnt/c/Users/arcan/Documents/airflow/.venv/lib/python3.10/site-packages/airflow/example_dags/plugins/event_listener.py
[2025-06-12T23:07:44.253-0300] {processor.py:841} WARNING - No viable dags retrieved from /mnt/c/Users/arcan/Documents/airflow/.venv/lib/python3.10/site-packages/airflow/example_dags/plugins/event_listener.py
[2025-06-12T23:07:44.282-0300] {processor.py:179} INFO - Processing /mnt/c/Users/arcan/Documents/airflow/.venv/lib/python3.10/site-packages/airflow/example_dags/plugins/event_listener.py took 0.065 seconds
[2025-06-12T23:11:12.367-0300] {processor.py:157} INFO - Started process (PID=39203) to work on /mnt/c/Users/arcan/Documents/airflow/.venv/lib/python3.10/site-packages/airflow/example_dags/plugins/event_listener.py
[2025-06-12T23:11:12.369-0300] {processor.py:829} INFO - Processing file /mnt/c/Users/arcan/Documents/airflow/.venv/lib/python3.10/site-packages/airflow/example_dags/plugins/event_listener.py for tasks to queue
[2025-06-12T23:11:12.371-0300] {logging_mixin.py:154} INFO - [2025-06-12T23:11:12.370-0300] {dagbag.py:536} INFO - Filling up the DagBag from /mnt/c/Users/arcan/Documents/airflow/.venv/lib/python3.10/site-packages/airflow/example_dags/plugins/event_listener.py
[2025-06-12T23:11:12.405-0300] {processor.py:841} WARNING - No viable dags retrieved from /mnt/c/Users/arcan/Documents/airflow/.venv/lib/python3.10/site-packages/airflow/example_dags/plugins/event_listener.py
[2025-06-12T23:11:12.433-0300] {processor.py:179} INFO - Processing /mnt/c/Users/arcan/Documents/airflow/.venv/lib/python3.10/site-packages/airflow/example_dags/plugins/event_listener.py took 0.070 seconds
[2025-06-12T23:12:17.602-0300] {processor.py:157} INFO - Started process (PID=39405) to work on /mnt/c/Users/arcan/Documents/airflow/.venv/lib/python3.10/site-packages/airflow/example_dags/plugins/event_listener.py
[2025-06-12T23:12:17.604-0300] {processor.py:829} INFO - Processing file /mnt/c/Users/arcan/Documents/airflow/.venv/lib/python3.10/site-packages/airflow/example_dags/plugins/event_listener.py for tasks to queue
[2025-06-12T23:12:17.606-0300] {logging_mixin.py:154} INFO - [2025-06-12T23:12:17.605-0300] {dagbag.py:536} INFO - Filling up the DagBag from /mnt/c/Users/arcan/Documents/airflow/.venv/lib/python3.10/site-packages/airflow/example_dags/plugins/event_listener.py
[2025-06-12T23:12:17.635-0300] {processor.py:841} WARNING - No viable dags retrieved from /mnt/c/Users/arcan/Documents/airflow/.venv/lib/python3.10/site-packages/airflow/example_dags/plugins/event_listener.py
[2025-06-12T23:12:17.663-0300] {processor.py:179} INFO - Processing /mnt/c/Users/arcan/Documents/airflow/.venv/lib/python3.10/site-packages/airflow/example_dags/plugins/event_listener.py took 0.065 seconds
[2025-06-12T23:16:00.729-0300] {processor.py:157} INFO - Started process (PID=40572) to work on /mnt/c/Users/arcan/Documents/airflow/.venv/lib/python3.10/site-packages/airflow/example_dags/plugins/event_listener.py
[2025-06-12T23:16:00.740-0300] {processor.py:829} INFO - Processing file /mnt/c/Users/arcan/Documents/airflow/.venv/lib/python3.10/site-packages/airflow/example_dags/plugins/event_listener.py for tasks to queue
[2025-06-12T23:16:00.743-0300] {logging_mixin.py:154} INFO - [2025-06-12T23:16:00.742-0300] {dagbag.py:536} INFO - Filling up the DagBag from /mnt/c/Users/arcan/Documents/airflow/.venv/lib/python3.10/site-packages/airflow/example_dags/plugins/event_listener.py
[2025-06-12T23:16:00.784-0300] {processor.py:841} WARNING - No viable dags retrieved from /mnt/c/Users/arcan/Documents/airflow/.venv/lib/python3.10/site-packages/airflow/example_dags/plugins/event_listener.py
[2025-06-12T23:16:00.847-0300] {processor.py:179} INFO - Processing /mnt/c/Users/arcan/Documents/airflow/.venv/lib/python3.10/site-packages/airflow/example_dags/plugins/event_listener.py took 0.129 seconds
[2025-06-12T23:17:04.805-0300] {processor.py:157} INFO - Started process (PID=40885) to work on /mnt/c/Users/arcan/Documents/airflow/.venv/lib/python3.10/site-packages/airflow/example_dags/plugins/event_listener.py
[2025-06-12T23:17:04.807-0300] {processor.py:829} INFO - Processing file /mnt/c/Users/arcan/Documents/airflow/.venv/lib/python3.10/site-packages/airflow/example_dags/plugins/event_listener.py for tasks to queue
[2025-06-12T23:17:04.808-0300] {logging_mixin.py:154} INFO - [2025-06-12T23:17:04.808-0300] {dagbag.py:536} INFO - Filling up the DagBag from /mnt/c/Users/arcan/Documents/airflow/.venv/lib/python3.10/site-packages/airflow/example_dags/plugins/event_listener.py
[2025-06-12T23:17:04.839-0300] {processor.py:841} WARNING - No viable dags retrieved from /mnt/c/Users/arcan/Documents/airflow/.venv/lib/python3.10/site-packages/airflow/example_dags/plugins/event_listener.py
[2025-06-12T23:17:04.871-0300] {processor.py:179} INFO - Processing /mnt/c/Users/arcan/Documents/airflow/.venv/lib/python3.10/site-packages/airflow/example_dags/plugins/event_listener.py took 0.071 seconds
[2025-06-12T23:19:35.319-0300] {processor.py:157} INFO - Started process (PID=41571) to work on /mnt/c/Users/arcan/Documents/airflow/.venv/lib/python3.10/site-packages/airflow/example_dags/plugins/event_listener.py
[2025-06-12T23:19:35.320-0300] {processor.py:829} INFO - Processing file /mnt/c/Users/arcan/Documents/airflow/.venv/lib/python3.10/site-packages/airflow/example_dags/plugins/event_listener.py for tasks to queue
[2025-06-12T23:19:35.322-0300] {logging_mixin.py:154} INFO - [2025-06-12T23:19:35.321-0300] {dagbag.py:536} INFO - Filling up the DagBag from /mnt/c/Users/arcan/Documents/airflow/.venv/lib/python3.10/site-packages/airflow/example_dags/plugins/event_listener.py
[2025-06-12T23:19:35.351-0300] {processor.py:841} WARNING - No viable dags retrieved from /mnt/c/Users/arcan/Documents/airflow/.venv/lib/python3.10/site-packages/airflow/example_dags/plugins/event_listener.py
[2025-06-12T23:19:35.379-0300] {processor.py:179} INFO - Processing /mnt/c/Users/arcan/Documents/airflow/.venv/lib/python3.10/site-packages/airflow/example_dags/plugins/event_listener.py took 0.064 seconds
