[2025-06-16T10:52:11.148-0300] {processor.py:157} INFO - Started process (PID=43078) to work on /mnt/c/Users/arcan/Documents/airflow/.venv/lib/python3.10/site-packages/airflow/example_dags/example_dag_decorator.py
[2025-06-16T10:52:11.150-0300] {processor.py:829} INFO - Processing file /mnt/c/Users/arcan/Documents/airflow/.venv/lib/python3.10/site-packages/airflow/example_dags/example_dag_decorator.py for tasks to queue
[2025-06-16T10:52:11.152-0300] {logging_mixin.py:154} INFO - [2025-06-16T10:52:11.152-0300] {dagbag.py:536} INFO - Filling up the DagBag from /mnt/c/Users/arcan/Documents/airflow/.venv/lib/python3.10/site-packages/airflow/example_dags/example_dag_decorator.py
[2025-06-16T10:52:11.668-0300] {processor.py:839} INFO - DAG(s) dict_keys(['example_dag_decorator']) retrieved from /mnt/c/Users/arcan/Documents/airflow/.venv/lib/python3.10/site-packages/airflow/example_dags/example_dag_decorator.py
[2025-06-16T10:52:13.240-0300] {logging_mixin.py:154} INFO - [2025-06-16T10:52:13.240-0300] {dag.py:2941} INFO - Sync 1 DAGs
[2025-06-16T10:52:13.253-0300] {logging_mixin.py:154} INFO - [2025-06-16T10:52:13.253-0300] {dag.py:3722} INFO - Setting next_dagrun for example_dag_decorator to None, run_after=None
[2025-06-16T10:52:13.343-0300] {processor.py:179} INFO - Processing /mnt/c/Users/arcan/Documents/airflow/.venv/lib/python3.10/site-packages/airflow/example_dags/example_dag_decorator.py took 2.198 seconds
[2025-06-16T10:53:15.076-0300] {processor.py:157} INFO - Started process (PID=43265) to work on /mnt/c/Users/arcan/Documents/airflow/.venv/lib/python3.10/site-packages/airflow/example_dags/example_dag_decorator.py
[2025-06-16T10:53:15.078-0300] {processor.py:829} INFO - Processing file /mnt/c/Users/arcan/Documents/airflow/.venv/lib/python3.10/site-packages/airflow/example_dags/example_dag_decorator.py for tasks to queue
[2025-06-16T10:53:15.079-0300] {logging_mixin.py:154} INFO - [2025-06-16T10:53:15.079-0300] {dagbag.py:536} INFO - Filling up the DagBag from /mnt/c/Users/arcan/Documents/airflow/.venv/lib/python3.10/site-packages/airflow/example_dags/example_dag_decorator.py
[2025-06-16T10:53:15.639-0300] {processor.py:839} INFO - DAG(s) dict_keys(['example_dag_decorator']) retrieved from /mnt/c/Users/arcan/Documents/airflow/.venv/lib/python3.10/site-packages/airflow/example_dags/example_dag_decorator.py
[2025-06-16T10:53:17.301-0300] {logging_mixin.py:154} INFO - [2025-06-16T10:53:17.301-0300] {dag.py:2941} INFO - Sync 1 DAGs
[2025-06-16T10:53:17.316-0300] {logging_mixin.py:154} INFO - [2025-06-16T10:53:17.316-0300] {dag.py:3722} INFO - Setting next_dagrun for example_dag_decorator to None, run_after=None
[2025-06-16T10:53:17.413-0300] {processor.py:179} INFO - Processing /mnt/c/Users/arcan/Documents/airflow/.venv/lib/python3.10/site-packages/airflow/example_dags/example_dag_decorator.py took 2.341 seconds
[2025-06-16T10:54:20.560-0300] {processor.py:157} INFO - Started process (PID=43450) to work on /mnt/c/Users/arcan/Documents/airflow/.venv/lib/python3.10/site-packages/airflow/example_dags/example_dag_decorator.py
[2025-06-16T10:54:20.563-0300] {processor.py:829} INFO - Processing file /mnt/c/Users/arcan/Documents/airflow/.venv/lib/python3.10/site-packages/airflow/example_dags/example_dag_decorator.py for tasks to queue
[2025-06-16T10:54:20.565-0300] {logging_mixin.py:154} INFO - [2025-06-16T10:54:20.564-0300] {dagbag.py:536} INFO - Filling up the DagBag from /mnt/c/Users/arcan/Documents/airflow/.venv/lib/python3.10/site-packages/airflow/example_dags/example_dag_decorator.py
[2025-06-16T10:54:21.116-0300] {processor.py:839} INFO - DAG(s) dict_keys(['example_dag_decorator']) retrieved from /mnt/c/Users/arcan/Documents/airflow/.venv/lib/python3.10/site-packages/airflow/example_dags/example_dag_decorator.py
[2025-06-16T10:54:22.773-0300] {logging_mixin.py:154} INFO - [2025-06-16T10:54:22.772-0300] {dag.py:2941} INFO - Sync 1 DAGs
[2025-06-16T10:54:22.788-0300] {logging_mixin.py:154} INFO - [2025-06-16T10:54:22.787-0300] {dag.py:3722} INFO - Setting next_dagrun for example_dag_decorator to None, run_after=None
[2025-06-16T10:54:22.881-0300] {processor.py:179} INFO - Processing /mnt/c/Users/arcan/Documents/airflow/.venv/lib/python3.10/site-packages/airflow/example_dags/example_dag_decorator.py took 2.327 seconds
[2025-06-16T10:55:23.784-0300] {processor.py:157} INFO - Started process (PID=43627) to work on /mnt/c/Users/arcan/Documents/airflow/.venv/lib/python3.10/site-packages/airflow/example_dags/example_dag_decorator.py
[2025-06-16T10:55:23.786-0300] {processor.py:829} INFO - Processing file /mnt/c/Users/arcan/Documents/airflow/.venv/lib/python3.10/site-packages/airflow/example_dags/example_dag_decorator.py for tasks to queue
[2025-06-16T10:55:23.788-0300] {logging_mixin.py:154} INFO - [2025-06-16T10:55:23.787-0300] {dagbag.py:536} INFO - Filling up the DagBag from /mnt/c/Users/arcan/Documents/airflow/.venv/lib/python3.10/site-packages/airflow/example_dags/example_dag_decorator.py
[2025-06-16T10:55:24.288-0300] {processor.py:839} INFO - DAG(s) dict_keys(['example_dag_decorator']) retrieved from /mnt/c/Users/arcan/Documents/airflow/.venv/lib/python3.10/site-packages/airflow/example_dags/example_dag_decorator.py
[2025-06-16T10:55:25.776-0300] {logging_mixin.py:154} INFO - [2025-06-16T10:55:25.776-0300] {dag.py:2941} INFO - Sync 1 DAGs
[2025-06-16T10:55:25.794-0300] {logging_mixin.py:154} INFO - [2025-06-16T10:55:25.794-0300] {dag.py:3722} INFO - Setting next_dagrun for example_dag_decorator to None, run_after=None
[2025-06-16T10:55:25.887-0300] {processor.py:179} INFO - Processing /mnt/c/Users/arcan/Documents/airflow/.venv/lib/python3.10/site-packages/airflow/example_dags/example_dag_decorator.py took 2.108 seconds
[2025-06-16T10:56:26.779-0300] {processor.py:157} INFO - Started process (PID=43805) to work on /mnt/c/Users/arcan/Documents/airflow/.venv/lib/python3.10/site-packages/airflow/example_dags/example_dag_decorator.py
[2025-06-16T10:56:26.781-0300] {processor.py:829} INFO - Processing file /mnt/c/Users/arcan/Documents/airflow/.venv/lib/python3.10/site-packages/airflow/example_dags/example_dag_decorator.py for tasks to queue
[2025-06-16T10:56:26.782-0300] {logging_mixin.py:154} INFO - [2025-06-16T10:56:26.782-0300] {dagbag.py:536} INFO - Filling up the DagBag from /mnt/c/Users/arcan/Documents/airflow/.venv/lib/python3.10/site-packages/airflow/example_dags/example_dag_decorator.py
[2025-06-16T10:56:27.250-0300] {processor.py:839} INFO - DAG(s) dict_keys(['example_dag_decorator']) retrieved from /mnt/c/Users/arcan/Documents/airflow/.venv/lib/python3.10/site-packages/airflow/example_dags/example_dag_decorator.py
[2025-06-16T10:56:28.828-0300] {logging_mixin.py:154} INFO - [2025-06-16T10:56:28.828-0300] {dag.py:2941} INFO - Sync 1 DAGs
[2025-06-16T10:56:28.843-0300] {logging_mixin.py:154} INFO - [2025-06-16T10:56:28.843-0300] {dag.py:3722} INFO - Setting next_dagrun for example_dag_decorator to None, run_after=None
[2025-06-16T10:56:28.929-0300] {processor.py:179} INFO - Processing /mnt/c/Users/arcan/Documents/airflow/.venv/lib/python3.10/site-packages/airflow/example_dags/example_dag_decorator.py took 2.154 seconds
[2025-06-16T10:57:34.325-0300] {processor.py:157} INFO - Started process (PID=43999) to work on /mnt/c/Users/arcan/Documents/airflow/.venv/lib/python3.10/site-packages/airflow/example_dags/example_dag_decorator.py
[2025-06-16T10:57:34.327-0300] {processor.py:829} INFO - Processing file /mnt/c/Users/arcan/Documents/airflow/.venv/lib/python3.10/site-packages/airflow/example_dags/example_dag_decorator.py for tasks to queue
[2025-06-16T10:57:34.328-0300] {logging_mixin.py:154} INFO - [2025-06-16T10:57:34.328-0300] {dagbag.py:536} INFO - Filling up the DagBag from /mnt/c/Users/arcan/Documents/airflow/.venv/lib/python3.10/site-packages/airflow/example_dags/example_dag_decorator.py
[2025-06-16T10:57:34.903-0300] {processor.py:839} INFO - DAG(s) dict_keys(['example_dag_decorator']) retrieved from /mnt/c/Users/arcan/Documents/airflow/.venv/lib/python3.10/site-packages/airflow/example_dags/example_dag_decorator.py
[2025-06-16T10:57:36.943-0300] {logging_mixin.py:154} INFO - [2025-06-16T10:57:36.943-0300] {dag.py:2941} INFO - Sync 1 DAGs
[2025-06-16T10:57:36.958-0300] {logging_mixin.py:154} INFO - [2025-06-16T10:57:36.958-0300] {dag.py:3722} INFO - Setting next_dagrun for example_dag_decorator to None, run_after=None
[2025-06-16T10:57:37.055-0300] {processor.py:179} INFO - Processing /mnt/c/Users/arcan/Documents/airflow/.venv/lib/python3.10/site-packages/airflow/example_dags/example_dag_decorator.py took 2.735 seconds
[2025-06-16T10:58:49.514-0300] {processor.py:157} INFO - Started process (PID=44326) to work on /mnt/c/Users/arcan/Documents/airflow/.venv/lib/python3.10/site-packages/airflow/example_dags/example_dag_decorator.py
[2025-06-16T10:58:49.518-0300] {processor.py:829} INFO - Processing file /mnt/c/Users/arcan/Documents/airflow/.venv/lib/python3.10/site-packages/airflow/example_dags/example_dag_decorator.py for tasks to queue
[2025-06-16T10:58:49.520-0300] {logging_mixin.py:154} INFO - [2025-06-16T10:58:49.519-0300] {dagbag.py:536} INFO - Filling up the DagBag from /mnt/c/Users/arcan/Documents/airflow/.venv/lib/python3.10/site-packages/airflow/example_dags/example_dag_decorator.py
[2025-06-16T10:58:50.485-0300] {processor.py:839} INFO - DAG(s) dict_keys(['example_dag_decorator']) retrieved from /mnt/c/Users/arcan/Documents/airflow/.venv/lib/python3.10/site-packages/airflow/example_dags/example_dag_decorator.py
[2025-06-16T10:58:53.077-0300] {logging_mixin.py:154} INFO - [2025-06-16T10:58:53.076-0300] {dag.py:2941} INFO - Sync 1 DAGs
[2025-06-16T10:58:53.091-0300] {logging_mixin.py:154} INFO - [2025-06-16T10:58:53.091-0300] {dag.py:3722} INFO - Setting next_dagrun for example_dag_decorator to None, run_after=None
[2025-06-16T10:58:53.178-0300] {processor.py:179} INFO - Processing /mnt/c/Users/arcan/Documents/airflow/.venv/lib/python3.10/site-packages/airflow/example_dags/example_dag_decorator.py took 3.671 seconds
[2025-06-16T10:59:57.787-0300] {processor.py:157} INFO - Started process (PID=44523) to work on /mnt/c/Users/arcan/Documents/airflow/.venv/lib/python3.10/site-packages/airflow/example_dags/example_dag_decorator.py
[2025-06-16T10:59:57.789-0300] {processor.py:829} INFO - Processing file /mnt/c/Users/arcan/Documents/airflow/.venv/lib/python3.10/site-packages/airflow/example_dags/example_dag_decorator.py for tasks to queue
[2025-06-16T10:59:57.791-0300] {logging_mixin.py:154} INFO - [2025-06-16T10:59:57.790-0300] {dagbag.py:536} INFO - Filling up the DagBag from /mnt/c/Users/arcan/Documents/airflow/.venv/lib/python3.10/site-packages/airflow/example_dags/example_dag_decorator.py
[2025-06-16T10:59:58.353-0300] {processor.py:839} INFO - DAG(s) dict_keys(['example_dag_decorator']) retrieved from /mnt/c/Users/arcan/Documents/airflow/.venv/lib/python3.10/site-packages/airflow/example_dags/example_dag_decorator.py
[2025-06-16T11:00:00.103-0300] {logging_mixin.py:154} INFO - [2025-06-16T11:00:00.103-0300] {dag.py:2941} INFO - Sync 1 DAGs
[2025-06-16T11:00:00.118-0300] {logging_mixin.py:154} INFO - [2025-06-16T11:00:00.118-0300] {dag.py:3722} INFO - Setting next_dagrun for example_dag_decorator to None, run_after=None
[2025-06-16T11:00:00.210-0300] {processor.py:179} INFO - Processing /mnt/c/Users/arcan/Documents/airflow/.venv/lib/python3.10/site-packages/airflow/example_dags/example_dag_decorator.py took 2.427 seconds
[2025-06-16T11:01:10.637-0300] {processor.py:157} INFO - Started process (PID=44735) to work on /mnt/c/Users/arcan/Documents/airflow/.venv/lib/python3.10/site-packages/airflow/example_dags/example_dag_decorator.py
[2025-06-16T11:01:10.639-0300] {processor.py:829} INFO - Processing file /mnt/c/Users/arcan/Documents/airflow/.venv/lib/python3.10/site-packages/airflow/example_dags/example_dag_decorator.py for tasks to queue
[2025-06-16T11:01:10.641-0300] {logging_mixin.py:154} INFO - [2025-06-16T11:01:10.640-0300] {dagbag.py:536} INFO - Filling up the DagBag from /mnt/c/Users/arcan/Documents/airflow/.venv/lib/python3.10/site-packages/airflow/example_dags/example_dag_decorator.py
[2025-06-16T11:01:11.219-0300] {processor.py:839} INFO - DAG(s) dict_keys(['example_dag_decorator']) retrieved from /mnt/c/Users/arcan/Documents/airflow/.venv/lib/python3.10/site-packages/airflow/example_dags/example_dag_decorator.py
[2025-06-16T11:01:12.949-0300] {logging_mixin.py:154} INFO - [2025-06-16T11:01:12.949-0300] {dag.py:2941} INFO - Sync 1 DAGs
[2025-06-16T11:01:12.965-0300] {logging_mixin.py:154} INFO - [2025-06-16T11:01:12.965-0300] {dag.py:3722} INFO - Setting next_dagrun for example_dag_decorator to None, run_after=None
[2025-06-16T11:01:13.057-0300] {processor.py:179} INFO - Processing /mnt/c/Users/arcan/Documents/airflow/.venv/lib/python3.10/site-packages/airflow/example_dags/example_dag_decorator.py took 2.425 seconds
[2025-06-16T11:02:20.043-0300] {processor.py:157} INFO - Started process (PID=44933) to work on /mnt/c/Users/arcan/Documents/airflow/.venv/lib/python3.10/site-packages/airflow/example_dags/example_dag_decorator.py
[2025-06-16T11:02:20.045-0300] {processor.py:829} INFO - Processing file /mnt/c/Users/arcan/Documents/airflow/.venv/lib/python3.10/site-packages/airflow/example_dags/example_dag_decorator.py for tasks to queue
[2025-06-16T11:02:20.047-0300] {logging_mixin.py:154} INFO - [2025-06-16T11:02:20.046-0300] {dagbag.py:536} INFO - Filling up the DagBag from /mnt/c/Users/arcan/Documents/airflow/.venv/lib/python3.10/site-packages/airflow/example_dags/example_dag_decorator.py
[2025-06-16T11:02:20.575-0300] {processor.py:839} INFO - DAG(s) dict_keys(['example_dag_decorator']) retrieved from /mnt/c/Users/arcan/Documents/airflow/.venv/lib/python3.10/site-packages/airflow/example_dags/example_dag_decorator.py
[2025-06-16T11:02:20.615-0300] {logging_mixin.py:154} INFO - [2025-06-16T11:02:20.614-0300] {dag.py:2941} INFO - Sync 1 DAGs
[2025-06-16T11:02:20.634-0300] {logging_mixin.py:154} INFO - [2025-06-16T11:02:20.634-0300] {dag.py:3722} INFO - Setting next_dagrun for example_dag_decorator to None, run_after=None
[2025-06-16T11:02:20.720-0300] {processor.py:179} INFO - Processing /mnt/c/Users/arcan/Documents/airflow/.venv/lib/python3.10/site-packages/airflow/example_dags/example_dag_decorator.py took 0.681 seconds
[2025-06-16T11:03:18.575-0300] {processor.py:157} INFO - Started process (PID=45102) to work on /mnt/c/Users/arcan/Documents/airflow/.venv/lib/python3.10/site-packages/airflow/example_dags/example_dag_decorator.py
[2025-06-16T11:03:18.576-0300] {processor.py:829} INFO - Processing file /mnt/c/Users/arcan/Documents/airflow/.venv/lib/python3.10/site-packages/airflow/example_dags/example_dag_decorator.py for tasks to queue
[2025-06-16T11:03:18.578-0300] {logging_mixin.py:154} INFO - [2025-06-16T11:03:18.577-0300] {dagbag.py:536} INFO - Filling up the DagBag from /mnt/c/Users/arcan/Documents/airflow/.venv/lib/python3.10/site-packages/airflow/example_dags/example_dag_decorator.py
[2025-06-16T11:03:19.108-0300] {processor.py:839} INFO - DAG(s) dict_keys(['example_dag_decorator']) retrieved from /mnt/c/Users/arcan/Documents/airflow/.venv/lib/python3.10/site-packages/airflow/example_dags/example_dag_decorator.py
[2025-06-16T11:03:20.900-0300] {logging_mixin.py:154} INFO - [2025-06-16T11:03:20.900-0300] {dag.py:2941} INFO - Sync 1 DAGs
[2025-06-16T11:03:20.914-0300] {logging_mixin.py:154} INFO - [2025-06-16T11:03:20.914-0300] {dag.py:3722} INFO - Setting next_dagrun for example_dag_decorator to None, run_after=None
[2025-06-16T11:03:21.011-0300] {processor.py:179} INFO - Processing /mnt/c/Users/arcan/Documents/airflow/.venv/lib/python3.10/site-packages/airflow/example_dags/example_dag_decorator.py took 2.441 seconds
[2025-06-16T11:04:20.387-0300] {processor.py:157} INFO - Started process (PID=45287) to work on /mnt/c/Users/arcan/Documents/airflow/.venv/lib/python3.10/site-packages/airflow/example_dags/example_dag_decorator.py
[2025-06-16T11:04:20.388-0300] {processor.py:829} INFO - Processing file /mnt/c/Users/arcan/Documents/airflow/.venv/lib/python3.10/site-packages/airflow/example_dags/example_dag_decorator.py for tasks to queue
[2025-06-16T11:04:20.390-0300] {logging_mixin.py:154} INFO - [2025-06-16T11:04:20.389-0300] {dagbag.py:536} INFO - Filling up the DagBag from /mnt/c/Users/arcan/Documents/airflow/.venv/lib/python3.10/site-packages/airflow/example_dags/example_dag_decorator.py
[2025-06-16T11:04:20.909-0300] {processor.py:839} INFO - DAG(s) dict_keys(['example_dag_decorator']) retrieved from /mnt/c/Users/arcan/Documents/airflow/.venv/lib/python3.10/site-packages/airflow/example_dags/example_dag_decorator.py
[2025-06-16T11:04:20.949-0300] {logging_mixin.py:154} INFO - [2025-06-16T11:04:20.949-0300] {dag.py:2941} INFO - Sync 1 DAGs
[2025-06-16T11:04:20.970-0300] {logging_mixin.py:154} INFO - [2025-06-16T11:04:20.970-0300] {dag.py:3722} INFO - Setting next_dagrun for example_dag_decorator to None, run_after=None
[2025-06-16T11:04:21.064-0300] {processor.py:179} INFO - Processing /mnt/c/Users/arcan/Documents/airflow/.venv/lib/python3.10/site-packages/airflow/example_dags/example_dag_decorator.py took 0.682 seconds
[2025-06-16T11:05:20.044-0300] {processor.py:157} INFO - Started process (PID=45464) to work on /mnt/c/Users/arcan/Documents/airflow/.venv/lib/python3.10/site-packages/airflow/example_dags/example_dag_decorator.py
[2025-06-16T11:05:20.046-0300] {processor.py:829} INFO - Processing file /mnt/c/Users/arcan/Documents/airflow/.venv/lib/python3.10/site-packages/airflow/example_dags/example_dag_decorator.py for tasks to queue
[2025-06-16T11:05:20.048-0300] {logging_mixin.py:154} INFO - [2025-06-16T11:05:20.048-0300] {dagbag.py:536} INFO - Filling up the DagBag from /mnt/c/Users/arcan/Documents/airflow/.venv/lib/python3.10/site-packages/airflow/example_dags/example_dag_decorator.py
[2025-06-16T11:05:20.595-0300] {processor.py:839} INFO - DAG(s) dict_keys(['example_dag_decorator']) retrieved from /mnt/c/Users/arcan/Documents/airflow/.venv/lib/python3.10/site-packages/airflow/example_dags/example_dag_decorator.py
[2025-06-16T11:05:22.261-0300] {logging_mixin.py:154} INFO - [2025-06-16T11:05:22.261-0300] {dag.py:2941} INFO - Sync 1 DAGs
[2025-06-16T11:05:22.277-0300] {logging_mixin.py:154} INFO - [2025-06-16T11:05:22.276-0300] {dag.py:3722} INFO - Setting next_dagrun for example_dag_decorator to None, run_after=None
[2025-06-16T11:05:22.370-0300] {processor.py:179} INFO - Processing /mnt/c/Users/arcan/Documents/airflow/.venv/lib/python3.10/site-packages/airflow/example_dags/example_dag_decorator.py took 2.329 seconds
[2025-06-16T11:06:28.281-0300] {processor.py:157} INFO - Started process (PID=45783) to work on /mnt/c/Users/arcan/Documents/airflow/.venv/lib/python3.10/site-packages/airflow/example_dags/example_dag_decorator.py
[2025-06-16T11:06:28.283-0300] {processor.py:829} INFO - Processing file /mnt/c/Users/arcan/Documents/airflow/.venv/lib/python3.10/site-packages/airflow/example_dags/example_dag_decorator.py for tasks to queue
[2025-06-16T11:06:28.285-0300] {logging_mixin.py:154} INFO - [2025-06-16T11:06:28.284-0300] {dagbag.py:536} INFO - Filling up the DagBag from /mnt/c/Users/arcan/Documents/airflow/.venv/lib/python3.10/site-packages/airflow/example_dags/example_dag_decorator.py
[2025-06-16T11:06:28.835-0300] {processor.py:839} INFO - DAG(s) dict_keys(['example_dag_decorator']) retrieved from /mnt/c/Users/arcan/Documents/airflow/.venv/lib/python3.10/site-packages/airflow/example_dags/example_dag_decorator.py
[2025-06-16T11:06:30.537-0300] {logging_mixin.py:154} INFO - [2025-06-16T11:06:30.537-0300] {dag.py:2941} INFO - Sync 1 DAGs
[2025-06-16T11:06:30.551-0300] {logging_mixin.py:154} INFO - [2025-06-16T11:06:30.551-0300] {dag.py:3722} INFO - Setting next_dagrun for example_dag_decorator to None, run_after=None
[2025-06-16T11:06:30.645-0300] {processor.py:179} INFO - Processing /mnt/c/Users/arcan/Documents/airflow/.venv/lib/python3.10/site-packages/airflow/example_dags/example_dag_decorator.py took 2.368 seconds
[2025-06-16T11:07:36.137-0300] {processor.py:157} INFO - Started process (PID=45975) to work on /mnt/c/Users/arcan/Documents/airflow/.venv/lib/python3.10/site-packages/airflow/example_dags/example_dag_decorator.py
[2025-06-16T11:07:36.139-0300] {processor.py:829} INFO - Processing file /mnt/c/Users/arcan/Documents/airflow/.venv/lib/python3.10/site-packages/airflow/example_dags/example_dag_decorator.py for tasks to queue
[2025-06-16T11:07:36.140-0300] {logging_mixin.py:154} INFO - [2025-06-16T11:07:36.140-0300] {dagbag.py:536} INFO - Filling up the DagBag from /mnt/c/Users/arcan/Documents/airflow/.venv/lib/python3.10/site-packages/airflow/example_dags/example_dag_decorator.py
[2025-06-16T11:07:36.705-0300] {processor.py:839} INFO - DAG(s) dict_keys(['example_dag_decorator']) retrieved from /mnt/c/Users/arcan/Documents/airflow/.venv/lib/python3.10/site-packages/airflow/example_dags/example_dag_decorator.py
[2025-06-16T11:07:36.748-0300] {logging_mixin.py:154} INFO - [2025-06-16T11:07:36.748-0300] {dag.py:2941} INFO - Sync 1 DAGs
[2025-06-16T11:07:36.767-0300] {logging_mixin.py:154} INFO - [2025-06-16T11:07:36.767-0300] {dag.py:3722} INFO - Setting next_dagrun for example_dag_decorator to None, run_after=None
[2025-06-16T11:07:36.861-0300] {processor.py:179} INFO - Processing /mnt/c/Users/arcan/Documents/airflow/.venv/lib/python3.10/site-packages/airflow/example_dags/example_dag_decorator.py took 0.730 seconds
[2025-06-16T11:08:36.608-0300] {processor.py:157} INFO - Started process (PID=46154) to work on /mnt/c/Users/arcan/Documents/airflow/.venv/lib/python3.10/site-packages/airflow/example_dags/example_dag_decorator.py
[2025-06-16T11:08:36.610-0300] {processor.py:829} INFO - Processing file /mnt/c/Users/arcan/Documents/airflow/.venv/lib/python3.10/site-packages/airflow/example_dags/example_dag_decorator.py for tasks to queue
[2025-06-16T11:08:36.611-0300] {logging_mixin.py:154} INFO - [2025-06-16T11:08:36.611-0300] {dagbag.py:536} INFO - Filling up the DagBag from /mnt/c/Users/arcan/Documents/airflow/.venv/lib/python3.10/site-packages/airflow/example_dags/example_dag_decorator.py
[2025-06-16T11:08:37.116-0300] {processor.py:839} INFO - DAG(s) dict_keys(['example_dag_decorator']) retrieved from /mnt/c/Users/arcan/Documents/airflow/.venv/lib/python3.10/site-packages/airflow/example_dags/example_dag_decorator.py
[2025-06-16T11:08:37.161-0300] {logging_mixin.py:154} INFO - [2025-06-16T11:08:37.160-0300] {dag.py:2941} INFO - Sync 1 DAGs
[2025-06-16T11:08:37.180-0300] {logging_mixin.py:154} INFO - [2025-06-16T11:08:37.179-0300] {dag.py:3722} INFO - Setting next_dagrun for example_dag_decorator to None, run_after=None
[2025-06-16T11:08:37.269-0300] {processor.py:179} INFO - Processing /mnt/c/Users/arcan/Documents/airflow/.venv/lib/python3.10/site-packages/airflow/example_dags/example_dag_decorator.py took 0.665 seconds
[2025-06-16T11:09:39.530-0300] {processor.py:157} INFO - Started process (PID=46340) to work on /mnt/c/Users/arcan/Documents/airflow/.venv/lib/python3.10/site-packages/airflow/example_dags/example_dag_decorator.py
[2025-06-16T11:09:39.531-0300] {processor.py:829} INFO - Processing file /mnt/c/Users/arcan/Documents/airflow/.venv/lib/python3.10/site-packages/airflow/example_dags/example_dag_decorator.py for tasks to queue
[2025-06-16T11:09:39.533-0300] {logging_mixin.py:154} INFO - [2025-06-16T11:09:39.532-0300] {dagbag.py:536} INFO - Filling up the DagBag from /mnt/c/Users/arcan/Documents/airflow/.venv/lib/python3.10/site-packages/airflow/example_dags/example_dag_decorator.py
[2025-06-16T11:09:40.034-0300] {processor.py:839} INFO - DAG(s) dict_keys(['example_dag_decorator']) retrieved from /mnt/c/Users/arcan/Documents/airflow/.venv/lib/python3.10/site-packages/airflow/example_dags/example_dag_decorator.py
[2025-06-16T11:09:40.076-0300] {logging_mixin.py:154} INFO - [2025-06-16T11:09:40.075-0300] {dag.py:2941} INFO - Sync 1 DAGs
[2025-06-16T11:09:40.094-0300] {logging_mixin.py:154} INFO - [2025-06-16T11:09:40.094-0300] {dag.py:3722} INFO - Setting next_dagrun for example_dag_decorator to None, run_after=None
[2025-06-16T11:09:40.182-0300] {processor.py:179} INFO - Processing /mnt/c/Users/arcan/Documents/airflow/.venv/lib/python3.10/site-packages/airflow/example_dags/example_dag_decorator.py took 0.656 seconds
[2025-06-16T11:10:40.038-0300] {processor.py:157} INFO - Started process (PID=46517) to work on /mnt/c/Users/arcan/Documents/airflow/.venv/lib/python3.10/site-packages/airflow/example_dags/example_dag_decorator.py
[2025-06-16T11:10:40.040-0300] {processor.py:829} INFO - Processing file /mnt/c/Users/arcan/Documents/airflow/.venv/lib/python3.10/site-packages/airflow/example_dags/example_dag_decorator.py for tasks to queue
[2025-06-16T11:10:40.042-0300] {logging_mixin.py:154} INFO - [2025-06-16T11:10:40.041-0300] {dagbag.py:536} INFO - Filling up the DagBag from /mnt/c/Users/arcan/Documents/airflow/.venv/lib/python3.10/site-packages/airflow/example_dags/example_dag_decorator.py
[2025-06-16T11:10:40.543-0300] {processor.py:839} INFO - DAG(s) dict_keys(['example_dag_decorator']) retrieved from /mnt/c/Users/arcan/Documents/airflow/.venv/lib/python3.10/site-packages/airflow/example_dags/example_dag_decorator.py
[2025-06-16T11:10:40.583-0300] {logging_mixin.py:154} INFO - [2025-06-16T11:10:40.583-0300] {dag.py:2941} INFO - Sync 1 DAGs
[2025-06-16T11:10:40.603-0300] {logging_mixin.py:154} INFO - [2025-06-16T11:10:40.603-0300] {dag.py:3722} INFO - Setting next_dagrun for example_dag_decorator to None, run_after=None
[2025-06-16T11:10:40.696-0300] {processor.py:179} INFO - Processing /mnt/c/Users/arcan/Documents/airflow/.venv/lib/python3.10/site-packages/airflow/example_dags/example_dag_decorator.py took 0.663 seconds
[2025-06-16T11:11:45.942-0300] {processor.py:157} INFO - Started process (PID=46703) to work on /mnt/c/Users/arcan/Documents/airflow/.venv/lib/python3.10/site-packages/airflow/example_dags/example_dag_decorator.py
[2025-06-16T11:11:45.944-0300] {processor.py:829} INFO - Processing file /mnt/c/Users/arcan/Documents/airflow/.venv/lib/python3.10/site-packages/airflow/example_dags/example_dag_decorator.py for tasks to queue
[2025-06-16T11:11:45.946-0300] {logging_mixin.py:154} INFO - [2025-06-16T11:11:45.945-0300] {dagbag.py:536} INFO - Filling up the DagBag from /mnt/c/Users/arcan/Documents/airflow/.venv/lib/python3.10/site-packages/airflow/example_dags/example_dag_decorator.py
[2025-06-16T11:11:46.454-0300] {processor.py:839} INFO - DAG(s) dict_keys(['example_dag_decorator']) retrieved from /mnt/c/Users/arcan/Documents/airflow/.venv/lib/python3.10/site-packages/airflow/example_dags/example_dag_decorator.py
[2025-06-16T11:11:48.131-0300] {logging_mixin.py:154} INFO - [2025-06-16T11:11:48.130-0300] {dag.py:2941} INFO - Sync 1 DAGs
[2025-06-16T11:11:48.145-0300] {logging_mixin.py:154} INFO - [2025-06-16T11:11:48.144-0300] {dag.py:3722} INFO - Setting next_dagrun for example_dag_decorator to None, run_after=None
[2025-06-16T11:11:48.239-0300] {processor.py:179} INFO - Processing /mnt/c/Users/arcan/Documents/airflow/.venv/lib/python3.10/site-packages/airflow/example_dags/example_dag_decorator.py took 2.300 seconds
[2025-06-16T11:12:51.771-0300] {processor.py:157} INFO - Started process (PID=46893) to work on /mnt/c/Users/arcan/Documents/airflow/.venv/lib/python3.10/site-packages/airflow/example_dags/example_dag_decorator.py
[2025-06-16T11:12:51.773-0300] {processor.py:829} INFO - Processing file /mnt/c/Users/arcan/Documents/airflow/.venv/lib/python3.10/site-packages/airflow/example_dags/example_dag_decorator.py for tasks to queue
[2025-06-16T11:12:51.775-0300] {logging_mixin.py:154} INFO - [2025-06-16T11:12:51.774-0300] {dagbag.py:536} INFO - Filling up the DagBag from /mnt/c/Users/arcan/Documents/airflow/.venv/lib/python3.10/site-packages/airflow/example_dags/example_dag_decorator.py
[2025-06-16T11:12:52.266-0300] {processor.py:839} INFO - DAG(s) dict_keys(['example_dag_decorator']) retrieved from /mnt/c/Users/arcan/Documents/airflow/.venv/lib/python3.10/site-packages/airflow/example_dags/example_dag_decorator.py
[2025-06-16T11:12:53.798-0300] {logging_mixin.py:154} INFO - [2025-06-16T11:12:53.798-0300] {dag.py:2941} INFO - Sync 1 DAGs
[2025-06-16T11:12:53.814-0300] {logging_mixin.py:154} INFO - [2025-06-16T11:12:53.814-0300] {dag.py:3722} INFO - Setting next_dagrun for example_dag_decorator to None, run_after=None
[2025-06-16T11:12:53.923-0300] {processor.py:179} INFO - Processing /mnt/c/Users/arcan/Documents/airflow/.venv/lib/python3.10/site-packages/airflow/example_dags/example_dag_decorator.py took 2.156 seconds
[2025-06-16T11:13:56.742-0300] {processor.py:157} INFO - Started process (PID=47206) to work on /mnt/c/Users/arcan/Documents/airflow/.venv/lib/python3.10/site-packages/airflow/example_dags/example_dag_decorator.py
[2025-06-16T11:13:56.743-0300] {processor.py:829} INFO - Processing file /mnt/c/Users/arcan/Documents/airflow/.venv/lib/python3.10/site-packages/airflow/example_dags/example_dag_decorator.py for tasks to queue
[2025-06-16T11:13:56.746-0300] {logging_mixin.py:154} INFO - [2025-06-16T11:13:56.744-0300] {dagbag.py:536} INFO - Filling up the DagBag from /mnt/c/Users/arcan/Documents/airflow/.venv/lib/python3.10/site-packages/airflow/example_dags/example_dag_decorator.py
[2025-06-16T11:13:57.288-0300] {processor.py:839} INFO - DAG(s) dict_keys(['example_dag_decorator']) retrieved from /mnt/c/Users/arcan/Documents/airflow/.venv/lib/python3.10/site-packages/airflow/example_dags/example_dag_decorator.py
[2025-06-16T11:13:58.884-0300] {logging_mixin.py:154} INFO - [2025-06-16T11:13:58.884-0300] {dag.py:2941} INFO - Sync 1 DAGs
[2025-06-16T11:13:58.900-0300] {logging_mixin.py:154} INFO - [2025-06-16T11:13:58.900-0300] {dag.py:3722} INFO - Setting next_dagrun for example_dag_decorator to None, run_after=None
[2025-06-16T11:13:59.143-0300] {processor.py:179} INFO - Processing /mnt/c/Users/arcan/Documents/airflow/.venv/lib/python3.10/site-packages/airflow/example_dags/example_dag_decorator.py took 2.405 seconds
[2025-06-16T11:14:59.727-0300] {processor.py:157} INFO - Started process (PID=47385) to work on /mnt/c/Users/arcan/Documents/airflow/.venv/lib/python3.10/site-packages/airflow/example_dags/example_dag_decorator.py
[2025-06-16T11:14:59.728-0300] {processor.py:829} INFO - Processing file /mnt/c/Users/arcan/Documents/airflow/.venv/lib/python3.10/site-packages/airflow/example_dags/example_dag_decorator.py for tasks to queue
[2025-06-16T11:14:59.730-0300] {logging_mixin.py:154} INFO - [2025-06-16T11:14:59.729-0300] {dagbag.py:536} INFO - Filling up the DagBag from /mnt/c/Users/arcan/Documents/airflow/.venv/lib/python3.10/site-packages/airflow/example_dags/example_dag_decorator.py
[2025-06-16T11:15:00.271-0300] {processor.py:839} INFO - DAG(s) dict_keys(['example_dag_decorator']) retrieved from /mnt/c/Users/arcan/Documents/airflow/.venv/lib/python3.10/site-packages/airflow/example_dags/example_dag_decorator.py
[2025-06-16T11:15:00.311-0300] {logging_mixin.py:154} INFO - [2025-06-16T11:15:00.310-0300] {dag.py:2941} INFO - Sync 1 DAGs
[2025-06-16T11:15:00.330-0300] {logging_mixin.py:154} INFO - [2025-06-16T11:15:00.329-0300] {dag.py:3722} INFO - Setting next_dagrun for example_dag_decorator to None, run_after=None
[2025-06-16T11:15:00.416-0300] {processor.py:179} INFO - Processing /mnt/c/Users/arcan/Documents/airflow/.venv/lib/python3.10/site-packages/airflow/example_dags/example_dag_decorator.py took 0.693 seconds
[2025-06-16T11:16:01.356-0300] {processor.py:157} INFO - Started process (PID=47568) to work on /mnt/c/Users/arcan/Documents/airflow/.venv/lib/python3.10/site-packages/airflow/example_dags/example_dag_decorator.py
[2025-06-16T11:16:01.358-0300] {processor.py:829} INFO - Processing file /mnt/c/Users/arcan/Documents/airflow/.venv/lib/python3.10/site-packages/airflow/example_dags/example_dag_decorator.py for tasks to queue
[2025-06-16T11:16:01.359-0300] {logging_mixin.py:154} INFO - [2025-06-16T11:16:01.359-0300] {dagbag.py:536} INFO - Filling up the DagBag from /mnt/c/Users/arcan/Documents/airflow/.venv/lib/python3.10/site-packages/airflow/example_dags/example_dag_decorator.py
[2025-06-16T11:16:01.899-0300] {processor.py:839} INFO - DAG(s) dict_keys(['example_dag_decorator']) retrieved from /mnt/c/Users/arcan/Documents/airflow/.venv/lib/python3.10/site-packages/airflow/example_dags/example_dag_decorator.py
[2025-06-16T11:16:03.533-0300] {logging_mixin.py:154} INFO - [2025-06-16T11:16:03.532-0300] {dag.py:2941} INFO - Sync 1 DAGs
[2025-06-16T11:16:03.689-0300] {logging_mixin.py:154} INFO - [2025-06-16T11:16:03.688-0300] {dag.py:3722} INFO - Setting next_dagrun for example_dag_decorator to None, run_after=None
[2025-06-16T11:16:03.780-0300] {processor.py:179} INFO - Processing /mnt/c/Users/arcan/Documents/airflow/.venv/lib/python3.10/site-packages/airflow/example_dags/example_dag_decorator.py took 2.428 seconds
[2025-06-16T11:17:09.496-0300] {processor.py:157} INFO - Started process (PID=47763) to work on /mnt/c/Users/arcan/Documents/airflow/.venv/lib/python3.10/site-packages/airflow/example_dags/example_dag_decorator.py
[2025-06-16T11:17:09.498-0300] {processor.py:829} INFO - Processing file /mnt/c/Users/arcan/Documents/airflow/.venv/lib/python3.10/site-packages/airflow/example_dags/example_dag_decorator.py for tasks to queue
[2025-06-16T11:17:09.500-0300] {logging_mixin.py:154} INFO - [2025-06-16T11:17:09.499-0300] {dagbag.py:536} INFO - Filling up the DagBag from /mnt/c/Users/arcan/Documents/airflow/.venv/lib/python3.10/site-packages/airflow/example_dags/example_dag_decorator.py
[2025-06-16T11:17:10.023-0300] {processor.py:839} INFO - DAG(s) dict_keys(['example_dag_decorator']) retrieved from /mnt/c/Users/arcan/Documents/airflow/.venv/lib/python3.10/site-packages/airflow/example_dags/example_dag_decorator.py
[2025-06-16T11:17:10.067-0300] {logging_mixin.py:154} INFO - [2025-06-16T11:17:10.067-0300] {dag.py:2941} INFO - Sync 1 DAGs
[2025-06-16T11:17:10.088-0300] {logging_mixin.py:154} INFO - [2025-06-16T11:17:10.088-0300] {dag.py:3722} INFO - Setting next_dagrun for example_dag_decorator to None, run_after=None
[2025-06-16T11:17:10.189-0300] {processor.py:179} INFO - Processing /mnt/c/Users/arcan/Documents/airflow/.venv/lib/python3.10/site-packages/airflow/example_dags/example_dag_decorator.py took 0.698 seconds
[2025-06-16T11:18:11.868-0300] {processor.py:157} INFO - Started process (PID=47950) to work on /mnt/c/Users/arcan/Documents/airflow/.venv/lib/python3.10/site-packages/airflow/example_dags/example_dag_decorator.py
[2025-06-16T11:18:11.870-0300] {processor.py:829} INFO - Processing file /mnt/c/Users/arcan/Documents/airflow/.venv/lib/python3.10/site-packages/airflow/example_dags/example_dag_decorator.py for tasks to queue
[2025-06-16T11:18:11.872-0300] {logging_mixin.py:154} INFO - [2025-06-16T11:18:11.871-0300] {dagbag.py:536} INFO - Filling up the DagBag from /mnt/c/Users/arcan/Documents/airflow/.venv/lib/python3.10/site-packages/airflow/example_dags/example_dag_decorator.py
[2025-06-16T11:18:12.401-0300] {processor.py:839} INFO - DAG(s) dict_keys(['example_dag_decorator']) retrieved from /mnt/c/Users/arcan/Documents/airflow/.venv/lib/python3.10/site-packages/airflow/example_dags/example_dag_decorator.py
[2025-06-16T11:18:14.087-0300] {logging_mixin.py:154} INFO - [2025-06-16T11:18:14.086-0300] {dag.py:2941} INFO - Sync 1 DAGs
[2025-06-16T11:18:14.105-0300] {logging_mixin.py:154} INFO - [2025-06-16T11:18:14.104-0300] {dag.py:3722} INFO - Setting next_dagrun for example_dag_decorator to None, run_after=None
[2025-06-16T11:18:14.204-0300] {processor.py:179} INFO - Processing /mnt/c/Users/arcan/Documents/airflow/.venv/lib/python3.10/site-packages/airflow/example_dags/example_dag_decorator.py took 2.341 seconds
[2025-06-16T11:19:16.582-0300] {processor.py:157} INFO - Started process (PID=48143) to work on /mnt/c/Users/arcan/Documents/airflow/.venv/lib/python3.10/site-packages/airflow/example_dags/example_dag_decorator.py
[2025-06-16T11:19:16.584-0300] {processor.py:829} INFO - Processing file /mnt/c/Users/arcan/Documents/airflow/.venv/lib/python3.10/site-packages/airflow/example_dags/example_dag_decorator.py for tasks to queue
[2025-06-16T11:19:16.585-0300] {logging_mixin.py:154} INFO - [2025-06-16T11:19:16.585-0300] {dagbag.py:536} INFO - Filling up the DagBag from /mnt/c/Users/arcan/Documents/airflow/.venv/lib/python3.10/site-packages/airflow/example_dags/example_dag_decorator.py
[2025-06-16T11:19:17.158-0300] {processor.py:839} INFO - DAG(s) dict_keys(['example_dag_decorator']) retrieved from /mnt/c/Users/arcan/Documents/airflow/.venv/lib/python3.10/site-packages/airflow/example_dags/example_dag_decorator.py
[2025-06-16T11:19:18.876-0300] {logging_mixin.py:154} INFO - [2025-06-16T11:19:18.876-0300] {dag.py:2941} INFO - Sync 1 DAGs
[2025-06-16T11:19:18.895-0300] {logging_mixin.py:154} INFO - [2025-06-16T11:19:18.895-0300] {dag.py:3722} INFO - Setting next_dagrun for example_dag_decorator to None, run_after=None
[2025-06-16T11:19:19.156-0300] {processor.py:179} INFO - Processing /mnt/c/Users/arcan/Documents/airflow/.venv/lib/python3.10/site-packages/airflow/example_dags/example_dag_decorator.py took 2.578 seconds
[2025-06-16T11:20:19.225-0300] {processor.py:157} INFO - Started process (PID=48441) to work on /mnt/c/Users/arcan/Documents/airflow/.venv/lib/python3.10/site-packages/airflow/example_dags/example_dag_decorator.py
[2025-06-16T11:20:19.226-0300] {processor.py:829} INFO - Processing file /mnt/c/Users/arcan/Documents/airflow/.venv/lib/python3.10/site-packages/airflow/example_dags/example_dag_decorator.py for tasks to queue
[2025-06-16T11:20:19.228-0300] {logging_mixin.py:154} INFO - [2025-06-16T11:20:19.227-0300] {dagbag.py:536} INFO - Filling up the DagBag from /mnt/c/Users/arcan/Documents/airflow/.venv/lib/python3.10/site-packages/airflow/example_dags/example_dag_decorator.py
[2025-06-16T11:20:19.752-0300] {processor.py:839} INFO - DAG(s) dict_keys(['example_dag_decorator']) retrieved from /mnt/c/Users/arcan/Documents/airflow/.venv/lib/python3.10/site-packages/airflow/example_dags/example_dag_decorator.py
[2025-06-16T11:20:19.798-0300] {logging_mixin.py:154} INFO - [2025-06-16T11:20:19.798-0300] {dag.py:2941} INFO - Sync 1 DAGs
[2025-06-16T11:20:19.819-0300] {logging_mixin.py:154} INFO - [2025-06-16T11:20:19.818-0300] {dag.py:3722} INFO - Setting next_dagrun for example_dag_decorator to None, run_after=None
[2025-06-16T11:20:19.906-0300] {processor.py:179} INFO - Processing /mnt/c/Users/arcan/Documents/airflow/.venv/lib/python3.10/site-packages/airflow/example_dags/example_dag_decorator.py took 0.686 seconds
[2025-06-16T11:21:17.901-0300] {processor.py:157} INFO - Started process (PID=48618) to work on /mnt/c/Users/arcan/Documents/airflow/.venv/lib/python3.10/site-packages/airflow/example_dags/example_dag_decorator.py
[2025-06-16T11:21:17.902-0300] {processor.py:829} INFO - Processing file /mnt/c/Users/arcan/Documents/airflow/.venv/lib/python3.10/site-packages/airflow/example_dags/example_dag_decorator.py for tasks to queue
[2025-06-16T11:21:17.904-0300] {logging_mixin.py:154} INFO - [2025-06-16T11:21:17.904-0300] {dagbag.py:536} INFO - Filling up the DagBag from /mnt/c/Users/arcan/Documents/airflow/.venv/lib/python3.10/site-packages/airflow/example_dags/example_dag_decorator.py
[2025-06-16T11:21:18.432-0300] {processor.py:839} INFO - DAG(s) dict_keys(['example_dag_decorator']) retrieved from /mnt/c/Users/arcan/Documents/airflow/.venv/lib/python3.10/site-packages/airflow/example_dags/example_dag_decorator.py
[2025-06-16T11:21:19.998-0300] {logging_mixin.py:154} INFO - [2025-06-16T11:21:19.997-0300] {dag.py:2941} INFO - Sync 1 DAGs
[2025-06-16T11:21:20.171-0300] {logging_mixin.py:154} INFO - [2025-06-16T11:21:20.170-0300] {dag.py:3722} INFO - Setting next_dagrun for example_dag_decorator to None, run_after=None
[2025-06-16T11:21:20.259-0300] {processor.py:179} INFO - Processing /mnt/c/Users/arcan/Documents/airflow/.venv/lib/python3.10/site-packages/airflow/example_dags/example_dag_decorator.py took 2.363 seconds
[2025-06-16T11:22:27.696-0300] {processor.py:157} INFO - Started process (PID=48818) to work on /mnt/c/Users/arcan/Documents/airflow/.venv/lib/python3.10/site-packages/airflow/example_dags/example_dag_decorator.py
[2025-06-16T11:22:27.697-0300] {processor.py:829} INFO - Processing file /mnt/c/Users/arcan/Documents/airflow/.venv/lib/python3.10/site-packages/airflow/example_dags/example_dag_decorator.py for tasks to queue
[2025-06-16T11:22:27.699-0300] {logging_mixin.py:154} INFO - [2025-06-16T11:22:27.698-0300] {dagbag.py:536} INFO - Filling up the DagBag from /mnt/c/Users/arcan/Documents/airflow/.venv/lib/python3.10/site-packages/airflow/example_dags/example_dag_decorator.py
[2025-06-16T11:22:28.219-0300] {processor.py:839} INFO - DAG(s) dict_keys(['example_dag_decorator']) retrieved from /mnt/c/Users/arcan/Documents/airflow/.venv/lib/python3.10/site-packages/airflow/example_dags/example_dag_decorator.py
[2025-06-16T11:22:28.268-0300] {logging_mixin.py:154} INFO - [2025-06-16T11:22:28.268-0300] {dag.py:2941} INFO - Sync 1 DAGs
[2025-06-16T11:22:28.288-0300] {logging_mixin.py:154} INFO - [2025-06-16T11:22:28.288-0300] {dag.py:3722} INFO - Setting next_dagrun for example_dag_decorator to None, run_after=None
[2025-06-16T11:22:28.379-0300] {processor.py:179} INFO - Processing /mnt/c/Users/arcan/Documents/airflow/.venv/lib/python3.10/site-packages/airflow/example_dags/example_dag_decorator.py took 0.687 seconds
[2025-06-16T11:23:27.277-0300] {processor.py:157} INFO - Started process (PID=48994) to work on /mnt/c/Users/arcan/Documents/airflow/.venv/lib/python3.10/site-packages/airflow/example_dags/example_dag_decorator.py
[2025-06-16T11:23:27.279-0300] {processor.py:829} INFO - Processing file /mnt/c/Users/arcan/Documents/airflow/.venv/lib/python3.10/site-packages/airflow/example_dags/example_dag_decorator.py for tasks to queue
[2025-06-16T11:23:27.281-0300] {logging_mixin.py:154} INFO - [2025-06-16T11:23:27.280-0300] {dagbag.py:536} INFO - Filling up the DagBag from /mnt/c/Users/arcan/Documents/airflow/.venv/lib/python3.10/site-packages/airflow/example_dags/example_dag_decorator.py
[2025-06-16T11:23:27.814-0300] {processor.py:839} INFO - DAG(s) dict_keys(['example_dag_decorator']) retrieved from /mnt/c/Users/arcan/Documents/airflow/.venv/lib/python3.10/site-packages/airflow/example_dags/example_dag_decorator.py
[2025-06-16T11:23:27.861-0300] {logging_mixin.py:154} INFO - [2025-06-16T11:23:27.860-0300] {dag.py:2941} INFO - Sync 1 DAGs
[2025-06-16T11:23:27.879-0300] {logging_mixin.py:154} INFO - [2025-06-16T11:23:27.878-0300] {dag.py:3722} INFO - Setting next_dagrun for example_dag_decorator to None, run_after=None
[2025-06-16T11:23:27.971-0300] {processor.py:179} INFO - Processing /mnt/c/Users/arcan/Documents/airflow/.venv/lib/python3.10/site-packages/airflow/example_dags/example_dag_decorator.py took 0.698 seconds
[2025-06-16T11:24:27.412-0300] {processor.py:157} INFO - Started process (PID=49168) to work on /mnt/c/Users/arcan/Documents/airflow/.venv/lib/python3.10/site-packages/airflow/example_dags/example_dag_decorator.py
[2025-06-16T11:24:27.414-0300] {processor.py:829} INFO - Processing file /mnt/c/Users/arcan/Documents/airflow/.venv/lib/python3.10/site-packages/airflow/example_dags/example_dag_decorator.py for tasks to queue
[2025-06-16T11:24:27.416-0300] {logging_mixin.py:154} INFO - [2025-06-16T11:24:27.416-0300] {dagbag.py:536} INFO - Filling up the DagBag from /mnt/c/Users/arcan/Documents/airflow/.venv/lib/python3.10/site-packages/airflow/example_dags/example_dag_decorator.py
[2025-06-16T11:24:27.933-0300] {processor.py:839} INFO - DAG(s) dict_keys(['example_dag_decorator']) retrieved from /mnt/c/Users/arcan/Documents/airflow/.venv/lib/python3.10/site-packages/airflow/example_dags/example_dag_decorator.py
[2025-06-16T11:24:27.976-0300] {logging_mixin.py:154} INFO - [2025-06-16T11:24:27.975-0300] {dag.py:2941} INFO - Sync 1 DAGs
[2025-06-16T11:24:27.994-0300] {logging_mixin.py:154} INFO - [2025-06-16T11:24:27.993-0300] {dag.py:3722} INFO - Setting next_dagrun for example_dag_decorator to None, run_after=None
[2025-06-16T11:24:28.080-0300] {processor.py:179} INFO - Processing /mnt/c/Users/arcan/Documents/airflow/.venv/lib/python3.10/site-packages/airflow/example_dags/example_dag_decorator.py took 0.672 seconds
[2025-06-16T11:25:29.582-0300] {processor.py:157} INFO - Started process (PID=49351) to work on /mnt/c/Users/arcan/Documents/airflow/.venv/lib/python3.10/site-packages/airflow/example_dags/example_dag_decorator.py
[2025-06-16T11:25:29.584-0300] {processor.py:829} INFO - Processing file /mnt/c/Users/arcan/Documents/airflow/.venv/lib/python3.10/site-packages/airflow/example_dags/example_dag_decorator.py for tasks to queue
[2025-06-16T11:25:29.586-0300] {logging_mixin.py:154} INFO - [2025-06-16T11:25:29.585-0300] {dagbag.py:536} INFO - Filling up the DagBag from /mnt/c/Users/arcan/Documents/airflow/.venv/lib/python3.10/site-packages/airflow/example_dags/example_dag_decorator.py
[2025-06-16T11:25:30.094-0300] {processor.py:839} INFO - DAG(s) dict_keys(['example_dag_decorator']) retrieved from /mnt/c/Users/arcan/Documents/airflow/.venv/lib/python3.10/site-packages/airflow/example_dags/example_dag_decorator.py
[2025-06-16T11:25:30.137-0300] {logging_mixin.py:154} INFO - [2025-06-16T11:25:30.137-0300] {dag.py:2941} INFO - Sync 1 DAGs
[2025-06-16T11:25:30.158-0300] {logging_mixin.py:154} INFO - [2025-06-16T11:25:30.157-0300] {dag.py:3722} INFO - Setting next_dagrun for example_dag_decorator to None, run_after=None
[2025-06-16T11:25:30.245-0300] {processor.py:179} INFO - Processing /mnt/c/Users/arcan/Documents/airflow/.venv/lib/python3.10/site-packages/airflow/example_dags/example_dag_decorator.py took 0.667 seconds
[2025-06-16T11:26:33.060-0300] {processor.py:157} INFO - Started process (PID=49534) to work on /mnt/c/Users/arcan/Documents/airflow/.venv/lib/python3.10/site-packages/airflow/example_dags/example_dag_decorator.py
[2025-06-16T11:26:33.061-0300] {processor.py:829} INFO - Processing file /mnt/c/Users/arcan/Documents/airflow/.venv/lib/python3.10/site-packages/airflow/example_dags/example_dag_decorator.py for tasks to queue
[2025-06-16T11:26:33.063-0300] {logging_mixin.py:154} INFO - [2025-06-16T11:26:33.062-0300] {dagbag.py:536} INFO - Filling up the DagBag from /mnt/c/Users/arcan/Documents/airflow/.venv/lib/python3.10/site-packages/airflow/example_dags/example_dag_decorator.py
[2025-06-16T11:26:33.581-0300] {processor.py:839} INFO - DAG(s) dict_keys(['example_dag_decorator']) retrieved from /mnt/c/Users/arcan/Documents/airflow/.venv/lib/python3.10/site-packages/airflow/example_dags/example_dag_decorator.py
[2025-06-16T11:26:33.618-0300] {logging_mixin.py:154} INFO - [2025-06-16T11:26:33.618-0300] {dag.py:2941} INFO - Sync 1 DAGs
[2025-06-16T11:26:33.639-0300] {logging_mixin.py:154} INFO - [2025-06-16T11:26:33.638-0300] {dag.py:3722} INFO - Setting next_dagrun for example_dag_decorator to None, run_after=None
[2025-06-16T11:26:33.730-0300] {processor.py:179} INFO - Processing /mnt/c/Users/arcan/Documents/airflow/.venv/lib/python3.10/site-packages/airflow/example_dags/example_dag_decorator.py took 0.674 seconds
[2025-06-16T11:27:39.748-0300] {processor.py:157} INFO - Started process (PID=49853) to work on /mnt/c/Users/arcan/Documents/airflow/.venv/lib/python3.10/site-packages/airflow/example_dags/example_dag_decorator.py
[2025-06-16T11:27:39.750-0300] {processor.py:829} INFO - Processing file /mnt/c/Users/arcan/Documents/airflow/.venv/lib/python3.10/site-packages/airflow/example_dags/example_dag_decorator.py for tasks to queue
[2025-06-16T11:27:39.751-0300] {logging_mixin.py:154} INFO - [2025-06-16T11:27:39.751-0300] {dagbag.py:536} INFO - Filling up the DagBag from /mnt/c/Users/arcan/Documents/airflow/.venv/lib/python3.10/site-packages/airflow/example_dags/example_dag_decorator.py
[2025-06-16T11:27:40.241-0300] {processor.py:839} INFO - DAG(s) dict_keys(['example_dag_decorator']) retrieved from /mnt/c/Users/arcan/Documents/airflow/.venv/lib/python3.10/site-packages/airflow/example_dags/example_dag_decorator.py
[2025-06-16T11:27:40.280-0300] {logging_mixin.py:154} INFO - [2025-06-16T11:27:40.279-0300] {dag.py:2941} INFO - Sync 1 DAGs
[2025-06-16T11:27:40.295-0300] {logging_mixin.py:154} INFO - [2025-06-16T11:27:40.295-0300] {dag.py:3722} INFO - Setting next_dagrun for example_dag_decorator to None, run_after=None
[2025-06-16T11:27:40.380-0300] {processor.py:179} INFO - Processing /mnt/c/Users/arcan/Documents/airflow/.venv/lib/python3.10/site-packages/airflow/example_dags/example_dag_decorator.py took 0.636 seconds
[2025-06-16T11:28:44.195-0300] {processor.py:157} INFO - Started process (PID=50038) to work on /mnt/c/Users/arcan/Documents/airflow/.venv/lib/python3.10/site-packages/airflow/example_dags/example_dag_decorator.py
[2025-06-16T11:28:44.197-0300] {processor.py:829} INFO - Processing file /mnt/c/Users/arcan/Documents/airflow/.venv/lib/python3.10/site-packages/airflow/example_dags/example_dag_decorator.py for tasks to queue
[2025-06-16T11:28:44.200-0300] {logging_mixin.py:154} INFO - [2025-06-16T11:28:44.199-0300] {dagbag.py:536} INFO - Filling up the DagBag from /mnt/c/Users/arcan/Documents/airflow/.venv/lib/python3.10/site-packages/airflow/example_dags/example_dag_decorator.py
[2025-06-16T11:28:44.774-0300] {processor.py:839} INFO - DAG(s) dict_keys(['example_dag_decorator']) retrieved from /mnt/c/Users/arcan/Documents/airflow/.venv/lib/python3.10/site-packages/airflow/example_dags/example_dag_decorator.py
[2025-06-16T11:28:46.638-0300] {logging_mixin.py:154} INFO - [2025-06-16T11:28:46.637-0300] {dag.py:2941} INFO - Sync 1 DAGs
[2025-06-16T11:28:46.650-0300] {logging_mixin.py:154} INFO - [2025-06-16T11:28:46.650-0300] {dag.py:3722} INFO - Setting next_dagrun for example_dag_decorator to None, run_after=None
[2025-06-16T11:28:46.738-0300] {processor.py:179} INFO - Processing /mnt/c/Users/arcan/Documents/airflow/.venv/lib/python3.10/site-packages/airflow/example_dags/example_dag_decorator.py took 2.546 seconds
[2025-06-16T11:29:50.915-0300] {processor.py:157} INFO - Started process (PID=50238) to work on /mnt/c/Users/arcan/Documents/airflow/.venv/lib/python3.10/site-packages/airflow/example_dags/example_dag_decorator.py
[2025-06-16T11:29:50.917-0300] {processor.py:829} INFO - Processing file /mnt/c/Users/arcan/Documents/airflow/.venv/lib/python3.10/site-packages/airflow/example_dags/example_dag_decorator.py for tasks to queue
[2025-06-16T11:29:50.918-0300] {logging_mixin.py:154} INFO - [2025-06-16T11:29:50.918-0300] {dagbag.py:536} INFO - Filling up the DagBag from /mnt/c/Users/arcan/Documents/airflow/.venv/lib/python3.10/site-packages/airflow/example_dags/example_dag_decorator.py
[2025-06-16T11:29:51.432-0300] {processor.py:839} INFO - DAG(s) dict_keys(['example_dag_decorator']) retrieved from /mnt/c/Users/arcan/Documents/airflow/.venv/lib/python3.10/site-packages/airflow/example_dags/example_dag_decorator.py
[2025-06-16T11:29:51.472-0300] {logging_mixin.py:154} INFO - [2025-06-16T11:29:51.471-0300] {dag.py:2941} INFO - Sync 1 DAGs
[2025-06-16T11:29:51.488-0300] {logging_mixin.py:154} INFO - [2025-06-16T11:29:51.488-0300] {dag.py:3722} INFO - Setting next_dagrun for example_dag_decorator to None, run_after=None
[2025-06-16T11:29:51.577-0300] {processor.py:179} INFO - Processing /mnt/c/Users/arcan/Documents/airflow/.venv/lib/python3.10/site-packages/airflow/example_dags/example_dag_decorator.py took 0.666 seconds
[2025-06-16T11:30:53.079-0300] {processor.py:157} INFO - Started process (PID=50421) to work on /mnt/c/Users/arcan/Documents/airflow/.venv/lib/python3.10/site-packages/airflow/example_dags/example_dag_decorator.py
[2025-06-16T11:30:53.081-0300] {processor.py:829} INFO - Processing file /mnt/c/Users/arcan/Documents/airflow/.venv/lib/python3.10/site-packages/airflow/example_dags/example_dag_decorator.py for tasks to queue
[2025-06-16T11:30:53.082-0300] {logging_mixin.py:154} INFO - [2025-06-16T11:30:53.082-0300] {dagbag.py:536} INFO - Filling up the DagBag from /mnt/c/Users/arcan/Documents/airflow/.venv/lib/python3.10/site-packages/airflow/example_dags/example_dag_decorator.py
[2025-06-16T11:30:53.608-0300] {processor.py:839} INFO - DAG(s) dict_keys(['example_dag_decorator']) retrieved from /mnt/c/Users/arcan/Documents/airflow/.venv/lib/python3.10/site-packages/airflow/example_dags/example_dag_decorator.py
[2025-06-16T11:30:55.405-0300] {logging_mixin.py:154} INFO - [2025-06-16T11:30:55.405-0300] {dag.py:2941} INFO - Sync 1 DAGs
[2025-06-16T11:30:55.417-0300] {logging_mixin.py:154} INFO - [2025-06-16T11:30:55.417-0300] {dag.py:3722} INFO - Setting next_dagrun for example_dag_decorator to None, run_after=None
[2025-06-16T11:30:55.509-0300] {processor.py:179} INFO - Processing /mnt/c/Users/arcan/Documents/airflow/.venv/lib/python3.10/site-packages/airflow/example_dags/example_dag_decorator.py took 2.434 seconds
[2025-06-16T11:32:05.699-0300] {processor.py:157} INFO - Started process (PID=50629) to work on /mnt/c/Users/arcan/Documents/airflow/.venv/lib/python3.10/site-packages/airflow/example_dags/example_dag_decorator.py
[2025-06-16T11:32:05.701-0300] {processor.py:829} INFO - Processing file /mnt/c/Users/arcan/Documents/airflow/.venv/lib/python3.10/site-packages/airflow/example_dags/example_dag_decorator.py for tasks to queue
[2025-06-16T11:32:05.703-0300] {logging_mixin.py:154} INFO - [2025-06-16T11:32:05.702-0300] {dagbag.py:536} INFO - Filling up the DagBag from /mnt/c/Users/arcan/Documents/airflow/.venv/lib/python3.10/site-packages/airflow/example_dags/example_dag_decorator.py
[2025-06-16T11:32:06.339-0300] {processor.py:839} INFO - DAG(s) dict_keys(['example_dag_decorator']) retrieved from /mnt/c/Users/arcan/Documents/airflow/.venv/lib/python3.10/site-packages/airflow/example_dags/example_dag_decorator.py
[2025-06-16T11:32:08.205-0300] {logging_mixin.py:154} INFO - [2025-06-16T11:32:08.205-0300] {dag.py:2941} INFO - Sync 1 DAGs
[2025-06-16T11:32:08.219-0300] {logging_mixin.py:154} INFO - [2025-06-16T11:32:08.219-0300] {dag.py:3722} INFO - Setting next_dagrun for example_dag_decorator to None, run_after=None
[2025-06-16T11:32:08.313-0300] {processor.py:179} INFO - Processing /mnt/c/Users/arcan/Documents/airflow/.venv/lib/python3.10/site-packages/airflow/example_dags/example_dag_decorator.py took 2.618 seconds
[2025-06-16T11:33:13.448-0300] {processor.py:157} INFO - Started process (PID=50827) to work on /mnt/c/Users/arcan/Documents/airflow/.venv/lib/python3.10/site-packages/airflow/example_dags/example_dag_decorator.py
[2025-06-16T11:33:13.450-0300] {processor.py:829} INFO - Processing file /mnt/c/Users/arcan/Documents/airflow/.venv/lib/python3.10/site-packages/airflow/example_dags/example_dag_decorator.py for tasks to queue
[2025-06-16T11:33:13.452-0300] {logging_mixin.py:154} INFO - [2025-06-16T11:33:13.451-0300] {dagbag.py:536} INFO - Filling up the DagBag from /mnt/c/Users/arcan/Documents/airflow/.venv/lib/python3.10/site-packages/airflow/example_dags/example_dag_decorator.py
[2025-06-16T11:33:13.955-0300] {processor.py:839} INFO - DAG(s) dict_keys(['example_dag_decorator']) retrieved from /mnt/c/Users/arcan/Documents/airflow/.venv/lib/python3.10/site-packages/airflow/example_dags/example_dag_decorator.py
[2025-06-16T11:33:14.001-0300] {logging_mixin.py:154} INFO - [2025-06-16T11:33:14.001-0300] {dag.py:2941} INFO - Sync 1 DAGs
[2025-06-16T11:33:14.018-0300] {logging_mixin.py:154} INFO - [2025-06-16T11:33:14.018-0300] {dag.py:3722} INFO - Setting next_dagrun for example_dag_decorator to None, run_after=None
[2025-06-16T11:33:14.107-0300] {processor.py:179} INFO - Processing /mnt/c/Users/arcan/Documents/airflow/.venv/lib/python3.10/site-packages/airflow/example_dags/example_dag_decorator.py took 0.663 seconds
[2025-06-16T11:34:15.329-0300] {processor.py:157} INFO - Started process (PID=51014) to work on /mnt/c/Users/arcan/Documents/airflow/.venv/lib/python3.10/site-packages/airflow/example_dags/example_dag_decorator.py
[2025-06-16T11:34:15.330-0300] {processor.py:829} INFO - Processing file /mnt/c/Users/arcan/Documents/airflow/.venv/lib/python3.10/site-packages/airflow/example_dags/example_dag_decorator.py for tasks to queue
[2025-06-16T11:34:15.332-0300] {logging_mixin.py:154} INFO - [2025-06-16T11:34:15.331-0300] {dagbag.py:536} INFO - Filling up the DagBag from /mnt/c/Users/arcan/Documents/airflow/.venv/lib/python3.10/site-packages/airflow/example_dags/example_dag_decorator.py
[2025-06-16T11:34:15.856-0300] {processor.py:839} INFO - DAG(s) dict_keys(['example_dag_decorator']) retrieved from /mnt/c/Users/arcan/Documents/airflow/.venv/lib/python3.10/site-packages/airflow/example_dags/example_dag_decorator.py
[2025-06-16T11:34:15.901-0300] {logging_mixin.py:154} INFO - [2025-06-16T11:34:15.900-0300] {dag.py:2941} INFO - Sync 1 DAGs
[2025-06-16T11:34:15.922-0300] {logging_mixin.py:154} INFO - [2025-06-16T11:34:15.922-0300] {dag.py:3722} INFO - Setting next_dagrun for example_dag_decorator to None, run_after=None
[2025-06-16T11:34:16.161-0300] {processor.py:179} INFO - Processing /mnt/c/Users/arcan/Documents/airflow/.venv/lib/python3.10/site-packages/airflow/example_dags/example_dag_decorator.py took 0.836 seconds
[2025-06-16T11:35:15.512-0300] {processor.py:157} INFO - Started process (PID=51313) to work on /mnt/c/Users/arcan/Documents/airflow/.venv/lib/python3.10/site-packages/airflow/example_dags/example_dag_decorator.py
[2025-06-16T11:35:15.514-0300] {processor.py:829} INFO - Processing file /mnt/c/Users/arcan/Documents/airflow/.venv/lib/python3.10/site-packages/airflow/example_dags/example_dag_decorator.py for tasks to queue
[2025-06-16T11:35:15.515-0300] {logging_mixin.py:154} INFO - [2025-06-16T11:35:15.515-0300] {dagbag.py:536} INFO - Filling up the DagBag from /mnt/c/Users/arcan/Documents/airflow/.venv/lib/python3.10/site-packages/airflow/example_dags/example_dag_decorator.py
[2025-06-16T11:35:16.097-0300] {processor.py:839} INFO - DAG(s) dict_keys(['example_dag_decorator']) retrieved from /mnt/c/Users/arcan/Documents/airflow/.venv/lib/python3.10/site-packages/airflow/example_dags/example_dag_decorator.py
[2025-06-16T11:35:16.146-0300] {logging_mixin.py:154} INFO - [2025-06-16T11:35:16.146-0300] {dag.py:2941} INFO - Sync 1 DAGs
[2025-06-16T11:35:16.165-0300] {logging_mixin.py:154} INFO - [2025-06-16T11:35:16.165-0300] {dag.py:3722} INFO - Setting next_dagrun for example_dag_decorator to None, run_after=None
[2025-06-16T11:35:16.256-0300] {processor.py:179} INFO - Processing /mnt/c/Users/arcan/Documents/airflow/.venv/lib/python3.10/site-packages/airflow/example_dags/example_dag_decorator.py took 0.748 seconds
[2025-06-16T11:36:15.671-0300] {processor.py:157} INFO - Started process (PID=51495) to work on /mnt/c/Users/arcan/Documents/airflow/.venv/lib/python3.10/site-packages/airflow/example_dags/example_dag_decorator.py
[2025-06-16T11:36:15.673-0300] {processor.py:829} INFO - Processing file /mnt/c/Users/arcan/Documents/airflow/.venv/lib/python3.10/site-packages/airflow/example_dags/example_dag_decorator.py for tasks to queue
[2025-06-16T11:36:15.675-0300] {logging_mixin.py:154} INFO - [2025-06-16T11:36:15.674-0300] {dagbag.py:536} INFO - Filling up the DagBag from /mnt/c/Users/arcan/Documents/airflow/.venv/lib/python3.10/site-packages/airflow/example_dags/example_dag_decorator.py
[2025-06-16T11:36:16.205-0300] {processor.py:839} INFO - DAG(s) dict_keys(['example_dag_decorator']) retrieved from /mnt/c/Users/arcan/Documents/airflow/.venv/lib/python3.10/site-packages/airflow/example_dags/example_dag_decorator.py
[2025-06-16T11:36:16.381-0300] {logging_mixin.py:154} INFO - [2025-06-16T11:36:16.380-0300] {dag.py:2941} INFO - Sync 1 DAGs
[2025-06-16T11:36:16.395-0300] {logging_mixin.py:154} INFO - [2025-06-16T11:36:16.395-0300] {dag.py:3722} INFO - Setting next_dagrun for example_dag_decorator to None, run_after=None
[2025-06-16T11:36:16.483-0300] {processor.py:179} INFO - Processing /mnt/c/Users/arcan/Documents/airflow/.venv/lib/python3.10/site-packages/airflow/example_dags/example_dag_decorator.py took 0.816 seconds
[2025-06-16T11:37:22.772-0300] {processor.py:157} INFO - Started process (PID=51695) to work on /mnt/c/Users/arcan/Documents/airflow/.venv/lib/python3.10/site-packages/airflow/example_dags/example_dag_decorator.py
[2025-06-16T11:37:22.773-0300] {processor.py:829} INFO - Processing file /mnt/c/Users/arcan/Documents/airflow/.venv/lib/python3.10/site-packages/airflow/example_dags/example_dag_decorator.py for tasks to queue
[2025-06-16T11:37:22.775-0300] {logging_mixin.py:154} INFO - [2025-06-16T11:37:22.774-0300] {dagbag.py:536} INFO - Filling up the DagBag from /mnt/c/Users/arcan/Documents/airflow/.venv/lib/python3.10/site-packages/airflow/example_dags/example_dag_decorator.py
[2025-06-16T11:37:23.302-0300] {processor.py:839} INFO - DAG(s) dict_keys(['example_dag_decorator']) retrieved from /mnt/c/Users/arcan/Documents/airflow/.venv/lib/python3.10/site-packages/airflow/example_dags/example_dag_decorator.py
[2025-06-16T11:37:25.104-0300] {logging_mixin.py:154} INFO - [2025-06-16T11:37:25.104-0300] {dag.py:2941} INFO - Sync 1 DAGs
[2025-06-16T11:37:25.119-0300] {logging_mixin.py:154} INFO - [2025-06-16T11:37:25.119-0300] {dag.py:3722} INFO - Setting next_dagrun for example_dag_decorator to None, run_after=None
[2025-06-16T11:37:25.208-0300] {processor.py:179} INFO - Processing /mnt/c/Users/arcan/Documents/airflow/.venv/lib/python3.10/site-packages/airflow/example_dags/example_dag_decorator.py took 2.441 seconds
[2025-06-16T11:38:30.512-0300] {processor.py:157} INFO - Started process (PID=51894) to work on /mnt/c/Users/arcan/Documents/airflow/.venv/lib/python3.10/site-packages/airflow/example_dags/example_dag_decorator.py
[2025-06-16T11:38:30.517-0300] {processor.py:829} INFO - Processing file /mnt/c/Users/arcan/Documents/airflow/.venv/lib/python3.10/site-packages/airflow/example_dags/example_dag_decorator.py for tasks to queue
[2025-06-16T11:38:30.519-0300] {logging_mixin.py:154} INFO - [2025-06-16T11:38:30.518-0300] {dagbag.py:536} INFO - Filling up the DagBag from /mnt/c/Users/arcan/Documents/airflow/.venv/lib/python3.10/site-packages/airflow/example_dags/example_dag_decorator.py
[2025-06-16T11:38:31.182-0300] {processor.py:839} INFO - DAG(s) dict_keys(['example_dag_decorator']) retrieved from /mnt/c/Users/arcan/Documents/airflow/.venv/lib/python3.10/site-packages/airflow/example_dags/example_dag_decorator.py
[2025-06-16T11:38:32.739-0300] {logging_mixin.py:154} INFO - [2025-06-16T11:38:32.738-0300] {dag.py:2941} INFO - Sync 1 DAGs
[2025-06-16T11:38:32.751-0300] {logging_mixin.py:154} INFO - [2025-06-16T11:38:32.751-0300] {dag.py:3722} INFO - Setting next_dagrun for example_dag_decorator to None, run_after=None
[2025-06-16T11:38:32.836-0300] {processor.py:179} INFO - Processing /mnt/c/Users/arcan/Documents/airflow/.venv/lib/python3.10/site-packages/airflow/example_dags/example_dag_decorator.py took 2.328 seconds
[2025-06-16T11:39:40.096-0300] {processor.py:157} INFO - Started process (PID=52092) to work on /mnt/c/Users/arcan/Documents/airflow/.venv/lib/python3.10/site-packages/airflow/example_dags/example_dag_decorator.py
[2025-06-16T11:39:40.098-0300] {processor.py:829} INFO - Processing file /mnt/c/Users/arcan/Documents/airflow/.venv/lib/python3.10/site-packages/airflow/example_dags/example_dag_decorator.py for tasks to queue
[2025-06-16T11:39:40.100-0300] {logging_mixin.py:154} INFO - [2025-06-16T11:39:40.099-0300] {dagbag.py:536} INFO - Filling up the DagBag from /mnt/c/Users/arcan/Documents/airflow/.venv/lib/python3.10/site-packages/airflow/example_dags/example_dag_decorator.py
[2025-06-16T11:39:40.645-0300] {processor.py:839} INFO - DAG(s) dict_keys(['example_dag_decorator']) retrieved from /mnt/c/Users/arcan/Documents/airflow/.venv/lib/python3.10/site-packages/airflow/example_dags/example_dag_decorator.py
[2025-06-16T11:39:42.399-0300] {logging_mixin.py:154} INFO - [2025-06-16T11:39:42.399-0300] {dag.py:2941} INFO - Sync 1 DAGs
[2025-06-16T11:39:42.412-0300] {logging_mixin.py:154} INFO - [2025-06-16T11:39:42.412-0300] {dag.py:3722} INFO - Setting next_dagrun for example_dag_decorator to None, run_after=None
[2025-06-16T11:39:42.502-0300] {processor.py:179} INFO - Processing /mnt/c/Users/arcan/Documents/airflow/.venv/lib/python3.10/site-packages/airflow/example_dags/example_dag_decorator.py took 2.410 seconds
[2025-06-16T11:40:48.024-0300] {processor.py:157} INFO - Started process (PID=52293) to work on /mnt/c/Users/arcan/Documents/airflow/.venv/lib/python3.10/site-packages/airflow/example_dags/example_dag_decorator.py
[2025-06-16T11:40:48.026-0300] {processor.py:829} INFO - Processing file /mnt/c/Users/arcan/Documents/airflow/.venv/lib/python3.10/site-packages/airflow/example_dags/example_dag_decorator.py for tasks to queue
[2025-06-16T11:40:48.027-0300] {logging_mixin.py:154} INFO - [2025-06-16T11:40:48.027-0300] {dagbag.py:536} INFO - Filling up the DagBag from /mnt/c/Users/arcan/Documents/airflow/.venv/lib/python3.10/site-packages/airflow/example_dags/example_dag_decorator.py
[2025-06-16T11:40:48.568-0300] {processor.py:839} INFO - DAG(s) dict_keys(['example_dag_decorator']) retrieved from /mnt/c/Users/arcan/Documents/airflow/.venv/lib/python3.10/site-packages/airflow/example_dags/example_dag_decorator.py
[2025-06-16T11:40:48.612-0300] {logging_mixin.py:154} INFO - [2025-06-16T11:40:48.612-0300] {dag.py:2941} INFO - Sync 1 DAGs
[2025-06-16T11:40:48.630-0300] {logging_mixin.py:154} INFO - [2025-06-16T11:40:48.630-0300] {dag.py:3722} INFO - Setting next_dagrun for example_dag_decorator to None, run_after=None
[2025-06-16T11:40:48.726-0300] {processor.py:179} INFO - Processing /mnt/c/Users/arcan/Documents/airflow/.venv/lib/python3.10/site-packages/airflow/example_dags/example_dag_decorator.py took 0.706 seconds
[2025-06-16T11:41:48.759-0300] {processor.py:157} INFO - Started process (PID=52595) to work on /mnt/c/Users/arcan/Documents/airflow/.venv/lib/python3.10/site-packages/airflow/example_dags/example_dag_decorator.py
[2025-06-16T11:41:48.761-0300] {processor.py:829} INFO - Processing file /mnt/c/Users/arcan/Documents/airflow/.venv/lib/python3.10/site-packages/airflow/example_dags/example_dag_decorator.py for tasks to queue
[2025-06-16T11:41:48.762-0300] {logging_mixin.py:154} INFO - [2025-06-16T11:41:48.762-0300] {dagbag.py:536} INFO - Filling up the DagBag from /mnt/c/Users/arcan/Documents/airflow/.venv/lib/python3.10/site-packages/airflow/example_dags/example_dag_decorator.py
[2025-06-16T11:41:49.434-0300] {processor.py:839} INFO - DAG(s) dict_keys(['example_dag_decorator']) retrieved from /mnt/c/Users/arcan/Documents/airflow/.venv/lib/python3.10/site-packages/airflow/example_dags/example_dag_decorator.py
[2025-06-16T11:41:51.061-0300] {logging_mixin.py:154} INFO - [2025-06-16T11:41:51.061-0300] {dag.py:2941} INFO - Sync 1 DAGs
[2025-06-16T11:41:51.074-0300] {logging_mixin.py:154} INFO - [2025-06-16T11:41:51.074-0300] {dag.py:3722} INFO - Setting next_dagrun for example_dag_decorator to None, run_after=None
[2025-06-16T11:41:51.166-0300] {processor.py:179} INFO - Processing /mnt/c/Users/arcan/Documents/airflow/.venv/lib/python3.10/site-packages/airflow/example_dags/example_dag_decorator.py took 2.411 seconds
[2025-06-16T11:43:00.503-0300] {processor.py:157} INFO - Started process (PID=52807) to work on /mnt/c/Users/arcan/Documents/airflow/.venv/lib/python3.10/site-packages/airflow/example_dags/example_dag_decorator.py
[2025-06-16T11:43:00.504-0300] {processor.py:829} INFO - Processing file /mnt/c/Users/arcan/Documents/airflow/.venv/lib/python3.10/site-packages/airflow/example_dags/example_dag_decorator.py for tasks to queue
[2025-06-16T11:43:00.506-0300] {logging_mixin.py:154} INFO - [2025-06-16T11:43:00.506-0300] {dagbag.py:536} INFO - Filling up the DagBag from /mnt/c/Users/arcan/Documents/airflow/.venv/lib/python3.10/site-packages/airflow/example_dags/example_dag_decorator.py
[2025-06-16T11:43:01.029-0300] {processor.py:839} INFO - DAG(s) dict_keys(['example_dag_decorator']) retrieved from /mnt/c/Users/arcan/Documents/airflow/.venv/lib/python3.10/site-packages/airflow/example_dags/example_dag_decorator.py
[2025-06-16T11:43:02.771-0300] {logging_mixin.py:154} INFO - [2025-06-16T11:43:02.771-0300] {dag.py:2941} INFO - Sync 1 DAGs
[2025-06-16T11:43:02.784-0300] {logging_mixin.py:154} INFO - [2025-06-16T11:43:02.784-0300] {dag.py:3722} INFO - Setting next_dagrun for example_dag_decorator to None, run_after=None
[2025-06-16T11:43:02.871-0300] {processor.py:179} INFO - Processing /mnt/c/Users/arcan/Documents/airflow/.venv/lib/python3.10/site-packages/airflow/example_dags/example_dag_decorator.py took 2.372 seconds
[2025-06-16T11:44:08.389-0300] {processor.py:157} INFO - Started process (PID=53005) to work on /mnt/c/Users/arcan/Documents/airflow/.venv/lib/python3.10/site-packages/airflow/example_dags/example_dag_decorator.py
[2025-06-16T11:44:08.391-0300] {processor.py:829} INFO - Processing file /mnt/c/Users/arcan/Documents/airflow/.venv/lib/python3.10/site-packages/airflow/example_dags/example_dag_decorator.py for tasks to queue
[2025-06-16T11:44:08.392-0300] {logging_mixin.py:154} INFO - [2025-06-16T11:44:08.392-0300] {dagbag.py:536} INFO - Filling up the DagBag from /mnt/c/Users/arcan/Documents/airflow/.venv/lib/python3.10/site-packages/airflow/example_dags/example_dag_decorator.py
[2025-06-16T11:44:09.063-0300] {processor.py:839} INFO - DAG(s) dict_keys(['example_dag_decorator']) retrieved from /mnt/c/Users/arcan/Documents/airflow/.venv/lib/python3.10/site-packages/airflow/example_dags/example_dag_decorator.py
[2025-06-16T11:44:10.673-0300] {logging_mixin.py:154} INFO - [2025-06-16T11:44:10.673-0300] {dag.py:2941} INFO - Sync 1 DAGs
[2025-06-16T11:44:10.685-0300] {logging_mixin.py:154} INFO - [2025-06-16T11:44:10.685-0300] {dag.py:3722} INFO - Setting next_dagrun for example_dag_decorator to None, run_after=None
[2025-06-16T11:44:10.780-0300] {processor.py:179} INFO - Processing /mnt/c/Users/arcan/Documents/airflow/.venv/lib/python3.10/site-packages/airflow/example_dags/example_dag_decorator.py took 2.395 seconds
[2025-06-16T11:45:16.046-0300] {processor.py:157} INFO - Started process (PID=53206) to work on /mnt/c/Users/arcan/Documents/airflow/.venv/lib/python3.10/site-packages/airflow/example_dags/example_dag_decorator.py
[2025-06-16T11:45:16.048-0300] {processor.py:829} INFO - Processing file /mnt/c/Users/arcan/Documents/airflow/.venv/lib/python3.10/site-packages/airflow/example_dags/example_dag_decorator.py for tasks to queue
[2025-06-16T11:45:16.050-0300] {logging_mixin.py:154} INFO - [2025-06-16T11:45:16.049-0300] {dagbag.py:536} INFO - Filling up the DagBag from /mnt/c/Users/arcan/Documents/airflow/.venv/lib/python3.10/site-packages/airflow/example_dags/example_dag_decorator.py
[2025-06-16T11:45:16.687-0300] {processor.py:839} INFO - DAG(s) dict_keys(['example_dag_decorator']) retrieved from /mnt/c/Users/arcan/Documents/airflow/.venv/lib/python3.10/site-packages/airflow/example_dags/example_dag_decorator.py
[2025-06-16T11:45:18.372-0300] {logging_mixin.py:154} INFO - [2025-06-16T11:45:18.371-0300] {dag.py:2941} INFO - Sync 1 DAGs
[2025-06-16T11:45:18.386-0300] {logging_mixin.py:154} INFO - [2025-06-16T11:45:18.386-0300] {dag.py:3722} INFO - Setting next_dagrun for example_dag_decorator to None, run_after=None
[2025-06-16T11:45:18.487-0300] {processor.py:179} INFO - Processing /mnt/c/Users/arcan/Documents/airflow/.venv/lib/python3.10/site-packages/airflow/example_dags/example_dag_decorator.py took 2.445 seconds
[2025-06-16T11:46:20.920-0300] {processor.py:157} INFO - Started process (PID=53395) to work on /mnt/c/Users/arcan/Documents/airflow/.venv/lib/python3.10/site-packages/airflow/example_dags/example_dag_decorator.py
[2025-06-16T11:46:20.922-0300] {processor.py:829} INFO - Processing file /mnt/c/Users/arcan/Documents/airflow/.venv/lib/python3.10/site-packages/airflow/example_dags/example_dag_decorator.py for tasks to queue
[2025-06-16T11:46:20.924-0300] {logging_mixin.py:154} INFO - [2025-06-16T11:46:20.924-0300] {dagbag.py:536} INFO - Filling up the DagBag from /mnt/c/Users/arcan/Documents/airflow/.venv/lib/python3.10/site-packages/airflow/example_dags/example_dag_decorator.py
[2025-06-16T11:46:21.453-0300] {processor.py:839} INFO - DAG(s) dict_keys(['example_dag_decorator']) retrieved from /mnt/c/Users/arcan/Documents/airflow/.venv/lib/python3.10/site-packages/airflow/example_dags/example_dag_decorator.py
[2025-06-16T11:46:23.103-0300] {logging_mixin.py:154} INFO - [2025-06-16T11:46:23.103-0300] {dag.py:2941} INFO - Sync 1 DAGs
[2025-06-16T11:46:23.118-0300] {logging_mixin.py:154} INFO - [2025-06-16T11:46:23.117-0300] {dag.py:3722} INFO - Setting next_dagrun for example_dag_decorator to None, run_after=None
[2025-06-16T11:46:23.216-0300] {processor.py:179} INFO - Processing /mnt/c/Users/arcan/Documents/airflow/.venv/lib/python3.10/site-packages/airflow/example_dags/example_dag_decorator.py took 2.300 seconds
[2025-06-16T11:47:28.495-0300] {processor.py:157} INFO - Started process (PID=53595) to work on /mnt/c/Users/arcan/Documents/airflow/.venv/lib/python3.10/site-packages/airflow/example_dags/example_dag_decorator.py
[2025-06-16T11:47:28.497-0300] {processor.py:829} INFO - Processing file /mnt/c/Users/arcan/Documents/airflow/.venv/lib/python3.10/site-packages/airflow/example_dags/example_dag_decorator.py for tasks to queue
[2025-06-16T11:47:28.499-0300] {logging_mixin.py:154} INFO - [2025-06-16T11:47:28.498-0300] {dagbag.py:536} INFO - Filling up the DagBag from /mnt/c/Users/arcan/Documents/airflow/.venv/lib/python3.10/site-packages/airflow/example_dags/example_dag_decorator.py
[2025-06-16T11:47:29.085-0300] {processor.py:839} INFO - DAG(s) dict_keys(['example_dag_decorator']) retrieved from /mnt/c/Users/arcan/Documents/airflow/.venv/lib/python3.10/site-packages/airflow/example_dags/example_dag_decorator.py
[2025-06-16T11:47:30.746-0300] {logging_mixin.py:154} INFO - [2025-06-16T11:47:30.746-0300] {dag.py:2941} INFO - Sync 1 DAGs
[2025-06-16T11:47:30.760-0300] {logging_mixin.py:154} INFO - [2025-06-16T11:47:30.760-0300] {dag.py:3722} INFO - Setting next_dagrun for example_dag_decorator to None, run_after=None
[2025-06-16T11:47:30.840-0300] {processor.py:179} INFO - Processing /mnt/c/Users/arcan/Documents/airflow/.venv/lib/python3.10/site-packages/airflow/example_dags/example_dag_decorator.py took 2.350 seconds
[2025-06-16T11:48:34.022-0300] {processor.py:157} INFO - Started process (PID=53792) to work on /mnt/c/Users/arcan/Documents/airflow/.venv/lib/python3.10/site-packages/airflow/example_dags/example_dag_decorator.py
[2025-06-16T11:48:34.024-0300] {processor.py:829} INFO - Processing file /mnt/c/Users/arcan/Documents/airflow/.venv/lib/python3.10/site-packages/airflow/example_dags/example_dag_decorator.py for tasks to queue
[2025-06-16T11:48:34.026-0300] {logging_mixin.py:154} INFO - [2025-06-16T11:48:34.026-0300] {dagbag.py:536} INFO - Filling up the DagBag from /mnt/c/Users/arcan/Documents/airflow/.venv/lib/python3.10/site-packages/airflow/example_dags/example_dag_decorator.py
[2025-06-16T11:48:34.586-0300] {processor.py:839} INFO - DAG(s) dict_keys(['example_dag_decorator']) retrieved from /mnt/c/Users/arcan/Documents/airflow/.venv/lib/python3.10/site-packages/airflow/example_dags/example_dag_decorator.py
[2025-06-16T11:48:34.637-0300] {logging_mixin.py:154} INFO - [2025-06-16T11:48:34.637-0300] {dag.py:2941} INFO - Sync 1 DAGs
[2025-06-16T11:48:34.656-0300] {logging_mixin.py:154} INFO - [2025-06-16T11:48:34.656-0300] {dag.py:3722} INFO - Setting next_dagrun for example_dag_decorator to None, run_after=None
[2025-06-16T11:48:34.748-0300] {processor.py:179} INFO - Processing /mnt/c/Users/arcan/Documents/airflow/.venv/lib/python3.10/site-packages/airflow/example_dags/example_dag_decorator.py took 0.732 seconds
[2025-06-16T11:49:34.770-0300] {processor.py:157} INFO - Started process (PID=54097) to work on /mnt/c/Users/arcan/Documents/airflow/.venv/lib/python3.10/site-packages/airflow/example_dags/example_dag_decorator.py
[2025-06-16T11:49:34.772-0300] {processor.py:829} INFO - Processing file /mnt/c/Users/arcan/Documents/airflow/.venv/lib/python3.10/site-packages/airflow/example_dags/example_dag_decorator.py for tasks to queue
[2025-06-16T11:49:34.774-0300] {logging_mixin.py:154} INFO - [2025-06-16T11:49:34.773-0300] {dagbag.py:536} INFO - Filling up the DagBag from /mnt/c/Users/arcan/Documents/airflow/.venv/lib/python3.10/site-packages/airflow/example_dags/example_dag_decorator.py
[2025-06-16T11:49:35.304-0300] {processor.py:839} INFO - DAG(s) dict_keys(['example_dag_decorator']) retrieved from /mnt/c/Users/arcan/Documents/airflow/.venv/lib/python3.10/site-packages/airflow/example_dags/example_dag_decorator.py
[2025-06-16T11:49:35.341-0300] {logging_mixin.py:154} INFO - [2025-06-16T11:49:35.341-0300] {dag.py:2941} INFO - Sync 1 DAGs
[2025-06-16T11:49:35.358-0300] {logging_mixin.py:154} INFO - [2025-06-16T11:49:35.357-0300] {dag.py:3722} INFO - Setting next_dagrun for example_dag_decorator to None, run_after=None
[2025-06-16T11:49:35.467-0300] {processor.py:179} INFO - Processing /mnt/c/Users/arcan/Documents/airflow/.venv/lib/python3.10/site-packages/airflow/example_dags/example_dag_decorator.py took 0.701 seconds
[2025-06-16T11:50:36.789-0300] {processor.py:157} INFO - Started process (PID=54279) to work on /mnt/c/Users/arcan/Documents/airflow/.venv/lib/python3.10/site-packages/airflow/example_dags/example_dag_decorator.py
[2025-06-16T11:50:36.790-0300] {processor.py:829} INFO - Processing file /mnt/c/Users/arcan/Documents/airflow/.venv/lib/python3.10/site-packages/airflow/example_dags/example_dag_decorator.py for tasks to queue
[2025-06-16T11:50:36.792-0300] {logging_mixin.py:154} INFO - [2025-06-16T11:50:36.791-0300] {dagbag.py:536} INFO - Filling up the DagBag from /mnt/c/Users/arcan/Documents/airflow/.venv/lib/python3.10/site-packages/airflow/example_dags/example_dag_decorator.py
[2025-06-16T11:50:37.321-0300] {processor.py:839} INFO - DAG(s) dict_keys(['example_dag_decorator']) retrieved from /mnt/c/Users/arcan/Documents/airflow/.venv/lib/python3.10/site-packages/airflow/example_dags/example_dag_decorator.py
[2025-06-16T11:50:37.363-0300] {logging_mixin.py:154} INFO - [2025-06-16T11:50:37.363-0300] {dag.py:2941} INFO - Sync 1 DAGs
[2025-06-16T11:50:37.380-0300] {logging_mixin.py:154} INFO - [2025-06-16T11:50:37.380-0300] {dag.py:3722} INFO - Setting next_dagrun for example_dag_decorator to None, run_after=None
[2025-06-16T11:50:37.470-0300] {processor.py:179} INFO - Processing /mnt/c/Users/arcan/Documents/airflow/.venv/lib/python3.10/site-packages/airflow/example_dags/example_dag_decorator.py took 0.685 seconds
[2025-06-16T11:51:39.112-0300] {processor.py:157} INFO - Started process (PID=54461) to work on /mnt/c/Users/arcan/Documents/airflow/.venv/lib/python3.10/site-packages/airflow/example_dags/example_dag_decorator.py
[2025-06-16T11:51:39.114-0300] {processor.py:829} INFO - Processing file /mnt/c/Users/arcan/Documents/airflow/.venv/lib/python3.10/site-packages/airflow/example_dags/example_dag_decorator.py for tasks to queue
[2025-06-16T11:51:39.115-0300] {logging_mixin.py:154} INFO - [2025-06-16T11:51:39.115-0300] {dagbag.py:536} INFO - Filling up the DagBag from /mnt/c/Users/arcan/Documents/airflow/.venv/lib/python3.10/site-packages/airflow/example_dags/example_dag_decorator.py
[2025-06-16T11:51:39.621-0300] {processor.py:839} INFO - DAG(s) dict_keys(['example_dag_decorator']) retrieved from /mnt/c/Users/arcan/Documents/airflow/.venv/lib/python3.10/site-packages/airflow/example_dags/example_dag_decorator.py
[2025-06-16T11:51:39.669-0300] {logging_mixin.py:154} INFO - [2025-06-16T11:51:39.669-0300] {dag.py:2941} INFO - Sync 1 DAGs
[2025-06-16T11:51:39.688-0300] {logging_mixin.py:154} INFO - [2025-06-16T11:51:39.687-0300] {dag.py:3722} INFO - Setting next_dagrun for example_dag_decorator to None, run_after=None
[2025-06-16T11:51:39.783-0300] {processor.py:179} INFO - Processing /mnt/c/Users/arcan/Documents/airflow/.venv/lib/python3.10/site-packages/airflow/example_dags/example_dag_decorator.py took 0.675 seconds
[2025-06-16T11:52:46.018-0300] {processor.py:157} INFO - Started process (PID=54661) to work on /mnt/c/Users/arcan/Documents/airflow/.venv/lib/python3.10/site-packages/airflow/example_dags/example_dag_decorator.py
[2025-06-16T11:52:46.019-0300] {processor.py:829} INFO - Processing file /mnt/c/Users/arcan/Documents/airflow/.venv/lib/python3.10/site-packages/airflow/example_dags/example_dag_decorator.py for tasks to queue
[2025-06-16T11:52:46.022-0300] {logging_mixin.py:154} INFO - [2025-06-16T11:52:46.021-0300] {dagbag.py:536} INFO - Filling up the DagBag from /mnt/c/Users/arcan/Documents/airflow/.venv/lib/python3.10/site-packages/airflow/example_dags/example_dag_decorator.py
[2025-06-16T11:52:46.558-0300] {processor.py:839} INFO - DAG(s) dict_keys(['example_dag_decorator']) retrieved from /mnt/c/Users/arcan/Documents/airflow/.venv/lib/python3.10/site-packages/airflow/example_dags/example_dag_decorator.py
[2025-06-16T11:52:46.604-0300] {logging_mixin.py:154} INFO - [2025-06-16T11:52:46.604-0300] {dag.py:2941} INFO - Sync 1 DAGs
[2025-06-16T11:52:46.622-0300] {logging_mixin.py:154} INFO - [2025-06-16T11:52:46.622-0300] {dag.py:3722} INFO - Setting next_dagrun for example_dag_decorator to None, run_after=None
[2025-06-16T11:52:46.712-0300] {processor.py:179} INFO - Processing /mnt/c/Users/arcan/Documents/airflow/.venv/lib/python3.10/site-packages/airflow/example_dags/example_dag_decorator.py took 0.699 seconds
[2025-06-16T11:53:48.992-0300] {processor.py:157} INFO - Started process (PID=54849) to work on /mnt/c/Users/arcan/Documents/airflow/.venv/lib/python3.10/site-packages/airflow/example_dags/example_dag_decorator.py
[2025-06-16T11:53:48.994-0300] {processor.py:829} INFO - Processing file /mnt/c/Users/arcan/Documents/airflow/.venv/lib/python3.10/site-packages/airflow/example_dags/example_dag_decorator.py for tasks to queue
[2025-06-16T11:53:48.996-0300] {logging_mixin.py:154} INFO - [2025-06-16T11:53:48.995-0300] {dagbag.py:536} INFO - Filling up the DagBag from /mnt/c/Users/arcan/Documents/airflow/.venv/lib/python3.10/site-packages/airflow/example_dags/example_dag_decorator.py
[2025-06-16T11:53:49.516-0300] {processor.py:839} INFO - DAG(s) dict_keys(['example_dag_decorator']) retrieved from /mnt/c/Users/arcan/Documents/airflow/.venv/lib/python3.10/site-packages/airflow/example_dags/example_dag_decorator.py
[2025-06-16T11:53:49.562-0300] {logging_mixin.py:154} INFO - [2025-06-16T11:53:49.562-0300] {dag.py:2941} INFO - Sync 1 DAGs
[2025-06-16T11:53:49.584-0300] {logging_mixin.py:154} INFO - [2025-06-16T11:53:49.584-0300] {dag.py:3722} INFO - Setting next_dagrun for example_dag_decorator to None, run_after=None
[2025-06-16T11:53:49.684-0300] {processor.py:179} INFO - Processing /mnt/c/Users/arcan/Documents/airflow/.venv/lib/python3.10/site-packages/airflow/example_dags/example_dag_decorator.py took 0.696 seconds
[2025-06-16T11:54:52.758-0300] {processor.py:157} INFO - Started process (PID=55039) to work on /mnt/c/Users/arcan/Documents/airflow/.venv/lib/python3.10/site-packages/airflow/example_dags/example_dag_decorator.py
[2025-06-16T11:54:52.760-0300] {processor.py:829} INFO - Processing file /mnt/c/Users/arcan/Documents/airflow/.venv/lib/python3.10/site-packages/airflow/example_dags/example_dag_decorator.py for tasks to queue
[2025-06-16T11:54:52.761-0300] {logging_mixin.py:154} INFO - [2025-06-16T11:54:52.760-0300] {dagbag.py:536} INFO - Filling up the DagBag from /mnt/c/Users/arcan/Documents/airflow/.venv/lib/python3.10/site-packages/airflow/example_dags/example_dag_decorator.py
[2025-06-16T11:54:53.293-0300] {processor.py:839} INFO - DAG(s) dict_keys(['example_dag_decorator']) retrieved from /mnt/c/Users/arcan/Documents/airflow/.venv/lib/python3.10/site-packages/airflow/example_dags/example_dag_decorator.py
[2025-06-16T11:54:53.340-0300] {logging_mixin.py:154} INFO - [2025-06-16T11:54:53.340-0300] {dag.py:2941} INFO - Sync 1 DAGs
[2025-06-16T11:54:53.359-0300] {logging_mixin.py:154} INFO - [2025-06-16T11:54:53.358-0300] {dag.py:3722} INFO - Setting next_dagrun for example_dag_decorator to None, run_after=None
[2025-06-16T11:54:53.450-0300] {processor.py:179} INFO - Processing /mnt/c/Users/arcan/Documents/airflow/.venv/lib/python3.10/site-packages/airflow/example_dags/example_dag_decorator.py took 0.696 seconds
[2025-06-16T11:55:50.792-0300] {processor.py:157} INFO - Started process (PID=55216) to work on /mnt/c/Users/arcan/Documents/airflow/.venv/lib/python3.10/site-packages/airflow/example_dags/example_dag_decorator.py
[2025-06-16T11:55:50.794-0300] {processor.py:829} INFO - Processing file /mnt/c/Users/arcan/Documents/airflow/.venv/lib/python3.10/site-packages/airflow/example_dags/example_dag_decorator.py for tasks to queue
[2025-06-16T11:55:50.795-0300] {logging_mixin.py:154} INFO - [2025-06-16T11:55:50.795-0300] {dagbag.py:536} INFO - Filling up the DagBag from /mnt/c/Users/arcan/Documents/airflow/.venv/lib/python3.10/site-packages/airflow/example_dags/example_dag_decorator.py
[2025-06-16T11:55:51.317-0300] {processor.py:839} INFO - DAG(s) dict_keys(['example_dag_decorator']) retrieved from /mnt/c/Users/arcan/Documents/airflow/.venv/lib/python3.10/site-packages/airflow/example_dags/example_dag_decorator.py
[2025-06-16T11:55:52.898-0300] {logging_mixin.py:154} INFO - [2025-06-16T11:55:52.898-0300] {dag.py:2941} INFO - Sync 1 DAGs
[2025-06-16T11:55:52.914-0300] {logging_mixin.py:154} INFO - [2025-06-16T11:55:52.913-0300] {dag.py:3722} INFO - Setting next_dagrun for example_dag_decorator to None, run_after=None
[2025-06-16T11:55:53.008-0300] {processor.py:179} INFO - Processing /mnt/c/Users/arcan/Documents/airflow/.venv/lib/python3.10/site-packages/airflow/example_dags/example_dag_decorator.py took 2.220 seconds
[2025-06-16T11:56:56.842-0300] {processor.py:157} INFO - Started process (PID=55534) to work on /mnt/c/Users/arcan/Documents/airflow/.venv/lib/python3.10/site-packages/airflow/example_dags/example_dag_decorator.py
[2025-06-16T11:56:56.844-0300] {processor.py:829} INFO - Processing file /mnt/c/Users/arcan/Documents/airflow/.venv/lib/python3.10/site-packages/airflow/example_dags/example_dag_decorator.py for tasks to queue
[2025-06-16T11:56:56.846-0300] {logging_mixin.py:154} INFO - [2025-06-16T11:56:56.845-0300] {dagbag.py:536} INFO - Filling up the DagBag from /mnt/c/Users/arcan/Documents/airflow/.venv/lib/python3.10/site-packages/airflow/example_dags/example_dag_decorator.py
[2025-06-16T11:56:57.369-0300] {processor.py:839} INFO - DAG(s) dict_keys(['example_dag_decorator']) retrieved from /mnt/c/Users/arcan/Documents/airflow/.venv/lib/python3.10/site-packages/airflow/example_dags/example_dag_decorator.py
[2025-06-16T11:56:59.002-0300] {logging_mixin.py:154} INFO - [2025-06-16T11:56:59.002-0300] {dag.py:2941} INFO - Sync 1 DAGs
[2025-06-16T11:56:59.018-0300] {logging_mixin.py:154} INFO - [2025-06-16T11:56:59.018-0300] {dag.py:3722} INFO - Setting next_dagrun for example_dag_decorator to None, run_after=None
[2025-06-16T11:56:59.112-0300] {processor.py:179} INFO - Processing /mnt/c/Users/arcan/Documents/airflow/.venv/lib/python3.10/site-packages/airflow/example_dags/example_dag_decorator.py took 2.275 seconds
[2025-06-16T11:57:59.785-0300] {processor.py:157} INFO - Started process (PID=55724) to work on /mnt/c/Users/arcan/Documents/airflow/.venv/lib/python3.10/site-packages/airflow/example_dags/example_dag_decorator.py
[2025-06-16T11:57:59.787-0300] {processor.py:829} INFO - Processing file /mnt/c/Users/arcan/Documents/airflow/.venv/lib/python3.10/site-packages/airflow/example_dags/example_dag_decorator.py for tasks to queue
[2025-06-16T11:57:59.790-0300] {logging_mixin.py:154} INFO - [2025-06-16T11:57:59.789-0300] {dagbag.py:536} INFO - Filling up the DagBag from /mnt/c/Users/arcan/Documents/airflow/.venv/lib/python3.10/site-packages/airflow/example_dags/example_dag_decorator.py
[2025-06-16T11:58:00.326-0300] {processor.py:839} INFO - DAG(s) dict_keys(['example_dag_decorator']) retrieved from /mnt/c/Users/arcan/Documents/airflow/.venv/lib/python3.10/site-packages/airflow/example_dags/example_dag_decorator.py
[2025-06-16T11:58:02.027-0300] {logging_mixin.py:154} INFO - [2025-06-16T11:58:02.026-0300] {dag.py:2941} INFO - Sync 1 DAGs
[2025-06-16T11:58:02.041-0300] {logging_mixin.py:154} INFO - [2025-06-16T11:58:02.041-0300] {dag.py:3722} INFO - Setting next_dagrun for example_dag_decorator to None, run_after=None
[2025-06-16T11:58:02.138-0300] {processor.py:179} INFO - Processing /mnt/c/Users/arcan/Documents/airflow/.venv/lib/python3.10/site-packages/airflow/example_dags/example_dag_decorator.py took 2.356 seconds
[2025-06-16T11:59:04.273-0300] {processor.py:157} INFO - Started process (PID=55914) to work on /mnt/c/Users/arcan/Documents/airflow/.venv/lib/python3.10/site-packages/airflow/example_dags/example_dag_decorator.py
[2025-06-16T11:59:04.275-0300] {processor.py:829} INFO - Processing file /mnt/c/Users/arcan/Documents/airflow/.venv/lib/python3.10/site-packages/airflow/example_dags/example_dag_decorator.py for tasks to queue
[2025-06-16T11:59:04.276-0300] {logging_mixin.py:154} INFO - [2025-06-16T11:59:04.276-0300] {dagbag.py:536} INFO - Filling up the DagBag from /mnt/c/Users/arcan/Documents/airflow/.venv/lib/python3.10/site-packages/airflow/example_dags/example_dag_decorator.py
[2025-06-16T11:59:04.812-0300] {processor.py:839} INFO - DAG(s) dict_keys(['example_dag_decorator']) retrieved from /mnt/c/Users/arcan/Documents/airflow/.venv/lib/python3.10/site-packages/airflow/example_dags/example_dag_decorator.py
[2025-06-16T11:59:06.429-0300] {logging_mixin.py:154} INFO - [2025-06-16T11:59:06.429-0300] {dag.py:2941} INFO - Sync 1 DAGs
[2025-06-16T11:59:06.445-0300] {logging_mixin.py:154} INFO - [2025-06-16T11:59:06.445-0300] {dag.py:3722} INFO - Setting next_dagrun for example_dag_decorator to None, run_after=None
[2025-06-16T11:59:06.545-0300] {processor.py:179} INFO - Processing /mnt/c/Users/arcan/Documents/airflow/.venv/lib/python3.10/site-packages/airflow/example_dags/example_dag_decorator.py took 2.276 seconds
[2025-06-16T12:00:07.397-0300] {processor.py:157} INFO - Started process (PID=56105) to work on /mnt/c/Users/arcan/Documents/airflow/.venv/lib/python3.10/site-packages/airflow/example_dags/example_dag_decorator.py
[2025-06-16T12:00:07.399-0300] {processor.py:829} INFO - Processing file /mnt/c/Users/arcan/Documents/airflow/.venv/lib/python3.10/site-packages/airflow/example_dags/example_dag_decorator.py for tasks to queue
[2025-06-16T12:00:07.401-0300] {logging_mixin.py:154} INFO - [2025-06-16T12:00:07.401-0300] {dagbag.py:536} INFO - Filling up the DagBag from /mnt/c/Users/arcan/Documents/airflow/.venv/lib/python3.10/site-packages/airflow/example_dags/example_dag_decorator.py
[2025-06-16T12:00:07.937-0300] {processor.py:839} INFO - DAG(s) dict_keys(['example_dag_decorator']) retrieved from /mnt/c/Users/arcan/Documents/airflow/.venv/lib/python3.10/site-packages/airflow/example_dags/example_dag_decorator.py
[2025-06-16T12:00:09.669-0300] {logging_mixin.py:154} INFO - [2025-06-16T12:00:09.669-0300] {dag.py:2941} INFO - Sync 1 DAGs
[2025-06-16T12:00:09.685-0300] {logging_mixin.py:154} INFO - [2025-06-16T12:00:09.685-0300] {dag.py:3722} INFO - Setting next_dagrun for example_dag_decorator to None, run_after=None
[2025-06-16T12:00:09.786-0300] {processor.py:179} INFO - Processing /mnt/c/Users/arcan/Documents/airflow/.venv/lib/python3.10/site-packages/airflow/example_dags/example_dag_decorator.py took 2.393 seconds
[2025-06-16T12:01:12.993-0300] {processor.py:157} INFO - Started process (PID=56303) to work on /mnt/c/Users/arcan/Documents/airflow/.venv/lib/python3.10/site-packages/airflow/example_dags/example_dag_decorator.py
[2025-06-16T12:01:12.995-0300] {processor.py:829} INFO - Processing file /mnt/c/Users/arcan/Documents/airflow/.venv/lib/python3.10/site-packages/airflow/example_dags/example_dag_decorator.py for tasks to queue
[2025-06-16T12:01:12.996-0300] {logging_mixin.py:154} INFO - [2025-06-16T12:01:12.996-0300] {dagbag.py:536} INFO - Filling up the DagBag from /mnt/c/Users/arcan/Documents/airflow/.venv/lib/python3.10/site-packages/airflow/example_dags/example_dag_decorator.py
[2025-06-16T12:01:13.542-0300] {processor.py:839} INFO - DAG(s) dict_keys(['example_dag_decorator']) retrieved from /mnt/c/Users/arcan/Documents/airflow/.venv/lib/python3.10/site-packages/airflow/example_dags/example_dag_decorator.py
[2025-06-16T12:01:15.170-0300] {logging_mixin.py:154} INFO - [2025-06-16T12:01:15.169-0300] {dag.py:2941} INFO - Sync 1 DAGs
[2025-06-16T12:01:15.185-0300] {logging_mixin.py:154} INFO - [2025-06-16T12:01:15.184-0300] {dag.py:3722} INFO - Setting next_dagrun for example_dag_decorator to None, run_after=None
[2025-06-16T12:01:15.278-0300] {processor.py:179} INFO - Processing /mnt/c/Users/arcan/Documents/airflow/.venv/lib/python3.10/site-packages/airflow/example_dags/example_dag_decorator.py took 2.290 seconds
[2025-06-16T12:02:21.283-0300] {processor.py:157} INFO - Started process (PID=56506) to work on /mnt/c/Users/arcan/Documents/airflow/.venv/lib/python3.10/site-packages/airflow/example_dags/example_dag_decorator.py
[2025-06-16T12:02:21.285-0300] {processor.py:829} INFO - Processing file /mnt/c/Users/arcan/Documents/airflow/.venv/lib/python3.10/site-packages/airflow/example_dags/example_dag_decorator.py for tasks to queue
[2025-06-16T12:02:21.286-0300] {logging_mixin.py:154} INFO - [2025-06-16T12:02:21.286-0300] {dagbag.py:536} INFO - Filling up the DagBag from /mnt/c/Users/arcan/Documents/airflow/.venv/lib/python3.10/site-packages/airflow/example_dags/example_dag_decorator.py
[2025-06-16T12:02:21.782-0300] {processor.py:839} INFO - DAG(s) dict_keys(['example_dag_decorator']) retrieved from /mnt/c/Users/arcan/Documents/airflow/.venv/lib/python3.10/site-packages/airflow/example_dags/example_dag_decorator.py
[2025-06-16T12:02:23.362-0300] {logging_mixin.py:154} INFO - [2025-06-16T12:02:23.362-0300] {dag.py:2941} INFO - Sync 1 DAGs
[2025-06-16T12:02:23.376-0300] {logging_mixin.py:154} INFO - [2025-06-16T12:02:23.376-0300] {dag.py:3722} INFO - Setting next_dagrun for example_dag_decorator to None, run_after=None
[2025-06-16T12:02:23.468-0300] {processor.py:179} INFO - Processing /mnt/c/Users/arcan/Documents/airflow/.venv/lib/python3.10/site-packages/airflow/example_dags/example_dag_decorator.py took 2.188 seconds
[2025-06-16T12:03:28.524-0300] {processor.py:157} INFO - Started process (PID=56826) to work on /mnt/c/Users/arcan/Documents/airflow/.venv/lib/python3.10/site-packages/airflow/example_dags/example_dag_decorator.py
[2025-06-16T12:03:28.526-0300] {processor.py:829} INFO - Processing file /mnt/c/Users/arcan/Documents/airflow/.venv/lib/python3.10/site-packages/airflow/example_dags/example_dag_decorator.py for tasks to queue
[2025-06-16T12:03:28.528-0300] {logging_mixin.py:154} INFO - [2025-06-16T12:03:28.528-0300] {dagbag.py:536} INFO - Filling up the DagBag from /mnt/c/Users/arcan/Documents/airflow/.venv/lib/python3.10/site-packages/airflow/example_dags/example_dag_decorator.py
[2025-06-16T12:03:29.065-0300] {processor.py:839} INFO - DAG(s) dict_keys(['example_dag_decorator']) retrieved from /mnt/c/Users/arcan/Documents/airflow/.venv/lib/python3.10/site-packages/airflow/example_dags/example_dag_decorator.py
[2025-06-16T12:03:30.748-0300] {logging_mixin.py:154} INFO - [2025-06-16T12:03:30.748-0300] {dag.py:2941} INFO - Sync 1 DAGs
[2025-06-16T12:03:30.761-0300] {logging_mixin.py:154} INFO - [2025-06-16T12:03:30.761-0300] {dag.py:3722} INFO - Setting next_dagrun for example_dag_decorator to None, run_after=None
[2025-06-16T12:03:30.861-0300] {processor.py:179} INFO - Processing /mnt/c/Users/arcan/Documents/airflow/.venv/lib/python3.10/site-packages/airflow/example_dags/example_dag_decorator.py took 2.341 seconds
[2025-06-16T12:04:33.422-0300] {processor.py:157} INFO - Started process (PID=57024) to work on /mnt/c/Users/arcan/Documents/airflow/.venv/lib/python3.10/site-packages/airflow/example_dags/example_dag_decorator.py
[2025-06-16T12:04:33.423-0300] {processor.py:829} INFO - Processing file /mnt/c/Users/arcan/Documents/airflow/.venv/lib/python3.10/site-packages/airflow/example_dags/example_dag_decorator.py for tasks to queue
[2025-06-16T12:04:33.425-0300] {logging_mixin.py:154} INFO - [2025-06-16T12:04:33.424-0300] {dagbag.py:536} INFO - Filling up the DagBag from /mnt/c/Users/arcan/Documents/airflow/.venv/lib/python3.10/site-packages/airflow/example_dags/example_dag_decorator.py
[2025-06-16T12:04:33.977-0300] {processor.py:839} INFO - DAG(s) dict_keys(['example_dag_decorator']) retrieved from /mnt/c/Users/arcan/Documents/airflow/.venv/lib/python3.10/site-packages/airflow/example_dags/example_dag_decorator.py
[2025-06-16T12:04:34.024-0300] {logging_mixin.py:154} INFO - [2025-06-16T12:04:34.024-0300] {dag.py:2941} INFO - Sync 1 DAGs
[2025-06-16T12:04:34.044-0300] {logging_mixin.py:154} INFO - [2025-06-16T12:04:34.044-0300] {dag.py:3722} INFO - Setting next_dagrun for example_dag_decorator to None, run_after=None
[2025-06-16T12:04:34.134-0300] {processor.py:179} INFO - Processing /mnt/c/Users/arcan/Documents/airflow/.venv/lib/python3.10/site-packages/airflow/example_dags/example_dag_decorator.py took 0.717 seconds
