[2025-06-16T10:51:42.263-0300] {processor.py:157} INFO - Started process (PID=42993) to work on /mnt/c/Users/arcan/Documents/airflow/.venv/lib/python3.10/site-packages/airflow/example_dags/example_sla_dag.py
[2025-06-16T10:51:42.265-0300] {processor.py:829} INFO - Processing file /mnt/c/Users/arcan/Documents/airflow/.venv/lib/python3.10/site-packages/airflow/example_dags/example_sla_dag.py for tasks to queue
[2025-06-16T10:51:42.266-0300] {logging_mixin.py:154} INFO - [2025-06-16T10:51:42.266-0300] {dagbag.py:536} INFO - Filling up the DagBag from /mnt/c/Users/arcan/Documents/airflow/.venv/lib/python3.10/site-packages/airflow/example_dags/example_sla_dag.py
[2025-06-16T10:51:42.309-0300] {processor.py:839} INFO - DAG(s) dict_keys(['example_sla_dag']) retrieved from /mnt/c/Users/arcan/Documents/airflow/.venv/lib/python3.10/site-packages/airflow/example_dags/example_sla_dag.py
[2025-06-16T10:51:42.357-0300] {logging_mixin.py:154} INFO - [2025-06-16T10:51:42.357-0300] {dag.py:2941} INFO - Sync 1 DAGs
[2025-06-16T10:51:42.386-0300] {logging_mixin.py:154} INFO - [2025-06-16T10:51:42.386-0300] {dag.py:3722} INFO - Setting next_dagrun for example_sla_dag to 2025-06-16T13:48:00+00:00, run_after=2025-06-16T13:50:00+00:00
[2025-06-16T10:51:42.471-0300] {processor.py:179} INFO - Processing /mnt/c/Users/arcan/Documents/airflow/.venv/lib/python3.10/site-packages/airflow/example_dags/example_sla_dag.py took 0.212 seconds
[2025-06-16T10:52:45.212-0300] {processor.py:157} INFO - Started process (PID=43175) to work on /mnt/c/Users/arcan/Documents/airflow/.venv/lib/python3.10/site-packages/airflow/example_dags/example_sla_dag.py
[2025-06-16T10:52:45.214-0300] {processor.py:829} INFO - Processing file /mnt/c/Users/arcan/Documents/airflow/.venv/lib/python3.10/site-packages/airflow/example_dags/example_sla_dag.py for tasks to queue
[2025-06-16T10:52:45.217-0300] {logging_mixin.py:154} INFO - [2025-06-16T10:52:45.216-0300] {dagbag.py:536} INFO - Filling up the DagBag from /mnt/c/Users/arcan/Documents/airflow/.venv/lib/python3.10/site-packages/airflow/example_dags/example_sla_dag.py
[2025-06-16T10:52:45.258-0300] {processor.py:839} INFO - DAG(s) dict_keys(['example_sla_dag']) retrieved from /mnt/c/Users/arcan/Documents/airflow/.venv/lib/python3.10/site-packages/airflow/example_dags/example_sla_dag.py
[2025-06-16T10:52:45.301-0300] {logging_mixin.py:154} INFO - [2025-06-16T10:52:45.301-0300] {dag.py:2941} INFO - Sync 1 DAGs
[2025-06-16T10:52:45.333-0300] {logging_mixin.py:154} INFO - [2025-06-16T10:52:45.333-0300] {dag.py:3722} INFO - Setting next_dagrun for example_sla_dag to 2025-06-16T13:50:00+00:00, run_after=2025-06-16T13:52:00+00:00
[2025-06-16T10:52:45.444-0300] {processor.py:179} INFO - Processing /mnt/c/Users/arcan/Documents/airflow/.venv/lib/python3.10/site-packages/airflow/example_dags/example_sla_dag.py took 0.237 seconds
[2025-06-16T10:53:51.086-0300] {processor.py:157} INFO - Started process (PID=43360) to work on /mnt/c/Users/arcan/Documents/airflow/.venv/lib/python3.10/site-packages/airflow/example_dags/example_sla_dag.py
[2025-06-16T10:53:51.088-0300] {processor.py:829} INFO - Processing file /mnt/c/Users/arcan/Documents/airflow/.venv/lib/python3.10/site-packages/airflow/example_dags/example_sla_dag.py for tasks to queue
[2025-06-16T10:53:51.090-0300] {logging_mixin.py:154} INFO - [2025-06-16T10:53:51.089-0300] {dagbag.py:536} INFO - Filling up the DagBag from /mnt/c/Users/arcan/Documents/airflow/.venv/lib/python3.10/site-packages/airflow/example_dags/example_sla_dag.py
[2025-06-16T10:53:51.135-0300] {processor.py:839} INFO - DAG(s) dict_keys(['example_sla_dag']) retrieved from /mnt/c/Users/arcan/Documents/airflow/.venv/lib/python3.10/site-packages/airflow/example_dags/example_sla_dag.py
[2025-06-16T10:53:51.175-0300] {logging_mixin.py:154} INFO - [2025-06-16T10:53:51.175-0300] {dag.py:2941} INFO - Sync 1 DAGs
[2025-06-16T10:53:51.210-0300] {logging_mixin.py:154} INFO - [2025-06-16T10:53:51.209-0300] {dag.py:3722} INFO - Setting next_dagrun for example_sla_dag to 2025-06-16T13:50:00+00:00, run_after=2025-06-16T13:52:00+00:00
[2025-06-16T10:53:51.310-0300] {processor.py:179} INFO - Processing /mnt/c/Users/arcan/Documents/airflow/.venv/lib/python3.10/site-packages/airflow/example_dags/example_sla_dag.py took 0.230 seconds
[2025-06-16T10:54:54.901-0300] {processor.py:157} INFO - Started process (PID=43545) to work on /mnt/c/Users/arcan/Documents/airflow/.venv/lib/python3.10/site-packages/airflow/example_dags/example_sla_dag.py
[2025-06-16T10:54:54.903-0300] {processor.py:829} INFO - Processing file /mnt/c/Users/arcan/Documents/airflow/.venv/lib/python3.10/site-packages/airflow/example_dags/example_sla_dag.py for tasks to queue
[2025-06-16T10:54:54.905-0300] {logging_mixin.py:154} INFO - [2025-06-16T10:54:54.904-0300] {dagbag.py:536} INFO - Filling up the DagBag from /mnt/c/Users/arcan/Documents/airflow/.venv/lib/python3.10/site-packages/airflow/example_dags/example_sla_dag.py
[2025-06-16T10:54:54.944-0300] {processor.py:839} INFO - DAG(s) dict_keys(['example_sla_dag']) retrieved from /mnt/c/Users/arcan/Documents/airflow/.venv/lib/python3.10/site-packages/airflow/example_dags/example_sla_dag.py
[2025-06-16T10:54:54.985-0300] {logging_mixin.py:154} INFO - [2025-06-16T10:54:54.984-0300] {dag.py:2941} INFO - Sync 1 DAGs
[2025-06-16T10:54:55.019-0300] {logging_mixin.py:154} INFO - [2025-06-16T10:54:55.019-0300] {dag.py:3722} INFO - Setting next_dagrun for example_sla_dag to 2025-06-16T13:52:00+00:00, run_after=2025-06-16T13:54:00+00:00
[2025-06-16T10:54:55.109-0300] {processor.py:179} INFO - Processing /mnt/c/Users/arcan/Documents/airflow/.venv/lib/python3.10/site-packages/airflow/example_dags/example_sla_dag.py took 0.212 seconds
[2025-06-16T10:55:57.004-0300] {processor.py:157} INFO - Started process (PID=43724) to work on /mnt/c/Users/arcan/Documents/airflow/.venv/lib/python3.10/site-packages/airflow/example_dags/example_sla_dag.py
[2025-06-16T10:55:57.006-0300] {processor.py:829} INFO - Processing file /mnt/c/Users/arcan/Documents/airflow/.venv/lib/python3.10/site-packages/airflow/example_dags/example_sla_dag.py for tasks to queue
[2025-06-16T10:55:57.008-0300] {logging_mixin.py:154} INFO - [2025-06-16T10:55:57.008-0300] {dagbag.py:536} INFO - Filling up the DagBag from /mnt/c/Users/arcan/Documents/airflow/.venv/lib/python3.10/site-packages/airflow/example_dags/example_sla_dag.py
[2025-06-16T10:55:57.046-0300] {processor.py:839} INFO - DAG(s) dict_keys(['example_sla_dag']) retrieved from /mnt/c/Users/arcan/Documents/airflow/.venv/lib/python3.10/site-packages/airflow/example_dags/example_sla_dag.py
[2025-06-16T10:55:57.082-0300] {logging_mixin.py:154} INFO - [2025-06-16T10:55:57.082-0300] {dag.py:2941} INFO - Sync 1 DAGs
[2025-06-16T10:55:57.118-0300] {logging_mixin.py:154} INFO - [2025-06-16T10:55:57.118-0300] {dag.py:3722} INFO - Setting next_dagrun for example_sla_dag to 2025-06-16T13:52:00+00:00, run_after=2025-06-16T13:54:00+00:00
[2025-06-16T10:55:57.210-0300] {processor.py:179} INFO - Processing /mnt/c/Users/arcan/Documents/airflow/.venv/lib/python3.10/site-packages/airflow/example_dags/example_sla_dag.py took 0.209 seconds
[2025-06-16T10:57:02.925-0300] {processor.py:157} INFO - Started process (PID=43908) to work on /mnt/c/Users/arcan/Documents/airflow/.venv/lib/python3.10/site-packages/airflow/example_dags/example_sla_dag.py
[2025-06-16T10:57:02.927-0300] {processor.py:829} INFO - Processing file /mnt/c/Users/arcan/Documents/airflow/.venv/lib/python3.10/site-packages/airflow/example_dags/example_sla_dag.py for tasks to queue
[2025-06-16T10:57:02.928-0300] {logging_mixin.py:154} INFO - [2025-06-16T10:57:02.928-0300] {dagbag.py:536} INFO - Filling up the DagBag from /mnt/c/Users/arcan/Documents/airflow/.venv/lib/python3.10/site-packages/airflow/example_dags/example_sla_dag.py
[2025-06-16T10:57:02.964-0300] {processor.py:839} INFO - DAG(s) dict_keys(['example_sla_dag']) retrieved from /mnt/c/Users/arcan/Documents/airflow/.venv/lib/python3.10/site-packages/airflow/example_dags/example_sla_dag.py
[2025-06-16T10:57:03.004-0300] {logging_mixin.py:154} INFO - [2025-06-16T10:57:03.004-0300] {dag.py:2941} INFO - Sync 1 DAGs
[2025-06-16T10:57:03.038-0300] {logging_mixin.py:154} INFO - [2025-06-16T10:57:03.038-0300] {dag.py:3722} INFO - Setting next_dagrun for example_sla_dag to 2025-06-16T13:54:00+00:00, run_after=2025-06-16T13:56:00+00:00
[2025-06-16T10:57:03.126-0300] {processor.py:179} INFO - Processing /mnt/c/Users/arcan/Documents/airflow/.venv/lib/python3.10/site-packages/airflow/example_dags/example_sla_dag.py took 0.205 seconds
[2025-06-16T10:58:12.450-0300] {processor.py:157} INFO - Started process (PID=44100) to work on /mnt/c/Users/arcan/Documents/airflow/.venv/lib/python3.10/site-packages/airflow/example_dags/example_sla_dag.py
[2025-06-16T10:58:12.452-0300] {processor.py:829} INFO - Processing file /mnt/c/Users/arcan/Documents/airflow/.venv/lib/python3.10/site-packages/airflow/example_dags/example_sla_dag.py for tasks to queue
[2025-06-16T10:58:12.454-0300] {logging_mixin.py:154} INFO - [2025-06-16T10:58:12.453-0300] {dagbag.py:536} INFO - Filling up the DagBag from /mnt/c/Users/arcan/Documents/airflow/.venv/lib/python3.10/site-packages/airflow/example_dags/example_sla_dag.py
[2025-06-16T10:58:12.510-0300] {processor.py:839} INFO - DAG(s) dict_keys(['example_sla_dag']) retrieved from /mnt/c/Users/arcan/Documents/airflow/.venv/lib/python3.10/site-packages/airflow/example_dags/example_sla_dag.py
[2025-06-16T10:58:12.551-0300] {logging_mixin.py:154} INFO - [2025-06-16T10:58:12.550-0300] {dag.py:2941} INFO - Sync 1 DAGs
[2025-06-16T10:58:12.585-0300] {logging_mixin.py:154} INFO - [2025-06-16T10:58:12.585-0300] {dag.py:3722} INFO - Setting next_dagrun for example_sla_dag to 2025-06-16T13:56:00+00:00, run_after=2025-06-16T13:58:00+00:00
[2025-06-16T10:58:12.686-0300] {processor.py:179} INFO - Processing /mnt/c/Users/arcan/Documents/airflow/.venv/lib/python3.10/site-packages/airflow/example_dags/example_sla_dag.py took 0.241 seconds
[2025-06-16T10:59:24.946-0300] {processor.py:157} INFO - Started process (PID=44432) to work on /mnt/c/Users/arcan/Documents/airflow/.venv/lib/python3.10/site-packages/airflow/example_dags/example_sla_dag.py
[2025-06-16T10:59:24.948-0300] {processor.py:829} INFO - Processing file /mnt/c/Users/arcan/Documents/airflow/.venv/lib/python3.10/site-packages/airflow/example_dags/example_sla_dag.py for tasks to queue
[2025-06-16T10:59:24.949-0300] {logging_mixin.py:154} INFO - [2025-06-16T10:59:24.949-0300] {dagbag.py:536} INFO - Filling up the DagBag from /mnt/c/Users/arcan/Documents/airflow/.venv/lib/python3.10/site-packages/airflow/example_dags/example_sla_dag.py
[2025-06-16T10:59:24.994-0300] {processor.py:839} INFO - DAG(s) dict_keys(['example_sla_dag']) retrieved from /mnt/c/Users/arcan/Documents/airflow/.venv/lib/python3.10/site-packages/airflow/example_dags/example_sla_dag.py
[2025-06-16T10:59:25.044-0300] {logging_mixin.py:154} INFO - [2025-06-16T10:59:25.043-0300] {dag.py:2941} INFO - Sync 1 DAGs
[2025-06-16T10:59:25.081-0300] {logging_mixin.py:154} INFO - [2025-06-16T10:59:25.081-0300] {dag.py:3722} INFO - Setting next_dagrun for example_sla_dag to 2025-06-16T13:56:00+00:00, run_after=2025-06-16T13:58:00+00:00
[2025-06-16T10:59:25.174-0300] {processor.py:179} INFO - Processing /mnt/c/Users/arcan/Documents/airflow/.venv/lib/python3.10/site-packages/airflow/example_dags/example_sla_dag.py took 0.232 seconds
[2025-06-16T11:00:33.916-0300] {processor.py:157} INFO - Started process (PID=44626) to work on /mnt/c/Users/arcan/Documents/airflow/.venv/lib/python3.10/site-packages/airflow/example_dags/example_sla_dag.py
[2025-06-16T11:00:33.918-0300] {processor.py:829} INFO - Processing file /mnt/c/Users/arcan/Documents/airflow/.venv/lib/python3.10/site-packages/airflow/example_dags/example_sla_dag.py for tasks to queue
[2025-06-16T11:00:33.920-0300] {logging_mixin.py:154} INFO - [2025-06-16T11:00:33.919-0300] {dagbag.py:536} INFO - Filling up the DagBag from /mnt/c/Users/arcan/Documents/airflow/.venv/lib/python3.10/site-packages/airflow/example_dags/example_sla_dag.py
[2025-06-16T11:00:33.960-0300] {processor.py:839} INFO - DAG(s) dict_keys(['example_sla_dag']) retrieved from /mnt/c/Users/arcan/Documents/airflow/.venv/lib/python3.10/site-packages/airflow/example_dags/example_sla_dag.py
[2025-06-16T11:00:34.000-0300] {logging_mixin.py:154} INFO - [2025-06-16T11:00:34.000-0300] {dag.py:2941} INFO - Sync 1 DAGs
[2025-06-16T11:00:34.033-0300] {logging_mixin.py:154} INFO - [2025-06-16T11:00:34.032-0300] {dag.py:3722} INFO - Setting next_dagrun for example_sla_dag to 2025-06-16T13:58:00+00:00, run_after=2025-06-16T14:00:00+00:00
[2025-06-16T11:00:34.127-0300] {processor.py:179} INFO - Processing /mnt/c/Users/arcan/Documents/airflow/.venv/lib/python3.10/site-packages/airflow/example_dags/example_sla_dag.py took 0.215 seconds
[2025-06-16T11:01:47.776-0300] {processor.py:157} INFO - Started process (PID=44841) to work on /mnt/c/Users/arcan/Documents/airflow/.venv/lib/python3.10/site-packages/airflow/example_dags/example_sla_dag.py
[2025-06-16T11:01:47.778-0300] {processor.py:829} INFO - Processing file /mnt/c/Users/arcan/Documents/airflow/.venv/lib/python3.10/site-packages/airflow/example_dags/example_sla_dag.py for tasks to queue
[2025-06-16T11:01:47.780-0300] {logging_mixin.py:154} INFO - [2025-06-16T11:01:47.779-0300] {dagbag.py:536} INFO - Filling up the DagBag from /mnt/c/Users/arcan/Documents/airflow/.venv/lib/python3.10/site-packages/airflow/example_dags/example_sla_dag.py
[2025-06-16T11:01:47.821-0300] {processor.py:839} INFO - DAG(s) dict_keys(['example_sla_dag']) retrieved from /mnt/c/Users/arcan/Documents/airflow/.venv/lib/python3.10/site-packages/airflow/example_dags/example_sla_dag.py
[2025-06-16T11:01:47.860-0300] {logging_mixin.py:154} INFO - [2025-06-16T11:01:47.859-0300] {dag.py:2941} INFO - Sync 1 DAGs
[2025-06-16T11:01:47.897-0300] {logging_mixin.py:154} INFO - [2025-06-16T11:01:47.897-0300] {dag.py:3722} INFO - Setting next_dagrun for example_sla_dag to 2025-06-16T13:58:00+00:00, run_after=2025-06-16T14:00:00+00:00
[2025-06-16T11:01:47.992-0300] {processor.py:179} INFO - Processing /mnt/c/Users/arcan/Documents/airflow/.venv/lib/python3.10/site-packages/airflow/example_dags/example_sla_dag.py took 0.220 seconds
[2025-06-16T11:02:45.842-0300] {processor.py:157} INFO - Started process (PID=45012) to work on /mnt/c/Users/arcan/Documents/airflow/.venv/lib/python3.10/site-packages/airflow/example_dags/example_sla_dag.py
[2025-06-16T11:02:45.844-0300] {processor.py:829} INFO - Processing file /mnt/c/Users/arcan/Documents/airflow/.venv/lib/python3.10/site-packages/airflow/example_dags/example_sla_dag.py for tasks to queue
[2025-06-16T11:02:45.846-0300] {logging_mixin.py:154} INFO - [2025-06-16T11:02:45.845-0300] {dagbag.py:536} INFO - Filling up the DagBag from /mnt/c/Users/arcan/Documents/airflow/.venv/lib/python3.10/site-packages/airflow/example_dags/example_sla_dag.py
[2025-06-16T11:02:45.884-0300] {processor.py:839} INFO - DAG(s) dict_keys(['example_sla_dag']) retrieved from /mnt/c/Users/arcan/Documents/airflow/.venv/lib/python3.10/site-packages/airflow/example_dags/example_sla_dag.py
[2025-06-16T11:02:45.923-0300] {logging_mixin.py:154} INFO - [2025-06-16T11:02:45.923-0300] {dag.py:2941} INFO - Sync 1 DAGs
[2025-06-16T11:02:45.955-0300] {logging_mixin.py:154} INFO - [2025-06-16T11:02:45.954-0300] {dag.py:3722} INFO - Setting next_dagrun for example_sla_dag to 2025-06-16T14:00:00+00:00, run_after=2025-06-16T14:02:00+00:00
[2025-06-16T11:02:46.048-0300] {processor.py:179} INFO - Processing /mnt/c/Users/arcan/Documents/airflow/.venv/lib/python3.10/site-packages/airflow/example_dags/example_sla_dag.py took 0.210 seconds
[2025-06-16T11:03:45.509-0300] {processor.py:157} INFO - Started process (PID=45187) to work on /mnt/c/Users/arcan/Documents/airflow/.venv/lib/python3.10/site-packages/airflow/example_dags/example_sla_dag.py
[2025-06-16T11:03:45.510-0300] {processor.py:829} INFO - Processing file /mnt/c/Users/arcan/Documents/airflow/.venv/lib/python3.10/site-packages/airflow/example_dags/example_sla_dag.py for tasks to queue
[2025-06-16T11:03:45.513-0300] {logging_mixin.py:154} INFO - [2025-06-16T11:03:45.512-0300] {dagbag.py:536} INFO - Filling up the DagBag from /mnt/c/Users/arcan/Documents/airflow/.venv/lib/python3.10/site-packages/airflow/example_dags/example_sla_dag.py
[2025-06-16T11:03:45.553-0300] {processor.py:839} INFO - DAG(s) dict_keys(['example_sla_dag']) retrieved from /mnt/c/Users/arcan/Documents/airflow/.venv/lib/python3.10/site-packages/airflow/example_dags/example_sla_dag.py
[2025-06-16T11:03:45.592-0300] {logging_mixin.py:154} INFO - [2025-06-16T11:03:45.592-0300] {dag.py:2941} INFO - Sync 1 DAGs
[2025-06-16T11:03:45.621-0300] {logging_mixin.py:154} INFO - [2025-06-16T11:03:45.620-0300] {dag.py:3722} INFO - Setting next_dagrun for example_sla_dag to 2025-06-16T14:00:00+00:00, run_after=2025-06-16T14:02:00+00:00
[2025-06-16T11:03:45.709-0300] {processor.py:179} INFO - Processing /mnt/c/Users/arcan/Documents/airflow/.venv/lib/python3.10/site-packages/airflow/example_dags/example_sla_dag.py took 0.204 seconds
[2025-06-16T11:04:44.352-0300] {processor.py:157} INFO - Started process (PID=45358) to work on /mnt/c/Users/arcan/Documents/airflow/.venv/lib/python3.10/site-packages/airflow/example_dags/example_sla_dag.py
[2025-06-16T11:04:44.354-0300] {processor.py:829} INFO - Processing file /mnt/c/Users/arcan/Documents/airflow/.venv/lib/python3.10/site-packages/airflow/example_dags/example_sla_dag.py for tasks to queue
[2025-06-16T11:04:44.355-0300] {logging_mixin.py:154} INFO - [2025-06-16T11:04:44.355-0300] {dagbag.py:536} INFO - Filling up the DagBag from /mnt/c/Users/arcan/Documents/airflow/.venv/lib/python3.10/site-packages/airflow/example_dags/example_sla_dag.py
[2025-06-16T11:04:44.393-0300] {processor.py:839} INFO - DAG(s) dict_keys(['example_sla_dag']) retrieved from /mnt/c/Users/arcan/Documents/airflow/.venv/lib/python3.10/site-packages/airflow/example_dags/example_sla_dag.py
[2025-06-16T11:04:44.434-0300] {logging_mixin.py:154} INFO - [2025-06-16T11:04:44.434-0300] {dag.py:2941} INFO - Sync 1 DAGs
[2025-06-16T11:04:44.463-0300] {logging_mixin.py:154} INFO - [2025-06-16T11:04:44.463-0300] {dag.py:3722} INFO - Setting next_dagrun for example_sla_dag to 2025-06-16T14:02:00+00:00, run_after=2025-06-16T14:04:00+00:00
[2025-06-16T11:04:44.553-0300] {processor.py:179} INFO - Processing /mnt/c/Users/arcan/Documents/airflow/.venv/lib/python3.10/site-packages/airflow/example_dags/example_sla_dag.py took 0.204 seconds
[2025-06-16T11:05:51.326-0300] {processor.py:157} INFO - Started process (PID=45676) to work on /mnt/c/Users/arcan/Documents/airflow/.venv/lib/python3.10/site-packages/airflow/example_dags/example_sla_dag.py
[2025-06-16T11:05:51.328-0300] {processor.py:829} INFO - Processing file /mnt/c/Users/arcan/Documents/airflow/.venv/lib/python3.10/site-packages/airflow/example_dags/example_sla_dag.py for tasks to queue
[2025-06-16T11:05:51.329-0300] {logging_mixin.py:154} INFO - [2025-06-16T11:05:51.329-0300] {dagbag.py:536} INFO - Filling up the DagBag from /mnt/c/Users/arcan/Documents/airflow/.venv/lib/python3.10/site-packages/airflow/example_dags/example_sla_dag.py
[2025-06-16T11:05:51.370-0300] {processor.py:839} INFO - DAG(s) dict_keys(['example_sla_dag']) retrieved from /mnt/c/Users/arcan/Documents/airflow/.venv/lib/python3.10/site-packages/airflow/example_dags/example_sla_dag.py
[2025-06-16T11:05:51.415-0300] {logging_mixin.py:154} INFO - [2025-06-16T11:05:51.414-0300] {dag.py:2941} INFO - Sync 1 DAGs
[2025-06-16T11:05:51.444-0300] {logging_mixin.py:154} INFO - [2025-06-16T11:05:51.443-0300] {dag.py:3722} INFO - Setting next_dagrun for example_sla_dag to 2025-06-16T14:02:00+00:00, run_after=2025-06-16T14:04:00+00:00
[2025-06-16T11:05:51.536-0300] {processor.py:179} INFO - Processing /mnt/c/Users/arcan/Documents/airflow/.venv/lib/python3.10/site-packages/airflow/example_dags/example_sla_dag.py took 0.214 seconds
[2025-06-16T11:06:58.819-0300] {processor.py:157} INFO - Started process (PID=45871) to work on /mnt/c/Users/arcan/Documents/airflow/.venv/lib/python3.10/site-packages/airflow/example_dags/example_sla_dag.py
[2025-06-16T11:06:58.821-0300] {processor.py:829} INFO - Processing file /mnt/c/Users/arcan/Documents/airflow/.venv/lib/python3.10/site-packages/airflow/example_dags/example_sla_dag.py for tasks to queue
[2025-06-16T11:06:58.822-0300] {logging_mixin.py:154} INFO - [2025-06-16T11:06:58.822-0300] {dagbag.py:536} INFO - Filling up the DagBag from /mnt/c/Users/arcan/Documents/airflow/.venv/lib/python3.10/site-packages/airflow/example_dags/example_sla_dag.py
[2025-06-16T11:06:58.866-0300] {processor.py:839} INFO - DAG(s) dict_keys(['example_sla_dag']) retrieved from /mnt/c/Users/arcan/Documents/airflow/.venv/lib/python3.10/site-packages/airflow/example_dags/example_sla_dag.py
[2025-06-16T11:06:58.913-0300] {logging_mixin.py:154} INFO - [2025-06-16T11:06:58.913-0300] {dag.py:2941} INFO - Sync 1 DAGs
[2025-06-16T11:06:58.949-0300] {logging_mixin.py:154} INFO - [2025-06-16T11:06:58.949-0300] {dag.py:3722} INFO - Setting next_dagrun for example_sla_dag to 2025-06-16T14:04:00+00:00, run_after=2025-06-16T14:06:00+00:00
[2025-06-16T11:06:59.045-0300] {processor.py:179} INFO - Processing /mnt/c/Users/arcan/Documents/airflow/.venv/lib/python3.10/site-packages/airflow/example_dags/example_sla_dag.py took 0.231 seconds
[2025-06-16T11:08:03.865-0300] {processor.py:157} INFO - Started process (PID=46059) to work on /mnt/c/Users/arcan/Documents/airflow/.venv/lib/python3.10/site-packages/airflow/example_dags/example_sla_dag.py
[2025-06-16T11:08:03.866-0300] {processor.py:829} INFO - Processing file /mnt/c/Users/arcan/Documents/airflow/.venv/lib/python3.10/site-packages/airflow/example_dags/example_sla_dag.py for tasks to queue
[2025-06-16T11:08:03.869-0300] {logging_mixin.py:154} INFO - [2025-06-16T11:08:03.868-0300] {dagbag.py:536} INFO - Filling up the DagBag from /mnt/c/Users/arcan/Documents/airflow/.venv/lib/python3.10/site-packages/airflow/example_dags/example_sla_dag.py
[2025-06-16T11:08:03.910-0300] {processor.py:839} INFO - DAG(s) dict_keys(['example_sla_dag']) retrieved from /mnt/c/Users/arcan/Documents/airflow/.venv/lib/python3.10/site-packages/airflow/example_dags/example_sla_dag.py
[2025-06-16T11:08:03.947-0300] {logging_mixin.py:154} INFO - [2025-06-16T11:08:03.947-0300] {dag.py:2941} INFO - Sync 1 DAGs
[2025-06-16T11:08:03.978-0300] {logging_mixin.py:154} INFO - [2025-06-16T11:08:03.978-0300] {dag.py:3722} INFO - Setting next_dagrun for example_sla_dag to 2025-06-16T14:06:00+00:00, run_after=2025-06-16T14:08:00+00:00
[2025-06-16T11:08:04.070-0300] {processor.py:179} INFO - Processing /mnt/c/Users/arcan/Documents/airflow/.venv/lib/python3.10/site-packages/airflow/example_dags/example_sla_dag.py took 0.210 seconds
[2025-06-16T11:09:04.424-0300] {processor.py:157} INFO - Started process (PID=46235) to work on /mnt/c/Users/arcan/Documents/airflow/.venv/lib/python3.10/site-packages/airflow/example_dags/example_sla_dag.py
[2025-06-16T11:09:04.426-0300] {processor.py:829} INFO - Processing file /mnt/c/Users/arcan/Documents/airflow/.venv/lib/python3.10/site-packages/airflow/example_dags/example_sla_dag.py for tasks to queue
[2025-06-16T11:09:04.428-0300] {logging_mixin.py:154} INFO - [2025-06-16T11:09:04.427-0300] {dagbag.py:536} INFO - Filling up the DagBag from /mnt/c/Users/arcan/Documents/airflow/.venv/lib/python3.10/site-packages/airflow/example_dags/example_sla_dag.py
[2025-06-16T11:09:04.468-0300] {processor.py:839} INFO - DAG(s) dict_keys(['example_sla_dag']) retrieved from /mnt/c/Users/arcan/Documents/airflow/.venv/lib/python3.10/site-packages/airflow/example_dags/example_sla_dag.py
[2025-06-16T11:09:04.509-0300] {logging_mixin.py:154} INFO - [2025-06-16T11:09:04.508-0300] {dag.py:2941} INFO - Sync 1 DAGs
[2025-06-16T11:09:04.541-0300] {logging_mixin.py:154} INFO - [2025-06-16T11:09:04.541-0300] {dag.py:3722} INFO - Setting next_dagrun for example_sla_dag to 2025-06-16T14:06:00+00:00, run_after=2025-06-16T14:08:00+00:00
[2025-06-16T11:09:04.655-0300] {processor.py:179} INFO - Processing /mnt/c/Users/arcan/Documents/airflow/.venv/lib/python3.10/site-packages/airflow/example_dags/example_sla_dag.py took 0.235 seconds
[2025-06-16T11:10:03.891-0300] {processor.py:157} INFO - Started process (PID=46411) to work on /mnt/c/Users/arcan/Documents/airflow/.venv/lib/python3.10/site-packages/airflow/example_dags/example_sla_dag.py
[2025-06-16T11:10:03.893-0300] {processor.py:829} INFO - Processing file /mnt/c/Users/arcan/Documents/airflow/.venv/lib/python3.10/site-packages/airflow/example_dags/example_sla_dag.py for tasks to queue
[2025-06-16T11:10:03.895-0300] {logging_mixin.py:154} INFO - [2025-06-16T11:10:03.894-0300] {dagbag.py:536} INFO - Filling up the DagBag from /mnt/c/Users/arcan/Documents/airflow/.venv/lib/python3.10/site-packages/airflow/example_dags/example_sla_dag.py
[2025-06-16T11:10:03.931-0300] {processor.py:839} INFO - DAG(s) dict_keys(['example_sla_dag']) retrieved from /mnt/c/Users/arcan/Documents/airflow/.venv/lib/python3.10/site-packages/airflow/example_dags/example_sla_dag.py
[2025-06-16T11:10:03.971-0300] {logging_mixin.py:154} INFO - [2025-06-16T11:10:03.970-0300] {dag.py:2941} INFO - Sync 1 DAGs
[2025-06-16T11:10:04.001-0300] {logging_mixin.py:154} INFO - [2025-06-16T11:10:04.001-0300] {dag.py:3722} INFO - Setting next_dagrun for example_sla_dag to 2025-06-16T14:08:00+00:00, run_after=2025-06-16T14:10:00+00:00
[2025-06-16T11:10:04.090-0300] {processor.py:179} INFO - Processing /mnt/c/Users/arcan/Documents/airflow/.venv/lib/python3.10/site-packages/airflow/example_dags/example_sla_dag.py took 0.202 seconds
[2025-06-16T11:11:05.972-0300] {processor.py:157} INFO - Started process (PID=46588) to work on /mnt/c/Users/arcan/Documents/airflow/.venv/lib/python3.10/site-packages/airflow/example_dags/example_sla_dag.py
[2025-06-16T11:11:05.973-0300] {processor.py:829} INFO - Processing file /mnt/c/Users/arcan/Documents/airflow/.venv/lib/python3.10/site-packages/airflow/example_dags/example_sla_dag.py for tasks to queue
[2025-06-16T11:11:05.975-0300] {logging_mixin.py:154} INFO - [2025-06-16T11:11:05.975-0300] {dagbag.py:536} INFO - Filling up the DagBag from /mnt/c/Users/arcan/Documents/airflow/.venv/lib/python3.10/site-packages/airflow/example_dags/example_sla_dag.py
[2025-06-16T11:11:06.015-0300] {processor.py:839} INFO - DAG(s) dict_keys(['example_sla_dag']) retrieved from /mnt/c/Users/arcan/Documents/airflow/.venv/lib/python3.10/site-packages/airflow/example_dags/example_sla_dag.py
[2025-06-16T11:11:06.057-0300] {logging_mixin.py:154} INFO - [2025-06-16T11:11:06.057-0300] {dag.py:2941} INFO - Sync 1 DAGs
[2025-06-16T11:11:06.094-0300] {logging_mixin.py:154} INFO - [2025-06-16T11:11:06.094-0300] {dag.py:3722} INFO - Setting next_dagrun for example_sla_dag to 2025-06-16T14:08:00+00:00, run_after=2025-06-16T14:10:00+00:00
[2025-06-16T11:11:06.184-0300] {processor.py:179} INFO - Processing /mnt/c/Users/arcan/Documents/airflow/.venv/lib/python3.10/site-packages/airflow/example_dags/example_sla_dag.py took 0.216 seconds
[2025-06-16T11:12:16.866-0300] {processor.py:157} INFO - Started process (PID=46794) to work on /mnt/c/Users/arcan/Documents/airflow/.venv/lib/python3.10/site-packages/airflow/example_dags/example_sla_dag.py
[2025-06-16T11:12:16.868-0300] {processor.py:829} INFO - Processing file /mnt/c/Users/arcan/Documents/airflow/.venv/lib/python3.10/site-packages/airflow/example_dags/example_sla_dag.py for tasks to queue
[2025-06-16T11:12:16.870-0300] {logging_mixin.py:154} INFO - [2025-06-16T11:12:16.869-0300] {dagbag.py:536} INFO - Filling up the DagBag from /mnt/c/Users/arcan/Documents/airflow/.venv/lib/python3.10/site-packages/airflow/example_dags/example_sla_dag.py
[2025-06-16T11:12:16.909-0300] {processor.py:839} INFO - DAG(s) dict_keys(['example_sla_dag']) retrieved from /mnt/c/Users/arcan/Documents/airflow/.venv/lib/python3.10/site-packages/airflow/example_dags/example_sla_dag.py
[2025-06-16T11:12:16.947-0300] {logging_mixin.py:154} INFO - [2025-06-16T11:12:16.947-0300] {dag.py:2941} INFO - Sync 1 DAGs
[2025-06-16T11:12:16.980-0300] {logging_mixin.py:154} INFO - [2025-06-16T11:12:16.980-0300] {dag.py:3722} INFO - Setting next_dagrun for example_sla_dag to 2025-06-16T14:10:00+00:00, run_after=2025-06-16T14:12:00+00:00
[2025-06-16T11:12:17.064-0300] {processor.py:179} INFO - Processing /mnt/c/Users/arcan/Documents/airflow/.venv/lib/python3.10/site-packages/airflow/example_dags/example_sla_dag.py took 0.201 seconds
[2025-06-16T11:13:22.629-0300] {processor.py:157} INFO - Started process (PID=47100) to work on /mnt/c/Users/arcan/Documents/airflow/.venv/lib/python3.10/site-packages/airflow/example_dags/example_sla_dag.py
[2025-06-16T11:13:22.632-0300] {processor.py:829} INFO - Processing file /mnt/c/Users/arcan/Documents/airflow/.venv/lib/python3.10/site-packages/airflow/example_dags/example_sla_dag.py for tasks to queue
[2025-06-16T11:13:22.634-0300] {logging_mixin.py:154} INFO - [2025-06-16T11:13:22.633-0300] {dagbag.py:536} INFO - Filling up the DagBag from /mnt/c/Users/arcan/Documents/airflow/.venv/lib/python3.10/site-packages/airflow/example_dags/example_sla_dag.py
[2025-06-16T11:13:22.673-0300] {processor.py:839} INFO - DAG(s) dict_keys(['example_sla_dag']) retrieved from /mnt/c/Users/arcan/Documents/airflow/.venv/lib/python3.10/site-packages/airflow/example_dags/example_sla_dag.py
[2025-06-16T11:13:22.713-0300] {logging_mixin.py:154} INFO - [2025-06-16T11:13:22.713-0300] {dag.py:2941} INFO - Sync 1 DAGs
[2025-06-16T11:13:22.745-0300] {logging_mixin.py:154} INFO - [2025-06-16T11:13:22.744-0300] {dag.py:3722} INFO - Setting next_dagrun for example_sla_dag to 2025-06-16T14:10:00+00:00, run_after=2025-06-16T14:12:00+00:00
[2025-06-16T11:13:22.832-0300] {processor.py:179} INFO - Processing /mnt/c/Users/arcan/Documents/airflow/.venv/lib/python3.10/site-packages/airflow/example_dags/example_sla_dag.py took 0.207 seconds
[2025-06-16T11:14:26.004-0300] {processor.py:157} INFO - Started process (PID=47285) to work on /mnt/c/Users/arcan/Documents/airflow/.venv/lib/python3.10/site-packages/airflow/example_dags/example_sla_dag.py
[2025-06-16T11:14:26.005-0300] {processor.py:829} INFO - Processing file /mnt/c/Users/arcan/Documents/airflow/.venv/lib/python3.10/site-packages/airflow/example_dags/example_sla_dag.py for tasks to queue
[2025-06-16T11:14:26.008-0300] {logging_mixin.py:154} INFO - [2025-06-16T11:14:26.007-0300] {dagbag.py:536} INFO - Filling up the DagBag from /mnt/c/Users/arcan/Documents/airflow/.venv/lib/python3.10/site-packages/airflow/example_dags/example_sla_dag.py
[2025-06-16T11:14:26.049-0300] {processor.py:839} INFO - DAG(s) dict_keys(['example_sla_dag']) retrieved from /mnt/c/Users/arcan/Documents/airflow/.venv/lib/python3.10/site-packages/airflow/example_dags/example_sla_dag.py
[2025-06-16T11:14:26.090-0300] {logging_mixin.py:154} INFO - [2025-06-16T11:14:26.090-0300] {dag.py:2941} INFO - Sync 1 DAGs
[2025-06-16T11:14:26.121-0300] {logging_mixin.py:154} INFO - [2025-06-16T11:14:26.120-0300] {dag.py:3722} INFO - Setting next_dagrun for example_sla_dag to 2025-06-16T14:12:00+00:00, run_after=2025-06-16T14:14:00+00:00
[2025-06-16T11:14:26.209-0300] {processor.py:179} INFO - Processing /mnt/c/Users/arcan/Documents/airflow/.venv/lib/python3.10/site-packages/airflow/example_dags/example_sla_dag.py took 0.209 seconds
[2025-06-16T11:15:25.267-0300] {processor.py:157} INFO - Started process (PID=47461) to work on /mnt/c/Users/arcan/Documents/airflow/.venv/lib/python3.10/site-packages/airflow/example_dags/example_sla_dag.py
[2025-06-16T11:15:25.269-0300] {processor.py:829} INFO - Processing file /mnt/c/Users/arcan/Documents/airflow/.venv/lib/python3.10/site-packages/airflow/example_dags/example_sla_dag.py for tasks to queue
[2025-06-16T11:15:25.271-0300] {logging_mixin.py:154} INFO - [2025-06-16T11:15:25.270-0300] {dagbag.py:536} INFO - Filling up the DagBag from /mnt/c/Users/arcan/Documents/airflow/.venv/lib/python3.10/site-packages/airflow/example_dags/example_sla_dag.py
[2025-06-16T11:15:25.310-0300] {processor.py:839} INFO - DAG(s) dict_keys(['example_sla_dag']) retrieved from /mnt/c/Users/arcan/Documents/airflow/.venv/lib/python3.10/site-packages/airflow/example_dags/example_sla_dag.py
[2025-06-16T11:15:25.352-0300] {logging_mixin.py:154} INFO - [2025-06-16T11:15:25.352-0300] {dag.py:2941} INFO - Sync 1 DAGs
[2025-06-16T11:15:25.387-0300] {logging_mixin.py:154} INFO - [2025-06-16T11:15:25.387-0300] {dag.py:3722} INFO - Setting next_dagrun for example_sla_dag to 2025-06-16T14:12:00+00:00, run_after=2025-06-16T14:14:00+00:00
[2025-06-16T11:15:25.480-0300] {processor.py:179} INFO - Processing /mnt/c/Users/arcan/Documents/airflow/.venv/lib/python3.10/site-packages/airflow/example_dags/example_sla_dag.py took 0.217 seconds
[2025-06-16T11:16:32.222-0300] {processor.py:157} INFO - Started process (PID=47653) to work on /mnt/c/Users/arcan/Documents/airflow/.venv/lib/python3.10/site-packages/airflow/example_dags/example_sla_dag.py
[2025-06-16T11:16:32.223-0300] {processor.py:829} INFO - Processing file /mnt/c/Users/arcan/Documents/airflow/.venv/lib/python3.10/site-packages/airflow/example_dags/example_sla_dag.py for tasks to queue
[2025-06-16T11:16:32.225-0300] {logging_mixin.py:154} INFO - [2025-06-16T11:16:32.224-0300] {dagbag.py:536} INFO - Filling up the DagBag from /mnt/c/Users/arcan/Documents/airflow/.venv/lib/python3.10/site-packages/airflow/example_dags/example_sla_dag.py
[2025-06-16T11:16:32.266-0300] {processor.py:839} INFO - DAG(s) dict_keys(['example_sla_dag']) retrieved from /mnt/c/Users/arcan/Documents/airflow/.venv/lib/python3.10/site-packages/airflow/example_dags/example_sla_dag.py
[2025-06-16T11:16:32.304-0300] {logging_mixin.py:154} INFO - [2025-06-16T11:16:32.303-0300] {dag.py:2941} INFO - Sync 1 DAGs
[2025-06-16T11:16:32.333-0300] {logging_mixin.py:154} INFO - [2025-06-16T11:16:32.333-0300] {dag.py:3722} INFO - Setting next_dagrun for example_sla_dag to 2025-06-16T14:14:00+00:00, run_after=2025-06-16T14:16:00+00:00
[2025-06-16T11:16:32.418-0300] {processor.py:179} INFO - Processing /mnt/c/Users/arcan/Documents/airflow/.venv/lib/python3.10/site-packages/airflow/example_dags/example_sla_dag.py took 0.200 seconds
[2025-06-16T11:17:37.526-0300] {processor.py:157} INFO - Started process (PID=47850) to work on /mnt/c/Users/arcan/Documents/airflow/.venv/lib/python3.10/site-packages/airflow/example_dags/example_sla_dag.py
[2025-06-16T11:17:37.528-0300] {processor.py:829} INFO - Processing file /mnt/c/Users/arcan/Documents/airflow/.venv/lib/python3.10/site-packages/airflow/example_dags/example_sla_dag.py for tasks to queue
[2025-06-16T11:17:37.529-0300] {logging_mixin.py:154} INFO - [2025-06-16T11:17:37.529-0300] {dagbag.py:536} INFO - Filling up the DagBag from /mnt/c/Users/arcan/Documents/airflow/.venv/lib/python3.10/site-packages/airflow/example_dags/example_sla_dag.py
[2025-06-16T11:17:37.568-0300] {processor.py:839} INFO - DAG(s) dict_keys(['example_sla_dag']) retrieved from /mnt/c/Users/arcan/Documents/airflow/.venv/lib/python3.10/site-packages/airflow/example_dags/example_sla_dag.py
[2025-06-16T11:17:37.606-0300] {logging_mixin.py:154} INFO - [2025-06-16T11:17:37.606-0300] {dag.py:2941} INFO - Sync 1 DAGs
[2025-06-16T11:17:37.640-0300] {logging_mixin.py:154} INFO - [2025-06-16T11:17:37.640-0300] {dag.py:3722} INFO - Setting next_dagrun for example_sla_dag to 2025-06-16T14:14:00+00:00, run_after=2025-06-16T14:16:00+00:00
[2025-06-16T11:17:37.729-0300] {processor.py:179} INFO - Processing /mnt/c/Users/arcan/Documents/airflow/.venv/lib/python3.10/site-packages/airflow/example_dags/example_sla_dag.py took 0.207 seconds
[2025-06-16T11:18:41.657-0300] {processor.py:157} INFO - Started process (PID=48035) to work on /mnt/c/Users/arcan/Documents/airflow/.venv/lib/python3.10/site-packages/airflow/example_dags/example_sla_dag.py
[2025-06-16T11:18:41.659-0300] {processor.py:829} INFO - Processing file /mnt/c/Users/arcan/Documents/airflow/.venv/lib/python3.10/site-packages/airflow/example_dags/example_sla_dag.py for tasks to queue
[2025-06-16T11:18:41.660-0300] {logging_mixin.py:154} INFO - [2025-06-16T11:18:41.660-0300] {dagbag.py:536} INFO - Filling up the DagBag from /mnt/c/Users/arcan/Documents/airflow/.venv/lib/python3.10/site-packages/airflow/example_dags/example_sla_dag.py
[2025-06-16T11:18:41.700-0300] {processor.py:839} INFO - DAG(s) dict_keys(['example_sla_dag']) retrieved from /mnt/c/Users/arcan/Documents/airflow/.venv/lib/python3.10/site-packages/airflow/example_dags/example_sla_dag.py
[2025-06-16T11:18:41.742-0300] {logging_mixin.py:154} INFO - [2025-06-16T11:18:41.742-0300] {dag.py:2941} INFO - Sync 1 DAGs
[2025-06-16T11:18:41.775-0300] {logging_mixin.py:154} INFO - [2025-06-16T11:18:41.775-0300] {dag.py:3722} INFO - Setting next_dagrun for example_sla_dag to 2025-06-16T14:16:00+00:00, run_after=2025-06-16T14:18:00+00:00
[2025-06-16T11:18:41.861-0300] {processor.py:179} INFO - Processing /mnt/c/Users/arcan/Documents/airflow/.venv/lib/python3.10/site-packages/airflow/example_dags/example_sla_dag.py took 0.208 seconds
[2025-06-16T11:19:45.579-0300] {processor.py:157} INFO - Started process (PID=48221) to work on /mnt/c/Users/arcan/Documents/airflow/.venv/lib/python3.10/site-packages/airflow/example_dags/example_sla_dag.py
[2025-06-16T11:19:45.581-0300] {processor.py:829} INFO - Processing file /mnt/c/Users/arcan/Documents/airflow/.venv/lib/python3.10/site-packages/airflow/example_dags/example_sla_dag.py for tasks to queue
[2025-06-16T11:19:45.583-0300] {logging_mixin.py:154} INFO - [2025-06-16T11:19:45.582-0300] {dagbag.py:536} INFO - Filling up the DagBag from /mnt/c/Users/arcan/Documents/airflow/.venv/lib/python3.10/site-packages/airflow/example_dags/example_sla_dag.py
[2025-06-16T11:19:45.623-0300] {processor.py:839} INFO - DAG(s) dict_keys(['example_sla_dag']) retrieved from /mnt/c/Users/arcan/Documents/airflow/.venv/lib/python3.10/site-packages/airflow/example_dags/example_sla_dag.py
[2025-06-16T11:19:45.665-0300] {logging_mixin.py:154} INFO - [2025-06-16T11:19:45.664-0300] {dag.py:2941} INFO - Sync 1 DAGs
[2025-06-16T11:19:45.698-0300] {logging_mixin.py:154} INFO - [2025-06-16T11:19:45.698-0300] {dag.py:3722} INFO - Setting next_dagrun for example_sla_dag to 2025-06-16T14:16:00+00:00, run_after=2025-06-16T14:18:00+00:00
[2025-06-16T11:19:45.788-0300] {processor.py:179} INFO - Processing /mnt/c/Users/arcan/Documents/airflow/.venv/lib/python3.10/site-packages/airflow/example_dags/example_sla_dag.py took 0.213 seconds
[2025-06-16T11:20:44.975-0300] {processor.py:157} INFO - Started process (PID=48520) to work on /mnt/c/Users/arcan/Documents/airflow/.venv/lib/python3.10/site-packages/airflow/example_dags/example_sla_dag.py
[2025-06-16T11:20:44.976-0300] {processor.py:829} INFO - Processing file /mnt/c/Users/arcan/Documents/airflow/.venv/lib/python3.10/site-packages/airflow/example_dags/example_sla_dag.py for tasks to queue
[2025-06-16T11:20:44.978-0300] {logging_mixin.py:154} INFO - [2025-06-16T11:20:44.977-0300] {dagbag.py:536} INFO - Filling up the DagBag from /mnt/c/Users/arcan/Documents/airflow/.venv/lib/python3.10/site-packages/airflow/example_dags/example_sla_dag.py
[2025-06-16T11:20:45.014-0300] {processor.py:839} INFO - DAG(s) dict_keys(['example_sla_dag']) retrieved from /mnt/c/Users/arcan/Documents/airflow/.venv/lib/python3.10/site-packages/airflow/example_dags/example_sla_dag.py
[2025-06-16T11:20:45.051-0300] {logging_mixin.py:154} INFO - [2025-06-16T11:20:45.051-0300] {dag.py:2941} INFO - Sync 1 DAGs
[2025-06-16T11:20:45.084-0300] {logging_mixin.py:154} INFO - [2025-06-16T11:20:45.083-0300] {dag.py:3722} INFO - Setting next_dagrun for example_sla_dag to 2025-06-16T14:18:00+00:00, run_after=2025-06-16T14:20:00+00:00
[2025-06-16T11:20:45.172-0300] {processor.py:179} INFO - Processing /mnt/c/Users/arcan/Documents/airflow/.venv/lib/python3.10/site-packages/airflow/example_dags/example_sla_dag.py took 0.202 seconds
[2025-06-16T11:21:52.309-0300] {processor.py:157} INFO - Started process (PID=48712) to work on /mnt/c/Users/arcan/Documents/airflow/.venv/lib/python3.10/site-packages/airflow/example_dags/example_sla_dag.py
[2025-06-16T11:21:52.310-0300] {processor.py:829} INFO - Processing file /mnt/c/Users/arcan/Documents/airflow/.venv/lib/python3.10/site-packages/airflow/example_dags/example_sla_dag.py for tasks to queue
[2025-06-16T11:21:52.312-0300] {logging_mixin.py:154} INFO - [2025-06-16T11:21:52.311-0300] {dagbag.py:536} INFO - Filling up the DagBag from /mnt/c/Users/arcan/Documents/airflow/.venv/lib/python3.10/site-packages/airflow/example_dags/example_sla_dag.py
[2025-06-16T11:21:52.351-0300] {processor.py:839} INFO - DAG(s) dict_keys(['example_sla_dag']) retrieved from /mnt/c/Users/arcan/Documents/airflow/.venv/lib/python3.10/site-packages/airflow/example_dags/example_sla_dag.py
[2025-06-16T11:21:52.397-0300] {logging_mixin.py:154} INFO - [2025-06-16T11:21:52.396-0300] {dag.py:2941} INFO - Sync 1 DAGs
[2025-06-16T11:21:52.432-0300] {logging_mixin.py:154} INFO - [2025-06-16T11:21:52.432-0300] {dag.py:3722} INFO - Setting next_dagrun for example_sla_dag to 2025-06-16T14:18:00+00:00, run_after=2025-06-16T14:20:00+00:00
[2025-06-16T11:21:52.525-0300] {processor.py:179} INFO - Processing /mnt/c/Users/arcan/Documents/airflow/.venv/lib/python3.10/site-packages/airflow/example_dags/example_sla_dag.py took 0.220 seconds
[2025-06-16T11:22:53.239-0300] {processor.py:157} INFO - Started process (PID=48894) to work on /mnt/c/Users/arcan/Documents/airflow/.venv/lib/python3.10/site-packages/airflow/example_dags/example_sla_dag.py
[2025-06-16T11:22:53.240-0300] {processor.py:829} INFO - Processing file /mnt/c/Users/arcan/Documents/airflow/.venv/lib/python3.10/site-packages/airflow/example_dags/example_sla_dag.py for tasks to queue
[2025-06-16T11:22:53.243-0300] {logging_mixin.py:154} INFO - [2025-06-16T11:22:53.242-0300] {dagbag.py:536} INFO - Filling up the DagBag from /mnt/c/Users/arcan/Documents/airflow/.venv/lib/python3.10/site-packages/airflow/example_dags/example_sla_dag.py
[2025-06-16T11:22:53.281-0300] {processor.py:839} INFO - DAG(s) dict_keys(['example_sla_dag']) retrieved from /mnt/c/Users/arcan/Documents/airflow/.venv/lib/python3.10/site-packages/airflow/example_dags/example_sla_dag.py
[2025-06-16T11:22:53.319-0300] {logging_mixin.py:154} INFO - [2025-06-16T11:22:53.319-0300] {dag.py:2941} INFO - Sync 1 DAGs
[2025-06-16T11:22:53.349-0300] {logging_mixin.py:154} INFO - [2025-06-16T11:22:53.349-0300] {dag.py:3722} INFO - Setting next_dagrun for example_sla_dag to 2025-06-16T14:20:00+00:00, run_after=2025-06-16T14:22:00+00:00
[2025-06-16T11:22:53.439-0300] {processor.py:179} INFO - Processing /mnt/c/Users/arcan/Documents/airflow/.venv/lib/python3.10/site-packages/airflow/example_dags/example_sla_dag.py took 0.204 seconds
[2025-06-16T11:23:50.859-0300] {processor.py:157} INFO - Started process (PID=49063) to work on /mnt/c/Users/arcan/Documents/airflow/.venv/lib/python3.10/site-packages/airflow/example_dags/example_sla_dag.py
[2025-06-16T11:23:50.861-0300] {processor.py:829} INFO - Processing file /mnt/c/Users/arcan/Documents/airflow/.venv/lib/python3.10/site-packages/airflow/example_dags/example_sla_dag.py for tasks to queue
[2025-06-16T11:23:50.863-0300] {logging_mixin.py:154} INFO - [2025-06-16T11:23:50.862-0300] {dagbag.py:536} INFO - Filling up the DagBag from /mnt/c/Users/arcan/Documents/airflow/.venv/lib/python3.10/site-packages/airflow/example_dags/example_sla_dag.py
[2025-06-16T11:23:50.901-0300] {processor.py:839} INFO - DAG(s) dict_keys(['example_sla_dag']) retrieved from /mnt/c/Users/arcan/Documents/airflow/.venv/lib/python3.10/site-packages/airflow/example_dags/example_sla_dag.py
[2025-06-16T11:23:50.938-0300] {logging_mixin.py:154} INFO - [2025-06-16T11:23:50.938-0300] {dag.py:2941} INFO - Sync 1 DAGs
[2025-06-16T11:23:50.968-0300] {logging_mixin.py:154} INFO - [2025-06-16T11:23:50.968-0300] {dag.py:3722} INFO - Setting next_dagrun for example_sla_dag to 2025-06-16T14:20:00+00:00, run_after=2025-06-16T14:22:00+00:00
[2025-06-16T11:23:51.053-0300] {processor.py:179} INFO - Processing /mnt/c/Users/arcan/Documents/airflow/.venv/lib/python3.10/site-packages/airflow/example_dags/example_sla_dag.py took 0.198 seconds
[2025-06-16T11:24:54.139-0300] {processor.py:157} INFO - Started process (PID=49247) to work on /mnt/c/Users/arcan/Documents/airflow/.venv/lib/python3.10/site-packages/airflow/example_dags/example_sla_dag.py
[2025-06-16T11:24:54.141-0300] {processor.py:829} INFO - Processing file /mnt/c/Users/arcan/Documents/airflow/.venv/lib/python3.10/site-packages/airflow/example_dags/example_sla_dag.py for tasks to queue
[2025-06-16T11:24:54.142-0300] {logging_mixin.py:154} INFO - [2025-06-16T11:24:54.142-0300] {dagbag.py:536} INFO - Filling up the DagBag from /mnt/c/Users/arcan/Documents/airflow/.venv/lib/python3.10/site-packages/airflow/example_dags/example_sla_dag.py
[2025-06-16T11:24:54.182-0300] {processor.py:839} INFO - DAG(s) dict_keys(['example_sla_dag']) retrieved from /mnt/c/Users/arcan/Documents/airflow/.venv/lib/python3.10/site-packages/airflow/example_dags/example_sla_dag.py
[2025-06-16T11:24:54.219-0300] {logging_mixin.py:154} INFO - [2025-06-16T11:24:54.219-0300] {dag.py:2941} INFO - Sync 1 DAGs
[2025-06-16T11:24:54.254-0300] {logging_mixin.py:154} INFO - [2025-06-16T11:24:54.254-0300] {dag.py:3722} INFO - Setting next_dagrun for example_sla_dag to 2025-06-16T14:22:00+00:00, run_after=2025-06-16T14:24:00+00:00
[2025-06-16T11:24:54.343-0300] {processor.py:179} INFO - Processing /mnt/c/Users/arcan/Documents/airflow/.venv/lib/python3.10/site-packages/airflow/example_dags/example_sla_dag.py took 0.208 seconds
[2025-06-16T11:25:55.887-0300] {processor.py:157} INFO - Started process (PID=49429) to work on /mnt/c/Users/arcan/Documents/airflow/.venv/lib/python3.10/site-packages/airflow/example_dags/example_sla_dag.py
[2025-06-16T11:25:55.889-0300] {processor.py:829} INFO - Processing file /mnt/c/Users/arcan/Documents/airflow/.venv/lib/python3.10/site-packages/airflow/example_dags/example_sla_dag.py for tasks to queue
[2025-06-16T11:25:55.892-0300] {logging_mixin.py:154} INFO - [2025-06-16T11:25:55.891-0300] {dagbag.py:536} INFO - Filling up the DagBag from /mnt/c/Users/arcan/Documents/airflow/.venv/lib/python3.10/site-packages/airflow/example_dags/example_sla_dag.py
[2025-06-16T11:25:55.934-0300] {processor.py:839} INFO - DAG(s) dict_keys(['example_sla_dag']) retrieved from /mnt/c/Users/arcan/Documents/airflow/.venv/lib/python3.10/site-packages/airflow/example_dags/example_sla_dag.py
[2025-06-16T11:25:55.974-0300] {logging_mixin.py:154} INFO - [2025-06-16T11:25:55.974-0300] {dag.py:2941} INFO - Sync 1 DAGs
[2025-06-16T11:25:56.008-0300] {logging_mixin.py:154} INFO - [2025-06-16T11:25:56.008-0300] {dag.py:3722} INFO - Setting next_dagrun for example_sla_dag to 2025-06-16T14:22:00+00:00, run_after=2025-06-16T14:24:00+00:00
[2025-06-16T11:25:56.101-0300] {processor.py:179} INFO - Processing /mnt/c/Users/arcan/Documents/airflow/.venv/lib/python3.10/site-packages/airflow/example_dags/example_sla_dag.py took 0.217 seconds
[2025-06-16T11:27:01.629-0300] {processor.py:157} INFO - Started process (PID=49621) to work on /mnt/c/Users/arcan/Documents/airflow/.venv/lib/python3.10/site-packages/airflow/example_dags/example_sla_dag.py
[2025-06-16T11:27:01.632-0300] {processor.py:829} INFO - Processing file /mnt/c/Users/arcan/Documents/airflow/.venv/lib/python3.10/site-packages/airflow/example_dags/example_sla_dag.py for tasks to queue
[2025-06-16T11:27:01.633-0300] {logging_mixin.py:154} INFO - [2025-06-16T11:27:01.633-0300] {dagbag.py:536} INFO - Filling up the DagBag from /mnt/c/Users/arcan/Documents/airflow/.venv/lib/python3.10/site-packages/airflow/example_dags/example_sla_dag.py
[2025-06-16T11:27:01.678-0300] {processor.py:839} INFO - DAG(s) dict_keys(['example_sla_dag']) retrieved from /mnt/c/Users/arcan/Documents/airflow/.venv/lib/python3.10/site-packages/airflow/example_dags/example_sla_dag.py
[2025-06-16T11:27:01.721-0300] {logging_mixin.py:154} INFO - [2025-06-16T11:27:01.721-0300] {dag.py:2941} INFO - Sync 1 DAGs
[2025-06-16T11:27:01.758-0300] {logging_mixin.py:154} INFO - [2025-06-16T11:27:01.758-0300] {dag.py:3722} INFO - Setting next_dagrun for example_sla_dag to 2025-06-16T14:24:00+00:00, run_after=2025-06-16T14:26:00+00:00
[2025-06-16T11:27:01.849-0300] {processor.py:179} INFO - Processing /mnt/c/Users/arcan/Documents/airflow/.venv/lib/python3.10/site-packages/airflow/example_dags/example_sla_dag.py took 0.225 seconds
[2025-06-16T11:28:07.729-0300] {processor.py:157} INFO - Started process (PID=49935) to work on /mnt/c/Users/arcan/Documents/airflow/.venv/lib/python3.10/site-packages/airflow/example_dags/example_sla_dag.py
[2025-06-16T11:28:07.731-0300] {processor.py:829} INFO - Processing file /mnt/c/Users/arcan/Documents/airflow/.venv/lib/python3.10/site-packages/airflow/example_dags/example_sla_dag.py for tasks to queue
[2025-06-16T11:28:07.733-0300] {logging_mixin.py:154} INFO - [2025-06-16T11:28:07.733-0300] {dagbag.py:536} INFO - Filling up the DagBag from /mnt/c/Users/arcan/Documents/airflow/.venv/lib/python3.10/site-packages/airflow/example_dags/example_sla_dag.py
[2025-06-16T11:28:07.772-0300] {processor.py:839} INFO - DAG(s) dict_keys(['example_sla_dag']) retrieved from /mnt/c/Users/arcan/Documents/airflow/.venv/lib/python3.10/site-packages/airflow/example_dags/example_sla_dag.py
[2025-06-16T11:28:07.811-0300] {logging_mixin.py:154} INFO - [2025-06-16T11:28:07.810-0300] {dag.py:2941} INFO - Sync 1 DAGs
[2025-06-16T11:28:07.840-0300] {logging_mixin.py:154} INFO - [2025-06-16T11:28:07.840-0300] {dag.py:3722} INFO - Setting next_dagrun for example_sla_dag to 2025-06-16T14:26:00+00:00, run_after=2025-06-16T14:28:00+00:00
[2025-06-16T11:28:07.931-0300] {processor.py:179} INFO - Processing /mnt/c/Users/arcan/Documents/airflow/.venv/lib/python3.10/site-packages/airflow/example_dags/example_sla_dag.py took 0.205 seconds
[2025-06-16T11:29:16.035-0300] {processor.py:157} INFO - Started process (PID=50134) to work on /mnt/c/Users/arcan/Documents/airflow/.venv/lib/python3.10/site-packages/airflow/example_dags/example_sla_dag.py
[2025-06-16T11:29:16.037-0300] {processor.py:829} INFO - Processing file /mnt/c/Users/arcan/Documents/airflow/.venv/lib/python3.10/site-packages/airflow/example_dags/example_sla_dag.py for tasks to queue
[2025-06-16T11:29:16.038-0300] {logging_mixin.py:154} INFO - [2025-06-16T11:29:16.038-0300] {dagbag.py:536} INFO - Filling up the DagBag from /mnt/c/Users/arcan/Documents/airflow/.venv/lib/python3.10/site-packages/airflow/example_dags/example_sla_dag.py
[2025-06-16T11:29:16.077-0300] {processor.py:839} INFO - DAG(s) dict_keys(['example_sla_dag']) retrieved from /mnt/c/Users/arcan/Documents/airflow/.venv/lib/python3.10/site-packages/airflow/example_dags/example_sla_dag.py
[2025-06-16T11:29:16.115-0300] {logging_mixin.py:154} INFO - [2025-06-16T11:29:16.115-0300] {dag.py:2941} INFO - Sync 1 DAGs
[2025-06-16T11:29:16.148-0300] {logging_mixin.py:154} INFO - [2025-06-16T11:29:16.148-0300] {dag.py:3722} INFO - Setting next_dagrun for example_sla_dag to 2025-06-16T14:26:00+00:00, run_after=2025-06-16T14:28:00+00:00
[2025-06-16T11:29:16.235-0300] {processor.py:179} INFO - Processing /mnt/c/Users/arcan/Documents/airflow/.venv/lib/python3.10/site-packages/airflow/example_dags/example_sla_dag.py took 0.203 seconds
[2025-06-16T11:30:18.659-0300] {processor.py:157} INFO - Started process (PID=50318) to work on /mnt/c/Users/arcan/Documents/airflow/.venv/lib/python3.10/site-packages/airflow/example_dags/example_sla_dag.py
[2025-06-16T11:30:18.661-0300] {processor.py:829} INFO - Processing file /mnt/c/Users/arcan/Documents/airflow/.venv/lib/python3.10/site-packages/airflow/example_dags/example_sla_dag.py for tasks to queue
[2025-06-16T11:30:18.663-0300] {logging_mixin.py:154} INFO - [2025-06-16T11:30:18.662-0300] {dagbag.py:536} INFO - Filling up the DagBag from /mnt/c/Users/arcan/Documents/airflow/.venv/lib/python3.10/site-packages/airflow/example_dags/example_sla_dag.py
[2025-06-16T11:30:18.705-0300] {processor.py:839} INFO - DAG(s) dict_keys(['example_sla_dag']) retrieved from /mnt/c/Users/arcan/Documents/airflow/.venv/lib/python3.10/site-packages/airflow/example_dags/example_sla_dag.py
[2025-06-16T11:30:18.746-0300] {logging_mixin.py:154} INFO - [2025-06-16T11:30:18.746-0300] {dag.py:2941} INFO - Sync 1 DAGs
[2025-06-16T11:30:18.788-0300] {logging_mixin.py:154} INFO - [2025-06-16T11:30:18.788-0300] {dag.py:3722} INFO - Setting next_dagrun for example_sla_dag to 2025-06-16T14:28:00+00:00, run_after=2025-06-16T14:30:00+00:00
[2025-06-16T11:30:18.877-0300] {processor.py:179} INFO - Processing /mnt/c/Users/arcan/Documents/airflow/.venv/lib/python3.10/site-packages/airflow/example_dags/example_sla_dag.py took 0.223 seconds
[2025-06-16T11:31:27.183-0300] {processor.py:157} INFO - Started process (PID=50515) to work on /mnt/c/Users/arcan/Documents/airflow/.venv/lib/python3.10/site-packages/airflow/example_dags/example_sla_dag.py
[2025-06-16T11:31:27.185-0300] {processor.py:829} INFO - Processing file /mnt/c/Users/arcan/Documents/airflow/.venv/lib/python3.10/site-packages/airflow/example_dags/example_sla_dag.py for tasks to queue
[2025-06-16T11:31:27.186-0300] {logging_mixin.py:154} INFO - [2025-06-16T11:31:27.186-0300] {dagbag.py:536} INFO - Filling up the DagBag from /mnt/c/Users/arcan/Documents/airflow/.venv/lib/python3.10/site-packages/airflow/example_dags/example_sla_dag.py
[2025-06-16T11:31:27.223-0300] {processor.py:839} INFO - DAG(s) dict_keys(['example_sla_dag']) retrieved from /mnt/c/Users/arcan/Documents/airflow/.venv/lib/python3.10/site-packages/airflow/example_dags/example_sla_dag.py
[2025-06-16T11:31:27.262-0300] {logging_mixin.py:154} INFO - [2025-06-16T11:31:27.262-0300] {dag.py:2941} INFO - Sync 1 DAGs
[2025-06-16T11:31:27.291-0300] {logging_mixin.py:154} INFO - [2025-06-16T11:31:27.290-0300] {dag.py:3722} INFO - Setting next_dagrun for example_sla_dag to 2025-06-16T14:28:00+00:00, run_after=2025-06-16T14:30:00+00:00
[2025-06-16T11:31:27.386-0300] {processor.py:179} INFO - Processing /mnt/c/Users/arcan/Documents/airflow/.venv/lib/python3.10/site-packages/airflow/example_dags/example_sla_dag.py took 0.207 seconds
[2025-06-16T11:32:37.651-0300] {processor.py:157} INFO - Started process (PID=50720) to work on /mnt/c/Users/arcan/Documents/airflow/.venv/lib/python3.10/site-packages/airflow/example_dags/example_sla_dag.py
[2025-06-16T11:32:37.653-0300] {processor.py:829} INFO - Processing file /mnt/c/Users/arcan/Documents/airflow/.venv/lib/python3.10/site-packages/airflow/example_dags/example_sla_dag.py for tasks to queue
[2025-06-16T11:32:37.655-0300] {logging_mixin.py:154} INFO - [2025-06-16T11:32:37.654-0300] {dagbag.py:536} INFO - Filling up the DagBag from /mnt/c/Users/arcan/Documents/airflow/.venv/lib/python3.10/site-packages/airflow/example_dags/example_sla_dag.py
[2025-06-16T11:32:37.698-0300] {processor.py:839} INFO - DAG(s) dict_keys(['example_sla_dag']) retrieved from /mnt/c/Users/arcan/Documents/airflow/.venv/lib/python3.10/site-packages/airflow/example_dags/example_sla_dag.py
[2025-06-16T11:32:37.742-0300] {logging_mixin.py:154} INFO - [2025-06-16T11:32:37.742-0300] {dag.py:2941} INFO - Sync 1 DAGs
[2025-06-16T11:32:37.774-0300] {logging_mixin.py:154} INFO - [2025-06-16T11:32:37.774-0300] {dag.py:3722} INFO - Setting next_dagrun for example_sla_dag to 2025-06-16T14:30:00+00:00, run_after=2025-06-16T14:32:00+00:00
[2025-06-16T11:32:37.864-0300] {processor.py:179} INFO - Processing /mnt/c/Users/arcan/Documents/airflow/.venv/lib/python3.10/site-packages/airflow/example_dags/example_sla_dag.py took 0.216 seconds
[2025-06-16T11:33:39.605-0300] {processor.py:157} INFO - Started process (PID=50904) to work on /mnt/c/Users/arcan/Documents/airflow/.venv/lib/python3.10/site-packages/airflow/example_dags/example_sla_dag.py
[2025-06-16T11:33:39.607-0300] {processor.py:829} INFO - Processing file /mnt/c/Users/arcan/Documents/airflow/.venv/lib/python3.10/site-packages/airflow/example_dags/example_sla_dag.py for tasks to queue
[2025-06-16T11:33:39.609-0300] {logging_mixin.py:154} INFO - [2025-06-16T11:33:39.608-0300] {dagbag.py:536} INFO - Filling up the DagBag from /mnt/c/Users/arcan/Documents/airflow/.venv/lib/python3.10/site-packages/airflow/example_dags/example_sla_dag.py
[2025-06-16T11:33:39.649-0300] {processor.py:839} INFO - DAG(s) dict_keys(['example_sla_dag']) retrieved from /mnt/c/Users/arcan/Documents/airflow/.venv/lib/python3.10/site-packages/airflow/example_dags/example_sla_dag.py
[2025-06-16T11:33:39.690-0300] {logging_mixin.py:154} INFO - [2025-06-16T11:33:39.690-0300] {dag.py:2941} INFO - Sync 1 DAGs
[2025-06-16T11:33:39.726-0300] {logging_mixin.py:154} INFO - [2025-06-16T11:33:39.726-0300] {dag.py:3722} INFO - Setting next_dagrun for example_sla_dag to 2025-06-16T14:30:00+00:00, run_after=2025-06-16T14:32:00+00:00
[2025-06-16T11:33:39.816-0300] {processor.py:179} INFO - Processing /mnt/c/Users/arcan/Documents/airflow/.venv/lib/python3.10/site-packages/airflow/example_dags/example_sla_dag.py took 0.215 seconds
[2025-06-16T11:34:42.034-0300] {processor.py:157} INFO - Started process (PID=51213) to work on /mnt/c/Users/arcan/Documents/airflow/.venv/lib/python3.10/site-packages/airflow/example_dags/example_sla_dag.py
[2025-06-16T11:34:42.035-0300] {processor.py:829} INFO - Processing file /mnt/c/Users/arcan/Documents/airflow/.venv/lib/python3.10/site-packages/airflow/example_dags/example_sla_dag.py for tasks to queue
[2025-06-16T11:34:42.037-0300] {logging_mixin.py:154} INFO - [2025-06-16T11:34:42.037-0300] {dagbag.py:536} INFO - Filling up the DagBag from /mnt/c/Users/arcan/Documents/airflow/.venv/lib/python3.10/site-packages/airflow/example_dags/example_sla_dag.py
[2025-06-16T11:34:42.076-0300] {processor.py:839} INFO - DAG(s) dict_keys(['example_sla_dag']) retrieved from /mnt/c/Users/arcan/Documents/airflow/.venv/lib/python3.10/site-packages/airflow/example_dags/example_sla_dag.py
[2025-06-16T11:34:42.126-0300] {logging_mixin.py:154} INFO - [2025-06-16T11:34:42.126-0300] {dag.py:2941} INFO - Sync 1 DAGs
[2025-06-16T11:34:42.161-0300] {logging_mixin.py:154} INFO - [2025-06-16T11:34:42.161-0300] {dag.py:3722} INFO - Setting next_dagrun for example_sla_dag to 2025-06-16T14:32:00+00:00, run_after=2025-06-16T14:34:00+00:00
[2025-06-16T11:34:42.264-0300] {processor.py:179} INFO - Processing /mnt/c/Users/arcan/Documents/airflow/.venv/lib/python3.10/site-packages/airflow/example_dags/example_sla_dag.py took 0.234 seconds
[2025-06-16T11:35:41.434-0300] {processor.py:157} INFO - Started process (PID=51391) to work on /mnt/c/Users/arcan/Documents/airflow/.venv/lib/python3.10/site-packages/airflow/example_dags/example_sla_dag.py
[2025-06-16T11:35:41.436-0300] {processor.py:829} INFO - Processing file /mnt/c/Users/arcan/Documents/airflow/.venv/lib/python3.10/site-packages/airflow/example_dags/example_sla_dag.py for tasks to queue
[2025-06-16T11:35:41.438-0300] {logging_mixin.py:154} INFO - [2025-06-16T11:35:41.438-0300] {dagbag.py:536} INFO - Filling up the DagBag from /mnt/c/Users/arcan/Documents/airflow/.venv/lib/python3.10/site-packages/airflow/example_dags/example_sla_dag.py
[2025-06-16T11:35:41.477-0300] {processor.py:839} INFO - DAG(s) dict_keys(['example_sla_dag']) retrieved from /mnt/c/Users/arcan/Documents/airflow/.venv/lib/python3.10/site-packages/airflow/example_dags/example_sla_dag.py
[2025-06-16T11:35:41.516-0300] {logging_mixin.py:154} INFO - [2025-06-16T11:35:41.516-0300] {dag.py:2941} INFO - Sync 1 DAGs
[2025-06-16T11:35:41.553-0300] {logging_mixin.py:154} INFO - [2025-06-16T11:35:41.553-0300] {dag.py:3722} INFO - Setting next_dagrun for example_sla_dag to 2025-06-16T14:32:00+00:00, run_after=2025-06-16T14:34:00+00:00
[2025-06-16T11:35:41.671-0300] {processor.py:179} INFO - Processing /mnt/c/Users/arcan/Documents/airflow/.venv/lib/python3.10/site-packages/airflow/example_dags/example_sla_dag.py took 0.241 seconds
[2025-06-16T11:36:48.064-0300] {processor.py:157} INFO - Started process (PID=51591) to work on /mnt/c/Users/arcan/Documents/airflow/.venv/lib/python3.10/site-packages/airflow/example_dags/example_sla_dag.py
[2025-06-16T11:36:48.066-0300] {processor.py:829} INFO - Processing file /mnt/c/Users/arcan/Documents/airflow/.venv/lib/python3.10/site-packages/airflow/example_dags/example_sla_dag.py for tasks to queue
[2025-06-16T11:36:48.068-0300] {logging_mixin.py:154} INFO - [2025-06-16T11:36:48.067-0300] {dagbag.py:536} INFO - Filling up the DagBag from /mnt/c/Users/arcan/Documents/airflow/.venv/lib/python3.10/site-packages/airflow/example_dags/example_sla_dag.py
[2025-06-16T11:36:48.110-0300] {processor.py:839} INFO - DAG(s) dict_keys(['example_sla_dag']) retrieved from /mnt/c/Users/arcan/Documents/airflow/.venv/lib/python3.10/site-packages/airflow/example_dags/example_sla_dag.py
[2025-06-16T11:36:48.156-0300] {logging_mixin.py:154} INFO - [2025-06-16T11:36:48.156-0300] {dag.py:2941} INFO - Sync 1 DAGs
[2025-06-16T11:36:48.190-0300] {logging_mixin.py:154} INFO - [2025-06-16T11:36:48.189-0300] {dag.py:3722} INFO - Setting next_dagrun for example_sla_dag to 2025-06-16T14:34:00+00:00, run_after=2025-06-16T14:36:00+00:00
[2025-06-16T11:36:48.281-0300] {processor.py:179} INFO - Processing /mnt/c/Users/arcan/Documents/airflow/.venv/lib/python3.10/site-packages/airflow/example_dags/example_sla_dag.py took 0.221 seconds
[2025-06-16T11:37:53.280-0300] {processor.py:157} INFO - Started process (PID=51782) to work on /mnt/c/Users/arcan/Documents/airflow/.venv/lib/python3.10/site-packages/airflow/example_dags/example_sla_dag.py
[2025-06-16T11:37:53.282-0300] {processor.py:829} INFO - Processing file /mnt/c/Users/arcan/Documents/airflow/.venv/lib/python3.10/site-packages/airflow/example_dags/example_sla_dag.py for tasks to queue
[2025-06-16T11:37:53.283-0300] {logging_mixin.py:154} INFO - [2025-06-16T11:37:53.283-0300] {dagbag.py:536} INFO - Filling up the DagBag from /mnt/c/Users/arcan/Documents/airflow/.venv/lib/python3.10/site-packages/airflow/example_dags/example_sla_dag.py
[2025-06-16T11:37:53.323-0300] {processor.py:839} INFO - DAG(s) dict_keys(['example_sla_dag']) retrieved from /mnt/c/Users/arcan/Documents/airflow/.venv/lib/python3.10/site-packages/airflow/example_dags/example_sla_dag.py
[2025-06-16T11:37:53.361-0300] {logging_mixin.py:154} INFO - [2025-06-16T11:37:53.360-0300] {dag.py:2941} INFO - Sync 1 DAGs
[2025-06-16T11:37:53.393-0300] {logging_mixin.py:154} INFO - [2025-06-16T11:37:53.393-0300] {dag.py:3722} INFO - Setting next_dagrun for example_sla_dag to 2025-06-16T14:34:00+00:00, run_after=2025-06-16T14:36:00+00:00
[2025-06-16T11:37:53.481-0300] {processor.py:179} INFO - Processing /mnt/c/Users/arcan/Documents/airflow/.venv/lib/python3.10/site-packages/airflow/example_dags/example_sla_dag.py took 0.205 seconds
[2025-06-16T11:39:02.165-0300] {processor.py:157} INFO - Started process (PID=51979) to work on /mnt/c/Users/arcan/Documents/airflow/.venv/lib/python3.10/site-packages/airflow/example_dags/example_sla_dag.py
[2025-06-16T11:39:02.167-0300] {processor.py:829} INFO - Processing file /mnt/c/Users/arcan/Documents/airflow/.venv/lib/python3.10/site-packages/airflow/example_dags/example_sla_dag.py for tasks to queue
[2025-06-16T11:39:02.169-0300] {logging_mixin.py:154} INFO - [2025-06-16T11:39:02.168-0300] {dagbag.py:536} INFO - Filling up the DagBag from /mnt/c/Users/arcan/Documents/airflow/.venv/lib/python3.10/site-packages/airflow/example_dags/example_sla_dag.py
[2025-06-16T11:39:02.208-0300] {processor.py:839} INFO - DAG(s) dict_keys(['example_sla_dag']) retrieved from /mnt/c/Users/arcan/Documents/airflow/.venv/lib/python3.10/site-packages/airflow/example_dags/example_sla_dag.py
[2025-06-16T11:39:02.249-0300] {logging_mixin.py:154} INFO - [2025-06-16T11:39:02.249-0300] {dag.py:2941} INFO - Sync 1 DAGs
[2025-06-16T11:39:02.281-0300] {logging_mixin.py:154} INFO - [2025-06-16T11:39:02.281-0300] {dag.py:3722} INFO - Setting next_dagrun for example_sla_dag to 2025-06-16T14:36:00+00:00, run_after=2025-06-16T14:38:00+00:00
[2025-06-16T11:39:02.487-0300] {processor.py:179} INFO - Processing /mnt/c/Users/arcan/Documents/airflow/.venv/lib/python3.10/site-packages/airflow/example_dags/example_sla_dag.py took 0.327 seconds
[2025-06-16T11:40:10.669-0300] {processor.py:157} INFO - Started process (PID=52185) to work on /mnt/c/Users/arcan/Documents/airflow/.venv/lib/python3.10/site-packages/airflow/example_dags/example_sla_dag.py
[2025-06-16T11:40:10.671-0300] {processor.py:829} INFO - Processing file /mnt/c/Users/arcan/Documents/airflow/.venv/lib/python3.10/site-packages/airflow/example_dags/example_sla_dag.py for tasks to queue
[2025-06-16T11:40:10.672-0300] {logging_mixin.py:154} INFO - [2025-06-16T11:40:10.672-0300] {dagbag.py:536} INFO - Filling up the DagBag from /mnt/c/Users/arcan/Documents/airflow/.venv/lib/python3.10/site-packages/airflow/example_dags/example_sla_dag.py
[2025-06-16T11:40:10.711-0300] {processor.py:839} INFO - DAG(s) dict_keys(['example_sla_dag']) retrieved from /mnt/c/Users/arcan/Documents/airflow/.venv/lib/python3.10/site-packages/airflow/example_dags/example_sla_dag.py
[2025-06-16T11:40:10.749-0300] {logging_mixin.py:154} INFO - [2025-06-16T11:40:10.749-0300] {dag.py:2941} INFO - Sync 1 DAGs
[2025-06-16T11:40:10.779-0300] {logging_mixin.py:154} INFO - [2025-06-16T11:40:10.779-0300] {dag.py:3722} INFO - Setting next_dagrun for example_sla_dag to 2025-06-16T14:38:00+00:00, run_after=2025-06-16T14:40:00+00:00
[2025-06-16T11:40:10.862-0300] {processor.py:179} INFO - Processing /mnt/c/Users/arcan/Documents/airflow/.venv/lib/python3.10/site-packages/airflow/example_dags/example_sla_dag.py took 0.197 seconds
[2025-06-16T11:41:14.024-0300] {processor.py:157} INFO - Started process (PID=52370) to work on /mnt/c/Users/arcan/Documents/airflow/.venv/lib/python3.10/site-packages/airflow/example_dags/example_sla_dag.py
[2025-06-16T11:41:14.026-0300] {processor.py:829} INFO - Processing file /mnt/c/Users/arcan/Documents/airflow/.venv/lib/python3.10/site-packages/airflow/example_dags/example_sla_dag.py for tasks to queue
[2025-06-16T11:41:14.028-0300] {logging_mixin.py:154} INFO - [2025-06-16T11:41:14.028-0300] {dagbag.py:536} INFO - Filling up the DagBag from /mnt/c/Users/arcan/Documents/airflow/.venv/lib/python3.10/site-packages/airflow/example_dags/example_sla_dag.py
[2025-06-16T11:41:14.067-0300] {processor.py:839} INFO - DAG(s) dict_keys(['example_sla_dag']) retrieved from /mnt/c/Users/arcan/Documents/airflow/.venv/lib/python3.10/site-packages/airflow/example_dags/example_sla_dag.py
[2025-06-16T11:41:14.113-0300] {logging_mixin.py:154} INFO - [2025-06-16T11:41:14.112-0300] {dag.py:2941} INFO - Sync 1 DAGs
[2025-06-16T11:41:14.147-0300] {logging_mixin.py:154} INFO - [2025-06-16T11:41:14.147-0300] {dag.py:3722} INFO - Setting next_dagrun for example_sla_dag to 2025-06-16T14:38:00+00:00, run_after=2025-06-16T14:40:00+00:00
[2025-06-16T11:41:14.236-0300] {processor.py:179} INFO - Processing /mnt/c/Users/arcan/Documents/airflow/.venv/lib/python3.10/site-packages/airflow/example_dags/example_sla_dag.py took 0.216 seconds
[2025-06-16T11:42:21.607-0300] {processor.py:157} INFO - Started process (PID=52689) to work on /mnt/c/Users/arcan/Documents/airflow/.venv/lib/python3.10/site-packages/airflow/example_dags/example_sla_dag.py
[2025-06-16T11:42:21.609-0300] {processor.py:829} INFO - Processing file /mnt/c/Users/arcan/Documents/airflow/.venv/lib/python3.10/site-packages/airflow/example_dags/example_sla_dag.py for tasks to queue
[2025-06-16T11:42:21.610-0300] {logging_mixin.py:154} INFO - [2025-06-16T11:42:21.610-0300] {dagbag.py:536} INFO - Filling up the DagBag from /mnt/c/Users/arcan/Documents/airflow/.venv/lib/python3.10/site-packages/airflow/example_dags/example_sla_dag.py
[2025-06-16T11:42:21.655-0300] {processor.py:839} INFO - DAG(s) dict_keys(['example_sla_dag']) retrieved from /mnt/c/Users/arcan/Documents/airflow/.venv/lib/python3.10/site-packages/airflow/example_dags/example_sla_dag.py
[2025-06-16T11:42:21.698-0300] {logging_mixin.py:154} INFO - [2025-06-16T11:42:21.697-0300] {dag.py:2941} INFO - Sync 1 DAGs
[2025-06-16T11:42:21.840-0300] {logging_mixin.py:154} INFO - [2025-06-16T11:42:21.840-0300] {dag.py:3722} INFO - Setting next_dagrun for example_sla_dag to 2025-06-16T14:40:00+00:00, run_after=2025-06-16T14:42:00+00:00
[2025-06-16T11:42:21.935-0300] {processor.py:179} INFO - Processing /mnt/c/Users/arcan/Documents/airflow/.venv/lib/python3.10/site-packages/airflow/example_dags/example_sla_dag.py took 0.332 seconds
[2025-06-16T11:43:31.408-0300] {processor.py:157} INFO - Started process (PID=52896) to work on /mnt/c/Users/arcan/Documents/airflow/.venv/lib/python3.10/site-packages/airflow/example_dags/example_sla_dag.py
[2025-06-16T11:43:31.410-0300] {processor.py:829} INFO - Processing file /mnt/c/Users/arcan/Documents/airflow/.venv/lib/python3.10/site-packages/airflow/example_dags/example_sla_dag.py for tasks to queue
[2025-06-16T11:43:31.412-0300] {logging_mixin.py:154} INFO - [2025-06-16T11:43:31.412-0300] {dagbag.py:536} INFO - Filling up the DagBag from /mnt/c/Users/arcan/Documents/airflow/.venv/lib/python3.10/site-packages/airflow/example_dags/example_sla_dag.py
[2025-06-16T11:43:31.453-0300] {processor.py:839} INFO - DAG(s) dict_keys(['example_sla_dag']) retrieved from /mnt/c/Users/arcan/Documents/airflow/.venv/lib/python3.10/site-packages/airflow/example_dags/example_sla_dag.py
[2025-06-16T11:43:31.499-0300] {logging_mixin.py:154} INFO - [2025-06-16T11:43:31.499-0300] {dag.py:2941} INFO - Sync 1 DAGs
[2025-06-16T11:43:31.538-0300] {logging_mixin.py:154} INFO - [2025-06-16T11:43:31.537-0300] {dag.py:3722} INFO - Setting next_dagrun for example_sla_dag to 2025-06-16T14:40:00+00:00, run_after=2025-06-16T14:42:00+00:00
[2025-06-16T11:43:31.640-0300] {processor.py:179} INFO - Processing /mnt/c/Users/arcan/Documents/airflow/.venv/lib/python3.10/site-packages/airflow/example_dags/example_sla_dag.py took 0.238 seconds
[2025-06-16T11:44:40.644-0300] {processor.py:157} INFO - Started process (PID=53100) to work on /mnt/c/Users/arcan/Documents/airflow/.venv/lib/python3.10/site-packages/airflow/example_dags/example_sla_dag.py
[2025-06-16T11:44:40.646-0300] {processor.py:829} INFO - Processing file /mnt/c/Users/arcan/Documents/airflow/.venv/lib/python3.10/site-packages/airflow/example_dags/example_sla_dag.py for tasks to queue
[2025-06-16T11:44:40.648-0300] {logging_mixin.py:154} INFO - [2025-06-16T11:44:40.647-0300] {dagbag.py:536} INFO - Filling up the DagBag from /mnt/c/Users/arcan/Documents/airflow/.venv/lib/python3.10/site-packages/airflow/example_dags/example_sla_dag.py
[2025-06-16T11:44:40.687-0300] {processor.py:839} INFO - DAG(s) dict_keys(['example_sla_dag']) retrieved from /mnt/c/Users/arcan/Documents/airflow/.venv/lib/python3.10/site-packages/airflow/example_dags/example_sla_dag.py
[2025-06-16T11:44:40.724-0300] {logging_mixin.py:154} INFO - [2025-06-16T11:44:40.724-0300] {dag.py:2941} INFO - Sync 1 DAGs
[2025-06-16T11:44:40.757-0300] {logging_mixin.py:154} INFO - [2025-06-16T11:44:40.757-0300] {dag.py:3722} INFO - Setting next_dagrun for example_sla_dag to 2025-06-16T14:42:00+00:00, run_after=2025-06-16T14:44:00+00:00
[2025-06-16T11:44:40.851-0300] {processor.py:179} INFO - Processing /mnt/c/Users/arcan/Documents/airflow/.venv/lib/python3.10/site-packages/airflow/example_dags/example_sla_dag.py took 0.211 seconds
[2025-06-16T11:45:43.229-0300] {processor.py:157} INFO - Started process (PID=53285) to work on /mnt/c/Users/arcan/Documents/airflow/.venv/lib/python3.10/site-packages/airflow/example_dags/example_sla_dag.py
[2025-06-16T11:45:43.231-0300] {processor.py:829} INFO - Processing file /mnt/c/Users/arcan/Documents/airflow/.venv/lib/python3.10/site-packages/airflow/example_dags/example_sla_dag.py for tasks to queue
[2025-06-16T11:45:43.233-0300] {logging_mixin.py:154} INFO - [2025-06-16T11:45:43.232-0300] {dagbag.py:536} INFO - Filling up the DagBag from /mnt/c/Users/arcan/Documents/airflow/.venv/lib/python3.10/site-packages/airflow/example_dags/example_sla_dag.py
[2025-06-16T11:45:43.273-0300] {processor.py:839} INFO - DAG(s) dict_keys(['example_sla_dag']) retrieved from /mnt/c/Users/arcan/Documents/airflow/.venv/lib/python3.10/site-packages/airflow/example_dags/example_sla_dag.py
[2025-06-16T11:45:43.317-0300] {logging_mixin.py:154} INFO - [2025-06-16T11:45:43.317-0300] {dag.py:2941} INFO - Sync 1 DAGs
[2025-06-16T11:45:43.351-0300] {logging_mixin.py:154} INFO - [2025-06-16T11:45:43.351-0300] {dag.py:3722} INFO - Setting next_dagrun for example_sla_dag to 2025-06-16T14:42:00+00:00, run_after=2025-06-16T14:44:00+00:00
[2025-06-16T11:45:43.576-0300] {processor.py:179} INFO - Processing /mnt/c/Users/arcan/Documents/airflow/.venv/lib/python3.10/site-packages/airflow/example_dags/example_sla_dag.py took 0.350 seconds
[2025-06-16T11:46:54.404-0300] {processor.py:157} INFO - Started process (PID=53496) to work on /mnt/c/Users/arcan/Documents/airflow/.venv/lib/python3.10/site-packages/airflow/example_dags/example_sla_dag.py
[2025-06-16T11:46:54.406-0300] {processor.py:829} INFO - Processing file /mnt/c/Users/arcan/Documents/airflow/.venv/lib/python3.10/site-packages/airflow/example_dags/example_sla_dag.py for tasks to queue
[2025-06-16T11:46:54.407-0300] {logging_mixin.py:154} INFO - [2025-06-16T11:46:54.407-0300] {dagbag.py:536} INFO - Filling up the DagBag from /mnt/c/Users/arcan/Documents/airflow/.venv/lib/python3.10/site-packages/airflow/example_dags/example_sla_dag.py
[2025-06-16T11:46:54.447-0300] {processor.py:839} INFO - DAG(s) dict_keys(['example_sla_dag']) retrieved from /mnt/c/Users/arcan/Documents/airflow/.venv/lib/python3.10/site-packages/airflow/example_dags/example_sla_dag.py
[2025-06-16T11:46:54.485-0300] {logging_mixin.py:154} INFO - [2025-06-16T11:46:54.485-0300] {dag.py:2941} INFO - Sync 1 DAGs
[2025-06-16T11:46:54.517-0300] {logging_mixin.py:154} INFO - [2025-06-16T11:46:54.517-0300] {dag.py:3722} INFO - Setting next_dagrun for example_sla_dag to 2025-06-16T14:44:00+00:00, run_after=2025-06-16T14:46:00+00:00
[2025-06-16T11:46:54.608-0300] {processor.py:179} INFO - Processing /mnt/c/Users/arcan/Documents/airflow/.venv/lib/python3.10/site-packages/airflow/example_dags/example_sla_dag.py took 0.207 seconds
[2025-06-16T11:47:56.933-0300] {processor.py:157} INFO - Started process (PID=53680) to work on /mnt/c/Users/arcan/Documents/airflow/.venv/lib/python3.10/site-packages/airflow/example_dags/example_sla_dag.py
[2025-06-16T11:47:56.935-0300] {processor.py:829} INFO - Processing file /mnt/c/Users/arcan/Documents/airflow/.venv/lib/python3.10/site-packages/airflow/example_dags/example_sla_dag.py for tasks to queue
[2025-06-16T11:47:56.936-0300] {logging_mixin.py:154} INFO - [2025-06-16T11:47:56.936-0300] {dagbag.py:536} INFO - Filling up the DagBag from /mnt/c/Users/arcan/Documents/airflow/.venv/lib/python3.10/site-packages/airflow/example_dags/example_sla_dag.py
[2025-06-16T11:47:56.980-0300] {processor.py:839} INFO - DAG(s) dict_keys(['example_sla_dag']) retrieved from /mnt/c/Users/arcan/Documents/airflow/.venv/lib/python3.10/site-packages/airflow/example_dags/example_sla_dag.py
[2025-06-16T11:47:57.020-0300] {logging_mixin.py:154} INFO - [2025-06-16T11:47:57.019-0300] {dag.py:2941} INFO - Sync 1 DAGs
[2025-06-16T11:47:57.049-0300] {logging_mixin.py:154} INFO - [2025-06-16T11:47:57.049-0300] {dag.py:3722} INFO - Setting next_dagrun for example_sla_dag to 2025-06-16T14:44:00+00:00, run_after=2025-06-16T14:46:00+00:00
[2025-06-16T11:47:57.138-0300] {processor.py:179} INFO - Processing /mnt/c/Users/arcan/Documents/airflow/.venv/lib/python3.10/site-packages/airflow/example_dags/example_sla_dag.py took 0.209 seconds
[2025-06-16T11:48:59.430-0300] {processor.py:157} INFO - Started process (PID=53986) to work on /mnt/c/Users/arcan/Documents/airflow/.venv/lib/python3.10/site-packages/airflow/example_dags/example_sla_dag.py
[2025-06-16T11:48:59.432-0300] {processor.py:829} INFO - Processing file /mnt/c/Users/arcan/Documents/airflow/.venv/lib/python3.10/site-packages/airflow/example_dags/example_sla_dag.py for tasks to queue
[2025-06-16T11:48:59.434-0300] {logging_mixin.py:154} INFO - [2025-06-16T11:48:59.433-0300] {dagbag.py:536} INFO - Filling up the DagBag from /mnt/c/Users/arcan/Documents/airflow/.venv/lib/python3.10/site-packages/airflow/example_dags/example_sla_dag.py
[2025-06-16T11:48:59.477-0300] {processor.py:839} INFO - DAG(s) dict_keys(['example_sla_dag']) retrieved from /mnt/c/Users/arcan/Documents/airflow/.venv/lib/python3.10/site-packages/airflow/example_dags/example_sla_dag.py
[2025-06-16T11:48:59.520-0300] {logging_mixin.py:154} INFO - [2025-06-16T11:48:59.520-0300] {dag.py:2941} INFO - Sync 1 DAGs
[2025-06-16T11:48:59.555-0300] {logging_mixin.py:154} INFO - [2025-06-16T11:48:59.555-0300] {dag.py:3722} INFO - Setting next_dagrun for example_sla_dag to 2025-06-16T14:46:00+00:00, run_after=2025-06-16T14:48:00+00:00
[2025-06-16T11:48:59.643-0300] {processor.py:179} INFO - Processing /mnt/c/Users/arcan/Documents/airflow/.venv/lib/python3.10/site-packages/airflow/example_dags/example_sla_dag.py took 0.219 seconds
[2025-06-16T11:50:01.672-0300] {processor.py:157} INFO - Started process (PID=54174) to work on /mnt/c/Users/arcan/Documents/airflow/.venv/lib/python3.10/site-packages/airflow/example_dags/example_sla_dag.py
[2025-06-16T11:50:01.674-0300] {processor.py:829} INFO - Processing file /mnt/c/Users/arcan/Documents/airflow/.venv/lib/python3.10/site-packages/airflow/example_dags/example_sla_dag.py for tasks to queue
[2025-06-16T11:50:01.676-0300] {logging_mixin.py:154} INFO - [2025-06-16T11:50:01.675-0300] {dagbag.py:536} INFO - Filling up the DagBag from /mnt/c/Users/arcan/Documents/airflow/.venv/lib/python3.10/site-packages/airflow/example_dags/example_sla_dag.py
[2025-06-16T11:50:01.711-0300] {processor.py:839} INFO - DAG(s) dict_keys(['example_sla_dag']) retrieved from /mnt/c/Users/arcan/Documents/airflow/.venv/lib/python3.10/site-packages/airflow/example_dags/example_sla_dag.py
[2025-06-16T11:50:01.753-0300] {logging_mixin.py:154} INFO - [2025-06-16T11:50:01.752-0300] {dag.py:2941} INFO - Sync 1 DAGs
[2025-06-16T11:50:01.787-0300] {logging_mixin.py:154} INFO - [2025-06-16T11:50:01.787-0300] {dag.py:3722} INFO - Setting next_dagrun for example_sla_dag to 2025-06-16T14:48:00+00:00, run_after=2025-06-16T14:50:00+00:00
[2025-06-16T11:50:01.871-0300] {processor.py:179} INFO - Processing /mnt/c/Users/arcan/Documents/airflow/.venv/lib/python3.10/site-packages/airflow/example_dags/example_sla_dag.py took 0.203 seconds
[2025-06-16T11:51:01.362-0300] {processor.py:157} INFO - Started process (PID=54351) to work on /mnt/c/Users/arcan/Documents/airflow/.venv/lib/python3.10/site-packages/airflow/example_dags/example_sla_dag.py
[2025-06-16T11:51:01.364-0300] {processor.py:829} INFO - Processing file /mnt/c/Users/arcan/Documents/airflow/.venv/lib/python3.10/site-packages/airflow/example_dags/example_sla_dag.py for tasks to queue
[2025-06-16T11:51:01.366-0300] {logging_mixin.py:154} INFO - [2025-06-16T11:51:01.365-0300] {dagbag.py:536} INFO - Filling up the DagBag from /mnt/c/Users/arcan/Documents/airflow/.venv/lib/python3.10/site-packages/airflow/example_dags/example_sla_dag.py
[2025-06-16T11:51:01.408-0300] {processor.py:839} INFO - DAG(s) dict_keys(['example_sla_dag']) retrieved from /mnt/c/Users/arcan/Documents/airflow/.venv/lib/python3.10/site-packages/airflow/example_dags/example_sla_dag.py
[2025-06-16T11:51:01.445-0300] {logging_mixin.py:154} INFO - [2025-06-16T11:51:01.445-0300] {dag.py:2941} INFO - Sync 1 DAGs
[2025-06-16T11:51:01.477-0300] {logging_mixin.py:154} INFO - [2025-06-16T11:51:01.477-0300] {dag.py:3722} INFO - Setting next_dagrun for example_sla_dag to 2025-06-16T14:48:00+00:00, run_after=2025-06-16T14:50:00+00:00
[2025-06-16T11:51:01.575-0300] {processor.py:179} INFO - Processing /mnt/c/Users/arcan/Documents/airflow/.venv/lib/python3.10/site-packages/airflow/example_dags/example_sla_dag.py took 0.217 seconds
[2025-06-16T11:52:09.422-0300] {processor.py:157} INFO - Started process (PID=54555) to work on /mnt/c/Users/arcan/Documents/airflow/.venv/lib/python3.10/site-packages/airflow/example_dags/example_sla_dag.py
[2025-06-16T11:52:09.424-0300] {processor.py:829} INFO - Processing file /mnt/c/Users/arcan/Documents/airflow/.venv/lib/python3.10/site-packages/airflow/example_dags/example_sla_dag.py for tasks to queue
[2025-06-16T11:52:09.427-0300] {logging_mixin.py:154} INFO - [2025-06-16T11:52:09.426-0300] {dagbag.py:536} INFO - Filling up the DagBag from /mnt/c/Users/arcan/Documents/airflow/.venv/lib/python3.10/site-packages/airflow/example_dags/example_sla_dag.py
[2025-06-16T11:52:09.467-0300] {processor.py:839} INFO - DAG(s) dict_keys(['example_sla_dag']) retrieved from /mnt/c/Users/arcan/Documents/airflow/.venv/lib/python3.10/site-packages/airflow/example_dags/example_sla_dag.py
[2025-06-16T11:52:09.510-0300] {logging_mixin.py:154} INFO - [2025-06-16T11:52:09.510-0300] {dag.py:2941} INFO - Sync 1 DAGs
[2025-06-16T11:52:09.541-0300] {logging_mixin.py:154} INFO - [2025-06-16T11:52:09.541-0300] {dag.py:3722} INFO - Setting next_dagrun for example_sla_dag to 2025-06-16T14:50:00+00:00, run_after=2025-06-16T14:52:00+00:00
[2025-06-16T11:52:09.634-0300] {processor.py:179} INFO - Processing /mnt/c/Users/arcan/Documents/airflow/.venv/lib/python3.10/site-packages/airflow/example_dags/example_sla_dag.py took 0.216 seconds
[2025-06-16T11:53:14.624-0300] {processor.py:157} INFO - Started process (PID=54746) to work on /mnt/c/Users/arcan/Documents/airflow/.venv/lib/python3.10/site-packages/airflow/example_dags/example_sla_dag.py
[2025-06-16T11:53:14.626-0300] {processor.py:829} INFO - Processing file /mnt/c/Users/arcan/Documents/airflow/.venv/lib/python3.10/site-packages/airflow/example_dags/example_sla_dag.py for tasks to queue
[2025-06-16T11:53:14.628-0300] {logging_mixin.py:154} INFO - [2025-06-16T11:53:14.627-0300] {dagbag.py:536} INFO - Filling up the DagBag from /mnt/c/Users/arcan/Documents/airflow/.venv/lib/python3.10/site-packages/airflow/example_dags/example_sla_dag.py
[2025-06-16T11:53:14.665-0300] {processor.py:839} INFO - DAG(s) dict_keys(['example_sla_dag']) retrieved from /mnt/c/Users/arcan/Documents/airflow/.venv/lib/python3.10/site-packages/airflow/example_dags/example_sla_dag.py
[2025-06-16T11:53:14.709-0300] {logging_mixin.py:154} INFO - [2025-06-16T11:53:14.709-0300] {dag.py:2941} INFO - Sync 1 DAGs
[2025-06-16T11:53:14.744-0300] {logging_mixin.py:154} INFO - [2025-06-16T11:53:14.744-0300] {dag.py:3722} INFO - Setting next_dagrun for example_sla_dag to 2025-06-16T14:50:00+00:00, run_after=2025-06-16T14:52:00+00:00
[2025-06-16T11:53:14.834-0300] {processor.py:179} INFO - Processing /mnt/c/Users/arcan/Documents/airflow/.venv/lib/python3.10/site-packages/airflow/example_dags/example_sla_dag.py took 0.214 seconds
[2025-06-16T11:54:15.724-0300] {processor.py:157} INFO - Started process (PID=54929) to work on /mnt/c/Users/arcan/Documents/airflow/.venv/lib/python3.10/site-packages/airflow/example_dags/example_sla_dag.py
[2025-06-16T11:54:15.726-0300] {processor.py:829} INFO - Processing file /mnt/c/Users/arcan/Documents/airflow/.venv/lib/python3.10/site-packages/airflow/example_dags/example_sla_dag.py for tasks to queue
[2025-06-16T11:54:15.728-0300] {logging_mixin.py:154} INFO - [2025-06-16T11:54:15.728-0300] {dagbag.py:536} INFO - Filling up the DagBag from /mnt/c/Users/arcan/Documents/airflow/.venv/lib/python3.10/site-packages/airflow/example_dags/example_sla_dag.py
[2025-06-16T11:54:15.770-0300] {processor.py:839} INFO - DAG(s) dict_keys(['example_sla_dag']) retrieved from /mnt/c/Users/arcan/Documents/airflow/.venv/lib/python3.10/site-packages/airflow/example_dags/example_sla_dag.py
[2025-06-16T11:54:15.811-0300] {logging_mixin.py:154} INFO - [2025-06-16T11:54:15.810-0300] {dag.py:2941} INFO - Sync 1 DAGs
[2025-06-16T11:54:15.843-0300] {logging_mixin.py:154} INFO - [2025-06-16T11:54:15.843-0300] {dag.py:3722} INFO - Setting next_dagrun for example_sla_dag to 2025-06-16T14:52:00+00:00, run_after=2025-06-16T14:54:00+00:00
[2025-06-16T11:54:15.937-0300] {processor.py:179} INFO - Processing /mnt/c/Users/arcan/Documents/airflow/.venv/lib/python3.10/site-packages/airflow/example_dags/example_sla_dag.py took 0.217 seconds
[2025-06-16T11:55:18.575-0300] {processor.py:157} INFO - Started process (PID=55119) to work on /mnt/c/Users/arcan/Documents/airflow/.venv/lib/python3.10/site-packages/airflow/example_dags/example_sla_dag.py
[2025-06-16T11:55:18.577-0300] {processor.py:829} INFO - Processing file /mnt/c/Users/arcan/Documents/airflow/.venv/lib/python3.10/site-packages/airflow/example_dags/example_sla_dag.py for tasks to queue
[2025-06-16T11:55:18.579-0300] {logging_mixin.py:154} INFO - [2025-06-16T11:55:18.578-0300] {dagbag.py:536} INFO - Filling up the DagBag from /mnt/c/Users/arcan/Documents/airflow/.venv/lib/python3.10/site-packages/airflow/example_dags/example_sla_dag.py
[2025-06-16T11:55:18.622-0300] {processor.py:839} INFO - DAG(s) dict_keys(['example_sla_dag']) retrieved from /mnt/c/Users/arcan/Documents/airflow/.venv/lib/python3.10/site-packages/airflow/example_dags/example_sla_dag.py
[2025-06-16T11:55:18.663-0300] {logging_mixin.py:154} INFO - [2025-06-16T11:55:18.663-0300] {dag.py:2941} INFO - Sync 1 DAGs
[2025-06-16T11:55:18.695-0300] {logging_mixin.py:154} INFO - [2025-06-16T11:55:18.695-0300] {dag.py:3722} INFO - Setting next_dagrun for example_sla_dag to 2025-06-16T14:52:00+00:00, run_after=2025-06-16T14:54:00+00:00
[2025-06-16T11:55:18.786-0300] {processor.py:179} INFO - Processing /mnt/c/Users/arcan/Documents/airflow/.venv/lib/python3.10/site-packages/airflow/example_dags/example_sla_dag.py took 0.215 seconds
[2025-06-16T11:56:18.002-0300] {processor.py:157} INFO - Started process (PID=55421) to work on /mnt/c/Users/arcan/Documents/airflow/.venv/lib/python3.10/site-packages/airflow/example_dags/example_sla_dag.py
[2025-06-16T11:56:18.004-0300] {processor.py:829} INFO - Processing file /mnt/c/Users/arcan/Documents/airflow/.venv/lib/python3.10/site-packages/airflow/example_dags/example_sla_dag.py for tasks to queue
[2025-06-16T11:56:18.006-0300] {logging_mixin.py:154} INFO - [2025-06-16T11:56:18.005-0300] {dagbag.py:536} INFO - Filling up the DagBag from /mnt/c/Users/arcan/Documents/airflow/.venv/lib/python3.10/site-packages/airflow/example_dags/example_sla_dag.py
[2025-06-16T11:56:18.048-0300] {processor.py:839} INFO - DAG(s) dict_keys(['example_sla_dag']) retrieved from /mnt/c/Users/arcan/Documents/airflow/.venv/lib/python3.10/site-packages/airflow/example_dags/example_sla_dag.py
[2025-06-16T11:56:18.086-0300] {logging_mixin.py:154} INFO - [2025-06-16T11:56:18.086-0300] {dag.py:2941} INFO - Sync 1 DAGs
[2025-06-16T11:56:18.118-0300] {logging_mixin.py:154} INFO - [2025-06-16T11:56:18.117-0300] {dag.py:3722} INFO - Setting next_dagrun for example_sla_dag to 2025-06-16T14:54:00+00:00, run_after=2025-06-16T14:56:00+00:00
[2025-06-16T11:56:18.211-0300] {processor.py:179} INFO - Processing /mnt/c/Users/arcan/Documents/airflow/.venv/lib/python3.10/site-packages/airflow/example_dags/example_sla_dag.py took 0.214 seconds
[2025-06-16T11:57:27.235-0300] {processor.py:157} INFO - Started process (PID=55629) to work on /mnt/c/Users/arcan/Documents/airflow/.venv/lib/python3.10/site-packages/airflow/example_dags/example_sla_dag.py
[2025-06-16T11:57:27.237-0300] {processor.py:829} INFO - Processing file /mnt/c/Users/arcan/Documents/airflow/.venv/lib/python3.10/site-packages/airflow/example_dags/example_sla_dag.py for tasks to queue
[2025-06-16T11:57:27.238-0300] {logging_mixin.py:154} INFO - [2025-06-16T11:57:27.238-0300] {dagbag.py:536} INFO - Filling up the DagBag from /mnt/c/Users/arcan/Documents/airflow/.venv/lib/python3.10/site-packages/airflow/example_dags/example_sla_dag.py
[2025-06-16T11:57:27.282-0300] {processor.py:839} INFO - DAG(s) dict_keys(['example_sla_dag']) retrieved from /mnt/c/Users/arcan/Documents/airflow/.venv/lib/python3.10/site-packages/airflow/example_dags/example_sla_dag.py
[2025-06-16T11:57:27.327-0300] {logging_mixin.py:154} INFO - [2025-06-16T11:57:27.327-0300] {dag.py:2941} INFO - Sync 1 DAGs
[2025-06-16T11:57:27.360-0300] {logging_mixin.py:154} INFO - [2025-06-16T11:57:27.359-0300] {dag.py:3722} INFO - Setting next_dagrun for example_sla_dag to 2025-06-16T14:54:00+00:00, run_after=2025-06-16T14:56:00+00:00
[2025-06-16T11:57:27.447-0300] {processor.py:179} INFO - Processing /mnt/c/Users/arcan/Documents/airflow/.venv/lib/python3.10/site-packages/airflow/example_dags/example_sla_dag.py took 0.216 seconds
[2025-06-16T11:58:31.424-0300] {processor.py:157} INFO - Started process (PID=55819) to work on /mnt/c/Users/arcan/Documents/airflow/.venv/lib/python3.10/site-packages/airflow/example_dags/example_sla_dag.py
[2025-06-16T11:58:31.426-0300] {processor.py:829} INFO - Processing file /mnt/c/Users/arcan/Documents/airflow/.venv/lib/python3.10/site-packages/airflow/example_dags/example_sla_dag.py for tasks to queue
[2025-06-16T11:58:31.428-0300] {logging_mixin.py:154} INFO - [2025-06-16T11:58:31.427-0300] {dagbag.py:536} INFO - Filling up the DagBag from /mnt/c/Users/arcan/Documents/airflow/.venv/lib/python3.10/site-packages/airflow/example_dags/example_sla_dag.py
[2025-06-16T11:58:31.471-0300] {processor.py:839} INFO - DAG(s) dict_keys(['example_sla_dag']) retrieved from /mnt/c/Users/arcan/Documents/airflow/.venv/lib/python3.10/site-packages/airflow/example_dags/example_sla_dag.py
[2025-06-16T11:58:31.511-0300] {logging_mixin.py:154} INFO - [2025-06-16T11:58:31.511-0300] {dag.py:2941} INFO - Sync 1 DAGs
[2025-06-16T11:58:31.542-0300] {logging_mixin.py:154} INFO - [2025-06-16T11:58:31.542-0300] {dag.py:3722} INFO - Setting next_dagrun for example_sla_dag to 2025-06-16T14:56:00+00:00, run_after=2025-06-16T14:58:00+00:00
[2025-06-16T11:58:31.636-0300] {processor.py:179} INFO - Processing /mnt/c/Users/arcan/Documents/airflow/.venv/lib/python3.10/site-packages/airflow/example_dags/example_sla_dag.py took 0.217 seconds
[2025-06-16T11:59:33.169-0300] {processor.py:157} INFO - Started process (PID=55999) to work on /mnt/c/Users/arcan/Documents/airflow/.venv/lib/python3.10/site-packages/airflow/example_dags/example_sla_dag.py
[2025-06-16T11:59:33.171-0300] {processor.py:829} INFO - Processing file /mnt/c/Users/arcan/Documents/airflow/.venv/lib/python3.10/site-packages/airflow/example_dags/example_sla_dag.py for tasks to queue
[2025-06-16T11:59:33.174-0300] {logging_mixin.py:154} INFO - [2025-06-16T11:59:33.173-0300] {dagbag.py:536} INFO - Filling up the DagBag from /mnt/c/Users/arcan/Documents/airflow/.venv/lib/python3.10/site-packages/airflow/example_dags/example_sla_dag.py
[2025-06-16T11:59:33.215-0300] {processor.py:839} INFO - DAG(s) dict_keys(['example_sla_dag']) retrieved from /mnt/c/Users/arcan/Documents/airflow/.venv/lib/python3.10/site-packages/airflow/example_dags/example_sla_dag.py
[2025-06-16T11:59:33.253-0300] {logging_mixin.py:154} INFO - [2025-06-16T11:59:33.252-0300] {dag.py:2941} INFO - Sync 1 DAGs
[2025-06-16T11:59:33.286-0300] {logging_mixin.py:154} INFO - [2025-06-16T11:59:33.285-0300] {dag.py:3722} INFO - Setting next_dagrun for example_sla_dag to 2025-06-16T14:56:00+00:00, run_after=2025-06-16T14:58:00+00:00
[2025-06-16T11:59:33.383-0300] {processor.py:179} INFO - Processing /mnt/c/Users/arcan/Documents/airflow/.venv/lib/python3.10/site-packages/airflow/example_dags/example_sla_dag.py took 0.218 seconds
[2025-06-16T12:00:37.273-0300] {processor.py:157} INFO - Started process (PID=56197) to work on /mnt/c/Users/arcan/Documents/airflow/.venv/lib/python3.10/site-packages/airflow/example_dags/example_sla_dag.py
[2025-06-16T12:00:37.276-0300] {processor.py:829} INFO - Processing file /mnt/c/Users/arcan/Documents/airflow/.venv/lib/python3.10/site-packages/airflow/example_dags/example_sla_dag.py for tasks to queue
[2025-06-16T12:00:37.278-0300] {logging_mixin.py:154} INFO - [2025-06-16T12:00:37.277-0300] {dagbag.py:536} INFO - Filling up the DagBag from /mnt/c/Users/arcan/Documents/airflow/.venv/lib/python3.10/site-packages/airflow/example_dags/example_sla_dag.py
[2025-06-16T12:00:37.320-0300] {processor.py:839} INFO - DAG(s) dict_keys(['example_sla_dag']) retrieved from /mnt/c/Users/arcan/Documents/airflow/.venv/lib/python3.10/site-packages/airflow/example_dags/example_sla_dag.py
[2025-06-16T12:00:37.358-0300] {logging_mixin.py:154} INFO - [2025-06-16T12:00:37.358-0300] {dag.py:2941} INFO - Sync 1 DAGs
[2025-06-16T12:00:37.388-0300] {logging_mixin.py:154} INFO - [2025-06-16T12:00:37.388-0300] {dag.py:3722} INFO - Setting next_dagrun for example_sla_dag to 2025-06-16T14:58:00+00:00, run_after=2025-06-16T15:00:00+00:00
[2025-06-16T12:00:37.474-0300] {processor.py:179} INFO - Processing /mnt/c/Users/arcan/Documents/airflow/.venv/lib/python3.10/site-packages/airflow/example_dags/example_sla_dag.py took 0.205 seconds
[2025-06-16T12:01:45.165-0300] {processor.py:157} INFO - Started process (PID=56395) to work on /mnt/c/Users/arcan/Documents/airflow/.venv/lib/python3.10/site-packages/airflow/example_dags/example_sla_dag.py
[2025-06-16T12:01:45.167-0300] {processor.py:829} INFO - Processing file /mnt/c/Users/arcan/Documents/airflow/.venv/lib/python3.10/site-packages/airflow/example_dags/example_sla_dag.py for tasks to queue
[2025-06-16T12:01:45.169-0300] {logging_mixin.py:154} INFO - [2025-06-16T12:01:45.169-0300] {dagbag.py:536} INFO - Filling up the DagBag from /mnt/c/Users/arcan/Documents/airflow/.venv/lib/python3.10/site-packages/airflow/example_dags/example_sla_dag.py
[2025-06-16T12:01:45.209-0300] {processor.py:839} INFO - DAG(s) dict_keys(['example_sla_dag']) retrieved from /mnt/c/Users/arcan/Documents/airflow/.venv/lib/python3.10/site-packages/airflow/example_dags/example_sla_dag.py
[2025-06-16T12:01:45.248-0300] {logging_mixin.py:154} INFO - [2025-06-16T12:01:45.248-0300] {dag.py:2941} INFO - Sync 1 DAGs
[2025-06-16T12:01:45.281-0300] {logging_mixin.py:154} INFO - [2025-06-16T12:01:45.280-0300] {dag.py:3722} INFO - Setting next_dagrun for example_sla_dag to 2025-06-16T14:58:00+00:00, run_after=2025-06-16T15:00:00+00:00
[2025-06-16T12:01:45.365-0300] {processor.py:179} INFO - Processing /mnt/c/Users/arcan/Documents/airflow/.venv/lib/python3.10/site-packages/airflow/example_dags/example_sla_dag.py took 0.203 seconds
[2025-06-16T12:02:52.382-0300] {processor.py:157} INFO - Started process (PID=56601) to work on /mnt/c/Users/arcan/Documents/airflow/.venv/lib/python3.10/site-packages/airflow/example_dags/example_sla_dag.py
[2025-06-16T12:02:52.383-0300] {processor.py:829} INFO - Processing file /mnt/c/Users/arcan/Documents/airflow/.venv/lib/python3.10/site-packages/airflow/example_dags/example_sla_dag.py for tasks to queue
[2025-06-16T12:02:52.385-0300] {logging_mixin.py:154} INFO - [2025-06-16T12:02:52.384-0300] {dagbag.py:536} INFO - Filling up the DagBag from /mnt/c/Users/arcan/Documents/airflow/.venv/lib/python3.10/site-packages/airflow/example_dags/example_sla_dag.py
[2025-06-16T12:02:52.425-0300] {processor.py:839} INFO - DAG(s) dict_keys(['example_sla_dag']) retrieved from /mnt/c/Users/arcan/Documents/airflow/.venv/lib/python3.10/site-packages/airflow/example_dags/example_sla_dag.py
[2025-06-16T12:02:52.469-0300] {logging_mixin.py:154} INFO - [2025-06-16T12:02:52.469-0300] {dag.py:2941} INFO - Sync 1 DAGs
[2025-06-16T12:02:52.506-0300] {logging_mixin.py:154} INFO - [2025-06-16T12:02:52.506-0300] {dag.py:3722} INFO - Setting next_dagrun for example_sla_dag to 2025-06-16T15:00:00+00:00, run_after=2025-06-16T15:02:00+00:00
[2025-06-16T12:02:52.595-0300] {processor.py:179} INFO - Processing /mnt/c/Users/arcan/Documents/airflow/.venv/lib/python3.10/site-packages/airflow/example_dags/example_sla_dag.py took 0.218 seconds
[2025-06-16T12:03:57.852-0300] {processor.py:157} INFO - Started process (PID=56914) to work on /mnt/c/Users/arcan/Documents/airflow/.venv/lib/python3.10/site-packages/airflow/example_dags/example_sla_dag.py
[2025-06-16T12:03:57.854-0300] {processor.py:829} INFO - Processing file /mnt/c/Users/arcan/Documents/airflow/.venv/lib/python3.10/site-packages/airflow/example_dags/example_sla_dag.py for tasks to queue
[2025-06-16T12:03:57.856-0300] {logging_mixin.py:154} INFO - [2025-06-16T12:03:57.855-0300] {dagbag.py:536} INFO - Filling up the DagBag from /mnt/c/Users/arcan/Documents/airflow/.venv/lib/python3.10/site-packages/airflow/example_dags/example_sla_dag.py
[2025-06-16T12:03:57.897-0300] {processor.py:839} INFO - DAG(s) dict_keys(['example_sla_dag']) retrieved from /mnt/c/Users/arcan/Documents/airflow/.venv/lib/python3.10/site-packages/airflow/example_dags/example_sla_dag.py
[2025-06-16T12:03:57.937-0300] {logging_mixin.py:154} INFO - [2025-06-16T12:03:57.937-0300] {dag.py:2941} INFO - Sync 1 DAGs
[2025-06-16T12:03:57.970-0300] {logging_mixin.py:154} INFO - [2025-06-16T12:03:57.970-0300] {dag.py:3722} INFO - Setting next_dagrun for example_sla_dag to 2025-06-16T15:00:00+00:00, run_after=2025-06-16T15:02:00+00:00
[2025-06-16T12:03:58.055-0300] {processor.py:179} INFO - Processing /mnt/c/Users/arcan/Documents/airflow/.venv/lib/python3.10/site-packages/airflow/example_dags/example_sla_dag.py took 0.207 seconds
[2025-06-16T12:04:59.071-0300] {processor.py:157} INFO - Started process (PID=57103) to work on /mnt/c/Users/arcan/Documents/airflow/.venv/lib/python3.10/site-packages/airflow/example_dags/example_sla_dag.py
[2025-06-16T12:04:59.072-0300] {processor.py:829} INFO - Processing file /mnt/c/Users/arcan/Documents/airflow/.venv/lib/python3.10/site-packages/airflow/example_dags/example_sla_dag.py for tasks to queue
[2025-06-16T12:04:59.074-0300] {logging_mixin.py:154} INFO - [2025-06-16T12:04:59.074-0300] {dagbag.py:536} INFO - Filling up the DagBag from /mnt/c/Users/arcan/Documents/airflow/.venv/lib/python3.10/site-packages/airflow/example_dags/example_sla_dag.py
[2025-06-16T12:04:59.117-0300] {processor.py:839} INFO - DAG(s) dict_keys(['example_sla_dag']) retrieved from /mnt/c/Users/arcan/Documents/airflow/.venv/lib/python3.10/site-packages/airflow/example_dags/example_sla_dag.py
[2025-06-16T12:04:59.158-0300] {logging_mixin.py:154} INFO - [2025-06-16T12:04:59.157-0300] {dag.py:2941} INFO - Sync 1 DAGs
[2025-06-16T12:04:59.190-0300] {logging_mixin.py:154} INFO - [2025-06-16T12:04:59.189-0300] {dag.py:3722} INFO - Setting next_dagrun for example_sla_dag to 2025-06-16T15:02:00+00:00, run_after=2025-06-16T15:04:00+00:00
[2025-06-16T12:04:59.286-0300] {processor.py:179} INFO - Processing /mnt/c/Users/arcan/Documents/airflow/.venv/lib/python3.10/site-packages/airflow/example_dags/example_sla_dag.py took 0.219 seconds
