[2025-06-16T10:52:04.252-0300] {processor.py:157} INFO - Started process (PID=43058) to work on /mnt/c/Users/arcan/Documents/airflow/.venv/lib/python3.10/site-packages/airflow/example_dags/example_kubernetes_executor.py
[2025-06-16T10:52:04.254-0300] {processor.py:829} INFO - Processing file /mnt/c/Users/arcan/Documents/airflow/.venv/lib/python3.10/site-packages/airflow/example_dags/example_kubernetes_executor.py for tasks to queue
[2025-06-16T10:52:04.256-0300] {logging_mixin.py:154} INFO - [2025-06-16T10:52:04.256-0300] {dagbag.py:536} INFO - Filling up the DagBag from /mnt/c/Users/arcan/Documents/airflow/.venv/lib/python3.10/site-packages/airflow/example_dags/example_kubernetes_executor.py
[2025-06-16T10:52:04.290-0300] {logging_mixin.py:154} INFO - [2025-06-16T10:52:04.290-0300] {example_kubernetes_executor.py:38} WARNING - The example_kubernetes_executor example DAG requires the kubernetes provider. Please install it with: pip install apache-airflow[cncf.kubernetes]
[2025-06-16T10:52:04.291-0300] {processor.py:841} WARNING - No viable dags retrieved from /mnt/c/Users/arcan/Documents/airflow/.venv/lib/python3.10/site-packages/airflow/example_dags/example_kubernetes_executor.py
[2025-06-16T10:52:04.322-0300] {processor.py:179} INFO - Processing /mnt/c/Users/arcan/Documents/airflow/.venv/lib/python3.10/site-packages/airflow/example_dags/example_kubernetes_executor.py took 0.074 seconds
[2025-06-16T10:53:09.069-0300] {processor.py:157} INFO - Started process (PID=43245) to work on /mnt/c/Users/arcan/Documents/airflow/.venv/lib/python3.10/site-packages/airflow/example_dags/example_kubernetes_executor.py
[2025-06-16T10:53:09.071-0300] {processor.py:829} INFO - Processing file /mnt/c/Users/arcan/Documents/airflow/.venv/lib/python3.10/site-packages/airflow/example_dags/example_kubernetes_executor.py for tasks to queue
[2025-06-16T10:53:09.074-0300] {logging_mixin.py:154} INFO - [2025-06-16T10:53:09.073-0300] {dagbag.py:536} INFO - Filling up the DagBag from /mnt/c/Users/arcan/Documents/airflow/.venv/lib/python3.10/site-packages/airflow/example_dags/example_kubernetes_executor.py
[2025-06-16T10:53:09.111-0300] {logging_mixin.py:154} INFO - [2025-06-16T10:53:09.110-0300] {example_kubernetes_executor.py:38} WARNING - The example_kubernetes_executor example DAG requires the kubernetes provider. Please install it with: pip install apache-airflow[cncf.kubernetes]
[2025-06-16T10:53:09.111-0300] {processor.py:841} WARNING - No viable dags retrieved from /mnt/c/Users/arcan/Documents/airflow/.venv/lib/python3.10/site-packages/airflow/example_dags/example_kubernetes_executor.py
[2025-06-16T10:53:09.147-0300] {processor.py:179} INFO - Processing /mnt/c/Users/arcan/Documents/airflow/.venv/lib/python3.10/site-packages/airflow/example_dags/example_kubernetes_executor.py took 0.081 seconds
[2025-06-16T10:54:13.912-0300] {processor.py:157} INFO - Started process (PID=43424) to work on /mnt/c/Users/arcan/Documents/airflow/.venv/lib/python3.10/site-packages/airflow/example_dags/example_kubernetes_executor.py
[2025-06-16T10:54:13.914-0300] {processor.py:829} INFO - Processing file /mnt/c/Users/arcan/Documents/airflow/.venv/lib/python3.10/site-packages/airflow/example_dags/example_kubernetes_executor.py for tasks to queue
[2025-06-16T10:54:13.915-0300] {logging_mixin.py:154} INFO - [2025-06-16T10:54:13.915-0300] {dagbag.py:536} INFO - Filling up the DagBag from /mnt/c/Users/arcan/Documents/airflow/.venv/lib/python3.10/site-packages/airflow/example_dags/example_kubernetes_executor.py
[2025-06-16T10:54:13.948-0300] {logging_mixin.py:154} INFO - [2025-06-16T10:54:13.948-0300] {example_kubernetes_executor.py:38} WARNING - The example_kubernetes_executor example DAG requires the kubernetes provider. Please install it with: pip install apache-airflow[cncf.kubernetes]
[2025-06-16T10:54:13.949-0300] {processor.py:841} WARNING - No viable dags retrieved from /mnt/c/Users/arcan/Documents/airflow/.venv/lib/python3.10/site-packages/airflow/example_dags/example_kubernetes_executor.py
[2025-06-16T10:54:13.979-0300] {processor.py:179} INFO - Processing /mnt/c/Users/arcan/Documents/airflow/.venv/lib/python3.10/site-packages/airflow/example_dags/example_kubernetes_executor.py took 0.071 seconds
[2025-06-16T10:55:18.106-0300] {processor.py:157} INFO - Started process (PID=43609) to work on /mnt/c/Users/arcan/Documents/airflow/.venv/lib/python3.10/site-packages/airflow/example_dags/example_kubernetes_executor.py
[2025-06-16T10:55:18.107-0300] {processor.py:829} INFO - Processing file /mnt/c/Users/arcan/Documents/airflow/.venv/lib/python3.10/site-packages/airflow/example_dags/example_kubernetes_executor.py for tasks to queue
[2025-06-16T10:55:18.109-0300] {logging_mixin.py:154} INFO - [2025-06-16T10:55:18.108-0300] {dagbag.py:536} INFO - Filling up the DagBag from /mnt/c/Users/arcan/Documents/airflow/.venv/lib/python3.10/site-packages/airflow/example_dags/example_kubernetes_executor.py
[2025-06-16T10:55:18.136-0300] {logging_mixin.py:154} INFO - [2025-06-16T10:55:18.136-0300] {example_kubernetes_executor.py:38} WARNING - The example_kubernetes_executor example DAG requires the kubernetes provider. Please install it with: pip install apache-airflow[cncf.kubernetes]
[2025-06-16T10:55:18.137-0300] {processor.py:841} WARNING - No viable dags retrieved from /mnt/c/Users/arcan/Documents/airflow/.venv/lib/python3.10/site-packages/airflow/example_dags/example_kubernetes_executor.py
[2025-06-16T10:55:18.165-0300] {processor.py:179} INFO - Processing /mnt/c/Users/arcan/Documents/airflow/.venv/lib/python3.10/site-packages/airflow/example_dags/example_kubernetes_executor.py took 0.063 seconds
[2025-06-16T10:56:19.827-0300] {processor.py:157} INFO - Started process (PID=43787) to work on /mnt/c/Users/arcan/Documents/airflow/.venv/lib/python3.10/site-packages/airflow/example_dags/example_kubernetes_executor.py
[2025-06-16T10:56:19.829-0300] {processor.py:829} INFO - Processing file /mnt/c/Users/arcan/Documents/airflow/.venv/lib/python3.10/site-packages/airflow/example_dags/example_kubernetes_executor.py for tasks to queue
[2025-06-16T10:56:19.832-0300] {logging_mixin.py:154} INFO - [2025-06-16T10:56:19.831-0300] {dagbag.py:536} INFO - Filling up the DagBag from /mnt/c/Users/arcan/Documents/airflow/.venv/lib/python3.10/site-packages/airflow/example_dags/example_kubernetes_executor.py
[2025-06-16T10:56:19.865-0300] {logging_mixin.py:154} INFO - [2025-06-16T10:56:19.864-0300] {example_kubernetes_executor.py:38} WARNING - The example_kubernetes_executor example DAG requires the kubernetes provider. Please install it with: pip install apache-airflow[cncf.kubernetes]
[2025-06-16T10:56:19.865-0300] {processor.py:841} WARNING - No viable dags retrieved from /mnt/c/Users/arcan/Documents/airflow/.venv/lib/python3.10/site-packages/airflow/example_dags/example_kubernetes_executor.py
[2025-06-16T10:56:19.900-0300] {processor.py:179} INFO - Processing /mnt/c/Users/arcan/Documents/airflow/.venv/lib/python3.10/site-packages/airflow/example_dags/example_kubernetes_executor.py took 0.077 seconds
[2025-06-16T10:57:27.806-0300] {processor.py:157} INFO - Started process (PID=43979) to work on /mnt/c/Users/arcan/Documents/airflow/.venv/lib/python3.10/site-packages/airflow/example_dags/example_kubernetes_executor.py
[2025-06-16T10:57:27.808-0300] {processor.py:829} INFO - Processing file /mnt/c/Users/arcan/Documents/airflow/.venv/lib/python3.10/site-packages/airflow/example_dags/example_kubernetes_executor.py for tasks to queue
[2025-06-16T10:57:27.809-0300] {logging_mixin.py:154} INFO - [2025-06-16T10:57:27.809-0300] {dagbag.py:536} INFO - Filling up the DagBag from /mnt/c/Users/arcan/Documents/airflow/.venv/lib/python3.10/site-packages/airflow/example_dags/example_kubernetes_executor.py
[2025-06-16T10:57:27.843-0300] {logging_mixin.py:154} INFO - [2025-06-16T10:57:27.843-0300] {example_kubernetes_executor.py:38} WARNING - The example_kubernetes_executor example DAG requires the kubernetes provider. Please install it with: pip install apache-airflow[cncf.kubernetes]
[2025-06-16T10:57:27.844-0300] {processor.py:841} WARNING - No viable dags retrieved from /mnt/c/Users/arcan/Documents/airflow/.venv/lib/python3.10/site-packages/airflow/example_dags/example_kubernetes_executor.py
[2025-06-16T10:57:27.875-0300] {processor.py:179} INFO - Processing /mnt/c/Users/arcan/Documents/airflow/.venv/lib/python3.10/site-packages/airflow/example_dags/example_kubernetes_executor.py took 0.073 seconds
[2025-06-16T10:58:42.626-0300] {processor.py:157} INFO - Started process (PID=44309) to work on /mnt/c/Users/arcan/Documents/airflow/.venv/lib/python3.10/site-packages/airflow/example_dags/example_kubernetes_executor.py
[2025-06-16T10:58:42.628-0300] {processor.py:829} INFO - Processing file /mnt/c/Users/arcan/Documents/airflow/.venv/lib/python3.10/site-packages/airflow/example_dags/example_kubernetes_executor.py for tasks to queue
[2025-06-16T10:58:42.630-0300] {logging_mixin.py:154} INFO - [2025-06-16T10:58:42.630-0300] {dagbag.py:536} INFO - Filling up the DagBag from /mnt/c/Users/arcan/Documents/airflow/.venv/lib/python3.10/site-packages/airflow/example_dags/example_kubernetes_executor.py
[2025-06-16T10:58:42.676-0300] {logging_mixin.py:154} INFO - [2025-06-16T10:58:42.676-0300] {example_kubernetes_executor.py:38} WARNING - The example_kubernetes_executor example DAG requires the kubernetes provider. Please install it with: pip install apache-airflow[cncf.kubernetes]
[2025-06-16T10:58:42.677-0300] {processor.py:841} WARNING - No viable dags retrieved from /mnt/c/Users/arcan/Documents/airflow/.venv/lib/python3.10/site-packages/airflow/example_dags/example_kubernetes_executor.py
[2025-06-16T10:58:42.715-0300] {processor.py:179} INFO - Processing /mnt/c/Users/arcan/Documents/airflow/.venv/lib/python3.10/site-packages/airflow/example_dags/example_kubernetes_executor.py took 0.095 seconds
[2025-06-16T10:59:50.975-0300] {processor.py:157} INFO - Started process (PID=44506) to work on /mnt/c/Users/arcan/Documents/airflow/.venv/lib/python3.10/site-packages/airflow/example_dags/example_kubernetes_executor.py
[2025-06-16T10:59:50.977-0300] {processor.py:829} INFO - Processing file /mnt/c/Users/arcan/Documents/airflow/.venv/lib/python3.10/site-packages/airflow/example_dags/example_kubernetes_executor.py for tasks to queue
[2025-06-16T10:59:50.978-0300] {logging_mixin.py:154} INFO - [2025-06-16T10:59:50.978-0300] {dagbag.py:536} INFO - Filling up the DagBag from /mnt/c/Users/arcan/Documents/airflow/.venv/lib/python3.10/site-packages/airflow/example_dags/example_kubernetes_executor.py
[2025-06-16T10:59:51.016-0300] {logging_mixin.py:154} INFO - [2025-06-16T10:59:51.016-0300] {example_kubernetes_executor.py:38} WARNING - The example_kubernetes_executor example DAG requires the kubernetes provider. Please install it with: pip install apache-airflow[cncf.kubernetes]
[2025-06-16T10:59:51.017-0300] {processor.py:841} WARNING - No viable dags retrieved from /mnt/c/Users/arcan/Documents/airflow/.venv/lib/python3.10/site-packages/airflow/example_dags/example_kubernetes_executor.py
[2025-06-16T10:59:51.052-0300] {processor.py:179} INFO - Processing /mnt/c/Users/arcan/Documents/airflow/.venv/lib/python3.10/site-packages/airflow/example_dags/example_kubernetes_executor.py took 0.080 seconds
[2025-06-16T11:01:03.400-0300] {processor.py:157} INFO - Started process (PID=44712) to work on /mnt/c/Users/arcan/Documents/airflow/.venv/lib/python3.10/site-packages/airflow/example_dags/example_kubernetes_executor.py
[2025-06-16T11:01:03.402-0300] {processor.py:829} INFO - Processing file /mnt/c/Users/arcan/Documents/airflow/.venv/lib/python3.10/site-packages/airflow/example_dags/example_kubernetes_executor.py for tasks to queue
[2025-06-16T11:01:03.405-0300] {logging_mixin.py:154} INFO - [2025-06-16T11:01:03.404-0300] {dagbag.py:536} INFO - Filling up the DagBag from /mnt/c/Users/arcan/Documents/airflow/.venv/lib/python3.10/site-packages/airflow/example_dags/example_kubernetes_executor.py
[2025-06-16T11:01:03.443-0300] {logging_mixin.py:154} INFO - [2025-06-16T11:01:03.442-0300] {example_kubernetes_executor.py:38} WARNING - The example_kubernetes_executor example DAG requires the kubernetes provider. Please install it with: pip install apache-airflow[cncf.kubernetes]
[2025-06-16T11:01:03.445-0300] {processor.py:841} WARNING - No viable dags retrieved from /mnt/c/Users/arcan/Documents/airflow/.venv/lib/python3.10/site-packages/airflow/example_dags/example_kubernetes_executor.py
[2025-06-16T11:01:03.549-0300] {processor.py:179} INFO - Processing /mnt/c/Users/arcan/Documents/airflow/.venv/lib/python3.10/site-packages/airflow/example_dags/example_kubernetes_executor.py took 0.154 seconds
[2025-06-16T11:02:13.797-0300] {processor.py:157} INFO - Started process (PID=44914) to work on /mnt/c/Users/arcan/Documents/airflow/.venv/lib/python3.10/site-packages/airflow/example_dags/example_kubernetes_executor.py
[2025-06-16T11:02:13.799-0300] {processor.py:829} INFO - Processing file /mnt/c/Users/arcan/Documents/airflow/.venv/lib/python3.10/site-packages/airflow/example_dags/example_kubernetes_executor.py for tasks to queue
[2025-06-16T11:02:13.800-0300] {logging_mixin.py:154} INFO - [2025-06-16T11:02:13.800-0300] {dagbag.py:536} INFO - Filling up the DagBag from /mnt/c/Users/arcan/Documents/airflow/.venv/lib/python3.10/site-packages/airflow/example_dags/example_kubernetes_executor.py
[2025-06-16T11:02:13.831-0300] {logging_mixin.py:154} INFO - [2025-06-16T11:02:13.831-0300] {example_kubernetes_executor.py:38} WARNING - The example_kubernetes_executor example DAG requires the kubernetes provider. Please install it with: pip install apache-airflow[cncf.kubernetes]
[2025-06-16T11:02:13.832-0300] {processor.py:841} WARNING - No viable dags retrieved from /mnt/c/Users/arcan/Documents/airflow/.venv/lib/python3.10/site-packages/airflow/example_dags/example_kubernetes_executor.py
[2025-06-16T11:02:13.865-0300] {processor.py:179} INFO - Processing /mnt/c/Users/arcan/Documents/airflow/.venv/lib/python3.10/site-packages/airflow/example_dags/example_kubernetes_executor.py took 0.072 seconds
[2025-06-16T11:03:11.889-0300] {processor.py:157} INFO - Started process (PID=45085) to work on /mnt/c/Users/arcan/Documents/airflow/.venv/lib/python3.10/site-packages/airflow/example_dags/example_kubernetes_executor.py
[2025-06-16T11:03:11.891-0300] {processor.py:829} INFO - Processing file /mnt/c/Users/arcan/Documents/airflow/.venv/lib/python3.10/site-packages/airflow/example_dags/example_kubernetes_executor.py for tasks to queue
[2025-06-16T11:03:11.893-0300] {logging_mixin.py:154} INFO - [2025-06-16T11:03:11.892-0300] {dagbag.py:536} INFO - Filling up the DagBag from /mnt/c/Users/arcan/Documents/airflow/.venv/lib/python3.10/site-packages/airflow/example_dags/example_kubernetes_executor.py
[2025-06-16T11:03:11.928-0300] {logging_mixin.py:154} INFO - [2025-06-16T11:03:11.927-0300] {example_kubernetes_executor.py:38} WARNING - The example_kubernetes_executor example DAG requires the kubernetes provider. Please install it with: pip install apache-airflow[cncf.kubernetes]
[2025-06-16T11:03:11.928-0300] {processor.py:841} WARNING - No viable dags retrieved from /mnt/c/Users/arcan/Documents/airflow/.venv/lib/python3.10/site-packages/airflow/example_dags/example_kubernetes_executor.py
[2025-06-16T11:03:11.961-0300] {processor.py:179} INFO - Processing /mnt/c/Users/arcan/Documents/airflow/.venv/lib/python3.10/site-packages/airflow/example_dags/example_kubernetes_executor.py took 0.076 seconds
[2025-06-16T11:04:13.796-0300] {processor.py:157} INFO - Started process (PID=45270) to work on /mnt/c/Users/arcan/Documents/airflow/.venv/lib/python3.10/site-packages/airflow/example_dags/example_kubernetes_executor.py
[2025-06-16T11:04:13.798-0300] {processor.py:829} INFO - Processing file /mnt/c/Users/arcan/Documents/airflow/.venv/lib/python3.10/site-packages/airflow/example_dags/example_kubernetes_executor.py for tasks to queue
[2025-06-16T11:04:13.799-0300] {logging_mixin.py:154} INFO - [2025-06-16T11:04:13.799-0300] {dagbag.py:536} INFO - Filling up the DagBag from /mnt/c/Users/arcan/Documents/airflow/.venv/lib/python3.10/site-packages/airflow/example_dags/example_kubernetes_executor.py
[2025-06-16T11:04:13.836-0300] {logging_mixin.py:154} INFO - [2025-06-16T11:04:13.836-0300] {example_kubernetes_executor.py:38} WARNING - The example_kubernetes_executor example DAG requires the kubernetes provider. Please install it with: pip install apache-airflow[cncf.kubernetes]
[2025-06-16T11:04:13.837-0300] {processor.py:841} WARNING - No viable dags retrieved from /mnt/c/Users/arcan/Documents/airflow/.venv/lib/python3.10/site-packages/airflow/example_dags/example_kubernetes_executor.py
[2025-06-16T11:04:13.870-0300] {processor.py:179} INFO - Processing /mnt/c/Users/arcan/Documents/airflow/.venv/lib/python3.10/site-packages/airflow/example_dags/example_kubernetes_executor.py took 0.078 seconds
[2025-06-16T11:05:13.002-0300] {processor.py:157} INFO - Started process (PID=45447) to work on /mnt/c/Users/arcan/Documents/airflow/.venv/lib/python3.10/site-packages/airflow/example_dags/example_kubernetes_executor.py
[2025-06-16T11:05:13.004-0300] {processor.py:829} INFO - Processing file /mnt/c/Users/arcan/Documents/airflow/.venv/lib/python3.10/site-packages/airflow/example_dags/example_kubernetes_executor.py for tasks to queue
[2025-06-16T11:05:13.005-0300] {logging_mixin.py:154} INFO - [2025-06-16T11:05:13.005-0300] {dagbag.py:536} INFO - Filling up the DagBag from /mnt/c/Users/arcan/Documents/airflow/.venv/lib/python3.10/site-packages/airflow/example_dags/example_kubernetes_executor.py
[2025-06-16T11:05:13.041-0300] {logging_mixin.py:154} INFO - [2025-06-16T11:05:13.040-0300] {example_kubernetes_executor.py:38} WARNING - The example_kubernetes_executor example DAG requires the kubernetes provider. Please install it with: pip install apache-airflow[cncf.kubernetes]
[2025-06-16T11:05:13.041-0300] {processor.py:841} WARNING - No viable dags retrieved from /mnt/c/Users/arcan/Documents/airflow/.venv/lib/python3.10/site-packages/airflow/example_dags/example_kubernetes_executor.py
[2025-06-16T11:05:13.070-0300] {processor.py:179} INFO - Processing /mnt/c/Users/arcan/Documents/airflow/.venv/lib/python3.10/site-packages/airflow/example_dags/example_kubernetes_executor.py took 0.073 seconds
[2025-06-16T11:06:21.950-0300] {processor.py:157} INFO - Started process (PID=45765) to work on /mnt/c/Users/arcan/Documents/airflow/.venv/lib/python3.10/site-packages/airflow/example_dags/example_kubernetes_executor.py
[2025-06-16T11:06:21.952-0300] {processor.py:829} INFO - Processing file /mnt/c/Users/arcan/Documents/airflow/.venv/lib/python3.10/site-packages/airflow/example_dags/example_kubernetes_executor.py for tasks to queue
[2025-06-16T11:06:21.953-0300] {logging_mixin.py:154} INFO - [2025-06-16T11:06:21.953-0300] {dagbag.py:536} INFO - Filling up the DagBag from /mnt/c/Users/arcan/Documents/airflow/.venv/lib/python3.10/site-packages/airflow/example_dags/example_kubernetes_executor.py
[2025-06-16T11:06:21.985-0300] {logging_mixin.py:154} INFO - [2025-06-16T11:06:21.985-0300] {example_kubernetes_executor.py:38} WARNING - The example_kubernetes_executor example DAG requires the kubernetes provider. Please install it with: pip install apache-airflow[cncf.kubernetes]
[2025-06-16T11:06:21.985-0300] {processor.py:841} WARNING - No viable dags retrieved from /mnt/c/Users/arcan/Documents/airflow/.venv/lib/python3.10/site-packages/airflow/example_dags/example_kubernetes_executor.py
[2025-06-16T11:06:22.014-0300] {processor.py:179} INFO - Processing /mnt/c/Users/arcan/Documents/airflow/.venv/lib/python3.10/site-packages/airflow/example_dags/example_kubernetes_executor.py took 0.067 seconds
[2025-06-16T11:07:29.570-0300] {processor.py:157} INFO - Started process (PID=45958) to work on /mnt/c/Users/arcan/Documents/airflow/.venv/lib/python3.10/site-packages/airflow/example_dags/example_kubernetes_executor.py
[2025-06-16T11:07:29.572-0300] {processor.py:829} INFO - Processing file /mnt/c/Users/arcan/Documents/airflow/.venv/lib/python3.10/site-packages/airflow/example_dags/example_kubernetes_executor.py for tasks to queue
[2025-06-16T11:07:29.573-0300] {logging_mixin.py:154} INFO - [2025-06-16T11:07:29.572-0300] {dagbag.py:536} INFO - Filling up the DagBag from /mnt/c/Users/arcan/Documents/airflow/.venv/lib/python3.10/site-packages/airflow/example_dags/example_kubernetes_executor.py
[2025-06-16T11:07:29.607-0300] {logging_mixin.py:154} INFO - [2025-06-16T11:07:29.607-0300] {example_kubernetes_executor.py:38} WARNING - The example_kubernetes_executor example DAG requires the kubernetes provider. Please install it with: pip install apache-airflow[cncf.kubernetes]
[2025-06-16T11:07:29.607-0300] {processor.py:841} WARNING - No viable dags retrieved from /mnt/c/Users/arcan/Documents/airflow/.venv/lib/python3.10/site-packages/airflow/example_dags/example_kubernetes_executor.py
[2025-06-16T11:07:29.638-0300] {processor.py:179} INFO - Processing /mnt/c/Users/arcan/Documents/airflow/.venv/lib/python3.10/site-packages/airflow/example_dags/example_kubernetes_executor.py took 0.072 seconds
[2025-06-16T11:08:29.529-0300] {processor.py:157} INFO - Started process (PID=46137) to work on /mnt/c/Users/arcan/Documents/airflow/.venv/lib/python3.10/site-packages/airflow/example_dags/example_kubernetes_executor.py
[2025-06-16T11:08:29.531-0300] {processor.py:829} INFO - Processing file /mnt/c/Users/arcan/Documents/airflow/.venv/lib/python3.10/site-packages/airflow/example_dags/example_kubernetes_executor.py for tasks to queue
[2025-06-16T11:08:29.533-0300] {logging_mixin.py:154} INFO - [2025-06-16T11:08:29.532-0300] {dagbag.py:536} INFO - Filling up the DagBag from /mnt/c/Users/arcan/Documents/airflow/.venv/lib/python3.10/site-packages/airflow/example_dags/example_kubernetes_executor.py
[2025-06-16T11:08:29.563-0300] {logging_mixin.py:154} INFO - [2025-06-16T11:08:29.562-0300] {example_kubernetes_executor.py:38} WARNING - The example_kubernetes_executor example DAG requires the kubernetes provider. Please install it with: pip install apache-airflow[cncf.kubernetes]
[2025-06-16T11:08:29.563-0300] {processor.py:841} WARNING - No viable dags retrieved from /mnt/c/Users/arcan/Documents/airflow/.venv/lib/python3.10/site-packages/airflow/example_dags/example_kubernetes_executor.py
[2025-06-16T11:08:29.593-0300] {processor.py:179} INFO - Processing /mnt/c/Users/arcan/Documents/airflow/.venv/lib/python3.10/site-packages/airflow/example_dags/example_kubernetes_executor.py took 0.068 seconds
[2025-06-16T11:09:32.499-0300] {processor.py:157} INFO - Started process (PID=46323) to work on /mnt/c/Users/arcan/Documents/airflow/.venv/lib/python3.10/site-packages/airflow/example_dags/example_kubernetes_executor.py
[2025-06-16T11:09:32.500-0300] {processor.py:829} INFO - Processing file /mnt/c/Users/arcan/Documents/airflow/.venv/lib/python3.10/site-packages/airflow/example_dags/example_kubernetes_executor.py for tasks to queue
[2025-06-16T11:09:32.502-0300] {logging_mixin.py:154} INFO - [2025-06-16T11:09:32.501-0300] {dagbag.py:536} INFO - Filling up the DagBag from /mnt/c/Users/arcan/Documents/airflow/.venv/lib/python3.10/site-packages/airflow/example_dags/example_kubernetes_executor.py
[2025-06-16T11:09:32.535-0300] {logging_mixin.py:154} INFO - [2025-06-16T11:09:32.535-0300] {example_kubernetes_executor.py:38} WARNING - The example_kubernetes_executor example DAG requires the kubernetes provider. Please install it with: pip install apache-airflow[cncf.kubernetes]
[2025-06-16T11:09:32.536-0300] {processor.py:841} WARNING - No viable dags retrieved from /mnt/c/Users/arcan/Documents/airflow/.venv/lib/python3.10/site-packages/airflow/example_dags/example_kubernetes_executor.py
[2025-06-16T11:09:32.566-0300] {processor.py:179} INFO - Processing /mnt/c/Users/arcan/Documents/airflow/.venv/lib/python3.10/site-packages/airflow/example_dags/example_kubernetes_executor.py took 0.071 seconds
[2025-06-16T11:10:32.730-0300] {processor.py:157} INFO - Started process (PID=46494) to work on /mnt/c/Users/arcan/Documents/airflow/.venv/lib/python3.10/site-packages/airflow/example_dags/example_kubernetes_executor.py
[2025-06-16T11:10:32.732-0300] {processor.py:829} INFO - Processing file /mnt/c/Users/arcan/Documents/airflow/.venv/lib/python3.10/site-packages/airflow/example_dags/example_kubernetes_executor.py for tasks to queue
[2025-06-16T11:10:32.734-0300] {logging_mixin.py:154} INFO - [2025-06-16T11:10:32.733-0300] {dagbag.py:536} INFO - Filling up the DagBag from /mnt/c/Users/arcan/Documents/airflow/.venv/lib/python3.10/site-packages/airflow/example_dags/example_kubernetes_executor.py
[2025-06-16T11:10:32.775-0300] {logging_mixin.py:154} INFO - [2025-06-16T11:10:32.774-0300] {example_kubernetes_executor.py:38} WARNING - The example_kubernetes_executor example DAG requires the kubernetes provider. Please install it with: pip install apache-airflow[cncf.kubernetes]
[2025-06-16T11:10:32.776-0300] {processor.py:841} WARNING - No viable dags retrieved from /mnt/c/Users/arcan/Documents/airflow/.venv/lib/python3.10/site-packages/airflow/example_dags/example_kubernetes_executor.py
[2025-06-16T11:10:32.816-0300] {processor.py:179} INFO - Processing /mnt/c/Users/arcan/Documents/airflow/.venv/lib/python3.10/site-packages/airflow/example_dags/example_kubernetes_executor.py took 0.090 seconds
[2025-06-16T11:11:38.877-0300] {processor.py:157} INFO - Started process (PID=46686) to work on /mnt/c/Users/arcan/Documents/airflow/.venv/lib/python3.10/site-packages/airflow/example_dags/example_kubernetes_executor.py
[2025-06-16T11:11:38.879-0300] {processor.py:829} INFO - Processing file /mnt/c/Users/arcan/Documents/airflow/.venv/lib/python3.10/site-packages/airflow/example_dags/example_kubernetes_executor.py for tasks to queue
[2025-06-16T11:11:38.881-0300] {logging_mixin.py:154} INFO - [2025-06-16T11:11:38.880-0300] {dagbag.py:536} INFO - Filling up the DagBag from /mnt/c/Users/arcan/Documents/airflow/.venv/lib/python3.10/site-packages/airflow/example_dags/example_kubernetes_executor.py
[2025-06-16T11:11:38.925-0300] {logging_mixin.py:154} INFO - [2025-06-16T11:11:38.925-0300] {example_kubernetes_executor.py:38} WARNING - The example_kubernetes_executor example DAG requires the kubernetes provider. Please install it with: pip install apache-airflow[cncf.kubernetes]
[2025-06-16T11:11:38.926-0300] {processor.py:841} WARNING - No viable dags retrieved from /mnt/c/Users/arcan/Documents/airflow/.venv/lib/python3.10/site-packages/airflow/example_dags/example_kubernetes_executor.py
[2025-06-16T11:11:38.963-0300] {processor.py:179} INFO - Processing /mnt/c/Users/arcan/Documents/airflow/.venv/lib/python3.10/site-packages/airflow/example_dags/example_kubernetes_executor.py took 0.090 seconds
[2025-06-16T11:12:45.312-0300] {processor.py:157} INFO - Started process (PID=46876) to work on /mnt/c/Users/arcan/Documents/airflow/.venv/lib/python3.10/site-packages/airflow/example_dags/example_kubernetes_executor.py
[2025-06-16T11:12:45.314-0300] {processor.py:829} INFO - Processing file /mnt/c/Users/arcan/Documents/airflow/.venv/lib/python3.10/site-packages/airflow/example_dags/example_kubernetes_executor.py for tasks to queue
[2025-06-16T11:12:45.316-0300] {logging_mixin.py:154} INFO - [2025-06-16T11:12:45.315-0300] {dagbag.py:536} INFO - Filling up the DagBag from /mnt/c/Users/arcan/Documents/airflow/.venv/lib/python3.10/site-packages/airflow/example_dags/example_kubernetes_executor.py
[2025-06-16T11:12:45.349-0300] {logging_mixin.py:154} INFO - [2025-06-16T11:12:45.349-0300] {example_kubernetes_executor.py:38} WARNING - The example_kubernetes_executor example DAG requires the kubernetes provider. Please install it with: pip install apache-airflow[cncf.kubernetes]
[2025-06-16T11:12:45.350-0300] {processor.py:841} WARNING - No viable dags retrieved from /mnt/c/Users/arcan/Documents/airflow/.venv/lib/python3.10/site-packages/airflow/example_dags/example_kubernetes_executor.py
[2025-06-16T11:12:45.382-0300] {processor.py:179} INFO - Processing /mnt/c/Users/arcan/Documents/airflow/.venv/lib/python3.10/site-packages/airflow/example_dags/example_kubernetes_executor.py took 0.074 seconds
[2025-06-16T11:13:50.196-0300] {processor.py:157} INFO - Started process (PID=47183) to work on /mnt/c/Users/arcan/Documents/airflow/.venv/lib/python3.10/site-packages/airflow/example_dags/example_kubernetes_executor.py
[2025-06-16T11:13:50.198-0300] {processor.py:829} INFO - Processing file /mnt/c/Users/arcan/Documents/airflow/.venv/lib/python3.10/site-packages/airflow/example_dags/example_kubernetes_executor.py for tasks to queue
[2025-06-16T11:13:50.200-0300] {logging_mixin.py:154} INFO - [2025-06-16T11:13:50.199-0300] {dagbag.py:536} INFO - Filling up the DagBag from /mnt/c/Users/arcan/Documents/airflow/.venv/lib/python3.10/site-packages/airflow/example_dags/example_kubernetes_executor.py
[2025-06-16T11:13:50.233-0300] {logging_mixin.py:154} INFO - [2025-06-16T11:13:50.233-0300] {example_kubernetes_executor.py:38} WARNING - The example_kubernetes_executor example DAG requires the kubernetes provider. Please install it with: pip install apache-airflow[cncf.kubernetes]
[2025-06-16T11:13:50.234-0300] {processor.py:841} WARNING - No viable dags retrieved from /mnt/c/Users/arcan/Documents/airflow/.venv/lib/python3.10/site-packages/airflow/example_dags/example_kubernetes_executor.py
[2025-06-16T11:13:50.264-0300] {processor.py:179} INFO - Processing /mnt/c/Users/arcan/Documents/airflow/.venv/lib/python3.10/site-packages/airflow/example_dags/example_kubernetes_executor.py took 0.072 seconds
[2025-06-16T11:14:53.409-0300] {processor.py:157} INFO - Started process (PID=47367) to work on /mnt/c/Users/arcan/Documents/airflow/.venv/lib/python3.10/site-packages/airflow/example_dags/example_kubernetes_executor.py
[2025-06-16T11:14:53.411-0300] {processor.py:829} INFO - Processing file /mnt/c/Users/arcan/Documents/airflow/.venv/lib/python3.10/site-packages/airflow/example_dags/example_kubernetes_executor.py for tasks to queue
[2025-06-16T11:14:53.413-0300] {logging_mixin.py:154} INFO - [2025-06-16T11:14:53.412-0300] {dagbag.py:536} INFO - Filling up the DagBag from /mnt/c/Users/arcan/Documents/airflow/.venv/lib/python3.10/site-packages/airflow/example_dags/example_kubernetes_executor.py
[2025-06-16T11:14:53.446-0300] {logging_mixin.py:154} INFO - [2025-06-16T11:14:53.446-0300] {example_kubernetes_executor.py:38} WARNING - The example_kubernetes_executor example DAG requires the kubernetes provider. Please install it with: pip install apache-airflow[cncf.kubernetes]
[2025-06-16T11:14:53.446-0300] {processor.py:841} WARNING - No viable dags retrieved from /mnt/c/Users/arcan/Documents/airflow/.venv/lib/python3.10/site-packages/airflow/example_dags/example_kubernetes_executor.py
[2025-06-16T11:14:53.478-0300] {processor.py:179} INFO - Processing /mnt/c/Users/arcan/Documents/airflow/.venv/lib/python3.10/site-packages/airflow/example_dags/example_kubernetes_executor.py took 0.072 seconds
[2025-06-16T11:15:54.897-0300] {processor.py:157} INFO - Started process (PID=47551) to work on /mnt/c/Users/arcan/Documents/airflow/.venv/lib/python3.10/site-packages/airflow/example_dags/example_kubernetes_executor.py
[2025-06-16T11:15:54.899-0300] {processor.py:829} INFO - Processing file /mnt/c/Users/arcan/Documents/airflow/.venv/lib/python3.10/site-packages/airflow/example_dags/example_kubernetes_executor.py for tasks to queue
[2025-06-16T11:15:54.901-0300] {logging_mixin.py:154} INFO - [2025-06-16T11:15:54.900-0300] {dagbag.py:536} INFO - Filling up the DagBag from /mnt/c/Users/arcan/Documents/airflow/.venv/lib/python3.10/site-packages/airflow/example_dags/example_kubernetes_executor.py
[2025-06-16T11:15:54.936-0300] {logging_mixin.py:154} INFO - [2025-06-16T11:15:54.935-0300] {example_kubernetes_executor.py:38} WARNING - The example_kubernetes_executor example DAG requires the kubernetes provider. Please install it with: pip install apache-airflow[cncf.kubernetes]
[2025-06-16T11:15:54.936-0300] {processor.py:841} WARNING - No viable dags retrieved from /mnt/c/Users/arcan/Documents/airflow/.venv/lib/python3.10/site-packages/airflow/example_dags/example_kubernetes_executor.py
[2025-06-16T11:15:54.968-0300] {processor.py:179} INFO - Processing /mnt/c/Users/arcan/Documents/airflow/.venv/lib/python3.10/site-packages/airflow/example_dags/example_kubernetes_executor.py took 0.076 seconds
[2025-06-16T11:17:02.964-0300] {processor.py:157} INFO - Started process (PID=47746) to work on /mnt/c/Users/arcan/Documents/airflow/.venv/lib/python3.10/site-packages/airflow/example_dags/example_kubernetes_executor.py
[2025-06-16T11:17:02.965-0300] {processor.py:829} INFO - Processing file /mnt/c/Users/arcan/Documents/airflow/.venv/lib/python3.10/site-packages/airflow/example_dags/example_kubernetes_executor.py for tasks to queue
[2025-06-16T11:17:02.967-0300] {logging_mixin.py:154} INFO - [2025-06-16T11:17:02.966-0300] {dagbag.py:536} INFO - Filling up the DagBag from /mnt/c/Users/arcan/Documents/airflow/.venv/lib/python3.10/site-packages/airflow/example_dags/example_kubernetes_executor.py
[2025-06-16T11:17:03.004-0300] {logging_mixin.py:154} INFO - [2025-06-16T11:17:03.003-0300] {example_kubernetes_executor.py:38} WARNING - The example_kubernetes_executor example DAG requires the kubernetes provider. Please install it with: pip install apache-airflow[cncf.kubernetes]
[2025-06-16T11:17:03.005-0300] {processor.py:841} WARNING - No viable dags retrieved from /mnt/c/Users/arcan/Documents/airflow/.venv/lib/python3.10/site-packages/airflow/example_dags/example_kubernetes_executor.py
[2025-06-16T11:17:03.037-0300] {processor.py:179} INFO - Processing /mnt/c/Users/arcan/Documents/airflow/.venv/lib/python3.10/site-packages/airflow/example_dags/example_kubernetes_executor.py took 0.078 seconds
[2025-06-16T11:18:04.965-0300] {processor.py:157} INFO - Started process (PID=47933) to work on /mnt/c/Users/arcan/Documents/airflow/.venv/lib/python3.10/site-packages/airflow/example_dags/example_kubernetes_executor.py
[2025-06-16T11:18:04.967-0300] {processor.py:829} INFO - Processing file /mnt/c/Users/arcan/Documents/airflow/.venv/lib/python3.10/site-packages/airflow/example_dags/example_kubernetes_executor.py for tasks to queue
[2025-06-16T11:18:04.968-0300] {logging_mixin.py:154} INFO - [2025-06-16T11:18:04.968-0300] {dagbag.py:536} INFO - Filling up the DagBag from /mnt/c/Users/arcan/Documents/airflow/.venv/lib/python3.10/site-packages/airflow/example_dags/example_kubernetes_executor.py
[2025-06-16T11:18:05.005-0300] {logging_mixin.py:154} INFO - [2025-06-16T11:18:05.005-0300] {example_kubernetes_executor.py:38} WARNING - The example_kubernetes_executor example DAG requires the kubernetes provider. Please install it with: pip install apache-airflow[cncf.kubernetes]
[2025-06-16T11:18:05.005-0300] {processor.py:841} WARNING - No viable dags retrieved from /mnt/c/Users/arcan/Documents/airflow/.venv/lib/python3.10/site-packages/airflow/example_dags/example_kubernetes_executor.py
[2025-06-16T11:18:05.038-0300] {processor.py:179} INFO - Processing /mnt/c/Users/arcan/Documents/airflow/.venv/lib/python3.10/site-packages/airflow/example_dags/example_kubernetes_executor.py took 0.077 seconds
[2025-06-16T11:19:10.972-0300] {processor.py:157} INFO - Started process (PID=48126) to work on /mnt/c/Users/arcan/Documents/airflow/.venv/lib/python3.10/site-packages/airflow/example_dags/example_kubernetes_executor.py
[2025-06-16T11:19:10.974-0300] {processor.py:829} INFO - Processing file /mnt/c/Users/arcan/Documents/airflow/.venv/lib/python3.10/site-packages/airflow/example_dags/example_kubernetes_executor.py for tasks to queue
[2025-06-16T11:19:10.977-0300] {logging_mixin.py:154} INFO - [2025-06-16T11:19:10.976-0300] {dagbag.py:536} INFO - Filling up the DagBag from /mnt/c/Users/arcan/Documents/airflow/.venv/lib/python3.10/site-packages/airflow/example_dags/example_kubernetes_executor.py
[2025-06-16T11:19:11.016-0300] {logging_mixin.py:154} INFO - [2025-06-16T11:19:11.015-0300] {example_kubernetes_executor.py:38} WARNING - The example_kubernetes_executor example DAG requires the kubernetes provider. Please install it with: pip install apache-airflow[cncf.kubernetes]
[2025-06-16T11:19:11.017-0300] {processor.py:841} WARNING - No viable dags retrieved from /mnt/c/Users/arcan/Documents/airflow/.venv/lib/python3.10/site-packages/airflow/example_dags/example_kubernetes_executor.py
[2025-06-16T11:19:11.050-0300] {processor.py:179} INFO - Processing /mnt/c/Users/arcan/Documents/airflow/.venv/lib/python3.10/site-packages/airflow/example_dags/example_kubernetes_executor.py took 0.083 seconds
[2025-06-16T11:20:13.027-0300] {processor.py:157} INFO - Started process (PID=48423) to work on /mnt/c/Users/arcan/Documents/airflow/.venv/lib/python3.10/site-packages/airflow/example_dags/example_kubernetes_executor.py
[2025-06-16T11:20:13.029-0300] {processor.py:829} INFO - Processing file /mnt/c/Users/arcan/Documents/airflow/.venv/lib/python3.10/site-packages/airflow/example_dags/example_kubernetes_executor.py for tasks to queue
[2025-06-16T11:20:13.031-0300] {logging_mixin.py:154} INFO - [2025-06-16T11:20:13.031-0300] {dagbag.py:536} INFO - Filling up the DagBag from /mnt/c/Users/arcan/Documents/airflow/.venv/lib/python3.10/site-packages/airflow/example_dags/example_kubernetes_executor.py
[2025-06-16T11:20:13.065-0300] {logging_mixin.py:154} INFO - [2025-06-16T11:20:13.065-0300] {example_kubernetes_executor.py:38} WARNING - The example_kubernetes_executor example DAG requires the kubernetes provider. Please install it with: pip install apache-airflow[cncf.kubernetes]
[2025-06-16T11:20:13.066-0300] {processor.py:841} WARNING - No viable dags retrieved from /mnt/c/Users/arcan/Documents/airflow/.venv/lib/python3.10/site-packages/airflow/example_dags/example_kubernetes_executor.py
[2025-06-16T11:20:13.099-0300] {processor.py:179} INFO - Processing /mnt/c/Users/arcan/Documents/airflow/.venv/lib/python3.10/site-packages/airflow/example_dags/example_kubernetes_executor.py took 0.077 seconds
[2025-06-16T11:21:10.987-0300] {processor.py:157} INFO - Started process (PID=48598) to work on /mnt/c/Users/arcan/Documents/airflow/.venv/lib/python3.10/site-packages/airflow/example_dags/example_kubernetes_executor.py
[2025-06-16T11:21:10.989-0300] {processor.py:829} INFO - Processing file /mnt/c/Users/arcan/Documents/airflow/.venv/lib/python3.10/site-packages/airflow/example_dags/example_kubernetes_executor.py for tasks to queue
[2025-06-16T11:21:10.990-0300] {logging_mixin.py:154} INFO - [2025-06-16T11:21:10.990-0300] {dagbag.py:536} INFO - Filling up the DagBag from /mnt/c/Users/arcan/Documents/airflow/.venv/lib/python3.10/site-packages/airflow/example_dags/example_kubernetes_executor.py
[2025-06-16T11:21:11.025-0300] {logging_mixin.py:154} INFO - [2025-06-16T11:21:11.025-0300] {example_kubernetes_executor.py:38} WARNING - The example_kubernetes_executor example DAG requires the kubernetes provider. Please install it with: pip install apache-airflow[cncf.kubernetes]
[2025-06-16T11:21:11.026-0300] {processor.py:841} WARNING - No viable dags retrieved from /mnt/c/Users/arcan/Documents/airflow/.venv/lib/python3.10/site-packages/airflow/example_dags/example_kubernetes_executor.py
[2025-06-16T11:21:11.057-0300] {processor.py:179} INFO - Processing /mnt/c/Users/arcan/Documents/airflow/.venv/lib/python3.10/site-packages/airflow/example_dags/example_kubernetes_executor.py took 0.075 seconds
[2025-06-16T11:22:20.930-0300] {processor.py:157} INFO - Started process (PID=48801) to work on /mnt/c/Users/arcan/Documents/airflow/.venv/lib/python3.10/site-packages/airflow/example_dags/example_kubernetes_executor.py
[2025-06-16T11:22:20.932-0300] {processor.py:829} INFO - Processing file /mnt/c/Users/arcan/Documents/airflow/.venv/lib/python3.10/site-packages/airflow/example_dags/example_kubernetes_executor.py for tasks to queue
[2025-06-16T11:22:20.935-0300] {logging_mixin.py:154} INFO - [2025-06-16T11:22:20.934-0300] {dagbag.py:536} INFO - Filling up the DagBag from /mnt/c/Users/arcan/Documents/airflow/.venv/lib/python3.10/site-packages/airflow/example_dags/example_kubernetes_executor.py
[2025-06-16T11:22:20.969-0300] {logging_mixin.py:154} INFO - [2025-06-16T11:22:20.968-0300] {example_kubernetes_executor.py:38} WARNING - The example_kubernetes_executor example DAG requires the kubernetes provider. Please install it with: pip install apache-airflow[cncf.kubernetes]
[2025-06-16T11:22:20.969-0300] {processor.py:841} WARNING - No viable dags retrieved from /mnt/c/Users/arcan/Documents/airflow/.venv/lib/python3.10/site-packages/airflow/example_dags/example_kubernetes_executor.py
[2025-06-16T11:22:21.000-0300] {processor.py:179} INFO - Processing /mnt/c/Users/arcan/Documents/airflow/.venv/lib/python3.10/site-packages/airflow/example_dags/example_kubernetes_executor.py took 0.074 seconds
[2025-06-16T11:23:20.516-0300] {processor.py:157} INFO - Started process (PID=48974) to work on /mnt/c/Users/arcan/Documents/airflow/.venv/lib/python3.10/site-packages/airflow/example_dags/example_kubernetes_executor.py
[2025-06-16T11:23:20.518-0300] {processor.py:829} INFO - Processing file /mnt/c/Users/arcan/Documents/airflow/.venv/lib/python3.10/site-packages/airflow/example_dags/example_kubernetes_executor.py for tasks to queue
[2025-06-16T11:23:20.519-0300] {logging_mixin.py:154} INFO - [2025-06-16T11:23:20.519-0300] {dagbag.py:536} INFO - Filling up the DagBag from /mnt/c/Users/arcan/Documents/airflow/.venv/lib/python3.10/site-packages/airflow/example_dags/example_kubernetes_executor.py
[2025-06-16T11:23:20.553-0300] {logging_mixin.py:154} INFO - [2025-06-16T11:23:20.552-0300] {example_kubernetes_executor.py:38} WARNING - The example_kubernetes_executor example DAG requires the kubernetes provider. Please install it with: pip install apache-airflow[cncf.kubernetes]
[2025-06-16T11:23:20.553-0300] {processor.py:841} WARNING - No viable dags retrieved from /mnt/c/Users/arcan/Documents/airflow/.venv/lib/python3.10/site-packages/airflow/example_dags/example_kubernetes_executor.py
[2025-06-16T11:23:20.584-0300] {processor.py:179} INFO - Processing /mnt/c/Users/arcan/Documents/airflow/.venv/lib/python3.10/site-packages/airflow/example_dags/example_kubernetes_executor.py took 0.073 seconds
[2025-06-16T11:24:21.876-0300] {processor.py:157} INFO - Started process (PID=49150) to work on /mnt/c/Users/arcan/Documents/airflow/.venv/lib/python3.10/site-packages/airflow/example_dags/example_kubernetes_executor.py
[2025-06-16T11:24:21.880-0300] {processor.py:829} INFO - Processing file /mnt/c/Users/arcan/Documents/airflow/.venv/lib/python3.10/site-packages/airflow/example_dags/example_kubernetes_executor.py for tasks to queue
[2025-06-16T11:24:21.881-0300] {logging_mixin.py:154} INFO - [2025-06-16T11:24:21.881-0300] {dagbag.py:536} INFO - Filling up the DagBag from /mnt/c/Users/arcan/Documents/airflow/.venv/lib/python3.10/site-packages/airflow/example_dags/example_kubernetes_executor.py
[2025-06-16T11:24:21.914-0300] {logging_mixin.py:154} INFO - [2025-06-16T11:24:21.913-0300] {example_kubernetes_executor.py:38} WARNING - The example_kubernetes_executor example DAG requires the kubernetes provider. Please install it with: pip install apache-airflow[cncf.kubernetes]
[2025-06-16T11:24:21.914-0300] {processor.py:841} WARNING - No viable dags retrieved from /mnt/c/Users/arcan/Documents/airflow/.venv/lib/python3.10/site-packages/airflow/example_dags/example_kubernetes_executor.py
[2025-06-16T11:24:21.947-0300] {processor.py:179} INFO - Processing /mnt/c/Users/arcan/Documents/airflow/.venv/lib/python3.10/site-packages/airflow/example_dags/example_kubernetes_executor.py took 0.075 seconds
[2025-06-16T11:25:23.989-0300] {processor.py:157} INFO - Started process (PID=49334) to work on /mnt/c/Users/arcan/Documents/airflow/.venv/lib/python3.10/site-packages/airflow/example_dags/example_kubernetes_executor.py
[2025-06-16T11:25:23.991-0300] {processor.py:829} INFO - Processing file /mnt/c/Users/arcan/Documents/airflow/.venv/lib/python3.10/site-packages/airflow/example_dags/example_kubernetes_executor.py for tasks to queue
[2025-06-16T11:25:23.993-0300] {logging_mixin.py:154} INFO - [2025-06-16T11:25:23.992-0300] {dagbag.py:536} INFO - Filling up the DagBag from /mnt/c/Users/arcan/Documents/airflow/.venv/lib/python3.10/site-packages/airflow/example_dags/example_kubernetes_executor.py
[2025-06-16T11:25:24.028-0300] {logging_mixin.py:154} INFO - [2025-06-16T11:25:24.027-0300] {example_kubernetes_executor.py:38} WARNING - The example_kubernetes_executor example DAG requires the kubernetes provider. Please install it with: pip install apache-airflow[cncf.kubernetes]
[2025-06-16T11:25:24.028-0300] {processor.py:841} WARNING - No viable dags retrieved from /mnt/c/Users/arcan/Documents/airflow/.venv/lib/python3.10/site-packages/airflow/example_dags/example_kubernetes_executor.py
[2025-06-16T11:25:24.063-0300] {processor.py:179} INFO - Processing /mnt/c/Users/arcan/Documents/airflow/.venv/lib/python3.10/site-packages/airflow/example_dags/example_kubernetes_executor.py took 0.078 seconds
[2025-06-16T11:26:28.471-0300] {processor.py:157} INFO - Started process (PID=49523) to work on /mnt/c/Users/arcan/Documents/airflow/.venv/lib/python3.10/site-packages/airflow/example_dags/example_kubernetes_executor.py
[2025-06-16T11:26:28.472-0300] {processor.py:829} INFO - Processing file /mnt/c/Users/arcan/Documents/airflow/.venv/lib/python3.10/site-packages/airflow/example_dags/example_kubernetes_executor.py for tasks to queue
[2025-06-16T11:26:28.474-0300] {logging_mixin.py:154} INFO - [2025-06-16T11:26:28.474-0300] {dagbag.py:536} INFO - Filling up the DagBag from /mnt/c/Users/arcan/Documents/airflow/.venv/lib/python3.10/site-packages/airflow/example_dags/example_kubernetes_executor.py
[2025-06-16T11:26:28.508-0300] {logging_mixin.py:154} INFO - [2025-06-16T11:26:28.508-0300] {example_kubernetes_executor.py:38} WARNING - The example_kubernetes_executor example DAG requires the kubernetes provider. Please install it with: pip install apache-airflow[cncf.kubernetes]
[2025-06-16T11:26:28.509-0300] {processor.py:841} WARNING - No viable dags retrieved from /mnt/c/Users/arcan/Documents/airflow/.venv/lib/python3.10/site-packages/airflow/example_dags/example_kubernetes_executor.py
[2025-06-16T11:26:28.537-0300] {processor.py:179} INFO - Processing /mnt/c/Users/arcan/Documents/airflow/.venv/lib/python3.10/site-packages/airflow/example_dags/example_kubernetes_executor.py took 0.070 seconds
[2025-06-16T11:27:32.893-0300] {processor.py:157} INFO - Started process (PID=49828) to work on /mnt/c/Users/arcan/Documents/airflow/.venv/lib/python3.10/site-packages/airflow/example_dags/example_kubernetes_executor.py
[2025-06-16T11:27:32.895-0300] {processor.py:829} INFO - Processing file /mnt/c/Users/arcan/Documents/airflow/.venv/lib/python3.10/site-packages/airflow/example_dags/example_kubernetes_executor.py for tasks to queue
[2025-06-16T11:27:32.896-0300] {logging_mixin.py:154} INFO - [2025-06-16T11:27:32.896-0300] {dagbag.py:536} INFO - Filling up the DagBag from /mnt/c/Users/arcan/Documents/airflow/.venv/lib/python3.10/site-packages/airflow/example_dags/example_kubernetes_executor.py
[2025-06-16T11:27:32.933-0300] {logging_mixin.py:154} INFO - [2025-06-16T11:27:32.932-0300] {example_kubernetes_executor.py:38} WARNING - The example_kubernetes_executor example DAG requires the kubernetes provider. Please install it with: pip install apache-airflow[cncf.kubernetes]
[2025-06-16T11:27:32.933-0300] {processor.py:841} WARNING - No viable dags retrieved from /mnt/c/Users/arcan/Documents/airflow/.venv/lib/python3.10/site-packages/airflow/example_dags/example_kubernetes_executor.py
[2025-06-16T11:27:32.969-0300] {processor.py:179} INFO - Processing /mnt/c/Users/arcan/Documents/airflow/.venv/lib/python3.10/site-packages/airflow/example_dags/example_kubernetes_executor.py took 0.080 seconds
[2025-06-16T11:28:37.211-0300] {processor.py:157} INFO - Started process (PID=50021) to work on /mnt/c/Users/arcan/Documents/airflow/.venv/lib/python3.10/site-packages/airflow/example_dags/example_kubernetes_executor.py
[2025-06-16T11:28:37.213-0300] {processor.py:829} INFO - Processing file /mnt/c/Users/arcan/Documents/airflow/.venv/lib/python3.10/site-packages/airflow/example_dags/example_kubernetes_executor.py for tasks to queue
[2025-06-16T11:28:37.215-0300] {logging_mixin.py:154} INFO - [2025-06-16T11:28:37.214-0300] {dagbag.py:536} INFO - Filling up the DagBag from /mnt/c/Users/arcan/Documents/airflow/.venv/lib/python3.10/site-packages/airflow/example_dags/example_kubernetes_executor.py
[2025-06-16T11:28:37.250-0300] {logging_mixin.py:154} INFO - [2025-06-16T11:28:37.250-0300] {example_kubernetes_executor.py:38} WARNING - The example_kubernetes_executor example DAG requires the kubernetes provider. Please install it with: pip install apache-airflow[cncf.kubernetes]
[2025-06-16T11:28:37.250-0300] {processor.py:841} WARNING - No viable dags retrieved from /mnt/c/Users/arcan/Documents/airflow/.venv/lib/python3.10/site-packages/airflow/example_dags/example_kubernetes_executor.py
[2025-06-16T11:28:37.282-0300] {processor.py:179} INFO - Processing /mnt/c/Users/arcan/Documents/airflow/.venv/lib/python3.10/site-packages/airflow/example_dags/example_kubernetes_executor.py took 0.075 seconds
[2025-06-16T11:29:44.550-0300] {processor.py:157} INFO - Started process (PID=50220) to work on /mnt/c/Users/arcan/Documents/airflow/.venv/lib/python3.10/site-packages/airflow/example_dags/example_kubernetes_executor.py
[2025-06-16T11:29:44.552-0300] {processor.py:829} INFO - Processing file /mnt/c/Users/arcan/Documents/airflow/.venv/lib/python3.10/site-packages/airflow/example_dags/example_kubernetes_executor.py for tasks to queue
[2025-06-16T11:29:44.553-0300] {logging_mixin.py:154} INFO - [2025-06-16T11:29:44.553-0300] {dagbag.py:536} INFO - Filling up the DagBag from /mnt/c/Users/arcan/Documents/airflow/.venv/lib/python3.10/site-packages/airflow/example_dags/example_kubernetes_executor.py
[2025-06-16T11:29:44.588-0300] {logging_mixin.py:154} INFO - [2025-06-16T11:29:44.587-0300] {example_kubernetes_executor.py:38} WARNING - The example_kubernetes_executor example DAG requires the kubernetes provider. Please install it with: pip install apache-airflow[cncf.kubernetes]
[2025-06-16T11:29:44.588-0300] {processor.py:841} WARNING - No viable dags retrieved from /mnt/c/Users/arcan/Documents/airflow/.venv/lib/python3.10/site-packages/airflow/example_dags/example_kubernetes_executor.py
[2025-06-16T11:29:44.619-0300] {processor.py:179} INFO - Processing /mnt/c/Users/arcan/Documents/airflow/.venv/lib/python3.10/site-packages/airflow/example_dags/example_kubernetes_executor.py took 0.073 seconds
[2025-06-16T11:30:47.251-0300] {processor.py:157} INFO - Started process (PID=50404) to work on /mnt/c/Users/arcan/Documents/airflow/.venv/lib/python3.10/site-packages/airflow/example_dags/example_kubernetes_executor.py
[2025-06-16T11:30:47.253-0300] {processor.py:829} INFO - Processing file /mnt/c/Users/arcan/Documents/airflow/.venv/lib/python3.10/site-packages/airflow/example_dags/example_kubernetes_executor.py for tasks to queue
[2025-06-16T11:30:47.254-0300] {logging_mixin.py:154} INFO - [2025-06-16T11:30:47.254-0300] {dagbag.py:536} INFO - Filling up the DagBag from /mnt/c/Users/arcan/Documents/airflow/.venv/lib/python3.10/site-packages/airflow/example_dags/example_kubernetes_executor.py
[2025-06-16T11:30:47.287-0300] {logging_mixin.py:154} INFO - [2025-06-16T11:30:47.286-0300] {example_kubernetes_executor.py:38} WARNING - The example_kubernetes_executor example DAG requires the kubernetes provider. Please install it with: pip install apache-airflow[cncf.kubernetes]
[2025-06-16T11:30:47.287-0300] {processor.py:841} WARNING - No viable dags retrieved from /mnt/c/Users/arcan/Documents/airflow/.venv/lib/python3.10/site-packages/airflow/example_dags/example_kubernetes_executor.py
[2025-06-16T11:30:47.320-0300] {processor.py:179} INFO - Processing /mnt/c/Users/arcan/Documents/airflow/.venv/lib/python3.10/site-packages/airflow/example_dags/example_kubernetes_executor.py took 0.073 seconds
[2025-06-16T11:31:58.657-0300] {processor.py:157} INFO - Started process (PID=50609) to work on /mnt/c/Users/arcan/Documents/airflow/.venv/lib/python3.10/site-packages/airflow/example_dags/example_kubernetes_executor.py
[2025-06-16T11:31:58.659-0300] {processor.py:829} INFO - Processing file /mnt/c/Users/arcan/Documents/airflow/.venv/lib/python3.10/site-packages/airflow/example_dags/example_kubernetes_executor.py for tasks to queue
[2025-06-16T11:31:58.661-0300] {logging_mixin.py:154} INFO - [2025-06-16T11:31:58.661-0300] {dagbag.py:536} INFO - Filling up the DagBag from /mnt/c/Users/arcan/Documents/airflow/.venv/lib/python3.10/site-packages/airflow/example_dags/example_kubernetes_executor.py
[2025-06-16T11:31:58.695-0300] {logging_mixin.py:154} INFO - [2025-06-16T11:31:58.695-0300] {example_kubernetes_executor.py:38} WARNING - The example_kubernetes_executor example DAG requires the kubernetes provider. Please install it with: pip install apache-airflow[cncf.kubernetes]
[2025-06-16T11:31:58.696-0300] {processor.py:841} WARNING - No viable dags retrieved from /mnt/c/Users/arcan/Documents/airflow/.venv/lib/python3.10/site-packages/airflow/example_dags/example_kubernetes_executor.py
[2025-06-16T11:31:58.731-0300] {processor.py:179} INFO - Processing /mnt/c/Users/arcan/Documents/airflow/.venv/lib/python3.10/site-packages/airflow/example_dags/example_kubernetes_executor.py took 0.078 seconds
[2025-06-16T11:33:07.244-0300] {processor.py:157} INFO - Started process (PID=50810) to work on /mnt/c/Users/arcan/Documents/airflow/.venv/lib/python3.10/site-packages/airflow/example_dags/example_kubernetes_executor.py
[2025-06-16T11:33:07.246-0300] {processor.py:829} INFO - Processing file /mnt/c/Users/arcan/Documents/airflow/.venv/lib/python3.10/site-packages/airflow/example_dags/example_kubernetes_executor.py for tasks to queue
[2025-06-16T11:33:07.247-0300] {logging_mixin.py:154} INFO - [2025-06-16T11:33:07.247-0300] {dagbag.py:536} INFO - Filling up the DagBag from /mnt/c/Users/arcan/Documents/airflow/.venv/lib/python3.10/site-packages/airflow/example_dags/example_kubernetes_executor.py
[2025-06-16T11:33:07.281-0300] {logging_mixin.py:154} INFO - [2025-06-16T11:33:07.281-0300] {example_kubernetes_executor.py:38} WARNING - The example_kubernetes_executor example DAG requires the kubernetes provider. Please install it with: pip install apache-airflow[cncf.kubernetes]
[2025-06-16T11:33:07.282-0300] {processor.py:841} WARNING - No viable dags retrieved from /mnt/c/Users/arcan/Documents/airflow/.venv/lib/python3.10/site-packages/airflow/example_dags/example_kubernetes_executor.py
[2025-06-16T11:33:07.314-0300] {processor.py:179} INFO - Processing /mnt/c/Users/arcan/Documents/airflow/.venv/lib/python3.10/site-packages/airflow/example_dags/example_kubernetes_executor.py took 0.074 seconds
[2025-06-16T11:34:09.745-0300] {processor.py:157} INFO - Started process (PID=50991) to work on /mnt/c/Users/arcan/Documents/airflow/.venv/lib/python3.10/site-packages/airflow/example_dags/example_kubernetes_executor.py
[2025-06-16T11:34:09.748-0300] {processor.py:829} INFO - Processing file /mnt/c/Users/arcan/Documents/airflow/.venv/lib/python3.10/site-packages/airflow/example_dags/example_kubernetes_executor.py for tasks to queue
[2025-06-16T11:34:09.750-0300] {logging_mixin.py:154} INFO - [2025-06-16T11:34:09.749-0300] {dagbag.py:536} INFO - Filling up the DagBag from /mnt/c/Users/arcan/Documents/airflow/.venv/lib/python3.10/site-packages/airflow/example_dags/example_kubernetes_executor.py
[2025-06-16T11:34:09.790-0300] {logging_mixin.py:154} INFO - [2025-06-16T11:34:09.790-0300] {example_kubernetes_executor.py:38} WARNING - The example_kubernetes_executor example DAG requires the kubernetes provider. Please install it with: pip install apache-airflow[cncf.kubernetes]
[2025-06-16T11:34:09.791-0300] {processor.py:841} WARNING - No viable dags retrieved from /mnt/c/Users/arcan/Documents/airflow/.venv/lib/python3.10/site-packages/airflow/example_dags/example_kubernetes_executor.py
[2025-06-16T11:34:09.829-0300] {processor.py:179} INFO - Processing /mnt/c/Users/arcan/Documents/airflow/.venv/lib/python3.10/site-packages/airflow/example_dags/example_kubernetes_executor.py took 0.088 seconds
[2025-06-16T11:35:09.198-0300] {processor.py:157} INFO - Started process (PID=51293) to work on /mnt/c/Users/arcan/Documents/airflow/.venv/lib/python3.10/site-packages/airflow/example_dags/example_kubernetes_executor.py
[2025-06-16T11:35:09.200-0300] {processor.py:829} INFO - Processing file /mnt/c/Users/arcan/Documents/airflow/.venv/lib/python3.10/site-packages/airflow/example_dags/example_kubernetes_executor.py for tasks to queue
[2025-06-16T11:35:09.202-0300] {logging_mixin.py:154} INFO - [2025-06-16T11:35:09.202-0300] {dagbag.py:536} INFO - Filling up the DagBag from /mnt/c/Users/arcan/Documents/airflow/.venv/lib/python3.10/site-packages/airflow/example_dags/example_kubernetes_executor.py
[2025-06-16T11:35:09.236-0300] {logging_mixin.py:154} INFO - [2025-06-16T11:35:09.236-0300] {example_kubernetes_executor.py:38} WARNING - The example_kubernetes_executor example DAG requires the kubernetes provider. Please install it with: pip install apache-airflow[cncf.kubernetes]
[2025-06-16T11:35:09.237-0300] {processor.py:841} WARNING - No viable dags retrieved from /mnt/c/Users/arcan/Documents/airflow/.venv/lib/python3.10/site-packages/airflow/example_dags/example_kubernetes_executor.py
[2025-06-16T11:35:09.274-0300] {processor.py:179} INFO - Processing /mnt/c/Users/arcan/Documents/airflow/.venv/lib/python3.10/site-packages/airflow/example_dags/example_kubernetes_executor.py took 0.081 seconds
[2025-06-16T11:36:08.391-0300] {processor.py:157} INFO - Started process (PID=51469) to work on /mnt/c/Users/arcan/Documents/airflow/.venv/lib/python3.10/site-packages/airflow/example_dags/example_kubernetes_executor.py
[2025-06-16T11:36:08.392-0300] {processor.py:829} INFO - Processing file /mnt/c/Users/arcan/Documents/airflow/.venv/lib/python3.10/site-packages/airflow/example_dags/example_kubernetes_executor.py for tasks to queue
[2025-06-16T11:36:08.394-0300] {logging_mixin.py:154} INFO - [2025-06-16T11:36:08.393-0300] {dagbag.py:536} INFO - Filling up the DagBag from /mnt/c/Users/arcan/Documents/airflow/.venv/lib/python3.10/site-packages/airflow/example_dags/example_kubernetes_executor.py
[2025-06-16T11:36:08.430-0300] {logging_mixin.py:154} INFO - [2025-06-16T11:36:08.429-0300] {example_kubernetes_executor.py:38} WARNING - The example_kubernetes_executor example DAG requires the kubernetes provider. Please install it with: pip install apache-airflow[cncf.kubernetes]
[2025-06-16T11:36:08.430-0300] {processor.py:841} WARNING - No viable dags retrieved from /mnt/c/Users/arcan/Documents/airflow/.venv/lib/python3.10/site-packages/airflow/example_dags/example_kubernetes_executor.py
[2025-06-16T11:36:08.480-0300] {processor.py:179} INFO - Processing /mnt/c/Users/arcan/Documents/airflow/.venv/lib/python3.10/site-packages/airflow/example_dags/example_kubernetes_executor.py took 0.093 seconds
[2025-06-16T11:37:16.166-0300] {processor.py:157} INFO - Started process (PID=51671) to work on /mnt/c/Users/arcan/Documents/airflow/.venv/lib/python3.10/site-packages/airflow/example_dags/example_kubernetes_executor.py
[2025-06-16T11:37:16.168-0300] {processor.py:829} INFO - Processing file /mnt/c/Users/arcan/Documents/airflow/.venv/lib/python3.10/site-packages/airflow/example_dags/example_kubernetes_executor.py for tasks to queue
[2025-06-16T11:37:16.170-0300] {logging_mixin.py:154} INFO - [2025-06-16T11:37:16.169-0300] {dagbag.py:536} INFO - Filling up the DagBag from /mnt/c/Users/arcan/Documents/airflow/.venv/lib/python3.10/site-packages/airflow/example_dags/example_kubernetes_executor.py
[2025-06-16T11:37:16.205-0300] {logging_mixin.py:154} INFO - [2025-06-16T11:37:16.204-0300] {example_kubernetes_executor.py:38} WARNING - The example_kubernetes_executor example DAG requires the kubernetes provider. Please install it with: pip install apache-airflow[cncf.kubernetes]
[2025-06-16T11:37:16.205-0300] {processor.py:841} WARNING - No viable dags retrieved from /mnt/c/Users/arcan/Documents/airflow/.venv/lib/python3.10/site-packages/airflow/example_dags/example_kubernetes_executor.py
[2025-06-16T11:37:16.241-0300] {processor.py:179} INFO - Processing /mnt/c/Users/arcan/Documents/airflow/.venv/lib/python3.10/site-packages/airflow/example_dags/example_kubernetes_executor.py took 0.078 seconds
[2025-06-16T11:38:24.011-0300] {processor.py:157} INFO - Started process (PID=51868) to work on /mnt/c/Users/arcan/Documents/airflow/.venv/lib/python3.10/site-packages/airflow/example_dags/example_kubernetes_executor.py
[2025-06-16T11:38:24.013-0300] {processor.py:829} INFO - Processing file /mnt/c/Users/arcan/Documents/airflow/.venv/lib/python3.10/site-packages/airflow/example_dags/example_kubernetes_executor.py for tasks to queue
[2025-06-16T11:38:24.015-0300] {logging_mixin.py:154} INFO - [2025-06-16T11:38:24.014-0300] {dagbag.py:536} INFO - Filling up the DagBag from /mnt/c/Users/arcan/Documents/airflow/.venv/lib/python3.10/site-packages/airflow/example_dags/example_kubernetes_executor.py
[2025-06-16T11:38:24.052-0300] {logging_mixin.py:154} INFO - [2025-06-16T11:38:24.051-0300] {example_kubernetes_executor.py:38} WARNING - The example_kubernetes_executor example DAG requires the kubernetes provider. Please install it with: pip install apache-airflow[cncf.kubernetes]
[2025-06-16T11:38:24.052-0300] {processor.py:841} WARNING - No viable dags retrieved from /mnt/c/Users/arcan/Documents/airflow/.venv/lib/python3.10/site-packages/airflow/example_dags/example_kubernetes_executor.py
[2025-06-16T11:38:24.085-0300] {processor.py:179} INFO - Processing /mnt/c/Users/arcan/Documents/airflow/.venv/lib/python3.10/site-packages/airflow/example_dags/example_kubernetes_executor.py took 0.078 seconds
[2025-06-16T11:39:33.570-0300] {processor.py:157} INFO - Started process (PID=52075) to work on /mnt/c/Users/arcan/Documents/airflow/.venv/lib/python3.10/site-packages/airflow/example_dags/example_kubernetes_executor.py
[2025-06-16T11:39:33.572-0300] {processor.py:829} INFO - Processing file /mnt/c/Users/arcan/Documents/airflow/.venv/lib/python3.10/site-packages/airflow/example_dags/example_kubernetes_executor.py for tasks to queue
[2025-06-16T11:39:33.573-0300] {logging_mixin.py:154} INFO - [2025-06-16T11:39:33.573-0300] {dagbag.py:536} INFO - Filling up the DagBag from /mnt/c/Users/arcan/Documents/airflow/.venv/lib/python3.10/site-packages/airflow/example_dags/example_kubernetes_executor.py
[2025-06-16T11:39:33.608-0300] {logging_mixin.py:154} INFO - [2025-06-16T11:39:33.607-0300] {example_kubernetes_executor.py:38} WARNING - The example_kubernetes_executor example DAG requires the kubernetes provider. Please install it with: pip install apache-airflow[cncf.kubernetes]
[2025-06-16T11:39:33.608-0300] {processor.py:841} WARNING - No viable dags retrieved from /mnt/c/Users/arcan/Documents/airflow/.venv/lib/python3.10/site-packages/airflow/example_dags/example_kubernetes_executor.py
[2025-06-16T11:39:33.637-0300] {processor.py:179} INFO - Processing /mnt/c/Users/arcan/Documents/airflow/.venv/lib/python3.10/site-packages/airflow/example_dags/example_kubernetes_executor.py took 0.071 seconds
[2025-06-16T11:40:41.642-0300] {processor.py:157} INFO - Started process (PID=52276) to work on /mnt/c/Users/arcan/Documents/airflow/.venv/lib/python3.10/site-packages/airflow/example_dags/example_kubernetes_executor.py
[2025-06-16T11:40:41.644-0300] {processor.py:829} INFO - Processing file /mnt/c/Users/arcan/Documents/airflow/.venv/lib/python3.10/site-packages/airflow/example_dags/example_kubernetes_executor.py for tasks to queue
[2025-06-16T11:40:41.646-0300] {logging_mixin.py:154} INFO - [2025-06-16T11:40:41.645-0300] {dagbag.py:536} INFO - Filling up the DagBag from /mnt/c/Users/arcan/Documents/airflow/.venv/lib/python3.10/site-packages/airflow/example_dags/example_kubernetes_executor.py
[2025-06-16T11:40:41.684-0300] {logging_mixin.py:154} INFO - [2025-06-16T11:40:41.684-0300] {example_kubernetes_executor.py:38} WARNING - The example_kubernetes_executor example DAG requires the kubernetes provider. Please install it with: pip install apache-airflow[cncf.kubernetes]
[2025-06-16T11:40:41.685-0300] {processor.py:841} WARNING - No viable dags retrieved from /mnt/c/Users/arcan/Documents/airflow/.venv/lib/python3.10/site-packages/airflow/example_dags/example_kubernetes_executor.py
[2025-06-16T11:40:41.720-0300] {processor.py:179} INFO - Processing /mnt/c/Users/arcan/Documents/airflow/.venv/lib/python3.10/site-packages/airflow/example_dags/example_kubernetes_executor.py took 0.083 seconds
[2025-06-16T11:41:41.893-0300] {processor.py:157} INFO - Started process (PID=52577) to work on /mnt/c/Users/arcan/Documents/airflow/.venv/lib/python3.10/site-packages/airflow/example_dags/example_kubernetes_executor.py
[2025-06-16T11:41:41.895-0300] {processor.py:829} INFO - Processing file /mnt/c/Users/arcan/Documents/airflow/.venv/lib/python3.10/site-packages/airflow/example_dags/example_kubernetes_executor.py for tasks to queue
[2025-06-16T11:41:41.896-0300] {logging_mixin.py:154} INFO - [2025-06-16T11:41:41.895-0300] {dagbag.py:536} INFO - Filling up the DagBag from /mnt/c/Users/arcan/Documents/airflow/.venv/lib/python3.10/site-packages/airflow/example_dags/example_kubernetes_executor.py
[2025-06-16T11:41:41.932-0300] {logging_mixin.py:154} INFO - [2025-06-16T11:41:41.932-0300] {example_kubernetes_executor.py:38} WARNING - The example_kubernetes_executor example DAG requires the kubernetes provider. Please install it with: pip install apache-airflow[cncf.kubernetes]
[2025-06-16T11:41:41.933-0300] {processor.py:841} WARNING - No viable dags retrieved from /mnt/c/Users/arcan/Documents/airflow/.venv/lib/python3.10/site-packages/airflow/example_dags/example_kubernetes_executor.py
[2025-06-16T11:41:41.968-0300] {processor.py:179} INFO - Processing /mnt/c/Users/arcan/Documents/airflow/.venv/lib/python3.10/site-packages/airflow/example_dags/example_kubernetes_executor.py took 0.079 seconds
[2025-06-16T11:42:53.297-0300] {processor.py:157} INFO - Started process (PID=52784) to work on /mnt/c/Users/arcan/Documents/airflow/.venv/lib/python3.10/site-packages/airflow/example_dags/example_kubernetes_executor.py
[2025-06-16T11:42:53.299-0300] {processor.py:829} INFO - Processing file /mnt/c/Users/arcan/Documents/airflow/.venv/lib/python3.10/site-packages/airflow/example_dags/example_kubernetes_executor.py for tasks to queue
[2025-06-16T11:42:53.301-0300] {logging_mixin.py:154} INFO - [2025-06-16T11:42:53.300-0300] {dagbag.py:536} INFO - Filling up the DagBag from /mnt/c/Users/arcan/Documents/airflow/.venv/lib/python3.10/site-packages/airflow/example_dags/example_kubernetes_executor.py
[2025-06-16T11:42:53.337-0300] {logging_mixin.py:154} INFO - [2025-06-16T11:42:53.337-0300] {example_kubernetes_executor.py:38} WARNING - The example_kubernetes_executor example DAG requires the kubernetes provider. Please install it with: pip install apache-airflow[cncf.kubernetes]
[2025-06-16T11:42:53.338-0300] {processor.py:841} WARNING - No viable dags retrieved from /mnt/c/Users/arcan/Documents/airflow/.venv/lib/python3.10/site-packages/airflow/example_dags/example_kubernetes_executor.py
[2025-06-16T11:42:53.369-0300] {processor.py:179} INFO - Processing /mnt/c/Users/arcan/Documents/airflow/.venv/lib/python3.10/site-packages/airflow/example_dags/example_kubernetes_executor.py took 0.076 seconds
[2025-06-16T11:44:01.930-0300] {processor.py:157} INFO - Started process (PID=52985) to work on /mnt/c/Users/arcan/Documents/airflow/.venv/lib/python3.10/site-packages/airflow/example_dags/example_kubernetes_executor.py
[2025-06-16T11:44:01.932-0300] {processor.py:829} INFO - Processing file /mnt/c/Users/arcan/Documents/airflow/.venv/lib/python3.10/site-packages/airflow/example_dags/example_kubernetes_executor.py for tasks to queue
[2025-06-16T11:44:01.933-0300] {logging_mixin.py:154} INFO - [2025-06-16T11:44:01.933-0300] {dagbag.py:536} INFO - Filling up the DagBag from /mnt/c/Users/arcan/Documents/airflow/.venv/lib/python3.10/site-packages/airflow/example_dags/example_kubernetes_executor.py
[2025-06-16T11:44:01.966-0300] {logging_mixin.py:154} INFO - [2025-06-16T11:44:01.966-0300] {example_kubernetes_executor.py:38} WARNING - The example_kubernetes_executor example DAG requires the kubernetes provider. Please install it with: pip install apache-airflow[cncf.kubernetes]
[2025-06-16T11:44:01.967-0300] {processor.py:841} WARNING - No viable dags retrieved from /mnt/c/Users/arcan/Documents/airflow/.venv/lib/python3.10/site-packages/airflow/example_dags/example_kubernetes_executor.py
[2025-06-16T11:44:01.998-0300] {processor.py:179} INFO - Processing /mnt/c/Users/arcan/Documents/airflow/.venv/lib/python3.10/site-packages/airflow/example_dags/example_kubernetes_executor.py took 0.072 seconds
[2025-06-16T11:45:09.749-0300] {processor.py:157} INFO - Started process (PID=53188) to work on /mnt/c/Users/arcan/Documents/airflow/.venv/lib/python3.10/site-packages/airflow/example_dags/example_kubernetes_executor.py
[2025-06-16T11:45:09.752-0300] {processor.py:829} INFO - Processing file /mnt/c/Users/arcan/Documents/airflow/.venv/lib/python3.10/site-packages/airflow/example_dags/example_kubernetes_executor.py for tasks to queue
[2025-06-16T11:45:09.754-0300] {logging_mixin.py:154} INFO - [2025-06-16T11:45:09.753-0300] {dagbag.py:536} INFO - Filling up the DagBag from /mnt/c/Users/arcan/Documents/airflow/.venv/lib/python3.10/site-packages/airflow/example_dags/example_kubernetes_executor.py
[2025-06-16T11:45:09.789-0300] {logging_mixin.py:154} INFO - [2025-06-16T11:45:09.788-0300] {example_kubernetes_executor.py:38} WARNING - The example_kubernetes_executor example DAG requires the kubernetes provider. Please install it with: pip install apache-airflow[cncf.kubernetes]
[2025-06-16T11:45:09.789-0300] {processor.py:841} WARNING - No viable dags retrieved from /mnt/c/Users/arcan/Documents/airflow/.venv/lib/python3.10/site-packages/airflow/example_dags/example_kubernetes_executor.py
[2025-06-16T11:45:09.824-0300] {processor.py:179} INFO - Processing /mnt/c/Users/arcan/Documents/airflow/.venv/lib/python3.10/site-packages/airflow/example_dags/example_kubernetes_executor.py took 0.078 seconds
[2025-06-16T11:46:14.710-0300] {processor.py:157} INFO - Started process (PID=53377) to work on /mnt/c/Users/arcan/Documents/airflow/.venv/lib/python3.10/site-packages/airflow/example_dags/example_kubernetes_executor.py
[2025-06-16T11:46:14.713-0300] {processor.py:829} INFO - Processing file /mnt/c/Users/arcan/Documents/airflow/.venv/lib/python3.10/site-packages/airflow/example_dags/example_kubernetes_executor.py for tasks to queue
[2025-06-16T11:46:14.715-0300] {logging_mixin.py:154} INFO - [2025-06-16T11:46:14.714-0300] {dagbag.py:536} INFO - Filling up the DagBag from /mnt/c/Users/arcan/Documents/airflow/.venv/lib/python3.10/site-packages/airflow/example_dags/example_kubernetes_executor.py
[2025-06-16T11:46:14.749-0300] {logging_mixin.py:154} INFO - [2025-06-16T11:46:14.749-0300] {example_kubernetes_executor.py:38} WARNING - The example_kubernetes_executor example DAG requires the kubernetes provider. Please install it with: pip install apache-airflow[cncf.kubernetes]
[2025-06-16T11:46:14.749-0300] {processor.py:841} WARNING - No viable dags retrieved from /mnt/c/Users/arcan/Documents/airflow/.venv/lib/python3.10/site-packages/airflow/example_dags/example_kubernetes_executor.py
[2025-06-16T11:46:14.780-0300] {processor.py:179} INFO - Processing /mnt/c/Users/arcan/Documents/airflow/.venv/lib/python3.10/site-packages/airflow/example_dags/example_kubernetes_executor.py took 0.074 seconds
[2025-06-16T11:47:21.272-0300] {processor.py:157} INFO - Started process (PID=53575) to work on /mnt/c/Users/arcan/Documents/airflow/.venv/lib/python3.10/site-packages/airflow/example_dags/example_kubernetes_executor.py
[2025-06-16T11:47:21.274-0300] {processor.py:829} INFO - Processing file /mnt/c/Users/arcan/Documents/airflow/.venv/lib/python3.10/site-packages/airflow/example_dags/example_kubernetes_executor.py for tasks to queue
[2025-06-16T11:47:21.276-0300] {logging_mixin.py:154} INFO - [2025-06-16T11:47:21.275-0300] {dagbag.py:536} INFO - Filling up the DagBag from /mnt/c/Users/arcan/Documents/airflow/.venv/lib/python3.10/site-packages/airflow/example_dags/example_kubernetes_executor.py
[2025-06-16T11:47:21.308-0300] {logging_mixin.py:154} INFO - [2025-06-16T11:47:21.308-0300] {example_kubernetes_executor.py:38} WARNING - The example_kubernetes_executor example DAG requires the kubernetes provider. Please install it with: pip install apache-airflow[cncf.kubernetes]
[2025-06-16T11:47:21.309-0300] {processor.py:841} WARNING - No viable dags retrieved from /mnt/c/Users/arcan/Documents/airflow/.venv/lib/python3.10/site-packages/airflow/example_dags/example_kubernetes_executor.py
[2025-06-16T11:47:21.340-0300] {processor.py:179} INFO - Processing /mnt/c/Users/arcan/Documents/airflow/.venv/lib/python3.10/site-packages/airflow/example_dags/example_kubernetes_executor.py took 0.073 seconds
[2025-06-16T11:48:27.129-0300] {processor.py:157} INFO - Started process (PID=53766) to work on /mnt/c/Users/arcan/Documents/airflow/.venv/lib/python3.10/site-packages/airflow/example_dags/example_kubernetes_executor.py
[2025-06-16T11:48:27.130-0300] {processor.py:829} INFO - Processing file /mnt/c/Users/arcan/Documents/airflow/.venv/lib/python3.10/site-packages/airflow/example_dags/example_kubernetes_executor.py for tasks to queue
[2025-06-16T11:48:27.132-0300] {logging_mixin.py:154} INFO - [2025-06-16T11:48:27.131-0300] {dagbag.py:536} INFO - Filling up the DagBag from /mnt/c/Users/arcan/Documents/airflow/.venv/lib/python3.10/site-packages/airflow/example_dags/example_kubernetes_executor.py
[2025-06-16T11:48:27.170-0300] {logging_mixin.py:154} INFO - [2025-06-16T11:48:27.170-0300] {example_kubernetes_executor.py:38} WARNING - The example_kubernetes_executor example DAG requires the kubernetes provider. Please install it with: pip install apache-airflow[cncf.kubernetes]
[2025-06-16T11:48:27.171-0300] {processor.py:841} WARNING - No viable dags retrieved from /mnt/c/Users/arcan/Documents/airflow/.venv/lib/python3.10/site-packages/airflow/example_dags/example_kubernetes_executor.py
[2025-06-16T11:48:27.203-0300] {processor.py:179} INFO - Processing /mnt/c/Users/arcan/Documents/airflow/.venv/lib/python3.10/site-packages/airflow/example_dags/example_kubernetes_executor.py took 0.079 seconds
[2025-06-16T11:49:29.467-0300] {processor.py:157} INFO - Started process (PID=54077) to work on /mnt/c/Users/arcan/Documents/airflow/.venv/lib/python3.10/site-packages/airflow/example_dags/example_kubernetes_executor.py
[2025-06-16T11:49:29.468-0300] {processor.py:829} INFO - Processing file /mnt/c/Users/arcan/Documents/airflow/.venv/lib/python3.10/site-packages/airflow/example_dags/example_kubernetes_executor.py for tasks to queue
[2025-06-16T11:49:29.470-0300] {logging_mixin.py:154} INFO - [2025-06-16T11:49:29.469-0300] {dagbag.py:536} INFO - Filling up the DagBag from /mnt/c/Users/arcan/Documents/airflow/.venv/lib/python3.10/site-packages/airflow/example_dags/example_kubernetes_executor.py
[2025-06-16T11:49:29.501-0300] {logging_mixin.py:154} INFO - [2025-06-16T11:49:29.501-0300] {example_kubernetes_executor.py:38} WARNING - The example_kubernetes_executor example DAG requires the kubernetes provider. Please install it with: pip install apache-airflow[cncf.kubernetes]
[2025-06-16T11:49:29.502-0300] {processor.py:841} WARNING - No viable dags retrieved from /mnt/c/Users/arcan/Documents/airflow/.venv/lib/python3.10/site-packages/airflow/example_dags/example_kubernetes_executor.py
[2025-06-16T11:49:29.533-0300] {processor.py:179} INFO - Processing /mnt/c/Users/arcan/Documents/airflow/.venv/lib/python3.10/site-packages/airflow/example_dags/example_kubernetes_executor.py took 0.070 seconds
[2025-06-16T11:50:29.891-0300] {processor.py:157} INFO - Started process (PID=54261) to work on /mnt/c/Users/arcan/Documents/airflow/.venv/lib/python3.10/site-packages/airflow/example_dags/example_kubernetes_executor.py
[2025-06-16T11:50:29.893-0300] {processor.py:829} INFO - Processing file /mnt/c/Users/arcan/Documents/airflow/.venv/lib/python3.10/site-packages/airflow/example_dags/example_kubernetes_executor.py for tasks to queue
[2025-06-16T11:50:29.895-0300] {logging_mixin.py:154} INFO - [2025-06-16T11:50:29.894-0300] {dagbag.py:536} INFO - Filling up the DagBag from /mnt/c/Users/arcan/Documents/airflow/.venv/lib/python3.10/site-packages/airflow/example_dags/example_kubernetes_executor.py
[2025-06-16T11:50:29.924-0300] {logging_mixin.py:154} INFO - [2025-06-16T11:50:29.924-0300] {example_kubernetes_executor.py:38} WARNING - The example_kubernetes_executor example DAG requires the kubernetes provider. Please install it with: pip install apache-airflow[cncf.kubernetes]
[2025-06-16T11:50:29.925-0300] {processor.py:841} WARNING - No viable dags retrieved from /mnt/c/Users/arcan/Documents/airflow/.venv/lib/python3.10/site-packages/airflow/example_dags/example_kubernetes_executor.py
[2025-06-16T11:50:29.959-0300] {processor.py:179} INFO - Processing /mnt/c/Users/arcan/Documents/airflow/.venv/lib/python3.10/site-packages/airflow/example_dags/example_kubernetes_executor.py took 0.071 seconds
[2025-06-16T11:51:33.031-0300] {processor.py:157} INFO - Started process (PID=54444) to work on /mnt/c/Users/arcan/Documents/airflow/.venv/lib/python3.10/site-packages/airflow/example_dags/example_kubernetes_executor.py
[2025-06-16T11:51:33.033-0300] {processor.py:829} INFO - Processing file /mnt/c/Users/arcan/Documents/airflow/.venv/lib/python3.10/site-packages/airflow/example_dags/example_kubernetes_executor.py for tasks to queue
[2025-06-16T11:51:33.034-0300] {logging_mixin.py:154} INFO - [2025-06-16T11:51:33.034-0300] {dagbag.py:536} INFO - Filling up the DagBag from /mnt/c/Users/arcan/Documents/airflow/.venv/lib/python3.10/site-packages/airflow/example_dags/example_kubernetes_executor.py
[2025-06-16T11:51:33.067-0300] {logging_mixin.py:154} INFO - [2025-06-16T11:51:33.067-0300] {example_kubernetes_executor.py:38} WARNING - The example_kubernetes_executor example DAG requires the kubernetes provider. Please install it with: pip install apache-airflow[cncf.kubernetes]
[2025-06-16T11:51:33.068-0300] {processor.py:841} WARNING - No viable dags retrieved from /mnt/c/Users/arcan/Documents/airflow/.venv/lib/python3.10/site-packages/airflow/example_dags/example_kubernetes_executor.py
[2025-06-16T11:51:33.101-0300] {processor.py:179} INFO - Processing /mnt/c/Users/arcan/Documents/airflow/.venv/lib/python3.10/site-packages/airflow/example_dags/example_kubernetes_executor.py took 0.074 seconds
[2025-06-16T11:52:39.099-0300] {processor.py:157} INFO - Started process (PID=54641) to work on /mnt/c/Users/arcan/Documents/airflow/.venv/lib/python3.10/site-packages/airflow/example_dags/example_kubernetes_executor.py
[2025-06-16T11:52:39.101-0300] {processor.py:829} INFO - Processing file /mnt/c/Users/arcan/Documents/airflow/.venv/lib/python3.10/site-packages/airflow/example_dags/example_kubernetes_executor.py for tasks to queue
[2025-06-16T11:52:39.102-0300] {logging_mixin.py:154} INFO - [2025-06-16T11:52:39.102-0300] {dagbag.py:536} INFO - Filling up the DagBag from /mnt/c/Users/arcan/Documents/airflow/.venv/lib/python3.10/site-packages/airflow/example_dags/example_kubernetes_executor.py
[2025-06-16T11:52:39.136-0300] {logging_mixin.py:154} INFO - [2025-06-16T11:52:39.135-0300] {example_kubernetes_executor.py:38} WARNING - The example_kubernetes_executor example DAG requires the kubernetes provider. Please install it with: pip install apache-airflow[cncf.kubernetes]
[2025-06-16T11:52:39.136-0300] {processor.py:841} WARNING - No viable dags retrieved from /mnt/c/Users/arcan/Documents/airflow/.venv/lib/python3.10/site-packages/airflow/example_dags/example_kubernetes_executor.py
[2025-06-16T11:52:39.172-0300] {processor.py:179} INFO - Processing /mnt/c/Users/arcan/Documents/airflow/.venv/lib/python3.10/site-packages/airflow/example_dags/example_kubernetes_executor.py took 0.076 seconds
[2025-06-16T11:53:43.406-0300] {processor.py:157} INFO - Started process (PID=54832) to work on /mnt/c/Users/arcan/Documents/airflow/.venv/lib/python3.10/site-packages/airflow/example_dags/example_kubernetes_executor.py
[2025-06-16T11:53:43.408-0300] {processor.py:829} INFO - Processing file /mnt/c/Users/arcan/Documents/airflow/.venv/lib/python3.10/site-packages/airflow/example_dags/example_kubernetes_executor.py for tasks to queue
[2025-06-16T11:53:43.410-0300] {logging_mixin.py:154} INFO - [2025-06-16T11:53:43.409-0300] {dagbag.py:536} INFO - Filling up the DagBag from /mnt/c/Users/arcan/Documents/airflow/.venv/lib/python3.10/site-packages/airflow/example_dags/example_kubernetes_executor.py
[2025-06-16T11:53:43.446-0300] {logging_mixin.py:154} INFO - [2025-06-16T11:53:43.446-0300] {example_kubernetes_executor.py:38} WARNING - The example_kubernetes_executor example DAG requires the kubernetes provider. Please install it with: pip install apache-airflow[cncf.kubernetes]
[2025-06-16T11:53:43.446-0300] {processor.py:841} WARNING - No viable dags retrieved from /mnt/c/Users/arcan/Documents/airflow/.venv/lib/python3.10/site-packages/airflow/example_dags/example_kubernetes_executor.py
[2025-06-16T11:53:43.480-0300] {processor.py:179} INFO - Processing /mnt/c/Users/arcan/Documents/airflow/.venv/lib/python3.10/site-packages/airflow/example_dags/example_kubernetes_executor.py took 0.078 seconds
[2025-06-16T11:54:46.587-0300] {processor.py:157} INFO - Started process (PID=55022) to work on /mnt/c/Users/arcan/Documents/airflow/.venv/lib/python3.10/site-packages/airflow/example_dags/example_kubernetes_executor.py
[2025-06-16T11:54:46.589-0300] {processor.py:829} INFO - Processing file /mnt/c/Users/arcan/Documents/airflow/.venv/lib/python3.10/site-packages/airflow/example_dags/example_kubernetes_executor.py for tasks to queue
[2025-06-16T11:54:46.591-0300] {logging_mixin.py:154} INFO - [2025-06-16T11:54:46.590-0300] {dagbag.py:536} INFO - Filling up the DagBag from /mnt/c/Users/arcan/Documents/airflow/.venv/lib/python3.10/site-packages/airflow/example_dags/example_kubernetes_executor.py
[2025-06-16T11:54:46.625-0300] {logging_mixin.py:154} INFO - [2025-06-16T11:54:46.625-0300] {example_kubernetes_executor.py:38} WARNING - The example_kubernetes_executor example DAG requires the kubernetes provider. Please install it with: pip install apache-airflow[cncf.kubernetes]
[2025-06-16T11:54:46.626-0300] {processor.py:841} WARNING - No viable dags retrieved from /mnt/c/Users/arcan/Documents/airflow/.venv/lib/python3.10/site-packages/airflow/example_dags/example_kubernetes_executor.py
[2025-06-16T11:54:46.662-0300] {processor.py:179} INFO - Processing /mnt/c/Users/arcan/Documents/airflow/.venv/lib/python3.10/site-packages/airflow/example_dags/example_kubernetes_executor.py took 0.079 seconds
[2025-06-16T11:55:43.875-0300] {processor.py:157} INFO - Started process (PID=55199) to work on /mnt/c/Users/arcan/Documents/airflow/.venv/lib/python3.10/site-packages/airflow/example_dags/example_kubernetes_executor.py
[2025-06-16T11:55:43.877-0300] {processor.py:829} INFO - Processing file /mnt/c/Users/arcan/Documents/airflow/.venv/lib/python3.10/site-packages/airflow/example_dags/example_kubernetes_executor.py for tasks to queue
[2025-06-16T11:55:43.879-0300] {logging_mixin.py:154} INFO - [2025-06-16T11:55:43.878-0300] {dagbag.py:536} INFO - Filling up the DagBag from /mnt/c/Users/arcan/Documents/airflow/.venv/lib/python3.10/site-packages/airflow/example_dags/example_kubernetes_executor.py
[2025-06-16T11:55:43.913-0300] {logging_mixin.py:154} INFO - [2025-06-16T11:55:43.912-0300] {example_kubernetes_executor.py:38} WARNING - The example_kubernetes_executor example DAG requires the kubernetes provider. Please install it with: pip install apache-airflow[cncf.kubernetes]
[2025-06-16T11:55:43.914-0300] {processor.py:841} WARNING - No viable dags retrieved from /mnt/c/Users/arcan/Documents/airflow/.venv/lib/python3.10/site-packages/airflow/example_dags/example_kubernetes_executor.py
[2025-06-16T11:55:43.948-0300] {processor.py:179} INFO - Processing /mnt/c/Users/arcan/Documents/airflow/.venv/lib/python3.10/site-packages/airflow/example_dags/example_kubernetes_executor.py took 0.077 seconds
[2025-06-16T11:56:50.025-0300] {processor.py:157} INFO - Started process (PID=55517) to work on /mnt/c/Users/arcan/Documents/airflow/.venv/lib/python3.10/site-packages/airflow/example_dags/example_kubernetes_executor.py
[2025-06-16T11:56:50.027-0300] {processor.py:829} INFO - Processing file /mnt/c/Users/arcan/Documents/airflow/.venv/lib/python3.10/site-packages/airflow/example_dags/example_kubernetes_executor.py for tasks to queue
[2025-06-16T11:56:50.029-0300] {logging_mixin.py:154} INFO - [2025-06-16T11:56:50.028-0300] {dagbag.py:536} INFO - Filling up the DagBag from /mnt/c/Users/arcan/Documents/airflow/.venv/lib/python3.10/site-packages/airflow/example_dags/example_kubernetes_executor.py
[2025-06-16T11:56:50.068-0300] {logging_mixin.py:154} INFO - [2025-06-16T11:56:50.067-0300] {example_kubernetes_executor.py:38} WARNING - The example_kubernetes_executor example DAG requires the kubernetes provider. Please install it with: pip install apache-airflow[cncf.kubernetes]
[2025-06-16T11:56:50.069-0300] {processor.py:841} WARNING - No viable dags retrieved from /mnt/c/Users/arcan/Documents/airflow/.venv/lib/python3.10/site-packages/airflow/example_dags/example_kubernetes_executor.py
[2025-06-16T11:56:50.101-0300] {processor.py:179} INFO - Processing /mnt/c/Users/arcan/Documents/airflow/.venv/lib/python3.10/site-packages/airflow/example_dags/example_kubernetes_executor.py took 0.079 seconds
[2025-06-16T11:57:52.745-0300] {processor.py:157} INFO - Started process (PID=55707) to work on /mnt/c/Users/arcan/Documents/airflow/.venv/lib/python3.10/site-packages/airflow/example_dags/example_kubernetes_executor.py
[2025-06-16T11:57:52.747-0300] {processor.py:829} INFO - Processing file /mnt/c/Users/arcan/Documents/airflow/.venv/lib/python3.10/site-packages/airflow/example_dags/example_kubernetes_executor.py for tasks to queue
[2025-06-16T11:57:52.749-0300] {logging_mixin.py:154} INFO - [2025-06-16T11:57:52.748-0300] {dagbag.py:536} INFO - Filling up the DagBag from /mnt/c/Users/arcan/Documents/airflow/.venv/lib/python3.10/site-packages/airflow/example_dags/example_kubernetes_executor.py
[2025-06-16T11:57:52.782-0300] {logging_mixin.py:154} INFO - [2025-06-16T11:57:52.782-0300] {example_kubernetes_executor.py:38} WARNING - The example_kubernetes_executor example DAG requires the kubernetes provider. Please install it with: pip install apache-airflow[cncf.kubernetes]
[2025-06-16T11:57:52.783-0300] {processor.py:841} WARNING - No viable dags retrieved from /mnt/c/Users/arcan/Documents/airflow/.venv/lib/python3.10/site-packages/airflow/example_dags/example_kubernetes_executor.py
[2025-06-16T11:57:52.817-0300] {processor.py:179} INFO - Processing /mnt/c/Users/arcan/Documents/airflow/.venv/lib/python3.10/site-packages/airflow/example_dags/example_kubernetes_executor.py took 0.076 seconds
[2025-06-16T11:58:57.247-0300] {processor.py:157} INFO - Started process (PID=55897) to work on /mnt/c/Users/arcan/Documents/airflow/.venv/lib/python3.10/site-packages/airflow/example_dags/example_kubernetes_executor.py
[2025-06-16T11:58:57.249-0300] {processor.py:829} INFO - Processing file /mnt/c/Users/arcan/Documents/airflow/.venv/lib/python3.10/site-packages/airflow/example_dags/example_kubernetes_executor.py for tasks to queue
[2025-06-16T11:58:57.251-0300] {logging_mixin.py:154} INFO - [2025-06-16T11:58:57.250-0300] {dagbag.py:536} INFO - Filling up the DagBag from /mnt/c/Users/arcan/Documents/airflow/.venv/lib/python3.10/site-packages/airflow/example_dags/example_kubernetes_executor.py
[2025-06-16T11:58:57.286-0300] {logging_mixin.py:154} INFO - [2025-06-16T11:58:57.285-0300] {example_kubernetes_executor.py:38} WARNING - The example_kubernetes_executor example DAG requires the kubernetes provider. Please install it with: pip install apache-airflow[cncf.kubernetes]
[2025-06-16T11:58:57.286-0300] {processor.py:841} WARNING - No viable dags retrieved from /mnt/c/Users/arcan/Documents/airflow/.venv/lib/python3.10/site-packages/airflow/example_dags/example_kubernetes_executor.py
[2025-06-16T11:58:57.320-0300] {processor.py:179} INFO - Processing /mnt/c/Users/arcan/Documents/airflow/.venv/lib/python3.10/site-packages/airflow/example_dags/example_kubernetes_executor.py took 0.076 seconds
[2025-06-16T12:00:00.493-0300] {processor.py:157} INFO - Started process (PID=56088) to work on /mnt/c/Users/arcan/Documents/airflow/.venv/lib/python3.10/site-packages/airflow/example_dags/example_kubernetes_executor.py
[2025-06-16T12:00:00.495-0300] {processor.py:829} INFO - Processing file /mnt/c/Users/arcan/Documents/airflow/.venv/lib/python3.10/site-packages/airflow/example_dags/example_kubernetes_executor.py for tasks to queue
[2025-06-16T12:00:00.497-0300] {logging_mixin.py:154} INFO - [2025-06-16T12:00:00.496-0300] {dagbag.py:536} INFO - Filling up the DagBag from /mnt/c/Users/arcan/Documents/airflow/.venv/lib/python3.10/site-packages/airflow/example_dags/example_kubernetes_executor.py
[2025-06-16T12:00:00.532-0300] {logging_mixin.py:154} INFO - [2025-06-16T12:00:00.531-0300] {example_kubernetes_executor.py:38} WARNING - The example_kubernetes_executor example DAG requires the kubernetes provider. Please install it with: pip install apache-airflow[cncf.kubernetes]
[2025-06-16T12:00:00.532-0300] {processor.py:841} WARNING - No viable dags retrieved from /mnt/c/Users/arcan/Documents/airflow/.venv/lib/python3.10/site-packages/airflow/example_dags/example_kubernetes_executor.py
[2025-06-16T12:00:00.566-0300] {processor.py:179} INFO - Processing /mnt/c/Users/arcan/Documents/airflow/.venv/lib/python3.10/site-packages/airflow/example_dags/example_kubernetes_executor.py took 0.078 seconds
[2025-06-16T12:01:07.126-0300] {processor.py:157} INFO - Started process (PID=56286) to work on /mnt/c/Users/arcan/Documents/airflow/.venv/lib/python3.10/site-packages/airflow/example_dags/example_kubernetes_executor.py
[2025-06-16T12:01:07.128-0300] {processor.py:829} INFO - Processing file /mnt/c/Users/arcan/Documents/airflow/.venv/lib/python3.10/site-packages/airflow/example_dags/example_kubernetes_executor.py for tasks to queue
[2025-06-16T12:01:07.131-0300] {logging_mixin.py:154} INFO - [2025-06-16T12:01:07.130-0300] {dagbag.py:536} INFO - Filling up the DagBag from /mnt/c/Users/arcan/Documents/airflow/.venv/lib/python3.10/site-packages/airflow/example_dags/example_kubernetes_executor.py
[2025-06-16T12:01:07.164-0300] {logging_mixin.py:154} INFO - [2025-06-16T12:01:07.164-0300] {example_kubernetes_executor.py:38} WARNING - The example_kubernetes_executor example DAG requires the kubernetes provider. Please install it with: pip install apache-airflow[cncf.kubernetes]
[2025-06-16T12:01:07.165-0300] {processor.py:841} WARNING - No viable dags retrieved from /mnt/c/Users/arcan/Documents/airflow/.venv/lib/python3.10/site-packages/airflow/example_dags/example_kubernetes_executor.py
[2025-06-16T12:01:07.197-0300] {processor.py:179} INFO - Processing /mnt/c/Users/arcan/Documents/airflow/.venv/lib/python3.10/site-packages/airflow/example_dags/example_kubernetes_executor.py took 0.075 seconds
[2025-06-16T12:02:15.499-0300] {processor.py:157} INFO - Started process (PID=56489) to work on /mnt/c/Users/arcan/Documents/airflow/.venv/lib/python3.10/site-packages/airflow/example_dags/example_kubernetes_executor.py
[2025-06-16T12:02:15.500-0300] {processor.py:829} INFO - Processing file /mnt/c/Users/arcan/Documents/airflow/.venv/lib/python3.10/site-packages/airflow/example_dags/example_kubernetes_executor.py for tasks to queue
[2025-06-16T12:02:15.502-0300] {logging_mixin.py:154} INFO - [2025-06-16T12:02:15.501-0300] {dagbag.py:536} INFO - Filling up the DagBag from /mnt/c/Users/arcan/Documents/airflow/.venv/lib/python3.10/site-packages/airflow/example_dags/example_kubernetes_executor.py
[2025-06-16T12:02:15.534-0300] {logging_mixin.py:154} INFO - [2025-06-16T12:02:15.534-0300] {example_kubernetes_executor.py:38} WARNING - The example_kubernetes_executor example DAG requires the kubernetes provider. Please install it with: pip install apache-airflow[cncf.kubernetes]
[2025-06-16T12:02:15.535-0300] {processor.py:841} WARNING - No viable dags retrieved from /mnt/c/Users/arcan/Documents/airflow/.venv/lib/python3.10/site-packages/airflow/example_dags/example_kubernetes_executor.py
[2025-06-16T12:02:15.562-0300] {processor.py:179} INFO - Processing /mnt/c/Users/arcan/Documents/airflow/.venv/lib/python3.10/site-packages/airflow/example_dags/example_kubernetes_executor.py took 0.068 seconds
[2025-06-16T12:03:21.432-0300] {processor.py:157} INFO - Started process (PID=56808) to work on /mnt/c/Users/arcan/Documents/airflow/.venv/lib/python3.10/site-packages/airflow/example_dags/example_kubernetes_executor.py
[2025-06-16T12:03:21.434-0300] {processor.py:829} INFO - Processing file /mnt/c/Users/arcan/Documents/airflow/.venv/lib/python3.10/site-packages/airflow/example_dags/example_kubernetes_executor.py for tasks to queue
[2025-06-16T12:03:21.436-0300] {logging_mixin.py:154} INFO - [2025-06-16T12:03:21.435-0300] {dagbag.py:536} INFO - Filling up the DagBag from /mnt/c/Users/arcan/Documents/airflow/.venv/lib/python3.10/site-packages/airflow/example_dags/example_kubernetes_executor.py
[2025-06-16T12:03:21.468-0300] {logging_mixin.py:154} INFO - [2025-06-16T12:03:21.468-0300] {example_kubernetes_executor.py:38} WARNING - The example_kubernetes_executor example DAG requires the kubernetes provider. Please install it with: pip install apache-airflow[cncf.kubernetes]
[2025-06-16T12:03:21.468-0300] {processor.py:841} WARNING - No viable dags retrieved from /mnt/c/Users/arcan/Documents/airflow/.venv/lib/python3.10/site-packages/airflow/example_dags/example_kubernetes_executor.py
[2025-06-16T12:03:21.502-0300] {processor.py:179} INFO - Processing /mnt/c/Users/arcan/Documents/airflow/.venv/lib/python3.10/site-packages/airflow/example_dags/example_kubernetes_executor.py took 0.074 seconds
[2025-06-16T12:04:27.809-0300] {processor.py:157} INFO - Started process (PID=57007) to work on /mnt/c/Users/arcan/Documents/airflow/.venv/lib/python3.10/site-packages/airflow/example_dags/example_kubernetes_executor.py
[2025-06-16T12:04:27.810-0300] {processor.py:829} INFO - Processing file /mnt/c/Users/arcan/Documents/airflow/.venv/lib/python3.10/site-packages/airflow/example_dags/example_kubernetes_executor.py for tasks to queue
[2025-06-16T12:04:27.812-0300] {logging_mixin.py:154} INFO - [2025-06-16T12:04:27.812-0300] {dagbag.py:536} INFO - Filling up the DagBag from /mnt/c/Users/arcan/Documents/airflow/.venv/lib/python3.10/site-packages/airflow/example_dags/example_kubernetes_executor.py
[2025-06-16T12:04:27.846-0300] {logging_mixin.py:154} INFO - [2025-06-16T12:04:27.846-0300] {example_kubernetes_executor.py:38} WARNING - The example_kubernetes_executor example DAG requires the kubernetes provider. Please install it with: pip install apache-airflow[cncf.kubernetes]
[2025-06-16T12:04:27.847-0300] {processor.py:841} WARNING - No viable dags retrieved from /mnt/c/Users/arcan/Documents/airflow/.venv/lib/python3.10/site-packages/airflow/example_dags/example_kubernetes_executor.py
[2025-06-16T12:04:27.873-0300] {processor.py:179} INFO - Processing /mnt/c/Users/arcan/Documents/airflow/.venv/lib/python3.10/site-packages/airflow/example_dags/example_kubernetes_executor.py took 0.069 seconds
