[2025-06-16T10:52:03.096-0300] {processor.py:157} INFO - Started process (PID=43051) to work on /mnt/c/Users/arcan/Documents/airflow/.venv/lib/python3.10/site-packages/airflow/example_dags/example_latest_only.py
[2025-06-16T10:52:03.098-0300] {processor.py:829} INFO - Processing file /mnt/c/Users/arcan/Documents/airflow/.venv/lib/python3.10/site-packages/airflow/example_dags/example_latest_only.py for tasks to queue
[2025-06-16T10:52:03.100-0300] {logging_mixin.py:154} INFO - [2025-06-16T10:52:03.099-0300] {dagbag.py:536} INFO - Filling up the DagBag from /mnt/c/Users/arcan/Documents/airflow/.venv/lib/python3.10/site-packages/airflow/example_dags/example_latest_only.py
[2025-06-16T10:52:03.133-0300] {processor.py:839} INFO - DAG(s) dict_keys(['latest_only']) retrieved from /mnt/c/Users/arcan/Documents/airflow/.venv/lib/python3.10/site-packages/airflow/example_dags/example_latest_only.py
[2025-06-16T10:52:03.183-0300] {logging_mixin.py:154} INFO - [2025-06-16T10:52:03.183-0300] {dag.py:2941} INFO - Sync 1 DAGs
[2025-06-16T10:52:03.214-0300] {logging_mixin.py:154} INFO - [2025-06-16T10:52:03.213-0300] {dag.py:3722} INFO - Setting next_dagrun for latest_only to 2025-06-16T09:52:03.213658+00:00, run_after=2025-06-16T13:52:03.213658+00:00
[2025-06-16T10:52:03.296-0300] {processor.py:179} INFO - Processing /mnt/c/Users/arcan/Documents/airflow/.venv/lib/python3.10/site-packages/airflow/example_dags/example_latest_only.py took 0.204 seconds
[2025-06-16T10:53:07.980-0300] {processor.py:157} INFO - Started process (PID=43238) to work on /mnt/c/Users/arcan/Documents/airflow/.venv/lib/python3.10/site-packages/airflow/example_dags/example_latest_only.py
[2025-06-16T10:53:07.981-0300] {processor.py:829} INFO - Processing file /mnt/c/Users/arcan/Documents/airflow/.venv/lib/python3.10/site-packages/airflow/example_dags/example_latest_only.py for tasks to queue
[2025-06-16T10:53:07.983-0300] {logging_mixin.py:154} INFO - [2025-06-16T10:53:07.982-0300] {dagbag.py:536} INFO - Filling up the DagBag from /mnt/c/Users/arcan/Documents/airflow/.venv/lib/python3.10/site-packages/airflow/example_dags/example_latest_only.py
[2025-06-16T10:53:08.015-0300] {processor.py:839} INFO - DAG(s) dict_keys(['latest_only']) retrieved from /mnt/c/Users/arcan/Documents/airflow/.venv/lib/python3.10/site-packages/airflow/example_dags/example_latest_only.py
[2025-06-16T10:53:08.049-0300] {logging_mixin.py:154} INFO - [2025-06-16T10:53:08.049-0300] {dag.py:2941} INFO - Sync 1 DAGs
[2025-06-16T10:53:08.077-0300] {logging_mixin.py:154} INFO - [2025-06-16T10:53:08.077-0300] {dag.py:3722} INFO - Setting next_dagrun for latest_only to 2025-06-16T09:53:08.077318+00:00, run_after=2025-06-16T13:53:08.077318+00:00
[2025-06-16T10:53:08.158-0300] {processor.py:179} INFO - Processing /mnt/c/Users/arcan/Documents/airflow/.venv/lib/python3.10/site-packages/airflow/example_dags/example_latest_only.py took 0.182 seconds
[2025-06-16T10:54:13.406-0300] {processor.py:157} INFO - Started process (PID=43423) to work on /mnt/c/Users/arcan/Documents/airflow/.venv/lib/python3.10/site-packages/airflow/example_dags/example_latest_only.py
[2025-06-16T10:54:13.407-0300] {processor.py:829} INFO - Processing file /mnt/c/Users/arcan/Documents/airflow/.venv/lib/python3.10/site-packages/airflow/example_dags/example_latest_only.py for tasks to queue
[2025-06-16T10:54:13.409-0300] {logging_mixin.py:154} INFO - [2025-06-16T10:54:13.408-0300] {dagbag.py:536} INFO - Filling up the DagBag from /mnt/c/Users/arcan/Documents/airflow/.venv/lib/python3.10/site-packages/airflow/example_dags/example_latest_only.py
[2025-06-16T10:54:13.441-0300] {processor.py:839} INFO - DAG(s) dict_keys(['latest_only']) retrieved from /mnt/c/Users/arcan/Documents/airflow/.venv/lib/python3.10/site-packages/airflow/example_dags/example_latest_only.py
[2025-06-16T10:54:13.479-0300] {logging_mixin.py:154} INFO - [2025-06-16T10:54:13.479-0300] {dag.py:2941} INFO - Sync 1 DAGs
[2025-06-16T10:54:13.508-0300] {logging_mixin.py:154} INFO - [2025-06-16T10:54:13.508-0300] {dag.py:3722} INFO - Setting next_dagrun for latest_only to 2025-06-16T09:54:13.507786+00:00, run_after=2025-06-16T13:54:13.507786+00:00
[2025-06-16T10:54:13.594-0300] {processor.py:179} INFO - Processing /mnt/c/Users/arcan/Documents/airflow/.venv/lib/python3.10/site-packages/airflow/example_dags/example_latest_only.py took 0.192 seconds
[2025-06-16T10:55:17.596-0300] {processor.py:157} INFO - Started process (PID=43608) to work on /mnt/c/Users/arcan/Documents/airflow/.venv/lib/python3.10/site-packages/airflow/example_dags/example_latest_only.py
[2025-06-16T10:55:17.597-0300] {processor.py:829} INFO - Processing file /mnt/c/Users/arcan/Documents/airflow/.venv/lib/python3.10/site-packages/airflow/example_dags/example_latest_only.py for tasks to queue
[2025-06-16T10:55:17.599-0300] {logging_mixin.py:154} INFO - [2025-06-16T10:55:17.598-0300] {dagbag.py:536} INFO - Filling up the DagBag from /mnt/c/Users/arcan/Documents/airflow/.venv/lib/python3.10/site-packages/airflow/example_dags/example_latest_only.py
[2025-06-16T10:55:17.652-0300] {processor.py:839} INFO - DAG(s) dict_keys(['latest_only']) retrieved from /mnt/c/Users/arcan/Documents/airflow/.venv/lib/python3.10/site-packages/airflow/example_dags/example_latest_only.py
[2025-06-16T10:55:17.694-0300] {logging_mixin.py:154} INFO - [2025-06-16T10:55:17.693-0300] {dag.py:2941} INFO - Sync 1 DAGs
[2025-06-16T10:55:17.728-0300] {logging_mixin.py:154} INFO - [2025-06-16T10:55:17.728-0300] {dag.py:3722} INFO - Setting next_dagrun for latest_only to 2025-06-16T09:55:17.727738+00:00, run_after=2025-06-16T13:55:17.727738+00:00
[2025-06-16T10:55:17.815-0300] {processor.py:179} INFO - Processing /mnt/c/Users/arcan/Documents/airflow/.venv/lib/python3.10/site-packages/airflow/example_dags/example_latest_only.py took 0.223 seconds
[2025-06-16T10:56:18.351-0300] {processor.py:157} INFO - Started process (PID=43780) to work on /mnt/c/Users/arcan/Documents/airflow/.venv/lib/python3.10/site-packages/airflow/example_dags/example_latest_only.py
[2025-06-16T10:56:18.353-0300] {processor.py:829} INFO - Processing file /mnt/c/Users/arcan/Documents/airflow/.venv/lib/python3.10/site-packages/airflow/example_dags/example_latest_only.py for tasks to queue
[2025-06-16T10:56:18.354-0300] {logging_mixin.py:154} INFO - [2025-06-16T10:56:18.354-0300] {dagbag.py:536} INFO - Filling up the DagBag from /mnt/c/Users/arcan/Documents/airflow/.venv/lib/python3.10/site-packages/airflow/example_dags/example_latest_only.py
[2025-06-16T10:56:18.382-0300] {processor.py:839} INFO - DAG(s) dict_keys(['latest_only']) retrieved from /mnt/c/Users/arcan/Documents/airflow/.venv/lib/python3.10/site-packages/airflow/example_dags/example_latest_only.py
[2025-06-16T10:56:18.422-0300] {logging_mixin.py:154} INFO - [2025-06-16T10:56:18.421-0300] {dag.py:2941} INFO - Sync 1 DAGs
[2025-06-16T10:56:18.452-0300] {logging_mixin.py:154} INFO - [2025-06-16T10:56:18.452-0300] {dag.py:3722} INFO - Setting next_dagrun for latest_only to 2025-06-16T09:56:18.451760+00:00, run_after=2025-06-16T13:56:18.451760+00:00
[2025-06-16T10:56:18.535-0300] {processor.py:179} INFO - Processing /mnt/c/Users/arcan/Documents/airflow/.venv/lib/python3.10/site-packages/airflow/example_dags/example_latest_only.py took 0.187 seconds
[2025-06-16T10:57:26.371-0300] {processor.py:157} INFO - Started process (PID=43972) to work on /mnt/c/Users/arcan/Documents/airflow/.venv/lib/python3.10/site-packages/airflow/example_dags/example_latest_only.py
[2025-06-16T10:57:26.374-0300] {processor.py:829} INFO - Processing file /mnt/c/Users/arcan/Documents/airflow/.venv/lib/python3.10/site-packages/airflow/example_dags/example_latest_only.py for tasks to queue
[2025-06-16T10:57:26.376-0300] {logging_mixin.py:154} INFO - [2025-06-16T10:57:26.375-0300] {dagbag.py:536} INFO - Filling up the DagBag from /mnt/c/Users/arcan/Documents/airflow/.venv/lib/python3.10/site-packages/airflow/example_dags/example_latest_only.py
[2025-06-16T10:57:26.408-0300] {processor.py:839} INFO - DAG(s) dict_keys(['latest_only']) retrieved from /mnt/c/Users/arcan/Documents/airflow/.venv/lib/python3.10/site-packages/airflow/example_dags/example_latest_only.py
[2025-06-16T10:57:26.454-0300] {logging_mixin.py:154} INFO - [2025-06-16T10:57:26.454-0300] {dag.py:2941} INFO - Sync 1 DAGs
[2025-06-16T10:57:26.486-0300] {logging_mixin.py:154} INFO - [2025-06-16T10:57:26.485-0300] {dag.py:3722} INFO - Setting next_dagrun for latest_only to 2025-06-16T09:57:26.485719+00:00, run_after=2025-06-16T13:57:26.485719+00:00
[2025-06-16T10:57:26.571-0300] {processor.py:179} INFO - Processing /mnt/c/Users/arcan/Documents/airflow/.venv/lib/python3.10/site-packages/airflow/example_dags/example_latest_only.py took 0.204 seconds
[2025-06-16T10:58:41.150-0300] {processor.py:157} INFO - Started process (PID=44302) to work on /mnt/c/Users/arcan/Documents/airflow/.venv/lib/python3.10/site-packages/airflow/example_dags/example_latest_only.py
[2025-06-16T10:58:41.152-0300] {processor.py:829} INFO - Processing file /mnt/c/Users/arcan/Documents/airflow/.venv/lib/python3.10/site-packages/airflow/example_dags/example_latest_only.py for tasks to queue
[2025-06-16T10:58:41.153-0300] {logging_mixin.py:154} INFO - [2025-06-16T10:58:41.153-0300] {dagbag.py:536} INFO - Filling up the DagBag from /mnt/c/Users/arcan/Documents/airflow/.venv/lib/python3.10/site-packages/airflow/example_dags/example_latest_only.py
[2025-06-16T10:58:41.198-0300] {processor.py:839} INFO - DAG(s) dict_keys(['latest_only']) retrieved from /mnt/c/Users/arcan/Documents/airflow/.venv/lib/python3.10/site-packages/airflow/example_dags/example_latest_only.py
[2025-06-16T10:58:41.247-0300] {logging_mixin.py:154} INFO - [2025-06-16T10:58:41.246-0300] {dag.py:2941} INFO - Sync 1 DAGs
[2025-06-16T10:58:41.276-0300] {logging_mixin.py:154} INFO - [2025-06-16T10:58:41.276-0300] {dag.py:3722} INFO - Setting next_dagrun for latest_only to 2025-06-16T09:58:41.275790+00:00, run_after=2025-06-16T13:58:41.275790+00:00
[2025-06-16T10:58:41.365-0300] {processor.py:179} INFO - Processing /mnt/c/Users/arcan/Documents/airflow/.venv/lib/python3.10/site-packages/airflow/example_dags/example_latest_only.py took 0.220 seconds
[2025-06-16T10:59:49.296-0300] {processor.py:157} INFO - Started process (PID=44502) to work on /mnt/c/Users/arcan/Documents/airflow/.venv/lib/python3.10/site-packages/airflow/example_dags/example_latest_only.py
[2025-06-16T10:59:49.298-0300] {processor.py:829} INFO - Processing file /mnt/c/Users/arcan/Documents/airflow/.venv/lib/python3.10/site-packages/airflow/example_dags/example_latest_only.py for tasks to queue
[2025-06-16T10:59:49.301-0300] {logging_mixin.py:154} INFO - [2025-06-16T10:59:49.299-0300] {dagbag.py:536} INFO - Filling up the DagBag from /mnt/c/Users/arcan/Documents/airflow/.venv/lib/python3.10/site-packages/airflow/example_dags/example_latest_only.py
[2025-06-16T10:59:49.339-0300] {processor.py:839} INFO - DAG(s) dict_keys(['latest_only']) retrieved from /mnt/c/Users/arcan/Documents/airflow/.venv/lib/python3.10/site-packages/airflow/example_dags/example_latest_only.py
[2025-06-16T10:59:49.379-0300] {logging_mixin.py:154} INFO - [2025-06-16T10:59:49.378-0300] {dag.py:2941} INFO - Sync 1 DAGs
[2025-06-16T10:59:49.409-0300] {logging_mixin.py:154} INFO - [2025-06-16T10:59:49.409-0300] {dag.py:3722} INFO - Setting next_dagrun for latest_only to 2025-06-16T09:59:49.409034+00:00, run_after=2025-06-16T13:59:49.409034+00:00
[2025-06-16T10:59:49.510-0300] {processor.py:179} INFO - Processing /mnt/c/Users/arcan/Documents/airflow/.venv/lib/python3.10/site-packages/airflow/example_dags/example_latest_only.py took 0.218 seconds
[2025-06-16T11:01:01.814-0300] {processor.py:157} INFO - Started process (PID=44710) to work on /mnt/c/Users/arcan/Documents/airflow/.venv/lib/python3.10/site-packages/airflow/example_dags/example_latest_only.py
[2025-06-16T11:01:01.817-0300] {processor.py:829} INFO - Processing file /mnt/c/Users/arcan/Documents/airflow/.venv/lib/python3.10/site-packages/airflow/example_dags/example_latest_only.py for tasks to queue
[2025-06-16T11:01:01.819-0300] {logging_mixin.py:154} INFO - [2025-06-16T11:01:01.818-0300] {dagbag.py:536} INFO - Filling up the DagBag from /mnt/c/Users/arcan/Documents/airflow/.venv/lib/python3.10/site-packages/airflow/example_dags/example_latest_only.py
[2025-06-16T11:01:01.860-0300] {processor.py:839} INFO - DAG(s) dict_keys(['latest_only']) retrieved from /mnt/c/Users/arcan/Documents/airflow/.venv/lib/python3.10/site-packages/airflow/example_dags/example_latest_only.py
[2025-06-16T11:01:01.921-0300] {logging_mixin.py:154} INFO - [2025-06-16T11:01:01.920-0300] {dag.py:2941} INFO - Sync 1 DAGs
[2025-06-16T11:01:01.954-0300] {logging_mixin.py:154} INFO - [2025-06-16T11:01:01.953-0300] {dag.py:3722} INFO - Setting next_dagrun for latest_only to 2025-06-16T10:01:01.953522+00:00, run_after=2025-06-16T14:01:01.953522+00:00
[2025-06-16T11:01:02.057-0300] {processor.py:179} INFO - Processing /mnt/c/Users/arcan/Documents/airflow/.venv/lib/python3.10/site-packages/airflow/example_dags/example_latest_only.py took 0.249 seconds
[2025-06-16T11:02:13.128-0300] {processor.py:157} INFO - Started process (PID=44912) to work on /mnt/c/Users/arcan/Documents/airflow/.venv/lib/python3.10/site-packages/airflow/example_dags/example_latest_only.py
[2025-06-16T11:02:13.130-0300] {processor.py:829} INFO - Processing file /mnt/c/Users/arcan/Documents/airflow/.venv/lib/python3.10/site-packages/airflow/example_dags/example_latest_only.py for tasks to queue
[2025-06-16T11:02:13.132-0300] {logging_mixin.py:154} INFO - [2025-06-16T11:02:13.131-0300] {dagbag.py:536} INFO - Filling up the DagBag from /mnt/c/Users/arcan/Documents/airflow/.venv/lib/python3.10/site-packages/airflow/example_dags/example_latest_only.py
[2025-06-16T11:02:13.166-0300] {processor.py:839} INFO - DAG(s) dict_keys(['latest_only']) retrieved from /mnt/c/Users/arcan/Documents/airflow/.venv/lib/python3.10/site-packages/airflow/example_dags/example_latest_only.py
[2025-06-16T11:02:13.206-0300] {logging_mixin.py:154} INFO - [2025-06-16T11:02:13.206-0300] {dag.py:2941} INFO - Sync 1 DAGs
[2025-06-16T11:02:13.234-0300] {logging_mixin.py:154} INFO - [2025-06-16T11:02:13.234-0300] {dag.py:3722} INFO - Setting next_dagrun for latest_only to 2025-06-16T10:02:13.233774+00:00, run_after=2025-06-16T14:02:13.233774+00:00
[2025-06-16T11:02:13.321-0300] {processor.py:179} INFO - Processing /mnt/c/Users/arcan/Documents/airflow/.venv/lib/python3.10/site-packages/airflow/example_dags/example_latest_only.py took 0.198 seconds
[2025-06-16T11:03:10.552-0300] {processor.py:157} INFO - Started process (PID=45084) to work on /mnt/c/Users/arcan/Documents/airflow/.venv/lib/python3.10/site-packages/airflow/example_dags/example_latest_only.py
[2025-06-16T11:03:10.554-0300] {processor.py:829} INFO - Processing file /mnt/c/Users/arcan/Documents/airflow/.venv/lib/python3.10/site-packages/airflow/example_dags/example_latest_only.py for tasks to queue
[2025-06-16T11:03:10.556-0300] {logging_mixin.py:154} INFO - [2025-06-16T11:03:10.556-0300] {dagbag.py:536} INFO - Filling up the DagBag from /mnt/c/Users/arcan/Documents/airflow/.venv/lib/python3.10/site-packages/airflow/example_dags/example_latest_only.py
[2025-06-16T11:03:10.583-0300] {processor.py:839} INFO - DAG(s) dict_keys(['latest_only']) retrieved from /mnt/c/Users/arcan/Documents/airflow/.venv/lib/python3.10/site-packages/airflow/example_dags/example_latest_only.py
[2025-06-16T11:03:10.616-0300] {logging_mixin.py:154} INFO - [2025-06-16T11:03:10.616-0300] {dag.py:2941} INFO - Sync 1 DAGs
[2025-06-16T11:03:10.644-0300] {logging_mixin.py:154} INFO - [2025-06-16T11:03:10.644-0300] {dag.py:3722} INFO - Setting next_dagrun for latest_only to 2025-06-16T10:03:10.644336+00:00, run_after=2025-06-16T14:03:10.644336+00:00
[2025-06-16T11:03:10.719-0300] {processor.py:179} INFO - Processing /mnt/c/Users/arcan/Documents/airflow/.venv/lib/python3.10/site-packages/airflow/example_dags/example_latest_only.py took 0.171 seconds
[2025-06-16T11:04:12.343-0300] {processor.py:157} INFO - Started process (PID=45269) to work on /mnt/c/Users/arcan/Documents/airflow/.venv/lib/python3.10/site-packages/airflow/example_dags/example_latest_only.py
[2025-06-16T11:04:12.345-0300] {processor.py:829} INFO - Processing file /mnt/c/Users/arcan/Documents/airflow/.venv/lib/python3.10/site-packages/airflow/example_dags/example_latest_only.py for tasks to queue
[2025-06-16T11:04:12.347-0300] {logging_mixin.py:154} INFO - [2025-06-16T11:04:12.346-0300] {dagbag.py:536} INFO - Filling up the DagBag from /mnt/c/Users/arcan/Documents/airflow/.venv/lib/python3.10/site-packages/airflow/example_dags/example_latest_only.py
[2025-06-16T11:04:12.384-0300] {processor.py:839} INFO - DAG(s) dict_keys(['latest_only']) retrieved from /mnt/c/Users/arcan/Documents/airflow/.venv/lib/python3.10/site-packages/airflow/example_dags/example_latest_only.py
[2025-06-16T11:04:12.431-0300] {logging_mixin.py:154} INFO - [2025-06-16T11:04:12.430-0300] {dag.py:2941} INFO - Sync 1 DAGs
[2025-06-16T11:04:12.461-0300] {logging_mixin.py:154} INFO - [2025-06-16T11:04:12.461-0300] {dag.py:3722} INFO - Setting next_dagrun for latest_only to 2025-06-16T10:04:12.460863+00:00, run_after=2025-06-16T14:04:12.460863+00:00
[2025-06-16T11:04:12.552-0300] {processor.py:179} INFO - Processing /mnt/c/Users/arcan/Documents/airflow/.venv/lib/python3.10/site-packages/airflow/example_dags/example_latest_only.py took 0.215 seconds
[2025-06-16T11:05:11.550-0300] {processor.py:157} INFO - Started process (PID=45440) to work on /mnt/c/Users/arcan/Documents/airflow/.venv/lib/python3.10/site-packages/airflow/example_dags/example_latest_only.py
[2025-06-16T11:05:11.552-0300] {processor.py:829} INFO - Processing file /mnt/c/Users/arcan/Documents/airflow/.venv/lib/python3.10/site-packages/airflow/example_dags/example_latest_only.py for tasks to queue
[2025-06-16T11:05:11.554-0300] {logging_mixin.py:154} INFO - [2025-06-16T11:05:11.554-0300] {dagbag.py:536} INFO - Filling up the DagBag from /mnt/c/Users/arcan/Documents/airflow/.venv/lib/python3.10/site-packages/airflow/example_dags/example_latest_only.py
[2025-06-16T11:05:11.591-0300] {processor.py:839} INFO - DAG(s) dict_keys(['latest_only']) retrieved from /mnt/c/Users/arcan/Documents/airflow/.venv/lib/python3.10/site-packages/airflow/example_dags/example_latest_only.py
[2025-06-16T11:05:11.636-0300] {logging_mixin.py:154} INFO - [2025-06-16T11:05:11.636-0300] {dag.py:2941} INFO - Sync 1 DAGs
[2025-06-16T11:05:11.672-0300] {logging_mixin.py:154} INFO - [2025-06-16T11:05:11.672-0300] {dag.py:3722} INFO - Setting next_dagrun for latest_only to 2025-06-16T10:05:11.672126+00:00, run_after=2025-06-16T14:05:11.672126+00:00
[2025-06-16T11:05:11.776-0300] {processor.py:179} INFO - Processing /mnt/c/Users/arcan/Documents/airflow/.venv/lib/python3.10/site-packages/airflow/example_dags/example_latest_only.py took 0.229 seconds
[2025-06-16T11:06:20.811-0300] {processor.py:157} INFO - Started process (PID=45764) to work on /mnt/c/Users/arcan/Documents/airflow/.venv/lib/python3.10/site-packages/airflow/example_dags/example_latest_only.py
[2025-06-16T11:06:20.813-0300] {processor.py:829} INFO - Processing file /mnt/c/Users/arcan/Documents/airflow/.venv/lib/python3.10/site-packages/airflow/example_dags/example_latest_only.py for tasks to queue
[2025-06-16T11:06:20.815-0300] {logging_mixin.py:154} INFO - [2025-06-16T11:06:20.814-0300] {dagbag.py:536} INFO - Filling up the DagBag from /mnt/c/Users/arcan/Documents/airflow/.venv/lib/python3.10/site-packages/airflow/example_dags/example_latest_only.py
[2025-06-16T11:06:20.848-0300] {processor.py:839} INFO - DAG(s) dict_keys(['latest_only']) retrieved from /mnt/c/Users/arcan/Documents/airflow/.venv/lib/python3.10/site-packages/airflow/example_dags/example_latest_only.py
[2025-06-16T11:06:20.893-0300] {logging_mixin.py:154} INFO - [2025-06-16T11:06:20.892-0300] {dag.py:2941} INFO - Sync 1 DAGs
[2025-06-16T11:06:20.919-0300] {logging_mixin.py:154} INFO - [2025-06-16T11:06:20.919-0300] {dag.py:3722} INFO - Setting next_dagrun for latest_only to 2025-06-16T10:06:20.919096+00:00, run_after=2025-06-16T14:06:20.919096+00:00
[2025-06-16T11:06:21.010-0300] {processor.py:179} INFO - Processing /mnt/c/Users/arcan/Documents/airflow/.venv/lib/python3.10/site-packages/airflow/example_dags/example_latest_only.py took 0.203 seconds
[2025-06-16T11:07:28.106-0300] {processor.py:157} INFO - Started process (PID=45957) to work on /mnt/c/Users/arcan/Documents/airflow/.venv/lib/python3.10/site-packages/airflow/example_dags/example_latest_only.py
[2025-06-16T11:07:28.108-0300] {processor.py:829} INFO - Processing file /mnt/c/Users/arcan/Documents/airflow/.venv/lib/python3.10/site-packages/airflow/example_dags/example_latest_only.py for tasks to queue
[2025-06-16T11:07:28.110-0300] {logging_mixin.py:154} INFO - [2025-06-16T11:07:28.109-0300] {dagbag.py:536} INFO - Filling up the DagBag from /mnt/c/Users/arcan/Documents/airflow/.venv/lib/python3.10/site-packages/airflow/example_dags/example_latest_only.py
[2025-06-16T11:07:28.141-0300] {processor.py:839} INFO - DAG(s) dict_keys(['latest_only']) retrieved from /mnt/c/Users/arcan/Documents/airflow/.venv/lib/python3.10/site-packages/airflow/example_dags/example_latest_only.py
[2025-06-16T11:07:28.182-0300] {logging_mixin.py:154} INFO - [2025-06-16T11:07:28.182-0300] {dag.py:2941} INFO - Sync 1 DAGs
[2025-06-16T11:07:28.212-0300] {logging_mixin.py:154} INFO - [2025-06-16T11:07:28.212-0300] {dag.py:3722} INFO - Setting next_dagrun for latest_only to 2025-06-16T10:07:28.211969+00:00, run_after=2025-06-16T14:07:28.211969+00:00
[2025-06-16T11:07:28.309-0300] {processor.py:179} INFO - Processing /mnt/c/Users/arcan/Documents/airflow/.venv/lib/python3.10/site-packages/airflow/example_dags/example_latest_only.py took 0.207 seconds
[2025-06-16T11:08:28.090-0300] {processor.py:157} INFO - Started process (PID=46130) to work on /mnt/c/Users/arcan/Documents/airflow/.venv/lib/python3.10/site-packages/airflow/example_dags/example_latest_only.py
[2025-06-16T11:08:28.092-0300] {processor.py:829} INFO - Processing file /mnt/c/Users/arcan/Documents/airflow/.venv/lib/python3.10/site-packages/airflow/example_dags/example_latest_only.py for tasks to queue
[2025-06-16T11:08:28.093-0300] {logging_mixin.py:154} INFO - [2025-06-16T11:08:28.093-0300] {dagbag.py:536} INFO - Filling up the DagBag from /mnt/c/Users/arcan/Documents/airflow/.venv/lib/python3.10/site-packages/airflow/example_dags/example_latest_only.py
[2025-06-16T11:08:28.124-0300] {processor.py:839} INFO - DAG(s) dict_keys(['latest_only']) retrieved from /mnt/c/Users/arcan/Documents/airflow/.venv/lib/python3.10/site-packages/airflow/example_dags/example_latest_only.py
[2025-06-16T11:08:28.161-0300] {logging_mixin.py:154} INFO - [2025-06-16T11:08:28.160-0300] {dag.py:2941} INFO - Sync 1 DAGs
[2025-06-16T11:08:28.190-0300] {logging_mixin.py:154} INFO - [2025-06-16T11:08:28.190-0300] {dag.py:3722} INFO - Setting next_dagrun for latest_only to 2025-06-16T10:08:28.190337+00:00, run_after=2025-06-16T14:08:28.190337+00:00
[2025-06-16T11:08:28.283-0300] {processor.py:179} INFO - Processing /mnt/c/Users/arcan/Documents/airflow/.venv/lib/python3.10/site-packages/airflow/example_dags/example_latest_only.py took 0.197 seconds
[2025-06-16T11:09:30.989-0300] {processor.py:157} INFO - Started process (PID=46316) to work on /mnt/c/Users/arcan/Documents/airflow/.venv/lib/python3.10/site-packages/airflow/example_dags/example_latest_only.py
[2025-06-16T11:09:30.991-0300] {processor.py:829} INFO - Processing file /mnt/c/Users/arcan/Documents/airflow/.venv/lib/python3.10/site-packages/airflow/example_dags/example_latest_only.py for tasks to queue
[2025-06-16T11:09:30.992-0300] {logging_mixin.py:154} INFO - [2025-06-16T11:09:30.992-0300] {dagbag.py:536} INFO - Filling up the DagBag from /mnt/c/Users/arcan/Documents/airflow/.venv/lib/python3.10/site-packages/airflow/example_dags/example_latest_only.py
[2025-06-16T11:09:31.026-0300] {processor.py:839} INFO - DAG(s) dict_keys(['latest_only']) retrieved from /mnt/c/Users/arcan/Documents/airflow/.venv/lib/python3.10/site-packages/airflow/example_dags/example_latest_only.py
[2025-06-16T11:09:31.069-0300] {logging_mixin.py:154} INFO - [2025-06-16T11:09:31.069-0300] {dag.py:2941} INFO - Sync 1 DAGs
[2025-06-16T11:09:31.100-0300] {logging_mixin.py:154} INFO - [2025-06-16T11:09:31.100-0300] {dag.py:3722} INFO - Setting next_dagrun for latest_only to 2025-06-16T10:09:31.100502+00:00, run_after=2025-06-16T14:09:31.100502+00:00
[2025-06-16T11:09:31.196-0300] {processor.py:179} INFO - Processing /mnt/c/Users/arcan/Documents/airflow/.venv/lib/python3.10/site-packages/airflow/example_dags/example_latest_only.py took 0.211 seconds
[2025-06-16T11:10:32.034-0300] {processor.py:157} INFO - Started process (PID=46491) to work on /mnt/c/Users/arcan/Documents/airflow/.venv/lib/python3.10/site-packages/airflow/example_dags/example_latest_only.py
[2025-06-16T11:10:32.036-0300] {processor.py:829} INFO - Processing file /mnt/c/Users/arcan/Documents/airflow/.venv/lib/python3.10/site-packages/airflow/example_dags/example_latest_only.py for tasks to queue
[2025-06-16T11:10:32.037-0300] {logging_mixin.py:154} INFO - [2025-06-16T11:10:32.037-0300] {dagbag.py:536} INFO - Filling up the DagBag from /mnt/c/Users/arcan/Documents/airflow/.venv/lib/python3.10/site-packages/airflow/example_dags/example_latest_only.py
[2025-06-16T11:10:32.073-0300] {processor.py:839} INFO - DAG(s) dict_keys(['latest_only']) retrieved from /mnt/c/Users/arcan/Documents/airflow/.venv/lib/python3.10/site-packages/airflow/example_dags/example_latest_only.py
[2025-06-16T11:10:32.112-0300] {logging_mixin.py:154} INFO - [2025-06-16T11:10:32.111-0300] {dag.py:2941} INFO - Sync 1 DAGs
[2025-06-16T11:10:32.143-0300] {logging_mixin.py:154} INFO - [2025-06-16T11:10:32.143-0300] {dag.py:3722} INFO - Setting next_dagrun for latest_only to 2025-06-16T10:10:32.143127+00:00, run_after=2025-06-16T14:10:32.143127+00:00
[2025-06-16T11:10:32.243-0300] {processor.py:179} INFO - Processing /mnt/c/Users/arcan/Documents/airflow/.venv/lib/python3.10/site-packages/airflow/example_dags/example_latest_only.py took 0.213 seconds
[2025-06-16T11:11:37.439-0300] {processor.py:157} INFO - Started process (PID=46685) to work on /mnt/c/Users/arcan/Documents/airflow/.venv/lib/python3.10/site-packages/airflow/example_dags/example_latest_only.py
[2025-06-16T11:11:37.441-0300] {processor.py:829} INFO - Processing file /mnt/c/Users/arcan/Documents/airflow/.venv/lib/python3.10/site-packages/airflow/example_dags/example_latest_only.py for tasks to queue
[2025-06-16T11:11:37.443-0300] {logging_mixin.py:154} INFO - [2025-06-16T11:11:37.443-0300] {dagbag.py:536} INFO - Filling up the DagBag from /mnt/c/Users/arcan/Documents/airflow/.venv/lib/python3.10/site-packages/airflow/example_dags/example_latest_only.py
[2025-06-16T11:11:37.473-0300] {processor.py:839} INFO - DAG(s) dict_keys(['latest_only']) retrieved from /mnt/c/Users/arcan/Documents/airflow/.venv/lib/python3.10/site-packages/airflow/example_dags/example_latest_only.py
[2025-06-16T11:11:37.514-0300] {logging_mixin.py:154} INFO - [2025-06-16T11:11:37.514-0300] {dag.py:2941} INFO - Sync 1 DAGs
[2025-06-16T11:11:37.544-0300] {logging_mixin.py:154} INFO - [2025-06-16T11:11:37.544-0300] {dag.py:3722} INFO - Setting next_dagrun for latest_only to 2025-06-16T10:11:37.544214+00:00, run_after=2025-06-16T14:11:37.544214+00:00
[2025-06-16T11:11:37.636-0300] {processor.py:179} INFO - Processing /mnt/c/Users/arcan/Documents/airflow/.venv/lib/python3.10/site-packages/airflow/example_dags/example_latest_only.py took 0.201 seconds
[2025-06-16T11:12:44.590-0300] {processor.py:157} INFO - Started process (PID=46875) to work on /mnt/c/Users/arcan/Documents/airflow/.venv/lib/python3.10/site-packages/airflow/example_dags/example_latest_only.py
[2025-06-16T11:12:44.592-0300] {processor.py:829} INFO - Processing file /mnt/c/Users/arcan/Documents/airflow/.venv/lib/python3.10/site-packages/airflow/example_dags/example_latest_only.py for tasks to queue
[2025-06-16T11:12:44.595-0300] {logging_mixin.py:154} INFO - [2025-06-16T11:12:44.594-0300] {dagbag.py:536} INFO - Filling up the DagBag from /mnt/c/Users/arcan/Documents/airflow/.venv/lib/python3.10/site-packages/airflow/example_dags/example_latest_only.py
[2025-06-16T11:12:44.634-0300] {processor.py:839} INFO - DAG(s) dict_keys(['latest_only']) retrieved from /mnt/c/Users/arcan/Documents/airflow/.venv/lib/python3.10/site-packages/airflow/example_dags/example_latest_only.py
[2025-06-16T11:12:44.677-0300] {logging_mixin.py:154} INFO - [2025-06-16T11:12:44.677-0300] {dag.py:2941} INFO - Sync 1 DAGs
[2025-06-16T11:12:44.712-0300] {logging_mixin.py:154} INFO - [2025-06-16T11:12:44.712-0300] {dag.py:3722} INFO - Setting next_dagrun for latest_only to 2025-06-16T10:12:44.711647+00:00, run_after=2025-06-16T14:12:44.711647+00:00
[2025-06-16T11:12:44.802-0300] {processor.py:179} INFO - Processing /mnt/c/Users/arcan/Documents/airflow/.venv/lib/python3.10/site-packages/airflow/example_dags/example_latest_only.py took 0.219 seconds
[2025-06-16T11:13:48.694-0300] {processor.py:157} INFO - Started process (PID=47182) to work on /mnt/c/Users/arcan/Documents/airflow/.venv/lib/python3.10/site-packages/airflow/example_dags/example_latest_only.py
[2025-06-16T11:13:48.696-0300] {processor.py:829} INFO - Processing file /mnt/c/Users/arcan/Documents/airflow/.venv/lib/python3.10/site-packages/airflow/example_dags/example_latest_only.py for tasks to queue
[2025-06-16T11:13:48.698-0300] {logging_mixin.py:154} INFO - [2025-06-16T11:13:48.698-0300] {dagbag.py:536} INFO - Filling up the DagBag from /mnt/c/Users/arcan/Documents/airflow/.venv/lib/python3.10/site-packages/airflow/example_dags/example_latest_only.py
[2025-06-16T11:13:48.728-0300] {processor.py:839} INFO - DAG(s) dict_keys(['latest_only']) retrieved from /mnt/c/Users/arcan/Documents/airflow/.venv/lib/python3.10/site-packages/airflow/example_dags/example_latest_only.py
[2025-06-16T11:13:48.764-0300] {logging_mixin.py:154} INFO - [2025-06-16T11:13:48.763-0300] {dag.py:2941} INFO - Sync 1 DAGs
[2025-06-16T11:13:48.793-0300] {logging_mixin.py:154} INFO - [2025-06-16T11:13:48.793-0300] {dag.py:3722} INFO - Setting next_dagrun for latest_only to 2025-06-16T10:13:48.793139+00:00, run_after=2025-06-16T14:13:48.793139+00:00
[2025-06-16T11:13:48.881-0300] {processor.py:179} INFO - Processing /mnt/c/Users/arcan/Documents/airflow/.venv/lib/python3.10/site-packages/airflow/example_dags/example_latest_only.py took 0.190 seconds
[2025-06-16T11:14:52.858-0300] {processor.py:157} INFO - Started process (PID=47366) to work on /mnt/c/Users/arcan/Documents/airflow/.venv/lib/python3.10/site-packages/airflow/example_dags/example_latest_only.py
[2025-06-16T11:14:52.860-0300] {processor.py:829} INFO - Processing file /mnt/c/Users/arcan/Documents/airflow/.venv/lib/python3.10/site-packages/airflow/example_dags/example_latest_only.py for tasks to queue
[2025-06-16T11:14:52.862-0300] {logging_mixin.py:154} INFO - [2025-06-16T11:14:52.861-0300] {dagbag.py:536} INFO - Filling up the DagBag from /mnt/c/Users/arcan/Documents/airflow/.venv/lib/python3.10/site-packages/airflow/example_dags/example_latest_only.py
[2025-06-16T11:14:52.892-0300] {processor.py:839} INFO - DAG(s) dict_keys(['latest_only']) retrieved from /mnt/c/Users/arcan/Documents/airflow/.venv/lib/python3.10/site-packages/airflow/example_dags/example_latest_only.py
[2025-06-16T11:14:52.934-0300] {logging_mixin.py:154} INFO - [2025-06-16T11:14:52.934-0300] {dag.py:2941} INFO - Sync 1 DAGs
[2025-06-16T11:14:52.968-0300] {logging_mixin.py:154} INFO - [2025-06-16T11:14:52.968-0300] {dag.py:3722} INFO - Setting next_dagrun for latest_only to 2025-06-16T10:14:52.967592+00:00, run_after=2025-06-16T14:14:52.967592+00:00
[2025-06-16T11:14:53.060-0300] {processor.py:179} INFO - Processing /mnt/c/Users/arcan/Documents/airflow/.venv/lib/python3.10/site-packages/airflow/example_dags/example_latest_only.py took 0.206 seconds
[2025-06-16T11:15:53.681-0300] {processor.py:157} INFO - Started process (PID=47542) to work on /mnt/c/Users/arcan/Documents/airflow/.venv/lib/python3.10/site-packages/airflow/example_dags/example_latest_only.py
[2025-06-16T11:15:53.682-0300] {processor.py:829} INFO - Processing file /mnt/c/Users/arcan/Documents/airflow/.venv/lib/python3.10/site-packages/airflow/example_dags/example_latest_only.py for tasks to queue
[2025-06-16T11:15:53.684-0300] {logging_mixin.py:154} INFO - [2025-06-16T11:15:53.683-0300] {dagbag.py:536} INFO - Filling up the DagBag from /mnt/c/Users/arcan/Documents/airflow/.venv/lib/python3.10/site-packages/airflow/example_dags/example_latest_only.py
[2025-06-16T11:15:53.720-0300] {processor.py:839} INFO - DAG(s) dict_keys(['latest_only']) retrieved from /mnt/c/Users/arcan/Documents/airflow/.venv/lib/python3.10/site-packages/airflow/example_dags/example_latest_only.py
[2025-06-16T11:15:53.761-0300] {logging_mixin.py:154} INFO - [2025-06-16T11:15:53.760-0300] {dag.py:2941} INFO - Sync 1 DAGs
[2025-06-16T11:15:53.790-0300] {logging_mixin.py:154} INFO - [2025-06-16T11:15:53.790-0300] {dag.py:3722} INFO - Setting next_dagrun for latest_only to 2025-06-16T10:15:53.789784+00:00, run_after=2025-06-16T14:15:53.789784+00:00
[2025-06-16T11:15:53.881-0300] {processor.py:179} INFO - Processing /mnt/c/Users/arcan/Documents/airflow/.venv/lib/python3.10/site-packages/airflow/example_dags/example_latest_only.py took 0.204 seconds
[2025-06-16T11:17:01.526-0300] {processor.py:157} INFO - Started process (PID=47743) to work on /mnt/c/Users/arcan/Documents/airflow/.venv/lib/python3.10/site-packages/airflow/example_dags/example_latest_only.py
[2025-06-16T11:17:01.529-0300] {processor.py:829} INFO - Processing file /mnt/c/Users/arcan/Documents/airflow/.venv/lib/python3.10/site-packages/airflow/example_dags/example_latest_only.py for tasks to queue
[2025-06-16T11:17:01.531-0300] {logging_mixin.py:154} INFO - [2025-06-16T11:17:01.530-0300] {dagbag.py:536} INFO - Filling up the DagBag from /mnt/c/Users/arcan/Documents/airflow/.venv/lib/python3.10/site-packages/airflow/example_dags/example_latest_only.py
[2025-06-16T11:17:01.568-0300] {processor.py:839} INFO - DAG(s) dict_keys(['latest_only']) retrieved from /mnt/c/Users/arcan/Documents/airflow/.venv/lib/python3.10/site-packages/airflow/example_dags/example_latest_only.py
[2025-06-16T11:17:01.617-0300] {logging_mixin.py:154} INFO - [2025-06-16T11:17:01.617-0300] {dag.py:2941} INFO - Sync 1 DAGs
[2025-06-16T11:17:01.652-0300] {logging_mixin.py:154} INFO - [2025-06-16T11:17:01.652-0300] {dag.py:3722} INFO - Setting next_dagrun for latest_only to 2025-06-16T10:17:01.651541+00:00, run_after=2025-06-16T14:17:01.651541+00:00
[2025-06-16T11:17:01.746-0300] {processor.py:179} INFO - Processing /mnt/c/Users/arcan/Documents/airflow/.venv/lib/python3.10/site-packages/airflow/example_dags/example_latest_only.py took 0.225 seconds
[2025-06-16T11:18:04.272-0300] {processor.py:157} INFO - Started process (PID=47932) to work on /mnt/c/Users/arcan/Documents/airflow/.venv/lib/python3.10/site-packages/airflow/example_dags/example_latest_only.py
[2025-06-16T11:18:04.274-0300] {processor.py:829} INFO - Processing file /mnt/c/Users/arcan/Documents/airflow/.venv/lib/python3.10/site-packages/airflow/example_dags/example_latest_only.py for tasks to queue
[2025-06-16T11:18:04.276-0300] {logging_mixin.py:154} INFO - [2025-06-16T11:18:04.275-0300] {dagbag.py:536} INFO - Filling up the DagBag from /mnt/c/Users/arcan/Documents/airflow/.venv/lib/python3.10/site-packages/airflow/example_dags/example_latest_only.py
[2025-06-16T11:18:04.304-0300] {processor.py:839} INFO - DAG(s) dict_keys(['latest_only']) retrieved from /mnt/c/Users/arcan/Documents/airflow/.venv/lib/python3.10/site-packages/airflow/example_dags/example_latest_only.py
[2025-06-16T11:18:04.343-0300] {logging_mixin.py:154} INFO - [2025-06-16T11:18:04.343-0300] {dag.py:2941} INFO - Sync 1 DAGs
[2025-06-16T11:18:04.373-0300] {logging_mixin.py:154} INFO - [2025-06-16T11:18:04.373-0300] {dag.py:3722} INFO - Setting next_dagrun for latest_only to 2025-06-16T10:18:04.373269+00:00, run_after=2025-06-16T14:18:04.373269+00:00
[2025-06-16T11:18:04.467-0300] {processor.py:179} INFO - Processing /mnt/c/Users/arcan/Documents/airflow/.venv/lib/python3.10/site-packages/airflow/example_dags/example_latest_only.py took 0.199 seconds
[2025-06-16T11:19:09.458-0300] {processor.py:157} INFO - Started process (PID=48119) to work on /mnt/c/Users/arcan/Documents/airflow/.venv/lib/python3.10/site-packages/airflow/example_dags/example_latest_only.py
[2025-06-16T11:19:09.461-0300] {processor.py:829} INFO - Processing file /mnt/c/Users/arcan/Documents/airflow/.venv/lib/python3.10/site-packages/airflow/example_dags/example_latest_only.py for tasks to queue
[2025-06-16T11:19:09.463-0300] {logging_mixin.py:154} INFO - [2025-06-16T11:19:09.462-0300] {dagbag.py:536} INFO - Filling up the DagBag from /mnt/c/Users/arcan/Documents/airflow/.venv/lib/python3.10/site-packages/airflow/example_dags/example_latest_only.py
[2025-06-16T11:19:09.497-0300] {processor.py:839} INFO - DAG(s) dict_keys(['latest_only']) retrieved from /mnt/c/Users/arcan/Documents/airflow/.venv/lib/python3.10/site-packages/airflow/example_dags/example_latest_only.py
[2025-06-16T11:19:09.539-0300] {logging_mixin.py:154} INFO - [2025-06-16T11:19:09.539-0300] {dag.py:2941} INFO - Sync 1 DAGs
[2025-06-16T11:19:09.567-0300] {logging_mixin.py:154} INFO - [2025-06-16T11:19:09.567-0300] {dag.py:3722} INFO - Setting next_dagrun for latest_only to 2025-06-16T10:19:09.567204+00:00, run_after=2025-06-16T14:19:09.567204+00:00
[2025-06-16T11:19:09.660-0300] {processor.py:179} INFO - Processing /mnt/c/Users/arcan/Documents/airflow/.venv/lib/python3.10/site-packages/airflow/example_dags/example_latest_only.py took 0.206 seconds
[2025-06-16T11:20:11.583-0300] {processor.py:157} INFO - Started process (PID=48421) to work on /mnt/c/Users/arcan/Documents/airflow/.venv/lib/python3.10/site-packages/airflow/example_dags/example_latest_only.py
[2025-06-16T11:20:11.584-0300] {processor.py:829} INFO - Processing file /mnt/c/Users/arcan/Documents/airflow/.venv/lib/python3.10/site-packages/airflow/example_dags/example_latest_only.py for tasks to queue
[2025-06-16T11:20:11.586-0300] {logging_mixin.py:154} INFO - [2025-06-16T11:20:11.585-0300] {dagbag.py:536} INFO - Filling up the DagBag from /mnt/c/Users/arcan/Documents/airflow/.venv/lib/python3.10/site-packages/airflow/example_dags/example_latest_only.py
[2025-06-16T11:20:11.621-0300] {processor.py:839} INFO - DAG(s) dict_keys(['latest_only']) retrieved from /mnt/c/Users/arcan/Documents/airflow/.venv/lib/python3.10/site-packages/airflow/example_dags/example_latest_only.py
[2025-06-16T11:20:11.662-0300] {logging_mixin.py:154} INFO - [2025-06-16T11:20:11.661-0300] {dag.py:2941} INFO - Sync 1 DAGs
[2025-06-16T11:20:11.691-0300] {logging_mixin.py:154} INFO - [2025-06-16T11:20:11.691-0300] {dag.py:3722} INFO - Setting next_dagrun for latest_only to 2025-06-16T10:20:11.691432+00:00, run_after=2025-06-16T14:20:11.691432+00:00
[2025-06-16T11:20:11.784-0300] {processor.py:179} INFO - Processing /mnt/c/Users/arcan/Documents/airflow/.venv/lib/python3.10/site-packages/airflow/example_dags/example_latest_only.py took 0.205 seconds
[2025-06-16T11:21:09.548-0300] {processor.py:157} INFO - Started process (PID=48591) to work on /mnt/c/Users/arcan/Documents/airflow/.venv/lib/python3.10/site-packages/airflow/example_dags/example_latest_only.py
[2025-06-16T11:21:09.549-0300] {processor.py:829} INFO - Processing file /mnt/c/Users/arcan/Documents/airflow/.venv/lib/python3.10/site-packages/airflow/example_dags/example_latest_only.py for tasks to queue
[2025-06-16T11:21:09.552-0300] {logging_mixin.py:154} INFO - [2025-06-16T11:21:09.551-0300] {dagbag.py:536} INFO - Filling up the DagBag from /mnt/c/Users/arcan/Documents/airflow/.venv/lib/python3.10/site-packages/airflow/example_dags/example_latest_only.py
[2025-06-16T11:21:09.587-0300] {processor.py:839} INFO - DAG(s) dict_keys(['latest_only']) retrieved from /mnt/c/Users/arcan/Documents/airflow/.venv/lib/python3.10/site-packages/airflow/example_dags/example_latest_only.py
[2025-06-16T11:21:09.628-0300] {logging_mixin.py:154} INFO - [2025-06-16T11:21:09.627-0300] {dag.py:2941} INFO - Sync 1 DAGs
[2025-06-16T11:21:09.657-0300] {logging_mixin.py:154} INFO - [2025-06-16T11:21:09.657-0300] {dag.py:3722} INFO - Setting next_dagrun for latest_only to 2025-06-16T10:21:09.656875+00:00, run_after=2025-06-16T14:21:09.656875+00:00
[2025-06-16T11:21:09.754-0300] {processor.py:179} INFO - Processing /mnt/c/Users/arcan/Documents/airflow/.venv/lib/python3.10/site-packages/airflow/example_dags/example_latest_only.py took 0.210 seconds
[2025-06-16T11:22:19.421-0300] {processor.py:157} INFO - Started process (PID=48792) to work on /mnt/c/Users/arcan/Documents/airflow/.venv/lib/python3.10/site-packages/airflow/example_dags/example_latest_only.py
[2025-06-16T11:22:19.423-0300] {processor.py:829} INFO - Processing file /mnt/c/Users/arcan/Documents/airflow/.venv/lib/python3.10/site-packages/airflow/example_dags/example_latest_only.py for tasks to queue
[2025-06-16T11:22:19.425-0300] {logging_mixin.py:154} INFO - [2025-06-16T11:22:19.424-0300] {dagbag.py:536} INFO - Filling up the DagBag from /mnt/c/Users/arcan/Documents/airflow/.venv/lib/python3.10/site-packages/airflow/example_dags/example_latest_only.py
[2025-06-16T11:22:19.462-0300] {processor.py:839} INFO - DAG(s) dict_keys(['latest_only']) retrieved from /mnt/c/Users/arcan/Documents/airflow/.venv/lib/python3.10/site-packages/airflow/example_dags/example_latest_only.py
[2025-06-16T11:22:19.500-0300] {logging_mixin.py:154} INFO - [2025-06-16T11:22:19.499-0300] {dag.py:2941} INFO - Sync 1 DAGs
[2025-06-16T11:22:19.529-0300] {logging_mixin.py:154} INFO - [2025-06-16T11:22:19.529-0300] {dag.py:3722} INFO - Setting next_dagrun for latest_only to 2025-06-16T10:22:19.529281+00:00, run_after=2025-06-16T14:22:19.529281+00:00
[2025-06-16T11:22:19.620-0300] {processor.py:179} INFO - Processing /mnt/c/Users/arcan/Documents/airflow/.venv/lib/python3.10/site-packages/airflow/example_dags/example_latest_only.py took 0.203 seconds
[2025-06-16T11:23:19.020-0300] {processor.py:157} INFO - Started process (PID=48967) to work on /mnt/c/Users/arcan/Documents/airflow/.venv/lib/python3.10/site-packages/airflow/example_dags/example_latest_only.py
[2025-06-16T11:23:19.022-0300] {processor.py:829} INFO - Processing file /mnt/c/Users/arcan/Documents/airflow/.venv/lib/python3.10/site-packages/airflow/example_dags/example_latest_only.py for tasks to queue
[2025-06-16T11:23:19.024-0300] {logging_mixin.py:154} INFO - [2025-06-16T11:23:19.023-0300] {dagbag.py:536} INFO - Filling up the DagBag from /mnt/c/Users/arcan/Documents/airflow/.venv/lib/python3.10/site-packages/airflow/example_dags/example_latest_only.py
[2025-06-16T11:23:19.057-0300] {processor.py:839} INFO - DAG(s) dict_keys(['latest_only']) retrieved from /mnt/c/Users/arcan/Documents/airflow/.venv/lib/python3.10/site-packages/airflow/example_dags/example_latest_only.py
[2025-06-16T11:23:19.093-0300] {logging_mixin.py:154} INFO - [2025-06-16T11:23:19.093-0300] {dag.py:2941} INFO - Sync 1 DAGs
[2025-06-16T11:23:19.121-0300] {logging_mixin.py:154} INFO - [2025-06-16T11:23:19.121-0300] {dag.py:3722} INFO - Setting next_dagrun for latest_only to 2025-06-16T10:23:19.120899+00:00, run_after=2025-06-16T14:23:19.120899+00:00
[2025-06-16T11:23:19.213-0300] {processor.py:179} INFO - Processing /mnt/c/Users/arcan/Documents/airflow/.venv/lib/python3.10/site-packages/airflow/example_dags/example_latest_only.py took 0.197 seconds
[2025-06-16T11:24:20.432-0300] {processor.py:157} INFO - Started process (PID=49149) to work on /mnt/c/Users/arcan/Documents/airflow/.venv/lib/python3.10/site-packages/airflow/example_dags/example_latest_only.py
[2025-06-16T11:24:20.434-0300] {processor.py:829} INFO - Processing file /mnt/c/Users/arcan/Documents/airflow/.venv/lib/python3.10/site-packages/airflow/example_dags/example_latest_only.py for tasks to queue
[2025-06-16T11:24:20.435-0300] {logging_mixin.py:154} INFO - [2025-06-16T11:24:20.435-0300] {dagbag.py:536} INFO - Filling up the DagBag from /mnt/c/Users/arcan/Documents/airflow/.venv/lib/python3.10/site-packages/airflow/example_dags/example_latest_only.py
[2025-06-16T11:24:20.465-0300] {processor.py:839} INFO - DAG(s) dict_keys(['latest_only']) retrieved from /mnt/c/Users/arcan/Documents/airflow/.venv/lib/python3.10/site-packages/airflow/example_dags/example_latest_only.py
[2025-06-16T11:24:20.509-0300] {logging_mixin.py:154} INFO - [2025-06-16T11:24:20.509-0300] {dag.py:2941} INFO - Sync 1 DAGs
[2025-06-16T11:24:20.544-0300] {logging_mixin.py:154} INFO - [2025-06-16T11:24:20.543-0300] {dag.py:3722} INFO - Setting next_dagrun for latest_only to 2025-06-16T10:24:20.543289+00:00, run_after=2025-06-16T14:24:20.543289+00:00
[2025-06-16T11:24:20.635-0300] {processor.py:179} INFO - Processing /mnt/c/Users/arcan/Documents/airflow/.venv/lib/python3.10/site-packages/airflow/example_dags/example_latest_only.py took 0.206 seconds
[2025-06-16T11:25:22.760-0300] {processor.py:157} INFO - Started process (PID=49333) to work on /mnt/c/Users/arcan/Documents/airflow/.venv/lib/python3.10/site-packages/airflow/example_dags/example_latest_only.py
[2025-06-16T11:25:22.763-0300] {processor.py:829} INFO - Processing file /mnt/c/Users/arcan/Documents/airflow/.venv/lib/python3.10/site-packages/airflow/example_dags/example_latest_only.py for tasks to queue
[2025-06-16T11:25:22.765-0300] {logging_mixin.py:154} INFO - [2025-06-16T11:25:22.764-0300] {dagbag.py:536} INFO - Filling up the DagBag from /mnt/c/Users/arcan/Documents/airflow/.venv/lib/python3.10/site-packages/airflow/example_dags/example_latest_only.py
[2025-06-16T11:25:22.799-0300] {processor.py:839} INFO - DAG(s) dict_keys(['latest_only']) retrieved from /mnt/c/Users/arcan/Documents/airflow/.venv/lib/python3.10/site-packages/airflow/example_dags/example_latest_only.py
[2025-06-16T11:25:22.844-0300] {logging_mixin.py:154} INFO - [2025-06-16T11:25:22.843-0300] {dag.py:2941} INFO - Sync 1 DAGs
[2025-06-16T11:25:22.878-0300] {logging_mixin.py:154} INFO - [2025-06-16T11:25:22.878-0300] {dag.py:3722} INFO - Setting next_dagrun for latest_only to 2025-06-16T10:25:22.877878+00:00, run_after=2025-06-16T14:25:22.877878+00:00
[2025-06-16T11:25:22.978-0300] {processor.py:179} INFO - Processing /mnt/c/Users/arcan/Documents/airflow/.venv/lib/python3.10/site-packages/airflow/example_dags/example_latest_only.py took 0.223 seconds
[2025-06-16T11:26:27.027-0300] {processor.py:157} INFO - Started process (PID=49516) to work on /mnt/c/Users/arcan/Documents/airflow/.venv/lib/python3.10/site-packages/airflow/example_dags/example_latest_only.py
[2025-06-16T11:26:27.029-0300] {processor.py:829} INFO - Processing file /mnt/c/Users/arcan/Documents/airflow/.venv/lib/python3.10/site-packages/airflow/example_dags/example_latest_only.py for tasks to queue
[2025-06-16T11:26:27.031-0300] {logging_mixin.py:154} INFO - [2025-06-16T11:26:27.030-0300] {dagbag.py:536} INFO - Filling up the DagBag from /mnt/c/Users/arcan/Documents/airflow/.venv/lib/python3.10/site-packages/airflow/example_dags/example_latest_only.py
[2025-06-16T11:26:27.061-0300] {processor.py:839} INFO - DAG(s) dict_keys(['latest_only']) retrieved from /mnt/c/Users/arcan/Documents/airflow/.venv/lib/python3.10/site-packages/airflow/example_dags/example_latest_only.py
[2025-06-16T11:26:27.100-0300] {logging_mixin.py:154} INFO - [2025-06-16T11:26:27.100-0300] {dag.py:2941} INFO - Sync 1 DAGs
[2025-06-16T11:26:27.128-0300] {logging_mixin.py:154} INFO - [2025-06-16T11:26:27.128-0300] {dag.py:3722} INFO - Setting next_dagrun for latest_only to 2025-06-16T10:26:27.127915+00:00, run_after=2025-06-16T14:26:27.127915+00:00
[2025-06-16T11:26:27.218-0300] {processor.py:179} INFO - Processing /mnt/c/Users/arcan/Documents/airflow/.venv/lib/python3.10/site-packages/airflow/example_dags/example_latest_only.py took 0.195 seconds
[2025-06-16T11:27:31.422-0300] {processor.py:157} INFO - Started process (PID=49827) to work on /mnt/c/Users/arcan/Documents/airflow/.venv/lib/python3.10/site-packages/airflow/example_dags/example_latest_only.py
[2025-06-16T11:27:31.423-0300] {processor.py:829} INFO - Processing file /mnt/c/Users/arcan/Documents/airflow/.venv/lib/python3.10/site-packages/airflow/example_dags/example_latest_only.py for tasks to queue
[2025-06-16T11:27:31.425-0300] {logging_mixin.py:154} INFO - [2025-06-16T11:27:31.424-0300] {dagbag.py:536} INFO - Filling up the DagBag from /mnt/c/Users/arcan/Documents/airflow/.venv/lib/python3.10/site-packages/airflow/example_dags/example_latest_only.py
[2025-06-16T11:27:31.458-0300] {processor.py:839} INFO - DAG(s) dict_keys(['latest_only']) retrieved from /mnt/c/Users/arcan/Documents/airflow/.venv/lib/python3.10/site-packages/airflow/example_dags/example_latest_only.py
[2025-06-16T11:27:31.500-0300] {logging_mixin.py:154} INFO - [2025-06-16T11:27:31.500-0300] {dag.py:2941} INFO - Sync 1 DAGs
[2025-06-16T11:27:31.531-0300] {logging_mixin.py:154} INFO - [2025-06-16T11:27:31.531-0300] {dag.py:3722} INFO - Setting next_dagrun for latest_only to 2025-06-16T10:27:31.531169+00:00, run_after=2025-06-16T14:27:31.531169+00:00
[2025-06-16T11:27:31.616-0300] {processor.py:179} INFO - Processing /mnt/c/Users/arcan/Documents/airflow/.venv/lib/python3.10/site-packages/airflow/example_dags/example_latest_only.py took 0.198 seconds
[2025-06-16T11:28:35.774-0300] {processor.py:157} INFO - Started process (PID=50020) to work on /mnt/c/Users/arcan/Documents/airflow/.venv/lib/python3.10/site-packages/airflow/example_dags/example_latest_only.py
[2025-06-16T11:28:35.776-0300] {processor.py:829} INFO - Processing file /mnt/c/Users/arcan/Documents/airflow/.venv/lib/python3.10/site-packages/airflow/example_dags/example_latest_only.py for tasks to queue
[2025-06-16T11:28:35.778-0300] {logging_mixin.py:154} INFO - [2025-06-16T11:28:35.777-0300] {dagbag.py:536} INFO - Filling up the DagBag from /mnt/c/Users/arcan/Documents/airflow/.venv/lib/python3.10/site-packages/airflow/example_dags/example_latest_only.py
[2025-06-16T11:28:35.812-0300] {processor.py:839} INFO - DAG(s) dict_keys(['latest_only']) retrieved from /mnt/c/Users/arcan/Documents/airflow/.venv/lib/python3.10/site-packages/airflow/example_dags/example_latest_only.py
[2025-06-16T11:28:35.859-0300] {logging_mixin.py:154} INFO - [2025-06-16T11:28:35.858-0300] {dag.py:2941} INFO - Sync 1 DAGs
[2025-06-16T11:28:35.893-0300] {logging_mixin.py:154} INFO - [2025-06-16T11:28:35.893-0300] {dag.py:3722} INFO - Setting next_dagrun for latest_only to 2025-06-16T10:28:35.893078+00:00, run_after=2025-06-16T14:28:35.893078+00:00
[2025-06-16T11:28:35.997-0300] {processor.py:179} INFO - Processing /mnt/c/Users/arcan/Documents/airflow/.venv/lib/python3.10/site-packages/airflow/example_dags/example_latest_only.py took 0.227 seconds
[2025-06-16T11:29:43.108-0300] {processor.py:157} INFO - Started process (PID=50213) to work on /mnt/c/Users/arcan/Documents/airflow/.venv/lib/python3.10/site-packages/airflow/example_dags/example_latest_only.py
[2025-06-16T11:29:43.109-0300] {processor.py:829} INFO - Processing file /mnt/c/Users/arcan/Documents/airflow/.venv/lib/python3.10/site-packages/airflow/example_dags/example_latest_only.py for tasks to queue
[2025-06-16T11:29:43.111-0300] {logging_mixin.py:154} INFO - [2025-06-16T11:29:43.110-0300] {dagbag.py:536} INFO - Filling up the DagBag from /mnt/c/Users/arcan/Documents/airflow/.venv/lib/python3.10/site-packages/airflow/example_dags/example_latest_only.py
[2025-06-16T11:29:43.144-0300] {processor.py:839} INFO - DAG(s) dict_keys(['latest_only']) retrieved from /mnt/c/Users/arcan/Documents/airflow/.venv/lib/python3.10/site-packages/airflow/example_dags/example_latest_only.py
[2025-06-16T11:29:43.180-0300] {logging_mixin.py:154} INFO - [2025-06-16T11:29:43.180-0300] {dag.py:2941} INFO - Sync 1 DAGs
[2025-06-16T11:29:43.210-0300] {logging_mixin.py:154} INFO - [2025-06-16T11:29:43.210-0300] {dag.py:3722} INFO - Setting next_dagrun for latest_only to 2025-06-16T10:29:43.209890+00:00, run_after=2025-06-16T14:29:43.209890+00:00
[2025-06-16T11:29:43.302-0300] {processor.py:179} INFO - Processing /mnt/c/Users/arcan/Documents/airflow/.venv/lib/python3.10/site-packages/airflow/example_dags/example_latest_only.py took 0.198 seconds
[2025-06-16T11:30:45.759-0300] {processor.py:157} INFO - Started process (PID=50397) to work on /mnt/c/Users/arcan/Documents/airflow/.venv/lib/python3.10/site-packages/airflow/example_dags/example_latest_only.py
[2025-06-16T11:30:45.761-0300] {processor.py:829} INFO - Processing file /mnt/c/Users/arcan/Documents/airflow/.venv/lib/python3.10/site-packages/airflow/example_dags/example_latest_only.py for tasks to queue
[2025-06-16T11:30:45.763-0300] {logging_mixin.py:154} INFO - [2025-06-16T11:30:45.762-0300] {dagbag.py:536} INFO - Filling up the DagBag from /mnt/c/Users/arcan/Documents/airflow/.venv/lib/python3.10/site-packages/airflow/example_dags/example_latest_only.py
[2025-06-16T11:30:45.797-0300] {processor.py:839} INFO - DAG(s) dict_keys(['latest_only']) retrieved from /mnt/c/Users/arcan/Documents/airflow/.venv/lib/python3.10/site-packages/airflow/example_dags/example_latest_only.py
[2025-06-16T11:30:45.840-0300] {logging_mixin.py:154} INFO - [2025-06-16T11:30:45.839-0300] {dag.py:2941} INFO - Sync 1 DAGs
[2025-06-16T11:30:45.867-0300] {logging_mixin.py:154} INFO - [2025-06-16T11:30:45.867-0300] {dag.py:3722} INFO - Setting next_dagrun for latest_only to 2025-06-16T10:30:45.867134+00:00, run_after=2025-06-16T14:30:45.867134+00:00
[2025-06-16T11:30:45.966-0300] {processor.py:179} INFO - Processing /mnt/c/Users/arcan/Documents/airflow/.venv/lib/python3.10/site-packages/airflow/example_dags/example_latest_only.py took 0.211 seconds
[2025-06-16T11:31:57.166-0300] {processor.py:157} INFO - Started process (PID=50602) to work on /mnt/c/Users/arcan/Documents/airflow/.venv/lib/python3.10/site-packages/airflow/example_dags/example_latest_only.py
[2025-06-16T11:31:57.167-0300] {processor.py:829} INFO - Processing file /mnt/c/Users/arcan/Documents/airflow/.venv/lib/python3.10/site-packages/airflow/example_dags/example_latest_only.py for tasks to queue
[2025-06-16T11:31:57.169-0300] {logging_mixin.py:154} INFO - [2025-06-16T11:31:57.169-0300] {dagbag.py:536} INFO - Filling up the DagBag from /mnt/c/Users/arcan/Documents/airflow/.venv/lib/python3.10/site-packages/airflow/example_dags/example_latest_only.py
[2025-06-16T11:31:57.205-0300] {processor.py:839} INFO - DAG(s) dict_keys(['latest_only']) retrieved from /mnt/c/Users/arcan/Documents/airflow/.venv/lib/python3.10/site-packages/airflow/example_dags/example_latest_only.py
[2025-06-16T11:31:57.248-0300] {logging_mixin.py:154} INFO - [2025-06-16T11:31:57.248-0300] {dag.py:2941} INFO - Sync 1 DAGs
[2025-06-16T11:31:57.278-0300] {logging_mixin.py:154} INFO - [2025-06-16T11:31:57.277-0300] {dag.py:3722} INFO - Setting next_dagrun for latest_only to 2025-06-16T10:31:57.277261+00:00, run_after=2025-06-16T14:31:57.277261+00:00
[2025-06-16T11:31:57.368-0300] {processor.py:179} INFO - Processing /mnt/c/Users/arcan/Documents/airflow/.venv/lib/python3.10/site-packages/airflow/example_dags/example_latest_only.py took 0.206 seconds
[2025-06-16T11:33:05.922-0300] {processor.py:157} INFO - Started process (PID=50807) to work on /mnt/c/Users/arcan/Documents/airflow/.venv/lib/python3.10/site-packages/airflow/example_dags/example_latest_only.py
[2025-06-16T11:33:05.924-0300] {processor.py:829} INFO - Processing file /mnt/c/Users/arcan/Documents/airflow/.venv/lib/python3.10/site-packages/airflow/example_dags/example_latest_only.py for tasks to queue
[2025-06-16T11:33:05.926-0300] {logging_mixin.py:154} INFO - [2025-06-16T11:33:05.926-0300] {dagbag.py:536} INFO - Filling up the DagBag from /mnt/c/Users/arcan/Documents/airflow/.venv/lib/python3.10/site-packages/airflow/example_dags/example_latest_only.py
[2025-06-16T11:33:05.963-0300] {processor.py:839} INFO - DAG(s) dict_keys(['latest_only']) retrieved from /mnt/c/Users/arcan/Documents/airflow/.venv/lib/python3.10/site-packages/airflow/example_dags/example_latest_only.py
[2025-06-16T11:33:06.003-0300] {logging_mixin.py:154} INFO - [2025-06-16T11:33:06.003-0300] {dag.py:2941} INFO - Sync 1 DAGs
[2025-06-16T11:33:06.035-0300] {logging_mixin.py:154} INFO - [2025-06-16T11:33:06.035-0300] {dag.py:3722} INFO - Setting next_dagrun for latest_only to 2025-06-16T10:33:06.034784+00:00, run_after=2025-06-16T14:33:06.034784+00:00
[2025-06-16T11:33:06.126-0300] {processor.py:179} INFO - Processing /mnt/c/Users/arcan/Documents/airflow/.venv/lib/python3.10/site-packages/airflow/example_dags/example_latest_only.py took 0.208 seconds
[2025-06-16T11:34:08.264-0300] {processor.py:157} INFO - Started process (PID=50989) to work on /mnt/c/Users/arcan/Documents/airflow/.venv/lib/python3.10/site-packages/airflow/example_dags/example_latest_only.py
[2025-06-16T11:34:08.265-0300] {processor.py:829} INFO - Processing file /mnt/c/Users/arcan/Documents/airflow/.venv/lib/python3.10/site-packages/airflow/example_dags/example_latest_only.py for tasks to queue
[2025-06-16T11:34:08.268-0300] {logging_mixin.py:154} INFO - [2025-06-16T11:34:08.267-0300] {dagbag.py:536} INFO - Filling up the DagBag from /mnt/c/Users/arcan/Documents/airflow/.venv/lib/python3.10/site-packages/airflow/example_dags/example_latest_only.py
[2025-06-16T11:34:08.310-0300] {processor.py:839} INFO - DAG(s) dict_keys(['latest_only']) retrieved from /mnt/c/Users/arcan/Documents/airflow/.venv/lib/python3.10/site-packages/airflow/example_dags/example_latest_only.py
[2025-06-16T11:34:08.363-0300] {logging_mixin.py:154} INFO - [2025-06-16T11:34:08.362-0300] {dag.py:2941} INFO - Sync 1 DAGs
[2025-06-16T11:34:08.409-0300] {logging_mixin.py:154} INFO - [2025-06-16T11:34:08.409-0300] {dag.py:3722} INFO - Setting next_dagrun for latest_only to 2025-06-16T10:34:08.409157+00:00, run_after=2025-06-16T14:34:08.409157+00:00
[2025-06-16T11:34:08.526-0300] {processor.py:179} INFO - Processing /mnt/c/Users/arcan/Documents/airflow/.venv/lib/python3.10/site-packages/airflow/example_dags/example_latest_only.py took 0.267 seconds
[2025-06-16T11:35:07.752-0300] {processor.py:157} INFO - Started process (PID=51292) to work on /mnt/c/Users/arcan/Documents/airflow/.venv/lib/python3.10/site-packages/airflow/example_dags/example_latest_only.py
[2025-06-16T11:35:07.754-0300] {processor.py:829} INFO - Processing file /mnt/c/Users/arcan/Documents/airflow/.venv/lib/python3.10/site-packages/airflow/example_dags/example_latest_only.py for tasks to queue
[2025-06-16T11:35:07.756-0300] {logging_mixin.py:154} INFO - [2025-06-16T11:35:07.756-0300] {dagbag.py:536} INFO - Filling up the DagBag from /mnt/c/Users/arcan/Documents/airflow/.venv/lib/python3.10/site-packages/airflow/example_dags/example_latest_only.py
[2025-06-16T11:35:07.793-0300] {processor.py:839} INFO - DAG(s) dict_keys(['latest_only']) retrieved from /mnt/c/Users/arcan/Documents/airflow/.venv/lib/python3.10/site-packages/airflow/example_dags/example_latest_only.py
[2025-06-16T11:35:07.833-0300] {logging_mixin.py:154} INFO - [2025-06-16T11:35:07.832-0300] {dag.py:2941} INFO - Sync 1 DAGs
[2025-06-16T11:35:07.863-0300] {logging_mixin.py:154} INFO - [2025-06-16T11:35:07.863-0300] {dag.py:3722} INFO - Setting next_dagrun for latest_only to 2025-06-16T10:35:07.862786+00:00, run_after=2025-06-16T14:35:07.862786+00:00
[2025-06-16T11:35:07.956-0300] {processor.py:179} INFO - Processing /mnt/c/Users/arcan/Documents/airflow/.venv/lib/python3.10/site-packages/airflow/example_dags/example_latest_only.py took 0.207 seconds
[2025-06-16T11:36:07.443-0300] {processor.py:157} INFO - Started process (PID=51468) to work on /mnt/c/Users/arcan/Documents/airflow/.venv/lib/python3.10/site-packages/airflow/example_dags/example_latest_only.py
[2025-06-16T11:36:07.445-0300] {processor.py:829} INFO - Processing file /mnt/c/Users/arcan/Documents/airflow/.venv/lib/python3.10/site-packages/airflow/example_dags/example_latest_only.py for tasks to queue
[2025-06-16T11:36:07.447-0300] {logging_mixin.py:154} INFO - [2025-06-16T11:36:07.447-0300] {dagbag.py:536} INFO - Filling up the DagBag from /mnt/c/Users/arcan/Documents/airflow/.venv/lib/python3.10/site-packages/airflow/example_dags/example_latest_only.py
[2025-06-16T11:36:07.481-0300] {processor.py:839} INFO - DAG(s) dict_keys(['latest_only']) retrieved from /mnt/c/Users/arcan/Documents/airflow/.venv/lib/python3.10/site-packages/airflow/example_dags/example_latest_only.py
[2025-06-16T11:36:07.526-0300] {logging_mixin.py:154} INFO - [2025-06-16T11:36:07.526-0300] {dag.py:2941} INFO - Sync 1 DAGs
[2025-06-16T11:36:07.557-0300] {logging_mixin.py:154} INFO - [2025-06-16T11:36:07.557-0300] {dag.py:3722} INFO - Setting next_dagrun for latest_only to 2025-06-16T10:36:07.557266+00:00, run_after=2025-06-16T14:36:07.557266+00:00
[2025-06-16T11:36:07.648-0300] {processor.py:179} INFO - Processing /mnt/c/Users/arcan/Documents/airflow/.venv/lib/python3.10/site-packages/airflow/example_dags/example_latest_only.py took 0.208 seconds
[2025-06-16T11:37:14.961-0300] {processor.py:157} INFO - Started process (PID=51670) to work on /mnt/c/Users/arcan/Documents/airflow/.venv/lib/python3.10/site-packages/airflow/example_dags/example_latest_only.py
[2025-06-16T11:37:14.964-0300] {processor.py:829} INFO - Processing file /mnt/c/Users/arcan/Documents/airflow/.venv/lib/python3.10/site-packages/airflow/example_dags/example_latest_only.py for tasks to queue
[2025-06-16T11:37:14.966-0300] {logging_mixin.py:154} INFO - [2025-06-16T11:37:14.965-0300] {dagbag.py:536} INFO - Filling up the DagBag from /mnt/c/Users/arcan/Documents/airflow/.venv/lib/python3.10/site-packages/airflow/example_dags/example_latest_only.py
[2025-06-16T11:37:15.002-0300] {processor.py:839} INFO - DAG(s) dict_keys(['latest_only']) retrieved from /mnt/c/Users/arcan/Documents/airflow/.venv/lib/python3.10/site-packages/airflow/example_dags/example_latest_only.py
[2025-06-16T11:37:15.044-0300] {logging_mixin.py:154} INFO - [2025-06-16T11:37:15.044-0300] {dag.py:2941} INFO - Sync 1 DAGs
[2025-06-16T11:37:15.070-0300] {logging_mixin.py:154} INFO - [2025-06-16T11:37:15.070-0300] {dag.py:3722} INFO - Setting next_dagrun for latest_only to 2025-06-16T10:37:15.070321+00:00, run_after=2025-06-16T14:37:15.070321+00:00
[2025-06-16T11:37:15.164-0300] {processor.py:179} INFO - Processing /mnt/c/Users/arcan/Documents/airflow/.venv/lib/python3.10/site-packages/airflow/example_dags/example_latest_only.py took 0.208 seconds
[2025-06-16T11:38:22.736-0300] {processor.py:157} INFO - Started process (PID=51867) to work on /mnt/c/Users/arcan/Documents/airflow/.venv/lib/python3.10/site-packages/airflow/example_dags/example_latest_only.py
[2025-06-16T11:38:22.737-0300] {processor.py:829} INFO - Processing file /mnt/c/Users/arcan/Documents/airflow/.venv/lib/python3.10/site-packages/airflow/example_dags/example_latest_only.py for tasks to queue
[2025-06-16T11:38:22.738-0300] {logging_mixin.py:154} INFO - [2025-06-16T11:38:22.738-0300] {dagbag.py:536} INFO - Filling up the DagBag from /mnt/c/Users/arcan/Documents/airflow/.venv/lib/python3.10/site-packages/airflow/example_dags/example_latest_only.py
[2025-06-16T11:38:22.772-0300] {processor.py:839} INFO - DAG(s) dict_keys(['latest_only']) retrieved from /mnt/c/Users/arcan/Documents/airflow/.venv/lib/python3.10/site-packages/airflow/example_dags/example_latest_only.py
[2025-06-16T11:38:22.807-0300] {logging_mixin.py:154} INFO - [2025-06-16T11:38:22.806-0300] {dag.py:2941} INFO - Sync 1 DAGs
[2025-06-16T11:38:22.837-0300] {logging_mixin.py:154} INFO - [2025-06-16T11:38:22.837-0300] {dag.py:3722} INFO - Setting next_dagrun for latest_only to 2025-06-16T10:38:22.837165+00:00, run_after=2025-06-16T14:38:22.837165+00:00
[2025-06-16T11:38:22.926-0300] {processor.py:179} INFO - Processing /mnt/c/Users/arcan/Documents/airflow/.venv/lib/python3.10/site-packages/airflow/example_dags/example_latest_only.py took 0.195 seconds
[2025-06-16T11:39:32.382-0300] {processor.py:157} INFO - Started process (PID=52072) to work on /mnt/c/Users/arcan/Documents/airflow/.venv/lib/python3.10/site-packages/airflow/example_dags/example_latest_only.py
[2025-06-16T11:39:32.383-0300] {processor.py:829} INFO - Processing file /mnt/c/Users/arcan/Documents/airflow/.venv/lib/python3.10/site-packages/airflow/example_dags/example_latest_only.py for tasks to queue
[2025-06-16T11:39:32.385-0300] {logging_mixin.py:154} INFO - [2025-06-16T11:39:32.384-0300] {dagbag.py:536} INFO - Filling up the DagBag from /mnt/c/Users/arcan/Documents/airflow/.venv/lib/python3.10/site-packages/airflow/example_dags/example_latest_only.py
[2025-06-16T11:39:32.419-0300] {processor.py:839} INFO - DAG(s) dict_keys(['latest_only']) retrieved from /mnt/c/Users/arcan/Documents/airflow/.venv/lib/python3.10/site-packages/airflow/example_dags/example_latest_only.py
[2025-06-16T11:39:32.459-0300] {logging_mixin.py:154} INFO - [2025-06-16T11:39:32.459-0300] {dag.py:2941} INFO - Sync 1 DAGs
[2025-06-16T11:39:32.489-0300] {logging_mixin.py:154} INFO - [2025-06-16T11:39:32.489-0300] {dag.py:3722} INFO - Setting next_dagrun for latest_only to 2025-06-16T10:39:32.489319+00:00, run_after=2025-06-16T14:39:32.489319+00:00
[2025-06-16T11:39:32.579-0300] {processor.py:179} INFO - Processing /mnt/c/Users/arcan/Documents/airflow/.venv/lib/python3.10/site-packages/airflow/example_dags/example_latest_only.py took 0.201 seconds
[2025-06-16T11:40:40.075-0300] {processor.py:157} INFO - Started process (PID=52275) to work on /mnt/c/Users/arcan/Documents/airflow/.venv/lib/python3.10/site-packages/airflow/example_dags/example_latest_only.py
[2025-06-16T11:40:40.077-0300] {processor.py:829} INFO - Processing file /mnt/c/Users/arcan/Documents/airflow/.venv/lib/python3.10/site-packages/airflow/example_dags/example_latest_only.py for tasks to queue
[2025-06-16T11:40:40.079-0300] {logging_mixin.py:154} INFO - [2025-06-16T11:40:40.078-0300] {dagbag.py:536} INFO - Filling up the DagBag from /mnt/c/Users/arcan/Documents/airflow/.venv/lib/python3.10/site-packages/airflow/example_dags/example_latest_only.py
[2025-06-16T11:40:40.113-0300] {processor.py:839} INFO - DAG(s) dict_keys(['latest_only']) retrieved from /mnt/c/Users/arcan/Documents/airflow/.venv/lib/python3.10/site-packages/airflow/example_dags/example_latest_only.py
[2025-06-16T11:40:40.154-0300] {logging_mixin.py:154} INFO - [2025-06-16T11:40:40.154-0300] {dag.py:2941} INFO - Sync 1 DAGs
[2025-06-16T11:40:40.317-0300] {logging_mixin.py:154} INFO - [2025-06-16T11:40:40.317-0300] {dag.py:3722} INFO - Setting next_dagrun for latest_only to 2025-06-16T10:40:40.317063+00:00, run_after=2025-06-16T14:40:40.317063+00:00
[2025-06-16T11:40:40.404-0300] {processor.py:179} INFO - Processing /mnt/c/Users/arcan/Documents/airflow/.venv/lib/python3.10/site-packages/airflow/example_dags/example_latest_only.py took 0.334 seconds
[2025-06-16T11:41:40.424-0300] {processor.py:157} INFO - Started process (PID=52557) to work on /mnt/c/Users/arcan/Documents/airflow/.venv/lib/python3.10/site-packages/airflow/example_dags/example_latest_only.py
[2025-06-16T11:41:40.426-0300] {processor.py:829} INFO - Processing file /mnt/c/Users/arcan/Documents/airflow/.venv/lib/python3.10/site-packages/airflow/example_dags/example_latest_only.py for tasks to queue
[2025-06-16T11:41:40.428-0300] {logging_mixin.py:154} INFO - [2025-06-16T11:41:40.427-0300] {dagbag.py:536} INFO - Filling up the DagBag from /mnt/c/Users/arcan/Documents/airflow/.venv/lib/python3.10/site-packages/airflow/example_dags/example_latest_only.py
[2025-06-16T11:41:40.460-0300] {processor.py:839} INFO - DAG(s) dict_keys(['latest_only']) retrieved from /mnt/c/Users/arcan/Documents/airflow/.venv/lib/python3.10/site-packages/airflow/example_dags/example_latest_only.py
[2025-06-16T11:41:40.498-0300] {logging_mixin.py:154} INFO - [2025-06-16T11:41:40.497-0300] {dag.py:2941} INFO - Sync 1 DAGs
[2025-06-16T11:41:40.530-0300] {logging_mixin.py:154} INFO - [2025-06-16T11:41:40.530-0300] {dag.py:3722} INFO - Setting next_dagrun for latest_only to 2025-06-16T10:41:40.530085+00:00, run_after=2025-06-16T14:41:40.530085+00:00
[2025-06-16T11:41:40.615-0300] {processor.py:179} INFO - Processing /mnt/c/Users/arcan/Documents/airflow/.venv/lib/python3.10/site-packages/airflow/example_dags/example_latest_only.py took 0.195 seconds
[2025-06-16T11:42:52.376-0300] {processor.py:157} INFO - Started process (PID=52783) to work on /mnt/c/Users/arcan/Documents/airflow/.venv/lib/python3.10/site-packages/airflow/example_dags/example_latest_only.py
[2025-06-16T11:42:52.378-0300] {processor.py:829} INFO - Processing file /mnt/c/Users/arcan/Documents/airflow/.venv/lib/python3.10/site-packages/airflow/example_dags/example_latest_only.py for tasks to queue
[2025-06-16T11:42:52.380-0300] {logging_mixin.py:154} INFO - [2025-06-16T11:42:52.379-0300] {dagbag.py:536} INFO - Filling up the DagBag from /mnt/c/Users/arcan/Documents/airflow/.venv/lib/python3.10/site-packages/airflow/example_dags/example_latest_only.py
[2025-06-16T11:42:52.411-0300] {processor.py:839} INFO - DAG(s) dict_keys(['latest_only']) retrieved from /mnt/c/Users/arcan/Documents/airflow/.venv/lib/python3.10/site-packages/airflow/example_dags/example_latest_only.py
[2025-06-16T11:42:52.448-0300] {logging_mixin.py:154} INFO - [2025-06-16T11:42:52.448-0300] {dag.py:2941} INFO - Sync 1 DAGs
[2025-06-16T11:42:52.480-0300] {logging_mixin.py:154} INFO - [2025-06-16T11:42:52.479-0300] {dag.py:3722} INFO - Setting next_dagrun for latest_only to 2025-06-16T10:42:52.479656+00:00, run_after=2025-06-16T14:42:52.479656+00:00
[2025-06-16T11:42:52.572-0300] {processor.py:179} INFO - Processing /mnt/c/Users/arcan/Documents/airflow/.venv/lib/python3.10/site-packages/airflow/example_dags/example_latest_only.py took 0.200 seconds
[2025-06-16T11:44:00.366-0300] {processor.py:157} INFO - Started process (PID=52981) to work on /mnt/c/Users/arcan/Documents/airflow/.venv/lib/python3.10/site-packages/airflow/example_dags/example_latest_only.py
[2025-06-16T11:44:00.368-0300] {processor.py:829} INFO - Processing file /mnt/c/Users/arcan/Documents/airflow/.venv/lib/python3.10/site-packages/airflow/example_dags/example_latest_only.py for tasks to queue
[2025-06-16T11:44:00.370-0300] {logging_mixin.py:154} INFO - [2025-06-16T11:44:00.370-0300] {dagbag.py:536} INFO - Filling up the DagBag from /mnt/c/Users/arcan/Documents/airflow/.venv/lib/python3.10/site-packages/airflow/example_dags/example_latest_only.py
[2025-06-16T11:44:00.406-0300] {processor.py:839} INFO - DAG(s) dict_keys(['latest_only']) retrieved from /mnt/c/Users/arcan/Documents/airflow/.venv/lib/python3.10/site-packages/airflow/example_dags/example_latest_only.py
[2025-06-16T11:44:00.449-0300] {logging_mixin.py:154} INFO - [2025-06-16T11:44:00.449-0300] {dag.py:2941} INFO - Sync 1 DAGs
[2025-06-16T11:44:00.615-0300] {logging_mixin.py:154} INFO - [2025-06-16T11:44:00.614-0300] {dag.py:3722} INFO - Setting next_dagrun for latest_only to 2025-06-16T10:44:00.614680+00:00, run_after=2025-06-16T14:44:00.614680+00:00
[2025-06-16T11:44:00.712-0300] {processor.py:179} INFO - Processing /mnt/c/Users/arcan/Documents/airflow/.venv/lib/python3.10/site-packages/airflow/example_dags/example_latest_only.py took 0.350 seconds
[2025-06-16T11:45:08.289-0300] {processor.py:157} INFO - Started process (PID=53181) to work on /mnt/c/Users/arcan/Documents/airflow/.venv/lib/python3.10/site-packages/airflow/example_dags/example_latest_only.py
[2025-06-16T11:45:08.291-0300] {processor.py:829} INFO - Processing file /mnt/c/Users/arcan/Documents/airflow/.venv/lib/python3.10/site-packages/airflow/example_dags/example_latest_only.py for tasks to queue
[2025-06-16T11:45:08.293-0300] {logging_mixin.py:154} INFO - [2025-06-16T11:45:08.292-0300] {dagbag.py:536} INFO - Filling up the DagBag from /mnt/c/Users/arcan/Documents/airflow/.venv/lib/python3.10/site-packages/airflow/example_dags/example_latest_only.py
[2025-06-16T11:45:08.322-0300] {processor.py:839} INFO - DAG(s) dict_keys(['latest_only']) retrieved from /mnt/c/Users/arcan/Documents/airflow/.venv/lib/python3.10/site-packages/airflow/example_dags/example_latest_only.py
[2025-06-16T11:45:08.357-0300] {logging_mixin.py:154} INFO - [2025-06-16T11:45:08.357-0300] {dag.py:2941} INFO - Sync 1 DAGs
[2025-06-16T11:45:08.383-0300] {logging_mixin.py:154} INFO - [2025-06-16T11:45:08.382-0300] {dag.py:3722} INFO - Setting next_dagrun for latest_only to 2025-06-16T10:45:08.382563+00:00, run_after=2025-06-16T14:45:08.382563+00:00
[2025-06-16T11:45:08.471-0300] {processor.py:179} INFO - Processing /mnt/c/Users/arcan/Documents/airflow/.venv/lib/python3.10/site-packages/airflow/example_dags/example_latest_only.py took 0.185 seconds
[2025-06-16T11:46:13.018-0300] {processor.py:157} INFO - Started process (PID=53370) to work on /mnt/c/Users/arcan/Documents/airflow/.venv/lib/python3.10/site-packages/airflow/example_dags/example_latest_only.py
[2025-06-16T11:46:13.019-0300] {processor.py:829} INFO - Processing file /mnt/c/Users/arcan/Documents/airflow/.venv/lib/python3.10/site-packages/airflow/example_dags/example_latest_only.py for tasks to queue
[2025-06-16T11:46:13.021-0300] {logging_mixin.py:154} INFO - [2025-06-16T11:46:13.020-0300] {dagbag.py:536} INFO - Filling up the DagBag from /mnt/c/Users/arcan/Documents/airflow/.venv/lib/python3.10/site-packages/airflow/example_dags/example_latest_only.py
[2025-06-16T11:46:13.177-0300] {processor.py:839} INFO - DAG(s) dict_keys(['latest_only']) retrieved from /mnt/c/Users/arcan/Documents/airflow/.venv/lib/python3.10/site-packages/airflow/example_dags/example_latest_only.py
[2025-06-16T11:46:13.210-0300] {logging_mixin.py:154} INFO - [2025-06-16T11:46:13.210-0300] {dag.py:2941} INFO - Sync 1 DAGs
[2025-06-16T11:46:13.233-0300] {logging_mixin.py:154} INFO - [2025-06-16T11:46:13.233-0300] {dag.py:3722} INFO - Setting next_dagrun for latest_only to 2025-06-16T10:46:13.233313+00:00, run_after=2025-06-16T14:46:13.233313+00:00
[2025-06-16T11:46:13.319-0300] {processor.py:179} INFO - Processing /mnt/c/Users/arcan/Documents/airflow/.venv/lib/python3.10/site-packages/airflow/example_dags/example_latest_only.py took 0.305 seconds
[2025-06-16T11:47:20.351-0300] {processor.py:157} INFO - Started process (PID=53568) to work on /mnt/c/Users/arcan/Documents/airflow/.venv/lib/python3.10/site-packages/airflow/example_dags/example_latest_only.py
[2025-06-16T11:47:20.353-0300] {processor.py:829} INFO - Processing file /mnt/c/Users/arcan/Documents/airflow/.venv/lib/python3.10/site-packages/airflow/example_dags/example_latest_only.py for tasks to queue
[2025-06-16T11:47:20.355-0300] {logging_mixin.py:154} INFO - [2025-06-16T11:47:20.354-0300] {dagbag.py:536} INFO - Filling up the DagBag from /mnt/c/Users/arcan/Documents/airflow/.venv/lib/python3.10/site-packages/airflow/example_dags/example_latest_only.py
[2025-06-16T11:47:20.387-0300] {processor.py:839} INFO - DAG(s) dict_keys(['latest_only']) retrieved from /mnt/c/Users/arcan/Documents/airflow/.venv/lib/python3.10/site-packages/airflow/example_dags/example_latest_only.py
[2025-06-16T11:47:20.430-0300] {logging_mixin.py:154} INFO - [2025-06-16T11:47:20.429-0300] {dag.py:2941} INFO - Sync 1 DAGs
[2025-06-16T11:47:20.462-0300] {logging_mixin.py:154} INFO - [2025-06-16T11:47:20.462-0300] {dag.py:3722} INFO - Setting next_dagrun for latest_only to 2025-06-16T10:47:20.462126+00:00, run_after=2025-06-16T14:47:20.462126+00:00
[2025-06-16T11:47:20.549-0300] {processor.py:179} INFO - Processing /mnt/c/Users/arcan/Documents/airflow/.venv/lib/python3.10/site-packages/airflow/example_dags/example_latest_only.py took 0.202 seconds
[2025-06-16T11:48:25.683-0300] {processor.py:157} INFO - Started process (PID=53765) to work on /mnt/c/Users/arcan/Documents/airflow/.venv/lib/python3.10/site-packages/airflow/example_dags/example_latest_only.py
[2025-06-16T11:48:25.685-0300] {processor.py:829} INFO - Processing file /mnt/c/Users/arcan/Documents/airflow/.venv/lib/python3.10/site-packages/airflow/example_dags/example_latest_only.py for tasks to queue
[2025-06-16T11:48:25.686-0300] {logging_mixin.py:154} INFO - [2025-06-16T11:48:25.686-0300] {dagbag.py:536} INFO - Filling up the DagBag from /mnt/c/Users/arcan/Documents/airflow/.venv/lib/python3.10/site-packages/airflow/example_dags/example_latest_only.py
[2025-06-16T11:48:25.722-0300] {processor.py:839} INFO - DAG(s) dict_keys(['latest_only']) retrieved from /mnt/c/Users/arcan/Documents/airflow/.venv/lib/python3.10/site-packages/airflow/example_dags/example_latest_only.py
[2025-06-16T11:48:25.761-0300] {logging_mixin.py:154} INFO - [2025-06-16T11:48:25.761-0300] {dag.py:2941} INFO - Sync 1 DAGs
[2025-06-16T11:48:25.791-0300] {logging_mixin.py:154} INFO - [2025-06-16T11:48:25.791-0300] {dag.py:3722} INFO - Setting next_dagrun for latest_only to 2025-06-16T10:48:25.790893+00:00, run_after=2025-06-16T14:48:25.790893+00:00
[2025-06-16T11:48:25.882-0300] {processor.py:179} INFO - Processing /mnt/c/Users/arcan/Documents/airflow/.venv/lib/python3.10/site-packages/airflow/example_dags/example_latest_only.py took 0.203 seconds
[2025-06-16T11:49:28.239-0300] {processor.py:157} INFO - Started process (PID=54070) to work on /mnt/c/Users/arcan/Documents/airflow/.venv/lib/python3.10/site-packages/airflow/example_dags/example_latest_only.py
[2025-06-16T11:49:28.241-0300] {processor.py:829} INFO - Processing file /mnt/c/Users/arcan/Documents/airflow/.venv/lib/python3.10/site-packages/airflow/example_dags/example_latest_only.py for tasks to queue
[2025-06-16T11:49:28.243-0300] {logging_mixin.py:154} INFO - [2025-06-16T11:49:28.243-0300] {dagbag.py:536} INFO - Filling up the DagBag from /mnt/c/Users/arcan/Documents/airflow/.venv/lib/python3.10/site-packages/airflow/example_dags/example_latest_only.py
[2025-06-16T11:49:28.276-0300] {processor.py:839} INFO - DAG(s) dict_keys(['latest_only']) retrieved from /mnt/c/Users/arcan/Documents/airflow/.venv/lib/python3.10/site-packages/airflow/example_dags/example_latest_only.py
[2025-06-16T11:49:28.325-0300] {logging_mixin.py:154} INFO - [2025-06-16T11:49:28.324-0300] {dag.py:2941} INFO - Sync 1 DAGs
[2025-06-16T11:49:28.356-0300] {logging_mixin.py:154} INFO - [2025-06-16T11:49:28.356-0300] {dag.py:3722} INFO - Setting next_dagrun for latest_only to 2025-06-16T10:49:28.355953+00:00, run_after=2025-06-16T14:49:28.355953+00:00
[2025-06-16T11:49:28.450-0300] {processor.py:179} INFO - Processing /mnt/c/Users/arcan/Documents/airflow/.venv/lib/python3.10/site-packages/airflow/example_dags/example_latest_only.py took 0.215 seconds
[2025-06-16T11:50:29.392-0300] {processor.py:157} INFO - Started process (PID=54254) to work on /mnt/c/Users/arcan/Documents/airflow/.venv/lib/python3.10/site-packages/airflow/example_dags/example_latest_only.py
[2025-06-16T11:50:29.394-0300] {processor.py:829} INFO - Processing file /mnt/c/Users/arcan/Documents/airflow/.venv/lib/python3.10/site-packages/airflow/example_dags/example_latest_only.py for tasks to queue
[2025-06-16T11:50:29.396-0300] {logging_mixin.py:154} INFO - [2025-06-16T11:50:29.395-0300] {dagbag.py:536} INFO - Filling up the DagBag from /mnt/c/Users/arcan/Documents/airflow/.venv/lib/python3.10/site-packages/airflow/example_dags/example_latest_only.py
[2025-06-16T11:50:29.427-0300] {processor.py:839} INFO - DAG(s) dict_keys(['latest_only']) retrieved from /mnt/c/Users/arcan/Documents/airflow/.venv/lib/python3.10/site-packages/airflow/example_dags/example_latest_only.py
[2025-06-16T11:50:29.468-0300] {logging_mixin.py:154} INFO - [2025-06-16T11:50:29.468-0300] {dag.py:2941} INFO - Sync 1 DAGs
[2025-06-16T11:50:29.500-0300] {logging_mixin.py:154} INFO - [2025-06-16T11:50:29.499-0300] {dag.py:3722} INFO - Setting next_dagrun for latest_only to 2025-06-16T10:50:29.499585+00:00, run_after=2025-06-16T14:50:29.499585+00:00
[2025-06-16T11:50:29.593-0300] {processor.py:179} INFO - Processing /mnt/c/Users/arcan/Documents/airflow/.venv/lib/python3.10/site-packages/airflow/example_dags/example_latest_only.py took 0.206 seconds
[2025-06-16T11:51:31.563-0300] {processor.py:157} INFO - Started process (PID=54443) to work on /mnt/c/Users/arcan/Documents/airflow/.venv/lib/python3.10/site-packages/airflow/example_dags/example_latest_only.py
[2025-06-16T11:51:31.564-0300] {processor.py:829} INFO - Processing file /mnt/c/Users/arcan/Documents/airflow/.venv/lib/python3.10/site-packages/airflow/example_dags/example_latest_only.py for tasks to queue
[2025-06-16T11:51:31.567-0300] {logging_mixin.py:154} INFO - [2025-06-16T11:51:31.566-0300] {dagbag.py:536} INFO - Filling up the DagBag from /mnt/c/Users/arcan/Documents/airflow/.venv/lib/python3.10/site-packages/airflow/example_dags/example_latest_only.py
[2025-06-16T11:51:31.599-0300] {processor.py:839} INFO - DAG(s) dict_keys(['latest_only']) retrieved from /mnt/c/Users/arcan/Documents/airflow/.venv/lib/python3.10/site-packages/airflow/example_dags/example_latest_only.py
[2025-06-16T11:51:31.634-0300] {logging_mixin.py:154} INFO - [2025-06-16T11:51:31.634-0300] {dag.py:2941} INFO - Sync 1 DAGs
[2025-06-16T11:51:31.664-0300] {logging_mixin.py:154} INFO - [2025-06-16T11:51:31.664-0300] {dag.py:3722} INFO - Setting next_dagrun for latest_only to 2025-06-16T10:51:31.663861+00:00, run_after=2025-06-16T14:51:31.663861+00:00
[2025-06-16T11:51:31.773-0300] {processor.py:179} INFO - Processing /mnt/c/Users/arcan/Documents/airflow/.venv/lib/python3.10/site-packages/airflow/example_dags/example_latest_only.py took 0.215 seconds
[2025-06-16T11:52:37.635-0300] {processor.py:157} INFO - Started process (PID=54640) to work on /mnt/c/Users/arcan/Documents/airflow/.venv/lib/python3.10/site-packages/airflow/example_dags/example_latest_only.py
[2025-06-16T11:52:37.636-0300] {processor.py:829} INFO - Processing file /mnt/c/Users/arcan/Documents/airflow/.venv/lib/python3.10/site-packages/airflow/example_dags/example_latest_only.py for tasks to queue
[2025-06-16T11:52:37.638-0300] {logging_mixin.py:154} INFO - [2025-06-16T11:52:37.637-0300] {dagbag.py:536} INFO - Filling up the DagBag from /mnt/c/Users/arcan/Documents/airflow/.venv/lib/python3.10/site-packages/airflow/example_dags/example_latest_only.py
[2025-06-16T11:52:37.670-0300] {processor.py:839} INFO - DAG(s) dict_keys(['latest_only']) retrieved from /mnt/c/Users/arcan/Documents/airflow/.venv/lib/python3.10/site-packages/airflow/example_dags/example_latest_only.py
[2025-06-16T11:52:37.705-0300] {logging_mixin.py:154} INFO - [2025-06-16T11:52:37.704-0300] {dag.py:2941} INFO - Sync 1 DAGs
[2025-06-16T11:52:37.732-0300] {logging_mixin.py:154} INFO - [2025-06-16T11:52:37.731-0300] {dag.py:3722} INFO - Setting next_dagrun for latest_only to 2025-06-16T10:52:37.731511+00:00, run_after=2025-06-16T14:52:37.731511+00:00
[2025-06-16T11:52:37.832-0300] {processor.py:179} INFO - Processing /mnt/c/Users/arcan/Documents/airflow/.venv/lib/python3.10/site-packages/airflow/example_dags/example_latest_only.py took 0.201 seconds
[2025-06-16T11:53:41.965-0300] {processor.py:157} INFO - Started process (PID=54831) to work on /mnt/c/Users/arcan/Documents/airflow/.venv/lib/python3.10/site-packages/airflow/example_dags/example_latest_only.py
[2025-06-16T11:53:41.968-0300] {processor.py:829} INFO - Processing file /mnt/c/Users/arcan/Documents/airflow/.venv/lib/python3.10/site-packages/airflow/example_dags/example_latest_only.py for tasks to queue
[2025-06-16T11:53:41.970-0300] {logging_mixin.py:154} INFO - [2025-06-16T11:53:41.969-0300] {dagbag.py:536} INFO - Filling up the DagBag from /mnt/c/Users/arcan/Documents/airflow/.venv/lib/python3.10/site-packages/airflow/example_dags/example_latest_only.py
[2025-06-16T11:53:42.009-0300] {processor.py:839} INFO - DAG(s) dict_keys(['latest_only']) retrieved from /mnt/c/Users/arcan/Documents/airflow/.venv/lib/python3.10/site-packages/airflow/example_dags/example_latest_only.py
[2025-06-16T11:53:42.065-0300] {logging_mixin.py:154} INFO - [2025-06-16T11:53:42.065-0300] {dag.py:2941} INFO - Sync 1 DAGs
[2025-06-16T11:53:42.097-0300] {logging_mixin.py:154} INFO - [2025-06-16T11:53:42.096-0300] {dag.py:3722} INFO - Setting next_dagrun for latest_only to 2025-06-16T10:53:42.096560+00:00, run_after=2025-06-16T14:53:42.096560+00:00
[2025-06-16T11:53:42.189-0300] {processor.py:179} INFO - Processing /mnt/c/Users/arcan/Documents/airflow/.venv/lib/python3.10/site-packages/airflow/example_dags/example_latest_only.py took 0.229 seconds
[2025-06-16T11:54:45.142-0300] {processor.py:157} INFO - Started process (PID=55021) to work on /mnt/c/Users/arcan/Documents/airflow/.venv/lib/python3.10/site-packages/airflow/example_dags/example_latest_only.py
[2025-06-16T11:54:45.144-0300] {processor.py:829} INFO - Processing file /mnt/c/Users/arcan/Documents/airflow/.venv/lib/python3.10/site-packages/airflow/example_dags/example_latest_only.py for tasks to queue
[2025-06-16T11:54:45.146-0300] {logging_mixin.py:154} INFO - [2025-06-16T11:54:45.146-0300] {dagbag.py:536} INFO - Filling up the DagBag from /mnt/c/Users/arcan/Documents/airflow/.venv/lib/python3.10/site-packages/airflow/example_dags/example_latest_only.py
[2025-06-16T11:54:45.181-0300] {processor.py:839} INFO - DAG(s) dict_keys(['latest_only']) retrieved from /mnt/c/Users/arcan/Documents/airflow/.venv/lib/python3.10/site-packages/airflow/example_dags/example_latest_only.py
[2025-06-16T11:54:45.223-0300] {logging_mixin.py:154} INFO - [2025-06-16T11:54:45.222-0300] {dag.py:2941} INFO - Sync 1 DAGs
[2025-06-16T11:54:45.252-0300] {logging_mixin.py:154} INFO - [2025-06-16T11:54:45.252-0300] {dag.py:3722} INFO - Setting next_dagrun for latest_only to 2025-06-16T10:54:45.252034+00:00, run_after=2025-06-16T14:54:45.252034+00:00
[2025-06-16T11:54:45.342-0300] {processor.py:179} INFO - Processing /mnt/c/Users/arcan/Documents/airflow/.venv/lib/python3.10/site-packages/airflow/example_dags/example_latest_only.py took 0.204 seconds
[2025-06-16T11:55:42.590-0300] {processor.py:157} INFO - Started process (PID=55192) to work on /mnt/c/Users/arcan/Documents/airflow/.venv/lib/python3.10/site-packages/airflow/example_dags/example_latest_only.py
[2025-06-16T11:55:42.592-0300] {processor.py:829} INFO - Processing file /mnt/c/Users/arcan/Documents/airflow/.venv/lib/python3.10/site-packages/airflow/example_dags/example_latest_only.py for tasks to queue
[2025-06-16T11:55:42.593-0300] {logging_mixin.py:154} INFO - [2025-06-16T11:55:42.593-0300] {dagbag.py:536} INFO - Filling up the DagBag from /mnt/c/Users/arcan/Documents/airflow/.venv/lib/python3.10/site-packages/airflow/example_dags/example_latest_only.py
[2025-06-16T11:55:42.624-0300] {processor.py:839} INFO - DAG(s) dict_keys(['latest_only']) retrieved from /mnt/c/Users/arcan/Documents/airflow/.venv/lib/python3.10/site-packages/airflow/example_dags/example_latest_only.py
[2025-06-16T11:55:42.669-0300] {logging_mixin.py:154} INFO - [2025-06-16T11:55:42.669-0300] {dag.py:2941} INFO - Sync 1 DAGs
[2025-06-16T11:55:42.700-0300] {logging_mixin.py:154} INFO - [2025-06-16T11:55:42.699-0300] {dag.py:3722} INFO - Setting next_dagrun for latest_only to 2025-06-16T10:55:42.699457+00:00, run_after=2025-06-16T14:55:42.699457+00:00
[2025-06-16T11:55:42.787-0300] {processor.py:179} INFO - Processing /mnt/c/Users/arcan/Documents/airflow/.venv/lib/python3.10/site-packages/airflow/example_dags/example_latest_only.py took 0.201 seconds
[2025-06-16T11:56:48.832-0300] {processor.py:157} INFO - Started process (PID=55510) to work on /mnt/c/Users/arcan/Documents/airflow/.venv/lib/python3.10/site-packages/airflow/example_dags/example_latest_only.py
[2025-06-16T11:56:48.833-0300] {processor.py:829} INFO - Processing file /mnt/c/Users/arcan/Documents/airflow/.venv/lib/python3.10/site-packages/airflow/example_dags/example_latest_only.py for tasks to queue
[2025-06-16T11:56:48.835-0300] {logging_mixin.py:154} INFO - [2025-06-16T11:56:48.834-0300] {dagbag.py:536} INFO - Filling up the DagBag from /mnt/c/Users/arcan/Documents/airflow/.venv/lib/python3.10/site-packages/airflow/example_dags/example_latest_only.py
[2025-06-16T11:56:48.868-0300] {processor.py:839} INFO - DAG(s) dict_keys(['latest_only']) retrieved from /mnt/c/Users/arcan/Documents/airflow/.venv/lib/python3.10/site-packages/airflow/example_dags/example_latest_only.py
[2025-06-16T11:56:48.909-0300] {logging_mixin.py:154} INFO - [2025-06-16T11:56:48.909-0300] {dag.py:2941} INFO - Sync 1 DAGs
[2025-06-16T11:56:48.942-0300] {logging_mixin.py:154} INFO - [2025-06-16T11:56:48.942-0300] {dag.py:3722} INFO - Setting next_dagrun for latest_only to 2025-06-16T10:56:48.941769+00:00, run_after=2025-06-16T14:56:48.941769+00:00
[2025-06-16T11:56:49.030-0300] {processor.py:179} INFO - Processing /mnt/c/Users/arcan/Documents/airflow/.venv/lib/python3.10/site-packages/airflow/example_dags/example_latest_only.py took 0.202 seconds
[2025-06-16T11:57:51.292-0300] {processor.py:157} INFO - Started process (PID=55700) to work on /mnt/c/Users/arcan/Documents/airflow/.venv/lib/python3.10/site-packages/airflow/example_dags/example_latest_only.py
[2025-06-16T11:57:51.293-0300] {processor.py:829} INFO - Processing file /mnt/c/Users/arcan/Documents/airflow/.venv/lib/python3.10/site-packages/airflow/example_dags/example_latest_only.py for tasks to queue
[2025-06-16T11:57:51.296-0300] {logging_mixin.py:154} INFO - [2025-06-16T11:57:51.295-0300] {dagbag.py:536} INFO - Filling up the DagBag from /mnt/c/Users/arcan/Documents/airflow/.venv/lib/python3.10/site-packages/airflow/example_dags/example_latest_only.py
[2025-06-16T11:57:51.331-0300] {processor.py:839} INFO - DAG(s) dict_keys(['latest_only']) retrieved from /mnt/c/Users/arcan/Documents/airflow/.venv/lib/python3.10/site-packages/airflow/example_dags/example_latest_only.py
[2025-06-16T11:57:51.370-0300] {logging_mixin.py:154} INFO - [2025-06-16T11:57:51.370-0300] {dag.py:2941} INFO - Sync 1 DAGs
[2025-06-16T11:57:51.398-0300] {logging_mixin.py:154} INFO - [2025-06-16T11:57:51.398-0300] {dag.py:3722} INFO - Setting next_dagrun for latest_only to 2025-06-16T10:57:51.397957+00:00, run_after=2025-06-16T14:57:51.397957+00:00
[2025-06-16T11:57:51.494-0300] {processor.py:179} INFO - Processing /mnt/c/Users/arcan/Documents/airflow/.venv/lib/python3.10/site-packages/airflow/example_dags/example_latest_only.py took 0.206 seconds
[2025-06-16T11:58:55.747-0300] {processor.py:157} INFO - Started process (PID=55890) to work on /mnt/c/Users/arcan/Documents/airflow/.venv/lib/python3.10/site-packages/airflow/example_dags/example_latest_only.py
[2025-06-16T11:58:55.749-0300] {processor.py:829} INFO - Processing file /mnt/c/Users/arcan/Documents/airflow/.venv/lib/python3.10/site-packages/airflow/example_dags/example_latest_only.py for tasks to queue
[2025-06-16T11:58:55.751-0300] {logging_mixin.py:154} INFO - [2025-06-16T11:58:55.751-0300] {dagbag.py:536} INFO - Filling up the DagBag from /mnt/c/Users/arcan/Documents/airflow/.venv/lib/python3.10/site-packages/airflow/example_dags/example_latest_only.py
[2025-06-16T11:58:55.785-0300] {processor.py:839} INFO - DAG(s) dict_keys(['latest_only']) retrieved from /mnt/c/Users/arcan/Documents/airflow/.venv/lib/python3.10/site-packages/airflow/example_dags/example_latest_only.py
[2025-06-16T11:58:55.827-0300] {logging_mixin.py:154} INFO - [2025-06-16T11:58:55.827-0300] {dag.py:2941} INFO - Sync 1 DAGs
[2025-06-16T11:58:55.860-0300] {logging_mixin.py:154} INFO - [2025-06-16T11:58:55.860-0300] {dag.py:3722} INFO - Setting next_dagrun for latest_only to 2025-06-16T10:58:55.859999+00:00, run_after=2025-06-16T14:58:55.859999+00:00
[2025-06-16T11:58:55.955-0300] {processor.py:179} INFO - Processing /mnt/c/Users/arcan/Documents/airflow/.venv/lib/python3.10/site-packages/airflow/example_dags/example_latest_only.py took 0.212 seconds
[2025-06-16T11:59:59.626-0300] {processor.py:157} INFO - Started process (PID=56087) to work on /mnt/c/Users/arcan/Documents/airflow/.venv/lib/python3.10/site-packages/airflow/example_dags/example_latest_only.py
[2025-06-16T11:59:59.627-0300] {processor.py:829} INFO - Processing file /mnt/c/Users/arcan/Documents/airflow/.venv/lib/python3.10/site-packages/airflow/example_dags/example_latest_only.py for tasks to queue
[2025-06-16T11:59:59.629-0300] {logging_mixin.py:154} INFO - [2025-06-16T11:59:59.629-0300] {dagbag.py:536} INFO - Filling up the DagBag from /mnt/c/Users/arcan/Documents/airflow/.venv/lib/python3.10/site-packages/airflow/example_dags/example_latest_only.py
[2025-06-16T11:59:59.665-0300] {processor.py:839} INFO - DAG(s) dict_keys(['latest_only']) retrieved from /mnt/c/Users/arcan/Documents/airflow/.venv/lib/python3.10/site-packages/airflow/example_dags/example_latest_only.py
[2025-06-16T11:59:59.704-0300] {logging_mixin.py:154} INFO - [2025-06-16T11:59:59.704-0300] {dag.py:2941} INFO - Sync 1 DAGs
[2025-06-16T11:59:59.734-0300] {logging_mixin.py:154} INFO - [2025-06-16T11:59:59.733-0300] {dag.py:3722} INFO - Setting next_dagrun for latest_only to 2025-06-16T10:59:59.733497+00:00, run_after=2025-06-16T14:59:59.733497+00:00
[2025-06-16T11:59:59.830-0300] {processor.py:179} INFO - Processing /mnt/c/Users/arcan/Documents/airflow/.venv/lib/python3.10/site-packages/airflow/example_dags/example_latest_only.py took 0.209 seconds
[2025-06-16T12:01:05.626-0300] {processor.py:157} INFO - Started process (PID=56282) to work on /mnt/c/Users/arcan/Documents/airflow/.venv/lib/python3.10/site-packages/airflow/example_dags/example_latest_only.py
[2025-06-16T12:01:05.628-0300] {processor.py:829} INFO - Processing file /mnt/c/Users/arcan/Documents/airflow/.venv/lib/python3.10/site-packages/airflow/example_dags/example_latest_only.py for tasks to queue
[2025-06-16T12:01:05.630-0300] {logging_mixin.py:154} INFO - [2025-06-16T12:01:05.629-0300] {dagbag.py:536} INFO - Filling up the DagBag from /mnt/c/Users/arcan/Documents/airflow/.venv/lib/python3.10/site-packages/airflow/example_dags/example_latest_only.py
[2025-06-16T12:01:05.659-0300] {processor.py:839} INFO - DAG(s) dict_keys(['latest_only']) retrieved from /mnt/c/Users/arcan/Documents/airflow/.venv/lib/python3.10/site-packages/airflow/example_dags/example_latest_only.py
[2025-06-16T12:01:05.699-0300] {logging_mixin.py:154} INFO - [2025-06-16T12:01:05.698-0300] {dag.py:2941} INFO - Sync 1 DAGs
[2025-06-16T12:01:05.730-0300] {logging_mixin.py:154} INFO - [2025-06-16T12:01:05.730-0300] {dag.py:3722} INFO - Setting next_dagrun for latest_only to 2025-06-16T11:01:05.729990+00:00, run_after=2025-06-16T15:01:05.729990+00:00
[2025-06-16T12:01:05.825-0300] {processor.py:179} INFO - Processing /mnt/c/Users/arcan/Documents/airflow/.venv/lib/python3.10/site-packages/airflow/example_dags/example_latest_only.py took 0.202 seconds
[2025-06-16T12:02:14.043-0300] {processor.py:157} INFO - Started process (PID=56482) to work on /mnt/c/Users/arcan/Documents/airflow/.venv/lib/python3.10/site-packages/airflow/example_dags/example_latest_only.py
[2025-06-16T12:02:14.045-0300] {processor.py:829} INFO - Processing file /mnt/c/Users/arcan/Documents/airflow/.venv/lib/python3.10/site-packages/airflow/example_dags/example_latest_only.py for tasks to queue
[2025-06-16T12:02:14.047-0300] {logging_mixin.py:154} INFO - [2025-06-16T12:02:14.046-0300] {dagbag.py:536} INFO - Filling up the DagBag from /mnt/c/Users/arcan/Documents/airflow/.venv/lib/python3.10/site-packages/airflow/example_dags/example_latest_only.py
[2025-06-16T12:02:14.083-0300] {processor.py:839} INFO - DAG(s) dict_keys(['latest_only']) retrieved from /mnt/c/Users/arcan/Documents/airflow/.venv/lib/python3.10/site-packages/airflow/example_dags/example_latest_only.py
[2025-06-16T12:02:14.118-0300] {logging_mixin.py:154} INFO - [2025-06-16T12:02:14.117-0300] {dag.py:2941} INFO - Sync 1 DAGs
[2025-06-16T12:02:14.145-0300] {logging_mixin.py:154} INFO - [2025-06-16T12:02:14.145-0300] {dag.py:3722} INFO - Setting next_dagrun for latest_only to 2025-06-16T11:02:14.145066+00:00, run_after=2025-06-16T15:02:14.145066+00:00
[2025-06-16T12:02:14.235-0300] {processor.py:179} INFO - Processing /mnt/c/Users/arcan/Documents/airflow/.venv/lib/python3.10/site-packages/airflow/example_dags/example_latest_only.py took 0.196 seconds
[2025-06-16T12:03:19.981-0300] {processor.py:157} INFO - Started process (PID=56801) to work on /mnt/c/Users/arcan/Documents/airflow/.venv/lib/python3.10/site-packages/airflow/example_dags/example_latest_only.py
[2025-06-16T12:03:19.983-0300] {processor.py:829} INFO - Processing file /mnt/c/Users/arcan/Documents/airflow/.venv/lib/python3.10/site-packages/airflow/example_dags/example_latest_only.py for tasks to queue
[2025-06-16T12:03:19.984-0300] {logging_mixin.py:154} INFO - [2025-06-16T12:03:19.984-0300] {dagbag.py:536} INFO - Filling up the DagBag from /mnt/c/Users/arcan/Documents/airflow/.venv/lib/python3.10/site-packages/airflow/example_dags/example_latest_only.py
[2025-06-16T12:03:20.022-0300] {processor.py:839} INFO - DAG(s) dict_keys(['latest_only']) retrieved from /mnt/c/Users/arcan/Documents/airflow/.venv/lib/python3.10/site-packages/airflow/example_dags/example_latest_only.py
[2025-06-16T12:03:20.058-0300] {logging_mixin.py:154} INFO - [2025-06-16T12:03:20.057-0300] {dag.py:2941} INFO - Sync 1 DAGs
[2025-06-16T12:03:20.086-0300] {logging_mixin.py:154} INFO - [2025-06-16T12:03:20.086-0300] {dag.py:3722} INFO - Setting next_dagrun for latest_only to 2025-06-16T11:03:20.085804+00:00, run_after=2025-06-16T15:03:20.085804+00:00
[2025-06-16T12:03:20.171-0300] {processor.py:179} INFO - Processing /mnt/c/Users/arcan/Documents/airflow/.venv/lib/python3.10/site-packages/airflow/example_dags/example_latest_only.py took 0.195 seconds
[2025-06-16T12:04:26.381-0300] {processor.py:157} INFO - Started process (PID=57000) to work on /mnt/c/Users/arcan/Documents/airflow/.venv/lib/python3.10/site-packages/airflow/example_dags/example_latest_only.py
[2025-06-16T12:04:26.383-0300] {processor.py:829} INFO - Processing file /mnt/c/Users/arcan/Documents/airflow/.venv/lib/python3.10/site-packages/airflow/example_dags/example_latest_only.py for tasks to queue
[2025-06-16T12:04:26.385-0300] {logging_mixin.py:154} INFO - [2025-06-16T12:04:26.384-0300] {dagbag.py:536} INFO - Filling up the DagBag from /mnt/c/Users/arcan/Documents/airflow/.venv/lib/python3.10/site-packages/airflow/example_dags/example_latest_only.py
[2025-06-16T12:04:26.419-0300] {processor.py:839} INFO - DAG(s) dict_keys(['latest_only']) retrieved from /mnt/c/Users/arcan/Documents/airflow/.venv/lib/python3.10/site-packages/airflow/example_dags/example_latest_only.py
[2025-06-16T12:04:26.462-0300] {logging_mixin.py:154} INFO - [2025-06-16T12:04:26.462-0300] {dag.py:2941} INFO - Sync 1 DAGs
[2025-06-16T12:04:26.494-0300] {logging_mixin.py:154} INFO - [2025-06-16T12:04:26.494-0300] {dag.py:3722} INFO - Setting next_dagrun for latest_only to 2025-06-16T11:04:26.494166+00:00, run_after=2025-06-16T15:04:26.494166+00:00
[2025-06-16T12:04:26.585-0300] {processor.py:179} INFO - Processing /mnt/c/Users/arcan/Documents/airflow/.venv/lib/python3.10/site-packages/airflow/example_dags/example_latest_only.py took 0.208 seconds
