[2025-06-16T10:52:14.586-0300] {processor.py:157} INFO - Started process (PID=43087) to work on /mnt/c/Users/arcan/Documents/airflow/.venv/lib/python3.10/site-packages/airflow/example_dags/example_complex.py
[2025-06-16T10:52:14.588-0300] {processor.py:829} INFO - Processing file /mnt/c/Users/arcan/Documents/airflow/.venv/lib/python3.10/site-packages/airflow/example_dags/example_complex.py for tasks to queue
[2025-06-16T10:52:14.591-0300] {logging_mixin.py:154} INFO - [2025-06-16T10:52:14.590-0300] {dagbag.py:536} INFO - Filling up the DagBag from /mnt/c/Users/arcan/Documents/airflow/.venv/lib/python3.10/site-packages/airflow/example_dags/example_complex.py
[2025-06-16T10:52:14.627-0300] {processor.py:839} INFO - DAG(s) dict_keys(['example_complex']) retrieved from /mnt/c/Users/arcan/Documents/airflow/.venv/lib/python3.10/site-packages/airflow/example_dags/example_complex.py
[2025-06-16T10:52:14.687-0300] {logging_mixin.py:154} INFO - [2025-06-16T10:52:14.687-0300] {dag.py:2941} INFO - Sync 1 DAGs
[2025-06-16T10:52:14.707-0300] {logging_mixin.py:154} INFO - [2025-06-16T10:52:14.707-0300] {dag.py:3722} INFO - Setting next_dagrun for example_complex to None, run_after=None
[2025-06-16T10:52:14.794-0300] {processor.py:179} INFO - Processing /mnt/c/Users/arcan/Documents/airflow/.venv/lib/python3.10/site-packages/airflow/example_dags/example_complex.py took 0.212 seconds
[2025-06-16T10:53:18.713-0300] {processor.py:157} INFO - Started process (PID=43272) to work on /mnt/c/Users/arcan/Documents/airflow/.venv/lib/python3.10/site-packages/airflow/example_dags/example_complex.py
[2025-06-16T10:53:18.716-0300] {processor.py:829} INFO - Processing file /mnt/c/Users/arcan/Documents/airflow/.venv/lib/python3.10/site-packages/airflow/example_dags/example_complex.py for tasks to queue
[2025-06-16T10:53:18.717-0300] {logging_mixin.py:154} INFO - [2025-06-16T10:53:18.717-0300] {dagbag.py:536} INFO - Filling up the DagBag from /mnt/c/Users/arcan/Documents/airflow/.venv/lib/python3.10/site-packages/airflow/example_dags/example_complex.py
[2025-06-16T10:53:18.751-0300] {processor.py:839} INFO - DAG(s) dict_keys(['example_complex']) retrieved from /mnt/c/Users/arcan/Documents/airflow/.venv/lib/python3.10/site-packages/airflow/example_dags/example_complex.py
[2025-06-16T10:53:18.801-0300] {logging_mixin.py:154} INFO - [2025-06-16T10:53:18.801-0300] {dag.py:2941} INFO - Sync 1 DAGs
[2025-06-16T10:53:18.818-0300] {logging_mixin.py:154} INFO - [2025-06-16T10:53:18.817-0300] {dag.py:3722} INFO - Setting next_dagrun for example_complex to None, run_after=None
[2025-06-16T10:53:18.912-0300] {processor.py:179} INFO - Processing /mnt/c/Users/arcan/Documents/airflow/.venv/lib/python3.10/site-packages/airflow/example_dags/example_complex.py took 0.203 seconds
[2025-06-16T10:54:23.859-0300] {processor.py:157} INFO - Started process (PID=43457) to work on /mnt/c/Users/arcan/Documents/airflow/.venv/lib/python3.10/site-packages/airflow/example_dags/example_complex.py
[2025-06-16T10:54:23.861-0300] {processor.py:829} INFO - Processing file /mnt/c/Users/arcan/Documents/airflow/.venv/lib/python3.10/site-packages/airflow/example_dags/example_complex.py for tasks to queue
[2025-06-16T10:54:23.862-0300] {logging_mixin.py:154} INFO - [2025-06-16T10:54:23.862-0300] {dagbag.py:536} INFO - Filling up the DagBag from /mnt/c/Users/arcan/Documents/airflow/.venv/lib/python3.10/site-packages/airflow/example_dags/example_complex.py
[2025-06-16T10:54:23.896-0300] {processor.py:839} INFO - DAG(s) dict_keys(['example_complex']) retrieved from /mnt/c/Users/arcan/Documents/airflow/.venv/lib/python3.10/site-packages/airflow/example_dags/example_complex.py
[2025-06-16T10:54:23.944-0300] {logging_mixin.py:154} INFO - [2025-06-16T10:54:23.944-0300] {dag.py:2941} INFO - Sync 1 DAGs
[2025-06-16T10:54:23.964-0300] {logging_mixin.py:154} INFO - [2025-06-16T10:54:23.963-0300] {dag.py:3722} INFO - Setting next_dagrun for example_complex to None, run_after=None
[2025-06-16T10:54:24.059-0300] {processor.py:179} INFO - Processing /mnt/c/Users/arcan/Documents/airflow/.venv/lib/python3.10/site-packages/airflow/example_dags/example_complex.py took 0.204 seconds
[2025-06-16T10:55:26.504-0300] {processor.py:157} INFO - Started process (PID=43636) to work on /mnt/c/Users/arcan/Documents/airflow/.venv/lib/python3.10/site-packages/airflow/example_dags/example_complex.py
[2025-06-16T10:55:26.506-0300] {processor.py:829} INFO - Processing file /mnt/c/Users/arcan/Documents/airflow/.venv/lib/python3.10/site-packages/airflow/example_dags/example_complex.py for tasks to queue
[2025-06-16T10:55:26.508-0300] {logging_mixin.py:154} INFO - [2025-06-16T10:55:26.507-0300] {dagbag.py:536} INFO - Filling up the DagBag from /mnt/c/Users/arcan/Documents/airflow/.venv/lib/python3.10/site-packages/airflow/example_dags/example_complex.py
[2025-06-16T10:55:26.544-0300] {processor.py:839} INFO - DAG(s) dict_keys(['example_complex']) retrieved from /mnt/c/Users/arcan/Documents/airflow/.venv/lib/python3.10/site-packages/airflow/example_dags/example_complex.py
[2025-06-16T10:55:26.603-0300] {logging_mixin.py:154} INFO - [2025-06-16T10:55:26.603-0300] {dag.py:2941} INFO - Sync 1 DAGs
[2025-06-16T10:55:26.624-0300] {logging_mixin.py:154} INFO - [2025-06-16T10:55:26.624-0300] {dag.py:3722} INFO - Setting next_dagrun for example_complex to None, run_after=None
[2025-06-16T10:55:26.727-0300] {processor.py:179} INFO - Processing /mnt/c/Users/arcan/Documents/airflow/.venv/lib/python3.10/site-packages/airflow/example_dags/example_complex.py took 0.229 seconds
[2025-06-16T10:56:30.130-0300] {processor.py:157} INFO - Started process (PID=43814) to work on /mnt/c/Users/arcan/Documents/airflow/.venv/lib/python3.10/site-packages/airflow/example_dags/example_complex.py
[2025-06-16T10:56:30.132-0300] {processor.py:829} INFO - Processing file /mnt/c/Users/arcan/Documents/airflow/.venv/lib/python3.10/site-packages/airflow/example_dags/example_complex.py for tasks to queue
[2025-06-16T10:56:30.135-0300] {logging_mixin.py:154} INFO - [2025-06-16T10:56:30.134-0300] {dagbag.py:536} INFO - Filling up the DagBag from /mnt/c/Users/arcan/Documents/airflow/.venv/lib/python3.10/site-packages/airflow/example_dags/example_complex.py
[2025-06-16T10:56:30.169-0300] {processor.py:839} INFO - DAG(s) dict_keys(['example_complex']) retrieved from /mnt/c/Users/arcan/Documents/airflow/.venv/lib/python3.10/site-packages/airflow/example_dags/example_complex.py
[2025-06-16T10:56:30.216-0300] {logging_mixin.py:154} INFO - [2025-06-16T10:56:30.215-0300] {dag.py:2941} INFO - Sync 1 DAGs
[2025-06-16T10:56:30.232-0300] {logging_mixin.py:154} INFO - [2025-06-16T10:56:30.232-0300] {dag.py:3722} INFO - Setting next_dagrun for example_complex to None, run_after=None
[2025-06-16T10:56:30.331-0300] {processor.py:179} INFO - Processing /mnt/c/Users/arcan/Documents/airflow/.venv/lib/python3.10/site-packages/airflow/example_dags/example_complex.py took 0.205 seconds
[2025-06-16T10:57:39.037-0300] {processor.py:157} INFO - Started process (PID=44009) to work on /mnt/c/Users/arcan/Documents/airflow/.venv/lib/python3.10/site-packages/airflow/example_dags/example_complex.py
[2025-06-16T10:57:39.040-0300] {processor.py:829} INFO - Processing file /mnt/c/Users/arcan/Documents/airflow/.venv/lib/python3.10/site-packages/airflow/example_dags/example_complex.py for tasks to queue
[2025-06-16T10:57:39.044-0300] {logging_mixin.py:154} INFO - [2025-06-16T10:57:39.043-0300] {dagbag.py:536} INFO - Filling up the DagBag from /mnt/c/Users/arcan/Documents/airflow/.venv/lib/python3.10/site-packages/airflow/example_dags/example_complex.py
[2025-06-16T10:57:39.102-0300] {processor.py:839} INFO - DAG(s) dict_keys(['example_complex']) retrieved from /mnt/c/Users/arcan/Documents/airflow/.venv/lib/python3.10/site-packages/airflow/example_dags/example_complex.py
[2025-06-16T10:57:39.178-0300] {logging_mixin.py:154} INFO - [2025-06-16T10:57:39.178-0300] {dag.py:2941} INFO - Sync 1 DAGs
[2025-06-16T10:57:39.202-0300] {logging_mixin.py:154} INFO - [2025-06-16T10:57:39.202-0300] {dag.py:3722} INFO - Setting next_dagrun for example_complex to None, run_after=None
[2025-06-16T10:57:39.303-0300] {processor.py:179} INFO - Processing /mnt/c/Users/arcan/Documents/airflow/.venv/lib/python3.10/site-packages/airflow/example_dags/example_complex.py took 0.273 seconds
[2025-06-16T10:58:53.500-0300] {processor.py:157} INFO - Started process (PID=44333) to work on /mnt/c/Users/arcan/Documents/airflow/.venv/lib/python3.10/site-packages/airflow/example_dags/example_complex.py
[2025-06-16T10:58:53.501-0300] {processor.py:829} INFO - Processing file /mnt/c/Users/arcan/Documents/airflow/.venv/lib/python3.10/site-packages/airflow/example_dags/example_complex.py for tasks to queue
[2025-06-16T10:58:53.503-0300] {logging_mixin.py:154} INFO - [2025-06-16T10:58:53.502-0300] {dagbag.py:536} INFO - Filling up the DagBag from /mnt/c/Users/arcan/Documents/airflow/.venv/lib/python3.10/site-packages/airflow/example_dags/example_complex.py
[2025-06-16T10:58:53.550-0300] {processor.py:839} INFO - DAG(s) dict_keys(['example_complex']) retrieved from /mnt/c/Users/arcan/Documents/airflow/.venv/lib/python3.10/site-packages/airflow/example_dags/example_complex.py
[2025-06-16T10:58:53.593-0300] {logging_mixin.py:154} INFO - [2025-06-16T10:58:53.593-0300] {dag.py:2941} INFO - Sync 1 DAGs
[2025-06-16T10:58:53.609-0300] {logging_mixin.py:154} INFO - [2025-06-16T10:58:53.608-0300] {dag.py:3722} INFO - Setting next_dagrun for example_complex to None, run_after=None
[2025-06-16T10:58:53.687-0300] {processor.py:179} INFO - Processing /mnt/c/Users/arcan/Documents/airflow/.venv/lib/python3.10/site-packages/airflow/example_dags/example_complex.py took 0.191 seconds
[2025-06-16T11:00:01.506-0300] {processor.py:157} INFO - Started process (PID=44530) to work on /mnt/c/Users/arcan/Documents/airflow/.venv/lib/python3.10/site-packages/airflow/example_dags/example_complex.py
[2025-06-16T11:00:01.507-0300] {processor.py:829} INFO - Processing file /mnt/c/Users/arcan/Documents/airflow/.venv/lib/python3.10/site-packages/airflow/example_dags/example_complex.py for tasks to queue
[2025-06-16T11:00:01.509-0300] {logging_mixin.py:154} INFO - [2025-06-16T11:00:01.508-0300] {dagbag.py:536} INFO - Filling up the DagBag from /mnt/c/Users/arcan/Documents/airflow/.venv/lib/python3.10/site-packages/airflow/example_dags/example_complex.py
[2025-06-16T11:00:01.549-0300] {processor.py:839} INFO - DAG(s) dict_keys(['example_complex']) retrieved from /mnt/c/Users/arcan/Documents/airflow/.venv/lib/python3.10/site-packages/airflow/example_dags/example_complex.py
[2025-06-16T11:00:01.598-0300] {logging_mixin.py:154} INFO - [2025-06-16T11:00:01.598-0300] {dag.py:2941} INFO - Sync 1 DAGs
[2025-06-16T11:00:01.616-0300] {logging_mixin.py:154} INFO - [2025-06-16T11:00:01.615-0300] {dag.py:3722} INFO - Setting next_dagrun for example_complex to None, run_after=None
[2025-06-16T11:00:01.708-0300] {processor.py:179} INFO - Processing /mnt/c/Users/arcan/Documents/airflow/.venv/lib/python3.10/site-packages/airflow/example_dags/example_complex.py took 0.206 seconds
[2025-06-16T11:01:14.335-0300] {processor.py:157} INFO - Started process (PID=44747) to work on /mnt/c/Users/arcan/Documents/airflow/.venv/lib/python3.10/site-packages/airflow/example_dags/example_complex.py
[2025-06-16T11:01:14.337-0300] {processor.py:829} INFO - Processing file /mnt/c/Users/arcan/Documents/airflow/.venv/lib/python3.10/site-packages/airflow/example_dags/example_complex.py for tasks to queue
[2025-06-16T11:01:14.339-0300] {logging_mixin.py:154} INFO - [2025-06-16T11:01:14.338-0300] {dagbag.py:536} INFO - Filling up the DagBag from /mnt/c/Users/arcan/Documents/airflow/.venv/lib/python3.10/site-packages/airflow/example_dags/example_complex.py
[2025-06-16T11:01:14.374-0300] {processor.py:839} INFO - DAG(s) dict_keys(['example_complex']) retrieved from /mnt/c/Users/arcan/Documents/airflow/.venv/lib/python3.10/site-packages/airflow/example_dags/example_complex.py
[2025-06-16T11:01:14.426-0300] {logging_mixin.py:154} INFO - [2025-06-16T11:01:14.425-0300] {dag.py:2941} INFO - Sync 1 DAGs
[2025-06-16T11:01:14.445-0300] {logging_mixin.py:154} INFO - [2025-06-16T11:01:14.445-0300] {dag.py:3722} INFO - Setting next_dagrun for example_complex to None, run_after=None
[2025-06-16T11:01:14.539-0300] {processor.py:179} INFO - Processing /mnt/c/Users/arcan/Documents/airflow/.venv/lib/python3.10/site-packages/airflow/example_dags/example_complex.py took 0.209 seconds
[2025-06-16T11:02:20.964-0300] {processor.py:157} INFO - Started process (PID=44940) to work on /mnt/c/Users/arcan/Documents/airflow/.venv/lib/python3.10/site-packages/airflow/example_dags/example_complex.py
[2025-06-16T11:02:20.965-0300] {processor.py:829} INFO - Processing file /mnt/c/Users/arcan/Documents/airflow/.venv/lib/python3.10/site-packages/airflow/example_dags/example_complex.py for tasks to queue
[2025-06-16T11:02:20.967-0300] {logging_mixin.py:154} INFO - [2025-06-16T11:02:20.966-0300] {dagbag.py:536} INFO - Filling up the DagBag from /mnt/c/Users/arcan/Documents/airflow/.venv/lib/python3.10/site-packages/airflow/example_dags/example_complex.py
[2025-06-16T11:02:21.005-0300] {processor.py:839} INFO - DAG(s) dict_keys(['example_complex']) retrieved from /mnt/c/Users/arcan/Documents/airflow/.venv/lib/python3.10/site-packages/airflow/example_dags/example_complex.py
[2025-06-16T11:02:21.054-0300] {logging_mixin.py:154} INFO - [2025-06-16T11:02:21.054-0300] {dag.py:2941} INFO - Sync 1 DAGs
[2025-06-16T11:02:21.071-0300] {logging_mixin.py:154} INFO - [2025-06-16T11:02:21.071-0300] {dag.py:3722} INFO - Setting next_dagrun for example_complex to None, run_after=None
[2025-06-16T11:02:21.167-0300] {processor.py:179} INFO - Processing /mnt/c/Users/arcan/Documents/airflow/.venv/lib/python3.10/site-packages/airflow/example_dags/example_complex.py took 0.207 seconds
[2025-06-16T11:03:21.427-0300] {processor.py:157} INFO - Started process (PID=45110) to work on /mnt/c/Users/arcan/Documents/airflow/.venv/lib/python3.10/site-packages/airflow/example_dags/example_complex.py
[2025-06-16T11:03:21.429-0300] {processor.py:829} INFO - Processing file /mnt/c/Users/arcan/Documents/airflow/.venv/lib/python3.10/site-packages/airflow/example_dags/example_complex.py for tasks to queue
[2025-06-16T11:03:21.430-0300] {logging_mixin.py:154} INFO - [2025-06-16T11:03:21.430-0300] {dagbag.py:536} INFO - Filling up the DagBag from /mnt/c/Users/arcan/Documents/airflow/.venv/lib/python3.10/site-packages/airflow/example_dags/example_complex.py
[2025-06-16T11:03:21.468-0300] {processor.py:839} INFO - DAG(s) dict_keys(['example_complex']) retrieved from /mnt/c/Users/arcan/Documents/airflow/.venv/lib/python3.10/site-packages/airflow/example_dags/example_complex.py
[2025-06-16T11:03:21.518-0300] {logging_mixin.py:154} INFO - [2025-06-16T11:03:21.518-0300] {dag.py:2941} INFO - Sync 1 DAGs
[2025-06-16T11:03:21.535-0300] {logging_mixin.py:154} INFO - [2025-06-16T11:03:21.535-0300] {dag.py:3722} INFO - Setting next_dagrun for example_complex to None, run_after=None
[2025-06-16T11:03:21.629-0300] {processor.py:179} INFO - Processing /mnt/c/Users/arcan/Documents/airflow/.venv/lib/python3.10/site-packages/airflow/example_dags/example_complex.py took 0.206 seconds
[2025-06-16T11:04:21.883-0300] {processor.py:157} INFO - Started process (PID=45294) to work on /mnt/c/Users/arcan/Documents/airflow/.venv/lib/python3.10/site-packages/airflow/example_dags/example_complex.py
[2025-06-16T11:04:21.885-0300] {processor.py:829} INFO - Processing file /mnt/c/Users/arcan/Documents/airflow/.venv/lib/python3.10/site-packages/airflow/example_dags/example_complex.py for tasks to queue
[2025-06-16T11:04:21.887-0300] {logging_mixin.py:154} INFO - [2025-06-16T11:04:21.886-0300] {dagbag.py:536} INFO - Filling up the DagBag from /mnt/c/Users/arcan/Documents/airflow/.venv/lib/python3.10/site-packages/airflow/example_dags/example_complex.py
[2025-06-16T11:04:21.921-0300] {processor.py:839} INFO - DAG(s) dict_keys(['example_complex']) retrieved from /mnt/c/Users/arcan/Documents/airflow/.venv/lib/python3.10/site-packages/airflow/example_dags/example_complex.py
[2025-06-16T11:04:21.971-0300] {logging_mixin.py:154} INFO - [2025-06-16T11:04:21.970-0300] {dag.py:2941} INFO - Sync 1 DAGs
[2025-06-16T11:04:21.990-0300] {logging_mixin.py:154} INFO - [2025-06-16T11:04:21.990-0300] {dag.py:3722} INFO - Setting next_dagrun for example_complex to None, run_after=None
[2025-06-16T11:04:22.121-0300] {processor.py:179} INFO - Processing /mnt/c/Users/arcan/Documents/airflow/.venv/lib/python3.10/site-packages/airflow/example_dags/example_complex.py took 0.242 seconds
[2025-06-16T11:05:23.694-0300] {processor.py:157} INFO - Started process (PID=45471) to work on /mnt/c/Users/arcan/Documents/airflow/.venv/lib/python3.10/site-packages/airflow/example_dags/example_complex.py
[2025-06-16T11:05:23.696-0300] {processor.py:829} INFO - Processing file /mnt/c/Users/arcan/Documents/airflow/.venv/lib/python3.10/site-packages/airflow/example_dags/example_complex.py for tasks to queue
[2025-06-16T11:05:23.697-0300] {logging_mixin.py:154} INFO - [2025-06-16T11:05:23.697-0300] {dagbag.py:536} INFO - Filling up the DagBag from /mnt/c/Users/arcan/Documents/airflow/.venv/lib/python3.10/site-packages/airflow/example_dags/example_complex.py
[2025-06-16T11:05:23.729-0300] {processor.py:839} INFO - DAG(s) dict_keys(['example_complex']) retrieved from /mnt/c/Users/arcan/Documents/airflow/.venv/lib/python3.10/site-packages/airflow/example_dags/example_complex.py
[2025-06-16T11:05:23.777-0300] {logging_mixin.py:154} INFO - [2025-06-16T11:05:23.777-0300] {dag.py:2941} INFO - Sync 1 DAGs
[2025-06-16T11:05:23.794-0300] {logging_mixin.py:154} INFO - [2025-06-16T11:05:23.794-0300] {dag.py:3722} INFO - Setting next_dagrun for example_complex to None, run_after=None
[2025-06-16T11:05:23.901-0300] {processor.py:179} INFO - Processing /mnt/c/Users/arcan/Documents/airflow/.venv/lib/python3.10/site-packages/airflow/example_dags/example_complex.py took 0.211 seconds
[2025-06-16T11:06:31.289-0300] {processor.py:157} INFO - Started process (PID=45791) to work on /mnt/c/Users/arcan/Documents/airflow/.venv/lib/python3.10/site-packages/airflow/example_dags/example_complex.py
[2025-06-16T11:06:31.290-0300] {processor.py:829} INFO - Processing file /mnt/c/Users/arcan/Documents/airflow/.venv/lib/python3.10/site-packages/airflow/example_dags/example_complex.py for tasks to queue
[2025-06-16T11:06:31.292-0300] {logging_mixin.py:154} INFO - [2025-06-16T11:06:31.292-0300] {dagbag.py:536} INFO - Filling up the DagBag from /mnt/c/Users/arcan/Documents/airflow/.venv/lib/python3.10/site-packages/airflow/example_dags/example_complex.py
[2025-06-16T11:06:31.327-0300] {processor.py:839} INFO - DAG(s) dict_keys(['example_complex']) retrieved from /mnt/c/Users/arcan/Documents/airflow/.venv/lib/python3.10/site-packages/airflow/example_dags/example_complex.py
[2025-06-16T11:06:31.376-0300] {logging_mixin.py:154} INFO - [2025-06-16T11:06:31.376-0300] {dag.py:2941} INFO - Sync 1 DAGs
[2025-06-16T11:06:31.393-0300] {logging_mixin.py:154} INFO - [2025-06-16T11:06:31.392-0300] {dag.py:3722} INFO - Setting next_dagrun for example_complex to None, run_after=None
[2025-06-16T11:06:31.480-0300] {processor.py:179} INFO - Processing /mnt/c/Users/arcan/Documents/airflow/.venv/lib/python3.10/site-packages/airflow/example_dags/example_complex.py took 0.196 seconds
[2025-06-16T11:07:37.793-0300] {processor.py:157} INFO - Started process (PID=45986) to work on /mnt/c/Users/arcan/Documents/airflow/.venv/lib/python3.10/site-packages/airflow/example_dags/example_complex.py
[2025-06-16T11:07:37.795-0300] {processor.py:829} INFO - Processing file /mnt/c/Users/arcan/Documents/airflow/.venv/lib/python3.10/site-packages/airflow/example_dags/example_complex.py for tasks to queue
[2025-06-16T11:07:37.797-0300] {logging_mixin.py:154} INFO - [2025-06-16T11:07:37.796-0300] {dagbag.py:536} INFO - Filling up the DagBag from /mnt/c/Users/arcan/Documents/airflow/.venv/lib/python3.10/site-packages/airflow/example_dags/example_complex.py
[2025-06-16T11:07:37.834-0300] {processor.py:839} INFO - DAG(s) dict_keys(['example_complex']) retrieved from /mnt/c/Users/arcan/Documents/airflow/.venv/lib/python3.10/site-packages/airflow/example_dags/example_complex.py
[2025-06-16T11:07:37.892-0300] {logging_mixin.py:154} INFO - [2025-06-16T11:07:37.892-0300] {dag.py:2941} INFO - Sync 1 DAGs
[2025-06-16T11:07:37.911-0300] {logging_mixin.py:154} INFO - [2025-06-16T11:07:37.911-0300] {dag.py:3722} INFO - Setting next_dagrun for example_complex to None, run_after=None
[2025-06-16T11:07:38.003-0300] {processor.py:179} INFO - Processing /mnt/c/Users/arcan/Documents/airflow/.venv/lib/python3.10/site-packages/airflow/example_dags/example_complex.py took 0.214 seconds
[2025-06-16T11:08:37.604-0300] {processor.py:157} INFO - Started process (PID=46161) to work on /mnt/c/Users/arcan/Documents/airflow/.venv/lib/python3.10/site-packages/airflow/example_dags/example_complex.py
[2025-06-16T11:08:37.606-0300] {processor.py:829} INFO - Processing file /mnt/c/Users/arcan/Documents/airflow/.venv/lib/python3.10/site-packages/airflow/example_dags/example_complex.py for tasks to queue
[2025-06-16T11:08:37.608-0300] {logging_mixin.py:154} INFO - [2025-06-16T11:08:37.607-0300] {dagbag.py:536} INFO - Filling up the DagBag from /mnt/c/Users/arcan/Documents/airflow/.venv/lib/python3.10/site-packages/airflow/example_dags/example_complex.py
[2025-06-16T11:08:37.643-0300] {processor.py:839} INFO - DAG(s) dict_keys(['example_complex']) retrieved from /mnt/c/Users/arcan/Documents/airflow/.venv/lib/python3.10/site-packages/airflow/example_dags/example_complex.py
[2025-06-16T11:08:37.692-0300] {logging_mixin.py:154} INFO - [2025-06-16T11:08:37.691-0300] {dag.py:2941} INFO - Sync 1 DAGs
[2025-06-16T11:08:37.709-0300] {logging_mixin.py:154} INFO - [2025-06-16T11:08:37.709-0300] {dag.py:3722} INFO - Setting next_dagrun for example_complex to None, run_after=None
[2025-06-16T11:08:37.792-0300] {processor.py:179} INFO - Processing /mnt/c/Users/arcan/Documents/airflow/.venv/lib/python3.10/site-packages/airflow/example_dags/example_complex.py took 0.192 seconds
[2025-06-16T11:09:41.365-0300] {processor.py:157} INFO - Started process (PID=46341) to work on /mnt/c/Users/arcan/Documents/airflow/.venv/lib/python3.10/site-packages/airflow/example_dags/example_complex.py
[2025-06-16T11:09:41.367-0300] {processor.py:829} INFO - Processing file /mnt/c/Users/arcan/Documents/airflow/.venv/lib/python3.10/site-packages/airflow/example_dags/example_complex.py for tasks to queue
[2025-06-16T11:09:41.369-0300] {logging_mixin.py:154} INFO - [2025-06-16T11:09:41.369-0300] {dagbag.py:536} INFO - Filling up the DagBag from /mnt/c/Users/arcan/Documents/airflow/.venv/lib/python3.10/site-packages/airflow/example_dags/example_complex.py
[2025-06-16T11:09:41.402-0300] {processor.py:839} INFO - DAG(s) dict_keys(['example_complex']) retrieved from /mnt/c/Users/arcan/Documents/airflow/.venv/lib/python3.10/site-packages/airflow/example_dags/example_complex.py
[2025-06-16T11:09:41.451-0300] {logging_mixin.py:154} INFO - [2025-06-16T11:09:41.451-0300] {dag.py:2941} INFO - Sync 1 DAGs
[2025-06-16T11:09:41.470-0300] {logging_mixin.py:154} INFO - [2025-06-16T11:09:41.469-0300] {dag.py:3722} INFO - Setting next_dagrun for example_complex to None, run_after=None
[2025-06-16T11:09:41.558-0300] {processor.py:179} INFO - Processing /mnt/c/Users/arcan/Documents/airflow/.venv/lib/python3.10/site-packages/airflow/example_dags/example_complex.py took 0.197 seconds
[2025-06-16T11:10:41.011-0300] {processor.py:157} INFO - Started process (PID=46518) to work on /mnt/c/Users/arcan/Documents/airflow/.venv/lib/python3.10/site-packages/airflow/example_dags/example_complex.py
[2025-06-16T11:10:41.013-0300] {processor.py:829} INFO - Processing file /mnt/c/Users/arcan/Documents/airflow/.venv/lib/python3.10/site-packages/airflow/example_dags/example_complex.py for tasks to queue
[2025-06-16T11:10:41.016-0300] {logging_mixin.py:154} INFO - [2025-06-16T11:10:41.015-0300] {dagbag.py:536} INFO - Filling up the DagBag from /mnt/c/Users/arcan/Documents/airflow/.venv/lib/python3.10/site-packages/airflow/example_dags/example_complex.py
[2025-06-16T11:10:41.053-0300] {processor.py:839} INFO - DAG(s) dict_keys(['example_complex']) retrieved from /mnt/c/Users/arcan/Documents/airflow/.venv/lib/python3.10/site-packages/airflow/example_dags/example_complex.py
[2025-06-16T11:10:41.106-0300] {logging_mixin.py:154} INFO - [2025-06-16T11:10:41.106-0300] {dag.py:2941} INFO - Sync 1 DAGs
[2025-06-16T11:10:41.126-0300] {logging_mixin.py:154} INFO - [2025-06-16T11:10:41.126-0300] {dag.py:3722} INFO - Setting next_dagrun for example_complex to None, run_after=None
[2025-06-16T11:10:41.228-0300] {processor.py:179} INFO - Processing /mnt/c/Users/arcan/Documents/airflow/.venv/lib/python3.10/site-packages/airflow/example_dags/example_complex.py took 0.221 seconds
[2025-06-16T11:11:49.561-0300] {processor.py:157} INFO - Started process (PID=46716) to work on /mnt/c/Users/arcan/Documents/airflow/.venv/lib/python3.10/site-packages/airflow/example_dags/example_complex.py
[2025-06-16T11:11:49.563-0300] {processor.py:829} INFO - Processing file /mnt/c/Users/arcan/Documents/airflow/.venv/lib/python3.10/site-packages/airflow/example_dags/example_complex.py for tasks to queue
[2025-06-16T11:11:49.564-0300] {logging_mixin.py:154} INFO - [2025-06-16T11:11:49.564-0300] {dagbag.py:536} INFO - Filling up the DagBag from /mnt/c/Users/arcan/Documents/airflow/.venv/lib/python3.10/site-packages/airflow/example_dags/example_complex.py
[2025-06-16T11:11:49.599-0300] {processor.py:839} INFO - DAG(s) dict_keys(['example_complex']) retrieved from /mnt/c/Users/arcan/Documents/airflow/.venv/lib/python3.10/site-packages/airflow/example_dags/example_complex.py
[2025-06-16T11:11:49.644-0300] {logging_mixin.py:154} INFO - [2025-06-16T11:11:49.644-0300] {dag.py:2941} INFO - Sync 1 DAGs
[2025-06-16T11:11:49.661-0300] {logging_mixin.py:154} INFO - [2025-06-16T11:11:49.661-0300] {dag.py:3722} INFO - Setting next_dagrun for example_complex to None, run_after=None
[2025-06-16T11:11:49.750-0300] {processor.py:179} INFO - Processing /mnt/c/Users/arcan/Documents/airflow/.venv/lib/python3.10/site-packages/airflow/example_dags/example_complex.py took 0.193 seconds
[2025-06-16T11:12:55.179-0300] {processor.py:157} INFO - Started process (PID=46900) to work on /mnt/c/Users/arcan/Documents/airflow/.venv/lib/python3.10/site-packages/airflow/example_dags/example_complex.py
[2025-06-16T11:12:55.181-0300] {processor.py:829} INFO - Processing file /mnt/c/Users/arcan/Documents/airflow/.venv/lib/python3.10/site-packages/airflow/example_dags/example_complex.py for tasks to queue
[2025-06-16T11:12:55.182-0300] {logging_mixin.py:154} INFO - [2025-06-16T11:12:55.182-0300] {dagbag.py:536} INFO - Filling up the DagBag from /mnt/c/Users/arcan/Documents/airflow/.venv/lib/python3.10/site-packages/airflow/example_dags/example_complex.py
[2025-06-16T11:12:55.214-0300] {processor.py:839} INFO - DAG(s) dict_keys(['example_complex']) retrieved from /mnt/c/Users/arcan/Documents/airflow/.venv/lib/python3.10/site-packages/airflow/example_dags/example_complex.py
[2025-06-16T11:12:55.259-0300] {logging_mixin.py:154} INFO - [2025-06-16T11:12:55.259-0300] {dag.py:2941} INFO - Sync 1 DAGs
[2025-06-16T11:12:55.276-0300] {logging_mixin.py:154} INFO - [2025-06-16T11:12:55.276-0300] {dag.py:3722} INFO - Setting next_dagrun for example_complex to None, run_after=None
[2025-06-16T11:12:55.361-0300] {processor.py:179} INFO - Processing /mnt/c/Users/arcan/Documents/airflow/.venv/lib/python3.10/site-packages/airflow/example_dags/example_complex.py took 0.186 seconds
[2025-06-16T11:13:59.697-0300] {processor.py:157} INFO - Started process (PID=47210) to work on /mnt/c/Users/arcan/Documents/airflow/.venv/lib/python3.10/site-packages/airflow/example_dags/example_complex.py
[2025-06-16T11:13:59.699-0300] {processor.py:829} INFO - Processing file /mnt/c/Users/arcan/Documents/airflow/.venv/lib/python3.10/site-packages/airflow/example_dags/example_complex.py for tasks to queue
[2025-06-16T11:13:59.701-0300] {logging_mixin.py:154} INFO - [2025-06-16T11:13:59.701-0300] {dagbag.py:536} INFO - Filling up the DagBag from /mnt/c/Users/arcan/Documents/airflow/.venv/lib/python3.10/site-packages/airflow/example_dags/example_complex.py
[2025-06-16T11:13:59.735-0300] {processor.py:839} INFO - DAG(s) dict_keys(['example_complex']) retrieved from /mnt/c/Users/arcan/Documents/airflow/.venv/lib/python3.10/site-packages/airflow/example_dags/example_complex.py
[2025-06-16T11:13:59.778-0300] {logging_mixin.py:154} INFO - [2025-06-16T11:13:59.778-0300] {dag.py:2941} INFO - Sync 1 DAGs
[2025-06-16T11:13:59.793-0300] {logging_mixin.py:154} INFO - [2025-06-16T11:13:59.793-0300] {dag.py:3722} INFO - Setting next_dagrun for example_complex to None, run_after=None
[2025-06-16T11:13:59.879-0300] {processor.py:179} INFO - Processing /mnt/c/Users/arcan/Documents/airflow/.venv/lib/python3.10/site-packages/airflow/example_dags/example_complex.py took 0.185 seconds
[2025-06-16T11:15:01.734-0300] {processor.py:157} INFO - Started process (PID=47392) to work on /mnt/c/Users/arcan/Documents/airflow/.venv/lib/python3.10/site-packages/airflow/example_dags/example_complex.py
[2025-06-16T11:15:01.736-0300] {processor.py:829} INFO - Processing file /mnt/c/Users/arcan/Documents/airflow/.venv/lib/python3.10/site-packages/airflow/example_dags/example_complex.py for tasks to queue
[2025-06-16T11:15:01.738-0300] {logging_mixin.py:154} INFO - [2025-06-16T11:15:01.737-0300] {dagbag.py:536} INFO - Filling up the DagBag from /mnt/c/Users/arcan/Documents/airflow/.venv/lib/python3.10/site-packages/airflow/example_dags/example_complex.py
[2025-06-16T11:15:01.777-0300] {processor.py:839} INFO - DAG(s) dict_keys(['example_complex']) retrieved from /mnt/c/Users/arcan/Documents/airflow/.venv/lib/python3.10/site-packages/airflow/example_dags/example_complex.py
[2025-06-16T11:15:01.828-0300] {logging_mixin.py:154} INFO - [2025-06-16T11:15:01.827-0300] {dag.py:2941} INFO - Sync 1 DAGs
[2025-06-16T11:15:01.846-0300] {logging_mixin.py:154} INFO - [2025-06-16T11:15:01.846-0300] {dag.py:3722} INFO - Setting next_dagrun for example_complex to None, run_after=None
[2025-06-16T11:15:01.937-0300] {processor.py:179} INFO - Processing /mnt/c/Users/arcan/Documents/airflow/.venv/lib/python3.10/site-packages/airflow/example_dags/example_complex.py took 0.207 seconds
[2025-06-16T11:16:04.137-0300] {processor.py:157} INFO - Started process (PID=47575) to work on /mnt/c/Users/arcan/Documents/airflow/.venv/lib/python3.10/site-packages/airflow/example_dags/example_complex.py
[2025-06-16T11:16:04.139-0300] {processor.py:829} INFO - Processing file /mnt/c/Users/arcan/Documents/airflow/.venv/lib/python3.10/site-packages/airflow/example_dags/example_complex.py for tasks to queue
[2025-06-16T11:16:04.141-0300] {logging_mixin.py:154} INFO - [2025-06-16T11:16:04.140-0300] {dagbag.py:536} INFO - Filling up the DagBag from /mnt/c/Users/arcan/Documents/airflow/.venv/lib/python3.10/site-packages/airflow/example_dags/example_complex.py
[2025-06-16T11:16:04.178-0300] {processor.py:839} INFO - DAG(s) dict_keys(['example_complex']) retrieved from /mnt/c/Users/arcan/Documents/airflow/.venv/lib/python3.10/site-packages/airflow/example_dags/example_complex.py
[2025-06-16T11:16:04.231-0300] {logging_mixin.py:154} INFO - [2025-06-16T11:16:04.231-0300] {dag.py:2941} INFO - Sync 1 DAGs
[2025-06-16T11:16:04.250-0300] {logging_mixin.py:154} INFO - [2025-06-16T11:16:04.250-0300] {dag.py:3722} INFO - Setting next_dagrun for example_complex to None, run_after=None
[2025-06-16T11:16:04.339-0300] {processor.py:179} INFO - Processing /mnt/c/Users/arcan/Documents/airflow/.venv/lib/python3.10/site-packages/airflow/example_dags/example_complex.py took 0.207 seconds
[2025-06-16T11:17:11.003-0300] {processor.py:157} INFO - Started process (PID=47770) to work on /mnt/c/Users/arcan/Documents/airflow/.venv/lib/python3.10/site-packages/airflow/example_dags/example_complex.py
[2025-06-16T11:17:11.004-0300] {processor.py:829} INFO - Processing file /mnt/c/Users/arcan/Documents/airflow/.venv/lib/python3.10/site-packages/airflow/example_dags/example_complex.py for tasks to queue
[2025-06-16T11:17:11.006-0300] {logging_mixin.py:154} INFO - [2025-06-16T11:17:11.006-0300] {dagbag.py:536} INFO - Filling up the DagBag from /mnt/c/Users/arcan/Documents/airflow/.venv/lib/python3.10/site-packages/airflow/example_dags/example_complex.py
[2025-06-16T11:17:11.039-0300] {processor.py:839} INFO - DAG(s) dict_keys(['example_complex']) retrieved from /mnt/c/Users/arcan/Documents/airflow/.venv/lib/python3.10/site-packages/airflow/example_dags/example_complex.py
[2025-06-16T11:17:11.089-0300] {logging_mixin.py:154} INFO - [2025-06-16T11:17:11.089-0300] {dag.py:2941} INFO - Sync 1 DAGs
[2025-06-16T11:17:11.108-0300] {logging_mixin.py:154} INFO - [2025-06-16T11:17:11.108-0300] {dag.py:3722} INFO - Setting next_dagrun for example_complex to None, run_after=None
[2025-06-16T11:17:11.200-0300] {processor.py:179} INFO - Processing /mnt/c/Users/arcan/Documents/airflow/.venv/lib/python3.10/site-packages/airflow/example_dags/example_complex.py took 0.202 seconds
[2025-06-16T11:18:15.419-0300] {processor.py:157} INFO - Started process (PID=47957) to work on /mnt/c/Users/arcan/Documents/airflow/.venv/lib/python3.10/site-packages/airflow/example_dags/example_complex.py
[2025-06-16T11:18:15.421-0300] {processor.py:829} INFO - Processing file /mnt/c/Users/arcan/Documents/airflow/.venv/lib/python3.10/site-packages/airflow/example_dags/example_complex.py for tasks to queue
[2025-06-16T11:18:15.423-0300] {logging_mixin.py:154} INFO - [2025-06-16T11:18:15.422-0300] {dagbag.py:536} INFO - Filling up the DagBag from /mnt/c/Users/arcan/Documents/airflow/.venv/lib/python3.10/site-packages/airflow/example_dags/example_complex.py
[2025-06-16T11:18:15.462-0300] {processor.py:839} INFO - DAG(s) dict_keys(['example_complex']) retrieved from /mnt/c/Users/arcan/Documents/airflow/.venv/lib/python3.10/site-packages/airflow/example_dags/example_complex.py
[2025-06-16T11:18:15.514-0300] {logging_mixin.py:154} INFO - [2025-06-16T11:18:15.514-0300] {dag.py:2941} INFO - Sync 1 DAGs
[2025-06-16T11:18:15.531-0300] {logging_mixin.py:154} INFO - [2025-06-16T11:18:15.531-0300] {dag.py:3722} INFO - Setting next_dagrun for example_complex to None, run_after=None
[2025-06-16T11:18:15.619-0300] {processor.py:179} INFO - Processing /mnt/c/Users/arcan/Documents/airflow/.venv/lib/python3.10/site-packages/airflow/example_dags/example_complex.py took 0.205 seconds
[2025-06-16T11:19:20.361-0300] {processor.py:157} INFO - Started process (PID=48150) to work on /mnt/c/Users/arcan/Documents/airflow/.venv/lib/python3.10/site-packages/airflow/example_dags/example_complex.py
[2025-06-16T11:19:20.363-0300] {processor.py:829} INFO - Processing file /mnt/c/Users/arcan/Documents/airflow/.venv/lib/python3.10/site-packages/airflow/example_dags/example_complex.py for tasks to queue
[2025-06-16T11:19:20.364-0300] {logging_mixin.py:154} INFO - [2025-06-16T11:19:20.364-0300] {dagbag.py:536} INFO - Filling up the DagBag from /mnt/c/Users/arcan/Documents/airflow/.venv/lib/python3.10/site-packages/airflow/example_dags/example_complex.py
[2025-06-16T11:19:20.400-0300] {processor.py:839} INFO - DAG(s) dict_keys(['example_complex']) retrieved from /mnt/c/Users/arcan/Documents/airflow/.venv/lib/python3.10/site-packages/airflow/example_dags/example_complex.py
[2025-06-16T11:19:20.448-0300] {logging_mixin.py:154} INFO - [2025-06-16T11:19:20.448-0300] {dag.py:2941} INFO - Sync 1 DAGs
[2025-06-16T11:19:20.465-0300] {logging_mixin.py:154} INFO - [2025-06-16T11:19:20.465-0300] {dag.py:3722} INFO - Setting next_dagrun for example_complex to None, run_after=None
[2025-06-16T11:19:20.560-0300] {processor.py:179} INFO - Processing /mnt/c/Users/arcan/Documents/airflow/.venv/lib/python3.10/site-packages/airflow/example_dags/example_complex.py took 0.203 seconds
[2025-06-16T11:20:20.723-0300] {processor.py:157} INFO - Started process (PID=48448) to work on /mnt/c/Users/arcan/Documents/airflow/.venv/lib/python3.10/site-packages/airflow/example_dags/example_complex.py
[2025-06-16T11:20:20.724-0300] {processor.py:829} INFO - Processing file /mnt/c/Users/arcan/Documents/airflow/.venv/lib/python3.10/site-packages/airflow/example_dags/example_complex.py for tasks to queue
[2025-06-16T11:20:20.727-0300] {logging_mixin.py:154} INFO - [2025-06-16T11:20:20.726-0300] {dagbag.py:536} INFO - Filling up the DagBag from /mnt/c/Users/arcan/Documents/airflow/.venv/lib/python3.10/site-packages/airflow/example_dags/example_complex.py
[2025-06-16T11:20:20.765-0300] {processor.py:839} INFO - DAG(s) dict_keys(['example_complex']) retrieved from /mnt/c/Users/arcan/Documents/airflow/.venv/lib/python3.10/site-packages/airflow/example_dags/example_complex.py
[2025-06-16T11:20:20.813-0300] {logging_mixin.py:154} INFO - [2025-06-16T11:20:20.813-0300] {dag.py:2941} INFO - Sync 1 DAGs
[2025-06-16T11:20:20.830-0300] {logging_mixin.py:154} INFO - [2025-06-16T11:20:20.830-0300] {dag.py:3722} INFO - Setting next_dagrun for example_complex to None, run_after=None
[2025-06-16T11:20:20.917-0300] {processor.py:179} INFO - Processing /mnt/c/Users/arcan/Documents/airflow/.venv/lib/python3.10/site-packages/airflow/example_dags/example_complex.py took 0.199 seconds
[2025-06-16T11:21:22.929-0300] {processor.py:157} INFO - Started process (PID=48631) to work on /mnt/c/Users/arcan/Documents/airflow/.venv/lib/python3.10/site-packages/airflow/example_dags/example_complex.py
[2025-06-16T11:21:22.932-0300] {processor.py:829} INFO - Processing file /mnt/c/Users/arcan/Documents/airflow/.venv/lib/python3.10/site-packages/airflow/example_dags/example_complex.py for tasks to queue
[2025-06-16T11:21:22.933-0300] {logging_mixin.py:154} INFO - [2025-06-16T11:21:22.933-0300] {dagbag.py:536} INFO - Filling up the DagBag from /mnt/c/Users/arcan/Documents/airflow/.venv/lib/python3.10/site-packages/airflow/example_dags/example_complex.py
[2025-06-16T11:21:22.968-0300] {processor.py:839} INFO - DAG(s) dict_keys(['example_complex']) retrieved from /mnt/c/Users/arcan/Documents/airflow/.venv/lib/python3.10/site-packages/airflow/example_dags/example_complex.py
[2025-06-16T11:21:23.020-0300] {logging_mixin.py:154} INFO - [2025-06-16T11:21:23.019-0300] {dag.py:2941} INFO - Sync 1 DAGs
[2025-06-16T11:21:23.036-0300] {logging_mixin.py:154} INFO - [2025-06-16T11:21:23.036-0300] {dag.py:3722} INFO - Setting next_dagrun for example_complex to None, run_after=None
[2025-06-16T11:21:23.126-0300] {processor.py:179} INFO - Processing /mnt/c/Users/arcan/Documents/airflow/.venv/lib/python3.10/site-packages/airflow/example_dags/example_complex.py took 0.201 seconds
[2025-06-16T11:22:29.356-0300] {processor.py:157} INFO - Started process (PID=48825) to work on /mnt/c/Users/arcan/Documents/airflow/.venv/lib/python3.10/site-packages/airflow/example_dags/example_complex.py
[2025-06-16T11:22:29.357-0300] {processor.py:829} INFO - Processing file /mnt/c/Users/arcan/Documents/airflow/.venv/lib/python3.10/site-packages/airflow/example_dags/example_complex.py for tasks to queue
[2025-06-16T11:22:29.359-0300] {logging_mixin.py:154} INFO - [2025-06-16T11:22:29.358-0300] {dagbag.py:536} INFO - Filling up the DagBag from /mnt/c/Users/arcan/Documents/airflow/.venv/lib/python3.10/site-packages/airflow/example_dags/example_complex.py
[2025-06-16T11:22:29.392-0300] {processor.py:839} INFO - DAG(s) dict_keys(['example_complex']) retrieved from /mnt/c/Users/arcan/Documents/airflow/.venv/lib/python3.10/site-packages/airflow/example_dags/example_complex.py
[2025-06-16T11:22:29.438-0300] {logging_mixin.py:154} INFO - [2025-06-16T11:22:29.438-0300] {dag.py:2941} INFO - Sync 1 DAGs
[2025-06-16T11:22:29.453-0300] {logging_mixin.py:154} INFO - [2025-06-16T11:22:29.453-0300] {dag.py:3722} INFO - Setting next_dagrun for example_complex to None, run_after=None
[2025-06-16T11:22:29.542-0300] {processor.py:179} INFO - Processing /mnt/c/Users/arcan/Documents/airflow/.venv/lib/python3.10/site-packages/airflow/example_dags/example_complex.py took 0.190 seconds
[2025-06-16T11:23:28.660-0300] {processor.py:157} INFO - Started process (PID=49001) to work on /mnt/c/Users/arcan/Documents/airflow/.venv/lib/python3.10/site-packages/airflow/example_dags/example_complex.py
[2025-06-16T11:23:28.661-0300] {processor.py:829} INFO - Processing file /mnt/c/Users/arcan/Documents/airflow/.venv/lib/python3.10/site-packages/airflow/example_dags/example_complex.py for tasks to queue
[2025-06-16T11:23:28.663-0300] {logging_mixin.py:154} INFO - [2025-06-16T11:23:28.662-0300] {dagbag.py:536} INFO - Filling up the DagBag from /mnt/c/Users/arcan/Documents/airflow/.venv/lib/python3.10/site-packages/airflow/example_dags/example_complex.py
[2025-06-16T11:23:28.698-0300] {processor.py:839} INFO - DAG(s) dict_keys(['example_complex']) retrieved from /mnt/c/Users/arcan/Documents/airflow/.venv/lib/python3.10/site-packages/airflow/example_dags/example_complex.py
[2025-06-16T11:23:28.749-0300] {logging_mixin.py:154} INFO - [2025-06-16T11:23:28.748-0300] {dag.py:2941} INFO - Sync 1 DAGs
[2025-06-16T11:23:28.768-0300] {logging_mixin.py:154} INFO - [2025-06-16T11:23:28.768-0300] {dag.py:3722} INFO - Setting next_dagrun for example_complex to None, run_after=None
[2025-06-16T11:23:28.862-0300] {processor.py:179} INFO - Processing /mnt/c/Users/arcan/Documents/airflow/.venv/lib/python3.10/site-packages/airflow/example_dags/example_complex.py took 0.206 seconds
[2025-06-16T11:24:29.128-0300] {processor.py:157} INFO - Started process (PID=49175) to work on /mnt/c/Users/arcan/Documents/airflow/.venv/lib/python3.10/site-packages/airflow/example_dags/example_complex.py
[2025-06-16T11:24:29.130-0300] {processor.py:829} INFO - Processing file /mnt/c/Users/arcan/Documents/airflow/.venv/lib/python3.10/site-packages/airflow/example_dags/example_complex.py for tasks to queue
[2025-06-16T11:24:29.132-0300] {logging_mixin.py:154} INFO - [2025-06-16T11:24:29.131-0300] {dagbag.py:536} INFO - Filling up the DagBag from /mnt/c/Users/arcan/Documents/airflow/.venv/lib/python3.10/site-packages/airflow/example_dags/example_complex.py
[2025-06-16T11:24:29.169-0300] {processor.py:839} INFO - DAG(s) dict_keys(['example_complex']) retrieved from /mnt/c/Users/arcan/Documents/airflow/.venv/lib/python3.10/site-packages/airflow/example_dags/example_complex.py
[2025-06-16T11:24:29.220-0300] {logging_mixin.py:154} INFO - [2025-06-16T11:24:29.219-0300] {dag.py:2941} INFO - Sync 1 DAGs
[2025-06-16T11:24:29.235-0300] {logging_mixin.py:154} INFO - [2025-06-16T11:24:29.235-0300] {dag.py:3722} INFO - Setting next_dagrun for example_complex to None, run_after=None
[2025-06-16T11:24:29.328-0300] {processor.py:179} INFO - Processing /mnt/c/Users/arcan/Documents/airflow/.venv/lib/python3.10/site-packages/airflow/example_dags/example_complex.py took 0.204 seconds
[2025-06-16T11:25:31.467-0300] {processor.py:157} INFO - Started process (PID=49358) to work on /mnt/c/Users/arcan/Documents/airflow/.venv/lib/python3.10/site-packages/airflow/example_dags/example_complex.py
[2025-06-16T11:25:31.470-0300] {processor.py:829} INFO - Processing file /mnt/c/Users/arcan/Documents/airflow/.venv/lib/python3.10/site-packages/airflow/example_dags/example_complex.py for tasks to queue
[2025-06-16T11:25:31.471-0300] {logging_mixin.py:154} INFO - [2025-06-16T11:25:31.471-0300] {dagbag.py:536} INFO - Filling up the DagBag from /mnt/c/Users/arcan/Documents/airflow/.venv/lib/python3.10/site-packages/airflow/example_dags/example_complex.py
[2025-06-16T11:25:31.509-0300] {processor.py:839} INFO - DAG(s) dict_keys(['example_complex']) retrieved from /mnt/c/Users/arcan/Documents/airflow/.venv/lib/python3.10/site-packages/airflow/example_dags/example_complex.py
[2025-06-16T11:25:31.560-0300] {logging_mixin.py:154} INFO - [2025-06-16T11:25:31.560-0300] {dag.py:2941} INFO - Sync 1 DAGs
[2025-06-16T11:25:31.580-0300] {logging_mixin.py:154} INFO - [2025-06-16T11:25:31.579-0300] {dag.py:3722} INFO - Setting next_dagrun for example_complex to None, run_after=None
[2025-06-16T11:25:31.671-0300] {processor.py:179} INFO - Processing /mnt/c/Users/arcan/Documents/airflow/.venv/lib/python3.10/site-packages/airflow/example_dags/example_complex.py took 0.208 seconds
[2025-06-16T11:26:34.914-0300] {processor.py:157} INFO - Started process (PID=49541) to work on /mnt/c/Users/arcan/Documents/airflow/.venv/lib/python3.10/site-packages/airflow/example_dags/example_complex.py
[2025-06-16T11:26:34.917-0300] {processor.py:829} INFO - Processing file /mnt/c/Users/arcan/Documents/airflow/.venv/lib/python3.10/site-packages/airflow/example_dags/example_complex.py for tasks to queue
[2025-06-16T11:26:34.919-0300] {logging_mixin.py:154} INFO - [2025-06-16T11:26:34.918-0300] {dagbag.py:536} INFO - Filling up the DagBag from /mnt/c/Users/arcan/Documents/airflow/.venv/lib/python3.10/site-packages/airflow/example_dags/example_complex.py
[2025-06-16T11:26:34.954-0300] {processor.py:839} INFO - DAG(s) dict_keys(['example_complex']) retrieved from /mnt/c/Users/arcan/Documents/airflow/.venv/lib/python3.10/site-packages/airflow/example_dags/example_complex.py
[2025-06-16T11:26:35.005-0300] {logging_mixin.py:154} INFO - [2025-06-16T11:26:35.004-0300] {dag.py:2941} INFO - Sync 1 DAGs
[2025-06-16T11:26:35.025-0300] {logging_mixin.py:154} INFO - [2025-06-16T11:26:35.024-0300] {dag.py:3722} INFO - Setting next_dagrun for example_complex to None, run_after=None
[2025-06-16T11:26:35.120-0300] {processor.py:179} INFO - Processing /mnt/c/Users/arcan/Documents/airflow/.venv/lib/python3.10/site-packages/airflow/example_dags/example_complex.py took 0.211 seconds
[2025-06-16T11:27:41.649-0300] {processor.py:157} INFO - Started process (PID=49854) to work on /mnt/c/Users/arcan/Documents/airflow/.venv/lib/python3.10/site-packages/airflow/example_dags/example_complex.py
[2025-06-16T11:27:41.651-0300] {processor.py:829} INFO - Processing file /mnt/c/Users/arcan/Documents/airflow/.venv/lib/python3.10/site-packages/airflow/example_dags/example_complex.py for tasks to queue
[2025-06-16T11:27:41.653-0300] {logging_mixin.py:154} INFO - [2025-06-16T11:27:41.652-0300] {dagbag.py:536} INFO - Filling up the DagBag from /mnt/c/Users/arcan/Documents/airflow/.venv/lib/python3.10/site-packages/airflow/example_dags/example_complex.py
[2025-06-16T11:27:41.690-0300] {processor.py:839} INFO - DAG(s) dict_keys(['example_complex']) retrieved from /mnt/c/Users/arcan/Documents/airflow/.venv/lib/python3.10/site-packages/airflow/example_dags/example_complex.py
[2025-06-16T11:27:41.731-0300] {logging_mixin.py:154} INFO - [2025-06-16T11:27:41.730-0300] {dag.py:2941} INFO - Sync 1 DAGs
[2025-06-16T11:27:41.747-0300] {logging_mixin.py:154} INFO - [2025-06-16T11:27:41.746-0300] {dag.py:3722} INFO - Setting next_dagrun for example_complex to None, run_after=None
[2025-06-16T11:27:41.831-0300] {processor.py:179} INFO - Processing /mnt/c/Users/arcan/Documents/airflow/.venv/lib/python3.10/site-packages/airflow/example_dags/example_complex.py took 0.186 seconds
[2025-06-16T11:28:48.040-0300] {processor.py:157} INFO - Started process (PID=50054) to work on /mnt/c/Users/arcan/Documents/airflow/.venv/lib/python3.10/site-packages/airflow/example_dags/example_complex.py
[2025-06-16T11:28:48.042-0300] {processor.py:829} INFO - Processing file /mnt/c/Users/arcan/Documents/airflow/.venv/lib/python3.10/site-packages/airflow/example_dags/example_complex.py for tasks to queue
[2025-06-16T11:28:48.043-0300] {logging_mixin.py:154} INFO - [2025-06-16T11:28:48.043-0300] {dagbag.py:536} INFO - Filling up the DagBag from /mnt/c/Users/arcan/Documents/airflow/.venv/lib/python3.10/site-packages/airflow/example_dags/example_complex.py
[2025-06-16T11:28:48.081-0300] {processor.py:839} INFO - DAG(s) dict_keys(['example_complex']) retrieved from /mnt/c/Users/arcan/Documents/airflow/.venv/lib/python3.10/site-packages/airflow/example_dags/example_complex.py
[2025-06-16T11:28:48.133-0300] {logging_mixin.py:154} INFO - [2025-06-16T11:28:48.133-0300] {dag.py:2941} INFO - Sync 1 DAGs
[2025-06-16T11:28:48.150-0300] {logging_mixin.py:154} INFO - [2025-06-16T11:28:48.150-0300] {dag.py:3722} INFO - Setting next_dagrun for example_complex to None, run_after=None
[2025-06-16T11:28:48.243-0300] {processor.py:179} INFO - Processing /mnt/c/Users/arcan/Documents/airflow/.venv/lib/python3.10/site-packages/airflow/example_dags/example_complex.py took 0.207 seconds
[2025-06-16T11:29:52.826-0300] {processor.py:157} INFO - Started process (PID=50247) to work on /mnt/c/Users/arcan/Documents/airflow/.venv/lib/python3.10/site-packages/airflow/example_dags/example_complex.py
[2025-06-16T11:29:52.828-0300] {processor.py:829} INFO - Processing file /mnt/c/Users/arcan/Documents/airflow/.venv/lib/python3.10/site-packages/airflow/example_dags/example_complex.py for tasks to queue
[2025-06-16T11:29:52.830-0300] {logging_mixin.py:154} INFO - [2025-06-16T11:29:52.829-0300] {dagbag.py:536} INFO - Filling up the DagBag from /mnt/c/Users/arcan/Documents/airflow/.venv/lib/python3.10/site-packages/airflow/example_dags/example_complex.py
[2025-06-16T11:29:52.865-0300] {processor.py:839} INFO - DAG(s) dict_keys(['example_complex']) retrieved from /mnt/c/Users/arcan/Documents/airflow/.venv/lib/python3.10/site-packages/airflow/example_dags/example_complex.py
[2025-06-16T11:29:52.913-0300] {logging_mixin.py:154} INFO - [2025-06-16T11:29:52.913-0300] {dag.py:2941} INFO - Sync 1 DAGs
[2025-06-16T11:29:52.931-0300] {logging_mixin.py:154} INFO - [2025-06-16T11:29:52.931-0300] {dag.py:3722} INFO - Setting next_dagrun for example_complex to None, run_after=None
[2025-06-16T11:29:53.025-0300] {processor.py:179} INFO - Processing /mnt/c/Users/arcan/Documents/airflow/.venv/lib/python3.10/site-packages/airflow/example_dags/example_complex.py took 0.202 seconds
[2025-06-16T11:30:56.750-0300] {processor.py:157} INFO - Started process (PID=50429) to work on /mnt/c/Users/arcan/Documents/airflow/.venv/lib/python3.10/site-packages/airflow/example_dags/example_complex.py
[2025-06-16T11:30:56.751-0300] {processor.py:829} INFO - Processing file /mnt/c/Users/arcan/Documents/airflow/.venv/lib/python3.10/site-packages/airflow/example_dags/example_complex.py for tasks to queue
[2025-06-16T11:30:56.753-0300] {logging_mixin.py:154} INFO - [2025-06-16T11:30:56.752-0300] {dagbag.py:536} INFO - Filling up the DagBag from /mnt/c/Users/arcan/Documents/airflow/.venv/lib/python3.10/site-packages/airflow/example_dags/example_complex.py
[2025-06-16T11:30:56.788-0300] {processor.py:839} INFO - DAG(s) dict_keys(['example_complex']) retrieved from /mnt/c/Users/arcan/Documents/airflow/.venv/lib/python3.10/site-packages/airflow/example_dags/example_complex.py
[2025-06-16T11:30:56.844-0300] {logging_mixin.py:154} INFO - [2025-06-16T11:30:56.844-0300] {dag.py:2941} INFO - Sync 1 DAGs
[2025-06-16T11:30:56.864-0300] {logging_mixin.py:154} INFO - [2025-06-16T11:30:56.864-0300] {dag.py:3722} INFO - Setting next_dagrun for example_complex to None, run_after=None
[2025-06-16T11:30:56.958-0300] {processor.py:179} INFO - Processing /mnt/c/Users/arcan/Documents/airflow/.venv/lib/python3.10/site-packages/airflow/example_dags/example_complex.py took 0.212 seconds
[2025-06-16T11:32:09.629-0300] {processor.py:157} INFO - Started process (PID=50642) to work on /mnt/c/Users/arcan/Documents/airflow/.venv/lib/python3.10/site-packages/airflow/example_dags/example_complex.py
[2025-06-16T11:32:09.631-0300] {processor.py:829} INFO - Processing file /mnt/c/Users/arcan/Documents/airflow/.venv/lib/python3.10/site-packages/airflow/example_dags/example_complex.py for tasks to queue
[2025-06-16T11:32:09.632-0300] {logging_mixin.py:154} INFO - [2025-06-16T11:32:09.632-0300] {dagbag.py:536} INFO - Filling up the DagBag from /mnt/c/Users/arcan/Documents/airflow/.venv/lib/python3.10/site-packages/airflow/example_dags/example_complex.py
[2025-06-16T11:32:09.669-0300] {processor.py:839} INFO - DAG(s) dict_keys(['example_complex']) retrieved from /mnt/c/Users/arcan/Documents/airflow/.venv/lib/python3.10/site-packages/airflow/example_dags/example_complex.py
[2025-06-16T11:32:09.718-0300] {logging_mixin.py:154} INFO - [2025-06-16T11:32:09.718-0300] {dag.py:2941} INFO - Sync 1 DAGs
[2025-06-16T11:32:09.735-0300] {logging_mixin.py:154} INFO - [2025-06-16T11:32:09.735-0300] {dag.py:3722} INFO - Setting next_dagrun for example_complex to None, run_after=None
[2025-06-16T11:32:09.823-0300] {processor.py:179} INFO - Processing /mnt/c/Users/arcan/Documents/airflow/.venv/lib/python3.10/site-packages/airflow/example_dags/example_complex.py took 0.198 seconds
[2025-06-16T11:33:15.309-0300] {processor.py:157} INFO - Started process (PID=50834) to work on /mnt/c/Users/arcan/Documents/airflow/.venv/lib/python3.10/site-packages/airflow/example_dags/example_complex.py
[2025-06-16T11:33:15.311-0300] {processor.py:829} INFO - Processing file /mnt/c/Users/arcan/Documents/airflow/.venv/lib/python3.10/site-packages/airflow/example_dags/example_complex.py for tasks to queue
[2025-06-16T11:33:15.312-0300] {logging_mixin.py:154} INFO - [2025-06-16T11:33:15.312-0300] {dagbag.py:536} INFO - Filling up the DagBag from /mnt/c/Users/arcan/Documents/airflow/.venv/lib/python3.10/site-packages/airflow/example_dags/example_complex.py
[2025-06-16T11:33:15.347-0300] {processor.py:839} INFO - DAG(s) dict_keys(['example_complex']) retrieved from /mnt/c/Users/arcan/Documents/airflow/.venv/lib/python3.10/site-packages/airflow/example_dags/example_complex.py
[2025-06-16T11:33:15.399-0300] {logging_mixin.py:154} INFO - [2025-06-16T11:33:15.399-0300] {dag.py:2941} INFO - Sync 1 DAGs
[2025-06-16T11:33:15.420-0300] {logging_mixin.py:154} INFO - [2025-06-16T11:33:15.419-0300] {dag.py:3722} INFO - Setting next_dagrun for example_complex to None, run_after=None
[2025-06-16T11:33:15.521-0300] {processor.py:179} INFO - Processing /mnt/c/Users/arcan/Documents/airflow/.venv/lib/python3.10/site-packages/airflow/example_dags/example_complex.py took 0.215 seconds
[2025-06-16T11:34:17.387-0300] {processor.py:157} INFO - Started process (PID=51021) to work on /mnt/c/Users/arcan/Documents/airflow/.venv/lib/python3.10/site-packages/airflow/example_dags/example_complex.py
[2025-06-16T11:34:17.389-0300] {processor.py:829} INFO - Processing file /mnt/c/Users/arcan/Documents/airflow/.venv/lib/python3.10/site-packages/airflow/example_dags/example_complex.py for tasks to queue
[2025-06-16T11:34:17.391-0300] {logging_mixin.py:154} INFO - [2025-06-16T11:34:17.391-0300] {dagbag.py:536} INFO - Filling up the DagBag from /mnt/c/Users/arcan/Documents/airflow/.venv/lib/python3.10/site-packages/airflow/example_dags/example_complex.py
[2025-06-16T11:34:17.428-0300] {processor.py:839} INFO - DAG(s) dict_keys(['example_complex']) retrieved from /mnt/c/Users/arcan/Documents/airflow/.venv/lib/python3.10/site-packages/airflow/example_dags/example_complex.py
[2025-06-16T11:34:17.483-0300] {logging_mixin.py:154} INFO - [2025-06-16T11:34:17.483-0300] {dag.py:2941} INFO - Sync 1 DAGs
[2025-06-16T11:34:17.501-0300] {logging_mixin.py:154} INFO - [2025-06-16T11:34:17.501-0300] {dag.py:3722} INFO - Setting next_dagrun for example_complex to None, run_after=None
[2025-06-16T11:34:17.590-0300] {processor.py:179} INFO - Processing /mnt/c/Users/arcan/Documents/airflow/.venv/lib/python3.10/site-packages/airflow/example_dags/example_complex.py took 0.209 seconds
[2025-06-16T11:35:17.250-0300] {processor.py:157} INFO - Started process (PID=51320) to work on /mnt/c/Users/arcan/Documents/airflow/.venv/lib/python3.10/site-packages/airflow/example_dags/example_complex.py
[2025-06-16T11:35:17.251-0300] {processor.py:829} INFO - Processing file /mnt/c/Users/arcan/Documents/airflow/.venv/lib/python3.10/site-packages/airflow/example_dags/example_complex.py for tasks to queue
[2025-06-16T11:35:17.253-0300] {logging_mixin.py:154} INFO - [2025-06-16T11:35:17.252-0300] {dagbag.py:536} INFO - Filling up the DagBag from /mnt/c/Users/arcan/Documents/airflow/.venv/lib/python3.10/site-packages/airflow/example_dags/example_complex.py
[2025-06-16T11:35:17.291-0300] {processor.py:839} INFO - DAG(s) dict_keys(['example_complex']) retrieved from /mnt/c/Users/arcan/Documents/airflow/.venv/lib/python3.10/site-packages/airflow/example_dags/example_complex.py
[2025-06-16T11:35:17.341-0300] {logging_mixin.py:154} INFO - [2025-06-16T11:35:17.341-0300] {dag.py:2941} INFO - Sync 1 DAGs
[2025-06-16T11:35:17.359-0300] {logging_mixin.py:154} INFO - [2025-06-16T11:35:17.359-0300] {dag.py:3722} INFO - Setting next_dagrun for example_complex to None, run_after=None
[2025-06-16T11:35:17.456-0300] {processor.py:179} INFO - Processing /mnt/c/Users/arcan/Documents/airflow/.venv/lib/python3.10/site-packages/airflow/example_dags/example_complex.py took 0.211 seconds
[2025-06-16T11:36:17.768-0300] {processor.py:157} INFO - Started process (PID=51503) to work on /mnt/c/Users/arcan/Documents/airflow/.venv/lib/python3.10/site-packages/airflow/example_dags/example_complex.py
[2025-06-16T11:36:17.770-0300] {processor.py:829} INFO - Processing file /mnt/c/Users/arcan/Documents/airflow/.venv/lib/python3.10/site-packages/airflow/example_dags/example_complex.py for tasks to queue
[2025-06-16T11:36:17.772-0300] {logging_mixin.py:154} INFO - [2025-06-16T11:36:17.771-0300] {dagbag.py:536} INFO - Filling up the DagBag from /mnt/c/Users/arcan/Documents/airflow/.venv/lib/python3.10/site-packages/airflow/example_dags/example_complex.py
[2025-06-16T11:36:17.809-0300] {processor.py:839} INFO - DAG(s) dict_keys(['example_complex']) retrieved from /mnt/c/Users/arcan/Documents/airflow/.venv/lib/python3.10/site-packages/airflow/example_dags/example_complex.py
[2025-06-16T11:36:17.861-0300] {logging_mixin.py:154} INFO - [2025-06-16T11:36:17.861-0300] {dag.py:2941} INFO - Sync 1 DAGs
[2025-06-16T11:36:17.880-0300] {logging_mixin.py:154} INFO - [2025-06-16T11:36:17.879-0300] {dag.py:3722} INFO - Setting next_dagrun for example_complex to None, run_after=None
[2025-06-16T11:36:17.976-0300] {processor.py:179} INFO - Processing /mnt/c/Users/arcan/Documents/airflow/.venv/lib/python3.10/site-packages/airflow/example_dags/example_complex.py took 0.212 seconds
[2025-06-16T11:37:26.413-0300] {processor.py:157} INFO - Started process (PID=51704) to work on /mnt/c/Users/arcan/Documents/airflow/.venv/lib/python3.10/site-packages/airflow/example_dags/example_complex.py
[2025-06-16T11:37:26.415-0300] {processor.py:829} INFO - Processing file /mnt/c/Users/arcan/Documents/airflow/.venv/lib/python3.10/site-packages/airflow/example_dags/example_complex.py for tasks to queue
[2025-06-16T11:37:26.417-0300] {logging_mixin.py:154} INFO - [2025-06-16T11:37:26.416-0300] {dagbag.py:536} INFO - Filling up the DagBag from /mnt/c/Users/arcan/Documents/airflow/.venv/lib/python3.10/site-packages/airflow/example_dags/example_complex.py
[2025-06-16T11:37:26.452-0300] {processor.py:839} INFO - DAG(s) dict_keys(['example_complex']) retrieved from /mnt/c/Users/arcan/Documents/airflow/.venv/lib/python3.10/site-packages/airflow/example_dags/example_complex.py
[2025-06-16T11:37:26.497-0300] {logging_mixin.py:154} INFO - [2025-06-16T11:37:26.497-0300] {dag.py:2941} INFO - Sync 1 DAGs
[2025-06-16T11:37:26.514-0300] {logging_mixin.py:154} INFO - [2025-06-16T11:37:26.514-0300] {dag.py:3722} INFO - Setting next_dagrun for example_complex to None, run_after=None
[2025-06-16T11:37:26.594-0300] {processor.py:179} INFO - Processing /mnt/c/Users/arcan/Documents/airflow/.venv/lib/python3.10/site-packages/airflow/example_dags/example_complex.py took 0.186 seconds
[2025-06-16T11:38:34.132-0300] {processor.py:157} INFO - Started process (PID=51901) to work on /mnt/c/Users/arcan/Documents/airflow/.venv/lib/python3.10/site-packages/airflow/example_dags/example_complex.py
[2025-06-16T11:38:34.134-0300] {processor.py:829} INFO - Processing file /mnt/c/Users/arcan/Documents/airflow/.venv/lib/python3.10/site-packages/airflow/example_dags/example_complex.py for tasks to queue
[2025-06-16T11:38:34.136-0300] {logging_mixin.py:154} INFO - [2025-06-16T11:38:34.135-0300] {dagbag.py:536} INFO - Filling up the DagBag from /mnt/c/Users/arcan/Documents/airflow/.venv/lib/python3.10/site-packages/airflow/example_dags/example_complex.py
[2025-06-16T11:38:34.172-0300] {processor.py:839} INFO - DAG(s) dict_keys(['example_complex']) retrieved from /mnt/c/Users/arcan/Documents/airflow/.venv/lib/python3.10/site-packages/airflow/example_dags/example_complex.py
[2025-06-16T11:38:34.219-0300] {logging_mixin.py:154} INFO - [2025-06-16T11:38:34.219-0300] {dag.py:2941} INFO - Sync 1 DAGs
[2025-06-16T11:38:34.235-0300] {logging_mixin.py:154} INFO - [2025-06-16T11:38:34.235-0300] {dag.py:3722} INFO - Setting next_dagrun for example_complex to None, run_after=None
[2025-06-16T11:38:34.326-0300] {processor.py:179} INFO - Processing /mnt/c/Users/arcan/Documents/airflow/.venv/lib/python3.10/site-packages/airflow/example_dags/example_complex.py took 0.198 seconds
[2025-06-16T11:39:43.746-0300] {processor.py:157} INFO - Started process (PID=52099) to work on /mnt/c/Users/arcan/Documents/airflow/.venv/lib/python3.10/site-packages/airflow/example_dags/example_complex.py
[2025-06-16T11:39:43.748-0300] {processor.py:829} INFO - Processing file /mnt/c/Users/arcan/Documents/airflow/.venv/lib/python3.10/site-packages/airflow/example_dags/example_complex.py for tasks to queue
[2025-06-16T11:39:43.749-0300] {logging_mixin.py:154} INFO - [2025-06-16T11:39:43.749-0300] {dagbag.py:536} INFO - Filling up the DagBag from /mnt/c/Users/arcan/Documents/airflow/.venv/lib/python3.10/site-packages/airflow/example_dags/example_complex.py
[2025-06-16T11:39:43.786-0300] {processor.py:839} INFO - DAG(s) dict_keys(['example_complex']) retrieved from /mnt/c/Users/arcan/Documents/airflow/.venv/lib/python3.10/site-packages/airflow/example_dags/example_complex.py
[2025-06-16T11:39:43.842-0300] {logging_mixin.py:154} INFO - [2025-06-16T11:39:43.841-0300] {dag.py:2941} INFO - Sync 1 DAGs
[2025-06-16T11:39:43.862-0300] {logging_mixin.py:154} INFO - [2025-06-16T11:39:43.861-0300] {dag.py:3722} INFO - Setting next_dagrun for example_complex to None, run_after=None
[2025-06-16T11:39:43.952-0300] {processor.py:179} INFO - Processing /mnt/c/Users/arcan/Documents/airflow/.venv/lib/python3.10/site-packages/airflow/example_dags/example_complex.py took 0.211 seconds
[2025-06-16T11:40:49.019-0300] {processor.py:157} INFO - Started process (PID=52300) to work on /mnt/c/Users/arcan/Documents/airflow/.venv/lib/python3.10/site-packages/airflow/example_dags/example_complex.py
[2025-06-16T11:40:49.020-0300] {processor.py:829} INFO - Processing file /mnt/c/Users/arcan/Documents/airflow/.venv/lib/python3.10/site-packages/airflow/example_dags/example_complex.py for tasks to queue
[2025-06-16T11:40:49.022-0300] {logging_mixin.py:154} INFO - [2025-06-16T11:40:49.021-0300] {dagbag.py:536} INFO - Filling up the DagBag from /mnt/c/Users/arcan/Documents/airflow/.venv/lib/python3.10/site-packages/airflow/example_dags/example_complex.py
[2025-06-16T11:40:49.057-0300] {processor.py:839} INFO - DAG(s) dict_keys(['example_complex']) retrieved from /mnt/c/Users/arcan/Documents/airflow/.venv/lib/python3.10/site-packages/airflow/example_dags/example_complex.py
[2025-06-16T11:40:49.107-0300] {logging_mixin.py:154} INFO - [2025-06-16T11:40:49.107-0300] {dag.py:2941} INFO - Sync 1 DAGs
[2025-06-16T11:40:49.124-0300] {logging_mixin.py:154} INFO - [2025-06-16T11:40:49.124-0300] {dag.py:3722} INFO - Setting next_dagrun for example_complex to None, run_after=None
[2025-06-16T11:40:49.221-0300] {processor.py:179} INFO - Processing /mnt/c/Users/arcan/Documents/airflow/.venv/lib/python3.10/site-packages/airflow/example_dags/example_complex.py took 0.207 seconds
[2025-06-16T11:41:52.478-0300] {processor.py:157} INFO - Started process (PID=52602) to work on /mnt/c/Users/arcan/Documents/airflow/.venv/lib/python3.10/site-packages/airflow/example_dags/example_complex.py
[2025-06-16T11:41:52.480-0300] {processor.py:829} INFO - Processing file /mnt/c/Users/arcan/Documents/airflow/.venv/lib/python3.10/site-packages/airflow/example_dags/example_complex.py for tasks to queue
[2025-06-16T11:41:52.482-0300] {logging_mixin.py:154} INFO - [2025-06-16T11:41:52.481-0300] {dagbag.py:536} INFO - Filling up the DagBag from /mnt/c/Users/arcan/Documents/airflow/.venv/lib/python3.10/site-packages/airflow/example_dags/example_complex.py
[2025-06-16T11:41:52.515-0300] {processor.py:839} INFO - DAG(s) dict_keys(['example_complex']) retrieved from /mnt/c/Users/arcan/Documents/airflow/.venv/lib/python3.10/site-packages/airflow/example_dags/example_complex.py
[2025-06-16T11:41:52.562-0300] {logging_mixin.py:154} INFO - [2025-06-16T11:41:52.562-0300] {dag.py:2941} INFO - Sync 1 DAGs
[2025-06-16T11:41:52.579-0300] {logging_mixin.py:154} INFO - [2025-06-16T11:41:52.578-0300] {dag.py:3722} INFO - Setting next_dagrun for example_complex to None, run_after=None
[2025-06-16T11:41:52.668-0300] {processor.py:179} INFO - Processing /mnt/c/Users/arcan/Documents/airflow/.venv/lib/python3.10/site-packages/airflow/example_dags/example_complex.py took 0.194 seconds
[2025-06-16T11:43:03.569-0300] {processor.py:157} INFO - Started process (PID=52814) to work on /mnt/c/Users/arcan/Documents/airflow/.venv/lib/python3.10/site-packages/airflow/example_dags/example_complex.py
[2025-06-16T11:43:03.571-0300] {processor.py:829} INFO - Processing file /mnt/c/Users/arcan/Documents/airflow/.venv/lib/python3.10/site-packages/airflow/example_dags/example_complex.py for tasks to queue
[2025-06-16T11:43:03.572-0300] {logging_mixin.py:154} INFO - [2025-06-16T11:43:03.572-0300] {dagbag.py:536} INFO - Filling up the DagBag from /mnt/c/Users/arcan/Documents/airflow/.venv/lib/python3.10/site-packages/airflow/example_dags/example_complex.py
[2025-06-16T11:43:03.607-0300] {processor.py:839} INFO - DAG(s) dict_keys(['example_complex']) retrieved from /mnt/c/Users/arcan/Documents/airflow/.venv/lib/python3.10/site-packages/airflow/example_dags/example_complex.py
[2025-06-16T11:43:03.656-0300] {logging_mixin.py:154} INFO - [2025-06-16T11:43:03.656-0300] {dag.py:2941} INFO - Sync 1 DAGs
[2025-06-16T11:43:03.671-0300] {logging_mixin.py:154} INFO - [2025-06-16T11:43:03.671-0300] {dag.py:3722} INFO - Setting next_dagrun for example_complex to None, run_after=None
[2025-06-16T11:43:03.769-0300] {processor.py:179} INFO - Processing /mnt/c/Users/arcan/Documents/airflow/.venv/lib/python3.10/site-packages/airflow/example_dags/example_complex.py took 0.204 seconds
[2025-06-16T11:44:12.115-0300] {processor.py:157} INFO - Started process (PID=53015) to work on /mnt/c/Users/arcan/Documents/airflow/.venv/lib/python3.10/site-packages/airflow/example_dags/example_complex.py
[2025-06-16T11:44:12.117-0300] {processor.py:829} INFO - Processing file /mnt/c/Users/arcan/Documents/airflow/.venv/lib/python3.10/site-packages/airflow/example_dags/example_complex.py for tasks to queue
[2025-06-16T11:44:12.119-0300] {logging_mixin.py:154} INFO - [2025-06-16T11:44:12.118-0300] {dagbag.py:536} INFO - Filling up the DagBag from /mnt/c/Users/arcan/Documents/airflow/.venv/lib/python3.10/site-packages/airflow/example_dags/example_complex.py
[2025-06-16T11:44:12.154-0300] {processor.py:839} INFO - DAG(s) dict_keys(['example_complex']) retrieved from /mnt/c/Users/arcan/Documents/airflow/.venv/lib/python3.10/site-packages/airflow/example_dags/example_complex.py
[2025-06-16T11:44:12.323-0300] {logging_mixin.py:154} INFO - [2025-06-16T11:44:12.322-0300] {dag.py:2941} INFO - Sync 1 DAGs
[2025-06-16T11:44:12.337-0300] {logging_mixin.py:154} INFO - [2025-06-16T11:44:12.337-0300] {dag.py:3722} INFO - Setting next_dagrun for example_complex to None, run_after=None
[2025-06-16T11:44:12.428-0300] {processor.py:179} INFO - Processing /mnt/c/Users/arcan/Documents/airflow/.venv/lib/python3.10/site-packages/airflow/example_dags/example_complex.py took 0.317 seconds
[2025-06-16T11:45:19.775-0300] {processor.py:157} INFO - Started process (PID=53215) to work on /mnt/c/Users/arcan/Documents/airflow/.venv/lib/python3.10/site-packages/airflow/example_dags/example_complex.py
[2025-06-16T11:45:19.778-0300] {processor.py:829} INFO - Processing file /mnt/c/Users/arcan/Documents/airflow/.venv/lib/python3.10/site-packages/airflow/example_dags/example_complex.py for tasks to queue
[2025-06-16T11:45:19.780-0300] {logging_mixin.py:154} INFO - [2025-06-16T11:45:19.779-0300] {dagbag.py:536} INFO - Filling up the DagBag from /mnt/c/Users/arcan/Documents/airflow/.venv/lib/python3.10/site-packages/airflow/example_dags/example_complex.py
[2025-06-16T11:45:19.817-0300] {processor.py:839} INFO - DAG(s) dict_keys(['example_complex']) retrieved from /mnt/c/Users/arcan/Documents/airflow/.venv/lib/python3.10/site-packages/airflow/example_dags/example_complex.py
[2025-06-16T11:45:19.865-0300] {logging_mixin.py:154} INFO - [2025-06-16T11:45:19.865-0300] {dag.py:2941} INFO - Sync 1 DAGs
[2025-06-16T11:45:19.881-0300] {logging_mixin.py:154} INFO - [2025-06-16T11:45:19.881-0300] {dag.py:3722} INFO - Setting next_dagrun for example_complex to None, run_after=None
[2025-06-16T11:45:19.972-0300] {processor.py:179} INFO - Processing /mnt/c/Users/arcan/Documents/airflow/.venv/lib/python3.10/site-packages/airflow/example_dags/example_complex.py took 0.200 seconds
[2025-06-16T11:46:24.122-0300] {processor.py:157} INFO - Started process (PID=53404) to work on /mnt/c/Users/arcan/Documents/airflow/.venv/lib/python3.10/site-packages/airflow/example_dags/example_complex.py
[2025-06-16T11:46:24.125-0300] {processor.py:829} INFO - Processing file /mnt/c/Users/arcan/Documents/airflow/.venv/lib/python3.10/site-packages/airflow/example_dags/example_complex.py for tasks to queue
[2025-06-16T11:46:24.127-0300] {logging_mixin.py:154} INFO - [2025-06-16T11:46:24.126-0300] {dagbag.py:536} INFO - Filling up the DagBag from /mnt/c/Users/arcan/Documents/airflow/.venv/lib/python3.10/site-packages/airflow/example_dags/example_complex.py
[2025-06-16T11:46:24.167-0300] {processor.py:839} INFO - DAG(s) dict_keys(['example_complex']) retrieved from /mnt/c/Users/arcan/Documents/airflow/.venv/lib/python3.10/site-packages/airflow/example_dags/example_complex.py
[2025-06-16T11:46:24.220-0300] {logging_mixin.py:154} INFO - [2025-06-16T11:46:24.219-0300] {dag.py:2941} INFO - Sync 1 DAGs
[2025-06-16T11:46:24.239-0300] {logging_mixin.py:154} INFO - [2025-06-16T11:46:24.239-0300] {dag.py:3722} INFO - Setting next_dagrun for example_complex to None, run_after=None
[2025-06-16T11:46:24.326-0300] {processor.py:179} INFO - Processing /mnt/c/Users/arcan/Documents/airflow/.venv/lib/python3.10/site-packages/airflow/example_dags/example_complex.py took 0.209 seconds
[2025-06-16T11:47:32.125-0300] {processor.py:157} INFO - Started process (PID=53602) to work on /mnt/c/Users/arcan/Documents/airflow/.venv/lib/python3.10/site-packages/airflow/example_dags/example_complex.py
[2025-06-16T11:47:32.127-0300] {processor.py:829} INFO - Processing file /mnt/c/Users/arcan/Documents/airflow/.venv/lib/python3.10/site-packages/airflow/example_dags/example_complex.py for tasks to queue
[2025-06-16T11:47:32.128-0300] {logging_mixin.py:154} INFO - [2025-06-16T11:47:32.128-0300] {dagbag.py:536} INFO - Filling up the DagBag from /mnt/c/Users/arcan/Documents/airflow/.venv/lib/python3.10/site-packages/airflow/example_dags/example_complex.py
[2025-06-16T11:47:32.162-0300] {processor.py:839} INFO - DAG(s) dict_keys(['example_complex']) retrieved from /mnt/c/Users/arcan/Documents/airflow/.venv/lib/python3.10/site-packages/airflow/example_dags/example_complex.py
[2025-06-16T11:47:32.207-0300] {logging_mixin.py:154} INFO - [2025-06-16T11:47:32.207-0300] {dag.py:2941} INFO - Sync 1 DAGs
[2025-06-16T11:47:32.222-0300] {logging_mixin.py:154} INFO - [2025-06-16T11:47:32.222-0300] {dag.py:3722} INFO - Setting next_dagrun for example_complex to None, run_after=None
[2025-06-16T11:47:32.312-0300] {processor.py:179} INFO - Processing /mnt/c/Users/arcan/Documents/airflow/.venv/lib/python3.10/site-packages/airflow/example_dags/example_complex.py took 0.192 seconds
[2025-06-16T11:48:35.033-0300] {processor.py:157} INFO - Started process (PID=53793) to work on /mnt/c/Users/arcan/Documents/airflow/.venv/lib/python3.10/site-packages/airflow/example_dags/example_complex.py
[2025-06-16T11:48:35.035-0300] {processor.py:829} INFO - Processing file /mnt/c/Users/arcan/Documents/airflow/.venv/lib/python3.10/site-packages/airflow/example_dags/example_complex.py for tasks to queue
[2025-06-16T11:48:35.036-0300] {logging_mixin.py:154} INFO - [2025-06-16T11:48:35.036-0300] {dagbag.py:536} INFO - Filling up the DagBag from /mnt/c/Users/arcan/Documents/airflow/.venv/lib/python3.10/site-packages/airflow/example_dags/example_complex.py
[2025-06-16T11:48:35.073-0300] {processor.py:839} INFO - DAG(s) dict_keys(['example_complex']) retrieved from /mnt/c/Users/arcan/Documents/airflow/.venv/lib/python3.10/site-packages/airflow/example_dags/example_complex.py
[2025-06-16T11:48:35.117-0300] {logging_mixin.py:154} INFO - [2025-06-16T11:48:35.117-0300] {dag.py:2941} INFO - Sync 1 DAGs
[2025-06-16T11:48:35.133-0300] {logging_mixin.py:154} INFO - [2025-06-16T11:48:35.133-0300] {dag.py:3722} INFO - Setting next_dagrun for example_complex to None, run_after=None
[2025-06-16T11:48:35.230-0300] {processor.py:179} INFO - Processing /mnt/c/Users/arcan/Documents/airflow/.venv/lib/python3.10/site-packages/airflow/example_dags/example_complex.py took 0.201 seconds
[2025-06-16T11:49:36.759-0300] {processor.py:157} INFO - Started process (PID=54098) to work on /mnt/c/Users/arcan/Documents/airflow/.venv/lib/python3.10/site-packages/airflow/example_dags/example_complex.py
[2025-06-16T11:49:36.761-0300] {processor.py:829} INFO - Processing file /mnt/c/Users/arcan/Documents/airflow/.venv/lib/python3.10/site-packages/airflow/example_dags/example_complex.py for tasks to queue
[2025-06-16T11:49:36.763-0300] {logging_mixin.py:154} INFO - [2025-06-16T11:49:36.763-0300] {dagbag.py:536} INFO - Filling up the DagBag from /mnt/c/Users/arcan/Documents/airflow/.venv/lib/python3.10/site-packages/airflow/example_dags/example_complex.py
[2025-06-16T11:49:36.796-0300] {processor.py:839} INFO - DAG(s) dict_keys(['example_complex']) retrieved from /mnt/c/Users/arcan/Documents/airflow/.venv/lib/python3.10/site-packages/airflow/example_dags/example_complex.py
[2025-06-16T11:49:36.849-0300] {logging_mixin.py:154} INFO - [2025-06-16T11:49:36.849-0300] {dag.py:2941} INFO - Sync 1 DAGs
[2025-06-16T11:49:36.868-0300] {logging_mixin.py:154} INFO - [2025-06-16T11:49:36.867-0300] {dag.py:3722} INFO - Setting next_dagrun for example_complex to None, run_after=None
[2025-06-16T11:49:36.957-0300] {processor.py:179} INFO - Processing /mnt/c/Users/arcan/Documents/airflow/.venv/lib/python3.10/site-packages/airflow/example_dags/example_complex.py took 0.202 seconds
[2025-06-16T11:50:38.655-0300] {processor.py:157} INFO - Started process (PID=54286) to work on /mnt/c/Users/arcan/Documents/airflow/.venv/lib/python3.10/site-packages/airflow/example_dags/example_complex.py
[2025-06-16T11:50:38.657-0300] {processor.py:829} INFO - Processing file /mnt/c/Users/arcan/Documents/airflow/.venv/lib/python3.10/site-packages/airflow/example_dags/example_complex.py for tasks to queue
[2025-06-16T11:50:38.658-0300] {logging_mixin.py:154} INFO - [2025-06-16T11:50:38.658-0300] {dagbag.py:536} INFO - Filling up the DagBag from /mnt/c/Users/arcan/Documents/airflow/.venv/lib/python3.10/site-packages/airflow/example_dags/example_complex.py
[2025-06-16T11:50:38.694-0300] {processor.py:839} INFO - DAG(s) dict_keys(['example_complex']) retrieved from /mnt/c/Users/arcan/Documents/airflow/.venv/lib/python3.10/site-packages/airflow/example_dags/example_complex.py
[2025-06-16T11:50:38.744-0300] {logging_mixin.py:154} INFO - [2025-06-16T11:50:38.744-0300] {dag.py:2941} INFO - Sync 1 DAGs
[2025-06-16T11:50:38.760-0300] {logging_mixin.py:154} INFO - [2025-06-16T11:50:38.760-0300] {dag.py:3722} INFO - Setting next_dagrun for example_complex to None, run_after=None
[2025-06-16T11:50:38.854-0300] {processor.py:179} INFO - Processing /mnt/c/Users/arcan/Documents/airflow/.venv/lib/python3.10/site-packages/airflow/example_dags/example_complex.py took 0.204 seconds
[2025-06-16T11:51:41.040-0300] {processor.py:157} INFO - Started process (PID=54469) to work on /mnt/c/Users/arcan/Documents/airflow/.venv/lib/python3.10/site-packages/airflow/example_dags/example_complex.py
[2025-06-16T11:51:41.042-0300] {processor.py:829} INFO - Processing file /mnt/c/Users/arcan/Documents/airflow/.venv/lib/python3.10/site-packages/airflow/example_dags/example_complex.py for tasks to queue
[2025-06-16T11:51:41.043-0300] {logging_mixin.py:154} INFO - [2025-06-16T11:51:41.043-0300] {dagbag.py:536} INFO - Filling up the DagBag from /mnt/c/Users/arcan/Documents/airflow/.venv/lib/python3.10/site-packages/airflow/example_dags/example_complex.py
[2025-06-16T11:51:41.080-0300] {processor.py:839} INFO - DAG(s) dict_keys(['example_complex']) retrieved from /mnt/c/Users/arcan/Documents/airflow/.venv/lib/python3.10/site-packages/airflow/example_dags/example_complex.py
[2025-06-16T11:51:41.127-0300] {logging_mixin.py:154} INFO - [2025-06-16T11:51:41.127-0300] {dag.py:2941} INFO - Sync 1 DAGs
[2025-06-16T11:51:41.144-0300] {logging_mixin.py:154} INFO - [2025-06-16T11:51:41.144-0300] {dag.py:3722} INFO - Setting next_dagrun for example_complex to None, run_after=None
[2025-06-16T11:51:41.261-0300] {processor.py:179} INFO - Processing /mnt/c/Users/arcan/Documents/airflow/.venv/lib/python3.10/site-packages/airflow/example_dags/example_complex.py took 0.226 seconds
[2025-06-16T11:52:47.972-0300] {processor.py:157} INFO - Started process (PID=54666) to work on /mnt/c/Users/arcan/Documents/airflow/.venv/lib/python3.10/site-packages/airflow/example_dags/example_complex.py
[2025-06-16T11:52:47.974-0300] {processor.py:829} INFO - Processing file /mnt/c/Users/arcan/Documents/airflow/.venv/lib/python3.10/site-packages/airflow/example_dags/example_complex.py for tasks to queue
[2025-06-16T11:52:47.976-0300] {logging_mixin.py:154} INFO - [2025-06-16T11:52:47.975-0300] {dagbag.py:536} INFO - Filling up the DagBag from /mnt/c/Users/arcan/Documents/airflow/.venv/lib/python3.10/site-packages/airflow/example_dags/example_complex.py
[2025-06-16T11:52:48.013-0300] {processor.py:839} INFO - DAG(s) dict_keys(['example_complex']) retrieved from /mnt/c/Users/arcan/Documents/airflow/.venv/lib/python3.10/site-packages/airflow/example_dags/example_complex.py
[2025-06-16T11:52:48.065-0300] {logging_mixin.py:154} INFO - [2025-06-16T11:52:48.064-0300] {dag.py:2941} INFO - Sync 1 DAGs
[2025-06-16T11:52:48.081-0300] {logging_mixin.py:154} INFO - [2025-06-16T11:52:48.081-0300] {dag.py:3722} INFO - Setting next_dagrun for example_complex to None, run_after=None
[2025-06-16T11:52:48.174-0300] {processor.py:179} INFO - Processing /mnt/c/Users/arcan/Documents/airflow/.venv/lib/python3.10/site-packages/airflow/example_dags/example_complex.py took 0.207 seconds
[2025-06-16T11:53:50.402-0300] {processor.py:157} INFO - Started process (PID=54857) to work on /mnt/c/Users/arcan/Documents/airflow/.venv/lib/python3.10/site-packages/airflow/example_dags/example_complex.py
[2025-06-16T11:53:50.404-0300] {processor.py:829} INFO - Processing file /mnt/c/Users/arcan/Documents/airflow/.venv/lib/python3.10/site-packages/airflow/example_dags/example_complex.py for tasks to queue
[2025-06-16T11:53:50.407-0300] {logging_mixin.py:154} INFO - [2025-06-16T11:53:50.406-0300] {dagbag.py:536} INFO - Filling up the DagBag from /mnt/c/Users/arcan/Documents/airflow/.venv/lib/python3.10/site-packages/airflow/example_dags/example_complex.py
[2025-06-16T11:53:50.446-0300] {processor.py:839} INFO - DAG(s) dict_keys(['example_complex']) retrieved from /mnt/c/Users/arcan/Documents/airflow/.venv/lib/python3.10/site-packages/airflow/example_dags/example_complex.py
[2025-06-16T11:53:50.496-0300] {logging_mixin.py:154} INFO - [2025-06-16T11:53:50.496-0300] {dag.py:2941} INFO - Sync 1 DAGs
[2025-06-16T11:53:50.513-0300] {logging_mixin.py:154} INFO - [2025-06-16T11:53:50.513-0300] {dag.py:3722} INFO - Setting next_dagrun for example_complex to None, run_after=None
[2025-06-16T11:53:50.609-0300] {processor.py:179} INFO - Processing /mnt/c/Users/arcan/Documents/airflow/.venv/lib/python3.10/site-packages/airflow/example_dags/example_complex.py took 0.211 seconds
[2025-06-16T11:54:54.577-0300] {processor.py:157} INFO - Started process (PID=55046) to work on /mnt/c/Users/arcan/Documents/airflow/.venv/lib/python3.10/site-packages/airflow/example_dags/example_complex.py
[2025-06-16T11:54:54.579-0300] {processor.py:829} INFO - Processing file /mnt/c/Users/arcan/Documents/airflow/.venv/lib/python3.10/site-packages/airflow/example_dags/example_complex.py for tasks to queue
[2025-06-16T11:54:54.581-0300] {logging_mixin.py:154} INFO - [2025-06-16T11:54:54.581-0300] {dagbag.py:536} INFO - Filling up the DagBag from /mnt/c/Users/arcan/Documents/airflow/.venv/lib/python3.10/site-packages/airflow/example_dags/example_complex.py
[2025-06-16T11:54:54.620-0300] {processor.py:839} INFO - DAG(s) dict_keys(['example_complex']) retrieved from /mnt/c/Users/arcan/Documents/airflow/.venv/lib/python3.10/site-packages/airflow/example_dags/example_complex.py
[2025-06-16T11:54:54.673-0300] {logging_mixin.py:154} INFO - [2025-06-16T11:54:54.672-0300] {dag.py:2941} INFO - Sync 1 DAGs
[2025-06-16T11:54:54.691-0300] {logging_mixin.py:154} INFO - [2025-06-16T11:54:54.691-0300] {dag.py:3722} INFO - Setting next_dagrun for example_complex to None, run_after=None
[2025-06-16T11:54:54.780-0300] {processor.py:179} INFO - Processing /mnt/c/Users/arcan/Documents/airflow/.venv/lib/python3.10/site-packages/airflow/example_dags/example_complex.py took 0.207 seconds
[2025-06-16T11:55:54.248-0300] {processor.py:157} INFO - Started process (PID=55226) to work on /mnt/c/Users/arcan/Documents/airflow/.venv/lib/python3.10/site-packages/airflow/example_dags/example_complex.py
[2025-06-16T11:55:54.249-0300] {processor.py:829} INFO - Processing file /mnt/c/Users/arcan/Documents/airflow/.venv/lib/python3.10/site-packages/airflow/example_dags/example_complex.py for tasks to queue
[2025-06-16T11:55:54.251-0300] {logging_mixin.py:154} INFO - [2025-06-16T11:55:54.250-0300] {dagbag.py:536} INFO - Filling up the DagBag from /mnt/c/Users/arcan/Documents/airflow/.venv/lib/python3.10/site-packages/airflow/example_dags/example_complex.py
[2025-06-16T11:55:54.285-0300] {processor.py:839} INFO - DAG(s) dict_keys(['example_complex']) retrieved from /mnt/c/Users/arcan/Documents/airflow/.venv/lib/python3.10/site-packages/airflow/example_dags/example_complex.py
[2025-06-16T11:55:54.334-0300] {logging_mixin.py:154} INFO - [2025-06-16T11:55:54.334-0300] {dag.py:2941} INFO - Sync 1 DAGs
[2025-06-16T11:55:54.349-0300] {logging_mixin.py:154} INFO - [2025-06-16T11:55:54.348-0300] {dag.py:3722} INFO - Setting next_dagrun for example_complex to None, run_after=None
[2025-06-16T11:55:54.437-0300] {processor.py:179} INFO - Processing /mnt/c/Users/arcan/Documents/airflow/.venv/lib/python3.10/site-packages/airflow/example_dags/example_complex.py took 0.193 seconds
[2025-06-16T11:57:00.316-0300] {processor.py:157} INFO - Started process (PID=55542) to work on /mnt/c/Users/arcan/Documents/airflow/.venv/lib/python3.10/site-packages/airflow/example_dags/example_complex.py
[2025-06-16T11:57:00.318-0300] {processor.py:829} INFO - Processing file /mnt/c/Users/arcan/Documents/airflow/.venv/lib/python3.10/site-packages/airflow/example_dags/example_complex.py for tasks to queue
[2025-06-16T11:57:00.320-0300] {logging_mixin.py:154} INFO - [2025-06-16T11:57:00.319-0300] {dagbag.py:536} INFO - Filling up the DagBag from /mnt/c/Users/arcan/Documents/airflow/.venv/lib/python3.10/site-packages/airflow/example_dags/example_complex.py
[2025-06-16T11:57:00.358-0300] {processor.py:839} INFO - DAG(s) dict_keys(['example_complex']) retrieved from /mnt/c/Users/arcan/Documents/airflow/.venv/lib/python3.10/site-packages/airflow/example_dags/example_complex.py
[2025-06-16T11:57:00.415-0300] {logging_mixin.py:154} INFO - [2025-06-16T11:57:00.414-0300] {dag.py:2941} INFO - Sync 1 DAGs
[2025-06-16T11:57:00.430-0300] {logging_mixin.py:154} INFO - [2025-06-16T11:57:00.430-0300] {dag.py:3722} INFO - Setting next_dagrun for example_complex to None, run_after=None
[2025-06-16T11:57:00.522-0300] {processor.py:179} INFO - Processing /mnt/c/Users/arcan/Documents/airflow/.venv/lib/python3.10/site-packages/airflow/example_dags/example_complex.py took 0.210 seconds
[2025-06-16T11:58:03.410-0300] {processor.py:157} INFO - Started process (PID=55731) to work on /mnt/c/Users/arcan/Documents/airflow/.venv/lib/python3.10/site-packages/airflow/example_dags/example_complex.py
[2025-06-16T11:58:03.412-0300] {processor.py:829} INFO - Processing file /mnt/c/Users/arcan/Documents/airflow/.venv/lib/python3.10/site-packages/airflow/example_dags/example_complex.py for tasks to queue
[2025-06-16T11:58:03.414-0300] {logging_mixin.py:154} INFO - [2025-06-16T11:58:03.413-0300] {dagbag.py:536} INFO - Filling up the DagBag from /mnt/c/Users/arcan/Documents/airflow/.venv/lib/python3.10/site-packages/airflow/example_dags/example_complex.py
[2025-06-16T11:58:03.448-0300] {processor.py:839} INFO - DAG(s) dict_keys(['example_complex']) retrieved from /mnt/c/Users/arcan/Documents/airflow/.venv/lib/python3.10/site-packages/airflow/example_dags/example_complex.py
[2025-06-16T11:58:03.495-0300] {logging_mixin.py:154} INFO - [2025-06-16T11:58:03.495-0300] {dag.py:2941} INFO - Sync 1 DAGs
[2025-06-16T11:58:03.510-0300] {logging_mixin.py:154} INFO - [2025-06-16T11:58:03.510-0300] {dag.py:3722} INFO - Setting next_dagrun for example_complex to None, run_after=None
[2025-06-16T11:58:03.602-0300] {processor.py:179} INFO - Processing /mnt/c/Users/arcan/Documents/airflow/.venv/lib/python3.10/site-packages/airflow/example_dags/example_complex.py took 0.196 seconds
[2025-06-16T11:59:07.795-0300] {processor.py:157} INFO - Started process (PID=55927) to work on /mnt/c/Users/arcan/Documents/airflow/.venv/lib/python3.10/site-packages/airflow/example_dags/example_complex.py
[2025-06-16T11:59:07.797-0300] {processor.py:829} INFO - Processing file /mnt/c/Users/arcan/Documents/airflow/.venv/lib/python3.10/site-packages/airflow/example_dags/example_complex.py for tasks to queue
[2025-06-16T11:59:07.799-0300] {logging_mixin.py:154} INFO - [2025-06-16T11:59:07.798-0300] {dagbag.py:536} INFO - Filling up the DagBag from /mnt/c/Users/arcan/Documents/airflow/.venv/lib/python3.10/site-packages/airflow/example_dags/example_complex.py
[2025-06-16T11:59:07.836-0300] {processor.py:839} INFO - DAG(s) dict_keys(['example_complex']) retrieved from /mnt/c/Users/arcan/Documents/airflow/.venv/lib/python3.10/site-packages/airflow/example_dags/example_complex.py
[2025-06-16T11:59:07.886-0300] {logging_mixin.py:154} INFO - [2025-06-16T11:59:07.886-0300] {dag.py:2941} INFO - Sync 1 DAGs
[2025-06-16T11:59:07.903-0300] {logging_mixin.py:154} INFO - [2025-06-16T11:59:07.903-0300] {dag.py:3722} INFO - Setting next_dagrun for example_complex to None, run_after=None
[2025-06-16T11:59:07.995-0300] {processor.py:179} INFO - Processing /mnt/c/Users/arcan/Documents/airflow/.venv/lib/python3.10/site-packages/airflow/example_dags/example_complex.py took 0.205 seconds
[2025-06-16T12:00:11.099-0300] {processor.py:157} INFO - Started process (PID=56119) to work on /mnt/c/Users/arcan/Documents/airflow/.venv/lib/python3.10/site-packages/airflow/example_dags/example_complex.py
[2025-06-16T12:00:11.100-0300] {processor.py:829} INFO - Processing file /mnt/c/Users/arcan/Documents/airflow/.venv/lib/python3.10/site-packages/airflow/example_dags/example_complex.py for tasks to queue
[2025-06-16T12:00:11.102-0300] {logging_mixin.py:154} INFO - [2025-06-16T12:00:11.101-0300] {dagbag.py:536} INFO - Filling up the DagBag from /mnt/c/Users/arcan/Documents/airflow/.venv/lib/python3.10/site-packages/airflow/example_dags/example_complex.py
[2025-06-16T12:00:11.137-0300] {processor.py:839} INFO - DAG(s) dict_keys(['example_complex']) retrieved from /mnt/c/Users/arcan/Documents/airflow/.venv/lib/python3.10/site-packages/airflow/example_dags/example_complex.py
[2025-06-16T12:00:11.185-0300] {logging_mixin.py:154} INFO - [2025-06-16T12:00:11.185-0300] {dag.py:2941} INFO - Sync 1 DAGs
[2025-06-16T12:00:11.205-0300] {logging_mixin.py:154} INFO - [2025-06-16T12:00:11.204-0300] {dag.py:3722} INFO - Setting next_dagrun for example_complex to None, run_after=None
[2025-06-16T12:00:11.302-0300] {processor.py:179} INFO - Processing /mnt/c/Users/arcan/Documents/airflow/.venv/lib/python3.10/site-packages/airflow/example_dags/example_complex.py took 0.207 seconds
[2025-06-16T12:01:16.550-0300] {processor.py:157} INFO - Started process (PID=56310) to work on /mnt/c/Users/arcan/Documents/airflow/.venv/lib/python3.10/site-packages/airflow/example_dags/example_complex.py
[2025-06-16T12:01:16.552-0300] {processor.py:829} INFO - Processing file /mnt/c/Users/arcan/Documents/airflow/.venv/lib/python3.10/site-packages/airflow/example_dags/example_complex.py for tasks to queue
[2025-06-16T12:01:16.554-0300] {logging_mixin.py:154} INFO - [2025-06-16T12:01:16.553-0300] {dagbag.py:536} INFO - Filling up the DagBag from /mnt/c/Users/arcan/Documents/airflow/.venv/lib/python3.10/site-packages/airflow/example_dags/example_complex.py
[2025-06-16T12:01:16.589-0300] {processor.py:839} INFO - DAG(s) dict_keys(['example_complex']) retrieved from /mnt/c/Users/arcan/Documents/airflow/.venv/lib/python3.10/site-packages/airflow/example_dags/example_complex.py
[2025-06-16T12:01:16.638-0300] {logging_mixin.py:154} INFO - [2025-06-16T12:01:16.638-0300] {dag.py:2941} INFO - Sync 1 DAGs
[2025-06-16T12:01:16.655-0300] {logging_mixin.py:154} INFO - [2025-06-16T12:01:16.655-0300] {dag.py:3722} INFO - Setting next_dagrun for example_complex to None, run_after=None
[2025-06-16T12:01:16.752-0300] {processor.py:179} INFO - Processing /mnt/c/Users/arcan/Documents/airflow/.venv/lib/python3.10/site-packages/airflow/example_dags/example_complex.py took 0.206 seconds
[2025-06-16T12:02:24.503-0300] {processor.py:157} INFO - Started process (PID=56513) to work on /mnt/c/Users/arcan/Documents/airflow/.venv/lib/python3.10/site-packages/airflow/example_dags/example_complex.py
[2025-06-16T12:02:24.505-0300] {processor.py:829} INFO - Processing file /mnt/c/Users/arcan/Documents/airflow/.venv/lib/python3.10/site-packages/airflow/example_dags/example_complex.py for tasks to queue
[2025-06-16T12:02:24.506-0300] {logging_mixin.py:154} INFO - [2025-06-16T12:02:24.506-0300] {dagbag.py:536} INFO - Filling up the DagBag from /mnt/c/Users/arcan/Documents/airflow/.venv/lib/python3.10/site-packages/airflow/example_dags/example_complex.py
[2025-06-16T12:02:24.541-0300] {processor.py:839} INFO - DAG(s) dict_keys(['example_complex']) retrieved from /mnt/c/Users/arcan/Documents/airflow/.venv/lib/python3.10/site-packages/airflow/example_dags/example_complex.py
[2025-06-16T12:02:24.592-0300] {logging_mixin.py:154} INFO - [2025-06-16T12:02:24.591-0300] {dag.py:2941} INFO - Sync 1 DAGs
[2025-06-16T12:02:24.609-0300] {logging_mixin.py:154} INFO - [2025-06-16T12:02:24.608-0300] {dag.py:3722} INFO - Setting next_dagrun for example_complex to None, run_after=None
[2025-06-16T12:02:24.700-0300] {processor.py:179} INFO - Processing /mnt/c/Users/arcan/Documents/airflow/.venv/lib/python3.10/site-packages/airflow/example_dags/example_complex.py took 0.200 seconds
[2025-06-16T12:03:32.146-0300] {processor.py:157} INFO - Started process (PID=56837) to work on /mnt/c/Users/arcan/Documents/airflow/.venv/lib/python3.10/site-packages/airflow/example_dags/example_complex.py
[2025-06-16T12:03:32.148-0300] {processor.py:829} INFO - Processing file /mnt/c/Users/arcan/Documents/airflow/.venv/lib/python3.10/site-packages/airflow/example_dags/example_complex.py for tasks to queue
[2025-06-16T12:03:32.150-0300] {logging_mixin.py:154} INFO - [2025-06-16T12:03:32.149-0300] {dagbag.py:536} INFO - Filling up the DagBag from /mnt/c/Users/arcan/Documents/airflow/.venv/lib/python3.10/site-packages/airflow/example_dags/example_complex.py
[2025-06-16T12:03:32.185-0300] {processor.py:839} INFO - DAG(s) dict_keys(['example_complex']) retrieved from /mnt/c/Users/arcan/Documents/airflow/.venv/lib/python3.10/site-packages/airflow/example_dags/example_complex.py
[2025-06-16T12:03:32.237-0300] {logging_mixin.py:154} INFO - [2025-06-16T12:03:32.236-0300] {dag.py:2941} INFO - Sync 1 DAGs
[2025-06-16T12:03:32.253-0300] {logging_mixin.py:154} INFO - [2025-06-16T12:03:32.253-0300] {dag.py:3722} INFO - Setting next_dagrun for example_complex to None, run_after=None
[2025-06-16T12:03:32.357-0300] {processor.py:179} INFO - Processing /mnt/c/Users/arcan/Documents/airflow/.venv/lib/python3.10/site-packages/airflow/example_dags/example_complex.py took 0.216 seconds
[2025-06-16T12:04:35.377-0300] {processor.py:157} INFO - Started process (PID=57032) to work on /mnt/c/Users/arcan/Documents/airflow/.venv/lib/python3.10/site-packages/airflow/example_dags/example_complex.py
[2025-06-16T12:04:35.379-0300] {processor.py:829} INFO - Processing file /mnt/c/Users/arcan/Documents/airflow/.venv/lib/python3.10/site-packages/airflow/example_dags/example_complex.py for tasks to queue
[2025-06-16T12:04:35.381-0300] {logging_mixin.py:154} INFO - [2025-06-16T12:04:35.381-0300] {dagbag.py:536} INFO - Filling up the DagBag from /mnt/c/Users/arcan/Documents/airflow/.venv/lib/python3.10/site-packages/airflow/example_dags/example_complex.py
[2025-06-16T12:04:35.415-0300] {processor.py:839} INFO - DAG(s) dict_keys(['example_complex']) retrieved from /mnt/c/Users/arcan/Documents/airflow/.venv/lib/python3.10/site-packages/airflow/example_dags/example_complex.py
[2025-06-16T12:04:35.463-0300] {logging_mixin.py:154} INFO - [2025-06-16T12:04:35.463-0300] {dag.py:2941} INFO - Sync 1 DAGs
[2025-06-16T12:04:35.479-0300] {logging_mixin.py:154} INFO - [2025-06-16T12:04:35.479-0300] {dag.py:3722} INFO - Setting next_dagrun for example_complex to None, run_after=None
[2025-06-16T12:04:35.572-0300] {processor.py:179} INFO - Processing /mnt/c/Users/arcan/Documents/airflow/.venv/lib/python3.10/site-packages/airflow/example_dags/example_complex.py took 0.200 seconds
