[2025-06-16T10:51:54.756-0300] {processor.py:157} INFO - Started process (PID=43034) to work on /mnt/c/Users/arcan/Documents/airflow/.venv/lib/python3.10/site-packages/airflow/example_dags/example_params_ui_tutorial.py
[2025-06-16T10:51:54.758-0300] {processor.py:829} INFO - Processing file /mnt/c/Users/arcan/Documents/airflow/.venv/lib/python3.10/site-packages/airflow/example_dags/example_params_ui_tutorial.py for tasks to queue
[2025-06-16T10:51:54.760-0300] {logging_mixin.py:154} INFO - [2025-06-16T10:51:54.759-0300] {dagbag.py:536} INFO - Filling up the DagBag from /mnt/c/Users/arcan/Documents/airflow/.venv/lib/python3.10/site-packages/airflow/example_dags/example_params_ui_tutorial.py
[2025-06-16T10:51:54.825-0300] {processor.py:839} INFO - DAG(s) dict_keys(['example_params_ui_tutorial']) retrieved from /mnt/c/Users/arcan/Documents/airflow/.venv/lib/python3.10/site-packages/airflow/example_dags/example_params_ui_tutorial.py
[2025-06-16T10:51:56.392-0300] {logging_mixin.py:154} INFO - [2025-06-16T10:51:56.392-0300] {dag.py:2941} INFO - Sync 1 DAGs
[2025-06-16T10:51:56.405-0300] {logging_mixin.py:154} INFO - [2025-06-16T10:51:56.405-0300] {dag.py:3722} INFO - Setting next_dagrun for example_params_ui_tutorial to None, run_after=None
[2025-06-16T10:51:56.491-0300] {processor.py:179} INFO - Processing /mnt/c/Users/arcan/Documents/airflow/.venv/lib/python3.10/site-packages/airflow/example_dags/example_params_ui_tutorial.py took 1.738 seconds
[2025-06-16T10:53:01.321-0300] {processor.py:157} INFO - Started process (PID=43221) to work on /mnt/c/Users/arcan/Documents/airflow/.venv/lib/python3.10/site-packages/airflow/example_dags/example_params_ui_tutorial.py
[2025-06-16T10:53:01.323-0300] {processor.py:829} INFO - Processing file /mnt/c/Users/arcan/Documents/airflow/.venv/lib/python3.10/site-packages/airflow/example_dags/example_params_ui_tutorial.py for tasks to queue
[2025-06-16T10:53:01.324-0300] {logging_mixin.py:154} INFO - [2025-06-16T10:53:01.324-0300] {dagbag.py:536} INFO - Filling up the DagBag from /mnt/c/Users/arcan/Documents/airflow/.venv/lib/python3.10/site-packages/airflow/example_dags/example_params_ui_tutorial.py
[2025-06-16T10:53:01.385-0300] {processor.py:839} INFO - DAG(s) dict_keys(['example_params_ui_tutorial']) retrieved from /mnt/c/Users/arcan/Documents/airflow/.venv/lib/python3.10/site-packages/airflow/example_dags/example_params_ui_tutorial.py
[2025-06-16T10:53:01.448-0300] {logging_mixin.py:154} INFO - [2025-06-16T10:53:01.448-0300] {dag.py:2941} INFO - Sync 1 DAGs
[2025-06-16T10:53:01.466-0300] {logging_mixin.py:154} INFO - [2025-06-16T10:53:01.466-0300] {dag.py:3722} INFO - Setting next_dagrun for example_params_ui_tutorial to None, run_after=None
[2025-06-16T10:53:01.562-0300] {processor.py:179} INFO - Processing /mnt/c/Users/arcan/Documents/airflow/.venv/lib/python3.10/site-packages/airflow/example_dags/example_params_ui_tutorial.py took 0.245 seconds
[2025-06-16T10:54:07.701-0300] {processor.py:157} INFO - Started process (PID=43406) to work on /mnt/c/Users/arcan/Documents/airflow/.venv/lib/python3.10/site-packages/airflow/example_dags/example_params_ui_tutorial.py
[2025-06-16T10:54:07.703-0300] {processor.py:829} INFO - Processing file /mnt/c/Users/arcan/Documents/airflow/.venv/lib/python3.10/site-packages/airflow/example_dags/example_params_ui_tutorial.py for tasks to queue
[2025-06-16T10:54:07.705-0300] {logging_mixin.py:154} INFO - [2025-06-16T10:54:07.704-0300] {dagbag.py:536} INFO - Filling up the DagBag from /mnt/c/Users/arcan/Documents/airflow/.venv/lib/python3.10/site-packages/airflow/example_dags/example_params_ui_tutorial.py
[2025-06-16T10:54:07.769-0300] {processor.py:839} INFO - DAG(s) dict_keys(['example_params_ui_tutorial']) retrieved from /mnt/c/Users/arcan/Documents/airflow/.venv/lib/python3.10/site-packages/airflow/example_dags/example_params_ui_tutorial.py
[2025-06-16T10:54:07.829-0300] {logging_mixin.py:154} INFO - [2025-06-16T10:54:07.829-0300] {dag.py:2941} INFO - Sync 1 DAGs
[2025-06-16T10:54:07.846-0300] {logging_mixin.py:154} INFO - [2025-06-16T10:54:07.846-0300] {dag.py:3722} INFO - Setting next_dagrun for example_params_ui_tutorial to None, run_after=None
[2025-06-16T10:54:07.936-0300] {processor.py:179} INFO - Processing /mnt/c/Users/arcan/Documents/airflow/.venv/lib/python3.10/site-packages/airflow/example_dags/example_params_ui_tutorial.py took 0.238 seconds
[2025-06-16T10:55:10.684-0300] {processor.py:157} INFO - Started process (PID=43591) to work on /mnt/c/Users/arcan/Documents/airflow/.venv/lib/python3.10/site-packages/airflow/example_dags/example_params_ui_tutorial.py
[2025-06-16T10:55:10.686-0300] {processor.py:829} INFO - Processing file /mnt/c/Users/arcan/Documents/airflow/.venv/lib/python3.10/site-packages/airflow/example_dags/example_params_ui_tutorial.py for tasks to queue
[2025-06-16T10:55:10.688-0300] {logging_mixin.py:154} INFO - [2025-06-16T10:55:10.688-0300] {dagbag.py:536} INFO - Filling up the DagBag from /mnt/c/Users/arcan/Documents/airflow/.venv/lib/python3.10/site-packages/airflow/example_dags/example_params_ui_tutorial.py
[2025-06-16T10:55:10.766-0300] {processor.py:839} INFO - DAG(s) dict_keys(['example_params_ui_tutorial']) retrieved from /mnt/c/Users/arcan/Documents/airflow/.venv/lib/python3.10/site-packages/airflow/example_dags/example_params_ui_tutorial.py
[2025-06-16T10:55:10.829-0300] {logging_mixin.py:154} INFO - [2025-06-16T10:55:10.829-0300] {dag.py:2941} INFO - Sync 1 DAGs
[2025-06-16T10:55:10.848-0300] {logging_mixin.py:154} INFO - [2025-06-16T10:55:10.848-0300] {dag.py:3722} INFO - Setting next_dagrun for example_params_ui_tutorial to None, run_after=None
[2025-06-16T10:55:10.931-0300] {processor.py:179} INFO - Processing /mnt/c/Users/arcan/Documents/airflow/.venv/lib/python3.10/site-packages/airflow/example_dags/example_params_ui_tutorial.py took 0.252 seconds
[2025-06-16T10:56:10.656-0300] {processor.py:157} INFO - Started process (PID=43763) to work on /mnt/c/Users/arcan/Documents/airflow/.venv/lib/python3.10/site-packages/airflow/example_dags/example_params_ui_tutorial.py
[2025-06-16T10:56:10.658-0300] {processor.py:829} INFO - Processing file /mnt/c/Users/arcan/Documents/airflow/.venv/lib/python3.10/site-packages/airflow/example_dags/example_params_ui_tutorial.py for tasks to queue
[2025-06-16T10:56:10.660-0300] {logging_mixin.py:154} INFO - [2025-06-16T10:56:10.659-0300] {dagbag.py:536} INFO - Filling up the DagBag from /mnt/c/Users/arcan/Documents/airflow/.venv/lib/python3.10/site-packages/airflow/example_dags/example_params_ui_tutorial.py
[2025-06-16T10:56:10.727-0300] {processor.py:839} INFO - DAG(s) dict_keys(['example_params_ui_tutorial']) retrieved from /mnt/c/Users/arcan/Documents/airflow/.venv/lib/python3.10/site-packages/airflow/example_dags/example_params_ui_tutorial.py
[2025-06-16T10:56:10.792-0300] {logging_mixin.py:154} INFO - [2025-06-16T10:56:10.792-0300] {dag.py:2941} INFO - Sync 1 DAGs
[2025-06-16T10:56:10.810-0300] {logging_mixin.py:154} INFO - [2025-06-16T10:56:10.809-0300] {dag.py:3722} INFO - Setting next_dagrun for example_params_ui_tutorial to None, run_after=None
[2025-06-16T10:56:10.900-0300] {processor.py:179} INFO - Processing /mnt/c/Users/arcan/Documents/airflow/.venv/lib/python3.10/site-packages/airflow/example_dags/example_params_ui_tutorial.py took 0.249 seconds
[2025-06-16T10:57:19.390-0300] {processor.py:157} INFO - Started process (PID=43955) to work on /mnt/c/Users/arcan/Documents/airflow/.venv/lib/python3.10/site-packages/airflow/example_dags/example_params_ui_tutorial.py
[2025-06-16T10:57:19.392-0300] {processor.py:829} INFO - Processing file /mnt/c/Users/arcan/Documents/airflow/.venv/lib/python3.10/site-packages/airflow/example_dags/example_params_ui_tutorial.py for tasks to queue
[2025-06-16T10:57:19.395-0300] {logging_mixin.py:154} INFO - [2025-06-16T10:57:19.394-0300] {dagbag.py:536} INFO - Filling up the DagBag from /mnt/c/Users/arcan/Documents/airflow/.venv/lib/python3.10/site-packages/airflow/example_dags/example_params_ui_tutorial.py
[2025-06-16T10:57:19.456-0300] {processor.py:839} INFO - DAG(s) dict_keys(['example_params_ui_tutorial']) retrieved from /mnt/c/Users/arcan/Documents/airflow/.venv/lib/python3.10/site-packages/airflow/example_dags/example_params_ui_tutorial.py
[2025-06-16T10:57:19.518-0300] {logging_mixin.py:154} INFO - [2025-06-16T10:57:19.518-0300] {dag.py:2941} INFO - Sync 1 DAGs
[2025-06-16T10:57:19.535-0300] {logging_mixin.py:154} INFO - [2025-06-16T10:57:19.535-0300] {dag.py:3722} INFO - Setting next_dagrun for example_params_ui_tutorial to None, run_after=None
[2025-06-16T10:57:19.627-0300] {processor.py:179} INFO - Processing /mnt/c/Users/arcan/Documents/airflow/.venv/lib/python3.10/site-packages/airflow/example_dags/example_params_ui_tutorial.py took 0.240 seconds
[2025-06-16T10:58:34.515-0300] {processor.py:157} INFO - Started process (PID=44161) to work on /mnt/c/Users/arcan/Documents/airflow/.venv/lib/python3.10/site-packages/airflow/example_dags/example_params_ui_tutorial.py
[2025-06-16T10:58:34.516-0300] {processor.py:829} INFO - Processing file /mnt/c/Users/arcan/Documents/airflow/.venv/lib/python3.10/site-packages/airflow/example_dags/example_params_ui_tutorial.py for tasks to queue
[2025-06-16T10:58:34.518-0300] {logging_mixin.py:154} INFO - [2025-06-16T10:58:34.518-0300] {dagbag.py:536} INFO - Filling up the DagBag from /mnt/c/Users/arcan/Documents/airflow/.venv/lib/python3.10/site-packages/airflow/example_dags/example_params_ui_tutorial.py
[2025-06-16T10:58:34.605-0300] {processor.py:839} INFO - DAG(s) dict_keys(['example_params_ui_tutorial']) retrieved from /mnt/c/Users/arcan/Documents/airflow/.venv/lib/python3.10/site-packages/airflow/example_dags/example_params_ui_tutorial.py
[2025-06-16T10:58:34.676-0300] {logging_mixin.py:154} INFO - [2025-06-16T10:58:34.676-0300] {dag.py:2941} INFO - Sync 1 DAGs
[2025-06-16T10:58:34.694-0300] {logging_mixin.py:154} INFO - [2025-06-16T10:58:34.694-0300] {dag.py:3722} INFO - Setting next_dagrun for example_params_ui_tutorial to None, run_after=None
[2025-06-16T10:58:34.797-0300] {processor.py:179} INFO - Processing /mnt/c/Users/arcan/Documents/airflow/.venv/lib/python3.10/site-packages/airflow/example_dags/example_params_ui_tutorial.py took 0.286 seconds
[2025-06-16T10:59:42.854-0300] {processor.py:157} INFO - Started process (PID=44479) to work on /mnt/c/Users/arcan/Documents/airflow/.venv/lib/python3.10/site-packages/airflow/example_dags/example_params_ui_tutorial.py
[2025-06-16T10:59:42.856-0300] {processor.py:829} INFO - Processing file /mnt/c/Users/arcan/Documents/airflow/.venv/lib/python3.10/site-packages/airflow/example_dags/example_params_ui_tutorial.py for tasks to queue
[2025-06-16T10:59:42.857-0300] {logging_mixin.py:154} INFO - [2025-06-16T10:59:42.857-0300] {dagbag.py:536} INFO - Filling up the DagBag from /mnt/c/Users/arcan/Documents/airflow/.venv/lib/python3.10/site-packages/airflow/example_dags/example_params_ui_tutorial.py
[2025-06-16T10:59:42.927-0300] {processor.py:839} INFO - DAG(s) dict_keys(['example_params_ui_tutorial']) retrieved from /mnt/c/Users/arcan/Documents/airflow/.venv/lib/python3.10/site-packages/airflow/example_dags/example_params_ui_tutorial.py
[2025-06-16T10:59:42.990-0300] {logging_mixin.py:154} INFO - [2025-06-16T10:59:42.990-0300] {dag.py:2941} INFO - Sync 1 DAGs
[2025-06-16T10:59:43.008-0300] {logging_mixin.py:154} INFO - [2025-06-16T10:59:43.008-0300] {dag.py:3722} INFO - Setting next_dagrun for example_params_ui_tutorial to None, run_after=None
[2025-06-16T10:59:43.109-0300] {processor.py:179} INFO - Processing /mnt/c/Users/arcan/Documents/airflow/.venv/lib/python3.10/site-packages/airflow/example_dags/example_params_ui_tutorial.py took 0.259 seconds
[2025-06-16T11:00:54.313-0300] {processor.py:157} INFO - Started process (PID=44689) to work on /mnt/c/Users/arcan/Documents/airflow/.venv/lib/python3.10/site-packages/airflow/example_dags/example_params_ui_tutorial.py
[2025-06-16T11:00:54.315-0300] {processor.py:829} INFO - Processing file /mnt/c/Users/arcan/Documents/airflow/.venv/lib/python3.10/site-packages/airflow/example_dags/example_params_ui_tutorial.py for tasks to queue
[2025-06-16T11:00:54.317-0300] {logging_mixin.py:154} INFO - [2025-06-16T11:00:54.316-0300] {dagbag.py:536} INFO - Filling up the DagBag from /mnt/c/Users/arcan/Documents/airflow/.venv/lib/python3.10/site-packages/airflow/example_dags/example_params_ui_tutorial.py
[2025-06-16T11:00:54.382-0300] {processor.py:839} INFO - DAG(s) dict_keys(['example_params_ui_tutorial']) retrieved from /mnt/c/Users/arcan/Documents/airflow/.venv/lib/python3.10/site-packages/airflow/example_dags/example_params_ui_tutorial.py
[2025-06-16T11:00:54.454-0300] {logging_mixin.py:154} INFO - [2025-06-16T11:00:54.454-0300] {dag.py:2941} INFO - Sync 1 DAGs
[2025-06-16T11:00:54.473-0300] {logging_mixin.py:154} INFO - [2025-06-16T11:00:54.473-0300] {dag.py:3722} INFO - Setting next_dagrun for example_params_ui_tutorial to None, run_after=None
[2025-06-16T11:00:54.567-0300] {processor.py:179} INFO - Processing /mnt/c/Users/arcan/Documents/airflow/.venv/lib/python3.10/site-packages/airflow/example_dags/example_params_ui_tutorial.py took 0.257 seconds
[2025-06-16T11:02:01.135-0300] {processor.py:157} INFO - Started process (PID=44878) to work on /mnt/c/Users/arcan/Documents/airflow/.venv/lib/python3.10/site-packages/airflow/example_dags/example_params_ui_tutorial.py
[2025-06-16T11:02:01.137-0300] {processor.py:829} INFO - Processing file /mnt/c/Users/arcan/Documents/airflow/.venv/lib/python3.10/site-packages/airflow/example_dags/example_params_ui_tutorial.py for tasks to queue
[2025-06-16T11:02:01.139-0300] {logging_mixin.py:154} INFO - [2025-06-16T11:02:01.138-0300] {dagbag.py:536} INFO - Filling up the DagBag from /mnt/c/Users/arcan/Documents/airflow/.venv/lib/python3.10/site-packages/airflow/example_dags/example_params_ui_tutorial.py
[2025-06-16T11:02:01.205-0300] {processor.py:839} INFO - DAG(s) dict_keys(['example_params_ui_tutorial']) retrieved from /mnt/c/Users/arcan/Documents/airflow/.venv/lib/python3.10/site-packages/airflow/example_dags/example_params_ui_tutorial.py
[2025-06-16T11:02:01.287-0300] {logging_mixin.py:154} INFO - [2025-06-16T11:02:01.286-0300] {dag.py:2941} INFO - Sync 1 DAGs
[2025-06-16T11:02:01.321-0300] {logging_mixin.py:154} INFO - [2025-06-16T11:02:01.321-0300] {dag.py:3722} INFO - Setting next_dagrun for example_params_ui_tutorial to None, run_after=None
[2025-06-16T11:02:01.445-0300] {processor.py:179} INFO - Processing /mnt/c/Users/arcan/Documents/airflow/.venv/lib/python3.10/site-packages/airflow/example_dags/example_params_ui_tutorial.py took 0.315 seconds
[2025-06-16T11:02:58.336-0300] {processor.py:157} INFO - Started process (PID=45047) to work on /mnt/c/Users/arcan/Documents/airflow/.venv/lib/python3.10/site-packages/airflow/example_dags/example_params_ui_tutorial.py
[2025-06-16T11:02:58.338-0300] {processor.py:829} INFO - Processing file /mnt/c/Users/arcan/Documents/airflow/.venv/lib/python3.10/site-packages/airflow/example_dags/example_params_ui_tutorial.py for tasks to queue
[2025-06-16T11:02:58.341-0300] {logging_mixin.py:154} INFO - [2025-06-16T11:02:58.340-0300] {dagbag.py:536} INFO - Filling up the DagBag from /mnt/c/Users/arcan/Documents/airflow/.venv/lib/python3.10/site-packages/airflow/example_dags/example_params_ui_tutorial.py
[2025-06-16T11:02:58.406-0300] {processor.py:839} INFO - DAG(s) dict_keys(['example_params_ui_tutorial']) retrieved from /mnt/c/Users/arcan/Documents/airflow/.venv/lib/python3.10/site-packages/airflow/example_dags/example_params_ui_tutorial.py
[2025-06-16T11:02:58.471-0300] {logging_mixin.py:154} INFO - [2025-06-16T11:02:58.470-0300] {dag.py:2941} INFO - Sync 1 DAGs
[2025-06-16T11:02:58.490-0300] {logging_mixin.py:154} INFO - [2025-06-16T11:02:58.489-0300] {dag.py:3722} INFO - Setting next_dagrun for example_params_ui_tutorial to None, run_after=None
[2025-06-16T11:02:58.593-0300] {processor.py:179} INFO - Processing /mnt/c/Users/arcan/Documents/airflow/.venv/lib/python3.10/site-packages/airflow/example_dags/example_params_ui_tutorial.py took 0.262 seconds
[2025-06-16T11:03:58.596-0300] {processor.py:157} INFO - Started process (PID=45223) to work on /mnt/c/Users/arcan/Documents/airflow/.venv/lib/python3.10/site-packages/airflow/example_dags/example_params_ui_tutorial.py
[2025-06-16T11:03:58.598-0300] {processor.py:829} INFO - Processing file /mnt/c/Users/arcan/Documents/airflow/.venv/lib/python3.10/site-packages/airflow/example_dags/example_params_ui_tutorial.py for tasks to queue
[2025-06-16T11:03:58.600-0300] {logging_mixin.py:154} INFO - [2025-06-16T11:03:58.599-0300] {dagbag.py:536} INFO - Filling up the DagBag from /mnt/c/Users/arcan/Documents/airflow/.venv/lib/python3.10/site-packages/airflow/example_dags/example_params_ui_tutorial.py
[2025-06-16T11:03:58.667-0300] {processor.py:839} INFO - DAG(s) dict_keys(['example_params_ui_tutorial']) retrieved from /mnt/c/Users/arcan/Documents/airflow/.venv/lib/python3.10/site-packages/airflow/example_dags/example_params_ui_tutorial.py
[2025-06-16T11:03:58.725-0300] {logging_mixin.py:154} INFO - [2025-06-16T11:03:58.724-0300] {dag.py:2941} INFO - Sync 1 DAGs
[2025-06-16T11:03:58.740-0300] {logging_mixin.py:154} INFO - [2025-06-16T11:03:58.740-0300] {dag.py:3722} INFO - Setting next_dagrun for example_params_ui_tutorial to None, run_after=None
[2025-06-16T11:03:58.827-0300] {processor.py:179} INFO - Processing /mnt/c/Users/arcan/Documents/airflow/.venv/lib/python3.10/site-packages/airflow/example_dags/example_params_ui_tutorial.py took 0.236 seconds
[2025-06-16T11:04:57.689-0300] {processor.py:157} INFO - Started process (PID=45402) to work on /mnt/c/Users/arcan/Documents/airflow/.venv/lib/python3.10/site-packages/airflow/example_dags/example_params_ui_tutorial.py
[2025-06-16T11:04:57.691-0300] {processor.py:829} INFO - Processing file /mnt/c/Users/arcan/Documents/airflow/.venv/lib/python3.10/site-packages/airflow/example_dags/example_params_ui_tutorial.py for tasks to queue
[2025-06-16T11:04:57.693-0300] {logging_mixin.py:154} INFO - [2025-06-16T11:04:57.693-0300] {dagbag.py:536} INFO - Filling up the DagBag from /mnt/c/Users/arcan/Documents/airflow/.venv/lib/python3.10/site-packages/airflow/example_dags/example_params_ui_tutorial.py
[2025-06-16T11:04:57.757-0300] {processor.py:839} INFO - DAG(s) dict_keys(['example_params_ui_tutorial']) retrieved from /mnt/c/Users/arcan/Documents/airflow/.venv/lib/python3.10/site-packages/airflow/example_dags/example_params_ui_tutorial.py
[2025-06-16T11:04:57.821-0300] {logging_mixin.py:154} INFO - [2025-06-16T11:04:57.820-0300] {dag.py:2941} INFO - Sync 1 DAGs
[2025-06-16T11:04:57.839-0300] {logging_mixin.py:154} INFO - [2025-06-16T11:04:57.839-0300] {dag.py:3722} INFO - Setting next_dagrun for example_params_ui_tutorial to None, run_after=None
[2025-06-16T11:04:57.935-0300] {processor.py:179} INFO - Processing /mnt/c/Users/arcan/Documents/airflow/.venv/lib/python3.10/site-packages/airflow/example_dags/example_params_ui_tutorial.py took 0.250 seconds
[2025-06-16T11:06:04.733-0300] {processor.py:157} INFO - Started process (PID=45717) to work on /mnt/c/Users/arcan/Documents/airflow/.venv/lib/python3.10/site-packages/airflow/example_dags/example_params_ui_tutorial.py
[2025-06-16T11:06:04.735-0300] {processor.py:829} INFO - Processing file /mnt/c/Users/arcan/Documents/airflow/.venv/lib/python3.10/site-packages/airflow/example_dags/example_params_ui_tutorial.py for tasks to queue
[2025-06-16T11:06:04.737-0300] {logging_mixin.py:154} INFO - [2025-06-16T11:06:04.736-0300] {dagbag.py:536} INFO - Filling up the DagBag from /mnt/c/Users/arcan/Documents/airflow/.venv/lib/python3.10/site-packages/airflow/example_dags/example_params_ui_tutorial.py
[2025-06-16T11:06:04.800-0300] {processor.py:839} INFO - DAG(s) dict_keys(['example_params_ui_tutorial']) retrieved from /mnt/c/Users/arcan/Documents/airflow/.venv/lib/python3.10/site-packages/airflow/example_dags/example_params_ui_tutorial.py
[2025-06-16T11:06:04.858-0300] {logging_mixin.py:154} INFO - [2025-06-16T11:06:04.858-0300] {dag.py:2941} INFO - Sync 1 DAGs
[2025-06-16T11:06:04.875-0300] {logging_mixin.py:154} INFO - [2025-06-16T11:06:04.875-0300] {dag.py:3722} INFO - Setting next_dagrun for example_params_ui_tutorial to None, run_after=None
[2025-06-16T11:06:04.968-0300] {processor.py:179} INFO - Processing /mnt/c/Users/arcan/Documents/airflow/.venv/lib/python3.10/site-packages/airflow/example_dags/example_params_ui_tutorial.py took 0.238 seconds
[2025-06-16T11:07:12.081-0300] {processor.py:157} INFO - Started process (PID=45911) to work on /mnt/c/Users/arcan/Documents/airflow/.venv/lib/python3.10/site-packages/airflow/example_dags/example_params_ui_tutorial.py
[2025-06-16T11:07:12.083-0300] {processor.py:829} INFO - Processing file /mnt/c/Users/arcan/Documents/airflow/.venv/lib/python3.10/site-packages/airflow/example_dags/example_params_ui_tutorial.py for tasks to queue
[2025-06-16T11:07:12.085-0300] {logging_mixin.py:154} INFO - [2025-06-16T11:07:12.084-0300] {dagbag.py:536} INFO - Filling up the DagBag from /mnt/c/Users/arcan/Documents/airflow/.venv/lib/python3.10/site-packages/airflow/example_dags/example_params_ui_tutorial.py
[2025-06-16T11:07:12.148-0300] {processor.py:839} INFO - DAG(s) dict_keys(['example_params_ui_tutorial']) retrieved from /mnt/c/Users/arcan/Documents/airflow/.venv/lib/python3.10/site-packages/airflow/example_dags/example_params_ui_tutorial.py
[2025-06-16T11:07:12.215-0300] {logging_mixin.py:154} INFO - [2025-06-16T11:07:12.215-0300] {dag.py:2941} INFO - Sync 1 DAGs
[2025-06-16T11:07:12.233-0300] {logging_mixin.py:154} INFO - [2025-06-16T11:07:12.233-0300] {dag.py:3722} INFO - Setting next_dagrun for example_params_ui_tutorial to None, run_after=None
[2025-06-16T11:07:12.324-0300] {processor.py:179} INFO - Processing /mnt/c/Users/arcan/Documents/airflow/.venv/lib/python3.10/site-packages/airflow/example_dags/example_params_ui_tutorial.py took 0.248 seconds
[2025-06-16T11:08:14.780-0300] {processor.py:157} INFO - Started process (PID=46093) to work on /mnt/c/Users/arcan/Documents/airflow/.venv/lib/python3.10/site-packages/airflow/example_dags/example_params_ui_tutorial.py
[2025-06-16T11:08:14.782-0300] {processor.py:829} INFO - Processing file /mnt/c/Users/arcan/Documents/airflow/.venv/lib/python3.10/site-packages/airflow/example_dags/example_params_ui_tutorial.py for tasks to queue
[2025-06-16T11:08:14.783-0300] {logging_mixin.py:154} INFO - [2025-06-16T11:08:14.783-0300] {dagbag.py:536} INFO - Filling up the DagBag from /mnt/c/Users/arcan/Documents/airflow/.venv/lib/python3.10/site-packages/airflow/example_dags/example_params_ui_tutorial.py
[2025-06-16T11:08:14.846-0300] {processor.py:839} INFO - DAG(s) dict_keys(['example_params_ui_tutorial']) retrieved from /mnt/c/Users/arcan/Documents/airflow/.venv/lib/python3.10/site-packages/airflow/example_dags/example_params_ui_tutorial.py
[2025-06-16T11:08:14.908-0300] {logging_mixin.py:154} INFO - [2025-06-16T11:08:14.908-0300] {dag.py:2941} INFO - Sync 1 DAGs
[2025-06-16T11:08:14.926-0300] {logging_mixin.py:154} INFO - [2025-06-16T11:08:14.926-0300] {dag.py:3722} INFO - Setting next_dagrun for example_params_ui_tutorial to None, run_after=None
[2025-06-16T11:08:15.016-0300] {processor.py:179} INFO - Processing /mnt/c/Users/arcan/Documents/airflow/.venv/lib/python3.10/site-packages/airflow/example_dags/example_params_ui_tutorial.py took 0.240 seconds
[2025-06-16T11:09:17.003-0300] {processor.py:157} INFO - Started process (PID=46271) to work on /mnt/c/Users/arcan/Documents/airflow/.venv/lib/python3.10/site-packages/airflow/example_dags/example_params_ui_tutorial.py
[2025-06-16T11:09:17.005-0300] {processor.py:829} INFO - Processing file /mnt/c/Users/arcan/Documents/airflow/.venv/lib/python3.10/site-packages/airflow/example_dags/example_params_ui_tutorial.py for tasks to queue
[2025-06-16T11:09:17.007-0300] {logging_mixin.py:154} INFO - [2025-06-16T11:09:17.006-0300] {dagbag.py:536} INFO - Filling up the DagBag from /mnt/c/Users/arcan/Documents/airflow/.venv/lib/python3.10/site-packages/airflow/example_dags/example_params_ui_tutorial.py
[2025-06-16T11:09:17.076-0300] {processor.py:839} INFO - DAG(s) dict_keys(['example_params_ui_tutorial']) retrieved from /mnt/c/Users/arcan/Documents/airflow/.venv/lib/python3.10/site-packages/airflow/example_dags/example_params_ui_tutorial.py
[2025-06-16T11:09:17.135-0300] {logging_mixin.py:154} INFO - [2025-06-16T11:09:17.135-0300] {dag.py:2941} INFO - Sync 1 DAGs
[2025-06-16T11:09:17.153-0300] {logging_mixin.py:154} INFO - [2025-06-16T11:09:17.153-0300] {dag.py:3722} INFO - Setting next_dagrun for example_params_ui_tutorial to None, run_after=None
[2025-06-16T11:09:17.249-0300] {processor.py:179} INFO - Processing /mnt/c/Users/arcan/Documents/airflow/.venv/lib/python3.10/site-packages/airflow/example_dags/example_params_ui_tutorial.py took 0.251 seconds
[2025-06-16T11:10:17.277-0300] {processor.py:157} INFO - Started process (PID=46448) to work on /mnt/c/Users/arcan/Documents/airflow/.venv/lib/python3.10/site-packages/airflow/example_dags/example_params_ui_tutorial.py
[2025-06-16T11:10:17.279-0300] {processor.py:829} INFO - Processing file /mnt/c/Users/arcan/Documents/airflow/.venv/lib/python3.10/site-packages/airflow/example_dags/example_params_ui_tutorial.py for tasks to queue
[2025-06-16T11:10:17.281-0300] {logging_mixin.py:154} INFO - [2025-06-16T11:10:17.281-0300] {dagbag.py:536} INFO - Filling up the DagBag from /mnt/c/Users/arcan/Documents/airflow/.venv/lib/python3.10/site-packages/airflow/example_dags/example_params_ui_tutorial.py
[2025-06-16T11:10:17.342-0300] {processor.py:839} INFO - DAG(s) dict_keys(['example_params_ui_tutorial']) retrieved from /mnt/c/Users/arcan/Documents/airflow/.venv/lib/python3.10/site-packages/airflow/example_dags/example_params_ui_tutorial.py
[2025-06-16T11:10:17.403-0300] {logging_mixin.py:154} INFO - [2025-06-16T11:10:17.403-0300] {dag.py:2941} INFO - Sync 1 DAGs
[2025-06-16T11:10:17.418-0300] {logging_mixin.py:154} INFO - [2025-06-16T11:10:17.418-0300] {dag.py:3722} INFO - Setting next_dagrun for example_params_ui_tutorial to None, run_after=None
[2025-06-16T11:10:17.501-0300] {processor.py:179} INFO - Processing /mnt/c/Users/arcan/Documents/airflow/.venv/lib/python3.10/site-packages/airflow/example_dags/example_params_ui_tutorial.py took 0.228 seconds
[2025-06-16T11:11:21.011-0300] {processor.py:157} INFO - Started process (PID=46632) to work on /mnt/c/Users/arcan/Documents/airflow/.venv/lib/python3.10/site-packages/airflow/example_dags/example_params_ui_tutorial.py
[2025-06-16T11:11:21.012-0300] {processor.py:829} INFO - Processing file /mnt/c/Users/arcan/Documents/airflow/.venv/lib/python3.10/site-packages/airflow/example_dags/example_params_ui_tutorial.py for tasks to queue
[2025-06-16T11:11:21.014-0300] {logging_mixin.py:154} INFO - [2025-06-16T11:11:21.013-0300] {dagbag.py:536} INFO - Filling up the DagBag from /mnt/c/Users/arcan/Documents/airflow/.venv/lib/python3.10/site-packages/airflow/example_dags/example_params_ui_tutorial.py
[2025-06-16T11:11:21.077-0300] {processor.py:839} INFO - DAG(s) dict_keys(['example_params_ui_tutorial']) retrieved from /mnt/c/Users/arcan/Documents/airflow/.venv/lib/python3.10/site-packages/airflow/example_dags/example_params_ui_tutorial.py
[2025-06-16T11:11:21.139-0300] {logging_mixin.py:154} INFO - [2025-06-16T11:11:21.139-0300] {dag.py:2941} INFO - Sync 1 DAGs
[2025-06-16T11:11:21.156-0300] {logging_mixin.py:154} INFO - [2025-06-16T11:11:21.156-0300] {dag.py:3722} INFO - Setting next_dagrun for example_params_ui_tutorial to None, run_after=None
[2025-06-16T11:11:21.248-0300] {processor.py:179} INFO - Processing /mnt/c/Users/arcan/Documents/airflow/.venv/lib/python3.10/site-packages/airflow/example_dags/example_params_ui_tutorial.py took 0.241 seconds
[2025-06-16T11:12:29.392-0300] {processor.py:157} INFO - Started process (PID=46831) to work on /mnt/c/Users/arcan/Documents/airflow/.venv/lib/python3.10/site-packages/airflow/example_dags/example_params_ui_tutorial.py
[2025-06-16T11:12:29.394-0300] {processor.py:829} INFO - Processing file /mnt/c/Users/arcan/Documents/airflow/.venv/lib/python3.10/site-packages/airflow/example_dags/example_params_ui_tutorial.py for tasks to queue
[2025-06-16T11:12:29.396-0300] {logging_mixin.py:154} INFO - [2025-06-16T11:12:29.395-0300] {dagbag.py:536} INFO - Filling up the DagBag from /mnt/c/Users/arcan/Documents/airflow/.venv/lib/python3.10/site-packages/airflow/example_dags/example_params_ui_tutorial.py
[2025-06-16T11:12:29.460-0300] {processor.py:839} INFO - DAG(s) dict_keys(['example_params_ui_tutorial']) retrieved from /mnt/c/Users/arcan/Documents/airflow/.venv/lib/python3.10/site-packages/airflow/example_dags/example_params_ui_tutorial.py
[2025-06-16T11:12:29.531-0300] {logging_mixin.py:154} INFO - [2025-06-16T11:12:29.530-0300] {dag.py:2941} INFO - Sync 1 DAGs
[2025-06-16T11:12:29.550-0300] {logging_mixin.py:154} INFO - [2025-06-16T11:12:29.550-0300] {dag.py:3722} INFO - Setting next_dagrun for example_params_ui_tutorial to None, run_after=None
[2025-06-16T11:12:29.651-0300] {processor.py:179} INFO - Processing /mnt/c/Users/arcan/Documents/airflow/.venv/lib/python3.10/site-packages/airflow/example_dags/example_params_ui_tutorial.py took 0.265 seconds
[2025-06-16T11:13:35.061-0300] {processor.py:157} INFO - Started process (PID=47137) to work on /mnt/c/Users/arcan/Documents/airflow/.venv/lib/python3.10/site-packages/airflow/example_dags/example_params_ui_tutorial.py
[2025-06-16T11:13:35.063-0300] {processor.py:829} INFO - Processing file /mnt/c/Users/arcan/Documents/airflow/.venv/lib/python3.10/site-packages/airflow/example_dags/example_params_ui_tutorial.py for tasks to queue
[2025-06-16T11:13:35.065-0300] {logging_mixin.py:154} INFO - [2025-06-16T11:13:35.064-0300] {dagbag.py:536} INFO - Filling up the DagBag from /mnt/c/Users/arcan/Documents/airflow/.venv/lib/python3.10/site-packages/airflow/example_dags/example_params_ui_tutorial.py
[2025-06-16T11:13:35.124-0300] {processor.py:839} INFO - DAG(s) dict_keys(['example_params_ui_tutorial']) retrieved from /mnt/c/Users/arcan/Documents/airflow/.venv/lib/python3.10/site-packages/airflow/example_dags/example_params_ui_tutorial.py
[2025-06-16T11:13:35.187-0300] {logging_mixin.py:154} INFO - [2025-06-16T11:13:35.186-0300] {dag.py:2941} INFO - Sync 1 DAGs
[2025-06-16T11:13:35.204-0300] {logging_mixin.py:154} INFO - [2025-06-16T11:13:35.203-0300] {dag.py:3722} INFO - Setting next_dagrun for example_params_ui_tutorial to None, run_after=None
[2025-06-16T11:13:35.295-0300] {processor.py:179} INFO - Processing /mnt/c/Users/arcan/Documents/airflow/.venv/lib/python3.10/site-packages/airflow/example_dags/example_params_ui_tutorial.py took 0.238 seconds
[2025-06-16T11:14:37.892-0300] {processor.py:157} INFO - Started process (PID=47321) to work on /mnt/c/Users/arcan/Documents/airflow/.venv/lib/python3.10/site-packages/airflow/example_dags/example_params_ui_tutorial.py
[2025-06-16T11:14:37.893-0300] {processor.py:829} INFO - Processing file /mnt/c/Users/arcan/Documents/airflow/.venv/lib/python3.10/site-packages/airflow/example_dags/example_params_ui_tutorial.py for tasks to queue
[2025-06-16T11:14:37.895-0300] {logging_mixin.py:154} INFO - [2025-06-16T11:14:37.894-0300] {dagbag.py:536} INFO - Filling up the DagBag from /mnt/c/Users/arcan/Documents/airflow/.venv/lib/python3.10/site-packages/airflow/example_dags/example_params_ui_tutorial.py
[2025-06-16T11:14:37.959-0300] {processor.py:839} INFO - DAG(s) dict_keys(['example_params_ui_tutorial']) retrieved from /mnt/c/Users/arcan/Documents/airflow/.venv/lib/python3.10/site-packages/airflow/example_dags/example_params_ui_tutorial.py
[2025-06-16T11:14:38.021-0300] {logging_mixin.py:154} INFO - [2025-06-16T11:14:38.020-0300] {dag.py:2941} INFO - Sync 1 DAGs
[2025-06-16T11:14:38.037-0300] {logging_mixin.py:154} INFO - [2025-06-16T11:14:38.037-0300] {dag.py:3722} INFO - Setting next_dagrun for example_params_ui_tutorial to None, run_after=None
[2025-06-16T11:14:38.133-0300] {processor.py:179} INFO - Processing /mnt/c/Users/arcan/Documents/airflow/.venv/lib/python3.10/site-packages/airflow/example_dags/example_params_ui_tutorial.py took 0.245 seconds
[2025-06-16T11:15:38.425-0300] {processor.py:157} INFO - Started process (PID=47499) to work on /mnt/c/Users/arcan/Documents/airflow/.venv/lib/python3.10/site-packages/airflow/example_dags/example_params_ui_tutorial.py
[2025-06-16T11:15:38.427-0300] {processor.py:829} INFO - Processing file /mnt/c/Users/arcan/Documents/airflow/.venv/lib/python3.10/site-packages/airflow/example_dags/example_params_ui_tutorial.py for tasks to queue
[2025-06-16T11:15:38.428-0300] {logging_mixin.py:154} INFO - [2025-06-16T11:15:38.428-0300] {dagbag.py:536} INFO - Filling up the DagBag from /mnt/c/Users/arcan/Documents/airflow/.venv/lib/python3.10/site-packages/airflow/example_dags/example_params_ui_tutorial.py
[2025-06-16T11:15:38.495-0300] {processor.py:839} INFO - DAG(s) dict_keys(['example_params_ui_tutorial']) retrieved from /mnt/c/Users/arcan/Documents/airflow/.venv/lib/python3.10/site-packages/airflow/example_dags/example_params_ui_tutorial.py
[2025-06-16T11:15:38.560-0300] {logging_mixin.py:154} INFO - [2025-06-16T11:15:38.560-0300] {dag.py:2941} INFO - Sync 1 DAGs
[2025-06-16T11:15:38.578-0300] {logging_mixin.py:154} INFO - [2025-06-16T11:15:38.578-0300] {dag.py:3722} INFO - Setting next_dagrun for example_params_ui_tutorial to None, run_after=None
[2025-06-16T11:15:38.673-0300] {processor.py:179} INFO - Processing /mnt/c/Users/arcan/Documents/airflow/.venv/lib/python3.10/site-packages/airflow/example_dags/example_params_ui_tutorial.py took 0.254 seconds
[2025-06-16T11:16:44.773-0300] {processor.py:157} INFO - Started process (PID=47690) to work on /mnt/c/Users/arcan/Documents/airflow/.venv/lib/python3.10/site-packages/airflow/example_dags/example_params_ui_tutorial.py
[2025-06-16T11:16:44.775-0300] {processor.py:829} INFO - Processing file /mnt/c/Users/arcan/Documents/airflow/.venv/lib/python3.10/site-packages/airflow/example_dags/example_params_ui_tutorial.py for tasks to queue
[2025-06-16T11:16:44.776-0300] {logging_mixin.py:154} INFO - [2025-06-16T11:16:44.776-0300] {dagbag.py:536} INFO - Filling up the DagBag from /mnt/c/Users/arcan/Documents/airflow/.venv/lib/python3.10/site-packages/airflow/example_dags/example_params_ui_tutorial.py
[2025-06-16T11:16:44.843-0300] {processor.py:839} INFO - DAG(s) dict_keys(['example_params_ui_tutorial']) retrieved from /mnt/c/Users/arcan/Documents/airflow/.venv/lib/python3.10/site-packages/airflow/example_dags/example_params_ui_tutorial.py
[2025-06-16T11:16:44.906-0300] {logging_mixin.py:154} INFO - [2025-06-16T11:16:44.905-0300] {dag.py:2941} INFO - Sync 1 DAGs
[2025-06-16T11:16:44.924-0300] {logging_mixin.py:154} INFO - [2025-06-16T11:16:44.923-0300] {dag.py:3722} INFO - Setting next_dagrun for example_params_ui_tutorial to None, run_after=None
[2025-06-16T11:16:45.020-0300] {processor.py:179} INFO - Processing /mnt/c/Users/arcan/Documents/airflow/.venv/lib/python3.10/site-packages/airflow/example_dags/example_params_ui_tutorial.py took 0.251 seconds
[2025-06-16T11:17:50.056-0300] {processor.py:157} INFO - Started process (PID=47888) to work on /mnt/c/Users/arcan/Documents/airflow/.venv/lib/python3.10/site-packages/airflow/example_dags/example_params_ui_tutorial.py
[2025-06-16T11:17:50.058-0300] {processor.py:829} INFO - Processing file /mnt/c/Users/arcan/Documents/airflow/.venv/lib/python3.10/site-packages/airflow/example_dags/example_params_ui_tutorial.py for tasks to queue
[2025-06-16T11:17:50.059-0300] {logging_mixin.py:154} INFO - [2025-06-16T11:17:50.059-0300] {dagbag.py:536} INFO - Filling up the DagBag from /mnt/c/Users/arcan/Documents/airflow/.venv/lib/python3.10/site-packages/airflow/example_dags/example_params_ui_tutorial.py
[2025-06-16T11:17:50.123-0300] {processor.py:839} INFO - DAG(s) dict_keys(['example_params_ui_tutorial']) retrieved from /mnt/c/Users/arcan/Documents/airflow/.venv/lib/python3.10/site-packages/airflow/example_dags/example_params_ui_tutorial.py
[2025-06-16T11:17:50.187-0300] {logging_mixin.py:154} INFO - [2025-06-16T11:17:50.187-0300] {dag.py:2941} INFO - Sync 1 DAGs
[2025-06-16T11:17:50.205-0300] {logging_mixin.py:154} INFO - [2025-06-16T11:17:50.205-0300] {dag.py:3722} INFO - Setting next_dagrun for example_params_ui_tutorial to None, run_after=None
[2025-06-16T11:17:50.297-0300] {processor.py:179} INFO - Processing /mnt/c/Users/arcan/Documents/airflow/.venv/lib/python3.10/site-packages/airflow/example_dags/example_params_ui_tutorial.py took 0.245 seconds
[2025-06-16T11:18:54.652-0300] {processor.py:157} INFO - Started process (PID=48072) to work on /mnt/c/Users/arcan/Documents/airflow/.venv/lib/python3.10/site-packages/airflow/example_dags/example_params_ui_tutorial.py
[2025-06-16T11:18:54.653-0300] {processor.py:829} INFO - Processing file /mnt/c/Users/arcan/Documents/airflow/.venv/lib/python3.10/site-packages/airflow/example_dags/example_params_ui_tutorial.py for tasks to queue
[2025-06-16T11:18:54.655-0300] {logging_mixin.py:154} INFO - [2025-06-16T11:18:54.655-0300] {dagbag.py:536} INFO - Filling up the DagBag from /mnt/c/Users/arcan/Documents/airflow/.venv/lib/python3.10/site-packages/airflow/example_dags/example_params_ui_tutorial.py
[2025-06-16T11:18:54.714-0300] {processor.py:839} INFO - DAG(s) dict_keys(['example_params_ui_tutorial']) retrieved from /mnt/c/Users/arcan/Documents/airflow/.venv/lib/python3.10/site-packages/airflow/example_dags/example_params_ui_tutorial.py
[2025-06-16T11:18:54.788-0300] {logging_mixin.py:154} INFO - [2025-06-16T11:18:54.788-0300] {dag.py:2941} INFO - Sync 1 DAGs
[2025-06-16T11:18:54.809-0300] {logging_mixin.py:154} INFO - [2025-06-16T11:18:54.809-0300] {dag.py:3722} INFO - Setting next_dagrun for example_params_ui_tutorial to None, run_after=None
[2025-06-16T11:18:54.900-0300] {processor.py:179} INFO - Processing /mnt/c/Users/arcan/Documents/airflow/.venv/lib/python3.10/site-packages/airflow/example_dags/example_params_ui_tutorial.py took 0.252 seconds
[2025-06-16T11:19:58.041-0300] {processor.py:157} INFO - Started process (PID=48259) to work on /mnt/c/Users/arcan/Documents/airflow/.venv/lib/python3.10/site-packages/airflow/example_dags/example_params_ui_tutorial.py
[2025-06-16T11:19:58.043-0300] {processor.py:829} INFO - Processing file /mnt/c/Users/arcan/Documents/airflow/.venv/lib/python3.10/site-packages/airflow/example_dags/example_params_ui_tutorial.py for tasks to queue
[2025-06-16T11:19:58.045-0300] {logging_mixin.py:154} INFO - [2025-06-16T11:19:58.044-0300] {dagbag.py:536} INFO - Filling up the DagBag from /mnt/c/Users/arcan/Documents/airflow/.venv/lib/python3.10/site-packages/airflow/example_dags/example_params_ui_tutorial.py
[2025-06-16T11:19:58.109-0300] {processor.py:839} INFO - DAG(s) dict_keys(['example_params_ui_tutorial']) retrieved from /mnt/c/Users/arcan/Documents/airflow/.venv/lib/python3.10/site-packages/airflow/example_dags/example_params_ui_tutorial.py
[2025-06-16T11:19:58.176-0300] {logging_mixin.py:154} INFO - [2025-06-16T11:19:58.176-0300] {dag.py:2941} INFO - Sync 1 DAGs
[2025-06-16T11:19:58.194-0300] {logging_mixin.py:154} INFO - [2025-06-16T11:19:58.193-0300] {dag.py:3722} INFO - Setting next_dagrun for example_params_ui_tutorial to None, run_after=None
[2025-06-16T11:19:58.281-0300] {processor.py:179} INFO - Processing /mnt/c/Users/arcan/Documents/airflow/.venv/lib/python3.10/site-packages/airflow/example_dags/example_params_ui_tutorial.py took 0.244 seconds
[2025-06-16T11:20:56.897-0300] {processor.py:157} INFO - Started process (PID=48557) to work on /mnt/c/Users/arcan/Documents/airflow/.venv/lib/python3.10/site-packages/airflow/example_dags/example_params_ui_tutorial.py
[2025-06-16T11:20:56.900-0300] {processor.py:829} INFO - Processing file /mnt/c/Users/arcan/Documents/airflow/.venv/lib/python3.10/site-packages/airflow/example_dags/example_params_ui_tutorial.py for tasks to queue
[2025-06-16T11:20:56.902-0300] {logging_mixin.py:154} INFO - [2025-06-16T11:20:56.901-0300] {dagbag.py:536} INFO - Filling up the DagBag from /mnt/c/Users/arcan/Documents/airflow/.venv/lib/python3.10/site-packages/airflow/example_dags/example_params_ui_tutorial.py
[2025-06-16T11:20:56.965-0300] {processor.py:839} INFO - DAG(s) dict_keys(['example_params_ui_tutorial']) retrieved from /mnt/c/Users/arcan/Documents/airflow/.venv/lib/python3.10/site-packages/airflow/example_dags/example_params_ui_tutorial.py
[2025-06-16T11:20:57.028-0300] {logging_mixin.py:154} INFO - [2025-06-16T11:20:57.028-0300] {dag.py:2941} INFO - Sync 1 DAGs
[2025-06-16T11:20:57.046-0300] {logging_mixin.py:154} INFO - [2025-06-16T11:20:57.046-0300] {dag.py:3722} INFO - Setting next_dagrun for example_params_ui_tutorial to None, run_after=None
[2025-06-16T11:20:57.132-0300] {processor.py:179} INFO - Processing /mnt/c/Users/arcan/Documents/airflow/.venv/lib/python3.10/site-packages/airflow/example_dags/example_params_ui_tutorial.py took 0.239 seconds
[2025-06-16T11:22:06.275-0300] {processor.py:157} INFO - Started process (PID=48755) to work on /mnt/c/Users/arcan/Documents/airflow/.venv/lib/python3.10/site-packages/airflow/example_dags/example_params_ui_tutorial.py
[2025-06-16T11:22:06.276-0300] {processor.py:829} INFO - Processing file /mnt/c/Users/arcan/Documents/airflow/.venv/lib/python3.10/site-packages/airflow/example_dags/example_params_ui_tutorial.py for tasks to queue
[2025-06-16T11:22:06.278-0300] {logging_mixin.py:154} INFO - [2025-06-16T11:22:06.277-0300] {dagbag.py:536} INFO - Filling up the DagBag from /mnt/c/Users/arcan/Documents/airflow/.venv/lib/python3.10/site-packages/airflow/example_dags/example_params_ui_tutorial.py
[2025-06-16T11:22:06.338-0300] {processor.py:839} INFO - DAG(s) dict_keys(['example_params_ui_tutorial']) retrieved from /mnt/c/Users/arcan/Documents/airflow/.venv/lib/python3.10/site-packages/airflow/example_dags/example_params_ui_tutorial.py
[2025-06-16T11:22:06.405-0300] {logging_mixin.py:154} INFO - [2025-06-16T11:22:06.405-0300] {dag.py:2941} INFO - Sync 1 DAGs
[2025-06-16T11:22:06.422-0300] {logging_mixin.py:154} INFO - [2025-06-16T11:22:06.422-0300] {dag.py:3722} INFO - Setting next_dagrun for example_params_ui_tutorial to None, run_after=None
[2025-06-16T11:22:06.505-0300] {processor.py:179} INFO - Processing /mnt/c/Users/arcan/Documents/airflow/.venv/lib/python3.10/site-packages/airflow/example_dags/example_params_ui_tutorial.py took 0.234 seconds
[2025-06-16T11:23:04.220-0300] {processor.py:157} INFO - Started process (PID=48925) to work on /mnt/c/Users/arcan/Documents/airflow/.venv/lib/python3.10/site-packages/airflow/example_dags/example_params_ui_tutorial.py
[2025-06-16T11:23:04.222-0300] {processor.py:829} INFO - Processing file /mnt/c/Users/arcan/Documents/airflow/.venv/lib/python3.10/site-packages/airflow/example_dags/example_params_ui_tutorial.py for tasks to queue
[2025-06-16T11:23:04.224-0300] {logging_mixin.py:154} INFO - [2025-06-16T11:23:04.223-0300] {dagbag.py:536} INFO - Filling up the DagBag from /mnt/c/Users/arcan/Documents/airflow/.venv/lib/python3.10/site-packages/airflow/example_dags/example_params_ui_tutorial.py
[2025-06-16T11:23:04.283-0300] {processor.py:839} INFO - DAG(s) dict_keys(['example_params_ui_tutorial']) retrieved from /mnt/c/Users/arcan/Documents/airflow/.venv/lib/python3.10/site-packages/airflow/example_dags/example_params_ui_tutorial.py
[2025-06-16T11:23:04.346-0300] {logging_mixin.py:154} INFO - [2025-06-16T11:23:04.346-0300] {dag.py:2941} INFO - Sync 1 DAGs
[2025-06-16T11:23:04.365-0300] {logging_mixin.py:154} INFO - [2025-06-16T11:23:04.365-0300] {dag.py:3722} INFO - Setting next_dagrun for example_params_ui_tutorial to None, run_after=None
[2025-06-16T11:23:04.462-0300] {processor.py:179} INFO - Processing /mnt/c/Users/arcan/Documents/airflow/.venv/lib/python3.10/site-packages/airflow/example_dags/example_params_ui_tutorial.py took 0.246 seconds
[2025-06-16T11:24:02.962-0300] {processor.py:157} INFO - Started process (PID=49097) to work on /mnt/c/Users/arcan/Documents/airflow/.venv/lib/python3.10/site-packages/airflow/example_dags/example_params_ui_tutorial.py
[2025-06-16T11:24:02.964-0300] {processor.py:829} INFO - Processing file /mnt/c/Users/arcan/Documents/airflow/.venv/lib/python3.10/site-packages/airflow/example_dags/example_params_ui_tutorial.py for tasks to queue
[2025-06-16T11:24:02.966-0300] {logging_mixin.py:154} INFO - [2025-06-16T11:24:02.966-0300] {dagbag.py:536} INFO - Filling up the DagBag from /mnt/c/Users/arcan/Documents/airflow/.venv/lib/python3.10/site-packages/airflow/example_dags/example_params_ui_tutorial.py
[2025-06-16T11:24:03.029-0300] {processor.py:839} INFO - DAG(s) dict_keys(['example_params_ui_tutorial']) retrieved from /mnt/c/Users/arcan/Documents/airflow/.venv/lib/python3.10/site-packages/airflow/example_dags/example_params_ui_tutorial.py
[2025-06-16T11:24:03.096-0300] {logging_mixin.py:154} INFO - [2025-06-16T11:24:03.096-0300] {dag.py:2941} INFO - Sync 1 DAGs
[2025-06-16T11:24:03.114-0300] {logging_mixin.py:154} INFO - [2025-06-16T11:24:03.113-0300] {dag.py:3722} INFO - Setting next_dagrun for example_params_ui_tutorial to None, run_after=None
[2025-06-16T11:24:03.200-0300] {processor.py:179} INFO - Processing /mnt/c/Users/arcan/Documents/airflow/.venv/lib/python3.10/site-packages/airflow/example_dags/example_params_ui_tutorial.py took 0.243 seconds
[2025-06-16T11:25:06.963-0300] {processor.py:157} INFO - Started process (PID=49282) to work on /mnt/c/Users/arcan/Documents/airflow/.venv/lib/python3.10/site-packages/airflow/example_dags/example_params_ui_tutorial.py
[2025-06-16T11:25:06.965-0300] {processor.py:829} INFO - Processing file /mnt/c/Users/arcan/Documents/airflow/.venv/lib/python3.10/site-packages/airflow/example_dags/example_params_ui_tutorial.py for tasks to queue
[2025-06-16T11:25:06.967-0300] {logging_mixin.py:154} INFO - [2025-06-16T11:25:06.966-0300] {dagbag.py:536} INFO - Filling up the DagBag from /mnt/c/Users/arcan/Documents/airflow/.venv/lib/python3.10/site-packages/airflow/example_dags/example_params_ui_tutorial.py
[2025-06-16T11:25:07.046-0300] {processor.py:839} INFO - DAG(s) dict_keys(['example_params_ui_tutorial']) retrieved from /mnt/c/Users/arcan/Documents/airflow/.venv/lib/python3.10/site-packages/airflow/example_dags/example_params_ui_tutorial.py
[2025-06-16T11:25:07.113-0300] {logging_mixin.py:154} INFO - [2025-06-16T11:25:07.113-0300] {dag.py:2941} INFO - Sync 1 DAGs
[2025-06-16T11:25:07.131-0300] {logging_mixin.py:154} INFO - [2025-06-16T11:25:07.131-0300] {dag.py:3722} INFO - Setting next_dagrun for example_params_ui_tutorial to None, run_after=None
[2025-06-16T11:25:07.217-0300] {processor.py:179} INFO - Processing /mnt/c/Users/arcan/Documents/airflow/.venv/lib/python3.10/site-packages/airflow/example_dags/example_params_ui_tutorial.py took 0.258 seconds
[2025-06-16T11:26:09.314-0300] {processor.py:157} INFO - Started process (PID=49465) to work on /mnt/c/Users/arcan/Documents/airflow/.venv/lib/python3.10/site-packages/airflow/example_dags/example_params_ui_tutorial.py
[2025-06-16T11:26:09.316-0300] {processor.py:829} INFO - Processing file /mnt/c/Users/arcan/Documents/airflow/.venv/lib/python3.10/site-packages/airflow/example_dags/example_params_ui_tutorial.py for tasks to queue
[2025-06-16T11:26:09.318-0300] {logging_mixin.py:154} INFO - [2025-06-16T11:26:09.317-0300] {dagbag.py:536} INFO - Filling up the DagBag from /mnt/c/Users/arcan/Documents/airflow/.venv/lib/python3.10/site-packages/airflow/example_dags/example_params_ui_tutorial.py
[2025-06-16T11:26:09.381-0300] {processor.py:839} INFO - DAG(s) dict_keys(['example_params_ui_tutorial']) retrieved from /mnt/c/Users/arcan/Documents/airflow/.venv/lib/python3.10/site-packages/airflow/example_dags/example_params_ui_tutorial.py
[2025-06-16T11:26:09.446-0300] {logging_mixin.py:154} INFO - [2025-06-16T11:26:09.445-0300] {dag.py:2941} INFO - Sync 1 DAGs
[2025-06-16T11:26:09.464-0300] {logging_mixin.py:154} INFO - [2025-06-16T11:26:09.464-0300] {dag.py:3722} INFO - Setting next_dagrun for example_params_ui_tutorial to None, run_after=None
[2025-06-16T11:26:09.553-0300] {processor.py:179} INFO - Processing /mnt/c/Users/arcan/Documents/airflow/.venv/lib/python3.10/site-packages/airflow/example_dags/example_params_ui_tutorial.py took 0.243 seconds
[2025-06-16T11:27:14.661-0300] {processor.py:157} INFO - Started process (PID=49655) to work on /mnt/c/Users/arcan/Documents/airflow/.venv/lib/python3.10/site-packages/airflow/example_dags/example_params_ui_tutorial.py
[2025-06-16T11:27:14.663-0300] {processor.py:829} INFO - Processing file /mnt/c/Users/arcan/Documents/airflow/.venv/lib/python3.10/site-packages/airflow/example_dags/example_params_ui_tutorial.py for tasks to queue
[2025-06-16T11:27:14.664-0300] {logging_mixin.py:154} INFO - [2025-06-16T11:27:14.663-0300] {dagbag.py:536} INFO - Filling up the DagBag from /mnt/c/Users/arcan/Documents/airflow/.venv/lib/python3.10/site-packages/airflow/example_dags/example_params_ui_tutorial.py
[2025-06-16T11:27:14.724-0300] {processor.py:839} INFO - DAG(s) dict_keys(['example_params_ui_tutorial']) retrieved from /mnt/c/Users/arcan/Documents/airflow/.venv/lib/python3.10/site-packages/airflow/example_dags/example_params_ui_tutorial.py
[2025-06-16T11:27:14.786-0300] {logging_mixin.py:154} INFO - [2025-06-16T11:27:14.786-0300] {dag.py:2941} INFO - Sync 1 DAGs
[2025-06-16T11:27:14.804-0300] {logging_mixin.py:154} INFO - [2025-06-16T11:27:14.804-0300] {dag.py:3722} INFO - Setting next_dagrun for example_params_ui_tutorial to None, run_after=None
[2025-06-16T11:27:14.899-0300] {processor.py:179} INFO - Processing /mnt/c/Users/arcan/Documents/airflow/.venv/lib/python3.10/site-packages/airflow/example_dags/example_params_ui_tutorial.py took 0.242 seconds
[2025-06-16T11:28:20.615-0300] {processor.py:157} INFO - Started process (PID=49972) to work on /mnt/c/Users/arcan/Documents/airflow/.venv/lib/python3.10/site-packages/airflow/example_dags/example_params_ui_tutorial.py
[2025-06-16T11:28:20.617-0300] {processor.py:829} INFO - Processing file /mnt/c/Users/arcan/Documents/airflow/.venv/lib/python3.10/site-packages/airflow/example_dags/example_params_ui_tutorial.py for tasks to queue
[2025-06-16T11:28:20.618-0300] {logging_mixin.py:154} INFO - [2025-06-16T11:28:20.618-0300] {dagbag.py:536} INFO - Filling up the DagBag from /mnt/c/Users/arcan/Documents/airflow/.venv/lib/python3.10/site-packages/airflow/example_dags/example_params_ui_tutorial.py
[2025-06-16T11:28:20.678-0300] {processor.py:839} INFO - DAG(s) dict_keys(['example_params_ui_tutorial']) retrieved from /mnt/c/Users/arcan/Documents/airflow/.venv/lib/python3.10/site-packages/airflow/example_dags/example_params_ui_tutorial.py
[2025-06-16T11:28:20.737-0300] {logging_mixin.py:154} INFO - [2025-06-16T11:28:20.736-0300] {dag.py:2941} INFO - Sync 1 DAGs
[2025-06-16T11:28:20.754-0300] {logging_mixin.py:154} INFO - [2025-06-16T11:28:20.754-0300] {dag.py:3722} INFO - Setting next_dagrun for example_params_ui_tutorial to None, run_after=None
[2025-06-16T11:28:20.844-0300] {processor.py:179} INFO - Processing /mnt/c/Users/arcan/Documents/airflow/.venv/lib/python3.10/site-packages/airflow/example_dags/example_params_ui_tutorial.py took 0.233 seconds
[2025-06-16T11:29:28.442-0300] {processor.py:157} INFO - Started process (PID=50169) to work on /mnt/c/Users/arcan/Documents/airflow/.venv/lib/python3.10/site-packages/airflow/example_dags/example_params_ui_tutorial.py
[2025-06-16T11:29:28.445-0300] {processor.py:829} INFO - Processing file /mnt/c/Users/arcan/Documents/airflow/.venv/lib/python3.10/site-packages/airflow/example_dags/example_params_ui_tutorial.py for tasks to queue
[2025-06-16T11:29:28.446-0300] {logging_mixin.py:154} INFO - [2025-06-16T11:29:28.446-0300] {dagbag.py:536} INFO - Filling up the DagBag from /mnt/c/Users/arcan/Documents/airflow/.venv/lib/python3.10/site-packages/airflow/example_dags/example_params_ui_tutorial.py
[2025-06-16T11:29:28.512-0300] {processor.py:839} INFO - DAG(s) dict_keys(['example_params_ui_tutorial']) retrieved from /mnt/c/Users/arcan/Documents/airflow/.venv/lib/python3.10/site-packages/airflow/example_dags/example_params_ui_tutorial.py
[2025-06-16T11:29:28.573-0300] {logging_mixin.py:154} INFO - [2025-06-16T11:29:28.573-0300] {dag.py:2941} INFO - Sync 1 DAGs
[2025-06-16T11:29:28.591-0300] {logging_mixin.py:154} INFO - [2025-06-16T11:29:28.590-0300] {dag.py:3722} INFO - Setting next_dagrun for example_params_ui_tutorial to None, run_after=None
[2025-06-16T11:29:28.683-0300] {processor.py:179} INFO - Processing /mnt/c/Users/arcan/Documents/airflow/.venv/lib/python3.10/site-packages/airflow/example_dags/example_params_ui_tutorial.py took 0.244 seconds
[2025-06-16T11:30:31.157-0300] {processor.py:157} INFO - Started process (PID=50352) to work on /mnt/c/Users/arcan/Documents/airflow/.venv/lib/python3.10/site-packages/airflow/example_dags/example_params_ui_tutorial.py
[2025-06-16T11:30:31.160-0300] {processor.py:829} INFO - Processing file /mnt/c/Users/arcan/Documents/airflow/.venv/lib/python3.10/site-packages/airflow/example_dags/example_params_ui_tutorial.py for tasks to queue
[2025-06-16T11:30:31.162-0300] {logging_mixin.py:154} INFO - [2025-06-16T11:30:31.161-0300] {dagbag.py:536} INFO - Filling up the DagBag from /mnt/c/Users/arcan/Documents/airflow/.venv/lib/python3.10/site-packages/airflow/example_dags/example_params_ui_tutorial.py
[2025-06-16T11:30:31.226-0300] {processor.py:839} INFO - DAG(s) dict_keys(['example_params_ui_tutorial']) retrieved from /mnt/c/Users/arcan/Documents/airflow/.venv/lib/python3.10/site-packages/airflow/example_dags/example_params_ui_tutorial.py
[2025-06-16T11:30:31.294-0300] {logging_mixin.py:154} INFO - [2025-06-16T11:30:31.294-0300] {dag.py:2941} INFO - Sync 1 DAGs
[2025-06-16T11:30:31.313-0300] {logging_mixin.py:154} INFO - [2025-06-16T11:30:31.313-0300] {dag.py:3722} INFO - Setting next_dagrun for example_params_ui_tutorial to None, run_after=None
[2025-06-16T11:30:31.405-0300] {processor.py:179} INFO - Processing /mnt/c/Users/arcan/Documents/airflow/.venv/lib/python3.10/site-packages/airflow/example_dags/example_params_ui_tutorial.py took 0.252 seconds
[2025-06-16T11:31:39.623-0300] {processor.py:157} INFO - Started process (PID=50553) to work on /mnt/c/Users/arcan/Documents/airflow/.venv/lib/python3.10/site-packages/airflow/example_dags/example_params_ui_tutorial.py
[2025-06-16T11:31:39.625-0300] {processor.py:829} INFO - Processing file /mnt/c/Users/arcan/Documents/airflow/.venv/lib/python3.10/site-packages/airflow/example_dags/example_params_ui_tutorial.py for tasks to queue
[2025-06-16T11:31:39.627-0300] {logging_mixin.py:154} INFO - [2025-06-16T11:31:39.626-0300] {dagbag.py:536} INFO - Filling up the DagBag from /mnt/c/Users/arcan/Documents/airflow/.venv/lib/python3.10/site-packages/airflow/example_dags/example_params_ui_tutorial.py
[2025-06-16T11:31:39.688-0300] {processor.py:839} INFO - DAG(s) dict_keys(['example_params_ui_tutorial']) retrieved from /mnt/c/Users/arcan/Documents/airflow/.venv/lib/python3.10/site-packages/airflow/example_dags/example_params_ui_tutorial.py
[2025-06-16T11:31:39.751-0300] {logging_mixin.py:154} INFO - [2025-06-16T11:31:39.751-0300] {dag.py:2941} INFO - Sync 1 DAGs
[2025-06-16T11:31:39.768-0300] {logging_mixin.py:154} INFO - [2025-06-16T11:31:39.768-0300] {dag.py:3722} INFO - Setting next_dagrun for example_params_ui_tutorial to None, run_after=None
[2025-06-16T11:31:39.861-0300] {processor.py:179} INFO - Processing /mnt/c/Users/arcan/Documents/airflow/.venv/lib/python3.10/site-packages/airflow/example_dags/example_params_ui_tutorial.py took 0.243 seconds
[2025-06-16T11:32:49.838-0300] {processor.py:157} INFO - Started process (PID=50758) to work on /mnt/c/Users/arcan/Documents/airflow/.venv/lib/python3.10/site-packages/airflow/example_dags/example_params_ui_tutorial.py
[2025-06-16T11:32:49.840-0300] {processor.py:829} INFO - Processing file /mnt/c/Users/arcan/Documents/airflow/.venv/lib/python3.10/site-packages/airflow/example_dags/example_params_ui_tutorial.py for tasks to queue
[2025-06-16T11:32:49.842-0300] {logging_mixin.py:154} INFO - [2025-06-16T11:32:49.841-0300] {dagbag.py:536} INFO - Filling up the DagBag from /mnt/c/Users/arcan/Documents/airflow/.venv/lib/python3.10/site-packages/airflow/example_dags/example_params_ui_tutorial.py
[2025-06-16T11:32:49.902-0300] {processor.py:839} INFO - DAG(s) dict_keys(['example_params_ui_tutorial']) retrieved from /mnt/c/Users/arcan/Documents/airflow/.venv/lib/python3.10/site-packages/airflow/example_dags/example_params_ui_tutorial.py
[2025-06-16T11:32:49.970-0300] {logging_mixin.py:154} INFO - [2025-06-16T11:32:49.970-0300] {dag.py:2941} INFO - Sync 1 DAGs
[2025-06-16T11:32:49.987-0300] {logging_mixin.py:154} INFO - [2025-06-16T11:32:49.987-0300] {dag.py:3722} INFO - Setting next_dagrun for example_params_ui_tutorial to None, run_after=None
[2025-06-16T11:32:50.078-0300] {processor.py:179} INFO - Processing /mnt/c/Users/arcan/Documents/airflow/.venv/lib/python3.10/site-packages/airflow/example_dags/example_params_ui_tutorial.py took 0.244 seconds
[2025-06-16T11:33:52.152-0300] {processor.py:157} INFO - Started process (PID=50941) to work on /mnt/c/Users/arcan/Documents/airflow/.venv/lib/python3.10/site-packages/airflow/example_dags/example_params_ui_tutorial.py
[2025-06-16T11:33:52.154-0300] {processor.py:829} INFO - Processing file /mnt/c/Users/arcan/Documents/airflow/.venv/lib/python3.10/site-packages/airflow/example_dags/example_params_ui_tutorial.py for tasks to queue
[2025-06-16T11:33:52.156-0300] {logging_mixin.py:154} INFO - [2025-06-16T11:33:52.155-0300] {dagbag.py:536} INFO - Filling up the DagBag from /mnt/c/Users/arcan/Documents/airflow/.venv/lib/python3.10/site-packages/airflow/example_dags/example_params_ui_tutorial.py
[2025-06-16T11:33:52.223-0300] {processor.py:839} INFO - DAG(s) dict_keys(['example_params_ui_tutorial']) retrieved from /mnt/c/Users/arcan/Documents/airflow/.venv/lib/python3.10/site-packages/airflow/example_dags/example_params_ui_tutorial.py
[2025-06-16T11:33:52.292-0300] {logging_mixin.py:154} INFO - [2025-06-16T11:33:52.292-0300] {dag.py:2941} INFO - Sync 1 DAGs
[2025-06-16T11:33:52.311-0300] {logging_mixin.py:154} INFO - [2025-06-16T11:33:52.311-0300] {dag.py:3722} INFO - Setting next_dagrun for example_params_ui_tutorial to None, run_after=None
[2025-06-16T11:33:52.410-0300] {processor.py:179} INFO - Processing /mnt/c/Users/arcan/Documents/airflow/.venv/lib/python3.10/site-packages/airflow/example_dags/example_params_ui_tutorial.py took 0.264 seconds
[2025-06-16T11:34:54.744-0300] {processor.py:157} INFO - Started process (PID=51251) to work on /mnt/c/Users/arcan/Documents/airflow/.venv/lib/python3.10/site-packages/airflow/example_dags/example_params_ui_tutorial.py
[2025-06-16T11:34:54.746-0300] {processor.py:829} INFO - Processing file /mnt/c/Users/arcan/Documents/airflow/.venv/lib/python3.10/site-packages/airflow/example_dags/example_params_ui_tutorial.py for tasks to queue
[2025-06-16T11:34:54.748-0300] {logging_mixin.py:154} INFO - [2025-06-16T11:34:54.747-0300] {dagbag.py:536} INFO - Filling up the DagBag from /mnt/c/Users/arcan/Documents/airflow/.venv/lib/python3.10/site-packages/airflow/example_dags/example_params_ui_tutorial.py
[2025-06-16T11:34:54.821-0300] {processor.py:839} INFO - DAG(s) dict_keys(['example_params_ui_tutorial']) retrieved from /mnt/c/Users/arcan/Documents/airflow/.venv/lib/python3.10/site-packages/airflow/example_dags/example_params_ui_tutorial.py
[2025-06-16T11:34:54.893-0300] {logging_mixin.py:154} INFO - [2025-06-16T11:34:54.893-0300] {dag.py:2941} INFO - Sync 1 DAGs
[2025-06-16T11:34:54.910-0300] {logging_mixin.py:154} INFO - [2025-06-16T11:34:54.910-0300] {dag.py:3722} INFO - Setting next_dagrun for example_params_ui_tutorial to None, run_after=None
[2025-06-16T11:34:55.013-0300] {processor.py:179} INFO - Processing /mnt/c/Users/arcan/Documents/airflow/.venv/lib/python3.10/site-packages/airflow/example_dags/example_params_ui_tutorial.py took 0.274 seconds
[2025-06-16T11:35:53.891-0300] {processor.py:157} INFO - Started process (PID=51425) to work on /mnt/c/Users/arcan/Documents/airflow/.venv/lib/python3.10/site-packages/airflow/example_dags/example_params_ui_tutorial.py
[2025-06-16T11:35:53.892-0300] {processor.py:829} INFO - Processing file /mnt/c/Users/arcan/Documents/airflow/.venv/lib/python3.10/site-packages/airflow/example_dags/example_params_ui_tutorial.py for tasks to queue
[2025-06-16T11:35:53.895-0300] {logging_mixin.py:154} INFO - [2025-06-16T11:35:53.894-0300] {dagbag.py:536} INFO - Filling up the DagBag from /mnt/c/Users/arcan/Documents/airflow/.venv/lib/python3.10/site-packages/airflow/example_dags/example_params_ui_tutorial.py
[2025-06-16T11:35:53.964-0300] {processor.py:839} INFO - DAG(s) dict_keys(['example_params_ui_tutorial']) retrieved from /mnt/c/Users/arcan/Documents/airflow/.venv/lib/python3.10/site-packages/airflow/example_dags/example_params_ui_tutorial.py
[2025-06-16T11:35:54.035-0300] {logging_mixin.py:154} INFO - [2025-06-16T11:35:54.034-0300] {dag.py:2941} INFO - Sync 1 DAGs
[2025-06-16T11:35:54.053-0300] {logging_mixin.py:154} INFO - [2025-06-16T11:35:54.053-0300] {dag.py:3722} INFO - Setting next_dagrun for example_params_ui_tutorial to None, run_after=None
[2025-06-16T11:35:54.152-0300] {processor.py:179} INFO - Processing /mnt/c/Users/arcan/Documents/airflow/.venv/lib/python3.10/site-packages/airflow/example_dags/example_params_ui_tutorial.py took 0.265 seconds
[2025-06-16T11:37:00.145-0300] {processor.py:157} INFO - Started process (PID=51626) to work on /mnt/c/Users/arcan/Documents/airflow/.venv/lib/python3.10/site-packages/airflow/example_dags/example_params_ui_tutorial.py
[2025-06-16T11:37:00.147-0300] {processor.py:829} INFO - Processing file /mnt/c/Users/arcan/Documents/airflow/.venv/lib/python3.10/site-packages/airflow/example_dags/example_params_ui_tutorial.py for tasks to queue
[2025-06-16T11:37:00.149-0300] {logging_mixin.py:154} INFO - [2025-06-16T11:37:00.148-0300] {dagbag.py:536} INFO - Filling up the DagBag from /mnt/c/Users/arcan/Documents/airflow/.venv/lib/python3.10/site-packages/airflow/example_dags/example_params_ui_tutorial.py
[2025-06-16T11:37:00.212-0300] {processor.py:839} INFO - DAG(s) dict_keys(['example_params_ui_tutorial']) retrieved from /mnt/c/Users/arcan/Documents/airflow/.venv/lib/python3.10/site-packages/airflow/example_dags/example_params_ui_tutorial.py
[2025-06-16T11:37:00.275-0300] {logging_mixin.py:154} INFO - [2025-06-16T11:37:00.275-0300] {dag.py:2941} INFO - Sync 1 DAGs
[2025-06-16T11:37:00.293-0300] {logging_mixin.py:154} INFO - [2025-06-16T11:37:00.293-0300] {dag.py:3722} INFO - Setting next_dagrun for example_params_ui_tutorial to None, run_after=None
[2025-06-16T11:37:00.394-0300] {processor.py:179} INFO - Processing /mnt/c/Users/arcan/Documents/airflow/.venv/lib/python3.10/site-packages/airflow/example_dags/example_params_ui_tutorial.py took 0.253 seconds
[2025-06-16T11:38:07.261-0300] {processor.py:157} INFO - Started process (PID=51825) to work on /mnt/c/Users/arcan/Documents/airflow/.venv/lib/python3.10/site-packages/airflow/example_dags/example_params_ui_tutorial.py
[2025-06-16T11:38:07.263-0300] {processor.py:829} INFO - Processing file /mnt/c/Users/arcan/Documents/airflow/.venv/lib/python3.10/site-packages/airflow/example_dags/example_params_ui_tutorial.py for tasks to queue
[2025-06-16T11:38:07.264-0300] {logging_mixin.py:154} INFO - [2025-06-16T11:38:07.264-0300] {dagbag.py:536} INFO - Filling up the DagBag from /mnt/c/Users/arcan/Documents/airflow/.venv/lib/python3.10/site-packages/airflow/example_dags/example_params_ui_tutorial.py
[2025-06-16T11:38:07.324-0300] {processor.py:839} INFO - DAG(s) dict_keys(['example_params_ui_tutorial']) retrieved from /mnt/c/Users/arcan/Documents/airflow/.venv/lib/python3.10/site-packages/airflow/example_dags/example_params_ui_tutorial.py
[2025-06-16T11:38:07.388-0300] {logging_mixin.py:154} INFO - [2025-06-16T11:38:07.388-0300] {dag.py:2941} INFO - Sync 1 DAGs
[2025-06-16T11:38:07.406-0300] {logging_mixin.py:154} INFO - [2025-06-16T11:38:07.405-0300] {dag.py:3722} INFO - Setting next_dagrun for example_params_ui_tutorial to None, run_after=None
[2025-06-16T11:38:07.497-0300] {processor.py:179} INFO - Processing /mnt/c/Users/arcan/Documents/airflow/.venv/lib/python3.10/site-packages/airflow/example_dags/example_params_ui_tutorial.py took 0.241 seconds
[2025-06-16T11:39:15.841-0300] {processor.py:157} INFO - Started process (PID=52022) to work on /mnt/c/Users/arcan/Documents/airflow/.venv/lib/python3.10/site-packages/airflow/example_dags/example_params_ui_tutorial.py
[2025-06-16T11:39:15.843-0300] {processor.py:829} INFO - Processing file /mnt/c/Users/arcan/Documents/airflow/.venv/lib/python3.10/site-packages/airflow/example_dags/example_params_ui_tutorial.py for tasks to queue
[2025-06-16T11:39:15.845-0300] {logging_mixin.py:154} INFO - [2025-06-16T11:39:15.844-0300] {dagbag.py:536} INFO - Filling up the DagBag from /mnt/c/Users/arcan/Documents/airflow/.venv/lib/python3.10/site-packages/airflow/example_dags/example_params_ui_tutorial.py
[2025-06-16T11:39:15.914-0300] {processor.py:839} INFO - DAG(s) dict_keys(['example_params_ui_tutorial']) retrieved from /mnt/c/Users/arcan/Documents/airflow/.venv/lib/python3.10/site-packages/airflow/example_dags/example_params_ui_tutorial.py
[2025-06-16T11:39:15.981-0300] {logging_mixin.py:154} INFO - [2025-06-16T11:39:15.981-0300] {dag.py:2941} INFO - Sync 1 DAGs
[2025-06-16T11:39:16.001-0300] {logging_mixin.py:154} INFO - [2025-06-16T11:39:16.001-0300] {dag.py:3722} INFO - Setting next_dagrun for example_params_ui_tutorial to None, run_after=None
[2025-06-16T11:39:16.100-0300] {processor.py:179} INFO - Processing /mnt/c/Users/arcan/Documents/airflow/.venv/lib/python3.10/site-packages/airflow/example_dags/example_params_ui_tutorial.py took 0.264 seconds
[2025-06-16T11:40:24.619-0300] {processor.py:157} INFO - Started process (PID=52222) to work on /mnt/c/Users/arcan/Documents/airflow/.venv/lib/python3.10/site-packages/airflow/example_dags/example_params_ui_tutorial.py
[2025-06-16T11:40:24.621-0300] {processor.py:829} INFO - Processing file /mnt/c/Users/arcan/Documents/airflow/.venv/lib/python3.10/site-packages/airflow/example_dags/example_params_ui_tutorial.py for tasks to queue
[2025-06-16T11:40:24.623-0300] {logging_mixin.py:154} INFO - [2025-06-16T11:40:24.622-0300] {dagbag.py:536} INFO - Filling up the DagBag from /mnt/c/Users/arcan/Documents/airflow/.venv/lib/python3.10/site-packages/airflow/example_dags/example_params_ui_tutorial.py
[2025-06-16T11:40:24.691-0300] {processor.py:839} INFO - DAG(s) dict_keys(['example_params_ui_tutorial']) retrieved from /mnt/c/Users/arcan/Documents/airflow/.venv/lib/python3.10/site-packages/airflow/example_dags/example_params_ui_tutorial.py
[2025-06-16T11:40:24.753-0300] {logging_mixin.py:154} INFO - [2025-06-16T11:40:24.752-0300] {dag.py:2941} INFO - Sync 1 DAGs
[2025-06-16T11:40:24.768-0300] {logging_mixin.py:154} INFO - [2025-06-16T11:40:24.767-0300] {dag.py:3722} INFO - Setting next_dagrun for example_params_ui_tutorial to None, run_after=None
[2025-06-16T11:40:24.860-0300] {processor.py:179} INFO - Processing /mnt/c/Users/arcan/Documents/airflow/.venv/lib/python3.10/site-packages/airflow/example_dags/example_params_ui_tutorial.py took 0.245 seconds
[2025-06-16T11:41:26.576-0300] {processor.py:157} INFO - Started process (PID=52413) to work on /mnt/c/Users/arcan/Documents/airflow/.venv/lib/python3.10/site-packages/airflow/example_dags/example_params_ui_tutorial.py
[2025-06-16T11:41:26.578-0300] {processor.py:829} INFO - Processing file /mnt/c/Users/arcan/Documents/airflow/.venv/lib/python3.10/site-packages/airflow/example_dags/example_params_ui_tutorial.py for tasks to queue
[2025-06-16T11:41:26.580-0300] {logging_mixin.py:154} INFO - [2025-06-16T11:41:26.580-0300] {dagbag.py:536} INFO - Filling up the DagBag from /mnt/c/Users/arcan/Documents/airflow/.venv/lib/python3.10/site-packages/airflow/example_dags/example_params_ui_tutorial.py
[2025-06-16T11:41:26.641-0300] {processor.py:839} INFO - DAG(s) dict_keys(['example_params_ui_tutorial']) retrieved from /mnt/c/Users/arcan/Documents/airflow/.venv/lib/python3.10/site-packages/airflow/example_dags/example_params_ui_tutorial.py
[2025-06-16T11:41:26.704-0300] {logging_mixin.py:154} INFO - [2025-06-16T11:41:26.704-0300] {dag.py:2941} INFO - Sync 1 DAGs
[2025-06-16T11:41:26.720-0300] {logging_mixin.py:154} INFO - [2025-06-16T11:41:26.719-0300] {dag.py:3722} INFO - Setting next_dagrun for example_params_ui_tutorial to None, run_after=None
[2025-06-16T11:41:26.820-0300] {processor.py:179} INFO - Processing /mnt/c/Users/arcan/Documents/airflow/.venv/lib/python3.10/site-packages/airflow/example_dags/example_params_ui_tutorial.py took 0.249 seconds
[2025-06-16T11:42:35.151-0300] {processor.py:157} INFO - Started process (PID=52731) to work on /mnt/c/Users/arcan/Documents/airflow/.venv/lib/python3.10/site-packages/airflow/example_dags/example_params_ui_tutorial.py
[2025-06-16T11:42:35.153-0300] {processor.py:829} INFO - Processing file /mnt/c/Users/arcan/Documents/airflow/.venv/lib/python3.10/site-packages/airflow/example_dags/example_params_ui_tutorial.py for tasks to queue
[2025-06-16T11:42:35.154-0300] {logging_mixin.py:154} INFO - [2025-06-16T11:42:35.154-0300] {dagbag.py:536} INFO - Filling up the DagBag from /mnt/c/Users/arcan/Documents/airflow/.venv/lib/python3.10/site-packages/airflow/example_dags/example_params_ui_tutorial.py
[2025-06-16T11:42:35.220-0300] {processor.py:839} INFO - DAG(s) dict_keys(['example_params_ui_tutorial']) retrieved from /mnt/c/Users/arcan/Documents/airflow/.venv/lib/python3.10/site-packages/airflow/example_dags/example_params_ui_tutorial.py
[2025-06-16T11:42:35.280-0300] {logging_mixin.py:154} INFO - [2025-06-16T11:42:35.280-0300] {dag.py:2941} INFO - Sync 1 DAGs
[2025-06-16T11:42:35.299-0300] {logging_mixin.py:154} INFO - [2025-06-16T11:42:35.299-0300] {dag.py:3722} INFO - Setting next_dagrun for example_params_ui_tutorial to None, run_after=None
[2025-06-16T11:42:35.390-0300] {processor.py:179} INFO - Processing /mnt/c/Users/arcan/Documents/airflow/.venv/lib/python3.10/site-packages/airflow/example_dags/example_params_ui_tutorial.py took 0.243 seconds
[2025-06-16T11:43:43.801-0300] {processor.py:157} INFO - Started process (PID=52930) to work on /mnt/c/Users/arcan/Documents/airflow/.venv/lib/python3.10/site-packages/airflow/example_dags/example_params_ui_tutorial.py
[2025-06-16T11:43:43.803-0300] {processor.py:829} INFO - Processing file /mnt/c/Users/arcan/Documents/airflow/.venv/lib/python3.10/site-packages/airflow/example_dags/example_params_ui_tutorial.py for tasks to queue
[2025-06-16T11:43:43.805-0300] {logging_mixin.py:154} INFO - [2025-06-16T11:43:43.804-0300] {dagbag.py:536} INFO - Filling up the DagBag from /mnt/c/Users/arcan/Documents/airflow/.venv/lib/python3.10/site-packages/airflow/example_dags/example_params_ui_tutorial.py
[2025-06-16T11:43:43.866-0300] {processor.py:839} INFO - DAG(s) dict_keys(['example_params_ui_tutorial']) retrieved from /mnt/c/Users/arcan/Documents/airflow/.venv/lib/python3.10/site-packages/airflow/example_dags/example_params_ui_tutorial.py
[2025-06-16T11:43:43.925-0300] {logging_mixin.py:154} INFO - [2025-06-16T11:43:43.925-0300] {dag.py:2941} INFO - Sync 1 DAGs
[2025-06-16T11:43:43.944-0300] {logging_mixin.py:154} INFO - [2025-06-16T11:43:43.944-0300] {dag.py:3722} INFO - Setting next_dagrun for example_params_ui_tutorial to None, run_after=None
[2025-06-16T11:43:44.037-0300] {processor.py:179} INFO - Processing /mnt/c/Users/arcan/Documents/airflow/.venv/lib/python3.10/site-packages/airflow/example_dags/example_params_ui_tutorial.py took 0.239 seconds
[2025-06-16T11:44:54.164-0300] {processor.py:157} INFO - Started process (PID=53135) to work on /mnt/c/Users/arcan/Documents/airflow/.venv/lib/python3.10/site-packages/airflow/example_dags/example_params_ui_tutorial.py
[2025-06-16T11:44:54.166-0300] {processor.py:829} INFO - Processing file /mnt/c/Users/arcan/Documents/airflow/.venv/lib/python3.10/site-packages/airflow/example_dags/example_params_ui_tutorial.py for tasks to queue
[2025-06-16T11:44:54.167-0300] {logging_mixin.py:154} INFO - [2025-06-16T11:44:54.167-0300] {dagbag.py:536} INFO - Filling up the DagBag from /mnt/c/Users/arcan/Documents/airflow/.venv/lib/python3.10/site-packages/airflow/example_dags/example_params_ui_tutorial.py
[2025-06-16T11:44:54.227-0300] {processor.py:839} INFO - DAG(s) dict_keys(['example_params_ui_tutorial']) retrieved from /mnt/c/Users/arcan/Documents/airflow/.venv/lib/python3.10/site-packages/airflow/example_dags/example_params_ui_tutorial.py
[2025-06-16T11:44:54.287-0300] {logging_mixin.py:154} INFO - [2025-06-16T11:44:54.286-0300] {dag.py:2941} INFO - Sync 1 DAGs
[2025-06-16T11:44:54.304-0300] {logging_mixin.py:154} INFO - [2025-06-16T11:44:54.304-0300] {dag.py:3722} INFO - Setting next_dagrun for example_params_ui_tutorial to None, run_after=None
[2025-06-16T11:44:54.397-0300] {processor.py:179} INFO - Processing /mnt/c/Users/arcan/Documents/airflow/.venv/lib/python3.10/site-packages/airflow/example_dags/example_params_ui_tutorial.py took 0.237 seconds
[2025-06-16T11:45:56.793-0300] {processor.py:157} INFO - Started process (PID=53325) to work on /mnt/c/Users/arcan/Documents/airflow/.venv/lib/python3.10/site-packages/airflow/example_dags/example_params_ui_tutorial.py
[2025-06-16T11:45:56.795-0300] {processor.py:829} INFO - Processing file /mnt/c/Users/arcan/Documents/airflow/.venv/lib/python3.10/site-packages/airflow/example_dags/example_params_ui_tutorial.py for tasks to queue
[2025-06-16T11:45:56.796-0300] {logging_mixin.py:154} INFO - [2025-06-16T11:45:56.796-0300] {dagbag.py:536} INFO - Filling up the DagBag from /mnt/c/Users/arcan/Documents/airflow/.venv/lib/python3.10/site-packages/airflow/example_dags/example_params_ui_tutorial.py
[2025-06-16T11:45:56.857-0300] {processor.py:839} INFO - DAG(s) dict_keys(['example_params_ui_tutorial']) retrieved from /mnt/c/Users/arcan/Documents/airflow/.venv/lib/python3.10/site-packages/airflow/example_dags/example_params_ui_tutorial.py
[2025-06-16T11:45:57.060-0300] {logging_mixin.py:154} INFO - [2025-06-16T11:45:57.060-0300] {dag.py:2941} INFO - Sync 1 DAGs
[2025-06-16T11:45:57.074-0300] {logging_mixin.py:154} INFO - [2025-06-16T11:45:57.074-0300] {dag.py:3722} INFO - Setting next_dagrun for example_params_ui_tutorial to None, run_after=None
[2025-06-16T11:45:57.161-0300] {processor.py:179} INFO - Processing /mnt/c/Users/arcan/Documents/airflow/.venv/lib/python3.10/site-packages/airflow/example_dags/example_params_ui_tutorial.py took 0.371 seconds
[2025-06-16T11:47:07.273-0300] {processor.py:157} INFO - Started process (PID=53533) to work on /mnt/c/Users/arcan/Documents/airflow/.venv/lib/python3.10/site-packages/airflow/example_dags/example_params_ui_tutorial.py
[2025-06-16T11:47:07.275-0300] {processor.py:829} INFO - Processing file /mnt/c/Users/arcan/Documents/airflow/.venv/lib/python3.10/site-packages/airflow/example_dags/example_params_ui_tutorial.py for tasks to queue
[2025-06-16T11:47:07.278-0300] {logging_mixin.py:154} INFO - [2025-06-16T11:47:07.277-0300] {dagbag.py:536} INFO - Filling up the DagBag from /mnt/c/Users/arcan/Documents/airflow/.venv/lib/python3.10/site-packages/airflow/example_dags/example_params_ui_tutorial.py
[2025-06-16T11:47:07.345-0300] {processor.py:839} INFO - DAG(s) dict_keys(['example_params_ui_tutorial']) retrieved from /mnt/c/Users/arcan/Documents/airflow/.venv/lib/python3.10/site-packages/airflow/example_dags/example_params_ui_tutorial.py
[2025-06-16T11:47:07.409-0300] {logging_mixin.py:154} INFO - [2025-06-16T11:47:07.409-0300] {dag.py:2941} INFO - Sync 1 DAGs
[2025-06-16T11:47:07.426-0300] {logging_mixin.py:154} INFO - [2025-06-16T11:47:07.426-0300] {dag.py:3722} INFO - Setting next_dagrun for example_params_ui_tutorial to None, run_after=None
[2025-06-16T11:47:07.522-0300] {processor.py:179} INFO - Processing /mnt/c/Users/arcan/Documents/airflow/.venv/lib/python3.10/site-packages/airflow/example_dags/example_params_ui_tutorial.py took 0.254 seconds
[2025-06-16T11:48:09.952-0300] {processor.py:157} INFO - Started process (PID=53720) to work on /mnt/c/Users/arcan/Documents/airflow/.venv/lib/python3.10/site-packages/airflow/example_dags/example_params_ui_tutorial.py
[2025-06-16T11:48:09.953-0300] {processor.py:829} INFO - Processing file /mnt/c/Users/arcan/Documents/airflow/.venv/lib/python3.10/site-packages/airflow/example_dags/example_params_ui_tutorial.py for tasks to queue
[2025-06-16T11:48:09.956-0300] {logging_mixin.py:154} INFO - [2025-06-16T11:48:09.955-0300] {dagbag.py:536} INFO - Filling up the DagBag from /mnt/c/Users/arcan/Documents/airflow/.venv/lib/python3.10/site-packages/airflow/example_dags/example_params_ui_tutorial.py
[2025-06-16T11:48:10.019-0300] {processor.py:839} INFO - DAG(s) dict_keys(['example_params_ui_tutorial']) retrieved from /mnt/c/Users/arcan/Documents/airflow/.venv/lib/python3.10/site-packages/airflow/example_dags/example_params_ui_tutorial.py
[2025-06-16T11:48:10.084-0300] {logging_mixin.py:154} INFO - [2025-06-16T11:48:10.084-0300] {dag.py:2941} INFO - Sync 1 DAGs
[2025-06-16T11:48:10.102-0300] {logging_mixin.py:154} INFO - [2025-06-16T11:48:10.102-0300] {dag.py:3722} INFO - Setting next_dagrun for example_params_ui_tutorial to None, run_after=None
[2025-06-16T11:48:10.201-0300] {processor.py:179} INFO - Processing /mnt/c/Users/arcan/Documents/airflow/.venv/lib/python3.10/site-packages/airflow/example_dags/example_params_ui_tutorial.py took 0.253 seconds
[2025-06-16T11:49:12.782-0300] {processor.py:157} INFO - Started process (PID=54027) to work on /mnt/c/Users/arcan/Documents/airflow/.venv/lib/python3.10/site-packages/airflow/example_dags/example_params_ui_tutorial.py
[2025-06-16T11:49:12.784-0300] {processor.py:829} INFO - Processing file /mnt/c/Users/arcan/Documents/airflow/.venv/lib/python3.10/site-packages/airflow/example_dags/example_params_ui_tutorial.py for tasks to queue
[2025-06-16T11:49:12.786-0300] {logging_mixin.py:154} INFO - [2025-06-16T11:49:12.786-0300] {dagbag.py:536} INFO - Filling up the DagBag from /mnt/c/Users/arcan/Documents/airflow/.venv/lib/python3.10/site-packages/airflow/example_dags/example_params_ui_tutorial.py
[2025-06-16T11:49:12.857-0300] {processor.py:839} INFO - DAG(s) dict_keys(['example_params_ui_tutorial']) retrieved from /mnt/c/Users/arcan/Documents/airflow/.venv/lib/python3.10/site-packages/airflow/example_dags/example_params_ui_tutorial.py
[2025-06-16T11:49:12.923-0300] {logging_mixin.py:154} INFO - [2025-06-16T11:49:12.922-0300] {dag.py:2941} INFO - Sync 1 DAGs
[2025-06-16T11:49:12.940-0300] {logging_mixin.py:154} INFO - [2025-06-16T11:49:12.940-0300] {dag.py:3722} INFO - Setting next_dagrun for example_params_ui_tutorial to None, run_after=None
[2025-06-16T11:49:13.041-0300] {processor.py:179} INFO - Processing /mnt/c/Users/arcan/Documents/airflow/.venv/lib/python3.10/site-packages/airflow/example_dags/example_params_ui_tutorial.py took 0.262 seconds
[2025-06-16T11:50:15.086-0300] {processor.py:157} INFO - Started process (PID=54213) to work on /mnt/c/Users/arcan/Documents/airflow/.venv/lib/python3.10/site-packages/airflow/example_dags/example_params_ui_tutorial.py
[2025-06-16T11:50:15.088-0300] {processor.py:829} INFO - Processing file /mnt/c/Users/arcan/Documents/airflow/.venv/lib/python3.10/site-packages/airflow/example_dags/example_params_ui_tutorial.py for tasks to queue
[2025-06-16T11:50:15.090-0300] {logging_mixin.py:154} INFO - [2025-06-16T11:50:15.089-0300] {dagbag.py:536} INFO - Filling up the DagBag from /mnt/c/Users/arcan/Documents/airflow/.venv/lib/python3.10/site-packages/airflow/example_dags/example_params_ui_tutorial.py
[2025-06-16T11:50:15.154-0300] {processor.py:839} INFO - DAG(s) dict_keys(['example_params_ui_tutorial']) retrieved from /mnt/c/Users/arcan/Documents/airflow/.venv/lib/python3.10/site-packages/airflow/example_dags/example_params_ui_tutorial.py
[2025-06-16T11:50:15.227-0300] {logging_mixin.py:154} INFO - [2025-06-16T11:50:15.227-0300] {dag.py:2941} INFO - Sync 1 DAGs
[2025-06-16T11:50:15.243-0300] {logging_mixin.py:154} INFO - [2025-06-16T11:50:15.243-0300] {dag.py:3722} INFO - Setting next_dagrun for example_params_ui_tutorial to None, run_after=None
[2025-06-16T11:50:15.338-0300] {processor.py:179} INFO - Processing /mnt/c/Users/arcan/Documents/airflow/.venv/lib/python3.10/site-packages/airflow/example_dags/example_params_ui_tutorial.py took 0.255 seconds
[2025-06-16T11:51:14.405-0300] {processor.py:157} INFO - Started process (PID=54391) to work on /mnt/c/Users/arcan/Documents/airflow/.venv/lib/python3.10/site-packages/airflow/example_dags/example_params_ui_tutorial.py
[2025-06-16T11:51:14.407-0300] {processor.py:829} INFO - Processing file /mnt/c/Users/arcan/Documents/airflow/.venv/lib/python3.10/site-packages/airflow/example_dags/example_params_ui_tutorial.py for tasks to queue
[2025-06-16T11:51:14.408-0300] {logging_mixin.py:154} INFO - [2025-06-16T11:51:14.408-0300] {dagbag.py:536} INFO - Filling up the DagBag from /mnt/c/Users/arcan/Documents/airflow/.venv/lib/python3.10/site-packages/airflow/example_dags/example_params_ui_tutorial.py
[2025-06-16T11:51:14.477-0300] {processor.py:839} INFO - DAG(s) dict_keys(['example_params_ui_tutorial']) retrieved from /mnt/c/Users/arcan/Documents/airflow/.venv/lib/python3.10/site-packages/airflow/example_dags/example_params_ui_tutorial.py
[2025-06-16T11:51:14.539-0300] {logging_mixin.py:154} INFO - [2025-06-16T11:51:14.538-0300] {dag.py:2941} INFO - Sync 1 DAGs
[2025-06-16T11:51:14.555-0300] {logging_mixin.py:154} INFO - [2025-06-16T11:51:14.554-0300] {dag.py:3722} INFO - Setting next_dagrun for example_params_ui_tutorial to None, run_after=None
[2025-06-16T11:51:14.641-0300] {processor.py:179} INFO - Processing /mnt/c/Users/arcan/Documents/airflow/.venv/lib/python3.10/site-packages/airflow/example_dags/example_params_ui_tutorial.py took 0.241 seconds
[2025-06-16T11:52:21.771-0300] {processor.py:157} INFO - Started process (PID=54589) to work on /mnt/c/Users/arcan/Documents/airflow/.venv/lib/python3.10/site-packages/airflow/example_dags/example_params_ui_tutorial.py
[2025-06-16T11:52:21.772-0300] {processor.py:829} INFO - Processing file /mnt/c/Users/arcan/Documents/airflow/.venv/lib/python3.10/site-packages/airflow/example_dags/example_params_ui_tutorial.py for tasks to queue
[2025-06-16T11:52:21.774-0300] {logging_mixin.py:154} INFO - [2025-06-16T11:52:21.774-0300] {dagbag.py:536} INFO - Filling up the DagBag from /mnt/c/Users/arcan/Documents/airflow/.venv/lib/python3.10/site-packages/airflow/example_dags/example_params_ui_tutorial.py
[2025-06-16T11:52:21.836-0300] {processor.py:839} INFO - DAG(s) dict_keys(['example_params_ui_tutorial']) retrieved from /mnt/c/Users/arcan/Documents/airflow/.venv/lib/python3.10/site-packages/airflow/example_dags/example_params_ui_tutorial.py
[2025-06-16T11:52:21.897-0300] {logging_mixin.py:154} INFO - [2025-06-16T11:52:21.897-0300] {dag.py:2941} INFO - Sync 1 DAGs
[2025-06-16T11:52:21.915-0300] {logging_mixin.py:154} INFO - [2025-06-16T11:52:21.915-0300] {dag.py:3722} INFO - Setting next_dagrun for example_params_ui_tutorial to None, run_after=None
[2025-06-16T11:52:22.009-0300] {processor.py:179} INFO - Processing /mnt/c/Users/arcan/Documents/airflow/.venv/lib/python3.10/site-packages/airflow/example_dags/example_params_ui_tutorial.py took 0.242 seconds
[2025-06-16T11:53:27.646-0300] {processor.py:157} INFO - Started process (PID=54786) to work on /mnt/c/Users/arcan/Documents/airflow/.venv/lib/python3.10/site-packages/airflow/example_dags/example_params_ui_tutorial.py
[2025-06-16T11:53:27.648-0300] {processor.py:829} INFO - Processing file /mnt/c/Users/arcan/Documents/airflow/.venv/lib/python3.10/site-packages/airflow/example_dags/example_params_ui_tutorial.py for tasks to queue
[2025-06-16T11:53:27.650-0300] {logging_mixin.py:154} INFO - [2025-06-16T11:53:27.649-0300] {dagbag.py:536} INFO - Filling up the DagBag from /mnt/c/Users/arcan/Documents/airflow/.venv/lib/python3.10/site-packages/airflow/example_dags/example_params_ui_tutorial.py
[2025-06-16T11:53:27.713-0300] {processor.py:839} INFO - DAG(s) dict_keys(['example_params_ui_tutorial']) retrieved from /mnt/c/Users/arcan/Documents/airflow/.venv/lib/python3.10/site-packages/airflow/example_dags/example_params_ui_tutorial.py
[2025-06-16T11:53:27.777-0300] {logging_mixin.py:154} INFO - [2025-06-16T11:53:27.777-0300] {dag.py:2941} INFO - Sync 1 DAGs
[2025-06-16T11:53:27.793-0300] {logging_mixin.py:154} INFO - [2025-06-16T11:53:27.793-0300] {dag.py:3722} INFO - Setting next_dagrun for example_params_ui_tutorial to None, run_after=None
[2025-06-16T11:53:27.884-0300] {processor.py:179} INFO - Processing /mnt/c/Users/arcan/Documents/airflow/.venv/lib/python3.10/site-packages/airflow/example_dags/example_params_ui_tutorial.py took 0.242 seconds
[2025-06-16T11:54:28.844-0300] {processor.py:157} INFO - Started process (PID=54969) to work on /mnt/c/Users/arcan/Documents/airflow/.venv/lib/python3.10/site-packages/airflow/example_dags/example_params_ui_tutorial.py
[2025-06-16T11:54:28.845-0300] {processor.py:829} INFO - Processing file /mnt/c/Users/arcan/Documents/airflow/.venv/lib/python3.10/site-packages/airflow/example_dags/example_params_ui_tutorial.py for tasks to queue
[2025-06-16T11:54:28.847-0300] {logging_mixin.py:154} INFO - [2025-06-16T11:54:28.846-0300] {dagbag.py:536} INFO - Filling up the DagBag from /mnt/c/Users/arcan/Documents/airflow/.venv/lib/python3.10/site-packages/airflow/example_dags/example_params_ui_tutorial.py
[2025-06-16T11:54:28.912-0300] {processor.py:839} INFO - DAG(s) dict_keys(['example_params_ui_tutorial']) retrieved from /mnt/c/Users/arcan/Documents/airflow/.venv/lib/python3.10/site-packages/airflow/example_dags/example_params_ui_tutorial.py
[2025-06-16T11:54:28.978-0300] {logging_mixin.py:154} INFO - [2025-06-16T11:54:28.978-0300] {dag.py:2941} INFO - Sync 1 DAGs
[2025-06-16T11:54:28.997-0300] {logging_mixin.py:154} INFO - [2025-06-16T11:54:28.997-0300] {dag.py:3722} INFO - Setting next_dagrun for example_params_ui_tutorial to None, run_after=None
[2025-06-16T11:54:29.092-0300] {processor.py:179} INFO - Processing /mnt/c/Users/arcan/Documents/airflow/.venv/lib/python3.10/site-packages/airflow/example_dags/example_params_ui_tutorial.py took 0.252 seconds
[2025-06-16T11:55:31.751-0300] {processor.py:157} INFO - Started process (PID=55161) to work on /mnt/c/Users/arcan/Documents/airflow/.venv/lib/python3.10/site-packages/airflow/example_dags/example_params_ui_tutorial.py
[2025-06-16T11:55:31.753-0300] {processor.py:829} INFO - Processing file /mnt/c/Users/arcan/Documents/airflow/.venv/lib/python3.10/site-packages/airflow/example_dags/example_params_ui_tutorial.py for tasks to queue
[2025-06-16T11:55:31.754-0300] {logging_mixin.py:154} INFO - [2025-06-16T11:55:31.754-0300] {dagbag.py:536} INFO - Filling up the DagBag from /mnt/c/Users/arcan/Documents/airflow/.venv/lib/python3.10/site-packages/airflow/example_dags/example_params_ui_tutorial.py
[2025-06-16T11:55:31.814-0300] {processor.py:839} INFO - DAG(s) dict_keys(['example_params_ui_tutorial']) retrieved from /mnt/c/Users/arcan/Documents/airflow/.venv/lib/python3.10/site-packages/airflow/example_dags/example_params_ui_tutorial.py
[2025-06-16T11:55:31.876-0300] {logging_mixin.py:154} INFO - [2025-06-16T11:55:31.875-0300] {dag.py:2941} INFO - Sync 1 DAGs
[2025-06-16T11:55:31.894-0300] {logging_mixin.py:154} INFO - [2025-06-16T11:55:31.893-0300] {dag.py:3722} INFO - Setting next_dagrun for example_params_ui_tutorial to None, run_after=None
[2025-06-16T11:55:31.987-0300] {processor.py:179} INFO - Processing /mnt/c/Users/arcan/Documents/airflow/.venv/lib/python3.10/site-packages/airflow/example_dags/example_params_ui_tutorial.py took 0.240 seconds
[2025-06-16T11:56:32.753-0300] {processor.py:157} INFO - Started process (PID=55464) to work on /mnt/c/Users/arcan/Documents/airflow/.venv/lib/python3.10/site-packages/airflow/example_dags/example_params_ui_tutorial.py
[2025-06-16T11:56:32.756-0300] {processor.py:829} INFO - Processing file /mnt/c/Users/arcan/Documents/airflow/.venv/lib/python3.10/site-packages/airflow/example_dags/example_params_ui_tutorial.py for tasks to queue
[2025-06-16T11:56:32.758-0300] {logging_mixin.py:154} INFO - [2025-06-16T11:56:32.757-0300] {dagbag.py:536} INFO - Filling up the DagBag from /mnt/c/Users/arcan/Documents/airflow/.venv/lib/python3.10/site-packages/airflow/example_dags/example_params_ui_tutorial.py
[2025-06-16T11:56:32.830-0300] {processor.py:839} INFO - DAG(s) dict_keys(['example_params_ui_tutorial']) retrieved from /mnt/c/Users/arcan/Documents/airflow/.venv/lib/python3.10/site-packages/airflow/example_dags/example_params_ui_tutorial.py
[2025-06-16T11:56:32.899-0300] {logging_mixin.py:154} INFO - [2025-06-16T11:56:32.898-0300] {dag.py:2941} INFO - Sync 1 DAGs
[2025-06-16T11:56:32.918-0300] {logging_mixin.py:154} INFO - [2025-06-16T11:56:32.917-0300] {dag.py:3722} INFO - Setting next_dagrun for example_params_ui_tutorial to None, run_after=None
[2025-06-16T11:56:33.004-0300] {processor.py:179} INFO - Processing /mnt/c/Users/arcan/Documents/airflow/.venv/lib/python3.10/site-packages/airflow/example_dags/example_params_ui_tutorial.py took 0.256 seconds
[2025-06-16T11:57:38.761-0300] {processor.py:157} INFO - Started process (PID=55663) to work on /mnt/c/Users/arcan/Documents/airflow/.venv/lib/python3.10/site-packages/airflow/example_dags/example_params_ui_tutorial.py
[2025-06-16T11:57:38.763-0300] {processor.py:829} INFO - Processing file /mnt/c/Users/arcan/Documents/airflow/.venv/lib/python3.10/site-packages/airflow/example_dags/example_params_ui_tutorial.py for tasks to queue
[2025-06-16T11:57:38.765-0300] {logging_mixin.py:154} INFO - [2025-06-16T11:57:38.765-0300] {dagbag.py:536} INFO - Filling up the DagBag from /mnt/c/Users/arcan/Documents/airflow/.venv/lib/python3.10/site-packages/airflow/example_dags/example_params_ui_tutorial.py
[2025-06-16T11:57:38.831-0300] {processor.py:839} INFO - DAG(s) dict_keys(['example_params_ui_tutorial']) retrieved from /mnt/c/Users/arcan/Documents/airflow/.venv/lib/python3.10/site-packages/airflow/example_dags/example_params_ui_tutorial.py
[2025-06-16T11:57:38.896-0300] {logging_mixin.py:154} INFO - [2025-06-16T11:57:38.895-0300] {dag.py:2941} INFO - Sync 1 DAGs
[2025-06-16T11:57:38.913-0300] {logging_mixin.py:154} INFO - [2025-06-16T11:57:38.913-0300] {dag.py:3722} INFO - Setting next_dagrun for example_params_ui_tutorial to None, run_after=None
[2025-06-16T11:57:39.009-0300] {processor.py:179} INFO - Processing /mnt/c/Users/arcan/Documents/airflow/.venv/lib/python3.10/site-packages/airflow/example_dags/example_params_ui_tutorial.py took 0.252 seconds
[2025-06-16T11:58:42.318-0300] {processor.py:157} INFO - Started process (PID=55853) to work on /mnt/c/Users/arcan/Documents/airflow/.venv/lib/python3.10/site-packages/airflow/example_dags/example_params_ui_tutorial.py
[2025-06-16T11:58:42.320-0300] {processor.py:829} INFO - Processing file /mnt/c/Users/arcan/Documents/airflow/.venv/lib/python3.10/site-packages/airflow/example_dags/example_params_ui_tutorial.py for tasks to queue
[2025-06-16T11:58:42.322-0300] {logging_mixin.py:154} INFO - [2025-06-16T11:58:42.321-0300] {dagbag.py:536} INFO - Filling up the DagBag from /mnt/c/Users/arcan/Documents/airflow/.venv/lib/python3.10/site-packages/airflow/example_dags/example_params_ui_tutorial.py
[2025-06-16T11:58:42.391-0300] {processor.py:839} INFO - DAG(s) dict_keys(['example_params_ui_tutorial']) retrieved from /mnt/c/Users/arcan/Documents/airflow/.venv/lib/python3.10/site-packages/airflow/example_dags/example_params_ui_tutorial.py
[2025-06-16T11:58:42.457-0300] {logging_mixin.py:154} INFO - [2025-06-16T11:58:42.457-0300] {dag.py:2941} INFO - Sync 1 DAGs
[2025-06-16T11:58:42.477-0300] {logging_mixin.py:154} INFO - [2025-06-16T11:58:42.476-0300] {dag.py:3722} INFO - Setting next_dagrun for example_params_ui_tutorial to None, run_after=None
[2025-06-16T11:58:42.569-0300] {processor.py:179} INFO - Processing /mnt/c/Users/arcan/Documents/airflow/.venv/lib/python3.10/site-packages/airflow/example_dags/example_params_ui_tutorial.py took 0.255 seconds
[2025-06-16T11:59:45.603-0300] {processor.py:157} INFO - Started process (PID=56042) to work on /mnt/c/Users/arcan/Documents/airflow/.venv/lib/python3.10/site-packages/airflow/example_dags/example_params_ui_tutorial.py
[2025-06-16T11:59:45.604-0300] {processor.py:829} INFO - Processing file /mnt/c/Users/arcan/Documents/airflow/.venv/lib/python3.10/site-packages/airflow/example_dags/example_params_ui_tutorial.py for tasks to queue
[2025-06-16T11:59:45.606-0300] {logging_mixin.py:154} INFO - [2025-06-16T11:59:45.605-0300] {dagbag.py:536} INFO - Filling up the DagBag from /mnt/c/Users/arcan/Documents/airflow/.venv/lib/python3.10/site-packages/airflow/example_dags/example_params_ui_tutorial.py
[2025-06-16T11:59:45.669-0300] {processor.py:839} INFO - DAG(s) dict_keys(['example_params_ui_tutorial']) retrieved from /mnt/c/Users/arcan/Documents/airflow/.venv/lib/python3.10/site-packages/airflow/example_dags/example_params_ui_tutorial.py
[2025-06-16T11:59:45.735-0300] {logging_mixin.py:154} INFO - [2025-06-16T11:59:45.735-0300] {dag.py:2941} INFO - Sync 1 DAGs
[2025-06-16T11:59:45.756-0300] {logging_mixin.py:154} INFO - [2025-06-16T11:59:45.755-0300] {dag.py:3722} INFO - Setting next_dagrun for example_params_ui_tutorial to None, run_after=None
[2025-06-16T11:59:45.853-0300] {processor.py:179} INFO - Processing /mnt/c/Users/arcan/Documents/airflow/.venv/lib/python3.10/site-packages/airflow/example_dags/example_params_ui_tutorial.py took 0.254 seconds
[2025-06-16T12:00:49.397-0300] {processor.py:157} INFO - Started process (PID=56234) to work on /mnt/c/Users/arcan/Documents/airflow/.venv/lib/python3.10/site-packages/airflow/example_dags/example_params_ui_tutorial.py
[2025-06-16T12:00:49.400-0300] {processor.py:829} INFO - Processing file /mnt/c/Users/arcan/Documents/airflow/.venv/lib/python3.10/site-packages/airflow/example_dags/example_params_ui_tutorial.py for tasks to queue
[2025-06-16T12:00:49.402-0300] {logging_mixin.py:154} INFO - [2025-06-16T12:00:49.401-0300] {dagbag.py:536} INFO - Filling up the DagBag from /mnt/c/Users/arcan/Documents/airflow/.venv/lib/python3.10/site-packages/airflow/example_dags/example_params_ui_tutorial.py
[2025-06-16T12:00:49.462-0300] {processor.py:839} INFO - DAG(s) dict_keys(['example_params_ui_tutorial']) retrieved from /mnt/c/Users/arcan/Documents/airflow/.venv/lib/python3.10/site-packages/airflow/example_dags/example_params_ui_tutorial.py
[2025-06-16T12:00:49.523-0300] {logging_mixin.py:154} INFO - [2025-06-16T12:00:49.523-0300] {dag.py:2941} INFO - Sync 1 DAGs
[2025-06-16T12:00:49.539-0300] {logging_mixin.py:154} INFO - [2025-06-16T12:00:49.539-0300] {dag.py:3722} INFO - Setting next_dagrun for example_params_ui_tutorial to None, run_after=None
[2025-06-16T12:00:49.632-0300] {processor.py:179} INFO - Processing /mnt/c/Users/arcan/Documents/airflow/.venv/lib/python3.10/site-packages/airflow/example_dags/example_params_ui_tutorial.py took 0.239 seconds
[2025-06-16T12:01:59.075-0300] {processor.py:157} INFO - Started process (PID=56437) to work on /mnt/c/Users/arcan/Documents/airflow/.venv/lib/python3.10/site-packages/airflow/example_dags/example_params_ui_tutorial.py
[2025-06-16T12:01:59.077-0300] {processor.py:829} INFO - Processing file /mnt/c/Users/arcan/Documents/airflow/.venv/lib/python3.10/site-packages/airflow/example_dags/example_params_ui_tutorial.py for tasks to queue
[2025-06-16T12:01:59.079-0300] {logging_mixin.py:154} INFO - [2025-06-16T12:01:59.078-0300] {dagbag.py:536} INFO - Filling up the DagBag from /mnt/c/Users/arcan/Documents/airflow/.venv/lib/python3.10/site-packages/airflow/example_dags/example_params_ui_tutorial.py
[2025-06-16T12:01:59.141-0300] {processor.py:839} INFO - DAG(s) dict_keys(['example_params_ui_tutorial']) retrieved from /mnt/c/Users/arcan/Documents/airflow/.venv/lib/python3.10/site-packages/airflow/example_dags/example_params_ui_tutorial.py
[2025-06-16T12:01:59.203-0300] {logging_mixin.py:154} INFO - [2025-06-16T12:01:59.203-0300] {dag.py:2941} INFO - Sync 1 DAGs
[2025-06-16T12:01:59.222-0300] {logging_mixin.py:154} INFO - [2025-06-16T12:01:59.222-0300] {dag.py:3722} INFO - Setting next_dagrun for example_params_ui_tutorial to None, run_after=None
[2025-06-16T12:01:59.316-0300] {processor.py:179} INFO - Processing /mnt/c/Users/arcan/Documents/airflow/.venv/lib/python3.10/site-packages/airflow/example_dags/example_params_ui_tutorial.py took 0.245 seconds
[2025-06-16T12:03:04.856-0300] {processor.py:157} INFO - Started process (PID=56635) to work on /mnt/c/Users/arcan/Documents/airflow/.venv/lib/python3.10/site-packages/airflow/example_dags/example_params_ui_tutorial.py
[2025-06-16T12:03:04.858-0300] {processor.py:829} INFO - Processing file /mnt/c/Users/arcan/Documents/airflow/.venv/lib/python3.10/site-packages/airflow/example_dags/example_params_ui_tutorial.py for tasks to queue
[2025-06-16T12:03:04.860-0300] {logging_mixin.py:154} INFO - [2025-06-16T12:03:04.859-0300] {dagbag.py:536} INFO - Filling up the DagBag from /mnt/c/Users/arcan/Documents/airflow/.venv/lib/python3.10/site-packages/airflow/example_dags/example_params_ui_tutorial.py
[2025-06-16T12:03:04.922-0300] {processor.py:839} INFO - DAG(s) dict_keys(['example_params_ui_tutorial']) retrieved from /mnt/c/Users/arcan/Documents/airflow/.venv/lib/python3.10/site-packages/airflow/example_dags/example_params_ui_tutorial.py
[2025-06-16T12:03:04.983-0300] {logging_mixin.py:154} INFO - [2025-06-16T12:03:04.983-0300] {dag.py:2941} INFO - Sync 1 DAGs
[2025-06-16T12:03:05.002-0300] {logging_mixin.py:154} INFO - [2025-06-16T12:03:05.002-0300] {dag.py:3722} INFO - Setting next_dagrun for example_params_ui_tutorial to None, run_after=None
[2025-06-16T12:03:05.095-0300] {processor.py:179} INFO - Processing /mnt/c/Users/arcan/Documents/airflow/.venv/lib/python3.10/site-packages/airflow/example_dags/example_params_ui_tutorial.py took 0.243 seconds
[2025-06-16T12:04:10.370-0300] {processor.py:157} INFO - Started process (PID=56954) to work on /mnt/c/Users/arcan/Documents/airflow/.venv/lib/python3.10/site-packages/airflow/example_dags/example_params_ui_tutorial.py
[2025-06-16T12:04:10.372-0300] {processor.py:829} INFO - Processing file /mnt/c/Users/arcan/Documents/airflow/.venv/lib/python3.10/site-packages/airflow/example_dags/example_params_ui_tutorial.py for tasks to queue
[2025-06-16T12:04:10.374-0300] {logging_mixin.py:154} INFO - [2025-06-16T12:04:10.373-0300] {dagbag.py:536} INFO - Filling up the DagBag from /mnt/c/Users/arcan/Documents/airflow/.venv/lib/python3.10/site-packages/airflow/example_dags/example_params_ui_tutorial.py
[2025-06-16T12:04:10.437-0300] {processor.py:839} INFO - DAG(s) dict_keys(['example_params_ui_tutorial']) retrieved from /mnt/c/Users/arcan/Documents/airflow/.venv/lib/python3.10/site-packages/airflow/example_dags/example_params_ui_tutorial.py
[2025-06-16T12:04:10.500-0300] {logging_mixin.py:154} INFO - [2025-06-16T12:04:10.500-0300] {dag.py:2941} INFO - Sync 1 DAGs
[2025-06-16T12:04:10.518-0300] {logging_mixin.py:154} INFO - [2025-06-16T12:04:10.518-0300] {dag.py:3722} INFO - Setting next_dagrun for example_params_ui_tutorial to None, run_after=None
[2025-06-16T12:04:10.608-0300] {processor.py:179} INFO - Processing /mnt/c/Users/arcan/Documents/airflow/.venv/lib/python3.10/site-packages/airflow/example_dags/example_params_ui_tutorial.py took 0.242 seconds
