[2025-06-16T10:51:30.613-0300] {processor.py:157} INFO - Started process (PID=42961) to work on /mnt/c/Users/arcan/Documents/airflow/.venv/lib/python3.10/site-packages/airflow/example_dags/example_xcom.py
[2025-06-16T10:51:30.615-0300] {processor.py:829} INFO - Processing file /mnt/c/Users/arcan/Documents/airflow/.venv/lib/python3.10/site-packages/airflow/example_dags/example_xcom.py for tasks to queue
[2025-06-16T10:51:30.617-0300] {logging_mixin.py:154} INFO - [2025-06-16T10:51:30.616-0300] {dagbag.py:536} INFO - Filling up the DagBag from /mnt/c/Users/arcan/Documents/airflow/.venv/lib/python3.10/site-packages/airflow/example_dags/example_xcom.py
[2025-06-16T10:51:30.654-0300] {processor.py:839} INFO - DAG(s) dict_keys(['example_xcom']) retrieved from /mnt/c/Users/arcan/Documents/airflow/.venv/lib/python3.10/site-packages/airflow/example_dags/example_xcom.py
[2025-06-16T10:51:30.782-0300] {logging_mixin.py:154} INFO - [2025-06-16T10:51:30.782-0300] {dag.py:2941} INFO - Sync 1 DAGs
[2025-06-16T10:51:30.812-0300] {logging_mixin.py:154} INFO - [2025-06-16T10:51:30.811-0300] {dag.py:3722} INFO - Setting next_dagrun for example_xcom to 2021-01-01T00:00:00+00:00, run_after=2021-01-01T00:00:00+00:00
[2025-06-16T10:51:30.899-0300] {processor.py:179} INFO - Processing /mnt/c/Users/arcan/Documents/airflow/.venv/lib/python3.10/site-packages/airflow/example_dags/example_xcom.py took 0.290 seconds
[2025-06-16T10:52:35.795-0300] {processor.py:157} INFO - Started process (PID=43150) to work on /mnt/c/Users/arcan/Documents/airflow/.venv/lib/python3.10/site-packages/airflow/example_dags/example_xcom.py
[2025-06-16T10:52:35.796-0300] {processor.py:829} INFO - Processing file /mnt/c/Users/arcan/Documents/airflow/.venv/lib/python3.10/site-packages/airflow/example_dags/example_xcom.py for tasks to queue
[2025-06-16T10:52:35.798-0300] {logging_mixin.py:154} INFO - [2025-06-16T10:52:35.797-0300] {dagbag.py:536} INFO - Filling up the DagBag from /mnt/c/Users/arcan/Documents/airflow/.venv/lib/python3.10/site-packages/airflow/example_dags/example_xcom.py
[2025-06-16T10:52:35.829-0300] {processor.py:839} INFO - DAG(s) dict_keys(['example_xcom']) retrieved from /mnt/c/Users/arcan/Documents/airflow/.venv/lib/python3.10/site-packages/airflow/example_dags/example_xcom.py
[2025-06-16T10:52:35.866-0300] {logging_mixin.py:154} INFO - [2025-06-16T10:52:35.866-0300] {dag.py:2941} INFO - Sync 1 DAGs
[2025-06-16T10:52:35.892-0300] {logging_mixin.py:154} INFO - [2025-06-16T10:52:35.892-0300] {dag.py:3722} INFO - Setting next_dagrun for example_xcom to 2021-01-01T00:00:00+00:00, run_after=2021-01-01T00:00:00+00:00
[2025-06-16T10:52:35.979-0300] {processor.py:179} INFO - Processing /mnt/c/Users/arcan/Documents/airflow/.venv/lib/python3.10/site-packages/airflow/example_dags/example_xcom.py took 0.188 seconds
[2025-06-16T10:53:41.771-0300] {processor.py:157} INFO - Started process (PID=43335) to work on /mnt/c/Users/arcan/Documents/airflow/.venv/lib/python3.10/site-packages/airflow/example_dags/example_xcom.py
[2025-06-16T10:53:41.773-0300] {processor.py:829} INFO - Processing file /mnt/c/Users/arcan/Documents/airflow/.venv/lib/python3.10/site-packages/airflow/example_dags/example_xcom.py for tasks to queue
[2025-06-16T10:53:41.775-0300] {logging_mixin.py:154} INFO - [2025-06-16T10:53:41.774-0300] {dagbag.py:536} INFO - Filling up the DagBag from /mnt/c/Users/arcan/Documents/airflow/.venv/lib/python3.10/site-packages/airflow/example_dags/example_xcom.py
[2025-06-16T10:53:41.818-0300] {processor.py:839} INFO - DAG(s) dict_keys(['example_xcom']) retrieved from /mnt/c/Users/arcan/Documents/airflow/.venv/lib/python3.10/site-packages/airflow/example_dags/example_xcom.py
[2025-06-16T10:53:41.860-0300] {logging_mixin.py:154} INFO - [2025-06-16T10:53:41.860-0300] {dag.py:2941} INFO - Sync 1 DAGs
[2025-06-16T10:53:41.896-0300] {logging_mixin.py:154} INFO - [2025-06-16T10:53:41.896-0300] {dag.py:3722} INFO - Setting next_dagrun for example_xcom to 2021-01-01T00:00:00+00:00, run_after=2021-01-01T00:00:00+00:00
[2025-06-16T10:53:42.001-0300] {processor.py:179} INFO - Processing /mnt/c/Users/arcan/Documents/airflow/.venv/lib/python3.10/site-packages/airflow/example_dags/example_xcom.py took 0.235 seconds
[2025-06-16T10:54:46.366-0300] {processor.py:157} INFO - Started process (PID=43520) to work on /mnt/c/Users/arcan/Documents/airflow/.venv/lib/python3.10/site-packages/airflow/example_dags/example_xcom.py
[2025-06-16T10:54:46.368-0300] {processor.py:829} INFO - Processing file /mnt/c/Users/arcan/Documents/airflow/.venv/lib/python3.10/site-packages/airflow/example_dags/example_xcom.py for tasks to queue
[2025-06-16T10:54:46.369-0300] {logging_mixin.py:154} INFO - [2025-06-16T10:54:46.369-0300] {dagbag.py:536} INFO - Filling up the DagBag from /mnt/c/Users/arcan/Documents/airflow/.venv/lib/python3.10/site-packages/airflow/example_dags/example_xcom.py
[2025-06-16T10:54:46.403-0300] {processor.py:839} INFO - DAG(s) dict_keys(['example_xcom']) retrieved from /mnt/c/Users/arcan/Documents/airflow/.venv/lib/python3.10/site-packages/airflow/example_dags/example_xcom.py
[2025-06-16T10:54:46.438-0300] {logging_mixin.py:154} INFO - [2025-06-16T10:54:46.438-0300] {dag.py:2941} INFO - Sync 1 DAGs
[2025-06-16T10:54:46.477-0300] {logging_mixin.py:154} INFO - [2025-06-16T10:54:46.477-0300] {dag.py:3722} INFO - Setting next_dagrun for example_xcom to 2021-01-01T00:00:00+00:00, run_after=2021-01-01T00:00:00+00:00
[2025-06-16T10:54:46.564-0300] {processor.py:179} INFO - Processing /mnt/c/Users/arcan/Documents/airflow/.venv/lib/python3.10/site-packages/airflow/example_dags/example_xcom.py took 0.202 seconds
[2025-06-16T10:55:47.157-0300] {processor.py:157} INFO - Started process (PID=43693) to work on /mnt/c/Users/arcan/Documents/airflow/.venv/lib/python3.10/site-packages/airflow/example_dags/example_xcom.py
[2025-06-16T10:55:47.159-0300] {processor.py:829} INFO - Processing file /mnt/c/Users/arcan/Documents/airflow/.venv/lib/python3.10/site-packages/airflow/example_dags/example_xcom.py for tasks to queue
[2025-06-16T10:55:47.161-0300] {logging_mixin.py:154} INFO - [2025-06-16T10:55:47.160-0300] {dagbag.py:536} INFO - Filling up the DagBag from /mnt/c/Users/arcan/Documents/airflow/.venv/lib/python3.10/site-packages/airflow/example_dags/example_xcom.py
[2025-06-16T10:55:47.196-0300] {processor.py:839} INFO - DAG(s) dict_keys(['example_xcom']) retrieved from /mnt/c/Users/arcan/Documents/airflow/.venv/lib/python3.10/site-packages/airflow/example_dags/example_xcom.py
[2025-06-16T10:55:47.240-0300] {logging_mixin.py:154} INFO - [2025-06-16T10:55:47.240-0300] {dag.py:2941} INFO - Sync 1 DAGs
[2025-06-16T10:55:47.268-0300] {logging_mixin.py:154} INFO - [2025-06-16T10:55:47.268-0300] {dag.py:3722} INFO - Setting next_dagrun for example_xcom to 2021-01-01T00:00:00+00:00, run_after=2021-01-01T00:00:00+00:00
[2025-06-16T10:55:47.356-0300] {processor.py:179} INFO - Processing /mnt/c/Users/arcan/Documents/airflow/.venv/lib/python3.10/site-packages/airflow/example_dags/example_xcom.py took 0.203 seconds
[2025-06-16T10:56:53.190-0300] {processor.py:157} INFO - Started process (PID=43883) to work on /mnt/c/Users/arcan/Documents/airflow/.venv/lib/python3.10/site-packages/airflow/example_dags/example_xcom.py
[2025-06-16T10:56:53.192-0300] {processor.py:829} INFO - Processing file /mnt/c/Users/arcan/Documents/airflow/.venv/lib/python3.10/site-packages/airflow/example_dags/example_xcom.py for tasks to queue
[2025-06-16T10:56:53.193-0300] {logging_mixin.py:154} INFO - [2025-06-16T10:56:53.193-0300] {dagbag.py:536} INFO - Filling up the DagBag from /mnt/c/Users/arcan/Documents/airflow/.venv/lib/python3.10/site-packages/airflow/example_dags/example_xcom.py
[2025-06-16T10:56:53.231-0300] {processor.py:839} INFO - DAG(s) dict_keys(['example_xcom']) retrieved from /mnt/c/Users/arcan/Documents/airflow/.venv/lib/python3.10/site-packages/airflow/example_dags/example_xcom.py
[2025-06-16T10:56:53.276-0300] {logging_mixin.py:154} INFO - [2025-06-16T10:56:53.276-0300] {dag.py:2941} INFO - Sync 1 DAGs
[2025-06-16T10:56:53.306-0300] {logging_mixin.py:154} INFO - [2025-06-16T10:56:53.306-0300] {dag.py:3722} INFO - Setting next_dagrun for example_xcom to 2021-01-01T00:00:00+00:00, run_after=2021-01-01T00:00:00+00:00
[2025-06-16T10:56:53.384-0300] {processor.py:179} INFO - Processing /mnt/c/Users/arcan/Documents/airflow/.venv/lib/python3.10/site-packages/airflow/example_dags/example_xcom.py took 0.200 seconds
[2025-06-16T10:58:03.465-0300] {processor.py:157} INFO - Started process (PID=44075) to work on /mnt/c/Users/arcan/Documents/airflow/.venv/lib/python3.10/site-packages/airflow/example_dags/example_xcom.py
[2025-06-16T10:58:03.468-0300] {processor.py:829} INFO - Processing file /mnt/c/Users/arcan/Documents/airflow/.venv/lib/python3.10/site-packages/airflow/example_dags/example_xcom.py for tasks to queue
[2025-06-16T10:58:03.470-0300] {logging_mixin.py:154} INFO - [2025-06-16T10:58:03.469-0300] {dagbag.py:536} INFO - Filling up the DagBag from /mnt/c/Users/arcan/Documents/airflow/.venv/lib/python3.10/site-packages/airflow/example_dags/example_xcom.py
[2025-06-16T10:58:03.531-0300] {processor.py:839} INFO - DAG(s) dict_keys(['example_xcom']) retrieved from /mnt/c/Users/arcan/Documents/airflow/.venv/lib/python3.10/site-packages/airflow/example_dags/example_xcom.py
[2025-06-16T10:58:03.599-0300] {logging_mixin.py:154} INFO - [2025-06-16T10:58:03.599-0300] {dag.py:2941} INFO - Sync 1 DAGs
[2025-06-16T10:58:03.635-0300] {logging_mixin.py:154} INFO - [2025-06-16T10:58:03.634-0300] {dag.py:3722} INFO - Setting next_dagrun for example_xcom to 2021-01-01T00:00:00+00:00, run_after=2021-01-01T00:00:00+00:00
[2025-06-16T10:58:03.725-0300] {processor.py:179} INFO - Processing /mnt/c/Users/arcan/Documents/airflow/.venv/lib/python3.10/site-packages/airflow/example_dags/example_xcom.py took 0.265 seconds
[2025-06-16T10:59:15.214-0300] {processor.py:157} INFO - Started process (PID=44399) to work on /mnt/c/Users/arcan/Documents/airflow/.venv/lib/python3.10/site-packages/airflow/example_dags/example_xcom.py
[2025-06-16T10:59:15.216-0300] {processor.py:829} INFO - Processing file /mnt/c/Users/arcan/Documents/airflow/.venv/lib/python3.10/site-packages/airflow/example_dags/example_xcom.py for tasks to queue
[2025-06-16T10:59:15.218-0300] {logging_mixin.py:154} INFO - [2025-06-16T10:59:15.217-0300] {dagbag.py:536} INFO - Filling up the DagBag from /mnt/c/Users/arcan/Documents/airflow/.venv/lib/python3.10/site-packages/airflow/example_dags/example_xcom.py
[2025-06-16T10:59:15.252-0300] {processor.py:839} INFO - DAG(s) dict_keys(['example_xcom']) retrieved from /mnt/c/Users/arcan/Documents/airflow/.venv/lib/python3.10/site-packages/airflow/example_dags/example_xcom.py
[2025-06-16T10:59:15.293-0300] {logging_mixin.py:154} INFO - [2025-06-16T10:59:15.293-0300] {dag.py:2941} INFO - Sync 1 DAGs
[2025-06-16T10:59:15.321-0300] {logging_mixin.py:154} INFO - [2025-06-16T10:59:15.321-0300] {dag.py:3722} INFO - Setting next_dagrun for example_xcom to 2021-01-01T00:00:00+00:00, run_after=2021-01-01T00:00:00+00:00
[2025-06-16T10:59:15.403-0300] {processor.py:179} INFO - Processing /mnt/c/Users/arcan/Documents/airflow/.venv/lib/python3.10/site-packages/airflow/example_dags/example_xcom.py took 0.194 seconds
[2025-06-16T11:00:24.452-0300] {processor.py:157} INFO - Started process (PID=44599) to work on /mnt/c/Users/arcan/Documents/airflow/.venv/lib/python3.10/site-packages/airflow/example_dags/example_xcom.py
[2025-06-16T11:00:24.453-0300] {processor.py:829} INFO - Processing file /mnt/c/Users/arcan/Documents/airflow/.venv/lib/python3.10/site-packages/airflow/example_dags/example_xcom.py for tasks to queue
[2025-06-16T11:00:24.455-0300] {logging_mixin.py:154} INFO - [2025-06-16T11:00:24.454-0300] {dagbag.py:536} INFO - Filling up the DagBag from /mnt/c/Users/arcan/Documents/airflow/.venv/lib/python3.10/site-packages/airflow/example_dags/example_xcom.py
[2025-06-16T11:00:24.488-0300] {processor.py:839} INFO - DAG(s) dict_keys(['example_xcom']) retrieved from /mnt/c/Users/arcan/Documents/airflow/.venv/lib/python3.10/site-packages/airflow/example_dags/example_xcom.py
[2025-06-16T11:00:24.526-0300] {logging_mixin.py:154} INFO - [2025-06-16T11:00:24.526-0300] {dag.py:2941} INFO - Sync 1 DAGs
[2025-06-16T11:00:24.555-0300] {logging_mixin.py:154} INFO - [2025-06-16T11:00:24.554-0300] {dag.py:3722} INFO - Setting next_dagrun for example_xcom to 2021-01-01T00:00:00+00:00, run_after=2021-01-01T00:00:00+00:00
[2025-06-16T11:00:24.643-0300] {processor.py:179} INFO - Processing /mnt/c/Users/arcan/Documents/airflow/.venv/lib/python3.10/site-packages/airflow/example_dags/example_xcom.py took 0.195 seconds
[2025-06-16T11:01:39.590-0300] {processor.py:157} INFO - Started process (PID=44816) to work on /mnt/c/Users/arcan/Documents/airflow/.venv/lib/python3.10/site-packages/airflow/example_dags/example_xcom.py
[2025-06-16T11:01:39.592-0300] {processor.py:829} INFO - Processing file /mnt/c/Users/arcan/Documents/airflow/.venv/lib/python3.10/site-packages/airflow/example_dags/example_xcom.py for tasks to queue
[2025-06-16T11:01:39.593-0300] {logging_mixin.py:154} INFO - [2025-06-16T11:01:39.592-0300] {dagbag.py:536} INFO - Filling up the DagBag from /mnt/c/Users/arcan/Documents/airflow/.venv/lib/python3.10/site-packages/airflow/example_dags/example_xcom.py
[2025-06-16T11:01:39.630-0300] {processor.py:839} INFO - DAG(s) dict_keys(['example_xcom']) retrieved from /mnt/c/Users/arcan/Documents/airflow/.venv/lib/python3.10/site-packages/airflow/example_dags/example_xcom.py
[2025-06-16T11:01:39.677-0300] {logging_mixin.py:154} INFO - [2025-06-16T11:01:39.677-0300] {dag.py:2941} INFO - Sync 1 DAGs
[2025-06-16T11:01:39.709-0300] {logging_mixin.py:154} INFO - [2025-06-16T11:01:39.709-0300] {dag.py:3722} INFO - Setting next_dagrun for example_xcom to 2021-01-01T00:00:00+00:00, run_after=2021-01-01T00:00:00+00:00
[2025-06-16T11:01:39.805-0300] {processor.py:179} INFO - Processing /mnt/c/Users/arcan/Documents/airflow/.venv/lib/python3.10/site-packages/airflow/example_dags/example_xcom.py took 0.219 seconds
[2025-06-16T11:02:37.373-0300] {processor.py:157} INFO - Started process (PID=44984) to work on /mnt/c/Users/arcan/Documents/airflow/.venv/lib/python3.10/site-packages/airflow/example_dags/example_xcom.py
[2025-06-16T11:02:37.375-0300] {processor.py:829} INFO - Processing file /mnt/c/Users/arcan/Documents/airflow/.venv/lib/python3.10/site-packages/airflow/example_dags/example_xcom.py for tasks to queue
[2025-06-16T11:02:37.377-0300] {logging_mixin.py:154} INFO - [2025-06-16T11:02:37.376-0300] {dagbag.py:536} INFO - Filling up the DagBag from /mnt/c/Users/arcan/Documents/airflow/.venv/lib/python3.10/site-packages/airflow/example_dags/example_xcom.py
[2025-06-16T11:02:37.412-0300] {processor.py:839} INFO - DAG(s) dict_keys(['example_xcom']) retrieved from /mnt/c/Users/arcan/Documents/airflow/.venv/lib/python3.10/site-packages/airflow/example_dags/example_xcom.py
[2025-06-16T11:02:37.457-0300] {logging_mixin.py:154} INFO - [2025-06-16T11:02:37.456-0300] {dag.py:2941} INFO - Sync 1 DAGs
[2025-06-16T11:02:37.483-0300] {logging_mixin.py:154} INFO - [2025-06-16T11:02:37.483-0300] {dag.py:3722} INFO - Setting next_dagrun for example_xcom to 2021-01-01T00:00:00+00:00, run_after=2021-01-01T00:00:00+00:00
[2025-06-16T11:02:37.581-0300] {processor.py:179} INFO - Processing /mnt/c/Users/arcan/Documents/airflow/.venv/lib/python3.10/site-packages/airflow/example_dags/example_xcom.py took 0.212 seconds
[2025-06-16T11:03:37.054-0300] {processor.py:157} INFO - Started process (PID=45159) to work on /mnt/c/Users/arcan/Documents/airflow/.venv/lib/python3.10/site-packages/airflow/example_dags/example_xcom.py
[2025-06-16T11:03:37.056-0300] {processor.py:829} INFO - Processing file /mnt/c/Users/arcan/Documents/airflow/.venv/lib/python3.10/site-packages/airflow/example_dags/example_xcom.py for tasks to queue
[2025-06-16T11:03:37.057-0300] {logging_mixin.py:154} INFO - [2025-06-16T11:03:37.057-0300] {dagbag.py:536} INFO - Filling up the DagBag from /mnt/c/Users/arcan/Documents/airflow/.venv/lib/python3.10/site-packages/airflow/example_dags/example_xcom.py
[2025-06-16T11:03:37.090-0300] {processor.py:839} INFO - DAG(s) dict_keys(['example_xcom']) retrieved from /mnt/c/Users/arcan/Documents/airflow/.venv/lib/python3.10/site-packages/airflow/example_dags/example_xcom.py
[2025-06-16T11:03:37.132-0300] {logging_mixin.py:154} INFO - [2025-06-16T11:03:37.132-0300] {dag.py:2941} INFO - Sync 1 DAGs
[2025-06-16T11:03:37.158-0300] {logging_mixin.py:154} INFO - [2025-06-16T11:03:37.158-0300] {dag.py:3722} INFO - Setting next_dagrun for example_xcom to 2021-01-01T00:00:00+00:00, run_after=2021-01-01T00:00:00+00:00
[2025-06-16T11:03:37.249-0300] {processor.py:179} INFO - Processing /mnt/c/Users/arcan/Documents/airflow/.venv/lib/python3.10/site-packages/airflow/example_dags/example_xcom.py took 0.199 seconds
[2025-06-16T11:04:36.906-0300] {processor.py:157} INFO - Started process (PID=45339) to work on /mnt/c/Users/arcan/Documents/airflow/.venv/lib/python3.10/site-packages/airflow/example_dags/example_xcom.py
[2025-06-16T11:04:36.907-0300] {processor.py:829} INFO - Processing file /mnt/c/Users/arcan/Documents/airflow/.venv/lib/python3.10/site-packages/airflow/example_dags/example_xcom.py for tasks to queue
[2025-06-16T11:04:36.909-0300] {logging_mixin.py:154} INFO - [2025-06-16T11:04:36.909-0300] {dagbag.py:536} INFO - Filling up the DagBag from /mnt/c/Users/arcan/Documents/airflow/.venv/lib/python3.10/site-packages/airflow/example_dags/example_xcom.py
[2025-06-16T11:04:36.944-0300] {processor.py:839} INFO - DAG(s) dict_keys(['example_xcom']) retrieved from /mnt/c/Users/arcan/Documents/airflow/.venv/lib/python3.10/site-packages/airflow/example_dags/example_xcom.py
[2025-06-16T11:04:36.982-0300] {logging_mixin.py:154} INFO - [2025-06-16T11:04:36.982-0300] {dag.py:2941} INFO - Sync 1 DAGs
[2025-06-16T11:04:37.009-0300] {logging_mixin.py:154} INFO - [2025-06-16T11:04:37.008-0300] {dag.py:3722} INFO - Setting next_dagrun for example_xcom to 2021-01-01T00:00:00+00:00, run_after=2021-01-01T00:00:00+00:00
[2025-06-16T11:04:37.121-0300] {processor.py:179} INFO - Processing /mnt/c/Users/arcan/Documents/airflow/.venv/lib/python3.10/site-packages/airflow/example_dags/example_xcom.py took 0.218 seconds
[2025-06-16T11:05:42.049-0300] {processor.py:157} INFO - Started process (PID=45529) to work on /mnt/c/Users/arcan/Documents/airflow/.venv/lib/python3.10/site-packages/airflow/example_dags/example_xcom.py
[2025-06-16T11:05:42.051-0300] {processor.py:829} INFO - Processing file /mnt/c/Users/arcan/Documents/airflow/.venv/lib/python3.10/site-packages/airflow/example_dags/example_xcom.py for tasks to queue
[2025-06-16T11:05:42.054-0300] {logging_mixin.py:154} INFO - [2025-06-16T11:05:42.053-0300] {dagbag.py:536} INFO - Filling up the DagBag from /mnt/c/Users/arcan/Documents/airflow/.venv/lib/python3.10/site-packages/airflow/example_dags/example_xcom.py
[2025-06-16T11:05:42.087-0300] {processor.py:839} INFO - DAG(s) dict_keys(['example_xcom']) retrieved from /mnt/c/Users/arcan/Documents/airflow/.venv/lib/python3.10/site-packages/airflow/example_dags/example_xcom.py
[2025-06-16T11:05:42.128-0300] {logging_mixin.py:154} INFO - [2025-06-16T11:05:42.128-0300] {dag.py:2941} INFO - Sync 1 DAGs
[2025-06-16T11:05:42.157-0300] {logging_mixin.py:154} INFO - [2025-06-16T11:05:42.156-0300] {dag.py:3722} INFO - Setting next_dagrun for example_xcom to 2021-01-01T00:00:00+00:00, run_after=2021-01-01T00:00:00+00:00
[2025-06-16T11:05:42.248-0300] {processor.py:179} INFO - Processing /mnt/c/Users/arcan/Documents/airflow/.venv/lib/python3.10/site-packages/airflow/example_dags/example_xcom.py took 0.202 seconds
[2025-06-16T11:06:48.775-0300] {processor.py:157} INFO - Started process (PID=45843) to work on /mnt/c/Users/arcan/Documents/airflow/.venv/lib/python3.10/site-packages/airflow/example_dags/example_xcom.py
[2025-06-16T11:06:48.777-0300] {processor.py:829} INFO - Processing file /mnt/c/Users/arcan/Documents/airflow/.venv/lib/python3.10/site-packages/airflow/example_dags/example_xcom.py for tasks to queue
[2025-06-16T11:06:48.778-0300] {logging_mixin.py:154} INFO - [2025-06-16T11:06:48.778-0300] {dagbag.py:536} INFO - Filling up the DagBag from /mnt/c/Users/arcan/Documents/airflow/.venv/lib/python3.10/site-packages/airflow/example_dags/example_xcom.py
[2025-06-16T11:06:48.811-0300] {processor.py:839} INFO - DAG(s) dict_keys(['example_xcom']) retrieved from /mnt/c/Users/arcan/Documents/airflow/.venv/lib/python3.10/site-packages/airflow/example_dags/example_xcom.py
[2025-06-16T11:06:48.854-0300] {logging_mixin.py:154} INFO - [2025-06-16T11:06:48.854-0300] {dag.py:2941} INFO - Sync 1 DAGs
[2025-06-16T11:06:48.883-0300] {logging_mixin.py:154} INFO - [2025-06-16T11:06:48.883-0300] {dag.py:3722} INFO - Setting next_dagrun for example_xcom to 2021-01-01T00:00:00+00:00, run_after=2021-01-01T00:00:00+00:00
[2025-06-16T11:06:48.972-0300] {processor.py:179} INFO - Processing /mnt/c/Users/arcan/Documents/airflow/.venv/lib/python3.10/site-packages/airflow/example_dags/example_xcom.py took 0.201 seconds
[2025-06-16T11:07:55.338-0300] {processor.py:157} INFO - Started process (PID=46037) to work on /mnt/c/Users/arcan/Documents/airflow/.venv/lib/python3.10/site-packages/airflow/example_dags/example_xcom.py
[2025-06-16T11:07:55.340-0300] {processor.py:829} INFO - Processing file /mnt/c/Users/arcan/Documents/airflow/.venv/lib/python3.10/site-packages/airflow/example_dags/example_xcom.py for tasks to queue
[2025-06-16T11:07:55.342-0300] {logging_mixin.py:154} INFO - [2025-06-16T11:07:55.341-0300] {dagbag.py:536} INFO - Filling up the DagBag from /mnt/c/Users/arcan/Documents/airflow/.venv/lib/python3.10/site-packages/airflow/example_dags/example_xcom.py
[2025-06-16T11:07:55.376-0300] {processor.py:839} INFO - DAG(s) dict_keys(['example_xcom']) retrieved from /mnt/c/Users/arcan/Documents/airflow/.venv/lib/python3.10/site-packages/airflow/example_dags/example_xcom.py
[2025-06-16T11:07:55.417-0300] {logging_mixin.py:154} INFO - [2025-06-16T11:07:55.417-0300] {dag.py:2941} INFO - Sync 1 DAGs
[2025-06-16T11:07:55.449-0300] {logging_mixin.py:154} INFO - [2025-06-16T11:07:55.448-0300] {dag.py:3722} INFO - Setting next_dagrun for example_xcom to 2021-01-01T00:00:00+00:00, run_after=2021-01-01T00:00:00+00:00
[2025-06-16T11:07:55.542-0300] {processor.py:179} INFO - Processing /mnt/c/Users/arcan/Documents/airflow/.venv/lib/python3.10/site-packages/airflow/example_dags/example_xcom.py took 0.208 seconds
[2025-06-16T11:08:55.400-0300] {processor.py:157} INFO - Started process (PID=46209) to work on /mnt/c/Users/arcan/Documents/airflow/.venv/lib/python3.10/site-packages/airflow/example_dags/example_xcom.py
[2025-06-16T11:08:55.402-0300] {processor.py:829} INFO - Processing file /mnt/c/Users/arcan/Documents/airflow/.venv/lib/python3.10/site-packages/airflow/example_dags/example_xcom.py for tasks to queue
[2025-06-16T11:08:55.403-0300] {logging_mixin.py:154} INFO - [2025-06-16T11:08:55.403-0300] {dagbag.py:536} INFO - Filling up the DagBag from /mnt/c/Users/arcan/Documents/airflow/.venv/lib/python3.10/site-packages/airflow/example_dags/example_xcom.py
[2025-06-16T11:08:55.439-0300] {processor.py:839} INFO - DAG(s) dict_keys(['example_xcom']) retrieved from /mnt/c/Users/arcan/Documents/airflow/.venv/lib/python3.10/site-packages/airflow/example_dags/example_xcom.py
[2025-06-16T11:08:55.480-0300] {logging_mixin.py:154} INFO - [2025-06-16T11:08:55.480-0300] {dag.py:2941} INFO - Sync 1 DAGs
[2025-06-16T11:08:55.510-0300] {logging_mixin.py:154} INFO - [2025-06-16T11:08:55.510-0300] {dag.py:3722} INFO - Setting next_dagrun for example_xcom to 2021-01-01T00:00:00+00:00, run_after=2021-01-01T00:00:00+00:00
[2025-06-16T11:08:55.600-0300] {processor.py:179} INFO - Processing /mnt/c/Users/arcan/Documents/airflow/.venv/lib/python3.10/site-packages/airflow/example_dags/example_xcom.py took 0.204 seconds
[2025-06-16T11:09:55.853-0300] {processor.py:157} INFO - Started process (PID=46386) to work on /mnt/c/Users/arcan/Documents/airflow/.venv/lib/python3.10/site-packages/airflow/example_dags/example_xcom.py
[2025-06-16T11:09:55.855-0300] {processor.py:829} INFO - Processing file /mnt/c/Users/arcan/Documents/airflow/.venv/lib/python3.10/site-packages/airflow/example_dags/example_xcom.py for tasks to queue
[2025-06-16T11:09:55.857-0300] {logging_mixin.py:154} INFO - [2025-06-16T11:09:55.856-0300] {dagbag.py:536} INFO - Filling up the DagBag from /mnt/c/Users/arcan/Documents/airflow/.venv/lib/python3.10/site-packages/airflow/example_dags/example_xcom.py
[2025-06-16T11:09:55.891-0300] {processor.py:839} INFO - DAG(s) dict_keys(['example_xcom']) retrieved from /mnt/c/Users/arcan/Documents/airflow/.venv/lib/python3.10/site-packages/airflow/example_dags/example_xcom.py
[2025-06-16T11:09:55.943-0300] {logging_mixin.py:154} INFO - [2025-06-16T11:09:55.943-0300] {dag.py:2941} INFO - Sync 1 DAGs
[2025-06-16T11:09:55.977-0300] {logging_mixin.py:154} INFO - [2025-06-16T11:09:55.977-0300] {dag.py:3722} INFO - Setting next_dagrun for example_xcom to 2021-01-01T00:00:00+00:00, run_after=2021-01-01T00:00:00+00:00
[2025-06-16T11:09:56.070-0300] {processor.py:179} INFO - Processing /mnt/c/Users/arcan/Documents/airflow/.venv/lib/python3.10/site-packages/airflow/example_dags/example_xcom.py took 0.221 seconds
[2025-06-16T11:10:56.413-0300] {processor.py:157} INFO - Started process (PID=46563) to work on /mnt/c/Users/arcan/Documents/airflow/.venv/lib/python3.10/site-packages/airflow/example_dags/example_xcom.py
[2025-06-16T11:10:56.415-0300] {processor.py:829} INFO - Processing file /mnt/c/Users/arcan/Documents/airflow/.venv/lib/python3.10/site-packages/airflow/example_dags/example_xcom.py for tasks to queue
[2025-06-16T11:10:56.417-0300] {logging_mixin.py:154} INFO - [2025-06-16T11:10:56.417-0300] {dagbag.py:536} INFO - Filling up the DagBag from /mnt/c/Users/arcan/Documents/airflow/.venv/lib/python3.10/site-packages/airflow/example_dags/example_xcom.py
[2025-06-16T11:10:56.453-0300] {processor.py:839} INFO - DAG(s) dict_keys(['example_xcom']) retrieved from /mnt/c/Users/arcan/Documents/airflow/.venv/lib/python3.10/site-packages/airflow/example_dags/example_xcom.py
[2025-06-16T11:10:56.500-0300] {logging_mixin.py:154} INFO - [2025-06-16T11:10:56.500-0300] {dag.py:2941} INFO - Sync 1 DAGs
[2025-06-16T11:10:56.530-0300] {logging_mixin.py:154} INFO - [2025-06-16T11:10:56.530-0300] {dag.py:3722} INFO - Setting next_dagrun for example_xcom to 2021-01-01T00:00:00+00:00, run_after=2021-01-01T00:00:00+00:00
[2025-06-16T11:10:56.617-0300] {processor.py:179} INFO - Processing /mnt/c/Users/arcan/Documents/airflow/.venv/lib/python3.10/site-packages/airflow/example_dags/example_xcom.py took 0.209 seconds
[2025-06-16T11:12:07.289-0300] {processor.py:157} INFO - Started process (PID=46763) to work on /mnt/c/Users/arcan/Documents/airflow/.venv/lib/python3.10/site-packages/airflow/example_dags/example_xcom.py
[2025-06-16T11:12:07.291-0300] {processor.py:829} INFO - Processing file /mnt/c/Users/arcan/Documents/airflow/.venv/lib/python3.10/site-packages/airflow/example_dags/example_xcom.py for tasks to queue
[2025-06-16T11:12:07.292-0300] {logging_mixin.py:154} INFO - [2025-06-16T11:12:07.292-0300] {dagbag.py:536} INFO - Filling up the DagBag from /mnt/c/Users/arcan/Documents/airflow/.venv/lib/python3.10/site-packages/airflow/example_dags/example_xcom.py
[2025-06-16T11:12:07.326-0300] {processor.py:839} INFO - DAG(s) dict_keys(['example_xcom']) retrieved from /mnt/c/Users/arcan/Documents/airflow/.venv/lib/python3.10/site-packages/airflow/example_dags/example_xcom.py
[2025-06-16T11:12:07.366-0300] {logging_mixin.py:154} INFO - [2025-06-16T11:12:07.366-0300] {dag.py:2941} INFO - Sync 1 DAGs
[2025-06-16T11:12:07.398-0300] {logging_mixin.py:154} INFO - [2025-06-16T11:12:07.398-0300] {dag.py:3722} INFO - Setting next_dagrun for example_xcom to 2021-01-01T00:00:00+00:00, run_after=2021-01-01T00:00:00+00:00
[2025-06-16T11:12:07.486-0300] {processor.py:179} INFO - Processing /mnt/c/Users/arcan/Documents/airflow/.venv/lib/python3.10/site-packages/airflow/example_dags/example_xcom.py took 0.201 seconds
[2025-06-16T11:13:13.089-0300] {processor.py:157} INFO - Started process (PID=47073) to work on /mnt/c/Users/arcan/Documents/airflow/.venv/lib/python3.10/site-packages/airflow/example_dags/example_xcom.py
[2025-06-16T11:13:13.091-0300] {processor.py:829} INFO - Processing file /mnt/c/Users/arcan/Documents/airflow/.venv/lib/python3.10/site-packages/airflow/example_dags/example_xcom.py for tasks to queue
[2025-06-16T11:13:13.094-0300] {logging_mixin.py:154} INFO - [2025-06-16T11:13:13.093-0300] {dagbag.py:536} INFO - Filling up the DagBag from /mnt/c/Users/arcan/Documents/airflow/.venv/lib/python3.10/site-packages/airflow/example_dags/example_xcom.py
[2025-06-16T11:13:13.125-0300] {processor.py:839} INFO - DAG(s) dict_keys(['example_xcom']) retrieved from /mnt/c/Users/arcan/Documents/airflow/.venv/lib/python3.10/site-packages/airflow/example_dags/example_xcom.py
[2025-06-16T11:13:13.166-0300] {logging_mixin.py:154} INFO - [2025-06-16T11:13:13.165-0300] {dag.py:2941} INFO - Sync 1 DAGs
[2025-06-16T11:13:13.193-0300] {logging_mixin.py:154} INFO - [2025-06-16T11:13:13.192-0300] {dag.py:3722} INFO - Setting next_dagrun for example_xcom to 2021-01-01T00:00:00+00:00, run_after=2021-01-01T00:00:00+00:00
[2025-06-16T11:13:13.289-0300] {processor.py:179} INFO - Processing /mnt/c/Users/arcan/Documents/airflow/.venv/lib/python3.10/site-packages/airflow/example_dags/example_xcom.py took 0.205 seconds
[2025-06-16T11:14:17.483-0300] {processor.py:157} INFO - Started process (PID=47259) to work on /mnt/c/Users/arcan/Documents/airflow/.venv/lib/python3.10/site-packages/airflow/example_dags/example_xcom.py
[2025-06-16T11:14:17.485-0300] {processor.py:829} INFO - Processing file /mnt/c/Users/arcan/Documents/airflow/.venv/lib/python3.10/site-packages/airflow/example_dags/example_xcom.py for tasks to queue
[2025-06-16T11:14:17.486-0300] {logging_mixin.py:154} INFO - [2025-06-16T11:14:17.486-0300] {dagbag.py:536} INFO - Filling up the DagBag from /mnt/c/Users/arcan/Documents/airflow/.venv/lib/python3.10/site-packages/airflow/example_dags/example_xcom.py
[2025-06-16T11:14:17.517-0300] {processor.py:839} INFO - DAG(s) dict_keys(['example_xcom']) retrieved from /mnt/c/Users/arcan/Documents/airflow/.venv/lib/python3.10/site-packages/airflow/example_dags/example_xcom.py
[2025-06-16T11:14:17.558-0300] {logging_mixin.py:154} INFO - [2025-06-16T11:14:17.558-0300] {dag.py:2941} INFO - Sync 1 DAGs
[2025-06-16T11:14:17.588-0300] {logging_mixin.py:154} INFO - [2025-06-16T11:14:17.588-0300] {dag.py:3722} INFO - Setting next_dagrun for example_xcom to 2021-01-01T00:00:00+00:00, run_after=2021-01-01T00:00:00+00:00
[2025-06-16T11:14:17.673-0300] {processor.py:179} INFO - Processing /mnt/c/Users/arcan/Documents/airflow/.venv/lib/python3.10/site-packages/airflow/example_dags/example_xcom.py took 0.194 seconds
[2025-06-16T11:15:16.427-0300] {processor.py:157} INFO - Started process (PID=47436) to work on /mnt/c/Users/arcan/Documents/airflow/.venv/lib/python3.10/site-packages/airflow/example_dags/example_xcom.py
[2025-06-16T11:15:16.429-0300] {processor.py:829} INFO - Processing file /mnt/c/Users/arcan/Documents/airflow/.venv/lib/python3.10/site-packages/airflow/example_dags/example_xcom.py for tasks to queue
[2025-06-16T11:15:16.431-0300] {logging_mixin.py:154} INFO - [2025-06-16T11:15:16.430-0300] {dagbag.py:536} INFO - Filling up the DagBag from /mnt/c/Users/arcan/Documents/airflow/.venv/lib/python3.10/site-packages/airflow/example_dags/example_xcom.py
[2025-06-16T11:15:16.462-0300] {processor.py:839} INFO - DAG(s) dict_keys(['example_xcom']) retrieved from /mnt/c/Users/arcan/Documents/airflow/.venv/lib/python3.10/site-packages/airflow/example_dags/example_xcom.py
[2025-06-16T11:15:16.501-0300] {logging_mixin.py:154} INFO - [2025-06-16T11:15:16.501-0300] {dag.py:2941} INFO - Sync 1 DAGs
[2025-06-16T11:15:16.529-0300] {logging_mixin.py:154} INFO - [2025-06-16T11:15:16.529-0300] {dag.py:3722} INFO - Setting next_dagrun for example_xcom to 2021-01-01T00:00:00+00:00, run_after=2021-01-01T00:00:00+00:00
[2025-06-16T11:15:16.624-0300] {processor.py:179} INFO - Processing /mnt/c/Users/arcan/Documents/airflow/.venv/lib/python3.10/site-packages/airflow/example_dags/example_xcom.py took 0.201 seconds
[2025-06-16T11:16:23.248-0300] {processor.py:157} INFO - Started process (PID=47628) to work on /mnt/c/Users/arcan/Documents/airflow/.venv/lib/python3.10/site-packages/airflow/example_dags/example_xcom.py
[2025-06-16T11:16:23.250-0300] {processor.py:829} INFO - Processing file /mnt/c/Users/arcan/Documents/airflow/.venv/lib/python3.10/site-packages/airflow/example_dags/example_xcom.py for tasks to queue
[2025-06-16T11:16:23.252-0300] {logging_mixin.py:154} INFO - [2025-06-16T11:16:23.251-0300] {dagbag.py:536} INFO - Filling up the DagBag from /mnt/c/Users/arcan/Documents/airflow/.venv/lib/python3.10/site-packages/airflow/example_dags/example_xcom.py
[2025-06-16T11:16:23.288-0300] {processor.py:839} INFO - DAG(s) dict_keys(['example_xcom']) retrieved from /mnt/c/Users/arcan/Documents/airflow/.venv/lib/python3.10/site-packages/airflow/example_dags/example_xcom.py
[2025-06-16T11:16:23.336-0300] {logging_mixin.py:154} INFO - [2025-06-16T11:16:23.336-0300] {dag.py:2941} INFO - Sync 1 DAGs
[2025-06-16T11:16:23.367-0300] {logging_mixin.py:154} INFO - [2025-06-16T11:16:23.367-0300] {dag.py:3722} INFO - Setting next_dagrun for example_xcom to 2021-01-01T00:00:00+00:00, run_after=2021-01-01T00:00:00+00:00
[2025-06-16T11:16:23.458-0300] {processor.py:179} INFO - Processing /mnt/c/Users/arcan/Documents/airflow/.venv/lib/python3.10/site-packages/airflow/example_dags/example_xcom.py took 0.213 seconds
[2025-06-16T11:17:28.540-0300] {processor.py:157} INFO - Started process (PID=47823) to work on /mnt/c/Users/arcan/Documents/airflow/.venv/lib/python3.10/site-packages/airflow/example_dags/example_xcom.py
[2025-06-16T11:17:28.542-0300] {processor.py:829} INFO - Processing file /mnt/c/Users/arcan/Documents/airflow/.venv/lib/python3.10/site-packages/airflow/example_dags/example_xcom.py for tasks to queue
[2025-06-16T11:17:28.544-0300] {logging_mixin.py:154} INFO - [2025-06-16T11:17:28.543-0300] {dagbag.py:536} INFO - Filling up the DagBag from /mnt/c/Users/arcan/Documents/airflow/.venv/lib/python3.10/site-packages/airflow/example_dags/example_xcom.py
[2025-06-16T11:17:28.575-0300] {processor.py:839} INFO - DAG(s) dict_keys(['example_xcom']) retrieved from /mnt/c/Users/arcan/Documents/airflow/.venv/lib/python3.10/site-packages/airflow/example_dags/example_xcom.py
[2025-06-16T11:17:28.619-0300] {logging_mixin.py:154} INFO - [2025-06-16T11:17:28.619-0300] {dag.py:2941} INFO - Sync 1 DAGs
[2025-06-16T11:17:28.650-0300] {logging_mixin.py:154} INFO - [2025-06-16T11:17:28.650-0300] {dag.py:3722} INFO - Setting next_dagrun for example_xcom to 2021-01-01T00:00:00+00:00, run_after=2021-01-01T00:00:00+00:00
[2025-06-16T11:17:28.739-0300] {processor.py:179} INFO - Processing /mnt/c/Users/arcan/Documents/airflow/.venv/lib/python3.10/site-packages/airflow/example_dags/example_xcom.py took 0.203 seconds
[2025-06-16T11:18:32.297-0300] {processor.py:157} INFO - Started process (PID=48010) to work on /mnt/c/Users/arcan/Documents/airflow/.venv/lib/python3.10/site-packages/airflow/example_dags/example_xcom.py
[2025-06-16T11:18:32.299-0300] {processor.py:829} INFO - Processing file /mnt/c/Users/arcan/Documents/airflow/.venv/lib/python3.10/site-packages/airflow/example_dags/example_xcom.py for tasks to queue
[2025-06-16T11:18:32.301-0300] {logging_mixin.py:154} INFO - [2025-06-16T11:18:32.300-0300] {dagbag.py:536} INFO - Filling up the DagBag from /mnt/c/Users/arcan/Documents/airflow/.venv/lib/python3.10/site-packages/airflow/example_dags/example_xcom.py
[2025-06-16T11:18:32.333-0300] {processor.py:839} INFO - DAG(s) dict_keys(['example_xcom']) retrieved from /mnt/c/Users/arcan/Documents/airflow/.venv/lib/python3.10/site-packages/airflow/example_dags/example_xcom.py
[2025-06-16T11:18:32.377-0300] {logging_mixin.py:154} INFO - [2025-06-16T11:18:32.377-0300] {dag.py:2941} INFO - Sync 1 DAGs
[2025-06-16T11:18:32.410-0300] {logging_mixin.py:154} INFO - [2025-06-16T11:18:32.410-0300] {dag.py:3722} INFO - Setting next_dagrun for example_xcom to 2021-01-01T00:00:00+00:00, run_after=2021-01-01T00:00:00+00:00
[2025-06-16T11:18:32.502-0300] {processor.py:179} INFO - Processing /mnt/c/Users/arcan/Documents/airflow/.venv/lib/python3.10/site-packages/airflow/example_dags/example_xcom.py took 0.208 seconds
[2025-06-16T11:19:36.646-0300] {processor.py:157} INFO - Started process (PID=48196) to work on /mnt/c/Users/arcan/Documents/airflow/.venv/lib/python3.10/site-packages/airflow/example_dags/example_xcom.py
[2025-06-16T11:19:36.648-0300] {processor.py:829} INFO - Processing file /mnt/c/Users/arcan/Documents/airflow/.venv/lib/python3.10/site-packages/airflow/example_dags/example_xcom.py for tasks to queue
[2025-06-16T11:19:36.650-0300] {logging_mixin.py:154} INFO - [2025-06-16T11:19:36.649-0300] {dagbag.py:536} INFO - Filling up the DagBag from /mnt/c/Users/arcan/Documents/airflow/.venv/lib/python3.10/site-packages/airflow/example_dags/example_xcom.py
[2025-06-16T11:19:36.686-0300] {processor.py:839} INFO - DAG(s) dict_keys(['example_xcom']) retrieved from /mnt/c/Users/arcan/Documents/airflow/.venv/lib/python3.10/site-packages/airflow/example_dags/example_xcom.py
[2025-06-16T11:19:36.728-0300] {logging_mixin.py:154} INFO - [2025-06-16T11:19:36.728-0300] {dag.py:2941} INFO - Sync 1 DAGs
[2025-06-16T11:19:36.757-0300] {logging_mixin.py:154} INFO - [2025-06-16T11:19:36.756-0300] {dag.py:3722} INFO - Setting next_dagrun for example_xcom to 2021-01-01T00:00:00+00:00, run_after=2021-01-01T00:00:00+00:00
[2025-06-16T11:19:36.843-0300] {processor.py:179} INFO - Processing /mnt/c/Users/arcan/Documents/airflow/.venv/lib/python3.10/site-packages/airflow/example_dags/example_xcom.py took 0.200 seconds
[2025-06-16T11:20:35.816-0300] {processor.py:157} INFO - Started process (PID=48494) to work on /mnt/c/Users/arcan/Documents/airflow/.venv/lib/python3.10/site-packages/airflow/example_dags/example_xcom.py
[2025-06-16T11:20:35.817-0300] {processor.py:829} INFO - Processing file /mnt/c/Users/arcan/Documents/airflow/.venv/lib/python3.10/site-packages/airflow/example_dags/example_xcom.py for tasks to queue
[2025-06-16T11:20:35.819-0300] {logging_mixin.py:154} INFO - [2025-06-16T11:20:35.818-0300] {dagbag.py:536} INFO - Filling up the DagBag from /mnt/c/Users/arcan/Documents/airflow/.venv/lib/python3.10/site-packages/airflow/example_dags/example_xcom.py
[2025-06-16T11:20:35.852-0300] {processor.py:839} INFO - DAG(s) dict_keys(['example_xcom']) retrieved from /mnt/c/Users/arcan/Documents/airflow/.venv/lib/python3.10/site-packages/airflow/example_dags/example_xcom.py
[2025-06-16T11:20:35.892-0300] {logging_mixin.py:154} INFO - [2025-06-16T11:20:35.892-0300] {dag.py:2941} INFO - Sync 1 DAGs
[2025-06-16T11:20:35.923-0300] {logging_mixin.py:154} INFO - [2025-06-16T11:20:35.923-0300] {dag.py:3722} INFO - Setting next_dagrun for example_xcom to 2021-01-01T00:00:00+00:00, run_after=2021-01-01T00:00:00+00:00
[2025-06-16T11:20:36.014-0300] {processor.py:179} INFO - Processing /mnt/c/Users/arcan/Documents/airflow/.venv/lib/python3.10/site-packages/airflow/example_dags/example_xcom.py took 0.202 seconds
[2025-06-16T11:21:44.258-0300] {processor.py:157} INFO - Started process (PID=48693) to work on /mnt/c/Users/arcan/Documents/airflow/.venv/lib/python3.10/site-packages/airflow/example_dags/example_xcom.py
[2025-06-16T11:21:44.260-0300] {processor.py:829} INFO - Processing file /mnt/c/Users/arcan/Documents/airflow/.venv/lib/python3.10/site-packages/airflow/example_dags/example_xcom.py for tasks to queue
[2025-06-16T11:21:44.262-0300] {logging_mixin.py:154} INFO - [2025-06-16T11:21:44.262-0300] {dagbag.py:536} INFO - Filling up the DagBag from /mnt/c/Users/arcan/Documents/airflow/.venv/lib/python3.10/site-packages/airflow/example_dags/example_xcom.py
[2025-06-16T11:21:44.295-0300] {processor.py:839} INFO - DAG(s) dict_keys(['example_xcom']) retrieved from /mnt/c/Users/arcan/Documents/airflow/.venv/lib/python3.10/site-packages/airflow/example_dags/example_xcom.py
[2025-06-16T11:21:44.337-0300] {logging_mixin.py:154} INFO - [2025-06-16T11:21:44.337-0300] {dag.py:2941} INFO - Sync 1 DAGs
[2025-06-16T11:21:44.370-0300] {logging_mixin.py:154} INFO - [2025-06-16T11:21:44.370-0300] {dag.py:3722} INFO - Setting next_dagrun for example_xcom to 2021-01-01T00:00:00+00:00, run_after=2021-01-01T00:00:00+00:00
[2025-06-16T11:21:44.456-0300] {processor.py:179} INFO - Processing /mnt/c/Users/arcan/Documents/airflow/.venv/lib/python3.10/site-packages/airflow/example_dags/example_xcom.py took 0.203 seconds
[2025-06-16T11:22:44.105-0300] {processor.py:157} INFO - Started process (PID=48869) to work on /mnt/c/Users/arcan/Documents/airflow/.venv/lib/python3.10/site-packages/airflow/example_dags/example_xcom.py
[2025-06-16T11:22:44.106-0300] {processor.py:829} INFO - Processing file /mnt/c/Users/arcan/Documents/airflow/.venv/lib/python3.10/site-packages/airflow/example_dags/example_xcom.py for tasks to queue
[2025-06-16T11:22:44.109-0300] {logging_mixin.py:154} INFO - [2025-06-16T11:22:44.108-0300] {dagbag.py:536} INFO - Filling up the DagBag from /mnt/c/Users/arcan/Documents/airflow/.venv/lib/python3.10/site-packages/airflow/example_dags/example_xcom.py
[2025-06-16T11:22:44.144-0300] {processor.py:839} INFO - DAG(s) dict_keys(['example_xcom']) retrieved from /mnt/c/Users/arcan/Documents/airflow/.venv/lib/python3.10/site-packages/airflow/example_dags/example_xcom.py
[2025-06-16T11:22:44.187-0300] {logging_mixin.py:154} INFO - [2025-06-16T11:22:44.186-0300] {dag.py:2941} INFO - Sync 1 DAGs
[2025-06-16T11:22:44.218-0300] {logging_mixin.py:154} INFO - [2025-06-16T11:22:44.218-0300] {dag.py:3722} INFO - Setting next_dagrun for example_xcom to 2021-01-01T00:00:00+00:00, run_after=2021-01-01T00:00:00+00:00
[2025-06-16T11:22:44.316-0300] {processor.py:179} INFO - Processing /mnt/c/Users/arcan/Documents/airflow/.venv/lib/python3.10/site-packages/airflow/example_dags/example_xcom.py took 0.215 seconds
[2025-06-16T11:23:40.974-0300] {processor.py:157} INFO - Started process (PID=49035) to work on /mnt/c/Users/arcan/Documents/airflow/.venv/lib/python3.10/site-packages/airflow/example_dags/example_xcom.py
[2025-06-16T11:23:40.976-0300] {processor.py:829} INFO - Processing file /mnt/c/Users/arcan/Documents/airflow/.venv/lib/python3.10/site-packages/airflow/example_dags/example_xcom.py for tasks to queue
[2025-06-16T11:23:40.978-0300] {logging_mixin.py:154} INFO - [2025-06-16T11:23:40.977-0300] {dagbag.py:536} INFO - Filling up the DagBag from /mnt/c/Users/arcan/Documents/airflow/.venv/lib/python3.10/site-packages/airflow/example_dags/example_xcom.py
[2025-06-16T11:23:41.008-0300] {processor.py:839} INFO - DAG(s) dict_keys(['example_xcom']) retrieved from /mnt/c/Users/arcan/Documents/airflow/.venv/lib/python3.10/site-packages/airflow/example_dags/example_xcom.py
[2025-06-16T11:23:41.048-0300] {logging_mixin.py:154} INFO - [2025-06-16T11:23:41.048-0300] {dag.py:2941} INFO - Sync 1 DAGs
[2025-06-16T11:23:41.076-0300] {logging_mixin.py:154} INFO - [2025-06-16T11:23:41.076-0300] {dag.py:3722} INFO - Setting next_dagrun for example_xcom to 2021-01-01T00:00:00+00:00, run_after=2021-01-01T00:00:00+00:00
[2025-06-16T11:23:41.177-0300] {processor.py:179} INFO - Processing /mnt/c/Users/arcan/Documents/airflow/.venv/lib/python3.10/site-packages/airflow/example_dags/example_xcom.py took 0.206 seconds
[2025-06-16T11:24:44.740-0300] {processor.py:157} INFO - Started process (PID=49219) to work on /mnt/c/Users/arcan/Documents/airflow/.venv/lib/python3.10/site-packages/airflow/example_dags/example_xcom.py
[2025-06-16T11:24:44.742-0300] {processor.py:829} INFO - Processing file /mnt/c/Users/arcan/Documents/airflow/.venv/lib/python3.10/site-packages/airflow/example_dags/example_xcom.py for tasks to queue
[2025-06-16T11:24:44.743-0300] {logging_mixin.py:154} INFO - [2025-06-16T11:24:44.743-0300] {dagbag.py:536} INFO - Filling up the DagBag from /mnt/c/Users/arcan/Documents/airflow/.venv/lib/python3.10/site-packages/airflow/example_dags/example_xcom.py
[2025-06-16T11:24:44.774-0300] {processor.py:839} INFO - DAG(s) dict_keys(['example_xcom']) retrieved from /mnt/c/Users/arcan/Documents/airflow/.venv/lib/python3.10/site-packages/airflow/example_dags/example_xcom.py
[2025-06-16T11:24:44.814-0300] {logging_mixin.py:154} INFO - [2025-06-16T11:24:44.813-0300] {dag.py:2941} INFO - Sync 1 DAGs
[2025-06-16T11:24:44.845-0300] {logging_mixin.py:154} INFO - [2025-06-16T11:24:44.845-0300] {dag.py:3722} INFO - Setting next_dagrun for example_xcom to 2021-01-01T00:00:00+00:00, run_after=2021-01-01T00:00:00+00:00
[2025-06-16T11:24:44.949-0300] {processor.py:179} INFO - Processing /mnt/c/Users/arcan/Documents/airflow/.venv/lib/python3.10/site-packages/airflow/example_dags/example_xcom.py took 0.213 seconds
[2025-06-16T11:25:46.906-0300] {processor.py:157} INFO - Started process (PID=49403) to work on /mnt/c/Users/arcan/Documents/airflow/.venv/lib/python3.10/site-packages/airflow/example_dags/example_xcom.py
[2025-06-16T11:25:46.908-0300] {processor.py:829} INFO - Processing file /mnt/c/Users/arcan/Documents/airflow/.venv/lib/python3.10/site-packages/airflow/example_dags/example_xcom.py for tasks to queue
[2025-06-16T11:25:46.911-0300] {logging_mixin.py:154} INFO - [2025-06-16T11:25:46.910-0300] {dagbag.py:536} INFO - Filling up the DagBag from /mnt/c/Users/arcan/Documents/airflow/.venv/lib/python3.10/site-packages/airflow/example_dags/example_xcom.py
[2025-06-16T11:25:46.947-0300] {processor.py:839} INFO - DAG(s) dict_keys(['example_xcom']) retrieved from /mnt/c/Users/arcan/Documents/airflow/.venv/lib/python3.10/site-packages/airflow/example_dags/example_xcom.py
[2025-06-16T11:25:46.992-0300] {logging_mixin.py:154} INFO - [2025-06-16T11:25:46.992-0300] {dag.py:2941} INFO - Sync 1 DAGs
[2025-06-16T11:25:47.024-0300] {logging_mixin.py:154} INFO - [2025-06-16T11:25:47.023-0300] {dag.py:3722} INFO - Setting next_dagrun for example_xcom to 2021-01-01T00:00:00+00:00, run_after=2021-01-01T00:00:00+00:00
[2025-06-16T11:25:47.110-0300] {processor.py:179} INFO - Processing /mnt/c/Users/arcan/Documents/airflow/.venv/lib/python3.10/site-packages/airflow/example_dags/example_xcom.py took 0.207 seconds
[2025-06-16T11:26:52.666-0300] {processor.py:157} INFO - Started process (PID=49593) to work on /mnt/c/Users/arcan/Documents/airflow/.venv/lib/python3.10/site-packages/airflow/example_dags/example_xcom.py
[2025-06-16T11:26:52.672-0300] {processor.py:829} INFO - Processing file /mnt/c/Users/arcan/Documents/airflow/.venv/lib/python3.10/site-packages/airflow/example_dags/example_xcom.py for tasks to queue
[2025-06-16T11:26:52.674-0300] {logging_mixin.py:154} INFO - [2025-06-16T11:26:52.673-0300] {dagbag.py:536} INFO - Filling up the DagBag from /mnt/c/Users/arcan/Documents/airflow/.venv/lib/python3.10/site-packages/airflow/example_dags/example_xcom.py
[2025-06-16T11:26:52.705-0300] {processor.py:839} INFO - DAG(s) dict_keys(['example_xcom']) retrieved from /mnt/c/Users/arcan/Documents/airflow/.venv/lib/python3.10/site-packages/airflow/example_dags/example_xcom.py
[2025-06-16T11:26:52.748-0300] {logging_mixin.py:154} INFO - [2025-06-16T11:26:52.747-0300] {dag.py:2941} INFO - Sync 1 DAGs
[2025-06-16T11:26:52.777-0300] {logging_mixin.py:154} INFO - [2025-06-16T11:26:52.776-0300] {dag.py:3722} INFO - Setting next_dagrun for example_xcom to 2021-01-01T00:00:00+00:00, run_after=2021-01-01T00:00:00+00:00
[2025-06-16T11:26:52.865-0300] {processor.py:179} INFO - Processing /mnt/c/Users/arcan/Documents/airflow/.venv/lib/python3.10/site-packages/airflow/example_dags/example_xcom.py took 0.203 seconds
[2025-06-16T11:27:58.243-0300] {processor.py:157} INFO - Started process (PID=49906) to work on /mnt/c/Users/arcan/Documents/airflow/.venv/lib/python3.10/site-packages/airflow/example_dags/example_xcom.py
[2025-06-16T11:27:58.245-0300] {processor.py:829} INFO - Processing file /mnt/c/Users/arcan/Documents/airflow/.venv/lib/python3.10/site-packages/airflow/example_dags/example_xcom.py for tasks to queue
[2025-06-16T11:27:58.247-0300] {logging_mixin.py:154} INFO - [2025-06-16T11:27:58.246-0300] {dagbag.py:536} INFO - Filling up the DagBag from /mnt/c/Users/arcan/Documents/airflow/.venv/lib/python3.10/site-packages/airflow/example_dags/example_xcom.py
[2025-06-16T11:27:58.279-0300] {processor.py:839} INFO - DAG(s) dict_keys(['example_xcom']) retrieved from /mnt/c/Users/arcan/Documents/airflow/.venv/lib/python3.10/site-packages/airflow/example_dags/example_xcom.py
[2025-06-16T11:27:58.322-0300] {logging_mixin.py:154} INFO - [2025-06-16T11:27:58.322-0300] {dag.py:2941} INFO - Sync 1 DAGs
[2025-06-16T11:27:58.349-0300] {logging_mixin.py:154} INFO - [2025-06-16T11:27:58.349-0300] {dag.py:3722} INFO - Setting next_dagrun for example_xcom to 2021-01-01T00:00:00+00:00, run_after=2021-01-01T00:00:00+00:00
[2025-06-16T11:27:58.444-0300] {processor.py:179} INFO - Processing /mnt/c/Users/arcan/Documents/airflow/.venv/lib/python3.10/site-packages/airflow/example_dags/example_xcom.py took 0.206 seconds
[2025-06-16T11:29:06.380-0300] {processor.py:157} INFO - Started process (PID=50107) to work on /mnt/c/Users/arcan/Documents/airflow/.venv/lib/python3.10/site-packages/airflow/example_dags/example_xcom.py
[2025-06-16T11:29:06.381-0300] {processor.py:829} INFO - Processing file /mnt/c/Users/arcan/Documents/airflow/.venv/lib/python3.10/site-packages/airflow/example_dags/example_xcom.py for tasks to queue
[2025-06-16T11:29:06.383-0300] {logging_mixin.py:154} INFO - [2025-06-16T11:29:06.383-0300] {dagbag.py:536} INFO - Filling up the DagBag from /mnt/c/Users/arcan/Documents/airflow/.venv/lib/python3.10/site-packages/airflow/example_dags/example_xcom.py
[2025-06-16T11:29:06.417-0300] {processor.py:839} INFO - DAG(s) dict_keys(['example_xcom']) retrieved from /mnt/c/Users/arcan/Documents/airflow/.venv/lib/python3.10/site-packages/airflow/example_dags/example_xcom.py
[2025-06-16T11:29:06.460-0300] {logging_mixin.py:154} INFO - [2025-06-16T11:29:06.460-0300] {dag.py:2941} INFO - Sync 1 DAGs
[2025-06-16T11:29:06.491-0300] {logging_mixin.py:154} INFO - [2025-06-16T11:29:06.490-0300] {dag.py:3722} INFO - Setting next_dagrun for example_xcom to 2021-01-01T00:00:00+00:00, run_after=2021-01-01T00:00:00+00:00
[2025-06-16T11:29:06.581-0300] {processor.py:179} INFO - Processing /mnt/c/Users/arcan/Documents/airflow/.venv/lib/python3.10/site-packages/airflow/example_dags/example_xcom.py took 0.206 seconds
[2025-06-16T11:30:09.450-0300] {processor.py:157} INFO - Started process (PID=50290) to work on /mnt/c/Users/arcan/Documents/airflow/.venv/lib/python3.10/site-packages/airflow/example_dags/example_xcom.py
[2025-06-16T11:30:09.452-0300] {processor.py:829} INFO - Processing file /mnt/c/Users/arcan/Documents/airflow/.venv/lib/python3.10/site-packages/airflow/example_dags/example_xcom.py for tasks to queue
[2025-06-16T11:30:09.454-0300] {logging_mixin.py:154} INFO - [2025-06-16T11:30:09.454-0300] {dagbag.py:536} INFO - Filling up the DagBag from /mnt/c/Users/arcan/Documents/airflow/.venv/lib/python3.10/site-packages/airflow/example_dags/example_xcom.py
[2025-06-16T11:30:09.490-0300] {processor.py:839} INFO - DAG(s) dict_keys(['example_xcom']) retrieved from /mnt/c/Users/arcan/Documents/airflow/.venv/lib/python3.10/site-packages/airflow/example_dags/example_xcom.py
[2025-06-16T11:30:09.529-0300] {logging_mixin.py:154} INFO - [2025-06-16T11:30:09.529-0300] {dag.py:2941} INFO - Sync 1 DAGs
[2025-06-16T11:30:09.559-0300] {logging_mixin.py:154} INFO - [2025-06-16T11:30:09.559-0300] {dag.py:3722} INFO - Setting next_dagrun for example_xcom to 2021-01-01T00:00:00+00:00, run_after=2021-01-01T00:00:00+00:00
[2025-06-16T11:30:09.651-0300] {processor.py:179} INFO - Processing /mnt/c/Users/arcan/Documents/airflow/.venv/lib/python3.10/site-packages/airflow/example_dags/example_xcom.py took 0.204 seconds
[2025-06-16T11:31:15.717-0300] {processor.py:157} INFO - Started process (PID=50482) to work on /mnt/c/Users/arcan/Documents/airflow/.venv/lib/python3.10/site-packages/airflow/example_dags/example_xcom.py
[2025-06-16T11:31:15.719-0300] {processor.py:829} INFO - Processing file /mnt/c/Users/arcan/Documents/airflow/.venv/lib/python3.10/site-packages/airflow/example_dags/example_xcom.py for tasks to queue
[2025-06-16T11:31:15.721-0300] {logging_mixin.py:154} INFO - [2025-06-16T11:31:15.720-0300] {dagbag.py:536} INFO - Filling up the DagBag from /mnt/c/Users/arcan/Documents/airflow/.venv/lib/python3.10/site-packages/airflow/example_dags/example_xcom.py
[2025-06-16T11:31:15.753-0300] {processor.py:839} INFO - DAG(s) dict_keys(['example_xcom']) retrieved from /mnt/c/Users/arcan/Documents/airflow/.venv/lib/python3.10/site-packages/airflow/example_dags/example_xcom.py
[2025-06-16T11:31:15.799-0300] {logging_mixin.py:154} INFO - [2025-06-16T11:31:15.799-0300] {dag.py:2941} INFO - Sync 1 DAGs
[2025-06-16T11:31:15.827-0300] {logging_mixin.py:154} INFO - [2025-06-16T11:31:15.827-0300] {dag.py:3722} INFO - Setting next_dagrun for example_xcom to 2021-01-01T00:00:00+00:00, run_after=2021-01-01T00:00:00+00:00
[2025-06-16T11:31:15.910-0300] {processor.py:179} INFO - Processing /mnt/c/Users/arcan/Documents/airflow/.venv/lib/python3.10/site-packages/airflow/example_dags/example_xcom.py took 0.196 seconds
[2025-06-16T11:32:28.540-0300] {processor.py:157} INFO - Started process (PID=50695) to work on /mnt/c/Users/arcan/Documents/airflow/.venv/lib/python3.10/site-packages/airflow/example_dags/example_xcom.py
[2025-06-16T11:32:28.542-0300] {processor.py:829} INFO - Processing file /mnt/c/Users/arcan/Documents/airflow/.venv/lib/python3.10/site-packages/airflow/example_dags/example_xcom.py for tasks to queue
[2025-06-16T11:32:28.543-0300] {logging_mixin.py:154} INFO - [2025-06-16T11:32:28.543-0300] {dagbag.py:536} INFO - Filling up the DagBag from /mnt/c/Users/arcan/Documents/airflow/.venv/lib/python3.10/site-packages/airflow/example_dags/example_xcom.py
[2025-06-16T11:32:28.580-0300] {processor.py:839} INFO - DAG(s) dict_keys(['example_xcom']) retrieved from /mnt/c/Users/arcan/Documents/airflow/.venv/lib/python3.10/site-packages/airflow/example_dags/example_xcom.py
[2025-06-16T11:32:28.625-0300] {logging_mixin.py:154} INFO - [2025-06-16T11:32:28.624-0300] {dag.py:2941} INFO - Sync 1 DAGs
[2025-06-16T11:32:28.654-0300] {logging_mixin.py:154} INFO - [2025-06-16T11:32:28.654-0300] {dag.py:3722} INFO - Setting next_dagrun for example_xcom to 2021-01-01T00:00:00+00:00, run_after=2021-01-01T00:00:00+00:00
[2025-06-16T11:32:28.739-0300] {processor.py:179} INFO - Processing /mnt/c/Users/arcan/Documents/airflow/.venv/lib/python3.10/site-packages/airflow/example_dags/example_xcom.py took 0.203 seconds
[2025-06-16T11:33:30.415-0300] {processor.py:157} INFO - Started process (PID=50879) to work on /mnt/c/Users/arcan/Documents/airflow/.venv/lib/python3.10/site-packages/airflow/example_dags/example_xcom.py
[2025-06-16T11:33:30.417-0300] {processor.py:829} INFO - Processing file /mnt/c/Users/arcan/Documents/airflow/.venv/lib/python3.10/site-packages/airflow/example_dags/example_xcom.py for tasks to queue
[2025-06-16T11:33:30.420-0300] {logging_mixin.py:154} INFO - [2025-06-16T11:33:30.419-0300] {dagbag.py:536} INFO - Filling up the DagBag from /mnt/c/Users/arcan/Documents/airflow/.venv/lib/python3.10/site-packages/airflow/example_dags/example_xcom.py
[2025-06-16T11:33:30.459-0300] {processor.py:839} INFO - DAG(s) dict_keys(['example_xcom']) retrieved from /mnt/c/Users/arcan/Documents/airflow/.venv/lib/python3.10/site-packages/airflow/example_dags/example_xcom.py
[2025-06-16T11:33:30.505-0300] {logging_mixin.py:154} INFO - [2025-06-16T11:33:30.505-0300] {dag.py:2941} INFO - Sync 1 DAGs
[2025-06-16T11:33:30.537-0300] {logging_mixin.py:154} INFO - [2025-06-16T11:33:30.537-0300] {dag.py:3722} INFO - Setting next_dagrun for example_xcom to 2021-01-01T00:00:00+00:00, run_after=2021-01-01T00:00:00+00:00
[2025-06-16T11:33:30.632-0300] {processor.py:179} INFO - Processing /mnt/c/Users/arcan/Documents/airflow/.venv/lib/python3.10/site-packages/airflow/example_dags/example_xcom.py took 0.222 seconds
[2025-06-16T11:34:33.481-0300] {processor.py:157} INFO - Started process (PID=51188) to work on /mnt/c/Users/arcan/Documents/airflow/.venv/lib/python3.10/site-packages/airflow/example_dags/example_xcom.py
[2025-06-16T11:34:33.483-0300] {processor.py:829} INFO - Processing file /mnt/c/Users/arcan/Documents/airflow/.venv/lib/python3.10/site-packages/airflow/example_dags/example_xcom.py for tasks to queue
[2025-06-16T11:34:33.484-0300] {logging_mixin.py:154} INFO - [2025-06-16T11:34:33.484-0300] {dagbag.py:536} INFO - Filling up the DagBag from /mnt/c/Users/arcan/Documents/airflow/.venv/lib/python3.10/site-packages/airflow/example_dags/example_xcom.py
[2025-06-16T11:34:33.522-0300] {processor.py:839} INFO - DAG(s) dict_keys(['example_xcom']) retrieved from /mnt/c/Users/arcan/Documents/airflow/.venv/lib/python3.10/site-packages/airflow/example_dags/example_xcom.py
[2025-06-16T11:34:33.574-0300] {logging_mixin.py:154} INFO - [2025-06-16T11:34:33.574-0300] {dag.py:2941} INFO - Sync 1 DAGs
[2025-06-16T11:34:33.606-0300] {logging_mixin.py:154} INFO - [2025-06-16T11:34:33.606-0300] {dag.py:3722} INFO - Setting next_dagrun for example_xcom to 2021-01-01T00:00:00+00:00, run_after=2021-01-01T00:00:00+00:00
[2025-06-16T11:34:33.698-0300] {processor.py:179} INFO - Processing /mnt/c/Users/arcan/Documents/airflow/.venv/lib/python3.10/site-packages/airflow/example_dags/example_xcom.py took 0.221 seconds
[2025-06-16T11:35:32.772-0300] {processor.py:157} INFO - Started process (PID=51363) to work on /mnt/c/Users/arcan/Documents/airflow/.venv/lib/python3.10/site-packages/airflow/example_dags/example_xcom.py
[2025-06-16T11:35:32.773-0300] {processor.py:829} INFO - Processing file /mnt/c/Users/arcan/Documents/airflow/.venv/lib/python3.10/site-packages/airflow/example_dags/example_xcom.py for tasks to queue
[2025-06-16T11:35:32.775-0300] {logging_mixin.py:154} INFO - [2025-06-16T11:35:32.774-0300] {dagbag.py:536} INFO - Filling up the DagBag from /mnt/c/Users/arcan/Documents/airflow/.venv/lib/python3.10/site-packages/airflow/example_dags/example_xcom.py
[2025-06-16T11:35:32.809-0300] {processor.py:839} INFO - DAG(s) dict_keys(['example_xcom']) retrieved from /mnt/c/Users/arcan/Documents/airflow/.venv/lib/python3.10/site-packages/airflow/example_dags/example_xcom.py
[2025-06-16T11:35:32.850-0300] {logging_mixin.py:154} INFO - [2025-06-16T11:35:32.850-0300] {dag.py:2941} INFO - Sync 1 DAGs
[2025-06-16T11:35:32.877-0300] {logging_mixin.py:154} INFO - [2025-06-16T11:35:32.877-0300] {dag.py:3722} INFO - Setting next_dagrun for example_xcom to 2021-01-01T00:00:00+00:00, run_after=2021-01-01T00:00:00+00:00
[2025-06-16T11:35:32.968-0300] {processor.py:179} INFO - Processing /mnt/c/Users/arcan/Documents/airflow/.venv/lib/python3.10/site-packages/airflow/example_dags/example_xcom.py took 0.201 seconds
[2025-06-16T11:36:38.180-0300] {processor.py:157} INFO - Started process (PID=51558) to work on /mnt/c/Users/arcan/Documents/airflow/.venv/lib/python3.10/site-packages/airflow/example_dags/example_xcom.py
[2025-06-16T11:36:38.183-0300] {processor.py:829} INFO - Processing file /mnt/c/Users/arcan/Documents/airflow/.venv/lib/python3.10/site-packages/airflow/example_dags/example_xcom.py for tasks to queue
[2025-06-16T11:36:38.184-0300] {logging_mixin.py:154} INFO - [2025-06-16T11:36:38.184-0300] {dagbag.py:536} INFO - Filling up the DagBag from /mnt/c/Users/arcan/Documents/airflow/.venv/lib/python3.10/site-packages/airflow/example_dags/example_xcom.py
[2025-06-16T11:36:38.214-0300] {processor.py:839} INFO - DAG(s) dict_keys(['example_xcom']) retrieved from /mnt/c/Users/arcan/Documents/airflow/.venv/lib/python3.10/site-packages/airflow/example_dags/example_xcom.py
[2025-06-16T11:36:38.257-0300] {logging_mixin.py:154} INFO - [2025-06-16T11:36:38.257-0300] {dag.py:2941} INFO - Sync 1 DAGs
[2025-06-16T11:36:38.286-0300] {logging_mixin.py:154} INFO - [2025-06-16T11:36:38.286-0300] {dag.py:3722} INFO - Setting next_dagrun for example_xcom to 2021-01-01T00:00:00+00:00, run_after=2021-01-01T00:00:00+00:00
[2025-06-16T11:36:38.372-0300] {processor.py:179} INFO - Processing /mnt/c/Users/arcan/Documents/airflow/.venv/lib/python3.10/site-packages/airflow/example_dags/example_xcom.py took 0.196 seconds
[2025-06-16T11:37:45.226-0300] {processor.py:157} INFO - Started process (PID=51755) to work on /mnt/c/Users/arcan/Documents/airflow/.venv/lib/python3.10/site-packages/airflow/example_dags/example_xcom.py
[2025-06-16T11:37:45.228-0300] {processor.py:829} INFO - Processing file /mnt/c/Users/arcan/Documents/airflow/.venv/lib/python3.10/site-packages/airflow/example_dags/example_xcom.py for tasks to queue
[2025-06-16T11:37:45.231-0300] {logging_mixin.py:154} INFO - [2025-06-16T11:37:45.230-0300] {dagbag.py:536} INFO - Filling up the DagBag from /mnt/c/Users/arcan/Documents/airflow/.venv/lib/python3.10/site-packages/airflow/example_dags/example_xcom.py
[2025-06-16T11:37:45.263-0300] {processor.py:839} INFO - DAG(s) dict_keys(['example_xcom']) retrieved from /mnt/c/Users/arcan/Documents/airflow/.venv/lib/python3.10/site-packages/airflow/example_dags/example_xcom.py
[2025-06-16T11:37:45.303-0300] {logging_mixin.py:154} INFO - [2025-06-16T11:37:45.303-0300] {dag.py:2941} INFO - Sync 1 DAGs
[2025-06-16T11:37:45.331-0300] {logging_mixin.py:154} INFO - [2025-06-16T11:37:45.331-0300] {dag.py:3722} INFO - Setting next_dagrun for example_xcom to 2021-01-01T00:00:00+00:00, run_after=2021-01-01T00:00:00+00:00
[2025-06-16T11:37:45.416-0300] {processor.py:179} INFO - Processing /mnt/c/Users/arcan/Documents/airflow/.venv/lib/python3.10/site-packages/airflow/example_dags/example_xcom.py took 0.193 seconds
[2025-06-16T11:38:52.197-0300] {processor.py:157} INFO - Started process (PID=51954) to work on /mnt/c/Users/arcan/Documents/airflow/.venv/lib/python3.10/site-packages/airflow/example_dags/example_xcom.py
[2025-06-16T11:38:52.199-0300] {processor.py:829} INFO - Processing file /mnt/c/Users/arcan/Documents/airflow/.venv/lib/python3.10/site-packages/airflow/example_dags/example_xcom.py for tasks to queue
[2025-06-16T11:38:52.201-0300] {logging_mixin.py:154} INFO - [2025-06-16T11:38:52.200-0300] {dagbag.py:536} INFO - Filling up the DagBag from /mnt/c/Users/arcan/Documents/airflow/.venv/lib/python3.10/site-packages/airflow/example_dags/example_xcom.py
[2025-06-16T11:38:52.239-0300] {processor.py:839} INFO - DAG(s) dict_keys(['example_xcom']) retrieved from /mnt/c/Users/arcan/Documents/airflow/.venv/lib/python3.10/site-packages/airflow/example_dags/example_xcom.py
[2025-06-16T11:38:52.284-0300] {logging_mixin.py:154} INFO - [2025-06-16T11:38:52.284-0300] {dag.py:2941} INFO - Sync 1 DAGs
[2025-06-16T11:38:52.315-0300] {logging_mixin.py:154} INFO - [2025-06-16T11:38:52.314-0300] {dag.py:3722} INFO - Setting next_dagrun for example_xcom to 2021-01-01T00:00:00+00:00, run_after=2021-01-01T00:00:00+00:00
[2025-06-16T11:38:52.559-0300] {processor.py:179} INFO - Processing /mnt/c/Users/arcan/Documents/airflow/.venv/lib/python3.10/site-packages/airflow/example_dags/example_xcom.py took 0.367 seconds
[2025-06-16T11:40:02.672-0300] {processor.py:157} INFO - Started process (PID=52159) to work on /mnt/c/Users/arcan/Documents/airflow/.venv/lib/python3.10/site-packages/airflow/example_dags/example_xcom.py
[2025-06-16T11:40:02.674-0300] {processor.py:829} INFO - Processing file /mnt/c/Users/arcan/Documents/airflow/.venv/lib/python3.10/site-packages/airflow/example_dags/example_xcom.py for tasks to queue
[2025-06-16T11:40:02.676-0300] {logging_mixin.py:154} INFO - [2025-06-16T11:40:02.675-0300] {dagbag.py:536} INFO - Filling up the DagBag from /mnt/c/Users/arcan/Documents/airflow/.venv/lib/python3.10/site-packages/airflow/example_dags/example_xcom.py
[2025-06-16T11:40:02.711-0300] {processor.py:839} INFO - DAG(s) dict_keys(['example_xcom']) retrieved from /mnt/c/Users/arcan/Documents/airflow/.venv/lib/python3.10/site-packages/airflow/example_dags/example_xcom.py
[2025-06-16T11:40:02.751-0300] {logging_mixin.py:154} INFO - [2025-06-16T11:40:02.751-0300] {dag.py:2941} INFO - Sync 1 DAGs
[2025-06-16T11:40:02.781-0300] {logging_mixin.py:154} INFO - [2025-06-16T11:40:02.781-0300] {dag.py:3722} INFO - Setting next_dagrun for example_xcom to 2021-01-01T00:00:00+00:00, run_after=2021-01-01T00:00:00+00:00
[2025-06-16T11:40:02.868-0300] {processor.py:179} INFO - Processing /mnt/c/Users/arcan/Documents/airflow/.venv/lib/python3.10/site-packages/airflow/example_dags/example_xcom.py took 0.200 seconds
[2025-06-16T11:41:05.421-0300] {processor.py:157} INFO - Started process (PID=52345) to work on /mnt/c/Users/arcan/Documents/airflow/.venv/lib/python3.10/site-packages/airflow/example_dags/example_xcom.py
[2025-06-16T11:41:05.424-0300] {processor.py:829} INFO - Processing file /mnt/c/Users/arcan/Documents/airflow/.venv/lib/python3.10/site-packages/airflow/example_dags/example_xcom.py for tasks to queue
[2025-06-16T11:41:05.426-0300] {logging_mixin.py:154} INFO - [2025-06-16T11:41:05.425-0300] {dagbag.py:536} INFO - Filling up the DagBag from /mnt/c/Users/arcan/Documents/airflow/.venv/lib/python3.10/site-packages/airflow/example_dags/example_xcom.py
[2025-06-16T11:41:05.458-0300] {processor.py:839} INFO - DAG(s) dict_keys(['example_xcom']) retrieved from /mnt/c/Users/arcan/Documents/airflow/.venv/lib/python3.10/site-packages/airflow/example_dags/example_xcom.py
[2025-06-16T11:41:05.496-0300] {logging_mixin.py:154} INFO - [2025-06-16T11:41:05.496-0300] {dag.py:2941} INFO - Sync 1 DAGs
[2025-06-16T11:41:05.527-0300] {logging_mixin.py:154} INFO - [2025-06-16T11:41:05.527-0300] {dag.py:3722} INFO - Setting next_dagrun for example_xcom to 2021-01-01T00:00:00+00:00, run_after=2021-01-01T00:00:00+00:00
[2025-06-16T11:41:05.612-0300] {processor.py:179} INFO - Processing /mnt/c/Users/arcan/Documents/airflow/.venv/lib/python3.10/site-packages/airflow/example_dags/example_xcom.py took 0.195 seconds
[2025-06-16T11:42:11.839-0300] {processor.py:157} INFO - Started process (PID=52663) to work on /mnt/c/Users/arcan/Documents/airflow/.venv/lib/python3.10/site-packages/airflow/example_dags/example_xcom.py
[2025-06-16T11:42:11.841-0300] {processor.py:829} INFO - Processing file /mnt/c/Users/arcan/Documents/airflow/.venv/lib/python3.10/site-packages/airflow/example_dags/example_xcom.py for tasks to queue
[2025-06-16T11:42:11.842-0300] {logging_mixin.py:154} INFO - [2025-06-16T11:42:11.842-0300] {dagbag.py:536} INFO - Filling up the DagBag from /mnt/c/Users/arcan/Documents/airflow/.venv/lib/python3.10/site-packages/airflow/example_dags/example_xcom.py
[2025-06-16T11:42:11.878-0300] {processor.py:839} INFO - DAG(s) dict_keys(['example_xcom']) retrieved from /mnt/c/Users/arcan/Documents/airflow/.venv/lib/python3.10/site-packages/airflow/example_dags/example_xcom.py
[2025-06-16T11:42:11.918-0300] {logging_mixin.py:154} INFO - [2025-06-16T11:42:11.918-0300] {dag.py:2941} INFO - Sync 1 DAGs
[2025-06-16T11:42:11.948-0300] {logging_mixin.py:154} INFO - [2025-06-16T11:42:11.947-0300] {dag.py:3722} INFO - Setting next_dagrun for example_xcom to 2021-01-01T00:00:00+00:00, run_after=2021-01-01T00:00:00+00:00
[2025-06-16T11:42:12.163-0300] {processor.py:179} INFO - Processing /mnt/c/Users/arcan/Documents/airflow/.venv/lib/python3.10/site-packages/airflow/example_dags/example_xcom.py took 0.328 seconds
[2025-06-16T11:43:21.968-0300] {processor.py:157} INFO - Started process (PID=52868) to work on /mnt/c/Users/arcan/Documents/airflow/.venv/lib/python3.10/site-packages/airflow/example_dags/example_xcom.py
[2025-06-16T11:43:21.969-0300] {processor.py:829} INFO - Processing file /mnt/c/Users/arcan/Documents/airflow/.venv/lib/python3.10/site-packages/airflow/example_dags/example_xcom.py for tasks to queue
[2025-06-16T11:43:21.971-0300] {logging_mixin.py:154} INFO - [2025-06-16T11:43:21.970-0300] {dagbag.py:536} INFO - Filling up the DagBag from /mnt/c/Users/arcan/Documents/airflow/.venv/lib/python3.10/site-packages/airflow/example_dags/example_xcom.py
[2025-06-16T11:43:22.008-0300] {processor.py:839} INFO - DAG(s) dict_keys(['example_xcom']) retrieved from /mnt/c/Users/arcan/Documents/airflow/.venv/lib/python3.10/site-packages/airflow/example_dags/example_xcom.py
[2025-06-16T11:43:22.054-0300] {logging_mixin.py:154} INFO - [2025-06-16T11:43:22.054-0300] {dag.py:2941} INFO - Sync 1 DAGs
[2025-06-16T11:43:22.089-0300] {logging_mixin.py:154} INFO - [2025-06-16T11:43:22.089-0300] {dag.py:3722} INFO - Setting next_dagrun for example_xcom to 2021-01-01T00:00:00+00:00, run_after=2021-01-01T00:00:00+00:00
[2025-06-16T11:43:22.185-0300] {processor.py:179} INFO - Processing /mnt/c/Users/arcan/Documents/airflow/.venv/lib/python3.10/site-packages/airflow/example_dags/example_xcom.py took 0.221 seconds
[2025-06-16T11:44:32.198-0300] {processor.py:157} INFO - Started process (PID=53073) to work on /mnt/c/Users/arcan/Documents/airflow/.venv/lib/python3.10/site-packages/airflow/example_dags/example_xcom.py
[2025-06-16T11:44:32.200-0300] {processor.py:829} INFO - Processing file /mnt/c/Users/arcan/Documents/airflow/.venv/lib/python3.10/site-packages/airflow/example_dags/example_xcom.py for tasks to queue
[2025-06-16T11:44:32.201-0300] {logging_mixin.py:154} INFO - [2025-06-16T11:44:32.201-0300] {dagbag.py:536} INFO - Filling up the DagBag from /mnt/c/Users/arcan/Documents/airflow/.venv/lib/python3.10/site-packages/airflow/example_dags/example_xcom.py
[2025-06-16T11:44:32.242-0300] {processor.py:839} INFO - DAG(s) dict_keys(['example_xcom']) retrieved from /mnt/c/Users/arcan/Documents/airflow/.venv/lib/python3.10/site-packages/airflow/example_dags/example_xcom.py
[2025-06-16T11:44:32.289-0300] {logging_mixin.py:154} INFO - [2025-06-16T11:44:32.288-0300] {dag.py:2941} INFO - Sync 1 DAGs
[2025-06-16T11:44:32.323-0300] {logging_mixin.py:154} INFO - [2025-06-16T11:44:32.323-0300] {dag.py:3722} INFO - Setting next_dagrun for example_xcom to 2021-01-01T00:00:00+00:00, run_after=2021-01-01T00:00:00+00:00
[2025-06-16T11:44:32.415-0300] {processor.py:179} INFO - Processing /mnt/c/Users/arcan/Documents/airflow/.venv/lib/python3.10/site-packages/airflow/example_dags/example_xcom.py took 0.222 seconds
[2025-06-16T11:45:34.404-0300] {processor.py:157} INFO - Started process (PID=53257) to work on /mnt/c/Users/arcan/Documents/airflow/.venv/lib/python3.10/site-packages/airflow/example_dags/example_xcom.py
[2025-06-16T11:45:34.407-0300] {processor.py:829} INFO - Processing file /mnt/c/Users/arcan/Documents/airflow/.venv/lib/python3.10/site-packages/airflow/example_dags/example_xcom.py for tasks to queue
[2025-06-16T11:45:34.408-0300] {logging_mixin.py:154} INFO - [2025-06-16T11:45:34.408-0300] {dagbag.py:536} INFO - Filling up the DagBag from /mnt/c/Users/arcan/Documents/airflow/.venv/lib/python3.10/site-packages/airflow/example_dags/example_xcom.py
[2025-06-16T11:45:34.441-0300] {processor.py:839} INFO - DAG(s) dict_keys(['example_xcom']) retrieved from /mnt/c/Users/arcan/Documents/airflow/.venv/lib/python3.10/site-packages/airflow/example_dags/example_xcom.py
[2025-06-16T11:45:34.483-0300] {logging_mixin.py:154} INFO - [2025-06-16T11:45:34.483-0300] {dag.py:2941} INFO - Sync 1 DAGs
[2025-06-16T11:45:34.513-0300] {logging_mixin.py:154} INFO - [2025-06-16T11:45:34.513-0300] {dag.py:3722} INFO - Setting next_dagrun for example_xcom to 2021-01-01T00:00:00+00:00, run_after=2021-01-01T00:00:00+00:00
[2025-06-16T11:45:34.764-0300] {processor.py:179} INFO - Processing /mnt/c/Users/arcan/Documents/airflow/.venv/lib/python3.10/site-packages/airflow/example_dags/example_xcom.py took 0.364 seconds
[2025-06-16T11:46:45.407-0300] {processor.py:157} INFO - Started process (PID=53465) to work on /mnt/c/Users/arcan/Documents/airflow/.venv/lib/python3.10/site-packages/airflow/example_dags/example_xcom.py
[2025-06-16T11:46:45.409-0300] {processor.py:829} INFO - Processing file /mnt/c/Users/arcan/Documents/airflow/.venv/lib/python3.10/site-packages/airflow/example_dags/example_xcom.py for tasks to queue
[2025-06-16T11:46:45.411-0300] {logging_mixin.py:154} INFO - [2025-06-16T11:46:45.410-0300] {dagbag.py:536} INFO - Filling up the DagBag from /mnt/c/Users/arcan/Documents/airflow/.venv/lib/python3.10/site-packages/airflow/example_dags/example_xcom.py
[2025-06-16T11:46:45.450-0300] {processor.py:839} INFO - DAG(s) dict_keys(['example_xcom']) retrieved from /mnt/c/Users/arcan/Documents/airflow/.venv/lib/python3.10/site-packages/airflow/example_dags/example_xcom.py
[2025-06-16T11:46:45.495-0300] {logging_mixin.py:154} INFO - [2025-06-16T11:46:45.495-0300] {dag.py:2941} INFO - Sync 1 DAGs
[2025-06-16T11:46:45.527-0300] {logging_mixin.py:154} INFO - [2025-06-16T11:46:45.527-0300] {dag.py:3722} INFO - Setting next_dagrun for example_xcom to 2021-01-01T00:00:00+00:00, run_after=2021-01-01T00:00:00+00:00
[2025-06-16T11:46:45.618-0300] {processor.py:179} INFO - Processing /mnt/c/Users/arcan/Documents/airflow/.venv/lib/python3.10/site-packages/airflow/example_dags/example_xcom.py took 0.215 seconds
[2025-06-16T11:47:47.955-0300] {processor.py:157} INFO - Started process (PID=53653) to work on /mnt/c/Users/arcan/Documents/airflow/.venv/lib/python3.10/site-packages/airflow/example_dags/example_xcom.py
[2025-06-16T11:47:47.957-0300] {processor.py:829} INFO - Processing file /mnt/c/Users/arcan/Documents/airflow/.venv/lib/python3.10/site-packages/airflow/example_dags/example_xcom.py for tasks to queue
[2025-06-16T11:47:47.958-0300] {logging_mixin.py:154} INFO - [2025-06-16T11:47:47.958-0300] {dagbag.py:536} INFO - Filling up the DagBag from /mnt/c/Users/arcan/Documents/airflow/.venv/lib/python3.10/site-packages/airflow/example_dags/example_xcom.py
[2025-06-16T11:47:47.993-0300] {processor.py:839} INFO - DAG(s) dict_keys(['example_xcom']) retrieved from /mnt/c/Users/arcan/Documents/airflow/.venv/lib/python3.10/site-packages/airflow/example_dags/example_xcom.py
[2025-06-16T11:47:48.033-0300] {logging_mixin.py:154} INFO - [2025-06-16T11:47:48.032-0300] {dag.py:2941} INFO - Sync 1 DAGs
[2025-06-16T11:47:48.063-0300] {logging_mixin.py:154} INFO - [2025-06-16T11:47:48.063-0300] {dag.py:3722} INFO - Setting next_dagrun for example_xcom to 2021-01-01T00:00:00+00:00, run_after=2021-01-01T00:00:00+00:00
[2025-06-16T11:47:48.148-0300] {processor.py:179} INFO - Processing /mnt/c/Users/arcan/Documents/airflow/.venv/lib/python3.10/site-packages/airflow/example_dags/example_xcom.py took 0.198 seconds
[2025-06-16T11:48:50.417-0300] {processor.py:157} INFO - Started process (PID=53897) to work on /mnt/c/Users/arcan/Documents/airflow/.venv/lib/python3.10/site-packages/airflow/example_dags/example_xcom.py
[2025-06-16T11:48:50.418-0300] {processor.py:829} INFO - Processing file /mnt/c/Users/arcan/Documents/airflow/.venv/lib/python3.10/site-packages/airflow/example_dags/example_xcom.py for tasks to queue
[2025-06-16T11:48:50.420-0300] {logging_mixin.py:154} INFO - [2025-06-16T11:48:50.420-0300] {dagbag.py:536} INFO - Filling up the DagBag from /mnt/c/Users/arcan/Documents/airflow/.venv/lib/python3.10/site-packages/airflow/example_dags/example_xcom.py
[2025-06-16T11:48:50.454-0300] {processor.py:839} INFO - DAG(s) dict_keys(['example_xcom']) retrieved from /mnt/c/Users/arcan/Documents/airflow/.venv/lib/python3.10/site-packages/airflow/example_dags/example_xcom.py
[2025-06-16T11:48:50.500-0300] {logging_mixin.py:154} INFO - [2025-06-16T11:48:50.500-0300] {dag.py:2941} INFO - Sync 1 DAGs
[2025-06-16T11:48:50.528-0300] {logging_mixin.py:154} INFO - [2025-06-16T11:48:50.528-0300] {dag.py:3722} INFO - Setting next_dagrun for example_xcom to 2021-01-01T00:00:00+00:00, run_after=2021-01-01T00:00:00+00:00
[2025-06-16T11:48:50.617-0300] {processor.py:179} INFO - Processing /mnt/c/Users/arcan/Documents/airflow/.venv/lib/python3.10/site-packages/airflow/example_dags/example_xcom.py took 0.204 seconds
[2025-06-16T11:49:51.757-0300] {processor.py:157} INFO - Started process (PID=54140) to work on /mnt/c/Users/arcan/Documents/airflow/.venv/lib/python3.10/site-packages/airflow/example_dags/example_xcom.py
[2025-06-16T11:49:51.758-0300] {processor.py:829} INFO - Processing file /mnt/c/Users/arcan/Documents/airflow/.venv/lib/python3.10/site-packages/airflow/example_dags/example_xcom.py for tasks to queue
[2025-06-16T11:49:51.760-0300] {logging_mixin.py:154} INFO - [2025-06-16T11:49:51.759-0300] {dagbag.py:536} INFO - Filling up the DagBag from /mnt/c/Users/arcan/Documents/airflow/.venv/lib/python3.10/site-packages/airflow/example_dags/example_xcom.py
[2025-06-16T11:49:51.792-0300] {processor.py:839} INFO - DAG(s) dict_keys(['example_xcom']) retrieved from /mnt/c/Users/arcan/Documents/airflow/.venv/lib/python3.10/site-packages/airflow/example_dags/example_xcom.py
[2025-06-16T11:49:51.831-0300] {logging_mixin.py:154} INFO - [2025-06-16T11:49:51.831-0300] {dag.py:2941} INFO - Sync 1 DAGs
[2025-06-16T11:49:51.859-0300] {logging_mixin.py:154} INFO - [2025-06-16T11:49:51.858-0300] {dag.py:3722} INFO - Setting next_dagrun for example_xcom to 2021-01-01T00:00:00+00:00, run_after=2021-01-01T00:00:00+00:00
[2025-06-16T11:49:51.945-0300] {processor.py:179} INFO - Processing /mnt/c/Users/arcan/Documents/airflow/.venv/lib/python3.10/site-packages/airflow/example_dags/example_xcom.py took 0.192 seconds
[2025-06-16T11:50:52.963-0300] {processor.py:157} INFO - Started process (PID=54329) to work on /mnt/c/Users/arcan/Documents/airflow/.venv/lib/python3.10/site-packages/airflow/example_dags/example_xcom.py
[2025-06-16T11:50:52.965-0300] {processor.py:829} INFO - Processing file /mnt/c/Users/arcan/Documents/airflow/.venv/lib/python3.10/site-packages/airflow/example_dags/example_xcom.py for tasks to queue
[2025-06-16T11:50:52.967-0300] {logging_mixin.py:154} INFO - [2025-06-16T11:50:52.966-0300] {dagbag.py:536} INFO - Filling up the DagBag from /mnt/c/Users/arcan/Documents/airflow/.venv/lib/python3.10/site-packages/airflow/example_dags/example_xcom.py
[2025-06-16T11:50:53.003-0300] {processor.py:839} INFO - DAG(s) dict_keys(['example_xcom']) retrieved from /mnt/c/Users/arcan/Documents/airflow/.venv/lib/python3.10/site-packages/airflow/example_dags/example_xcom.py
[2025-06-16T11:50:53.046-0300] {logging_mixin.py:154} INFO - [2025-06-16T11:50:53.046-0300] {dag.py:2941} INFO - Sync 1 DAGs
[2025-06-16T11:50:53.074-0300] {logging_mixin.py:154} INFO - [2025-06-16T11:50:53.073-0300] {dag.py:3722} INFO - Setting next_dagrun for example_xcom to 2021-01-01T00:00:00+00:00, run_after=2021-01-01T00:00:00+00:00
[2025-06-16T11:50:53.164-0300] {processor.py:179} INFO - Processing /mnt/c/Users/arcan/Documents/airflow/.venv/lib/python3.10/site-packages/airflow/example_dags/example_xcom.py took 0.205 seconds
[2025-06-16T11:52:00.147-0300] {processor.py:157} INFO - Started process (PID=54527) to work on /mnt/c/Users/arcan/Documents/airflow/.venv/lib/python3.10/site-packages/airflow/example_dags/example_xcom.py
[2025-06-16T11:52:00.149-0300] {processor.py:829} INFO - Processing file /mnt/c/Users/arcan/Documents/airflow/.venv/lib/python3.10/site-packages/airflow/example_dags/example_xcom.py for tasks to queue
[2025-06-16T11:52:00.151-0300] {logging_mixin.py:154} INFO - [2025-06-16T11:52:00.150-0300] {dagbag.py:536} INFO - Filling up the DagBag from /mnt/c/Users/arcan/Documents/airflow/.venv/lib/python3.10/site-packages/airflow/example_dags/example_xcom.py
[2025-06-16T11:52:00.190-0300] {processor.py:839} INFO - DAG(s) dict_keys(['example_xcom']) retrieved from /mnt/c/Users/arcan/Documents/airflow/.venv/lib/python3.10/site-packages/airflow/example_dags/example_xcom.py
[2025-06-16T11:52:00.230-0300] {logging_mixin.py:154} INFO - [2025-06-16T11:52:00.230-0300] {dag.py:2941} INFO - Sync 1 DAGs
[2025-06-16T11:52:00.261-0300] {logging_mixin.py:154} INFO - [2025-06-16T11:52:00.261-0300] {dag.py:3722} INFO - Setting next_dagrun for example_xcom to 2021-01-01T00:00:00+00:00, run_after=2021-01-01T00:00:00+00:00
[2025-06-16T11:52:00.347-0300] {processor.py:179} INFO - Processing /mnt/c/Users/arcan/Documents/airflow/.venv/lib/python3.10/site-packages/airflow/example_dags/example_xcom.py took 0.204 seconds
[2025-06-16T11:53:05.421-0300] {processor.py:157} INFO - Started process (PID=54718) to work on /mnt/c/Users/arcan/Documents/airflow/.venv/lib/python3.10/site-packages/airflow/example_dags/example_xcom.py
[2025-06-16T11:53:05.424-0300] {processor.py:829} INFO - Processing file /mnt/c/Users/arcan/Documents/airflow/.venv/lib/python3.10/site-packages/airflow/example_dags/example_xcom.py for tasks to queue
[2025-06-16T11:53:05.425-0300] {logging_mixin.py:154} INFO - [2025-06-16T11:53:05.425-0300] {dagbag.py:536} INFO - Filling up the DagBag from /mnt/c/Users/arcan/Documents/airflow/.venv/lib/python3.10/site-packages/airflow/example_dags/example_xcom.py
[2025-06-16T11:53:05.458-0300] {processor.py:839} INFO - DAG(s) dict_keys(['example_xcom']) retrieved from /mnt/c/Users/arcan/Documents/airflow/.venv/lib/python3.10/site-packages/airflow/example_dags/example_xcom.py
[2025-06-16T11:53:05.506-0300] {logging_mixin.py:154} INFO - [2025-06-16T11:53:05.506-0300] {dag.py:2941} INFO - Sync 1 DAGs
[2025-06-16T11:53:05.539-0300] {logging_mixin.py:154} INFO - [2025-06-16T11:53:05.539-0300] {dag.py:3722} INFO - Setting next_dagrun for example_xcom to 2021-01-01T00:00:00+00:00, run_after=2021-01-01T00:00:00+00:00
[2025-06-16T11:53:05.629-0300] {processor.py:179} INFO - Processing /mnt/c/Users/arcan/Documents/airflow/.venv/lib/python3.10/site-packages/airflow/example_dags/example_xcom.py took 0.212 seconds
[2025-06-16T11:54:05.819-0300] {processor.py:157} INFO - Started process (PID=54901) to work on /mnt/c/Users/arcan/Documents/airflow/.venv/lib/python3.10/site-packages/airflow/example_dags/example_xcom.py
[2025-06-16T11:54:05.821-0300] {processor.py:829} INFO - Processing file /mnt/c/Users/arcan/Documents/airflow/.venv/lib/python3.10/site-packages/airflow/example_dags/example_xcom.py for tasks to queue
[2025-06-16T11:54:05.823-0300] {logging_mixin.py:154} INFO - [2025-06-16T11:54:05.823-0300] {dagbag.py:536} INFO - Filling up the DagBag from /mnt/c/Users/arcan/Documents/airflow/.venv/lib/python3.10/site-packages/airflow/example_dags/example_xcom.py
[2025-06-16T11:54:05.859-0300] {processor.py:839} INFO - DAG(s) dict_keys(['example_xcom']) retrieved from /mnt/c/Users/arcan/Documents/airflow/.venv/lib/python3.10/site-packages/airflow/example_dags/example_xcom.py
[2025-06-16T11:54:05.903-0300] {logging_mixin.py:154} INFO - [2025-06-16T11:54:05.903-0300] {dag.py:2941} INFO - Sync 1 DAGs
[2025-06-16T11:54:05.935-0300] {logging_mixin.py:154} INFO - [2025-06-16T11:54:05.935-0300] {dag.py:3722} INFO - Setting next_dagrun for example_xcom to 2021-01-01T00:00:00+00:00, run_after=2021-01-01T00:00:00+00:00
[2025-06-16T11:54:06.027-0300] {processor.py:179} INFO - Processing /mnt/c/Users/arcan/Documents/airflow/.venv/lib/python3.10/site-packages/airflow/example_dags/example_xcom.py took 0.212 seconds
[2025-06-16T11:55:09.976-0300] {processor.py:157} INFO - Started process (PID=55093) to work on /mnt/c/Users/arcan/Documents/airflow/.venv/lib/python3.10/site-packages/airflow/example_dags/example_xcom.py
[2025-06-16T11:55:09.977-0300] {processor.py:829} INFO - Processing file /mnt/c/Users/arcan/Documents/airflow/.venv/lib/python3.10/site-packages/airflow/example_dags/example_xcom.py for tasks to queue
[2025-06-16T11:55:09.980-0300] {logging_mixin.py:154} INFO - [2025-06-16T11:55:09.979-0300] {dagbag.py:536} INFO - Filling up the DagBag from /mnt/c/Users/arcan/Documents/airflow/.venv/lib/python3.10/site-packages/airflow/example_dags/example_xcom.py
[2025-06-16T11:55:10.015-0300] {processor.py:839} INFO - DAG(s) dict_keys(['example_xcom']) retrieved from /mnt/c/Users/arcan/Documents/airflow/.venv/lib/python3.10/site-packages/airflow/example_dags/example_xcom.py
[2025-06-16T11:55:10.054-0300] {logging_mixin.py:154} INFO - [2025-06-16T11:55:10.054-0300] {dag.py:2941} INFO - Sync 1 DAGs
[2025-06-16T11:55:10.086-0300] {logging_mixin.py:154} INFO - [2025-06-16T11:55:10.086-0300] {dag.py:3722} INFO - Setting next_dagrun for example_xcom to 2021-01-01T00:00:00+00:00, run_after=2021-01-01T00:00:00+00:00
[2025-06-16T11:55:10.180-0300] {processor.py:179} INFO - Processing /mnt/c/Users/arcan/Documents/airflow/.venv/lib/python3.10/site-packages/airflow/example_dags/example_xcom.py took 0.209 seconds
[2025-06-16T11:56:09.030-0300] {processor.py:157} INFO - Started process (PID=55395) to work on /mnt/c/Users/arcan/Documents/airflow/.venv/lib/python3.10/site-packages/airflow/example_dags/example_xcom.py
[2025-06-16T11:56:09.031-0300] {processor.py:829} INFO - Processing file /mnt/c/Users/arcan/Documents/airflow/.venv/lib/python3.10/site-packages/airflow/example_dags/example_xcom.py for tasks to queue
[2025-06-16T11:56:09.034-0300] {logging_mixin.py:154} INFO - [2025-06-16T11:56:09.033-0300] {dagbag.py:536} INFO - Filling up the DagBag from /mnt/c/Users/arcan/Documents/airflow/.venv/lib/python3.10/site-packages/airflow/example_dags/example_xcom.py
[2025-06-16T11:56:09.074-0300] {processor.py:839} INFO - DAG(s) dict_keys(['example_xcom']) retrieved from /mnt/c/Users/arcan/Documents/airflow/.venv/lib/python3.10/site-packages/airflow/example_dags/example_xcom.py
[2025-06-16T11:56:09.111-0300] {logging_mixin.py:154} INFO - [2025-06-16T11:56:09.111-0300] {dag.py:2941} INFO - Sync 1 DAGs
[2025-06-16T11:56:09.139-0300] {logging_mixin.py:154} INFO - [2025-06-16T11:56:09.138-0300] {dag.py:3722} INFO - Setting next_dagrun for example_xcom to 2021-01-01T00:00:00+00:00, run_after=2021-01-01T00:00:00+00:00
[2025-06-16T11:56:09.228-0300] {processor.py:179} INFO - Processing /mnt/c/Users/arcan/Documents/airflow/.venv/lib/python3.10/site-packages/airflow/example_dags/example_xcom.py took 0.203 seconds
[2025-06-16T11:57:18.735-0300] {processor.py:157} INFO - Started process (PID=55601) to work on /mnt/c/Users/arcan/Documents/airflow/.venv/lib/python3.10/site-packages/airflow/example_dags/example_xcom.py
[2025-06-16T11:57:18.737-0300] {processor.py:829} INFO - Processing file /mnt/c/Users/arcan/Documents/airflow/.venv/lib/python3.10/site-packages/airflow/example_dags/example_xcom.py for tasks to queue
[2025-06-16T11:57:18.739-0300] {logging_mixin.py:154} INFO - [2025-06-16T11:57:18.738-0300] {dagbag.py:536} INFO - Filling up the DagBag from /mnt/c/Users/arcan/Documents/airflow/.venv/lib/python3.10/site-packages/airflow/example_dags/example_xcom.py
[2025-06-16T11:57:18.776-0300] {processor.py:839} INFO - DAG(s) dict_keys(['example_xcom']) retrieved from /mnt/c/Users/arcan/Documents/airflow/.venv/lib/python3.10/site-packages/airflow/example_dags/example_xcom.py
[2025-06-16T11:57:18.819-0300] {logging_mixin.py:154} INFO - [2025-06-16T11:57:18.818-0300] {dag.py:2941} INFO - Sync 1 DAGs
[2025-06-16T11:57:18.852-0300] {logging_mixin.py:154} INFO - [2025-06-16T11:57:18.852-0300] {dag.py:3722} INFO - Setting next_dagrun for example_xcom to 2021-01-01T00:00:00+00:00, run_after=2021-01-01T00:00:00+00:00
[2025-06-16T11:57:18.945-0300] {processor.py:179} INFO - Processing /mnt/c/Users/arcan/Documents/airflow/.venv/lib/python3.10/site-packages/airflow/example_dags/example_xcom.py took 0.214 seconds
[2025-06-16T11:58:22.981-0300] {processor.py:157} INFO - Started process (PID=55791) to work on /mnt/c/Users/arcan/Documents/airflow/.venv/lib/python3.10/site-packages/airflow/example_dags/example_xcom.py
[2025-06-16T11:58:22.983-0300] {processor.py:829} INFO - Processing file /mnt/c/Users/arcan/Documents/airflow/.venv/lib/python3.10/site-packages/airflow/example_dags/example_xcom.py for tasks to queue
[2025-06-16T11:58:22.984-0300] {logging_mixin.py:154} INFO - [2025-06-16T11:58:22.984-0300] {dagbag.py:536} INFO - Filling up the DagBag from /mnt/c/Users/arcan/Documents/airflow/.venv/lib/python3.10/site-packages/airflow/example_dags/example_xcom.py
[2025-06-16T11:58:23.018-0300] {processor.py:839} INFO - DAG(s) dict_keys(['example_xcom']) retrieved from /mnt/c/Users/arcan/Documents/airflow/.venv/lib/python3.10/site-packages/airflow/example_dags/example_xcom.py
[2025-06-16T11:58:23.058-0300] {logging_mixin.py:154} INFO - [2025-06-16T11:58:23.057-0300] {dag.py:2941} INFO - Sync 1 DAGs
[2025-06-16T11:58:23.084-0300] {logging_mixin.py:154} INFO - [2025-06-16T11:58:23.084-0300] {dag.py:3722} INFO - Setting next_dagrun for example_xcom to 2021-01-01T00:00:00+00:00, run_after=2021-01-01T00:00:00+00:00
[2025-06-16T11:58:23.178-0300] {processor.py:179} INFO - Processing /mnt/c/Users/arcan/Documents/airflow/.venv/lib/python3.10/site-packages/airflow/example_dags/example_xcom.py took 0.201 seconds
[2025-06-16T11:59:24.197-0300] {processor.py:157} INFO - Started process (PID=55974) to work on /mnt/c/Users/arcan/Documents/airflow/.venv/lib/python3.10/site-packages/airflow/example_dags/example_xcom.py
[2025-06-16T11:59:24.199-0300] {processor.py:829} INFO - Processing file /mnt/c/Users/arcan/Documents/airflow/.venv/lib/python3.10/site-packages/airflow/example_dags/example_xcom.py for tasks to queue
[2025-06-16T11:59:24.201-0300] {logging_mixin.py:154} INFO - [2025-06-16T11:59:24.200-0300] {dagbag.py:536} INFO - Filling up the DagBag from /mnt/c/Users/arcan/Documents/airflow/.venv/lib/python3.10/site-packages/airflow/example_dags/example_xcom.py
[2025-06-16T11:59:24.235-0300] {processor.py:839} INFO - DAG(s) dict_keys(['example_xcom']) retrieved from /mnt/c/Users/arcan/Documents/airflow/.venv/lib/python3.10/site-packages/airflow/example_dags/example_xcom.py
[2025-06-16T11:59:24.277-0300] {logging_mixin.py:154} INFO - [2025-06-16T11:59:24.277-0300] {dag.py:2941} INFO - Sync 1 DAGs
[2025-06-16T11:59:24.304-0300] {logging_mixin.py:154} INFO - [2025-06-16T11:59:24.304-0300] {dag.py:3722} INFO - Setting next_dagrun for example_xcom to 2021-01-01T00:00:00+00:00, run_after=2021-01-01T00:00:00+00:00
[2025-06-16T11:59:24.398-0300] {processor.py:179} INFO - Processing /mnt/c/Users/arcan/Documents/airflow/.venv/lib/python3.10/site-packages/airflow/example_dags/example_xcom.py took 0.205 seconds
[2025-06-16T12:00:27.413-0300] {processor.py:157} INFO - Started process (PID=56166) to work on /mnt/c/Users/arcan/Documents/airflow/.venv/lib/python3.10/site-packages/airflow/example_dags/example_xcom.py
[2025-06-16T12:00:27.415-0300] {processor.py:829} INFO - Processing file /mnt/c/Users/arcan/Documents/airflow/.venv/lib/python3.10/site-packages/airflow/example_dags/example_xcom.py for tasks to queue
[2025-06-16T12:00:27.416-0300] {logging_mixin.py:154} INFO - [2025-06-16T12:00:27.416-0300] {dagbag.py:536} INFO - Filling up the DagBag from /mnt/c/Users/arcan/Documents/airflow/.venv/lib/python3.10/site-packages/airflow/example_dags/example_xcom.py
[2025-06-16T12:00:27.450-0300] {processor.py:839} INFO - DAG(s) dict_keys(['example_xcom']) retrieved from /mnt/c/Users/arcan/Documents/airflow/.venv/lib/python3.10/site-packages/airflow/example_dags/example_xcom.py
[2025-06-16T12:00:27.490-0300] {logging_mixin.py:154} INFO - [2025-06-16T12:00:27.490-0300] {dag.py:2941} INFO - Sync 1 DAGs
[2025-06-16T12:00:27.519-0300] {logging_mixin.py:154} INFO - [2025-06-16T12:00:27.519-0300] {dag.py:3722} INFO - Setting next_dagrun for example_xcom to 2021-01-01T00:00:00+00:00, run_after=2021-01-01T00:00:00+00:00
[2025-06-16T12:00:27.610-0300] {processor.py:179} INFO - Processing /mnt/c/Users/arcan/Documents/airflow/.venv/lib/python3.10/site-packages/airflow/example_dags/example_xcom.py took 0.200 seconds
[2025-06-16T12:01:35.824-0300] {processor.py:157} INFO - Started process (PID=56369) to work on /mnt/c/Users/arcan/Documents/airflow/.venv/lib/python3.10/site-packages/airflow/example_dags/example_xcom.py
[2025-06-16T12:01:35.826-0300] {processor.py:829} INFO - Processing file /mnt/c/Users/arcan/Documents/airflow/.venv/lib/python3.10/site-packages/airflow/example_dags/example_xcom.py for tasks to queue
[2025-06-16T12:01:35.827-0300] {logging_mixin.py:154} INFO - [2025-06-16T12:01:35.827-0300] {dagbag.py:536} INFO - Filling up the DagBag from /mnt/c/Users/arcan/Documents/airflow/.venv/lib/python3.10/site-packages/airflow/example_dags/example_xcom.py
[2025-06-16T12:01:35.861-0300] {processor.py:839} INFO - DAG(s) dict_keys(['example_xcom']) retrieved from /mnt/c/Users/arcan/Documents/airflow/.venv/lib/python3.10/site-packages/airflow/example_dags/example_xcom.py
[2025-06-16T12:01:35.909-0300] {logging_mixin.py:154} INFO - [2025-06-16T12:01:35.909-0300] {dag.py:2941} INFO - Sync 1 DAGs
[2025-06-16T12:01:35.944-0300] {logging_mixin.py:154} INFO - [2025-06-16T12:01:35.944-0300] {dag.py:3722} INFO - Setting next_dagrun for example_xcom to 2021-01-01T00:00:00+00:00, run_after=2021-01-01T00:00:00+00:00
[2025-06-16T12:01:36.039-0300] {processor.py:179} INFO - Processing /mnt/c/Users/arcan/Documents/airflow/.venv/lib/python3.10/site-packages/airflow/example_dags/example_xcom.py took 0.219 seconds
[2025-06-16T12:02:42.849-0300] {processor.py:157} INFO - Started process (PID=56567) to work on /mnt/c/Users/arcan/Documents/airflow/.venv/lib/python3.10/site-packages/airflow/example_dags/example_xcom.py
[2025-06-16T12:02:42.851-0300] {processor.py:829} INFO - Processing file /mnt/c/Users/arcan/Documents/airflow/.venv/lib/python3.10/site-packages/airflow/example_dags/example_xcom.py for tasks to queue
[2025-06-16T12:02:42.854-0300] {logging_mixin.py:154} INFO - [2025-06-16T12:02:42.853-0300] {dagbag.py:536} INFO - Filling up the DagBag from /mnt/c/Users/arcan/Documents/airflow/.venv/lib/python3.10/site-packages/airflow/example_dags/example_xcom.py
[2025-06-16T12:02:42.889-0300] {processor.py:839} INFO - DAG(s) dict_keys(['example_xcom']) retrieved from /mnt/c/Users/arcan/Documents/airflow/.venv/lib/python3.10/site-packages/airflow/example_dags/example_xcom.py
[2025-06-16T12:02:42.931-0300] {logging_mixin.py:154} INFO - [2025-06-16T12:02:42.931-0300] {dag.py:2941} INFO - Sync 1 DAGs
[2025-06-16T12:02:42.958-0300] {logging_mixin.py:154} INFO - [2025-06-16T12:02:42.958-0300] {dag.py:3722} INFO - Setting next_dagrun for example_xcom to 2021-01-01T00:00:00+00:00, run_after=2021-01-01T00:00:00+00:00
[2025-06-16T12:02:43.045-0300] {processor.py:179} INFO - Processing /mnt/c/Users/arcan/Documents/airflow/.venv/lib/python3.10/site-packages/airflow/example_dags/example_xcom.py took 0.199 seconds
[2025-06-16T12:03:47.995-0300] {processor.py:157} INFO - Started process (PID=56886) to work on /mnt/c/Users/arcan/Documents/airflow/.venv/lib/python3.10/site-packages/airflow/example_dags/example_xcom.py
[2025-06-16T12:03:47.997-0300] {processor.py:829} INFO - Processing file /mnt/c/Users/arcan/Documents/airflow/.venv/lib/python3.10/site-packages/airflow/example_dags/example_xcom.py for tasks to queue
[2025-06-16T12:03:48.000-0300] {logging_mixin.py:154} INFO - [2025-06-16T12:03:47.999-0300] {dagbag.py:536} INFO - Filling up the DagBag from /mnt/c/Users/arcan/Documents/airflow/.venv/lib/python3.10/site-packages/airflow/example_dags/example_xcom.py
[2025-06-16T12:03:48.033-0300] {processor.py:839} INFO - DAG(s) dict_keys(['example_xcom']) retrieved from /mnt/c/Users/arcan/Documents/airflow/.venv/lib/python3.10/site-packages/airflow/example_dags/example_xcom.py
[2025-06-16T12:03:48.076-0300] {logging_mixin.py:154} INFO - [2025-06-16T12:03:48.076-0300] {dag.py:2941} INFO - Sync 1 DAGs
[2025-06-16T12:03:48.107-0300] {logging_mixin.py:154} INFO - [2025-06-16T12:03:48.106-0300] {dag.py:3722} INFO - Setting next_dagrun for example_xcom to 2021-01-01T00:00:00+00:00, run_after=2021-01-01T00:00:00+00:00
[2025-06-16T12:03:48.192-0300] {processor.py:179} INFO - Processing /mnt/c/Users/arcan/Documents/airflow/.venv/lib/python3.10/site-packages/airflow/example_dags/example_xcom.py took 0.202 seconds
[2025-06-16T12:04:49.382-0300] {processor.py:157} INFO - Started process (PID=57069) to work on /mnt/c/Users/arcan/Documents/airflow/.venv/lib/python3.10/site-packages/airflow/example_dags/example_xcom.py
[2025-06-16T12:04:49.384-0300] {processor.py:829} INFO - Processing file /mnt/c/Users/arcan/Documents/airflow/.venv/lib/python3.10/site-packages/airflow/example_dags/example_xcom.py for tasks to queue
[2025-06-16T12:04:49.386-0300] {logging_mixin.py:154} INFO - [2025-06-16T12:04:49.385-0300] {dagbag.py:536} INFO - Filling up the DagBag from /mnt/c/Users/arcan/Documents/airflow/.venv/lib/python3.10/site-packages/airflow/example_dags/example_xcom.py
[2025-06-16T12:04:49.421-0300] {processor.py:839} INFO - DAG(s) dict_keys(['example_xcom']) retrieved from /mnt/c/Users/arcan/Documents/airflow/.venv/lib/python3.10/site-packages/airflow/example_dags/example_xcom.py
[2025-06-16T12:04:49.464-0300] {logging_mixin.py:154} INFO - [2025-06-16T12:04:49.464-0300] {dag.py:2941} INFO - Sync 1 DAGs
[2025-06-16T12:04:49.493-0300] {logging_mixin.py:154} INFO - [2025-06-16T12:04:49.493-0300] {dag.py:3722} INFO - Setting next_dagrun for example_xcom to 2021-01-01T00:00:00+00:00, run_after=2021-01-01T00:00:00+00:00
[2025-06-16T12:04:49.585-0300] {processor.py:179} INFO - Processing /mnt/c/Users/arcan/Documents/airflow/.venv/lib/python3.10/site-packages/airflow/example_dags/example_xcom.py took 0.207 seconds
