[2025-06-16T10:52:22.124-0300] {processor.py:157} INFO - Started process (PID=43112) to work on /mnt/c/Users/arcan/Documents/airflow/.venv/lib/python3.10/site-packages/airflow/example_dags/example_bash_operator.py
[2025-06-16T10:52:22.125-0300] {processor.py:829} INFO - Processing file /mnt/c/Users/arcan/Documents/airflow/.venv/lib/python3.10/site-packages/airflow/example_dags/example_bash_operator.py for tasks to queue
[2025-06-16T10:52:22.127-0300] {logging_mixin.py:154} INFO - [2025-06-16T10:52:22.127-0300] {dagbag.py:536} INFO - Filling up the DagBag from /mnt/c/Users/arcan/Documents/airflow/.venv/lib/python3.10/site-packages/airflow/example_dags/example_bash_operator.py
[2025-06-16T10:52:22.169-0300] {processor.py:839} INFO - DAG(s) dict_keys(['example_bash_operator']) retrieved from /mnt/c/Users/arcan/Documents/airflow/.venv/lib/python3.10/site-packages/airflow/example_dags/example_bash_operator.py
[2025-06-16T10:52:22.213-0300] {logging_mixin.py:154} INFO - [2025-06-16T10:52:22.212-0300] {dag.py:2941} INFO - Sync 1 DAGs
[2025-06-16T10:52:22.242-0300] {logging_mixin.py:154} INFO - [2025-06-16T10:52:22.242-0300] {dag.py:3722} INFO - Setting next_dagrun for example_bash_operator to 2025-06-15T00:00:00+00:00, run_after=2025-06-16T00:00:00+00:00
[2025-06-16T10:52:22.319-0300] {processor.py:179} INFO - Processing /mnt/c/Users/arcan/Documents/airflow/.venv/lib/python3.10/site-packages/airflow/example_dags/example_bash_operator.py took 0.199 seconds
[2025-06-16T10:53:28.217-0300] {processor.py:157} INFO - Started process (PID=43297) to work on /mnt/c/Users/arcan/Documents/airflow/.venv/lib/python3.10/site-packages/airflow/example_dags/example_bash_operator.py
[2025-06-16T10:53:28.219-0300] {processor.py:829} INFO - Processing file /mnt/c/Users/arcan/Documents/airflow/.venv/lib/python3.10/site-packages/airflow/example_dags/example_bash_operator.py for tasks to queue
[2025-06-16T10:53:28.220-0300] {logging_mixin.py:154} INFO - [2025-06-16T10:53:28.220-0300] {dagbag.py:536} INFO - Filling up the DagBag from /mnt/c/Users/arcan/Documents/airflow/.venv/lib/python3.10/site-packages/airflow/example_dags/example_bash_operator.py
[2025-06-16T10:53:28.262-0300] {processor.py:839} INFO - DAG(s) dict_keys(['example_bash_operator']) retrieved from /mnt/c/Users/arcan/Documents/airflow/.venv/lib/python3.10/site-packages/airflow/example_dags/example_bash_operator.py
[2025-06-16T10:53:28.309-0300] {logging_mixin.py:154} INFO - [2025-06-16T10:53:28.308-0300] {dag.py:2941} INFO - Sync 1 DAGs
[2025-06-16T10:53:28.339-0300] {logging_mixin.py:154} INFO - [2025-06-16T10:53:28.339-0300] {dag.py:3722} INFO - Setting next_dagrun for example_bash_operator to 2025-06-15T00:00:00+00:00, run_after=2025-06-16T00:00:00+00:00
[2025-06-16T10:53:28.426-0300] {processor.py:179} INFO - Processing /mnt/c/Users/arcan/Documents/airflow/.venv/lib/python3.10/site-packages/airflow/example_dags/example_bash_operator.py took 0.213 seconds
[2025-06-16T10:54:32.997-0300] {processor.py:157} INFO - Started process (PID=43482) to work on /mnt/c/Users/arcan/Documents/airflow/.venv/lib/python3.10/site-packages/airflow/example_dags/example_bash_operator.py
[2025-06-16T10:54:32.999-0300] {processor.py:829} INFO - Processing file /mnt/c/Users/arcan/Documents/airflow/.venv/lib/python3.10/site-packages/airflow/example_dags/example_bash_operator.py for tasks to queue
[2025-06-16T10:54:33.000-0300] {logging_mixin.py:154} INFO - [2025-06-16T10:54:33.000-0300] {dagbag.py:536} INFO - Filling up the DagBag from /mnt/c/Users/arcan/Documents/airflow/.venv/lib/python3.10/site-packages/airflow/example_dags/example_bash_operator.py
[2025-06-16T10:54:33.038-0300] {processor.py:839} INFO - DAG(s) dict_keys(['example_bash_operator']) retrieved from /mnt/c/Users/arcan/Documents/airflow/.venv/lib/python3.10/site-packages/airflow/example_dags/example_bash_operator.py
[2025-06-16T10:54:33.082-0300] {logging_mixin.py:154} INFO - [2025-06-16T10:54:33.081-0300] {dag.py:2941} INFO - Sync 1 DAGs
[2025-06-16T10:54:33.110-0300] {logging_mixin.py:154} INFO - [2025-06-16T10:54:33.110-0300] {dag.py:3722} INFO - Setting next_dagrun for example_bash_operator to 2025-06-15T00:00:00+00:00, run_after=2025-06-16T00:00:00+00:00
[2025-06-16T10:54:33.194-0300] {processor.py:179} INFO - Processing /mnt/c/Users/arcan/Documents/airflow/.venv/lib/python3.10/site-packages/airflow/example_dags/example_bash_operator.py took 0.201 seconds
[2025-06-16T10:55:36.244-0300] {processor.py:157} INFO - Started process (PID=43663) to work on /mnt/c/Users/arcan/Documents/airflow/.venv/lib/python3.10/site-packages/airflow/example_dags/example_bash_operator.py
[2025-06-16T10:55:36.245-0300] {processor.py:829} INFO - Processing file /mnt/c/Users/arcan/Documents/airflow/.venv/lib/python3.10/site-packages/airflow/example_dags/example_bash_operator.py for tasks to queue
[2025-06-16T10:55:36.246-0300] {logging_mixin.py:154} INFO - [2025-06-16T10:55:36.246-0300] {dagbag.py:536} INFO - Filling up the DagBag from /mnt/c/Users/arcan/Documents/airflow/.venv/lib/python3.10/site-packages/airflow/example_dags/example_bash_operator.py
[2025-06-16T10:55:36.287-0300] {processor.py:839} INFO - DAG(s) dict_keys(['example_bash_operator']) retrieved from /mnt/c/Users/arcan/Documents/airflow/.venv/lib/python3.10/site-packages/airflow/example_dags/example_bash_operator.py
[2025-06-16T10:55:36.328-0300] {logging_mixin.py:154} INFO - [2025-06-16T10:55:36.328-0300] {dag.py:2941} INFO - Sync 1 DAGs
[2025-06-16T10:55:36.356-0300] {logging_mixin.py:154} INFO - [2025-06-16T10:55:36.355-0300] {dag.py:3722} INFO - Setting next_dagrun for example_bash_operator to 2025-06-15T00:00:00+00:00, run_after=2025-06-16T00:00:00+00:00
[2025-06-16T10:55:36.436-0300] {processor.py:179} INFO - Processing /mnt/c/Users/arcan/Documents/airflow/.venv/lib/python3.10/site-packages/airflow/example_dags/example_bash_operator.py took 0.196 seconds
[2025-06-16T10:56:39.141-0300] {processor.py:157} INFO - Started process (PID=43839) to work on /mnt/c/Users/arcan/Documents/airflow/.venv/lib/python3.10/site-packages/airflow/example_dags/example_bash_operator.py
[2025-06-16T10:56:39.143-0300] {processor.py:829} INFO - Processing file /mnt/c/Users/arcan/Documents/airflow/.venv/lib/python3.10/site-packages/airflow/example_dags/example_bash_operator.py for tasks to queue
[2025-06-16T10:56:39.145-0300] {logging_mixin.py:154} INFO - [2025-06-16T10:56:39.145-0300] {dagbag.py:536} INFO - Filling up the DagBag from /mnt/c/Users/arcan/Documents/airflow/.venv/lib/python3.10/site-packages/airflow/example_dags/example_bash_operator.py
[2025-06-16T10:56:39.189-0300] {processor.py:839} INFO - DAG(s) dict_keys(['example_bash_operator']) retrieved from /mnt/c/Users/arcan/Documents/airflow/.venv/lib/python3.10/site-packages/airflow/example_dags/example_bash_operator.py
[2025-06-16T10:56:39.239-0300] {logging_mixin.py:154} INFO - [2025-06-16T10:56:39.238-0300] {dag.py:2941} INFO - Sync 1 DAGs
[2025-06-16T10:56:39.271-0300] {logging_mixin.py:154} INFO - [2025-06-16T10:56:39.271-0300] {dag.py:3722} INFO - Setting next_dagrun for example_bash_operator to 2025-06-15T00:00:00+00:00, run_after=2025-06-16T00:00:00+00:00
[2025-06-16T10:56:39.357-0300] {processor.py:179} INFO - Processing /mnt/c/Users/arcan/Documents/airflow/.venv/lib/python3.10/site-packages/airflow/example_dags/example_bash_operator.py took 0.222 seconds
[2025-06-16T10:57:47.824-0300] {processor.py:157} INFO - Started process (PID=44031) to work on /mnt/c/Users/arcan/Documents/airflow/.venv/lib/python3.10/site-packages/airflow/example_dags/example_bash_operator.py
[2025-06-16T10:57:47.826-0300] {processor.py:829} INFO - Processing file /mnt/c/Users/arcan/Documents/airflow/.venv/lib/python3.10/site-packages/airflow/example_dags/example_bash_operator.py for tasks to queue
[2025-06-16T10:57:47.828-0300] {logging_mixin.py:154} INFO - [2025-06-16T10:57:47.827-0300] {dagbag.py:536} INFO - Filling up the DagBag from /mnt/c/Users/arcan/Documents/airflow/.venv/lib/python3.10/site-packages/airflow/example_dags/example_bash_operator.py
[2025-06-16T10:57:47.874-0300] {processor.py:839} INFO - DAG(s) dict_keys(['example_bash_operator']) retrieved from /mnt/c/Users/arcan/Documents/airflow/.venv/lib/python3.10/site-packages/airflow/example_dags/example_bash_operator.py
[2025-06-16T10:57:47.924-0300] {logging_mixin.py:154} INFO - [2025-06-16T10:57:47.924-0300] {dag.py:2941} INFO - Sync 1 DAGs
[2025-06-16T10:57:47.956-0300] {logging_mixin.py:154} INFO - [2025-06-16T10:57:47.955-0300] {dag.py:3722} INFO - Setting next_dagrun for example_bash_operator to 2025-06-15T00:00:00+00:00, run_after=2025-06-16T00:00:00+00:00
[2025-06-16T10:57:48.036-0300] {processor.py:179} INFO - Processing /mnt/c/Users/arcan/Documents/airflow/.venv/lib/python3.10/site-packages/airflow/example_dags/example_bash_operator.py took 0.216 seconds
[2025-06-16T10:59:03.541-0300] {processor.py:157} INFO - Started process (PID=44368) to work on /mnt/c/Users/arcan/Documents/airflow/.venv/lib/python3.10/site-packages/airflow/example_dags/example_bash_operator.py
[2025-06-16T10:59:03.542-0300] {processor.py:829} INFO - Processing file /mnt/c/Users/arcan/Documents/airflow/.venv/lib/python3.10/site-packages/airflow/example_dags/example_bash_operator.py for tasks to queue
[2025-06-16T10:59:03.544-0300] {logging_mixin.py:154} INFO - [2025-06-16T10:59:03.543-0300] {dagbag.py:536} INFO - Filling up the DagBag from /mnt/c/Users/arcan/Documents/airflow/.venv/lib/python3.10/site-packages/airflow/example_dags/example_bash_operator.py
[2025-06-16T10:59:03.595-0300] {processor.py:839} INFO - DAG(s) dict_keys(['example_bash_operator']) retrieved from /mnt/c/Users/arcan/Documents/airflow/.venv/lib/python3.10/site-packages/airflow/example_dags/example_bash_operator.py
[2025-06-16T10:59:03.643-0300] {logging_mixin.py:154} INFO - [2025-06-16T10:59:03.642-0300] {dag.py:2941} INFO - Sync 1 DAGs
[2025-06-16T10:59:03.675-0300] {logging_mixin.py:154} INFO - [2025-06-16T10:59:03.675-0300] {dag.py:3722} INFO - Setting next_dagrun for example_bash_operator to 2025-06-15T00:00:00+00:00, run_after=2025-06-16T00:00:00+00:00
[2025-06-16T10:59:03.769-0300] {processor.py:179} INFO - Processing /mnt/c/Users/arcan/Documents/airflow/.venv/lib/python3.10/site-packages/airflow/example_dags/example_bash_operator.py took 0.233 seconds
[2025-06-16T11:00:11.035-0300] {processor.py:157} INFO - Started process (PID=44564) to work on /mnt/c/Users/arcan/Documents/airflow/.venv/lib/python3.10/site-packages/airflow/example_dags/example_bash_operator.py
[2025-06-16T11:00:11.037-0300] {processor.py:829} INFO - Processing file /mnt/c/Users/arcan/Documents/airflow/.venv/lib/python3.10/site-packages/airflow/example_dags/example_bash_operator.py for tasks to queue
[2025-06-16T11:00:11.039-0300] {logging_mixin.py:154} INFO - [2025-06-16T11:00:11.038-0300] {dagbag.py:536} INFO - Filling up the DagBag from /mnt/c/Users/arcan/Documents/airflow/.venv/lib/python3.10/site-packages/airflow/example_dags/example_bash_operator.py
[2025-06-16T11:00:11.078-0300] {processor.py:839} INFO - DAG(s) dict_keys(['example_bash_operator']) retrieved from /mnt/c/Users/arcan/Documents/airflow/.venv/lib/python3.10/site-packages/airflow/example_dags/example_bash_operator.py
[2025-06-16T11:00:11.125-0300] {logging_mixin.py:154} INFO - [2025-06-16T11:00:11.125-0300] {dag.py:2941} INFO - Sync 1 DAGs
[2025-06-16T11:00:11.157-0300] {logging_mixin.py:154} INFO - [2025-06-16T11:00:11.157-0300] {dag.py:3722} INFO - Setting next_dagrun for example_bash_operator to 2025-06-15T00:00:00+00:00, run_after=2025-06-16T00:00:00+00:00
[2025-06-16T11:00:11.240-0300] {processor.py:179} INFO - Processing /mnt/c/Users/arcan/Documents/airflow/.venv/lib/python3.10/site-packages/airflow/example_dags/example_bash_operator.py took 0.208 seconds
[2025-06-16T11:01:24.289-0300] {processor.py:157} INFO - Started process (PID=44772) to work on /mnt/c/Users/arcan/Documents/airflow/.venv/lib/python3.10/site-packages/airflow/example_dags/example_bash_operator.py
[2025-06-16T11:01:24.291-0300] {processor.py:829} INFO - Processing file /mnt/c/Users/arcan/Documents/airflow/.venv/lib/python3.10/site-packages/airflow/example_dags/example_bash_operator.py for tasks to queue
[2025-06-16T11:01:24.292-0300] {logging_mixin.py:154} INFO - [2025-06-16T11:01:24.292-0300] {dagbag.py:536} INFO - Filling up the DagBag from /mnt/c/Users/arcan/Documents/airflow/.venv/lib/python3.10/site-packages/airflow/example_dags/example_bash_operator.py
[2025-06-16T11:01:24.336-0300] {processor.py:839} INFO - DAG(s) dict_keys(['example_bash_operator']) retrieved from /mnt/c/Users/arcan/Documents/airflow/.venv/lib/python3.10/site-packages/airflow/example_dags/example_bash_operator.py
[2025-06-16T11:01:24.383-0300] {logging_mixin.py:154} INFO - [2025-06-16T11:01:24.383-0300] {dag.py:2941} INFO - Sync 1 DAGs
[2025-06-16T11:01:24.413-0300] {logging_mixin.py:154} INFO - [2025-06-16T11:01:24.413-0300] {dag.py:3722} INFO - Setting next_dagrun for example_bash_operator to 2025-06-15T00:00:00+00:00, run_after=2025-06-16T00:00:00+00:00
[2025-06-16T11:01:24.499-0300] {processor.py:179} INFO - Processing /mnt/c/Users/arcan/Documents/airflow/.venv/lib/python3.10/site-packages/airflow/example_dags/example_bash_operator.py took 0.214 seconds
[2025-06-16T11:02:30.184-0300] {processor.py:157} INFO - Started process (PID=44965) to work on /mnt/c/Users/arcan/Documents/airflow/.venv/lib/python3.10/site-packages/airflow/example_dags/example_bash_operator.py
[2025-06-16T11:02:30.185-0300] {processor.py:829} INFO - Processing file /mnt/c/Users/arcan/Documents/airflow/.venv/lib/python3.10/site-packages/airflow/example_dags/example_bash_operator.py for tasks to queue
[2025-06-16T11:02:30.187-0300] {logging_mixin.py:154} INFO - [2025-06-16T11:02:30.187-0300] {dagbag.py:536} INFO - Filling up the DagBag from /mnt/c/Users/arcan/Documents/airflow/.venv/lib/python3.10/site-packages/airflow/example_dags/example_bash_operator.py
[2025-06-16T11:02:30.232-0300] {processor.py:839} INFO - DAG(s) dict_keys(['example_bash_operator']) retrieved from /mnt/c/Users/arcan/Documents/airflow/.venv/lib/python3.10/site-packages/airflow/example_dags/example_bash_operator.py
[2025-06-16T11:02:30.278-0300] {logging_mixin.py:154} INFO - [2025-06-16T11:02:30.277-0300] {dag.py:2941} INFO - Sync 1 DAGs
[2025-06-16T11:02:30.308-0300] {logging_mixin.py:154} INFO - [2025-06-16T11:02:30.308-0300] {dag.py:3722} INFO - Setting next_dagrun for example_bash_operator to 2025-06-15T00:00:00+00:00, run_after=2025-06-16T00:00:00+00:00
[2025-06-16T11:02:30.392-0300] {processor.py:179} INFO - Processing /mnt/c/Users/arcan/Documents/airflow/.venv/lib/python3.10/site-packages/airflow/example_dags/example_bash_operator.py took 0.213 seconds
[2025-06-16T11:04:00.088-0300] {processor.py:157} INFO - Started process (PID=45230) to work on /mnt/c/Users/arcan/Documents/airflow/.venv/lib/python3.10/site-packages/airflow/example_dags/example_bash_operator.py
[2025-06-16T11:04:00.090-0300] {processor.py:829} INFO - Processing file /mnt/c/Users/arcan/Documents/airflow/.venv/lib/python3.10/site-packages/airflow/example_dags/example_bash_operator.py for tasks to queue
[2025-06-16T11:04:00.092-0300] {logging_mixin.py:154} INFO - [2025-06-16T11:04:00.091-0300] {dagbag.py:536} INFO - Filling up the DagBag from /mnt/c/Users/arcan/Documents/airflow/.venv/lib/python3.10/site-packages/airflow/example_dags/example_bash_operator.py
[2025-06-16T11:04:00.131-0300] {processor.py:839} INFO - DAG(s) dict_keys(['example_bash_operator']) retrieved from /mnt/c/Users/arcan/Documents/airflow/.venv/lib/python3.10/site-packages/airflow/example_dags/example_bash_operator.py
[2025-06-16T11:04:00.184-0300] {logging_mixin.py:154} INFO - [2025-06-16T11:04:00.183-0300] {dag.py:2941} INFO - Sync 1 DAGs
[2025-06-16T11:04:00.216-0300] {logging_mixin.py:154} INFO - [2025-06-16T11:04:00.216-0300] {dag.py:3722} INFO - Setting next_dagrun for example_bash_operator to 2025-06-15T00:00:00+00:00, run_after=2025-06-16T00:00:00+00:00
[2025-06-16T11:04:00.305-0300] {processor.py:179} INFO - Processing /mnt/c/Users/arcan/Documents/airflow/.venv/lib/python3.10/site-packages/airflow/example_dags/example_bash_operator.py took 0.221 seconds
[2025-06-16T11:04:59.146-0300] {processor.py:157} INFO - Started process (PID=45403) to work on /mnt/c/Users/arcan/Documents/airflow/.venv/lib/python3.10/site-packages/airflow/example_dags/example_bash_operator.py
[2025-06-16T11:04:59.148-0300] {processor.py:829} INFO - Processing file /mnt/c/Users/arcan/Documents/airflow/.venv/lib/python3.10/site-packages/airflow/example_dags/example_bash_operator.py for tasks to queue
[2025-06-16T11:04:59.150-0300] {logging_mixin.py:154} INFO - [2025-06-16T11:04:59.149-0300] {dagbag.py:536} INFO - Filling up the DagBag from /mnt/c/Users/arcan/Documents/airflow/.venv/lib/python3.10/site-packages/airflow/example_dags/example_bash_operator.py
[2025-06-16T11:04:59.190-0300] {processor.py:839} INFO - DAG(s) dict_keys(['example_bash_operator']) retrieved from /mnt/c/Users/arcan/Documents/airflow/.venv/lib/python3.10/site-packages/airflow/example_dags/example_bash_operator.py
[2025-06-16T11:04:59.236-0300] {logging_mixin.py:154} INFO - [2025-06-16T11:04:59.236-0300] {dag.py:2941} INFO - Sync 1 DAGs
[2025-06-16T11:04:59.265-0300] {logging_mixin.py:154} INFO - [2025-06-16T11:04:59.265-0300] {dag.py:3722} INFO - Setting next_dagrun for example_bash_operator to 2025-06-15T00:00:00+00:00, run_after=2025-06-16T00:00:00+00:00
[2025-06-16T11:04:59.352-0300] {processor.py:179} INFO - Processing /mnt/c/Users/arcan/Documents/airflow/.venv/lib/python3.10/site-packages/airflow/example_dags/example_bash_operator.py took 0.209 seconds
[2025-06-16T11:06:05.851-0300] {processor.py:157} INFO - Started process (PID=45719) to work on /mnt/c/Users/arcan/Documents/airflow/.venv/lib/python3.10/site-packages/airflow/example_dags/example_bash_operator.py
[2025-06-16T11:06:05.853-0300] {processor.py:829} INFO - Processing file /mnt/c/Users/arcan/Documents/airflow/.venv/lib/python3.10/site-packages/airflow/example_dags/example_bash_operator.py for tasks to queue
[2025-06-16T11:06:05.855-0300] {logging_mixin.py:154} INFO - [2025-06-16T11:06:05.854-0300] {dagbag.py:536} INFO - Filling up the DagBag from /mnt/c/Users/arcan/Documents/airflow/.venv/lib/python3.10/site-packages/airflow/example_dags/example_bash_operator.py
[2025-06-16T11:06:05.902-0300] {processor.py:839} INFO - DAG(s) dict_keys(['example_bash_operator']) retrieved from /mnt/c/Users/arcan/Documents/airflow/.venv/lib/python3.10/site-packages/airflow/example_dags/example_bash_operator.py
[2025-06-16T11:06:05.956-0300] {logging_mixin.py:154} INFO - [2025-06-16T11:06:05.956-0300] {dag.py:2941} INFO - Sync 1 DAGs
[2025-06-16T11:06:05.991-0300] {logging_mixin.py:154} INFO - [2025-06-16T11:06:05.990-0300] {dag.py:3722} INFO - Setting next_dagrun for example_bash_operator to 2025-06-15T00:00:00+00:00, run_after=2025-06-16T00:00:00+00:00
[2025-06-16T11:06:06.080-0300] {processor.py:179} INFO - Processing /mnt/c/Users/arcan/Documents/airflow/.venv/lib/python3.10/site-packages/airflow/example_dags/example_bash_operator.py took 0.233 seconds
[2025-06-16T11:07:12.640-0300] {processor.py:157} INFO - Started process (PID=45912) to work on /mnt/c/Users/arcan/Documents/airflow/.venv/lib/python3.10/site-packages/airflow/example_dags/example_bash_operator.py
[2025-06-16T11:07:12.642-0300] {processor.py:829} INFO - Processing file /mnt/c/Users/arcan/Documents/airflow/.venv/lib/python3.10/site-packages/airflow/example_dags/example_bash_operator.py for tasks to queue
[2025-06-16T11:07:12.643-0300] {logging_mixin.py:154} INFO - [2025-06-16T11:07:12.642-0300] {dagbag.py:536} INFO - Filling up the DagBag from /mnt/c/Users/arcan/Documents/airflow/.venv/lib/python3.10/site-packages/airflow/example_dags/example_bash_operator.py
[2025-06-16T11:07:12.686-0300] {processor.py:839} INFO - DAG(s) dict_keys(['example_bash_operator']) retrieved from /mnt/c/Users/arcan/Documents/airflow/.venv/lib/python3.10/site-packages/airflow/example_dags/example_bash_operator.py
[2025-06-16T11:07:12.738-0300] {logging_mixin.py:154} INFO - [2025-06-16T11:07:12.738-0300] {dag.py:2941} INFO - Sync 1 DAGs
[2025-06-16T11:07:12.768-0300] {logging_mixin.py:154} INFO - [2025-06-16T11:07:12.768-0300] {dag.py:3722} INFO - Setting next_dagrun for example_bash_operator to 2025-06-15T00:00:00+00:00, run_after=2025-06-16T00:00:00+00:00
[2025-06-16T11:07:12.856-0300] {processor.py:179} INFO - Processing /mnt/c/Users/arcan/Documents/airflow/.venv/lib/python3.10/site-packages/airflow/example_dags/example_bash_operator.py took 0.220 seconds
[2025-06-16T11:08:15.835-0300] {processor.py:157} INFO - Started process (PID=46094) to work on /mnt/c/Users/arcan/Documents/airflow/.venv/lib/python3.10/site-packages/airflow/example_dags/example_bash_operator.py
[2025-06-16T11:08:15.837-0300] {processor.py:829} INFO - Processing file /mnt/c/Users/arcan/Documents/airflow/.venv/lib/python3.10/site-packages/airflow/example_dags/example_bash_operator.py for tasks to queue
[2025-06-16T11:08:15.839-0300] {logging_mixin.py:154} INFO - [2025-06-16T11:08:15.838-0300] {dagbag.py:536} INFO - Filling up the DagBag from /mnt/c/Users/arcan/Documents/airflow/.venv/lib/python3.10/site-packages/airflow/example_dags/example_bash_operator.py
[2025-06-16T11:08:15.886-0300] {processor.py:839} INFO - DAG(s) dict_keys(['example_bash_operator']) retrieved from /mnt/c/Users/arcan/Documents/airflow/.venv/lib/python3.10/site-packages/airflow/example_dags/example_bash_operator.py
[2025-06-16T11:08:15.936-0300] {logging_mixin.py:154} INFO - [2025-06-16T11:08:15.935-0300] {dag.py:2941} INFO - Sync 1 DAGs
[2025-06-16T11:08:15.966-0300] {logging_mixin.py:154} INFO - [2025-06-16T11:08:15.965-0300] {dag.py:3722} INFO - Setting next_dagrun for example_bash_operator to 2025-06-15T00:00:00+00:00, run_after=2025-06-16T00:00:00+00:00
[2025-06-16T11:08:16.056-0300] {processor.py:179} INFO - Processing /mnt/c/Users/arcan/Documents/airflow/.venv/lib/python3.10/site-packages/airflow/example_dags/example_bash_operator.py took 0.224 seconds
[2025-06-16T11:09:18.465-0300] {processor.py:157} INFO - Started process (PID=46278) to work on /mnt/c/Users/arcan/Documents/airflow/.venv/lib/python3.10/site-packages/airflow/example_dags/example_bash_operator.py
[2025-06-16T11:09:18.468-0300] {processor.py:829} INFO - Processing file /mnt/c/Users/arcan/Documents/airflow/.venv/lib/python3.10/site-packages/airflow/example_dags/example_bash_operator.py for tasks to queue
[2025-06-16T11:09:18.469-0300] {logging_mixin.py:154} INFO - [2025-06-16T11:09:18.469-0300] {dagbag.py:536} INFO - Filling up the DagBag from /mnt/c/Users/arcan/Documents/airflow/.venv/lib/python3.10/site-packages/airflow/example_dags/example_bash_operator.py
[2025-06-16T11:09:18.517-0300] {processor.py:839} INFO - DAG(s) dict_keys(['example_bash_operator']) retrieved from /mnt/c/Users/arcan/Documents/airflow/.venv/lib/python3.10/site-packages/airflow/example_dags/example_bash_operator.py
[2025-06-16T11:09:18.559-0300] {logging_mixin.py:154} INFO - [2025-06-16T11:09:18.559-0300] {dag.py:2941} INFO - Sync 1 DAGs
[2025-06-16T11:09:18.588-0300] {logging_mixin.py:154} INFO - [2025-06-16T11:09:18.588-0300] {dag.py:3722} INFO - Setting next_dagrun for example_bash_operator to 2025-06-15T00:00:00+00:00, run_after=2025-06-16T00:00:00+00:00
[2025-06-16T11:09:18.679-0300] {processor.py:179} INFO - Processing /mnt/c/Users/arcan/Documents/airflow/.venv/lib/python3.10/site-packages/airflow/example_dags/example_bash_operator.py took 0.218 seconds
[2025-06-16T11:10:18.731-0300] {processor.py:157} INFO - Started process (PID=46455) to work on /mnt/c/Users/arcan/Documents/airflow/.venv/lib/python3.10/site-packages/airflow/example_dags/example_bash_operator.py
[2025-06-16T11:10:18.733-0300] {processor.py:829} INFO - Processing file /mnt/c/Users/arcan/Documents/airflow/.venv/lib/python3.10/site-packages/airflow/example_dags/example_bash_operator.py for tasks to queue
[2025-06-16T11:10:18.734-0300] {logging_mixin.py:154} INFO - [2025-06-16T11:10:18.734-0300] {dagbag.py:536} INFO - Filling up the DagBag from /mnt/c/Users/arcan/Documents/airflow/.venv/lib/python3.10/site-packages/airflow/example_dags/example_bash_operator.py
[2025-06-16T11:10:18.776-0300] {processor.py:839} INFO - DAG(s) dict_keys(['example_bash_operator']) retrieved from /mnt/c/Users/arcan/Documents/airflow/.venv/lib/python3.10/site-packages/airflow/example_dags/example_bash_operator.py
[2025-06-16T11:10:18.826-0300] {logging_mixin.py:154} INFO - [2025-06-16T11:10:18.826-0300] {dag.py:2941} INFO - Sync 1 DAGs
[2025-06-16T11:10:18.860-0300] {logging_mixin.py:154} INFO - [2025-06-16T11:10:18.860-0300] {dag.py:3722} INFO - Setting next_dagrun for example_bash_operator to 2025-06-15T00:00:00+00:00, run_after=2025-06-16T00:00:00+00:00
[2025-06-16T11:10:18.952-0300] {processor.py:179} INFO - Processing /mnt/c/Users/arcan/Documents/airflow/.venv/lib/python3.10/site-packages/airflow/example_dags/example_bash_operator.py took 0.225 seconds
[2025-06-16T11:11:22.453-0300] {processor.py:157} INFO - Started process (PID=46639) to work on /mnt/c/Users/arcan/Documents/airflow/.venv/lib/python3.10/site-packages/airflow/example_dags/example_bash_operator.py
[2025-06-16T11:11:22.455-0300] {processor.py:829} INFO - Processing file /mnt/c/Users/arcan/Documents/airflow/.venv/lib/python3.10/site-packages/airflow/example_dags/example_bash_operator.py for tasks to queue
[2025-06-16T11:11:22.457-0300] {logging_mixin.py:154} INFO - [2025-06-16T11:11:22.456-0300] {dagbag.py:536} INFO - Filling up the DagBag from /mnt/c/Users/arcan/Documents/airflow/.venv/lib/python3.10/site-packages/airflow/example_dags/example_bash_operator.py
[2025-06-16T11:11:22.498-0300] {processor.py:839} INFO - DAG(s) dict_keys(['example_bash_operator']) retrieved from /mnt/c/Users/arcan/Documents/airflow/.venv/lib/python3.10/site-packages/airflow/example_dags/example_bash_operator.py
[2025-06-16T11:11:22.547-0300] {logging_mixin.py:154} INFO - [2025-06-16T11:11:22.547-0300] {dag.py:2941} INFO - Sync 1 DAGs
[2025-06-16T11:11:22.580-0300] {logging_mixin.py:154} INFO - [2025-06-16T11:11:22.580-0300] {dag.py:3722} INFO - Setting next_dagrun for example_bash_operator to 2025-06-15T00:00:00+00:00, run_after=2025-06-16T00:00:00+00:00
[2025-06-16T11:11:22.669-0300] {processor.py:179} INFO - Processing /mnt/c/Users/arcan/Documents/airflow/.venv/lib/python3.10/site-packages/airflow/example_dags/example_bash_operator.py took 0.221 seconds
[2025-06-16T11:12:30.873-0300] {processor.py:157} INFO - Started process (PID=46832) to work on /mnt/c/Users/arcan/Documents/airflow/.venv/lib/python3.10/site-packages/airflow/example_dags/example_bash_operator.py
[2025-06-16T11:12:30.875-0300] {processor.py:829} INFO - Processing file /mnt/c/Users/arcan/Documents/airflow/.venv/lib/python3.10/site-packages/airflow/example_dags/example_bash_operator.py for tasks to queue
[2025-06-16T11:12:30.877-0300] {logging_mixin.py:154} INFO - [2025-06-16T11:12:30.876-0300] {dagbag.py:536} INFO - Filling up the DagBag from /mnt/c/Users/arcan/Documents/airflow/.venv/lib/python3.10/site-packages/airflow/example_dags/example_bash_operator.py
[2025-06-16T11:12:30.927-0300] {processor.py:839} INFO - DAG(s) dict_keys(['example_bash_operator']) retrieved from /mnt/c/Users/arcan/Documents/airflow/.venv/lib/python3.10/site-packages/airflow/example_dags/example_bash_operator.py
[2025-06-16T11:12:30.990-0300] {logging_mixin.py:154} INFO - [2025-06-16T11:12:30.990-0300] {dag.py:2941} INFO - Sync 1 DAGs
[2025-06-16T11:12:31.023-0300] {logging_mixin.py:154} INFO - [2025-06-16T11:12:31.023-0300] {dag.py:3722} INFO - Setting next_dagrun for example_bash_operator to 2025-06-15T00:00:00+00:00, run_after=2025-06-16T00:00:00+00:00
[2025-06-16T11:12:31.108-0300] {processor.py:179} INFO - Processing /mnt/c/Users/arcan/Documents/airflow/.venv/lib/python3.10/site-packages/airflow/example_dags/example_bash_operator.py took 0.241 seconds
[2025-06-16T11:13:36.305-0300] {processor.py:157} INFO - Started process (PID=47144) to work on /mnt/c/Users/arcan/Documents/airflow/.venv/lib/python3.10/site-packages/airflow/example_dags/example_bash_operator.py
[2025-06-16T11:13:36.307-0300] {processor.py:829} INFO - Processing file /mnt/c/Users/arcan/Documents/airflow/.venv/lib/python3.10/site-packages/airflow/example_dags/example_bash_operator.py for tasks to queue
[2025-06-16T11:13:36.309-0300] {logging_mixin.py:154} INFO - [2025-06-16T11:13:36.308-0300] {dagbag.py:536} INFO - Filling up the DagBag from /mnt/c/Users/arcan/Documents/airflow/.venv/lib/python3.10/site-packages/airflow/example_dags/example_bash_operator.py
[2025-06-16T11:13:36.354-0300] {processor.py:839} INFO - DAG(s) dict_keys(['example_bash_operator']) retrieved from /mnt/c/Users/arcan/Documents/airflow/.venv/lib/python3.10/site-packages/airflow/example_dags/example_bash_operator.py
[2025-06-16T11:13:36.406-0300] {logging_mixin.py:154} INFO - [2025-06-16T11:13:36.406-0300] {dag.py:2941} INFO - Sync 1 DAGs
[2025-06-16T11:13:36.441-0300] {logging_mixin.py:154} INFO - [2025-06-16T11:13:36.441-0300] {dag.py:3722} INFO - Setting next_dagrun for example_bash_operator to 2025-06-15T00:00:00+00:00, run_after=2025-06-16T00:00:00+00:00
[2025-06-16T11:13:36.530-0300] {processor.py:179} INFO - Processing /mnt/c/Users/arcan/Documents/airflow/.venv/lib/python3.10/site-packages/airflow/example_dags/example_bash_operator.py took 0.229 seconds
[2025-06-16T11:14:39.388-0300] {processor.py:157} INFO - Started process (PID=47328) to work on /mnt/c/Users/arcan/Documents/airflow/.venv/lib/python3.10/site-packages/airflow/example_dags/example_bash_operator.py
[2025-06-16T11:14:39.390-0300] {processor.py:829} INFO - Processing file /mnt/c/Users/arcan/Documents/airflow/.venv/lib/python3.10/site-packages/airflow/example_dags/example_bash_operator.py for tasks to queue
[2025-06-16T11:14:39.392-0300] {logging_mixin.py:154} INFO - [2025-06-16T11:14:39.391-0300] {dagbag.py:536} INFO - Filling up the DagBag from /mnt/c/Users/arcan/Documents/airflow/.venv/lib/python3.10/site-packages/airflow/example_dags/example_bash_operator.py
[2025-06-16T11:14:39.437-0300] {processor.py:839} INFO - DAG(s) dict_keys(['example_bash_operator']) retrieved from /mnt/c/Users/arcan/Documents/airflow/.venv/lib/python3.10/site-packages/airflow/example_dags/example_bash_operator.py
[2025-06-16T11:14:39.491-0300] {logging_mixin.py:154} INFO - [2025-06-16T11:14:39.490-0300] {dag.py:2941} INFO - Sync 1 DAGs
[2025-06-16T11:14:39.523-0300] {logging_mixin.py:154} INFO - [2025-06-16T11:14:39.523-0300] {dag.py:3722} INFO - Setting next_dagrun for example_bash_operator to 2025-06-15T00:00:00+00:00, run_after=2025-06-16T00:00:00+00:00
[2025-06-16T11:14:39.617-0300] {processor.py:179} INFO - Processing /mnt/c/Users/arcan/Documents/airflow/.venv/lib/python3.10/site-packages/airflow/example_dags/example_bash_operator.py took 0.232 seconds
[2025-06-16T11:15:39.912-0300] {processor.py:157} INFO - Started process (PID=47506) to work on /mnt/c/Users/arcan/Documents/airflow/.venv/lib/python3.10/site-packages/airflow/example_dags/example_bash_operator.py
[2025-06-16T11:15:39.914-0300] {processor.py:829} INFO - Processing file /mnt/c/Users/arcan/Documents/airflow/.venv/lib/python3.10/site-packages/airflow/example_dags/example_bash_operator.py for tasks to queue
[2025-06-16T11:15:39.917-0300] {logging_mixin.py:154} INFO - [2025-06-16T11:15:39.916-0300] {dagbag.py:536} INFO - Filling up the DagBag from /mnt/c/Users/arcan/Documents/airflow/.venv/lib/python3.10/site-packages/airflow/example_dags/example_bash_operator.py
[2025-06-16T11:15:39.963-0300] {processor.py:839} INFO - DAG(s) dict_keys(['example_bash_operator']) retrieved from /mnt/c/Users/arcan/Documents/airflow/.venv/lib/python3.10/site-packages/airflow/example_dags/example_bash_operator.py
[2025-06-16T11:15:40.005-0300] {logging_mixin.py:154} INFO - [2025-06-16T11:15:40.004-0300] {dag.py:2941} INFO - Sync 1 DAGs
[2025-06-16T11:15:40.035-0300] {logging_mixin.py:154} INFO - [2025-06-16T11:15:40.034-0300] {dag.py:3722} INFO - Setting next_dagrun for example_bash_operator to 2025-06-15T00:00:00+00:00, run_after=2025-06-16T00:00:00+00:00
[2025-06-16T11:15:40.126-0300] {processor.py:179} INFO - Processing /mnt/c/Users/arcan/Documents/airflow/.venv/lib/python3.10/site-packages/airflow/example_dags/example_bash_operator.py took 0.217 seconds
[2025-06-16T11:16:45.610-0300] {processor.py:157} INFO - Started process (PID=47691) to work on /mnt/c/Users/arcan/Documents/airflow/.venv/lib/python3.10/site-packages/airflow/example_dags/example_bash_operator.py
[2025-06-16T11:16:45.612-0300] {processor.py:829} INFO - Processing file /mnt/c/Users/arcan/Documents/airflow/.venv/lib/python3.10/site-packages/airflow/example_dags/example_bash_operator.py for tasks to queue
[2025-06-16T11:16:45.614-0300] {logging_mixin.py:154} INFO - [2025-06-16T11:16:45.613-0300] {dagbag.py:536} INFO - Filling up the DagBag from /mnt/c/Users/arcan/Documents/airflow/.venv/lib/python3.10/site-packages/airflow/example_dags/example_bash_operator.py
[2025-06-16T11:16:45.658-0300] {processor.py:839} INFO - DAG(s) dict_keys(['example_bash_operator']) retrieved from /mnt/c/Users/arcan/Documents/airflow/.venv/lib/python3.10/site-packages/airflow/example_dags/example_bash_operator.py
[2025-06-16T11:16:45.703-0300] {logging_mixin.py:154} INFO - [2025-06-16T11:16:45.703-0300] {dag.py:2941} INFO - Sync 1 DAGs
[2025-06-16T11:16:45.736-0300] {logging_mixin.py:154} INFO - [2025-06-16T11:16:45.736-0300] {dag.py:3722} INFO - Setting next_dagrun for example_bash_operator to 2025-06-15T00:00:00+00:00, run_after=2025-06-16T00:00:00+00:00
[2025-06-16T11:16:45.823-0300] {processor.py:179} INFO - Processing /mnt/c/Users/arcan/Documents/airflow/.venv/lib/python3.10/site-packages/airflow/example_dags/example_bash_operator.py took 0.216 seconds
[2025-06-16T11:17:51.483-0300] {processor.py:157} INFO - Started process (PID=47889) to work on /mnt/c/Users/arcan/Documents/airflow/.venv/lib/python3.10/site-packages/airflow/example_dags/example_bash_operator.py
[2025-06-16T11:17:51.485-0300] {processor.py:829} INFO - Processing file /mnt/c/Users/arcan/Documents/airflow/.venv/lib/python3.10/site-packages/airflow/example_dags/example_bash_operator.py for tasks to queue
[2025-06-16T11:17:51.486-0300] {logging_mixin.py:154} INFO - [2025-06-16T11:17:51.486-0300] {dagbag.py:536} INFO - Filling up the DagBag from /mnt/c/Users/arcan/Documents/airflow/.venv/lib/python3.10/site-packages/airflow/example_dags/example_bash_operator.py
[2025-06-16T11:17:51.525-0300] {processor.py:839} INFO - DAG(s) dict_keys(['example_bash_operator']) retrieved from /mnt/c/Users/arcan/Documents/airflow/.venv/lib/python3.10/site-packages/airflow/example_dags/example_bash_operator.py
[2025-06-16T11:17:51.569-0300] {logging_mixin.py:154} INFO - [2025-06-16T11:17:51.569-0300] {dag.py:2941} INFO - Sync 1 DAGs
[2025-06-16T11:17:51.601-0300] {logging_mixin.py:154} INFO - [2025-06-16T11:17:51.601-0300] {dag.py:3722} INFO - Setting next_dagrun for example_bash_operator to 2025-06-15T00:00:00+00:00, run_after=2025-06-16T00:00:00+00:00
[2025-06-16T11:17:51.688-0300] {processor.py:179} INFO - Processing /mnt/c/Users/arcan/Documents/airflow/.venv/lib/python3.10/site-packages/airflow/example_dags/example_bash_operator.py took 0.209 seconds
[2025-06-16T11:18:56.102-0300] {processor.py:157} INFO - Started process (PID=48079) to work on /mnt/c/Users/arcan/Documents/airflow/.venv/lib/python3.10/site-packages/airflow/example_dags/example_bash_operator.py
[2025-06-16T11:18:56.104-0300] {processor.py:829} INFO - Processing file /mnt/c/Users/arcan/Documents/airflow/.venv/lib/python3.10/site-packages/airflow/example_dags/example_bash_operator.py for tasks to queue
[2025-06-16T11:18:56.106-0300] {logging_mixin.py:154} INFO - [2025-06-16T11:18:56.105-0300] {dagbag.py:536} INFO - Filling up the DagBag from /mnt/c/Users/arcan/Documents/airflow/.venv/lib/python3.10/site-packages/airflow/example_dags/example_bash_operator.py
[2025-06-16T11:18:56.149-0300] {processor.py:839} INFO - DAG(s) dict_keys(['example_bash_operator']) retrieved from /mnt/c/Users/arcan/Documents/airflow/.venv/lib/python3.10/site-packages/airflow/example_dags/example_bash_operator.py
[2025-06-16T11:18:56.196-0300] {logging_mixin.py:154} INFO - [2025-06-16T11:18:56.196-0300] {dag.py:2941} INFO - Sync 1 DAGs
[2025-06-16T11:18:56.234-0300] {logging_mixin.py:154} INFO - [2025-06-16T11:18:56.233-0300] {dag.py:3722} INFO - Setting next_dagrun for example_bash_operator to 2025-06-15T00:00:00+00:00, run_after=2025-06-16T00:00:00+00:00
[2025-06-16T11:18:56.331-0300] {processor.py:179} INFO - Processing /mnt/c/Users/arcan/Documents/airflow/.venv/lib/python3.10/site-packages/airflow/example_dags/example_bash_operator.py took 0.232 seconds
[2025-06-16T11:19:59.528-0300] {processor.py:157} INFO - Started process (PID=48266) to work on /mnt/c/Users/arcan/Documents/airflow/.venv/lib/python3.10/site-packages/airflow/example_dags/example_bash_operator.py
[2025-06-16T11:19:59.530-0300] {processor.py:829} INFO - Processing file /mnt/c/Users/arcan/Documents/airflow/.venv/lib/python3.10/site-packages/airflow/example_dags/example_bash_operator.py for tasks to queue
[2025-06-16T11:19:59.532-0300] {logging_mixin.py:154} INFO - [2025-06-16T11:19:59.531-0300] {dagbag.py:536} INFO - Filling up the DagBag from /mnt/c/Users/arcan/Documents/airflow/.venv/lib/python3.10/site-packages/airflow/example_dags/example_bash_operator.py
[2025-06-16T11:19:59.575-0300] {processor.py:839} INFO - DAG(s) dict_keys(['example_bash_operator']) retrieved from /mnt/c/Users/arcan/Documents/airflow/.venv/lib/python3.10/site-packages/airflow/example_dags/example_bash_operator.py
[2025-06-16T11:19:59.622-0300] {logging_mixin.py:154} INFO - [2025-06-16T11:19:59.622-0300] {dag.py:2941} INFO - Sync 1 DAGs
[2025-06-16T11:19:59.653-0300] {logging_mixin.py:154} INFO - [2025-06-16T11:19:59.653-0300] {dag.py:3722} INFO - Setting next_dagrun for example_bash_operator to 2025-06-15T00:00:00+00:00, run_after=2025-06-16T00:00:00+00:00
[2025-06-16T11:19:59.737-0300] {processor.py:179} INFO - Processing /mnt/c/Users/arcan/Documents/airflow/.venv/lib/python3.10/site-packages/airflow/example_dags/example_bash_operator.py took 0.212 seconds
[2025-06-16T11:21:30.707-0300] {processor.py:157} INFO - Started process (PID=48650) to work on /mnt/c/Users/arcan/Documents/airflow/.venv/lib/python3.10/site-packages/airflow/example_dags/example_bash_operator.py
[2025-06-16T11:21:30.709-0300] {processor.py:829} INFO - Processing file /mnt/c/Users/arcan/Documents/airflow/.venv/lib/python3.10/site-packages/airflow/example_dags/example_bash_operator.py for tasks to queue
[2025-06-16T11:21:30.710-0300] {logging_mixin.py:154} INFO - [2025-06-16T11:21:30.710-0300] {dagbag.py:536} INFO - Filling up the DagBag from /mnt/c/Users/arcan/Documents/airflow/.venv/lib/python3.10/site-packages/airflow/example_dags/example_bash_operator.py
[2025-06-16T11:21:30.759-0300] {processor.py:839} INFO - DAG(s) dict_keys(['example_bash_operator']) retrieved from /mnt/c/Users/arcan/Documents/airflow/.venv/lib/python3.10/site-packages/airflow/example_dags/example_bash_operator.py
[2025-06-16T11:21:30.804-0300] {logging_mixin.py:154} INFO - [2025-06-16T11:21:30.804-0300] {dag.py:2941} INFO - Sync 1 DAGs
[2025-06-16T11:21:30.832-0300] {logging_mixin.py:154} INFO - [2025-06-16T11:21:30.832-0300] {dag.py:3722} INFO - Setting next_dagrun for example_bash_operator to 2025-06-15T00:00:00+00:00, run_after=2025-06-16T00:00:00+00:00
[2025-06-16T11:21:30.928-0300] {processor.py:179} INFO - Processing /mnt/c/Users/arcan/Documents/airflow/.venv/lib/python3.10/site-packages/airflow/example_dags/example_bash_operator.py took 0.225 seconds
[2025-06-16T11:22:37.151-0300] {processor.py:157} INFO - Started process (PID=48843) to work on /mnt/c/Users/arcan/Documents/airflow/.venv/lib/python3.10/site-packages/airflow/example_dags/example_bash_operator.py
[2025-06-16T11:22:37.153-0300] {processor.py:829} INFO - Processing file /mnt/c/Users/arcan/Documents/airflow/.venv/lib/python3.10/site-packages/airflow/example_dags/example_bash_operator.py for tasks to queue
[2025-06-16T11:22:37.155-0300] {logging_mixin.py:154} INFO - [2025-06-16T11:22:37.155-0300] {dagbag.py:536} INFO - Filling up the DagBag from /mnt/c/Users/arcan/Documents/airflow/.venv/lib/python3.10/site-packages/airflow/example_dags/example_bash_operator.py
[2025-06-16T11:22:37.204-0300] {processor.py:839} INFO - DAG(s) dict_keys(['example_bash_operator']) retrieved from /mnt/c/Users/arcan/Documents/airflow/.venv/lib/python3.10/site-packages/airflow/example_dags/example_bash_operator.py
[2025-06-16T11:22:37.257-0300] {logging_mixin.py:154} INFO - [2025-06-16T11:22:37.256-0300] {dag.py:2941} INFO - Sync 1 DAGs
[2025-06-16T11:22:37.291-0300] {logging_mixin.py:154} INFO - [2025-06-16T11:22:37.291-0300] {dag.py:3722} INFO - Setting next_dagrun for example_bash_operator to 2025-06-15T00:00:00+00:00, run_after=2025-06-16T00:00:00+00:00
[2025-06-16T11:22:37.386-0300] {processor.py:179} INFO - Processing /mnt/c/Users/arcan/Documents/airflow/.venv/lib/python3.10/site-packages/airflow/example_dags/example_bash_operator.py took 0.239 seconds
[2025-06-16T11:24:04.480-0300] {processor.py:157} INFO - Started process (PID=49104) to work on /mnt/c/Users/arcan/Documents/airflow/.venv/lib/python3.10/site-packages/airflow/example_dags/example_bash_operator.py
[2025-06-16T11:24:04.482-0300] {processor.py:829} INFO - Processing file /mnt/c/Users/arcan/Documents/airflow/.venv/lib/python3.10/site-packages/airflow/example_dags/example_bash_operator.py for tasks to queue
[2025-06-16T11:24:04.483-0300] {logging_mixin.py:154} INFO - [2025-06-16T11:24:04.482-0300] {dagbag.py:536} INFO - Filling up the DagBag from /mnt/c/Users/arcan/Documents/airflow/.venv/lib/python3.10/site-packages/airflow/example_dags/example_bash_operator.py
[2025-06-16T11:24:04.525-0300] {processor.py:839} INFO - DAG(s) dict_keys(['example_bash_operator']) retrieved from /mnt/c/Users/arcan/Documents/airflow/.venv/lib/python3.10/site-packages/airflow/example_dags/example_bash_operator.py
[2025-06-16T11:24:04.582-0300] {logging_mixin.py:154} INFO - [2025-06-16T11:24:04.582-0300] {dag.py:2941} INFO - Sync 1 DAGs
[2025-06-16T11:24:04.614-0300] {logging_mixin.py:154} INFO - [2025-06-16T11:24:04.614-0300] {dag.py:3722} INFO - Setting next_dagrun for example_bash_operator to 2025-06-15T00:00:00+00:00, run_after=2025-06-16T00:00:00+00:00
[2025-06-16T11:24:04.697-0300] {processor.py:179} INFO - Processing /mnt/c/Users/arcan/Documents/airflow/.venv/lib/python3.10/site-packages/airflow/example_dags/example_bash_operator.py took 0.221 seconds
[2025-06-16T11:25:08.075-0300] {processor.py:157} INFO - Started process (PID=49289) to work on /mnt/c/Users/arcan/Documents/airflow/.venv/lib/python3.10/site-packages/airflow/example_dags/example_bash_operator.py
[2025-06-16T11:25:08.077-0300] {processor.py:829} INFO - Processing file /mnt/c/Users/arcan/Documents/airflow/.venv/lib/python3.10/site-packages/airflow/example_dags/example_bash_operator.py for tasks to queue
[2025-06-16T11:25:08.078-0300] {logging_mixin.py:154} INFO - [2025-06-16T11:25:08.078-0300] {dagbag.py:536} INFO - Filling up the DagBag from /mnt/c/Users/arcan/Documents/airflow/.venv/lib/python3.10/site-packages/airflow/example_dags/example_bash_operator.py
[2025-06-16T11:25:08.118-0300] {processor.py:839} INFO - DAG(s) dict_keys(['example_bash_operator']) retrieved from /mnt/c/Users/arcan/Documents/airflow/.venv/lib/python3.10/site-packages/airflow/example_dags/example_bash_operator.py
[2025-06-16T11:25:08.168-0300] {logging_mixin.py:154} INFO - [2025-06-16T11:25:08.167-0300] {dag.py:2941} INFO - Sync 1 DAGs
[2025-06-16T11:25:08.197-0300] {logging_mixin.py:154} INFO - [2025-06-16T11:25:08.196-0300] {dag.py:3722} INFO - Setting next_dagrun for example_bash_operator to 2025-06-15T00:00:00+00:00, run_after=2025-06-16T00:00:00+00:00
[2025-06-16T11:25:08.291-0300] {processor.py:179} INFO - Processing /mnt/c/Users/arcan/Documents/airflow/.venv/lib/python3.10/site-packages/airflow/example_dags/example_bash_operator.py took 0.220 seconds
[2025-06-16T11:26:10.756-0300] {processor.py:157} INFO - Started process (PID=49472) to work on /mnt/c/Users/arcan/Documents/airflow/.venv/lib/python3.10/site-packages/airflow/example_dags/example_bash_operator.py
[2025-06-16T11:26:10.757-0300] {processor.py:829} INFO - Processing file /mnt/c/Users/arcan/Documents/airflow/.venv/lib/python3.10/site-packages/airflow/example_dags/example_bash_operator.py for tasks to queue
[2025-06-16T11:26:10.759-0300] {logging_mixin.py:154} INFO - [2025-06-16T11:26:10.758-0300] {dagbag.py:536} INFO - Filling up the DagBag from /mnt/c/Users/arcan/Documents/airflow/.venv/lib/python3.10/site-packages/airflow/example_dags/example_bash_operator.py
[2025-06-16T11:26:10.799-0300] {processor.py:839} INFO - DAG(s) dict_keys(['example_bash_operator']) retrieved from /mnt/c/Users/arcan/Documents/airflow/.venv/lib/python3.10/site-packages/airflow/example_dags/example_bash_operator.py
[2025-06-16T11:26:10.845-0300] {logging_mixin.py:154} INFO - [2025-06-16T11:26:10.845-0300] {dag.py:2941} INFO - Sync 1 DAGs
[2025-06-16T11:26:10.873-0300] {logging_mixin.py:154} INFO - [2025-06-16T11:26:10.873-0300] {dag.py:3722} INFO - Setting next_dagrun for example_bash_operator to 2025-06-15T00:00:00+00:00, run_after=2025-06-16T00:00:00+00:00
[2025-06-16T11:26:10.962-0300] {processor.py:179} INFO - Processing /mnt/c/Users/arcan/Documents/airflow/.venv/lib/python3.10/site-packages/airflow/example_dags/example_bash_operator.py took 0.211 seconds
[2025-06-16T11:27:16.106-0300] {processor.py:157} INFO - Started process (PID=49662) to work on /mnt/c/Users/arcan/Documents/airflow/.venv/lib/python3.10/site-packages/airflow/example_dags/example_bash_operator.py
[2025-06-16T11:27:16.108-0300] {processor.py:829} INFO - Processing file /mnt/c/Users/arcan/Documents/airflow/.venv/lib/python3.10/site-packages/airflow/example_dags/example_bash_operator.py for tasks to queue
[2025-06-16T11:27:16.109-0300] {logging_mixin.py:154} INFO - [2025-06-16T11:27:16.109-0300] {dagbag.py:536} INFO - Filling up the DagBag from /mnt/c/Users/arcan/Documents/airflow/.venv/lib/python3.10/site-packages/airflow/example_dags/example_bash_operator.py
[2025-06-16T11:27:16.149-0300] {processor.py:839} INFO - DAG(s) dict_keys(['example_bash_operator']) retrieved from /mnt/c/Users/arcan/Documents/airflow/.venv/lib/python3.10/site-packages/airflow/example_dags/example_bash_operator.py
[2025-06-16T11:27:16.206-0300] {logging_mixin.py:154} INFO - [2025-06-16T11:27:16.205-0300] {dag.py:2941} INFO - Sync 1 DAGs
[2025-06-16T11:27:16.238-0300] {logging_mixin.py:154} INFO - [2025-06-16T11:27:16.237-0300] {dag.py:3722} INFO - Setting next_dagrun for example_bash_operator to 2025-06-15T00:00:00+00:00, run_after=2025-06-16T00:00:00+00:00
[2025-06-16T11:27:16.331-0300] {processor.py:179} INFO - Processing /mnt/c/Users/arcan/Documents/airflow/.venv/lib/python3.10/site-packages/airflow/example_dags/example_bash_operator.py took 0.230 seconds
[2025-06-16T11:28:22.054-0300] {processor.py:157} INFO - Started process (PID=49976) to work on /mnt/c/Users/arcan/Documents/airflow/.venv/lib/python3.10/site-packages/airflow/example_dags/example_bash_operator.py
[2025-06-16T11:28:22.055-0300] {processor.py:829} INFO - Processing file /mnt/c/Users/arcan/Documents/airflow/.venv/lib/python3.10/site-packages/airflow/example_dags/example_bash_operator.py for tasks to queue
[2025-06-16T11:28:22.057-0300] {logging_mixin.py:154} INFO - [2025-06-16T11:28:22.056-0300] {dagbag.py:536} INFO - Filling up the DagBag from /mnt/c/Users/arcan/Documents/airflow/.venv/lib/python3.10/site-packages/airflow/example_dags/example_bash_operator.py
[2025-06-16T11:28:22.096-0300] {processor.py:839} INFO - DAG(s) dict_keys(['example_bash_operator']) retrieved from /mnt/c/Users/arcan/Documents/airflow/.venv/lib/python3.10/site-packages/airflow/example_dags/example_bash_operator.py
[2025-06-16T11:28:22.147-0300] {logging_mixin.py:154} INFO - [2025-06-16T11:28:22.146-0300] {dag.py:2941} INFO - Sync 1 DAGs
[2025-06-16T11:28:22.181-0300] {logging_mixin.py:154} INFO - [2025-06-16T11:28:22.181-0300] {dag.py:3722} INFO - Setting next_dagrun for example_bash_operator to 2025-06-15T00:00:00+00:00, run_after=2025-06-16T00:00:00+00:00
[2025-06-16T11:28:22.273-0300] {processor.py:179} INFO - Processing /mnt/c/Users/arcan/Documents/airflow/.venv/lib/python3.10/site-packages/airflow/example_dags/example_bash_operator.py took 0.223 seconds
[2025-06-16T11:29:29.574-0300] {processor.py:157} INFO - Started process (PID=50176) to work on /mnt/c/Users/arcan/Documents/airflow/.venv/lib/python3.10/site-packages/airflow/example_dags/example_bash_operator.py
[2025-06-16T11:29:29.577-0300] {processor.py:829} INFO - Processing file /mnt/c/Users/arcan/Documents/airflow/.venv/lib/python3.10/site-packages/airflow/example_dags/example_bash_operator.py for tasks to queue
[2025-06-16T11:29:29.579-0300] {logging_mixin.py:154} INFO - [2025-06-16T11:29:29.578-0300] {dagbag.py:536} INFO - Filling up the DagBag from /mnt/c/Users/arcan/Documents/airflow/.venv/lib/python3.10/site-packages/airflow/example_dags/example_bash_operator.py
[2025-06-16T11:29:29.623-0300] {processor.py:839} INFO - DAG(s) dict_keys(['example_bash_operator']) retrieved from /mnt/c/Users/arcan/Documents/airflow/.venv/lib/python3.10/site-packages/airflow/example_dags/example_bash_operator.py
[2025-06-16T11:29:29.671-0300] {logging_mixin.py:154} INFO - [2025-06-16T11:29:29.671-0300] {dag.py:2941} INFO - Sync 1 DAGs
[2025-06-16T11:29:29.701-0300] {logging_mixin.py:154} INFO - [2025-06-16T11:29:29.701-0300] {dag.py:3722} INFO - Setting next_dagrun for example_bash_operator to 2025-06-15T00:00:00+00:00, run_after=2025-06-16T00:00:00+00:00
[2025-06-16T11:29:29.799-0300] {processor.py:179} INFO - Processing /mnt/c/Users/arcan/Documents/airflow/.venv/lib/python3.10/site-packages/airflow/example_dags/example_bash_operator.py took 0.229 seconds
[2025-06-16T11:30:31.637-0300] {processor.py:157} INFO - Started process (PID=50359) to work on /mnt/c/Users/arcan/Documents/airflow/.venv/lib/python3.10/site-packages/airflow/example_dags/example_bash_operator.py
[2025-06-16T11:30:31.639-0300] {processor.py:829} INFO - Processing file /mnt/c/Users/arcan/Documents/airflow/.venv/lib/python3.10/site-packages/airflow/example_dags/example_bash_operator.py for tasks to queue
[2025-06-16T11:30:31.642-0300] {logging_mixin.py:154} INFO - [2025-06-16T11:30:31.641-0300] {dagbag.py:536} INFO - Filling up the DagBag from /mnt/c/Users/arcan/Documents/airflow/.venv/lib/python3.10/site-packages/airflow/example_dags/example_bash_operator.py
[2025-06-16T11:30:31.684-0300] {processor.py:839} INFO - DAG(s) dict_keys(['example_bash_operator']) retrieved from /mnt/c/Users/arcan/Documents/airflow/.venv/lib/python3.10/site-packages/airflow/example_dags/example_bash_operator.py
[2025-06-16T11:30:31.733-0300] {logging_mixin.py:154} INFO - [2025-06-16T11:30:31.733-0300] {dag.py:2941} INFO - Sync 1 DAGs
[2025-06-16T11:30:31.763-0300] {logging_mixin.py:154} INFO - [2025-06-16T11:30:31.762-0300] {dag.py:3722} INFO - Setting next_dagrun for example_bash_operator to 2025-06-15T00:00:00+00:00, run_after=2025-06-16T00:00:00+00:00
[2025-06-16T11:30:31.855-0300] {processor.py:179} INFO - Processing /mnt/c/Users/arcan/Documents/airflow/.venv/lib/python3.10/site-packages/airflow/example_dags/example_bash_operator.py took 0.222 seconds
[2025-06-16T11:31:40.730-0300] {processor.py:157} INFO - Started process (PID=50559) to work on /mnt/c/Users/arcan/Documents/airflow/.venv/lib/python3.10/site-packages/airflow/example_dags/example_bash_operator.py
[2025-06-16T11:31:40.732-0300] {processor.py:829} INFO - Processing file /mnt/c/Users/arcan/Documents/airflow/.venv/lib/python3.10/site-packages/airflow/example_dags/example_bash_operator.py for tasks to queue
[2025-06-16T11:31:40.734-0300] {logging_mixin.py:154} INFO - [2025-06-16T11:31:40.733-0300] {dagbag.py:536} INFO - Filling up the DagBag from /mnt/c/Users/arcan/Documents/airflow/.venv/lib/python3.10/site-packages/airflow/example_dags/example_bash_operator.py
[2025-06-16T11:31:40.780-0300] {processor.py:839} INFO - DAG(s) dict_keys(['example_bash_operator']) retrieved from /mnt/c/Users/arcan/Documents/airflow/.venv/lib/python3.10/site-packages/airflow/example_dags/example_bash_operator.py
[2025-06-16T11:31:40.835-0300] {logging_mixin.py:154} INFO - [2025-06-16T11:31:40.835-0300] {dag.py:2941} INFO - Sync 1 DAGs
[2025-06-16T11:31:40.870-0300] {logging_mixin.py:154} INFO - [2025-06-16T11:31:40.870-0300] {dag.py:3722} INFO - Setting next_dagrun for example_bash_operator to 2025-06-15T00:00:00+00:00, run_after=2025-06-16T00:00:00+00:00
[2025-06-16T11:31:40.962-0300] {processor.py:179} INFO - Processing /mnt/c/Users/arcan/Documents/airflow/.venv/lib/python3.10/site-packages/airflow/example_dags/example_bash_operator.py took 0.236 seconds
[2025-06-16T11:32:50.976-0300] {processor.py:157} INFO - Started process (PID=50765) to work on /mnt/c/Users/arcan/Documents/airflow/.venv/lib/python3.10/site-packages/airflow/example_dags/example_bash_operator.py
[2025-06-16T11:32:50.978-0300] {processor.py:829} INFO - Processing file /mnt/c/Users/arcan/Documents/airflow/.venv/lib/python3.10/site-packages/airflow/example_dags/example_bash_operator.py for tasks to queue
[2025-06-16T11:32:50.979-0300] {logging_mixin.py:154} INFO - [2025-06-16T11:32:50.979-0300] {dagbag.py:536} INFO - Filling up the DagBag from /mnt/c/Users/arcan/Documents/airflow/.venv/lib/python3.10/site-packages/airflow/example_dags/example_bash_operator.py
[2025-06-16T11:32:51.021-0300] {processor.py:839} INFO - DAG(s) dict_keys(['example_bash_operator']) retrieved from /mnt/c/Users/arcan/Documents/airflow/.venv/lib/python3.10/site-packages/airflow/example_dags/example_bash_operator.py
[2025-06-16T11:32:51.073-0300] {logging_mixin.py:154} INFO - [2025-06-16T11:32:51.073-0300] {dag.py:2941} INFO - Sync 1 DAGs
[2025-06-16T11:32:51.107-0300] {logging_mixin.py:154} INFO - [2025-06-16T11:32:51.107-0300] {dag.py:3722} INFO - Setting next_dagrun for example_bash_operator to 2025-06-15T00:00:00+00:00, run_after=2025-06-16T00:00:00+00:00
[2025-06-16T11:32:51.197-0300] {processor.py:179} INFO - Processing /mnt/c/Users/arcan/Documents/airflow/.venv/lib/python3.10/site-packages/airflow/example_dags/example_bash_operator.py took 0.225 seconds
[2025-06-16T11:33:53.604-0300] {processor.py:157} INFO - Started process (PID=50948) to work on /mnt/c/Users/arcan/Documents/airflow/.venv/lib/python3.10/site-packages/airflow/example_dags/example_bash_operator.py
[2025-06-16T11:33:53.606-0300] {processor.py:829} INFO - Processing file /mnt/c/Users/arcan/Documents/airflow/.venv/lib/python3.10/site-packages/airflow/example_dags/example_bash_operator.py for tasks to queue
[2025-06-16T11:33:53.608-0300] {logging_mixin.py:154} INFO - [2025-06-16T11:33:53.607-0300] {dagbag.py:536} INFO - Filling up the DagBag from /mnt/c/Users/arcan/Documents/airflow/.venv/lib/python3.10/site-packages/airflow/example_dags/example_bash_operator.py
[2025-06-16T11:33:53.654-0300] {processor.py:839} INFO - DAG(s) dict_keys(['example_bash_operator']) retrieved from /mnt/c/Users/arcan/Documents/airflow/.venv/lib/python3.10/site-packages/airflow/example_dags/example_bash_operator.py
[2025-06-16T11:33:53.706-0300] {logging_mixin.py:154} INFO - [2025-06-16T11:33:53.706-0300] {dag.py:2941} INFO - Sync 1 DAGs
[2025-06-16T11:33:53.738-0300] {logging_mixin.py:154} INFO - [2025-06-16T11:33:53.738-0300] {dag.py:3722} INFO - Setting next_dagrun for example_bash_operator to 2025-06-15T00:00:00+00:00, run_after=2025-06-16T00:00:00+00:00
[2025-06-16T11:33:53.830-0300] {processor.py:179} INFO - Processing /mnt/c/Users/arcan/Documents/airflow/.venv/lib/python3.10/site-packages/airflow/example_dags/example_bash_operator.py took 0.231 seconds
[2025-06-16T11:34:55.256-0300] {processor.py:157} INFO - Started process (PID=51258) to work on /mnt/c/Users/arcan/Documents/airflow/.venv/lib/python3.10/site-packages/airflow/example_dags/example_bash_operator.py
[2025-06-16T11:34:55.258-0300] {processor.py:829} INFO - Processing file /mnt/c/Users/arcan/Documents/airflow/.venv/lib/python3.10/site-packages/airflow/example_dags/example_bash_operator.py for tasks to queue
[2025-06-16T11:34:55.260-0300] {logging_mixin.py:154} INFO - [2025-06-16T11:34:55.259-0300] {dagbag.py:536} INFO - Filling up the DagBag from /mnt/c/Users/arcan/Documents/airflow/.venv/lib/python3.10/site-packages/airflow/example_dags/example_bash_operator.py
[2025-06-16T11:34:55.302-0300] {processor.py:839} INFO - DAG(s) dict_keys(['example_bash_operator']) retrieved from /mnt/c/Users/arcan/Documents/airflow/.venv/lib/python3.10/site-packages/airflow/example_dags/example_bash_operator.py
[2025-06-16T11:34:55.347-0300] {logging_mixin.py:154} INFO - [2025-06-16T11:34:55.347-0300] {dag.py:2941} INFO - Sync 1 DAGs
[2025-06-16T11:34:55.376-0300] {logging_mixin.py:154} INFO - [2025-06-16T11:34:55.376-0300] {dag.py:3722} INFO - Setting next_dagrun for example_bash_operator to 2025-06-15T00:00:00+00:00, run_after=2025-06-16T00:00:00+00:00
[2025-06-16T11:34:55.459-0300] {processor.py:179} INFO - Processing /mnt/c/Users/arcan/Documents/airflow/.venv/lib/python3.10/site-packages/airflow/example_dags/example_bash_operator.py took 0.207 seconds
[2025-06-16T11:35:54.980-0300] {processor.py:157} INFO - Started process (PID=51433) to work on /mnt/c/Users/arcan/Documents/airflow/.venv/lib/python3.10/site-packages/airflow/example_dags/example_bash_operator.py
[2025-06-16T11:35:54.982-0300] {processor.py:829} INFO - Processing file /mnt/c/Users/arcan/Documents/airflow/.venv/lib/python3.10/site-packages/airflow/example_dags/example_bash_operator.py for tasks to queue
[2025-06-16T11:35:54.984-0300] {logging_mixin.py:154} INFO - [2025-06-16T11:35:54.983-0300] {dagbag.py:536} INFO - Filling up the DagBag from /mnt/c/Users/arcan/Documents/airflow/.venv/lib/python3.10/site-packages/airflow/example_dags/example_bash_operator.py
[2025-06-16T11:35:55.025-0300] {processor.py:839} INFO - DAG(s) dict_keys(['example_bash_operator']) retrieved from /mnt/c/Users/arcan/Documents/airflow/.venv/lib/python3.10/site-packages/airflow/example_dags/example_bash_operator.py
[2025-06-16T11:35:55.070-0300] {logging_mixin.py:154} INFO - [2025-06-16T11:35:55.070-0300] {dag.py:2941} INFO - Sync 1 DAGs
[2025-06-16T11:35:55.104-0300] {logging_mixin.py:154} INFO - [2025-06-16T11:35:55.103-0300] {dag.py:3722} INFO - Setting next_dagrun for example_bash_operator to 2025-06-15T00:00:00+00:00, run_after=2025-06-16T00:00:00+00:00
[2025-06-16T11:35:55.195-0300] {processor.py:179} INFO - Processing /mnt/c/Users/arcan/Documents/airflow/.venv/lib/python3.10/site-packages/airflow/example_dags/example_bash_operator.py took 0.219 seconds
[2025-06-16T11:37:01.669-0300] {processor.py:157} INFO - Started process (PID=51627) to work on /mnt/c/Users/arcan/Documents/airflow/.venv/lib/python3.10/site-packages/airflow/example_dags/example_bash_operator.py
[2025-06-16T11:37:01.671-0300] {processor.py:829} INFO - Processing file /mnt/c/Users/arcan/Documents/airflow/.venv/lib/python3.10/site-packages/airflow/example_dags/example_bash_operator.py for tasks to queue
[2025-06-16T11:37:01.673-0300] {logging_mixin.py:154} INFO - [2025-06-16T11:37:01.672-0300] {dagbag.py:536} INFO - Filling up the DagBag from /mnt/c/Users/arcan/Documents/airflow/.venv/lib/python3.10/site-packages/airflow/example_dags/example_bash_operator.py
[2025-06-16T11:37:01.716-0300] {processor.py:839} INFO - DAG(s) dict_keys(['example_bash_operator']) retrieved from /mnt/c/Users/arcan/Documents/airflow/.venv/lib/python3.10/site-packages/airflow/example_dags/example_bash_operator.py
[2025-06-16T11:37:01.762-0300] {logging_mixin.py:154} INFO - [2025-06-16T11:37:01.762-0300] {dag.py:2941} INFO - Sync 1 DAGs
[2025-06-16T11:37:01.793-0300] {logging_mixin.py:154} INFO - [2025-06-16T11:37:01.792-0300] {dag.py:3722} INFO - Setting next_dagrun for example_bash_operator to 2025-06-15T00:00:00+00:00, run_after=2025-06-16T00:00:00+00:00
[2025-06-16T11:37:01.885-0300] {processor.py:179} INFO - Processing /mnt/c/Users/arcan/Documents/airflow/.venv/lib/python3.10/site-packages/airflow/example_dags/example_bash_operator.py took 0.220 seconds
[2025-06-16T11:38:08.702-0300] {processor.py:157} INFO - Started process (PID=51826) to work on /mnt/c/Users/arcan/Documents/airflow/.venv/lib/python3.10/site-packages/airflow/example_dags/example_bash_operator.py
[2025-06-16T11:38:08.704-0300] {processor.py:829} INFO - Processing file /mnt/c/Users/arcan/Documents/airflow/.venv/lib/python3.10/site-packages/airflow/example_dags/example_bash_operator.py for tasks to queue
[2025-06-16T11:38:08.706-0300] {logging_mixin.py:154} INFO - [2025-06-16T11:38:08.705-0300] {dagbag.py:536} INFO - Filling up the DagBag from /mnt/c/Users/arcan/Documents/airflow/.venv/lib/python3.10/site-packages/airflow/example_dags/example_bash_operator.py
[2025-06-16T11:38:08.749-0300] {processor.py:839} INFO - DAG(s) dict_keys(['example_bash_operator']) retrieved from /mnt/c/Users/arcan/Documents/airflow/.venv/lib/python3.10/site-packages/airflow/example_dags/example_bash_operator.py
[2025-06-16T11:38:08.799-0300] {logging_mixin.py:154} INFO - [2025-06-16T11:38:08.799-0300] {dag.py:2941} INFO - Sync 1 DAGs
[2025-06-16T11:38:08.832-0300] {logging_mixin.py:154} INFO - [2025-06-16T11:38:08.832-0300] {dag.py:3722} INFO - Setting next_dagrun for example_bash_operator to 2025-06-15T00:00:00+00:00, run_after=2025-06-16T00:00:00+00:00
[2025-06-16T11:38:08.920-0300] {processor.py:179} INFO - Processing /mnt/c/Users/arcan/Documents/airflow/.venv/lib/python3.10/site-packages/airflow/example_dags/example_bash_operator.py took 0.222 seconds
[2025-06-16T11:39:17.166-0300] {processor.py:157} INFO - Started process (PID=52023) to work on /mnt/c/Users/arcan/Documents/airflow/.venv/lib/python3.10/site-packages/airflow/example_dags/example_bash_operator.py
[2025-06-16T11:39:17.168-0300] {processor.py:829} INFO - Processing file /mnt/c/Users/arcan/Documents/airflow/.venv/lib/python3.10/site-packages/airflow/example_dags/example_bash_operator.py for tasks to queue
[2025-06-16T11:39:17.170-0300] {logging_mixin.py:154} INFO - [2025-06-16T11:39:17.169-0300] {dagbag.py:536} INFO - Filling up the DagBag from /mnt/c/Users/arcan/Documents/airflow/.venv/lib/python3.10/site-packages/airflow/example_dags/example_bash_operator.py
[2025-06-16T11:39:17.212-0300] {processor.py:839} INFO - DAG(s) dict_keys(['example_bash_operator']) retrieved from /mnt/c/Users/arcan/Documents/airflow/.venv/lib/python3.10/site-packages/airflow/example_dags/example_bash_operator.py
[2025-06-16T11:39:17.256-0300] {logging_mixin.py:154} INFO - [2025-06-16T11:39:17.255-0300] {dag.py:2941} INFO - Sync 1 DAGs
[2025-06-16T11:39:17.286-0300] {logging_mixin.py:154} INFO - [2025-06-16T11:39:17.285-0300] {dag.py:3722} INFO - Setting next_dagrun for example_bash_operator to 2025-06-15T00:00:00+00:00, run_after=2025-06-16T00:00:00+00:00
[2025-06-16T11:39:17.373-0300] {processor.py:179} INFO - Processing /mnt/c/Users/arcan/Documents/airflow/.venv/lib/python3.10/site-packages/airflow/example_dags/example_bash_operator.py took 0.211 seconds
[2025-06-16T11:40:26.078-0300] {processor.py:157} INFO - Started process (PID=52229) to work on /mnt/c/Users/arcan/Documents/airflow/.venv/lib/python3.10/site-packages/airflow/example_dags/example_bash_operator.py
[2025-06-16T11:40:26.080-0300] {processor.py:829} INFO - Processing file /mnt/c/Users/arcan/Documents/airflow/.venv/lib/python3.10/site-packages/airflow/example_dags/example_bash_operator.py for tasks to queue
[2025-06-16T11:40:26.081-0300] {logging_mixin.py:154} INFO - [2025-06-16T11:40:26.081-0300] {dagbag.py:536} INFO - Filling up the DagBag from /mnt/c/Users/arcan/Documents/airflow/.venv/lib/python3.10/site-packages/airflow/example_dags/example_bash_operator.py
[2025-06-16T11:40:26.129-0300] {processor.py:839} INFO - DAG(s) dict_keys(['example_bash_operator']) retrieved from /mnt/c/Users/arcan/Documents/airflow/.venv/lib/python3.10/site-packages/airflow/example_dags/example_bash_operator.py
[2025-06-16T11:40:26.180-0300] {logging_mixin.py:154} INFO - [2025-06-16T11:40:26.179-0300] {dag.py:2941} INFO - Sync 1 DAGs
[2025-06-16T11:40:26.213-0300] {logging_mixin.py:154} INFO - [2025-06-16T11:40:26.213-0300] {dag.py:3722} INFO - Setting next_dagrun for example_bash_operator to 2025-06-15T00:00:00+00:00, run_after=2025-06-16T00:00:00+00:00
[2025-06-16T11:40:26.309-0300] {processor.py:179} INFO - Processing /mnt/c/Users/arcan/Documents/airflow/.venv/lib/python3.10/site-packages/airflow/example_dags/example_bash_operator.py took 0.235 seconds
[2025-06-16T11:41:27.102-0300] {processor.py:157} INFO - Started process (PID=52414) to work on /mnt/c/Users/arcan/Documents/airflow/.venv/lib/python3.10/site-packages/airflow/example_dags/example_bash_operator.py
[2025-06-16T11:41:27.104-0300] {processor.py:829} INFO - Processing file /mnt/c/Users/arcan/Documents/airflow/.venv/lib/python3.10/site-packages/airflow/example_dags/example_bash_operator.py for tasks to queue
[2025-06-16T11:41:27.106-0300] {logging_mixin.py:154} INFO - [2025-06-16T11:41:27.106-0300] {dagbag.py:536} INFO - Filling up the DagBag from /mnt/c/Users/arcan/Documents/airflow/.venv/lib/python3.10/site-packages/airflow/example_dags/example_bash_operator.py
[2025-06-16T11:41:27.151-0300] {processor.py:839} INFO - DAG(s) dict_keys(['example_bash_operator']) retrieved from /mnt/c/Users/arcan/Documents/airflow/.venv/lib/python3.10/site-packages/airflow/example_dags/example_bash_operator.py
[2025-06-16T11:41:27.200-0300] {logging_mixin.py:154} INFO - [2025-06-16T11:41:27.200-0300] {dag.py:2941} INFO - Sync 1 DAGs
[2025-06-16T11:41:27.231-0300] {logging_mixin.py:154} INFO - [2025-06-16T11:41:27.231-0300] {dag.py:3722} INFO - Setting next_dagrun for example_bash_operator to 2025-06-15T00:00:00+00:00, run_after=2025-06-16T00:00:00+00:00
[2025-06-16T11:41:27.323-0300] {processor.py:179} INFO - Processing /mnt/c/Users/arcan/Documents/airflow/.venv/lib/python3.10/site-packages/airflow/example_dags/example_bash_operator.py took 0.225 seconds
[2025-06-16T11:42:36.012-0300] {processor.py:157} INFO - Started process (PID=52732) to work on /mnt/c/Users/arcan/Documents/airflow/.venv/lib/python3.10/site-packages/airflow/example_dags/example_bash_operator.py
[2025-06-16T11:42:36.014-0300] {processor.py:829} INFO - Processing file /mnt/c/Users/arcan/Documents/airflow/.venv/lib/python3.10/site-packages/airflow/example_dags/example_bash_operator.py for tasks to queue
[2025-06-16T11:42:36.016-0300] {logging_mixin.py:154} INFO - [2025-06-16T11:42:36.016-0300] {dagbag.py:536} INFO - Filling up the DagBag from /mnt/c/Users/arcan/Documents/airflow/.venv/lib/python3.10/site-packages/airflow/example_dags/example_bash_operator.py
[2025-06-16T11:42:36.056-0300] {processor.py:839} INFO - DAG(s) dict_keys(['example_bash_operator']) retrieved from /mnt/c/Users/arcan/Documents/airflow/.venv/lib/python3.10/site-packages/airflow/example_dags/example_bash_operator.py
[2025-06-16T11:42:36.103-0300] {logging_mixin.py:154} INFO - [2025-06-16T11:42:36.102-0300] {dag.py:2941} INFO - Sync 1 DAGs
[2025-06-16T11:42:36.133-0300] {logging_mixin.py:154} INFO - [2025-06-16T11:42:36.132-0300] {dag.py:3722} INFO - Setting next_dagrun for example_bash_operator to 2025-06-15T00:00:00+00:00, run_after=2025-06-16T00:00:00+00:00
[2025-06-16T11:42:36.225-0300] {processor.py:179} INFO - Processing /mnt/c/Users/arcan/Documents/airflow/.venv/lib/python3.10/site-packages/airflow/example_dags/example_bash_operator.py took 0.216 seconds
[2025-06-16T11:43:45.246-0300] {processor.py:157} INFO - Started process (PID=52937) to work on /mnt/c/Users/arcan/Documents/airflow/.venv/lib/python3.10/site-packages/airflow/example_dags/example_bash_operator.py
[2025-06-16T11:43:45.248-0300] {processor.py:829} INFO - Processing file /mnt/c/Users/arcan/Documents/airflow/.venv/lib/python3.10/site-packages/airflow/example_dags/example_bash_operator.py for tasks to queue
[2025-06-16T11:43:45.249-0300] {logging_mixin.py:154} INFO - [2025-06-16T11:43:45.249-0300] {dagbag.py:536} INFO - Filling up the DagBag from /mnt/c/Users/arcan/Documents/airflow/.venv/lib/python3.10/site-packages/airflow/example_dags/example_bash_operator.py
[2025-06-16T11:43:45.295-0300] {processor.py:839} INFO - DAG(s) dict_keys(['example_bash_operator']) retrieved from /mnt/c/Users/arcan/Documents/airflow/.venv/lib/python3.10/site-packages/airflow/example_dags/example_bash_operator.py
[2025-06-16T11:43:45.347-0300] {logging_mixin.py:154} INFO - [2025-06-16T11:43:45.347-0300] {dag.py:2941} INFO - Sync 1 DAGs
[2025-06-16T11:43:45.381-0300] {logging_mixin.py:154} INFO - [2025-06-16T11:43:45.381-0300] {dag.py:3722} INFO - Setting next_dagrun for example_bash_operator to 2025-06-15T00:00:00+00:00, run_after=2025-06-16T00:00:00+00:00
[2025-06-16T11:43:45.596-0300] {processor.py:179} INFO - Processing /mnt/c/Users/arcan/Documents/airflow/.venv/lib/python3.10/site-packages/airflow/example_dags/example_bash_operator.py took 0.354 seconds
[2025-06-16T11:44:55.615-0300] {processor.py:157} INFO - Started process (PID=53144) to work on /mnt/c/Users/arcan/Documents/airflow/.venv/lib/python3.10/site-packages/airflow/example_dags/example_bash_operator.py
[2025-06-16T11:44:55.617-0300] {processor.py:829} INFO - Processing file /mnt/c/Users/arcan/Documents/airflow/.venv/lib/python3.10/site-packages/airflow/example_dags/example_bash_operator.py for tasks to queue
[2025-06-16T11:44:55.620-0300] {logging_mixin.py:154} INFO - [2025-06-16T11:44:55.619-0300] {dagbag.py:536} INFO - Filling up the DagBag from /mnt/c/Users/arcan/Documents/airflow/.venv/lib/python3.10/site-packages/airflow/example_dags/example_bash_operator.py
[2025-06-16T11:44:55.664-0300] {processor.py:839} INFO - DAG(s) dict_keys(['example_bash_operator']) retrieved from /mnt/c/Users/arcan/Documents/airflow/.venv/lib/python3.10/site-packages/airflow/example_dags/example_bash_operator.py
[2025-06-16T11:44:55.707-0300] {logging_mixin.py:154} INFO - [2025-06-16T11:44:55.707-0300] {dag.py:2941} INFO - Sync 1 DAGs
[2025-06-16T11:44:55.750-0300] {logging_mixin.py:154} INFO - [2025-06-16T11:44:55.750-0300] {dag.py:3722} INFO - Setting next_dagrun for example_bash_operator to 2025-06-15T00:00:00+00:00, run_after=2025-06-16T00:00:00+00:00
[2025-06-16T11:44:55.842-0300] {processor.py:179} INFO - Processing /mnt/c/Users/arcan/Documents/airflow/.venv/lib/python3.10/site-packages/airflow/example_dags/example_bash_operator.py took 0.231 seconds
[2025-06-16T11:45:58.403-0300] {processor.py:157} INFO - Started process (PID=53327) to work on /mnt/c/Users/arcan/Documents/airflow/.venv/lib/python3.10/site-packages/airflow/example_dags/example_bash_operator.py
[2025-06-16T11:45:58.404-0300] {processor.py:829} INFO - Processing file /mnt/c/Users/arcan/Documents/airflow/.venv/lib/python3.10/site-packages/airflow/example_dags/example_bash_operator.py for tasks to queue
[2025-06-16T11:45:58.406-0300] {logging_mixin.py:154} INFO - [2025-06-16T11:45:58.405-0300] {dagbag.py:536} INFO - Filling up the DagBag from /mnt/c/Users/arcan/Documents/airflow/.venv/lib/python3.10/site-packages/airflow/example_dags/example_bash_operator.py
[2025-06-16T11:45:58.448-0300] {processor.py:839} INFO - DAG(s) dict_keys(['example_bash_operator']) retrieved from /mnt/c/Users/arcan/Documents/airflow/.venv/lib/python3.10/site-packages/airflow/example_dags/example_bash_operator.py
[2025-06-16T11:45:58.495-0300] {logging_mixin.py:154} INFO - [2025-06-16T11:45:58.494-0300] {dag.py:2941} INFO - Sync 1 DAGs
[2025-06-16T11:45:58.637-0300] {logging_mixin.py:154} INFO - [2025-06-16T11:45:58.637-0300] {dag.py:3722} INFO - Setting next_dagrun for example_bash_operator to 2025-06-15T00:00:00+00:00, run_after=2025-06-16T00:00:00+00:00
[2025-06-16T11:45:58.726-0300] {processor.py:179} INFO - Processing /mnt/c/Users/arcan/Documents/airflow/.venv/lib/python3.10/site-packages/airflow/example_dags/example_bash_operator.py took 0.327 seconds
[2025-06-16T11:47:07.950-0300] {processor.py:157} INFO - Started process (PID=53534) to work on /mnt/c/Users/arcan/Documents/airflow/.venv/lib/python3.10/site-packages/airflow/example_dags/example_bash_operator.py
[2025-06-16T11:47:07.952-0300] {processor.py:829} INFO - Processing file /mnt/c/Users/arcan/Documents/airflow/.venv/lib/python3.10/site-packages/airflow/example_dags/example_bash_operator.py for tasks to queue
[2025-06-16T11:47:07.953-0300] {logging_mixin.py:154} INFO - [2025-06-16T11:47:07.953-0300] {dagbag.py:536} INFO - Filling up the DagBag from /mnt/c/Users/arcan/Documents/airflow/.venv/lib/python3.10/site-packages/airflow/example_dags/example_bash_operator.py
[2025-06-16T11:47:07.996-0300] {processor.py:839} INFO - DAG(s) dict_keys(['example_bash_operator']) retrieved from /mnt/c/Users/arcan/Documents/airflow/.venv/lib/python3.10/site-packages/airflow/example_dags/example_bash_operator.py
[2025-06-16T11:47:08.043-0300] {logging_mixin.py:154} INFO - [2025-06-16T11:47:08.042-0300] {dag.py:2941} INFO - Sync 1 DAGs
[2025-06-16T11:47:08.074-0300] {logging_mixin.py:154} INFO - [2025-06-16T11:47:08.074-0300] {dag.py:3722} INFO - Setting next_dagrun for example_bash_operator to 2025-06-15T00:00:00+00:00, run_after=2025-06-16T00:00:00+00:00
[2025-06-16T11:47:08.159-0300] {processor.py:179} INFO - Processing /mnt/c/Users/arcan/Documents/airflow/.venv/lib/python3.10/site-packages/airflow/example_dags/example_bash_operator.py took 0.214 seconds
[2025-06-16T11:48:11.392-0300] {processor.py:157} INFO - Started process (PID=53724) to work on /mnt/c/Users/arcan/Documents/airflow/.venv/lib/python3.10/site-packages/airflow/example_dags/example_bash_operator.py
[2025-06-16T11:48:11.394-0300] {processor.py:829} INFO - Processing file /mnt/c/Users/arcan/Documents/airflow/.venv/lib/python3.10/site-packages/airflow/example_dags/example_bash_operator.py for tasks to queue
[2025-06-16T11:48:11.396-0300] {logging_mixin.py:154} INFO - [2025-06-16T11:48:11.395-0300] {dagbag.py:536} INFO - Filling up the DagBag from /mnt/c/Users/arcan/Documents/airflow/.venv/lib/python3.10/site-packages/airflow/example_dags/example_bash_operator.py
[2025-06-16T11:48:11.443-0300] {processor.py:839} INFO - DAG(s) dict_keys(['example_bash_operator']) retrieved from /mnt/c/Users/arcan/Documents/airflow/.venv/lib/python3.10/site-packages/airflow/example_dags/example_bash_operator.py
[2025-06-16T11:48:11.490-0300] {logging_mixin.py:154} INFO - [2025-06-16T11:48:11.489-0300] {dag.py:2941} INFO - Sync 1 DAGs
[2025-06-16T11:48:11.522-0300] {logging_mixin.py:154} INFO - [2025-06-16T11:48:11.522-0300] {dag.py:3722} INFO - Setting next_dagrun for example_bash_operator to 2025-06-15T00:00:00+00:00, run_after=2025-06-16T00:00:00+00:00
[2025-06-16T11:48:11.612-0300] {processor.py:179} INFO - Processing /mnt/c/Users/arcan/Documents/airflow/.venv/lib/python3.10/site-packages/airflow/example_dags/example_bash_operator.py took 0.224 seconds
[2025-06-16T11:49:13.354-0300] {processor.py:157} INFO - Started process (PID=54028) to work on /mnt/c/Users/arcan/Documents/airflow/.venv/lib/python3.10/site-packages/airflow/example_dags/example_bash_operator.py
[2025-06-16T11:49:13.356-0300] {processor.py:829} INFO - Processing file /mnt/c/Users/arcan/Documents/airflow/.venv/lib/python3.10/site-packages/airflow/example_dags/example_bash_operator.py for tasks to queue
[2025-06-16T11:49:13.357-0300] {logging_mixin.py:154} INFO - [2025-06-16T11:49:13.357-0300] {dagbag.py:536} INFO - Filling up the DagBag from /mnt/c/Users/arcan/Documents/airflow/.venv/lib/python3.10/site-packages/airflow/example_dags/example_bash_operator.py
[2025-06-16T11:49:13.400-0300] {processor.py:839} INFO - DAG(s) dict_keys(['example_bash_operator']) retrieved from /mnt/c/Users/arcan/Documents/airflow/.venv/lib/python3.10/site-packages/airflow/example_dags/example_bash_operator.py
[2025-06-16T11:49:13.448-0300] {logging_mixin.py:154} INFO - [2025-06-16T11:49:13.448-0300] {dag.py:2941} INFO - Sync 1 DAGs
[2025-06-16T11:49:13.481-0300] {logging_mixin.py:154} INFO - [2025-06-16T11:49:13.481-0300] {dag.py:3722} INFO - Setting next_dagrun for example_bash_operator to 2025-06-15T00:00:00+00:00, run_after=2025-06-16T00:00:00+00:00
[2025-06-16T11:49:13.574-0300] {processor.py:179} INFO - Processing /mnt/c/Users/arcan/Documents/airflow/.venv/lib/python3.10/site-packages/airflow/example_dags/example_bash_operator.py took 0.224 seconds
[2025-06-16T11:50:16.530-0300] {processor.py:157} INFO - Started process (PID=54217) to work on /mnt/c/Users/arcan/Documents/airflow/.venv/lib/python3.10/site-packages/airflow/example_dags/example_bash_operator.py
[2025-06-16T11:50:16.531-0300] {processor.py:829} INFO - Processing file /mnt/c/Users/arcan/Documents/airflow/.venv/lib/python3.10/site-packages/airflow/example_dags/example_bash_operator.py for tasks to queue
[2025-06-16T11:50:16.533-0300] {logging_mixin.py:154} INFO - [2025-06-16T11:50:16.532-0300] {dagbag.py:536} INFO - Filling up the DagBag from /mnt/c/Users/arcan/Documents/airflow/.venv/lib/python3.10/site-packages/airflow/example_dags/example_bash_operator.py
[2025-06-16T11:50:16.577-0300] {processor.py:839} INFO - DAG(s) dict_keys(['example_bash_operator']) retrieved from /mnt/c/Users/arcan/Documents/airflow/.venv/lib/python3.10/site-packages/airflow/example_dags/example_bash_operator.py
[2025-06-16T11:50:16.624-0300] {logging_mixin.py:154} INFO - [2025-06-16T11:50:16.624-0300] {dag.py:2941} INFO - Sync 1 DAGs
[2025-06-16T11:50:16.655-0300] {logging_mixin.py:154} INFO - [2025-06-16T11:50:16.654-0300] {dag.py:3722} INFO - Setting next_dagrun for example_bash_operator to 2025-06-15T00:00:00+00:00, run_after=2025-06-16T00:00:00+00:00
[2025-06-16T11:50:16.743-0300] {processor.py:179} INFO - Processing /mnt/c/Users/arcan/Documents/airflow/.venv/lib/python3.10/site-packages/airflow/example_dags/example_bash_operator.py took 0.217 seconds
[2025-06-16T11:51:15.866-0300] {processor.py:157} INFO - Started process (PID=54392) to work on /mnt/c/Users/arcan/Documents/airflow/.venv/lib/python3.10/site-packages/airflow/example_dags/example_bash_operator.py
[2025-06-16T11:51:15.868-0300] {processor.py:829} INFO - Processing file /mnt/c/Users/arcan/Documents/airflow/.venv/lib/python3.10/site-packages/airflow/example_dags/example_bash_operator.py for tasks to queue
[2025-06-16T11:51:15.870-0300] {logging_mixin.py:154} INFO - [2025-06-16T11:51:15.869-0300] {dagbag.py:536} INFO - Filling up the DagBag from /mnt/c/Users/arcan/Documents/airflow/.venv/lib/python3.10/site-packages/airflow/example_dags/example_bash_operator.py
[2025-06-16T11:51:15.915-0300] {processor.py:839} INFO - DAG(s) dict_keys(['example_bash_operator']) retrieved from /mnt/c/Users/arcan/Documents/airflow/.venv/lib/python3.10/site-packages/airflow/example_dags/example_bash_operator.py
[2025-06-16T11:51:15.965-0300] {logging_mixin.py:154} INFO - [2025-06-16T11:51:15.965-0300] {dag.py:2941} INFO - Sync 1 DAGs
[2025-06-16T11:51:15.998-0300] {logging_mixin.py:154} INFO - [2025-06-16T11:51:15.998-0300] {dag.py:3722} INFO - Setting next_dagrun for example_bash_operator to 2025-06-15T00:00:00+00:00, run_after=2025-06-16T00:00:00+00:00
[2025-06-16T11:51:16.090-0300] {processor.py:179} INFO - Processing /mnt/c/Users/arcan/Documents/airflow/.venv/lib/python3.10/site-packages/airflow/example_dags/example_bash_operator.py took 0.227 seconds
[2025-06-16T11:52:22.874-0300] {processor.py:157} INFO - Started process (PID=54593) to work on /mnt/c/Users/arcan/Documents/airflow/.venv/lib/python3.10/site-packages/airflow/example_dags/example_bash_operator.py
[2025-06-16T11:52:22.877-0300] {processor.py:829} INFO - Processing file /mnt/c/Users/arcan/Documents/airflow/.venv/lib/python3.10/site-packages/airflow/example_dags/example_bash_operator.py for tasks to queue
[2025-06-16T11:52:22.879-0300] {logging_mixin.py:154} INFO - [2025-06-16T11:52:22.878-0300] {dagbag.py:536} INFO - Filling up the DagBag from /mnt/c/Users/arcan/Documents/airflow/.venv/lib/python3.10/site-packages/airflow/example_dags/example_bash_operator.py
[2025-06-16T11:52:22.919-0300] {processor.py:839} INFO - DAG(s) dict_keys(['example_bash_operator']) retrieved from /mnt/c/Users/arcan/Documents/airflow/.venv/lib/python3.10/site-packages/airflow/example_dags/example_bash_operator.py
[2025-06-16T11:52:22.968-0300] {logging_mixin.py:154} INFO - [2025-06-16T11:52:22.968-0300] {dag.py:2941} INFO - Sync 1 DAGs
[2025-06-16T11:52:23.000-0300] {logging_mixin.py:154} INFO - [2025-06-16T11:52:23.000-0300] {dag.py:3722} INFO - Setting next_dagrun for example_bash_operator to 2025-06-15T00:00:00+00:00, run_after=2025-06-16T00:00:00+00:00
[2025-06-16T11:52:23.094-0300] {processor.py:179} INFO - Processing /mnt/c/Users/arcan/Documents/airflow/.venv/lib/python3.10/site-packages/airflow/example_dags/example_bash_operator.py took 0.225 seconds
[2025-06-16T11:53:29.189-0300] {processor.py:157} INFO - Started process (PID=54788) to work on /mnt/c/Users/arcan/Documents/airflow/.venv/lib/python3.10/site-packages/airflow/example_dags/example_bash_operator.py
[2025-06-16T11:53:29.191-0300] {processor.py:829} INFO - Processing file /mnt/c/Users/arcan/Documents/airflow/.venv/lib/python3.10/site-packages/airflow/example_dags/example_bash_operator.py for tasks to queue
[2025-06-16T11:53:29.193-0300] {logging_mixin.py:154} INFO - [2025-06-16T11:53:29.193-0300] {dagbag.py:536} INFO - Filling up the DagBag from /mnt/c/Users/arcan/Documents/airflow/.venv/lib/python3.10/site-packages/airflow/example_dags/example_bash_operator.py
[2025-06-16T11:53:29.255-0300] {processor.py:839} INFO - DAG(s) dict_keys(['example_bash_operator']) retrieved from /mnt/c/Users/arcan/Documents/airflow/.venv/lib/python3.10/site-packages/airflow/example_dags/example_bash_operator.py
[2025-06-16T11:53:29.304-0300] {logging_mixin.py:154} INFO - [2025-06-16T11:53:29.303-0300] {dag.py:2941} INFO - Sync 1 DAGs
[2025-06-16T11:53:29.338-0300] {logging_mixin.py:154} INFO - [2025-06-16T11:53:29.338-0300] {dag.py:3722} INFO - Setting next_dagrun for example_bash_operator to 2025-06-15T00:00:00+00:00, run_after=2025-06-16T00:00:00+00:00
[2025-06-16T11:53:29.442-0300] {processor.py:179} INFO - Processing /mnt/c/Users/arcan/Documents/airflow/.venv/lib/python3.10/site-packages/airflow/example_dags/example_bash_operator.py took 0.262 seconds
[2025-06-16T11:54:30.286-0300] {processor.py:157} INFO - Started process (PID=54970) to work on /mnt/c/Users/arcan/Documents/airflow/.venv/lib/python3.10/site-packages/airflow/example_dags/example_bash_operator.py
[2025-06-16T11:54:30.288-0300] {processor.py:829} INFO - Processing file /mnt/c/Users/arcan/Documents/airflow/.venv/lib/python3.10/site-packages/airflow/example_dags/example_bash_operator.py for tasks to queue
[2025-06-16T11:54:30.290-0300] {logging_mixin.py:154} INFO - [2025-06-16T11:54:30.289-0300] {dagbag.py:536} INFO - Filling up the DagBag from /mnt/c/Users/arcan/Documents/airflow/.venv/lib/python3.10/site-packages/airflow/example_dags/example_bash_operator.py
[2025-06-16T11:54:30.334-0300] {processor.py:839} INFO - DAG(s) dict_keys(['example_bash_operator']) retrieved from /mnt/c/Users/arcan/Documents/airflow/.venv/lib/python3.10/site-packages/airflow/example_dags/example_bash_operator.py
[2025-06-16T11:54:30.380-0300] {logging_mixin.py:154} INFO - [2025-06-16T11:54:30.380-0300] {dag.py:2941} INFO - Sync 1 DAGs
[2025-06-16T11:54:30.411-0300] {logging_mixin.py:154} INFO - [2025-06-16T11:54:30.410-0300] {dag.py:3722} INFO - Setting next_dagrun for example_bash_operator to 2025-06-15T00:00:00+00:00, run_after=2025-06-16T00:00:00+00:00
[2025-06-16T11:54:30.498-0300] {processor.py:179} INFO - Processing /mnt/c/Users/arcan/Documents/airflow/.venv/lib/python3.10/site-packages/airflow/example_dags/example_bash_operator.py took 0.216 seconds
[2025-06-16T11:55:32.259-0300] {processor.py:157} INFO - Started process (PID=55162) to work on /mnt/c/Users/arcan/Documents/airflow/.venv/lib/python3.10/site-packages/airflow/example_dags/example_bash_operator.py
[2025-06-16T11:55:32.261-0300] {processor.py:829} INFO - Processing file /mnt/c/Users/arcan/Documents/airflow/.venv/lib/python3.10/site-packages/airflow/example_dags/example_bash_operator.py for tasks to queue
[2025-06-16T11:55:32.263-0300] {logging_mixin.py:154} INFO - [2025-06-16T11:55:32.263-0300] {dagbag.py:536} INFO - Filling up the DagBag from /mnt/c/Users/arcan/Documents/airflow/.venv/lib/python3.10/site-packages/airflow/example_dags/example_bash_operator.py
[2025-06-16T11:55:32.306-0300] {processor.py:839} INFO - DAG(s) dict_keys(['example_bash_operator']) retrieved from /mnt/c/Users/arcan/Documents/airflow/.venv/lib/python3.10/site-packages/airflow/example_dags/example_bash_operator.py
[2025-06-16T11:55:32.350-0300] {logging_mixin.py:154} INFO - [2025-06-16T11:55:32.350-0300] {dag.py:2941} INFO - Sync 1 DAGs
[2025-06-16T11:55:32.377-0300] {logging_mixin.py:154} INFO - [2025-06-16T11:55:32.377-0300] {dag.py:3722} INFO - Setting next_dagrun for example_bash_operator to 2025-06-15T00:00:00+00:00, run_after=2025-06-16T00:00:00+00:00
[2025-06-16T11:55:32.458-0300] {processor.py:179} INFO - Processing /mnt/c/Users/arcan/Documents/airflow/.venv/lib/python3.10/site-packages/airflow/example_dags/example_bash_operator.py took 0.202 seconds
[2025-06-16T11:56:33.828-0300] {processor.py:157} INFO - Started process (PID=55465) to work on /mnt/c/Users/arcan/Documents/airflow/.venv/lib/python3.10/site-packages/airflow/example_dags/example_bash_operator.py
[2025-06-16T11:56:33.829-0300] {processor.py:829} INFO - Processing file /mnt/c/Users/arcan/Documents/airflow/.venv/lib/python3.10/site-packages/airflow/example_dags/example_bash_operator.py for tasks to queue
[2025-06-16T11:56:33.830-0300] {logging_mixin.py:154} INFO - [2025-06-16T11:56:33.830-0300] {dagbag.py:536} INFO - Filling up the DagBag from /mnt/c/Users/arcan/Documents/airflow/.venv/lib/python3.10/site-packages/airflow/example_dags/example_bash_operator.py
[2025-06-16T11:56:33.873-0300] {processor.py:839} INFO - DAG(s) dict_keys(['example_bash_operator']) retrieved from /mnt/c/Users/arcan/Documents/airflow/.venv/lib/python3.10/site-packages/airflow/example_dags/example_bash_operator.py
[2025-06-16T11:56:33.919-0300] {logging_mixin.py:154} INFO - [2025-06-16T11:56:33.918-0300] {dag.py:2941} INFO - Sync 1 DAGs
[2025-06-16T11:56:33.947-0300] {logging_mixin.py:154} INFO - [2025-06-16T11:56:33.946-0300] {dag.py:3722} INFO - Setting next_dagrun for example_bash_operator to 2025-06-15T00:00:00+00:00, run_after=2025-06-16T00:00:00+00:00
[2025-06-16T11:56:34.033-0300] {processor.py:179} INFO - Processing /mnt/c/Users/arcan/Documents/airflow/.venv/lib/python3.10/site-packages/airflow/example_dags/example_bash_operator.py took 0.210 seconds
[2025-06-16T11:57:40.260-0300] {processor.py:157} INFO - Started process (PID=55664) to work on /mnt/c/Users/arcan/Documents/airflow/.venv/lib/python3.10/site-packages/airflow/example_dags/example_bash_operator.py
[2025-06-16T11:57:40.262-0300] {processor.py:829} INFO - Processing file /mnt/c/Users/arcan/Documents/airflow/.venv/lib/python3.10/site-packages/airflow/example_dags/example_bash_operator.py for tasks to queue
[2025-06-16T11:57:40.263-0300] {logging_mixin.py:154} INFO - [2025-06-16T11:57:40.263-0300] {dagbag.py:536} INFO - Filling up the DagBag from /mnt/c/Users/arcan/Documents/airflow/.venv/lib/python3.10/site-packages/airflow/example_dags/example_bash_operator.py
[2025-06-16T11:57:40.302-0300] {processor.py:839} INFO - DAG(s) dict_keys(['example_bash_operator']) retrieved from /mnt/c/Users/arcan/Documents/airflow/.venv/lib/python3.10/site-packages/airflow/example_dags/example_bash_operator.py
[2025-06-16T11:57:40.348-0300] {logging_mixin.py:154} INFO - [2025-06-16T11:57:40.347-0300] {dag.py:2941} INFO - Sync 1 DAGs
[2025-06-16T11:57:40.381-0300] {logging_mixin.py:154} INFO - [2025-06-16T11:57:40.381-0300] {dag.py:3722} INFO - Setting next_dagrun for example_bash_operator to 2025-06-15T00:00:00+00:00, run_after=2025-06-16T00:00:00+00:00
[2025-06-16T11:57:40.470-0300] {processor.py:179} INFO - Processing /mnt/c/Users/arcan/Documents/airflow/.venv/lib/python3.10/site-packages/airflow/example_dags/example_bash_operator.py took 0.214 seconds
[2025-06-16T11:58:43.796-0300] {processor.py:157} INFO - Started process (PID=55854) to work on /mnt/c/Users/arcan/Documents/airflow/.venv/lib/python3.10/site-packages/airflow/example_dags/example_bash_operator.py
[2025-06-16T11:58:43.798-0300] {processor.py:829} INFO - Processing file /mnt/c/Users/arcan/Documents/airflow/.venv/lib/python3.10/site-packages/airflow/example_dags/example_bash_operator.py for tasks to queue
[2025-06-16T11:58:43.800-0300] {logging_mixin.py:154} INFO - [2025-06-16T11:58:43.800-0300] {dagbag.py:536} INFO - Filling up the DagBag from /mnt/c/Users/arcan/Documents/airflow/.venv/lib/python3.10/site-packages/airflow/example_dags/example_bash_operator.py
[2025-06-16T11:58:43.843-0300] {processor.py:839} INFO - DAG(s) dict_keys(['example_bash_operator']) retrieved from /mnt/c/Users/arcan/Documents/airflow/.venv/lib/python3.10/site-packages/airflow/example_dags/example_bash_operator.py
[2025-06-16T11:58:43.894-0300] {logging_mixin.py:154} INFO - [2025-06-16T11:58:43.893-0300] {dag.py:2941} INFO - Sync 1 DAGs
[2025-06-16T11:58:43.929-0300] {logging_mixin.py:154} INFO - [2025-06-16T11:58:43.928-0300] {dag.py:3722} INFO - Setting next_dagrun for example_bash_operator to 2025-06-15T00:00:00+00:00, run_after=2025-06-16T00:00:00+00:00
[2025-06-16T11:58:44.023-0300] {processor.py:179} INFO - Processing /mnt/c/Users/arcan/Documents/airflow/.venv/lib/python3.10/site-packages/airflow/example_dags/example_bash_operator.py took 0.232 seconds
[2025-06-16T11:59:47.048-0300] {processor.py:157} INFO - Started process (PID=56043) to work on /mnt/c/Users/arcan/Documents/airflow/.venv/lib/python3.10/site-packages/airflow/example_dags/example_bash_operator.py
[2025-06-16T11:59:47.051-0300] {processor.py:829} INFO - Processing file /mnt/c/Users/arcan/Documents/airflow/.venv/lib/python3.10/site-packages/airflow/example_dags/example_bash_operator.py for tasks to queue
[2025-06-16T11:59:47.054-0300] {logging_mixin.py:154} INFO - [2025-06-16T11:59:47.053-0300] {dagbag.py:536} INFO - Filling up the DagBag from /mnt/c/Users/arcan/Documents/airflow/.venv/lib/python3.10/site-packages/airflow/example_dags/example_bash_operator.py
[2025-06-16T11:59:47.095-0300] {processor.py:839} INFO - DAG(s) dict_keys(['example_bash_operator']) retrieved from /mnt/c/Users/arcan/Documents/airflow/.venv/lib/python3.10/site-packages/airflow/example_dags/example_bash_operator.py
[2025-06-16T11:59:47.141-0300] {logging_mixin.py:154} INFO - [2025-06-16T11:59:47.140-0300] {dag.py:2941} INFO - Sync 1 DAGs
[2025-06-16T11:59:47.171-0300] {logging_mixin.py:154} INFO - [2025-06-16T11:59:47.171-0300] {dag.py:3722} INFO - Setting next_dagrun for example_bash_operator to 2025-06-15T00:00:00+00:00, run_after=2025-06-16T00:00:00+00:00
[2025-06-16T11:59:47.264-0300] {processor.py:179} INFO - Processing /mnt/c/Users/arcan/Documents/airflow/.venv/lib/python3.10/site-packages/airflow/example_dags/example_bash_operator.py took 0.219 seconds
[2025-06-16T12:00:50.889-0300] {processor.py:157} INFO - Started process (PID=56235) to work on /mnt/c/Users/arcan/Documents/airflow/.venv/lib/python3.10/site-packages/airflow/example_dags/example_bash_operator.py
[2025-06-16T12:00:50.890-0300] {processor.py:829} INFO - Processing file /mnt/c/Users/arcan/Documents/airflow/.venv/lib/python3.10/site-packages/airflow/example_dags/example_bash_operator.py for tasks to queue
[2025-06-16T12:00:50.892-0300] {logging_mixin.py:154} INFO - [2025-06-16T12:00:50.892-0300] {dagbag.py:536} INFO - Filling up the DagBag from /mnt/c/Users/arcan/Documents/airflow/.venv/lib/python3.10/site-packages/airflow/example_dags/example_bash_operator.py
[2025-06-16T12:00:50.934-0300] {processor.py:839} INFO - DAG(s) dict_keys(['example_bash_operator']) retrieved from /mnt/c/Users/arcan/Documents/airflow/.venv/lib/python3.10/site-packages/airflow/example_dags/example_bash_operator.py
[2025-06-16T12:00:50.983-0300] {logging_mixin.py:154} INFO - [2025-06-16T12:00:50.983-0300] {dag.py:2941} INFO - Sync 1 DAGs
[2025-06-16T12:00:51.013-0300] {logging_mixin.py:154} INFO - [2025-06-16T12:00:51.013-0300] {dag.py:3722} INFO - Setting next_dagrun for example_bash_operator to 2025-06-15T00:00:00+00:00, run_after=2025-06-16T00:00:00+00:00
[2025-06-16T12:00:51.101-0300] {processor.py:179} INFO - Processing /mnt/c/Users/arcan/Documents/airflow/.venv/lib/python3.10/site-packages/airflow/example_dags/example_bash_operator.py took 0.216 seconds
[2025-06-16T12:02:00.519-0300] {processor.py:157} INFO - Started process (PID=56444) to work on /mnt/c/Users/arcan/Documents/airflow/.venv/lib/python3.10/site-packages/airflow/example_dags/example_bash_operator.py
[2025-06-16T12:02:00.520-0300] {processor.py:829} INFO - Processing file /mnt/c/Users/arcan/Documents/airflow/.venv/lib/python3.10/site-packages/airflow/example_dags/example_bash_operator.py for tasks to queue
[2025-06-16T12:02:00.522-0300] {logging_mixin.py:154} INFO - [2025-06-16T12:02:00.522-0300] {dagbag.py:536} INFO - Filling up the DagBag from /mnt/c/Users/arcan/Documents/airflow/.venv/lib/python3.10/site-packages/airflow/example_dags/example_bash_operator.py
[2025-06-16T12:02:00.562-0300] {processor.py:839} INFO - DAG(s) dict_keys(['example_bash_operator']) retrieved from /mnt/c/Users/arcan/Documents/airflow/.venv/lib/python3.10/site-packages/airflow/example_dags/example_bash_operator.py
[2025-06-16T12:02:00.606-0300] {logging_mixin.py:154} INFO - [2025-06-16T12:02:00.606-0300] {dag.py:2941} INFO - Sync 1 DAGs
[2025-06-16T12:02:00.639-0300] {logging_mixin.py:154} INFO - [2025-06-16T12:02:00.639-0300] {dag.py:3722} INFO - Setting next_dagrun for example_bash_operator to 2025-06-15T00:00:00+00:00, run_after=2025-06-16T00:00:00+00:00
[2025-06-16T12:02:00.732-0300] {processor.py:179} INFO - Processing /mnt/c/Users/arcan/Documents/airflow/.venv/lib/python3.10/site-packages/airflow/example_dags/example_bash_operator.py took 0.217 seconds
[2025-06-16T12:03:06.224-0300] {processor.py:157} INFO - Started process (PID=56636) to work on /mnt/c/Users/arcan/Documents/airflow/.venv/lib/python3.10/site-packages/airflow/example_dags/example_bash_operator.py
[2025-06-16T12:03:06.226-0300] {processor.py:829} INFO - Processing file /mnt/c/Users/arcan/Documents/airflow/.venv/lib/python3.10/site-packages/airflow/example_dags/example_bash_operator.py for tasks to queue
[2025-06-16T12:03:06.228-0300] {logging_mixin.py:154} INFO - [2025-06-16T12:03:06.227-0300] {dagbag.py:536} INFO - Filling up the DagBag from /mnt/c/Users/arcan/Documents/airflow/.venv/lib/python3.10/site-packages/airflow/example_dags/example_bash_operator.py
[2025-06-16T12:03:06.272-0300] {processor.py:839} INFO - DAG(s) dict_keys(['example_bash_operator']) retrieved from /mnt/c/Users/arcan/Documents/airflow/.venv/lib/python3.10/site-packages/airflow/example_dags/example_bash_operator.py
[2025-06-16T12:03:06.321-0300] {logging_mixin.py:154} INFO - [2025-06-16T12:03:06.321-0300] {dag.py:2941} INFO - Sync 1 DAGs
[2025-06-16T12:03:06.350-0300] {logging_mixin.py:154} INFO - [2025-06-16T12:03:06.350-0300] {dag.py:3722} INFO - Setting next_dagrun for example_bash_operator to 2025-06-15T00:00:00+00:00, run_after=2025-06-16T00:00:00+00:00
[2025-06-16T12:03:06.444-0300] {processor.py:179} INFO - Processing /mnt/c/Users/arcan/Documents/airflow/.venv/lib/python3.10/site-packages/airflow/example_dags/example_bash_operator.py took 0.224 seconds
[2025-06-16T12:04:11.819-0300] {processor.py:157} INFO - Started process (PID=56955) to work on /mnt/c/Users/arcan/Documents/airflow/.venv/lib/python3.10/site-packages/airflow/example_dags/example_bash_operator.py
[2025-06-16T12:04:11.820-0300] {processor.py:829} INFO - Processing file /mnt/c/Users/arcan/Documents/airflow/.venv/lib/python3.10/site-packages/airflow/example_dags/example_bash_operator.py for tasks to queue
[2025-06-16T12:04:11.822-0300] {logging_mixin.py:154} INFO - [2025-06-16T12:04:11.822-0300] {dagbag.py:536} INFO - Filling up the DagBag from /mnt/c/Users/arcan/Documents/airflow/.venv/lib/python3.10/site-packages/airflow/example_dags/example_bash_operator.py
[2025-06-16T12:04:11.867-0300] {processor.py:839} INFO - DAG(s) dict_keys(['example_bash_operator']) retrieved from /mnt/c/Users/arcan/Documents/airflow/.venv/lib/python3.10/site-packages/airflow/example_dags/example_bash_operator.py
[2025-06-16T12:04:11.915-0300] {logging_mixin.py:154} INFO - [2025-06-16T12:04:11.914-0300] {dag.py:2941} INFO - Sync 1 DAGs
[2025-06-16T12:04:11.948-0300] {logging_mixin.py:154} INFO - [2025-06-16T12:04:11.948-0300] {dag.py:3722} INFO - Setting next_dagrun for example_bash_operator to 2025-06-15T00:00:00+00:00, run_after=2025-06-16T00:00:00+00:00
[2025-06-16T12:04:12.041-0300] {processor.py:179} INFO - Processing /mnt/c/Users/arcan/Documents/airflow/.venv/lib/python3.10/site-packages/airflow/example_dags/example_bash_operator.py took 0.226 seconds
