[2025-06-16T10:51:50.781-0300] {processor.py:157} INFO - Started process (PID=43024) to work on /mnt/c/Users/arcan/Documents/airflow/.venv/lib/python3.10/site-packages/airflow/example_dags/example_sensor_decorator.py
[2025-06-16T10:51:50.783-0300] {processor.py:829} INFO - Processing file /mnt/c/Users/arcan/Documents/airflow/.venv/lib/python3.10/site-packages/airflow/example_dags/example_sensor_decorator.py for tasks to queue
[2025-06-16T10:51:50.785-0300] {logging_mixin.py:154} INFO - [2025-06-16T10:51:50.784-0300] {dagbag.py:536} INFO - Filling up the DagBag from /mnt/c/Users/arcan/Documents/airflow/.venv/lib/python3.10/site-packages/airflow/example_dags/example_sensor_decorator.py
[2025-06-16T10:51:50.815-0300] {processor.py:839} INFO - DAG(s) dict_keys(['example_sensor_decorator']) retrieved from /mnt/c/Users/arcan/Documents/airflow/.venv/lib/python3.10/site-packages/airflow/example_dags/example_sensor_decorator.py
[2025-06-16T10:51:50.868-0300] {logging_mixin.py:154} INFO - [2025-06-16T10:51:50.868-0300] {dag.py:2941} INFO - Sync 1 DAGs
[2025-06-16T10:51:50.886-0300] {logging_mixin.py:154} INFO - [2025-06-16T10:51:50.885-0300] {dag.py:3722} INFO - Setting next_dagrun for example_sensor_decorator to None, run_after=None
[2025-06-16T10:51:50.983-0300] {processor.py:179} INFO - Processing /mnt/c/Users/arcan/Documents/airflow/.venv/lib/python3.10/site-packages/airflow/example_dags/example_sensor_decorator.py took 0.207 seconds
[2025-06-16T10:52:54.252-0300] {processor.py:157} INFO - Started process (PID=43203) to work on /mnt/c/Users/arcan/Documents/airflow/.venv/lib/python3.10/site-packages/airflow/example_dags/example_sensor_decorator.py
[2025-06-16T10:52:54.255-0300] {processor.py:829} INFO - Processing file /mnt/c/Users/arcan/Documents/airflow/.venv/lib/python3.10/site-packages/airflow/example_dags/example_sensor_decorator.py for tasks to queue
[2025-06-16T10:52:54.257-0300] {logging_mixin.py:154} INFO - [2025-06-16T10:52:54.256-0300] {dagbag.py:536} INFO - Filling up the DagBag from /mnt/c/Users/arcan/Documents/airflow/.venv/lib/python3.10/site-packages/airflow/example_dags/example_sensor_decorator.py
[2025-06-16T10:52:54.286-0300] {processor.py:839} INFO - DAG(s) dict_keys(['example_sensor_decorator']) retrieved from /mnt/c/Users/arcan/Documents/airflow/.venv/lib/python3.10/site-packages/airflow/example_dags/example_sensor_decorator.py
[2025-06-16T10:52:54.324-0300] {logging_mixin.py:154} INFO - [2025-06-16T10:52:54.323-0300] {dag.py:2941} INFO - Sync 1 DAGs
[2025-06-16T10:52:54.338-0300] {logging_mixin.py:154} INFO - [2025-06-16T10:52:54.338-0300] {dag.py:3722} INFO - Setting next_dagrun for example_sensor_decorator to None, run_after=None
[2025-06-16T10:52:54.427-0300] {processor.py:179} INFO - Processing /mnt/c/Users/arcan/Documents/airflow/.venv/lib/python3.10/site-packages/airflow/example_dags/example_sensor_decorator.py took 0.179 seconds
[2025-06-16T10:54:00.817-0300] {processor.py:157} INFO - Started process (PID=43388) to work on /mnt/c/Users/arcan/Documents/airflow/.venv/lib/python3.10/site-packages/airflow/example_dags/example_sensor_decorator.py
[2025-06-16T10:54:00.819-0300] {processor.py:829} INFO - Processing file /mnt/c/Users/arcan/Documents/airflow/.venv/lib/python3.10/site-packages/airflow/example_dags/example_sensor_decorator.py for tasks to queue
[2025-06-16T10:54:00.820-0300] {logging_mixin.py:154} INFO - [2025-06-16T10:54:00.820-0300] {dagbag.py:536} INFO - Filling up the DagBag from /mnt/c/Users/arcan/Documents/airflow/.venv/lib/python3.10/site-packages/airflow/example_dags/example_sensor_decorator.py
[2025-06-16T10:54:00.858-0300] {processor.py:839} INFO - DAG(s) dict_keys(['example_sensor_decorator']) retrieved from /mnt/c/Users/arcan/Documents/airflow/.venv/lib/python3.10/site-packages/airflow/example_dags/example_sensor_decorator.py
[2025-06-16T10:54:00.916-0300] {logging_mixin.py:154} INFO - [2025-06-16T10:54:00.916-0300] {dag.py:2941} INFO - Sync 1 DAGs
[2025-06-16T10:54:00.943-0300] {logging_mixin.py:154} INFO - [2025-06-16T10:54:00.943-0300] {dag.py:3722} INFO - Setting next_dagrun for example_sensor_decorator to None, run_after=None
[2025-06-16T10:54:01.055-0300] {processor.py:179} INFO - Processing /mnt/c/Users/arcan/Documents/airflow/.venv/lib/python3.10/site-packages/airflow/example_dags/example_sensor_decorator.py took 0.243 seconds
[2025-06-16T10:55:03.892-0300] {processor.py:157} INFO - Started process (PID=43570) to work on /mnt/c/Users/arcan/Documents/airflow/.venv/lib/python3.10/site-packages/airflow/example_dags/example_sensor_decorator.py
[2025-06-16T10:55:03.894-0300] {processor.py:829} INFO - Processing file /mnt/c/Users/arcan/Documents/airflow/.venv/lib/python3.10/site-packages/airflow/example_dags/example_sensor_decorator.py for tasks to queue
[2025-06-16T10:55:03.896-0300] {logging_mixin.py:154} INFO - [2025-06-16T10:55:03.895-0300] {dagbag.py:536} INFO - Filling up the DagBag from /mnt/c/Users/arcan/Documents/airflow/.venv/lib/python3.10/site-packages/airflow/example_dags/example_sensor_decorator.py
[2025-06-16T10:55:03.927-0300] {processor.py:839} INFO - DAG(s) dict_keys(['example_sensor_decorator']) retrieved from /mnt/c/Users/arcan/Documents/airflow/.venv/lib/python3.10/site-packages/airflow/example_dags/example_sensor_decorator.py
[2025-06-16T10:55:03.968-0300] {logging_mixin.py:154} INFO - [2025-06-16T10:55:03.968-0300] {dag.py:2941} INFO - Sync 1 DAGs
[2025-06-16T10:55:03.985-0300] {logging_mixin.py:154} INFO - [2025-06-16T10:55:03.985-0300] {dag.py:3722} INFO - Setting next_dagrun for example_sensor_decorator to None, run_after=None
[2025-06-16T10:55:04.081-0300] {processor.py:179} INFO - Processing /mnt/c/Users/arcan/Documents/airflow/.venv/lib/python3.10/site-packages/airflow/example_dags/example_sensor_decorator.py took 0.192 seconds
[2025-06-16T10:56:05.153-0300] {processor.py:157} INFO - Started process (PID=43743) to work on /mnt/c/Users/arcan/Documents/airflow/.venv/lib/python3.10/site-packages/airflow/example_dags/example_sensor_decorator.py
[2025-06-16T10:56:05.155-0300] {processor.py:829} INFO - Processing file /mnt/c/Users/arcan/Documents/airflow/.venv/lib/python3.10/site-packages/airflow/example_dags/example_sensor_decorator.py for tasks to queue
[2025-06-16T10:56:05.157-0300] {logging_mixin.py:154} INFO - [2025-06-16T10:56:05.157-0300] {dagbag.py:536} INFO - Filling up the DagBag from /mnt/c/Users/arcan/Documents/airflow/.venv/lib/python3.10/site-packages/airflow/example_dags/example_sensor_decorator.py
[2025-06-16T10:56:05.187-0300] {processor.py:839} INFO - DAG(s) dict_keys(['example_sensor_decorator']) retrieved from /mnt/c/Users/arcan/Documents/airflow/.venv/lib/python3.10/site-packages/airflow/example_dags/example_sensor_decorator.py
[2025-06-16T10:56:05.225-0300] {logging_mixin.py:154} INFO - [2025-06-16T10:56:05.224-0300] {dag.py:2941} INFO - Sync 1 DAGs
[2025-06-16T10:56:05.241-0300] {logging_mixin.py:154} INFO - [2025-06-16T10:56:05.241-0300] {dag.py:3722} INFO - Setting next_dagrun for example_sensor_decorator to None, run_after=None
[2025-06-16T10:56:05.320-0300] {processor.py:179} INFO - Processing /mnt/c/Users/arcan/Documents/airflow/.venv/lib/python3.10/site-packages/airflow/example_dags/example_sensor_decorator.py took 0.171 seconds
[2025-06-16T10:57:11.928-0300] {processor.py:157} INFO - Started process (PID=43934) to work on /mnt/c/Users/arcan/Documents/airflow/.venv/lib/python3.10/site-packages/airflow/example_dags/example_sensor_decorator.py
[2025-06-16T10:57:11.930-0300] {processor.py:829} INFO - Processing file /mnt/c/Users/arcan/Documents/airflow/.venv/lib/python3.10/site-packages/airflow/example_dags/example_sensor_decorator.py for tasks to queue
[2025-06-16T10:57:11.932-0300] {logging_mixin.py:154} INFO - [2025-06-16T10:57:11.932-0300] {dagbag.py:536} INFO - Filling up the DagBag from /mnt/c/Users/arcan/Documents/airflow/.venv/lib/python3.10/site-packages/airflow/example_dags/example_sensor_decorator.py
[2025-06-16T10:57:11.962-0300] {processor.py:839} INFO - DAG(s) dict_keys(['example_sensor_decorator']) retrieved from /mnt/c/Users/arcan/Documents/airflow/.venv/lib/python3.10/site-packages/airflow/example_dags/example_sensor_decorator.py
[2025-06-16T10:57:12.000-0300] {logging_mixin.py:154} INFO - [2025-06-16T10:57:12.000-0300] {dag.py:2941} INFO - Sync 1 DAGs
[2025-06-16T10:57:12.017-0300] {logging_mixin.py:154} INFO - [2025-06-16T10:57:12.017-0300] {dag.py:3722} INFO - Setting next_dagrun for example_sensor_decorator to None, run_after=None
[2025-06-16T10:57:12.104-0300] {processor.py:179} INFO - Processing /mnt/c/Users/arcan/Documents/airflow/.venv/lib/python3.10/site-packages/airflow/example_dags/example_sensor_decorator.py took 0.180 seconds
[2025-06-16T10:58:22.362-0300] {processor.py:157} INFO - Started process (PID=44128) to work on /mnt/c/Users/arcan/Documents/airflow/.venv/lib/python3.10/site-packages/airflow/example_dags/example_sensor_decorator.py
[2025-06-16T10:58:22.364-0300] {processor.py:829} INFO - Processing file /mnt/c/Users/arcan/Documents/airflow/.venv/lib/python3.10/site-packages/airflow/example_dags/example_sensor_decorator.py for tasks to queue
[2025-06-16T10:58:22.366-0300] {logging_mixin.py:154} INFO - [2025-06-16T10:58:22.365-0300] {dagbag.py:536} INFO - Filling up the DagBag from /mnt/c/Users/arcan/Documents/airflow/.venv/lib/python3.10/site-packages/airflow/example_dags/example_sensor_decorator.py
[2025-06-16T10:58:22.431-0300] {processor.py:839} INFO - DAG(s) dict_keys(['example_sensor_decorator']) retrieved from /mnt/c/Users/arcan/Documents/airflow/.venv/lib/python3.10/site-packages/airflow/example_dags/example_sensor_decorator.py
[2025-06-16T10:58:22.557-0300] {logging_mixin.py:154} INFO - [2025-06-16T10:58:22.557-0300] {dag.py:2941} INFO - Sync 1 DAGs
[2025-06-16T10:58:22.592-0300] {logging_mixin.py:154} INFO - [2025-06-16T10:58:22.591-0300] {dag.py:3722} INFO - Setting next_dagrun for example_sensor_decorator to None, run_after=None
[2025-06-16T10:58:22.755-0300] {processor.py:179} INFO - Processing /mnt/c/Users/arcan/Documents/airflow/.venv/lib/python3.10/site-packages/airflow/example_dags/example_sensor_decorator.py took 0.398 seconds
[2025-06-16T10:59:34.737-0300] {processor.py:157} INFO - Started process (PID=44459) to work on /mnt/c/Users/arcan/Documents/airflow/.venv/lib/python3.10/site-packages/airflow/example_dags/example_sensor_decorator.py
[2025-06-16T10:59:34.739-0300] {processor.py:829} INFO - Processing file /mnt/c/Users/arcan/Documents/airflow/.venv/lib/python3.10/site-packages/airflow/example_dags/example_sensor_decorator.py for tasks to queue
[2025-06-16T10:59:34.742-0300] {logging_mixin.py:154} INFO - [2025-06-16T10:59:34.741-0300] {dagbag.py:536} INFO - Filling up the DagBag from /mnt/c/Users/arcan/Documents/airflow/.venv/lib/python3.10/site-packages/airflow/example_dags/example_sensor_decorator.py
[2025-06-16T10:59:34.780-0300] {processor.py:839} INFO - DAG(s) dict_keys(['example_sensor_decorator']) retrieved from /mnt/c/Users/arcan/Documents/airflow/.venv/lib/python3.10/site-packages/airflow/example_dags/example_sensor_decorator.py
[2025-06-16T10:59:34.823-0300] {logging_mixin.py:154} INFO - [2025-06-16T10:59:34.823-0300] {dag.py:2941} INFO - Sync 1 DAGs
[2025-06-16T10:59:34.844-0300] {logging_mixin.py:154} INFO - [2025-06-16T10:59:34.844-0300] {dag.py:3722} INFO - Setting next_dagrun for example_sensor_decorator to None, run_after=None
[2025-06-16T10:59:34.935-0300] {processor.py:179} INFO - Processing /mnt/c/Users/arcan/Documents/airflow/.venv/lib/python3.10/site-packages/airflow/example_dags/example_sensor_decorator.py took 0.203 seconds
[2025-06-16T11:00:43.421-0300] {processor.py:157} INFO - Started process (PID=44651) to work on /mnt/c/Users/arcan/Documents/airflow/.venv/lib/python3.10/site-packages/airflow/example_dags/example_sensor_decorator.py
[2025-06-16T11:00:43.423-0300] {processor.py:829} INFO - Processing file /mnt/c/Users/arcan/Documents/airflow/.venv/lib/python3.10/site-packages/airflow/example_dags/example_sensor_decorator.py for tasks to queue
[2025-06-16T11:00:43.424-0300] {logging_mixin.py:154} INFO - [2025-06-16T11:00:43.424-0300] {dagbag.py:536} INFO - Filling up the DagBag from /mnt/c/Users/arcan/Documents/airflow/.venv/lib/python3.10/site-packages/airflow/example_dags/example_sensor_decorator.py
[2025-06-16T11:00:43.458-0300] {processor.py:839} INFO - DAG(s) dict_keys(['example_sensor_decorator']) retrieved from /mnt/c/Users/arcan/Documents/airflow/.venv/lib/python3.10/site-packages/airflow/example_dags/example_sensor_decorator.py
[2025-06-16T11:00:43.499-0300] {logging_mixin.py:154} INFO - [2025-06-16T11:00:43.498-0300] {dag.py:2941} INFO - Sync 1 DAGs
[2025-06-16T11:00:43.520-0300] {logging_mixin.py:154} INFO - [2025-06-16T11:00:43.519-0300] {dag.py:3722} INFO - Setting next_dagrun for example_sensor_decorator to None, run_after=None
[2025-06-16T11:00:43.612-0300] {processor.py:179} INFO - Processing /mnt/c/Users/arcan/Documents/airflow/.venv/lib/python3.10/site-packages/airflow/example_dags/example_sensor_decorator.py took 0.196 seconds
[2025-06-16T11:01:57.334-0300] {processor.py:157} INFO - Started process (PID=44869) to work on /mnt/c/Users/arcan/Documents/airflow/.venv/lib/python3.10/site-packages/airflow/example_dags/example_sensor_decorator.py
[2025-06-16T11:01:57.335-0300] {processor.py:829} INFO - Processing file /mnt/c/Users/arcan/Documents/airflow/.venv/lib/python3.10/site-packages/airflow/example_dags/example_sensor_decorator.py for tasks to queue
[2025-06-16T11:01:57.337-0300] {logging_mixin.py:154} INFO - [2025-06-16T11:01:57.336-0300] {dagbag.py:536} INFO - Filling up the DagBag from /mnt/c/Users/arcan/Documents/airflow/.venv/lib/python3.10/site-packages/airflow/example_dags/example_sensor_decorator.py
[2025-06-16T11:01:57.369-0300] {processor.py:839} INFO - DAG(s) dict_keys(['example_sensor_decorator']) retrieved from /mnt/c/Users/arcan/Documents/airflow/.venv/lib/python3.10/site-packages/airflow/example_dags/example_sensor_decorator.py
[2025-06-16T11:01:57.411-0300] {logging_mixin.py:154} INFO - [2025-06-16T11:01:57.411-0300] {dag.py:2941} INFO - Sync 1 DAGs
[2025-06-16T11:01:57.431-0300] {logging_mixin.py:154} INFO - [2025-06-16T11:01:57.430-0300] {dag.py:3722} INFO - Setting next_dagrun for example_sensor_decorator to None, run_after=None
[2025-06-16T11:01:57.516-0300] {processor.py:179} INFO - Processing /mnt/c/Users/arcan/Documents/airflow/.venv/lib/python3.10/site-packages/airflow/example_dags/example_sensor_decorator.py took 0.186 seconds
[2025-06-16T11:02:54.887-0300] {processor.py:157} INFO - Started process (PID=45037) to work on /mnt/c/Users/arcan/Documents/airflow/.venv/lib/python3.10/site-packages/airflow/example_dags/example_sensor_decorator.py
[2025-06-16T11:02:54.889-0300] {processor.py:829} INFO - Processing file /mnt/c/Users/arcan/Documents/airflow/.venv/lib/python3.10/site-packages/airflow/example_dags/example_sensor_decorator.py for tasks to queue
[2025-06-16T11:02:54.890-0300] {logging_mixin.py:154} INFO - [2025-06-16T11:02:54.890-0300] {dagbag.py:536} INFO - Filling up the DagBag from /mnt/c/Users/arcan/Documents/airflow/.venv/lib/python3.10/site-packages/airflow/example_dags/example_sensor_decorator.py
[2025-06-16T11:02:54.927-0300] {processor.py:839} INFO - DAG(s) dict_keys(['example_sensor_decorator']) retrieved from /mnt/c/Users/arcan/Documents/airflow/.venv/lib/python3.10/site-packages/airflow/example_dags/example_sensor_decorator.py
[2025-06-16T11:02:54.965-0300] {logging_mixin.py:154} INFO - [2025-06-16T11:02:54.964-0300] {dag.py:2941} INFO - Sync 1 DAGs
[2025-06-16T11:02:54.980-0300] {logging_mixin.py:154} INFO - [2025-06-16T11:02:54.980-0300] {dag.py:3722} INFO - Setting next_dagrun for example_sensor_decorator to None, run_after=None
[2025-06-16T11:02:55.067-0300] {processor.py:179} INFO - Processing /mnt/c/Users/arcan/Documents/airflow/.venv/lib/python3.10/site-packages/airflow/example_dags/example_sensor_decorator.py took 0.185 seconds
[2025-06-16T11:03:54.605-0300] {processor.py:157} INFO - Started process (PID=45214) to work on /mnt/c/Users/arcan/Documents/airflow/.venv/lib/python3.10/site-packages/airflow/example_dags/example_sensor_decorator.py
[2025-06-16T11:03:54.607-0300] {processor.py:829} INFO - Processing file /mnt/c/Users/arcan/Documents/airflow/.venv/lib/python3.10/site-packages/airflow/example_dags/example_sensor_decorator.py for tasks to queue
[2025-06-16T11:03:54.609-0300] {logging_mixin.py:154} INFO - [2025-06-16T11:03:54.608-0300] {dagbag.py:536} INFO - Filling up the DagBag from /mnt/c/Users/arcan/Documents/airflow/.venv/lib/python3.10/site-packages/airflow/example_dags/example_sensor_decorator.py
[2025-06-16T11:03:54.641-0300] {processor.py:839} INFO - DAG(s) dict_keys(['example_sensor_decorator']) retrieved from /mnt/c/Users/arcan/Documents/airflow/.venv/lib/python3.10/site-packages/airflow/example_dags/example_sensor_decorator.py
[2025-06-16T11:03:54.682-0300] {logging_mixin.py:154} INFO - [2025-06-16T11:03:54.682-0300] {dag.py:2941} INFO - Sync 1 DAGs
[2025-06-16T11:03:54.704-0300] {logging_mixin.py:154} INFO - [2025-06-16T11:03:54.703-0300] {dag.py:3722} INFO - Setting next_dagrun for example_sensor_decorator to None, run_after=None
[2025-06-16T11:03:54.796-0300] {processor.py:179} INFO - Processing /mnt/c/Users/arcan/Documents/airflow/.venv/lib/python3.10/site-packages/airflow/example_dags/example_sensor_decorator.py took 0.195 seconds
[2025-06-16T11:04:53.861-0300] {processor.py:157} INFO - Started process (PID=45387) to work on /mnt/c/Users/arcan/Documents/airflow/.venv/lib/python3.10/site-packages/airflow/example_dags/example_sensor_decorator.py
[2025-06-16T11:04:53.863-0300] {processor.py:829} INFO - Processing file /mnt/c/Users/arcan/Documents/airflow/.venv/lib/python3.10/site-packages/airflow/example_dags/example_sensor_decorator.py for tasks to queue
[2025-06-16T11:04:53.865-0300] {logging_mixin.py:154} INFO - [2025-06-16T11:04:53.865-0300] {dagbag.py:536} INFO - Filling up the DagBag from /mnt/c/Users/arcan/Documents/airflow/.venv/lib/python3.10/site-packages/airflow/example_dags/example_sensor_decorator.py
[2025-06-16T11:04:53.899-0300] {processor.py:839} INFO - DAG(s) dict_keys(['example_sensor_decorator']) retrieved from /mnt/c/Users/arcan/Documents/airflow/.venv/lib/python3.10/site-packages/airflow/example_dags/example_sensor_decorator.py
[2025-06-16T11:04:53.943-0300] {logging_mixin.py:154} INFO - [2025-06-16T11:04:53.943-0300] {dag.py:2941} INFO - Sync 1 DAGs
[2025-06-16T11:04:53.961-0300] {logging_mixin.py:154} INFO - [2025-06-16T11:04:53.961-0300] {dag.py:3722} INFO - Setting next_dagrun for example_sensor_decorator to None, run_after=None
[2025-06-16T11:04:54.045-0300] {processor.py:179} INFO - Processing /mnt/c/Users/arcan/Documents/airflow/.venv/lib/python3.10/site-packages/airflow/example_dags/example_sensor_decorator.py took 0.188 seconds
[2025-06-16T11:06:00.330-0300] {processor.py:157} INFO - Started process (PID=45702) to work on /mnt/c/Users/arcan/Documents/airflow/.venv/lib/python3.10/site-packages/airflow/example_dags/example_sensor_decorator.py
[2025-06-16T11:06:00.333-0300] {processor.py:829} INFO - Processing file /mnt/c/Users/arcan/Documents/airflow/.venv/lib/python3.10/site-packages/airflow/example_dags/example_sensor_decorator.py for tasks to queue
[2025-06-16T11:06:00.335-0300] {logging_mixin.py:154} INFO - [2025-06-16T11:06:00.334-0300] {dagbag.py:536} INFO - Filling up the DagBag from /mnt/c/Users/arcan/Documents/airflow/.venv/lib/python3.10/site-packages/airflow/example_dags/example_sensor_decorator.py
[2025-06-16T11:06:00.368-0300] {processor.py:839} INFO - DAG(s) dict_keys(['example_sensor_decorator']) retrieved from /mnt/c/Users/arcan/Documents/airflow/.venv/lib/python3.10/site-packages/airflow/example_dags/example_sensor_decorator.py
[2025-06-16T11:06:00.413-0300] {logging_mixin.py:154} INFO - [2025-06-16T11:06:00.413-0300] {dag.py:2941} INFO - Sync 1 DAGs
[2025-06-16T11:06:00.431-0300] {logging_mixin.py:154} INFO - [2025-06-16T11:06:00.431-0300] {dag.py:3722} INFO - Setting next_dagrun for example_sensor_decorator to None, run_after=None
[2025-06-16T11:06:00.527-0300] {processor.py:179} INFO - Processing /mnt/c/Users/arcan/Documents/airflow/.venv/lib/python3.10/site-packages/airflow/example_dags/example_sensor_decorator.py took 0.201 seconds
[2025-06-16T11:07:08.025-0300] {processor.py:157} INFO - Started process (PID=45896) to work on /mnt/c/Users/arcan/Documents/airflow/.venv/lib/python3.10/site-packages/airflow/example_dags/example_sensor_decorator.py
[2025-06-16T11:07:08.027-0300] {processor.py:829} INFO - Processing file /mnt/c/Users/arcan/Documents/airflow/.venv/lib/python3.10/site-packages/airflow/example_dags/example_sensor_decorator.py for tasks to queue
[2025-06-16T11:07:08.028-0300] {logging_mixin.py:154} INFO - [2025-06-16T11:07:08.028-0300] {dagbag.py:536} INFO - Filling up the DagBag from /mnt/c/Users/arcan/Documents/airflow/.venv/lib/python3.10/site-packages/airflow/example_dags/example_sensor_decorator.py
[2025-06-16T11:07:08.059-0300] {processor.py:839} INFO - DAG(s) dict_keys(['example_sensor_decorator']) retrieved from /mnt/c/Users/arcan/Documents/airflow/.venv/lib/python3.10/site-packages/airflow/example_dags/example_sensor_decorator.py
[2025-06-16T11:07:08.097-0300] {logging_mixin.py:154} INFO - [2025-06-16T11:07:08.097-0300] {dag.py:2941} INFO - Sync 1 DAGs
[2025-06-16T11:07:08.113-0300] {logging_mixin.py:154} INFO - [2025-06-16T11:07:08.113-0300] {dag.py:3722} INFO - Setting next_dagrun for example_sensor_decorator to None, run_after=None
[2025-06-16T11:07:08.202-0300] {processor.py:179} INFO - Processing /mnt/c/Users/arcan/Documents/airflow/.venv/lib/python3.10/site-packages/airflow/example_dags/example_sensor_decorator.py took 0.181 seconds
[2025-06-16T11:08:11.844-0300] {processor.py:157} INFO - Started process (PID=46084) to work on /mnt/c/Users/arcan/Documents/airflow/.venv/lib/python3.10/site-packages/airflow/example_dags/example_sensor_decorator.py
[2025-06-16T11:08:11.846-0300] {processor.py:829} INFO - Processing file /mnt/c/Users/arcan/Documents/airflow/.venv/lib/python3.10/site-packages/airflow/example_dags/example_sensor_decorator.py for tasks to queue
[2025-06-16T11:08:11.847-0300] {logging_mixin.py:154} INFO - [2025-06-16T11:08:11.847-0300] {dagbag.py:536} INFO - Filling up the DagBag from /mnt/c/Users/arcan/Documents/airflow/.venv/lib/python3.10/site-packages/airflow/example_dags/example_sensor_decorator.py
[2025-06-16T11:08:11.879-0300] {processor.py:839} INFO - DAG(s) dict_keys(['example_sensor_decorator']) retrieved from /mnt/c/Users/arcan/Documents/airflow/.venv/lib/python3.10/site-packages/airflow/example_dags/example_sensor_decorator.py
[2025-06-16T11:08:11.919-0300] {logging_mixin.py:154} INFO - [2025-06-16T11:08:11.918-0300] {dag.py:2941} INFO - Sync 1 DAGs
[2025-06-16T11:08:11.937-0300] {logging_mixin.py:154} INFO - [2025-06-16T11:08:11.937-0300] {dag.py:3722} INFO - Setting next_dagrun for example_sensor_decorator to None, run_after=None
[2025-06-16T11:08:12.032-0300] {processor.py:179} INFO - Processing /mnt/c/Users/arcan/Documents/airflow/.venv/lib/python3.10/site-packages/airflow/example_dags/example_sensor_decorator.py took 0.192 seconds
[2025-06-16T11:09:13.850-0300] {processor.py:157} INFO - Started process (PID=46262) to work on /mnt/c/Users/arcan/Documents/airflow/.venv/lib/python3.10/site-packages/airflow/example_dags/example_sensor_decorator.py
[2025-06-16T11:09:13.852-0300] {processor.py:829} INFO - Processing file /mnt/c/Users/arcan/Documents/airflow/.venv/lib/python3.10/site-packages/airflow/example_dags/example_sensor_decorator.py for tasks to queue
[2025-06-16T11:09:13.854-0300] {logging_mixin.py:154} INFO - [2025-06-16T11:09:13.853-0300] {dagbag.py:536} INFO - Filling up the DagBag from /mnt/c/Users/arcan/Documents/airflow/.venv/lib/python3.10/site-packages/airflow/example_dags/example_sensor_decorator.py
[2025-06-16T11:09:13.886-0300] {processor.py:839} INFO - DAG(s) dict_keys(['example_sensor_decorator']) retrieved from /mnt/c/Users/arcan/Documents/airflow/.venv/lib/python3.10/site-packages/airflow/example_dags/example_sensor_decorator.py
[2025-06-16T11:09:13.925-0300] {logging_mixin.py:154} INFO - [2025-06-16T11:09:13.924-0300] {dag.py:2941} INFO - Sync 1 DAGs
[2025-06-16T11:09:13.941-0300] {logging_mixin.py:154} INFO - [2025-06-16T11:09:13.941-0300] {dag.py:3722} INFO - Setting next_dagrun for example_sensor_decorator to None, run_after=None
[2025-06-16T11:09:14.034-0300] {processor.py:179} INFO - Processing /mnt/c/Users/arcan/Documents/airflow/.venv/lib/python3.10/site-packages/airflow/example_dags/example_sensor_decorator.py took 0.188 seconds
[2025-06-16T11:10:13.790-0300] {processor.py:157} INFO - Started process (PID=46439) to work on /mnt/c/Users/arcan/Documents/airflow/.venv/lib/python3.10/site-packages/airflow/example_dags/example_sensor_decorator.py
[2025-06-16T11:10:13.792-0300] {processor.py:829} INFO - Processing file /mnt/c/Users/arcan/Documents/airflow/.venv/lib/python3.10/site-packages/airflow/example_dags/example_sensor_decorator.py for tasks to queue
[2025-06-16T11:10:13.793-0300] {logging_mixin.py:154} INFO - [2025-06-16T11:10:13.793-0300] {dagbag.py:536} INFO - Filling up the DagBag from /mnt/c/Users/arcan/Documents/airflow/.venv/lib/python3.10/site-packages/airflow/example_dags/example_sensor_decorator.py
[2025-06-16T11:10:13.827-0300] {processor.py:839} INFO - DAG(s) dict_keys(['example_sensor_decorator']) retrieved from /mnt/c/Users/arcan/Documents/airflow/.venv/lib/python3.10/site-packages/airflow/example_dags/example_sensor_decorator.py
[2025-06-16T11:10:13.869-0300] {logging_mixin.py:154} INFO - [2025-06-16T11:10:13.868-0300] {dag.py:2941} INFO - Sync 1 DAGs
[2025-06-16T11:10:13.886-0300] {logging_mixin.py:154} INFO - [2025-06-16T11:10:13.886-0300] {dag.py:3722} INFO - Setting next_dagrun for example_sensor_decorator to None, run_after=None
[2025-06-16T11:10:13.978-0300] {processor.py:179} INFO - Processing /mnt/c/Users/arcan/Documents/airflow/.venv/lib/python3.10/site-packages/airflow/example_dags/example_sensor_decorator.py took 0.192 seconds
[2025-06-16T11:11:15.217-0300] {processor.py:157} INFO - Started process (PID=46614) to work on /mnt/c/Users/arcan/Documents/airflow/.venv/lib/python3.10/site-packages/airflow/example_dags/example_sensor_decorator.py
[2025-06-16T11:11:15.219-0300] {processor.py:829} INFO - Processing file /mnt/c/Users/arcan/Documents/airflow/.venv/lib/python3.10/site-packages/airflow/example_dags/example_sensor_decorator.py for tasks to queue
[2025-06-16T11:11:15.220-0300] {logging_mixin.py:154} INFO - [2025-06-16T11:11:15.220-0300] {dagbag.py:536} INFO - Filling up the DagBag from /mnt/c/Users/arcan/Documents/airflow/.venv/lib/python3.10/site-packages/airflow/example_dags/example_sensor_decorator.py
[2025-06-16T11:11:15.255-0300] {processor.py:839} INFO - DAG(s) dict_keys(['example_sensor_decorator']) retrieved from /mnt/c/Users/arcan/Documents/airflow/.venv/lib/python3.10/site-packages/airflow/example_dags/example_sensor_decorator.py
[2025-06-16T11:11:15.298-0300] {logging_mixin.py:154} INFO - [2025-06-16T11:11:15.298-0300] {dag.py:2941} INFO - Sync 1 DAGs
[2025-06-16T11:11:15.316-0300] {logging_mixin.py:154} INFO - [2025-06-16T11:11:15.315-0300] {dag.py:3722} INFO - Setting next_dagrun for example_sensor_decorator to None, run_after=None
[2025-06-16T11:11:15.408-0300] {processor.py:179} INFO - Processing /mnt/c/Users/arcan/Documents/airflow/.venv/lib/python3.10/site-packages/airflow/example_dags/example_sensor_decorator.py took 0.196 seconds
[2025-06-16T11:12:25.941-0300] {processor.py:157} INFO - Started process (PID=46822) to work on /mnt/c/Users/arcan/Documents/airflow/.venv/lib/python3.10/site-packages/airflow/example_dags/example_sensor_decorator.py
[2025-06-16T11:12:25.943-0300] {processor.py:829} INFO - Processing file /mnt/c/Users/arcan/Documents/airflow/.venv/lib/python3.10/site-packages/airflow/example_dags/example_sensor_decorator.py for tasks to queue
[2025-06-16T11:12:25.945-0300] {logging_mixin.py:154} INFO - [2025-06-16T11:12:25.945-0300] {dagbag.py:536} INFO - Filling up the DagBag from /mnt/c/Users/arcan/Documents/airflow/.venv/lib/python3.10/site-packages/airflow/example_dags/example_sensor_decorator.py
[2025-06-16T11:12:25.978-0300] {processor.py:839} INFO - DAG(s) dict_keys(['example_sensor_decorator']) retrieved from /mnt/c/Users/arcan/Documents/airflow/.venv/lib/python3.10/site-packages/airflow/example_dags/example_sensor_decorator.py
[2025-06-16T11:12:26.022-0300] {logging_mixin.py:154} INFO - [2025-06-16T11:12:26.022-0300] {dag.py:2941} INFO - Sync 1 DAGs
[2025-06-16T11:12:26.039-0300] {logging_mixin.py:154} INFO - [2025-06-16T11:12:26.039-0300] {dag.py:3722} INFO - Setting next_dagrun for example_sensor_decorator to None, run_after=None
[2025-06-16T11:12:26.129-0300] {processor.py:179} INFO - Processing /mnt/c/Users/arcan/Documents/airflow/.venv/lib/python3.10/site-packages/airflow/example_dags/example_sensor_decorator.py took 0.191 seconds
[2025-06-16T11:13:31.006-0300] {processor.py:157} INFO - Started process (PID=47127) to work on /mnt/c/Users/arcan/Documents/airflow/.venv/lib/python3.10/site-packages/airflow/example_dags/example_sensor_decorator.py
[2025-06-16T11:13:31.007-0300] {processor.py:829} INFO - Processing file /mnt/c/Users/arcan/Documents/airflow/.venv/lib/python3.10/site-packages/airflow/example_dags/example_sensor_decorator.py for tasks to queue
[2025-06-16T11:13:31.009-0300] {logging_mixin.py:154} INFO - [2025-06-16T11:13:31.008-0300] {dagbag.py:536} INFO - Filling up the DagBag from /mnt/c/Users/arcan/Documents/airflow/.venv/lib/python3.10/site-packages/airflow/example_dags/example_sensor_decorator.py
[2025-06-16T11:13:31.044-0300] {processor.py:839} INFO - DAG(s) dict_keys(['example_sensor_decorator']) retrieved from /mnt/c/Users/arcan/Documents/airflow/.venv/lib/python3.10/site-packages/airflow/example_dags/example_sensor_decorator.py
[2025-06-16T11:13:31.088-0300] {logging_mixin.py:154} INFO - [2025-06-16T11:13:31.088-0300] {dag.py:2941} INFO - Sync 1 DAGs
[2025-06-16T11:13:31.106-0300] {logging_mixin.py:154} INFO - [2025-06-16T11:13:31.106-0300] {dag.py:3722} INFO - Setting next_dagrun for example_sensor_decorator to None, run_after=None
[2025-06-16T11:13:31.196-0300] {processor.py:179} INFO - Processing /mnt/c/Users/arcan/Documents/airflow/.venv/lib/python3.10/site-packages/airflow/example_dags/example_sensor_decorator.py took 0.194 seconds
[2025-06-16T11:14:33.883-0300] {processor.py:157} INFO - Started process (PID=47312) to work on /mnt/c/Users/arcan/Documents/airflow/.venv/lib/python3.10/site-packages/airflow/example_dags/example_sensor_decorator.py
[2025-06-16T11:14:33.885-0300] {processor.py:829} INFO - Processing file /mnt/c/Users/arcan/Documents/airflow/.venv/lib/python3.10/site-packages/airflow/example_dags/example_sensor_decorator.py for tasks to queue
[2025-06-16T11:14:33.888-0300] {logging_mixin.py:154} INFO - [2025-06-16T11:14:33.887-0300] {dagbag.py:536} INFO - Filling up the DagBag from /mnt/c/Users/arcan/Documents/airflow/.venv/lib/python3.10/site-packages/airflow/example_dags/example_sensor_decorator.py
[2025-06-16T11:14:33.920-0300] {processor.py:839} INFO - DAG(s) dict_keys(['example_sensor_decorator']) retrieved from /mnt/c/Users/arcan/Documents/airflow/.venv/lib/python3.10/site-packages/airflow/example_dags/example_sensor_decorator.py
[2025-06-16T11:14:33.959-0300] {logging_mixin.py:154} INFO - [2025-06-16T11:14:33.959-0300] {dag.py:2941} INFO - Sync 1 DAGs
[2025-06-16T11:14:33.975-0300] {logging_mixin.py:154} INFO - [2025-06-16T11:14:33.975-0300] {dag.py:3722} INFO - Setting next_dagrun for example_sensor_decorator to None, run_after=None
[2025-06-16T11:14:34.064-0300] {processor.py:179} INFO - Processing /mnt/c/Users/arcan/Documents/airflow/.venv/lib/python3.10/site-packages/airflow/example_dags/example_sensor_decorator.py took 0.185 seconds
[2025-06-16T11:15:34.434-0300] {processor.py:157} INFO - Started process (PID=47490) to work on /mnt/c/Users/arcan/Documents/airflow/.venv/lib/python3.10/site-packages/airflow/example_dags/example_sensor_decorator.py
[2025-06-16T11:15:34.436-0300] {processor.py:829} INFO - Processing file /mnt/c/Users/arcan/Documents/airflow/.venv/lib/python3.10/site-packages/airflow/example_dags/example_sensor_decorator.py for tasks to queue
[2025-06-16T11:15:34.438-0300] {logging_mixin.py:154} INFO - [2025-06-16T11:15:34.437-0300] {dagbag.py:536} INFO - Filling up the DagBag from /mnt/c/Users/arcan/Documents/airflow/.venv/lib/python3.10/site-packages/airflow/example_dags/example_sensor_decorator.py
[2025-06-16T11:15:34.469-0300] {processor.py:839} INFO - DAG(s) dict_keys(['example_sensor_decorator']) retrieved from /mnt/c/Users/arcan/Documents/airflow/.venv/lib/python3.10/site-packages/airflow/example_dags/example_sensor_decorator.py
[2025-06-16T11:15:34.508-0300] {logging_mixin.py:154} INFO - [2025-06-16T11:15:34.508-0300] {dag.py:2941} INFO - Sync 1 DAGs
[2025-06-16T11:15:34.528-0300] {logging_mixin.py:154} INFO - [2025-06-16T11:15:34.528-0300] {dag.py:3722} INFO - Setting next_dagrun for example_sensor_decorator to None, run_after=None
[2025-06-16T11:15:34.621-0300] {processor.py:179} INFO - Processing /mnt/c/Users/arcan/Documents/airflow/.venv/lib/python3.10/site-packages/airflow/example_dags/example_sensor_decorator.py took 0.191 seconds
[2025-06-16T11:16:41.047-0300] {processor.py:157} INFO - Started process (PID=47681) to work on /mnt/c/Users/arcan/Documents/airflow/.venv/lib/python3.10/site-packages/airflow/example_dags/example_sensor_decorator.py
[2025-06-16T11:16:41.049-0300] {processor.py:829} INFO - Processing file /mnt/c/Users/arcan/Documents/airflow/.venv/lib/python3.10/site-packages/airflow/example_dags/example_sensor_decorator.py for tasks to queue
[2025-06-16T11:16:41.050-0300] {logging_mixin.py:154} INFO - [2025-06-16T11:16:41.050-0300] {dagbag.py:536} INFO - Filling up the DagBag from /mnt/c/Users/arcan/Documents/airflow/.venv/lib/python3.10/site-packages/airflow/example_dags/example_sensor_decorator.py
[2025-06-16T11:16:41.082-0300] {processor.py:839} INFO - DAG(s) dict_keys(['example_sensor_decorator']) retrieved from /mnt/c/Users/arcan/Documents/airflow/.venv/lib/python3.10/site-packages/airflow/example_dags/example_sensor_decorator.py
[2025-06-16T11:16:41.124-0300] {logging_mixin.py:154} INFO - [2025-06-16T11:16:41.124-0300] {dag.py:2941} INFO - Sync 1 DAGs
[2025-06-16T11:16:41.140-0300] {logging_mixin.py:154} INFO - [2025-06-16T11:16:41.140-0300] {dag.py:3722} INFO - Setting next_dagrun for example_sensor_decorator to None, run_after=None
[2025-06-16T11:16:41.237-0300] {processor.py:179} INFO - Processing /mnt/c/Users/arcan/Documents/airflow/.venv/lib/python3.10/site-packages/airflow/example_dags/example_sensor_decorator.py took 0.194 seconds
[2025-06-16T11:17:47.471-0300] {processor.py:157} INFO - Started process (PID=47879) to work on /mnt/c/Users/arcan/Documents/airflow/.venv/lib/python3.10/site-packages/airflow/example_dags/example_sensor_decorator.py
[2025-06-16T11:17:47.473-0300] {processor.py:829} INFO - Processing file /mnt/c/Users/arcan/Documents/airflow/.venv/lib/python3.10/site-packages/airflow/example_dags/example_sensor_decorator.py for tasks to queue
[2025-06-16T11:17:47.475-0300] {logging_mixin.py:154} INFO - [2025-06-16T11:17:47.475-0300] {dagbag.py:536} INFO - Filling up the DagBag from /mnt/c/Users/arcan/Documents/airflow/.venv/lib/python3.10/site-packages/airflow/example_dags/example_sensor_decorator.py
[2025-06-16T11:17:47.508-0300] {processor.py:839} INFO - DAG(s) dict_keys(['example_sensor_decorator']) retrieved from /mnt/c/Users/arcan/Documents/airflow/.venv/lib/python3.10/site-packages/airflow/example_dags/example_sensor_decorator.py
[2025-06-16T11:17:47.552-0300] {logging_mixin.py:154} INFO - [2025-06-16T11:17:47.551-0300] {dag.py:2941} INFO - Sync 1 DAGs
[2025-06-16T11:17:47.572-0300] {logging_mixin.py:154} INFO - [2025-06-16T11:17:47.571-0300] {dag.py:3722} INFO - Setting next_dagrun for example_sensor_decorator to None, run_after=None
[2025-06-16T11:17:47.669-0300] {processor.py:179} INFO - Processing /mnt/c/Users/arcan/Documents/airflow/.venv/lib/python3.10/site-packages/airflow/example_dags/example_sensor_decorator.py took 0.202 seconds
[2025-06-16T11:18:50.616-0300] {processor.py:157} INFO - Started process (PID=48063) to work on /mnt/c/Users/arcan/Documents/airflow/.venv/lib/python3.10/site-packages/airflow/example_dags/example_sensor_decorator.py
[2025-06-16T11:18:50.618-0300] {processor.py:829} INFO - Processing file /mnt/c/Users/arcan/Documents/airflow/.venv/lib/python3.10/site-packages/airflow/example_dags/example_sensor_decorator.py for tasks to queue
[2025-06-16T11:18:50.619-0300] {logging_mixin.py:154} INFO - [2025-06-16T11:18:50.618-0300] {dagbag.py:536} INFO - Filling up the DagBag from /mnt/c/Users/arcan/Documents/airflow/.venv/lib/python3.10/site-packages/airflow/example_dags/example_sensor_decorator.py
[2025-06-16T11:18:50.649-0300] {processor.py:839} INFO - DAG(s) dict_keys(['example_sensor_decorator']) retrieved from /mnt/c/Users/arcan/Documents/airflow/.venv/lib/python3.10/site-packages/airflow/example_dags/example_sensor_decorator.py
[2025-06-16T11:18:50.691-0300] {logging_mixin.py:154} INFO - [2025-06-16T11:18:50.691-0300] {dag.py:2941} INFO - Sync 1 DAGs
[2025-06-16T11:18:50.709-0300] {logging_mixin.py:154} INFO - [2025-06-16T11:18:50.709-0300] {dag.py:3722} INFO - Setting next_dagrun for example_sensor_decorator to None, run_after=None
[2025-06-16T11:18:50.800-0300] {processor.py:179} INFO - Processing /mnt/c/Users/arcan/Documents/airflow/.venv/lib/python3.10/site-packages/airflow/example_dags/example_sensor_decorator.py took 0.189 seconds
[2025-06-16T11:19:53.683-0300] {processor.py:157} INFO - Started process (PID=48249) to work on /mnt/c/Users/arcan/Documents/airflow/.venv/lib/python3.10/site-packages/airflow/example_dags/example_sensor_decorator.py
[2025-06-16T11:19:53.685-0300] {processor.py:829} INFO - Processing file /mnt/c/Users/arcan/Documents/airflow/.venv/lib/python3.10/site-packages/airflow/example_dags/example_sensor_decorator.py for tasks to queue
[2025-06-16T11:19:53.687-0300] {logging_mixin.py:154} INFO - [2025-06-16T11:19:53.686-0300] {dagbag.py:536} INFO - Filling up the DagBag from /mnt/c/Users/arcan/Documents/airflow/.venv/lib/python3.10/site-packages/airflow/example_dags/example_sensor_decorator.py
[2025-06-16T11:19:53.724-0300] {processor.py:839} INFO - DAG(s) dict_keys(['example_sensor_decorator']) retrieved from /mnt/c/Users/arcan/Documents/airflow/.venv/lib/python3.10/site-packages/airflow/example_dags/example_sensor_decorator.py
[2025-06-16T11:19:53.765-0300] {logging_mixin.py:154} INFO - [2025-06-16T11:19:53.764-0300] {dag.py:2941} INFO - Sync 1 DAGs
[2025-06-16T11:19:53.781-0300] {logging_mixin.py:154} INFO - [2025-06-16T11:19:53.781-0300] {dag.py:3722} INFO - Setting next_dagrun for example_sensor_decorator to None, run_after=None
[2025-06-16T11:19:53.871-0300] {processor.py:179} INFO - Processing /mnt/c/Users/arcan/Documents/airflow/.venv/lib/python3.10/site-packages/airflow/example_dags/example_sensor_decorator.py took 0.192 seconds
[2025-06-16T11:20:53.430-0300] {processor.py:157} INFO - Started process (PID=48546) to work on /mnt/c/Users/arcan/Documents/airflow/.venv/lib/python3.10/site-packages/airflow/example_dags/example_sensor_decorator.py
[2025-06-16T11:20:53.432-0300] {processor.py:829} INFO - Processing file /mnt/c/Users/arcan/Documents/airflow/.venv/lib/python3.10/site-packages/airflow/example_dags/example_sensor_decorator.py for tasks to queue
[2025-06-16T11:20:53.433-0300] {logging_mixin.py:154} INFO - [2025-06-16T11:20:53.433-0300] {dagbag.py:536} INFO - Filling up the DagBag from /mnt/c/Users/arcan/Documents/airflow/.venv/lib/python3.10/site-packages/airflow/example_dags/example_sensor_decorator.py
[2025-06-16T11:20:53.463-0300] {processor.py:839} INFO - DAG(s) dict_keys(['example_sensor_decorator']) retrieved from /mnt/c/Users/arcan/Documents/airflow/.venv/lib/python3.10/site-packages/airflow/example_dags/example_sensor_decorator.py
[2025-06-16T11:20:53.503-0300] {logging_mixin.py:154} INFO - [2025-06-16T11:20:53.503-0300] {dag.py:2941} INFO - Sync 1 DAGs
[2025-06-16T11:20:53.520-0300] {logging_mixin.py:154} INFO - [2025-06-16T11:20:53.520-0300] {dag.py:3722} INFO - Setting next_dagrun for example_sensor_decorator to None, run_after=None
[2025-06-16T11:20:53.610-0300] {processor.py:179} INFO - Processing /mnt/c/Users/arcan/Documents/airflow/.venv/lib/python3.10/site-packages/airflow/example_dags/example_sensor_decorator.py took 0.184 seconds
[2025-06-16T11:22:02.223-0300] {processor.py:157} INFO - Started process (PID=48746) to work on /mnt/c/Users/arcan/Documents/airflow/.venv/lib/python3.10/site-packages/airflow/example_dags/example_sensor_decorator.py
[2025-06-16T11:22:02.225-0300] {processor.py:829} INFO - Processing file /mnt/c/Users/arcan/Documents/airflow/.venv/lib/python3.10/site-packages/airflow/example_dags/example_sensor_decorator.py for tasks to queue
[2025-06-16T11:22:02.227-0300] {logging_mixin.py:154} INFO - [2025-06-16T11:22:02.226-0300] {dagbag.py:536} INFO - Filling up the DagBag from /mnt/c/Users/arcan/Documents/airflow/.venv/lib/python3.10/site-packages/airflow/example_dags/example_sensor_decorator.py
[2025-06-16T11:22:02.257-0300] {processor.py:839} INFO - DAG(s) dict_keys(['example_sensor_decorator']) retrieved from /mnt/c/Users/arcan/Documents/airflow/.venv/lib/python3.10/site-packages/airflow/example_dags/example_sensor_decorator.py
[2025-06-16T11:22:02.299-0300] {logging_mixin.py:154} INFO - [2025-06-16T11:22:02.299-0300] {dag.py:2941} INFO - Sync 1 DAGs
[2025-06-16T11:22:02.318-0300] {logging_mixin.py:154} INFO - [2025-06-16T11:22:02.318-0300] {dag.py:3722} INFO - Setting next_dagrun for example_sensor_decorator to None, run_after=None
[2025-06-16T11:22:02.405-0300] {processor.py:179} INFO - Processing /mnt/c/Users/arcan/Documents/airflow/.venv/lib/python3.10/site-packages/airflow/example_dags/example_sensor_decorator.py took 0.186 seconds
[2025-06-16T11:23:00.740-0300] {processor.py:157} INFO - Started process (PID=48913) to work on /mnt/c/Users/arcan/Documents/airflow/.venv/lib/python3.10/site-packages/airflow/example_dags/example_sensor_decorator.py
[2025-06-16T11:23:00.742-0300] {processor.py:829} INFO - Processing file /mnt/c/Users/arcan/Documents/airflow/.venv/lib/python3.10/site-packages/airflow/example_dags/example_sensor_decorator.py for tasks to queue
[2025-06-16T11:23:00.744-0300] {logging_mixin.py:154} INFO - [2025-06-16T11:23:00.744-0300] {dagbag.py:536} INFO - Filling up the DagBag from /mnt/c/Users/arcan/Documents/airflow/.venv/lib/python3.10/site-packages/airflow/example_dags/example_sensor_decorator.py
[2025-06-16T11:23:00.777-0300] {processor.py:839} INFO - DAG(s) dict_keys(['example_sensor_decorator']) retrieved from /mnt/c/Users/arcan/Documents/airflow/.venv/lib/python3.10/site-packages/airflow/example_dags/example_sensor_decorator.py
[2025-06-16T11:23:00.815-0300] {logging_mixin.py:154} INFO - [2025-06-16T11:23:00.815-0300] {dag.py:2941} INFO - Sync 1 DAGs
[2025-06-16T11:23:00.831-0300] {logging_mixin.py:154} INFO - [2025-06-16T11:23:00.831-0300] {dag.py:3722} INFO - Setting next_dagrun for example_sensor_decorator to None, run_after=None
[2025-06-16T11:23:00.924-0300] {processor.py:179} INFO - Processing /mnt/c/Users/arcan/Documents/airflow/.venv/lib/python3.10/site-packages/airflow/example_dags/example_sensor_decorator.py took 0.187 seconds
[2025-06-16T11:23:58.961-0300] {processor.py:157} INFO - Started process (PID=49088) to work on /mnt/c/Users/arcan/Documents/airflow/.venv/lib/python3.10/site-packages/airflow/example_dags/example_sensor_decorator.py
[2025-06-16T11:23:58.963-0300] {processor.py:829} INFO - Processing file /mnt/c/Users/arcan/Documents/airflow/.venv/lib/python3.10/site-packages/airflow/example_dags/example_sensor_decorator.py for tasks to queue
[2025-06-16T11:23:58.964-0300] {logging_mixin.py:154} INFO - [2025-06-16T11:23:58.964-0300] {dagbag.py:536} INFO - Filling up the DagBag from /mnt/c/Users/arcan/Documents/airflow/.venv/lib/python3.10/site-packages/airflow/example_dags/example_sensor_decorator.py
[2025-06-16T11:23:58.996-0300] {processor.py:839} INFO - DAG(s) dict_keys(['example_sensor_decorator']) retrieved from /mnt/c/Users/arcan/Documents/airflow/.venv/lib/python3.10/site-packages/airflow/example_dags/example_sensor_decorator.py
[2025-06-16T11:23:59.044-0300] {logging_mixin.py:154} INFO - [2025-06-16T11:23:59.044-0300] {dag.py:2941} INFO - Sync 1 DAGs
[2025-06-16T11:23:59.064-0300] {logging_mixin.py:154} INFO - [2025-06-16T11:23:59.064-0300] {dag.py:3722} INFO - Setting next_dagrun for example_sensor_decorator to None, run_after=None
[2025-06-16T11:23:59.153-0300] {processor.py:179} INFO - Processing /mnt/c/Users/arcan/Documents/airflow/.venv/lib/python3.10/site-packages/airflow/example_dags/example_sensor_decorator.py took 0.196 seconds
[2025-06-16T11:25:02.684-0300] {processor.py:157} INFO - Started process (PID=49273) to work on /mnt/c/Users/arcan/Documents/airflow/.venv/lib/python3.10/site-packages/airflow/example_dags/example_sensor_decorator.py
[2025-06-16T11:25:02.686-0300] {processor.py:829} INFO - Processing file /mnt/c/Users/arcan/Documents/airflow/.venv/lib/python3.10/site-packages/airflow/example_dags/example_sensor_decorator.py for tasks to queue
[2025-06-16T11:25:02.688-0300] {logging_mixin.py:154} INFO - [2025-06-16T11:25:02.688-0300] {dagbag.py:536} INFO - Filling up the DagBag from /mnt/c/Users/arcan/Documents/airflow/.venv/lib/python3.10/site-packages/airflow/example_dags/example_sensor_decorator.py
[2025-06-16T11:25:02.721-0300] {processor.py:839} INFO - DAG(s) dict_keys(['example_sensor_decorator']) retrieved from /mnt/c/Users/arcan/Documents/airflow/.venv/lib/python3.10/site-packages/airflow/example_dags/example_sensor_decorator.py
[2025-06-16T11:25:02.760-0300] {logging_mixin.py:154} INFO - [2025-06-16T11:25:02.760-0300] {dag.py:2941} INFO - Sync 1 DAGs
[2025-06-16T11:25:02.775-0300] {logging_mixin.py:154} INFO - [2025-06-16T11:25:02.775-0300] {dag.py:3722} INFO - Setting next_dagrun for example_sensor_decorator to None, run_after=None
[2025-06-16T11:25:02.860-0300] {processor.py:179} INFO - Processing /mnt/c/Users/arcan/Documents/airflow/.venv/lib/python3.10/site-packages/airflow/example_dags/example_sensor_decorator.py took 0.180 seconds
[2025-06-16T11:26:05.298-0300] {processor.py:157} INFO - Started process (PID=49456) to work on /mnt/c/Users/arcan/Documents/airflow/.venv/lib/python3.10/site-packages/airflow/example_dags/example_sensor_decorator.py
[2025-06-16T11:26:05.301-0300] {processor.py:829} INFO - Processing file /mnt/c/Users/arcan/Documents/airflow/.venv/lib/python3.10/site-packages/airflow/example_dags/example_sensor_decorator.py for tasks to queue
[2025-06-16T11:26:05.303-0300] {logging_mixin.py:154} INFO - [2025-06-16T11:26:05.302-0300] {dagbag.py:536} INFO - Filling up the DagBag from /mnt/c/Users/arcan/Documents/airflow/.venv/lib/python3.10/site-packages/airflow/example_dags/example_sensor_decorator.py
[2025-06-16T11:26:05.335-0300] {processor.py:839} INFO - DAG(s) dict_keys(['example_sensor_decorator']) retrieved from /mnt/c/Users/arcan/Documents/airflow/.venv/lib/python3.10/site-packages/airflow/example_dags/example_sensor_decorator.py
[2025-06-16T11:26:05.379-0300] {logging_mixin.py:154} INFO - [2025-06-16T11:26:05.379-0300] {dag.py:2941} INFO - Sync 1 DAGs
[2025-06-16T11:26:05.397-0300] {logging_mixin.py:154} INFO - [2025-06-16T11:26:05.397-0300] {dag.py:3722} INFO - Setting next_dagrun for example_sensor_decorator to None, run_after=None
[2025-06-16T11:26:05.494-0300] {processor.py:179} INFO - Processing /mnt/c/Users/arcan/Documents/airflow/.venv/lib/python3.10/site-packages/airflow/example_dags/example_sensor_decorator.py took 0.200 seconds
[2025-06-16T11:27:10.605-0300] {processor.py:157} INFO - Started process (PID=49646) to work on /mnt/c/Users/arcan/Documents/airflow/.venv/lib/python3.10/site-packages/airflow/example_dags/example_sensor_decorator.py
[2025-06-16T11:27:10.606-0300] {processor.py:829} INFO - Processing file /mnt/c/Users/arcan/Documents/airflow/.venv/lib/python3.10/site-packages/airflow/example_dags/example_sensor_decorator.py for tasks to queue
[2025-06-16T11:27:10.608-0300] {logging_mixin.py:154} INFO - [2025-06-16T11:27:10.608-0300] {dagbag.py:536} INFO - Filling up the DagBag from /mnt/c/Users/arcan/Documents/airflow/.venv/lib/python3.10/site-packages/airflow/example_dags/example_sensor_decorator.py
[2025-06-16T11:27:10.640-0300] {processor.py:839} INFO - DAG(s) dict_keys(['example_sensor_decorator']) retrieved from /mnt/c/Users/arcan/Documents/airflow/.venv/lib/python3.10/site-packages/airflow/example_dags/example_sensor_decorator.py
[2025-06-16T11:27:10.684-0300] {logging_mixin.py:154} INFO - [2025-06-16T11:27:10.684-0300] {dag.py:2941} INFO - Sync 1 DAGs
[2025-06-16T11:27:10.703-0300] {logging_mixin.py:154} INFO - [2025-06-16T11:27:10.703-0300] {dag.py:3722} INFO - Setting next_dagrun for example_sensor_decorator to None, run_after=None
[2025-06-16T11:27:10.794-0300] {processor.py:179} INFO - Processing /mnt/c/Users/arcan/Documents/airflow/.venv/lib/python3.10/site-packages/airflow/example_dags/example_sensor_decorator.py took 0.194 seconds
[2025-06-16T11:28:17.158-0300] {processor.py:157} INFO - Started process (PID=49960) to work on /mnt/c/Users/arcan/Documents/airflow/.venv/lib/python3.10/site-packages/airflow/example_dags/example_sensor_decorator.py
[2025-06-16T11:28:17.160-0300] {processor.py:829} INFO - Processing file /mnt/c/Users/arcan/Documents/airflow/.venv/lib/python3.10/site-packages/airflow/example_dags/example_sensor_decorator.py for tasks to queue
[2025-06-16T11:28:17.162-0300] {logging_mixin.py:154} INFO - [2025-06-16T11:28:17.161-0300] {dagbag.py:536} INFO - Filling up the DagBag from /mnt/c/Users/arcan/Documents/airflow/.venv/lib/python3.10/site-packages/airflow/example_dags/example_sensor_decorator.py
[2025-06-16T11:28:17.194-0300] {processor.py:839} INFO - DAG(s) dict_keys(['example_sensor_decorator']) retrieved from /mnt/c/Users/arcan/Documents/airflow/.venv/lib/python3.10/site-packages/airflow/example_dags/example_sensor_decorator.py
[2025-06-16T11:28:17.235-0300] {logging_mixin.py:154} INFO - [2025-06-16T11:28:17.235-0300] {dag.py:2941} INFO - Sync 1 DAGs
[2025-06-16T11:28:17.252-0300] {logging_mixin.py:154} INFO - [2025-06-16T11:28:17.252-0300] {dag.py:3722} INFO - Setting next_dagrun for example_sensor_decorator to None, run_after=None
[2025-06-16T11:28:17.339-0300] {processor.py:179} INFO - Processing /mnt/c/Users/arcan/Documents/airflow/.venv/lib/python3.10/site-packages/airflow/example_dags/example_sensor_decorator.py took 0.184 seconds
[2025-06-16T11:29:24.086-0300] {processor.py:157} INFO - Started process (PID=50159) to work on /mnt/c/Users/arcan/Documents/airflow/.venv/lib/python3.10/site-packages/airflow/example_dags/example_sensor_decorator.py
[2025-06-16T11:29:24.088-0300] {processor.py:829} INFO - Processing file /mnt/c/Users/arcan/Documents/airflow/.venv/lib/python3.10/site-packages/airflow/example_dags/example_sensor_decorator.py for tasks to queue
[2025-06-16T11:29:24.090-0300] {logging_mixin.py:154} INFO - [2025-06-16T11:29:24.089-0300] {dagbag.py:536} INFO - Filling up the DagBag from /mnt/c/Users/arcan/Documents/airflow/.venv/lib/python3.10/site-packages/airflow/example_dags/example_sensor_decorator.py
[2025-06-16T11:29:24.121-0300] {processor.py:839} INFO - DAG(s) dict_keys(['example_sensor_decorator']) retrieved from /mnt/c/Users/arcan/Documents/airflow/.venv/lib/python3.10/site-packages/airflow/example_dags/example_sensor_decorator.py
[2025-06-16T11:29:24.163-0300] {logging_mixin.py:154} INFO - [2025-06-16T11:29:24.162-0300] {dag.py:2941} INFO - Sync 1 DAGs
[2025-06-16T11:29:24.180-0300] {logging_mixin.py:154} INFO - [2025-06-16T11:29:24.180-0300] {dag.py:3722} INFO - Setting next_dagrun for example_sensor_decorator to None, run_after=None
[2025-06-16T11:29:24.270-0300] {processor.py:179} INFO - Processing /mnt/c/Users/arcan/Documents/airflow/.venv/lib/python3.10/site-packages/airflow/example_dags/example_sensor_decorator.py took 0.188 seconds
[2025-06-16T11:30:27.106-0300] {processor.py:157} INFO - Started process (PID=50343) to work on /mnt/c/Users/arcan/Documents/airflow/.venv/lib/python3.10/site-packages/airflow/example_dags/example_sensor_decorator.py
[2025-06-16T11:30:27.108-0300] {processor.py:829} INFO - Processing file /mnt/c/Users/arcan/Documents/airflow/.venv/lib/python3.10/site-packages/airflow/example_dags/example_sensor_decorator.py for tasks to queue
[2025-06-16T11:30:27.110-0300] {logging_mixin.py:154} INFO - [2025-06-16T11:30:27.109-0300] {dagbag.py:536} INFO - Filling up the DagBag from /mnt/c/Users/arcan/Documents/airflow/.venv/lib/python3.10/site-packages/airflow/example_dags/example_sensor_decorator.py
[2025-06-16T11:30:27.143-0300] {processor.py:839} INFO - DAG(s) dict_keys(['example_sensor_decorator']) retrieved from /mnt/c/Users/arcan/Documents/airflow/.venv/lib/python3.10/site-packages/airflow/example_dags/example_sensor_decorator.py
[2025-06-16T11:30:27.184-0300] {logging_mixin.py:154} INFO - [2025-06-16T11:30:27.184-0300] {dag.py:2941} INFO - Sync 1 DAGs
[2025-06-16T11:30:27.201-0300] {logging_mixin.py:154} INFO - [2025-06-16T11:30:27.200-0300] {dag.py:3722} INFO - Setting next_dagrun for example_sensor_decorator to None, run_after=None
[2025-06-16T11:30:27.296-0300] {processor.py:179} INFO - Processing /mnt/c/Users/arcan/Documents/airflow/.venv/lib/python3.10/site-packages/airflow/example_dags/example_sensor_decorator.py took 0.194 seconds
[2025-06-16T11:31:35.219-0300] {processor.py:157} INFO - Started process (PID=50540) to work on /mnt/c/Users/arcan/Documents/airflow/.venv/lib/python3.10/site-packages/airflow/example_dags/example_sensor_decorator.py
[2025-06-16T11:31:35.221-0300] {processor.py:829} INFO - Processing file /mnt/c/Users/arcan/Documents/airflow/.venv/lib/python3.10/site-packages/airflow/example_dags/example_sensor_decorator.py for tasks to queue
[2025-06-16T11:31:35.222-0300] {logging_mixin.py:154} INFO - [2025-06-16T11:31:35.222-0300] {dagbag.py:536} INFO - Filling up the DagBag from /mnt/c/Users/arcan/Documents/airflow/.venv/lib/python3.10/site-packages/airflow/example_dags/example_sensor_decorator.py
[2025-06-16T11:31:35.254-0300] {processor.py:839} INFO - DAG(s) dict_keys(['example_sensor_decorator']) retrieved from /mnt/c/Users/arcan/Documents/airflow/.venv/lib/python3.10/site-packages/airflow/example_dags/example_sensor_decorator.py
[2025-06-16T11:31:35.296-0300] {logging_mixin.py:154} INFO - [2025-06-16T11:31:35.296-0300] {dag.py:2941} INFO - Sync 1 DAGs
[2025-06-16T11:31:35.313-0300] {logging_mixin.py:154} INFO - [2025-06-16T11:31:35.313-0300] {dag.py:3722} INFO - Setting next_dagrun for example_sensor_decorator to None, run_after=None
[2025-06-16T11:31:35.408-0300] {processor.py:179} INFO - Processing /mnt/c/Users/arcan/Documents/airflow/.venv/lib/python3.10/site-packages/airflow/example_dags/example_sensor_decorator.py took 0.193 seconds
[2025-06-16T11:32:45.442-0300] {processor.py:157} INFO - Started process (PID=50749) to work on /mnt/c/Users/arcan/Documents/airflow/.venv/lib/python3.10/site-packages/airflow/example_dags/example_sensor_decorator.py
[2025-06-16T11:32:45.444-0300] {processor.py:829} INFO - Processing file /mnt/c/Users/arcan/Documents/airflow/.venv/lib/python3.10/site-packages/airflow/example_dags/example_sensor_decorator.py for tasks to queue
[2025-06-16T11:32:45.446-0300] {logging_mixin.py:154} INFO - [2025-06-16T11:32:45.445-0300] {dagbag.py:536} INFO - Filling up the DagBag from /mnt/c/Users/arcan/Documents/airflow/.venv/lib/python3.10/site-packages/airflow/example_dags/example_sensor_decorator.py
[2025-06-16T11:32:45.482-0300] {processor.py:839} INFO - DAG(s) dict_keys(['example_sensor_decorator']) retrieved from /mnt/c/Users/arcan/Documents/airflow/.venv/lib/python3.10/site-packages/airflow/example_dags/example_sensor_decorator.py
[2025-06-16T11:32:45.522-0300] {logging_mixin.py:154} INFO - [2025-06-16T11:32:45.521-0300] {dag.py:2941} INFO - Sync 1 DAGs
[2025-06-16T11:32:45.542-0300] {logging_mixin.py:154} INFO - [2025-06-16T11:32:45.541-0300] {dag.py:3722} INFO - Setting next_dagrun for example_sensor_decorator to None, run_after=None
[2025-06-16T11:32:45.643-0300] {processor.py:179} INFO - Processing /mnt/c/Users/arcan/Documents/airflow/.venv/lib/python3.10/site-packages/airflow/example_dags/example_sensor_decorator.py took 0.205 seconds
[2025-06-16T11:33:48.066-0300] {processor.py:157} INFO - Started process (PID=50930) to work on /mnt/c/Users/arcan/Documents/airflow/.venv/lib/python3.10/site-packages/airflow/example_dags/example_sensor_decorator.py
[2025-06-16T11:33:48.067-0300] {processor.py:829} INFO - Processing file /mnt/c/Users/arcan/Documents/airflow/.venv/lib/python3.10/site-packages/airflow/example_dags/example_sensor_decorator.py for tasks to queue
[2025-06-16T11:33:48.070-0300] {logging_mixin.py:154} INFO - [2025-06-16T11:33:48.069-0300] {dagbag.py:536} INFO - Filling up the DagBag from /mnt/c/Users/arcan/Documents/airflow/.venv/lib/python3.10/site-packages/airflow/example_dags/example_sensor_decorator.py
[2025-06-16T11:33:48.104-0300] {processor.py:839} INFO - DAG(s) dict_keys(['example_sensor_decorator']) retrieved from /mnt/c/Users/arcan/Documents/airflow/.venv/lib/python3.10/site-packages/airflow/example_dags/example_sensor_decorator.py
[2025-06-16T11:33:48.142-0300] {logging_mixin.py:154} INFO - [2025-06-16T11:33:48.142-0300] {dag.py:2941} INFO - Sync 1 DAGs
[2025-06-16T11:33:48.160-0300] {logging_mixin.py:154} INFO - [2025-06-16T11:33:48.160-0300] {dag.py:3722} INFO - Setting next_dagrun for example_sensor_decorator to None, run_after=None
[2025-06-16T11:33:48.256-0300] {processor.py:179} INFO - Processing /mnt/c/Users/arcan/Documents/airflow/.venv/lib/python3.10/site-packages/airflow/example_dags/example_sensor_decorator.py took 0.194 seconds
[2025-06-16T11:34:51.256-0300] {processor.py:157} INFO - Started process (PID=51240) to work on /mnt/c/Users/arcan/Documents/airflow/.venv/lib/python3.10/site-packages/airflow/example_dags/example_sensor_decorator.py
[2025-06-16T11:34:51.258-0300] {processor.py:829} INFO - Processing file /mnt/c/Users/arcan/Documents/airflow/.venv/lib/python3.10/site-packages/airflow/example_dags/example_sensor_decorator.py for tasks to queue
[2025-06-16T11:34:51.259-0300] {logging_mixin.py:154} INFO - [2025-06-16T11:34:51.259-0300] {dagbag.py:536} INFO - Filling up the DagBag from /mnt/c/Users/arcan/Documents/airflow/.venv/lib/python3.10/site-packages/airflow/example_dags/example_sensor_decorator.py
[2025-06-16T11:34:51.292-0300] {processor.py:839} INFO - DAG(s) dict_keys(['example_sensor_decorator']) retrieved from /mnt/c/Users/arcan/Documents/airflow/.venv/lib/python3.10/site-packages/airflow/example_dags/example_sensor_decorator.py
[2025-06-16T11:34:51.330-0300] {logging_mixin.py:154} INFO - [2025-06-16T11:34:51.329-0300] {dag.py:2941} INFO - Sync 1 DAGs
[2025-06-16T11:34:51.347-0300] {logging_mixin.py:154} INFO - [2025-06-16T11:34:51.347-0300] {dag.py:3722} INFO - Setting next_dagrun for example_sensor_decorator to None, run_after=None
[2025-06-16T11:34:51.443-0300] {processor.py:179} INFO - Processing /mnt/c/Users/arcan/Documents/airflow/.venv/lib/python3.10/site-packages/airflow/example_dags/example_sensor_decorator.py took 0.192 seconds
[2025-06-16T11:35:49.482-0300] {processor.py:157} INFO - Started process (PID=51416) to work on /mnt/c/Users/arcan/Documents/airflow/.venv/lib/python3.10/site-packages/airflow/example_dags/example_sensor_decorator.py
[2025-06-16T11:35:49.484-0300] {processor.py:829} INFO - Processing file /mnt/c/Users/arcan/Documents/airflow/.venv/lib/python3.10/site-packages/airflow/example_dags/example_sensor_decorator.py for tasks to queue
[2025-06-16T11:35:49.485-0300] {logging_mixin.py:154} INFO - [2025-06-16T11:35:49.485-0300] {dagbag.py:536} INFO - Filling up the DagBag from /mnt/c/Users/arcan/Documents/airflow/.venv/lib/python3.10/site-packages/airflow/example_dags/example_sensor_decorator.py
[2025-06-16T11:35:49.519-0300] {processor.py:839} INFO - DAG(s) dict_keys(['example_sensor_decorator']) retrieved from /mnt/c/Users/arcan/Documents/airflow/.venv/lib/python3.10/site-packages/airflow/example_dags/example_sensor_decorator.py
[2025-06-16T11:35:49.566-0300] {logging_mixin.py:154} INFO - [2025-06-16T11:35:49.565-0300] {dag.py:2941} INFO - Sync 1 DAGs
[2025-06-16T11:35:49.585-0300] {logging_mixin.py:154} INFO - [2025-06-16T11:35:49.585-0300] {dag.py:3722} INFO - Setting next_dagrun for example_sensor_decorator to None, run_after=None
[2025-06-16T11:35:49.680-0300] {processor.py:179} INFO - Processing /mnt/c/Users/arcan/Documents/airflow/.venv/lib/python3.10/site-packages/airflow/example_dags/example_sensor_decorator.py took 0.202 seconds
[2025-06-16T11:36:56.171-0300] {processor.py:157} INFO - Started process (PID=51616) to work on /mnt/c/Users/arcan/Documents/airflow/.venv/lib/python3.10/site-packages/airflow/example_dags/example_sensor_decorator.py
[2025-06-16T11:36:56.172-0300] {processor.py:829} INFO - Processing file /mnt/c/Users/arcan/Documents/airflow/.venv/lib/python3.10/site-packages/airflow/example_dags/example_sensor_decorator.py for tasks to queue
[2025-06-16T11:36:56.174-0300] {logging_mixin.py:154} INFO - [2025-06-16T11:36:56.174-0300] {dagbag.py:536} INFO - Filling up the DagBag from /mnt/c/Users/arcan/Documents/airflow/.venv/lib/python3.10/site-packages/airflow/example_dags/example_sensor_decorator.py
[2025-06-16T11:36:56.207-0300] {processor.py:839} INFO - DAG(s) dict_keys(['example_sensor_decorator']) retrieved from /mnt/c/Users/arcan/Documents/airflow/.venv/lib/python3.10/site-packages/airflow/example_dags/example_sensor_decorator.py
[2025-06-16T11:36:56.248-0300] {logging_mixin.py:154} INFO - [2025-06-16T11:36:56.248-0300] {dag.py:2941} INFO - Sync 1 DAGs
[2025-06-16T11:36:56.268-0300] {logging_mixin.py:154} INFO - [2025-06-16T11:36:56.268-0300] {dag.py:3722} INFO - Setting next_dagrun for example_sensor_decorator to None, run_after=None
[2025-06-16T11:36:56.362-0300] {processor.py:179} INFO - Processing /mnt/c/Users/arcan/Documents/airflow/.venv/lib/python3.10/site-packages/airflow/example_dags/example_sensor_decorator.py took 0.195 seconds
[2025-06-16T11:38:03.184-0300] {processor.py:157} INFO - Started process (PID=51807) to work on /mnt/c/Users/arcan/Documents/airflow/.venv/lib/python3.10/site-packages/airflow/example_dags/example_sensor_decorator.py
[2025-06-16T11:38:03.186-0300] {processor.py:829} INFO - Processing file /mnt/c/Users/arcan/Documents/airflow/.venv/lib/python3.10/site-packages/airflow/example_dags/example_sensor_decorator.py for tasks to queue
[2025-06-16T11:38:03.187-0300] {logging_mixin.py:154} INFO - [2025-06-16T11:38:03.187-0300] {dagbag.py:536} INFO - Filling up the DagBag from /mnt/c/Users/arcan/Documents/airflow/.venv/lib/python3.10/site-packages/airflow/example_dags/example_sensor_decorator.py
[2025-06-16T11:38:03.221-0300] {processor.py:839} INFO - DAG(s) dict_keys(['example_sensor_decorator']) retrieved from /mnt/c/Users/arcan/Documents/airflow/.venv/lib/python3.10/site-packages/airflow/example_dags/example_sensor_decorator.py
[2025-06-16T11:38:03.261-0300] {logging_mixin.py:154} INFO - [2025-06-16T11:38:03.261-0300] {dag.py:2941} INFO - Sync 1 DAGs
[2025-06-16T11:38:03.276-0300] {logging_mixin.py:154} INFO - [2025-06-16T11:38:03.276-0300] {dag.py:3722} INFO - Setting next_dagrun for example_sensor_decorator to None, run_after=None
[2025-06-16T11:38:03.362-0300] {processor.py:179} INFO - Processing /mnt/c/Users/arcan/Documents/airflow/.venv/lib/python3.10/site-packages/airflow/example_dags/example_sensor_decorator.py took 0.182 seconds
[2025-06-16T11:39:11.670-0300] {processor.py:157} INFO - Started process (PID=52011) to work on /mnt/c/Users/arcan/Documents/airflow/.venv/lib/python3.10/site-packages/airflow/example_dags/example_sensor_decorator.py
[2025-06-16T11:39:11.672-0300] {processor.py:829} INFO - Processing file /mnt/c/Users/arcan/Documents/airflow/.venv/lib/python3.10/site-packages/airflow/example_dags/example_sensor_decorator.py for tasks to queue
[2025-06-16T11:39:11.674-0300] {logging_mixin.py:154} INFO - [2025-06-16T11:39:11.673-0300] {dagbag.py:536} INFO - Filling up the DagBag from /mnt/c/Users/arcan/Documents/airflow/.venv/lib/python3.10/site-packages/airflow/example_dags/example_sensor_decorator.py
[2025-06-16T11:39:11.706-0300] {processor.py:839} INFO - DAG(s) dict_keys(['example_sensor_decorator']) retrieved from /mnt/c/Users/arcan/Documents/airflow/.venv/lib/python3.10/site-packages/airflow/example_dags/example_sensor_decorator.py
[2025-06-16T11:39:11.747-0300] {logging_mixin.py:154} INFO - [2025-06-16T11:39:11.747-0300] {dag.py:2941} INFO - Sync 1 DAGs
[2025-06-16T11:39:11.764-0300] {logging_mixin.py:154} INFO - [2025-06-16T11:39:11.764-0300] {dag.py:3722} INFO - Setting next_dagrun for example_sensor_decorator to None, run_after=None
[2025-06-16T11:39:11.853-0300] {processor.py:179} INFO - Processing /mnt/c/Users/arcan/Documents/airflow/.venv/lib/python3.10/site-packages/airflow/example_dags/example_sensor_decorator.py took 0.187 seconds
[2025-06-16T11:40:20.591-0300] {processor.py:157} INFO - Started process (PID=52213) to work on /mnt/c/Users/arcan/Documents/airflow/.venv/lib/python3.10/site-packages/airflow/example_dags/example_sensor_decorator.py
[2025-06-16T11:40:20.593-0300] {processor.py:829} INFO - Processing file /mnt/c/Users/arcan/Documents/airflow/.venv/lib/python3.10/site-packages/airflow/example_dags/example_sensor_decorator.py for tasks to queue
[2025-06-16T11:40:20.594-0300] {logging_mixin.py:154} INFO - [2025-06-16T11:40:20.594-0300] {dagbag.py:536} INFO - Filling up the DagBag from /mnt/c/Users/arcan/Documents/airflow/.venv/lib/python3.10/site-packages/airflow/example_dags/example_sensor_decorator.py
[2025-06-16T11:40:20.624-0300] {processor.py:839} INFO - DAG(s) dict_keys(['example_sensor_decorator']) retrieved from /mnt/c/Users/arcan/Documents/airflow/.venv/lib/python3.10/site-packages/airflow/example_dags/example_sensor_decorator.py
[2025-06-16T11:40:20.661-0300] {logging_mixin.py:154} INFO - [2025-06-16T11:40:20.661-0300] {dag.py:2941} INFO - Sync 1 DAGs
[2025-06-16T11:40:20.678-0300] {logging_mixin.py:154} INFO - [2025-06-16T11:40:20.678-0300] {dag.py:3722} INFO - Setting next_dagrun for example_sensor_decorator to None, run_after=None
[2025-06-16T11:40:20.765-0300] {processor.py:179} INFO - Processing /mnt/c/Users/arcan/Documents/airflow/.venv/lib/python3.10/site-packages/airflow/example_dags/example_sensor_decorator.py took 0.177 seconds
[2025-06-16T11:41:21.607-0300] {processor.py:157} INFO - Started process (PID=52398) to work on /mnt/c/Users/arcan/Documents/airflow/.venv/lib/python3.10/site-packages/airflow/example_dags/example_sensor_decorator.py
[2025-06-16T11:41:21.609-0300] {processor.py:829} INFO - Processing file /mnt/c/Users/arcan/Documents/airflow/.venv/lib/python3.10/site-packages/airflow/example_dags/example_sensor_decorator.py for tasks to queue
[2025-06-16T11:41:21.612-0300] {logging_mixin.py:154} INFO - [2025-06-16T11:41:21.611-0300] {dagbag.py:536} INFO - Filling up the DagBag from /mnt/c/Users/arcan/Documents/airflow/.venv/lib/python3.10/site-packages/airflow/example_dags/example_sensor_decorator.py
[2025-06-16T11:41:21.650-0300] {processor.py:839} INFO - DAG(s) dict_keys(['example_sensor_decorator']) retrieved from /mnt/c/Users/arcan/Documents/airflow/.venv/lib/python3.10/site-packages/airflow/example_dags/example_sensor_decorator.py
[2025-06-16T11:41:21.694-0300] {logging_mixin.py:154} INFO - [2025-06-16T11:41:21.694-0300] {dag.py:2941} INFO - Sync 1 DAGs
[2025-06-16T11:41:21.714-0300] {logging_mixin.py:154} INFO - [2025-06-16T11:41:21.714-0300] {dag.py:3722} INFO - Setting next_dagrun for example_sensor_decorator to None, run_after=None
[2025-06-16T11:41:21.820-0300] {processor.py:179} INFO - Processing /mnt/c/Users/arcan/Documents/airflow/.venv/lib/python3.10/site-packages/airflow/example_dags/example_sensor_decorator.py took 0.218 seconds
[2025-06-16T11:42:31.149-0300] {processor.py:157} INFO - Started process (PID=52722) to work on /mnt/c/Users/arcan/Documents/airflow/.venv/lib/python3.10/site-packages/airflow/example_dags/example_sensor_decorator.py
[2025-06-16T11:42:31.151-0300] {processor.py:829} INFO - Processing file /mnt/c/Users/arcan/Documents/airflow/.venv/lib/python3.10/site-packages/airflow/example_dags/example_sensor_decorator.py for tasks to queue
[2025-06-16T11:42:31.152-0300] {logging_mixin.py:154} INFO - [2025-06-16T11:42:31.152-0300] {dagbag.py:536} INFO - Filling up the DagBag from /mnt/c/Users/arcan/Documents/airflow/.venv/lib/python3.10/site-packages/airflow/example_dags/example_sensor_decorator.py
[2025-06-16T11:42:31.187-0300] {processor.py:839} INFO - DAG(s) dict_keys(['example_sensor_decorator']) retrieved from /mnt/c/Users/arcan/Documents/airflow/.venv/lib/python3.10/site-packages/airflow/example_dags/example_sensor_decorator.py
[2025-06-16T11:42:31.224-0300] {logging_mixin.py:154} INFO - [2025-06-16T11:42:31.224-0300] {dag.py:2941} INFO - Sync 1 DAGs
[2025-06-16T11:42:31.376-0300] {logging_mixin.py:154} INFO - [2025-06-16T11:42:31.376-0300] {dag.py:3722} INFO - Setting next_dagrun for example_sensor_decorator to None, run_after=None
[2025-06-16T11:42:31.465-0300] {processor.py:179} INFO - Processing /mnt/c/Users/arcan/Documents/airflow/.venv/lib/python3.10/site-packages/airflow/example_dags/example_sensor_decorator.py took 0.320 seconds
[2025-06-16T11:43:39.401-0300] {processor.py:157} INFO - Started process (PID=52921) to work on /mnt/c/Users/arcan/Documents/airflow/.venv/lib/python3.10/site-packages/airflow/example_dags/example_sensor_decorator.py
[2025-06-16T11:43:39.403-0300] {processor.py:829} INFO - Processing file /mnt/c/Users/arcan/Documents/airflow/.venv/lib/python3.10/site-packages/airflow/example_dags/example_sensor_decorator.py for tasks to queue
[2025-06-16T11:43:39.405-0300] {logging_mixin.py:154} INFO - [2025-06-16T11:43:39.404-0300] {dagbag.py:536} INFO - Filling up the DagBag from /mnt/c/Users/arcan/Documents/airflow/.venv/lib/python3.10/site-packages/airflow/example_dags/example_sensor_decorator.py
[2025-06-16T11:43:39.442-0300] {processor.py:839} INFO - DAG(s) dict_keys(['example_sensor_decorator']) retrieved from /mnt/c/Users/arcan/Documents/airflow/.venv/lib/python3.10/site-packages/airflow/example_dags/example_sensor_decorator.py
[2025-06-16T11:43:39.491-0300] {logging_mixin.py:154} INFO - [2025-06-16T11:43:39.491-0300] {dag.py:2941} INFO - Sync 1 DAGs
[2025-06-16T11:43:39.510-0300] {logging_mixin.py:154} INFO - [2025-06-16T11:43:39.509-0300] {dag.py:3722} INFO - Setting next_dagrun for example_sensor_decorator to None, run_after=None
[2025-06-16T11:43:39.600-0300] {processor.py:179} INFO - Processing /mnt/c/Users/arcan/Documents/airflow/.venv/lib/python3.10/site-packages/airflow/example_dags/example_sensor_decorator.py took 0.203 seconds
[2025-06-16T11:44:50.163-0300] {processor.py:157} INFO - Started process (PID=53125) to work on /mnt/c/Users/arcan/Documents/airflow/.venv/lib/python3.10/site-packages/airflow/example_dags/example_sensor_decorator.py
[2025-06-16T11:44:50.165-0300] {processor.py:829} INFO - Processing file /mnt/c/Users/arcan/Documents/airflow/.venv/lib/python3.10/site-packages/airflow/example_dags/example_sensor_decorator.py for tasks to queue
[2025-06-16T11:44:50.167-0300] {logging_mixin.py:154} INFO - [2025-06-16T11:44:50.166-0300] {dagbag.py:536} INFO - Filling up the DagBag from /mnt/c/Users/arcan/Documents/airflow/.venv/lib/python3.10/site-packages/airflow/example_dags/example_sensor_decorator.py
[2025-06-16T11:44:50.196-0300] {processor.py:839} INFO - DAG(s) dict_keys(['example_sensor_decorator']) retrieved from /mnt/c/Users/arcan/Documents/airflow/.venv/lib/python3.10/site-packages/airflow/example_dags/example_sensor_decorator.py
[2025-06-16T11:44:50.237-0300] {logging_mixin.py:154} INFO - [2025-06-16T11:44:50.237-0300] {dag.py:2941} INFO - Sync 1 DAGs
[2025-06-16T11:44:50.255-0300] {logging_mixin.py:154} INFO - [2025-06-16T11:44:50.255-0300] {dag.py:3722} INFO - Setting next_dagrun for example_sensor_decorator to None, run_after=None
[2025-06-16T11:44:50.348-0300] {processor.py:179} INFO - Processing /mnt/c/Users/arcan/Documents/airflow/.venv/lib/python3.10/site-packages/airflow/example_dags/example_sensor_decorator.py took 0.188 seconds
[2025-06-16T11:45:52.789-0300] {processor.py:157} INFO - Started process (PID=53310) to work on /mnt/c/Users/arcan/Documents/airflow/.venv/lib/python3.10/site-packages/airflow/example_dags/example_sensor_decorator.py
[2025-06-16T11:45:52.792-0300] {processor.py:829} INFO - Processing file /mnt/c/Users/arcan/Documents/airflow/.venv/lib/python3.10/site-packages/airflow/example_dags/example_sensor_decorator.py for tasks to queue
[2025-06-16T11:45:52.793-0300] {logging_mixin.py:154} INFO - [2025-06-16T11:45:52.793-0300] {dagbag.py:536} INFO - Filling up the DagBag from /mnt/c/Users/arcan/Documents/airflow/.venv/lib/python3.10/site-packages/airflow/example_dags/example_sensor_decorator.py
[2025-06-16T11:45:52.824-0300] {processor.py:839} INFO - DAG(s) dict_keys(['example_sensor_decorator']) retrieved from /mnt/c/Users/arcan/Documents/airflow/.venv/lib/python3.10/site-packages/airflow/example_dags/example_sensor_decorator.py
[2025-06-16T11:45:52.865-0300] {logging_mixin.py:154} INFO - [2025-06-16T11:45:52.864-0300] {dag.py:2941} INFO - Sync 1 DAGs
[2025-06-16T11:45:52.879-0300] {logging_mixin.py:154} INFO - [2025-06-16T11:45:52.879-0300] {dag.py:3722} INFO - Setting next_dagrun for example_sensor_decorator to None, run_after=None
[2025-06-16T11:45:53.085-0300] {processor.py:179} INFO - Processing /mnt/c/Users/arcan/Documents/airflow/.venv/lib/python3.10/site-packages/airflow/example_dags/example_sensor_decorator.py took 0.300 seconds
[2025-06-16T11:47:03.961-0300] {processor.py:157} INFO - Started process (PID=53522) to work on /mnt/c/Users/arcan/Documents/airflow/.venv/lib/python3.10/site-packages/airflow/example_dags/example_sensor_decorator.py
[2025-06-16T11:47:03.963-0300] {processor.py:829} INFO - Processing file /mnt/c/Users/arcan/Documents/airflow/.venv/lib/python3.10/site-packages/airflow/example_dags/example_sensor_decorator.py for tasks to queue
[2025-06-16T11:47:03.964-0300] {logging_mixin.py:154} INFO - [2025-06-16T11:47:03.964-0300] {dagbag.py:536} INFO - Filling up the DagBag from /mnt/c/Users/arcan/Documents/airflow/.venv/lib/python3.10/site-packages/airflow/example_dags/example_sensor_decorator.py
[2025-06-16T11:47:04.006-0300] {processor.py:839} INFO - DAG(s) dict_keys(['example_sensor_decorator']) retrieved from /mnt/c/Users/arcan/Documents/airflow/.venv/lib/python3.10/site-packages/airflow/example_dags/example_sensor_decorator.py
[2025-06-16T11:47:04.052-0300] {logging_mixin.py:154} INFO - [2025-06-16T11:47:04.051-0300] {dag.py:2941} INFO - Sync 1 DAGs
[2025-06-16T11:47:04.070-0300] {logging_mixin.py:154} INFO - [2025-06-16T11:47:04.070-0300] {dag.py:3722} INFO - Setting next_dagrun for example_sensor_decorator to None, run_after=None
[2025-06-16T11:47:04.161-0300] {processor.py:179} INFO - Processing /mnt/c/Users/arcan/Documents/airflow/.venv/lib/python3.10/site-packages/airflow/example_dags/example_sensor_decorator.py took 0.205 seconds
[2025-06-16T11:48:05.887-0300] {processor.py:157} INFO - Started process (PID=53705) to work on /mnt/c/Users/arcan/Documents/airflow/.venv/lib/python3.10/site-packages/airflow/example_dags/example_sensor_decorator.py
[2025-06-16T11:48:05.889-0300] {processor.py:829} INFO - Processing file /mnt/c/Users/arcan/Documents/airflow/.venv/lib/python3.10/site-packages/airflow/example_dags/example_sensor_decorator.py for tasks to queue
[2025-06-16T11:48:05.891-0300] {logging_mixin.py:154} INFO - [2025-06-16T11:48:05.891-0300] {dagbag.py:536} INFO - Filling up the DagBag from /mnt/c/Users/arcan/Documents/airflow/.venv/lib/python3.10/site-packages/airflow/example_dags/example_sensor_decorator.py
[2025-06-16T11:48:05.927-0300] {processor.py:839} INFO - DAG(s) dict_keys(['example_sensor_decorator']) retrieved from /mnt/c/Users/arcan/Documents/airflow/.venv/lib/python3.10/site-packages/airflow/example_dags/example_sensor_decorator.py
[2025-06-16T11:48:05.970-0300] {logging_mixin.py:154} INFO - [2025-06-16T11:48:05.970-0300] {dag.py:2941} INFO - Sync 1 DAGs
[2025-06-16T11:48:05.990-0300] {logging_mixin.py:154} INFO - [2025-06-16T11:48:05.990-0300] {dag.py:3722} INFO - Setting next_dagrun for example_sensor_decorator to None, run_after=None
[2025-06-16T11:48:06.080-0300] {processor.py:179} INFO - Processing /mnt/c/Users/arcan/Documents/airflow/.venv/lib/python3.10/site-packages/airflow/example_dags/example_sensor_decorator.py took 0.196 seconds
[2025-06-16T11:49:08.485-0300] {processor.py:157} INFO - Started process (PID=54015) to work on /mnt/c/Users/arcan/Documents/airflow/.venv/lib/python3.10/site-packages/airflow/example_dags/example_sensor_decorator.py
[2025-06-16T11:49:08.487-0300] {processor.py:829} INFO - Processing file /mnt/c/Users/arcan/Documents/airflow/.venv/lib/python3.10/site-packages/airflow/example_dags/example_sensor_decorator.py for tasks to queue
[2025-06-16T11:49:08.489-0300] {logging_mixin.py:154} INFO - [2025-06-16T11:49:08.488-0300] {dagbag.py:536} INFO - Filling up the DagBag from /mnt/c/Users/arcan/Documents/airflow/.venv/lib/python3.10/site-packages/airflow/example_dags/example_sensor_decorator.py
[2025-06-16T11:49:08.524-0300] {processor.py:839} INFO - DAG(s) dict_keys(['example_sensor_decorator']) retrieved from /mnt/c/Users/arcan/Documents/airflow/.venv/lib/python3.10/site-packages/airflow/example_dags/example_sensor_decorator.py
[2025-06-16T11:49:08.564-0300] {logging_mixin.py:154} INFO - [2025-06-16T11:49:08.563-0300] {dag.py:2941} INFO - Sync 1 DAGs
[2025-06-16T11:49:08.581-0300] {logging_mixin.py:154} INFO - [2025-06-16T11:49:08.580-0300] {dag.py:3722} INFO - Setting next_dagrun for example_sensor_decorator to None, run_after=None
[2025-06-16T11:49:08.664-0300] {processor.py:179} INFO - Processing /mnt/c/Users/arcan/Documents/airflow/.venv/lib/python3.10/site-packages/airflow/example_dags/example_sensor_decorator.py took 0.183 seconds
[2025-06-16T11:50:11.255-0300] {processor.py:157} INFO - Started process (PID=54200) to work on /mnt/c/Users/arcan/Documents/airflow/.venv/lib/python3.10/site-packages/airflow/example_dags/example_sensor_decorator.py
[2025-06-16T11:50:11.257-0300] {processor.py:829} INFO - Processing file /mnt/c/Users/arcan/Documents/airflow/.venv/lib/python3.10/site-packages/airflow/example_dags/example_sensor_decorator.py for tasks to queue
[2025-06-16T11:50:11.258-0300] {logging_mixin.py:154} INFO - [2025-06-16T11:50:11.258-0300] {dagbag.py:536} INFO - Filling up the DagBag from /mnt/c/Users/arcan/Documents/airflow/.venv/lib/python3.10/site-packages/airflow/example_dags/example_sensor_decorator.py
[2025-06-16T11:50:11.286-0300] {processor.py:839} INFO - DAG(s) dict_keys(['example_sensor_decorator']) retrieved from /mnt/c/Users/arcan/Documents/airflow/.venv/lib/python3.10/site-packages/airflow/example_dags/example_sensor_decorator.py
[2025-06-16T11:50:11.326-0300] {logging_mixin.py:154} INFO - [2025-06-16T11:50:11.325-0300] {dag.py:2941} INFO - Sync 1 DAGs
[2025-06-16T11:50:11.340-0300] {logging_mixin.py:154} INFO - [2025-06-16T11:50:11.340-0300] {dag.py:3722} INFO - Setting next_dagrun for example_sensor_decorator to None, run_after=None
[2025-06-16T11:50:11.431-0300] {processor.py:179} INFO - Processing /mnt/c/Users/arcan/Documents/airflow/.venv/lib/python3.10/site-packages/airflow/example_dags/example_sensor_decorator.py took 0.180 seconds
[2025-06-16T11:51:10.929-0300] {processor.py:157} INFO - Started process (PID=54382) to work on /mnt/c/Users/arcan/Documents/airflow/.venv/lib/python3.10/site-packages/airflow/example_dags/example_sensor_decorator.py
[2025-06-16T11:51:10.931-0300] {processor.py:829} INFO - Processing file /mnt/c/Users/arcan/Documents/airflow/.venv/lib/python3.10/site-packages/airflow/example_dags/example_sensor_decorator.py for tasks to queue
[2025-06-16T11:51:10.933-0300] {logging_mixin.py:154} INFO - [2025-06-16T11:51:10.933-0300] {dagbag.py:536} INFO - Filling up the DagBag from /mnt/c/Users/arcan/Documents/airflow/.venv/lib/python3.10/site-packages/airflow/example_dags/example_sensor_decorator.py
[2025-06-16T11:51:10.966-0300] {processor.py:839} INFO - DAG(s) dict_keys(['example_sensor_decorator']) retrieved from /mnt/c/Users/arcan/Documents/airflow/.venv/lib/python3.10/site-packages/airflow/example_dags/example_sensor_decorator.py
[2025-06-16T11:51:11.007-0300] {logging_mixin.py:154} INFO - [2025-06-16T11:51:11.007-0300] {dag.py:2941} INFO - Sync 1 DAGs
[2025-06-16T11:51:11.027-0300] {logging_mixin.py:154} INFO - [2025-06-16T11:51:11.027-0300] {dag.py:3722} INFO - Setting next_dagrun for example_sensor_decorator to None, run_after=None
[2025-06-16T11:51:11.126-0300] {processor.py:179} INFO - Processing /mnt/c/Users/arcan/Documents/airflow/.venv/lib/python3.10/site-packages/airflow/example_dags/example_sensor_decorator.py took 0.201 seconds
[2025-06-16T11:52:17.377-0300] {processor.py:157} INFO - Started process (PID=54580) to work on /mnt/c/Users/arcan/Documents/airflow/.venv/lib/python3.10/site-packages/airflow/example_dags/example_sensor_decorator.py
[2025-06-16T11:52:17.379-0300] {processor.py:829} INFO - Processing file /mnt/c/Users/arcan/Documents/airflow/.venv/lib/python3.10/site-packages/airflow/example_dags/example_sensor_decorator.py for tasks to queue
[2025-06-16T11:52:17.381-0300] {logging_mixin.py:154} INFO - [2025-06-16T11:52:17.381-0300] {dagbag.py:536} INFO - Filling up the DagBag from /mnt/c/Users/arcan/Documents/airflow/.venv/lib/python3.10/site-packages/airflow/example_dags/example_sensor_decorator.py
[2025-06-16T11:52:17.416-0300] {processor.py:839} INFO - DAG(s) dict_keys(['example_sensor_decorator']) retrieved from /mnt/c/Users/arcan/Documents/airflow/.venv/lib/python3.10/site-packages/airflow/example_dags/example_sensor_decorator.py
[2025-06-16T11:52:17.462-0300] {logging_mixin.py:154} INFO - [2025-06-16T11:52:17.462-0300] {dag.py:2941} INFO - Sync 1 DAGs
[2025-06-16T11:52:17.481-0300] {logging_mixin.py:154} INFO - [2025-06-16T11:52:17.481-0300] {dag.py:3722} INFO - Setting next_dagrun for example_sensor_decorator to None, run_after=None
[2025-06-16T11:52:17.571-0300] {processor.py:179} INFO - Processing /mnt/c/Users/arcan/Documents/airflow/.venv/lib/python3.10/site-packages/airflow/example_dags/example_sensor_decorator.py took 0.198 seconds
[2025-06-16T11:53:23.647-0300] {processor.py:157} INFO - Started process (PID=54771) to work on /mnt/c/Users/arcan/Documents/airflow/.venv/lib/python3.10/site-packages/airflow/example_dags/example_sensor_decorator.py
[2025-06-16T11:53:23.648-0300] {processor.py:829} INFO - Processing file /mnt/c/Users/arcan/Documents/airflow/.venv/lib/python3.10/site-packages/airflow/example_dags/example_sensor_decorator.py for tasks to queue
[2025-06-16T11:53:23.650-0300] {logging_mixin.py:154} INFO - [2025-06-16T11:53:23.649-0300] {dagbag.py:536} INFO - Filling up the DagBag from /mnt/c/Users/arcan/Documents/airflow/.venv/lib/python3.10/site-packages/airflow/example_dags/example_sensor_decorator.py
[2025-06-16T11:53:23.682-0300] {processor.py:839} INFO - DAG(s) dict_keys(['example_sensor_decorator']) retrieved from /mnt/c/Users/arcan/Documents/airflow/.venv/lib/python3.10/site-packages/airflow/example_dags/example_sensor_decorator.py
[2025-06-16T11:53:23.719-0300] {logging_mixin.py:154} INFO - [2025-06-16T11:53:23.719-0300] {dag.py:2941} INFO - Sync 1 DAGs
[2025-06-16T11:53:23.735-0300] {logging_mixin.py:154} INFO - [2025-06-16T11:53:23.735-0300] {dag.py:3722} INFO - Setting next_dagrun for example_sensor_decorator to None, run_after=None
[2025-06-16T11:53:23.831-0300] {processor.py:179} INFO - Processing /mnt/c/Users/arcan/Documents/airflow/.venv/lib/python3.10/site-packages/airflow/example_dags/example_sensor_decorator.py took 0.188 seconds
[2025-06-16T11:54:24.791-0300] {processor.py:157} INFO - Started process (PID=54960) to work on /mnt/c/Users/arcan/Documents/airflow/.venv/lib/python3.10/site-packages/airflow/example_dags/example_sensor_decorator.py
[2025-06-16T11:54:24.793-0300] {processor.py:829} INFO - Processing file /mnt/c/Users/arcan/Documents/airflow/.venv/lib/python3.10/site-packages/airflow/example_dags/example_sensor_decorator.py for tasks to queue
[2025-06-16T11:54:24.795-0300] {logging_mixin.py:154} INFO - [2025-06-16T11:54:24.794-0300] {dagbag.py:536} INFO - Filling up the DagBag from /mnt/c/Users/arcan/Documents/airflow/.venv/lib/python3.10/site-packages/airflow/example_dags/example_sensor_decorator.py
[2025-06-16T11:54:24.827-0300] {processor.py:839} INFO - DAG(s) dict_keys(['example_sensor_decorator']) retrieved from /mnt/c/Users/arcan/Documents/airflow/.venv/lib/python3.10/site-packages/airflow/example_dags/example_sensor_decorator.py
[2025-06-16T11:54:24.870-0300] {logging_mixin.py:154} INFO - [2025-06-16T11:54:24.870-0300] {dag.py:2941} INFO - Sync 1 DAGs
[2025-06-16T11:54:24.890-0300] {logging_mixin.py:154} INFO - [2025-06-16T11:54:24.889-0300] {dag.py:3722} INFO - Setting next_dagrun for example_sensor_decorator to None, run_after=None
[2025-06-16T11:54:24.976-0300] {processor.py:179} INFO - Processing /mnt/c/Users/arcan/Documents/airflow/.venv/lib/python3.10/site-packages/airflow/example_dags/example_sensor_decorator.py took 0.188 seconds
[2025-06-16T11:55:27.373-0300] {processor.py:157} INFO - Started process (PID=55146) to work on /mnt/c/Users/arcan/Documents/airflow/.venv/lib/python3.10/site-packages/airflow/example_dags/example_sensor_decorator.py
[2025-06-16T11:55:27.376-0300] {processor.py:829} INFO - Processing file /mnt/c/Users/arcan/Documents/airflow/.venv/lib/python3.10/site-packages/airflow/example_dags/example_sensor_decorator.py for tasks to queue
[2025-06-16T11:55:27.377-0300] {logging_mixin.py:154} INFO - [2025-06-16T11:55:27.377-0300] {dagbag.py:536} INFO - Filling up the DagBag from /mnt/c/Users/arcan/Documents/airflow/.venv/lib/python3.10/site-packages/airflow/example_dags/example_sensor_decorator.py
[2025-06-16T11:55:27.407-0300] {processor.py:839} INFO - DAG(s) dict_keys(['example_sensor_decorator']) retrieved from /mnt/c/Users/arcan/Documents/airflow/.venv/lib/python3.10/site-packages/airflow/example_dags/example_sensor_decorator.py
[2025-06-16T11:55:27.447-0300] {logging_mixin.py:154} INFO - [2025-06-16T11:55:27.446-0300] {dag.py:2941} INFO - Sync 1 DAGs
[2025-06-16T11:55:27.465-0300] {logging_mixin.py:154} INFO - [2025-06-16T11:55:27.465-0300] {dag.py:3722} INFO - Setting next_dagrun for example_sensor_decorator to None, run_after=None
[2025-06-16T11:55:27.553-0300] {processor.py:179} INFO - Processing /mnt/c/Users/arcan/Documents/airflow/.venv/lib/python3.10/site-packages/airflow/example_dags/example_sensor_decorator.py took 0.183 seconds
[2025-06-16T11:56:28.335-0300] {processor.py:157} INFO - Started process (PID=55449) to work on /mnt/c/Users/arcan/Documents/airflow/.venv/lib/python3.10/site-packages/airflow/example_dags/example_sensor_decorator.py
[2025-06-16T11:56:28.337-0300] {processor.py:829} INFO - Processing file /mnt/c/Users/arcan/Documents/airflow/.venv/lib/python3.10/site-packages/airflow/example_dags/example_sensor_decorator.py for tasks to queue
[2025-06-16T11:56:28.339-0300] {logging_mixin.py:154} INFO - [2025-06-16T11:56:28.338-0300] {dagbag.py:536} INFO - Filling up the DagBag from /mnt/c/Users/arcan/Documents/airflow/.venv/lib/python3.10/site-packages/airflow/example_dags/example_sensor_decorator.py
[2025-06-16T11:56:28.374-0300] {processor.py:839} INFO - DAG(s) dict_keys(['example_sensor_decorator']) retrieved from /mnt/c/Users/arcan/Documents/airflow/.venv/lib/python3.10/site-packages/airflow/example_dags/example_sensor_decorator.py
[2025-06-16T11:56:28.419-0300] {logging_mixin.py:154} INFO - [2025-06-16T11:56:28.419-0300] {dag.py:2941} INFO - Sync 1 DAGs
[2025-06-16T11:56:28.435-0300] {logging_mixin.py:154} INFO - [2025-06-16T11:56:28.434-0300] {dag.py:3722} INFO - Setting next_dagrun for example_sensor_decorator to None, run_after=None
[2025-06-16T11:56:28.529-0300] {processor.py:179} INFO - Processing /mnt/c/Users/arcan/Documents/airflow/.venv/lib/python3.10/site-packages/airflow/example_dags/example_sensor_decorator.py took 0.198 seconds
[2025-06-16T11:57:35.220-0300] {processor.py:157} INFO - Started process (PID=55648) to work on /mnt/c/Users/arcan/Documents/airflow/.venv/lib/python3.10/site-packages/airflow/example_dags/example_sensor_decorator.py
[2025-06-16T11:57:35.222-0300] {processor.py:829} INFO - Processing file /mnt/c/Users/arcan/Documents/airflow/.venv/lib/python3.10/site-packages/airflow/example_dags/example_sensor_decorator.py for tasks to queue
[2025-06-16T11:57:35.224-0300] {logging_mixin.py:154} INFO - [2025-06-16T11:57:35.223-0300] {dagbag.py:536} INFO - Filling up the DagBag from /mnt/c/Users/arcan/Documents/airflow/.venv/lib/python3.10/site-packages/airflow/example_dags/example_sensor_decorator.py
[2025-06-16T11:57:35.256-0300] {processor.py:839} INFO - DAG(s) dict_keys(['example_sensor_decorator']) retrieved from /mnt/c/Users/arcan/Documents/airflow/.venv/lib/python3.10/site-packages/airflow/example_dags/example_sensor_decorator.py
[2025-06-16T11:57:35.298-0300] {logging_mixin.py:154} INFO - [2025-06-16T11:57:35.297-0300] {dag.py:2941} INFO - Sync 1 DAGs
[2025-06-16T11:57:35.314-0300] {logging_mixin.py:154} INFO - [2025-06-16T11:57:35.314-0300] {dag.py:3722} INFO - Setting next_dagrun for example_sensor_decorator to None, run_after=None
[2025-06-16T11:57:35.401-0300] {processor.py:179} INFO - Processing /mnt/c/Users/arcan/Documents/airflow/.venv/lib/python3.10/site-packages/airflow/example_dags/example_sensor_decorator.py took 0.185 seconds
[2025-06-16T11:58:38.932-0300] {processor.py:157} INFO - Started process (PID=55844) to work on /mnt/c/Users/arcan/Documents/airflow/.venv/lib/python3.10/site-packages/airflow/example_dags/example_sensor_decorator.py
[2025-06-16T11:58:38.934-0300] {processor.py:829} INFO - Processing file /mnt/c/Users/arcan/Documents/airflow/.venv/lib/python3.10/site-packages/airflow/example_dags/example_sensor_decorator.py for tasks to queue
[2025-06-16T11:58:38.936-0300] {logging_mixin.py:154} INFO - [2025-06-16T11:58:38.936-0300] {dagbag.py:536} INFO - Filling up the DagBag from /mnt/c/Users/arcan/Documents/airflow/.venv/lib/python3.10/site-packages/airflow/example_dags/example_sensor_decorator.py
[2025-06-16T11:58:38.969-0300] {processor.py:839} INFO - DAG(s) dict_keys(['example_sensor_decorator']) retrieved from /mnt/c/Users/arcan/Documents/airflow/.venv/lib/python3.10/site-packages/airflow/example_dags/example_sensor_decorator.py
[2025-06-16T11:58:39.010-0300] {logging_mixin.py:154} INFO - [2025-06-16T11:58:39.009-0300] {dag.py:2941} INFO - Sync 1 DAGs
[2025-06-16T11:58:39.026-0300] {logging_mixin.py:154} INFO - [2025-06-16T11:58:39.025-0300] {dag.py:3722} INFO - Setting next_dagrun for example_sensor_decorator to None, run_after=None
[2025-06-16T11:58:39.112-0300] {processor.py:179} INFO - Processing /mnt/c/Users/arcan/Documents/airflow/.venv/lib/python3.10/site-packages/airflow/example_dags/example_sensor_decorator.py took 0.184 seconds
[2025-06-16T11:59:42.127-0300] {processor.py:157} INFO - Started process (PID=56028) to work on /mnt/c/Users/arcan/Documents/airflow/.venv/lib/python3.10/site-packages/airflow/example_dags/example_sensor_decorator.py
[2025-06-16T11:59:42.128-0300] {processor.py:829} INFO - Processing file /mnt/c/Users/arcan/Documents/airflow/.venv/lib/python3.10/site-packages/airflow/example_dags/example_sensor_decorator.py for tasks to queue
[2025-06-16T11:59:42.130-0300] {logging_mixin.py:154} INFO - [2025-06-16T11:59:42.130-0300] {dagbag.py:536} INFO - Filling up the DagBag from /mnt/c/Users/arcan/Documents/airflow/.venv/lib/python3.10/site-packages/airflow/example_dags/example_sensor_decorator.py
[2025-06-16T11:59:42.162-0300] {processor.py:839} INFO - DAG(s) dict_keys(['example_sensor_decorator']) retrieved from /mnt/c/Users/arcan/Documents/airflow/.venv/lib/python3.10/site-packages/airflow/example_dags/example_sensor_decorator.py
[2025-06-16T11:59:42.200-0300] {logging_mixin.py:154} INFO - [2025-06-16T11:59:42.200-0300] {dag.py:2941} INFO - Sync 1 DAGs
[2025-06-16T11:59:42.217-0300] {logging_mixin.py:154} INFO - [2025-06-16T11:59:42.217-0300] {dag.py:3722} INFO - Setting next_dagrun for example_sensor_decorator to None, run_after=None
[2025-06-16T11:59:42.306-0300] {processor.py:179} INFO - Processing /mnt/c/Users/arcan/Documents/airflow/.venv/lib/python3.10/site-packages/airflow/example_dags/example_sensor_decorator.py took 0.183 seconds
[2025-06-16T12:00:45.390-0300] {processor.py:157} INFO - Started process (PID=56219) to work on /mnt/c/Users/arcan/Documents/airflow/.venv/lib/python3.10/site-packages/airflow/example_dags/example_sensor_decorator.py
[2025-06-16T12:00:45.392-0300] {processor.py:829} INFO - Processing file /mnt/c/Users/arcan/Documents/airflow/.venv/lib/python3.10/site-packages/airflow/example_dags/example_sensor_decorator.py for tasks to queue
[2025-06-16T12:00:45.393-0300] {logging_mixin.py:154} INFO - [2025-06-16T12:00:45.393-0300] {dagbag.py:536} INFO - Filling up the DagBag from /mnt/c/Users/arcan/Documents/airflow/.venv/lib/python3.10/site-packages/airflow/example_dags/example_sensor_decorator.py
[2025-06-16T12:00:45.424-0300] {processor.py:839} INFO - DAG(s) dict_keys(['example_sensor_decorator']) retrieved from /mnt/c/Users/arcan/Documents/airflow/.venv/lib/python3.10/site-packages/airflow/example_dags/example_sensor_decorator.py
[2025-06-16T12:00:45.462-0300] {logging_mixin.py:154} INFO - [2025-06-16T12:00:45.461-0300] {dag.py:2941} INFO - Sync 1 DAGs
[2025-06-16T12:00:45.478-0300] {logging_mixin.py:154} INFO - [2025-06-16T12:00:45.477-0300] {dag.py:3722} INFO - Setting next_dagrun for example_sensor_decorator to None, run_after=None
[2025-06-16T12:00:45.562-0300] {processor.py:179} INFO - Processing /mnt/c/Users/arcan/Documents/airflow/.venv/lib/python3.10/site-packages/airflow/example_dags/example_sensor_decorator.py took 0.176 seconds
[2025-06-16T12:01:54.685-0300] {processor.py:157} INFO - Started process (PID=56428) to work on /mnt/c/Users/arcan/Documents/airflow/.venv/lib/python3.10/site-packages/airflow/example_dags/example_sensor_decorator.py
[2025-06-16T12:01:54.687-0300] {processor.py:829} INFO - Processing file /mnt/c/Users/arcan/Documents/airflow/.venv/lib/python3.10/site-packages/airflow/example_dags/example_sensor_decorator.py for tasks to queue
[2025-06-16T12:01:54.689-0300] {logging_mixin.py:154} INFO - [2025-06-16T12:01:54.688-0300] {dagbag.py:536} INFO - Filling up the DagBag from /mnt/c/Users/arcan/Documents/airflow/.venv/lib/python3.10/site-packages/airflow/example_dags/example_sensor_decorator.py
[2025-06-16T12:01:54.720-0300] {processor.py:839} INFO - DAG(s) dict_keys(['example_sensor_decorator']) retrieved from /mnt/c/Users/arcan/Documents/airflow/.venv/lib/python3.10/site-packages/airflow/example_dags/example_sensor_decorator.py
[2025-06-16T12:01:54.761-0300] {logging_mixin.py:154} INFO - [2025-06-16T12:01:54.761-0300] {dag.py:2941} INFO - Sync 1 DAGs
[2025-06-16T12:01:54.782-0300] {logging_mixin.py:154} INFO - [2025-06-16T12:01:54.782-0300] {dag.py:3722} INFO - Setting next_dagrun for example_sensor_decorator to None, run_after=None
[2025-06-16T12:01:54.872-0300] {processor.py:179} INFO - Processing /mnt/c/Users/arcan/Documents/airflow/.venv/lib/python3.10/site-packages/airflow/example_dags/example_sensor_decorator.py took 0.191 seconds
[2025-06-16T12:03:00.779-0300] {processor.py:157} INFO - Started process (PID=56626) to work on /mnt/c/Users/arcan/Documents/airflow/.venv/lib/python3.10/site-packages/airflow/example_dags/example_sensor_decorator.py
[2025-06-16T12:03:00.781-0300] {processor.py:829} INFO - Processing file /mnt/c/Users/arcan/Documents/airflow/.venv/lib/python3.10/site-packages/airflow/example_dags/example_sensor_decorator.py for tasks to queue
[2025-06-16T12:03:00.782-0300] {logging_mixin.py:154} INFO - [2025-06-16T12:03:00.782-0300] {dagbag.py:536} INFO - Filling up the DagBag from /mnt/c/Users/arcan/Documents/airflow/.venv/lib/python3.10/site-packages/airflow/example_dags/example_sensor_decorator.py
[2025-06-16T12:03:00.813-0300] {processor.py:839} INFO - DAG(s) dict_keys(['example_sensor_decorator']) retrieved from /mnt/c/Users/arcan/Documents/airflow/.venv/lib/python3.10/site-packages/airflow/example_dags/example_sensor_decorator.py
[2025-06-16T12:03:00.850-0300] {logging_mixin.py:154} INFO - [2025-06-16T12:03:00.849-0300] {dag.py:2941} INFO - Sync 1 DAGs
[2025-06-16T12:03:00.867-0300] {logging_mixin.py:154} INFO - [2025-06-16T12:03:00.867-0300] {dag.py:3722} INFO - Setting next_dagrun for example_sensor_decorator to None, run_after=None
[2025-06-16T12:03:00.956-0300] {processor.py:179} INFO - Processing /mnt/c/Users/arcan/Documents/airflow/.venv/lib/python3.10/site-packages/airflow/example_dags/example_sensor_decorator.py took 0.181 seconds
[2025-06-16T12:04:06.299-0300] {processor.py:157} INFO - Started process (PID=56939) to work on /mnt/c/Users/arcan/Documents/airflow/.venv/lib/python3.10/site-packages/airflow/example_dags/example_sensor_decorator.py
[2025-06-16T12:04:06.301-0300] {processor.py:829} INFO - Processing file /mnt/c/Users/arcan/Documents/airflow/.venv/lib/python3.10/site-packages/airflow/example_dags/example_sensor_decorator.py for tasks to queue
[2025-06-16T12:04:06.303-0300] {logging_mixin.py:154} INFO - [2025-06-16T12:04:06.302-0300] {dagbag.py:536} INFO - Filling up the DagBag from /mnt/c/Users/arcan/Documents/airflow/.venv/lib/python3.10/site-packages/airflow/example_dags/example_sensor_decorator.py
[2025-06-16T12:04:06.334-0300] {processor.py:839} INFO - DAG(s) dict_keys(['example_sensor_decorator']) retrieved from /mnt/c/Users/arcan/Documents/airflow/.venv/lib/python3.10/site-packages/airflow/example_dags/example_sensor_decorator.py
[2025-06-16T12:04:06.374-0300] {logging_mixin.py:154} INFO - [2025-06-16T12:04:06.374-0300] {dag.py:2941} INFO - Sync 1 DAGs
[2025-06-16T12:04:06.391-0300] {logging_mixin.py:154} INFO - [2025-06-16T12:04:06.390-0300] {dag.py:3722} INFO - Setting next_dagrun for example_sensor_decorator to None, run_after=None
[2025-06-16T12:04:06.486-0300] {processor.py:179} INFO - Processing /mnt/c/Users/arcan/Documents/airflow/.venv/lib/python3.10/site-packages/airflow/example_dags/example_sensor_decorator.py took 0.191 seconds
