[2025-06-16T10:51:57.700-0300] {processor.py:157} INFO - Started process (PID=43041) to work on /mnt/c/Users/arcan/Documents/airflow/.venv/lib/python3.10/site-packages/airflow/example_dags/example_params_trigger_ui.py
[2025-06-16T10:51:57.701-0300] {processor.py:829} INFO - Processing file /mnt/c/Users/arcan/Documents/airflow/.venv/lib/python3.10/site-packages/airflow/example_dags/example_params_trigger_ui.py for tasks to queue
[2025-06-16T10:51:57.703-0300] {logging_mixin.py:154} INFO - [2025-06-16T10:51:57.702-0300] {dagbag.py:536} INFO - Filling up the DagBag from /mnt/c/Users/arcan/Documents/airflow/.venv/lib/python3.10/site-packages/airflow/example_dags/example_params_trigger_ui.py
[2025-06-16T10:51:57.752-0300] {processor.py:839} INFO - DAG(s) dict_keys(['example_params_trigger_ui']) retrieved from /mnt/c/Users/arcan/Documents/airflow/.venv/lib/python3.10/site-packages/airflow/example_dags/example_params_trigger_ui.py
[2025-06-16T10:51:57.824-0300] {logging_mixin.py:154} INFO - [2025-06-16T10:51:57.824-0300] {dag.py:2941} INFO - Sync 1 DAGs
[2025-06-16T10:51:57.839-0300] {logging_mixin.py:154} INFO - [2025-06-16T10:51:57.839-0300] {dag.py:3722} INFO - Setting next_dagrun for example_params_trigger_ui to None, run_after=None
[2025-06-16T10:51:57.925-0300] {processor.py:179} INFO - Processing /mnt/c/Users/arcan/Documents/airflow/.venv/lib/python3.10/site-packages/airflow/example_dags/example_params_trigger_ui.py took 0.230 seconds
[2025-06-16T10:53:02.770-0300] {processor.py:157} INFO - Started process (PID=43228) to work on /mnt/c/Users/arcan/Documents/airflow/.venv/lib/python3.10/site-packages/airflow/example_dags/example_params_trigger_ui.py
[2025-06-16T10:53:02.772-0300] {processor.py:829} INFO - Processing file /mnt/c/Users/arcan/Documents/airflow/.venv/lib/python3.10/site-packages/airflow/example_dags/example_params_trigger_ui.py for tasks to queue
[2025-06-16T10:53:02.774-0300] {logging_mixin.py:154} INFO - [2025-06-16T10:53:02.773-0300] {dagbag.py:536} INFO - Filling up the DagBag from /mnt/c/Users/arcan/Documents/airflow/.venv/lib/python3.10/site-packages/airflow/example_dags/example_params_trigger_ui.py
[2025-06-16T10:53:02.823-0300] {processor.py:839} INFO - DAG(s) dict_keys(['example_params_trigger_ui']) retrieved from /mnt/c/Users/arcan/Documents/airflow/.venv/lib/python3.10/site-packages/airflow/example_dags/example_params_trigger_ui.py
[2025-06-16T10:53:02.884-0300] {logging_mixin.py:154} INFO - [2025-06-16T10:53:02.884-0300] {dag.py:2941} INFO - Sync 1 DAGs
[2025-06-16T10:53:02.900-0300] {logging_mixin.py:154} INFO - [2025-06-16T10:53:02.900-0300] {dag.py:3722} INFO - Setting next_dagrun for example_params_trigger_ui to None, run_after=None
[2025-06-16T10:53:02.991-0300] {processor.py:179} INFO - Processing /mnt/c/Users/arcan/Documents/airflow/.venv/lib/python3.10/site-packages/airflow/example_dags/example_params_trigger_ui.py took 0.224 seconds
[2025-06-16T10:54:08.419-0300] {processor.py:157} INFO - Started process (PID=43413) to work on /mnt/c/Users/arcan/Documents/airflow/.venv/lib/python3.10/site-packages/airflow/example_dags/example_params_trigger_ui.py
[2025-06-16T10:54:08.421-0300] {processor.py:829} INFO - Processing file /mnt/c/Users/arcan/Documents/airflow/.venv/lib/python3.10/site-packages/airflow/example_dags/example_params_trigger_ui.py for tasks to queue
[2025-06-16T10:54:08.423-0300] {logging_mixin.py:154} INFO - [2025-06-16T10:54:08.422-0300] {dagbag.py:536} INFO - Filling up the DagBag from /mnt/c/Users/arcan/Documents/airflow/.venv/lib/python3.10/site-packages/airflow/example_dags/example_params_trigger_ui.py
[2025-06-16T10:54:08.475-0300] {processor.py:839} INFO - DAG(s) dict_keys(['example_params_trigger_ui']) retrieved from /mnt/c/Users/arcan/Documents/airflow/.venv/lib/python3.10/site-packages/airflow/example_dags/example_params_trigger_ui.py
[2025-06-16T10:54:08.534-0300] {logging_mixin.py:154} INFO - [2025-06-16T10:54:08.534-0300] {dag.py:2941} INFO - Sync 1 DAGs
[2025-06-16T10:54:08.553-0300] {logging_mixin.py:154} INFO - [2025-06-16T10:54:08.553-0300] {dag.py:3722} INFO - Setting next_dagrun for example_params_trigger_ui to None, run_after=None
[2025-06-16T10:54:08.649-0300] {processor.py:179} INFO - Processing /mnt/c/Users/arcan/Documents/airflow/.venv/lib/python3.10/site-packages/airflow/example_dags/example_params_trigger_ui.py took 0.234 seconds
[2025-06-16T10:55:12.136-0300] {processor.py:157} INFO - Started process (PID=43592) to work on /mnt/c/Users/arcan/Documents/airflow/.venv/lib/python3.10/site-packages/airflow/example_dags/example_params_trigger_ui.py
[2025-06-16T10:55:12.138-0300] {processor.py:829} INFO - Processing file /mnt/c/Users/arcan/Documents/airflow/.venv/lib/python3.10/site-packages/airflow/example_dags/example_params_trigger_ui.py for tasks to queue
[2025-06-16T10:55:12.140-0300] {logging_mixin.py:154} INFO - [2025-06-16T10:55:12.139-0300] {dagbag.py:536} INFO - Filling up the DagBag from /mnt/c/Users/arcan/Documents/airflow/.venv/lib/python3.10/site-packages/airflow/example_dags/example_params_trigger_ui.py
[2025-06-16T10:55:12.195-0300] {processor.py:839} INFO - DAG(s) dict_keys(['example_params_trigger_ui']) retrieved from /mnt/c/Users/arcan/Documents/airflow/.venv/lib/python3.10/site-packages/airflow/example_dags/example_params_trigger_ui.py
[2025-06-16T10:55:12.256-0300] {logging_mixin.py:154} INFO - [2025-06-16T10:55:12.256-0300] {dag.py:2941} INFO - Sync 1 DAGs
[2025-06-16T10:55:12.278-0300] {logging_mixin.py:154} INFO - [2025-06-16T10:55:12.278-0300] {dag.py:3722} INFO - Setting next_dagrun for example_params_trigger_ui to None, run_after=None
[2025-06-16T10:55:12.362-0300] {processor.py:179} INFO - Processing /mnt/c/Users/arcan/Documents/airflow/.venv/lib/python3.10/site-packages/airflow/example_dags/example_params_trigger_ui.py took 0.231 seconds
[2025-06-16T10:56:12.083-0300] {processor.py:157} INFO - Started process (PID=43764) to work on /mnt/c/Users/arcan/Documents/airflow/.venv/lib/python3.10/site-packages/airflow/example_dags/example_params_trigger_ui.py
[2025-06-16T10:56:12.085-0300] {processor.py:829} INFO - Processing file /mnt/c/Users/arcan/Documents/airflow/.venv/lib/python3.10/site-packages/airflow/example_dags/example_params_trigger_ui.py for tasks to queue
[2025-06-16T10:56:12.087-0300] {logging_mixin.py:154} INFO - [2025-06-16T10:56:12.087-0300] {dagbag.py:536} INFO - Filling up the DagBag from /mnt/c/Users/arcan/Documents/airflow/.venv/lib/python3.10/site-packages/airflow/example_dags/example_params_trigger_ui.py
[2025-06-16T10:56:12.136-0300] {processor.py:839} INFO - DAG(s) dict_keys(['example_params_trigger_ui']) retrieved from /mnt/c/Users/arcan/Documents/airflow/.venv/lib/python3.10/site-packages/airflow/example_dags/example_params_trigger_ui.py
[2025-06-16T10:56:12.200-0300] {logging_mixin.py:154} INFO - [2025-06-16T10:56:12.200-0300] {dag.py:2941} INFO - Sync 1 DAGs
[2025-06-16T10:56:12.215-0300] {logging_mixin.py:154} INFO - [2025-06-16T10:56:12.215-0300] {dag.py:3722} INFO - Setting next_dagrun for example_params_trigger_ui to None, run_after=None
[2025-06-16T10:56:12.310-0300] {processor.py:179} INFO - Processing /mnt/c/Users/arcan/Documents/airflow/.venv/lib/python3.10/site-packages/airflow/example_dags/example_params_trigger_ui.py took 0.230 seconds
[2025-06-16T10:57:20.884-0300] {processor.py:157} INFO - Started process (PID=43962) to work on /mnt/c/Users/arcan/Documents/airflow/.venv/lib/python3.10/site-packages/airflow/example_dags/example_params_trigger_ui.py
[2025-06-16T10:57:20.886-0300] {processor.py:829} INFO - Processing file /mnt/c/Users/arcan/Documents/airflow/.venv/lib/python3.10/site-packages/airflow/example_dags/example_params_trigger_ui.py for tasks to queue
[2025-06-16T10:57:20.887-0300] {logging_mixin.py:154} INFO - [2025-06-16T10:57:20.887-0300] {dagbag.py:536} INFO - Filling up the DagBag from /mnt/c/Users/arcan/Documents/airflow/.venv/lib/python3.10/site-packages/airflow/example_dags/example_params_trigger_ui.py
[2025-06-16T10:57:20.946-0300] {processor.py:839} INFO - DAG(s) dict_keys(['example_params_trigger_ui']) retrieved from /mnt/c/Users/arcan/Documents/airflow/.venv/lib/python3.10/site-packages/airflow/example_dags/example_params_trigger_ui.py
[2025-06-16T10:57:21.017-0300] {logging_mixin.py:154} INFO - [2025-06-16T10:57:21.016-0300] {dag.py:2941} INFO - Sync 1 DAGs
[2025-06-16T10:57:21.034-0300] {logging_mixin.py:154} INFO - [2025-06-16T10:57:21.034-0300] {dag.py:3722} INFO - Setting next_dagrun for example_params_trigger_ui to None, run_after=None
[2025-06-16T10:57:21.133-0300] {processor.py:179} INFO - Processing /mnt/c/Users/arcan/Documents/airflow/.venv/lib/python3.10/site-packages/airflow/example_dags/example_params_trigger_ui.py took 0.253 seconds
[2025-06-16T10:58:36.073-0300] {processor.py:157} INFO - Started process (PID=44168) to work on /mnt/c/Users/arcan/Documents/airflow/.venv/lib/python3.10/site-packages/airflow/example_dags/example_params_trigger_ui.py
[2025-06-16T10:58:36.076-0300] {processor.py:829} INFO - Processing file /mnt/c/Users/arcan/Documents/airflow/.venv/lib/python3.10/site-packages/airflow/example_dags/example_params_trigger_ui.py for tasks to queue
[2025-06-16T10:58:36.077-0300] {logging_mixin.py:154} INFO - [2025-06-16T10:58:36.077-0300] {dagbag.py:536} INFO - Filling up the DagBag from /mnt/c/Users/arcan/Documents/airflow/.venv/lib/python3.10/site-packages/airflow/example_dags/example_params_trigger_ui.py
[2025-06-16T10:58:36.144-0300] {processor.py:839} INFO - DAG(s) dict_keys(['example_params_trigger_ui']) retrieved from /mnt/c/Users/arcan/Documents/airflow/.venv/lib/python3.10/site-packages/airflow/example_dags/example_params_trigger_ui.py
[2025-06-16T10:58:36.207-0300] {logging_mixin.py:154} INFO - [2025-06-16T10:58:36.207-0300] {dag.py:2941} INFO - Sync 1 DAGs
[2025-06-16T10:58:36.227-0300] {logging_mixin.py:154} INFO - [2025-06-16T10:58:36.226-0300] {dag.py:3722} INFO - Setting next_dagrun for example_params_trigger_ui to None, run_after=None
[2025-06-16T10:58:36.317-0300] {processor.py:179} INFO - Processing /mnt/c/Users/arcan/Documents/airflow/.venv/lib/python3.10/site-packages/airflow/example_dags/example_params_trigger_ui.py took 0.247 seconds
[2025-06-16T10:59:44.323-0300] {processor.py:157} INFO - Started process (PID=44488) to work on /mnt/c/Users/arcan/Documents/airflow/.venv/lib/python3.10/site-packages/airflow/example_dags/example_params_trigger_ui.py
[2025-06-16T10:59:44.325-0300] {processor.py:829} INFO - Processing file /mnt/c/Users/arcan/Documents/airflow/.venv/lib/python3.10/site-packages/airflow/example_dags/example_params_trigger_ui.py for tasks to queue
[2025-06-16T10:59:44.326-0300] {logging_mixin.py:154} INFO - [2025-06-16T10:59:44.326-0300] {dagbag.py:536} INFO - Filling up the DagBag from /mnt/c/Users/arcan/Documents/airflow/.venv/lib/python3.10/site-packages/airflow/example_dags/example_params_trigger_ui.py
[2025-06-16T10:59:44.382-0300] {processor.py:839} INFO - DAG(s) dict_keys(['example_params_trigger_ui']) retrieved from /mnt/c/Users/arcan/Documents/airflow/.venv/lib/python3.10/site-packages/airflow/example_dags/example_params_trigger_ui.py
[2025-06-16T10:59:44.442-0300] {logging_mixin.py:154} INFO - [2025-06-16T10:59:44.442-0300] {dag.py:2941} INFO - Sync 1 DAGs
[2025-06-16T10:59:44.461-0300] {logging_mixin.py:154} INFO - [2025-06-16T10:59:44.461-0300] {dag.py:3722} INFO - Setting next_dagrun for example_params_trigger_ui to None, run_after=None
[2025-06-16T10:59:44.552-0300] {processor.py:179} INFO - Processing /mnt/c/Users/arcan/Documents/airflow/.venv/lib/python3.10/site-packages/airflow/example_dags/example_params_trigger_ui.py took 0.236 seconds
[2025-06-16T11:00:55.828-0300] {processor.py:157} INFO - Started process (PID=44690) to work on /mnt/c/Users/arcan/Documents/airflow/.venv/lib/python3.10/site-packages/airflow/example_dags/example_params_trigger_ui.py
[2025-06-16T11:00:55.829-0300] {processor.py:829} INFO - Processing file /mnt/c/Users/arcan/Documents/airflow/.venv/lib/python3.10/site-packages/airflow/example_dags/example_params_trigger_ui.py for tasks to queue
[2025-06-16T11:00:55.831-0300] {logging_mixin.py:154} INFO - [2025-06-16T11:00:55.831-0300] {dagbag.py:536} INFO - Filling up the DagBag from /mnt/c/Users/arcan/Documents/airflow/.venv/lib/python3.10/site-packages/airflow/example_dags/example_params_trigger_ui.py
[2025-06-16T11:00:55.890-0300] {processor.py:839} INFO - DAG(s) dict_keys(['example_params_trigger_ui']) retrieved from /mnt/c/Users/arcan/Documents/airflow/.venv/lib/python3.10/site-packages/airflow/example_dags/example_params_trigger_ui.py
[2025-06-16T11:00:55.949-0300] {logging_mixin.py:154} INFO - [2025-06-16T11:00:55.949-0300] {dag.py:2941} INFO - Sync 1 DAGs
[2025-06-16T11:00:55.967-0300] {logging_mixin.py:154} INFO - [2025-06-16T11:00:55.967-0300] {dag.py:3722} INFO - Setting next_dagrun for example_params_trigger_ui to None, run_after=None
[2025-06-16T11:00:56.065-0300] {processor.py:179} INFO - Processing /mnt/c/Users/arcan/Documents/airflow/.venv/lib/python3.10/site-packages/airflow/example_dags/example_params_trigger_ui.py took 0.241 seconds
[2025-06-16T11:02:08.301-0300] {processor.py:157} INFO - Started process (PID=44899) to work on /mnt/c/Users/arcan/Documents/airflow/.venv/lib/python3.10/site-packages/airflow/example_dags/example_params_trigger_ui.py
[2025-06-16T11:02:08.302-0300] {processor.py:829} INFO - Processing file /mnt/c/Users/arcan/Documents/airflow/.venv/lib/python3.10/site-packages/airflow/example_dags/example_params_trigger_ui.py for tasks to queue
[2025-06-16T11:02:08.304-0300] {logging_mixin.py:154} INFO - [2025-06-16T11:02:08.303-0300] {dagbag.py:536} INFO - Filling up the DagBag from /mnt/c/Users/arcan/Documents/airflow/.venv/lib/python3.10/site-packages/airflow/example_dags/example_params_trigger_ui.py
[2025-06-16T11:02:08.357-0300] {processor.py:839} INFO - DAG(s) dict_keys(['example_params_trigger_ui']) retrieved from /mnt/c/Users/arcan/Documents/airflow/.venv/lib/python3.10/site-packages/airflow/example_dags/example_params_trigger_ui.py
[2025-06-16T11:02:08.425-0300] {logging_mixin.py:154} INFO - [2025-06-16T11:02:08.425-0300] {dag.py:2941} INFO - Sync 1 DAGs
[2025-06-16T11:02:08.445-0300] {logging_mixin.py:154} INFO - [2025-06-16T11:02:08.445-0300] {dag.py:3722} INFO - Setting next_dagrun for example_params_trigger_ui to None, run_after=None
[2025-06-16T11:02:08.552-0300] {processor.py:179} INFO - Processing /mnt/c/Users/arcan/Documents/airflow/.venv/lib/python3.10/site-packages/airflow/example_dags/example_params_trigger_ui.py took 0.256 seconds
[2025-06-16T11:03:06.352-0300] {processor.py:157} INFO - Started process (PID=45068) to work on /mnt/c/Users/arcan/Documents/airflow/.venv/lib/python3.10/site-packages/airflow/example_dags/example_params_trigger_ui.py
[2025-06-16T11:03:06.354-0300] {processor.py:829} INFO - Processing file /mnt/c/Users/arcan/Documents/airflow/.venv/lib/python3.10/site-packages/airflow/example_dags/example_params_trigger_ui.py for tasks to queue
[2025-06-16T11:03:06.355-0300] {logging_mixin.py:154} INFO - [2025-06-16T11:03:06.355-0300] {dagbag.py:536} INFO - Filling up the DagBag from /mnt/c/Users/arcan/Documents/airflow/.venv/lib/python3.10/site-packages/airflow/example_dags/example_params_trigger_ui.py
[2025-06-16T11:03:06.407-0300] {processor.py:839} INFO - DAG(s) dict_keys(['example_params_trigger_ui']) retrieved from /mnt/c/Users/arcan/Documents/airflow/.venv/lib/python3.10/site-packages/airflow/example_dags/example_params_trigger_ui.py
[2025-06-16T11:03:06.469-0300] {logging_mixin.py:154} INFO - [2025-06-16T11:03:06.468-0300] {dag.py:2941} INFO - Sync 1 DAGs
[2025-06-16T11:03:06.489-0300] {logging_mixin.py:154} INFO - [2025-06-16T11:03:06.488-0300] {dag.py:3722} INFO - Setting next_dagrun for example_params_trigger_ui to None, run_after=None
[2025-06-16T11:03:06.588-0300] {processor.py:179} INFO - Processing /mnt/c/Users/arcan/Documents/airflow/.venv/lib/python3.10/site-packages/airflow/example_dags/example_params_trigger_ui.py took 0.241 seconds
[2025-06-16T11:04:07.799-0300] {processor.py:157} INFO - Started process (PID=45253) to work on /mnt/c/Users/arcan/Documents/airflow/.venv/lib/python3.10/site-packages/airflow/example_dags/example_params_trigger_ui.py
[2025-06-16T11:04:07.801-0300] {processor.py:829} INFO - Processing file /mnt/c/Users/arcan/Documents/airflow/.venv/lib/python3.10/site-packages/airflow/example_dags/example_params_trigger_ui.py for tasks to queue
[2025-06-16T11:04:07.803-0300] {logging_mixin.py:154} INFO - [2025-06-16T11:04:07.803-0300] {dagbag.py:536} INFO - Filling up the DagBag from /mnt/c/Users/arcan/Documents/airflow/.venv/lib/python3.10/site-packages/airflow/example_dags/example_params_trigger_ui.py
[2025-06-16T11:04:07.862-0300] {processor.py:839} INFO - DAG(s) dict_keys(['example_params_trigger_ui']) retrieved from /mnt/c/Users/arcan/Documents/airflow/.venv/lib/python3.10/site-packages/airflow/example_dags/example_params_trigger_ui.py
[2025-06-16T11:04:07.928-0300] {logging_mixin.py:154} INFO - [2025-06-16T11:04:07.928-0300] {dag.py:2941} INFO - Sync 1 DAGs
[2025-06-16T11:04:07.946-0300] {logging_mixin.py:154} INFO - [2025-06-16T11:04:07.946-0300] {dag.py:3722} INFO - Setting next_dagrun for example_params_trigger_ui to None, run_after=None
[2025-06-16T11:04:08.045-0300] {processor.py:179} INFO - Processing /mnt/c/Users/arcan/Documents/airflow/.venv/lib/python3.10/site-packages/airflow/example_dags/example_params_trigger_ui.py took 0.251 seconds
[2025-06-16T11:05:07.298-0300] {processor.py:157} INFO - Started process (PID=45428) to work on /mnt/c/Users/arcan/Documents/airflow/.venv/lib/python3.10/site-packages/airflow/example_dags/example_params_trigger_ui.py
[2025-06-16T11:05:07.299-0300] {processor.py:829} INFO - Processing file /mnt/c/Users/arcan/Documents/airflow/.venv/lib/python3.10/site-packages/airflow/example_dags/example_params_trigger_ui.py for tasks to queue
[2025-06-16T11:05:07.301-0300] {logging_mixin.py:154} INFO - [2025-06-16T11:05:07.301-0300] {dagbag.py:536} INFO - Filling up the DagBag from /mnt/c/Users/arcan/Documents/airflow/.venv/lib/python3.10/site-packages/airflow/example_dags/example_params_trigger_ui.py
[2025-06-16T11:05:07.356-0300] {processor.py:839} INFO - DAG(s) dict_keys(['example_params_trigger_ui']) retrieved from /mnt/c/Users/arcan/Documents/airflow/.venv/lib/python3.10/site-packages/airflow/example_dags/example_params_trigger_ui.py
[2025-06-16T11:05:07.418-0300] {logging_mixin.py:154} INFO - [2025-06-16T11:05:07.418-0300] {dag.py:2941} INFO - Sync 1 DAGs
[2025-06-16T11:05:07.434-0300] {logging_mixin.py:154} INFO - [2025-06-16T11:05:07.434-0300] {dag.py:3722} INFO - Setting next_dagrun for example_params_trigger_ui to None, run_after=None
[2025-06-16T11:05:07.528-0300] {processor.py:179} INFO - Processing /mnt/c/Users/arcan/Documents/airflow/.venv/lib/python3.10/site-packages/airflow/example_dags/example_params_trigger_ui.py took 0.235 seconds
[2025-06-16T11:06:14.129-0300] {processor.py:157} INFO - Started process (PID=45747) to work on /mnt/c/Users/arcan/Documents/airflow/.venv/lib/python3.10/site-packages/airflow/example_dags/example_params_trigger_ui.py
[2025-06-16T11:06:14.130-0300] {processor.py:829} INFO - Processing file /mnt/c/Users/arcan/Documents/airflow/.venv/lib/python3.10/site-packages/airflow/example_dags/example_params_trigger_ui.py for tasks to queue
[2025-06-16T11:06:14.132-0300] {logging_mixin.py:154} INFO - [2025-06-16T11:06:14.131-0300] {dagbag.py:536} INFO - Filling up the DagBag from /mnt/c/Users/arcan/Documents/airflow/.venv/lib/python3.10/site-packages/airflow/example_dags/example_params_trigger_ui.py
[2025-06-16T11:06:14.190-0300] {processor.py:839} INFO - DAG(s) dict_keys(['example_params_trigger_ui']) retrieved from /mnt/c/Users/arcan/Documents/airflow/.venv/lib/python3.10/site-packages/airflow/example_dags/example_params_trigger_ui.py
[2025-06-16T11:06:14.251-0300] {logging_mixin.py:154} INFO - [2025-06-16T11:06:14.250-0300] {dag.py:2941} INFO - Sync 1 DAGs
[2025-06-16T11:06:14.270-0300] {logging_mixin.py:154} INFO - [2025-06-16T11:06:14.269-0300] {dag.py:3722} INFO - Setting next_dagrun for example_params_trigger_ui to None, run_after=None
[2025-06-16T11:06:14.369-0300] {processor.py:179} INFO - Processing /mnt/c/Users/arcan/Documents/airflow/.venv/lib/python3.10/site-packages/airflow/example_dags/example_params_trigger_ui.py took 0.244 seconds
[2025-06-16T11:07:22.664-0300] {processor.py:157} INFO - Started process (PID=45941) to work on /mnt/c/Users/arcan/Documents/airflow/.venv/lib/python3.10/site-packages/airflow/example_dags/example_params_trigger_ui.py
[2025-06-16T11:07:22.666-0300] {processor.py:829} INFO - Processing file /mnt/c/Users/arcan/Documents/airflow/.venv/lib/python3.10/site-packages/airflow/example_dags/example_params_trigger_ui.py for tasks to queue
[2025-06-16T11:07:22.667-0300] {logging_mixin.py:154} INFO - [2025-06-16T11:07:22.667-0300] {dagbag.py:536} INFO - Filling up the DagBag from /mnt/c/Users/arcan/Documents/airflow/.venv/lib/python3.10/site-packages/airflow/example_dags/example_params_trigger_ui.py
[2025-06-16T11:07:22.720-0300] {processor.py:839} INFO - DAG(s) dict_keys(['example_params_trigger_ui']) retrieved from /mnt/c/Users/arcan/Documents/airflow/.venv/lib/python3.10/site-packages/airflow/example_dags/example_params_trigger_ui.py
[2025-06-16T11:07:22.782-0300] {logging_mixin.py:154} INFO - [2025-06-16T11:07:22.782-0300] {dag.py:2941} INFO - Sync 1 DAGs
[2025-06-16T11:07:22.801-0300] {logging_mixin.py:154} INFO - [2025-06-16T11:07:22.801-0300] {dag.py:3722} INFO - Setting next_dagrun for example_params_trigger_ui to None, run_after=None
[2025-06-16T11:07:22.895-0300] {processor.py:179} INFO - Processing /mnt/c/Users/arcan/Documents/airflow/.venv/lib/python3.10/site-packages/airflow/example_dags/example_params_trigger_ui.py took 0.235 seconds
[2025-06-16T11:08:22.865-0300] {processor.py:157} INFO - Started process (PID=46120) to work on /mnt/c/Users/arcan/Documents/airflow/.venv/lib/python3.10/site-packages/airflow/example_dags/example_params_trigger_ui.py
[2025-06-16T11:08:22.867-0300] {processor.py:829} INFO - Processing file /mnt/c/Users/arcan/Documents/airflow/.venv/lib/python3.10/site-packages/airflow/example_dags/example_params_trigger_ui.py for tasks to queue
[2025-06-16T11:08:22.869-0300] {logging_mixin.py:154} INFO - [2025-06-16T11:08:22.868-0300] {dagbag.py:536} INFO - Filling up the DagBag from /mnt/c/Users/arcan/Documents/airflow/.venv/lib/python3.10/site-packages/airflow/example_dags/example_params_trigger_ui.py
[2025-06-16T11:08:22.925-0300] {processor.py:839} INFO - DAG(s) dict_keys(['example_params_trigger_ui']) retrieved from /mnt/c/Users/arcan/Documents/airflow/.venv/lib/python3.10/site-packages/airflow/example_dags/example_params_trigger_ui.py
[2025-06-16T11:08:22.986-0300] {logging_mixin.py:154} INFO - [2025-06-16T11:08:22.986-0300] {dag.py:2941} INFO - Sync 1 DAGs
[2025-06-16T11:08:23.004-0300] {logging_mixin.py:154} INFO - [2025-06-16T11:08:23.004-0300] {dag.py:3722} INFO - Setting next_dagrun for example_params_trigger_ui to None, run_after=None
[2025-06-16T11:08:23.089-0300] {processor.py:179} INFO - Processing /mnt/c/Users/arcan/Documents/airflow/.venv/lib/python3.10/site-packages/airflow/example_dags/example_params_trigger_ui.py took 0.229 seconds
[2025-06-16T11:09:26.992-0300] {processor.py:157} INFO - Started process (PID=46304) to work on /mnt/c/Users/arcan/Documents/airflow/.venv/lib/python3.10/site-packages/airflow/example_dags/example_params_trigger_ui.py
[2025-06-16T11:09:26.995-0300] {processor.py:829} INFO - Processing file /mnt/c/Users/arcan/Documents/airflow/.venv/lib/python3.10/site-packages/airflow/example_dags/example_params_trigger_ui.py for tasks to queue
[2025-06-16T11:09:26.998-0300] {logging_mixin.py:154} INFO - [2025-06-16T11:09:26.997-0300] {dagbag.py:536} INFO - Filling up the DagBag from /mnt/c/Users/arcan/Documents/airflow/.venv/lib/python3.10/site-packages/airflow/example_dags/example_params_trigger_ui.py
[2025-06-16T11:09:27.070-0300] {processor.py:839} INFO - DAG(s) dict_keys(['example_params_trigger_ui']) retrieved from /mnt/c/Users/arcan/Documents/airflow/.venv/lib/python3.10/site-packages/airflow/example_dags/example_params_trigger_ui.py
[2025-06-16T11:09:27.138-0300] {logging_mixin.py:154} INFO - [2025-06-16T11:09:27.138-0300] {dag.py:2941} INFO - Sync 1 DAGs
[2025-06-16T11:09:27.157-0300] {logging_mixin.py:154} INFO - [2025-06-16T11:09:27.157-0300] {dag.py:3722} INFO - Setting next_dagrun for example_params_trigger_ui to None, run_after=None
[2025-06-16T11:09:27.250-0300] {processor.py:179} INFO - Processing /mnt/c/Users/arcan/Documents/airflow/.venv/lib/python3.10/site-packages/airflow/example_dags/example_params_trigger_ui.py took 0.262 seconds
[2025-06-16T11:10:26.922-0300] {processor.py:157} INFO - Started process (PID=46474) to work on /mnt/c/Users/arcan/Documents/airflow/.venv/lib/python3.10/site-packages/airflow/example_dags/example_params_trigger_ui.py
[2025-06-16T11:10:26.923-0300] {processor.py:829} INFO - Processing file /mnt/c/Users/arcan/Documents/airflow/.venv/lib/python3.10/site-packages/airflow/example_dags/example_params_trigger_ui.py for tasks to queue
[2025-06-16T11:10:26.925-0300] {logging_mixin.py:154} INFO - [2025-06-16T11:10:26.925-0300] {dagbag.py:536} INFO - Filling up the DagBag from /mnt/c/Users/arcan/Documents/airflow/.venv/lib/python3.10/site-packages/airflow/example_dags/example_params_trigger_ui.py
[2025-06-16T11:10:26.977-0300] {processor.py:839} INFO - DAG(s) dict_keys(['example_params_trigger_ui']) retrieved from /mnt/c/Users/arcan/Documents/airflow/.venv/lib/python3.10/site-packages/airflow/example_dags/example_params_trigger_ui.py
[2025-06-16T11:10:27.052-0300] {logging_mixin.py:154} INFO - [2025-06-16T11:10:27.052-0300] {dag.py:2941} INFO - Sync 1 DAGs
[2025-06-16T11:10:27.068-0300] {logging_mixin.py:154} INFO - [2025-06-16T11:10:27.068-0300] {dag.py:3722} INFO - Setting next_dagrun for example_params_trigger_ui to None, run_after=None
[2025-06-16T11:10:27.155-0300] {processor.py:179} INFO - Processing /mnt/c/Users/arcan/Documents/airflow/.venv/lib/python3.10/site-packages/airflow/example_dags/example_params_trigger_ui.py took 0.238 seconds
[2025-06-16T11:11:32.918-0300] {processor.py:157} INFO - Started process (PID=46666) to work on /mnt/c/Users/arcan/Documents/airflow/.venv/lib/python3.10/site-packages/airflow/example_dags/example_params_trigger_ui.py
[2025-06-16T11:11:32.920-0300] {processor.py:829} INFO - Processing file /mnt/c/Users/arcan/Documents/airflow/.venv/lib/python3.10/site-packages/airflow/example_dags/example_params_trigger_ui.py for tasks to queue
[2025-06-16T11:11:32.922-0300] {logging_mixin.py:154} INFO - [2025-06-16T11:11:32.921-0300] {dagbag.py:536} INFO - Filling up the DagBag from /mnt/c/Users/arcan/Documents/airflow/.venv/lib/python3.10/site-packages/airflow/example_dags/example_params_trigger_ui.py
[2025-06-16T11:11:32.973-0300] {processor.py:839} INFO - DAG(s) dict_keys(['example_params_trigger_ui']) retrieved from /mnt/c/Users/arcan/Documents/airflow/.venv/lib/python3.10/site-packages/airflow/example_dags/example_params_trigger_ui.py
[2025-06-16T11:11:33.030-0300] {logging_mixin.py:154} INFO - [2025-06-16T11:11:33.030-0300] {dag.py:2941} INFO - Sync 1 DAGs
[2025-06-16T11:11:33.048-0300] {logging_mixin.py:154} INFO - [2025-06-16T11:11:33.047-0300] {dag.py:3722} INFO - Setting next_dagrun for example_params_trigger_ui to None, run_after=None
[2025-06-16T11:11:33.138-0300] {processor.py:179} INFO - Processing /mnt/c/Users/arcan/Documents/airflow/.venv/lib/python3.10/site-packages/airflow/example_dags/example_params_trigger_ui.py took 0.225 seconds
[2025-06-16T11:12:39.086-0300] {processor.py:157} INFO - Started process (PID=46856) to work on /mnt/c/Users/arcan/Documents/airflow/.venv/lib/python3.10/site-packages/airflow/example_dags/example_params_trigger_ui.py
[2025-06-16T11:12:39.088-0300] {processor.py:829} INFO - Processing file /mnt/c/Users/arcan/Documents/airflow/.venv/lib/python3.10/site-packages/airflow/example_dags/example_params_trigger_ui.py for tasks to queue
[2025-06-16T11:12:39.089-0300] {logging_mixin.py:154} INFO - [2025-06-16T11:12:39.089-0300] {dagbag.py:536} INFO - Filling up the DagBag from /mnt/c/Users/arcan/Documents/airflow/.venv/lib/python3.10/site-packages/airflow/example_dags/example_params_trigger_ui.py
[2025-06-16T11:12:39.141-0300] {processor.py:839} INFO - DAG(s) dict_keys(['example_params_trigger_ui']) retrieved from /mnt/c/Users/arcan/Documents/airflow/.venv/lib/python3.10/site-packages/airflow/example_dags/example_params_trigger_ui.py
[2025-06-16T11:12:39.211-0300] {logging_mixin.py:154} INFO - [2025-06-16T11:12:39.211-0300] {dag.py:2941} INFO - Sync 1 DAGs
[2025-06-16T11:12:39.229-0300] {logging_mixin.py:154} INFO - [2025-06-16T11:12:39.229-0300] {dag.py:3722} INFO - Setting next_dagrun for example_params_trigger_ui to None, run_after=None
[2025-06-16T11:12:39.367-0300] {processor.py:179} INFO - Processing /mnt/c/Users/arcan/Documents/airflow/.venv/lib/python3.10/site-packages/airflow/example_dags/example_params_trigger_ui.py took 0.286 seconds
[2025-06-16T11:13:44.701-0300] {processor.py:157} INFO - Started process (PID=47170) to work on /mnt/c/Users/arcan/Documents/airflow/.venv/lib/python3.10/site-packages/airflow/example_dags/example_params_trigger_ui.py
[2025-06-16T11:13:44.703-0300] {processor.py:829} INFO - Processing file /mnt/c/Users/arcan/Documents/airflow/.venv/lib/python3.10/site-packages/airflow/example_dags/example_params_trigger_ui.py for tasks to queue
[2025-06-16T11:13:44.705-0300] {logging_mixin.py:154} INFO - [2025-06-16T11:13:44.704-0300] {dagbag.py:536} INFO - Filling up the DagBag from /mnt/c/Users/arcan/Documents/airflow/.venv/lib/python3.10/site-packages/airflow/example_dags/example_params_trigger_ui.py
[2025-06-16T11:13:44.759-0300] {processor.py:839} INFO - DAG(s) dict_keys(['example_params_trigger_ui']) retrieved from /mnt/c/Users/arcan/Documents/airflow/.venv/lib/python3.10/site-packages/airflow/example_dags/example_params_trigger_ui.py
[2025-06-16T11:13:44.819-0300] {logging_mixin.py:154} INFO - [2025-06-16T11:13:44.819-0300] {dag.py:2941} INFO - Sync 1 DAGs
[2025-06-16T11:13:44.837-0300] {logging_mixin.py:154} INFO - [2025-06-16T11:13:44.837-0300] {dag.py:3722} INFO - Setting next_dagrun for example_params_trigger_ui to None, run_after=None
[2025-06-16T11:13:44.933-0300] {processor.py:179} INFO - Processing /mnt/c/Users/arcan/Documents/airflow/.venv/lib/python3.10/site-packages/airflow/example_dags/example_params_trigger_ui.py took 0.237 seconds
[2025-06-16T11:14:47.764-0300] {processor.py:157} INFO - Started process (PID=47348) to work on /mnt/c/Users/arcan/Documents/airflow/.venv/lib/python3.10/site-packages/airflow/example_dags/example_params_trigger_ui.py
[2025-06-16T11:14:47.766-0300] {processor.py:829} INFO - Processing file /mnt/c/Users/arcan/Documents/airflow/.venv/lib/python3.10/site-packages/airflow/example_dags/example_params_trigger_ui.py for tasks to queue
[2025-06-16T11:14:47.768-0300] {logging_mixin.py:154} INFO - [2025-06-16T11:14:47.767-0300] {dagbag.py:536} INFO - Filling up the DagBag from /mnt/c/Users/arcan/Documents/airflow/.venv/lib/python3.10/site-packages/airflow/example_dags/example_params_trigger_ui.py
[2025-06-16T11:14:47.820-0300] {processor.py:839} INFO - DAG(s) dict_keys(['example_params_trigger_ui']) retrieved from /mnt/c/Users/arcan/Documents/airflow/.venv/lib/python3.10/site-packages/airflow/example_dags/example_params_trigger_ui.py
[2025-06-16T11:14:47.877-0300] {logging_mixin.py:154} INFO - [2025-06-16T11:14:47.876-0300] {dag.py:2941} INFO - Sync 1 DAGs
[2025-06-16T11:14:47.893-0300] {logging_mixin.py:154} INFO - [2025-06-16T11:14:47.893-0300] {dag.py:3722} INFO - Setting next_dagrun for example_params_trigger_ui to None, run_after=None
[2025-06-16T11:14:47.976-0300] {processor.py:179} INFO - Processing /mnt/c/Users/arcan/Documents/airflow/.venv/lib/python3.10/site-packages/airflow/example_dags/example_params_trigger_ui.py took 0.216 seconds
[2025-06-16T11:15:48.210-0300] {processor.py:157} INFO - Started process (PID=47525) to work on /mnt/c/Users/arcan/Documents/airflow/.venv/lib/python3.10/site-packages/airflow/example_dags/example_params_trigger_ui.py
[2025-06-16T11:15:48.212-0300] {processor.py:829} INFO - Processing file /mnt/c/Users/arcan/Documents/airflow/.venv/lib/python3.10/site-packages/airflow/example_dags/example_params_trigger_ui.py for tasks to queue
[2025-06-16T11:15:48.214-0300] {logging_mixin.py:154} INFO - [2025-06-16T11:15:48.213-0300] {dagbag.py:536} INFO - Filling up the DagBag from /mnt/c/Users/arcan/Documents/airflow/.venv/lib/python3.10/site-packages/airflow/example_dags/example_params_trigger_ui.py
[2025-06-16T11:15:48.269-0300] {processor.py:839} INFO - DAG(s) dict_keys(['example_params_trigger_ui']) retrieved from /mnt/c/Users/arcan/Documents/airflow/.venv/lib/python3.10/site-packages/airflow/example_dags/example_params_trigger_ui.py
[2025-06-16T11:15:48.337-0300] {logging_mixin.py:154} INFO - [2025-06-16T11:15:48.337-0300] {dag.py:2941} INFO - Sync 1 DAGs
[2025-06-16T11:15:48.355-0300] {logging_mixin.py:154} INFO - [2025-06-16T11:15:48.355-0300] {dag.py:3722} INFO - Setting next_dagrun for example_params_trigger_ui to None, run_after=None
[2025-06-16T11:15:48.442-0300] {processor.py:179} INFO - Processing /mnt/c/Users/arcan/Documents/airflow/.venv/lib/python3.10/site-packages/airflow/example_dags/example_params_trigger_ui.py took 0.235 seconds
[2025-06-16T11:16:55.992-0300] {processor.py:157} INFO - Started process (PID=47723) to work on /mnt/c/Users/arcan/Documents/airflow/.venv/lib/python3.10/site-packages/airflow/example_dags/example_params_trigger_ui.py
[2025-06-16T11:16:55.994-0300] {processor.py:829} INFO - Processing file /mnt/c/Users/arcan/Documents/airflow/.venv/lib/python3.10/site-packages/airflow/example_dags/example_params_trigger_ui.py for tasks to queue
[2025-06-16T11:16:55.996-0300] {logging_mixin.py:154} INFO - [2025-06-16T11:16:55.995-0300] {dagbag.py:536} INFO - Filling up the DagBag from /mnt/c/Users/arcan/Documents/airflow/.venv/lib/python3.10/site-packages/airflow/example_dags/example_params_trigger_ui.py
[2025-06-16T11:16:56.049-0300] {processor.py:839} INFO - DAG(s) dict_keys(['example_params_trigger_ui']) retrieved from /mnt/c/Users/arcan/Documents/airflow/.venv/lib/python3.10/site-packages/airflow/example_dags/example_params_trigger_ui.py
[2025-06-16T11:16:56.111-0300] {logging_mixin.py:154} INFO - [2025-06-16T11:16:56.110-0300] {dag.py:2941} INFO - Sync 1 DAGs
[2025-06-16T11:16:56.128-0300] {logging_mixin.py:154} INFO - [2025-06-16T11:16:56.127-0300] {dag.py:3722} INFO - Setting next_dagrun for example_params_trigger_ui to None, run_after=None
[2025-06-16T11:16:56.220-0300] {processor.py:179} INFO - Processing /mnt/c/Users/arcan/Documents/airflow/.venv/lib/python3.10/site-packages/airflow/example_dags/example_params_trigger_ui.py took 0.232 seconds
[2025-06-16T11:17:59.457-0300] {processor.py:157} INFO - Started process (PID=47913) to work on /mnt/c/Users/arcan/Documents/airflow/.venv/lib/python3.10/site-packages/airflow/example_dags/example_params_trigger_ui.py
[2025-06-16T11:17:59.459-0300] {processor.py:829} INFO - Processing file /mnt/c/Users/arcan/Documents/airflow/.venv/lib/python3.10/site-packages/airflow/example_dags/example_params_trigger_ui.py for tasks to queue
[2025-06-16T11:17:59.461-0300] {logging_mixin.py:154} INFO - [2025-06-16T11:17:59.460-0300] {dagbag.py:536} INFO - Filling up the DagBag from /mnt/c/Users/arcan/Documents/airflow/.venv/lib/python3.10/site-packages/airflow/example_dags/example_params_trigger_ui.py
[2025-06-16T11:17:59.513-0300] {processor.py:839} INFO - DAG(s) dict_keys(['example_params_trigger_ui']) retrieved from /mnt/c/Users/arcan/Documents/airflow/.venv/lib/python3.10/site-packages/airflow/example_dags/example_params_trigger_ui.py
[2025-06-16T11:17:59.572-0300] {logging_mixin.py:154} INFO - [2025-06-16T11:17:59.572-0300] {dag.py:2941} INFO - Sync 1 DAGs
[2025-06-16T11:17:59.588-0300] {logging_mixin.py:154} INFO - [2025-06-16T11:17:59.588-0300] {dag.py:3722} INFO - Setting next_dagrun for example_params_trigger_ui to None, run_after=None
[2025-06-16T11:17:59.671-0300] {processor.py:179} INFO - Processing /mnt/c/Users/arcan/Documents/airflow/.venv/lib/python3.10/site-packages/airflow/example_dags/example_params_trigger_ui.py took 0.218 seconds
[2025-06-16T11:19:03.962-0300] {processor.py:157} INFO - Started process (PID=48098) to work on /mnt/c/Users/arcan/Documents/airflow/.venv/lib/python3.10/site-packages/airflow/example_dags/example_params_trigger_ui.py
[2025-06-16T11:19:03.964-0300] {processor.py:829} INFO - Processing file /mnt/c/Users/arcan/Documents/airflow/.venv/lib/python3.10/site-packages/airflow/example_dags/example_params_trigger_ui.py for tasks to queue
[2025-06-16T11:19:03.966-0300] {logging_mixin.py:154} INFO - [2025-06-16T11:19:03.966-0300] {dagbag.py:536} INFO - Filling up the DagBag from /mnt/c/Users/arcan/Documents/airflow/.venv/lib/python3.10/site-packages/airflow/example_dags/example_params_trigger_ui.py
[2025-06-16T11:19:04.022-0300] {processor.py:839} INFO - DAG(s) dict_keys(['example_params_trigger_ui']) retrieved from /mnt/c/Users/arcan/Documents/airflow/.venv/lib/python3.10/site-packages/airflow/example_dags/example_params_trigger_ui.py
[2025-06-16T11:19:04.079-0300] {logging_mixin.py:154} INFO - [2025-06-16T11:19:04.079-0300] {dag.py:2941} INFO - Sync 1 DAGs
[2025-06-16T11:19:04.097-0300] {logging_mixin.py:154} INFO - [2025-06-16T11:19:04.097-0300] {dag.py:3722} INFO - Setting next_dagrun for example_params_trigger_ui to None, run_after=None
[2025-06-16T11:19:04.192-0300] {processor.py:179} INFO - Processing /mnt/c/Users/arcan/Documents/airflow/.venv/lib/python3.10/site-packages/airflow/example_dags/example_params_trigger_ui.py took 0.234 seconds
[2025-06-16T11:20:06.732-0300] {processor.py:157} INFO - Started process (PID=48284) to work on /mnt/c/Users/arcan/Documents/airflow/.venv/lib/python3.10/site-packages/airflow/example_dags/example_params_trigger_ui.py
[2025-06-16T11:20:06.734-0300] {processor.py:829} INFO - Processing file /mnt/c/Users/arcan/Documents/airflow/.venv/lib/python3.10/site-packages/airflow/example_dags/example_params_trigger_ui.py for tasks to queue
[2025-06-16T11:20:06.736-0300] {logging_mixin.py:154} INFO - [2025-06-16T11:20:06.735-0300] {dagbag.py:536} INFO - Filling up the DagBag from /mnt/c/Users/arcan/Documents/airflow/.venv/lib/python3.10/site-packages/airflow/example_dags/example_params_trigger_ui.py
[2025-06-16T11:20:06.790-0300] {processor.py:839} INFO - DAG(s) dict_keys(['example_params_trigger_ui']) retrieved from /mnt/c/Users/arcan/Documents/airflow/.venv/lib/python3.10/site-packages/airflow/example_dags/example_params_trigger_ui.py
[2025-06-16T11:20:06.850-0300] {logging_mixin.py:154} INFO - [2025-06-16T11:20:06.850-0300] {dag.py:2941} INFO - Sync 1 DAGs
[2025-06-16T11:20:06.865-0300] {logging_mixin.py:154} INFO - [2025-06-16T11:20:06.865-0300] {dag.py:3722} INFO - Setting next_dagrun for example_params_trigger_ui to None, run_after=None
[2025-06-16T11:20:06.959-0300] {processor.py:179} INFO - Processing /mnt/c/Users/arcan/Documents/airflow/.venv/lib/python3.10/site-packages/airflow/example_dags/example_params_trigger_ui.py took 0.231 seconds
[2025-06-16T11:21:04.431-0300] {processor.py:157} INFO - Started process (PID=48575) to work on /mnt/c/Users/arcan/Documents/airflow/.venv/lib/python3.10/site-packages/airflow/example_dags/example_params_trigger_ui.py
[2025-06-16T11:21:04.433-0300] {processor.py:829} INFO - Processing file /mnt/c/Users/arcan/Documents/airflow/.venv/lib/python3.10/site-packages/airflow/example_dags/example_params_trigger_ui.py for tasks to queue
[2025-06-16T11:21:04.434-0300] {logging_mixin.py:154} INFO - [2025-06-16T11:21:04.434-0300] {dagbag.py:536} INFO - Filling up the DagBag from /mnt/c/Users/arcan/Documents/airflow/.venv/lib/python3.10/site-packages/airflow/example_dags/example_params_trigger_ui.py
[2025-06-16T11:21:04.488-0300] {processor.py:839} INFO - DAG(s) dict_keys(['example_params_trigger_ui']) retrieved from /mnt/c/Users/arcan/Documents/airflow/.venv/lib/python3.10/site-packages/airflow/example_dags/example_params_trigger_ui.py
[2025-06-16T11:21:04.552-0300] {logging_mixin.py:154} INFO - [2025-06-16T11:21:04.551-0300] {dag.py:2941} INFO - Sync 1 DAGs
[2025-06-16T11:21:04.571-0300] {logging_mixin.py:154} INFO - [2025-06-16T11:21:04.571-0300] {dag.py:3722} INFO - Setting next_dagrun for example_params_trigger_ui to None, run_after=None
[2025-06-16T11:21:04.663-0300] {processor.py:179} INFO - Processing /mnt/c/Users/arcan/Documents/airflow/.venv/lib/python3.10/site-packages/airflow/example_dags/example_params_trigger_ui.py took 0.236 seconds
[2025-06-16T11:22:15.422-0300] {processor.py:157} INFO - Started process (PID=48781) to work on /mnt/c/Users/arcan/Documents/airflow/.venv/lib/python3.10/site-packages/airflow/example_dags/example_params_trigger_ui.py
[2025-06-16T11:22:15.424-0300] {processor.py:829} INFO - Processing file /mnt/c/Users/arcan/Documents/airflow/.venv/lib/python3.10/site-packages/airflow/example_dags/example_params_trigger_ui.py for tasks to queue
[2025-06-16T11:22:15.426-0300] {logging_mixin.py:154} INFO - [2025-06-16T11:22:15.425-0300] {dagbag.py:536} INFO - Filling up the DagBag from /mnt/c/Users/arcan/Documents/airflow/.venv/lib/python3.10/site-packages/airflow/example_dags/example_params_trigger_ui.py
[2025-06-16T11:22:15.473-0300] {processor.py:839} INFO - DAG(s) dict_keys(['example_params_trigger_ui']) retrieved from /mnt/c/Users/arcan/Documents/airflow/.venv/lib/python3.10/site-packages/airflow/example_dags/example_params_trigger_ui.py
[2025-06-16T11:22:15.530-0300] {logging_mixin.py:154} INFO - [2025-06-16T11:22:15.530-0300] {dag.py:2941} INFO - Sync 1 DAGs
[2025-06-16T11:22:15.547-0300] {logging_mixin.py:154} INFO - [2025-06-16T11:22:15.547-0300] {dag.py:3722} INFO - Setting next_dagrun for example_params_trigger_ui to None, run_after=None
[2025-06-16T11:22:15.640-0300] {processor.py:179} INFO - Processing /mnt/c/Users/arcan/Documents/airflow/.venv/lib/python3.10/site-packages/airflow/example_dags/example_params_trigger_ui.py took 0.223 seconds
[2025-06-16T11:23:13.521-0300] {processor.py:157} INFO - Started process (PID=48957) to work on /mnt/c/Users/arcan/Documents/airflow/.venv/lib/python3.10/site-packages/airflow/example_dags/example_params_trigger_ui.py
[2025-06-16T11:23:13.523-0300] {processor.py:829} INFO - Processing file /mnt/c/Users/arcan/Documents/airflow/.venv/lib/python3.10/site-packages/airflow/example_dags/example_params_trigger_ui.py for tasks to queue
[2025-06-16T11:23:13.525-0300] {logging_mixin.py:154} INFO - [2025-06-16T11:23:13.524-0300] {dagbag.py:536} INFO - Filling up the DagBag from /mnt/c/Users/arcan/Documents/airflow/.venv/lib/python3.10/site-packages/airflow/example_dags/example_params_trigger_ui.py
[2025-06-16T11:23:13.576-0300] {processor.py:839} INFO - DAG(s) dict_keys(['example_params_trigger_ui']) retrieved from /mnt/c/Users/arcan/Documents/airflow/.venv/lib/python3.10/site-packages/airflow/example_dags/example_params_trigger_ui.py
[2025-06-16T11:23:13.633-0300] {logging_mixin.py:154} INFO - [2025-06-16T11:23:13.633-0300] {dag.py:2941} INFO - Sync 1 DAGs
[2025-06-16T11:23:13.651-0300] {logging_mixin.py:154} INFO - [2025-06-16T11:23:13.651-0300] {dag.py:3722} INFO - Setting next_dagrun for example_params_trigger_ui to None, run_after=None
[2025-06-16T11:23:13.753-0300] {processor.py:179} INFO - Processing /mnt/c/Users/arcan/Documents/airflow/.venv/lib/python3.10/site-packages/airflow/example_dags/example_params_trigger_ui.py took 0.236 seconds
[2025-06-16T11:24:14.929-0300] {processor.py:157} INFO - Started process (PID=49133) to work on /mnt/c/Users/arcan/Documents/airflow/.venv/lib/python3.10/site-packages/airflow/example_dags/example_params_trigger_ui.py
[2025-06-16T11:24:14.931-0300] {processor.py:829} INFO - Processing file /mnt/c/Users/arcan/Documents/airflow/.venv/lib/python3.10/site-packages/airflow/example_dags/example_params_trigger_ui.py for tasks to queue
[2025-06-16T11:24:14.933-0300] {logging_mixin.py:154} INFO - [2025-06-16T11:24:14.932-0300] {dagbag.py:536} INFO - Filling up the DagBag from /mnt/c/Users/arcan/Documents/airflow/.venv/lib/python3.10/site-packages/airflow/example_dags/example_params_trigger_ui.py
[2025-06-16T11:24:14.984-0300] {processor.py:839} INFO - DAG(s) dict_keys(['example_params_trigger_ui']) retrieved from /mnt/c/Users/arcan/Documents/airflow/.venv/lib/python3.10/site-packages/airflow/example_dags/example_params_trigger_ui.py
[2025-06-16T11:24:15.049-0300] {logging_mixin.py:154} INFO - [2025-06-16T11:24:15.049-0300] {dag.py:2941} INFO - Sync 1 DAGs
[2025-06-16T11:24:15.068-0300] {logging_mixin.py:154} INFO - [2025-06-16T11:24:15.067-0300] {dag.py:3722} INFO - Setting next_dagrun for example_params_trigger_ui to None, run_after=None
[2025-06-16T11:24:15.164-0300] {processor.py:179} INFO - Processing /mnt/c/Users/arcan/Documents/airflow/.venv/lib/python3.10/site-packages/airflow/example_dags/example_params_trigger_ui.py took 0.239 seconds
[2025-06-16T11:25:17.047-0300] {processor.py:157} INFO - Started process (PID=49317) to work on /mnt/c/Users/arcan/Documents/airflow/.venv/lib/python3.10/site-packages/airflow/example_dags/example_params_trigger_ui.py
[2025-06-16T11:25:17.049-0300] {processor.py:829} INFO - Processing file /mnt/c/Users/arcan/Documents/airflow/.venv/lib/python3.10/site-packages/airflow/example_dags/example_params_trigger_ui.py for tasks to queue
[2025-06-16T11:25:17.050-0300] {logging_mixin.py:154} INFO - [2025-06-16T11:25:17.050-0300] {dagbag.py:536} INFO - Filling up the DagBag from /mnt/c/Users/arcan/Documents/airflow/.venv/lib/python3.10/site-packages/airflow/example_dags/example_params_trigger_ui.py
[2025-06-16T11:25:17.104-0300] {processor.py:839} INFO - DAG(s) dict_keys(['example_params_trigger_ui']) retrieved from /mnt/c/Users/arcan/Documents/airflow/.venv/lib/python3.10/site-packages/airflow/example_dags/example_params_trigger_ui.py
[2025-06-16T11:25:17.165-0300] {logging_mixin.py:154} INFO - [2025-06-16T11:25:17.165-0300] {dag.py:2941} INFO - Sync 1 DAGs
[2025-06-16T11:25:17.185-0300] {logging_mixin.py:154} INFO - [2025-06-16T11:25:17.184-0300] {dag.py:3722} INFO - Setting next_dagrun for example_params_trigger_ui to None, run_after=None
[2025-06-16T11:25:17.276-0300] {processor.py:179} INFO - Processing /mnt/c/Users/arcan/Documents/airflow/.venv/lib/python3.10/site-packages/airflow/example_dags/example_params_trigger_ui.py took 0.232 seconds
[2025-06-16T11:26:19.763-0300] {processor.py:157} INFO - Started process (PID=49500) to work on /mnt/c/Users/arcan/Documents/airflow/.venv/lib/python3.10/site-packages/airflow/example_dags/example_params_trigger_ui.py
[2025-06-16T11:26:19.765-0300] {processor.py:829} INFO - Processing file /mnt/c/Users/arcan/Documents/airflow/.venv/lib/python3.10/site-packages/airflow/example_dags/example_params_trigger_ui.py for tasks to queue
[2025-06-16T11:26:19.766-0300] {logging_mixin.py:154} INFO - [2025-06-16T11:26:19.766-0300] {dagbag.py:536} INFO - Filling up the DagBag from /mnt/c/Users/arcan/Documents/airflow/.venv/lib/python3.10/site-packages/airflow/example_dags/example_params_trigger_ui.py
[2025-06-16T11:26:19.819-0300] {processor.py:839} INFO - DAG(s) dict_keys(['example_params_trigger_ui']) retrieved from /mnt/c/Users/arcan/Documents/airflow/.venv/lib/python3.10/site-packages/airflow/example_dags/example_params_trigger_ui.py
[2025-06-16T11:26:19.890-0300] {logging_mixin.py:154} INFO - [2025-06-16T11:26:19.890-0300] {dag.py:2941} INFO - Sync 1 DAGs
[2025-06-16T11:26:19.906-0300] {logging_mixin.py:154} INFO - [2025-06-16T11:26:19.906-0300] {dag.py:3722} INFO - Setting next_dagrun for example_params_trigger_ui to None, run_after=None
[2025-06-16T11:26:20.000-0300] {processor.py:179} INFO - Processing /mnt/c/Users/arcan/Documents/airflow/.venv/lib/python3.10/site-packages/airflow/example_dags/example_params_trigger_ui.py took 0.241 seconds
[2025-06-16T11:27:26.516-0300] {processor.py:157} INFO - Started process (PID=49811) to work on /mnt/c/Users/arcan/Documents/airflow/.venv/lib/python3.10/site-packages/airflow/example_dags/example_params_trigger_ui.py
[2025-06-16T11:27:26.518-0300] {processor.py:829} INFO - Processing file /mnt/c/Users/arcan/Documents/airflow/.venv/lib/python3.10/site-packages/airflow/example_dags/example_params_trigger_ui.py for tasks to queue
[2025-06-16T11:27:26.520-0300] {logging_mixin.py:154} INFO - [2025-06-16T11:27:26.520-0300] {dagbag.py:536} INFO - Filling up the DagBag from /mnt/c/Users/arcan/Documents/airflow/.venv/lib/python3.10/site-packages/airflow/example_dags/example_params_trigger_ui.py
[2025-06-16T11:27:26.575-0300] {processor.py:839} INFO - DAG(s) dict_keys(['example_params_trigger_ui']) retrieved from /mnt/c/Users/arcan/Documents/airflow/.venv/lib/python3.10/site-packages/airflow/example_dags/example_params_trigger_ui.py
[2025-06-16T11:27:26.641-0300] {logging_mixin.py:154} INFO - [2025-06-16T11:27:26.641-0300] {dag.py:2941} INFO - Sync 1 DAGs
[2025-06-16T11:27:26.661-0300] {logging_mixin.py:154} INFO - [2025-06-16T11:27:26.660-0300] {dag.py:3722} INFO - Setting next_dagrun for example_params_trigger_ui to None, run_after=None
[2025-06-16T11:27:26.764-0300] {processor.py:179} INFO - Processing /mnt/c/Users/arcan/Documents/airflow/.venv/lib/python3.10/site-packages/airflow/example_dags/example_params_trigger_ui.py took 0.252 seconds
[2025-06-16T11:28:31.052-0300] {processor.py:157} INFO - Started process (PID=50004) to work on /mnt/c/Users/arcan/Documents/airflow/.venv/lib/python3.10/site-packages/airflow/example_dags/example_params_trigger_ui.py
[2025-06-16T11:28:31.054-0300] {processor.py:829} INFO - Processing file /mnt/c/Users/arcan/Documents/airflow/.venv/lib/python3.10/site-packages/airflow/example_dags/example_params_trigger_ui.py for tasks to queue
[2025-06-16T11:28:31.056-0300] {logging_mixin.py:154} INFO - [2025-06-16T11:28:31.055-0300] {dagbag.py:536} INFO - Filling up the DagBag from /mnt/c/Users/arcan/Documents/airflow/.venv/lib/python3.10/site-packages/airflow/example_dags/example_params_trigger_ui.py
[2025-06-16T11:28:31.108-0300] {processor.py:839} INFO - DAG(s) dict_keys(['example_params_trigger_ui']) retrieved from /mnt/c/Users/arcan/Documents/airflow/.venv/lib/python3.10/site-packages/airflow/example_dags/example_params_trigger_ui.py
[2025-06-16T11:28:31.174-0300] {logging_mixin.py:154} INFO - [2025-06-16T11:28:31.174-0300] {dag.py:2941} INFO - Sync 1 DAGs
[2025-06-16T11:28:31.192-0300] {logging_mixin.py:154} INFO - [2025-06-16T11:28:31.191-0300] {dag.py:3722} INFO - Setting next_dagrun for example_params_trigger_ui to None, run_after=None
[2025-06-16T11:28:31.301-0300] {processor.py:179} INFO - Processing /mnt/c/Users/arcan/Documents/airflow/.venv/lib/python3.10/site-packages/airflow/example_dags/example_params_trigger_ui.py took 0.253 seconds
[2025-06-16T11:29:38.449-0300] {processor.py:157} INFO - Started process (PID=50203) to work on /mnt/c/Users/arcan/Documents/airflow/.venv/lib/python3.10/site-packages/airflow/example_dags/example_params_trigger_ui.py
[2025-06-16T11:29:38.450-0300] {processor.py:829} INFO - Processing file /mnt/c/Users/arcan/Documents/airflow/.venv/lib/python3.10/site-packages/airflow/example_dags/example_params_trigger_ui.py for tasks to queue
[2025-06-16T11:29:38.451-0300] {logging_mixin.py:154} INFO - [2025-06-16T11:29:38.451-0300] {dagbag.py:536} INFO - Filling up the DagBag from /mnt/c/Users/arcan/Documents/airflow/.venv/lib/python3.10/site-packages/airflow/example_dags/example_params_trigger_ui.py
[2025-06-16T11:29:38.505-0300] {processor.py:839} INFO - DAG(s) dict_keys(['example_params_trigger_ui']) retrieved from /mnt/c/Users/arcan/Documents/airflow/.venv/lib/python3.10/site-packages/airflow/example_dags/example_params_trigger_ui.py
[2025-06-16T11:29:38.563-0300] {logging_mixin.py:154} INFO - [2025-06-16T11:29:38.563-0300] {dag.py:2941} INFO - Sync 1 DAGs
[2025-06-16T11:29:38.582-0300] {logging_mixin.py:154} INFO - [2025-06-16T11:29:38.582-0300] {dag.py:3722} INFO - Setting next_dagrun for example_params_trigger_ui to None, run_after=None
[2025-06-16T11:29:38.679-0300] {processor.py:179} INFO - Processing /mnt/c/Users/arcan/Documents/airflow/.venv/lib/python3.10/site-packages/airflow/example_dags/example_params_trigger_ui.py took 0.234 seconds
[2025-06-16T11:30:40.433-0300] {processor.py:157} INFO - Started process (PID=50387) to work on /mnt/c/Users/arcan/Documents/airflow/.venv/lib/python3.10/site-packages/airflow/example_dags/example_params_trigger_ui.py
[2025-06-16T11:30:40.435-0300] {processor.py:829} INFO - Processing file /mnt/c/Users/arcan/Documents/airflow/.venv/lib/python3.10/site-packages/airflow/example_dags/example_params_trigger_ui.py for tasks to queue
[2025-06-16T11:30:40.437-0300] {logging_mixin.py:154} INFO - [2025-06-16T11:30:40.436-0300] {dagbag.py:536} INFO - Filling up the DagBag from /mnt/c/Users/arcan/Documents/airflow/.venv/lib/python3.10/site-packages/airflow/example_dags/example_params_trigger_ui.py
[2025-06-16T11:30:40.490-0300] {processor.py:839} INFO - DAG(s) dict_keys(['example_params_trigger_ui']) retrieved from /mnt/c/Users/arcan/Documents/airflow/.venv/lib/python3.10/site-packages/airflow/example_dags/example_params_trigger_ui.py
[2025-06-16T11:30:40.556-0300] {logging_mixin.py:154} INFO - [2025-06-16T11:30:40.556-0300] {dag.py:2941} INFO - Sync 1 DAGs
[2025-06-16T11:30:40.576-0300] {logging_mixin.py:154} INFO - [2025-06-16T11:30:40.576-0300] {dag.py:3722} INFO - Setting next_dagrun for example_params_trigger_ui to None, run_after=None
[2025-06-16T11:30:40.670-0300] {processor.py:179} INFO - Processing /mnt/c/Users/arcan/Documents/airflow/.venv/lib/python3.10/site-packages/airflow/example_dags/example_params_trigger_ui.py took 0.241 seconds
[2025-06-16T11:31:53.163-0300] {processor.py:157} INFO - Started process (PID=50592) to work on /mnt/c/Users/arcan/Documents/airflow/.venv/lib/python3.10/site-packages/airflow/example_dags/example_params_trigger_ui.py
[2025-06-16T11:31:53.165-0300] {processor.py:829} INFO - Processing file /mnt/c/Users/arcan/Documents/airflow/.venv/lib/python3.10/site-packages/airflow/example_dags/example_params_trigger_ui.py for tasks to queue
[2025-06-16T11:31:53.166-0300] {logging_mixin.py:154} INFO - [2025-06-16T11:31:53.166-0300] {dagbag.py:536} INFO - Filling up the DagBag from /mnt/c/Users/arcan/Documents/airflow/.venv/lib/python3.10/site-packages/airflow/example_dags/example_params_trigger_ui.py
[2025-06-16T11:31:53.220-0300] {processor.py:839} INFO - DAG(s) dict_keys(['example_params_trigger_ui']) retrieved from /mnt/c/Users/arcan/Documents/airflow/.venv/lib/python3.10/site-packages/airflow/example_dags/example_params_trigger_ui.py
[2025-06-16T11:31:53.283-0300] {logging_mixin.py:154} INFO - [2025-06-16T11:31:53.283-0300] {dag.py:2941} INFO - Sync 1 DAGs
[2025-06-16T11:31:53.301-0300] {logging_mixin.py:154} INFO - [2025-06-16T11:31:53.301-0300] {dag.py:3722} INFO - Setting next_dagrun for example_params_trigger_ui to None, run_after=None
[2025-06-16T11:31:53.389-0300] {processor.py:179} INFO - Processing /mnt/c/Users/arcan/Documents/airflow/.venv/lib/python3.10/site-packages/airflow/example_dags/example_params_trigger_ui.py took 0.230 seconds
[2025-06-16T11:33:00.290-0300] {processor.py:157} INFO - Started process (PID=50790) to work on /mnt/c/Users/arcan/Documents/airflow/.venv/lib/python3.10/site-packages/airflow/example_dags/example_params_trigger_ui.py
[2025-06-16T11:33:00.291-0300] {processor.py:829} INFO - Processing file /mnt/c/Users/arcan/Documents/airflow/.venv/lib/python3.10/site-packages/airflow/example_dags/example_params_trigger_ui.py for tasks to queue
[2025-06-16T11:33:00.293-0300] {logging_mixin.py:154} INFO - [2025-06-16T11:33:00.292-0300] {dagbag.py:536} INFO - Filling up the DagBag from /mnt/c/Users/arcan/Documents/airflow/.venv/lib/python3.10/site-packages/airflow/example_dags/example_params_trigger_ui.py
[2025-06-16T11:33:00.348-0300] {processor.py:839} INFO - DAG(s) dict_keys(['example_params_trigger_ui']) retrieved from /mnt/c/Users/arcan/Documents/airflow/.venv/lib/python3.10/site-packages/airflow/example_dags/example_params_trigger_ui.py
[2025-06-16T11:33:00.406-0300] {logging_mixin.py:154} INFO - [2025-06-16T11:33:00.406-0300] {dag.py:2941} INFO - Sync 1 DAGs
[2025-06-16T11:33:00.424-0300] {logging_mixin.py:154} INFO - [2025-06-16T11:33:00.424-0300] {dag.py:3722} INFO - Setting next_dagrun for example_params_trigger_ui to None, run_after=None
[2025-06-16T11:33:00.519-0300] {processor.py:179} INFO - Processing /mnt/c/Users/arcan/Documents/airflow/.venv/lib/python3.10/site-packages/airflow/example_dags/example_params_trigger_ui.py took 0.233 seconds
[2025-06-16T11:34:02.603-0300] {processor.py:157} INFO - Started process (PID=50973) to work on /mnt/c/Users/arcan/Documents/airflow/.venv/lib/python3.10/site-packages/airflow/example_dags/example_params_trigger_ui.py
[2025-06-16T11:34:02.605-0300] {processor.py:829} INFO - Processing file /mnt/c/Users/arcan/Documents/airflow/.venv/lib/python3.10/site-packages/airflow/example_dags/example_params_trigger_ui.py for tasks to queue
[2025-06-16T11:34:02.607-0300] {logging_mixin.py:154} INFO - [2025-06-16T11:34:02.606-0300] {dagbag.py:536} INFO - Filling up the DagBag from /mnt/c/Users/arcan/Documents/airflow/.venv/lib/python3.10/site-packages/airflow/example_dags/example_params_trigger_ui.py
[2025-06-16T11:34:02.661-0300] {processor.py:839} INFO - DAG(s) dict_keys(['example_params_trigger_ui']) retrieved from /mnt/c/Users/arcan/Documents/airflow/.venv/lib/python3.10/site-packages/airflow/example_dags/example_params_trigger_ui.py
[2025-06-16T11:34:02.725-0300] {logging_mixin.py:154} INFO - [2025-06-16T11:34:02.725-0300] {dag.py:2941} INFO - Sync 1 DAGs
[2025-06-16T11:34:02.743-0300] {logging_mixin.py:154} INFO - [2025-06-16T11:34:02.743-0300] {dag.py:3722} INFO - Setting next_dagrun for example_params_trigger_ui to None, run_after=None
[2025-06-16T11:34:02.826-0300] {processor.py:179} INFO - Processing /mnt/c/Users/arcan/Documents/airflow/.venv/lib/python3.10/site-packages/airflow/example_dags/example_params_trigger_ui.py took 0.227 seconds
[2025-06-16T11:35:02.256-0300] {processor.py:157} INFO - Started process (PID=51276) to work on /mnt/c/Users/arcan/Documents/airflow/.venv/lib/python3.10/site-packages/airflow/example_dags/example_params_trigger_ui.py
[2025-06-16T11:35:02.258-0300] {processor.py:829} INFO - Processing file /mnt/c/Users/arcan/Documents/airflow/.venv/lib/python3.10/site-packages/airflow/example_dags/example_params_trigger_ui.py for tasks to queue
[2025-06-16T11:35:02.259-0300] {logging_mixin.py:154} INFO - [2025-06-16T11:35:02.259-0300] {dagbag.py:536} INFO - Filling up the DagBag from /mnt/c/Users/arcan/Documents/airflow/.venv/lib/python3.10/site-packages/airflow/example_dags/example_params_trigger_ui.py
[2025-06-16T11:35:02.315-0300] {processor.py:839} INFO - DAG(s) dict_keys(['example_params_trigger_ui']) retrieved from /mnt/c/Users/arcan/Documents/airflow/.venv/lib/python3.10/site-packages/airflow/example_dags/example_params_trigger_ui.py
[2025-06-16T11:35:02.379-0300] {logging_mixin.py:154} INFO - [2025-06-16T11:35:02.379-0300] {dag.py:2941} INFO - Sync 1 DAGs
[2025-06-16T11:35:02.399-0300] {logging_mixin.py:154} INFO - [2025-06-16T11:35:02.399-0300] {dag.py:3722} INFO - Setting next_dagrun for example_params_trigger_ui to None, run_after=None
[2025-06-16T11:35:02.499-0300] {processor.py:179} INFO - Processing /mnt/c/Users/arcan/Documents/airflow/.venv/lib/python3.10/site-packages/airflow/example_dags/example_params_trigger_ui.py took 0.247 seconds
[2025-06-16T11:36:01.953-0300] {processor.py:157} INFO - Started process (PID=51452) to work on /mnt/c/Users/arcan/Documents/airflow/.venv/lib/python3.10/site-packages/airflow/example_dags/example_params_trigger_ui.py
[2025-06-16T11:36:01.955-0300] {processor.py:829} INFO - Processing file /mnt/c/Users/arcan/Documents/airflow/.venv/lib/python3.10/site-packages/airflow/example_dags/example_params_trigger_ui.py for tasks to queue
[2025-06-16T11:36:01.956-0300] {logging_mixin.py:154} INFO - [2025-06-16T11:36:01.956-0300] {dagbag.py:536} INFO - Filling up the DagBag from /mnt/c/Users/arcan/Documents/airflow/.venv/lib/python3.10/site-packages/airflow/example_dags/example_params_trigger_ui.py
[2025-06-16T11:36:02.006-0300] {processor.py:839} INFO - DAG(s) dict_keys(['example_params_trigger_ui']) retrieved from /mnt/c/Users/arcan/Documents/airflow/.venv/lib/python3.10/site-packages/airflow/example_dags/example_params_trigger_ui.py
[2025-06-16T11:36:02.065-0300] {logging_mixin.py:154} INFO - [2025-06-16T11:36:02.065-0300] {dag.py:2941} INFO - Sync 1 DAGs
[2025-06-16T11:36:02.082-0300] {logging_mixin.py:154} INFO - [2025-06-16T11:36:02.082-0300] {dag.py:3722} INFO - Setting next_dagrun for example_params_trigger_ui to None, run_after=None
[2025-06-16T11:36:02.175-0300] {processor.py:179} INFO - Processing /mnt/c/Users/arcan/Documents/airflow/.venv/lib/python3.10/site-packages/airflow/example_dags/example_params_trigger_ui.py took 0.226 seconds
[2025-06-16T11:37:09.969-0300] {processor.py:157} INFO - Started process (PID=51654) to work on /mnt/c/Users/arcan/Documents/airflow/.venv/lib/python3.10/site-packages/airflow/example_dags/example_params_trigger_ui.py
[2025-06-16T11:37:09.971-0300] {processor.py:829} INFO - Processing file /mnt/c/Users/arcan/Documents/airflow/.venv/lib/python3.10/site-packages/airflow/example_dags/example_params_trigger_ui.py for tasks to queue
[2025-06-16T11:37:09.973-0300] {logging_mixin.py:154} INFO - [2025-06-16T11:37:09.972-0300] {dagbag.py:536} INFO - Filling up the DagBag from /mnt/c/Users/arcan/Documents/airflow/.venv/lib/python3.10/site-packages/airflow/example_dags/example_params_trigger_ui.py
[2025-06-16T11:37:10.029-0300] {processor.py:839} INFO - DAG(s) dict_keys(['example_params_trigger_ui']) retrieved from /mnt/c/Users/arcan/Documents/airflow/.venv/lib/python3.10/site-packages/airflow/example_dags/example_params_trigger_ui.py
[2025-06-16T11:37:10.097-0300] {logging_mixin.py:154} INFO - [2025-06-16T11:37:10.097-0300] {dag.py:2941} INFO - Sync 1 DAGs
[2025-06-16T11:37:10.116-0300] {logging_mixin.py:154} INFO - [2025-06-16T11:37:10.116-0300] {dag.py:3722} INFO - Setting next_dagrun for example_params_trigger_ui to None, run_after=None
[2025-06-16T11:37:10.205-0300] {processor.py:179} INFO - Processing /mnt/c/Users/arcan/Documents/airflow/.venv/lib/python3.10/site-packages/airflow/example_dags/example_params_trigger_ui.py took 0.242 seconds
[2025-06-16T11:38:17.980-0300] {processor.py:157} INFO - Started process (PID=51851) to work on /mnt/c/Users/arcan/Documents/airflow/.venv/lib/python3.10/site-packages/airflow/example_dags/example_params_trigger_ui.py
[2025-06-16T11:38:17.982-0300] {processor.py:829} INFO - Processing file /mnt/c/Users/arcan/Documents/airflow/.venv/lib/python3.10/site-packages/airflow/example_dags/example_params_trigger_ui.py for tasks to queue
[2025-06-16T11:38:17.984-0300] {logging_mixin.py:154} INFO - [2025-06-16T11:38:17.984-0300] {dagbag.py:536} INFO - Filling up the DagBag from /mnt/c/Users/arcan/Documents/airflow/.venv/lib/python3.10/site-packages/airflow/example_dags/example_params_trigger_ui.py
[2025-06-16T11:38:18.043-0300] {processor.py:839} INFO - DAG(s) dict_keys(['example_params_trigger_ui']) retrieved from /mnt/c/Users/arcan/Documents/airflow/.venv/lib/python3.10/site-packages/airflow/example_dags/example_params_trigger_ui.py
[2025-06-16T11:38:18.110-0300] {logging_mixin.py:154} INFO - [2025-06-16T11:38:18.110-0300] {dag.py:2941} INFO - Sync 1 DAGs
[2025-06-16T11:38:18.129-0300] {logging_mixin.py:154} INFO - [2025-06-16T11:38:18.129-0300] {dag.py:3722} INFO - Setting next_dagrun for example_params_trigger_ui to None, run_after=None
[2025-06-16T11:38:18.224-0300] {processor.py:179} INFO - Processing /mnt/c/Users/arcan/Documents/airflow/.venv/lib/python3.10/site-packages/airflow/example_dags/example_params_trigger_ui.py took 0.249 seconds
[2025-06-16T11:39:27.383-0300] {processor.py:157} INFO - Started process (PID=52055) to work on /mnt/c/Users/arcan/Documents/airflow/.venv/lib/python3.10/site-packages/airflow/example_dags/example_params_trigger_ui.py
[2025-06-16T11:39:27.385-0300] {processor.py:829} INFO - Processing file /mnt/c/Users/arcan/Documents/airflow/.venv/lib/python3.10/site-packages/airflow/example_dags/example_params_trigger_ui.py for tasks to queue
[2025-06-16T11:39:27.386-0300] {logging_mixin.py:154} INFO - [2025-06-16T11:39:27.386-0300] {dagbag.py:536} INFO - Filling up the DagBag from /mnt/c/Users/arcan/Documents/airflow/.venv/lib/python3.10/site-packages/airflow/example_dags/example_params_trigger_ui.py
[2025-06-16T11:39:27.443-0300] {processor.py:839} INFO - DAG(s) dict_keys(['example_params_trigger_ui']) retrieved from /mnt/c/Users/arcan/Documents/airflow/.venv/lib/python3.10/site-packages/airflow/example_dags/example_params_trigger_ui.py
[2025-06-16T11:39:27.512-0300] {logging_mixin.py:154} INFO - [2025-06-16T11:39:27.511-0300] {dag.py:2941} INFO - Sync 1 DAGs
[2025-06-16T11:39:27.531-0300] {logging_mixin.py:154} INFO - [2025-06-16T11:39:27.531-0300] {dag.py:3722} INFO - Setting next_dagrun for example_params_trigger_ui to None, run_after=None
[2025-06-16T11:39:27.626-0300] {processor.py:179} INFO - Processing /mnt/c/Users/arcan/Documents/airflow/.venv/lib/python3.10/site-packages/airflow/example_dags/example_params_trigger_ui.py took 0.246 seconds
[2025-06-16T11:40:35.084-0300] {processor.py:157} INFO - Started process (PID=52257) to work on /mnt/c/Users/arcan/Documents/airflow/.venv/lib/python3.10/site-packages/airflow/example_dags/example_params_trigger_ui.py
[2025-06-16T11:40:35.086-0300] {processor.py:829} INFO - Processing file /mnt/c/Users/arcan/Documents/airflow/.venv/lib/python3.10/site-packages/airflow/example_dags/example_params_trigger_ui.py for tasks to queue
[2025-06-16T11:40:35.087-0300] {logging_mixin.py:154} INFO - [2025-06-16T11:40:35.087-0300] {dagbag.py:536} INFO - Filling up the DagBag from /mnt/c/Users/arcan/Documents/airflow/.venv/lib/python3.10/site-packages/airflow/example_dags/example_params_trigger_ui.py
[2025-06-16T11:40:35.141-0300] {processor.py:839} INFO - DAG(s) dict_keys(['example_params_trigger_ui']) retrieved from /mnt/c/Users/arcan/Documents/airflow/.venv/lib/python3.10/site-packages/airflow/example_dags/example_params_trigger_ui.py
[2025-06-16T11:40:35.203-0300] {logging_mixin.py:154} INFO - [2025-06-16T11:40:35.202-0300] {dag.py:2941} INFO - Sync 1 DAGs
[2025-06-16T11:40:35.331-0300] {logging_mixin.py:154} INFO - [2025-06-16T11:40:35.331-0300] {dag.py:3722} INFO - Setting next_dagrun for example_params_trigger_ui to None, run_after=None
[2025-06-16T11:40:35.418-0300] {processor.py:179} INFO - Processing /mnt/c/Users/arcan/Documents/airflow/.venv/lib/python3.10/site-packages/airflow/example_dags/example_params_trigger_ui.py took 0.338 seconds
[2025-06-16T11:41:35.545-0300] {processor.py:157} INFO - Started process (PID=52438) to work on /mnt/c/Users/arcan/Documents/airflow/.venv/lib/python3.10/site-packages/airflow/example_dags/example_params_trigger_ui.py
[2025-06-16T11:41:35.546-0300] {processor.py:829} INFO - Processing file /mnt/c/Users/arcan/Documents/airflow/.venv/lib/python3.10/site-packages/airflow/example_dags/example_params_trigger_ui.py for tasks to queue
[2025-06-16T11:41:35.548-0300] {logging_mixin.py:154} INFO - [2025-06-16T11:41:35.547-0300] {dagbag.py:536} INFO - Filling up the DagBag from /mnt/c/Users/arcan/Documents/airflow/.venv/lib/python3.10/site-packages/airflow/example_dags/example_params_trigger_ui.py
[2025-06-16T11:41:35.604-0300] {processor.py:839} INFO - DAG(s) dict_keys(['example_params_trigger_ui']) retrieved from /mnt/c/Users/arcan/Documents/airflow/.venv/lib/python3.10/site-packages/airflow/example_dags/example_params_trigger_ui.py
[2025-06-16T11:41:35.671-0300] {logging_mixin.py:154} INFO - [2025-06-16T11:41:35.671-0300] {dag.py:2941} INFO - Sync 1 DAGs
[2025-06-16T11:41:35.690-0300] {logging_mixin.py:154} INFO - [2025-06-16T11:41:35.689-0300] {dag.py:3722} INFO - Setting next_dagrun for example_params_trigger_ui to None, run_after=None
[2025-06-16T11:41:35.785-0300] {processor.py:179} INFO - Processing /mnt/c/Users/arcan/Documents/airflow/.venv/lib/python3.10/site-packages/airflow/example_dags/example_params_trigger_ui.py took 0.245 seconds
[2025-06-16T11:42:46.880-0300] {processor.py:157} INFO - Started process (PID=52767) to work on /mnt/c/Users/arcan/Documents/airflow/.venv/lib/python3.10/site-packages/airflow/example_dags/example_params_trigger_ui.py
[2025-06-16T11:42:46.882-0300] {processor.py:829} INFO - Processing file /mnt/c/Users/arcan/Documents/airflow/.venv/lib/python3.10/site-packages/airflow/example_dags/example_params_trigger_ui.py for tasks to queue
[2025-06-16T11:42:46.884-0300] {logging_mixin.py:154} INFO - [2025-06-16T11:42:46.884-0300] {dagbag.py:536} INFO - Filling up the DagBag from /mnt/c/Users/arcan/Documents/airflow/.venv/lib/python3.10/site-packages/airflow/example_dags/example_params_trigger_ui.py
[2025-06-16T11:42:46.942-0300] {processor.py:839} INFO - DAG(s) dict_keys(['example_params_trigger_ui']) retrieved from /mnt/c/Users/arcan/Documents/airflow/.venv/lib/python3.10/site-packages/airflow/example_dags/example_params_trigger_ui.py
[2025-06-16T11:42:47.009-0300] {logging_mixin.py:154} INFO - [2025-06-16T11:42:47.009-0300] {dag.py:2941} INFO - Sync 1 DAGs
[2025-06-16T11:42:47.029-0300] {logging_mixin.py:154} INFO - [2025-06-16T11:42:47.029-0300] {dag.py:3722} INFO - Setting next_dagrun for example_params_trigger_ui to None, run_after=None
[2025-06-16T11:42:47.128-0300] {processor.py:179} INFO - Processing /mnt/c/Users/arcan/Documents/airflow/.venv/lib/python3.10/site-packages/airflow/example_dags/example_params_trigger_ui.py took 0.252 seconds
[2025-06-16T11:43:54.961-0300] {processor.py:157} INFO - Started process (PID=52965) to work on /mnt/c/Users/arcan/Documents/airflow/.venv/lib/python3.10/site-packages/airflow/example_dags/example_params_trigger_ui.py
[2025-06-16T11:43:54.962-0300] {processor.py:829} INFO - Processing file /mnt/c/Users/arcan/Documents/airflow/.venv/lib/python3.10/site-packages/airflow/example_dags/example_params_trigger_ui.py for tasks to queue
[2025-06-16T11:43:54.964-0300] {logging_mixin.py:154} INFO - [2025-06-16T11:43:54.963-0300] {dagbag.py:536} INFO - Filling up the DagBag from /mnt/c/Users/arcan/Documents/airflow/.venv/lib/python3.10/site-packages/airflow/example_dags/example_params_trigger_ui.py
[2025-06-16T11:43:55.016-0300] {processor.py:839} INFO - DAG(s) dict_keys(['example_params_trigger_ui']) retrieved from /mnt/c/Users/arcan/Documents/airflow/.venv/lib/python3.10/site-packages/airflow/example_dags/example_params_trigger_ui.py
[2025-06-16T11:43:55.079-0300] {logging_mixin.py:154} INFO - [2025-06-16T11:43:55.079-0300] {dag.py:2941} INFO - Sync 1 DAGs
[2025-06-16T11:43:55.228-0300] {logging_mixin.py:154} INFO - [2025-06-16T11:43:55.228-0300] {dag.py:3722} INFO - Setting next_dagrun for example_params_trigger_ui to None, run_after=None
[2025-06-16T11:43:55.319-0300] {processor.py:179} INFO - Processing /mnt/c/Users/arcan/Documents/airflow/.venv/lib/python3.10/site-packages/airflow/example_dags/example_params_trigger_ui.py took 0.363 seconds
[2025-06-16T11:45:04.368-0300] {processor.py:157} INFO - Started process (PID=53170) to work on /mnt/c/Users/arcan/Documents/airflow/.venv/lib/python3.10/site-packages/airflow/example_dags/example_params_trigger_ui.py
[2025-06-16T11:45:04.369-0300] {processor.py:829} INFO - Processing file /mnt/c/Users/arcan/Documents/airflow/.venv/lib/python3.10/site-packages/airflow/example_dags/example_params_trigger_ui.py for tasks to queue
[2025-06-16T11:45:04.371-0300] {logging_mixin.py:154} INFO - [2025-06-16T11:45:04.371-0300] {dagbag.py:536} INFO - Filling up the DagBag from /mnt/c/Users/arcan/Documents/airflow/.venv/lib/python3.10/site-packages/airflow/example_dags/example_params_trigger_ui.py
[2025-06-16T11:45:04.418-0300] {processor.py:839} INFO - DAG(s) dict_keys(['example_params_trigger_ui']) retrieved from /mnt/c/Users/arcan/Documents/airflow/.venv/lib/python3.10/site-packages/airflow/example_dags/example_params_trigger_ui.py
[2025-06-16T11:45:04.486-0300] {logging_mixin.py:154} INFO - [2025-06-16T11:45:04.485-0300] {dag.py:2941} INFO - Sync 1 DAGs
[2025-06-16T11:45:04.505-0300] {logging_mixin.py:154} INFO - [2025-06-16T11:45:04.505-0300] {dag.py:3722} INFO - Setting next_dagrun for example_params_trigger_ui to None, run_after=None
[2025-06-16T11:45:04.589-0300] {processor.py:179} INFO - Processing /mnt/c/Users/arcan/Documents/airflow/.venv/lib/python3.10/site-packages/airflow/example_dags/example_params_trigger_ui.py took 0.226 seconds
[2025-06-16T11:46:07.410-0300] {processor.py:157} INFO - Started process (PID=53354) to work on /mnt/c/Users/arcan/Documents/airflow/.venv/lib/python3.10/site-packages/airflow/example_dags/example_params_trigger_ui.py
[2025-06-16T11:46:07.412-0300] {processor.py:829} INFO - Processing file /mnt/c/Users/arcan/Documents/airflow/.venv/lib/python3.10/site-packages/airflow/example_dags/example_params_trigger_ui.py for tasks to queue
[2025-06-16T11:46:07.414-0300] {logging_mixin.py:154} INFO - [2025-06-16T11:46:07.413-0300] {dagbag.py:536} INFO - Filling up the DagBag from /mnt/c/Users/arcan/Documents/airflow/.venv/lib/python3.10/site-packages/airflow/example_dags/example_params_trigger_ui.py
[2025-06-16T11:46:07.623-0300] {processor.py:839} INFO - DAG(s) dict_keys(['example_params_trigger_ui']) retrieved from /mnt/c/Users/arcan/Documents/airflow/.venv/lib/python3.10/site-packages/airflow/example_dags/example_params_trigger_ui.py
[2025-06-16T11:46:07.679-0300] {logging_mixin.py:154} INFO - [2025-06-16T11:46:07.678-0300] {dag.py:2941} INFO - Sync 1 DAGs
[2025-06-16T11:46:07.695-0300] {logging_mixin.py:154} INFO - [2025-06-16T11:46:07.695-0300] {dag.py:3722} INFO - Setting next_dagrun for example_params_trigger_ui to None, run_after=None
[2025-06-16T11:46:07.780-0300] {processor.py:179} INFO - Processing /mnt/c/Users/arcan/Documents/airflow/.venv/lib/python3.10/site-packages/airflow/example_dags/example_params_trigger_ui.py took 0.373 seconds
[2025-06-16T11:47:15.332-0300] {processor.py:157} INFO - Started process (PID=53558) to work on /mnt/c/Users/arcan/Documents/airflow/.venv/lib/python3.10/site-packages/airflow/example_dags/example_params_trigger_ui.py
[2025-06-16T11:47:15.333-0300] {processor.py:829} INFO - Processing file /mnt/c/Users/arcan/Documents/airflow/.venv/lib/python3.10/site-packages/airflow/example_dags/example_params_trigger_ui.py for tasks to queue
[2025-06-16T11:47:15.335-0300] {logging_mixin.py:154} INFO - [2025-06-16T11:47:15.334-0300] {dagbag.py:536} INFO - Filling up the DagBag from /mnt/c/Users/arcan/Documents/airflow/.venv/lib/python3.10/site-packages/airflow/example_dags/example_params_trigger_ui.py
[2025-06-16T11:47:15.386-0300] {processor.py:839} INFO - DAG(s) dict_keys(['example_params_trigger_ui']) retrieved from /mnt/c/Users/arcan/Documents/airflow/.venv/lib/python3.10/site-packages/airflow/example_dags/example_params_trigger_ui.py
[2025-06-16T11:47:15.441-0300] {logging_mixin.py:154} INFO - [2025-06-16T11:47:15.441-0300] {dag.py:2941} INFO - Sync 1 DAGs
[2025-06-16T11:47:15.462-0300] {logging_mixin.py:154} INFO - [2025-06-16T11:47:15.462-0300] {dag.py:3722} INFO - Setting next_dagrun for example_params_trigger_ui to None, run_after=None
[2025-06-16T11:47:15.551-0300] {processor.py:179} INFO - Processing /mnt/c/Users/arcan/Documents/airflow/.venv/lib/python3.10/site-packages/airflow/example_dags/example_params_trigger_ui.py took 0.224 seconds
[2025-06-16T11:48:20.574-0300] {processor.py:157} INFO - Started process (PID=53749) to work on /mnt/c/Users/arcan/Documents/airflow/.venv/lib/python3.10/site-packages/airflow/example_dags/example_params_trigger_ui.py
[2025-06-16T11:48:20.576-0300] {processor.py:829} INFO - Processing file /mnt/c/Users/arcan/Documents/airflow/.venv/lib/python3.10/site-packages/airflow/example_dags/example_params_trigger_ui.py for tasks to queue
[2025-06-16T11:48:20.577-0300] {logging_mixin.py:154} INFO - [2025-06-16T11:48:20.577-0300] {dagbag.py:536} INFO - Filling up the DagBag from /mnt/c/Users/arcan/Documents/airflow/.venv/lib/python3.10/site-packages/airflow/example_dags/example_params_trigger_ui.py
[2025-06-16T11:48:20.628-0300] {processor.py:839} INFO - DAG(s) dict_keys(['example_params_trigger_ui']) retrieved from /mnt/c/Users/arcan/Documents/airflow/.venv/lib/python3.10/site-packages/airflow/example_dags/example_params_trigger_ui.py
[2025-06-16T11:48:20.685-0300] {logging_mixin.py:154} INFO - [2025-06-16T11:48:20.685-0300] {dag.py:2941} INFO - Sync 1 DAGs
[2025-06-16T11:48:20.703-0300] {logging_mixin.py:154} INFO - [2025-06-16T11:48:20.703-0300] {dag.py:3722} INFO - Setting next_dagrun for example_params_trigger_ui to None, run_after=None
[2025-06-16T11:48:20.800-0300] {processor.py:179} INFO - Processing /mnt/c/Users/arcan/Documents/airflow/.venv/lib/python3.10/site-packages/airflow/example_dags/example_params_trigger_ui.py took 0.230 seconds
[2025-06-16T11:49:23.073-0300] {processor.py:157} INFO - Started process (PID=54060) to work on /mnt/c/Users/arcan/Documents/airflow/.venv/lib/python3.10/site-packages/airflow/example_dags/example_params_trigger_ui.py
[2025-06-16T11:49:23.075-0300] {processor.py:829} INFO - Processing file /mnt/c/Users/arcan/Documents/airflow/.venv/lib/python3.10/site-packages/airflow/example_dags/example_params_trigger_ui.py for tasks to queue
[2025-06-16T11:49:23.077-0300] {logging_mixin.py:154} INFO - [2025-06-16T11:49:23.076-0300] {dagbag.py:536} INFO - Filling up the DagBag from /mnt/c/Users/arcan/Documents/airflow/.venv/lib/python3.10/site-packages/airflow/example_dags/example_params_trigger_ui.py
[2025-06-16T11:49:23.132-0300] {processor.py:839} INFO - DAG(s) dict_keys(['example_params_trigger_ui']) retrieved from /mnt/c/Users/arcan/Documents/airflow/.venv/lib/python3.10/site-packages/airflow/example_dags/example_params_trigger_ui.py
[2025-06-16T11:49:23.195-0300] {logging_mixin.py:154} INFO - [2025-06-16T11:49:23.194-0300] {dag.py:2941} INFO - Sync 1 DAGs
[2025-06-16T11:49:23.212-0300] {logging_mixin.py:154} INFO - [2025-06-16T11:49:23.212-0300] {dag.py:3722} INFO - Setting next_dagrun for example_params_trigger_ui to None, run_after=None
[2025-06-16T11:49:23.305-0300] {processor.py:179} INFO - Processing /mnt/c/Users/arcan/Documents/airflow/.venv/lib/python3.10/site-packages/airflow/example_dags/example_params_trigger_ui.py took 0.237 seconds
[2025-06-16T11:50:24.394-0300] {processor.py:157} INFO - Started process (PID=54244) to work on /mnt/c/Users/arcan/Documents/airflow/.venv/lib/python3.10/site-packages/airflow/example_dags/example_params_trigger_ui.py
[2025-06-16T11:50:24.396-0300] {processor.py:829} INFO - Processing file /mnt/c/Users/arcan/Documents/airflow/.venv/lib/python3.10/site-packages/airflow/example_dags/example_params_trigger_ui.py for tasks to queue
[2025-06-16T11:50:24.398-0300] {logging_mixin.py:154} INFO - [2025-06-16T11:50:24.397-0300] {dagbag.py:536} INFO - Filling up the DagBag from /mnt/c/Users/arcan/Documents/airflow/.venv/lib/python3.10/site-packages/airflow/example_dags/example_params_trigger_ui.py
[2025-06-16T11:50:24.449-0300] {processor.py:839} INFO - DAG(s) dict_keys(['example_params_trigger_ui']) retrieved from /mnt/c/Users/arcan/Documents/airflow/.venv/lib/python3.10/site-packages/airflow/example_dags/example_params_trigger_ui.py
[2025-06-16T11:50:24.510-0300] {logging_mixin.py:154} INFO - [2025-06-16T11:50:24.509-0300] {dag.py:2941} INFO - Sync 1 DAGs
[2025-06-16T11:50:24.530-0300] {logging_mixin.py:154} INFO - [2025-06-16T11:50:24.530-0300] {dag.py:3722} INFO - Setting next_dagrun for example_params_trigger_ui to None, run_after=None
[2025-06-16T11:50:24.624-0300] {processor.py:179} INFO - Processing /mnt/c/Users/arcan/Documents/airflow/.venv/lib/python3.10/site-packages/airflow/example_dags/example_params_trigger_ui.py took 0.234 seconds
[2025-06-16T11:51:24.866-0300] {processor.py:157} INFO - Started process (PID=54427) to work on /mnt/c/Users/arcan/Documents/airflow/.venv/lib/python3.10/site-packages/airflow/example_dags/example_params_trigger_ui.py
[2025-06-16T11:51:24.868-0300] {processor.py:829} INFO - Processing file /mnt/c/Users/arcan/Documents/airflow/.venv/lib/python3.10/site-packages/airflow/example_dags/example_params_trigger_ui.py for tasks to queue
[2025-06-16T11:51:24.869-0300] {logging_mixin.py:154} INFO - [2025-06-16T11:51:24.869-0300] {dagbag.py:536} INFO - Filling up the DagBag from /mnt/c/Users/arcan/Documents/airflow/.venv/lib/python3.10/site-packages/airflow/example_dags/example_params_trigger_ui.py
[2025-06-16T11:51:24.927-0300] {processor.py:839} INFO - DAG(s) dict_keys(['example_params_trigger_ui']) retrieved from /mnt/c/Users/arcan/Documents/airflow/.venv/lib/python3.10/site-packages/airflow/example_dags/example_params_trigger_ui.py
[2025-06-16T11:51:24.990-0300] {logging_mixin.py:154} INFO - [2025-06-16T11:51:24.989-0300] {dag.py:2941} INFO - Sync 1 DAGs
[2025-06-16T11:51:25.007-0300] {logging_mixin.py:154} INFO - [2025-06-16T11:51:25.007-0300] {dag.py:3722} INFO - Setting next_dagrun for example_params_trigger_ui to None, run_after=None
[2025-06-16T11:51:25.103-0300] {processor.py:179} INFO - Processing /mnt/c/Users/arcan/Documents/airflow/.venv/lib/python3.10/site-packages/airflow/example_dags/example_params_trigger_ui.py took 0.241 seconds
[2025-06-16T11:52:32.329-0300] {processor.py:157} INFO - Started process (PID=54624) to work on /mnt/c/Users/arcan/Documents/airflow/.venv/lib/python3.10/site-packages/airflow/example_dags/example_params_trigger_ui.py
[2025-06-16T11:52:32.331-0300] {processor.py:829} INFO - Processing file /mnt/c/Users/arcan/Documents/airflow/.venv/lib/python3.10/site-packages/airflow/example_dags/example_params_trigger_ui.py for tasks to queue
[2025-06-16T11:52:32.332-0300] {logging_mixin.py:154} INFO - [2025-06-16T11:52:32.332-0300] {dagbag.py:536} INFO - Filling up the DagBag from /mnt/c/Users/arcan/Documents/airflow/.venv/lib/python3.10/site-packages/airflow/example_dags/example_params_trigger_ui.py
[2025-06-16T11:52:32.383-0300] {processor.py:839} INFO - DAG(s) dict_keys(['example_params_trigger_ui']) retrieved from /mnt/c/Users/arcan/Documents/airflow/.venv/lib/python3.10/site-packages/airflow/example_dags/example_params_trigger_ui.py
[2025-06-16T11:52:32.444-0300] {logging_mixin.py:154} INFO - [2025-06-16T11:52:32.444-0300] {dag.py:2941} INFO - Sync 1 DAGs
[2025-06-16T11:52:32.460-0300] {logging_mixin.py:154} INFO - [2025-06-16T11:52:32.460-0300] {dag.py:3722} INFO - Setting next_dagrun for example_params_trigger_ui to None, run_after=None
[2025-06-16T11:52:32.551-0300] {processor.py:179} INFO - Processing /mnt/c/Users/arcan/Documents/airflow/.venv/lib/python3.10/site-packages/airflow/example_dags/example_params_trigger_ui.py took 0.226 seconds
[2025-06-16T11:53:37.337-0300] {processor.py:157} INFO - Started process (PID=54815) to work on /mnt/c/Users/arcan/Documents/airflow/.venv/lib/python3.10/site-packages/airflow/example_dags/example_params_trigger_ui.py
[2025-06-16T11:53:37.339-0300] {processor.py:829} INFO - Processing file /mnt/c/Users/arcan/Documents/airflow/.venv/lib/python3.10/site-packages/airflow/example_dags/example_params_trigger_ui.py for tasks to queue
[2025-06-16T11:53:37.340-0300] {logging_mixin.py:154} INFO - [2025-06-16T11:53:37.340-0300] {dagbag.py:536} INFO - Filling up the DagBag from /mnt/c/Users/arcan/Documents/airflow/.venv/lib/python3.10/site-packages/airflow/example_dags/example_params_trigger_ui.py
[2025-06-16T11:53:37.394-0300] {processor.py:839} INFO - DAG(s) dict_keys(['example_params_trigger_ui']) retrieved from /mnt/c/Users/arcan/Documents/airflow/.venv/lib/python3.10/site-packages/airflow/example_dags/example_params_trigger_ui.py
[2025-06-16T11:53:37.463-0300] {logging_mixin.py:154} INFO - [2025-06-16T11:53:37.463-0300] {dag.py:2941} INFO - Sync 1 DAGs
[2025-06-16T11:53:37.481-0300] {logging_mixin.py:154} INFO - [2025-06-16T11:53:37.480-0300] {dag.py:3722} INFO - Setting next_dagrun for example_params_trigger_ui to None, run_after=None
[2025-06-16T11:53:37.585-0300] {processor.py:179} INFO - Processing /mnt/c/Users/arcan/Documents/airflow/.venv/lib/python3.10/site-packages/airflow/example_dags/example_params_trigger_ui.py took 0.252 seconds
[2025-06-16T11:54:39.642-0300] {processor.py:157} INFO - Started process (PID=55005) to work on /mnt/c/Users/arcan/Documents/airflow/.venv/lib/python3.10/site-packages/airflow/example_dags/example_params_trigger_ui.py
[2025-06-16T11:54:39.644-0300] {processor.py:829} INFO - Processing file /mnt/c/Users/arcan/Documents/airflow/.venv/lib/python3.10/site-packages/airflow/example_dags/example_params_trigger_ui.py for tasks to queue
[2025-06-16T11:54:39.646-0300] {logging_mixin.py:154} INFO - [2025-06-16T11:54:39.645-0300] {dagbag.py:536} INFO - Filling up the DagBag from /mnt/c/Users/arcan/Documents/airflow/.venv/lib/python3.10/site-packages/airflow/example_dags/example_params_trigger_ui.py
[2025-06-16T11:54:39.698-0300] {processor.py:839} INFO - DAG(s) dict_keys(['example_params_trigger_ui']) retrieved from /mnt/c/Users/arcan/Documents/airflow/.venv/lib/python3.10/site-packages/airflow/example_dags/example_params_trigger_ui.py
[2025-06-16T11:54:39.760-0300] {logging_mixin.py:154} INFO - [2025-06-16T11:54:39.760-0300] {dag.py:2941} INFO - Sync 1 DAGs
[2025-06-16T11:54:39.779-0300] {logging_mixin.py:154} INFO - [2025-06-16T11:54:39.779-0300] {dag.py:3722} INFO - Setting next_dagrun for example_params_trigger_ui to None, run_after=None
[2025-06-16T11:54:39.867-0300] {processor.py:179} INFO - Processing /mnt/c/Users/arcan/Documents/airflow/.venv/lib/python3.10/site-packages/airflow/example_dags/example_params_trigger_ui.py took 0.230 seconds
[2025-06-16T11:55:37.824-0300] {processor.py:157} INFO - Started process (PID=55180) to work on /mnt/c/Users/arcan/Documents/airflow/.venv/lib/python3.10/site-packages/airflow/example_dags/example_params_trigger_ui.py
[2025-06-16T11:55:37.826-0300] {processor.py:829} INFO - Processing file /mnt/c/Users/arcan/Documents/airflow/.venv/lib/python3.10/site-packages/airflow/example_dags/example_params_trigger_ui.py for tasks to queue
[2025-06-16T11:55:37.827-0300] {logging_mixin.py:154} INFO - [2025-06-16T11:55:37.827-0300] {dagbag.py:536} INFO - Filling up the DagBag from /mnt/c/Users/arcan/Documents/airflow/.venv/lib/python3.10/site-packages/airflow/example_dags/example_params_trigger_ui.py
[2025-06-16T11:55:37.879-0300] {processor.py:839} INFO - DAG(s) dict_keys(['example_params_trigger_ui']) retrieved from /mnt/c/Users/arcan/Documents/airflow/.venv/lib/python3.10/site-packages/airflow/example_dags/example_params_trigger_ui.py
[2025-06-16T11:55:37.945-0300] {logging_mixin.py:154} INFO - [2025-06-16T11:55:37.945-0300] {dag.py:2941} INFO - Sync 1 DAGs
[2025-06-16T11:55:37.962-0300] {logging_mixin.py:154} INFO - [2025-06-16T11:55:37.961-0300] {dag.py:3722} INFO - Setting next_dagrun for example_params_trigger_ui to None, run_after=None
[2025-06-16T11:55:38.053-0300] {processor.py:179} INFO - Processing /mnt/c/Users/arcan/Documents/airflow/.venv/lib/python3.10/site-packages/airflow/example_dags/example_params_trigger_ui.py took 0.234 seconds
[2025-06-16T11:56:43.066-0300] {processor.py:157} INFO - Started process (PID=55492) to work on /mnt/c/Users/arcan/Documents/airflow/.venv/lib/python3.10/site-packages/airflow/example_dags/example_params_trigger_ui.py
[2025-06-16T11:56:43.068-0300] {processor.py:829} INFO - Processing file /mnt/c/Users/arcan/Documents/airflow/.venv/lib/python3.10/site-packages/airflow/example_dags/example_params_trigger_ui.py for tasks to queue
[2025-06-16T11:56:43.070-0300] {logging_mixin.py:154} INFO - [2025-06-16T11:56:43.069-0300] {dagbag.py:536} INFO - Filling up the DagBag from /mnt/c/Users/arcan/Documents/airflow/.venv/lib/python3.10/site-packages/airflow/example_dags/example_params_trigger_ui.py
[2025-06-16T11:56:43.130-0300] {processor.py:839} INFO - DAG(s) dict_keys(['example_params_trigger_ui']) retrieved from /mnt/c/Users/arcan/Documents/airflow/.venv/lib/python3.10/site-packages/airflow/example_dags/example_params_trigger_ui.py
[2025-06-16T11:56:43.198-0300] {logging_mixin.py:154} INFO - [2025-06-16T11:56:43.197-0300] {dag.py:2941} INFO - Sync 1 DAGs
[2025-06-16T11:56:43.217-0300] {logging_mixin.py:154} INFO - [2025-06-16T11:56:43.217-0300] {dag.py:3722} INFO - Setting next_dagrun for example_params_trigger_ui to None, run_after=None
[2025-06-16T11:56:43.320-0300] {processor.py:179} INFO - Processing /mnt/c/Users/arcan/Documents/airflow/.venv/lib/python3.10/site-packages/airflow/example_dags/example_params_trigger_ui.py took 0.260 seconds
[2025-06-16T11:57:45.774-0300] {processor.py:157} INFO - Started process (PID=55682) to work on /mnt/c/Users/arcan/Documents/airflow/.venv/lib/python3.10/site-packages/airflow/example_dags/example_params_trigger_ui.py
[2025-06-16T11:57:45.776-0300] {processor.py:829} INFO - Processing file /mnt/c/Users/arcan/Documents/airflow/.venv/lib/python3.10/site-packages/airflow/example_dags/example_params_trigger_ui.py for tasks to queue
[2025-06-16T11:57:45.778-0300] {logging_mixin.py:154} INFO - [2025-06-16T11:57:45.777-0300] {dagbag.py:536} INFO - Filling up the DagBag from /mnt/c/Users/arcan/Documents/airflow/.venv/lib/python3.10/site-packages/airflow/example_dags/example_params_trigger_ui.py
[2025-06-16T11:57:45.838-0300] {processor.py:839} INFO - DAG(s) dict_keys(['example_params_trigger_ui']) retrieved from /mnt/c/Users/arcan/Documents/airflow/.venv/lib/python3.10/site-packages/airflow/example_dags/example_params_trigger_ui.py
[2025-06-16T11:57:45.904-0300] {logging_mixin.py:154} INFO - [2025-06-16T11:57:45.903-0300] {dag.py:2941} INFO - Sync 1 DAGs
[2025-06-16T11:57:45.921-0300] {logging_mixin.py:154} INFO - [2025-06-16T11:57:45.921-0300] {dag.py:3722} INFO - Setting next_dagrun for example_params_trigger_ui to None, run_after=None
[2025-06-16T11:57:46.013-0300] {processor.py:179} INFO - Processing /mnt/c/Users/arcan/Documents/airflow/.venv/lib/python3.10/site-packages/airflow/example_dags/example_params_trigger_ui.py took 0.244 seconds
[2025-06-16T11:58:50.590-0300] {processor.py:157} INFO - Started process (PID=55878) to work on /mnt/c/Users/arcan/Documents/airflow/.venv/lib/python3.10/site-packages/airflow/example_dags/example_params_trigger_ui.py
[2025-06-16T11:58:50.592-0300] {processor.py:829} INFO - Processing file /mnt/c/Users/arcan/Documents/airflow/.venv/lib/python3.10/site-packages/airflow/example_dags/example_params_trigger_ui.py for tasks to queue
[2025-06-16T11:58:50.594-0300] {logging_mixin.py:154} INFO - [2025-06-16T11:58:50.593-0300] {dagbag.py:536} INFO - Filling up the DagBag from /mnt/c/Users/arcan/Documents/airflow/.venv/lib/python3.10/site-packages/airflow/example_dags/example_params_trigger_ui.py
[2025-06-16T11:58:50.651-0300] {processor.py:839} INFO - DAG(s) dict_keys(['example_params_trigger_ui']) retrieved from /mnt/c/Users/arcan/Documents/airflow/.venv/lib/python3.10/site-packages/airflow/example_dags/example_params_trigger_ui.py
[2025-06-16T11:58:50.719-0300] {logging_mixin.py:154} INFO - [2025-06-16T11:58:50.719-0300] {dag.py:2941} INFO - Sync 1 DAGs
[2025-06-16T11:58:50.738-0300] {logging_mixin.py:154} INFO - [2025-06-16T11:58:50.737-0300] {dag.py:3722} INFO - Setting next_dagrun for example_params_trigger_ui to None, run_after=None
[2025-06-16T11:58:50.826-0300] {processor.py:179} INFO - Processing /mnt/c/Users/arcan/Documents/airflow/.venv/lib/python3.10/site-packages/airflow/example_dags/example_params_trigger_ui.py took 0.240 seconds
[2025-06-16T11:59:54.996-0300] {processor.py:157} INFO - Started process (PID=56069) to work on /mnt/c/Users/arcan/Documents/airflow/.venv/lib/python3.10/site-packages/airflow/example_dags/example_params_trigger_ui.py
[2025-06-16T11:59:54.997-0300] {processor.py:829} INFO - Processing file /mnt/c/Users/arcan/Documents/airflow/.venv/lib/python3.10/site-packages/airflow/example_dags/example_params_trigger_ui.py for tasks to queue
[2025-06-16T11:59:55.000-0300] {logging_mixin.py:154} INFO - [2025-06-16T11:59:54.999-0300] {dagbag.py:536} INFO - Filling up the DagBag from /mnt/c/Users/arcan/Documents/airflow/.venv/lib/python3.10/site-packages/airflow/example_dags/example_params_trigger_ui.py
[2025-06-16T11:59:55.054-0300] {processor.py:839} INFO - DAG(s) dict_keys(['example_params_trigger_ui']) retrieved from /mnt/c/Users/arcan/Documents/airflow/.venv/lib/python3.10/site-packages/airflow/example_dags/example_params_trigger_ui.py
[2025-06-16T11:59:55.120-0300] {logging_mixin.py:154} INFO - [2025-06-16T11:59:55.120-0300] {dag.py:2941} INFO - Sync 1 DAGs
[2025-06-16T11:59:55.137-0300] {logging_mixin.py:154} INFO - [2025-06-16T11:59:55.137-0300] {dag.py:3722} INFO - Setting next_dagrun for example_params_trigger_ui to None, run_after=None
[2025-06-16T11:59:55.228-0300] {processor.py:179} INFO - Processing /mnt/c/Users/arcan/Documents/airflow/.venv/lib/python3.10/site-packages/airflow/example_dags/example_params_trigger_ui.py took 0.236 seconds
[2025-06-16T12:01:00.284-0300] {processor.py:157} INFO - Started process (PID=56267) to work on /mnt/c/Users/arcan/Documents/airflow/.venv/lib/python3.10/site-packages/airflow/example_dags/example_params_trigger_ui.py
[2025-06-16T12:01:00.286-0300] {processor.py:829} INFO - Processing file /mnt/c/Users/arcan/Documents/airflow/.venv/lib/python3.10/site-packages/airflow/example_dags/example_params_trigger_ui.py for tasks to queue
[2025-06-16T12:01:00.288-0300] {logging_mixin.py:154} INFO - [2025-06-16T12:01:00.288-0300] {dagbag.py:536} INFO - Filling up the DagBag from /mnt/c/Users/arcan/Documents/airflow/.venv/lib/python3.10/site-packages/airflow/example_dags/example_params_trigger_ui.py
[2025-06-16T12:01:00.342-0300] {processor.py:839} INFO - DAG(s) dict_keys(['example_params_trigger_ui']) retrieved from /mnt/c/Users/arcan/Documents/airflow/.venv/lib/python3.10/site-packages/airflow/example_dags/example_params_trigger_ui.py
[2025-06-16T12:01:00.405-0300] {logging_mixin.py:154} INFO - [2025-06-16T12:01:00.405-0300] {dag.py:2941} INFO - Sync 1 DAGs
[2025-06-16T12:01:00.422-0300] {logging_mixin.py:154} INFO - [2025-06-16T12:01:00.422-0300] {dag.py:3722} INFO - Setting next_dagrun for example_params_trigger_ui to None, run_after=None
[2025-06-16T12:01:00.510-0300] {processor.py:179} INFO - Processing /mnt/c/Users/arcan/Documents/airflow/.venv/lib/python3.10/site-packages/airflow/example_dags/example_params_trigger_ui.py took 0.230 seconds
[2025-06-16T12:02:08.740-0300] {processor.py:157} INFO - Started process (PID=56466) to work on /mnt/c/Users/arcan/Documents/airflow/.venv/lib/python3.10/site-packages/airflow/example_dags/example_params_trigger_ui.py
[2025-06-16T12:02:08.742-0300] {processor.py:829} INFO - Processing file /mnt/c/Users/arcan/Documents/airflow/.venv/lib/python3.10/site-packages/airflow/example_dags/example_params_trigger_ui.py for tasks to queue
[2025-06-16T12:02:08.744-0300] {logging_mixin.py:154} INFO - [2025-06-16T12:02:08.743-0300] {dagbag.py:536} INFO - Filling up the DagBag from /mnt/c/Users/arcan/Documents/airflow/.venv/lib/python3.10/site-packages/airflow/example_dags/example_params_trigger_ui.py
[2025-06-16T12:02:08.801-0300] {processor.py:839} INFO - DAG(s) dict_keys(['example_params_trigger_ui']) retrieved from /mnt/c/Users/arcan/Documents/airflow/.venv/lib/python3.10/site-packages/airflow/example_dags/example_params_trigger_ui.py
[2025-06-16T12:02:08.862-0300] {logging_mixin.py:154} INFO - [2025-06-16T12:02:08.862-0300] {dag.py:2941} INFO - Sync 1 DAGs
[2025-06-16T12:02:08.880-0300] {logging_mixin.py:154} INFO - [2025-06-16T12:02:08.880-0300] {dag.py:3722} INFO - Setting next_dagrun for example_params_trigger_ui to None, run_after=None
[2025-06-16T12:02:08.980-0300] {processor.py:179} INFO - Processing /mnt/c/Users/arcan/Documents/airflow/.venv/lib/python3.10/site-packages/airflow/example_dags/example_params_trigger_ui.py took 0.244 seconds
[2025-06-16T12:03:15.937-0300] {processor.py:157} INFO - Started process (PID=56791) to work on /mnt/c/Users/arcan/Documents/airflow/.venv/lib/python3.10/site-packages/airflow/example_dags/example_params_trigger_ui.py
[2025-06-16T12:03:15.940-0300] {processor.py:829} INFO - Processing file /mnt/c/Users/arcan/Documents/airflow/.venv/lib/python3.10/site-packages/airflow/example_dags/example_params_trigger_ui.py for tasks to queue
[2025-06-16T12:03:15.942-0300] {logging_mixin.py:154} INFO - [2025-06-16T12:03:15.941-0300] {dagbag.py:536} INFO - Filling up the DagBag from /mnt/c/Users/arcan/Documents/airflow/.venv/lib/python3.10/site-packages/airflow/example_dags/example_params_trigger_ui.py
[2025-06-16T12:03:15.995-0300] {processor.py:839} INFO - DAG(s) dict_keys(['example_params_trigger_ui']) retrieved from /mnt/c/Users/arcan/Documents/airflow/.venv/lib/python3.10/site-packages/airflow/example_dags/example_params_trigger_ui.py
[2025-06-16T12:03:16.058-0300] {logging_mixin.py:154} INFO - [2025-06-16T12:03:16.058-0300] {dag.py:2941} INFO - Sync 1 DAGs
[2025-06-16T12:03:16.079-0300] {logging_mixin.py:154} INFO - [2025-06-16T12:03:16.078-0300] {dag.py:3722} INFO - Setting next_dagrun for example_params_trigger_ui to None, run_after=None
[2025-06-16T12:03:16.172-0300] {processor.py:179} INFO - Processing /mnt/c/Users/arcan/Documents/airflow/.venv/lib/python3.10/site-packages/airflow/example_dags/example_params_trigger_ui.py took 0.239 seconds
[2025-06-16T12:04:20.886-0300] {processor.py:157} INFO - Started process (PID=56984) to work on /mnt/c/Users/arcan/Documents/airflow/.venv/lib/python3.10/site-packages/airflow/example_dags/example_params_trigger_ui.py
[2025-06-16T12:04:20.887-0300] {processor.py:829} INFO - Processing file /mnt/c/Users/arcan/Documents/airflow/.venv/lib/python3.10/site-packages/airflow/example_dags/example_params_trigger_ui.py for tasks to queue
[2025-06-16T12:04:20.889-0300] {logging_mixin.py:154} INFO - [2025-06-16T12:04:20.888-0300] {dagbag.py:536} INFO - Filling up the DagBag from /mnt/c/Users/arcan/Documents/airflow/.venv/lib/python3.10/site-packages/airflow/example_dags/example_params_trigger_ui.py
[2025-06-16T12:04:20.944-0300] {processor.py:839} INFO - DAG(s) dict_keys(['example_params_trigger_ui']) retrieved from /mnt/c/Users/arcan/Documents/airflow/.venv/lib/python3.10/site-packages/airflow/example_dags/example_params_trigger_ui.py
[2025-06-16T12:04:21.002-0300] {logging_mixin.py:154} INFO - [2025-06-16T12:04:21.001-0300] {dag.py:2941} INFO - Sync 1 DAGs
[2025-06-16T12:04:21.017-0300] {logging_mixin.py:154} INFO - [2025-06-16T12:04:21.017-0300] {dag.py:3722} INFO - Setting next_dagrun for example_params_trigger_ui to None, run_after=None
[2025-06-16T12:04:21.107-0300] {processor.py:179} INFO - Processing /mnt/c/Users/arcan/Documents/airflow/.venv/lib/python3.10/site-packages/airflow/example_dags/example_params_trigger_ui.py took 0.225 seconds
