[2025-06-16T10:51:52.209-0300] {processor.py:157} INFO - Started process (PID=43025) to work on /mnt/c/Users/arcan/Documents/airflow/.venv/lib/python3.10/site-packages/airflow/example_dags/example_python_operator.py
[2025-06-16T10:51:52.211-0300] {processor.py:829} INFO - Processing file /mnt/c/Users/arcan/Documents/airflow/.venv/lib/python3.10/site-packages/airflow/example_dags/example_python_operator.py for tasks to queue
[2025-06-16T10:51:52.213-0300] {logging_mixin.py:154} INFO - [2025-06-16T10:51:52.212-0300] {dagbag.py:536} INFO - Filling up the DagBag from /mnt/c/Users/arcan/Documents/airflow/.venv/lib/python3.10/site-packages/airflow/example_dags/example_python_operator.py
[2025-06-16T10:51:52.251-0300] {processor.py:839} INFO - DAG(s) dict_keys(['example_python_operator']) retrieved from /mnt/c/Users/arcan/Documents/airflow/.venv/lib/python3.10/site-packages/airflow/example_dags/example_python_operator.py
[2025-06-16T10:51:52.303-0300] {logging_mixin.py:154} INFO - [2025-06-16T10:51:52.303-0300] {dag.py:2941} INFO - Sync 1 DAGs
[2025-06-16T10:51:52.319-0300] {logging_mixin.py:154} INFO - [2025-06-16T10:51:52.318-0300] {dag.py:3722} INFO - Setting next_dagrun for example_python_operator to None, run_after=None
[2025-06-16T10:51:52.400-0300] {processor.py:179} INFO - Processing /mnt/c/Users/arcan/Documents/airflow/.venv/lib/python3.10/site-packages/airflow/example_dags/example_python_operator.py took 0.195 seconds
[2025-06-16T10:52:55.605-0300] {processor.py:157} INFO - Started process (PID=43204) to work on /mnt/c/Users/arcan/Documents/airflow/.venv/lib/python3.10/site-packages/airflow/example_dags/example_python_operator.py
[2025-06-16T10:52:55.607-0300] {processor.py:829} INFO - Processing file /mnt/c/Users/arcan/Documents/airflow/.venv/lib/python3.10/site-packages/airflow/example_dags/example_python_operator.py for tasks to queue
[2025-06-16T10:52:55.609-0300] {logging_mixin.py:154} INFO - [2025-06-16T10:52:55.608-0300] {dagbag.py:536} INFO - Filling up the DagBag from /mnt/c/Users/arcan/Documents/airflow/.venv/lib/python3.10/site-packages/airflow/example_dags/example_python_operator.py
[2025-06-16T10:52:55.645-0300] {processor.py:839} INFO - DAG(s) dict_keys(['example_python_operator']) retrieved from /mnt/c/Users/arcan/Documents/airflow/.venv/lib/python3.10/site-packages/airflow/example_dags/example_python_operator.py
[2025-06-16T10:52:55.687-0300] {logging_mixin.py:154} INFO - [2025-06-16T10:52:55.687-0300] {dag.py:2941} INFO - Sync 1 DAGs
[2025-06-16T10:52:55.702-0300] {logging_mixin.py:154} INFO - [2025-06-16T10:52:55.702-0300] {dag.py:3722} INFO - Setting next_dagrun for example_python_operator to None, run_after=None
[2025-06-16T10:52:55.787-0300] {processor.py:179} INFO - Processing /mnt/c/Users/arcan/Documents/airflow/.venv/lib/python3.10/site-packages/airflow/example_dags/example_python_operator.py took 0.186 seconds
[2025-06-16T10:54:02.274-0300] {processor.py:157} INFO - Started process (PID=43395) to work on /mnt/c/Users/arcan/Documents/airflow/.venv/lib/python3.10/site-packages/airflow/example_dags/example_python_operator.py
[2025-06-16T10:54:02.276-0300] {processor.py:829} INFO - Processing file /mnt/c/Users/arcan/Documents/airflow/.venv/lib/python3.10/site-packages/airflow/example_dags/example_python_operator.py for tasks to queue
[2025-06-16T10:54:02.278-0300] {logging_mixin.py:154} INFO - [2025-06-16T10:54:02.277-0300] {dagbag.py:536} INFO - Filling up the DagBag from /mnt/c/Users/arcan/Documents/airflow/.venv/lib/python3.10/site-packages/airflow/example_dags/example_python_operator.py
[2025-06-16T10:54:02.334-0300] {processor.py:839} INFO - DAG(s) dict_keys(['example_python_operator']) retrieved from /mnt/c/Users/arcan/Documents/airflow/.venv/lib/python3.10/site-packages/airflow/example_dags/example_python_operator.py
[2025-06-16T10:54:02.406-0300] {logging_mixin.py:154} INFO - [2025-06-16T10:54:02.405-0300] {dag.py:2941} INFO - Sync 1 DAGs
[2025-06-16T10:54:02.436-0300] {logging_mixin.py:154} INFO - [2025-06-16T10:54:02.436-0300] {dag.py:3722} INFO - Setting next_dagrun for example_python_operator to None, run_after=None
[2025-06-16T10:54:02.557-0300] {processor.py:179} INFO - Processing /mnt/c/Users/arcan/Documents/airflow/.venv/lib/python3.10/site-packages/airflow/example_dags/example_python_operator.py took 0.289 seconds
[2025-06-16T10:55:05.340-0300] {processor.py:157} INFO - Started process (PID=43574) to work on /mnt/c/Users/arcan/Documents/airflow/.venv/lib/python3.10/site-packages/airflow/example_dags/example_python_operator.py
[2025-06-16T10:55:05.342-0300] {processor.py:829} INFO - Processing file /mnt/c/Users/arcan/Documents/airflow/.venv/lib/python3.10/site-packages/airflow/example_dags/example_python_operator.py for tasks to queue
[2025-06-16T10:55:05.344-0300] {logging_mixin.py:154} INFO - [2025-06-16T10:55:05.343-0300] {dagbag.py:536} INFO - Filling up the DagBag from /mnt/c/Users/arcan/Documents/airflow/.venv/lib/python3.10/site-packages/airflow/example_dags/example_python_operator.py
[2025-06-16T10:55:05.388-0300] {processor.py:839} INFO - DAG(s) dict_keys(['example_python_operator']) retrieved from /mnt/c/Users/arcan/Documents/airflow/.venv/lib/python3.10/site-packages/airflow/example_dags/example_python_operator.py
[2025-06-16T10:55:05.439-0300] {logging_mixin.py:154} INFO - [2025-06-16T10:55:05.438-0300] {dag.py:2941} INFO - Sync 1 DAGs
[2025-06-16T10:55:05.458-0300] {logging_mixin.py:154} INFO - [2025-06-16T10:55:05.457-0300] {dag.py:3722} INFO - Setting next_dagrun for example_python_operator to None, run_after=None
[2025-06-16T10:55:05.552-0300] {processor.py:179} INFO - Processing /mnt/c/Users/arcan/Documents/airflow/.venv/lib/python3.10/site-packages/airflow/example_dags/example_python_operator.py took 0.218 seconds
[2025-06-16T10:56:06.489-0300] {processor.py:157} INFO - Started process (PID=43751) to work on /mnt/c/Users/arcan/Documents/airflow/.venv/lib/python3.10/site-packages/airflow/example_dags/example_python_operator.py
[2025-06-16T10:56:06.491-0300] {processor.py:829} INFO - Processing file /mnt/c/Users/arcan/Documents/airflow/.venv/lib/python3.10/site-packages/airflow/example_dags/example_python_operator.py for tasks to queue
[2025-06-16T10:56:06.492-0300] {logging_mixin.py:154} INFO - [2025-06-16T10:56:06.492-0300] {dagbag.py:536} INFO - Filling up the DagBag from /mnt/c/Users/arcan/Documents/airflow/.venv/lib/python3.10/site-packages/airflow/example_dags/example_python_operator.py
[2025-06-16T10:56:06.529-0300] {processor.py:839} INFO - DAG(s) dict_keys(['example_python_operator']) retrieved from /mnt/c/Users/arcan/Documents/airflow/.venv/lib/python3.10/site-packages/airflow/example_dags/example_python_operator.py
[2025-06-16T10:56:06.570-0300] {logging_mixin.py:154} INFO - [2025-06-16T10:56:06.570-0300] {dag.py:2941} INFO - Sync 1 DAGs
[2025-06-16T10:56:06.587-0300] {logging_mixin.py:154} INFO - [2025-06-16T10:56:06.587-0300] {dag.py:3722} INFO - Setting next_dagrun for example_python_operator to None, run_after=None
[2025-06-16T10:56:06.673-0300] {processor.py:179} INFO - Processing /mnt/c/Users/arcan/Documents/airflow/.venv/lib/python3.10/site-packages/airflow/example_dags/example_python_operator.py took 0.188 seconds
[2025-06-16T10:57:13.274-0300] {processor.py:157} INFO - Started process (PID=43937) to work on /mnt/c/Users/arcan/Documents/airflow/.venv/lib/python3.10/site-packages/airflow/example_dags/example_python_operator.py
[2025-06-16T10:57:13.276-0300] {processor.py:829} INFO - Processing file /mnt/c/Users/arcan/Documents/airflow/.venv/lib/python3.10/site-packages/airflow/example_dags/example_python_operator.py for tasks to queue
[2025-06-16T10:57:13.277-0300] {logging_mixin.py:154} INFO - [2025-06-16T10:57:13.277-0300] {dagbag.py:536} INFO - Filling up the DagBag from /mnt/c/Users/arcan/Documents/airflow/.venv/lib/python3.10/site-packages/airflow/example_dags/example_python_operator.py
[2025-06-16T10:57:13.315-0300] {processor.py:839} INFO - DAG(s) dict_keys(['example_python_operator']) retrieved from /mnt/c/Users/arcan/Documents/airflow/.venv/lib/python3.10/site-packages/airflow/example_dags/example_python_operator.py
[2025-06-16T10:57:13.360-0300] {logging_mixin.py:154} INFO - [2025-06-16T10:57:13.360-0300] {dag.py:2941} INFO - Sync 1 DAGs
[2025-06-16T10:57:13.376-0300] {logging_mixin.py:154} INFO - [2025-06-16T10:57:13.376-0300] {dag.py:3722} INFO - Setting next_dagrun for example_python_operator to None, run_after=None
[2025-06-16T10:57:13.465-0300] {processor.py:179} INFO - Processing /mnt/c/Users/arcan/Documents/airflow/.venv/lib/python3.10/site-packages/airflow/example_dags/example_python_operator.py took 0.195 seconds
[2025-06-16T10:58:24.082-0300] {processor.py:157} INFO - Started process (PID=44135) to work on /mnt/c/Users/arcan/Documents/airflow/.venv/lib/python3.10/site-packages/airflow/example_dags/example_python_operator.py
[2025-06-16T10:58:24.084-0300] {processor.py:829} INFO - Processing file /mnt/c/Users/arcan/Documents/airflow/.venv/lib/python3.10/site-packages/airflow/example_dags/example_python_operator.py for tasks to queue
[2025-06-16T10:58:24.086-0300] {logging_mixin.py:154} INFO - [2025-06-16T10:58:24.085-0300] {dagbag.py:536} INFO - Filling up the DagBag from /mnt/c/Users/arcan/Documents/airflow/.venv/lib/python3.10/site-packages/airflow/example_dags/example_python_operator.py
[2025-06-16T10:58:24.145-0300] {processor.py:839} INFO - DAG(s) dict_keys(['example_python_operator']) retrieved from /mnt/c/Users/arcan/Documents/airflow/.venv/lib/python3.10/site-packages/airflow/example_dags/example_python_operator.py
[2025-06-16T10:58:24.199-0300] {logging_mixin.py:154} INFO - [2025-06-16T10:58:24.198-0300] {dag.py:2941} INFO - Sync 1 DAGs
[2025-06-16T10:58:24.229-0300] {logging_mixin.py:154} INFO - [2025-06-16T10:58:24.229-0300] {dag.py:3722} INFO - Setting next_dagrun for example_python_operator to None, run_after=None
[2025-06-16T10:58:24.370-0300] {processor.py:179} INFO - Processing /mnt/c/Users/arcan/Documents/airflow/.venv/lib/python3.10/site-packages/airflow/example_dags/example_python_operator.py took 0.292 seconds
[2025-06-16T10:59:35.413-0300] {processor.py:157} INFO - Started process (PID=44460) to work on /mnt/c/Users/arcan/Documents/airflow/.venv/lib/python3.10/site-packages/airflow/example_dags/example_python_operator.py
[2025-06-16T10:59:35.415-0300] {processor.py:829} INFO - Processing file /mnt/c/Users/arcan/Documents/airflow/.venv/lib/python3.10/site-packages/airflow/example_dags/example_python_operator.py for tasks to queue
[2025-06-16T10:59:35.417-0300] {logging_mixin.py:154} INFO - [2025-06-16T10:59:35.417-0300] {dagbag.py:536} INFO - Filling up the DagBag from /mnt/c/Users/arcan/Documents/airflow/.venv/lib/python3.10/site-packages/airflow/example_dags/example_python_operator.py
[2025-06-16T10:59:35.457-0300] {processor.py:839} INFO - DAG(s) dict_keys(['example_python_operator']) retrieved from /mnt/c/Users/arcan/Documents/airflow/.venv/lib/python3.10/site-packages/airflow/example_dags/example_python_operator.py
[2025-06-16T10:59:35.509-0300] {logging_mixin.py:154} INFO - [2025-06-16T10:59:35.508-0300] {dag.py:2941} INFO - Sync 1 DAGs
[2025-06-16T10:59:35.533-0300] {logging_mixin.py:154} INFO - [2025-06-16T10:59:35.533-0300] {dag.py:3722} INFO - Setting next_dagrun for example_python_operator to None, run_after=None
[2025-06-16T10:59:35.630-0300] {processor.py:179} INFO - Processing /mnt/c/Users/arcan/Documents/airflow/.venv/lib/python3.10/site-packages/airflow/example_dags/example_python_operator.py took 0.222 seconds
[2025-06-16T11:00:44.925-0300] {processor.py:157} INFO - Started process (PID=44656) to work on /mnt/c/Users/arcan/Documents/airflow/.venv/lib/python3.10/site-packages/airflow/example_dags/example_python_operator.py
[2025-06-16T11:00:44.928-0300] {processor.py:829} INFO - Processing file /mnt/c/Users/arcan/Documents/airflow/.venv/lib/python3.10/site-packages/airflow/example_dags/example_python_operator.py for tasks to queue
[2025-06-16T11:00:44.931-0300] {logging_mixin.py:154} INFO - [2025-06-16T11:00:44.930-0300] {dagbag.py:536} INFO - Filling up the DagBag from /mnt/c/Users/arcan/Documents/airflow/.venv/lib/python3.10/site-packages/airflow/example_dags/example_python_operator.py
[2025-06-16T11:00:44.977-0300] {processor.py:839} INFO - DAG(s) dict_keys(['example_python_operator']) retrieved from /mnt/c/Users/arcan/Documents/airflow/.venv/lib/python3.10/site-packages/airflow/example_dags/example_python_operator.py
[2025-06-16T11:00:45.050-0300] {logging_mixin.py:154} INFO - [2025-06-16T11:00:45.050-0300] {dag.py:2941} INFO - Sync 1 DAGs
[2025-06-16T11:00:45.076-0300] {logging_mixin.py:154} INFO - [2025-06-16T11:00:45.076-0300] {dag.py:3722} INFO - Setting next_dagrun for example_python_operator to None, run_after=None
[2025-06-16T11:00:45.184-0300] {processor.py:179} INFO - Processing /mnt/c/Users/arcan/Documents/airflow/.venv/lib/python3.10/site-packages/airflow/example_dags/example_python_operator.py took 0.265 seconds
[2025-06-16T11:01:58.835-0300] {processor.py:157} INFO - Started process (PID=44870) to work on /mnt/c/Users/arcan/Documents/airflow/.venv/lib/python3.10/site-packages/airflow/example_dags/example_python_operator.py
[2025-06-16T11:01:58.837-0300] {processor.py:829} INFO - Processing file /mnt/c/Users/arcan/Documents/airflow/.venv/lib/python3.10/site-packages/airflow/example_dags/example_python_operator.py for tasks to queue
[2025-06-16T11:01:58.838-0300] {logging_mixin.py:154} INFO - [2025-06-16T11:01:58.837-0300] {dagbag.py:536} INFO - Filling up the DagBag from /mnt/c/Users/arcan/Documents/airflow/.venv/lib/python3.10/site-packages/airflow/example_dags/example_python_operator.py
[2025-06-16T11:01:58.875-0300] {processor.py:839} INFO - DAG(s) dict_keys(['example_python_operator']) retrieved from /mnt/c/Users/arcan/Documents/airflow/.venv/lib/python3.10/site-packages/airflow/example_dags/example_python_operator.py
[2025-06-16T11:01:58.915-0300] {logging_mixin.py:154} INFO - [2025-06-16T11:01:58.915-0300] {dag.py:2941} INFO - Sync 1 DAGs
[2025-06-16T11:01:58.934-0300] {logging_mixin.py:154} INFO - [2025-06-16T11:01:58.934-0300] {dag.py:3722} INFO - Setting next_dagrun for example_python_operator to None, run_after=None
[2025-06-16T11:01:59.030-0300] {processor.py:179} INFO - Processing /mnt/c/Users/arcan/Documents/airflow/.venv/lib/python3.10/site-packages/airflow/example_dags/example_python_operator.py took 0.199 seconds
[2025-06-16T11:02:56.330-0300] {processor.py:157} INFO - Started process (PID=45038) to work on /mnt/c/Users/arcan/Documents/airflow/.venv/lib/python3.10/site-packages/airflow/example_dags/example_python_operator.py
[2025-06-16T11:02:56.332-0300] {processor.py:829} INFO - Processing file /mnt/c/Users/arcan/Documents/airflow/.venv/lib/python3.10/site-packages/airflow/example_dags/example_python_operator.py for tasks to queue
[2025-06-16T11:02:56.334-0300] {logging_mixin.py:154} INFO - [2025-06-16T11:02:56.333-0300] {dagbag.py:536} INFO - Filling up the DagBag from /mnt/c/Users/arcan/Documents/airflow/.venv/lib/python3.10/site-packages/airflow/example_dags/example_python_operator.py
[2025-06-16T11:02:56.375-0300] {processor.py:839} INFO - DAG(s) dict_keys(['example_python_operator']) retrieved from /mnt/c/Users/arcan/Documents/airflow/.venv/lib/python3.10/site-packages/airflow/example_dags/example_python_operator.py
[2025-06-16T11:02:56.416-0300] {logging_mixin.py:154} INFO - [2025-06-16T11:02:56.416-0300] {dag.py:2941} INFO - Sync 1 DAGs
[2025-06-16T11:02:56.437-0300] {logging_mixin.py:154} INFO - [2025-06-16T11:02:56.437-0300] {dag.py:3722} INFO - Setting next_dagrun for example_python_operator to None, run_after=None
[2025-06-16T11:02:56.540-0300] {processor.py:179} INFO - Processing /mnt/c/Users/arcan/Documents/airflow/.venv/lib/python3.10/site-packages/airflow/example_dags/example_python_operator.py took 0.214 seconds
[2025-06-16T11:03:55.976-0300] {processor.py:157} INFO - Started process (PID=45218) to work on /mnt/c/Users/arcan/Documents/airflow/.venv/lib/python3.10/site-packages/airflow/example_dags/example_python_operator.py
[2025-06-16T11:03:55.978-0300] {processor.py:829} INFO - Processing file /mnt/c/Users/arcan/Documents/airflow/.venv/lib/python3.10/site-packages/airflow/example_dags/example_python_operator.py for tasks to queue
[2025-06-16T11:03:55.980-0300] {logging_mixin.py:154} INFO - [2025-06-16T11:03:55.979-0300] {dagbag.py:536} INFO - Filling up the DagBag from /mnt/c/Users/arcan/Documents/airflow/.venv/lib/python3.10/site-packages/airflow/example_dags/example_python_operator.py
[2025-06-16T11:03:56.017-0300] {processor.py:839} INFO - DAG(s) dict_keys(['example_python_operator']) retrieved from /mnt/c/Users/arcan/Documents/airflow/.venv/lib/python3.10/site-packages/airflow/example_dags/example_python_operator.py
[2025-06-16T11:03:56.060-0300] {logging_mixin.py:154} INFO - [2025-06-16T11:03:56.060-0300] {dag.py:2941} INFO - Sync 1 DAGs
[2025-06-16T11:03:56.079-0300] {logging_mixin.py:154} INFO - [2025-06-16T11:03:56.079-0300] {dag.py:3722} INFO - Setting next_dagrun for example_python_operator to None, run_after=None
[2025-06-16T11:03:56.174-0300] {processor.py:179} INFO - Processing /mnt/c/Users/arcan/Documents/airflow/.venv/lib/python3.10/site-packages/airflow/example_dags/example_python_operator.py took 0.201 seconds
[2025-06-16T11:04:54.888-0300] {processor.py:157} INFO - Started process (PID=45394) to work on /mnt/c/Users/arcan/Documents/airflow/.venv/lib/python3.10/site-packages/airflow/example_dags/example_python_operator.py
[2025-06-16T11:04:54.890-0300] {processor.py:829} INFO - Processing file /mnt/c/Users/arcan/Documents/airflow/.venv/lib/python3.10/site-packages/airflow/example_dags/example_python_operator.py for tasks to queue
[2025-06-16T11:04:54.891-0300] {logging_mixin.py:154} INFO - [2025-06-16T11:04:54.891-0300] {dagbag.py:536} INFO - Filling up the DagBag from /mnt/c/Users/arcan/Documents/airflow/.venv/lib/python3.10/site-packages/airflow/example_dags/example_python_operator.py
[2025-06-16T11:04:54.930-0300] {processor.py:839} INFO - DAG(s) dict_keys(['example_python_operator']) retrieved from /mnt/c/Users/arcan/Documents/airflow/.venv/lib/python3.10/site-packages/airflow/example_dags/example_python_operator.py
[2025-06-16T11:04:54.972-0300] {logging_mixin.py:154} INFO - [2025-06-16T11:04:54.972-0300] {dag.py:2941} INFO - Sync 1 DAGs
[2025-06-16T11:04:54.990-0300] {logging_mixin.py:154} INFO - [2025-06-16T11:04:54.990-0300] {dag.py:3722} INFO - Setting next_dagrun for example_python_operator to None, run_after=None
[2025-06-16T11:04:55.075-0300] {processor.py:179} INFO - Processing /mnt/c/Users/arcan/Documents/airflow/.venv/lib/python3.10/site-packages/airflow/example_dags/example_python_operator.py took 0.190 seconds
[2025-06-16T11:06:01.855-0300] {processor.py:157} INFO - Started process (PID=45709) to work on /mnt/c/Users/arcan/Documents/airflow/.venv/lib/python3.10/site-packages/airflow/example_dags/example_python_operator.py
[2025-06-16T11:06:01.857-0300] {processor.py:829} INFO - Processing file /mnt/c/Users/arcan/Documents/airflow/.venv/lib/python3.10/site-packages/airflow/example_dags/example_python_operator.py for tasks to queue
[2025-06-16T11:06:01.858-0300] {logging_mixin.py:154} INFO - [2025-06-16T11:06:01.858-0300] {dagbag.py:536} INFO - Filling up the DagBag from /mnt/c/Users/arcan/Documents/airflow/.venv/lib/python3.10/site-packages/airflow/example_dags/example_python_operator.py
[2025-06-16T11:06:01.896-0300] {processor.py:839} INFO - DAG(s) dict_keys(['example_python_operator']) retrieved from /mnt/c/Users/arcan/Documents/airflow/.venv/lib/python3.10/site-packages/airflow/example_dags/example_python_operator.py
[2025-06-16T11:06:01.940-0300] {logging_mixin.py:154} INFO - [2025-06-16T11:06:01.940-0300] {dag.py:2941} INFO - Sync 1 DAGs
[2025-06-16T11:06:01.958-0300] {logging_mixin.py:154} INFO - [2025-06-16T11:06:01.957-0300] {dag.py:3722} INFO - Setting next_dagrun for example_python_operator to None, run_after=None
[2025-06-16T11:06:02.048-0300] {processor.py:179} INFO - Processing /mnt/c/Users/arcan/Documents/airflow/.venv/lib/python3.10/site-packages/airflow/example_dags/example_python_operator.py took 0.197 seconds
[2025-06-16T11:07:09.457-0300] {processor.py:157} INFO - Started process (PID=45903) to work on /mnt/c/Users/arcan/Documents/airflow/.venv/lib/python3.10/site-packages/airflow/example_dags/example_python_operator.py
[2025-06-16T11:07:09.458-0300] {processor.py:829} INFO - Processing file /mnt/c/Users/arcan/Documents/airflow/.venv/lib/python3.10/site-packages/airflow/example_dags/example_python_operator.py for tasks to queue
[2025-06-16T11:07:09.460-0300] {logging_mixin.py:154} INFO - [2025-06-16T11:07:09.459-0300] {dagbag.py:536} INFO - Filling up the DagBag from /mnt/c/Users/arcan/Documents/airflow/.venv/lib/python3.10/site-packages/airflow/example_dags/example_python_operator.py
[2025-06-16T11:07:09.498-0300] {processor.py:839} INFO - DAG(s) dict_keys(['example_python_operator']) retrieved from /mnt/c/Users/arcan/Documents/airflow/.venv/lib/python3.10/site-packages/airflow/example_dags/example_python_operator.py
[2025-06-16T11:07:09.544-0300] {logging_mixin.py:154} INFO - [2025-06-16T11:07:09.544-0300] {dag.py:2941} INFO - Sync 1 DAGs
[2025-06-16T11:07:09.562-0300] {logging_mixin.py:154} INFO - [2025-06-16T11:07:09.562-0300] {dag.py:3722} INFO - Setting next_dagrun for example_python_operator to None, run_after=None
[2025-06-16T11:07:09.656-0300] {processor.py:179} INFO - Processing /mnt/c/Users/arcan/Documents/airflow/.venv/lib/python3.10/site-packages/airflow/example_dags/example_python_operator.py took 0.203 seconds
[2025-06-16T11:08:13.288-0300] {processor.py:157} INFO - Started process (PID=46091) to work on /mnt/c/Users/arcan/Documents/airflow/.venv/lib/python3.10/site-packages/airflow/example_dags/example_python_operator.py
[2025-06-16T11:08:13.289-0300] {processor.py:829} INFO - Processing file /mnt/c/Users/arcan/Documents/airflow/.venv/lib/python3.10/site-packages/airflow/example_dags/example_python_operator.py for tasks to queue
[2025-06-16T11:08:13.291-0300] {logging_mixin.py:154} INFO - [2025-06-16T11:08:13.290-0300] {dagbag.py:536} INFO - Filling up the DagBag from /mnt/c/Users/arcan/Documents/airflow/.venv/lib/python3.10/site-packages/airflow/example_dags/example_python_operator.py
[2025-06-16T11:08:13.327-0300] {processor.py:839} INFO - DAG(s) dict_keys(['example_python_operator']) retrieved from /mnt/c/Users/arcan/Documents/airflow/.venv/lib/python3.10/site-packages/airflow/example_dags/example_python_operator.py
[2025-06-16T11:08:13.369-0300] {logging_mixin.py:154} INFO - [2025-06-16T11:08:13.369-0300] {dag.py:2941} INFO - Sync 1 DAGs
[2025-06-16T11:08:13.384-0300] {logging_mixin.py:154} INFO - [2025-06-16T11:08:13.384-0300] {dag.py:3722} INFO - Setting next_dagrun for example_python_operator to None, run_after=None
[2025-06-16T11:08:13.478-0300] {processor.py:179} INFO - Processing /mnt/c/Users/arcan/Documents/airflow/.venv/lib/python3.10/site-packages/airflow/example_dags/example_python_operator.py took 0.194 seconds
[2025-06-16T11:09:14.966-0300] {processor.py:157} INFO - Started process (PID=46269) to work on /mnt/c/Users/arcan/Documents/airflow/.venv/lib/python3.10/site-packages/airflow/example_dags/example_python_operator.py
[2025-06-16T11:09:14.968-0300] {processor.py:829} INFO - Processing file /mnt/c/Users/arcan/Documents/airflow/.venv/lib/python3.10/site-packages/airflow/example_dags/example_python_operator.py for tasks to queue
[2025-06-16T11:09:14.970-0300] {logging_mixin.py:154} INFO - [2025-06-16T11:09:14.970-0300] {dagbag.py:536} INFO - Filling up the DagBag from /mnt/c/Users/arcan/Documents/airflow/.venv/lib/python3.10/site-packages/airflow/example_dags/example_python_operator.py
[2025-06-16T11:09:15.007-0300] {processor.py:839} INFO - DAG(s) dict_keys(['example_python_operator']) retrieved from /mnt/c/Users/arcan/Documents/airflow/.venv/lib/python3.10/site-packages/airflow/example_dags/example_python_operator.py
[2025-06-16T11:09:15.050-0300] {logging_mixin.py:154} INFO - [2025-06-16T11:09:15.050-0300] {dag.py:2941} INFO - Sync 1 DAGs
[2025-06-16T11:09:15.068-0300] {logging_mixin.py:154} INFO - [2025-06-16T11:09:15.068-0300] {dag.py:3722} INFO - Setting next_dagrun for example_python_operator to None, run_after=None
[2025-06-16T11:09:15.165-0300] {processor.py:179} INFO - Processing /mnt/c/Users/arcan/Documents/airflow/.venv/lib/python3.10/site-packages/airflow/example_dags/example_python_operator.py took 0.203 seconds
[2025-06-16T11:10:14.893-0300] {processor.py:157} INFO - Started process (PID=46440) to work on /mnt/c/Users/arcan/Documents/airflow/.venv/lib/python3.10/site-packages/airflow/example_dags/example_python_operator.py
[2025-06-16T11:10:14.895-0300] {processor.py:829} INFO - Processing file /mnt/c/Users/arcan/Documents/airflow/.venv/lib/python3.10/site-packages/airflow/example_dags/example_python_operator.py for tasks to queue
[2025-06-16T11:10:14.896-0300] {logging_mixin.py:154} INFO - [2025-06-16T11:10:14.896-0300] {dagbag.py:536} INFO - Filling up the DagBag from /mnt/c/Users/arcan/Documents/airflow/.venv/lib/python3.10/site-packages/airflow/example_dags/example_python_operator.py
[2025-06-16T11:10:14.935-0300] {processor.py:839} INFO - DAG(s) dict_keys(['example_python_operator']) retrieved from /mnt/c/Users/arcan/Documents/airflow/.venv/lib/python3.10/site-packages/airflow/example_dags/example_python_operator.py
[2025-06-16T11:10:14.978-0300] {logging_mixin.py:154} INFO - [2025-06-16T11:10:14.978-0300] {dag.py:2941} INFO - Sync 1 DAGs
[2025-06-16T11:10:14.998-0300] {logging_mixin.py:154} INFO - [2025-06-16T11:10:14.997-0300] {dag.py:3722} INFO - Setting next_dagrun for example_python_operator to None, run_after=None
[2025-06-16T11:10:15.088-0300] {processor.py:179} INFO - Processing /mnt/c/Users/arcan/Documents/airflow/.venv/lib/python3.10/site-packages/airflow/example_dags/example_python_operator.py took 0.199 seconds
[2025-06-16T11:11:16.655-0300] {processor.py:157} INFO - Started process (PID=46623) to work on /mnt/c/Users/arcan/Documents/airflow/.venv/lib/python3.10/site-packages/airflow/example_dags/example_python_operator.py
[2025-06-16T11:11:16.657-0300] {processor.py:829} INFO - Processing file /mnt/c/Users/arcan/Documents/airflow/.venv/lib/python3.10/site-packages/airflow/example_dags/example_python_operator.py for tasks to queue
[2025-06-16T11:11:16.659-0300] {logging_mixin.py:154} INFO - [2025-06-16T11:11:16.658-0300] {dagbag.py:536} INFO - Filling up the DagBag from /mnt/c/Users/arcan/Documents/airflow/.venv/lib/python3.10/site-packages/airflow/example_dags/example_python_operator.py
[2025-06-16T11:11:16.697-0300] {processor.py:839} INFO - DAG(s) dict_keys(['example_python_operator']) retrieved from /mnt/c/Users/arcan/Documents/airflow/.venv/lib/python3.10/site-packages/airflow/example_dags/example_python_operator.py
[2025-06-16T11:11:16.742-0300] {logging_mixin.py:154} INFO - [2025-06-16T11:11:16.742-0300] {dag.py:2941} INFO - Sync 1 DAGs
[2025-06-16T11:11:16.761-0300] {logging_mixin.py:154} INFO - [2025-06-16T11:11:16.761-0300] {dag.py:3722} INFO - Setting next_dagrun for example_python_operator to None, run_after=None
[2025-06-16T11:11:16.864-0300] {processor.py:179} INFO - Processing /mnt/c/Users/arcan/Documents/airflow/.venv/lib/python3.10/site-packages/airflow/example_dags/example_python_operator.py took 0.212 seconds
[2025-06-16T11:12:26.452-0300] {processor.py:157} INFO - Started process (PID=46823) to work on /mnt/c/Users/arcan/Documents/airflow/.venv/lib/python3.10/site-packages/airflow/example_dags/example_python_operator.py
[2025-06-16T11:12:26.454-0300] {processor.py:829} INFO - Processing file /mnt/c/Users/arcan/Documents/airflow/.venv/lib/python3.10/site-packages/airflow/example_dags/example_python_operator.py for tasks to queue
[2025-06-16T11:12:26.456-0300] {logging_mixin.py:154} INFO - [2025-06-16T11:12:26.455-0300] {dagbag.py:536} INFO - Filling up the DagBag from /mnt/c/Users/arcan/Documents/airflow/.venv/lib/python3.10/site-packages/airflow/example_dags/example_python_operator.py
[2025-06-16T11:12:26.491-0300] {processor.py:839} INFO - DAG(s) dict_keys(['example_python_operator']) retrieved from /mnt/c/Users/arcan/Documents/airflow/.venv/lib/python3.10/site-packages/airflow/example_dags/example_python_operator.py
[2025-06-16T11:12:26.532-0300] {logging_mixin.py:154} INFO - [2025-06-16T11:12:26.531-0300] {dag.py:2941} INFO - Sync 1 DAGs
[2025-06-16T11:12:26.548-0300] {logging_mixin.py:154} INFO - [2025-06-16T11:12:26.548-0300] {dag.py:3722} INFO - Setting next_dagrun for example_python_operator to None, run_after=None
[2025-06-16T11:12:26.632-0300] {processor.py:179} INFO - Processing /mnt/c/Users/arcan/Documents/airflow/.venv/lib/python3.10/site-packages/airflow/example_dags/example_python_operator.py took 0.184 seconds
[2025-06-16T11:13:32.110-0300] {processor.py:157} INFO - Started process (PID=47129) to work on /mnt/c/Users/arcan/Documents/airflow/.venv/lib/python3.10/site-packages/airflow/example_dags/example_python_operator.py
[2025-06-16T11:13:32.113-0300] {processor.py:829} INFO - Processing file /mnt/c/Users/arcan/Documents/airflow/.venv/lib/python3.10/site-packages/airflow/example_dags/example_python_operator.py for tasks to queue
[2025-06-16T11:13:32.115-0300] {logging_mixin.py:154} INFO - [2025-06-16T11:13:32.114-0300] {dagbag.py:536} INFO - Filling up the DagBag from /mnt/c/Users/arcan/Documents/airflow/.venv/lib/python3.10/site-packages/airflow/example_dags/example_python_operator.py
[2025-06-16T11:13:32.151-0300] {processor.py:839} INFO - DAG(s) dict_keys(['example_python_operator']) retrieved from /mnt/c/Users/arcan/Documents/airflow/.venv/lib/python3.10/site-packages/airflow/example_dags/example_python_operator.py
[2025-06-16T11:13:32.193-0300] {logging_mixin.py:154} INFO - [2025-06-16T11:13:32.193-0300] {dag.py:2941} INFO - Sync 1 DAGs
[2025-06-16T11:13:32.209-0300] {logging_mixin.py:154} INFO - [2025-06-16T11:13:32.208-0300] {dag.py:3722} INFO - Setting next_dagrun for example_python_operator to None, run_after=None
[2025-06-16T11:13:32.293-0300] {processor.py:179} INFO - Processing /mnt/c/Users/arcan/Documents/airflow/.venv/lib/python3.10/site-packages/airflow/example_dags/example_python_operator.py took 0.186 seconds
[2025-06-16T11:14:35.336-0300] {processor.py:157} INFO - Started process (PID=47313) to work on /mnt/c/Users/arcan/Documents/airflow/.venv/lib/python3.10/site-packages/airflow/example_dags/example_python_operator.py
[2025-06-16T11:14:35.338-0300] {processor.py:829} INFO - Processing file /mnt/c/Users/arcan/Documents/airflow/.venv/lib/python3.10/site-packages/airflow/example_dags/example_python_operator.py for tasks to queue
[2025-06-16T11:14:35.340-0300] {logging_mixin.py:154} INFO - [2025-06-16T11:14:35.340-0300] {dagbag.py:536} INFO - Filling up the DagBag from /mnt/c/Users/arcan/Documents/airflow/.venv/lib/python3.10/site-packages/airflow/example_dags/example_python_operator.py
[2025-06-16T11:14:35.376-0300] {processor.py:839} INFO - DAG(s) dict_keys(['example_python_operator']) retrieved from /mnt/c/Users/arcan/Documents/airflow/.venv/lib/python3.10/site-packages/airflow/example_dags/example_python_operator.py
[2025-06-16T11:14:35.421-0300] {logging_mixin.py:154} INFO - [2025-06-16T11:14:35.421-0300] {dag.py:2941} INFO - Sync 1 DAGs
[2025-06-16T11:14:35.440-0300] {logging_mixin.py:154} INFO - [2025-06-16T11:14:35.439-0300] {dag.py:3722} INFO - Setting next_dagrun for example_python_operator to None, run_after=None
[2025-06-16T11:14:35.525-0300] {processor.py:179} INFO - Processing /mnt/c/Users/arcan/Documents/airflow/.venv/lib/python3.10/site-packages/airflow/example_dags/example_python_operator.py took 0.192 seconds
[2025-06-16T11:15:35.895-0300] {processor.py:157} INFO - Started process (PID=47491) to work on /mnt/c/Users/arcan/Documents/airflow/.venv/lib/python3.10/site-packages/airflow/example_dags/example_python_operator.py
[2025-06-16T11:15:35.897-0300] {processor.py:829} INFO - Processing file /mnt/c/Users/arcan/Documents/airflow/.venv/lib/python3.10/site-packages/airflow/example_dags/example_python_operator.py for tasks to queue
[2025-06-16T11:15:35.899-0300] {logging_mixin.py:154} INFO - [2025-06-16T11:15:35.898-0300] {dagbag.py:536} INFO - Filling up the DagBag from /mnt/c/Users/arcan/Documents/airflow/.venv/lib/python3.10/site-packages/airflow/example_dags/example_python_operator.py
[2025-06-16T11:15:35.941-0300] {processor.py:839} INFO - DAG(s) dict_keys(['example_python_operator']) retrieved from /mnt/c/Users/arcan/Documents/airflow/.venv/lib/python3.10/site-packages/airflow/example_dags/example_python_operator.py
[2025-06-16T11:15:35.991-0300] {logging_mixin.py:154} INFO - [2025-06-16T11:15:35.991-0300] {dag.py:2941} INFO - Sync 1 DAGs
[2025-06-16T11:15:36.010-0300] {logging_mixin.py:154} INFO - [2025-06-16T11:15:36.010-0300] {dag.py:3722} INFO - Setting next_dagrun for example_python_operator to None, run_after=None
[2025-06-16T11:15:36.101-0300] {processor.py:179} INFO - Processing /mnt/c/Users/arcan/Documents/airflow/.venv/lib/python3.10/site-packages/airflow/example_dags/example_python_operator.py took 0.212 seconds
[2025-06-16T11:16:42.481-0300] {processor.py:157} INFO - Started process (PID=47682) to work on /mnt/c/Users/arcan/Documents/airflow/.venv/lib/python3.10/site-packages/airflow/example_dags/example_python_operator.py
[2025-06-16T11:16:42.483-0300] {processor.py:829} INFO - Processing file /mnt/c/Users/arcan/Documents/airflow/.venv/lib/python3.10/site-packages/airflow/example_dags/example_python_operator.py for tasks to queue
[2025-06-16T11:16:42.485-0300] {logging_mixin.py:154} INFO - [2025-06-16T11:16:42.484-0300] {dagbag.py:536} INFO - Filling up the DagBag from /mnt/c/Users/arcan/Documents/airflow/.venv/lib/python3.10/site-packages/airflow/example_dags/example_python_operator.py
[2025-06-16T11:16:42.525-0300] {processor.py:839} INFO - DAG(s) dict_keys(['example_python_operator']) retrieved from /mnt/c/Users/arcan/Documents/airflow/.venv/lib/python3.10/site-packages/airflow/example_dags/example_python_operator.py
[2025-06-16T11:16:42.565-0300] {logging_mixin.py:154} INFO - [2025-06-16T11:16:42.564-0300] {dag.py:2941} INFO - Sync 1 DAGs
[2025-06-16T11:16:42.582-0300] {logging_mixin.py:154} INFO - [2025-06-16T11:16:42.582-0300] {dag.py:3722} INFO - Setting next_dagrun for example_python_operator to None, run_after=None
[2025-06-16T11:16:42.675-0300] {processor.py:179} INFO - Processing /mnt/c/Users/arcan/Documents/airflow/.venv/lib/python3.10/site-packages/airflow/example_dags/example_python_operator.py took 0.197 seconds
[2025-06-16T11:17:48.018-0300] {processor.py:157} INFO - Started process (PID=47880) to work on /mnt/c/Users/arcan/Documents/airflow/.venv/lib/python3.10/site-packages/airflow/example_dags/example_python_operator.py
[2025-06-16T11:17:48.020-0300] {processor.py:829} INFO - Processing file /mnt/c/Users/arcan/Documents/airflow/.venv/lib/python3.10/site-packages/airflow/example_dags/example_python_operator.py for tasks to queue
[2025-06-16T11:17:48.023-0300] {logging_mixin.py:154} INFO - [2025-06-16T11:17:48.022-0300] {dagbag.py:536} INFO - Filling up the DagBag from /mnt/c/Users/arcan/Documents/airflow/.venv/lib/python3.10/site-packages/airflow/example_dags/example_python_operator.py
[2025-06-16T11:17:48.064-0300] {processor.py:839} INFO - DAG(s) dict_keys(['example_python_operator']) retrieved from /mnt/c/Users/arcan/Documents/airflow/.venv/lib/python3.10/site-packages/airflow/example_dags/example_python_operator.py
[2025-06-16T11:17:48.109-0300] {logging_mixin.py:154} INFO - [2025-06-16T11:17:48.109-0300] {dag.py:2941} INFO - Sync 1 DAGs
[2025-06-16T11:17:48.126-0300] {logging_mixin.py:154} INFO - [2025-06-16T11:17:48.126-0300] {dag.py:3722} INFO - Setting next_dagrun for example_python_operator to None, run_after=None
[2025-06-16T11:17:48.224-0300] {processor.py:179} INFO - Processing /mnt/c/Users/arcan/Documents/airflow/.venv/lib/python3.10/site-packages/airflow/example_dags/example_python_operator.py took 0.210 seconds
[2025-06-16T11:18:52.076-0300] {processor.py:157} INFO - Started process (PID=48064) to work on /mnt/c/Users/arcan/Documents/airflow/.venv/lib/python3.10/site-packages/airflow/example_dags/example_python_operator.py
[2025-06-16T11:18:52.078-0300] {processor.py:829} INFO - Processing file /mnt/c/Users/arcan/Documents/airflow/.venv/lib/python3.10/site-packages/airflow/example_dags/example_python_operator.py for tasks to queue
[2025-06-16T11:18:52.079-0300] {logging_mixin.py:154} INFO - [2025-06-16T11:18:52.079-0300] {dagbag.py:536} INFO - Filling up the DagBag from /mnt/c/Users/arcan/Documents/airflow/.venv/lib/python3.10/site-packages/airflow/example_dags/example_python_operator.py
[2025-06-16T11:18:52.121-0300] {processor.py:839} INFO - DAG(s) dict_keys(['example_python_operator']) retrieved from /mnt/c/Users/arcan/Documents/airflow/.venv/lib/python3.10/site-packages/airflow/example_dags/example_python_operator.py
[2025-06-16T11:18:52.165-0300] {logging_mixin.py:154} INFO - [2025-06-16T11:18:52.165-0300] {dag.py:2941} INFO - Sync 1 DAGs
[2025-06-16T11:18:52.184-0300] {logging_mixin.py:154} INFO - [2025-06-16T11:18:52.183-0300] {dag.py:3722} INFO - Setting next_dagrun for example_python_operator to None, run_after=None
[2025-06-16T11:18:52.274-0300] {processor.py:179} INFO - Processing /mnt/c/Users/arcan/Documents/airflow/.venv/lib/python3.10/site-packages/airflow/example_dags/example_python_operator.py took 0.202 seconds
[2025-06-16T11:19:55.150-0300] {processor.py:157} INFO - Started process (PID=48250) to work on /mnt/c/Users/arcan/Documents/airflow/.venv/lib/python3.10/site-packages/airflow/example_dags/example_python_operator.py
[2025-06-16T11:19:55.151-0300] {processor.py:829} INFO - Processing file /mnt/c/Users/arcan/Documents/airflow/.venv/lib/python3.10/site-packages/airflow/example_dags/example_python_operator.py for tasks to queue
[2025-06-16T11:19:55.153-0300] {logging_mixin.py:154} INFO - [2025-06-16T11:19:55.153-0300] {dagbag.py:536} INFO - Filling up the DagBag from /mnt/c/Users/arcan/Documents/airflow/.venv/lib/python3.10/site-packages/airflow/example_dags/example_python_operator.py
[2025-06-16T11:19:55.192-0300] {processor.py:839} INFO - DAG(s) dict_keys(['example_python_operator']) retrieved from /mnt/c/Users/arcan/Documents/airflow/.venv/lib/python3.10/site-packages/airflow/example_dags/example_python_operator.py
[2025-06-16T11:19:55.237-0300] {logging_mixin.py:154} INFO - [2025-06-16T11:19:55.237-0300] {dag.py:2941} INFO - Sync 1 DAGs
[2025-06-16T11:19:55.257-0300] {logging_mixin.py:154} INFO - [2025-06-16T11:19:55.257-0300] {dag.py:3722} INFO - Setting next_dagrun for example_python_operator to None, run_after=None
[2025-06-16T11:19:55.346-0300] {processor.py:179} INFO - Processing /mnt/c/Users/arcan/Documents/airflow/.venv/lib/python3.10/site-packages/airflow/example_dags/example_python_operator.py took 0.200 seconds
[2025-06-16T11:20:54.869-0300] {processor.py:157} INFO - Started process (PID=48549) to work on /mnt/c/Users/arcan/Documents/airflow/.venv/lib/python3.10/site-packages/airflow/example_dags/example_python_operator.py
[2025-06-16T11:20:54.871-0300] {processor.py:829} INFO - Processing file /mnt/c/Users/arcan/Documents/airflow/.venv/lib/python3.10/site-packages/airflow/example_dags/example_python_operator.py for tasks to queue
[2025-06-16T11:20:54.873-0300] {logging_mixin.py:154} INFO - [2025-06-16T11:20:54.872-0300] {dagbag.py:536} INFO - Filling up the DagBag from /mnt/c/Users/arcan/Documents/airflow/.venv/lib/python3.10/site-packages/airflow/example_dags/example_python_operator.py
[2025-06-16T11:20:54.913-0300] {processor.py:839} INFO - DAG(s) dict_keys(['example_python_operator']) retrieved from /mnt/c/Users/arcan/Documents/airflow/.venv/lib/python3.10/site-packages/airflow/example_dags/example_python_operator.py
[2025-06-16T11:20:54.957-0300] {logging_mixin.py:154} INFO - [2025-06-16T11:20:54.957-0300] {dag.py:2941} INFO - Sync 1 DAGs
[2025-06-16T11:20:54.974-0300] {logging_mixin.py:154} INFO - [2025-06-16T11:20:54.974-0300] {dag.py:3722} INFO - Setting next_dagrun for example_python_operator to None, run_after=None
[2025-06-16T11:20:55.069-0300] {processor.py:179} INFO - Processing /mnt/c/Users/arcan/Documents/airflow/.venv/lib/python3.10/site-packages/airflow/example_dags/example_python_operator.py took 0.204 seconds
[2025-06-16T11:22:03.322-0300] {processor.py:157} INFO - Started process (PID=48747) to work on /mnt/c/Users/arcan/Documents/airflow/.venv/lib/python3.10/site-packages/airflow/example_dags/example_python_operator.py
[2025-06-16T11:22:03.324-0300] {processor.py:829} INFO - Processing file /mnt/c/Users/arcan/Documents/airflow/.venv/lib/python3.10/site-packages/airflow/example_dags/example_python_operator.py for tasks to queue
[2025-06-16T11:22:03.325-0300] {logging_mixin.py:154} INFO - [2025-06-16T11:22:03.325-0300] {dagbag.py:536} INFO - Filling up the DagBag from /mnt/c/Users/arcan/Documents/airflow/.venv/lib/python3.10/site-packages/airflow/example_dags/example_python_operator.py
[2025-06-16T11:22:03.362-0300] {processor.py:839} INFO - DAG(s) dict_keys(['example_python_operator']) retrieved from /mnt/c/Users/arcan/Documents/airflow/.venv/lib/python3.10/site-packages/airflow/example_dags/example_python_operator.py
[2025-06-16T11:22:03.401-0300] {logging_mixin.py:154} INFO - [2025-06-16T11:22:03.401-0300] {dag.py:2941} INFO - Sync 1 DAGs
[2025-06-16T11:22:03.419-0300] {logging_mixin.py:154} INFO - [2025-06-16T11:22:03.419-0300] {dag.py:3722} INFO - Setting next_dagrun for example_python_operator to None, run_after=None
[2025-06-16T11:22:03.511-0300] {processor.py:179} INFO - Processing /mnt/c/Users/arcan/Documents/airflow/.venv/lib/python3.10/site-packages/airflow/example_dags/example_python_operator.py took 0.193 seconds
[2025-06-16T11:23:02.207-0300] {processor.py:157} INFO - Started process (PID=48921) to work on /mnt/c/Users/arcan/Documents/airflow/.venv/lib/python3.10/site-packages/airflow/example_dags/example_python_operator.py
[2025-06-16T11:23:02.208-0300] {processor.py:829} INFO - Processing file /mnt/c/Users/arcan/Documents/airflow/.venv/lib/python3.10/site-packages/airflow/example_dags/example_python_operator.py for tasks to queue
[2025-06-16T11:23:02.210-0300] {logging_mixin.py:154} INFO - [2025-06-16T11:23:02.209-0300] {dagbag.py:536} INFO - Filling up the DagBag from /mnt/c/Users/arcan/Documents/airflow/.venv/lib/python3.10/site-packages/airflow/example_dags/example_python_operator.py
[2025-06-16T11:23:02.248-0300] {processor.py:839} INFO - DAG(s) dict_keys(['example_python_operator']) retrieved from /mnt/c/Users/arcan/Documents/airflow/.venv/lib/python3.10/site-packages/airflow/example_dags/example_python_operator.py
[2025-06-16T11:23:02.289-0300] {logging_mixin.py:154} INFO - [2025-06-16T11:23:02.289-0300] {dag.py:2941} INFO - Sync 1 DAGs
[2025-06-16T11:23:02.308-0300] {logging_mixin.py:154} INFO - [2025-06-16T11:23:02.307-0300] {dag.py:3722} INFO - Setting next_dagrun for example_python_operator to None, run_after=None
[2025-06-16T11:23:02.395-0300] {processor.py:179} INFO - Processing /mnt/c/Users/arcan/Documents/airflow/.venv/lib/python3.10/site-packages/airflow/example_dags/example_python_operator.py took 0.192 seconds
[2025-06-16T11:24:00.397-0300] {processor.py:157} INFO - Started process (PID=49089) to work on /mnt/c/Users/arcan/Documents/airflow/.venv/lib/python3.10/site-packages/airflow/example_dags/example_python_operator.py
[2025-06-16T11:24:00.399-0300] {processor.py:829} INFO - Processing file /mnt/c/Users/arcan/Documents/airflow/.venv/lib/python3.10/site-packages/airflow/example_dags/example_python_operator.py for tasks to queue
[2025-06-16T11:24:00.400-0300] {logging_mixin.py:154} INFO - [2025-06-16T11:24:00.400-0300] {dagbag.py:536} INFO - Filling up the DagBag from /mnt/c/Users/arcan/Documents/airflow/.venv/lib/python3.10/site-packages/airflow/example_dags/example_python_operator.py
[2025-06-16T11:24:00.437-0300] {processor.py:839} INFO - DAG(s) dict_keys(['example_python_operator']) retrieved from /mnt/c/Users/arcan/Documents/airflow/.venv/lib/python3.10/site-packages/airflow/example_dags/example_python_operator.py
[2025-06-16T11:24:00.478-0300] {logging_mixin.py:154} INFO - [2025-06-16T11:24:00.478-0300] {dag.py:2941} INFO - Sync 1 DAGs
[2025-06-16T11:24:00.495-0300] {logging_mixin.py:154} INFO - [2025-06-16T11:24:00.495-0300] {dag.py:3722} INFO - Setting next_dagrun for example_python_operator to None, run_after=None
[2025-06-16T11:24:00.586-0300] {processor.py:179} INFO - Processing /mnt/c/Users/arcan/Documents/airflow/.venv/lib/python3.10/site-packages/airflow/example_dags/example_python_operator.py took 0.193 seconds
[2025-06-16T11:25:04.071-0300] {processor.py:157} INFO - Started process (PID=49280) to work on /mnt/c/Users/arcan/Documents/airflow/.venv/lib/python3.10/site-packages/airflow/example_dags/example_python_operator.py
[2025-06-16T11:25:04.073-0300] {processor.py:829} INFO - Processing file /mnt/c/Users/arcan/Documents/airflow/.venv/lib/python3.10/site-packages/airflow/example_dags/example_python_operator.py for tasks to queue
[2025-06-16T11:25:04.074-0300] {logging_mixin.py:154} INFO - [2025-06-16T11:25:04.074-0300] {dagbag.py:536} INFO - Filling up the DagBag from /mnt/c/Users/arcan/Documents/airflow/.venv/lib/python3.10/site-packages/airflow/example_dags/example_python_operator.py
[2025-06-16T11:25:04.100-0300] {processor.py:839} INFO - DAG(s) dict_keys(['example_python_operator']) retrieved from /mnt/c/Users/arcan/Documents/airflow/.venv/lib/python3.10/site-packages/airflow/example_dags/example_python_operator.py
[2025-06-16T11:25:04.145-0300] {logging_mixin.py:154} INFO - [2025-06-16T11:25:04.145-0300] {dag.py:2941} INFO - Sync 1 DAGs
[2025-06-16T11:25:04.165-0300] {logging_mixin.py:154} INFO - [2025-06-16T11:25:04.165-0300] {dag.py:3722} INFO - Setting next_dagrun for example_python_operator to None, run_after=None
[2025-06-16T11:25:04.256-0300] {processor.py:179} INFO - Processing /mnt/c/Users/arcan/Documents/airflow/.venv/lib/python3.10/site-packages/airflow/example_dags/example_python_operator.py took 0.189 seconds
[2025-06-16T11:26:06.426-0300] {processor.py:157} INFO - Started process (PID=49457) to work on /mnt/c/Users/arcan/Documents/airflow/.venv/lib/python3.10/site-packages/airflow/example_dags/example_python_operator.py
[2025-06-16T11:26:06.428-0300] {processor.py:829} INFO - Processing file /mnt/c/Users/arcan/Documents/airflow/.venv/lib/python3.10/site-packages/airflow/example_dags/example_python_operator.py for tasks to queue
[2025-06-16T11:26:06.429-0300] {logging_mixin.py:154} INFO - [2025-06-16T11:26:06.429-0300] {dagbag.py:536} INFO - Filling up the DagBag from /mnt/c/Users/arcan/Documents/airflow/.venv/lib/python3.10/site-packages/airflow/example_dags/example_python_operator.py
[2025-06-16T11:26:06.465-0300] {processor.py:839} INFO - DAG(s) dict_keys(['example_python_operator']) retrieved from /mnt/c/Users/arcan/Documents/airflow/.venv/lib/python3.10/site-packages/airflow/example_dags/example_python_operator.py
[2025-06-16T11:26:06.505-0300] {logging_mixin.py:154} INFO - [2025-06-16T11:26:06.505-0300] {dag.py:2941} INFO - Sync 1 DAGs
[2025-06-16T11:26:06.522-0300] {logging_mixin.py:154} INFO - [2025-06-16T11:26:06.522-0300] {dag.py:3722} INFO - Setting next_dagrun for example_python_operator to None, run_after=None
[2025-06-16T11:26:06.615-0300] {processor.py:179} INFO - Processing /mnt/c/Users/arcan/Documents/airflow/.venv/lib/python3.10/site-packages/airflow/example_dags/example_python_operator.py took 0.193 seconds
[2025-06-16T11:27:12.066-0300] {processor.py:157} INFO - Started process (PID=49647) to work on /mnt/c/Users/arcan/Documents/airflow/.venv/lib/python3.10/site-packages/airflow/example_dags/example_python_operator.py
[2025-06-16T11:27:12.068-0300] {processor.py:829} INFO - Processing file /mnt/c/Users/arcan/Documents/airflow/.venv/lib/python3.10/site-packages/airflow/example_dags/example_python_operator.py for tasks to queue
[2025-06-16T11:27:12.070-0300] {logging_mixin.py:154} INFO - [2025-06-16T11:27:12.069-0300] {dagbag.py:536} INFO - Filling up the DagBag from /mnt/c/Users/arcan/Documents/airflow/.venv/lib/python3.10/site-packages/airflow/example_dags/example_python_operator.py
[2025-06-16T11:27:12.110-0300] {processor.py:839} INFO - DAG(s) dict_keys(['example_python_operator']) retrieved from /mnt/c/Users/arcan/Documents/airflow/.venv/lib/python3.10/site-packages/airflow/example_dags/example_python_operator.py
[2025-06-16T11:27:12.149-0300] {logging_mixin.py:154} INFO - [2025-06-16T11:27:12.149-0300] {dag.py:2941} INFO - Sync 1 DAGs
[2025-06-16T11:27:12.169-0300] {logging_mixin.py:154} INFO - [2025-06-16T11:27:12.169-0300] {dag.py:3722} INFO - Setting next_dagrun for example_python_operator to None, run_after=None
[2025-06-16T11:27:12.257-0300] {processor.py:179} INFO - Processing /mnt/c/Users/arcan/Documents/airflow/.venv/lib/python3.10/site-packages/airflow/example_dags/example_python_operator.py took 0.195 seconds
[2025-06-16T11:28:18.265-0300] {processor.py:157} INFO - Started process (PID=49967) to work on /mnt/c/Users/arcan/Documents/airflow/.venv/lib/python3.10/site-packages/airflow/example_dags/example_python_operator.py
[2025-06-16T11:28:18.267-0300] {processor.py:829} INFO - Processing file /mnt/c/Users/arcan/Documents/airflow/.venv/lib/python3.10/site-packages/airflow/example_dags/example_python_operator.py for tasks to queue
[2025-06-16T11:28:18.269-0300] {logging_mixin.py:154} INFO - [2025-06-16T11:28:18.268-0300] {dagbag.py:536} INFO - Filling up the DagBag from /mnt/c/Users/arcan/Documents/airflow/.venv/lib/python3.10/site-packages/airflow/example_dags/example_python_operator.py
[2025-06-16T11:28:18.303-0300] {processor.py:839} INFO - DAG(s) dict_keys(['example_python_operator']) retrieved from /mnt/c/Users/arcan/Documents/airflow/.venv/lib/python3.10/site-packages/airflow/example_dags/example_python_operator.py
[2025-06-16T11:28:18.344-0300] {logging_mixin.py:154} INFO - [2025-06-16T11:28:18.344-0300] {dag.py:2941} INFO - Sync 1 DAGs
[2025-06-16T11:28:18.361-0300] {logging_mixin.py:154} INFO - [2025-06-16T11:28:18.361-0300] {dag.py:3722} INFO - Setting next_dagrun for example_python_operator to None, run_after=None
[2025-06-16T11:28:18.452-0300] {processor.py:179} INFO - Processing /mnt/c/Users/arcan/Documents/airflow/.venv/lib/python3.10/site-packages/airflow/example_dags/example_python_operator.py took 0.190 seconds
[2025-06-16T11:29:25.578-0300] {processor.py:157} INFO - Started process (PID=50160) to work on /mnt/c/Users/arcan/Documents/airflow/.venv/lib/python3.10/site-packages/airflow/example_dags/example_python_operator.py
[2025-06-16T11:29:25.580-0300] {processor.py:829} INFO - Processing file /mnt/c/Users/arcan/Documents/airflow/.venv/lib/python3.10/site-packages/airflow/example_dags/example_python_operator.py for tasks to queue
[2025-06-16T11:29:25.582-0300] {logging_mixin.py:154} INFO - [2025-06-16T11:29:25.581-0300] {dagbag.py:536} INFO - Filling up the DagBag from /mnt/c/Users/arcan/Documents/airflow/.venv/lib/python3.10/site-packages/airflow/example_dags/example_python_operator.py
[2025-06-16T11:29:25.618-0300] {processor.py:839} INFO - DAG(s) dict_keys(['example_python_operator']) retrieved from /mnt/c/Users/arcan/Documents/airflow/.venv/lib/python3.10/site-packages/airflow/example_dags/example_python_operator.py
[2025-06-16T11:29:25.662-0300] {logging_mixin.py:154} INFO - [2025-06-16T11:29:25.662-0300] {dag.py:2941} INFO - Sync 1 DAGs
[2025-06-16T11:29:25.680-0300] {logging_mixin.py:154} INFO - [2025-06-16T11:29:25.680-0300] {dag.py:3722} INFO - Setting next_dagrun for example_python_operator to None, run_after=None
[2025-06-16T11:29:25.776-0300] {processor.py:179} INFO - Processing /mnt/c/Users/arcan/Documents/airflow/.venv/lib/python3.10/site-packages/airflow/example_dags/example_python_operator.py took 0.202 seconds
[2025-06-16T11:30:28.550-0300] {processor.py:157} INFO - Started process (PID=50350) to work on /mnt/c/Users/arcan/Documents/airflow/.venv/lib/python3.10/site-packages/airflow/example_dags/example_python_operator.py
[2025-06-16T11:30:28.552-0300] {processor.py:829} INFO - Processing file /mnt/c/Users/arcan/Documents/airflow/.venv/lib/python3.10/site-packages/airflow/example_dags/example_python_operator.py for tasks to queue
[2025-06-16T11:30:28.554-0300] {logging_mixin.py:154} INFO - [2025-06-16T11:30:28.553-0300] {dagbag.py:536} INFO - Filling up the DagBag from /mnt/c/Users/arcan/Documents/airflow/.venv/lib/python3.10/site-packages/airflow/example_dags/example_python_operator.py
[2025-06-16T11:30:28.593-0300] {processor.py:839} INFO - DAG(s) dict_keys(['example_python_operator']) retrieved from /mnt/c/Users/arcan/Documents/airflow/.venv/lib/python3.10/site-packages/airflow/example_dags/example_python_operator.py
[2025-06-16T11:30:28.640-0300] {logging_mixin.py:154} INFO - [2025-06-16T11:30:28.640-0300] {dag.py:2941} INFO - Sync 1 DAGs
[2025-06-16T11:30:28.661-0300] {logging_mixin.py:154} INFO - [2025-06-16T11:30:28.661-0300] {dag.py:3722} INFO - Setting next_dagrun for example_python_operator to None, run_after=None
[2025-06-16T11:30:28.758-0300] {processor.py:179} INFO - Processing /mnt/c/Users/arcan/Documents/airflow/.venv/lib/python3.10/site-packages/airflow/example_dags/example_python_operator.py took 0.211 seconds
[2025-06-16T11:31:36.728-0300] {processor.py:157} INFO - Started process (PID=50547) to work on /mnt/c/Users/arcan/Documents/airflow/.venv/lib/python3.10/site-packages/airflow/example_dags/example_python_operator.py
[2025-06-16T11:31:36.730-0300] {processor.py:829} INFO - Processing file /mnt/c/Users/arcan/Documents/airflow/.venv/lib/python3.10/site-packages/airflow/example_dags/example_python_operator.py for tasks to queue
[2025-06-16T11:31:36.732-0300] {logging_mixin.py:154} INFO - [2025-06-16T11:31:36.731-0300] {dagbag.py:536} INFO - Filling up the DagBag from /mnt/c/Users/arcan/Documents/airflow/.venv/lib/python3.10/site-packages/airflow/example_dags/example_python_operator.py
[2025-06-16T11:31:36.772-0300] {processor.py:839} INFO - DAG(s) dict_keys(['example_python_operator']) retrieved from /mnt/c/Users/arcan/Documents/airflow/.venv/lib/python3.10/site-packages/airflow/example_dags/example_python_operator.py
[2025-06-16T11:31:36.820-0300] {logging_mixin.py:154} INFO - [2025-06-16T11:31:36.820-0300] {dag.py:2941} INFO - Sync 1 DAGs
[2025-06-16T11:31:36.842-0300] {logging_mixin.py:154} INFO - [2025-06-16T11:31:36.842-0300] {dag.py:3722} INFO - Setting next_dagrun for example_python_operator to None, run_after=None
[2025-06-16T11:31:36.941-0300] {processor.py:179} INFO - Processing /mnt/c/Users/arcan/Documents/airflow/.venv/lib/python3.10/site-packages/airflow/example_dags/example_python_operator.py took 0.216 seconds
[2025-06-16T11:32:46.958-0300] {processor.py:157} INFO - Started process (PID=50750) to work on /mnt/c/Users/arcan/Documents/airflow/.venv/lib/python3.10/site-packages/airflow/example_dags/example_python_operator.py
[2025-06-16T11:32:46.961-0300] {processor.py:829} INFO - Processing file /mnt/c/Users/arcan/Documents/airflow/.venv/lib/python3.10/site-packages/airflow/example_dags/example_python_operator.py for tasks to queue
[2025-06-16T11:32:46.963-0300] {logging_mixin.py:154} INFO - [2025-06-16T11:32:46.962-0300] {dagbag.py:536} INFO - Filling up the DagBag from /mnt/c/Users/arcan/Documents/airflow/.venv/lib/python3.10/site-packages/airflow/example_dags/example_python_operator.py
[2025-06-16T11:32:47.009-0300] {processor.py:839} INFO - DAG(s) dict_keys(['example_python_operator']) retrieved from /mnt/c/Users/arcan/Documents/airflow/.venv/lib/python3.10/site-packages/airflow/example_dags/example_python_operator.py
[2025-06-16T11:32:47.060-0300] {logging_mixin.py:154} INFO - [2025-06-16T11:32:47.060-0300] {dag.py:2941} INFO - Sync 1 DAGs
[2025-06-16T11:32:47.078-0300] {logging_mixin.py:154} INFO - [2025-06-16T11:32:47.078-0300] {dag.py:3722} INFO - Setting next_dagrun for example_python_operator to None, run_after=None
[2025-06-16T11:32:47.179-0300] {processor.py:179} INFO - Processing /mnt/c/Users/arcan/Documents/airflow/.venv/lib/python3.10/site-packages/airflow/example_dags/example_python_operator.py took 0.224 seconds
[2025-06-16T11:33:49.512-0300] {processor.py:157} INFO - Started process (PID=50931) to work on /mnt/c/Users/arcan/Documents/airflow/.venv/lib/python3.10/site-packages/airflow/example_dags/example_python_operator.py
[2025-06-16T11:33:49.514-0300] {processor.py:829} INFO - Processing file /mnt/c/Users/arcan/Documents/airflow/.venv/lib/python3.10/site-packages/airflow/example_dags/example_python_operator.py for tasks to queue
[2025-06-16T11:33:49.516-0300] {logging_mixin.py:154} INFO - [2025-06-16T11:33:49.515-0300] {dagbag.py:536} INFO - Filling up the DagBag from /mnt/c/Users/arcan/Documents/airflow/.venv/lib/python3.10/site-packages/airflow/example_dags/example_python_operator.py
[2025-06-16T11:33:49.553-0300] {processor.py:839} INFO - DAG(s) dict_keys(['example_python_operator']) retrieved from /mnt/c/Users/arcan/Documents/airflow/.venv/lib/python3.10/site-packages/airflow/example_dags/example_python_operator.py
[2025-06-16T11:33:49.595-0300] {logging_mixin.py:154} INFO - [2025-06-16T11:33:49.595-0300] {dag.py:2941} INFO - Sync 1 DAGs
[2025-06-16T11:33:49.613-0300] {logging_mixin.py:154} INFO - [2025-06-16T11:33:49.613-0300] {dag.py:3722} INFO - Setting next_dagrun for example_python_operator to None, run_after=None
[2025-06-16T11:33:49.700-0300] {processor.py:179} INFO - Processing /mnt/c/Users/arcan/Documents/airflow/.venv/lib/python3.10/site-packages/airflow/example_dags/example_python_operator.py took 0.192 seconds
[2025-06-16T11:34:52.722-0300] {processor.py:157} INFO - Started process (PID=51247) to work on /mnt/c/Users/arcan/Documents/airflow/.venv/lib/python3.10/site-packages/airflow/example_dags/example_python_operator.py
[2025-06-16T11:34:52.723-0300] {processor.py:829} INFO - Processing file /mnt/c/Users/arcan/Documents/airflow/.venv/lib/python3.10/site-packages/airflow/example_dags/example_python_operator.py for tasks to queue
[2025-06-16T11:34:52.726-0300] {logging_mixin.py:154} INFO - [2025-06-16T11:34:52.725-0300] {dagbag.py:536} INFO - Filling up the DagBag from /mnt/c/Users/arcan/Documents/airflow/.venv/lib/python3.10/site-packages/airflow/example_dags/example_python_operator.py
[2025-06-16T11:34:52.767-0300] {processor.py:839} INFO - DAG(s) dict_keys(['example_python_operator']) retrieved from /mnt/c/Users/arcan/Documents/airflow/.venv/lib/python3.10/site-packages/airflow/example_dags/example_python_operator.py
[2025-06-16T11:34:52.810-0300] {logging_mixin.py:154} INFO - [2025-06-16T11:34:52.809-0300] {dag.py:2941} INFO - Sync 1 DAGs
[2025-06-16T11:34:52.827-0300] {logging_mixin.py:154} INFO - [2025-06-16T11:34:52.826-0300] {dag.py:3722} INFO - Setting next_dagrun for example_python_operator to None, run_after=None
[2025-06-16T11:34:52.922-0300] {processor.py:179} INFO - Processing /mnt/c/Users/arcan/Documents/airflow/.venv/lib/python3.10/site-packages/airflow/example_dags/example_python_operator.py took 0.204 seconds
[2025-06-16T11:35:50.989-0300] {processor.py:157} INFO - Started process (PID=51417) to work on /mnt/c/Users/arcan/Documents/airflow/.venv/lib/python3.10/site-packages/airflow/example_dags/example_python_operator.py
[2025-06-16T11:35:50.991-0300] {processor.py:829} INFO - Processing file /mnt/c/Users/arcan/Documents/airflow/.venv/lib/python3.10/site-packages/airflow/example_dags/example_python_operator.py for tasks to queue
[2025-06-16T11:35:50.993-0300] {logging_mixin.py:154} INFO - [2025-06-16T11:35:50.993-0300] {dagbag.py:536} INFO - Filling up the DagBag from /mnt/c/Users/arcan/Documents/airflow/.venv/lib/python3.10/site-packages/airflow/example_dags/example_python_operator.py
[2025-06-16T11:35:51.040-0300] {processor.py:839} INFO - DAG(s) dict_keys(['example_python_operator']) retrieved from /mnt/c/Users/arcan/Documents/airflow/.venv/lib/python3.10/site-packages/airflow/example_dags/example_python_operator.py
[2025-06-16T11:35:51.087-0300] {logging_mixin.py:154} INFO - [2025-06-16T11:35:51.087-0300] {dag.py:2941} INFO - Sync 1 DAGs
[2025-06-16T11:35:51.113-0300] {logging_mixin.py:154} INFO - [2025-06-16T11:35:51.112-0300] {dag.py:3722} INFO - Setting next_dagrun for example_python_operator to None, run_after=None
[2025-06-16T11:35:51.203-0300] {processor.py:179} INFO - Processing /mnt/c/Users/arcan/Documents/airflow/.venv/lib/python3.10/site-packages/airflow/example_dags/example_python_operator.py took 0.218 seconds
[2025-06-16T11:36:57.620-0300] {processor.py:157} INFO - Started process (PID=51617) to work on /mnt/c/Users/arcan/Documents/airflow/.venv/lib/python3.10/site-packages/airflow/example_dags/example_python_operator.py
[2025-06-16T11:36:57.622-0300] {processor.py:829} INFO - Processing file /mnt/c/Users/arcan/Documents/airflow/.venv/lib/python3.10/site-packages/airflow/example_dags/example_python_operator.py for tasks to queue
[2025-06-16T11:36:57.624-0300] {logging_mixin.py:154} INFO - [2025-06-16T11:36:57.623-0300] {dagbag.py:536} INFO - Filling up the DagBag from /mnt/c/Users/arcan/Documents/airflow/.venv/lib/python3.10/site-packages/airflow/example_dags/example_python_operator.py
[2025-06-16T11:36:57.665-0300] {processor.py:839} INFO - DAG(s) dict_keys(['example_python_operator']) retrieved from /mnt/c/Users/arcan/Documents/airflow/.venv/lib/python3.10/site-packages/airflow/example_dags/example_python_operator.py
[2025-06-16T11:36:57.707-0300] {logging_mixin.py:154} INFO - [2025-06-16T11:36:57.707-0300] {dag.py:2941} INFO - Sync 1 DAGs
[2025-06-16T11:36:57.724-0300] {logging_mixin.py:154} INFO - [2025-06-16T11:36:57.724-0300] {dag.py:3722} INFO - Setting next_dagrun for example_python_operator to None, run_after=None
[2025-06-16T11:36:57.806-0300] {processor.py:179} INFO - Processing /mnt/c/Users/arcan/Documents/airflow/.venv/lib/python3.10/site-packages/airflow/example_dags/example_python_operator.py took 0.190 seconds
[2025-06-16T11:38:04.286-0300] {processor.py:157} INFO - Started process (PID=51815) to work on /mnt/c/Users/arcan/Documents/airflow/.venv/lib/python3.10/site-packages/airflow/example_dags/example_python_operator.py
[2025-06-16T11:38:04.288-0300] {processor.py:829} INFO - Processing file /mnt/c/Users/arcan/Documents/airflow/.venv/lib/python3.10/site-packages/airflow/example_dags/example_python_operator.py for tasks to queue
[2025-06-16T11:38:04.290-0300] {logging_mixin.py:154} INFO - [2025-06-16T11:38:04.289-0300] {dagbag.py:536} INFO - Filling up the DagBag from /mnt/c/Users/arcan/Documents/airflow/.venv/lib/python3.10/site-packages/airflow/example_dags/example_python_operator.py
[2025-06-16T11:38:04.333-0300] {processor.py:839} INFO - DAG(s) dict_keys(['example_python_operator']) retrieved from /mnt/c/Users/arcan/Documents/airflow/.venv/lib/python3.10/site-packages/airflow/example_dags/example_python_operator.py
[2025-06-16T11:38:04.376-0300] {logging_mixin.py:154} INFO - [2025-06-16T11:38:04.376-0300] {dag.py:2941} INFO - Sync 1 DAGs
[2025-06-16T11:38:04.393-0300] {logging_mixin.py:154} INFO - [2025-06-16T11:38:04.393-0300] {dag.py:3722} INFO - Setting next_dagrun for example_python_operator to None, run_after=None
[2025-06-16T11:38:04.483-0300] {processor.py:179} INFO - Processing /mnt/c/Users/arcan/Documents/airflow/.venv/lib/python3.10/site-packages/airflow/example_dags/example_python_operator.py took 0.200 seconds
[2025-06-16T11:39:13.173-0300] {processor.py:157} INFO - Started process (PID=52014) to work on /mnt/c/Users/arcan/Documents/airflow/.venv/lib/python3.10/site-packages/airflow/example_dags/example_python_operator.py
[2025-06-16T11:39:13.176-0300] {processor.py:829} INFO - Processing file /mnt/c/Users/arcan/Documents/airflow/.venv/lib/python3.10/site-packages/airflow/example_dags/example_python_operator.py for tasks to queue
[2025-06-16T11:39:13.178-0300] {logging_mixin.py:154} INFO - [2025-06-16T11:39:13.177-0300] {dagbag.py:536} INFO - Filling up the DagBag from /mnt/c/Users/arcan/Documents/airflow/.venv/lib/python3.10/site-packages/airflow/example_dags/example_python_operator.py
[2025-06-16T11:39:13.221-0300] {processor.py:839} INFO - DAG(s) dict_keys(['example_python_operator']) retrieved from /mnt/c/Users/arcan/Documents/airflow/.venv/lib/python3.10/site-packages/airflow/example_dags/example_python_operator.py
[2025-06-16T11:39:13.271-0300] {logging_mixin.py:154} INFO - [2025-06-16T11:39:13.271-0300] {dag.py:2941} INFO - Sync 1 DAGs
[2025-06-16T11:39:13.292-0300] {logging_mixin.py:154} INFO - [2025-06-16T11:39:13.291-0300] {dag.py:3722} INFO - Setting next_dagrun for example_python_operator to None, run_after=None
[2025-06-16T11:39:13.387-0300] {processor.py:179} INFO - Processing /mnt/c/Users/arcan/Documents/airflow/.venv/lib/python3.10/site-packages/airflow/example_dags/example_python_operator.py took 0.220 seconds
[2025-06-16T11:40:21.688-0300] {processor.py:157} INFO - Started process (PID=52214) to work on /mnt/c/Users/arcan/Documents/airflow/.venv/lib/python3.10/site-packages/airflow/example_dags/example_python_operator.py
[2025-06-16T11:40:21.690-0300] {processor.py:829} INFO - Processing file /mnt/c/Users/arcan/Documents/airflow/.venv/lib/python3.10/site-packages/airflow/example_dags/example_python_operator.py for tasks to queue
[2025-06-16T11:40:21.692-0300] {logging_mixin.py:154} INFO - [2025-06-16T11:40:21.691-0300] {dagbag.py:536} INFO - Filling up the DagBag from /mnt/c/Users/arcan/Documents/airflow/.venv/lib/python3.10/site-packages/airflow/example_dags/example_python_operator.py
[2025-06-16T11:40:21.739-0300] {processor.py:839} INFO - DAG(s) dict_keys(['example_python_operator']) retrieved from /mnt/c/Users/arcan/Documents/airflow/.venv/lib/python3.10/site-packages/airflow/example_dags/example_python_operator.py
[2025-06-16T11:40:21.791-0300] {logging_mixin.py:154} INFO - [2025-06-16T11:40:21.791-0300] {dag.py:2941} INFO - Sync 1 DAGs
[2025-06-16T11:40:21.811-0300] {logging_mixin.py:154} INFO - [2025-06-16T11:40:21.811-0300] {dag.py:3722} INFO - Setting next_dagrun for example_python_operator to None, run_after=None
[2025-06-16T11:40:21.906-0300] {processor.py:179} INFO - Processing /mnt/c/Users/arcan/Documents/airflow/.venv/lib/python3.10/site-packages/airflow/example_dags/example_python_operator.py took 0.223 seconds
[2025-06-16T11:41:23.105-0300] {processor.py:157} INFO - Started process (PID=52399) to work on /mnt/c/Users/arcan/Documents/airflow/.venv/lib/python3.10/site-packages/airflow/example_dags/example_python_operator.py
[2025-06-16T11:41:23.108-0300] {processor.py:829} INFO - Processing file /mnt/c/Users/arcan/Documents/airflow/.venv/lib/python3.10/site-packages/airflow/example_dags/example_python_operator.py for tasks to queue
[2025-06-16T11:41:23.110-0300] {logging_mixin.py:154} INFO - [2025-06-16T11:41:23.109-0300] {dagbag.py:536} INFO - Filling up the DagBag from /mnt/c/Users/arcan/Documents/airflow/.venv/lib/python3.10/site-packages/airflow/example_dags/example_python_operator.py
[2025-06-16T11:41:23.154-0300] {processor.py:839} INFO - DAG(s) dict_keys(['example_python_operator']) retrieved from /mnt/c/Users/arcan/Documents/airflow/.venv/lib/python3.10/site-packages/airflow/example_dags/example_python_operator.py
[2025-06-16T11:41:23.202-0300] {logging_mixin.py:154} INFO - [2025-06-16T11:41:23.202-0300] {dag.py:2941} INFO - Sync 1 DAGs
[2025-06-16T11:41:23.221-0300] {logging_mixin.py:154} INFO - [2025-06-16T11:41:23.221-0300] {dag.py:3722} INFO - Setting next_dagrun for example_python_operator to None, run_after=None
[2025-06-16T11:41:23.310-0300] {processor.py:179} INFO - Processing /mnt/c/Users/arcan/Documents/airflow/.venv/lib/python3.10/site-packages/airflow/example_dags/example_python_operator.py took 0.210 seconds
[2025-06-16T11:42:32.687-0300] {processor.py:157} INFO - Started process (PID=52723) to work on /mnt/c/Users/arcan/Documents/airflow/.venv/lib/python3.10/site-packages/airflow/example_dags/example_python_operator.py
[2025-06-16T11:42:32.688-0300] {processor.py:829} INFO - Processing file /mnt/c/Users/arcan/Documents/airflow/.venv/lib/python3.10/site-packages/airflow/example_dags/example_python_operator.py for tasks to queue
[2025-06-16T11:42:32.690-0300] {logging_mixin.py:154} INFO - [2025-06-16T11:42:32.690-0300] {dagbag.py:536} INFO - Filling up the DagBag from /mnt/c/Users/arcan/Documents/airflow/.venv/lib/python3.10/site-packages/airflow/example_dags/example_python_operator.py
[2025-06-16T11:42:32.730-0300] {processor.py:839} INFO - DAG(s) dict_keys(['example_python_operator']) retrieved from /mnt/c/Users/arcan/Documents/airflow/.venv/lib/python3.10/site-packages/airflow/example_dags/example_python_operator.py
[2025-06-16T11:42:32.772-0300] {logging_mixin.py:154} INFO - [2025-06-16T11:42:32.772-0300] {dag.py:2941} INFO - Sync 1 DAGs
[2025-06-16T11:42:32.788-0300] {logging_mixin.py:154} INFO - [2025-06-16T11:42:32.788-0300] {dag.py:3722} INFO - Setting next_dagrun for example_python_operator to None, run_after=None
[2025-06-16T11:42:32.874-0300] {processor.py:179} INFO - Processing /mnt/c/Users/arcan/Documents/airflow/.venv/lib/python3.10/site-packages/airflow/example_dags/example_python_operator.py took 0.192 seconds
[2025-06-16T11:43:40.849-0300] {processor.py:157} INFO - Started process (PID=52922) to work on /mnt/c/Users/arcan/Documents/airflow/.venv/lib/python3.10/site-packages/airflow/example_dags/example_python_operator.py
[2025-06-16T11:43:40.851-0300] {processor.py:829} INFO - Processing file /mnt/c/Users/arcan/Documents/airflow/.venv/lib/python3.10/site-packages/airflow/example_dags/example_python_operator.py for tasks to queue
[2025-06-16T11:43:40.853-0300] {logging_mixin.py:154} INFO - [2025-06-16T11:43:40.852-0300] {dagbag.py:536} INFO - Filling up the DagBag from /mnt/c/Users/arcan/Documents/airflow/.venv/lib/python3.10/site-packages/airflow/example_dags/example_python_operator.py
[2025-06-16T11:43:40.892-0300] {processor.py:839} INFO - DAG(s) dict_keys(['example_python_operator']) retrieved from /mnt/c/Users/arcan/Documents/airflow/.venv/lib/python3.10/site-packages/airflow/example_dags/example_python_operator.py
[2025-06-16T11:43:40.936-0300] {logging_mixin.py:154} INFO - [2025-06-16T11:43:40.936-0300] {dag.py:2941} INFO - Sync 1 DAGs
[2025-06-16T11:43:40.953-0300] {logging_mixin.py:154} INFO - [2025-06-16T11:43:40.952-0300] {dag.py:3722} INFO - Setting next_dagrun for example_python_operator to None, run_after=None
[2025-06-16T11:43:41.047-0300] {processor.py:179} INFO - Processing /mnt/c/Users/arcan/Documents/airflow/.venv/lib/python3.10/site-packages/airflow/example_dags/example_python_operator.py took 0.202 seconds
[2025-06-16T11:44:51.601-0300] {processor.py:157} INFO - Started process (PID=53129) to work on /mnt/c/Users/arcan/Documents/airflow/.venv/lib/python3.10/site-packages/airflow/example_dags/example_python_operator.py
[2025-06-16T11:44:51.603-0300] {processor.py:829} INFO - Processing file /mnt/c/Users/arcan/Documents/airflow/.venv/lib/python3.10/site-packages/airflow/example_dags/example_python_operator.py for tasks to queue
[2025-06-16T11:44:51.605-0300] {logging_mixin.py:154} INFO - [2025-06-16T11:44:51.604-0300] {dagbag.py:536} INFO - Filling up the DagBag from /mnt/c/Users/arcan/Documents/airflow/.venv/lib/python3.10/site-packages/airflow/example_dags/example_python_operator.py
[2025-06-16T11:44:51.642-0300] {processor.py:839} INFO - DAG(s) dict_keys(['example_python_operator']) retrieved from /mnt/c/Users/arcan/Documents/airflow/.venv/lib/python3.10/site-packages/airflow/example_dags/example_python_operator.py
[2025-06-16T11:44:51.689-0300] {logging_mixin.py:154} INFO - [2025-06-16T11:44:51.689-0300] {dag.py:2941} INFO - Sync 1 DAGs
[2025-06-16T11:44:51.708-0300] {logging_mixin.py:154} INFO - [2025-06-16T11:44:51.707-0300] {dag.py:3722} INFO - Setting next_dagrun for example_python_operator to None, run_after=None
[2025-06-16T11:44:51.794-0300] {processor.py:179} INFO - Processing /mnt/c/Users/arcan/Documents/airflow/.venv/lib/python3.10/site-packages/airflow/example_dags/example_python_operator.py took 0.196 seconds
[2025-06-16T11:45:54.336-0300] {processor.py:157} INFO - Started process (PID=53317) to work on /mnt/c/Users/arcan/Documents/airflow/.venv/lib/python3.10/site-packages/airflow/example_dags/example_python_operator.py
[2025-06-16T11:45:54.339-0300] {processor.py:829} INFO - Processing file /mnt/c/Users/arcan/Documents/airflow/.venv/lib/python3.10/site-packages/airflow/example_dags/example_python_operator.py for tasks to queue
[2025-06-16T11:45:54.340-0300] {logging_mixin.py:154} INFO - [2025-06-16T11:45:54.340-0300] {dagbag.py:536} INFO - Filling up the DagBag from /mnt/c/Users/arcan/Documents/airflow/.venv/lib/python3.10/site-packages/airflow/example_dags/example_python_operator.py
[2025-06-16T11:45:54.380-0300] {processor.py:839} INFO - DAG(s) dict_keys(['example_python_operator']) retrieved from /mnt/c/Users/arcan/Documents/airflow/.venv/lib/python3.10/site-packages/airflow/example_dags/example_python_operator.py
[2025-06-16T11:45:54.420-0300] {logging_mixin.py:154} INFO - [2025-06-16T11:45:54.420-0300] {dag.py:2941} INFO - Sync 1 DAGs
[2025-06-16T11:45:54.566-0300] {logging_mixin.py:154} INFO - [2025-06-16T11:45:54.566-0300] {dag.py:3722} INFO - Setting next_dagrun for example_python_operator to None, run_after=None
[2025-06-16T11:45:54.657-0300] {processor.py:179} INFO - Processing /mnt/c/Users/arcan/Documents/airflow/.venv/lib/python3.10/site-packages/airflow/example_dags/example_python_operator.py took 0.325 seconds
[2025-06-16T11:47:04.876-0300] {processor.py:157} INFO - Started process (PID=53523) to work on /mnt/c/Users/arcan/Documents/airflow/.venv/lib/python3.10/site-packages/airflow/example_dags/example_python_operator.py
[2025-06-16T11:47:04.878-0300] {processor.py:829} INFO - Processing file /mnt/c/Users/arcan/Documents/airflow/.venv/lib/python3.10/site-packages/airflow/example_dags/example_python_operator.py for tasks to queue
[2025-06-16T11:47:04.880-0300] {logging_mixin.py:154} INFO - [2025-06-16T11:47:04.880-0300] {dagbag.py:536} INFO - Filling up the DagBag from /mnt/c/Users/arcan/Documents/airflow/.venv/lib/python3.10/site-packages/airflow/example_dags/example_python_operator.py
[2025-06-16T11:47:04.920-0300] {processor.py:839} INFO - DAG(s) dict_keys(['example_python_operator']) retrieved from /mnt/c/Users/arcan/Documents/airflow/.venv/lib/python3.10/site-packages/airflow/example_dags/example_python_operator.py
[2025-06-16T11:47:04.964-0300] {logging_mixin.py:154} INFO - [2025-06-16T11:47:04.964-0300] {dag.py:2941} INFO - Sync 1 DAGs
[2025-06-16T11:47:04.983-0300] {logging_mixin.py:154} INFO - [2025-06-16T11:47:04.983-0300] {dag.py:3722} INFO - Setting next_dagrun for example_python_operator to None, run_after=None
[2025-06-16T11:47:05.077-0300] {processor.py:179} INFO - Processing /mnt/c/Users/arcan/Documents/airflow/.venv/lib/python3.10/site-packages/airflow/example_dags/example_python_operator.py took 0.205 seconds
[2025-06-16T11:48:07.330-0300] {processor.py:157} INFO - Started process (PID=53713) to work on /mnt/c/Users/arcan/Documents/airflow/.venv/lib/python3.10/site-packages/airflow/example_dags/example_python_operator.py
[2025-06-16T11:48:07.332-0300] {processor.py:829} INFO - Processing file /mnt/c/Users/arcan/Documents/airflow/.venv/lib/python3.10/site-packages/airflow/example_dags/example_python_operator.py for tasks to queue
[2025-06-16T11:48:07.335-0300] {logging_mixin.py:154} INFO - [2025-06-16T11:48:07.334-0300] {dagbag.py:536} INFO - Filling up the DagBag from /mnt/c/Users/arcan/Documents/airflow/.venv/lib/python3.10/site-packages/airflow/example_dags/example_python_operator.py
[2025-06-16T11:48:07.372-0300] {processor.py:839} INFO - DAG(s) dict_keys(['example_python_operator']) retrieved from /mnt/c/Users/arcan/Documents/airflow/.venv/lib/python3.10/site-packages/airflow/example_dags/example_python_operator.py
[2025-06-16T11:48:07.413-0300] {logging_mixin.py:154} INFO - [2025-06-16T11:48:07.413-0300] {dag.py:2941} INFO - Sync 1 DAGs
[2025-06-16T11:48:07.429-0300] {logging_mixin.py:154} INFO - [2025-06-16T11:48:07.429-0300] {dag.py:3722} INFO - Setting next_dagrun for example_python_operator to None, run_after=None
[2025-06-16T11:48:07.518-0300] {processor.py:179} INFO - Processing /mnt/c/Users/arcan/Documents/airflow/.venv/lib/python3.10/site-packages/airflow/example_dags/example_python_operator.py took 0.193 seconds
[2025-06-16T11:49:09.893-0300] {processor.py:157} INFO - Started process (PID=54017) to work on /mnt/c/Users/arcan/Documents/airflow/.venv/lib/python3.10/site-packages/airflow/example_dags/example_python_operator.py
[2025-06-16T11:49:09.895-0300] {processor.py:829} INFO - Processing file /mnt/c/Users/arcan/Documents/airflow/.venv/lib/python3.10/site-packages/airflow/example_dags/example_python_operator.py for tasks to queue
[2025-06-16T11:49:09.896-0300] {logging_mixin.py:154} INFO - [2025-06-16T11:49:09.896-0300] {dagbag.py:536} INFO - Filling up the DagBag from /mnt/c/Users/arcan/Documents/airflow/.venv/lib/python3.10/site-packages/airflow/example_dags/example_python_operator.py
[2025-06-16T11:49:09.937-0300] {processor.py:839} INFO - DAG(s) dict_keys(['example_python_operator']) retrieved from /mnt/c/Users/arcan/Documents/airflow/.venv/lib/python3.10/site-packages/airflow/example_dags/example_python_operator.py
[2025-06-16T11:49:09.981-0300] {logging_mixin.py:154} INFO - [2025-06-16T11:49:09.980-0300] {dag.py:2941} INFO - Sync 1 DAGs
[2025-06-16T11:49:09.998-0300] {logging_mixin.py:154} INFO - [2025-06-16T11:49:09.998-0300] {dag.py:3722} INFO - Setting next_dagrun for example_python_operator to None, run_after=None
[2025-06-16T11:49:10.084-0300] {processor.py:179} INFO - Processing /mnt/c/Users/arcan/Documents/airflow/.venv/lib/python3.10/site-packages/airflow/example_dags/example_python_operator.py took 0.196 seconds
[2025-06-16T11:50:12.125-0300] {processor.py:157} INFO - Started process (PID=54204) to work on /mnt/c/Users/arcan/Documents/airflow/.venv/lib/python3.10/site-packages/airflow/example_dags/example_python_operator.py
[2025-06-16T11:50:12.126-0300] {processor.py:829} INFO - Processing file /mnt/c/Users/arcan/Documents/airflow/.venv/lib/python3.10/site-packages/airflow/example_dags/example_python_operator.py for tasks to queue
[2025-06-16T11:50:12.128-0300] {logging_mixin.py:154} INFO - [2025-06-16T11:50:12.127-0300] {dagbag.py:536} INFO - Filling up the DagBag from /mnt/c/Users/arcan/Documents/airflow/.venv/lib/python3.10/site-packages/airflow/example_dags/example_python_operator.py
[2025-06-16T11:50:12.161-0300] {processor.py:839} INFO - DAG(s) dict_keys(['example_python_operator']) retrieved from /mnt/c/Users/arcan/Documents/airflow/.venv/lib/python3.10/site-packages/airflow/example_dags/example_python_operator.py
[2025-06-16T11:50:12.203-0300] {logging_mixin.py:154} INFO - [2025-06-16T11:50:12.203-0300] {dag.py:2941} INFO - Sync 1 DAGs
[2025-06-16T11:50:12.221-0300] {logging_mixin.py:154} INFO - [2025-06-16T11:50:12.221-0300] {dag.py:3722} INFO - Setting next_dagrun for example_python_operator to None, run_after=None
[2025-06-16T11:50:12.318-0300] {processor.py:179} INFO - Processing /mnt/c/Users/arcan/Documents/airflow/.venv/lib/python3.10/site-packages/airflow/example_dags/example_python_operator.py took 0.198 seconds
[2025-06-16T11:51:11.558-0300] {processor.py:157} INFO - Started process (PID=54383) to work on /mnt/c/Users/arcan/Documents/airflow/.venv/lib/python3.10/site-packages/airflow/example_dags/example_python_operator.py
[2025-06-16T11:51:11.560-0300] {processor.py:829} INFO - Processing file /mnt/c/Users/arcan/Documents/airflow/.venv/lib/python3.10/site-packages/airflow/example_dags/example_python_operator.py for tasks to queue
[2025-06-16T11:51:11.562-0300] {logging_mixin.py:154} INFO - [2025-06-16T11:51:11.561-0300] {dagbag.py:536} INFO - Filling up the DagBag from /mnt/c/Users/arcan/Documents/airflow/.venv/lib/python3.10/site-packages/airflow/example_dags/example_python_operator.py
[2025-06-16T11:51:11.598-0300] {processor.py:839} INFO - DAG(s) dict_keys(['example_python_operator']) retrieved from /mnt/c/Users/arcan/Documents/airflow/.venv/lib/python3.10/site-packages/airflow/example_dags/example_python_operator.py
[2025-06-16T11:51:11.637-0300] {logging_mixin.py:154} INFO - [2025-06-16T11:51:11.636-0300] {dag.py:2941} INFO - Sync 1 DAGs
[2025-06-16T11:51:11.652-0300] {logging_mixin.py:154} INFO - [2025-06-16T11:51:11.652-0300] {dag.py:3722} INFO - Setting next_dagrun for example_python_operator to None, run_after=None
[2025-06-16T11:51:11.745-0300] {processor.py:179} INFO - Processing /mnt/c/Users/arcan/Documents/airflow/.venv/lib/python3.10/site-packages/airflow/example_dags/example_python_operator.py took 0.191 seconds
[2025-06-16T11:52:18.877-0300] {processor.py:157} INFO - Started process (PID=54581) to work on /mnt/c/Users/arcan/Documents/airflow/.venv/lib/python3.10/site-packages/airflow/example_dags/example_python_operator.py
[2025-06-16T11:52:18.879-0300] {processor.py:829} INFO - Processing file /mnt/c/Users/arcan/Documents/airflow/.venv/lib/python3.10/site-packages/airflow/example_dags/example_python_operator.py for tasks to queue
[2025-06-16T11:52:18.882-0300] {logging_mixin.py:154} INFO - [2025-06-16T11:52:18.881-0300] {dagbag.py:536} INFO - Filling up the DagBag from /mnt/c/Users/arcan/Documents/airflow/.venv/lib/python3.10/site-packages/airflow/example_dags/example_python_operator.py
[2025-06-16T11:52:18.927-0300] {processor.py:839} INFO - DAG(s) dict_keys(['example_python_operator']) retrieved from /mnt/c/Users/arcan/Documents/airflow/.venv/lib/python3.10/site-packages/airflow/example_dags/example_python_operator.py
[2025-06-16T11:52:18.968-0300] {logging_mixin.py:154} INFO - [2025-06-16T11:52:18.968-0300] {dag.py:2941} INFO - Sync 1 DAGs
[2025-06-16T11:52:18.984-0300] {logging_mixin.py:154} INFO - [2025-06-16T11:52:18.984-0300] {dag.py:3722} INFO - Setting next_dagrun for example_python_operator to None, run_after=None
[2025-06-16T11:52:19.078-0300] {processor.py:179} INFO - Processing /mnt/c/Users/arcan/Documents/airflow/.venv/lib/python3.10/site-packages/airflow/example_dags/example_python_operator.py took 0.206 seconds
[2025-06-16T11:53:25.095-0300] {processor.py:157} INFO - Started process (PID=54778) to work on /mnt/c/Users/arcan/Documents/airflow/.venv/lib/python3.10/site-packages/airflow/example_dags/example_python_operator.py
[2025-06-16T11:53:25.097-0300] {processor.py:829} INFO - Processing file /mnt/c/Users/arcan/Documents/airflow/.venv/lib/python3.10/site-packages/airflow/example_dags/example_python_operator.py for tasks to queue
[2025-06-16T11:53:25.099-0300] {logging_mixin.py:154} INFO - [2025-06-16T11:53:25.098-0300] {dagbag.py:536} INFO - Filling up the DagBag from /mnt/c/Users/arcan/Documents/airflow/.venv/lib/python3.10/site-packages/airflow/example_dags/example_python_operator.py
[2025-06-16T11:53:25.137-0300] {processor.py:839} INFO - DAG(s) dict_keys(['example_python_operator']) retrieved from /mnt/c/Users/arcan/Documents/airflow/.venv/lib/python3.10/site-packages/airflow/example_dags/example_python_operator.py
[2025-06-16T11:53:25.181-0300] {logging_mixin.py:154} INFO - [2025-06-16T11:53:25.181-0300] {dag.py:2941} INFO - Sync 1 DAGs
[2025-06-16T11:53:25.200-0300] {logging_mixin.py:154} INFO - [2025-06-16T11:53:25.200-0300] {dag.py:3722} INFO - Setting next_dagrun for example_python_operator to None, run_after=None
[2025-06-16T11:53:25.299-0300] {processor.py:179} INFO - Processing /mnt/c/Users/arcan/Documents/airflow/.venv/lib/python3.10/site-packages/airflow/example_dags/example_python_operator.py took 0.207 seconds
[2025-06-16T11:54:26.236-0300] {processor.py:157} INFO - Started process (PID=54961) to work on /mnt/c/Users/arcan/Documents/airflow/.venv/lib/python3.10/site-packages/airflow/example_dags/example_python_operator.py
[2025-06-16T11:54:26.237-0300] {processor.py:829} INFO - Processing file /mnt/c/Users/arcan/Documents/airflow/.venv/lib/python3.10/site-packages/airflow/example_dags/example_python_operator.py for tasks to queue
[2025-06-16T11:54:26.239-0300] {logging_mixin.py:154} INFO - [2025-06-16T11:54:26.238-0300] {dagbag.py:536} INFO - Filling up the DagBag from /mnt/c/Users/arcan/Documents/airflow/.venv/lib/python3.10/site-packages/airflow/example_dags/example_python_operator.py
[2025-06-16T11:54:26.284-0300] {processor.py:839} INFO - DAG(s) dict_keys(['example_python_operator']) retrieved from /mnt/c/Users/arcan/Documents/airflow/.venv/lib/python3.10/site-packages/airflow/example_dags/example_python_operator.py
[2025-06-16T11:54:26.329-0300] {logging_mixin.py:154} INFO - [2025-06-16T11:54:26.328-0300] {dag.py:2941} INFO - Sync 1 DAGs
[2025-06-16T11:54:26.348-0300] {logging_mixin.py:154} INFO - [2025-06-16T11:54:26.348-0300] {dag.py:3722} INFO - Setting next_dagrun for example_python_operator to None, run_after=None
[2025-06-16T11:54:26.445-0300] {processor.py:179} INFO - Processing /mnt/c/Users/arcan/Documents/airflow/.venv/lib/python3.10/site-packages/airflow/example_dags/example_python_operator.py took 0.214 seconds
[2025-06-16T11:55:28.867-0300] {processor.py:157} INFO - Started process (PID=55153) to work on /mnt/c/Users/arcan/Documents/airflow/.venv/lib/python3.10/site-packages/airflow/example_dags/example_python_operator.py
[2025-06-16T11:55:28.869-0300] {processor.py:829} INFO - Processing file /mnt/c/Users/arcan/Documents/airflow/.venv/lib/python3.10/site-packages/airflow/example_dags/example_python_operator.py for tasks to queue
[2025-06-16T11:55:28.871-0300] {logging_mixin.py:154} INFO - [2025-06-16T11:55:28.870-0300] {dagbag.py:536} INFO - Filling up the DagBag from /mnt/c/Users/arcan/Documents/airflow/.venv/lib/python3.10/site-packages/airflow/example_dags/example_python_operator.py
[2025-06-16T11:55:28.910-0300] {processor.py:839} INFO - DAG(s) dict_keys(['example_python_operator']) retrieved from /mnt/c/Users/arcan/Documents/airflow/.venv/lib/python3.10/site-packages/airflow/example_dags/example_python_operator.py
[2025-06-16T11:55:28.956-0300] {logging_mixin.py:154} INFO - [2025-06-16T11:55:28.956-0300] {dag.py:2941} INFO - Sync 1 DAGs
[2025-06-16T11:55:28.977-0300] {logging_mixin.py:154} INFO - [2025-06-16T11:55:28.977-0300] {dag.py:3722} INFO - Setting next_dagrun for example_python_operator to None, run_after=None
[2025-06-16T11:55:29.067-0300] {processor.py:179} INFO - Processing /mnt/c/Users/arcan/Documents/airflow/.venv/lib/python3.10/site-packages/airflow/example_dags/example_python_operator.py took 0.204 seconds
[2025-06-16T11:56:29.854-0300] {processor.py:157} INFO - Started process (PID=55456) to work on /mnt/c/Users/arcan/Documents/airflow/.venv/lib/python3.10/site-packages/airflow/example_dags/example_python_operator.py
[2025-06-16T11:56:29.856-0300] {processor.py:829} INFO - Processing file /mnt/c/Users/arcan/Documents/airflow/.venv/lib/python3.10/site-packages/airflow/example_dags/example_python_operator.py for tasks to queue
[2025-06-16T11:56:29.858-0300] {logging_mixin.py:154} INFO - [2025-06-16T11:56:29.857-0300] {dagbag.py:536} INFO - Filling up the DagBag from /mnt/c/Users/arcan/Documents/airflow/.venv/lib/python3.10/site-packages/airflow/example_dags/example_python_operator.py
[2025-06-16T11:56:29.901-0300] {processor.py:839} INFO - DAG(s) dict_keys(['example_python_operator']) retrieved from /mnt/c/Users/arcan/Documents/airflow/.venv/lib/python3.10/site-packages/airflow/example_dags/example_python_operator.py
[2025-06-16T11:56:29.954-0300] {logging_mixin.py:154} INFO - [2025-06-16T11:56:29.954-0300] {dag.py:2941} INFO - Sync 1 DAGs
[2025-06-16T11:56:29.976-0300] {logging_mixin.py:154} INFO - [2025-06-16T11:56:29.976-0300] {dag.py:3722} INFO - Setting next_dagrun for example_python_operator to None, run_after=None
[2025-06-16T11:56:30.083-0300] {processor.py:179} INFO - Processing /mnt/c/Users/arcan/Documents/airflow/.venv/lib/python3.10/site-packages/airflow/example_dags/example_python_operator.py took 0.235 seconds
[2025-06-16T11:57:36.689-0300] {processor.py:157} INFO - Started process (PID=55655) to work on /mnt/c/Users/arcan/Documents/airflow/.venv/lib/python3.10/site-packages/airflow/example_dags/example_python_operator.py
[2025-06-16T11:57:36.691-0300] {processor.py:829} INFO - Processing file /mnt/c/Users/arcan/Documents/airflow/.venv/lib/python3.10/site-packages/airflow/example_dags/example_python_operator.py for tasks to queue
[2025-06-16T11:57:36.693-0300] {logging_mixin.py:154} INFO - [2025-06-16T11:57:36.692-0300] {dagbag.py:536} INFO - Filling up the DagBag from /mnt/c/Users/arcan/Documents/airflow/.venv/lib/python3.10/site-packages/airflow/example_dags/example_python_operator.py
[2025-06-16T11:57:36.730-0300] {processor.py:839} INFO - DAG(s) dict_keys(['example_python_operator']) retrieved from /mnt/c/Users/arcan/Documents/airflow/.venv/lib/python3.10/site-packages/airflow/example_dags/example_python_operator.py
[2025-06-16T11:57:36.775-0300] {logging_mixin.py:154} INFO - [2025-06-16T11:57:36.774-0300] {dag.py:2941} INFO - Sync 1 DAGs
[2025-06-16T11:57:36.790-0300] {logging_mixin.py:154} INFO - [2025-06-16T11:57:36.790-0300] {dag.py:3722} INFO - Setting next_dagrun for example_python_operator to None, run_after=None
[2025-06-16T11:57:36.889-0300] {processor.py:179} INFO - Processing /mnt/c/Users/arcan/Documents/airflow/.venv/lib/python3.10/site-packages/airflow/example_dags/example_python_operator.py took 0.204 seconds
[2025-06-16T11:58:39.474-0300] {processor.py:157} INFO - Started process (PID=55845) to work on /mnt/c/Users/arcan/Documents/airflow/.venv/lib/python3.10/site-packages/airflow/example_dags/example_python_operator.py
[2025-06-16T11:58:39.476-0300] {processor.py:829} INFO - Processing file /mnt/c/Users/arcan/Documents/airflow/.venv/lib/python3.10/site-packages/airflow/example_dags/example_python_operator.py for tasks to queue
[2025-06-16T11:58:39.478-0300] {logging_mixin.py:154} INFO - [2025-06-16T11:58:39.477-0300] {dagbag.py:536} INFO - Filling up the DagBag from /mnt/c/Users/arcan/Documents/airflow/.venv/lib/python3.10/site-packages/airflow/example_dags/example_python_operator.py
[2025-06-16T11:58:39.516-0300] {processor.py:839} INFO - DAG(s) dict_keys(['example_python_operator']) retrieved from /mnt/c/Users/arcan/Documents/airflow/.venv/lib/python3.10/site-packages/airflow/example_dags/example_python_operator.py
[2025-06-16T11:58:39.557-0300] {logging_mixin.py:154} INFO - [2025-06-16T11:58:39.557-0300] {dag.py:2941} INFO - Sync 1 DAGs
[2025-06-16T11:58:39.573-0300] {logging_mixin.py:154} INFO - [2025-06-16T11:58:39.572-0300] {dag.py:3722} INFO - Setting next_dagrun for example_python_operator to None, run_after=None
[2025-06-16T11:58:39.665-0300] {processor.py:179} INFO - Processing /mnt/c/Users/arcan/Documents/airflow/.venv/lib/python3.10/site-packages/airflow/example_dags/example_python_operator.py took 0.195 seconds
[2025-06-16T11:59:42.778-0300] {processor.py:157} INFO - Started process (PID=56034) to work on /mnt/c/Users/arcan/Documents/airflow/.venv/lib/python3.10/site-packages/airflow/example_dags/example_python_operator.py
[2025-06-16T11:59:42.780-0300] {processor.py:829} INFO - Processing file /mnt/c/Users/arcan/Documents/airflow/.venv/lib/python3.10/site-packages/airflow/example_dags/example_python_operator.py for tasks to queue
[2025-06-16T11:59:42.781-0300] {logging_mixin.py:154} INFO - [2025-06-16T11:59:42.781-0300] {dagbag.py:536} INFO - Filling up the DagBag from /mnt/c/Users/arcan/Documents/airflow/.venv/lib/python3.10/site-packages/airflow/example_dags/example_python_operator.py
[2025-06-16T11:59:42.822-0300] {processor.py:839} INFO - DAG(s) dict_keys(['example_python_operator']) retrieved from /mnt/c/Users/arcan/Documents/airflow/.venv/lib/python3.10/site-packages/airflow/example_dags/example_python_operator.py
[2025-06-16T11:59:42.863-0300] {logging_mixin.py:154} INFO - [2025-06-16T11:59:42.863-0300] {dag.py:2941} INFO - Sync 1 DAGs
[2025-06-16T11:59:42.881-0300] {logging_mixin.py:154} INFO - [2025-06-16T11:59:42.881-0300] {dag.py:3722} INFO - Setting next_dagrun for example_python_operator to None, run_after=None
[2025-06-16T11:59:42.990-0300] {processor.py:179} INFO - Processing /mnt/c/Users/arcan/Documents/airflow/.venv/lib/python3.10/site-packages/airflow/example_dags/example_python_operator.py took 0.216 seconds
[2025-06-16T12:00:46.739-0300] {processor.py:157} INFO - Started process (PID=56226) to work on /mnt/c/Users/arcan/Documents/airflow/.venv/lib/python3.10/site-packages/airflow/example_dags/example_python_operator.py
[2025-06-16T12:00:46.740-0300] {processor.py:829} INFO - Processing file /mnt/c/Users/arcan/Documents/airflow/.venv/lib/python3.10/site-packages/airflow/example_dags/example_python_operator.py for tasks to queue
[2025-06-16T12:00:46.742-0300] {logging_mixin.py:154} INFO - [2025-06-16T12:00:46.742-0300] {dagbag.py:536} INFO - Filling up the DagBag from /mnt/c/Users/arcan/Documents/airflow/.venv/lib/python3.10/site-packages/airflow/example_dags/example_python_operator.py
[2025-06-16T12:00:46.781-0300] {processor.py:839} INFO - DAG(s) dict_keys(['example_python_operator']) retrieved from /mnt/c/Users/arcan/Documents/airflow/.venv/lib/python3.10/site-packages/airflow/example_dags/example_python_operator.py
[2025-06-16T12:00:46.822-0300] {logging_mixin.py:154} INFO - [2025-06-16T12:00:46.822-0300] {dag.py:2941} INFO - Sync 1 DAGs
[2025-06-16T12:00:46.839-0300] {logging_mixin.py:154} INFO - [2025-06-16T12:00:46.839-0300] {dag.py:3722} INFO - Setting next_dagrun for example_python_operator to None, run_after=None
[2025-06-16T12:00:46.930-0300] {processor.py:179} INFO - Processing /mnt/c/Users/arcan/Documents/airflow/.venv/lib/python3.10/site-packages/airflow/example_dags/example_python_operator.py took 0.195 seconds
[2025-06-16T12:01:56.128-0300] {processor.py:157} INFO - Started process (PID=56429) to work on /mnt/c/Users/arcan/Documents/airflow/.venv/lib/python3.10/site-packages/airflow/example_dags/example_python_operator.py
[2025-06-16T12:01:56.130-0300] {processor.py:829} INFO - Processing file /mnt/c/Users/arcan/Documents/airflow/.venv/lib/python3.10/site-packages/airflow/example_dags/example_python_operator.py for tasks to queue
[2025-06-16T12:01:56.132-0300] {logging_mixin.py:154} INFO - [2025-06-16T12:01:56.131-0300] {dagbag.py:536} INFO - Filling up the DagBag from /mnt/c/Users/arcan/Documents/airflow/.venv/lib/python3.10/site-packages/airflow/example_dags/example_python_operator.py
[2025-06-16T12:01:56.173-0300] {processor.py:839} INFO - DAG(s) dict_keys(['example_python_operator']) retrieved from /mnt/c/Users/arcan/Documents/airflow/.venv/lib/python3.10/site-packages/airflow/example_dags/example_python_operator.py
[2025-06-16T12:01:56.209-0300] {logging_mixin.py:154} INFO - [2025-06-16T12:01:56.209-0300] {dag.py:2941} INFO - Sync 1 DAGs
[2025-06-16T12:01:56.227-0300] {logging_mixin.py:154} INFO - [2025-06-16T12:01:56.227-0300] {dag.py:3722} INFO - Setting next_dagrun for example_python_operator to None, run_after=None
[2025-06-16T12:01:56.312-0300] {processor.py:179} INFO - Processing /mnt/c/Users/arcan/Documents/airflow/.venv/lib/python3.10/site-packages/airflow/example_dags/example_python_operator.py took 0.188 seconds
[2025-06-16T12:03:01.889-0300] {processor.py:157} INFO - Started process (PID=56627) to work on /mnt/c/Users/arcan/Documents/airflow/.venv/lib/python3.10/site-packages/airflow/example_dags/example_python_operator.py
[2025-06-16T12:03:01.890-0300] {processor.py:829} INFO - Processing file /mnt/c/Users/arcan/Documents/airflow/.venv/lib/python3.10/site-packages/airflow/example_dags/example_python_operator.py for tasks to queue
[2025-06-16T12:03:01.892-0300] {logging_mixin.py:154} INFO - [2025-06-16T12:03:01.891-0300] {dagbag.py:536} INFO - Filling up the DagBag from /mnt/c/Users/arcan/Documents/airflow/.venv/lib/python3.10/site-packages/airflow/example_dags/example_python_operator.py
[2025-06-16T12:03:01.932-0300] {processor.py:839} INFO - DAG(s) dict_keys(['example_python_operator']) retrieved from /mnt/c/Users/arcan/Documents/airflow/.venv/lib/python3.10/site-packages/airflow/example_dags/example_python_operator.py
[2025-06-16T12:03:01.972-0300] {logging_mixin.py:154} INFO - [2025-06-16T12:03:01.971-0300] {dag.py:2941} INFO - Sync 1 DAGs
[2025-06-16T12:03:01.990-0300] {logging_mixin.py:154} INFO - [2025-06-16T12:03:01.990-0300] {dag.py:3722} INFO - Setting next_dagrun for example_python_operator to None, run_after=None
[2025-06-16T12:03:02.087-0300] {processor.py:179} INFO - Processing /mnt/c/Users/arcan/Documents/airflow/.venv/lib/python3.10/site-packages/airflow/example_dags/example_python_operator.py took 0.202 seconds
[2025-06-16T12:04:07.747-0300] {processor.py:157} INFO - Started process (PID=56946) to work on /mnt/c/Users/arcan/Documents/airflow/.venv/lib/python3.10/site-packages/airflow/example_dags/example_python_operator.py
[2025-06-16T12:04:07.749-0300] {processor.py:829} INFO - Processing file /mnt/c/Users/arcan/Documents/airflow/.venv/lib/python3.10/site-packages/airflow/example_dags/example_python_operator.py for tasks to queue
[2025-06-16T12:04:07.750-0300] {logging_mixin.py:154} INFO - [2025-06-16T12:04:07.750-0300] {dagbag.py:536} INFO - Filling up the DagBag from /mnt/c/Users/arcan/Documents/airflow/.venv/lib/python3.10/site-packages/airflow/example_dags/example_python_operator.py
[2025-06-16T12:04:07.789-0300] {processor.py:839} INFO - DAG(s) dict_keys(['example_python_operator']) retrieved from /mnt/c/Users/arcan/Documents/airflow/.venv/lib/python3.10/site-packages/airflow/example_dags/example_python_operator.py
[2025-06-16T12:04:07.833-0300] {logging_mixin.py:154} INFO - [2025-06-16T12:04:07.832-0300] {dag.py:2941} INFO - Sync 1 DAGs
[2025-06-16T12:04:07.852-0300] {logging_mixin.py:154} INFO - [2025-06-16T12:04:07.852-0300] {dag.py:3722} INFO - Setting next_dagrun for example_python_operator to None, run_after=None
[2025-06-16T12:04:07.949-0300] {processor.py:179} INFO - Processing /mnt/c/Users/arcan/Documents/airflow/.venv/lib/python3.10/site-packages/airflow/example_dags/example_python_operator.py took 0.206 seconds
