[2025-06-16T10:51:28.056-0300] {processor.py:157} INFO - Started process (PID=42953) to work on /mnt/c/Users/arcan/Documents/airflow/.venv/lib/python3.10/site-packages/airflow/example_dags/tutorial.py
[2025-06-16T10:51:28.058-0300] {processor.py:829} INFO - Processing file /mnt/c/Users/arcan/Documents/airflow/.venv/lib/python3.10/site-packages/airflow/example_dags/tutorial.py for tasks to queue
[2025-06-16T10:51:28.060-0300] {logging_mixin.py:154} INFO - [2025-06-16T10:51:28.059-0300] {dagbag.py:536} INFO - Filling up the DagBag from /mnt/c/Users/arcan/Documents/airflow/.venv/lib/python3.10/site-packages/airflow/example_dags/tutorial.py
[2025-06-16T10:51:28.100-0300] {processor.py:839} INFO - DAG(s) dict_keys(['tutorial']) retrieved from /mnt/c/Users/arcan/Documents/airflow/.venv/lib/python3.10/site-packages/airflow/example_dags/tutorial.py
[2025-06-16T10:51:28.235-0300] {logging_mixin.py:154} INFO - [2025-06-16T10:51:28.235-0300] {dag.py:2941} INFO - Sync 1 DAGs
[2025-06-16T10:51:28.263-0300] {logging_mixin.py:154} INFO - [2025-06-16T10:51:28.263-0300] {dag.py:3722} INFO - Setting next_dagrun for tutorial to 2025-06-15T13:51:28.263140+00:00, run_after=2025-06-16T13:51:28.263140+00:00
[2025-06-16T10:51:28.351-0300] {processor.py:179} INFO - Processing /mnt/c/Users/arcan/Documents/airflow/.venv/lib/python3.10/site-packages/airflow/example_dags/tutorial.py took 0.299 seconds
[2025-06-16T10:52:32.931-0300] {processor.py:157} INFO - Started process (PID=43142) to work on /mnt/c/Users/arcan/Documents/airflow/.venv/lib/python3.10/site-packages/airflow/example_dags/tutorial.py
[2025-06-16T10:52:32.933-0300] {processor.py:829} INFO - Processing file /mnt/c/Users/arcan/Documents/airflow/.venv/lib/python3.10/site-packages/airflow/example_dags/tutorial.py for tasks to queue
[2025-06-16T10:52:32.935-0300] {logging_mixin.py:154} INFO - [2025-06-16T10:52:32.934-0300] {dagbag.py:536} INFO - Filling up the DagBag from /mnt/c/Users/arcan/Documents/airflow/.venv/lib/python3.10/site-packages/airflow/example_dags/tutorial.py
[2025-06-16T10:52:32.971-0300] {processor.py:839} INFO - DAG(s) dict_keys(['tutorial']) retrieved from /mnt/c/Users/arcan/Documents/airflow/.venv/lib/python3.10/site-packages/airflow/example_dags/tutorial.py
[2025-06-16T10:52:33.014-0300] {logging_mixin.py:154} INFO - [2025-06-16T10:52:33.014-0300] {dag.py:2941} INFO - Sync 1 DAGs
[2025-06-16T10:52:33.044-0300] {logging_mixin.py:154} INFO - [2025-06-16T10:52:33.044-0300] {dag.py:3722} INFO - Setting next_dagrun for tutorial to 2025-06-15T13:52:33.043699+00:00, run_after=2025-06-16T13:52:33.043699+00:00
[2025-06-16T10:52:33.137-0300] {processor.py:179} INFO - Processing /mnt/c/Users/arcan/Documents/airflow/.venv/lib/python3.10/site-packages/airflow/example_dags/tutorial.py took 0.209 seconds
[2025-06-16T10:53:39.236-0300] {processor.py:157} INFO - Started process (PID=43327) to work on /mnt/c/Users/arcan/Documents/airflow/.venv/lib/python3.10/site-packages/airflow/example_dags/tutorial.py
[2025-06-16T10:53:39.238-0300] {processor.py:829} INFO - Processing file /mnt/c/Users/arcan/Documents/airflow/.venv/lib/python3.10/site-packages/airflow/example_dags/tutorial.py for tasks to queue
[2025-06-16T10:53:39.241-0300] {logging_mixin.py:154} INFO - [2025-06-16T10:53:39.240-0300] {dagbag.py:536} INFO - Filling up the DagBag from /mnt/c/Users/arcan/Documents/airflow/.venv/lib/python3.10/site-packages/airflow/example_dags/tutorial.py
[2025-06-16T10:53:39.279-0300] {processor.py:839} INFO - DAG(s) dict_keys(['tutorial']) retrieved from /mnt/c/Users/arcan/Documents/airflow/.venv/lib/python3.10/site-packages/airflow/example_dags/tutorial.py
[2025-06-16T10:53:39.325-0300] {logging_mixin.py:154} INFO - [2025-06-16T10:53:39.325-0300] {dag.py:2941} INFO - Sync 1 DAGs
[2025-06-16T10:53:39.357-0300] {logging_mixin.py:154} INFO - [2025-06-16T10:53:39.357-0300] {dag.py:3722} INFO - Setting next_dagrun for tutorial to 2025-06-15T13:53:39.356675+00:00, run_after=2025-06-16T13:53:39.356675+00:00
[2025-06-16T10:53:39.450-0300] {processor.py:179} INFO - Processing /mnt/c/Users/arcan/Documents/airflow/.venv/lib/python3.10/site-packages/airflow/example_dags/tutorial.py took 0.217 seconds
[2025-06-16T10:54:43.816-0300] {processor.py:157} INFO - Started process (PID=43512) to work on /mnt/c/Users/arcan/Documents/airflow/.venv/lib/python3.10/site-packages/airflow/example_dags/tutorial.py
[2025-06-16T10:54:43.818-0300] {processor.py:829} INFO - Processing file /mnt/c/Users/arcan/Documents/airflow/.venv/lib/python3.10/site-packages/airflow/example_dags/tutorial.py for tasks to queue
[2025-06-16T10:54:43.820-0300] {logging_mixin.py:154} INFO - [2025-06-16T10:54:43.820-0300] {dagbag.py:536} INFO - Filling up the DagBag from /mnt/c/Users/arcan/Documents/airflow/.venv/lib/python3.10/site-packages/airflow/example_dags/tutorial.py
[2025-06-16T10:54:43.857-0300] {processor.py:839} INFO - DAG(s) dict_keys(['tutorial']) retrieved from /mnt/c/Users/arcan/Documents/airflow/.venv/lib/python3.10/site-packages/airflow/example_dags/tutorial.py
[2025-06-16T10:54:43.902-0300] {logging_mixin.py:154} INFO - [2025-06-16T10:54:43.902-0300] {dag.py:2941} INFO - Sync 1 DAGs
[2025-06-16T10:54:43.938-0300] {logging_mixin.py:154} INFO - [2025-06-16T10:54:43.938-0300] {dag.py:3722} INFO - Setting next_dagrun for tutorial to 2025-06-15T13:54:43.938188+00:00, run_after=2025-06-16T13:54:43.938188+00:00
[2025-06-16T10:54:44.028-0300] {processor.py:179} INFO - Processing /mnt/c/Users/arcan/Documents/airflow/.venv/lib/python3.10/site-packages/airflow/example_dags/tutorial.py took 0.217 seconds
[2025-06-16T10:55:44.604-0300] {processor.py:157} INFO - Started process (PID=43689) to work on /mnt/c/Users/arcan/Documents/airflow/.venv/lib/python3.10/site-packages/airflow/example_dags/tutorial.py
[2025-06-16T10:55:44.606-0300] {processor.py:829} INFO - Processing file /mnt/c/Users/arcan/Documents/airflow/.venv/lib/python3.10/site-packages/airflow/example_dags/tutorial.py for tasks to queue
[2025-06-16T10:55:44.608-0300] {logging_mixin.py:154} INFO - [2025-06-16T10:55:44.607-0300] {dagbag.py:536} INFO - Filling up the DagBag from /mnt/c/Users/arcan/Documents/airflow/.venv/lib/python3.10/site-packages/airflow/example_dags/tutorial.py
[2025-06-16T10:55:44.641-0300] {processor.py:839} INFO - DAG(s) dict_keys(['tutorial']) retrieved from /mnt/c/Users/arcan/Documents/airflow/.venv/lib/python3.10/site-packages/airflow/example_dags/tutorial.py
[2025-06-16T10:55:44.679-0300] {logging_mixin.py:154} INFO - [2025-06-16T10:55:44.678-0300] {dag.py:2941} INFO - Sync 1 DAGs
[2025-06-16T10:55:44.708-0300] {logging_mixin.py:154} INFO - [2025-06-16T10:55:44.707-0300] {dag.py:3722} INFO - Setting next_dagrun for tutorial to 2025-06-15T13:55:44.707704+00:00, run_after=2025-06-16T13:55:44.707704+00:00
[2025-06-16T10:55:44.792-0300] {processor.py:179} INFO - Processing /mnt/c/Users/arcan/Documents/airflow/.venv/lib/python3.10/site-packages/airflow/example_dags/tutorial.py took 0.192 seconds
[2025-06-16T10:56:51.040-0300] {processor.py:157} INFO - Started process (PID=43873) to work on /mnt/c/Users/arcan/Documents/airflow/.venv/lib/python3.10/site-packages/airflow/example_dags/tutorial.py
[2025-06-16T10:56:51.042-0300] {processor.py:829} INFO - Processing file /mnt/c/Users/arcan/Documents/airflow/.venv/lib/python3.10/site-packages/airflow/example_dags/tutorial.py for tasks to queue
[2025-06-16T10:56:51.044-0300] {logging_mixin.py:154} INFO - [2025-06-16T10:56:51.044-0300] {dagbag.py:536} INFO - Filling up the DagBag from /mnt/c/Users/arcan/Documents/airflow/.venv/lib/python3.10/site-packages/airflow/example_dags/tutorial.py
[2025-06-16T10:56:51.083-0300] {processor.py:839} INFO - DAG(s) dict_keys(['tutorial']) retrieved from /mnt/c/Users/arcan/Documents/airflow/.venv/lib/python3.10/site-packages/airflow/example_dags/tutorial.py
[2025-06-16T10:56:51.120-0300] {logging_mixin.py:154} INFO - [2025-06-16T10:56:51.120-0300] {dag.py:2941} INFO - Sync 1 DAGs
[2025-06-16T10:56:51.151-0300] {logging_mixin.py:154} INFO - [2025-06-16T10:56:51.151-0300] {dag.py:3722} INFO - Setting next_dagrun for tutorial to 2025-06-15T13:56:51.151061+00:00, run_after=2025-06-16T13:56:51.151061+00:00
[2025-06-16T10:56:51.246-0300] {processor.py:179} INFO - Processing /mnt/c/Users/arcan/Documents/airflow/.venv/lib/python3.10/site-packages/airflow/example_dags/tutorial.py took 0.210 seconds
[2025-06-16T10:58:00.328-0300] {processor.py:157} INFO - Started process (PID=44067) to work on /mnt/c/Users/arcan/Documents/airflow/.venv/lib/python3.10/site-packages/airflow/example_dags/tutorial.py
[2025-06-16T10:58:00.331-0300] {processor.py:829} INFO - Processing file /mnt/c/Users/arcan/Documents/airflow/.venv/lib/python3.10/site-packages/airflow/example_dags/tutorial.py for tasks to queue
[2025-06-16T10:58:00.334-0300] {logging_mixin.py:154} INFO - [2025-06-16T10:58:00.333-0300] {dagbag.py:536} INFO - Filling up the DagBag from /mnt/c/Users/arcan/Documents/airflow/.venv/lib/python3.10/site-packages/airflow/example_dags/tutorial.py
[2025-06-16T10:58:00.387-0300] {processor.py:839} INFO - DAG(s) dict_keys(['tutorial']) retrieved from /mnt/c/Users/arcan/Documents/airflow/.venv/lib/python3.10/site-packages/airflow/example_dags/tutorial.py
[2025-06-16T10:58:00.450-0300] {logging_mixin.py:154} INFO - [2025-06-16T10:58:00.449-0300] {dag.py:2941} INFO - Sync 1 DAGs
[2025-06-16T10:58:00.489-0300] {logging_mixin.py:154} INFO - [2025-06-16T10:58:00.488-0300] {dag.py:3722} INFO - Setting next_dagrun for tutorial to 2025-06-15T13:58:00.488344+00:00, run_after=2025-06-16T13:58:00.488344+00:00
[2025-06-16T10:58:00.603-0300] {processor.py:179} INFO - Processing /mnt/c/Users/arcan/Documents/airflow/.venv/lib/python3.10/site-packages/airflow/example_dags/tutorial.py took 0.280 seconds
[2025-06-16T10:59:13.408-0300] {processor.py:157} INFO - Started process (PID=44396) to work on /mnt/c/Users/arcan/Documents/airflow/.venv/lib/python3.10/site-packages/airflow/example_dags/tutorial.py
[2025-06-16T10:59:13.410-0300] {processor.py:829} INFO - Processing file /mnt/c/Users/arcan/Documents/airflow/.venv/lib/python3.10/site-packages/airflow/example_dags/tutorial.py for tasks to queue
[2025-06-16T10:59:13.412-0300] {logging_mixin.py:154} INFO - [2025-06-16T10:59:13.412-0300] {dagbag.py:536} INFO - Filling up the DagBag from /mnt/c/Users/arcan/Documents/airflow/.venv/lib/python3.10/site-packages/airflow/example_dags/tutorial.py
[2025-06-16T10:59:13.455-0300] {processor.py:839} INFO - DAG(s) dict_keys(['tutorial']) retrieved from /mnt/c/Users/arcan/Documents/airflow/.venv/lib/python3.10/site-packages/airflow/example_dags/tutorial.py
[2025-06-16T10:59:13.497-0300] {logging_mixin.py:154} INFO - [2025-06-16T10:59:13.497-0300] {dag.py:2941} INFO - Sync 1 DAGs
[2025-06-16T10:59:13.529-0300] {logging_mixin.py:154} INFO - [2025-06-16T10:59:13.529-0300] {dag.py:3722} INFO - Setting next_dagrun for tutorial to 2025-06-15T13:59:13.528880+00:00, run_after=2025-06-16T13:59:13.528880+00:00
[2025-06-16T10:59:13.616-0300] {processor.py:179} INFO - Processing /mnt/c/Users/arcan/Documents/airflow/.venv/lib/python3.10/site-packages/airflow/example_dags/tutorial.py took 0.211 seconds
[2025-06-16T11:00:21.522-0300] {processor.py:157} INFO - Started process (PID=44590) to work on /mnt/c/Users/arcan/Documents/airflow/.venv/lib/python3.10/site-packages/airflow/example_dags/tutorial.py
[2025-06-16T11:00:21.524-0300] {processor.py:829} INFO - Processing file /mnt/c/Users/arcan/Documents/airflow/.venv/lib/python3.10/site-packages/airflow/example_dags/tutorial.py for tasks to queue
[2025-06-16T11:00:21.526-0300] {logging_mixin.py:154} INFO - [2025-06-16T11:00:21.525-0300] {dagbag.py:536} INFO - Filling up the DagBag from /mnt/c/Users/arcan/Documents/airflow/.venv/lib/python3.10/site-packages/airflow/example_dags/tutorial.py
[2025-06-16T11:00:21.565-0300] {processor.py:839} INFO - DAG(s) dict_keys(['tutorial']) retrieved from /mnt/c/Users/arcan/Documents/airflow/.venv/lib/python3.10/site-packages/airflow/example_dags/tutorial.py
[2025-06-16T11:00:21.623-0300] {logging_mixin.py:154} INFO - [2025-06-16T11:00:21.623-0300] {dag.py:2941} INFO - Sync 1 DAGs
[2025-06-16T11:00:21.655-0300] {logging_mixin.py:154} INFO - [2025-06-16T11:00:21.655-0300] {dag.py:3722} INFO - Setting next_dagrun for tutorial to 2025-06-15T14:00:21.654677+00:00, run_after=2025-06-16T14:00:21.654677+00:00
[2025-06-16T11:00:21.743-0300] {processor.py:179} INFO - Processing /mnt/c/Users/arcan/Documents/airflow/.venv/lib/python3.10/site-packages/airflow/example_dags/tutorial.py took 0.227 seconds
[2025-06-16T11:01:36.685-0300] {processor.py:157} INFO - Started process (PID=44808) to work on /mnt/c/Users/arcan/Documents/airflow/.venv/lib/python3.10/site-packages/airflow/example_dags/tutorial.py
[2025-06-16T11:01:36.687-0300] {processor.py:829} INFO - Processing file /mnt/c/Users/arcan/Documents/airflow/.venv/lib/python3.10/site-packages/airflow/example_dags/tutorial.py for tasks to queue
[2025-06-16T11:01:36.689-0300] {logging_mixin.py:154} INFO - [2025-06-16T11:01:36.688-0300] {dagbag.py:536} INFO - Filling up the DagBag from /mnt/c/Users/arcan/Documents/airflow/.venv/lib/python3.10/site-packages/airflow/example_dags/tutorial.py
[2025-06-16T11:01:36.724-0300] {processor.py:839} INFO - DAG(s) dict_keys(['tutorial']) retrieved from /mnt/c/Users/arcan/Documents/airflow/.venv/lib/python3.10/site-packages/airflow/example_dags/tutorial.py
[2025-06-16T11:01:36.770-0300] {logging_mixin.py:154} INFO - [2025-06-16T11:01:36.769-0300] {dag.py:2941} INFO - Sync 1 DAGs
[2025-06-16T11:01:36.798-0300] {logging_mixin.py:154} INFO - [2025-06-16T11:01:36.797-0300] {dag.py:3722} INFO - Setting next_dagrun for tutorial to 2025-06-15T14:01:36.797412+00:00, run_after=2025-06-16T14:01:36.797412+00:00
[2025-06-16T11:01:36.888-0300] {processor.py:179} INFO - Processing /mnt/c/Users/arcan/Documents/airflow/.venv/lib/python3.10/site-packages/airflow/example_dags/tutorial.py took 0.207 seconds
[2025-06-16T11:02:35.386-0300] {processor.py:157} INFO - Started process (PID=44976) to work on /mnt/c/Users/arcan/Documents/airflow/.venv/lib/python3.10/site-packages/airflow/example_dags/tutorial.py
[2025-06-16T11:02:35.388-0300] {processor.py:829} INFO - Processing file /mnt/c/Users/arcan/Documents/airflow/.venv/lib/python3.10/site-packages/airflow/example_dags/tutorial.py for tasks to queue
[2025-06-16T11:02:35.390-0300] {logging_mixin.py:154} INFO - [2025-06-16T11:02:35.389-0300] {dagbag.py:536} INFO - Filling up the DagBag from /mnt/c/Users/arcan/Documents/airflow/.venv/lib/python3.10/site-packages/airflow/example_dags/tutorial.py
[2025-06-16T11:02:35.427-0300] {processor.py:839} INFO - DAG(s) dict_keys(['tutorial']) retrieved from /mnt/c/Users/arcan/Documents/airflow/.venv/lib/python3.10/site-packages/airflow/example_dags/tutorial.py
[2025-06-16T11:02:35.469-0300] {logging_mixin.py:154} INFO - [2025-06-16T11:02:35.469-0300] {dag.py:2941} INFO - Sync 1 DAGs
[2025-06-16T11:02:35.497-0300] {logging_mixin.py:154} INFO - [2025-06-16T11:02:35.497-0300] {dag.py:3722} INFO - Setting next_dagrun for tutorial to 2025-06-15T14:02:35.496962+00:00, run_after=2025-06-16T14:02:35.496962+00:00
[2025-06-16T11:02:35.590-0300] {processor.py:179} INFO - Processing /mnt/c/Users/arcan/Documents/airflow/.venv/lib/python3.10/site-packages/airflow/example_dags/tutorial.py took 0.208 seconds
[2025-06-16T11:03:35.049-0300] {processor.py:157} INFO - Started process (PID=45157) to work on /mnt/c/Users/arcan/Documents/airflow/.venv/lib/python3.10/site-packages/airflow/example_dags/tutorial.py
[2025-06-16T11:03:35.051-0300] {processor.py:829} INFO - Processing file /mnt/c/Users/arcan/Documents/airflow/.venv/lib/python3.10/site-packages/airflow/example_dags/tutorial.py for tasks to queue
[2025-06-16T11:03:35.053-0300] {logging_mixin.py:154} INFO - [2025-06-16T11:03:35.052-0300] {dagbag.py:536} INFO - Filling up the DagBag from /mnt/c/Users/arcan/Documents/airflow/.venv/lib/python3.10/site-packages/airflow/example_dags/tutorial.py
[2025-06-16T11:03:35.087-0300] {processor.py:839} INFO - DAG(s) dict_keys(['tutorial']) retrieved from /mnt/c/Users/arcan/Documents/airflow/.venv/lib/python3.10/site-packages/airflow/example_dags/tutorial.py
[2025-06-16T11:03:35.134-0300] {logging_mixin.py:154} INFO - [2025-06-16T11:03:35.134-0300] {dag.py:2941} INFO - Sync 1 DAGs
[2025-06-16T11:03:35.167-0300] {logging_mixin.py:154} INFO - [2025-06-16T11:03:35.167-0300] {dag.py:3722} INFO - Setting next_dagrun for tutorial to 2025-06-15T14:03:35.166851+00:00, run_after=2025-06-16T14:03:35.166851+00:00
[2025-06-16T11:03:35.259-0300] {processor.py:179} INFO - Processing /mnt/c/Users/arcan/Documents/airflow/.venv/lib/python3.10/site-packages/airflow/example_dags/tutorial.py took 0.214 seconds
[2025-06-16T11:04:34.827-0300] {processor.py:157} INFO - Started process (PID=45331) to work on /mnt/c/Users/arcan/Documents/airflow/.venv/lib/python3.10/site-packages/airflow/example_dags/tutorial.py
[2025-06-16T11:04:34.829-0300] {processor.py:829} INFO - Processing file /mnt/c/Users/arcan/Documents/airflow/.venv/lib/python3.10/site-packages/airflow/example_dags/tutorial.py for tasks to queue
[2025-06-16T11:04:34.831-0300] {logging_mixin.py:154} INFO - [2025-06-16T11:04:34.830-0300] {dagbag.py:536} INFO - Filling up the DagBag from /mnt/c/Users/arcan/Documents/airflow/.venv/lib/python3.10/site-packages/airflow/example_dags/tutorial.py
[2025-06-16T11:04:34.865-0300] {processor.py:839} INFO - DAG(s) dict_keys(['tutorial']) retrieved from /mnt/c/Users/arcan/Documents/airflow/.venv/lib/python3.10/site-packages/airflow/example_dags/tutorial.py
[2025-06-16T11:04:34.901-0300] {logging_mixin.py:154} INFO - [2025-06-16T11:04:34.901-0300] {dag.py:2941} INFO - Sync 1 DAGs
[2025-06-16T11:04:34.930-0300] {logging_mixin.py:154} INFO - [2025-06-16T11:04:34.930-0300] {dag.py:3722} INFO - Setting next_dagrun for tutorial to 2025-06-15T14:04:34.929827+00:00, run_after=2025-06-16T14:04:34.929827+00:00
[2025-06-16T11:04:35.022-0300] {processor.py:179} INFO - Processing /mnt/c/Users/arcan/Documents/airflow/.venv/lib/python3.10/site-packages/airflow/example_dags/tutorial.py took 0.199 seconds
[2025-06-16T11:05:39.511-0300] {processor.py:157} INFO - Started process (PID=45521) to work on /mnt/c/Users/arcan/Documents/airflow/.venv/lib/python3.10/site-packages/airflow/example_dags/tutorial.py
[2025-06-16T11:05:39.513-0300] {processor.py:829} INFO - Processing file /mnt/c/Users/arcan/Documents/airflow/.venv/lib/python3.10/site-packages/airflow/example_dags/tutorial.py for tasks to queue
[2025-06-16T11:05:39.515-0300] {logging_mixin.py:154} INFO - [2025-06-16T11:05:39.515-0300] {dagbag.py:536} INFO - Filling up the DagBag from /mnt/c/Users/arcan/Documents/airflow/.venv/lib/python3.10/site-packages/airflow/example_dags/tutorial.py
[2025-06-16T11:05:39.552-0300] {processor.py:839} INFO - DAG(s) dict_keys(['tutorial']) retrieved from /mnt/c/Users/arcan/Documents/airflow/.venv/lib/python3.10/site-packages/airflow/example_dags/tutorial.py
[2025-06-16T11:05:39.590-0300] {logging_mixin.py:154} INFO - [2025-06-16T11:05:39.590-0300] {dag.py:2941} INFO - Sync 1 DAGs
[2025-06-16T11:05:39.619-0300] {logging_mixin.py:154} INFO - [2025-06-16T11:05:39.618-0300] {dag.py:3722} INFO - Setting next_dagrun for tutorial to 2025-06-15T14:05:39.618611+00:00, run_after=2025-06-16T14:05:39.618611+00:00
[2025-06-16T11:05:39.714-0300] {processor.py:179} INFO - Processing /mnt/c/Users/arcan/Documents/airflow/.venv/lib/python3.10/site-packages/airflow/example_dags/tutorial.py took 0.207 seconds
[2025-06-16T11:06:46.226-0300] {processor.py:157} INFO - Started process (PID=45835) to work on /mnt/c/Users/arcan/Documents/airflow/.venv/lib/python3.10/site-packages/airflow/example_dags/tutorial.py
[2025-06-16T11:06:46.227-0300] {processor.py:829} INFO - Processing file /mnt/c/Users/arcan/Documents/airflow/.venv/lib/python3.10/site-packages/airflow/example_dags/tutorial.py for tasks to queue
[2025-06-16T11:06:46.229-0300] {logging_mixin.py:154} INFO - [2025-06-16T11:06:46.228-0300] {dagbag.py:536} INFO - Filling up the DagBag from /mnt/c/Users/arcan/Documents/airflow/.venv/lib/python3.10/site-packages/airflow/example_dags/tutorial.py
[2025-06-16T11:06:46.267-0300] {processor.py:839} INFO - DAG(s) dict_keys(['tutorial']) retrieved from /mnt/c/Users/arcan/Documents/airflow/.venv/lib/python3.10/site-packages/airflow/example_dags/tutorial.py
[2025-06-16T11:06:46.311-0300] {logging_mixin.py:154} INFO - [2025-06-16T11:06:46.311-0300] {dag.py:2941} INFO - Sync 1 DAGs
[2025-06-16T11:06:46.343-0300] {logging_mixin.py:154} INFO - [2025-06-16T11:06:46.343-0300] {dag.py:3722} INFO - Setting next_dagrun for tutorial to 2025-06-15T14:06:46.343054+00:00, run_after=2025-06-16T14:06:46.343054+00:00
[2025-06-16T11:06:46.432-0300] {processor.py:179} INFO - Processing /mnt/c/Users/arcan/Documents/airflow/.venv/lib/python3.10/site-packages/airflow/example_dags/tutorial.py took 0.211 seconds
[2025-06-16T11:07:52.781-0300] {processor.py:157} INFO - Started process (PID=46029) to work on /mnt/c/Users/arcan/Documents/airflow/.venv/lib/python3.10/site-packages/airflow/example_dags/tutorial.py
[2025-06-16T11:07:52.783-0300] {processor.py:829} INFO - Processing file /mnt/c/Users/arcan/Documents/airflow/.venv/lib/python3.10/site-packages/airflow/example_dags/tutorial.py for tasks to queue
[2025-06-16T11:07:52.784-0300] {logging_mixin.py:154} INFO - [2025-06-16T11:07:52.783-0300] {dagbag.py:536} INFO - Filling up the DagBag from /mnt/c/Users/arcan/Documents/airflow/.venv/lib/python3.10/site-packages/airflow/example_dags/tutorial.py
[2025-06-16T11:07:52.818-0300] {processor.py:839} INFO - DAG(s) dict_keys(['tutorial']) retrieved from /mnt/c/Users/arcan/Documents/airflow/.venv/lib/python3.10/site-packages/airflow/example_dags/tutorial.py
[2025-06-16T11:07:52.857-0300] {logging_mixin.py:154} INFO - [2025-06-16T11:07:52.857-0300] {dag.py:2941} INFO - Sync 1 DAGs
[2025-06-16T11:07:52.886-0300] {logging_mixin.py:154} INFO - [2025-06-16T11:07:52.885-0300] {dag.py:3722} INFO - Setting next_dagrun for tutorial to 2025-06-15T14:07:52.885718+00:00, run_after=2025-06-16T14:07:52.885718+00:00
[2025-06-16T11:07:52.982-0300] {processor.py:179} INFO - Processing /mnt/c/Users/arcan/Documents/airflow/.venv/lib/python3.10/site-packages/airflow/example_dags/tutorial.py took 0.205 seconds
[2025-06-16T11:08:52.598-0300] {processor.py:157} INFO - Started process (PID=46199) to work on /mnt/c/Users/arcan/Documents/airflow/.venv/lib/python3.10/site-packages/airflow/example_dags/tutorial.py
[2025-06-16T11:08:52.600-0300] {processor.py:829} INFO - Processing file /mnt/c/Users/arcan/Documents/airflow/.venv/lib/python3.10/site-packages/airflow/example_dags/tutorial.py for tasks to queue
[2025-06-16T11:08:52.602-0300] {logging_mixin.py:154} INFO - [2025-06-16T11:08:52.601-0300] {dagbag.py:536} INFO - Filling up the DagBag from /mnt/c/Users/arcan/Documents/airflow/.venv/lib/python3.10/site-packages/airflow/example_dags/tutorial.py
[2025-06-16T11:08:52.635-0300] {processor.py:839} INFO - DAG(s) dict_keys(['tutorial']) retrieved from /mnt/c/Users/arcan/Documents/airflow/.venv/lib/python3.10/site-packages/airflow/example_dags/tutorial.py
[2025-06-16T11:08:52.677-0300] {logging_mixin.py:154} INFO - [2025-06-16T11:08:52.677-0300] {dag.py:2941} INFO - Sync 1 DAGs
[2025-06-16T11:08:52.706-0300] {logging_mixin.py:154} INFO - [2025-06-16T11:08:52.706-0300] {dag.py:3722} INFO - Setting next_dagrun for tutorial to 2025-06-15T14:08:52.706010+00:00, run_after=2025-06-16T14:08:52.706010+00:00
[2025-06-16T11:08:52.794-0300] {processor.py:179} INFO - Processing /mnt/c/Users/arcan/Documents/airflow/.venv/lib/python3.10/site-packages/airflow/example_dags/tutorial.py took 0.199 seconds
[2025-06-16T11:09:52.894-0300] {processor.py:157} INFO - Started process (PID=46377) to work on /mnt/c/Users/arcan/Documents/airflow/.venv/lib/python3.10/site-packages/airflow/example_dags/tutorial.py
[2025-06-16T11:09:52.896-0300] {processor.py:829} INFO - Processing file /mnt/c/Users/arcan/Documents/airflow/.venv/lib/python3.10/site-packages/airflow/example_dags/tutorial.py for tasks to queue
[2025-06-16T11:09:52.897-0300] {logging_mixin.py:154} INFO - [2025-06-16T11:09:52.897-0300] {dagbag.py:536} INFO - Filling up the DagBag from /mnt/c/Users/arcan/Documents/airflow/.venv/lib/python3.10/site-packages/airflow/example_dags/tutorial.py
[2025-06-16T11:09:52.934-0300] {processor.py:839} INFO - DAG(s) dict_keys(['tutorial']) retrieved from /mnt/c/Users/arcan/Documents/airflow/.venv/lib/python3.10/site-packages/airflow/example_dags/tutorial.py
[2025-06-16T11:09:52.985-0300] {logging_mixin.py:154} INFO - [2025-06-16T11:09:52.984-0300] {dag.py:2941} INFO - Sync 1 DAGs
[2025-06-16T11:09:53.017-0300] {logging_mixin.py:154} INFO - [2025-06-16T11:09:53.017-0300] {dag.py:3722} INFO - Setting next_dagrun for tutorial to 2025-06-15T14:09:53.017309+00:00, run_after=2025-06-16T14:09:53.017309+00:00
[2025-06-16T11:09:53.115-0300] {processor.py:179} INFO - Processing /mnt/c/Users/arcan/Documents/airflow/.venv/lib/python3.10/site-packages/airflow/example_dags/tutorial.py took 0.225 seconds
[2025-06-16T11:10:53.523-0300] {processor.py:157} INFO - Started process (PID=46553) to work on /mnt/c/Users/arcan/Documents/airflow/.venv/lib/python3.10/site-packages/airflow/example_dags/tutorial.py
[2025-06-16T11:10:53.525-0300] {processor.py:829} INFO - Processing file /mnt/c/Users/arcan/Documents/airflow/.venv/lib/python3.10/site-packages/airflow/example_dags/tutorial.py for tasks to queue
[2025-06-16T11:10:53.527-0300] {logging_mixin.py:154} INFO - [2025-06-16T11:10:53.526-0300] {dagbag.py:536} INFO - Filling up the DagBag from /mnt/c/Users/arcan/Documents/airflow/.venv/lib/python3.10/site-packages/airflow/example_dags/tutorial.py
[2025-06-16T11:10:53.559-0300] {processor.py:839} INFO - DAG(s) dict_keys(['tutorial']) retrieved from /mnt/c/Users/arcan/Documents/airflow/.venv/lib/python3.10/site-packages/airflow/example_dags/tutorial.py
[2025-06-16T11:10:53.601-0300] {logging_mixin.py:154} INFO - [2025-06-16T11:10:53.600-0300] {dag.py:2941} INFO - Sync 1 DAGs
[2025-06-16T11:10:53.631-0300] {logging_mixin.py:154} INFO - [2025-06-16T11:10:53.631-0300] {dag.py:3722} INFO - Setting next_dagrun for tutorial to 2025-06-15T14:10:53.631238+00:00, run_after=2025-06-16T14:10:53.631238+00:00
[2025-06-16T11:10:53.727-0300] {processor.py:179} INFO - Processing /mnt/c/Users/arcan/Documents/airflow/.venv/lib/python3.10/site-packages/airflow/example_dags/tutorial.py took 0.208 seconds
[2025-06-16T11:12:04.388-0300] {processor.py:157} INFO - Started process (PID=46755) to work on /mnt/c/Users/arcan/Documents/airflow/.venv/lib/python3.10/site-packages/airflow/example_dags/tutorial.py
[2025-06-16T11:12:04.390-0300] {processor.py:829} INFO - Processing file /mnt/c/Users/arcan/Documents/airflow/.venv/lib/python3.10/site-packages/airflow/example_dags/tutorial.py for tasks to queue
[2025-06-16T11:12:04.391-0300] {logging_mixin.py:154} INFO - [2025-06-16T11:12:04.391-0300] {dagbag.py:536} INFO - Filling up the DagBag from /mnt/c/Users/arcan/Documents/airflow/.venv/lib/python3.10/site-packages/airflow/example_dags/tutorial.py
[2025-06-16T11:12:04.424-0300] {processor.py:839} INFO - DAG(s) dict_keys(['tutorial']) retrieved from /mnt/c/Users/arcan/Documents/airflow/.venv/lib/python3.10/site-packages/airflow/example_dags/tutorial.py
[2025-06-16T11:12:04.471-0300] {logging_mixin.py:154} INFO - [2025-06-16T11:12:04.471-0300] {dag.py:2941} INFO - Sync 1 DAGs
[2025-06-16T11:12:04.505-0300] {logging_mixin.py:154} INFO - [2025-06-16T11:12:04.505-0300] {dag.py:3722} INFO - Setting next_dagrun for tutorial to 2025-06-15T14:12:04.505000+00:00, run_after=2025-06-16T14:12:04.505000+00:00
[2025-06-16T11:12:04.599-0300] {processor.py:179} INFO - Processing /mnt/c/Users/arcan/Documents/airflow/.venv/lib/python3.10/site-packages/airflow/example_dags/tutorial.py took 0.215 seconds
[2025-06-16T11:13:10.163-0300] {processor.py:157} INFO - Started process (PID=47065) to work on /mnt/c/Users/arcan/Documents/airflow/.venv/lib/python3.10/site-packages/airflow/example_dags/tutorial.py
[2025-06-16T11:13:10.165-0300] {processor.py:829} INFO - Processing file /mnt/c/Users/arcan/Documents/airflow/.venv/lib/python3.10/site-packages/airflow/example_dags/tutorial.py for tasks to queue
[2025-06-16T11:13:10.167-0300] {logging_mixin.py:154} INFO - [2025-06-16T11:13:10.166-0300] {dagbag.py:536} INFO - Filling up the DagBag from /mnt/c/Users/arcan/Documents/airflow/.venv/lib/python3.10/site-packages/airflow/example_dags/tutorial.py
[2025-06-16T11:13:10.200-0300] {processor.py:839} INFO - DAG(s) dict_keys(['tutorial']) retrieved from /mnt/c/Users/arcan/Documents/airflow/.venv/lib/python3.10/site-packages/airflow/example_dags/tutorial.py
[2025-06-16T11:13:10.240-0300] {logging_mixin.py:154} INFO - [2025-06-16T11:13:10.240-0300] {dag.py:2941} INFO - Sync 1 DAGs
[2025-06-16T11:13:10.271-0300] {logging_mixin.py:154} INFO - [2025-06-16T11:13:10.271-0300] {dag.py:3722} INFO - Setting next_dagrun for tutorial to 2025-06-15T14:13:10.270848+00:00, run_after=2025-06-16T14:13:10.270848+00:00
[2025-06-16T11:13:10.367-0300] {processor.py:179} INFO - Processing /mnt/c/Users/arcan/Documents/airflow/.venv/lib/python3.10/site-packages/airflow/example_dags/tutorial.py took 0.208 seconds
[2025-06-16T11:14:14.579-0300] {processor.py:157} INFO - Started process (PID=47251) to work on /mnt/c/Users/arcan/Documents/airflow/.venv/lib/python3.10/site-packages/airflow/example_dags/tutorial.py
[2025-06-16T11:14:14.581-0300] {processor.py:829} INFO - Processing file /mnt/c/Users/arcan/Documents/airflow/.venv/lib/python3.10/site-packages/airflow/example_dags/tutorial.py for tasks to queue
[2025-06-16T11:14:14.583-0300] {logging_mixin.py:154} INFO - [2025-06-16T11:14:14.582-0300] {dagbag.py:536} INFO - Filling up the DagBag from /mnt/c/Users/arcan/Documents/airflow/.venv/lib/python3.10/site-packages/airflow/example_dags/tutorial.py
[2025-06-16T11:14:14.616-0300] {processor.py:839} INFO - DAG(s) dict_keys(['tutorial']) retrieved from /mnt/c/Users/arcan/Documents/airflow/.venv/lib/python3.10/site-packages/airflow/example_dags/tutorial.py
[2025-06-16T11:14:14.664-0300] {logging_mixin.py:154} INFO - [2025-06-16T11:14:14.664-0300] {dag.py:2941} INFO - Sync 1 DAGs
[2025-06-16T11:14:14.697-0300] {logging_mixin.py:154} INFO - [2025-06-16T11:14:14.697-0300] {dag.py:3722} INFO - Setting next_dagrun for tutorial to 2025-06-15T14:14:14.696926+00:00, run_after=2025-06-16T14:14:14.696926+00:00
[2025-06-16T11:14:14.791-0300] {processor.py:179} INFO - Processing /mnt/c/Users/arcan/Documents/airflow/.venv/lib/python3.10/site-packages/airflow/example_dags/tutorial.py took 0.215 seconds
[2025-06-16T11:15:13.558-0300] {processor.py:157} INFO - Started process (PID=47428) to work on /mnt/c/Users/arcan/Documents/airflow/.venv/lib/python3.10/site-packages/airflow/example_dags/tutorial.py
[2025-06-16T11:15:13.561-0300] {processor.py:829} INFO - Processing file /mnt/c/Users/arcan/Documents/airflow/.venv/lib/python3.10/site-packages/airflow/example_dags/tutorial.py for tasks to queue
[2025-06-16T11:15:13.562-0300] {logging_mixin.py:154} INFO - [2025-06-16T11:15:13.562-0300] {dagbag.py:536} INFO - Filling up the DagBag from /mnt/c/Users/arcan/Documents/airflow/.venv/lib/python3.10/site-packages/airflow/example_dags/tutorial.py
[2025-06-16T11:15:13.597-0300] {processor.py:839} INFO - DAG(s) dict_keys(['tutorial']) retrieved from /mnt/c/Users/arcan/Documents/airflow/.venv/lib/python3.10/site-packages/airflow/example_dags/tutorial.py
[2025-06-16T11:15:13.645-0300] {logging_mixin.py:154} INFO - [2025-06-16T11:15:13.644-0300] {dag.py:2941} INFO - Sync 1 DAGs
[2025-06-16T11:15:13.678-0300] {logging_mixin.py:154} INFO - [2025-06-16T11:15:13.678-0300] {dag.py:3722} INFO - Setting next_dagrun for tutorial to 2025-06-15T14:15:13.678011+00:00, run_after=2025-06-16T14:15:13.678011+00:00
[2025-06-16T11:15:13.774-0300] {processor.py:179} INFO - Processing /mnt/c/Users/arcan/Documents/airflow/.venv/lib/python3.10/site-packages/airflow/example_dags/tutorial.py took 0.221 seconds
[2025-06-16T11:16:20.464-0300] {processor.py:157} INFO - Started process (PID=47620) to work on /mnt/c/Users/arcan/Documents/airflow/.venv/lib/python3.10/site-packages/airflow/example_dags/tutorial.py
[2025-06-16T11:16:20.466-0300] {processor.py:829} INFO - Processing file /mnt/c/Users/arcan/Documents/airflow/.venv/lib/python3.10/site-packages/airflow/example_dags/tutorial.py for tasks to queue
[2025-06-16T11:16:20.468-0300] {logging_mixin.py:154} INFO - [2025-06-16T11:16:20.467-0300] {dagbag.py:536} INFO - Filling up the DagBag from /mnt/c/Users/arcan/Documents/airflow/.venv/lib/python3.10/site-packages/airflow/example_dags/tutorial.py
[2025-06-16T11:16:20.507-0300] {processor.py:839} INFO - DAG(s) dict_keys(['tutorial']) retrieved from /mnt/c/Users/arcan/Documents/airflow/.venv/lib/python3.10/site-packages/airflow/example_dags/tutorial.py
[2025-06-16T11:16:20.557-0300] {logging_mixin.py:154} INFO - [2025-06-16T11:16:20.557-0300] {dag.py:2941} INFO - Sync 1 DAGs
[2025-06-16T11:16:20.588-0300] {logging_mixin.py:154} INFO - [2025-06-16T11:16:20.587-0300] {dag.py:3722} INFO - Setting next_dagrun for tutorial to 2025-06-15T14:16:20.587478+00:00, run_after=2025-06-16T14:16:20.587478+00:00
[2025-06-16T11:16:20.686-0300] {processor.py:179} INFO - Processing /mnt/c/Users/arcan/Documents/airflow/.venv/lib/python3.10/site-packages/airflow/example_dags/tutorial.py took 0.227 seconds
[2025-06-16T11:17:26.189-0300] {processor.py:157} INFO - Started process (PID=47815) to work on /mnt/c/Users/arcan/Documents/airflow/.venv/lib/python3.10/site-packages/airflow/example_dags/tutorial.py
[2025-06-16T11:17:26.192-0300] {processor.py:829} INFO - Processing file /mnt/c/Users/arcan/Documents/airflow/.venv/lib/python3.10/site-packages/airflow/example_dags/tutorial.py for tasks to queue
[2025-06-16T11:17:26.193-0300] {logging_mixin.py:154} INFO - [2025-06-16T11:17:26.193-0300] {dagbag.py:536} INFO - Filling up the DagBag from /mnt/c/Users/arcan/Documents/airflow/.venv/lib/python3.10/site-packages/airflow/example_dags/tutorial.py
[2025-06-16T11:17:26.224-0300] {processor.py:839} INFO - DAG(s) dict_keys(['tutorial']) retrieved from /mnt/c/Users/arcan/Documents/airflow/.venv/lib/python3.10/site-packages/airflow/example_dags/tutorial.py
[2025-06-16T11:17:26.270-0300] {logging_mixin.py:154} INFO - [2025-06-16T11:17:26.270-0300] {dag.py:2941} INFO - Sync 1 DAGs
[2025-06-16T11:17:26.302-0300] {logging_mixin.py:154} INFO - [2025-06-16T11:17:26.302-0300] {dag.py:3722} INFO - Setting next_dagrun for tutorial to 2025-06-15T14:17:26.302312+00:00, run_after=2025-06-16T14:17:26.302312+00:00
[2025-06-16T11:17:26.390-0300] {processor.py:179} INFO - Processing /mnt/c/Users/arcan/Documents/airflow/.venv/lib/python3.10/site-packages/airflow/example_dags/tutorial.py took 0.204 seconds
[2025-06-16T11:18:29.744-0300] {processor.py:157} INFO - Started process (PID=48002) to work on /mnt/c/Users/arcan/Documents/airflow/.venv/lib/python3.10/site-packages/airflow/example_dags/tutorial.py
[2025-06-16T11:18:29.746-0300] {processor.py:829} INFO - Processing file /mnt/c/Users/arcan/Documents/airflow/.venv/lib/python3.10/site-packages/airflow/example_dags/tutorial.py for tasks to queue
[2025-06-16T11:18:29.748-0300] {logging_mixin.py:154} INFO - [2025-06-16T11:18:29.747-0300] {dagbag.py:536} INFO - Filling up the DagBag from /mnt/c/Users/arcan/Documents/airflow/.venv/lib/python3.10/site-packages/airflow/example_dags/tutorial.py
[2025-06-16T11:18:29.787-0300] {processor.py:839} INFO - DAG(s) dict_keys(['tutorial']) retrieved from /mnt/c/Users/arcan/Documents/airflow/.venv/lib/python3.10/site-packages/airflow/example_dags/tutorial.py
[2025-06-16T11:18:29.834-0300] {logging_mixin.py:154} INFO - [2025-06-16T11:18:29.833-0300] {dag.py:2941} INFO - Sync 1 DAGs
[2025-06-16T11:18:29.865-0300] {logging_mixin.py:154} INFO - [2025-06-16T11:18:29.864-0300] {dag.py:3722} INFO - Setting next_dagrun for tutorial to 2025-06-15T14:18:29.864540+00:00, run_after=2025-06-16T14:18:29.864540+00:00
[2025-06-16T11:18:29.958-0300] {processor.py:179} INFO - Processing /mnt/c/Users/arcan/Documents/airflow/.venv/lib/python3.10/site-packages/airflow/example_dags/tutorial.py took 0.219 seconds
[2025-06-16T11:19:34.360-0300] {processor.py:157} INFO - Started process (PID=48188) to work on /mnt/c/Users/arcan/Documents/airflow/.venv/lib/python3.10/site-packages/airflow/example_dags/tutorial.py
[2025-06-16T11:19:34.362-0300] {processor.py:829} INFO - Processing file /mnt/c/Users/arcan/Documents/airflow/.venv/lib/python3.10/site-packages/airflow/example_dags/tutorial.py for tasks to queue
[2025-06-16T11:19:34.363-0300] {logging_mixin.py:154} INFO - [2025-06-16T11:19:34.363-0300] {dagbag.py:536} INFO - Filling up the DagBag from /mnt/c/Users/arcan/Documents/airflow/.venv/lib/python3.10/site-packages/airflow/example_dags/tutorial.py
[2025-06-16T11:19:34.395-0300] {processor.py:839} INFO - DAG(s) dict_keys(['tutorial']) retrieved from /mnt/c/Users/arcan/Documents/airflow/.venv/lib/python3.10/site-packages/airflow/example_dags/tutorial.py
[2025-06-16T11:19:34.442-0300] {logging_mixin.py:154} INFO - [2025-06-16T11:19:34.442-0300] {dag.py:2941} INFO - Sync 1 DAGs
[2025-06-16T11:19:34.479-0300] {logging_mixin.py:154} INFO - [2025-06-16T11:19:34.479-0300] {dag.py:3722} INFO - Setting next_dagrun for tutorial to 2025-06-15T14:19:34.478736+00:00, run_after=2025-06-16T14:19:34.478736+00:00
[2025-06-16T11:19:34.572-0300] {processor.py:179} INFO - Processing /mnt/c/Users/arcan/Documents/airflow/.venv/lib/python3.10/site-packages/airflow/example_dags/tutorial.py took 0.217 seconds
[2025-06-16T11:20:33.055-0300] {processor.py:157} INFO - Started process (PID=48486) to work on /mnt/c/Users/arcan/Documents/airflow/.venv/lib/python3.10/site-packages/airflow/example_dags/tutorial.py
[2025-06-16T11:20:33.056-0300] {processor.py:829} INFO - Processing file /mnt/c/Users/arcan/Documents/airflow/.venv/lib/python3.10/site-packages/airflow/example_dags/tutorial.py for tasks to queue
[2025-06-16T11:20:33.058-0300] {logging_mixin.py:154} INFO - [2025-06-16T11:20:33.057-0300] {dagbag.py:536} INFO - Filling up the DagBag from /mnt/c/Users/arcan/Documents/airflow/.venv/lib/python3.10/site-packages/airflow/example_dags/tutorial.py
[2025-06-16T11:20:33.095-0300] {processor.py:839} INFO - DAG(s) dict_keys(['tutorial']) retrieved from /mnt/c/Users/arcan/Documents/airflow/.venv/lib/python3.10/site-packages/airflow/example_dags/tutorial.py
[2025-06-16T11:20:33.139-0300] {logging_mixin.py:154} INFO - [2025-06-16T11:20:33.139-0300] {dag.py:2941} INFO - Sync 1 DAGs
[2025-06-16T11:20:33.169-0300] {logging_mixin.py:154} INFO - [2025-06-16T11:20:33.169-0300] {dag.py:3722} INFO - Setting next_dagrun for tutorial to 2025-06-15T14:20:33.168798+00:00, run_after=2025-06-16T14:20:33.168798+00:00
[2025-06-16T11:20:33.266-0300] {processor.py:179} INFO - Processing /mnt/c/Users/arcan/Documents/airflow/.venv/lib/python3.10/site-packages/airflow/example_dags/tutorial.py took 0.215 seconds
[2025-06-16T11:21:41.324-0300] {processor.py:157} INFO - Started process (PID=48685) to work on /mnt/c/Users/arcan/Documents/airflow/.venv/lib/python3.10/site-packages/airflow/example_dags/tutorial.py
[2025-06-16T11:21:41.326-0300] {processor.py:829} INFO - Processing file /mnt/c/Users/arcan/Documents/airflow/.venv/lib/python3.10/site-packages/airflow/example_dags/tutorial.py for tasks to queue
[2025-06-16T11:21:41.327-0300] {logging_mixin.py:154} INFO - [2025-06-16T11:21:41.327-0300] {dagbag.py:536} INFO - Filling up the DagBag from /mnt/c/Users/arcan/Documents/airflow/.venv/lib/python3.10/site-packages/airflow/example_dags/tutorial.py
[2025-06-16T11:21:41.360-0300] {processor.py:839} INFO - DAG(s) dict_keys(['tutorial']) retrieved from /mnt/c/Users/arcan/Documents/airflow/.venv/lib/python3.10/site-packages/airflow/example_dags/tutorial.py
[2025-06-16T11:21:41.400-0300] {logging_mixin.py:154} INFO - [2025-06-16T11:21:41.400-0300] {dag.py:2941} INFO - Sync 1 DAGs
[2025-06-16T11:21:41.429-0300] {logging_mixin.py:154} INFO - [2025-06-16T11:21:41.429-0300] {dag.py:3722} INFO - Setting next_dagrun for tutorial to 2025-06-15T14:21:41.429301+00:00, run_after=2025-06-16T14:21:41.429301+00:00
[2025-06-16T11:21:41.516-0300] {processor.py:179} INFO - Processing /mnt/c/Users/arcan/Documents/airflow/.venv/lib/python3.10/site-packages/airflow/example_dags/tutorial.py took 0.195 seconds
[2025-06-16T11:22:41.147-0300] {processor.py:157} INFO - Started process (PID=48859) to work on /mnt/c/Users/arcan/Documents/airflow/.venv/lib/python3.10/site-packages/airflow/example_dags/tutorial.py
[2025-06-16T11:22:41.148-0300] {processor.py:829} INFO - Processing file /mnt/c/Users/arcan/Documents/airflow/.venv/lib/python3.10/site-packages/airflow/example_dags/tutorial.py for tasks to queue
[2025-06-16T11:22:41.150-0300] {logging_mixin.py:154} INFO - [2025-06-16T11:22:41.149-0300] {dagbag.py:536} INFO - Filling up the DagBag from /mnt/c/Users/arcan/Documents/airflow/.venv/lib/python3.10/site-packages/airflow/example_dags/tutorial.py
[2025-06-16T11:22:41.185-0300] {processor.py:839} INFO - DAG(s) dict_keys(['tutorial']) retrieved from /mnt/c/Users/arcan/Documents/airflow/.venv/lib/python3.10/site-packages/airflow/example_dags/tutorial.py
[2025-06-16T11:22:41.231-0300] {logging_mixin.py:154} INFO - [2025-06-16T11:22:41.231-0300] {dag.py:2941} INFO - Sync 1 DAGs
[2025-06-16T11:22:41.262-0300] {logging_mixin.py:154} INFO - [2025-06-16T11:22:41.262-0300] {dag.py:3722} INFO - Setting next_dagrun for tutorial to 2025-06-15T14:22:41.262089+00:00, run_after=2025-06-16T14:22:41.262089+00:00
[2025-06-16T11:22:41.359-0300] {processor.py:179} INFO - Processing /mnt/c/Users/arcan/Documents/airflow/.venv/lib/python3.10/site-packages/airflow/example_dags/tutorial.py took 0.217 seconds
[2025-06-16T11:23:38.432-0300] {processor.py:157} INFO - Started process (PID=49027) to work on /mnt/c/Users/arcan/Documents/airflow/.venv/lib/python3.10/site-packages/airflow/example_dags/tutorial.py
[2025-06-16T11:23:38.434-0300] {processor.py:829} INFO - Processing file /mnt/c/Users/arcan/Documents/airflow/.venv/lib/python3.10/site-packages/airflow/example_dags/tutorial.py for tasks to queue
[2025-06-16T11:23:38.436-0300] {logging_mixin.py:154} INFO - [2025-06-16T11:23:38.435-0300] {dagbag.py:536} INFO - Filling up the DagBag from /mnt/c/Users/arcan/Documents/airflow/.venv/lib/python3.10/site-packages/airflow/example_dags/tutorial.py
[2025-06-16T11:23:38.471-0300] {processor.py:839} INFO - DAG(s) dict_keys(['tutorial']) retrieved from /mnt/c/Users/arcan/Documents/airflow/.venv/lib/python3.10/site-packages/airflow/example_dags/tutorial.py
[2025-06-16T11:23:38.509-0300] {logging_mixin.py:154} INFO - [2025-06-16T11:23:38.508-0300] {dag.py:2941} INFO - Sync 1 DAGs
[2025-06-16T11:23:38.539-0300] {logging_mixin.py:154} INFO - [2025-06-16T11:23:38.539-0300] {dag.py:3722} INFO - Setting next_dagrun for tutorial to 2025-06-15T14:23:38.538992+00:00, run_after=2025-06-16T14:23:38.538992+00:00
[2025-06-16T11:23:38.640-0300] {processor.py:179} INFO - Processing /mnt/c/Users/arcan/Documents/airflow/.venv/lib/python3.10/site-packages/airflow/example_dags/tutorial.py took 0.213 seconds
[2025-06-16T11:24:42.403-0300] {processor.py:157} INFO - Started process (PID=49211) to work on /mnt/c/Users/arcan/Documents/airflow/.venv/lib/python3.10/site-packages/airflow/example_dags/tutorial.py
[2025-06-16T11:24:42.405-0300] {processor.py:829} INFO - Processing file /mnt/c/Users/arcan/Documents/airflow/.venv/lib/python3.10/site-packages/airflow/example_dags/tutorial.py for tasks to queue
[2025-06-16T11:24:42.407-0300] {logging_mixin.py:154} INFO - [2025-06-16T11:24:42.407-0300] {dagbag.py:536} INFO - Filling up the DagBag from /mnt/c/Users/arcan/Documents/airflow/.venv/lib/python3.10/site-packages/airflow/example_dags/tutorial.py
[2025-06-16T11:24:42.442-0300] {processor.py:839} INFO - DAG(s) dict_keys(['tutorial']) retrieved from /mnt/c/Users/arcan/Documents/airflow/.venv/lib/python3.10/site-packages/airflow/example_dags/tutorial.py
[2025-06-16T11:24:42.484-0300] {logging_mixin.py:154} INFO - [2025-06-16T11:24:42.483-0300] {dag.py:2941} INFO - Sync 1 DAGs
[2025-06-16T11:24:42.516-0300] {logging_mixin.py:154} INFO - [2025-06-16T11:24:42.516-0300] {dag.py:3722} INFO - Setting next_dagrun for tutorial to 2025-06-15T14:24:42.515527+00:00, run_after=2025-06-16T14:24:42.515527+00:00
[2025-06-16T11:24:42.619-0300] {processor.py:179} INFO - Processing /mnt/c/Users/arcan/Documents/airflow/.venv/lib/python3.10/site-packages/airflow/example_dags/tutorial.py took 0.219 seconds
[2025-06-16T11:25:44.901-0300] {processor.py:157} INFO - Started process (PID=49395) to work on /mnt/c/Users/arcan/Documents/airflow/.venv/lib/python3.10/site-packages/airflow/example_dags/tutorial.py
[2025-06-16T11:25:44.903-0300] {processor.py:829} INFO - Processing file /mnt/c/Users/arcan/Documents/airflow/.venv/lib/python3.10/site-packages/airflow/example_dags/tutorial.py for tasks to queue
[2025-06-16T11:25:44.905-0300] {logging_mixin.py:154} INFO - [2025-06-16T11:25:44.904-0300] {dagbag.py:536} INFO - Filling up the DagBag from /mnt/c/Users/arcan/Documents/airflow/.venv/lib/python3.10/site-packages/airflow/example_dags/tutorial.py
[2025-06-16T11:25:44.938-0300] {processor.py:839} INFO - DAG(s) dict_keys(['tutorial']) retrieved from /mnt/c/Users/arcan/Documents/airflow/.venv/lib/python3.10/site-packages/airflow/example_dags/tutorial.py
[2025-06-16T11:25:44.977-0300] {logging_mixin.py:154} INFO - [2025-06-16T11:25:44.977-0300] {dag.py:2941} INFO - Sync 1 DAGs
[2025-06-16T11:25:45.007-0300] {logging_mixin.py:154} INFO - [2025-06-16T11:25:45.007-0300] {dag.py:3722} INFO - Setting next_dagrun for tutorial to 2025-06-15T14:25:45.007119+00:00, run_after=2025-06-16T14:25:45.007119+00:00
[2025-06-16T11:25:45.104-0300] {processor.py:179} INFO - Processing /mnt/c/Users/arcan/Documents/airflow/.venv/lib/python3.10/site-packages/airflow/example_dags/tutorial.py took 0.208 seconds
[2025-06-16T11:26:49.703-0300] {processor.py:157} INFO - Started process (PID=49585) to work on /mnt/c/Users/arcan/Documents/airflow/.venv/lib/python3.10/site-packages/airflow/example_dags/tutorial.py
[2025-06-16T11:26:49.705-0300] {processor.py:829} INFO - Processing file /mnt/c/Users/arcan/Documents/airflow/.venv/lib/python3.10/site-packages/airflow/example_dags/tutorial.py for tasks to queue
[2025-06-16T11:26:49.706-0300] {logging_mixin.py:154} INFO - [2025-06-16T11:26:49.706-0300] {dagbag.py:536} INFO - Filling up the DagBag from /mnt/c/Users/arcan/Documents/airflow/.venv/lib/python3.10/site-packages/airflow/example_dags/tutorial.py
[2025-06-16T11:26:49.743-0300] {processor.py:839} INFO - DAG(s) dict_keys(['tutorial']) retrieved from /mnt/c/Users/arcan/Documents/airflow/.venv/lib/python3.10/site-packages/airflow/example_dags/tutorial.py
[2025-06-16T11:26:49.789-0300] {logging_mixin.py:154} INFO - [2025-06-16T11:26:49.789-0300] {dag.py:2941} INFO - Sync 1 DAGs
[2025-06-16T11:26:49.828-0300] {logging_mixin.py:154} INFO - [2025-06-16T11:26:49.827-0300] {dag.py:3722} INFO - Setting next_dagrun for tutorial to 2025-06-15T14:26:49.827489+00:00, run_after=2025-06-16T14:26:49.827489+00:00
[2025-06-16T11:26:49.920-0300] {processor.py:179} INFO - Processing /mnt/c/Users/arcan/Documents/airflow/.venv/lib/python3.10/site-packages/airflow/example_dags/tutorial.py took 0.221 seconds
[2025-06-16T11:27:56.194-0300] {processor.py:157} INFO - Started process (PID=49898) to work on /mnt/c/Users/arcan/Documents/airflow/.venv/lib/python3.10/site-packages/airflow/example_dags/tutorial.py
[2025-06-16T11:27:56.196-0300] {processor.py:829} INFO - Processing file /mnt/c/Users/arcan/Documents/airflow/.venv/lib/python3.10/site-packages/airflow/example_dags/tutorial.py for tasks to queue
[2025-06-16T11:27:56.197-0300] {logging_mixin.py:154} INFO - [2025-06-16T11:27:56.196-0300] {dagbag.py:536} INFO - Filling up the DagBag from /mnt/c/Users/arcan/Documents/airflow/.venv/lib/python3.10/site-packages/airflow/example_dags/tutorial.py
[2025-06-16T11:27:56.227-0300] {processor.py:839} INFO - DAG(s) dict_keys(['tutorial']) retrieved from /mnt/c/Users/arcan/Documents/airflow/.venv/lib/python3.10/site-packages/airflow/example_dags/tutorial.py
[2025-06-16T11:27:56.270-0300] {logging_mixin.py:154} INFO - [2025-06-16T11:27:56.270-0300] {dag.py:2941} INFO - Sync 1 DAGs
[2025-06-16T11:27:56.303-0300] {logging_mixin.py:154} INFO - [2025-06-16T11:27:56.303-0300] {dag.py:3722} INFO - Setting next_dagrun for tutorial to 2025-06-15T14:27:56.302998+00:00, run_after=2025-06-16T14:27:56.302998+00:00
[2025-06-16T11:27:56.402-0300] {processor.py:179} INFO - Processing /mnt/c/Users/arcan/Documents/airflow/.venv/lib/python3.10/site-packages/airflow/example_dags/tutorial.py took 0.212 seconds
[2025-06-16T11:29:03.828-0300] {processor.py:157} INFO - Started process (PID=50096) to work on /mnt/c/Users/arcan/Documents/airflow/.venv/lib/python3.10/site-packages/airflow/example_dags/tutorial.py
[2025-06-16T11:29:03.830-0300] {processor.py:829} INFO - Processing file /mnt/c/Users/arcan/Documents/airflow/.venv/lib/python3.10/site-packages/airflow/example_dags/tutorial.py for tasks to queue
[2025-06-16T11:29:03.831-0300] {logging_mixin.py:154} INFO - [2025-06-16T11:29:03.830-0300] {dagbag.py:536} INFO - Filling up the DagBag from /mnt/c/Users/arcan/Documents/airflow/.venv/lib/python3.10/site-packages/airflow/example_dags/tutorial.py
[2025-06-16T11:29:03.872-0300] {processor.py:839} INFO - DAG(s) dict_keys(['tutorial']) retrieved from /mnt/c/Users/arcan/Documents/airflow/.venv/lib/python3.10/site-packages/airflow/example_dags/tutorial.py
[2025-06-16T11:29:03.912-0300] {logging_mixin.py:154} INFO - [2025-06-16T11:29:03.912-0300] {dag.py:2941} INFO - Sync 1 DAGs
[2025-06-16T11:29:03.944-0300] {logging_mixin.py:154} INFO - [2025-06-16T11:29:03.943-0300] {dag.py:3722} INFO - Setting next_dagrun for tutorial to 2025-06-15T14:29:03.943618+00:00, run_after=2025-06-16T14:29:03.943618+00:00
[2025-06-16T11:29:04.033-0300] {processor.py:179} INFO - Processing /mnt/c/Users/arcan/Documents/airflow/.venv/lib/python3.10/site-packages/airflow/example_dags/tutorial.py took 0.209 seconds
[2025-06-16T11:30:06.720-0300] {processor.py:157} INFO - Started process (PID=50282) to work on /mnt/c/Users/arcan/Documents/airflow/.venv/lib/python3.10/site-packages/airflow/example_dags/tutorial.py
[2025-06-16T11:30:06.722-0300] {processor.py:829} INFO - Processing file /mnt/c/Users/arcan/Documents/airflow/.venv/lib/python3.10/site-packages/airflow/example_dags/tutorial.py for tasks to queue
[2025-06-16T11:30:06.723-0300] {logging_mixin.py:154} INFO - [2025-06-16T11:30:06.723-0300] {dagbag.py:536} INFO - Filling up the DagBag from /mnt/c/Users/arcan/Documents/airflow/.venv/lib/python3.10/site-packages/airflow/example_dags/tutorial.py
[2025-06-16T11:30:06.758-0300] {processor.py:839} INFO - DAG(s) dict_keys(['tutorial']) retrieved from /mnt/c/Users/arcan/Documents/airflow/.venv/lib/python3.10/site-packages/airflow/example_dags/tutorial.py
[2025-06-16T11:30:06.795-0300] {logging_mixin.py:154} INFO - [2025-06-16T11:30:06.795-0300] {dag.py:2941} INFO - Sync 1 DAGs
[2025-06-16T11:30:06.822-0300] {logging_mixin.py:154} INFO - [2025-06-16T11:30:06.822-0300] {dag.py:3722} INFO - Setting next_dagrun for tutorial to 2025-06-15T14:30:06.821495+00:00, run_after=2025-06-16T14:30:06.821495+00:00
[2025-06-16T11:30:06.917-0300] {processor.py:179} INFO - Processing /mnt/c/Users/arcan/Documents/airflow/.venv/lib/python3.10/site-packages/airflow/example_dags/tutorial.py took 0.201 seconds
[2025-06-16T11:31:12.777-0300] {processor.py:157} INFO - Started process (PID=50473) to work on /mnt/c/Users/arcan/Documents/airflow/.venv/lib/python3.10/site-packages/airflow/example_dags/tutorial.py
[2025-06-16T11:31:12.779-0300] {processor.py:829} INFO - Processing file /mnt/c/Users/arcan/Documents/airflow/.venv/lib/python3.10/site-packages/airflow/example_dags/tutorial.py for tasks to queue
[2025-06-16T11:31:12.781-0300] {logging_mixin.py:154} INFO - [2025-06-16T11:31:12.781-0300] {dagbag.py:536} INFO - Filling up the DagBag from /mnt/c/Users/arcan/Documents/airflow/.venv/lib/python3.10/site-packages/airflow/example_dags/tutorial.py
[2025-06-16T11:31:12.815-0300] {processor.py:839} INFO - DAG(s) dict_keys(['tutorial']) retrieved from /mnt/c/Users/arcan/Documents/airflow/.venv/lib/python3.10/site-packages/airflow/example_dags/tutorial.py
[2025-06-16T11:31:12.852-0300] {logging_mixin.py:154} INFO - [2025-06-16T11:31:12.852-0300] {dag.py:2941} INFO - Sync 1 DAGs
[2025-06-16T11:31:12.879-0300] {logging_mixin.py:154} INFO - [2025-06-16T11:31:12.879-0300] {dag.py:3722} INFO - Setting next_dagrun for tutorial to 2025-06-15T14:31:12.878698+00:00, run_after=2025-06-16T14:31:12.878698+00:00
[2025-06-16T11:31:12.973-0300] {processor.py:179} INFO - Processing /mnt/c/Users/arcan/Documents/airflow/.venv/lib/python3.10/site-packages/airflow/example_dags/tutorial.py took 0.200 seconds
[2025-06-16T11:32:25.632-0300] {processor.py:157} INFO - Started process (PID=50687) to work on /mnt/c/Users/arcan/Documents/airflow/.venv/lib/python3.10/site-packages/airflow/example_dags/tutorial.py
[2025-06-16T11:32:25.634-0300] {processor.py:829} INFO - Processing file /mnt/c/Users/arcan/Documents/airflow/.venv/lib/python3.10/site-packages/airflow/example_dags/tutorial.py for tasks to queue
[2025-06-16T11:32:25.636-0300] {logging_mixin.py:154} INFO - [2025-06-16T11:32:25.635-0300] {dagbag.py:536} INFO - Filling up the DagBag from /mnt/c/Users/arcan/Documents/airflow/.venv/lib/python3.10/site-packages/airflow/example_dags/tutorial.py
[2025-06-16T11:32:25.671-0300] {processor.py:839} INFO - DAG(s) dict_keys(['tutorial']) retrieved from /mnt/c/Users/arcan/Documents/airflow/.venv/lib/python3.10/site-packages/airflow/example_dags/tutorial.py
[2025-06-16T11:32:25.713-0300] {logging_mixin.py:154} INFO - [2025-06-16T11:32:25.712-0300] {dag.py:2941} INFO - Sync 1 DAGs
[2025-06-16T11:32:25.744-0300] {logging_mixin.py:154} INFO - [2025-06-16T11:32:25.744-0300] {dag.py:3722} INFO - Setting next_dagrun for tutorial to 2025-06-15T14:32:25.744298+00:00, run_after=2025-06-16T14:32:25.744298+00:00
[2025-06-16T11:32:25.842-0300] {processor.py:179} INFO - Processing /mnt/c/Users/arcan/Documents/airflow/.venv/lib/python3.10/site-packages/airflow/example_dags/tutorial.py took 0.216 seconds
[2025-06-16T11:33:27.493-0300] {processor.py:157} INFO - Started process (PID=50869) to work on /mnt/c/Users/arcan/Documents/airflow/.venv/lib/python3.10/site-packages/airflow/example_dags/tutorial.py
[2025-06-16T11:33:27.495-0300] {processor.py:829} INFO - Processing file /mnt/c/Users/arcan/Documents/airflow/.venv/lib/python3.10/site-packages/airflow/example_dags/tutorial.py for tasks to queue
[2025-06-16T11:33:27.496-0300] {logging_mixin.py:154} INFO - [2025-06-16T11:33:27.496-0300] {dagbag.py:536} INFO - Filling up the DagBag from /mnt/c/Users/arcan/Documents/airflow/.venv/lib/python3.10/site-packages/airflow/example_dags/tutorial.py
[2025-06-16T11:33:27.526-0300] {processor.py:839} INFO - DAG(s) dict_keys(['tutorial']) retrieved from /mnt/c/Users/arcan/Documents/airflow/.venv/lib/python3.10/site-packages/airflow/example_dags/tutorial.py
[2025-06-16T11:33:27.561-0300] {logging_mixin.py:154} INFO - [2025-06-16T11:33:27.561-0300] {dag.py:2941} INFO - Sync 1 DAGs
[2025-06-16T11:33:27.590-0300] {logging_mixin.py:154} INFO - [2025-06-16T11:33:27.590-0300] {dag.py:3722} INFO - Setting next_dagrun for tutorial to 2025-06-15T14:33:27.589824+00:00, run_after=2025-06-16T14:33:27.589824+00:00
[2025-06-16T11:33:27.682-0300] {processor.py:179} INFO - Processing /mnt/c/Users/arcan/Documents/airflow/.venv/lib/python3.10/site-packages/airflow/example_dags/tutorial.py took 0.193 seconds
[2025-06-16T11:34:31.385-0300] {processor.py:157} INFO - Started process (PID=51181) to work on /mnt/c/Users/arcan/Documents/airflow/.venv/lib/python3.10/site-packages/airflow/example_dags/tutorial.py
[2025-06-16T11:34:31.387-0300] {processor.py:829} INFO - Processing file /mnt/c/Users/arcan/Documents/airflow/.venv/lib/python3.10/site-packages/airflow/example_dags/tutorial.py for tasks to queue
[2025-06-16T11:34:31.389-0300] {logging_mixin.py:154} INFO - [2025-06-16T11:34:31.388-0300] {dagbag.py:536} INFO - Filling up the DagBag from /mnt/c/Users/arcan/Documents/airflow/.venv/lib/python3.10/site-packages/airflow/example_dags/tutorial.py
[2025-06-16T11:34:31.421-0300] {processor.py:839} INFO - DAG(s) dict_keys(['tutorial']) retrieved from /mnt/c/Users/arcan/Documents/airflow/.venv/lib/python3.10/site-packages/airflow/example_dags/tutorial.py
[2025-06-16T11:34:31.458-0300] {logging_mixin.py:154} INFO - [2025-06-16T11:34:31.458-0300] {dag.py:2941} INFO - Sync 1 DAGs
[2025-06-16T11:34:31.486-0300] {logging_mixin.py:154} INFO - [2025-06-16T11:34:31.486-0300] {dag.py:3722} INFO - Setting next_dagrun for tutorial to 2025-06-15T14:34:31.485620+00:00, run_after=2025-06-16T14:34:31.485620+00:00
[2025-06-16T11:34:31.572-0300] {processor.py:179} INFO - Processing /mnt/c/Users/arcan/Documents/airflow/.venv/lib/python3.10/site-packages/airflow/example_dags/tutorial.py took 0.191 seconds
[2025-06-16T11:35:30.865-0300] {processor.py:157} INFO - Started process (PID=51361) to work on /mnt/c/Users/arcan/Documents/airflow/.venv/lib/python3.10/site-packages/airflow/example_dags/tutorial.py
[2025-06-16T11:35:30.868-0300] {processor.py:829} INFO - Processing file /mnt/c/Users/arcan/Documents/airflow/.venv/lib/python3.10/site-packages/airflow/example_dags/tutorial.py for tasks to queue
[2025-06-16T11:35:30.869-0300] {logging_mixin.py:154} INFO - [2025-06-16T11:35:30.869-0300] {dagbag.py:536} INFO - Filling up the DagBag from /mnt/c/Users/arcan/Documents/airflow/.venv/lib/python3.10/site-packages/airflow/example_dags/tutorial.py
[2025-06-16T11:35:30.903-0300] {processor.py:839} INFO - DAG(s) dict_keys(['tutorial']) retrieved from /mnt/c/Users/arcan/Documents/airflow/.venv/lib/python3.10/site-packages/airflow/example_dags/tutorial.py
[2025-06-16T11:35:30.944-0300] {logging_mixin.py:154} INFO - [2025-06-16T11:35:30.943-0300] {dag.py:2941} INFO - Sync 1 DAGs
[2025-06-16T11:35:30.976-0300] {logging_mixin.py:154} INFO - [2025-06-16T11:35:30.976-0300] {dag.py:3722} INFO - Setting next_dagrun for tutorial to 2025-06-15T14:35:30.975748+00:00, run_after=2025-06-16T14:35:30.975748+00:00
[2025-06-16T11:35:31.059-0300] {processor.py:179} INFO - Processing /mnt/c/Users/arcan/Documents/airflow/.venv/lib/python3.10/site-packages/airflow/example_dags/tutorial.py took 0.198 seconds
[2025-06-16T11:36:35.682-0300] {processor.py:157} INFO - Started process (PID=51555) to work on /mnt/c/Users/arcan/Documents/airflow/.venv/lib/python3.10/site-packages/airflow/example_dags/tutorial.py
[2025-06-16T11:36:35.684-0300] {processor.py:829} INFO - Processing file /mnt/c/Users/arcan/Documents/airflow/.venv/lib/python3.10/site-packages/airflow/example_dags/tutorial.py for tasks to queue
[2025-06-16T11:36:35.686-0300] {logging_mixin.py:154} INFO - [2025-06-16T11:36:35.685-0300] {dagbag.py:536} INFO - Filling up the DagBag from /mnt/c/Users/arcan/Documents/airflow/.venv/lib/python3.10/site-packages/airflow/example_dags/tutorial.py
[2025-06-16T11:36:35.721-0300] {processor.py:839} INFO - DAG(s) dict_keys(['tutorial']) retrieved from /mnt/c/Users/arcan/Documents/airflow/.venv/lib/python3.10/site-packages/airflow/example_dags/tutorial.py
[2025-06-16T11:36:35.765-0300] {logging_mixin.py:154} INFO - [2025-06-16T11:36:35.765-0300] {dag.py:2941} INFO - Sync 1 DAGs
[2025-06-16T11:36:35.796-0300] {logging_mixin.py:154} INFO - [2025-06-16T11:36:35.796-0300] {dag.py:3722} INFO - Setting next_dagrun for tutorial to 2025-06-15T14:36:35.796194+00:00, run_after=2025-06-16T14:36:35.796194+00:00
[2025-06-16T11:36:35.888-0300] {processor.py:179} INFO - Processing /mnt/c/Users/arcan/Documents/airflow/.venv/lib/python3.10/site-packages/airflow/example_dags/tutorial.py took 0.210 seconds
[2025-06-16T11:37:42.251-0300] {processor.py:157} INFO - Started process (PID=51746) to work on /mnt/c/Users/arcan/Documents/airflow/.venv/lib/python3.10/site-packages/airflow/example_dags/tutorial.py
[2025-06-16T11:37:42.252-0300] {processor.py:829} INFO - Processing file /mnt/c/Users/arcan/Documents/airflow/.venv/lib/python3.10/site-packages/airflow/example_dags/tutorial.py for tasks to queue
[2025-06-16T11:37:42.254-0300] {logging_mixin.py:154} INFO - [2025-06-16T11:37:42.253-0300] {dagbag.py:536} INFO - Filling up the DagBag from /mnt/c/Users/arcan/Documents/airflow/.venv/lib/python3.10/site-packages/airflow/example_dags/tutorial.py
[2025-06-16T11:37:42.289-0300] {processor.py:839} INFO - DAG(s) dict_keys(['tutorial']) retrieved from /mnt/c/Users/arcan/Documents/airflow/.venv/lib/python3.10/site-packages/airflow/example_dags/tutorial.py
[2025-06-16T11:37:42.332-0300] {logging_mixin.py:154} INFO - [2025-06-16T11:37:42.332-0300] {dag.py:2941} INFO - Sync 1 DAGs
[2025-06-16T11:37:42.362-0300] {logging_mixin.py:154} INFO - [2025-06-16T11:37:42.362-0300] {dag.py:3722} INFO - Setting next_dagrun for tutorial to 2025-06-15T14:37:42.361862+00:00, run_after=2025-06-16T14:37:42.361862+00:00
[2025-06-16T11:37:42.460-0300] {processor.py:179} INFO - Processing /mnt/c/Users/arcan/Documents/airflow/.venv/lib/python3.10/site-packages/airflow/example_dags/tutorial.py took 0.214 seconds
[2025-06-16T11:38:49.246-0300] {processor.py:157} INFO - Started process (PID=51944) to work on /mnt/c/Users/arcan/Documents/airflow/.venv/lib/python3.10/site-packages/airflow/example_dags/tutorial.py
[2025-06-16T11:38:49.249-0300] {processor.py:829} INFO - Processing file /mnt/c/Users/arcan/Documents/airflow/.venv/lib/python3.10/site-packages/airflow/example_dags/tutorial.py for tasks to queue
[2025-06-16T11:38:49.250-0300] {logging_mixin.py:154} INFO - [2025-06-16T11:38:49.250-0300] {dagbag.py:536} INFO - Filling up the DagBag from /mnt/c/Users/arcan/Documents/airflow/.venv/lib/python3.10/site-packages/airflow/example_dags/tutorial.py
[2025-06-16T11:38:49.286-0300] {processor.py:839} INFO - DAG(s) dict_keys(['tutorial']) retrieved from /mnt/c/Users/arcan/Documents/airflow/.venv/lib/python3.10/site-packages/airflow/example_dags/tutorial.py
[2025-06-16T11:38:49.327-0300] {logging_mixin.py:154} INFO - [2025-06-16T11:38:49.327-0300] {dag.py:2941} INFO - Sync 1 DAGs
[2025-06-16T11:38:49.357-0300] {logging_mixin.py:154} INFO - [2025-06-16T11:38:49.357-0300] {dag.py:3722} INFO - Setting next_dagrun for tutorial to 2025-06-15T14:38:49.356842+00:00, run_after=2025-06-16T14:38:49.356842+00:00
[2025-06-16T11:38:49.565-0300] {processor.py:179} INFO - Processing /mnt/c/Users/arcan/Documents/airflow/.venv/lib/python3.10/site-packages/airflow/example_dags/tutorial.py took 0.322 seconds
[2025-06-16T11:39:59.726-0300] {processor.py:157} INFO - Started process (PID=52151) to work on /mnt/c/Users/arcan/Documents/airflow/.venv/lib/python3.10/site-packages/airflow/example_dags/tutorial.py
[2025-06-16T11:39:59.728-0300] {processor.py:829} INFO - Processing file /mnt/c/Users/arcan/Documents/airflow/.venv/lib/python3.10/site-packages/airflow/example_dags/tutorial.py for tasks to queue
[2025-06-16T11:39:59.730-0300] {logging_mixin.py:154} INFO - [2025-06-16T11:39:59.730-0300] {dagbag.py:536} INFO - Filling up the DagBag from /mnt/c/Users/arcan/Documents/airflow/.venv/lib/python3.10/site-packages/airflow/example_dags/tutorial.py
[2025-06-16T11:39:59.762-0300] {processor.py:839} INFO - DAG(s) dict_keys(['tutorial']) retrieved from /mnt/c/Users/arcan/Documents/airflow/.venv/lib/python3.10/site-packages/airflow/example_dags/tutorial.py
[2025-06-16T11:39:59.805-0300] {logging_mixin.py:154} INFO - [2025-06-16T11:39:59.805-0300] {dag.py:2941} INFO - Sync 1 DAGs
[2025-06-16T11:39:59.833-0300] {logging_mixin.py:154} INFO - [2025-06-16T11:39:59.833-0300] {dag.py:3722} INFO - Setting next_dagrun for tutorial to 2025-06-15T14:39:59.833406+00:00, run_after=2025-06-16T14:39:59.833406+00:00
[2025-06-16T11:39:59.927-0300] {processor.py:179} INFO - Processing /mnt/c/Users/arcan/Documents/airflow/.venv/lib/python3.10/site-packages/airflow/example_dags/tutorial.py took 0.205 seconds
[2025-06-16T11:41:02.860-0300] {processor.py:157} INFO - Started process (PID=52337) to work on /mnt/c/Users/arcan/Documents/airflow/.venv/lib/python3.10/site-packages/airflow/example_dags/tutorial.py
[2025-06-16T11:41:02.861-0300] {processor.py:829} INFO - Processing file /mnt/c/Users/arcan/Documents/airflow/.venv/lib/python3.10/site-packages/airflow/example_dags/tutorial.py for tasks to queue
[2025-06-16T11:41:02.863-0300] {logging_mixin.py:154} INFO - [2025-06-16T11:41:02.863-0300] {dagbag.py:536} INFO - Filling up the DagBag from /mnt/c/Users/arcan/Documents/airflow/.venv/lib/python3.10/site-packages/airflow/example_dags/tutorial.py
[2025-06-16T11:41:02.894-0300] {processor.py:839} INFO - DAG(s) dict_keys(['tutorial']) retrieved from /mnt/c/Users/arcan/Documents/airflow/.venv/lib/python3.10/site-packages/airflow/example_dags/tutorial.py
[2025-06-16T11:41:02.939-0300] {logging_mixin.py:154} INFO - [2025-06-16T11:41:02.938-0300] {dag.py:2941} INFO - Sync 1 DAGs
[2025-06-16T11:41:02.973-0300] {logging_mixin.py:154} INFO - [2025-06-16T11:41:02.972-0300] {dag.py:3722} INFO - Setting next_dagrun for tutorial to 2025-06-15T14:41:02.972416+00:00, run_after=2025-06-16T14:41:02.972416+00:00
[2025-06-16T11:41:03.065-0300] {processor.py:179} INFO - Processing /mnt/c/Users/arcan/Documents/airflow/.venv/lib/python3.10/site-packages/airflow/example_dags/tutorial.py took 0.209 seconds
[2025-06-16T11:42:08.756-0300] {processor.py:157} INFO - Started process (PID=52654) to work on /mnt/c/Users/arcan/Documents/airflow/.venv/lib/python3.10/site-packages/airflow/example_dags/tutorial.py
[2025-06-16T11:42:08.758-0300] {processor.py:829} INFO - Processing file /mnt/c/Users/arcan/Documents/airflow/.venv/lib/python3.10/site-packages/airflow/example_dags/tutorial.py for tasks to queue
[2025-06-16T11:42:08.761-0300] {logging_mixin.py:154} INFO - [2025-06-16T11:42:08.760-0300] {dagbag.py:536} INFO - Filling up the DagBag from /mnt/c/Users/arcan/Documents/airflow/.venv/lib/python3.10/site-packages/airflow/example_dags/tutorial.py
[2025-06-16T11:42:08.795-0300] {processor.py:839} INFO - DAG(s) dict_keys(['tutorial']) retrieved from /mnt/c/Users/arcan/Documents/airflow/.venv/lib/python3.10/site-packages/airflow/example_dags/tutorial.py
[2025-06-16T11:42:08.836-0300] {logging_mixin.py:154} INFO - [2025-06-16T11:42:08.836-0300] {dag.py:2941} INFO - Sync 1 DAGs
[2025-06-16T11:42:08.998-0300] {logging_mixin.py:154} INFO - [2025-06-16T11:42:08.998-0300] {dag.py:3722} INFO - Setting next_dagrun for tutorial to 2025-06-15T14:42:08.998045+00:00, run_after=2025-06-16T14:42:08.998045+00:00
[2025-06-16T11:42:09.087-0300] {processor.py:179} INFO - Processing /mnt/c/Users/arcan/Documents/airflow/.venv/lib/python3.10/site-packages/airflow/example_dags/tutorial.py took 0.338 seconds
[2025-06-16T11:43:19.031-0300] {processor.py:157} INFO - Started process (PID=52860) to work on /mnt/c/Users/arcan/Documents/airflow/.venv/lib/python3.10/site-packages/airflow/example_dags/tutorial.py
[2025-06-16T11:43:19.033-0300] {processor.py:829} INFO - Processing file /mnt/c/Users/arcan/Documents/airflow/.venv/lib/python3.10/site-packages/airflow/example_dags/tutorial.py for tasks to queue
[2025-06-16T11:43:19.035-0300] {logging_mixin.py:154} INFO - [2025-06-16T11:43:19.035-0300] {dagbag.py:536} INFO - Filling up the DagBag from /mnt/c/Users/arcan/Documents/airflow/.venv/lib/python3.10/site-packages/airflow/example_dags/tutorial.py
[2025-06-16T11:43:19.070-0300] {processor.py:839} INFO - DAG(s) dict_keys(['tutorial']) retrieved from /mnt/c/Users/arcan/Documents/airflow/.venv/lib/python3.10/site-packages/airflow/example_dags/tutorial.py
[2025-06-16T11:43:19.109-0300] {logging_mixin.py:154} INFO - [2025-06-16T11:43:19.109-0300] {dag.py:2941} INFO - Sync 1 DAGs
[2025-06-16T11:43:19.137-0300] {logging_mixin.py:154} INFO - [2025-06-16T11:43:19.137-0300] {dag.py:3722} INFO - Setting next_dagrun for tutorial to 2025-06-15T14:43:19.137461+00:00, run_after=2025-06-16T14:43:19.137461+00:00
[2025-06-16T11:43:19.229-0300] {processor.py:179} INFO - Processing /mnt/c/Users/arcan/Documents/airflow/.venv/lib/python3.10/site-packages/airflow/example_dags/tutorial.py took 0.201 seconds
[2025-06-16T11:44:29.650-0300] {processor.py:157} INFO - Started process (PID=53064) to work on /mnt/c/Users/arcan/Documents/airflow/.venv/lib/python3.10/site-packages/airflow/example_dags/tutorial.py
[2025-06-16T11:44:29.652-0300] {processor.py:829} INFO - Processing file /mnt/c/Users/arcan/Documents/airflow/.venv/lib/python3.10/site-packages/airflow/example_dags/tutorial.py for tasks to queue
[2025-06-16T11:44:29.654-0300] {logging_mixin.py:154} INFO - [2025-06-16T11:44:29.653-0300] {dagbag.py:536} INFO - Filling up the DagBag from /mnt/c/Users/arcan/Documents/airflow/.venv/lib/python3.10/site-packages/airflow/example_dags/tutorial.py
[2025-06-16T11:44:29.686-0300] {processor.py:839} INFO - DAG(s) dict_keys(['tutorial']) retrieved from /mnt/c/Users/arcan/Documents/airflow/.venv/lib/python3.10/site-packages/airflow/example_dags/tutorial.py
[2025-06-16T11:44:29.728-0300] {logging_mixin.py:154} INFO - [2025-06-16T11:44:29.728-0300] {dag.py:2941} INFO - Sync 1 DAGs
[2025-06-16T11:44:29.759-0300] {logging_mixin.py:154} INFO - [2025-06-16T11:44:29.759-0300] {dag.py:3722} INFO - Setting next_dagrun for tutorial to 2025-06-15T14:44:29.758947+00:00, run_after=2025-06-16T14:44:29.758947+00:00
[2025-06-16T11:44:29.850-0300] {processor.py:179} INFO - Processing /mnt/c/Users/arcan/Documents/airflow/.venv/lib/python3.10/site-packages/airflow/example_dags/tutorial.py took 0.206 seconds
[2025-06-16T11:45:33.087-0300] {processor.py:157} INFO - Started process (PID=53255) to work on /mnt/c/Users/arcan/Documents/airflow/.venv/lib/python3.10/site-packages/airflow/example_dags/tutorial.py
[2025-06-16T11:45:33.090-0300] {processor.py:829} INFO - Processing file /mnt/c/Users/arcan/Documents/airflow/.venv/lib/python3.10/site-packages/airflow/example_dags/tutorial.py for tasks to queue
[2025-06-16T11:45:33.091-0300] {logging_mixin.py:154} INFO - [2025-06-16T11:45:33.091-0300] {dagbag.py:536} INFO - Filling up the DagBag from /mnt/c/Users/arcan/Documents/airflow/.venv/lib/python3.10/site-packages/airflow/example_dags/tutorial.py
[2025-06-16T11:45:33.125-0300] {processor.py:839} INFO - DAG(s) dict_keys(['tutorial']) retrieved from /mnt/c/Users/arcan/Documents/airflow/.venv/lib/python3.10/site-packages/airflow/example_dags/tutorial.py
[2025-06-16T11:45:33.169-0300] {logging_mixin.py:154} INFO - [2025-06-16T11:45:33.169-0300] {dag.py:2941} INFO - Sync 1 DAGs
[2025-06-16T11:45:33.199-0300] {logging_mixin.py:154} INFO - [2025-06-16T11:45:33.199-0300] {dag.py:3722} INFO - Setting next_dagrun for tutorial to 2025-06-15T14:45:33.199265+00:00, run_after=2025-06-16T14:45:33.199265+00:00
[2025-06-16T11:45:33.291-0300] {processor.py:179} INFO - Processing /mnt/c/Users/arcan/Documents/airflow/.venv/lib/python3.10/site-packages/airflow/example_dags/tutorial.py took 0.209 seconds
[2025-06-16T11:46:43.499-0300] {processor.py:157} INFO - Started process (PID=53461) to work on /mnt/c/Users/arcan/Documents/airflow/.venv/lib/python3.10/site-packages/airflow/example_dags/tutorial.py
[2025-06-16T11:46:43.501-0300] {processor.py:829} INFO - Processing file /mnt/c/Users/arcan/Documents/airflow/.venv/lib/python3.10/site-packages/airflow/example_dags/tutorial.py for tasks to queue
[2025-06-16T11:46:43.503-0300] {logging_mixin.py:154} INFO - [2025-06-16T11:46:43.502-0300] {dagbag.py:536} INFO - Filling up the DagBag from /mnt/c/Users/arcan/Documents/airflow/.venv/lib/python3.10/site-packages/airflow/example_dags/tutorial.py
[2025-06-16T11:46:43.534-0300] {processor.py:839} INFO - DAG(s) dict_keys(['tutorial']) retrieved from /mnt/c/Users/arcan/Documents/airflow/.venv/lib/python3.10/site-packages/airflow/example_dags/tutorial.py
[2025-06-16T11:46:43.572-0300] {logging_mixin.py:154} INFO - [2025-06-16T11:46:43.572-0300] {dag.py:2941} INFO - Sync 1 DAGs
[2025-06-16T11:46:43.601-0300] {logging_mixin.py:154} INFO - [2025-06-16T11:46:43.601-0300] {dag.py:3722} INFO - Setting next_dagrun for tutorial to 2025-06-15T14:46:43.601005+00:00, run_after=2025-06-16T14:46:43.601005+00:00
[2025-06-16T11:46:43.692-0300] {processor.py:179} INFO - Processing /mnt/c/Users/arcan/Documents/airflow/.venv/lib/python3.10/site-packages/airflow/example_dags/tutorial.py took 0.197 seconds
[2025-06-16T11:47:45.763-0300] {processor.py:157} INFO - Started process (PID=53645) to work on /mnt/c/Users/arcan/Documents/airflow/.venv/lib/python3.10/site-packages/airflow/example_dags/tutorial.py
[2025-06-16T11:47:45.765-0300] {processor.py:829} INFO - Processing file /mnt/c/Users/arcan/Documents/airflow/.venv/lib/python3.10/site-packages/airflow/example_dags/tutorial.py for tasks to queue
[2025-06-16T11:47:45.767-0300] {logging_mixin.py:154} INFO - [2025-06-16T11:47:45.766-0300] {dagbag.py:536} INFO - Filling up the DagBag from /mnt/c/Users/arcan/Documents/airflow/.venv/lib/python3.10/site-packages/airflow/example_dags/tutorial.py
[2025-06-16T11:47:45.802-0300] {processor.py:839} INFO - DAG(s) dict_keys(['tutorial']) retrieved from /mnt/c/Users/arcan/Documents/airflow/.venv/lib/python3.10/site-packages/airflow/example_dags/tutorial.py
[2025-06-16T11:47:45.843-0300] {logging_mixin.py:154} INFO - [2025-06-16T11:47:45.843-0300] {dag.py:2941} INFO - Sync 1 DAGs
[2025-06-16T11:47:45.874-0300] {logging_mixin.py:154} INFO - [2025-06-16T11:47:45.874-0300] {dag.py:3722} INFO - Setting next_dagrun for tutorial to 2025-06-15T14:47:45.873972+00:00, run_after=2025-06-16T14:47:45.873972+00:00
[2025-06-16T11:47:45.969-0300] {processor.py:179} INFO - Processing /mnt/c/Users/arcan/Documents/airflow/.venv/lib/python3.10/site-packages/airflow/example_dags/tutorial.py took 0.210 seconds
[2025-06-16T11:48:47.527-0300] {processor.py:157} INFO - Started process (PID=53827) to work on /mnt/c/Users/arcan/Documents/airflow/.venv/lib/python3.10/site-packages/airflow/example_dags/tutorial.py
[2025-06-16T11:48:47.529-0300] {processor.py:829} INFO - Processing file /mnt/c/Users/arcan/Documents/airflow/.venv/lib/python3.10/site-packages/airflow/example_dags/tutorial.py for tasks to queue
[2025-06-16T11:48:47.531-0300] {logging_mixin.py:154} INFO - [2025-06-16T11:48:47.530-0300] {dagbag.py:536} INFO - Filling up the DagBag from /mnt/c/Users/arcan/Documents/airflow/.venv/lib/python3.10/site-packages/airflow/example_dags/tutorial.py
[2025-06-16T11:48:47.566-0300] {processor.py:839} INFO - DAG(s) dict_keys(['tutorial']) retrieved from /mnt/c/Users/arcan/Documents/airflow/.venv/lib/python3.10/site-packages/airflow/example_dags/tutorial.py
[2025-06-16T11:48:47.612-0300] {logging_mixin.py:154} INFO - [2025-06-16T11:48:47.612-0300] {dag.py:2941} INFO - Sync 1 DAGs
[2025-06-16T11:48:47.645-0300] {logging_mixin.py:154} INFO - [2025-06-16T11:48:47.645-0300] {dag.py:3722} INFO - Setting next_dagrun for tutorial to 2025-06-15T14:48:47.644759+00:00, run_after=2025-06-16T14:48:47.644759+00:00
[2025-06-16T11:48:47.740-0300] {processor.py:179} INFO - Processing /mnt/c/Users/arcan/Documents/airflow/.venv/lib/python3.10/site-packages/airflow/example_dags/tutorial.py took 0.217 seconds
[2025-06-16T11:49:50.638-0300] {processor.py:157} INFO - Started process (PID=54138) to work on /mnt/c/Users/arcan/Documents/airflow/.venv/lib/python3.10/site-packages/airflow/example_dags/tutorial.py
[2025-06-16T11:49:50.640-0300] {processor.py:829} INFO - Processing file /mnt/c/Users/arcan/Documents/airflow/.venv/lib/python3.10/site-packages/airflow/example_dags/tutorial.py for tasks to queue
[2025-06-16T11:49:50.642-0300] {logging_mixin.py:154} INFO - [2025-06-16T11:49:50.641-0300] {dagbag.py:536} INFO - Filling up the DagBag from /mnt/c/Users/arcan/Documents/airflow/.venv/lib/python3.10/site-packages/airflow/example_dags/tutorial.py
[2025-06-16T11:49:50.674-0300] {processor.py:839} INFO - DAG(s) dict_keys(['tutorial']) retrieved from /mnt/c/Users/arcan/Documents/airflow/.venv/lib/python3.10/site-packages/airflow/example_dags/tutorial.py
[2025-06-16T11:49:50.710-0300] {logging_mixin.py:154} INFO - [2025-06-16T11:49:50.709-0300] {dag.py:2941} INFO - Sync 1 DAGs
[2025-06-16T11:49:50.737-0300] {logging_mixin.py:154} INFO - [2025-06-16T11:49:50.737-0300] {dag.py:3722} INFO - Setting next_dagrun for tutorial to 2025-06-15T14:49:50.736921+00:00, run_after=2025-06-16T14:49:50.736921+00:00
[2025-06-16T11:49:50.823-0300] {processor.py:179} INFO - Processing /mnt/c/Users/arcan/Documents/airflow/.venv/lib/python3.10/site-packages/airflow/example_dags/tutorial.py took 0.189 seconds
[2025-06-16T11:50:50.461-0300] {processor.py:157} INFO - Started process (PID=54321) to work on /mnt/c/Users/arcan/Documents/airflow/.venv/lib/python3.10/site-packages/airflow/example_dags/tutorial.py
[2025-06-16T11:50:50.463-0300] {processor.py:829} INFO - Processing file /mnt/c/Users/arcan/Documents/airflow/.venv/lib/python3.10/site-packages/airflow/example_dags/tutorial.py for tasks to queue
[2025-06-16T11:50:50.464-0300] {logging_mixin.py:154} INFO - [2025-06-16T11:50:50.464-0300] {dagbag.py:536} INFO - Filling up the DagBag from /mnt/c/Users/arcan/Documents/airflow/.venv/lib/python3.10/site-packages/airflow/example_dags/tutorial.py
[2025-06-16T11:50:50.497-0300] {processor.py:839} INFO - DAG(s) dict_keys(['tutorial']) retrieved from /mnt/c/Users/arcan/Documents/airflow/.venv/lib/python3.10/site-packages/airflow/example_dags/tutorial.py
[2025-06-16T11:50:50.535-0300] {logging_mixin.py:154} INFO - [2025-06-16T11:50:50.535-0300] {dag.py:2941} INFO - Sync 1 DAGs
[2025-06-16T11:50:50.563-0300] {logging_mixin.py:154} INFO - [2025-06-16T11:50:50.563-0300] {dag.py:3722} INFO - Setting next_dagrun for tutorial to 2025-06-15T14:50:50.563093+00:00, run_after=2025-06-16T14:50:50.563093+00:00
[2025-06-16T11:50:50.655-0300] {processor.py:179} INFO - Processing /mnt/c/Users/arcan/Documents/airflow/.venv/lib/python3.10/site-packages/airflow/example_dags/tutorial.py took 0.198 seconds
[2025-06-16T11:51:57.357-0300] {processor.py:157} INFO - Started process (PID=54519) to work on /mnt/c/Users/arcan/Documents/airflow/.venv/lib/python3.10/site-packages/airflow/example_dags/tutorial.py
[2025-06-16T11:51:57.360-0300] {processor.py:829} INFO - Processing file /mnt/c/Users/arcan/Documents/airflow/.venv/lib/python3.10/site-packages/airflow/example_dags/tutorial.py for tasks to queue
[2025-06-16T11:51:57.361-0300] {logging_mixin.py:154} INFO - [2025-06-16T11:51:57.361-0300] {dagbag.py:536} INFO - Filling up the DagBag from /mnt/c/Users/arcan/Documents/airflow/.venv/lib/python3.10/site-packages/airflow/example_dags/tutorial.py
[2025-06-16T11:51:57.398-0300] {processor.py:839} INFO - DAG(s) dict_keys(['tutorial']) retrieved from /mnt/c/Users/arcan/Documents/airflow/.venv/lib/python3.10/site-packages/airflow/example_dags/tutorial.py
[2025-06-16T11:51:57.443-0300] {logging_mixin.py:154} INFO - [2025-06-16T11:51:57.443-0300] {dag.py:2941} INFO - Sync 1 DAGs
[2025-06-16T11:51:57.476-0300] {logging_mixin.py:154} INFO - [2025-06-16T11:51:57.475-0300] {dag.py:3722} INFO - Setting next_dagrun for tutorial to 2025-06-15T14:51:57.475468+00:00, run_after=2025-06-16T14:51:57.475468+00:00
[2025-06-16T11:51:57.565-0300] {processor.py:179} INFO - Processing /mnt/c/Users/arcan/Documents/airflow/.venv/lib/python3.10/site-packages/airflow/example_dags/tutorial.py took 0.212 seconds
[2025-06-16T11:53:02.515-0300] {processor.py:157} INFO - Started process (PID=54710) to work on /mnt/c/Users/arcan/Documents/airflow/.venv/lib/python3.10/site-packages/airflow/example_dags/tutorial.py
[2025-06-16T11:53:02.517-0300] {processor.py:829} INFO - Processing file /mnt/c/Users/arcan/Documents/airflow/.venv/lib/python3.10/site-packages/airflow/example_dags/tutorial.py for tasks to queue
[2025-06-16T11:53:02.519-0300] {logging_mixin.py:154} INFO - [2025-06-16T11:53:02.518-0300] {dagbag.py:536} INFO - Filling up the DagBag from /mnt/c/Users/arcan/Documents/airflow/.venv/lib/python3.10/site-packages/airflow/example_dags/tutorial.py
[2025-06-16T11:53:02.555-0300] {processor.py:839} INFO - DAG(s) dict_keys(['tutorial']) retrieved from /mnt/c/Users/arcan/Documents/airflow/.venv/lib/python3.10/site-packages/airflow/example_dags/tutorial.py
[2025-06-16T11:53:02.593-0300] {logging_mixin.py:154} INFO - [2025-06-16T11:53:02.593-0300] {dag.py:2941} INFO - Sync 1 DAGs
[2025-06-16T11:53:02.625-0300] {logging_mixin.py:154} INFO - [2025-06-16T11:53:02.625-0300] {dag.py:3722} INFO - Setting next_dagrun for tutorial to 2025-06-15T14:53:02.625309+00:00, run_after=2025-06-16T14:53:02.625309+00:00
[2025-06-16T11:53:02.723-0300] {processor.py:179} INFO - Processing /mnt/c/Users/arcan/Documents/airflow/.venv/lib/python3.10/site-packages/airflow/example_dags/tutorial.py took 0.212 seconds
[2025-06-16T11:54:02.905-0300] {processor.py:157} INFO - Started process (PID=54893) to work on /mnt/c/Users/arcan/Documents/airflow/.venv/lib/python3.10/site-packages/airflow/example_dags/tutorial.py
[2025-06-16T11:54:02.907-0300] {processor.py:829} INFO - Processing file /mnt/c/Users/arcan/Documents/airflow/.venv/lib/python3.10/site-packages/airflow/example_dags/tutorial.py for tasks to queue
[2025-06-16T11:54:02.909-0300] {logging_mixin.py:154} INFO - [2025-06-16T11:54:02.908-0300] {dagbag.py:536} INFO - Filling up the DagBag from /mnt/c/Users/arcan/Documents/airflow/.venv/lib/python3.10/site-packages/airflow/example_dags/tutorial.py
[2025-06-16T11:54:02.942-0300] {processor.py:839} INFO - DAG(s) dict_keys(['tutorial']) retrieved from /mnt/c/Users/arcan/Documents/airflow/.venv/lib/python3.10/site-packages/airflow/example_dags/tutorial.py
[2025-06-16T11:54:02.983-0300] {logging_mixin.py:154} INFO - [2025-06-16T11:54:02.983-0300] {dag.py:2941} INFO - Sync 1 DAGs
[2025-06-16T11:54:03.013-0300] {logging_mixin.py:154} INFO - [2025-06-16T11:54:03.012-0300] {dag.py:3722} INFO - Setting next_dagrun for tutorial to 2025-06-15T14:54:03.012599+00:00, run_after=2025-06-16T14:54:03.012599+00:00
[2025-06-16T11:54:03.105-0300] {processor.py:179} INFO - Processing /mnt/c/Users/arcan/Documents/airflow/.venv/lib/python3.10/site-packages/airflow/example_dags/tutorial.py took 0.204 seconds
[2025-06-16T11:55:07.085-0300] {processor.py:157} INFO - Started process (PID=55085) to work on /mnt/c/Users/arcan/Documents/airflow/.venv/lib/python3.10/site-packages/airflow/example_dags/tutorial.py
[2025-06-16T11:55:07.087-0300] {processor.py:829} INFO - Processing file /mnt/c/Users/arcan/Documents/airflow/.venv/lib/python3.10/site-packages/airflow/example_dags/tutorial.py for tasks to queue
[2025-06-16T11:55:07.089-0300] {logging_mixin.py:154} INFO - [2025-06-16T11:55:07.088-0300] {dagbag.py:536} INFO - Filling up the DagBag from /mnt/c/Users/arcan/Documents/airflow/.venv/lib/python3.10/site-packages/airflow/example_dags/tutorial.py
[2025-06-16T11:55:07.121-0300] {processor.py:839} INFO - DAG(s) dict_keys(['tutorial']) retrieved from /mnt/c/Users/arcan/Documents/airflow/.venv/lib/python3.10/site-packages/airflow/example_dags/tutorial.py
[2025-06-16T11:55:07.163-0300] {logging_mixin.py:154} INFO - [2025-06-16T11:55:07.162-0300] {dag.py:2941} INFO - Sync 1 DAGs
[2025-06-16T11:55:07.194-0300] {logging_mixin.py:154} INFO - [2025-06-16T11:55:07.193-0300] {dag.py:3722} INFO - Setting next_dagrun for tutorial to 2025-06-15T14:55:07.193457+00:00, run_after=2025-06-16T14:55:07.193457+00:00
[2025-06-16T11:55:07.286-0300] {processor.py:179} INFO - Processing /mnt/c/Users/arcan/Documents/airflow/.venv/lib/python3.10/site-packages/airflow/example_dags/tutorial.py took 0.205 seconds
[2025-06-16T11:56:06.088-0300] {processor.py:157} INFO - Started process (PID=55387) to work on /mnt/c/Users/arcan/Documents/airflow/.venv/lib/python3.10/site-packages/airflow/example_dags/tutorial.py
[2025-06-16T11:56:06.090-0300] {processor.py:829} INFO - Processing file /mnt/c/Users/arcan/Documents/airflow/.venv/lib/python3.10/site-packages/airflow/example_dags/tutorial.py for tasks to queue
[2025-06-16T11:56:06.092-0300] {logging_mixin.py:154} INFO - [2025-06-16T11:56:06.091-0300] {dagbag.py:536} INFO - Filling up the DagBag from /mnt/c/Users/arcan/Documents/airflow/.venv/lib/python3.10/site-packages/airflow/example_dags/tutorial.py
[2025-06-16T11:56:06.124-0300] {processor.py:839} INFO - DAG(s) dict_keys(['tutorial']) retrieved from /mnt/c/Users/arcan/Documents/airflow/.venv/lib/python3.10/site-packages/airflow/example_dags/tutorial.py
[2025-06-16T11:56:06.160-0300] {logging_mixin.py:154} INFO - [2025-06-16T11:56:06.160-0300] {dag.py:2941} INFO - Sync 1 DAGs
[2025-06-16T11:56:06.187-0300] {logging_mixin.py:154} INFO - [2025-06-16T11:56:06.187-0300] {dag.py:3722} INFO - Setting next_dagrun for tutorial to 2025-06-15T14:56:06.187388+00:00, run_after=2025-06-16T14:56:06.187388+00:00
[2025-06-16T11:56:06.277-0300] {processor.py:179} INFO - Processing /mnt/c/Users/arcan/Documents/airflow/.venv/lib/python3.10/site-packages/airflow/example_dags/tutorial.py took 0.193 seconds
[2025-06-16T11:57:16.022-0300] {processor.py:157} INFO - Started process (PID=55593) to work on /mnt/c/Users/arcan/Documents/airflow/.venv/lib/python3.10/site-packages/airflow/example_dags/tutorial.py
[2025-06-16T11:57:16.024-0300] {processor.py:829} INFO - Processing file /mnt/c/Users/arcan/Documents/airflow/.venv/lib/python3.10/site-packages/airflow/example_dags/tutorial.py for tasks to queue
[2025-06-16T11:57:16.026-0300] {logging_mixin.py:154} INFO - [2025-06-16T11:57:16.025-0300] {dagbag.py:536} INFO - Filling up the DagBag from /mnt/c/Users/arcan/Documents/airflow/.venv/lib/python3.10/site-packages/airflow/example_dags/tutorial.py
[2025-06-16T11:57:16.058-0300] {processor.py:839} INFO - DAG(s) dict_keys(['tutorial']) retrieved from /mnt/c/Users/arcan/Documents/airflow/.venv/lib/python3.10/site-packages/airflow/example_dags/tutorial.py
[2025-06-16T11:57:16.097-0300] {logging_mixin.py:154} INFO - [2025-06-16T11:57:16.096-0300] {dag.py:2941} INFO - Sync 1 DAGs
[2025-06-16T11:57:16.129-0300] {logging_mixin.py:154} INFO - [2025-06-16T11:57:16.128-0300] {dag.py:3722} INFO - Setting next_dagrun for tutorial to 2025-06-15T14:57:16.128558+00:00, run_after=2025-06-16T14:57:16.128558+00:00
[2025-06-16T11:57:16.221-0300] {processor.py:179} INFO - Processing /mnt/c/Users/arcan/Documents/airflow/.venv/lib/python3.10/site-packages/airflow/example_dags/tutorial.py took 0.202 seconds
[2025-06-16T11:58:20.683-0300] {processor.py:157} INFO - Started process (PID=55783) to work on /mnt/c/Users/arcan/Documents/airflow/.venv/lib/python3.10/site-packages/airflow/example_dags/tutorial.py
[2025-06-16T11:58:20.684-0300] {processor.py:829} INFO - Processing file /mnt/c/Users/arcan/Documents/airflow/.venv/lib/python3.10/site-packages/airflow/example_dags/tutorial.py for tasks to queue
[2025-06-16T11:58:20.686-0300] {logging_mixin.py:154} INFO - [2025-06-16T11:58:20.685-0300] {dagbag.py:536} INFO - Filling up the DagBag from /mnt/c/Users/arcan/Documents/airflow/.venv/lib/python3.10/site-packages/airflow/example_dags/tutorial.py
[2025-06-16T11:58:20.722-0300] {processor.py:839} INFO - DAG(s) dict_keys(['tutorial']) retrieved from /mnt/c/Users/arcan/Documents/airflow/.venv/lib/python3.10/site-packages/airflow/example_dags/tutorial.py
[2025-06-16T11:58:20.767-0300] {logging_mixin.py:154} INFO - [2025-06-16T11:58:20.767-0300] {dag.py:2941} INFO - Sync 1 DAGs
[2025-06-16T11:58:20.798-0300] {logging_mixin.py:154} INFO - [2025-06-16T11:58:20.798-0300] {dag.py:3722} INFO - Setting next_dagrun for tutorial to 2025-06-15T14:58:20.797797+00:00, run_after=2025-06-16T14:58:20.797797+00:00
[2025-06-16T11:58:20.891-0300] {processor.py:179} INFO - Processing /mnt/c/Users/arcan/Documents/airflow/.venv/lib/python3.10/site-packages/airflow/example_dags/tutorial.py took 0.213 seconds
[2025-06-16T11:59:21.371-0300] {processor.py:157} INFO - Started process (PID=55966) to work on /mnt/c/Users/arcan/Documents/airflow/.venv/lib/python3.10/site-packages/airflow/example_dags/tutorial.py
[2025-06-16T11:59:21.373-0300] {processor.py:829} INFO - Processing file /mnt/c/Users/arcan/Documents/airflow/.venv/lib/python3.10/site-packages/airflow/example_dags/tutorial.py for tasks to queue
[2025-06-16T11:59:21.375-0300] {logging_mixin.py:154} INFO - [2025-06-16T11:59:21.374-0300] {dagbag.py:536} INFO - Filling up the DagBag from /mnt/c/Users/arcan/Documents/airflow/.venv/lib/python3.10/site-packages/airflow/example_dags/tutorial.py
[2025-06-16T11:59:21.409-0300] {processor.py:839} INFO - DAG(s) dict_keys(['tutorial']) retrieved from /mnt/c/Users/arcan/Documents/airflow/.venv/lib/python3.10/site-packages/airflow/example_dags/tutorial.py
[2025-06-16T11:59:21.445-0300] {logging_mixin.py:154} INFO - [2025-06-16T11:59:21.445-0300] {dag.py:2941} INFO - Sync 1 DAGs
[2025-06-16T11:59:21.494-0300] {logging_mixin.py:154} INFO - [2025-06-16T11:59:21.494-0300] {dag.py:3722} INFO - Setting next_dagrun for tutorial to 2025-06-15T14:59:21.494057+00:00, run_after=2025-06-16T14:59:21.494057+00:00
[2025-06-16T11:59:21.585-0300] {processor.py:179} INFO - Processing /mnt/c/Users/arcan/Documents/airflow/.venv/lib/python3.10/site-packages/airflow/example_dags/tutorial.py took 0.217 seconds
[2025-06-16T12:00:26.090-0300] {processor.py:157} INFO - Started process (PID=56164) to work on /mnt/c/Users/arcan/Documents/airflow/.venv/lib/python3.10/site-packages/airflow/example_dags/tutorial.py
[2025-06-16T12:00:26.091-0300] {processor.py:829} INFO - Processing file /mnt/c/Users/arcan/Documents/airflow/.venv/lib/python3.10/site-packages/airflow/example_dags/tutorial.py for tasks to queue
[2025-06-16T12:00:26.093-0300] {logging_mixin.py:154} INFO - [2025-06-16T12:00:26.092-0300] {dagbag.py:536} INFO - Filling up the DagBag from /mnt/c/Users/arcan/Documents/airflow/.venv/lib/python3.10/site-packages/airflow/example_dags/tutorial.py
[2025-06-16T12:00:26.126-0300] {processor.py:839} INFO - DAG(s) dict_keys(['tutorial']) retrieved from /mnt/c/Users/arcan/Documents/airflow/.venv/lib/python3.10/site-packages/airflow/example_dags/tutorial.py
[2025-06-16T12:00:26.166-0300] {logging_mixin.py:154} INFO - [2025-06-16T12:00:26.166-0300] {dag.py:2941} INFO - Sync 1 DAGs
[2025-06-16T12:00:26.192-0300] {logging_mixin.py:154} INFO - [2025-06-16T12:00:26.192-0300] {dag.py:3722} INFO - Setting next_dagrun for tutorial to 2025-06-15T15:00:26.192462+00:00, run_after=2025-06-16T15:00:26.192462+00:00
[2025-06-16T12:00:26.280-0300] {processor.py:179} INFO - Processing /mnt/c/Users/arcan/Documents/airflow/.venv/lib/python3.10/site-packages/airflow/example_dags/tutorial.py took 0.194 seconds
[2025-06-16T12:01:33.664-0300] {processor.py:157} INFO - Started process (PID=56361) to work on /mnt/c/Users/arcan/Documents/airflow/.venv/lib/python3.10/site-packages/airflow/example_dags/tutorial.py
[2025-06-16T12:01:33.666-0300] {processor.py:829} INFO - Processing file /mnt/c/Users/arcan/Documents/airflow/.venv/lib/python3.10/site-packages/airflow/example_dags/tutorial.py for tasks to queue
[2025-06-16T12:01:33.668-0300] {logging_mixin.py:154} INFO - [2025-06-16T12:01:33.667-0300] {dagbag.py:536} INFO - Filling up the DagBag from /mnt/c/Users/arcan/Documents/airflow/.venv/lib/python3.10/site-packages/airflow/example_dags/tutorial.py
[2025-06-16T12:01:33.700-0300] {processor.py:839} INFO - DAG(s) dict_keys(['tutorial']) retrieved from /mnt/c/Users/arcan/Documents/airflow/.venv/lib/python3.10/site-packages/airflow/example_dags/tutorial.py
[2025-06-16T12:01:33.741-0300] {logging_mixin.py:154} INFO - [2025-06-16T12:01:33.741-0300] {dag.py:2941} INFO - Sync 1 DAGs
[2025-06-16T12:01:33.769-0300] {logging_mixin.py:154} INFO - [2025-06-16T12:01:33.769-0300] {dag.py:3722} INFO - Setting next_dagrun for tutorial to 2025-06-15T15:01:33.769489+00:00, run_after=2025-06-16T15:01:33.769489+00:00
[2025-06-16T12:01:33.859-0300] {processor.py:179} INFO - Processing /mnt/c/Users/arcan/Documents/airflow/.venv/lib/python3.10/site-packages/airflow/example_dags/tutorial.py took 0.199 seconds
[2025-06-16T12:02:39.904-0300] {processor.py:157} INFO - Started process (PID=56559) to work on /mnt/c/Users/arcan/Documents/airflow/.venv/lib/python3.10/site-packages/airflow/example_dags/tutorial.py
[2025-06-16T12:02:39.907-0300] {processor.py:829} INFO - Processing file /mnt/c/Users/arcan/Documents/airflow/.venv/lib/python3.10/site-packages/airflow/example_dags/tutorial.py for tasks to queue
[2025-06-16T12:02:39.908-0300] {logging_mixin.py:154} INFO - [2025-06-16T12:02:39.908-0300] {dagbag.py:536} INFO - Filling up the DagBag from /mnt/c/Users/arcan/Documents/airflow/.venv/lib/python3.10/site-packages/airflow/example_dags/tutorial.py
[2025-06-16T12:02:39.943-0300] {processor.py:839} INFO - DAG(s) dict_keys(['tutorial']) retrieved from /mnt/c/Users/arcan/Documents/airflow/.venv/lib/python3.10/site-packages/airflow/example_dags/tutorial.py
[2025-06-16T12:02:39.981-0300] {logging_mixin.py:154} INFO - [2025-06-16T12:02:39.981-0300] {dag.py:2941} INFO - Sync 1 DAGs
[2025-06-16T12:02:40.011-0300] {logging_mixin.py:154} INFO - [2025-06-16T12:02:40.011-0300] {dag.py:3722} INFO - Setting next_dagrun for tutorial to 2025-06-15T15:02:40.011013+00:00, run_after=2025-06-16T15:02:40.011013+00:00
[2025-06-16T12:02:40.102-0300] {processor.py:179} INFO - Processing /mnt/c/Users/arcan/Documents/airflow/.venv/lib/python3.10/site-packages/airflow/example_dags/tutorial.py took 0.201 seconds
[2025-06-16T12:03:45.702-0300] {processor.py:157} INFO - Started process (PID=56878) to work on /mnt/c/Users/arcan/Documents/airflow/.venv/lib/python3.10/site-packages/airflow/example_dags/tutorial.py
[2025-06-16T12:03:45.704-0300] {processor.py:829} INFO - Processing file /mnt/c/Users/arcan/Documents/airflow/.venv/lib/python3.10/site-packages/airflow/example_dags/tutorial.py for tasks to queue
[2025-06-16T12:03:45.706-0300] {logging_mixin.py:154} INFO - [2025-06-16T12:03:45.705-0300] {dagbag.py:536} INFO - Filling up the DagBag from /mnt/c/Users/arcan/Documents/airflow/.venv/lib/python3.10/site-packages/airflow/example_dags/tutorial.py
[2025-06-16T12:03:45.739-0300] {processor.py:839} INFO - DAG(s) dict_keys(['tutorial']) retrieved from /mnt/c/Users/arcan/Documents/airflow/.venv/lib/python3.10/site-packages/airflow/example_dags/tutorial.py
[2025-06-16T12:03:45.779-0300] {logging_mixin.py:154} INFO - [2025-06-16T12:03:45.779-0300] {dag.py:2941} INFO - Sync 1 DAGs
[2025-06-16T12:03:45.808-0300] {logging_mixin.py:154} INFO - [2025-06-16T12:03:45.808-0300] {dag.py:3722} INFO - Setting next_dagrun for tutorial to 2025-06-15T15:03:45.807940+00:00, run_after=2025-06-16T15:03:45.807940+00:00
[2025-06-16T12:03:45.902-0300] {processor.py:179} INFO - Processing /mnt/c/Users/arcan/Documents/airflow/.venv/lib/python3.10/site-packages/airflow/example_dags/tutorial.py took 0.204 seconds
[2025-06-16T12:04:46.878-0300] {processor.py:157} INFO - Started process (PID=57067) to work on /mnt/c/Users/arcan/Documents/airflow/.venv/lib/python3.10/site-packages/airflow/example_dags/tutorial.py
[2025-06-16T12:04:46.880-0300] {processor.py:829} INFO - Processing file /mnt/c/Users/arcan/Documents/airflow/.venv/lib/python3.10/site-packages/airflow/example_dags/tutorial.py for tasks to queue
[2025-06-16T12:04:46.881-0300] {logging_mixin.py:154} INFO - [2025-06-16T12:04:46.881-0300] {dagbag.py:536} INFO - Filling up the DagBag from /mnt/c/Users/arcan/Documents/airflow/.venv/lib/python3.10/site-packages/airflow/example_dags/tutorial.py
[2025-06-16T12:04:46.919-0300] {processor.py:839} INFO - DAG(s) dict_keys(['tutorial']) retrieved from /mnt/c/Users/arcan/Documents/airflow/.venv/lib/python3.10/site-packages/airflow/example_dags/tutorial.py
[2025-06-16T12:04:46.962-0300] {logging_mixin.py:154} INFO - [2025-06-16T12:04:46.962-0300] {dag.py:2941} INFO - Sync 1 DAGs
[2025-06-16T12:04:46.991-0300] {logging_mixin.py:154} INFO - [2025-06-16T12:04:46.991-0300] {dag.py:3722} INFO - Setting next_dagrun for tutorial to 2025-06-15T15:04:46.991125+00:00, run_after=2025-06-16T15:04:46.991125+00:00
[2025-06-16T12:04:47.085-0300] {processor.py:179} INFO - Processing /mnt/c/Users/arcan/Documents/airflow/.venv/lib/python3.10/site-packages/airflow/example_dags/tutorial.py took 0.211 seconds
