[2025-06-16T10:51:26.604-0300] {processor.py:157} INFO - Started process (PID=42951) to work on /mnt/c/Users/arcan/Documents/airflow/.venv/lib/python3.10/site-packages/airflow/example_dags/tutorial_dag.py
[2025-06-16T10:51:26.605-0300] {processor.py:829} INFO - Processing file /mnt/c/Users/arcan/Documents/airflow/.venv/lib/python3.10/site-packages/airflow/example_dags/tutorial_dag.py for tasks to queue
[2025-06-16T10:51:26.608-0300] {logging_mixin.py:154} INFO - [2025-06-16T10:51:26.607-0300] {dagbag.py:536} INFO - Filling up the DagBag from /mnt/c/Users/arcan/Documents/airflow/.venv/lib/python3.10/site-packages/airflow/example_dags/tutorial_dag.py
[2025-06-16T10:51:26.642-0300] {processor.py:839} INFO - DAG(s) dict_keys(['tutorial_dag']) retrieved from /mnt/c/Users/arcan/Documents/airflow/.venv/lib/python3.10/site-packages/airflow/example_dags/tutorial_dag.py
[2025-06-16T10:51:26.768-0300] {logging_mixin.py:154} INFO - [2025-06-16T10:51:26.768-0300] {dag.py:2941} INFO - Sync 1 DAGs
[2025-06-16T10:51:26.785-0300] {logging_mixin.py:154} INFO - [2025-06-16T10:51:26.785-0300] {dag.py:3722} INFO - Setting next_dagrun for tutorial_dag to None, run_after=None
[2025-06-16T10:51:26.870-0300] {processor.py:179} INFO - Processing /mnt/c/Users/arcan/Documents/airflow/.venv/lib/python3.10/site-packages/airflow/example_dags/tutorial_dag.py took 0.270 seconds
[2025-06-16T10:52:31.421-0300] {processor.py:157} INFO - Started process (PID=43141) to work on /mnt/c/Users/arcan/Documents/airflow/.venv/lib/python3.10/site-packages/airflow/example_dags/tutorial_dag.py
[2025-06-16T10:52:31.423-0300] {processor.py:829} INFO - Processing file /mnt/c/Users/arcan/Documents/airflow/.venv/lib/python3.10/site-packages/airflow/example_dags/tutorial_dag.py for tasks to queue
[2025-06-16T10:52:31.424-0300] {logging_mixin.py:154} INFO - [2025-06-16T10:52:31.424-0300] {dagbag.py:536} INFO - Filling up the DagBag from /mnt/c/Users/arcan/Documents/airflow/.venv/lib/python3.10/site-packages/airflow/example_dags/tutorial_dag.py
[2025-06-16T10:52:31.456-0300] {processor.py:839} INFO - DAG(s) dict_keys(['tutorial_dag']) retrieved from /mnt/c/Users/arcan/Documents/airflow/.venv/lib/python3.10/site-packages/airflow/example_dags/tutorial_dag.py
[2025-06-16T10:52:31.497-0300] {logging_mixin.py:154} INFO - [2025-06-16T10:52:31.496-0300] {dag.py:2941} INFO - Sync 1 DAGs
[2025-06-16T10:52:31.512-0300] {logging_mixin.py:154} INFO - [2025-06-16T10:52:31.512-0300] {dag.py:3722} INFO - Setting next_dagrun for tutorial_dag to None, run_after=None
[2025-06-16T10:52:31.600-0300] {processor.py:179} INFO - Processing /mnt/c/Users/arcan/Documents/airflow/.venv/lib/python3.10/site-packages/airflow/example_dags/tutorial_dag.py took 0.183 seconds
[2025-06-16T10:53:37.791-0300] {processor.py:157} INFO - Started process (PID=43326) to work on /mnt/c/Users/arcan/Documents/airflow/.venv/lib/python3.10/site-packages/airflow/example_dags/tutorial_dag.py
[2025-06-16T10:53:37.795-0300] {processor.py:829} INFO - Processing file /mnt/c/Users/arcan/Documents/airflow/.venv/lib/python3.10/site-packages/airflow/example_dags/tutorial_dag.py for tasks to queue
[2025-06-16T10:53:37.801-0300] {logging_mixin.py:154} INFO - [2025-06-16T10:53:37.798-0300] {dagbag.py:536} INFO - Filling up the DagBag from /mnt/c/Users/arcan/Documents/airflow/.venv/lib/python3.10/site-packages/airflow/example_dags/tutorial_dag.py
[2025-06-16T10:53:37.843-0300] {processor.py:839} INFO - DAG(s) dict_keys(['tutorial_dag']) retrieved from /mnt/c/Users/arcan/Documents/airflow/.venv/lib/python3.10/site-packages/airflow/example_dags/tutorial_dag.py
[2025-06-16T10:53:37.886-0300] {logging_mixin.py:154} INFO - [2025-06-16T10:53:37.885-0300] {dag.py:2941} INFO - Sync 1 DAGs
[2025-06-16T10:53:37.906-0300] {logging_mixin.py:154} INFO - [2025-06-16T10:53:37.906-0300] {dag.py:3722} INFO - Setting next_dagrun for tutorial_dag to None, run_after=None
[2025-06-16T10:53:38.018-0300] {processor.py:179} INFO - Processing /mnt/c/Users/arcan/Documents/airflow/.venv/lib/python3.10/site-packages/airflow/example_dags/tutorial_dag.py took 0.233 seconds
[2025-06-16T10:54:42.375-0300] {processor.py:157} INFO - Started process (PID=43511) to work on /mnt/c/Users/arcan/Documents/airflow/.venv/lib/python3.10/site-packages/airflow/example_dags/tutorial_dag.py
[2025-06-16T10:54:42.377-0300] {processor.py:829} INFO - Processing file /mnt/c/Users/arcan/Documents/airflow/.venv/lib/python3.10/site-packages/airflow/example_dags/tutorial_dag.py for tasks to queue
[2025-06-16T10:54:42.378-0300] {logging_mixin.py:154} INFO - [2025-06-16T10:54:42.378-0300] {dagbag.py:536} INFO - Filling up the DagBag from /mnt/c/Users/arcan/Documents/airflow/.venv/lib/python3.10/site-packages/airflow/example_dags/tutorial_dag.py
[2025-06-16T10:54:42.409-0300] {processor.py:839} INFO - DAG(s) dict_keys(['tutorial_dag']) retrieved from /mnt/c/Users/arcan/Documents/airflow/.venv/lib/python3.10/site-packages/airflow/example_dags/tutorial_dag.py
[2025-06-16T10:54:42.459-0300] {logging_mixin.py:154} INFO - [2025-06-16T10:54:42.459-0300] {dag.py:2941} INFO - Sync 1 DAGs
[2025-06-16T10:54:42.479-0300] {logging_mixin.py:154} INFO - [2025-06-16T10:54:42.478-0300] {dag.py:3722} INFO - Setting next_dagrun for tutorial_dag to None, run_after=None
[2025-06-16T10:54:42.567-0300] {processor.py:179} INFO - Processing /mnt/c/Users/arcan/Documents/airflow/.venv/lib/python3.10/site-packages/airflow/example_dags/tutorial_dag.py took 0.195 seconds
[2025-06-16T10:55:43.157-0300] {processor.py:157} INFO - Started process (PID=43681) to work on /mnt/c/Users/arcan/Documents/airflow/.venv/lib/python3.10/site-packages/airflow/example_dags/tutorial_dag.py
[2025-06-16T10:55:43.159-0300] {processor.py:829} INFO - Processing file /mnt/c/Users/arcan/Documents/airflow/.venv/lib/python3.10/site-packages/airflow/example_dags/tutorial_dag.py for tasks to queue
[2025-06-16T10:55:43.161-0300] {logging_mixin.py:154} INFO - [2025-06-16T10:55:43.161-0300] {dagbag.py:536} INFO - Filling up the DagBag from /mnt/c/Users/arcan/Documents/airflow/.venv/lib/python3.10/site-packages/airflow/example_dags/tutorial_dag.py
[2025-06-16T10:55:43.195-0300] {processor.py:839} INFO - DAG(s) dict_keys(['tutorial_dag']) retrieved from /mnt/c/Users/arcan/Documents/airflow/.venv/lib/python3.10/site-packages/airflow/example_dags/tutorial_dag.py
[2025-06-16T10:55:43.247-0300] {logging_mixin.py:154} INFO - [2025-06-16T10:55:43.246-0300] {dag.py:2941} INFO - Sync 1 DAGs
[2025-06-16T10:55:43.268-0300] {logging_mixin.py:154} INFO - [2025-06-16T10:55:43.268-0300] {dag.py:3722} INFO - Setting next_dagrun for tutorial_dag to None, run_after=None
[2025-06-16T10:55:43.372-0300] {processor.py:179} INFO - Processing /mnt/c/Users/arcan/Documents/airflow/.venv/lib/python3.10/site-packages/airflow/example_dags/tutorial_dag.py took 0.218 seconds
[2025-06-16T10:56:49.585-0300] {processor.py:157} INFO - Started process (PID=43872) to work on /mnt/c/Users/arcan/Documents/airflow/.venv/lib/python3.10/site-packages/airflow/example_dags/tutorial_dag.py
[2025-06-16T10:56:49.586-0300] {processor.py:829} INFO - Processing file /mnt/c/Users/arcan/Documents/airflow/.venv/lib/python3.10/site-packages/airflow/example_dags/tutorial_dag.py for tasks to queue
[2025-06-16T10:56:49.588-0300] {logging_mixin.py:154} INFO - [2025-06-16T10:56:49.587-0300] {dagbag.py:536} INFO - Filling up the DagBag from /mnt/c/Users/arcan/Documents/airflow/.venv/lib/python3.10/site-packages/airflow/example_dags/tutorial_dag.py
[2025-06-16T10:56:49.620-0300] {processor.py:839} INFO - DAG(s) dict_keys(['tutorial_dag']) retrieved from /mnt/c/Users/arcan/Documents/airflow/.venv/lib/python3.10/site-packages/airflow/example_dags/tutorial_dag.py
[2025-06-16T10:56:49.660-0300] {logging_mixin.py:154} INFO - [2025-06-16T10:56:49.660-0300] {dag.py:2941} INFO - Sync 1 DAGs
[2025-06-16T10:56:49.678-0300] {logging_mixin.py:154} INFO - [2025-06-16T10:56:49.678-0300] {dag.py:3722} INFO - Setting next_dagrun for tutorial_dag to None, run_after=None
[2025-06-16T10:56:49.786-0300] {processor.py:179} INFO - Processing /mnt/c/Users/arcan/Documents/airflow/.venv/lib/python3.10/site-packages/airflow/example_dags/tutorial_dag.py took 0.206 seconds
[2025-06-16T10:57:58.757-0300] {processor.py:157} INFO - Started process (PID=44066) to work on /mnt/c/Users/arcan/Documents/airflow/.venv/lib/python3.10/site-packages/airflow/example_dags/tutorial_dag.py
[2025-06-16T10:57:58.760-0300] {processor.py:829} INFO - Processing file /mnt/c/Users/arcan/Documents/airflow/.venv/lib/python3.10/site-packages/airflow/example_dags/tutorial_dag.py for tasks to queue
[2025-06-16T10:57:58.762-0300] {logging_mixin.py:154} INFO - [2025-06-16T10:57:58.762-0300] {dagbag.py:536} INFO - Filling up the DagBag from /mnt/c/Users/arcan/Documents/airflow/.venv/lib/python3.10/site-packages/airflow/example_dags/tutorial_dag.py
[2025-06-16T10:57:58.799-0300] {processor.py:839} INFO - DAG(s) dict_keys(['tutorial_dag']) retrieved from /mnt/c/Users/arcan/Documents/airflow/.venv/lib/python3.10/site-packages/airflow/example_dags/tutorial_dag.py
[2025-06-16T10:57:58.851-0300] {logging_mixin.py:154} INFO - [2025-06-16T10:57:58.850-0300] {dag.py:2941} INFO - Sync 1 DAGs
[2025-06-16T10:57:58.875-0300] {logging_mixin.py:154} INFO - [2025-06-16T10:57:58.875-0300] {dag.py:3722} INFO - Setting next_dagrun for tutorial_dag to None, run_after=None
[2025-06-16T10:57:58.981-0300] {processor.py:179} INFO - Processing /mnt/c/Users/arcan/Documents/airflow/.venv/lib/python3.10/site-packages/airflow/example_dags/tutorial_dag.py took 0.228 seconds
[2025-06-16T10:59:11.937-0300] {processor.py:157} INFO - Started process (PID=44389) to work on /mnt/c/Users/arcan/Documents/airflow/.venv/lib/python3.10/site-packages/airflow/example_dags/tutorial_dag.py
[2025-06-16T10:59:11.939-0300] {processor.py:829} INFO - Processing file /mnt/c/Users/arcan/Documents/airflow/.venv/lib/python3.10/site-packages/airflow/example_dags/tutorial_dag.py for tasks to queue
[2025-06-16T10:59:11.941-0300] {logging_mixin.py:154} INFO - [2025-06-16T10:59:11.940-0300] {dagbag.py:536} INFO - Filling up the DagBag from /mnt/c/Users/arcan/Documents/airflow/.venv/lib/python3.10/site-packages/airflow/example_dags/tutorial_dag.py
[2025-06-16T10:59:11.983-0300] {processor.py:839} INFO - DAG(s) dict_keys(['tutorial_dag']) retrieved from /mnt/c/Users/arcan/Documents/airflow/.venv/lib/python3.10/site-packages/airflow/example_dags/tutorial_dag.py
[2025-06-16T10:59:12.022-0300] {logging_mixin.py:154} INFO - [2025-06-16T10:59:12.022-0300] {dag.py:2941} INFO - Sync 1 DAGs
[2025-06-16T10:59:12.038-0300] {logging_mixin.py:154} INFO - [2025-06-16T10:59:12.038-0300] {dag.py:3722} INFO - Setting next_dagrun for tutorial_dag to None, run_after=None
[2025-06-16T10:59:12.129-0300] {processor.py:179} INFO - Processing /mnt/c/Users/arcan/Documents/airflow/.venv/lib/python3.10/site-packages/airflow/example_dags/tutorial_dag.py took 0.196 seconds
[2025-06-16T11:00:19.951-0300] {processor.py:157} INFO - Started process (PID=44583) to work on /mnt/c/Users/arcan/Documents/airflow/.venv/lib/python3.10/site-packages/airflow/example_dags/tutorial_dag.py
[2025-06-16T11:00:19.952-0300] {processor.py:829} INFO - Processing file /mnt/c/Users/arcan/Documents/airflow/.venv/lib/python3.10/site-packages/airflow/example_dags/tutorial_dag.py for tasks to queue
[2025-06-16T11:00:19.954-0300] {logging_mixin.py:154} INFO - [2025-06-16T11:00:19.953-0300] {dagbag.py:536} INFO - Filling up the DagBag from /mnt/c/Users/arcan/Documents/airflow/.venv/lib/python3.10/site-packages/airflow/example_dags/tutorial_dag.py
[2025-06-16T11:00:19.982-0300] {processor.py:839} INFO - DAG(s) dict_keys(['tutorial_dag']) retrieved from /mnt/c/Users/arcan/Documents/airflow/.venv/lib/python3.10/site-packages/airflow/example_dags/tutorial_dag.py
[2025-06-16T11:00:20.020-0300] {logging_mixin.py:154} INFO - [2025-06-16T11:00:20.020-0300] {dag.py:2941} INFO - Sync 1 DAGs
[2025-06-16T11:00:20.037-0300] {logging_mixin.py:154} INFO - [2025-06-16T11:00:20.037-0300] {dag.py:3722} INFO - Setting next_dagrun for tutorial_dag to None, run_after=None
[2025-06-16T11:00:20.279-0300] {processor.py:179} INFO - Processing /mnt/c/Users/arcan/Documents/airflow/.venv/lib/python3.10/site-packages/airflow/example_dags/tutorial_dag.py took 0.332 seconds
[2025-06-16T11:01:35.186-0300] {processor.py:157} INFO - Started process (PID=44807) to work on /mnt/c/Users/arcan/Documents/airflow/.venv/lib/python3.10/site-packages/airflow/example_dags/tutorial_dag.py
[2025-06-16T11:01:35.188-0300] {processor.py:829} INFO - Processing file /mnt/c/Users/arcan/Documents/airflow/.venv/lib/python3.10/site-packages/airflow/example_dags/tutorial_dag.py for tasks to queue
[2025-06-16T11:01:35.190-0300] {logging_mixin.py:154} INFO - [2025-06-16T11:01:35.189-0300] {dagbag.py:536} INFO - Filling up the DagBag from /mnt/c/Users/arcan/Documents/airflow/.venv/lib/python3.10/site-packages/airflow/example_dags/tutorial_dag.py
[2025-06-16T11:01:35.228-0300] {processor.py:839} INFO - DAG(s) dict_keys(['tutorial_dag']) retrieved from /mnt/c/Users/arcan/Documents/airflow/.venv/lib/python3.10/site-packages/airflow/example_dags/tutorial_dag.py
[2025-06-16T11:01:35.277-0300] {logging_mixin.py:154} INFO - [2025-06-16T11:01:35.277-0300] {dag.py:2941} INFO - Sync 1 DAGs
[2025-06-16T11:01:35.297-0300] {logging_mixin.py:154} INFO - [2025-06-16T11:01:35.297-0300] {dag.py:3722} INFO - Setting next_dagrun for tutorial_dag to None, run_after=None
[2025-06-16T11:01:35.398-0300] {processor.py:179} INFO - Processing /mnt/c/Users/arcan/Documents/airflow/.venv/lib/python3.10/site-packages/airflow/example_dags/tutorial_dag.py took 0.216 seconds
[2025-06-16T11:02:33.948-0300] {processor.py:157} INFO - Started process (PID=44974) to work on /mnt/c/Users/arcan/Documents/airflow/.venv/lib/python3.10/site-packages/airflow/example_dags/tutorial_dag.py
[2025-06-16T11:02:33.950-0300] {processor.py:829} INFO - Processing file /mnt/c/Users/arcan/Documents/airflow/.venv/lib/python3.10/site-packages/airflow/example_dags/tutorial_dag.py for tasks to queue
[2025-06-16T11:02:33.952-0300] {logging_mixin.py:154} INFO - [2025-06-16T11:02:33.951-0300] {dagbag.py:536} INFO - Filling up the DagBag from /mnt/c/Users/arcan/Documents/airflow/.venv/lib/python3.10/site-packages/airflow/example_dags/tutorial_dag.py
[2025-06-16T11:02:33.981-0300] {processor.py:839} INFO - DAG(s) dict_keys(['tutorial_dag']) retrieved from /mnt/c/Users/arcan/Documents/airflow/.venv/lib/python3.10/site-packages/airflow/example_dags/tutorial_dag.py
[2025-06-16T11:02:34.023-0300] {logging_mixin.py:154} INFO - [2025-06-16T11:02:34.023-0300] {dag.py:2941} INFO - Sync 1 DAGs
[2025-06-16T11:02:34.041-0300] {logging_mixin.py:154} INFO - [2025-06-16T11:02:34.041-0300] {dag.py:3722} INFO - Setting next_dagrun for tutorial_dag to None, run_after=None
[2025-06-16T11:02:34.130-0300] {processor.py:179} INFO - Processing /mnt/c/Users/arcan/Documents/airflow/.venv/lib/python3.10/site-packages/airflow/example_dags/tutorial_dag.py took 0.187 seconds
[2025-06-16T11:03:34.501-0300] {processor.py:157} INFO - Started process (PID=45154) to work on /mnt/c/Users/arcan/Documents/airflow/.venv/lib/python3.10/site-packages/airflow/example_dags/tutorial_dag.py
[2025-06-16T11:03:34.502-0300] {processor.py:829} INFO - Processing file /mnt/c/Users/arcan/Documents/airflow/.venv/lib/python3.10/site-packages/airflow/example_dags/tutorial_dag.py for tasks to queue
[2025-06-16T11:03:34.504-0300] {logging_mixin.py:154} INFO - [2025-06-16T11:03:34.503-0300] {dagbag.py:536} INFO - Filling up the DagBag from /mnt/c/Users/arcan/Documents/airflow/.venv/lib/python3.10/site-packages/airflow/example_dags/tutorial_dag.py
[2025-06-16T11:03:34.537-0300] {processor.py:839} INFO - DAG(s) dict_keys(['tutorial_dag']) retrieved from /mnt/c/Users/arcan/Documents/airflow/.venv/lib/python3.10/site-packages/airflow/example_dags/tutorial_dag.py
[2025-06-16T11:03:34.580-0300] {logging_mixin.py:154} INFO - [2025-06-16T11:03:34.580-0300] {dag.py:2941} INFO - Sync 1 DAGs
[2025-06-16T11:03:34.599-0300] {logging_mixin.py:154} INFO - [2025-06-16T11:03:34.598-0300] {dag.py:3722} INFO - Setting next_dagrun for tutorial_dag to None, run_after=None
[2025-06-16T11:03:34.695-0300] {processor.py:179} INFO - Processing /mnt/c/Users/arcan/Documents/airflow/.venv/lib/python3.10/site-packages/airflow/example_dags/tutorial_dag.py took 0.198 seconds
[2025-06-16T11:04:33.387-0300] {processor.py:157} INFO - Started process (PID=45330) to work on /mnt/c/Users/arcan/Documents/airflow/.venv/lib/python3.10/site-packages/airflow/example_dags/tutorial_dag.py
[2025-06-16T11:04:33.389-0300] {processor.py:829} INFO - Processing file /mnt/c/Users/arcan/Documents/airflow/.venv/lib/python3.10/site-packages/airflow/example_dags/tutorial_dag.py for tasks to queue
[2025-06-16T11:04:33.390-0300] {logging_mixin.py:154} INFO - [2025-06-16T11:04:33.390-0300] {dagbag.py:536} INFO - Filling up the DagBag from /mnt/c/Users/arcan/Documents/airflow/.venv/lib/python3.10/site-packages/airflow/example_dags/tutorial_dag.py
[2025-06-16T11:04:33.419-0300] {processor.py:839} INFO - DAG(s) dict_keys(['tutorial_dag']) retrieved from /mnt/c/Users/arcan/Documents/airflow/.venv/lib/python3.10/site-packages/airflow/example_dags/tutorial_dag.py
[2025-06-16T11:04:33.465-0300] {logging_mixin.py:154} INFO - [2025-06-16T11:04:33.464-0300] {dag.py:2941} INFO - Sync 1 DAGs
[2025-06-16T11:04:33.484-0300] {logging_mixin.py:154} INFO - [2025-06-16T11:04:33.484-0300] {dag.py:3722} INFO - Setting next_dagrun for tutorial_dag to None, run_after=None
[2025-06-16T11:04:33.629-0300] {processor.py:179} INFO - Processing /mnt/c/Users/arcan/Documents/airflow/.venv/lib/python3.10/site-packages/airflow/example_dags/tutorial_dag.py took 0.245 seconds
[2025-06-16T11:05:38.793-0300] {processor.py:157} INFO - Started process (PID=45520) to work on /mnt/c/Users/arcan/Documents/airflow/.venv/lib/python3.10/site-packages/airflow/example_dags/tutorial_dag.py
[2025-06-16T11:05:38.795-0300] {processor.py:829} INFO - Processing file /mnt/c/Users/arcan/Documents/airflow/.venv/lib/python3.10/site-packages/airflow/example_dags/tutorial_dag.py for tasks to queue
[2025-06-16T11:05:38.797-0300] {logging_mixin.py:154} INFO - [2025-06-16T11:05:38.796-0300] {dagbag.py:536} INFO - Filling up the DagBag from /mnt/c/Users/arcan/Documents/airflow/.venv/lib/python3.10/site-packages/airflow/example_dags/tutorial_dag.py
[2025-06-16T11:05:38.826-0300] {processor.py:839} INFO - DAG(s) dict_keys(['tutorial_dag']) retrieved from /mnt/c/Users/arcan/Documents/airflow/.venv/lib/python3.10/site-packages/airflow/example_dags/tutorial_dag.py
[2025-06-16T11:05:38.867-0300] {logging_mixin.py:154} INFO - [2025-06-16T11:05:38.867-0300] {dag.py:2941} INFO - Sync 1 DAGs
[2025-06-16T11:05:38.884-0300] {logging_mixin.py:154} INFO - [2025-06-16T11:05:38.884-0300] {dag.py:3722} INFO - Setting next_dagrun for tutorial_dag to None, run_after=None
[2025-06-16T11:05:38.973-0300] {processor.py:179} INFO - Processing /mnt/c/Users/arcan/Documents/airflow/.venv/lib/python3.10/site-packages/airflow/example_dags/tutorial_dag.py took 0.184 seconds
[2025-06-16T11:06:44.774-0300] {processor.py:157} INFO - Started process (PID=45834) to work on /mnt/c/Users/arcan/Documents/airflow/.venv/lib/python3.10/site-packages/airflow/example_dags/tutorial_dag.py
[2025-06-16T11:06:44.776-0300] {processor.py:829} INFO - Processing file /mnt/c/Users/arcan/Documents/airflow/.venv/lib/python3.10/site-packages/airflow/example_dags/tutorial_dag.py for tasks to queue
[2025-06-16T11:06:44.777-0300] {logging_mixin.py:154} INFO - [2025-06-16T11:06:44.777-0300] {dagbag.py:536} INFO - Filling up the DagBag from /mnt/c/Users/arcan/Documents/airflow/.venv/lib/python3.10/site-packages/airflow/example_dags/tutorial_dag.py
[2025-06-16T11:06:44.810-0300] {processor.py:839} INFO - DAG(s) dict_keys(['tutorial_dag']) retrieved from /mnt/c/Users/arcan/Documents/airflow/.venv/lib/python3.10/site-packages/airflow/example_dags/tutorial_dag.py
[2025-06-16T11:06:44.855-0300] {logging_mixin.py:154} INFO - [2025-06-16T11:06:44.855-0300] {dag.py:2941} INFO - Sync 1 DAGs
[2025-06-16T11:06:44.873-0300] {logging_mixin.py:154} INFO - [2025-06-16T11:06:44.873-0300] {dag.py:3722} INFO - Setting next_dagrun for tutorial_dag to None, run_after=None
[2025-06-16T11:06:44.969-0300] {processor.py:179} INFO - Processing /mnt/c/Users/arcan/Documents/airflow/.venv/lib/python3.10/site-packages/airflow/example_dags/tutorial_dag.py took 0.199 seconds
[2025-06-16T11:07:51.425-0300] {processor.py:157} INFO - Started process (PID=46022) to work on /mnt/c/Users/arcan/Documents/airflow/.venv/lib/python3.10/site-packages/airflow/example_dags/tutorial_dag.py
[2025-06-16T11:07:51.427-0300] {processor.py:829} INFO - Processing file /mnt/c/Users/arcan/Documents/airflow/.venv/lib/python3.10/site-packages/airflow/example_dags/tutorial_dag.py for tasks to queue
[2025-06-16T11:07:51.428-0300] {logging_mixin.py:154} INFO - [2025-06-16T11:07:51.428-0300] {dagbag.py:536} INFO - Filling up the DagBag from /mnt/c/Users/arcan/Documents/airflow/.venv/lib/python3.10/site-packages/airflow/example_dags/tutorial_dag.py
[2025-06-16T11:07:51.460-0300] {processor.py:839} INFO - DAG(s) dict_keys(['tutorial_dag']) retrieved from /mnt/c/Users/arcan/Documents/airflow/.venv/lib/python3.10/site-packages/airflow/example_dags/tutorial_dag.py
[2025-06-16T11:07:51.498-0300] {logging_mixin.py:154} INFO - [2025-06-16T11:07:51.498-0300] {dag.py:2941} INFO - Sync 1 DAGs
[2025-06-16T11:07:51.515-0300] {logging_mixin.py:154} INFO - [2025-06-16T11:07:51.515-0300] {dag.py:3722} INFO - Setting next_dagrun for tutorial_dag to None, run_after=None
[2025-06-16T11:07:51.603-0300] {processor.py:179} INFO - Processing /mnt/c/Users/arcan/Documents/airflow/.venv/lib/python3.10/site-packages/airflow/example_dags/tutorial_dag.py took 0.182 seconds
[2025-06-16T11:08:51.244-0300] {processor.py:157} INFO - Started process (PID=46198) to work on /mnt/c/Users/arcan/Documents/airflow/.venv/lib/python3.10/site-packages/airflow/example_dags/tutorial_dag.py
[2025-06-16T11:08:51.245-0300] {processor.py:829} INFO - Processing file /mnt/c/Users/arcan/Documents/airflow/.venv/lib/python3.10/site-packages/airflow/example_dags/tutorial_dag.py for tasks to queue
[2025-06-16T11:08:51.247-0300] {logging_mixin.py:154} INFO - [2025-06-16T11:08:51.246-0300] {dagbag.py:536} INFO - Filling up the DagBag from /mnt/c/Users/arcan/Documents/airflow/.venv/lib/python3.10/site-packages/airflow/example_dags/tutorial_dag.py
[2025-06-16T11:08:51.276-0300] {processor.py:839} INFO - DAG(s) dict_keys(['tutorial_dag']) retrieved from /mnt/c/Users/arcan/Documents/airflow/.venv/lib/python3.10/site-packages/airflow/example_dags/tutorial_dag.py
[2025-06-16T11:08:51.317-0300] {logging_mixin.py:154} INFO - [2025-06-16T11:08:51.317-0300] {dag.py:2941} INFO - Sync 1 DAGs
[2025-06-16T11:08:51.332-0300] {logging_mixin.py:154} INFO - [2025-06-16T11:08:51.332-0300] {dag.py:3722} INFO - Setting next_dagrun for tutorial_dag to None, run_after=None
[2025-06-16T11:08:51.421-0300] {processor.py:179} INFO - Processing /mnt/c/Users/arcan/Documents/airflow/.venv/lib/python3.10/site-packages/airflow/example_dags/tutorial_dag.py took 0.181 seconds
[2025-06-16T11:09:51.455-0300] {processor.py:157} INFO - Started process (PID=46376) to work on /mnt/c/Users/arcan/Documents/airflow/.venv/lib/python3.10/site-packages/airflow/example_dags/tutorial_dag.py
[2025-06-16T11:09:51.458-0300] {processor.py:829} INFO - Processing file /mnt/c/Users/arcan/Documents/airflow/.venv/lib/python3.10/site-packages/airflow/example_dags/tutorial_dag.py for tasks to queue
[2025-06-16T11:09:51.460-0300] {logging_mixin.py:154} INFO - [2025-06-16T11:09:51.459-0300] {dagbag.py:536} INFO - Filling up the DagBag from /mnt/c/Users/arcan/Documents/airflow/.venv/lib/python3.10/site-packages/airflow/example_dags/tutorial_dag.py
[2025-06-16T11:09:51.495-0300] {processor.py:839} INFO - DAG(s) dict_keys(['tutorial_dag']) retrieved from /mnt/c/Users/arcan/Documents/airflow/.venv/lib/python3.10/site-packages/airflow/example_dags/tutorial_dag.py
[2025-06-16T11:09:51.538-0300] {logging_mixin.py:154} INFO - [2025-06-16T11:09:51.537-0300] {dag.py:2941} INFO - Sync 1 DAGs
[2025-06-16T11:09:51.556-0300] {logging_mixin.py:154} INFO - [2025-06-16T11:09:51.556-0300] {dag.py:3722} INFO - Setting next_dagrun for tutorial_dag to None, run_after=None
[2025-06-16T11:09:51.648-0300] {processor.py:179} INFO - Processing /mnt/c/Users/arcan/Documents/airflow/.venv/lib/python3.10/site-packages/airflow/example_dags/tutorial_dag.py took 0.197 seconds
[2025-06-16T11:10:52.026-0300] {processor.py:157} INFO - Started process (PID=46552) to work on /mnt/c/Users/arcan/Documents/airflow/.venv/lib/python3.10/site-packages/airflow/example_dags/tutorial_dag.py
[2025-06-16T11:10:52.028-0300] {processor.py:829} INFO - Processing file /mnt/c/Users/arcan/Documents/airflow/.venv/lib/python3.10/site-packages/airflow/example_dags/tutorial_dag.py for tasks to queue
[2025-06-16T11:10:52.030-0300] {logging_mixin.py:154} INFO - [2025-06-16T11:10:52.029-0300] {dagbag.py:536} INFO - Filling up the DagBag from /mnt/c/Users/arcan/Documents/airflow/.venv/lib/python3.10/site-packages/airflow/example_dags/tutorial_dag.py
[2025-06-16T11:10:52.059-0300] {processor.py:839} INFO - DAG(s) dict_keys(['tutorial_dag']) retrieved from /mnt/c/Users/arcan/Documents/airflow/.venv/lib/python3.10/site-packages/airflow/example_dags/tutorial_dag.py
[2025-06-16T11:10:52.102-0300] {logging_mixin.py:154} INFO - [2025-06-16T11:10:52.102-0300] {dag.py:2941} INFO - Sync 1 DAGs
[2025-06-16T11:10:52.119-0300] {logging_mixin.py:154} INFO - [2025-06-16T11:10:52.119-0300] {dag.py:3722} INFO - Setting next_dagrun for tutorial_dag to None, run_after=None
[2025-06-16T11:10:52.207-0300] {processor.py:179} INFO - Processing /mnt/c/Users/arcan/Documents/airflow/.venv/lib/python3.10/site-packages/airflow/example_dags/tutorial_dag.py took 0.184 seconds
[2025-06-16T11:11:31.935-0300] {processor.py:157} INFO - Started process (PID=46665) to work on /mnt/c/Users/arcan/Documents/airflow/.venv/lib/python3.10/site-packages/airflow/example_dags/tutorial_dag.py
[2025-06-16T11:11:31.937-0300] {processor.py:829} INFO - Processing file /mnt/c/Users/arcan/Documents/airflow/.venv/lib/python3.10/site-packages/airflow/example_dags/tutorial_dag.py for tasks to queue
[2025-06-16T11:11:31.938-0300] {logging_mixin.py:154} INFO - [2025-06-16T11:11:31.937-0300] {dagbag.py:536} INFO - Filling up the DagBag from /mnt/c/Users/arcan/Documents/airflow/.venv/lib/python3.10/site-packages/airflow/example_dags/tutorial_dag.py
[2025-06-16T11:11:31.969-0300] {processor.py:839} INFO - DAG(s) dict_keys(['tutorial_dag']) retrieved from /mnt/c/Users/arcan/Documents/airflow/.venv/lib/python3.10/site-packages/airflow/example_dags/tutorial_dag.py
[2025-06-16T11:11:32.015-0300] {logging_mixin.py:154} INFO - [2025-06-16T11:11:32.015-0300] {dag.py:2941} INFO - Sync 1 DAGs
[2025-06-16T11:11:32.034-0300] {logging_mixin.py:154} INFO - [2025-06-16T11:11:32.034-0300] {dag.py:3722} INFO - Setting next_dagrun for tutorial_dag to None, run_after=None
[2025-06-16T11:11:32.124-0300] {processor.py:179} INFO - Processing /mnt/c/Users/arcan/Documents/airflow/.venv/lib/python3.10/site-packages/airflow/example_dags/tutorial_dag.py took 0.192 seconds
[2025-06-16T11:12:37.585-0300] {processor.py:157} INFO - Started process (PID=46849) to work on /mnt/c/Users/arcan/Documents/airflow/.venv/lib/python3.10/site-packages/airflow/example_dags/tutorial_dag.py
[2025-06-16T11:12:37.587-0300] {processor.py:829} INFO - Processing file /mnt/c/Users/arcan/Documents/airflow/.venv/lib/python3.10/site-packages/airflow/example_dags/tutorial_dag.py for tasks to queue
[2025-06-16T11:12:37.590-0300] {logging_mixin.py:154} INFO - [2025-06-16T11:12:37.589-0300] {dagbag.py:536} INFO - Filling up the DagBag from /mnt/c/Users/arcan/Documents/airflow/.venv/lib/python3.10/site-packages/airflow/example_dags/tutorial_dag.py
[2025-06-16T11:12:37.619-0300] {processor.py:839} INFO - DAG(s) dict_keys(['tutorial_dag']) retrieved from /mnt/c/Users/arcan/Documents/airflow/.venv/lib/python3.10/site-packages/airflow/example_dags/tutorial_dag.py
[2025-06-16T11:12:37.657-0300] {logging_mixin.py:154} INFO - [2025-06-16T11:12:37.657-0300] {dag.py:2941} INFO - Sync 1 DAGs
[2025-06-16T11:12:37.674-0300] {logging_mixin.py:154} INFO - [2025-06-16T11:12:37.673-0300] {dag.py:3722} INFO - Setting next_dagrun for tutorial_dag to None, run_after=None
[2025-06-16T11:12:37.779-0300] {processor.py:179} INFO - Processing /mnt/c/Users/arcan/Documents/airflow/.venv/lib/python3.10/site-packages/airflow/example_dags/tutorial_dag.py took 0.198 seconds
[2025-06-16T11:13:43.205-0300] {processor.py:157} INFO - Started process (PID=47163) to work on /mnt/c/Users/arcan/Documents/airflow/.venv/lib/python3.10/site-packages/airflow/example_dags/tutorial_dag.py
[2025-06-16T11:13:43.207-0300] {processor.py:829} INFO - Processing file /mnt/c/Users/arcan/Documents/airflow/.venv/lib/python3.10/site-packages/airflow/example_dags/tutorial_dag.py for tasks to queue
[2025-06-16T11:13:43.208-0300] {logging_mixin.py:154} INFO - [2025-06-16T11:13:43.208-0300] {dagbag.py:536} INFO - Filling up the DagBag from /mnt/c/Users/arcan/Documents/airflow/.venv/lib/python3.10/site-packages/airflow/example_dags/tutorial_dag.py
[2025-06-16T11:13:43.240-0300] {processor.py:839} INFO - DAG(s) dict_keys(['tutorial_dag']) retrieved from /mnt/c/Users/arcan/Documents/airflow/.venv/lib/python3.10/site-packages/airflow/example_dags/tutorial_dag.py
[2025-06-16T11:13:43.279-0300] {logging_mixin.py:154} INFO - [2025-06-16T11:13:43.279-0300] {dag.py:2941} INFO - Sync 1 DAGs
[2025-06-16T11:13:43.296-0300] {logging_mixin.py:154} INFO - [2025-06-16T11:13:43.296-0300] {dag.py:3722} INFO - Setting next_dagrun for tutorial_dag to None, run_after=None
[2025-06-16T11:13:43.395-0300] {processor.py:179} INFO - Processing /mnt/c/Users/arcan/Documents/airflow/.venv/lib/python3.10/site-packages/airflow/example_dags/tutorial_dag.py took 0.195 seconds
[2025-06-16T11:14:46.322-0300] {processor.py:157} INFO - Started process (PID=47346) to work on /mnt/c/Users/arcan/Documents/airflow/.venv/lib/python3.10/site-packages/airflow/example_dags/tutorial_dag.py
[2025-06-16T11:14:46.324-0300] {processor.py:829} INFO - Processing file /mnt/c/Users/arcan/Documents/airflow/.venv/lib/python3.10/site-packages/airflow/example_dags/tutorial_dag.py for tasks to queue
[2025-06-16T11:14:46.325-0300] {logging_mixin.py:154} INFO - [2025-06-16T11:14:46.325-0300] {dagbag.py:536} INFO - Filling up the DagBag from /mnt/c/Users/arcan/Documents/airflow/.venv/lib/python3.10/site-packages/airflow/example_dags/tutorial_dag.py
[2025-06-16T11:14:46.355-0300] {processor.py:839} INFO - DAG(s) dict_keys(['tutorial_dag']) retrieved from /mnt/c/Users/arcan/Documents/airflow/.venv/lib/python3.10/site-packages/airflow/example_dags/tutorial_dag.py
[2025-06-16T11:14:46.400-0300] {logging_mixin.py:154} INFO - [2025-06-16T11:14:46.400-0300] {dag.py:2941} INFO - Sync 1 DAGs
[2025-06-16T11:14:46.419-0300] {logging_mixin.py:154} INFO - [2025-06-16T11:14:46.419-0300] {dag.py:3722} INFO - Setting next_dagrun for tutorial_dag to None, run_after=None
[2025-06-16T11:14:46.507-0300] {processor.py:179} INFO - Processing /mnt/c/Users/arcan/Documents/airflow/.venv/lib/python3.10/site-packages/airflow/example_dags/tutorial_dag.py took 0.189 seconds
[2025-06-16T11:15:46.769-0300] {processor.py:157} INFO - Started process (PID=47524) to work on /mnt/c/Users/arcan/Documents/airflow/.venv/lib/python3.10/site-packages/airflow/example_dags/tutorial_dag.py
[2025-06-16T11:15:46.771-0300] {processor.py:829} INFO - Processing file /mnt/c/Users/arcan/Documents/airflow/.venv/lib/python3.10/site-packages/airflow/example_dags/tutorial_dag.py for tasks to queue
[2025-06-16T11:15:46.773-0300] {logging_mixin.py:154} INFO - [2025-06-16T11:15:46.772-0300] {dagbag.py:536} INFO - Filling up the DagBag from /mnt/c/Users/arcan/Documents/airflow/.venv/lib/python3.10/site-packages/airflow/example_dags/tutorial_dag.py
[2025-06-16T11:15:46.805-0300] {processor.py:839} INFO - DAG(s) dict_keys(['tutorial_dag']) retrieved from /mnt/c/Users/arcan/Documents/airflow/.venv/lib/python3.10/site-packages/airflow/example_dags/tutorial_dag.py
[2025-06-16T11:15:46.848-0300] {logging_mixin.py:154} INFO - [2025-06-16T11:15:46.848-0300] {dag.py:2941} INFO - Sync 1 DAGs
[2025-06-16T11:15:46.867-0300] {logging_mixin.py:154} INFO - [2025-06-16T11:15:46.867-0300] {dag.py:3722} INFO - Setting next_dagrun for tutorial_dag to None, run_after=None
[2025-06-16T11:15:46.960-0300] {processor.py:179} INFO - Processing /mnt/c/Users/arcan/Documents/airflow/.venv/lib/python3.10/site-packages/airflow/example_dags/tutorial_dag.py took 0.194 seconds
[2025-06-16T11:16:54.497-0300] {processor.py:157} INFO - Started process (PID=47716) to work on /mnt/c/Users/arcan/Documents/airflow/.venv/lib/python3.10/site-packages/airflow/example_dags/tutorial_dag.py
[2025-06-16T11:16:54.499-0300] {processor.py:829} INFO - Processing file /mnt/c/Users/arcan/Documents/airflow/.venv/lib/python3.10/site-packages/airflow/example_dags/tutorial_dag.py for tasks to queue
[2025-06-16T11:16:54.500-0300] {logging_mixin.py:154} INFO - [2025-06-16T11:16:54.500-0300] {dagbag.py:536} INFO - Filling up the DagBag from /mnt/c/Users/arcan/Documents/airflow/.venv/lib/python3.10/site-packages/airflow/example_dags/tutorial_dag.py
[2025-06-16T11:16:54.533-0300] {processor.py:839} INFO - DAG(s) dict_keys(['tutorial_dag']) retrieved from /mnt/c/Users/arcan/Documents/airflow/.venv/lib/python3.10/site-packages/airflow/example_dags/tutorial_dag.py
[2025-06-16T11:16:54.576-0300] {logging_mixin.py:154} INFO - [2025-06-16T11:16:54.576-0300] {dag.py:2941} INFO - Sync 1 DAGs
[2025-06-16T11:16:54.596-0300] {logging_mixin.py:154} INFO - [2025-06-16T11:16:54.596-0300] {dag.py:3722} INFO - Setting next_dagrun for tutorial_dag to None, run_after=None
[2025-06-16T11:16:54.688-0300] {processor.py:179} INFO - Processing /mnt/c/Users/arcan/Documents/airflow/.venv/lib/python3.10/site-packages/airflow/example_dags/tutorial_dag.py took 0.195 seconds
[2025-06-16T11:17:58.358-0300] {processor.py:157} INFO - Started process (PID=47912) to work on /mnt/c/Users/arcan/Documents/airflow/.venv/lib/python3.10/site-packages/airflow/example_dags/tutorial_dag.py
[2025-06-16T11:17:58.359-0300] {processor.py:829} INFO - Processing file /mnt/c/Users/arcan/Documents/airflow/.venv/lib/python3.10/site-packages/airflow/example_dags/tutorial_dag.py for tasks to queue
[2025-06-16T11:17:58.361-0300] {logging_mixin.py:154} INFO - [2025-06-16T11:17:58.360-0300] {dagbag.py:536} INFO - Filling up the DagBag from /mnt/c/Users/arcan/Documents/airflow/.venv/lib/python3.10/site-packages/airflow/example_dags/tutorial_dag.py
[2025-06-16T11:17:58.394-0300] {processor.py:839} INFO - DAG(s) dict_keys(['tutorial_dag']) retrieved from /mnt/c/Users/arcan/Documents/airflow/.venv/lib/python3.10/site-packages/airflow/example_dags/tutorial_dag.py
[2025-06-16T11:17:58.433-0300] {logging_mixin.py:154} INFO - [2025-06-16T11:17:58.433-0300] {dag.py:2941} INFO - Sync 1 DAGs
[2025-06-16T11:17:58.448-0300] {logging_mixin.py:154} INFO - [2025-06-16T11:17:58.448-0300] {dag.py:3722} INFO - Setting next_dagrun for tutorial_dag to None, run_after=None
[2025-06-16T11:17:58.541-0300] {processor.py:179} INFO - Processing /mnt/c/Users/arcan/Documents/airflow/.venv/lib/python3.10/site-packages/airflow/example_dags/tutorial_dag.py took 0.187 seconds
[2025-06-16T11:19:03.164-0300] {processor.py:157} INFO - Started process (PID=48097) to work on /mnt/c/Users/arcan/Documents/airflow/.venv/lib/python3.10/site-packages/airflow/example_dags/tutorial_dag.py
[2025-06-16T11:19:03.166-0300] {processor.py:829} INFO - Processing file /mnt/c/Users/arcan/Documents/airflow/.venv/lib/python3.10/site-packages/airflow/example_dags/tutorial_dag.py for tasks to queue
[2025-06-16T11:19:03.168-0300] {logging_mixin.py:154} INFO - [2025-06-16T11:19:03.167-0300] {dagbag.py:536} INFO - Filling up the DagBag from /mnt/c/Users/arcan/Documents/airflow/.venv/lib/python3.10/site-packages/airflow/example_dags/tutorial_dag.py
[2025-06-16T11:19:03.200-0300] {processor.py:839} INFO - DAG(s) dict_keys(['tutorial_dag']) retrieved from /mnt/c/Users/arcan/Documents/airflow/.venv/lib/python3.10/site-packages/airflow/example_dags/tutorial_dag.py
[2025-06-16T11:19:03.239-0300] {logging_mixin.py:154} INFO - [2025-06-16T11:19:03.239-0300] {dag.py:2941} INFO - Sync 1 DAGs
[2025-06-16T11:19:03.255-0300] {logging_mixin.py:154} INFO - [2025-06-16T11:19:03.255-0300] {dag.py:3722} INFO - Setting next_dagrun for tutorial_dag to None, run_after=None
[2025-06-16T11:19:03.352-0300] {processor.py:179} INFO - Processing /mnt/c/Users/arcan/Documents/airflow/.venv/lib/python3.10/site-packages/airflow/example_dags/tutorial_dag.py took 0.192 seconds
[2025-06-16T11:20:05.266-0300] {processor.py:157} INFO - Started process (PID=48283) to work on /mnt/c/Users/arcan/Documents/airflow/.venv/lib/python3.10/site-packages/airflow/example_dags/tutorial_dag.py
[2025-06-16T11:20:05.268-0300] {processor.py:829} INFO - Processing file /mnt/c/Users/arcan/Documents/airflow/.venv/lib/python3.10/site-packages/airflow/example_dags/tutorial_dag.py for tasks to queue
[2025-06-16T11:20:05.270-0300] {logging_mixin.py:154} INFO - [2025-06-16T11:20:05.269-0300] {dagbag.py:536} INFO - Filling up the DagBag from /mnt/c/Users/arcan/Documents/airflow/.venv/lib/python3.10/site-packages/airflow/example_dags/tutorial_dag.py
[2025-06-16T11:20:05.299-0300] {processor.py:839} INFO - DAG(s) dict_keys(['tutorial_dag']) retrieved from /mnt/c/Users/arcan/Documents/airflow/.venv/lib/python3.10/site-packages/airflow/example_dags/tutorial_dag.py
[2025-06-16T11:20:05.340-0300] {logging_mixin.py:154} INFO - [2025-06-16T11:20:05.340-0300] {dag.py:2941} INFO - Sync 1 DAGs
[2025-06-16T11:20:05.356-0300] {logging_mixin.py:154} INFO - [2025-06-16T11:20:05.355-0300] {dag.py:3722} INFO - Setting next_dagrun for tutorial_dag to None, run_after=None
[2025-06-16T11:20:05.443-0300] {processor.py:179} INFO - Processing /mnt/c/Users/arcan/Documents/airflow/.venv/lib/python3.10/site-packages/airflow/example_dags/tutorial_dag.py took 0.181 seconds
[2025-06-16T11:21:02.937-0300] {processor.py:157} INFO - Started process (PID=48574) to work on /mnt/c/Users/arcan/Documents/airflow/.venv/lib/python3.10/site-packages/airflow/example_dags/tutorial_dag.py
[2025-06-16T11:21:02.939-0300] {processor.py:829} INFO - Processing file /mnt/c/Users/arcan/Documents/airflow/.venv/lib/python3.10/site-packages/airflow/example_dags/tutorial_dag.py for tasks to queue
[2025-06-16T11:21:02.941-0300] {logging_mixin.py:154} INFO - [2025-06-16T11:21:02.940-0300] {dagbag.py:536} INFO - Filling up the DagBag from /mnt/c/Users/arcan/Documents/airflow/.venv/lib/python3.10/site-packages/airflow/example_dags/tutorial_dag.py
[2025-06-16T11:21:02.971-0300] {processor.py:839} INFO - DAG(s) dict_keys(['tutorial_dag']) retrieved from /mnt/c/Users/arcan/Documents/airflow/.venv/lib/python3.10/site-packages/airflow/example_dags/tutorial_dag.py
[2025-06-16T11:21:03.010-0300] {logging_mixin.py:154} INFO - [2025-06-16T11:21:03.009-0300] {dag.py:2941} INFO - Sync 1 DAGs
[2025-06-16T11:21:03.025-0300] {logging_mixin.py:154} INFO - [2025-06-16T11:21:03.025-0300] {dag.py:3722} INFO - Setting next_dagrun for tutorial_dag to None, run_after=None
[2025-06-16T11:21:03.114-0300] {processor.py:179} INFO - Processing /mnt/c/Users/arcan/Documents/airflow/.venv/lib/python3.10/site-packages/airflow/example_dags/tutorial_dag.py took 0.181 seconds
[2025-06-16T11:22:13.921-0300] {processor.py:157} INFO - Started process (PID=48780) to work on /mnt/c/Users/arcan/Documents/airflow/.venv/lib/python3.10/site-packages/airflow/example_dags/tutorial_dag.py
[2025-06-16T11:22:13.924-0300] {processor.py:829} INFO - Processing file /mnt/c/Users/arcan/Documents/airflow/.venv/lib/python3.10/site-packages/airflow/example_dags/tutorial_dag.py for tasks to queue
[2025-06-16T11:22:13.925-0300] {logging_mixin.py:154} INFO - [2025-06-16T11:22:13.925-0300] {dagbag.py:536} INFO - Filling up the DagBag from /mnt/c/Users/arcan/Documents/airflow/.venv/lib/python3.10/site-packages/airflow/example_dags/tutorial_dag.py
[2025-06-16T11:22:13.957-0300] {processor.py:839} INFO - DAG(s) dict_keys(['tutorial_dag']) retrieved from /mnt/c/Users/arcan/Documents/airflow/.venv/lib/python3.10/site-packages/airflow/example_dags/tutorial_dag.py
[2025-06-16T11:22:13.997-0300] {logging_mixin.py:154} INFO - [2025-06-16T11:22:13.997-0300] {dag.py:2941} INFO - Sync 1 DAGs
[2025-06-16T11:22:14.016-0300] {logging_mixin.py:154} INFO - [2025-06-16T11:22:14.016-0300] {dag.py:3722} INFO - Setting next_dagrun for tutorial_dag to None, run_after=None
[2025-06-16T11:22:14.107-0300] {processor.py:179} INFO - Processing /mnt/c/Users/arcan/Documents/airflow/.venv/lib/python3.10/site-packages/airflow/example_dags/tutorial_dag.py took 0.190 seconds
[2025-06-16T11:23:12.477-0300] {processor.py:157} INFO - Started process (PID=48950) to work on /mnt/c/Users/arcan/Documents/airflow/.venv/lib/python3.10/site-packages/airflow/example_dags/tutorial_dag.py
[2025-06-16T11:23:12.479-0300] {processor.py:829} INFO - Processing file /mnt/c/Users/arcan/Documents/airflow/.venv/lib/python3.10/site-packages/airflow/example_dags/tutorial_dag.py for tasks to queue
[2025-06-16T11:23:12.481-0300] {logging_mixin.py:154} INFO - [2025-06-16T11:23:12.480-0300] {dagbag.py:536} INFO - Filling up the DagBag from /mnt/c/Users/arcan/Documents/airflow/.venv/lib/python3.10/site-packages/airflow/example_dags/tutorial_dag.py
[2025-06-16T11:23:12.510-0300] {processor.py:839} INFO - DAG(s) dict_keys(['tutorial_dag']) retrieved from /mnt/c/Users/arcan/Documents/airflow/.venv/lib/python3.10/site-packages/airflow/example_dags/tutorial_dag.py
[2025-06-16T11:23:12.547-0300] {logging_mixin.py:154} INFO - [2025-06-16T11:23:12.547-0300] {dag.py:2941} INFO - Sync 1 DAGs
[2025-06-16T11:23:12.563-0300] {logging_mixin.py:154} INFO - [2025-06-16T11:23:12.562-0300] {dag.py:3722} INFO - Setting next_dagrun for tutorial_dag to None, run_after=None
[2025-06-16T11:23:12.658-0300] {processor.py:179} INFO - Processing /mnt/c/Users/arcan/Documents/airflow/.venv/lib/python3.10/site-packages/airflow/example_dags/tutorial_dag.py took 0.185 seconds
[2025-06-16T11:24:13.412-0300] {processor.py:157} INFO - Started process (PID=49132) to work on /mnt/c/Users/arcan/Documents/airflow/.venv/lib/python3.10/site-packages/airflow/example_dags/tutorial_dag.py
[2025-06-16T11:24:13.413-0300] {processor.py:829} INFO - Processing file /mnt/c/Users/arcan/Documents/airflow/.venv/lib/python3.10/site-packages/airflow/example_dags/tutorial_dag.py for tasks to queue
[2025-06-16T11:24:13.415-0300] {logging_mixin.py:154} INFO - [2025-06-16T11:24:13.415-0300] {dagbag.py:536} INFO - Filling up the DagBag from /mnt/c/Users/arcan/Documents/airflow/.venv/lib/python3.10/site-packages/airflow/example_dags/tutorial_dag.py
[2025-06-16T11:24:13.445-0300] {processor.py:839} INFO - DAG(s) dict_keys(['tutorial_dag']) retrieved from /mnt/c/Users/arcan/Documents/airflow/.venv/lib/python3.10/site-packages/airflow/example_dags/tutorial_dag.py
[2025-06-16T11:24:13.482-0300] {logging_mixin.py:154} INFO - [2025-06-16T11:24:13.481-0300] {dag.py:2941} INFO - Sync 1 DAGs
[2025-06-16T11:24:13.498-0300] {logging_mixin.py:154} INFO - [2025-06-16T11:24:13.498-0300] {dag.py:3722} INFO - Setting next_dagrun for tutorial_dag to None, run_after=None
[2025-06-16T11:24:13.593-0300] {processor.py:179} INFO - Processing /mnt/c/Users/arcan/Documents/airflow/.venv/lib/python3.10/site-packages/airflow/example_dags/tutorial_dag.py took 0.185 seconds
[2025-06-16T11:25:15.592-0300] {processor.py:157} INFO - Started process (PID=49310) to work on /mnt/c/Users/arcan/Documents/airflow/.venv/lib/python3.10/site-packages/airflow/example_dags/tutorial_dag.py
[2025-06-16T11:25:15.595-0300] {processor.py:829} INFO - Processing file /mnt/c/Users/arcan/Documents/airflow/.venv/lib/python3.10/site-packages/airflow/example_dags/tutorial_dag.py for tasks to queue
[2025-06-16T11:25:15.597-0300] {logging_mixin.py:154} INFO - [2025-06-16T11:25:15.596-0300] {dagbag.py:536} INFO - Filling up the DagBag from /mnt/c/Users/arcan/Documents/airflow/.venv/lib/python3.10/site-packages/airflow/example_dags/tutorial_dag.py
[2025-06-16T11:25:15.630-0300] {processor.py:839} INFO - DAG(s) dict_keys(['tutorial_dag']) retrieved from /mnt/c/Users/arcan/Documents/airflow/.venv/lib/python3.10/site-packages/airflow/example_dags/tutorial_dag.py
[2025-06-16T11:25:15.675-0300] {logging_mixin.py:154} INFO - [2025-06-16T11:25:15.675-0300] {dag.py:2941} INFO - Sync 1 DAGs
[2025-06-16T11:25:15.694-0300] {logging_mixin.py:154} INFO - [2025-06-16T11:25:15.693-0300] {dag.py:3722} INFO - Setting next_dagrun for tutorial_dag to None, run_after=None
[2025-06-16T11:25:15.791-0300] {processor.py:179} INFO - Processing /mnt/c/Users/arcan/Documents/airflow/.venv/lib/python3.10/site-packages/airflow/example_dags/tutorial_dag.py took 0.202 seconds
[2025-06-16T11:26:18.304-0300] {processor.py:157} INFO - Started process (PID=49493) to work on /mnt/c/Users/arcan/Documents/airflow/.venv/lib/python3.10/site-packages/airflow/example_dags/tutorial_dag.py
[2025-06-16T11:26:18.305-0300] {processor.py:829} INFO - Processing file /mnt/c/Users/arcan/Documents/airflow/.venv/lib/python3.10/site-packages/airflow/example_dags/tutorial_dag.py for tasks to queue
[2025-06-16T11:26:18.307-0300] {logging_mixin.py:154} INFO - [2025-06-16T11:26:18.306-0300] {dagbag.py:536} INFO - Filling up the DagBag from /mnt/c/Users/arcan/Documents/airflow/.venv/lib/python3.10/site-packages/airflow/example_dags/tutorial_dag.py
[2025-06-16T11:26:18.341-0300] {processor.py:839} INFO - DAG(s) dict_keys(['tutorial_dag']) retrieved from /mnt/c/Users/arcan/Documents/airflow/.venv/lib/python3.10/site-packages/airflow/example_dags/tutorial_dag.py
[2025-06-16T11:26:18.381-0300] {logging_mixin.py:154} INFO - [2025-06-16T11:26:18.381-0300] {dag.py:2941} INFO - Sync 1 DAGs
[2025-06-16T11:26:18.399-0300] {logging_mixin.py:154} INFO - [2025-06-16T11:26:18.399-0300] {dag.py:3722} INFO - Setting next_dagrun for tutorial_dag to None, run_after=None
[2025-06-16T11:26:18.497-0300] {processor.py:179} INFO - Processing /mnt/c/Users/arcan/Documents/airflow/.venv/lib/python3.10/site-packages/airflow/example_dags/tutorial_dag.py took 0.197 seconds
[2025-06-16T11:27:25.175-0300] {processor.py:157} INFO - Started process (PID=49810) to work on /mnt/c/Users/arcan/Documents/airflow/.venv/lib/python3.10/site-packages/airflow/example_dags/tutorial_dag.py
[2025-06-16T11:27:25.177-0300] {processor.py:829} INFO - Processing file /mnt/c/Users/arcan/Documents/airflow/.venv/lib/python3.10/site-packages/airflow/example_dags/tutorial_dag.py for tasks to queue
[2025-06-16T11:27:25.179-0300] {logging_mixin.py:154} INFO - [2025-06-16T11:27:25.178-0300] {dagbag.py:536} INFO - Filling up the DagBag from /mnt/c/Users/arcan/Documents/airflow/.venv/lib/python3.10/site-packages/airflow/example_dags/tutorial_dag.py
[2025-06-16T11:27:25.211-0300] {processor.py:839} INFO - DAG(s) dict_keys(['tutorial_dag']) retrieved from /mnt/c/Users/arcan/Documents/airflow/.venv/lib/python3.10/site-packages/airflow/example_dags/tutorial_dag.py
[2025-06-16T11:27:25.248-0300] {logging_mixin.py:154} INFO - [2025-06-16T11:27:25.248-0300] {dag.py:2941} INFO - Sync 1 DAGs
[2025-06-16T11:27:25.264-0300] {logging_mixin.py:154} INFO - [2025-06-16T11:27:25.264-0300] {dag.py:3722} INFO - Setting next_dagrun for tutorial_dag to None, run_after=None
[2025-06-16T11:27:25.352-0300] {processor.py:179} INFO - Processing /mnt/c/Users/arcan/Documents/airflow/.venv/lib/python3.10/site-packages/airflow/example_dags/tutorial_dag.py took 0.182 seconds
[2025-06-16T11:28:30.265-0300] {processor.py:157} INFO - Started process (PID=50003) to work on /mnt/c/Users/arcan/Documents/airflow/.venv/lib/python3.10/site-packages/airflow/example_dags/tutorial_dag.py
[2025-06-16T11:28:30.267-0300] {processor.py:829} INFO - Processing file /mnt/c/Users/arcan/Documents/airflow/.venv/lib/python3.10/site-packages/airflow/example_dags/tutorial_dag.py for tasks to queue
[2025-06-16T11:28:30.269-0300] {logging_mixin.py:154} INFO - [2025-06-16T11:28:30.268-0300] {dagbag.py:536} INFO - Filling up the DagBag from /mnt/c/Users/arcan/Documents/airflow/.venv/lib/python3.10/site-packages/airflow/example_dags/tutorial_dag.py
[2025-06-16T11:28:30.300-0300] {processor.py:839} INFO - DAG(s) dict_keys(['tutorial_dag']) retrieved from /mnt/c/Users/arcan/Documents/airflow/.venv/lib/python3.10/site-packages/airflow/example_dags/tutorial_dag.py
[2025-06-16T11:28:30.339-0300] {logging_mixin.py:154} INFO - [2025-06-16T11:28:30.338-0300] {dag.py:2941} INFO - Sync 1 DAGs
[2025-06-16T11:28:30.358-0300] {logging_mixin.py:154} INFO - [2025-06-16T11:28:30.357-0300] {dag.py:3722} INFO - Setting next_dagrun for tutorial_dag to None, run_after=None
[2025-06-16T11:28:30.446-0300] {processor.py:179} INFO - Processing /mnt/c/Users/arcan/Documents/airflow/.venv/lib/python3.10/site-packages/airflow/example_dags/tutorial_dag.py took 0.185 seconds
[2025-06-16T11:29:37.009-0300] {processor.py:157} INFO - Started process (PID=50196) to work on /mnt/c/Users/arcan/Documents/airflow/.venv/lib/python3.10/site-packages/airflow/example_dags/tutorial_dag.py
[2025-06-16T11:29:37.011-0300] {processor.py:829} INFO - Processing file /mnt/c/Users/arcan/Documents/airflow/.venv/lib/python3.10/site-packages/airflow/example_dags/tutorial_dag.py for tasks to queue
[2025-06-16T11:29:37.013-0300] {logging_mixin.py:154} INFO - [2025-06-16T11:29:37.013-0300] {dagbag.py:536} INFO - Filling up the DagBag from /mnt/c/Users/arcan/Documents/airflow/.venv/lib/python3.10/site-packages/airflow/example_dags/tutorial_dag.py
[2025-06-16T11:29:37.045-0300] {processor.py:839} INFO - DAG(s) dict_keys(['tutorial_dag']) retrieved from /mnt/c/Users/arcan/Documents/airflow/.venv/lib/python3.10/site-packages/airflow/example_dags/tutorial_dag.py
[2025-06-16T11:29:37.086-0300] {logging_mixin.py:154} INFO - [2025-06-16T11:29:37.086-0300] {dag.py:2941} INFO - Sync 1 DAGs
[2025-06-16T11:29:37.103-0300] {logging_mixin.py:154} INFO - [2025-06-16T11:29:37.103-0300] {dag.py:3722} INFO - Setting next_dagrun for tutorial_dag to None, run_after=None
[2025-06-16T11:29:37.198-0300] {processor.py:179} INFO - Processing /mnt/c/Users/arcan/Documents/airflow/.venv/lib/python3.10/site-packages/airflow/example_dags/tutorial_dag.py took 0.192 seconds
[2025-06-16T11:30:39.085-0300] {processor.py:157} INFO - Started process (PID=50380) to work on /mnt/c/Users/arcan/Documents/airflow/.venv/lib/python3.10/site-packages/airflow/example_dags/tutorial_dag.py
[2025-06-16T11:30:39.087-0300] {processor.py:829} INFO - Processing file /mnt/c/Users/arcan/Documents/airflow/.venv/lib/python3.10/site-packages/airflow/example_dags/tutorial_dag.py for tasks to queue
[2025-06-16T11:30:39.089-0300] {logging_mixin.py:154} INFO - [2025-06-16T11:30:39.088-0300] {dagbag.py:536} INFO - Filling up the DagBag from /mnt/c/Users/arcan/Documents/airflow/.venv/lib/python3.10/site-packages/airflow/example_dags/tutorial_dag.py
[2025-06-16T11:30:39.119-0300] {processor.py:839} INFO - DAG(s) dict_keys(['tutorial_dag']) retrieved from /mnt/c/Users/arcan/Documents/airflow/.venv/lib/python3.10/site-packages/airflow/example_dags/tutorial_dag.py
[2025-06-16T11:30:39.157-0300] {logging_mixin.py:154} INFO - [2025-06-16T11:30:39.157-0300] {dag.py:2941} INFO - Sync 1 DAGs
[2025-06-16T11:30:39.174-0300] {logging_mixin.py:154} INFO - [2025-06-16T11:30:39.174-0300] {dag.py:3722} INFO - Setting next_dagrun for tutorial_dag to None, run_after=None
[2025-06-16T11:30:39.260-0300] {processor.py:179} INFO - Processing /mnt/c/Users/arcan/Documents/airflow/.venv/lib/python3.10/site-packages/airflow/example_dags/tutorial_dag.py took 0.179 seconds
[2025-06-16T11:31:51.626-0300] {processor.py:157} INFO - Started process (PID=50591) to work on /mnt/c/Users/arcan/Documents/airflow/.venv/lib/python3.10/site-packages/airflow/example_dags/tutorial_dag.py
[2025-06-16T11:31:51.628-0300] {processor.py:829} INFO - Processing file /mnt/c/Users/arcan/Documents/airflow/.venv/lib/python3.10/site-packages/airflow/example_dags/tutorial_dag.py for tasks to queue
[2025-06-16T11:31:51.629-0300] {logging_mixin.py:154} INFO - [2025-06-16T11:31:51.629-0300] {dagbag.py:536} INFO - Filling up the DagBag from /mnt/c/Users/arcan/Documents/airflow/.venv/lib/python3.10/site-packages/airflow/example_dags/tutorial_dag.py
[2025-06-16T11:31:51.661-0300] {processor.py:839} INFO - DAG(s) dict_keys(['tutorial_dag']) retrieved from /mnt/c/Users/arcan/Documents/airflow/.venv/lib/python3.10/site-packages/airflow/example_dags/tutorial_dag.py
[2025-06-16T11:31:51.702-0300] {logging_mixin.py:154} INFO - [2025-06-16T11:31:51.702-0300] {dag.py:2941} INFO - Sync 1 DAGs
[2025-06-16T11:31:51.719-0300] {logging_mixin.py:154} INFO - [2025-06-16T11:31:51.719-0300] {dag.py:3722} INFO - Setting next_dagrun for tutorial_dag to None, run_after=None
[2025-06-16T11:31:51.810-0300] {processor.py:179} INFO - Processing /mnt/c/Users/arcan/Documents/airflow/.venv/lib/python3.10/site-packages/airflow/example_dags/tutorial_dag.py took 0.188 seconds
[2025-06-16T11:32:59.454-0300] {processor.py:157} INFO - Started process (PID=50783) to work on /mnt/c/Users/arcan/Documents/airflow/.venv/lib/python3.10/site-packages/airflow/example_dags/tutorial_dag.py
[2025-06-16T11:32:59.456-0300] {processor.py:829} INFO - Processing file /mnt/c/Users/arcan/Documents/airflow/.venv/lib/python3.10/site-packages/airflow/example_dags/tutorial_dag.py for tasks to queue
[2025-06-16T11:32:59.458-0300] {logging_mixin.py:154} INFO - [2025-06-16T11:32:59.458-0300] {dagbag.py:536} INFO - Filling up the DagBag from /mnt/c/Users/arcan/Documents/airflow/.venv/lib/python3.10/site-packages/airflow/example_dags/tutorial_dag.py
[2025-06-16T11:32:59.491-0300] {processor.py:839} INFO - DAG(s) dict_keys(['tutorial_dag']) retrieved from /mnt/c/Users/arcan/Documents/airflow/.venv/lib/python3.10/site-packages/airflow/example_dags/tutorial_dag.py
[2025-06-16T11:32:59.536-0300] {logging_mixin.py:154} INFO - [2025-06-16T11:32:59.536-0300] {dag.py:2941} INFO - Sync 1 DAGs
[2025-06-16T11:32:59.554-0300] {logging_mixin.py:154} INFO - [2025-06-16T11:32:59.553-0300] {dag.py:3722} INFO - Setting next_dagrun for tutorial_dag to None, run_after=None
[2025-06-16T11:32:59.645-0300] {processor.py:179} INFO - Processing /mnt/c/Users/arcan/Documents/airflow/.venv/lib/python3.10/site-packages/airflow/example_dags/tutorial_dag.py took 0.195 seconds
[2025-06-16T11:34:01.330-0300] {processor.py:157} INFO - Started process (PID=50966) to work on /mnt/c/Users/arcan/Documents/airflow/.venv/lib/python3.10/site-packages/airflow/example_dags/tutorial_dag.py
[2025-06-16T11:34:01.332-0300] {processor.py:829} INFO - Processing file /mnt/c/Users/arcan/Documents/airflow/.venv/lib/python3.10/site-packages/airflow/example_dags/tutorial_dag.py for tasks to queue
[2025-06-16T11:34:01.333-0300] {logging_mixin.py:154} INFO - [2025-06-16T11:34:01.333-0300] {dagbag.py:536} INFO - Filling up the DagBag from /mnt/c/Users/arcan/Documents/airflow/.venv/lib/python3.10/site-packages/airflow/example_dags/tutorial_dag.py
[2025-06-16T11:34:01.365-0300] {processor.py:839} INFO - DAG(s) dict_keys(['tutorial_dag']) retrieved from /mnt/c/Users/arcan/Documents/airflow/.venv/lib/python3.10/site-packages/airflow/example_dags/tutorial_dag.py
[2025-06-16T11:34:01.410-0300] {logging_mixin.py:154} INFO - [2025-06-16T11:34:01.410-0300] {dag.py:2941} INFO - Sync 1 DAGs
[2025-06-16T11:34:01.429-0300] {logging_mixin.py:154} INFO - [2025-06-16T11:34:01.429-0300] {dag.py:3722} INFO - Setting next_dagrun for tutorial_dag to None, run_after=None
[2025-06-16T11:34:01.524-0300] {processor.py:179} INFO - Processing /mnt/c/Users/arcan/Documents/airflow/.venv/lib/python3.10/site-packages/airflow/example_dags/tutorial_dag.py took 0.198 seconds
[2025-06-16T11:35:00.755-0300] {processor.py:157} INFO - Started process (PID=51268) to work on /mnt/c/Users/arcan/Documents/airflow/.venv/lib/python3.10/site-packages/airflow/example_dags/tutorial_dag.py
[2025-06-16T11:35:00.757-0300] {processor.py:829} INFO - Processing file /mnt/c/Users/arcan/Documents/airflow/.venv/lib/python3.10/site-packages/airflow/example_dags/tutorial_dag.py for tasks to queue
[2025-06-16T11:35:00.758-0300] {logging_mixin.py:154} INFO - [2025-06-16T11:35:00.757-0300] {dagbag.py:536} INFO - Filling up the DagBag from /mnt/c/Users/arcan/Documents/airflow/.venv/lib/python3.10/site-packages/airflow/example_dags/tutorial_dag.py
[2025-06-16T11:35:00.787-0300] {processor.py:839} INFO - DAG(s) dict_keys(['tutorial_dag']) retrieved from /mnt/c/Users/arcan/Documents/airflow/.venv/lib/python3.10/site-packages/airflow/example_dags/tutorial_dag.py
[2025-06-16T11:35:00.831-0300] {logging_mixin.py:154} INFO - [2025-06-16T11:35:00.831-0300] {dag.py:2941} INFO - Sync 1 DAGs
[2025-06-16T11:35:00.849-0300] {logging_mixin.py:154} INFO - [2025-06-16T11:35:00.849-0300] {dag.py:3722} INFO - Setting next_dagrun for tutorial_dag to None, run_after=None
[2025-06-16T11:35:00.944-0300] {processor.py:179} INFO - Processing /mnt/c/Users/arcan/Documents/airflow/.venv/lib/python3.10/site-packages/airflow/example_dags/tutorial_dag.py took 0.193 seconds
[2025-06-16T11:36:00.464-0300] {processor.py:157} INFO - Started process (PID=51451) to work on /mnt/c/Users/arcan/Documents/airflow/.venv/lib/python3.10/site-packages/airflow/example_dags/tutorial_dag.py
[2025-06-16T11:36:00.466-0300] {processor.py:829} INFO - Processing file /mnt/c/Users/arcan/Documents/airflow/.venv/lib/python3.10/site-packages/airflow/example_dags/tutorial_dag.py for tasks to queue
[2025-06-16T11:36:00.468-0300] {logging_mixin.py:154} INFO - [2025-06-16T11:36:00.467-0300] {dagbag.py:536} INFO - Filling up the DagBag from /mnt/c/Users/arcan/Documents/airflow/.venv/lib/python3.10/site-packages/airflow/example_dags/tutorial_dag.py
[2025-06-16T11:36:00.499-0300] {processor.py:839} INFO - DAG(s) dict_keys(['tutorial_dag']) retrieved from /mnt/c/Users/arcan/Documents/airflow/.venv/lib/python3.10/site-packages/airflow/example_dags/tutorial_dag.py
[2025-06-16T11:36:00.545-0300] {logging_mixin.py:154} INFO - [2025-06-16T11:36:00.545-0300] {dag.py:2941} INFO - Sync 1 DAGs
[2025-06-16T11:36:00.563-0300] {logging_mixin.py:154} INFO - [2025-06-16T11:36:00.563-0300] {dag.py:3722} INFO - Setting next_dagrun for tutorial_dag to None, run_after=None
[2025-06-16T11:36:00.655-0300] {processor.py:179} INFO - Processing /mnt/c/Users/arcan/Documents/airflow/.venv/lib/python3.10/site-packages/airflow/example_dags/tutorial_dag.py took 0.195 seconds
[2025-06-16T11:37:08.513-0300] {processor.py:157} INFO - Started process (PID=51653) to work on /mnt/c/Users/arcan/Documents/airflow/.venv/lib/python3.10/site-packages/airflow/example_dags/tutorial_dag.py
[2025-06-16T11:37:08.516-0300] {processor.py:829} INFO - Processing file /mnt/c/Users/arcan/Documents/airflow/.venv/lib/python3.10/site-packages/airflow/example_dags/tutorial_dag.py for tasks to queue
[2025-06-16T11:37:08.518-0300] {logging_mixin.py:154} INFO - [2025-06-16T11:37:08.517-0300] {dagbag.py:536} INFO - Filling up the DagBag from /mnt/c/Users/arcan/Documents/airflow/.venv/lib/python3.10/site-packages/airflow/example_dags/tutorial_dag.py
[2025-06-16T11:37:08.547-0300] {processor.py:839} INFO - DAG(s) dict_keys(['tutorial_dag']) retrieved from /mnt/c/Users/arcan/Documents/airflow/.venv/lib/python3.10/site-packages/airflow/example_dags/tutorial_dag.py
[2025-06-16T11:37:08.583-0300] {logging_mixin.py:154} INFO - [2025-06-16T11:37:08.583-0300] {dag.py:2941} INFO - Sync 1 DAGs
[2025-06-16T11:37:08.600-0300] {logging_mixin.py:154} INFO - [2025-06-16T11:37:08.600-0300] {dag.py:3722} INFO - Setting next_dagrun for tutorial_dag to None, run_after=None
[2025-06-16T11:37:08.690-0300] {processor.py:179} INFO - Processing /mnt/c/Users/arcan/Documents/airflow/.venv/lib/python3.10/site-packages/airflow/example_dags/tutorial_dag.py took 0.180 seconds
[2025-06-16T11:38:16.525-0300] {processor.py:157} INFO - Started process (PID=51850) to work on /mnt/c/Users/arcan/Documents/airflow/.venv/lib/python3.10/site-packages/airflow/example_dags/tutorial_dag.py
[2025-06-16T11:38:16.527-0300] {processor.py:829} INFO - Processing file /mnt/c/Users/arcan/Documents/airflow/.venv/lib/python3.10/site-packages/airflow/example_dags/tutorial_dag.py for tasks to queue
[2025-06-16T11:38:16.528-0300] {logging_mixin.py:154} INFO - [2025-06-16T11:38:16.528-0300] {dagbag.py:536} INFO - Filling up the DagBag from /mnt/c/Users/arcan/Documents/airflow/.venv/lib/python3.10/site-packages/airflow/example_dags/tutorial_dag.py
[2025-06-16T11:38:16.561-0300] {processor.py:839} INFO - DAG(s) dict_keys(['tutorial_dag']) retrieved from /mnt/c/Users/arcan/Documents/airflow/.venv/lib/python3.10/site-packages/airflow/example_dags/tutorial_dag.py
[2025-06-16T11:38:16.606-0300] {logging_mixin.py:154} INFO - [2025-06-16T11:38:16.606-0300] {dag.py:2941} INFO - Sync 1 DAGs
[2025-06-16T11:38:16.623-0300] {logging_mixin.py:154} INFO - [2025-06-16T11:38:16.622-0300] {dag.py:3722} INFO - Setting next_dagrun for tutorial_dag to None, run_after=None
[2025-06-16T11:38:16.721-0300] {processor.py:179} INFO - Processing /mnt/c/Users/arcan/Documents/airflow/.venv/lib/python3.10/site-packages/airflow/example_dags/tutorial_dag.py took 0.200 seconds
[2025-06-16T11:39:25.928-0300] {processor.py:157} INFO - Started process (PID=52048) to work on /mnt/c/Users/arcan/Documents/airflow/.venv/lib/python3.10/site-packages/airflow/example_dags/tutorial_dag.py
[2025-06-16T11:39:25.930-0300] {processor.py:829} INFO - Processing file /mnt/c/Users/arcan/Documents/airflow/.venv/lib/python3.10/site-packages/airflow/example_dags/tutorial_dag.py for tasks to queue
[2025-06-16T11:39:25.932-0300] {logging_mixin.py:154} INFO - [2025-06-16T11:39:25.931-0300] {dagbag.py:536} INFO - Filling up the DagBag from /mnt/c/Users/arcan/Documents/airflow/.venv/lib/python3.10/site-packages/airflow/example_dags/tutorial_dag.py
[2025-06-16T11:39:25.970-0300] {processor.py:839} INFO - DAG(s) dict_keys(['tutorial_dag']) retrieved from /mnt/c/Users/arcan/Documents/airflow/.venv/lib/python3.10/site-packages/airflow/example_dags/tutorial_dag.py
[2025-06-16T11:39:26.008-0300] {logging_mixin.py:154} INFO - [2025-06-16T11:39:26.007-0300] {dag.py:2941} INFO - Sync 1 DAGs
[2025-06-16T11:39:26.025-0300] {logging_mixin.py:154} INFO - [2025-06-16T11:39:26.025-0300] {dag.py:3722} INFO - Setting next_dagrun for tutorial_dag to None, run_after=None
[2025-06-16T11:39:26.130-0300] {processor.py:179} INFO - Processing /mnt/c/Users/arcan/Documents/airflow/.venv/lib/python3.10/site-packages/airflow/example_dags/tutorial_dag.py took 0.206 seconds
[2025-06-16T11:40:34.294-0300] {processor.py:157} INFO - Started process (PID=52255) to work on /mnt/c/Users/arcan/Documents/airflow/.venv/lib/python3.10/site-packages/airflow/example_dags/tutorial_dag.py
[2025-06-16T11:40:34.295-0300] {processor.py:829} INFO - Processing file /mnt/c/Users/arcan/Documents/airflow/.venv/lib/python3.10/site-packages/airflow/example_dags/tutorial_dag.py for tasks to queue
[2025-06-16T11:40:34.297-0300] {logging_mixin.py:154} INFO - [2025-06-16T11:40:34.296-0300] {dagbag.py:536} INFO - Filling up the DagBag from /mnt/c/Users/arcan/Documents/airflow/.venv/lib/python3.10/site-packages/airflow/example_dags/tutorial_dag.py
[2025-06-16T11:40:34.331-0300] {processor.py:839} INFO - DAG(s) dict_keys(['tutorial_dag']) retrieved from /mnt/c/Users/arcan/Documents/airflow/.venv/lib/python3.10/site-packages/airflow/example_dags/tutorial_dag.py
[2025-06-16T11:40:34.376-0300] {logging_mixin.py:154} INFO - [2025-06-16T11:40:34.376-0300] {dag.py:2941} INFO - Sync 1 DAGs
[2025-06-16T11:40:34.395-0300] {logging_mixin.py:154} INFO - [2025-06-16T11:40:34.395-0300] {dag.py:3722} INFO - Setting next_dagrun for tutorial_dag to None, run_after=None
[2025-06-16T11:40:34.489-0300] {processor.py:179} INFO - Processing /mnt/c/Users/arcan/Documents/airflow/.venv/lib/python3.10/site-packages/airflow/example_dags/tutorial_dag.py took 0.199 seconds
[2025-06-16T11:41:34.103-0300] {processor.py:157} INFO - Started process (PID=52431) to work on /mnt/c/Users/arcan/Documents/airflow/.venv/lib/python3.10/site-packages/airflow/example_dags/tutorial_dag.py
[2025-06-16T11:41:34.105-0300] {processor.py:829} INFO - Processing file /mnt/c/Users/arcan/Documents/airflow/.venv/lib/python3.10/site-packages/airflow/example_dags/tutorial_dag.py for tasks to queue
[2025-06-16T11:41:34.106-0300] {logging_mixin.py:154} INFO - [2025-06-16T11:41:34.106-0300] {dagbag.py:536} INFO - Filling up the DagBag from /mnt/c/Users/arcan/Documents/airflow/.venv/lib/python3.10/site-packages/airflow/example_dags/tutorial_dag.py
[2025-06-16T11:41:34.138-0300] {processor.py:839} INFO - DAG(s) dict_keys(['tutorial_dag']) retrieved from /mnt/c/Users/arcan/Documents/airflow/.venv/lib/python3.10/site-packages/airflow/example_dags/tutorial_dag.py
[2025-06-16T11:41:34.176-0300] {logging_mixin.py:154} INFO - [2025-06-16T11:41:34.175-0300] {dag.py:2941} INFO - Sync 1 DAGs
[2025-06-16T11:41:34.192-0300] {logging_mixin.py:154} INFO - [2025-06-16T11:41:34.192-0300] {dag.py:3722} INFO - Setting next_dagrun for tutorial_dag to None, run_after=None
[2025-06-16T11:41:34.280-0300] {processor.py:179} INFO - Processing /mnt/c/Users/arcan/Documents/airflow/.venv/lib/python3.10/site-packages/airflow/example_dags/tutorial_dag.py took 0.181 seconds
[2025-06-16T11:42:45.378-0300] {processor.py:157} INFO - Started process (PID=52758) to work on /mnt/c/Users/arcan/Documents/airflow/.venv/lib/python3.10/site-packages/airflow/example_dags/tutorial_dag.py
[2025-06-16T11:42:45.380-0300] {processor.py:829} INFO - Processing file /mnt/c/Users/arcan/Documents/airflow/.venv/lib/python3.10/site-packages/airflow/example_dags/tutorial_dag.py for tasks to queue
[2025-06-16T11:42:45.382-0300] {logging_mixin.py:154} INFO - [2025-06-16T11:42:45.381-0300] {dagbag.py:536} INFO - Filling up the DagBag from /mnt/c/Users/arcan/Documents/airflow/.venv/lib/python3.10/site-packages/airflow/example_dags/tutorial_dag.py
[2025-06-16T11:42:45.411-0300] {processor.py:839} INFO - DAG(s) dict_keys(['tutorial_dag']) retrieved from /mnt/c/Users/arcan/Documents/airflow/.venv/lib/python3.10/site-packages/airflow/example_dags/tutorial_dag.py
[2025-06-16T11:42:45.452-0300] {logging_mixin.py:154} INFO - [2025-06-16T11:42:45.452-0300] {dag.py:2941} INFO - Sync 1 DAGs
[2025-06-16T11:42:45.470-0300] {logging_mixin.py:154} INFO - [2025-06-16T11:42:45.469-0300] {dag.py:3722} INFO - Setting next_dagrun for tutorial_dag to None, run_after=None
[2025-06-16T11:42:45.558-0300] {processor.py:179} INFO - Processing /mnt/c/Users/arcan/Documents/airflow/.venv/lib/python3.10/site-packages/airflow/example_dags/tutorial_dag.py took 0.185 seconds
[2025-06-16T11:43:53.515-0300] {processor.py:157} INFO - Started process (PID=52964) to work on /mnt/c/Users/arcan/Documents/airflow/.venv/lib/python3.10/site-packages/airflow/example_dags/tutorial_dag.py
[2025-06-16T11:43:53.517-0300] {processor.py:829} INFO - Processing file /mnt/c/Users/arcan/Documents/airflow/.venv/lib/python3.10/site-packages/airflow/example_dags/tutorial_dag.py for tasks to queue
[2025-06-16T11:43:53.518-0300] {logging_mixin.py:154} INFO - [2025-06-16T11:43:53.518-0300] {dagbag.py:536} INFO - Filling up the DagBag from /mnt/c/Users/arcan/Documents/airflow/.venv/lib/python3.10/site-packages/airflow/example_dags/tutorial_dag.py
[2025-06-16T11:43:53.554-0300] {processor.py:839} INFO - DAG(s) dict_keys(['tutorial_dag']) retrieved from /mnt/c/Users/arcan/Documents/airflow/.venv/lib/python3.10/site-packages/airflow/example_dags/tutorial_dag.py
[2025-06-16T11:43:53.605-0300] {logging_mixin.py:154} INFO - [2025-06-16T11:43:53.605-0300] {dag.py:2941} INFO - Sync 1 DAGs
[2025-06-16T11:43:53.626-0300] {logging_mixin.py:154} INFO - [2025-06-16T11:43:53.625-0300] {dag.py:3722} INFO - Setting next_dagrun for tutorial_dag to None, run_after=None
[2025-06-16T11:43:53.716-0300] {processor.py:179} INFO - Processing /mnt/c/Users/arcan/Documents/airflow/.venv/lib/python3.10/site-packages/airflow/example_dags/tutorial_dag.py took 0.206 seconds
[2025-06-16T11:45:03.027-0300] {processor.py:157} INFO - Started process (PID=53163) to work on /mnt/c/Users/arcan/Documents/airflow/.venv/lib/python3.10/site-packages/airflow/example_dags/tutorial_dag.py
[2025-06-16T11:45:03.029-0300] {processor.py:829} INFO - Processing file /mnt/c/Users/arcan/Documents/airflow/.venv/lib/python3.10/site-packages/airflow/example_dags/tutorial_dag.py for tasks to queue
[2025-06-16T11:45:03.031-0300] {logging_mixin.py:154} INFO - [2025-06-16T11:45:03.030-0300] {dagbag.py:536} INFO - Filling up the DagBag from /mnt/c/Users/arcan/Documents/airflow/.venv/lib/python3.10/site-packages/airflow/example_dags/tutorial_dag.py
[2025-06-16T11:45:03.062-0300] {processor.py:839} INFO - DAG(s) dict_keys(['tutorial_dag']) retrieved from /mnt/c/Users/arcan/Documents/airflow/.venv/lib/python3.10/site-packages/airflow/example_dags/tutorial_dag.py
[2025-06-16T11:45:03.099-0300] {logging_mixin.py:154} INFO - [2025-06-16T11:45:03.099-0300] {dag.py:2941} INFO - Sync 1 DAGs
[2025-06-16T11:45:03.115-0300] {logging_mixin.py:154} INFO - [2025-06-16T11:45:03.115-0300] {dag.py:3722} INFO - Setting next_dagrun for tutorial_dag to None, run_after=None
[2025-06-16T11:45:03.198-0300] {processor.py:179} INFO - Processing /mnt/c/Users/arcan/Documents/airflow/.venv/lib/python3.10/site-packages/airflow/example_dags/tutorial_dag.py took 0.175 seconds
[2025-06-16T11:46:05.867-0300] {processor.py:157} INFO - Started process (PID=53353) to work on /mnt/c/Users/arcan/Documents/airflow/.venv/lib/python3.10/site-packages/airflow/example_dags/tutorial_dag.py
[2025-06-16T11:46:05.869-0300] {processor.py:829} INFO - Processing file /mnt/c/Users/arcan/Documents/airflow/.venv/lib/python3.10/site-packages/airflow/example_dags/tutorial_dag.py for tasks to queue
[2025-06-16T11:46:05.870-0300] {logging_mixin.py:154} INFO - [2025-06-16T11:46:05.870-0300] {dagbag.py:536} INFO - Filling up the DagBag from /mnt/c/Users/arcan/Documents/airflow/.venv/lib/python3.10/site-packages/airflow/example_dags/tutorial_dag.py
[2025-06-16T11:46:05.900-0300] {processor.py:839} INFO - DAG(s) dict_keys(['tutorial_dag']) retrieved from /mnt/c/Users/arcan/Documents/airflow/.venv/lib/python3.10/site-packages/airflow/example_dags/tutorial_dag.py
[2025-06-16T11:46:06.075-0300] {logging_mixin.py:154} INFO - [2025-06-16T11:46:06.075-0300] {dag.py:2941} INFO - Sync 1 DAGs
[2025-06-16T11:46:06.091-0300] {logging_mixin.py:154} INFO - [2025-06-16T11:46:06.091-0300] {dag.py:3722} INFO - Setting next_dagrun for tutorial_dag to None, run_after=None
[2025-06-16T11:46:06.169-0300] {processor.py:179} INFO - Processing /mnt/c/Users/arcan/Documents/airflow/.venv/lib/python3.10/site-packages/airflow/example_dags/tutorial_dag.py took 0.306 seconds
[2025-06-16T11:47:14.857-0300] {processor.py:157} INFO - Started process (PID=53557) to work on /mnt/c/Users/arcan/Documents/airflow/.venv/lib/python3.10/site-packages/airflow/example_dags/tutorial_dag.py
[2025-06-16T11:47:14.859-0300] {processor.py:829} INFO - Processing file /mnt/c/Users/arcan/Documents/airflow/.venv/lib/python3.10/site-packages/airflow/example_dags/tutorial_dag.py for tasks to queue
[2025-06-16T11:47:14.861-0300] {logging_mixin.py:154} INFO - [2025-06-16T11:47:14.860-0300] {dagbag.py:536} INFO - Filling up the DagBag from /mnt/c/Users/arcan/Documents/airflow/.venv/lib/python3.10/site-packages/airflow/example_dags/tutorial_dag.py
[2025-06-16T11:47:14.893-0300] {processor.py:839} INFO - DAG(s) dict_keys(['tutorial_dag']) retrieved from /mnt/c/Users/arcan/Documents/airflow/.venv/lib/python3.10/site-packages/airflow/example_dags/tutorial_dag.py
[2025-06-16T11:47:14.941-0300] {logging_mixin.py:154} INFO - [2025-06-16T11:47:14.940-0300] {dag.py:2941} INFO - Sync 1 DAGs
[2025-06-16T11:47:14.960-0300] {logging_mixin.py:154} INFO - [2025-06-16T11:47:14.960-0300] {dag.py:3722} INFO - Setting next_dagrun for tutorial_dag to None, run_after=None
[2025-06-16T11:47:15.049-0300] {processor.py:179} INFO - Processing /mnt/c/Users/arcan/Documents/airflow/.venv/lib/python3.10/site-packages/airflow/example_dags/tutorial_dag.py took 0.196 seconds
[2025-06-16T11:48:19.064-0300] {processor.py:157} INFO - Started process (PID=53748) to work on /mnt/c/Users/arcan/Documents/airflow/.venv/lib/python3.10/site-packages/airflow/example_dags/tutorial_dag.py
[2025-06-16T11:48:19.065-0300] {processor.py:829} INFO - Processing file /mnt/c/Users/arcan/Documents/airflow/.venv/lib/python3.10/site-packages/airflow/example_dags/tutorial_dag.py for tasks to queue
[2025-06-16T11:48:19.067-0300] {logging_mixin.py:154} INFO - [2025-06-16T11:48:19.066-0300] {dagbag.py:536} INFO - Filling up the DagBag from /mnt/c/Users/arcan/Documents/airflow/.venv/lib/python3.10/site-packages/airflow/example_dags/tutorial_dag.py
[2025-06-16T11:48:19.095-0300] {processor.py:839} INFO - DAG(s) dict_keys(['tutorial_dag']) retrieved from /mnt/c/Users/arcan/Documents/airflow/.venv/lib/python3.10/site-packages/airflow/example_dags/tutorial_dag.py
[2025-06-16T11:48:19.138-0300] {logging_mixin.py:154} INFO - [2025-06-16T11:48:19.137-0300] {dag.py:2941} INFO - Sync 1 DAGs
[2025-06-16T11:48:19.156-0300] {logging_mixin.py:154} INFO - [2025-06-16T11:48:19.156-0300] {dag.py:3722} INFO - Setting next_dagrun for tutorial_dag to None, run_after=None
[2025-06-16T11:48:19.250-0300] {processor.py:179} INFO - Processing /mnt/c/Users/arcan/Documents/airflow/.venv/lib/python3.10/site-packages/airflow/example_dags/tutorial_dag.py took 0.190 seconds
[2025-06-16T11:49:21.619-0300] {processor.py:157} INFO - Started process (PID=54053) to work on /mnt/c/Users/arcan/Documents/airflow/.venv/lib/python3.10/site-packages/airflow/example_dags/tutorial_dag.py
[2025-06-16T11:49:21.620-0300] {processor.py:829} INFO - Processing file /mnt/c/Users/arcan/Documents/airflow/.venv/lib/python3.10/site-packages/airflow/example_dags/tutorial_dag.py for tasks to queue
[2025-06-16T11:49:21.622-0300] {logging_mixin.py:154} INFO - [2025-06-16T11:49:21.621-0300] {dagbag.py:536} INFO - Filling up the DagBag from /mnt/c/Users/arcan/Documents/airflow/.venv/lib/python3.10/site-packages/airflow/example_dags/tutorial_dag.py
[2025-06-16T11:49:21.658-0300] {processor.py:839} INFO - DAG(s) dict_keys(['tutorial_dag']) retrieved from /mnt/c/Users/arcan/Documents/airflow/.venv/lib/python3.10/site-packages/airflow/example_dags/tutorial_dag.py
[2025-06-16T11:49:21.713-0300] {logging_mixin.py:154} INFO - [2025-06-16T11:49:21.712-0300] {dag.py:2941} INFO - Sync 1 DAGs
[2025-06-16T11:49:21.736-0300] {logging_mixin.py:154} INFO - [2025-06-16T11:49:21.735-0300] {dag.py:3722} INFO - Setting next_dagrun for tutorial_dag to None, run_after=None
[2025-06-16T11:49:21.830-0300] {processor.py:179} INFO - Processing /mnt/c/Users/arcan/Documents/airflow/.venv/lib/python3.10/site-packages/airflow/example_dags/tutorial_dag.py took 0.216 seconds
[2025-06-16T11:50:23.853-0300] {processor.py:157} INFO - Started process (PID=54243) to work on /mnt/c/Users/arcan/Documents/airflow/.venv/lib/python3.10/site-packages/airflow/example_dags/tutorial_dag.py
[2025-06-16T11:50:23.856-0300] {processor.py:829} INFO - Processing file /mnt/c/Users/arcan/Documents/airflow/.venv/lib/python3.10/site-packages/airflow/example_dags/tutorial_dag.py for tasks to queue
[2025-06-16T11:50:23.857-0300] {logging_mixin.py:154} INFO - [2025-06-16T11:50:23.857-0300] {dagbag.py:536} INFO - Filling up the DagBag from /mnt/c/Users/arcan/Documents/airflow/.venv/lib/python3.10/site-packages/airflow/example_dags/tutorial_dag.py
[2025-06-16T11:50:23.887-0300] {processor.py:839} INFO - DAG(s) dict_keys(['tutorial_dag']) retrieved from /mnt/c/Users/arcan/Documents/airflow/.venv/lib/python3.10/site-packages/airflow/example_dags/tutorial_dag.py
[2025-06-16T11:50:23.929-0300] {logging_mixin.py:154} INFO - [2025-06-16T11:50:23.929-0300] {dag.py:2941} INFO - Sync 1 DAGs
[2025-06-16T11:50:23.950-0300] {logging_mixin.py:154} INFO - [2025-06-16T11:50:23.950-0300] {dag.py:3722} INFO - Setting next_dagrun for tutorial_dag to None, run_after=None
[2025-06-16T11:50:24.041-0300] {processor.py:179} INFO - Processing /mnt/c/Users/arcan/Documents/airflow/.venv/lib/python3.10/site-packages/airflow/example_dags/tutorial_dag.py took 0.191 seconds
[2025-06-16T11:51:23.755-0300] {processor.py:157} INFO - Started process (PID=54419) to work on /mnt/c/Users/arcan/Documents/airflow/.venv/lib/python3.10/site-packages/airflow/example_dags/tutorial_dag.py
[2025-06-16T11:51:23.756-0300] {processor.py:829} INFO - Processing file /mnt/c/Users/arcan/Documents/airflow/.venv/lib/python3.10/site-packages/airflow/example_dags/tutorial_dag.py for tasks to queue
[2025-06-16T11:51:23.758-0300] {logging_mixin.py:154} INFO - [2025-06-16T11:51:23.758-0300] {dagbag.py:536} INFO - Filling up the DagBag from /mnt/c/Users/arcan/Documents/airflow/.venv/lib/python3.10/site-packages/airflow/example_dags/tutorial_dag.py
[2025-06-16T11:51:23.795-0300] {processor.py:839} INFO - DAG(s) dict_keys(['tutorial_dag']) retrieved from /mnt/c/Users/arcan/Documents/airflow/.venv/lib/python3.10/site-packages/airflow/example_dags/tutorial_dag.py
[2025-06-16T11:51:23.839-0300] {logging_mixin.py:154} INFO - [2025-06-16T11:51:23.839-0300] {dag.py:2941} INFO - Sync 1 DAGs
[2025-06-16T11:51:23.857-0300] {logging_mixin.py:154} INFO - [2025-06-16T11:51:23.856-0300] {dag.py:3722} INFO - Setting next_dagrun for tutorial_dag to None, run_after=None
[2025-06-16T11:51:23.949-0300] {processor.py:179} INFO - Processing /mnt/c/Users/arcan/Documents/airflow/.venv/lib/python3.10/site-packages/airflow/example_dags/tutorial_dag.py took 0.199 seconds
[2025-06-16T11:52:30.884-0300] {processor.py:157} INFO - Started process (PID=54617) to work on /mnt/c/Users/arcan/Documents/airflow/.venv/lib/python3.10/site-packages/airflow/example_dags/tutorial_dag.py
[2025-06-16T11:52:30.886-0300] {processor.py:829} INFO - Processing file /mnt/c/Users/arcan/Documents/airflow/.venv/lib/python3.10/site-packages/airflow/example_dags/tutorial_dag.py for tasks to queue
[2025-06-16T11:52:30.887-0300] {logging_mixin.py:154} INFO - [2025-06-16T11:52:30.887-0300] {dagbag.py:536} INFO - Filling up the DagBag from /mnt/c/Users/arcan/Documents/airflow/.venv/lib/python3.10/site-packages/airflow/example_dags/tutorial_dag.py
[2025-06-16T11:52:30.921-0300] {processor.py:839} INFO - DAG(s) dict_keys(['tutorial_dag']) retrieved from /mnt/c/Users/arcan/Documents/airflow/.venv/lib/python3.10/site-packages/airflow/example_dags/tutorial_dag.py
[2025-06-16T11:52:30.962-0300] {logging_mixin.py:154} INFO - [2025-06-16T11:52:30.962-0300] {dag.py:2941} INFO - Sync 1 DAGs
[2025-06-16T11:52:30.983-0300] {logging_mixin.py:154} INFO - [2025-06-16T11:52:30.982-0300] {dag.py:3722} INFO - Setting next_dagrun for tutorial_dag to None, run_after=None
[2025-06-16T11:52:31.075-0300] {processor.py:179} INFO - Processing /mnt/c/Users/arcan/Documents/airflow/.venv/lib/python3.10/site-packages/airflow/example_dags/tutorial_dag.py took 0.195 seconds
[2025-06-16T11:53:35.888-0300] {processor.py:157} INFO - Started process (PID=54814) to work on /mnt/c/Users/arcan/Documents/airflow/.venv/lib/python3.10/site-packages/airflow/example_dags/tutorial_dag.py
[2025-06-16T11:53:35.890-0300] {processor.py:829} INFO - Processing file /mnt/c/Users/arcan/Documents/airflow/.venv/lib/python3.10/site-packages/airflow/example_dags/tutorial_dag.py for tasks to queue
[2025-06-16T11:53:35.892-0300] {logging_mixin.py:154} INFO - [2025-06-16T11:53:35.891-0300] {dagbag.py:536} INFO - Filling up the DagBag from /mnt/c/Users/arcan/Documents/airflow/.venv/lib/python3.10/site-packages/airflow/example_dags/tutorial_dag.py
[2025-06-16T11:53:35.926-0300] {processor.py:839} INFO - DAG(s) dict_keys(['tutorial_dag']) retrieved from /mnt/c/Users/arcan/Documents/airflow/.venv/lib/python3.10/site-packages/airflow/example_dags/tutorial_dag.py
[2025-06-16T11:53:35.975-0300] {logging_mixin.py:154} INFO - [2025-06-16T11:53:35.975-0300] {dag.py:2941} INFO - Sync 1 DAGs
[2025-06-16T11:53:35.994-0300] {logging_mixin.py:154} INFO - [2025-06-16T11:53:35.994-0300] {dag.py:3722} INFO - Setting next_dagrun for tutorial_dag to None, run_after=None
[2025-06-16T11:53:36.086-0300] {processor.py:179} INFO - Processing /mnt/c/Users/arcan/Documents/airflow/.venv/lib/python3.10/site-packages/airflow/example_dags/tutorial_dag.py took 0.202 seconds
[2025-06-16T11:54:38.159-0300] {processor.py:157} INFO - Started process (PID=54998) to work on /mnt/c/Users/arcan/Documents/airflow/.venv/lib/python3.10/site-packages/airflow/example_dags/tutorial_dag.py
[2025-06-16T11:54:38.161-0300] {processor.py:829} INFO - Processing file /mnt/c/Users/arcan/Documents/airflow/.venv/lib/python3.10/site-packages/airflow/example_dags/tutorial_dag.py for tasks to queue
[2025-06-16T11:54:38.163-0300] {logging_mixin.py:154} INFO - [2025-06-16T11:54:38.162-0300] {dagbag.py:536} INFO - Filling up the DagBag from /mnt/c/Users/arcan/Documents/airflow/.venv/lib/python3.10/site-packages/airflow/example_dags/tutorial_dag.py
[2025-06-16T11:54:38.193-0300] {processor.py:839} INFO - DAG(s) dict_keys(['tutorial_dag']) retrieved from /mnt/c/Users/arcan/Documents/airflow/.venv/lib/python3.10/site-packages/airflow/example_dags/tutorial_dag.py
[2025-06-16T11:54:38.239-0300] {logging_mixin.py:154} INFO - [2025-06-16T11:54:38.239-0300] {dag.py:2941} INFO - Sync 1 DAGs
[2025-06-16T11:54:38.258-0300] {logging_mixin.py:154} INFO - [2025-06-16T11:54:38.258-0300] {dag.py:3722} INFO - Setting next_dagrun for tutorial_dag to None, run_after=None
[2025-06-16T11:54:38.353-0300] {processor.py:179} INFO - Processing /mnt/c/Users/arcan/Documents/airflow/.venv/lib/python3.10/site-packages/airflow/example_dags/tutorial_dag.py took 0.198 seconds
[2025-06-16T11:55:36.376-0300] {processor.py:157} INFO - Started process (PID=55172) to work on /mnt/c/Users/arcan/Documents/airflow/.venv/lib/python3.10/site-packages/airflow/example_dags/tutorial_dag.py
[2025-06-16T11:55:36.379-0300] {processor.py:829} INFO - Processing file /mnt/c/Users/arcan/Documents/airflow/.venv/lib/python3.10/site-packages/airflow/example_dags/tutorial_dag.py for tasks to queue
[2025-06-16T11:55:36.380-0300] {logging_mixin.py:154} INFO - [2025-06-16T11:55:36.380-0300] {dagbag.py:536} INFO - Filling up the DagBag from /mnt/c/Users/arcan/Documents/airflow/.venv/lib/python3.10/site-packages/airflow/example_dags/tutorial_dag.py
[2025-06-16T11:55:36.408-0300] {processor.py:839} INFO - DAG(s) dict_keys(['tutorial_dag']) retrieved from /mnt/c/Users/arcan/Documents/airflow/.venv/lib/python3.10/site-packages/airflow/example_dags/tutorial_dag.py
[2025-06-16T11:55:36.447-0300] {logging_mixin.py:154} INFO - [2025-06-16T11:55:36.447-0300] {dag.py:2941} INFO - Sync 1 DAGs
[2025-06-16T11:55:36.467-0300] {logging_mixin.py:154} INFO - [2025-06-16T11:55:36.466-0300] {dag.py:3722} INFO - Setting next_dagrun for tutorial_dag to None, run_after=None
[2025-06-16T11:55:36.562-0300] {processor.py:179} INFO - Processing /mnt/c/Users/arcan/Documents/airflow/.venv/lib/python3.10/site-packages/airflow/example_dags/tutorial_dag.py took 0.190 seconds
[2025-06-16T11:56:41.587-0300] {processor.py:157} INFO - Started process (PID=55491) to work on /mnt/c/Users/arcan/Documents/airflow/.venv/lib/python3.10/site-packages/airflow/example_dags/tutorial_dag.py
[2025-06-16T11:56:41.590-0300] {processor.py:829} INFO - Processing file /mnt/c/Users/arcan/Documents/airflow/.venv/lib/python3.10/site-packages/airflow/example_dags/tutorial_dag.py for tasks to queue
[2025-06-16T11:56:41.592-0300] {logging_mixin.py:154} INFO - [2025-06-16T11:56:41.592-0300] {dagbag.py:536} INFO - Filling up the DagBag from /mnt/c/Users/arcan/Documents/airflow/.venv/lib/python3.10/site-packages/airflow/example_dags/tutorial_dag.py
[2025-06-16T11:56:41.628-0300] {processor.py:839} INFO - DAG(s) dict_keys(['tutorial_dag']) retrieved from /mnt/c/Users/arcan/Documents/airflow/.venv/lib/python3.10/site-packages/airflow/example_dags/tutorial_dag.py
[2025-06-16T11:56:41.680-0300] {logging_mixin.py:154} INFO - [2025-06-16T11:56:41.680-0300] {dag.py:2941} INFO - Sync 1 DAGs
[2025-06-16T11:56:41.702-0300] {logging_mixin.py:154} INFO - [2025-06-16T11:56:41.702-0300] {dag.py:3722} INFO - Setting next_dagrun for tutorial_dag to None, run_after=None
[2025-06-16T11:56:41.806-0300] {processor.py:179} INFO - Processing /mnt/c/Users/arcan/Documents/airflow/.venv/lib/python3.10/site-packages/airflow/example_dags/tutorial_dag.py took 0.225 seconds
[2025-06-16T11:57:44.261-0300] {processor.py:157} INFO - Started process (PID=55680) to work on /mnt/c/Users/arcan/Documents/airflow/.venv/lib/python3.10/site-packages/airflow/example_dags/tutorial_dag.py
[2025-06-16T11:57:44.262-0300] {processor.py:829} INFO - Processing file /mnt/c/Users/arcan/Documents/airflow/.venv/lib/python3.10/site-packages/airflow/example_dags/tutorial_dag.py for tasks to queue
[2025-06-16T11:57:44.264-0300] {logging_mixin.py:154} INFO - [2025-06-16T11:57:44.264-0300] {dagbag.py:536} INFO - Filling up the DagBag from /mnt/c/Users/arcan/Documents/airflow/.venv/lib/python3.10/site-packages/airflow/example_dags/tutorial_dag.py
[2025-06-16T11:57:44.293-0300] {processor.py:839} INFO - DAG(s) dict_keys(['tutorial_dag']) retrieved from /mnt/c/Users/arcan/Documents/airflow/.venv/lib/python3.10/site-packages/airflow/example_dags/tutorial_dag.py
[2025-06-16T11:57:44.335-0300] {logging_mixin.py:154} INFO - [2025-06-16T11:57:44.334-0300] {dag.py:2941} INFO - Sync 1 DAGs
[2025-06-16T11:57:44.350-0300] {logging_mixin.py:154} INFO - [2025-06-16T11:57:44.350-0300] {dag.py:3722} INFO - Setting next_dagrun for tutorial_dag to None, run_after=None
[2025-06-16T11:57:44.438-0300] {processor.py:179} INFO - Processing /mnt/c/Users/arcan/Documents/airflow/.venv/lib/python3.10/site-packages/airflow/example_dags/tutorial_dag.py took 0.183 seconds
[2025-06-16T11:58:49.268-0300] {processor.py:157} INFO - Started process (PID=55870) to work on /mnt/c/Users/arcan/Documents/airflow/.venv/lib/python3.10/site-packages/airflow/example_dags/tutorial_dag.py
[2025-06-16T11:58:49.270-0300] {processor.py:829} INFO - Processing file /mnt/c/Users/arcan/Documents/airflow/.venv/lib/python3.10/site-packages/airflow/example_dags/tutorial_dag.py for tasks to queue
[2025-06-16T11:58:49.272-0300] {logging_mixin.py:154} INFO - [2025-06-16T11:58:49.272-0300] {dagbag.py:536} INFO - Filling up the DagBag from /mnt/c/Users/arcan/Documents/airflow/.venv/lib/python3.10/site-packages/airflow/example_dags/tutorial_dag.py
[2025-06-16T11:58:49.301-0300] {processor.py:839} INFO - DAG(s) dict_keys(['tutorial_dag']) retrieved from /mnt/c/Users/arcan/Documents/airflow/.venv/lib/python3.10/site-packages/airflow/example_dags/tutorial_dag.py
[2025-06-16T11:58:49.340-0300] {logging_mixin.py:154} INFO - [2025-06-16T11:58:49.340-0300] {dag.py:2941} INFO - Sync 1 DAGs
[2025-06-16T11:58:49.355-0300] {logging_mixin.py:154} INFO - [2025-06-16T11:58:49.355-0300] {dag.py:3722} INFO - Setting next_dagrun for tutorial_dag to None, run_after=None
[2025-06-16T11:58:49.442-0300] {processor.py:179} INFO - Processing /mnt/c/Users/arcan/Documents/airflow/.venv/lib/python3.10/site-packages/airflow/example_dags/tutorial_dag.py took 0.177 seconds
[2025-06-16T11:59:53.777-0300] {processor.py:157} INFO - Started process (PID=56067) to work on /mnt/c/Users/arcan/Documents/airflow/.venv/lib/python3.10/site-packages/airflow/example_dags/tutorial_dag.py
[2025-06-16T11:59:53.778-0300] {processor.py:829} INFO - Processing file /mnt/c/Users/arcan/Documents/airflow/.venv/lib/python3.10/site-packages/airflow/example_dags/tutorial_dag.py for tasks to queue
[2025-06-16T11:59:53.780-0300] {logging_mixin.py:154} INFO - [2025-06-16T11:59:53.779-0300] {dagbag.py:536} INFO - Filling up the DagBag from /mnt/c/Users/arcan/Documents/airflow/.venv/lib/python3.10/site-packages/airflow/example_dags/tutorial_dag.py
[2025-06-16T11:59:53.810-0300] {processor.py:839} INFO - DAG(s) dict_keys(['tutorial_dag']) retrieved from /mnt/c/Users/arcan/Documents/airflow/.venv/lib/python3.10/site-packages/airflow/example_dags/tutorial_dag.py
[2025-06-16T11:59:53.853-0300] {logging_mixin.py:154} INFO - [2025-06-16T11:59:53.853-0300] {dag.py:2941} INFO - Sync 1 DAGs
[2025-06-16T11:59:53.869-0300] {logging_mixin.py:154} INFO - [2025-06-16T11:59:53.869-0300] {dag.py:3722} INFO - Setting next_dagrun for tutorial_dag to None, run_after=None
[2025-06-16T11:59:53.966-0300] {processor.py:179} INFO - Processing /mnt/c/Users/arcan/Documents/airflow/.venv/lib/python3.10/site-packages/airflow/example_dags/tutorial_dag.py took 0.193 seconds
[2025-06-16T12:00:58.997-0300] {processor.py:157} INFO - Started process (PID=56259) to work on /mnt/c/Users/arcan/Documents/airflow/.venv/lib/python3.10/site-packages/airflow/example_dags/tutorial_dag.py
[2025-06-16T12:00:58.999-0300] {processor.py:829} INFO - Processing file /mnt/c/Users/arcan/Documents/airflow/.venv/lib/python3.10/site-packages/airflow/example_dags/tutorial_dag.py for tasks to queue
[2025-06-16T12:00:59.000-0300] {logging_mixin.py:154} INFO - [2025-06-16T12:00:59.000-0300] {dagbag.py:536} INFO - Filling up the DagBag from /mnt/c/Users/arcan/Documents/airflow/.venv/lib/python3.10/site-packages/airflow/example_dags/tutorial_dag.py
[2025-06-16T12:00:59.033-0300] {processor.py:839} INFO - DAG(s) dict_keys(['tutorial_dag']) retrieved from /mnt/c/Users/arcan/Documents/airflow/.venv/lib/python3.10/site-packages/airflow/example_dags/tutorial_dag.py
[2025-06-16T12:00:59.073-0300] {logging_mixin.py:154} INFO - [2025-06-16T12:00:59.072-0300] {dag.py:2941} INFO - Sync 1 DAGs
[2025-06-16T12:00:59.091-0300] {logging_mixin.py:154} INFO - [2025-06-16T12:00:59.091-0300] {dag.py:3722} INFO - Setting next_dagrun for tutorial_dag to None, run_after=None
[2025-06-16T12:00:59.181-0300] {processor.py:179} INFO - Processing /mnt/c/Users/arcan/Documents/airflow/.venv/lib/python3.10/site-packages/airflow/example_dags/tutorial_dag.py took 0.188 seconds
[2025-06-16T12:02:07.236-0300] {processor.py:157} INFO - Started process (PID=56463) to work on /mnt/c/Users/arcan/Documents/airflow/.venv/lib/python3.10/site-packages/airflow/example_dags/tutorial_dag.py
[2025-06-16T12:02:07.238-0300] {processor.py:829} INFO - Processing file /mnt/c/Users/arcan/Documents/airflow/.venv/lib/python3.10/site-packages/airflow/example_dags/tutorial_dag.py for tasks to queue
[2025-06-16T12:02:07.241-0300] {logging_mixin.py:154} INFO - [2025-06-16T12:02:07.240-0300] {dagbag.py:536} INFO - Filling up the DagBag from /mnt/c/Users/arcan/Documents/airflow/.venv/lib/python3.10/site-packages/airflow/example_dags/tutorial_dag.py
[2025-06-16T12:02:07.275-0300] {processor.py:839} INFO - DAG(s) dict_keys(['tutorial_dag']) retrieved from /mnt/c/Users/arcan/Documents/airflow/.venv/lib/python3.10/site-packages/airflow/example_dags/tutorial_dag.py
[2025-06-16T12:02:07.317-0300] {logging_mixin.py:154} INFO - [2025-06-16T12:02:07.317-0300] {dag.py:2941} INFO - Sync 1 DAGs
[2025-06-16T12:02:07.333-0300] {logging_mixin.py:154} INFO - [2025-06-16T12:02:07.333-0300] {dag.py:3722} INFO - Setting next_dagrun for tutorial_dag to None, run_after=None
[2025-06-16T12:02:07.422-0300] {processor.py:179} INFO - Processing /mnt/c/Users/arcan/Documents/airflow/.venv/lib/python3.10/site-packages/airflow/example_dags/tutorial_dag.py took 0.190 seconds
[2025-06-16T12:03:14.486-0300] {processor.py:157} INFO - Started process (PID=56784) to work on /mnt/c/Users/arcan/Documents/airflow/.venv/lib/python3.10/site-packages/airflow/example_dags/tutorial_dag.py
[2025-06-16T12:03:14.488-0300] {processor.py:829} INFO - Processing file /mnt/c/Users/arcan/Documents/airflow/.venv/lib/python3.10/site-packages/airflow/example_dags/tutorial_dag.py for tasks to queue
[2025-06-16T12:03:14.490-0300] {logging_mixin.py:154} INFO - [2025-06-16T12:03:14.489-0300] {dagbag.py:536} INFO - Filling up the DagBag from /mnt/c/Users/arcan/Documents/airflow/.venv/lib/python3.10/site-packages/airflow/example_dags/tutorial_dag.py
[2025-06-16T12:03:14.522-0300] {processor.py:839} INFO - DAG(s) dict_keys(['tutorial_dag']) retrieved from /mnt/c/Users/arcan/Documents/airflow/.venv/lib/python3.10/site-packages/airflow/example_dags/tutorial_dag.py
[2025-06-16T12:03:14.561-0300] {logging_mixin.py:154} INFO - [2025-06-16T12:03:14.561-0300] {dag.py:2941} INFO - Sync 1 DAGs
[2025-06-16T12:03:14.577-0300] {logging_mixin.py:154} INFO - [2025-06-16T12:03:14.576-0300] {dag.py:3722} INFO - Setting next_dagrun for tutorial_dag to None, run_after=None
[2025-06-16T12:03:14.666-0300] {processor.py:179} INFO - Processing /mnt/c/Users/arcan/Documents/airflow/.venv/lib/python3.10/site-packages/airflow/example_dags/tutorial_dag.py took 0.184 seconds
[2025-06-16T12:04:19.368-0300] {processor.py:157} INFO - Started process (PID=56983) to work on /mnt/c/Users/arcan/Documents/airflow/.venv/lib/python3.10/site-packages/airflow/example_dags/tutorial_dag.py
[2025-06-16T12:04:19.371-0300] {processor.py:829} INFO - Processing file /mnt/c/Users/arcan/Documents/airflow/.venv/lib/python3.10/site-packages/airflow/example_dags/tutorial_dag.py for tasks to queue
[2025-06-16T12:04:19.372-0300] {logging_mixin.py:154} INFO - [2025-06-16T12:04:19.372-0300] {dagbag.py:536} INFO - Filling up the DagBag from /mnt/c/Users/arcan/Documents/airflow/.venv/lib/python3.10/site-packages/airflow/example_dags/tutorial_dag.py
[2025-06-16T12:04:19.403-0300] {processor.py:839} INFO - DAG(s) dict_keys(['tutorial_dag']) retrieved from /mnt/c/Users/arcan/Documents/airflow/.venv/lib/python3.10/site-packages/airflow/example_dags/tutorial_dag.py
[2025-06-16T12:04:19.444-0300] {logging_mixin.py:154} INFO - [2025-06-16T12:04:19.444-0300] {dag.py:2941} INFO - Sync 1 DAGs
[2025-06-16T12:04:19.460-0300] {logging_mixin.py:154} INFO - [2025-06-16T12:04:19.460-0300] {dag.py:3722} INFO - Setting next_dagrun for tutorial_dag to None, run_after=None
[2025-06-16T12:04:19.551-0300] {processor.py:179} INFO - Processing /mnt/c/Users/arcan/Documents/airflow/.venv/lib/python3.10/site-packages/airflow/example_dags/tutorial_dag.py took 0.186 seconds
