[2025-06-12T23:02:50.108-0300] {processor.py:157} INFO - Started process (PID=37827) to work on /mnt/c/Users/arcan/Documents/airflow/.venv/lib/python3.10/site-packages/airflow/example_dags/example_setup_teardown_taskflow.py
[2025-06-12T23:02:50.111-0300] {processor.py:829} INFO - Processing file /mnt/c/Users/arcan/Documents/airflow/.venv/lib/python3.10/site-packages/airflow/example_dags/example_setup_teardown_taskflow.py for tasks to queue
[2025-06-12T23:02:50.112-0300] {logging_mixin.py:154} INFO - [2025-06-12T23:02:50.112-0300] {dagbag.py:536} INFO - Filling up the DagBag from /mnt/c/Users/arcan/Documents/airflow/.venv/lib/python3.10/site-packages/airflow/example_dags/example_setup_teardown_taskflow.py
[2025-06-12T23:02:50.149-0300] {processor.py:839} INFO - DAG(s) dict_keys(['example_setup_teardown_taskflow']) retrieved from /mnt/c/Users/arcan/Documents/airflow/.venv/lib/python3.10/site-packages/airflow/example_dags/example_setup_teardown_taskflow.py
[2025-06-12T23:02:51.668-0300] {logging_mixin.py:154} INFO - [2025-06-12T23:02:51.668-0300] {manager.py:499} INFO - Created Permission View: %s
[2025-06-12T23:02:51.722-0300] {logging_mixin.py:154} INFO - [2025-06-12T23:02:51.722-0300] {manager.py:499} INFO - Created Permission View: %s
[2025-06-12T23:02:51.772-0300] {logging_mixin.py:154} INFO - [2025-06-12T23:02:51.771-0300] {manager.py:499} INFO - Created Permission View: %s
[2025-06-12T23:02:51.772-0300] {logging_mixin.py:154} INFO - [2025-06-12T23:02:51.772-0300] {dag.py:2941} INFO - Sync 1 DAGs
[2025-06-12T23:02:51.792-0300] {logging_mixin.py:154} INFO - [2025-06-12T23:02:51.792-0300] {dag.py:2963} INFO - Creating ORM DAG for example_setup_teardown_taskflow
[2025-06-12T23:02:51.807-0300] {logging_mixin.py:154} INFO - [2025-06-12T23:02:51.807-0300] {dag.py:3722} INFO - Setting next_dagrun for example_setup_teardown_taskflow to 2025-06-12T02:02:51.806850+00:00, run_after=2025-06-13T02:02:51.806850+00:00
[2025-06-12T23:02:51.902-0300] {processor.py:179} INFO - Processing /mnt/c/Users/arcan/Documents/airflow/.venv/lib/python3.10/site-packages/airflow/example_dags/example_setup_teardown_taskflow.py took 1.799 seconds
[2025-06-12T23:04:35.176-0300] {processor.py:157} INFO - Started process (PID=38088) to work on /mnt/c/Users/arcan/Documents/airflow/.venv/lib/python3.10/site-packages/airflow/example_dags/example_setup_teardown_taskflow.py
[2025-06-12T23:04:35.178-0300] {processor.py:829} INFO - Processing file /mnt/c/Users/arcan/Documents/airflow/.venv/lib/python3.10/site-packages/airflow/example_dags/example_setup_teardown_taskflow.py for tasks to queue
[2025-06-12T23:04:35.179-0300] {logging_mixin.py:154} INFO - [2025-06-12T23:04:35.179-0300] {dagbag.py:536} INFO - Filling up the DagBag from /mnt/c/Users/arcan/Documents/airflow/.venv/lib/python3.10/site-packages/airflow/example_dags/example_setup_teardown_taskflow.py
[2025-06-12T23:04:35.213-0300] {processor.py:839} INFO - DAG(s) dict_keys(['example_setup_teardown_taskflow']) retrieved from /mnt/c/Users/arcan/Documents/airflow/.venv/lib/python3.10/site-packages/airflow/example_dags/example_setup_teardown_taskflow.py
[2025-06-12T23:04:35.250-0300] {logging_mixin.py:154} INFO - [2025-06-12T23:04:35.250-0300] {dag.py:2941} INFO - Sync 1 DAGs
[2025-06-12T23:04:35.280-0300] {logging_mixin.py:154} INFO - [2025-06-12T23:04:35.280-0300] {dag.py:3722} INFO - Setting next_dagrun for example_setup_teardown_taskflow to 2025-06-12T02:04:35.280041+00:00, run_after=2025-06-13T02:04:35.280041+00:00
[2025-06-12T23:04:35.364-0300] {processor.py:179} INFO - Processing /mnt/c/Users/arcan/Documents/airflow/.venv/lib/python3.10/site-packages/airflow/example_dags/example_setup_teardown_taskflow.py took 0.191 seconds
[2025-06-12T23:05:37.075-0300] {processor.py:157} INFO - Started process (PID=38265) to work on /mnt/c/Users/arcan/Documents/airflow/.venv/lib/python3.10/site-packages/airflow/example_dags/example_setup_teardown_taskflow.py
[2025-06-12T23:05:37.077-0300] {processor.py:829} INFO - Processing file /mnt/c/Users/arcan/Documents/airflow/.venv/lib/python3.10/site-packages/airflow/example_dags/example_setup_teardown_taskflow.py for tasks to queue
[2025-06-12T23:05:37.079-0300] {logging_mixin.py:154} INFO - [2025-06-12T23:05:37.078-0300] {dagbag.py:536} INFO - Filling up the DagBag from /mnt/c/Users/arcan/Documents/airflow/.venv/lib/python3.10/site-packages/airflow/example_dags/example_setup_teardown_taskflow.py
[2025-06-12T23:05:37.116-0300] {processor.py:839} INFO - DAG(s) dict_keys(['example_setup_teardown_taskflow']) retrieved from /mnt/c/Users/arcan/Documents/airflow/.venv/lib/python3.10/site-packages/airflow/example_dags/example_setup_teardown_taskflow.py
[2025-06-12T23:05:37.165-0300] {logging_mixin.py:154} INFO - [2025-06-12T23:05:37.165-0300] {dag.py:2941} INFO - Sync 1 DAGs
[2025-06-12T23:05:37.200-0300] {logging_mixin.py:154} INFO - [2025-06-12T23:05:37.199-0300] {dag.py:3722} INFO - Setting next_dagrun for example_setup_teardown_taskflow to 2025-06-12T02:05:37.199609+00:00, run_after=2025-06-13T02:05:37.199609+00:00
[2025-06-12T23:05:37.302-0300] {processor.py:179} INFO - Processing /mnt/c/Users/arcan/Documents/airflow/.venv/lib/python3.10/site-packages/airflow/example_dags/example_setup_teardown_taskflow.py took 0.230 seconds
[2025-06-12T23:08:36.649-0300] {processor.py:157} INFO - Started process (PID=38686) to work on /mnt/c/Users/arcan/Documents/airflow/.venv/lib/python3.10/site-packages/airflow/example_dags/example_setup_teardown_taskflow.py
[2025-06-12T23:08:36.651-0300] {processor.py:829} INFO - Processing file /mnt/c/Users/arcan/Documents/airflow/.venv/lib/python3.10/site-packages/airflow/example_dags/example_setup_teardown_taskflow.py for tasks to queue
[2025-06-12T23:08:36.653-0300] {logging_mixin.py:154} INFO - [2025-06-12T23:08:36.653-0300] {dagbag.py:536} INFO - Filling up the DagBag from /mnt/c/Users/arcan/Documents/airflow/.venv/lib/python3.10/site-packages/airflow/example_dags/example_setup_teardown_taskflow.py
[2025-06-12T23:08:36.702-0300] {processor.py:839} INFO - DAG(s) dict_keys(['example_setup_teardown_taskflow']) retrieved from /mnt/c/Users/arcan/Documents/airflow/.venv/lib/python3.10/site-packages/airflow/example_dags/example_setup_teardown_taskflow.py
[2025-06-12T23:08:38.381-0300] {logging_mixin.py:154} INFO - [2025-06-12T23:08:38.381-0300] {manager.py:499} INFO - Created Permission View: %s
[2025-06-12T23:08:38.430-0300] {logging_mixin.py:154} INFO - [2025-06-12T23:08:38.429-0300] {manager.py:499} INFO - Created Permission View: %s
[2025-06-12T23:08:38.479-0300] {logging_mixin.py:154} INFO - [2025-06-12T23:08:38.478-0300] {manager.py:499} INFO - Created Permission View: %s
[2025-06-12T23:08:38.480-0300] {logging_mixin.py:154} INFO - [2025-06-12T23:08:38.479-0300] {dag.py:2941} INFO - Sync 1 DAGs
[2025-06-12T23:08:38.507-0300] {logging_mixin.py:154} INFO - [2025-06-12T23:08:38.507-0300] {dag.py:2963} INFO - Creating ORM DAG for example_setup_teardown_taskflow
[2025-06-12T23:08:38.524-0300] {logging_mixin.py:154} INFO - [2025-06-12T23:08:38.524-0300] {dag.py:3722} INFO - Setting next_dagrun for example_setup_teardown_taskflow to 2025-06-12T02:08:38.524133+00:00, run_after=2025-06-13T02:08:38.524133+00:00
[2025-06-12T23:08:38.626-0300] {processor.py:179} INFO - Processing /mnt/c/Users/arcan/Documents/airflow/.venv/lib/python3.10/site-packages/airflow/example_dags/example_setup_teardown_taskflow.py took 1.983 seconds
[2025-06-12T23:11:36.724-0300] {processor.py:157} INFO - Started process (PID=39273) to work on /mnt/c/Users/arcan/Documents/airflow/.venv/lib/python3.10/site-packages/airflow/example_dags/example_setup_teardown_taskflow.py
[2025-06-12T23:11:36.727-0300] {processor.py:829} INFO - Processing file /mnt/c/Users/arcan/Documents/airflow/.venv/lib/python3.10/site-packages/airflow/example_dags/example_setup_teardown_taskflow.py for tasks to queue
[2025-06-12T23:11:36.730-0300] {logging_mixin.py:154} INFO - [2025-06-12T23:11:36.729-0300] {dagbag.py:536} INFO - Filling up the DagBag from /mnt/c/Users/arcan/Documents/airflow/.venv/lib/python3.10/site-packages/airflow/example_dags/example_setup_teardown_taskflow.py
[2025-06-12T23:11:36.767-0300] {processor.py:839} INFO - DAG(s) dict_keys(['example_setup_teardown_taskflow']) retrieved from /mnt/c/Users/arcan/Documents/airflow/.venv/lib/python3.10/site-packages/airflow/example_dags/example_setup_teardown_taskflow.py
[2025-06-12T23:11:36.823-0300] {logging_mixin.py:154} INFO - [2025-06-12T23:11:36.823-0300] {dag.py:2941} INFO - Sync 1 DAGs
[2025-06-12T23:11:36.858-0300] {logging_mixin.py:154} INFO - [2025-06-12T23:11:36.858-0300] {dag.py:3722} INFO - Setting next_dagrun for example_setup_teardown_taskflow to 2025-06-12T02:11:36.857902+00:00, run_after=2025-06-13T02:11:36.857902+00:00
[2025-06-12T23:11:36.946-0300] {processor.py:179} INFO - Processing /mnt/c/Users/arcan/Documents/airflow/.venv/lib/python3.10/site-packages/airflow/example_dags/example_setup_teardown_taskflow.py took 0.228 seconds
[2025-06-12T23:16:24.237-0300] {processor.py:157} INFO - Started process (PID=40761) to work on /mnt/c/Users/arcan/Documents/airflow/.venv/lib/python3.10/site-packages/airflow/example_dags/example_setup_teardown_taskflow.py
[2025-06-12T23:16:24.239-0300] {processor.py:829} INFO - Processing file /mnt/c/Users/arcan/Documents/airflow/.venv/lib/python3.10/site-packages/airflow/example_dags/example_setup_teardown_taskflow.py for tasks to queue
[2025-06-12T23:16:24.241-0300] {logging_mixin.py:154} INFO - [2025-06-12T23:16:24.241-0300] {dagbag.py:536} INFO - Filling up the DagBag from /mnt/c/Users/arcan/Documents/airflow/.venv/lib/python3.10/site-packages/airflow/example_dags/example_setup_teardown_taskflow.py
[2025-06-12T23:16:24.277-0300] {processor.py:839} INFO - DAG(s) dict_keys(['example_setup_teardown_taskflow']) retrieved from /mnt/c/Users/arcan/Documents/airflow/.venv/lib/python3.10/site-packages/airflow/example_dags/example_setup_teardown_taskflow.py
[2025-06-12T23:16:24.340-0300] {logging_mixin.py:154} INFO - [2025-06-12T23:16:24.340-0300] {dag.py:2941} INFO - Sync 1 DAGs
[2025-06-12T23:16:24.365-0300] {logging_mixin.py:154} INFO - [2025-06-12T23:16:24.365-0300] {dag.py:3722} INFO - Setting next_dagrun for example_setup_teardown_taskflow to 2025-06-12T02:16:24.365344+00:00, run_after=2025-06-13T02:16:24.365344+00:00
[2025-06-12T23:16:24.479-0300] {processor.py:179} INFO - Processing /mnt/c/Users/arcan/Documents/airflow/.venv/lib/python3.10/site-packages/airflow/example_dags/example_setup_teardown_taskflow.py took 0.246 seconds
[2025-06-12T23:17:25.622-0300] {processor.py:157} INFO - Started process (PID=40941) to work on /mnt/c/Users/arcan/Documents/airflow/.venv/lib/python3.10/site-packages/airflow/example_dags/example_setup_teardown_taskflow.py
[2025-06-12T23:17:25.624-0300] {processor.py:829} INFO - Processing file /mnt/c/Users/arcan/Documents/airflow/.venv/lib/python3.10/site-packages/airflow/example_dags/example_setup_teardown_taskflow.py for tasks to queue
[2025-06-12T23:17:25.625-0300] {logging_mixin.py:154} INFO - [2025-06-12T23:17:25.625-0300] {dagbag.py:536} INFO - Filling up the DagBag from /mnt/c/Users/arcan/Documents/airflow/.venv/lib/python3.10/site-packages/airflow/example_dags/example_setup_teardown_taskflow.py
[2025-06-12T23:17:25.660-0300] {processor.py:839} INFO - DAG(s) dict_keys(['example_setup_teardown_taskflow']) retrieved from /mnt/c/Users/arcan/Documents/airflow/.venv/lib/python3.10/site-packages/airflow/example_dags/example_setup_teardown_taskflow.py
[2025-06-12T23:17:25.699-0300] {logging_mixin.py:154} INFO - [2025-06-12T23:17:25.698-0300] {dag.py:2941} INFO - Sync 1 DAGs
[2025-06-12T23:17:25.728-0300] {logging_mixin.py:154} INFO - [2025-06-12T23:17:25.727-0300] {dag.py:3722} INFO - Setting next_dagrun for example_setup_teardown_taskflow to 2025-06-12T02:17:25.727694+00:00, run_after=2025-06-13T02:17:25.727694+00:00
[2025-06-12T23:17:25.812-0300] {processor.py:179} INFO - Processing /mnt/c/Users/arcan/Documents/airflow/.venv/lib/python3.10/site-packages/airflow/example_dags/example_setup_teardown_taskflow.py took 0.194 seconds
