[2025-06-12T23:03:31.736-0300] {processor.py:157} INFO - Started process (PID=37926) to work on /mnt/c/Users/arcan/Documents/airflow/.venv/lib/python3.10/site-packages/airflow/example_dags/example_dynamic_task_mapping.py
[2025-06-12T23:03:31.738-0300] {processor.py:829} INFO - Processing file /mnt/c/Users/arcan/Documents/airflow/.venv/lib/python3.10/site-packages/airflow/example_dags/example_dynamic_task_mapping.py for tasks to queue
[2025-06-12T23:03:31.740-0300] {logging_mixin.py:154} INFO - [2025-06-12T23:03:31.740-0300] {dagbag.py:536} INFO - Filling up the DagBag from /mnt/c/Users/arcan/Documents/airflow/.venv/lib/python3.10/site-packages/airflow/example_dags/example_dynamic_task_mapping.py
[2025-06-12T23:03:31.772-0300] {processor.py:839} INFO - DAG(s) dict_keys(['example_dynamic_task_mapping']) retrieved from /mnt/c/Users/arcan/Documents/airflow/.venv/lib/python3.10/site-packages/airflow/example_dags/example_dynamic_task_mapping.py
[2025-06-12T23:03:33.342-0300] {logging_mixin.py:154} INFO - [2025-06-12T23:03:33.342-0300] {manager.py:499} INFO - Created Permission View: %s
[2025-06-12T23:03:33.388-0300] {logging_mixin.py:154} INFO - [2025-06-12T23:03:33.387-0300] {manager.py:499} INFO - Created Permission View: %s
[2025-06-12T23:03:33.433-0300] {logging_mixin.py:154} INFO - [2025-06-12T23:03:33.432-0300] {manager.py:499} INFO - Created Permission View: %s
[2025-06-12T23:03:33.433-0300] {logging_mixin.py:154} INFO - [2025-06-12T23:03:33.433-0300] {dag.py:2941} INFO - Sync 1 DAGs
[2025-06-12T23:03:33.453-0300] {logging_mixin.py:154} INFO - [2025-06-12T23:03:33.453-0300] {dag.py:2963} INFO - Creating ORM DAG for example_dynamic_task_mapping
[2025-06-12T23:03:33.466-0300] {logging_mixin.py:154} INFO - [2025-06-12T23:03:33.466-0300] {dag.py:3722} INFO - Setting next_dagrun for example_dynamic_task_mapping to 2022-03-04T00:00:00+00:00, run_after=2022-03-05T00:00:00+00:00
[2025-06-12T23:03:33.553-0300] {processor.py:179} INFO - Processing /mnt/c/Users/arcan/Documents/airflow/.venv/lib/python3.10/site-packages/airflow/example_dags/example_dynamic_task_mapping.py took 1.821 seconds
[2025-06-12T23:04:53.470-0300] {processor.py:157} INFO - Started process (PID=38142) to work on /mnt/c/Users/arcan/Documents/airflow/.venv/lib/python3.10/site-packages/airflow/example_dags/example_dynamic_task_mapping.py
[2025-06-12T23:04:53.472-0300] {processor.py:829} INFO - Processing file /mnt/c/Users/arcan/Documents/airflow/.venv/lib/python3.10/site-packages/airflow/example_dags/example_dynamic_task_mapping.py for tasks to queue
[2025-06-12T23:04:53.473-0300] {logging_mixin.py:154} INFO - [2025-06-12T23:04:53.473-0300] {dagbag.py:536} INFO - Filling up the DagBag from /mnt/c/Users/arcan/Documents/airflow/.venv/lib/python3.10/site-packages/airflow/example_dags/example_dynamic_task_mapping.py
[2025-06-12T23:04:53.508-0300] {processor.py:839} INFO - DAG(s) dict_keys(['example_dynamic_task_mapping']) retrieved from /mnt/c/Users/arcan/Documents/airflow/.venv/lib/python3.10/site-packages/airflow/example_dags/example_dynamic_task_mapping.py
[2025-06-12T23:04:53.548-0300] {logging_mixin.py:154} INFO - [2025-06-12T23:04:53.548-0300] {dag.py:2941} INFO - Sync 1 DAGs
[2025-06-12T23:04:53.581-0300] {logging_mixin.py:154} INFO - [2025-06-12T23:04:53.581-0300] {dag.py:3722} INFO - Setting next_dagrun for example_dynamic_task_mapping to 2022-03-04T00:00:00+00:00, run_after=2022-03-05T00:00:00+00:00
[2025-06-12T23:04:53.677-0300] {processor.py:179} INFO - Processing /mnt/c/Users/arcan/Documents/airflow/.venv/lib/python3.10/site-packages/airflow/example_dags/example_dynamic_task_mapping.py took 0.212 seconds
[2025-06-12T23:09:18.120-0300] {processor.py:157} INFO - Started process (PID=38936) to work on /mnt/c/Users/arcan/Documents/airflow/.venv/lib/python3.10/site-packages/airflow/example_dags/example_dynamic_task_mapping.py
[2025-06-12T23:09:18.122-0300] {processor.py:829} INFO - Processing file /mnt/c/Users/arcan/Documents/airflow/.venv/lib/python3.10/site-packages/airflow/example_dags/example_dynamic_task_mapping.py for tasks to queue
[2025-06-12T23:09:18.123-0300] {logging_mixin.py:154} INFO - [2025-06-12T23:09:18.123-0300] {dagbag.py:536} INFO - Filling up the DagBag from /mnt/c/Users/arcan/Documents/airflow/.venv/lib/python3.10/site-packages/airflow/example_dags/example_dynamic_task_mapping.py
[2025-06-12T23:09:18.156-0300] {processor.py:839} INFO - DAG(s) dict_keys(['example_dynamic_task_mapping']) retrieved from /mnt/c/Users/arcan/Documents/airflow/.venv/lib/python3.10/site-packages/airflow/example_dags/example_dynamic_task_mapping.py
[2025-06-12T23:09:19.783-0300] {logging_mixin.py:154} INFO - [2025-06-12T23:09:19.782-0300] {manager.py:499} INFO - Created Permission View: %s
[2025-06-12T23:09:19.836-0300] {logging_mixin.py:154} INFO - [2025-06-12T23:09:19.835-0300] {manager.py:499} INFO - Created Permission View: %s
[2025-06-12T23:09:19.888-0300] {logging_mixin.py:154} INFO - [2025-06-12T23:09:19.887-0300] {manager.py:499} INFO - Created Permission View: %s
[2025-06-12T23:09:19.888-0300] {logging_mixin.py:154} INFO - [2025-06-12T23:09:19.888-0300] {dag.py:2941} INFO - Sync 1 DAGs
[2025-06-12T23:09:19.912-0300] {logging_mixin.py:154} INFO - [2025-06-12T23:09:19.912-0300] {dag.py:2963} INFO - Creating ORM DAG for example_dynamic_task_mapping
[2025-06-12T23:09:19.927-0300] {logging_mixin.py:154} INFO - [2025-06-12T23:09:19.927-0300] {dag.py:3722} INFO - Setting next_dagrun for example_dynamic_task_mapping to 2022-03-04T00:00:00+00:00, run_after=2022-03-05T00:00:00+00:00
[2025-06-12T23:09:20.026-0300] {processor.py:179} INFO - Processing /mnt/c/Users/arcan/Documents/airflow/.venv/lib/python3.10/site-packages/airflow/example_dags/example_dynamic_task_mapping.py took 1.909 seconds
[2025-06-12T23:11:57.119-0300] {processor.py:157} INFO - Started process (PID=39338) to work on /mnt/c/Users/arcan/Documents/airflow/.venv/lib/python3.10/site-packages/airflow/example_dags/example_dynamic_task_mapping.py
[2025-06-12T23:11:57.121-0300] {processor.py:829} INFO - Processing file /mnt/c/Users/arcan/Documents/airflow/.venv/lib/python3.10/site-packages/airflow/example_dags/example_dynamic_task_mapping.py for tasks to queue
[2025-06-12T23:11:57.122-0300] {logging_mixin.py:154} INFO - [2025-06-12T23:11:57.121-0300] {dagbag.py:536} INFO - Filling up the DagBag from /mnt/c/Users/arcan/Documents/airflow/.venv/lib/python3.10/site-packages/airflow/example_dags/example_dynamic_task_mapping.py
[2025-06-12T23:11:57.153-0300] {processor.py:839} INFO - DAG(s) dict_keys(['example_dynamic_task_mapping']) retrieved from /mnt/c/Users/arcan/Documents/airflow/.venv/lib/python3.10/site-packages/airflow/example_dags/example_dynamic_task_mapping.py
[2025-06-12T23:11:57.198-0300] {logging_mixin.py:154} INFO - [2025-06-12T23:11:57.197-0300] {dag.py:2941} INFO - Sync 1 DAGs
[2025-06-12T23:11:57.230-0300] {logging_mixin.py:154} INFO - [2025-06-12T23:11:57.230-0300] {dag.py:3722} INFO - Setting next_dagrun for example_dynamic_task_mapping to 2022-03-04T00:00:00+00:00, run_after=2022-03-05T00:00:00+00:00
[2025-06-12T23:11:57.317-0300] {processor.py:179} INFO - Processing /mnt/c/Users/arcan/Documents/airflow/.venv/lib/python3.10/site-packages/airflow/example_dags/example_dynamic_task_mapping.py took 0.202 seconds
[2025-06-12T23:16:42.955-0300] {processor.py:157} INFO - Started process (PID=40816) to work on /mnt/c/Users/arcan/Documents/airflow/.venv/lib/python3.10/site-packages/airflow/example_dags/example_dynamic_task_mapping.py
[2025-06-12T23:16:42.957-0300] {processor.py:829} INFO - Processing file /mnt/c/Users/arcan/Documents/airflow/.venv/lib/python3.10/site-packages/airflow/example_dags/example_dynamic_task_mapping.py for tasks to queue
[2025-06-12T23:16:42.959-0300] {logging_mixin.py:154} INFO - [2025-06-12T23:16:42.958-0300] {dagbag.py:536} INFO - Filling up the DagBag from /mnt/c/Users/arcan/Documents/airflow/.venv/lib/python3.10/site-packages/airflow/example_dags/example_dynamic_task_mapping.py
[2025-06-12T23:16:42.990-0300] {processor.py:839} INFO - DAG(s) dict_keys(['example_dynamic_task_mapping']) retrieved from /mnt/c/Users/arcan/Documents/airflow/.venv/lib/python3.10/site-packages/airflow/example_dags/example_dynamic_task_mapping.py
[2025-06-12T23:16:43.027-0300] {logging_mixin.py:154} INFO - [2025-06-12T23:16:43.027-0300] {dag.py:2941} INFO - Sync 1 DAGs
[2025-06-12T23:16:43.053-0300] {logging_mixin.py:154} INFO - [2025-06-12T23:16:43.053-0300] {dag.py:3722} INFO - Setting next_dagrun for example_dynamic_task_mapping to 2022-03-04T00:00:00+00:00, run_after=2022-03-05T00:00:00+00:00
[2025-06-12T23:16:43.136-0300] {processor.py:179} INFO - Processing /mnt/c/Users/arcan/Documents/airflow/.venv/lib/python3.10/site-packages/airflow/example_dags/example_dynamic_task_mapping.py took 0.185 seconds
