[2025-06-12T23:02:53.204-0300] {processor.py:157} INFO - Started process (PID=37836) to work on /mnt/c/Users/arcan/Documents/airflow/.venv/lib/python3.10/site-packages/airflow/example_dags/example_setup_teardown.py
[2025-06-12T23:02:53.207-0300] {processor.py:829} INFO - Processing file /mnt/c/Users/arcan/Documents/airflow/.venv/lib/python3.10/site-packages/airflow/example_dags/example_setup_teardown.py for tasks to queue
[2025-06-12T23:02:53.209-0300] {logging_mixin.py:154} INFO - [2025-06-12T23:02:53.209-0300] {dagbag.py:536} INFO - Filling up the DagBag from /mnt/c/Users/arcan/Documents/airflow/.venv/lib/python3.10/site-packages/airflow/example_dags/example_setup_teardown.py
[2025-06-12T23:02:53.244-0300] {processor.py:839} INFO - DAG(s) dict_keys(['example_setup_teardown']) retrieved from /mnt/c/Users/arcan/Documents/airflow/.venv/lib/python3.10/site-packages/airflow/example_dags/example_setup_teardown.py
[2025-06-12T23:02:54.813-0300] {logging_mixin.py:154} INFO - [2025-06-12T23:02:54.813-0300] {manager.py:499} INFO - Created Permission View: %s
[2025-06-12T23:02:54.862-0300] {logging_mixin.py:154} INFO - [2025-06-12T23:02:54.862-0300] {manager.py:499} INFO - Created Permission View: %s
[2025-06-12T23:02:54.905-0300] {logging_mixin.py:154} INFO - [2025-06-12T23:02:54.905-0300] {manager.py:499} INFO - Created Permission View: %s
[2025-06-12T23:02:54.906-0300] {logging_mixin.py:154} INFO - [2025-06-12T23:02:54.905-0300] {dag.py:2941} INFO - Sync 1 DAGs
[2025-06-12T23:02:54.929-0300] {logging_mixin.py:154} INFO - [2025-06-12T23:02:54.929-0300] {dag.py:2963} INFO - Creating ORM DAG for example_setup_teardown
[2025-06-12T23:02:54.943-0300] {logging_mixin.py:154} INFO - [2025-06-12T23:02:54.943-0300] {dag.py:3722} INFO - Setting next_dagrun for example_setup_teardown to 2025-06-12T02:02:54.943264+00:00, run_after=2025-06-13T02:02:54.943264+00:00
[2025-06-12T23:02:55.038-0300] {processor.py:179} INFO - Processing /mnt/c/Users/arcan/Documents/airflow/.venv/lib/python3.10/site-packages/airflow/example_dags/example_setup_teardown.py took 1.839 seconds
[2025-06-12T23:04:36.602-0300] {processor.py:157} INFO - Started process (PID=38096) to work on /mnt/c/Users/arcan/Documents/airflow/.venv/lib/python3.10/site-packages/airflow/example_dags/example_setup_teardown.py
[2025-06-12T23:04:36.604-0300] {processor.py:829} INFO - Processing file /mnt/c/Users/arcan/Documents/airflow/.venv/lib/python3.10/site-packages/airflow/example_dags/example_setup_teardown.py for tasks to queue
[2025-06-12T23:04:36.605-0300] {logging_mixin.py:154} INFO - [2025-06-12T23:04:36.605-0300] {dagbag.py:536} INFO - Filling up the DagBag from /mnt/c/Users/arcan/Documents/airflow/.venv/lib/python3.10/site-packages/airflow/example_dags/example_setup_teardown.py
[2025-06-12T23:04:36.639-0300] {processor.py:839} INFO - DAG(s) dict_keys(['example_setup_teardown']) retrieved from /mnt/c/Users/arcan/Documents/airflow/.venv/lib/python3.10/site-packages/airflow/example_dags/example_setup_teardown.py
[2025-06-12T23:04:36.674-0300] {logging_mixin.py:154} INFO - [2025-06-12T23:04:36.674-0300] {dag.py:2941} INFO - Sync 1 DAGs
[2025-06-12T23:04:36.704-0300] {logging_mixin.py:154} INFO - [2025-06-12T23:04:36.703-0300] {dag.py:3722} INFO - Setting next_dagrun for example_setup_teardown to 2025-06-12T02:04:36.703687+00:00, run_after=2025-06-13T02:04:36.703687+00:00
[2025-06-12T23:04:36.789-0300] {processor.py:179} INFO - Processing /mnt/c/Users/arcan/Documents/airflow/.venv/lib/python3.10/site-packages/airflow/example_dags/example_setup_teardown.py took 0.192 seconds
[2025-06-12T23:05:38.532-0300] {processor.py:157} INFO - Started process (PID=38266) to work on /mnt/c/Users/arcan/Documents/airflow/.venv/lib/python3.10/site-packages/airflow/example_dags/example_setup_teardown.py
[2025-06-12T23:05:38.535-0300] {processor.py:829} INFO - Processing file /mnt/c/Users/arcan/Documents/airflow/.venv/lib/python3.10/site-packages/airflow/example_dags/example_setup_teardown.py for tasks to queue
[2025-06-12T23:05:38.537-0300] {logging_mixin.py:154} INFO - [2025-06-12T23:05:38.536-0300] {dagbag.py:536} INFO - Filling up the DagBag from /mnt/c/Users/arcan/Documents/airflow/.venv/lib/python3.10/site-packages/airflow/example_dags/example_setup_teardown.py
[2025-06-12T23:05:38.576-0300] {processor.py:839} INFO - DAG(s) dict_keys(['example_setup_teardown']) retrieved from /mnt/c/Users/arcan/Documents/airflow/.venv/lib/python3.10/site-packages/airflow/example_dags/example_setup_teardown.py
[2025-06-12T23:05:38.622-0300] {logging_mixin.py:154} INFO - [2025-06-12T23:05:38.622-0300] {dag.py:2941} INFO - Sync 1 DAGs
[2025-06-12T23:05:38.660-0300] {logging_mixin.py:154} INFO - [2025-06-12T23:05:38.660-0300] {dag.py:3722} INFO - Setting next_dagrun for example_setup_teardown to 2025-06-12T02:05:38.659737+00:00, run_after=2025-06-13T02:05:38.659737+00:00
[2025-06-12T23:05:38.763-0300] {processor.py:179} INFO - Processing /mnt/c/Users/arcan/Documents/airflow/.venv/lib/python3.10/site-packages/airflow/example_dags/example_setup_teardown.py took 0.236 seconds
[2025-06-12T23:08:39.215-0300] {processor.py:157} INFO - Started process (PID=38697) to work on /mnt/c/Users/arcan/Documents/airflow/.venv/lib/python3.10/site-packages/airflow/example_dags/example_setup_teardown.py
[2025-06-12T23:08:39.217-0300] {processor.py:829} INFO - Processing file /mnt/c/Users/arcan/Documents/airflow/.venv/lib/python3.10/site-packages/airflow/example_dags/example_setup_teardown.py for tasks to queue
[2025-06-12T23:08:39.220-0300] {logging_mixin.py:154} INFO - [2025-06-12T23:08:39.219-0300] {dagbag.py:536} INFO - Filling up the DagBag from /mnt/c/Users/arcan/Documents/airflow/.venv/lib/python3.10/site-packages/airflow/example_dags/example_setup_teardown.py
[2025-06-12T23:08:39.261-0300] {processor.py:839} INFO - DAG(s) dict_keys(['example_setup_teardown']) retrieved from /mnt/c/Users/arcan/Documents/airflow/.venv/lib/python3.10/site-packages/airflow/example_dags/example_setup_teardown.py
[2025-06-12T23:08:41.008-0300] {logging_mixin.py:154} INFO - [2025-06-12T23:08:41.008-0300] {manager.py:499} INFO - Created Permission View: %s
[2025-06-12T23:08:41.059-0300] {logging_mixin.py:154} INFO - [2025-06-12T23:08:41.059-0300] {manager.py:499} INFO - Created Permission View: %s
[2025-06-12T23:08:41.103-0300] {logging_mixin.py:154} INFO - [2025-06-12T23:08:41.103-0300] {manager.py:499} INFO - Created Permission View: %s
[2025-06-12T23:08:41.104-0300] {logging_mixin.py:154} INFO - [2025-06-12T23:08:41.103-0300] {dag.py:2941} INFO - Sync 1 DAGs
[2025-06-12T23:08:41.124-0300] {logging_mixin.py:154} INFO - [2025-06-12T23:08:41.124-0300] {dag.py:2963} INFO - Creating ORM DAG for example_setup_teardown
[2025-06-12T23:08:41.139-0300] {logging_mixin.py:154} INFO - [2025-06-12T23:08:41.139-0300] {dag.py:3722} INFO - Setting next_dagrun for example_setup_teardown to 2025-06-12T02:08:41.138864+00:00, run_after=2025-06-13T02:08:41.138864+00:00
[2025-06-12T23:08:41.240-0300] {processor.py:179} INFO - Processing /mnt/c/Users/arcan/Documents/airflow/.venv/lib/python3.10/site-packages/airflow/example_dags/example_setup_teardown.py took 2.029 seconds
[2025-06-12T23:11:37.759-0300] {processor.py:157} INFO - Started process (PID=39279) to work on /mnt/c/Users/arcan/Documents/airflow/.venv/lib/python3.10/site-packages/airflow/example_dags/example_setup_teardown.py
[2025-06-12T23:11:37.761-0300] {processor.py:829} INFO - Processing file /mnt/c/Users/arcan/Documents/airflow/.venv/lib/python3.10/site-packages/airflow/example_dags/example_setup_teardown.py for tasks to queue
[2025-06-12T23:11:37.763-0300] {logging_mixin.py:154} INFO - [2025-06-12T23:11:37.763-0300] {dagbag.py:536} INFO - Filling up the DagBag from /mnt/c/Users/arcan/Documents/airflow/.venv/lib/python3.10/site-packages/airflow/example_dags/example_setup_teardown.py
[2025-06-12T23:11:37.799-0300] {processor.py:839} INFO - DAG(s) dict_keys(['example_setup_teardown']) retrieved from /mnt/c/Users/arcan/Documents/airflow/.venv/lib/python3.10/site-packages/airflow/example_dags/example_setup_teardown.py
[2025-06-12T23:11:37.854-0300] {logging_mixin.py:154} INFO - [2025-06-12T23:11:37.854-0300] {dag.py:2941} INFO - Sync 1 DAGs
[2025-06-12T23:11:37.888-0300] {logging_mixin.py:154} INFO - [2025-06-12T23:11:37.888-0300] {dag.py:3722} INFO - Setting next_dagrun for example_setup_teardown to 2025-06-12T02:11:37.888366+00:00, run_after=2025-06-13T02:11:37.888366+00:00
[2025-06-12T23:11:37.975-0300] {processor.py:179} INFO - Processing /mnt/c/Users/arcan/Documents/airflow/.venv/lib/python3.10/site-packages/airflow/example_dags/example_setup_teardown.py took 0.222 seconds
[2025-06-12T23:16:24.770-0300] {processor.py:157} INFO - Started process (PID=40762) to work on /mnt/c/Users/arcan/Documents/airflow/.venv/lib/python3.10/site-packages/airflow/example_dags/example_setup_teardown.py
[2025-06-12T23:16:24.772-0300] {processor.py:829} INFO - Processing file /mnt/c/Users/arcan/Documents/airflow/.venv/lib/python3.10/site-packages/airflow/example_dags/example_setup_teardown.py for tasks to queue
[2025-06-12T23:16:24.773-0300] {logging_mixin.py:154} INFO - [2025-06-12T23:16:24.773-0300] {dagbag.py:536} INFO - Filling up the DagBag from /mnt/c/Users/arcan/Documents/airflow/.venv/lib/python3.10/site-packages/airflow/example_dags/example_setup_teardown.py
[2025-06-12T23:16:24.805-0300] {processor.py:839} INFO - DAG(s) dict_keys(['example_setup_teardown']) retrieved from /mnt/c/Users/arcan/Documents/airflow/.venv/lib/python3.10/site-packages/airflow/example_dags/example_setup_teardown.py
[2025-06-12T23:16:24.888-0300] {logging_mixin.py:154} INFO - [2025-06-12T23:16:24.888-0300] {dag.py:2941} INFO - Sync 1 DAGs
[2025-06-12T23:16:24.927-0300] {logging_mixin.py:154} INFO - [2025-06-12T23:16:24.926-0300] {dag.py:3722} INFO - Setting next_dagrun for example_setup_teardown to 2025-06-12T02:16:24.926555+00:00, run_after=2025-06-13T02:16:24.926555+00:00
[2025-06-12T23:16:25.039-0300] {processor.py:179} INFO - Processing /mnt/c/Users/arcan/Documents/airflow/.venv/lib/python3.10/site-packages/airflow/example_dags/example_setup_teardown.py took 0.273 seconds
[2025-06-12T23:17:27.132-0300] {processor.py:157} INFO - Started process (PID=40948) to work on /mnt/c/Users/arcan/Documents/airflow/.venv/lib/python3.10/site-packages/airflow/example_dags/example_setup_teardown.py
[2025-06-12T23:17:27.134-0300] {processor.py:829} INFO - Processing file /mnt/c/Users/arcan/Documents/airflow/.venv/lib/python3.10/site-packages/airflow/example_dags/example_setup_teardown.py for tasks to queue
[2025-06-12T23:17:27.136-0300] {logging_mixin.py:154} INFO - [2025-06-12T23:17:27.135-0300] {dagbag.py:536} INFO - Filling up the DagBag from /mnt/c/Users/arcan/Documents/airflow/.venv/lib/python3.10/site-packages/airflow/example_dags/example_setup_teardown.py
[2025-06-12T23:17:27.165-0300] {processor.py:839} INFO - DAG(s) dict_keys(['example_setup_teardown']) retrieved from /mnt/c/Users/arcan/Documents/airflow/.venv/lib/python3.10/site-packages/airflow/example_dags/example_setup_teardown.py
[2025-06-12T23:17:27.203-0300] {logging_mixin.py:154} INFO - [2025-06-12T23:17:27.202-0300] {dag.py:2941} INFO - Sync 1 DAGs
[2025-06-12T23:17:27.231-0300] {logging_mixin.py:154} INFO - [2025-06-12T23:17:27.231-0300] {dag.py:3722} INFO - Setting next_dagrun for example_setup_teardown to 2025-06-12T02:17:27.231276+00:00, run_after=2025-06-13T02:17:27.231276+00:00
[2025-06-12T23:17:27.318-0300] {processor.py:179} INFO - Processing /mnt/c/Users/arcan/Documents/airflow/.venv/lib/python3.10/site-packages/airflow/example_dags/example_setup_teardown.py took 0.190 seconds
