[2025-06-12T23:03:34.831-0300] {processor.py:157} INFO - Started process (PID=37935) to work on /mnt/c/Users/arcan/Documents/airflow/.venv/lib/python3.10/site-packages/airflow/example_dags/example_datasets.py
[2025-06-12T23:03:34.834-0300] {processor.py:829} INFO - Processing file /mnt/c/Users/arcan/Documents/airflow/.venv/lib/python3.10/site-packages/airflow/example_dags/example_datasets.py for tasks to queue
[2025-06-12T23:03:34.835-0300] {logging_mixin.py:154} INFO - [2025-06-12T23:03:34.835-0300] {dagbag.py:536} INFO - Filling up the DagBag from /mnt/c/Users/arcan/Documents/airflow/.venv/lib/python3.10/site-packages/airflow/example_dags/example_datasets.py
[2025-06-12T23:03:34.884-0300] {processor.py:839} INFO - DAG(s) dict_keys(['dataset_produces_1', 'dataset_consumes_1_and_2', 'dataset_consumes_unknown_never_scheduled', 'dataset_produces_2', 'dataset_consumes_1', 'dataset_consumes_1_never_scheduled']) retrieved from /mnt/c/Users/arcan/Documents/airflow/.venv/lib/python3.10/site-packages/airflow/example_dags/example_datasets.py
[2025-06-12T23:03:36.562-0300] {logging_mixin.py:154} INFO - [2025-06-12T23:03:36.562-0300] {manager.py:499} INFO - Created Permission View: %s
[2025-06-12T23:03:36.616-0300] {logging_mixin.py:154} INFO - [2025-06-12T23:03:36.615-0300] {manager.py:499} INFO - Created Permission View: %s
[2025-06-12T23:03:36.661-0300] {logging_mixin.py:154} INFO - [2025-06-12T23:03:36.661-0300] {manager.py:499} INFO - Created Permission View: %s
[2025-06-12T23:03:36.752-0300] {logging_mixin.py:154} INFO - [2025-06-12T23:03:36.752-0300] {manager.py:499} INFO - Created Permission View: %s
[2025-06-12T23:03:36.795-0300] {logging_mixin.py:154} INFO - [2025-06-12T23:03:36.794-0300] {manager.py:499} INFO - Created Permission View: %s
[2025-06-12T23:03:36.855-0300] {logging_mixin.py:154} INFO - [2025-06-12T23:03:36.855-0300] {manager.py:499} INFO - Created Permission View: %s
[2025-06-12T23:03:36.941-0300] {logging_mixin.py:154} INFO - [2025-06-12T23:03:36.941-0300] {manager.py:499} INFO - Created Permission View: %s
[2025-06-12T23:03:36.983-0300] {logging_mixin.py:154} INFO - [2025-06-12T23:03:36.983-0300] {manager.py:499} INFO - Created Permission View: %s
[2025-06-12T23:03:37.027-0300] {logging_mixin.py:154} INFO - [2025-06-12T23:03:37.027-0300] {manager.py:499} INFO - Created Permission View: %s
[2025-06-12T23:03:37.119-0300] {logging_mixin.py:154} INFO - [2025-06-12T23:03:37.119-0300] {manager.py:499} INFO - Created Permission View: %s
[2025-06-12T23:03:37.170-0300] {logging_mixin.py:154} INFO - [2025-06-12T23:03:37.169-0300] {manager.py:499} INFO - Created Permission View: %s
[2025-06-12T23:03:37.215-0300] {logging_mixin.py:154} INFO - [2025-06-12T23:03:37.215-0300] {manager.py:499} INFO - Created Permission View: %s
[2025-06-12T23:03:37.307-0300] {logging_mixin.py:154} INFO - [2025-06-12T23:03:37.307-0300] {manager.py:499} INFO - Created Permission View: %s
[2025-06-12T23:03:37.355-0300] {logging_mixin.py:154} INFO - [2025-06-12T23:03:37.355-0300] {manager.py:499} INFO - Created Permission View: %s
[2025-06-12T23:03:37.397-0300] {logging_mixin.py:154} INFO - [2025-06-12T23:03:37.397-0300] {manager.py:499} INFO - Created Permission View: %s
[2025-06-12T23:03:37.481-0300] {logging_mixin.py:154} INFO - [2025-06-12T23:03:37.481-0300] {manager.py:499} INFO - Created Permission View: %s
[2025-06-12T23:03:37.524-0300] {logging_mixin.py:154} INFO - [2025-06-12T23:03:37.524-0300] {manager.py:499} INFO - Created Permission View: %s
[2025-06-12T23:03:37.572-0300] {logging_mixin.py:154} INFO - [2025-06-12T23:03:37.571-0300] {manager.py:499} INFO - Created Permission View: %s
[2025-06-12T23:03:37.573-0300] {logging_mixin.py:154} INFO - [2025-06-12T23:03:37.573-0300] {dag.py:2941} INFO - Sync 6 DAGs
[2025-06-12T23:03:37.598-0300] {logging_mixin.py:154} INFO - [2025-06-12T23:03:37.598-0300] {dag.py:2963} INFO - Creating ORM DAG for dataset_consumes_1_and_2
[2025-06-12T23:03:37.599-0300] {logging_mixin.py:154} INFO - [2025-06-12T23:03:37.599-0300] {dag.py:2963} INFO - Creating ORM DAG for dataset_produces_1
[2025-06-12T23:03:37.600-0300] {logging_mixin.py:154} INFO - [2025-06-12T23:03:37.600-0300] {dag.py:2963} INFO - Creating ORM DAG for dataset_consumes_unknown_never_scheduled
[2025-06-12T23:03:37.602-0300] {logging_mixin.py:154} INFO - [2025-06-12T23:03:37.601-0300] {dag.py:2963} INFO - Creating ORM DAG for dataset_produces_2
[2025-06-12T23:03:37.603-0300] {logging_mixin.py:154} INFO - [2025-06-12T23:03:37.603-0300] {dag.py:2963} INFO - Creating ORM DAG for dataset_consumes_1_never_scheduled
[2025-06-12T23:03:37.604-0300] {logging_mixin.py:154} INFO - [2025-06-12T23:03:37.604-0300] {dag.py:2963} INFO - Creating ORM DAG for dataset_consumes_1
[2025-06-12T23:03:37.619-0300] {logging_mixin.py:154} INFO - [2025-06-12T23:03:37.619-0300] {dag.py:3722} INFO - Setting next_dagrun for dataset_consumes_1 to None, run_after=None
[2025-06-12T23:03:37.620-0300] {logging_mixin.py:154} INFO - [2025-06-12T23:03:37.620-0300] {dag.py:3722} INFO - Setting next_dagrun for dataset_consumes_1_and_2 to None, run_after=None
[2025-06-12T23:03:37.622-0300] {logging_mixin.py:154} INFO - [2025-06-12T23:03:37.622-0300] {dag.py:3722} INFO - Setting next_dagrun for dataset_consumes_1_never_scheduled to None, run_after=None
[2025-06-12T23:03:37.623-0300] {logging_mixin.py:154} INFO - [2025-06-12T23:03:37.623-0300] {dag.py:3722} INFO - Setting next_dagrun for dataset_consumes_unknown_never_scheduled to None, run_after=None
[2025-06-12T23:03:37.626-0300] {logging_mixin.py:154} INFO - [2025-06-12T23:03:37.626-0300] {dag.py:3722} INFO - Setting next_dagrun for dataset_produces_1 to 2025-06-12T00:00:00+00:00, run_after=2025-06-13T00:00:00+00:00
[2025-06-12T23:03:37.628-0300] {logging_mixin.py:154} INFO - [2025-06-12T23:03:37.627-0300] {dag.py:3722} INFO - Setting next_dagrun for dataset_produces_2 to None, run_after=None
[2025-06-12T23:03:37.765-0300] {processor.py:179} INFO - Processing /mnt/c/Users/arcan/Documents/airflow/.venv/lib/python3.10/site-packages/airflow/example_dags/example_datasets.py took 2.937 seconds
[2025-06-12T23:04:54.195-0300] {processor.py:157} INFO - Started process (PID=38143) to work on /mnt/c/Users/arcan/Documents/airflow/.venv/lib/python3.10/site-packages/airflow/example_dags/example_datasets.py
[2025-06-12T23:04:54.197-0300] {processor.py:829} INFO - Processing file /mnt/c/Users/arcan/Documents/airflow/.venv/lib/python3.10/site-packages/airflow/example_dags/example_datasets.py for tasks to queue
[2025-06-12T23:04:54.199-0300] {logging_mixin.py:154} INFO - [2025-06-12T23:04:54.198-0300] {dagbag.py:536} INFO - Filling up the DagBag from /mnt/c/Users/arcan/Documents/airflow/.venv/lib/python3.10/site-packages/airflow/example_dags/example_datasets.py
[2025-06-12T23:04:54.239-0300] {processor.py:839} INFO - DAG(s) dict_keys(['dataset_produces_1', 'dataset_consumes_1_never_scheduled', 'dataset_produces_2', 'dataset_consumes_unknown_never_scheduled', 'dataset_consumes_1', 'dataset_consumes_1_and_2']) retrieved from /mnt/c/Users/arcan/Documents/airflow/.venv/lib/python3.10/site-packages/airflow/example_dags/example_datasets.py
[2025-06-12T23:04:54.310-0300] {logging_mixin.py:154} INFO - [2025-06-12T23:04:54.309-0300] {dag.py:2941} INFO - Sync 6 DAGs
[2025-06-12T23:04:54.339-0300] {logging_mixin.py:154} INFO - [2025-06-12T23:04:54.339-0300] {dag.py:3722} INFO - Setting next_dagrun for dataset_consumes_1 to None, run_after=None
[2025-06-12T23:04:54.346-0300] {logging_mixin.py:154} INFO - [2025-06-12T23:04:54.346-0300] {dag.py:3722} INFO - Setting next_dagrun for dataset_consumes_1_and_2 to None, run_after=None
[2025-06-12T23:04:54.349-0300] {logging_mixin.py:154} INFO - [2025-06-12T23:04:54.349-0300] {dag.py:3722} INFO - Setting next_dagrun for dataset_consumes_1_never_scheduled to None, run_after=None
[2025-06-12T23:04:54.353-0300] {logging_mixin.py:154} INFO - [2025-06-12T23:04:54.353-0300] {dag.py:3722} INFO - Setting next_dagrun for dataset_consumes_unknown_never_scheduled to None, run_after=None
[2025-06-12T23:04:54.357-0300] {logging_mixin.py:154} INFO - [2025-06-12T23:04:54.357-0300] {dag.py:3722} INFO - Setting next_dagrun for dataset_produces_1 to 2025-06-12T00:00:00+00:00, run_after=2025-06-13T00:00:00+00:00
[2025-06-12T23:04:54.361-0300] {logging_mixin.py:154} INFO - [2025-06-12T23:04:54.361-0300] {dag.py:3722} INFO - Setting next_dagrun for dataset_produces_2 to None, run_after=None
[2025-06-12T23:04:54.467-0300] {processor.py:179} INFO - Processing /mnt/c/Users/arcan/Documents/airflow/.venv/lib/python3.10/site-packages/airflow/example_dags/example_datasets.py took 0.276 seconds
[2025-06-12T23:11:58.557-0300] {processor.py:157} INFO - Started process (PID=39342) to work on /mnt/c/Users/arcan/Documents/airflow/.venv/lib/python3.10/site-packages/airflow/example_dags/example_datasets.py
[2025-06-12T23:11:58.558-0300] {processor.py:829} INFO - Processing file /mnt/c/Users/arcan/Documents/airflow/.venv/lib/python3.10/site-packages/airflow/example_dags/example_datasets.py for tasks to queue
[2025-06-12T23:11:58.560-0300] {logging_mixin.py:154} INFO - [2025-06-12T23:11:58.559-0300] {dagbag.py:536} INFO - Filling up the DagBag from /mnt/c/Users/arcan/Documents/airflow/.venv/lib/python3.10/site-packages/airflow/example_dags/example_datasets.py
[2025-06-12T23:11:58.604-0300] {processor.py:839} INFO - DAG(s) dict_keys(['dataset_produces_2', 'dataset_consumes_1_never_scheduled', 'dataset_produces_1', 'dataset_consumes_unknown_never_scheduled', 'dataset_consumes_1_and_2', 'dataset_consumes_1']) retrieved from /mnt/c/Users/arcan/Documents/airflow/.venv/lib/python3.10/site-packages/airflow/example_dags/example_datasets.py
[2025-06-12T23:11:58.680-0300] {logging_mixin.py:154} INFO - [2025-06-12T23:11:58.680-0300] {dag.py:2941} INFO - Sync 6 DAGs
[2025-06-12T23:11:58.712-0300] {logging_mixin.py:154} INFO - [2025-06-12T23:11:58.711-0300] {dag.py:3722} INFO - Setting next_dagrun for dataset_consumes_1 to None, run_after=None
[2025-06-12T23:11:58.718-0300] {logging_mixin.py:154} INFO - [2025-06-12T23:11:58.718-0300] {dag.py:3722} INFO - Setting next_dagrun for dataset_consumes_1_and_2 to None, run_after=None
[2025-06-12T23:11:58.722-0300] {logging_mixin.py:154} INFO - [2025-06-12T23:11:58.722-0300] {dag.py:3722} INFO - Setting next_dagrun for dataset_consumes_1_never_scheduled to None, run_after=None
[2025-06-12T23:11:58.727-0300] {logging_mixin.py:154} INFO - [2025-06-12T23:11:58.727-0300] {dag.py:3722} INFO - Setting next_dagrun for dataset_consumes_unknown_never_scheduled to None, run_after=None
[2025-06-12T23:11:58.732-0300] {logging_mixin.py:154} INFO - [2025-06-12T23:11:58.732-0300] {dag.py:3722} INFO - Setting next_dagrun for dataset_produces_1 to 2025-06-12T00:00:00+00:00, run_after=2025-06-13T00:00:00+00:00
[2025-06-12T23:11:58.736-0300] {logging_mixin.py:154} INFO - [2025-06-12T23:11:58.736-0300] {dag.py:3722} INFO - Setting next_dagrun for dataset_produces_2 to None, run_after=None
[2025-06-12T23:11:58.860-0300] {processor.py:179} INFO - Processing /mnt/c/Users/arcan/Documents/airflow/.venv/lib/python3.10/site-packages/airflow/example_dags/example_datasets.py took 0.307 seconds
[2025-06-12T23:16:44.444-0300] {processor.py:157} INFO - Started process (PID=40817) to work on /mnt/c/Users/arcan/Documents/airflow/.venv/lib/python3.10/site-packages/airflow/example_dags/example_datasets.py
[2025-06-12T23:16:44.447-0300] {processor.py:829} INFO - Processing file /mnt/c/Users/arcan/Documents/airflow/.venv/lib/python3.10/site-packages/airflow/example_dags/example_datasets.py for tasks to queue
[2025-06-12T23:16:44.448-0300] {logging_mixin.py:154} INFO - [2025-06-12T23:16:44.448-0300] {dagbag.py:536} INFO - Filling up the DagBag from /mnt/c/Users/arcan/Documents/airflow/.venv/lib/python3.10/site-packages/airflow/example_dags/example_datasets.py
[2025-06-12T23:16:44.495-0300] {processor.py:839} INFO - DAG(s) dict_keys(['dataset_consumes_1_never_scheduled', 'dataset_consumes_unknown_never_scheduled', 'dataset_produces_1', 'dataset_consumes_1', 'dataset_produces_2', 'dataset_consumes_1_and_2']) retrieved from /mnt/c/Users/arcan/Documents/airflow/.venv/lib/python3.10/site-packages/airflow/example_dags/example_datasets.py
[2025-06-12T23:16:44.570-0300] {logging_mixin.py:154} INFO - [2025-06-12T23:16:44.569-0300] {dag.py:2941} INFO - Sync 6 DAGs
[2025-06-12T23:16:44.597-0300] {logging_mixin.py:154} INFO - [2025-06-12T23:16:44.597-0300] {dag.py:3722} INFO - Setting next_dagrun for dataset_consumes_1 to None, run_after=None
[2025-06-12T23:16:44.602-0300] {logging_mixin.py:154} INFO - [2025-06-12T23:16:44.602-0300] {dag.py:3722} INFO - Setting next_dagrun for dataset_consumes_1_and_2 to None, run_after=None
[2025-06-12T23:16:44.606-0300] {logging_mixin.py:154} INFO - [2025-06-12T23:16:44.606-0300] {dag.py:3722} INFO - Setting next_dagrun for dataset_consumes_1_never_scheduled to None, run_after=None
[2025-06-12T23:16:44.609-0300] {logging_mixin.py:154} INFO - [2025-06-12T23:16:44.609-0300] {dag.py:3722} INFO - Setting next_dagrun for dataset_consumes_unknown_never_scheduled to None, run_after=None
[2025-06-12T23:16:44.615-0300] {logging_mixin.py:154} INFO - [2025-06-12T23:16:44.614-0300] {dag.py:3722} INFO - Setting next_dagrun for dataset_produces_1 to 2025-06-12T00:00:00+00:00, run_after=2025-06-13T00:00:00+00:00
[2025-06-12T23:16:44.618-0300] {logging_mixin.py:154} INFO - [2025-06-12T23:16:44.618-0300] {dag.py:3722} INFO - Setting next_dagrun for dataset_produces_2 to None, run_after=None
[2025-06-12T23:16:44.734-0300] {processor.py:179} INFO - Processing /mnt/c/Users/arcan/Documents/airflow/.venv/lib/python3.10/site-packages/airflow/example_dags/example_datasets.py took 0.293 seconds
