[2025-06-12T23:03:28.699-0300] {processor.py:157} INFO - Started process (PID=37918) to work on /mnt/c/Users/arcan/Documents/airflow/.venv/lib/python3.10/site-packages/airflow/example_dags/example_dynamic_task_mapping_with_no_taskflow_operators.py
[2025-06-12T23:03:28.701-0300] {processor.py:829} INFO - Processing file /mnt/c/Users/arcan/Documents/airflow/.venv/lib/python3.10/site-packages/airflow/example_dags/example_dynamic_task_mapping_with_no_taskflow_operators.py for tasks to queue
[2025-06-12T23:03:28.702-0300] {logging_mixin.py:154} INFO - [2025-06-12T23:03:28.702-0300] {dagbag.py:536} INFO - Filling up the DagBag from /mnt/c/Users/arcan/Documents/airflow/.venv/lib/python3.10/site-packages/airflow/example_dags/example_dynamic_task_mapping_with_no_taskflow_operators.py
[2025-06-12T23:03:28.743-0300] {processor.py:839} INFO - DAG(s) dict_keys(['example_dynamic_task_mapping_with_no_taskflow_operators']) retrieved from /mnt/c/Users/arcan/Documents/airflow/.venv/lib/python3.10/site-packages/airflow/example_dags/example_dynamic_task_mapping_with_no_taskflow_operators.py
[2025-06-12T23:03:30.333-0300] {logging_mixin.py:154} INFO - [2025-06-12T23:03:30.332-0300] {manager.py:499} INFO - Created Permission View: %s
[2025-06-12T23:03:30.381-0300] {logging_mixin.py:154} INFO - [2025-06-12T23:03:30.380-0300] {manager.py:499} INFO - Created Permission View: %s
[2025-06-12T23:03:30.420-0300] {logging_mixin.py:154} INFO - [2025-06-12T23:03:30.420-0300] {manager.py:499} INFO - Created Permission View: %s
[2025-06-12T23:03:30.420-0300] {logging_mixin.py:154} INFO - [2025-06-12T23:03:30.420-0300] {dag.py:2941} INFO - Sync 1 DAGs
[2025-06-12T23:03:30.443-0300] {logging_mixin.py:154} INFO - [2025-06-12T23:03:30.443-0300] {dag.py:2963} INFO - Creating ORM DAG for example_dynamic_task_mapping_with_no_taskflow_operators
[2025-06-12T23:03:30.458-0300] {logging_mixin.py:154} INFO - [2025-06-12T23:03:30.457-0300] {dag.py:3722} INFO - Setting next_dagrun for example_dynamic_task_mapping_with_no_taskflow_operators to 2025-06-12T02:03:30.457622+00:00, run_after=2025-06-13T02:03:30.457622+00:00
[2025-06-12T23:03:30.542-0300] {processor.py:179} INFO - Processing /mnt/c/Users/arcan/Documents/airflow/.venv/lib/python3.10/site-packages/airflow/example_dags/example_dynamic_task_mapping_with_no_taskflow_operators.py took 1.847 seconds
[2025-06-12T23:04:52.376-0300] {processor.py:157} INFO - Started process (PID=38141) to work on /mnt/c/Users/arcan/Documents/airflow/.venv/lib/python3.10/site-packages/airflow/example_dags/example_dynamic_task_mapping_with_no_taskflow_operators.py
[2025-06-12T23:04:52.378-0300] {processor.py:829} INFO - Processing file /mnt/c/Users/arcan/Documents/airflow/.venv/lib/python3.10/site-packages/airflow/example_dags/example_dynamic_task_mapping_with_no_taskflow_operators.py for tasks to queue
[2025-06-12T23:04:52.380-0300] {logging_mixin.py:154} INFO - [2025-06-12T23:04:52.379-0300] {dagbag.py:536} INFO - Filling up the DagBag from /mnt/c/Users/arcan/Documents/airflow/.venv/lib/python3.10/site-packages/airflow/example_dags/example_dynamic_task_mapping_with_no_taskflow_operators.py
[2025-06-12T23:04:52.420-0300] {processor.py:839} INFO - DAG(s) dict_keys(['example_dynamic_task_mapping_with_no_taskflow_operators']) retrieved from /mnt/c/Users/arcan/Documents/airflow/.venv/lib/python3.10/site-packages/airflow/example_dags/example_dynamic_task_mapping_with_no_taskflow_operators.py
[2025-06-12T23:04:52.466-0300] {logging_mixin.py:154} INFO - [2025-06-12T23:04:52.466-0300] {dag.py:2941} INFO - Sync 1 DAGs
[2025-06-12T23:04:52.506-0300] {logging_mixin.py:154} INFO - [2025-06-12T23:04:52.506-0300] {dag.py:3722} INFO - Setting next_dagrun for example_dynamic_task_mapping_with_no_taskflow_operators to 2025-06-12T02:04:52.505782+00:00, run_after=2025-06-13T02:04:52.505782+00:00
[2025-06-12T23:04:52.590-0300] {processor.py:179} INFO - Processing /mnt/c/Users/arcan/Documents/airflow/.venv/lib/python3.10/site-packages/airflow/example_dags/example_dynamic_task_mapping_with_no_taskflow_operators.py took 0.220 seconds
[2025-06-12T23:09:14.745-0300] {processor.py:157} INFO - Started process (PID=38928) to work on /mnt/c/Users/arcan/Documents/airflow/.venv/lib/python3.10/site-packages/airflow/example_dags/example_dynamic_task_mapping_with_no_taskflow_operators.py
[2025-06-12T23:09:14.747-0300] {processor.py:829} INFO - Processing file /mnt/c/Users/arcan/Documents/airflow/.venv/lib/python3.10/site-packages/airflow/example_dags/example_dynamic_task_mapping_with_no_taskflow_operators.py for tasks to queue
[2025-06-12T23:09:14.749-0300] {logging_mixin.py:154} INFO - [2025-06-12T23:09:14.748-0300] {dagbag.py:536} INFO - Filling up the DagBag from /mnt/c/Users/arcan/Documents/airflow/.venv/lib/python3.10/site-packages/airflow/example_dags/example_dynamic_task_mapping_with_no_taskflow_operators.py
[2025-06-12T23:09:14.788-0300] {processor.py:839} INFO - DAG(s) dict_keys(['example_dynamic_task_mapping_with_no_taskflow_operators']) retrieved from /mnt/c/Users/arcan/Documents/airflow/.venv/lib/python3.10/site-packages/airflow/example_dags/example_dynamic_task_mapping_with_no_taskflow_operators.py
[2025-06-12T23:09:16.646-0300] {logging_mixin.py:154} INFO - [2025-06-12T23:09:16.645-0300] {manager.py:499} INFO - Created Permission View: %s
[2025-06-12T23:09:16.707-0300] {logging_mixin.py:154} INFO - [2025-06-12T23:09:16.706-0300] {manager.py:499} INFO - Created Permission View: %s
[2025-06-12T23:09:16.759-0300] {logging_mixin.py:154} INFO - [2025-06-12T23:09:16.759-0300] {manager.py:499} INFO - Created Permission View: %s
[2025-06-12T23:09:16.760-0300] {logging_mixin.py:154} INFO - [2025-06-12T23:09:16.760-0300] {dag.py:2941} INFO - Sync 1 DAGs
[2025-06-12T23:09:16.787-0300] {logging_mixin.py:154} INFO - [2025-06-12T23:09:16.787-0300] {dag.py:2963} INFO - Creating ORM DAG for example_dynamic_task_mapping_with_no_taskflow_operators
[2025-06-12T23:09:16.808-0300] {logging_mixin.py:154} INFO - [2025-06-12T23:09:16.808-0300] {dag.py:3722} INFO - Setting next_dagrun for example_dynamic_task_mapping_with_no_taskflow_operators to 2025-06-12T02:09:16.808261+00:00, run_after=2025-06-13T02:09:16.808261+00:00
[2025-06-12T23:09:16.915-0300] {processor.py:179} INFO - Processing /mnt/c/Users/arcan/Documents/airflow/.venv/lib/python3.10/site-packages/airflow/example_dags/example_dynamic_task_mapping_with_no_taskflow_operators.py took 2.175 seconds
[2025-06-12T23:11:55.665-0300] {processor.py:157} INFO - Started process (PID=39337) to work on /mnt/c/Users/arcan/Documents/airflow/.venv/lib/python3.10/site-packages/airflow/example_dags/example_dynamic_task_mapping_with_no_taskflow_operators.py
[2025-06-12T23:11:55.667-0300] {processor.py:829} INFO - Processing file /mnt/c/Users/arcan/Documents/airflow/.venv/lib/python3.10/site-packages/airflow/example_dags/example_dynamic_task_mapping_with_no_taskflow_operators.py for tasks to queue
[2025-06-12T23:11:55.669-0300] {logging_mixin.py:154} INFO - [2025-06-12T23:11:55.668-0300] {dagbag.py:536} INFO - Filling up the DagBag from /mnt/c/Users/arcan/Documents/airflow/.venv/lib/python3.10/site-packages/airflow/example_dags/example_dynamic_task_mapping_with_no_taskflow_operators.py
[2025-06-12T23:11:55.706-0300] {processor.py:839} INFO - DAG(s) dict_keys(['example_dynamic_task_mapping_with_no_taskflow_operators']) retrieved from /mnt/c/Users/arcan/Documents/airflow/.venv/lib/python3.10/site-packages/airflow/example_dags/example_dynamic_task_mapping_with_no_taskflow_operators.py
[2025-06-12T23:11:55.754-0300] {logging_mixin.py:154} INFO - [2025-06-12T23:11:55.754-0300] {dag.py:2941} INFO - Sync 1 DAGs
[2025-06-12T23:11:55.788-0300] {logging_mixin.py:154} INFO - [2025-06-12T23:11:55.788-0300] {dag.py:3722} INFO - Setting next_dagrun for example_dynamic_task_mapping_with_no_taskflow_operators to 2025-06-12T02:11:55.788446+00:00, run_after=2025-06-13T02:11:55.788446+00:00
[2025-06-12T23:11:55.886-0300] {processor.py:179} INFO - Processing /mnt/c/Users/arcan/Documents/airflow/.venv/lib/python3.10/site-packages/airflow/example_dags/example_dynamic_task_mapping_with_no_taskflow_operators.py took 0.224 seconds
[2025-06-12T23:16:42.405-0300] {processor.py:157} INFO - Started process (PID=40815) to work on /mnt/c/Users/arcan/Documents/airflow/.venv/lib/python3.10/site-packages/airflow/example_dags/example_dynamic_task_mapping_with_no_taskflow_operators.py
[2025-06-12T23:16:42.407-0300] {processor.py:829} INFO - Processing file /mnt/c/Users/arcan/Documents/airflow/.venv/lib/python3.10/site-packages/airflow/example_dags/example_dynamic_task_mapping_with_no_taskflow_operators.py for tasks to queue
[2025-06-12T23:16:42.410-0300] {logging_mixin.py:154} INFO - [2025-06-12T23:16:42.409-0300] {dagbag.py:536} INFO - Filling up the DagBag from /mnt/c/Users/arcan/Documents/airflow/.venv/lib/python3.10/site-packages/airflow/example_dags/example_dynamic_task_mapping_with_no_taskflow_operators.py
[2025-06-12T23:16:42.445-0300] {processor.py:839} INFO - DAG(s) dict_keys(['example_dynamic_task_mapping_with_no_taskflow_operators']) retrieved from /mnt/c/Users/arcan/Documents/airflow/.venv/lib/python3.10/site-packages/airflow/example_dags/example_dynamic_task_mapping_with_no_taskflow_operators.py
[2025-06-12T23:16:42.486-0300] {logging_mixin.py:154} INFO - [2025-06-12T23:16:42.486-0300] {dag.py:2941} INFO - Sync 1 DAGs
[2025-06-12T23:16:42.516-0300] {logging_mixin.py:154} INFO - [2025-06-12T23:16:42.515-0300] {dag.py:3722} INFO - Setting next_dagrun for example_dynamic_task_mapping_with_no_taskflow_operators to 2025-06-12T02:16:42.515715+00:00, run_after=2025-06-13T02:16:42.515715+00:00
[2025-06-12T23:16:42.611-0300] {processor.py:179} INFO - Processing /mnt/c/Users/arcan/Documents/airflow/.venv/lib/python3.10/site-packages/airflow/example_dags/example_dynamic_task_mapping_with_no_taskflow_operators.py took 0.211 seconds
[2025-06-12T23:18:04.116-0300] {processor.py:157} INFO - Started process (PID=41049) to work on /mnt/c/Users/arcan/Documents/airflow/.venv/lib/python3.10/site-packages/airflow/example_dags/example_dynamic_task_mapping_with_no_taskflow_operators.py
[2025-06-12T23:18:04.119-0300] {processor.py:829} INFO - Processing file /mnt/c/Users/arcan/Documents/airflow/.venv/lib/python3.10/site-packages/airflow/example_dags/example_dynamic_task_mapping_with_no_taskflow_operators.py for tasks to queue
[2025-06-12T23:18:04.122-0300] {logging_mixin.py:154} INFO - [2025-06-12T23:18:04.121-0300] {dagbag.py:536} INFO - Filling up the DagBag from /mnt/c/Users/arcan/Documents/airflow/.venv/lib/python3.10/site-packages/airflow/example_dags/example_dynamic_task_mapping_with_no_taskflow_operators.py
[2025-06-12T23:18:04.163-0300] {processor.py:839} INFO - DAG(s) dict_keys(['example_dynamic_task_mapping_with_no_taskflow_operators']) retrieved from /mnt/c/Users/arcan/Documents/airflow/.venv/lib/python3.10/site-packages/airflow/example_dags/example_dynamic_task_mapping_with_no_taskflow_operators.py
[2025-06-12T23:18:04.205-0300] {logging_mixin.py:154} INFO - [2025-06-12T23:18:04.205-0300] {dag.py:2941} INFO - Sync 1 DAGs
[2025-06-12T23:18:04.235-0300] {logging_mixin.py:154} INFO - [2025-06-12T23:18:04.235-0300] {dag.py:3722} INFO - Setting next_dagrun for example_dynamic_task_mapping_with_no_taskflow_operators to 2025-06-12T02:18:04.234795+00:00, run_after=2025-06-13T02:18:04.234795+00:00
[2025-06-12T23:18:04.325-0300] {processor.py:179} INFO - Processing /mnt/c/Users/arcan/Documents/airflow/.venv/lib/python3.10/site-packages/airflow/example_dags/example_dynamic_task_mapping_with_no_taskflow_operators.py took 0.213 seconds
