[2025-06-12T23:02:56.372-0300] {processor.py:157} INFO - Started process (PID=37843) to work on /mnt/c/Users/arcan/Documents/airflow/.venv/lib/python3.10/site-packages/airflow/example_dags/example_sensors.py
[2025-06-12T23:02:56.374-0300] {processor.py:829} INFO - Processing file /mnt/c/Users/arcan/Documents/airflow/.venv/lib/python3.10/site-packages/airflow/example_dags/example_sensors.py for tasks to queue
[2025-06-12T23:02:56.375-0300] {logging_mixin.py:154} INFO - [2025-06-12T23:02:56.374-0300] {dagbag.py:536} INFO - Filling up the DagBag from /mnt/c/Users/arcan/Documents/airflow/.venv/lib/python3.10/site-packages/airflow/example_dags/example_sensors.py
[2025-06-12T23:02:56.415-0300] {processor.py:839} INFO - DAG(s) dict_keys(['example_sensors']) retrieved from /mnt/c/Users/arcan/Documents/airflow/.venv/lib/python3.10/site-packages/airflow/example_dags/example_sensors.py
[2025-06-12T23:02:58.008-0300] {logging_mixin.py:154} INFO - [2025-06-12T23:02:58.008-0300] {manager.py:499} INFO - Created Permission View: %s
[2025-06-12T23:02:58.056-0300] {logging_mixin.py:154} INFO - [2025-06-12T23:02:58.056-0300] {manager.py:499} INFO - Created Permission View: %s
[2025-06-12T23:02:58.098-0300] {logging_mixin.py:154} INFO - [2025-06-12T23:02:58.098-0300] {manager.py:499} INFO - Created Permission View: %s
[2025-06-12T23:02:58.099-0300] {logging_mixin.py:154} INFO - [2025-06-12T23:02:58.099-0300] {dag.py:2941} INFO - Sync 1 DAGs
[2025-06-12T23:02:58.118-0300] {logging_mixin.py:154} INFO - [2025-06-12T23:02:58.118-0300] {dag.py:2963} INFO - Creating ORM DAG for example_sensors
[2025-06-12T23:02:58.119-0300] {logging_mixin.py:154} INFO - [2025-06-12T23:02:58.119-0300] {dag.py:3722} INFO - Setting next_dagrun for example_sensors to None, run_after=None
[2025-06-12T23:02:58.205-0300] {processor.py:179} INFO - Processing /mnt/c/Users/arcan/Documents/airflow/.venv/lib/python3.10/site-packages/airflow/example_dags/example_sensors.py took 1.837 seconds
[2025-06-12T23:04:37.750-0300] {processor.py:157} INFO - Started process (PID=38097) to work on /mnt/c/Users/arcan/Documents/airflow/.venv/lib/python3.10/site-packages/airflow/example_dags/example_sensors.py
[2025-06-12T23:04:37.752-0300] {processor.py:829} INFO - Processing file /mnt/c/Users/arcan/Documents/airflow/.venv/lib/python3.10/site-packages/airflow/example_dags/example_sensors.py for tasks to queue
[2025-06-12T23:04:37.753-0300] {logging_mixin.py:154} INFO - [2025-06-12T23:04:37.753-0300] {dagbag.py:536} INFO - Filling up the DagBag from /mnt/c/Users/arcan/Documents/airflow/.venv/lib/python3.10/site-packages/airflow/example_dags/example_sensors.py
[2025-06-12T23:04:37.791-0300] {processor.py:839} INFO - DAG(s) dict_keys(['example_sensors']) retrieved from /mnt/c/Users/arcan/Documents/airflow/.venv/lib/python3.10/site-packages/airflow/example_dags/example_sensors.py
[2025-06-12T23:04:37.835-0300] {logging_mixin.py:154} INFO - [2025-06-12T23:04:37.835-0300] {dag.py:2941} INFO - Sync 1 DAGs
[2025-06-12T23:04:37.852-0300] {logging_mixin.py:154} INFO - [2025-06-12T23:04:37.852-0300] {dag.py:3722} INFO - Setting next_dagrun for example_sensors to None, run_after=None
[2025-06-12T23:04:37.938-0300] {processor.py:179} INFO - Processing /mnt/c/Users/arcan/Documents/airflow/.venv/lib/python3.10/site-packages/airflow/example_dags/example_sensors.py took 0.191 seconds
[2025-06-12T23:05:39.634-0300] {processor.py:157} INFO - Started process (PID=38267) to work on /mnt/c/Users/arcan/Documents/airflow/.venv/lib/python3.10/site-packages/airflow/example_dags/example_sensors.py
[2025-06-12T23:05:39.636-0300] {processor.py:829} INFO - Processing file /mnt/c/Users/arcan/Documents/airflow/.venv/lib/python3.10/site-packages/airflow/example_dags/example_sensors.py for tasks to queue
[2025-06-12T23:05:39.638-0300] {logging_mixin.py:154} INFO - [2025-06-12T23:05:39.637-0300] {dagbag.py:536} INFO - Filling up the DagBag from /mnt/c/Users/arcan/Documents/airflow/.venv/lib/python3.10/site-packages/airflow/example_dags/example_sensors.py
[2025-06-12T23:05:39.679-0300] {processor.py:839} INFO - DAG(s) dict_keys(['example_sensors']) retrieved from /mnt/c/Users/arcan/Documents/airflow/.venv/lib/python3.10/site-packages/airflow/example_dags/example_sensors.py
[2025-06-12T23:05:39.733-0300] {logging_mixin.py:154} INFO - [2025-06-12T23:05:39.733-0300] {dag.py:2941} INFO - Sync 1 DAGs
[2025-06-12T23:05:39.752-0300] {logging_mixin.py:154} INFO - [2025-06-12T23:05:39.751-0300] {dag.py:3722} INFO - Setting next_dagrun for example_sensors to None, run_after=None
[2025-06-12T23:05:39.838-0300] {processor.py:179} INFO - Processing /mnt/c/Users/arcan/Documents/airflow/.venv/lib/python3.10/site-packages/airflow/example_dags/example_sensors.py took 0.209 seconds
[2025-06-12T23:08:41.738-0300] {processor.py:157} INFO - Started process (PID=38704) to work on /mnt/c/Users/arcan/Documents/airflow/.venv/lib/python3.10/site-packages/airflow/example_dags/example_sensors.py
[2025-06-12T23:08:41.740-0300] {processor.py:829} INFO - Processing file /mnt/c/Users/arcan/Documents/airflow/.venv/lib/python3.10/site-packages/airflow/example_dags/example_sensors.py for tasks to queue
[2025-06-12T23:08:41.741-0300] {logging_mixin.py:154} INFO - [2025-06-12T23:08:41.741-0300] {dagbag.py:536} INFO - Filling up the DagBag from /mnt/c/Users/arcan/Documents/airflow/.venv/lib/python3.10/site-packages/airflow/example_dags/example_sensors.py
[2025-06-12T23:08:41.779-0300] {processor.py:839} INFO - DAG(s) dict_keys(['example_sensors']) retrieved from /mnt/c/Users/arcan/Documents/airflow/.venv/lib/python3.10/site-packages/airflow/example_dags/example_sensors.py
[2025-06-12T23:08:43.468-0300] {logging_mixin.py:154} INFO - [2025-06-12T23:08:43.468-0300] {manager.py:499} INFO - Created Permission View: %s
[2025-06-12T23:08:43.515-0300] {logging_mixin.py:154} INFO - [2025-06-12T23:08:43.515-0300] {manager.py:499} INFO - Created Permission View: %s
[2025-06-12T23:08:43.561-0300] {logging_mixin.py:154} INFO - [2025-06-12T23:08:43.561-0300] {manager.py:499} INFO - Created Permission View: %s
[2025-06-12T23:08:43.563-0300] {logging_mixin.py:154} INFO - [2025-06-12T23:08:43.562-0300] {dag.py:2941} INFO - Sync 1 DAGs
[2025-06-12T23:08:43.586-0300] {logging_mixin.py:154} INFO - [2025-06-12T23:08:43.586-0300] {dag.py:2963} INFO - Creating ORM DAG for example_sensors
[2025-06-12T23:08:43.587-0300] {logging_mixin.py:154} INFO - [2025-06-12T23:08:43.587-0300] {dag.py:3722} INFO - Setting next_dagrun for example_sensors to None, run_after=None
[2025-06-12T23:08:43.681-0300] {processor.py:179} INFO - Processing /mnt/c/Users/arcan/Documents/airflow/.venv/lib/python3.10/site-packages/airflow/example_dags/example_sensors.py took 1.947 seconds
[2025-06-12T23:11:38.262-0300] {processor.py:157} INFO - Started process (PID=39280) to work on /mnt/c/Users/arcan/Documents/airflow/.venv/lib/python3.10/site-packages/airflow/example_dags/example_sensors.py
[2025-06-12T23:11:38.264-0300] {processor.py:829} INFO - Processing file /mnt/c/Users/arcan/Documents/airflow/.venv/lib/python3.10/site-packages/airflow/example_dags/example_sensors.py for tasks to queue
[2025-06-12T23:11:38.266-0300] {logging_mixin.py:154} INFO - [2025-06-12T23:11:38.265-0300] {dagbag.py:536} INFO - Filling up the DagBag from /mnt/c/Users/arcan/Documents/airflow/.venv/lib/python3.10/site-packages/airflow/example_dags/example_sensors.py
[2025-06-12T23:11:38.301-0300] {processor.py:839} INFO - DAG(s) dict_keys(['example_sensors']) retrieved from /mnt/c/Users/arcan/Documents/airflow/.venv/lib/python3.10/site-packages/airflow/example_dags/example_sensors.py
[2025-06-12T23:11:38.355-0300] {logging_mixin.py:154} INFO - [2025-06-12T23:11:38.354-0300] {dag.py:2941} INFO - Sync 1 DAGs
[2025-06-12T23:11:38.371-0300] {logging_mixin.py:154} INFO - [2025-06-12T23:11:38.371-0300] {dag.py:3722} INFO - Setting next_dagrun for example_sensors to None, run_after=None
[2025-06-12T23:11:38.460-0300] {processor.py:179} INFO - Processing /mnt/c/Users/arcan/Documents/airflow/.venv/lib/python3.10/site-packages/airflow/example_dags/example_sensors.py took 0.201 seconds
[2025-06-12T23:16:26.331-0300] {processor.py:157} INFO - Started process (PID=40766) to work on /mnt/c/Users/arcan/Documents/airflow/.venv/lib/python3.10/site-packages/airflow/example_dags/example_sensors.py
[2025-06-12T23:16:26.332-0300] {processor.py:829} INFO - Processing file /mnt/c/Users/arcan/Documents/airflow/.venv/lib/python3.10/site-packages/airflow/example_dags/example_sensors.py for tasks to queue
[2025-06-12T23:16:26.334-0300] {logging_mixin.py:154} INFO - [2025-06-12T23:16:26.334-0300] {dagbag.py:536} INFO - Filling up the DagBag from /mnt/c/Users/arcan/Documents/airflow/.venv/lib/python3.10/site-packages/airflow/example_dags/example_sensors.py
[2025-06-12T23:16:26.375-0300] {processor.py:839} INFO - DAG(s) dict_keys(['example_sensors']) retrieved from /mnt/c/Users/arcan/Documents/airflow/.venv/lib/python3.10/site-packages/airflow/example_dags/example_sensors.py
[2025-06-12T23:16:26.432-0300] {logging_mixin.py:154} INFO - [2025-06-12T23:16:26.432-0300] {dag.py:2941} INFO - Sync 1 DAGs
[2025-06-12T23:16:26.450-0300] {logging_mixin.py:154} INFO - [2025-06-12T23:16:26.450-0300] {dag.py:3722} INFO - Setting next_dagrun for example_sensors to None, run_after=None
[2025-06-12T23:16:26.539-0300] {processor.py:179} INFO - Processing /mnt/c/Users/arcan/Documents/airflow/.venv/lib/python3.10/site-packages/airflow/example_dags/example_sensors.py took 0.212 seconds
[2025-06-12T23:17:28.579-0300] {processor.py:157} INFO - Started process (PID=40949) to work on /mnt/c/Users/arcan/Documents/airflow/.venv/lib/python3.10/site-packages/airflow/example_dags/example_sensors.py
[2025-06-12T23:17:28.581-0300] {processor.py:829} INFO - Processing file /mnt/c/Users/arcan/Documents/airflow/.venv/lib/python3.10/site-packages/airflow/example_dags/example_sensors.py for tasks to queue
[2025-06-12T23:17:28.583-0300] {logging_mixin.py:154} INFO - [2025-06-12T23:17:28.582-0300] {dagbag.py:536} INFO - Filling up the DagBag from /mnt/c/Users/arcan/Documents/airflow/.venv/lib/python3.10/site-packages/airflow/example_dags/example_sensors.py
[2025-06-12T23:17:28.621-0300] {processor.py:839} INFO - DAG(s) dict_keys(['example_sensors']) retrieved from /mnt/c/Users/arcan/Documents/airflow/.venv/lib/python3.10/site-packages/airflow/example_dags/example_sensors.py
[2025-06-12T23:17:28.677-0300] {logging_mixin.py:154} INFO - [2025-06-12T23:17:28.677-0300] {dag.py:2941} INFO - Sync 1 DAGs
[2025-06-12T23:17:28.695-0300] {logging_mixin.py:154} INFO - [2025-06-12T23:17:28.694-0300] {dag.py:3722} INFO - Setting next_dagrun for example_sensors to None, run_after=None
[2025-06-12T23:17:28.788-0300] {processor.py:179} INFO - Processing /mnt/c/Users/arcan/Documents/airflow/.venv/lib/python3.10/site-packages/airflow/example_dags/example_sensors.py took 0.212 seconds
