[2025-06-12T23:02:59.091-0300] {processor.py:157} INFO - Started process (PID=37850) to work on /mnt/c/Users/arcan/Documents/airflow/.venv/lib/python3.10/site-packages/airflow/example_dags/example_sensor_decorator.py
[2025-06-12T23:02:59.092-0300] {processor.py:829} INFO - Processing file /mnt/c/Users/arcan/Documents/airflow/.venv/lib/python3.10/site-packages/airflow/example_dags/example_sensor_decorator.py for tasks to queue
[2025-06-12T23:02:59.094-0300] {logging_mixin.py:154} INFO - [2025-06-12T23:02:59.093-0300] {dagbag.py:536} INFO - Filling up the DagBag from /mnt/c/Users/arcan/Documents/airflow/.venv/lib/python3.10/site-packages/airflow/example_dags/example_sensor_decorator.py
[2025-06-12T23:02:59.123-0300] {processor.py:839} INFO - DAG(s) dict_keys(['example_sensor_decorator']) retrieved from /mnt/c/Users/arcan/Documents/airflow/.venv/lib/python3.10/site-packages/airflow/example_dags/example_sensor_decorator.py
[2025-06-12T23:03:00.720-0300] {logging_mixin.py:154} INFO - [2025-06-12T23:03:00.719-0300] {manager.py:499} INFO - Created Permission View: %s
[2025-06-12T23:03:00.768-0300] {logging_mixin.py:154} INFO - [2025-06-12T23:03:00.768-0300] {manager.py:499} INFO - Created Permission View: %s
[2025-06-12T23:03:00.809-0300] {logging_mixin.py:154} INFO - [2025-06-12T23:03:00.809-0300] {manager.py:499} INFO - Created Permission View: %s
[2025-06-12T23:03:00.810-0300] {logging_mixin.py:154} INFO - [2025-06-12T23:03:00.810-0300] {dag.py:2941} INFO - Sync 1 DAGs
[2025-06-12T23:03:00.832-0300] {logging_mixin.py:154} INFO - [2025-06-12T23:03:00.831-0300] {dag.py:2963} INFO - Creating ORM DAG for example_sensor_decorator
[2025-06-12T23:03:00.833-0300] {logging_mixin.py:154} INFO - [2025-06-12T23:03:00.832-0300] {dag.py:3722} INFO - Setting next_dagrun for example_sensor_decorator to None, run_after=None
[2025-06-12T23:03:00.918-0300] {processor.py:179} INFO - Processing /mnt/c/Users/arcan/Documents/airflow/.venv/lib/python3.10/site-packages/airflow/example_dags/example_sensor_decorator.py took 1.831 seconds
[2025-06-12T23:04:39.225-0300] {processor.py:157} INFO - Started process (PID=38098) to work on /mnt/c/Users/arcan/Documents/airflow/.venv/lib/python3.10/site-packages/airflow/example_dags/example_sensor_decorator.py
[2025-06-12T23:04:39.227-0300] {processor.py:829} INFO - Processing file /mnt/c/Users/arcan/Documents/airflow/.venv/lib/python3.10/site-packages/airflow/example_dags/example_sensor_decorator.py for tasks to queue
[2025-06-12T23:04:39.228-0300] {logging_mixin.py:154} INFO - [2025-06-12T23:04:39.228-0300] {dagbag.py:536} INFO - Filling up the DagBag from /mnt/c/Users/arcan/Documents/airflow/.venv/lib/python3.10/site-packages/airflow/example_dags/example_sensor_decorator.py
[2025-06-12T23:04:39.257-0300] {processor.py:839} INFO - DAG(s) dict_keys(['example_sensor_decorator']) retrieved from /mnt/c/Users/arcan/Documents/airflow/.venv/lib/python3.10/site-packages/airflow/example_dags/example_sensor_decorator.py
[2025-06-12T23:04:39.296-0300] {logging_mixin.py:154} INFO - [2025-06-12T23:04:39.295-0300] {dag.py:2941} INFO - Sync 1 DAGs
[2025-06-12T23:04:39.313-0300] {logging_mixin.py:154} INFO - [2025-06-12T23:04:39.313-0300] {dag.py:3722} INFO - Setting next_dagrun for example_sensor_decorator to None, run_after=None
[2025-06-12T23:04:39.415-0300] {processor.py:179} INFO - Processing /mnt/c/Users/arcan/Documents/airflow/.venv/lib/python3.10/site-packages/airflow/example_dags/example_sensor_decorator.py took 0.193 seconds
[2025-06-12T23:05:41.112-0300] {processor.py:157} INFO - Started process (PID=38275) to work on /mnt/c/Users/arcan/Documents/airflow/.venv/lib/python3.10/site-packages/airflow/example_dags/example_sensor_decorator.py
[2025-06-12T23:05:41.113-0300] {processor.py:829} INFO - Processing file /mnt/c/Users/arcan/Documents/airflow/.venv/lib/python3.10/site-packages/airflow/example_dags/example_sensor_decorator.py for tasks to queue
[2025-06-12T23:05:41.115-0300] {logging_mixin.py:154} INFO - [2025-06-12T23:05:41.114-0300] {dagbag.py:536} INFO - Filling up the DagBag from /mnt/c/Users/arcan/Documents/airflow/.venv/lib/python3.10/site-packages/airflow/example_dags/example_sensor_decorator.py
[2025-06-12T23:05:41.147-0300] {processor.py:839} INFO - DAG(s) dict_keys(['example_sensor_decorator']) retrieved from /mnt/c/Users/arcan/Documents/airflow/.venv/lib/python3.10/site-packages/airflow/example_dags/example_sensor_decorator.py
[2025-06-12T23:05:41.194-0300] {logging_mixin.py:154} INFO - [2025-06-12T23:05:41.194-0300] {dag.py:2941} INFO - Sync 1 DAGs
[2025-06-12T23:05:41.210-0300] {logging_mixin.py:154} INFO - [2025-06-12T23:05:41.210-0300] {dag.py:3722} INFO - Setting next_dagrun for example_sensor_decorator to None, run_after=None
[2025-06-12T23:05:41.294-0300] {processor.py:179} INFO - Processing /mnt/c/Users/arcan/Documents/airflow/.venv/lib/python3.10/site-packages/airflow/example_dags/example_sensor_decorator.py took 0.186 seconds
[2025-06-12T23:08:44.894-0300] {processor.py:157} INFO - Started process (PID=38713) to work on /mnt/c/Users/arcan/Documents/airflow/.venv/lib/python3.10/site-packages/airflow/example_dags/example_sensor_decorator.py
[2025-06-12T23:08:44.896-0300] {processor.py:829} INFO - Processing file /mnt/c/Users/arcan/Documents/airflow/.venv/lib/python3.10/site-packages/airflow/example_dags/example_sensor_decorator.py for tasks to queue
[2025-06-12T23:08:44.899-0300] {logging_mixin.py:154} INFO - [2025-06-12T23:08:44.898-0300] {dagbag.py:536} INFO - Filling up the DagBag from /mnt/c/Users/arcan/Documents/airflow/.venv/lib/python3.10/site-packages/airflow/example_dags/example_sensor_decorator.py
[2025-06-12T23:08:44.930-0300] {processor.py:839} INFO - DAG(s) dict_keys(['example_sensor_decorator']) retrieved from /mnt/c/Users/arcan/Documents/airflow/.venv/lib/python3.10/site-packages/airflow/example_dags/example_sensor_decorator.py
[2025-06-12T23:08:46.540-0300] {logging_mixin.py:154} INFO - [2025-06-12T23:08:46.539-0300] {manager.py:499} INFO - Created Permission View: %s
[2025-06-12T23:08:46.590-0300] {logging_mixin.py:154} INFO - [2025-06-12T23:08:46.589-0300] {manager.py:499} INFO - Created Permission View: %s
[2025-06-12T23:08:46.637-0300] {logging_mixin.py:154} INFO - [2025-06-12T23:08:46.637-0300] {manager.py:499} INFO - Created Permission View: %s
[2025-06-12T23:08:46.638-0300] {logging_mixin.py:154} INFO - [2025-06-12T23:08:46.638-0300] {dag.py:2941} INFO - Sync 1 DAGs
[2025-06-12T23:08:46.663-0300] {logging_mixin.py:154} INFO - [2025-06-12T23:08:46.662-0300] {dag.py:2963} INFO - Creating ORM DAG for example_sensor_decorator
[2025-06-12T23:08:46.664-0300] {logging_mixin.py:154} INFO - [2025-06-12T23:08:46.664-0300] {dag.py:3722} INFO - Setting next_dagrun for example_sensor_decorator to None, run_after=None
[2025-06-12T23:08:46.756-0300] {processor.py:179} INFO - Processing /mnt/c/Users/arcan/Documents/airflow/.venv/lib/python3.10/site-packages/airflow/example_dags/example_sensor_decorator.py took 1.865 seconds
[2025-06-12T23:11:39.285-0300] {processor.py:157} INFO - Started process (PID=39281) to work on /mnt/c/Users/arcan/Documents/airflow/.venv/lib/python3.10/site-packages/airflow/example_dags/example_sensor_decorator.py
[2025-06-12T23:11:39.287-0300] {processor.py:829} INFO - Processing file /mnt/c/Users/arcan/Documents/airflow/.venv/lib/python3.10/site-packages/airflow/example_dags/example_sensor_decorator.py for tasks to queue
[2025-06-12T23:11:39.289-0300] {logging_mixin.py:154} INFO - [2025-06-12T23:11:39.288-0300] {dagbag.py:536} INFO - Filling up the DagBag from /mnt/c/Users/arcan/Documents/airflow/.venv/lib/python3.10/site-packages/airflow/example_dags/example_sensor_decorator.py
[2025-06-12T23:11:39.319-0300] {processor.py:839} INFO - DAG(s) dict_keys(['example_sensor_decorator']) retrieved from /mnt/c/Users/arcan/Documents/airflow/.venv/lib/python3.10/site-packages/airflow/example_dags/example_sensor_decorator.py
[2025-06-12T23:11:39.375-0300] {logging_mixin.py:154} INFO - [2025-06-12T23:11:39.375-0300] {dag.py:2941} INFO - Sync 1 DAGs
[2025-06-12T23:11:39.391-0300] {logging_mixin.py:154} INFO - [2025-06-12T23:11:39.390-0300] {dag.py:3722} INFO - Setting next_dagrun for example_sensor_decorator to None, run_after=None
[2025-06-12T23:11:39.469-0300] {processor.py:179} INFO - Processing /mnt/c/Users/arcan/Documents/airflow/.venv/lib/python3.10/site-packages/airflow/example_dags/example_sensor_decorator.py took 0.188 seconds
[2025-06-12T23:16:27.838-0300] {processor.py:157} INFO - Started process (PID=40770) to work on /mnt/c/Users/arcan/Documents/airflow/.venv/lib/python3.10/site-packages/airflow/example_dags/example_sensor_decorator.py
[2025-06-12T23:16:27.839-0300] {processor.py:829} INFO - Processing file /mnt/c/Users/arcan/Documents/airflow/.venv/lib/python3.10/site-packages/airflow/example_dags/example_sensor_decorator.py for tasks to queue
[2025-06-12T23:16:27.841-0300] {logging_mixin.py:154} INFO - [2025-06-12T23:16:27.840-0300] {dagbag.py:536} INFO - Filling up the DagBag from /mnt/c/Users/arcan/Documents/airflow/.venv/lib/python3.10/site-packages/airflow/example_dags/example_sensor_decorator.py
[2025-06-12T23:16:27.871-0300] {processor.py:839} INFO - DAG(s) dict_keys(['example_sensor_decorator']) retrieved from /mnt/c/Users/arcan/Documents/airflow/.venv/lib/python3.10/site-packages/airflow/example_dags/example_sensor_decorator.py
[2025-06-12T23:16:27.922-0300] {logging_mixin.py:154} INFO - [2025-06-12T23:16:27.922-0300] {dag.py:2941} INFO - Sync 1 DAGs
[2025-06-12T23:16:27.939-0300] {logging_mixin.py:154} INFO - [2025-06-12T23:16:27.939-0300] {dag.py:3722} INFO - Setting next_dagrun for example_sensor_decorator to None, run_after=None
[2025-06-12T23:16:28.021-0300] {processor.py:179} INFO - Processing /mnt/c/Users/arcan/Documents/airflow/.venv/lib/python3.10/site-packages/airflow/example_dags/example_sensor_decorator.py took 0.187 seconds
[2025-06-12T23:17:29.124-0300] {processor.py:157} INFO - Started process (PID=40956) to work on /mnt/c/Users/arcan/Documents/airflow/.venv/lib/python3.10/site-packages/airflow/example_dags/example_sensor_decorator.py
[2025-06-12T23:17:29.125-0300] {processor.py:829} INFO - Processing file /mnt/c/Users/arcan/Documents/airflow/.venv/lib/python3.10/site-packages/airflow/example_dags/example_sensor_decorator.py for tasks to queue
[2025-06-12T23:17:29.127-0300] {logging_mixin.py:154} INFO - [2025-06-12T23:17:29.126-0300] {dagbag.py:536} INFO - Filling up the DagBag from /mnt/c/Users/arcan/Documents/airflow/.venv/lib/python3.10/site-packages/airflow/example_dags/example_sensor_decorator.py
[2025-06-12T23:17:29.161-0300] {processor.py:839} INFO - DAG(s) dict_keys(['example_sensor_decorator']) retrieved from /mnt/c/Users/arcan/Documents/airflow/.venv/lib/python3.10/site-packages/airflow/example_dags/example_sensor_decorator.py
[2025-06-12T23:17:29.202-0300] {logging_mixin.py:154} INFO - [2025-06-12T23:17:29.201-0300] {dag.py:2941} INFO - Sync 1 DAGs
[2025-06-12T23:17:29.218-0300] {logging_mixin.py:154} INFO - [2025-06-12T23:17:29.218-0300] {dag.py:3722} INFO - Setting next_dagrun for example_sensor_decorator to None, run_after=None
[2025-06-12T23:17:29.296-0300] {processor.py:179} INFO - Processing /mnt/c/Users/arcan/Documents/airflow/.venv/lib/python3.10/site-packages/airflow/example_dags/example_sensor_decorator.py took 0.177 seconds
