[2025-06-12T23:02:46.898-0300] {processor.py:157} INFO - Started process (PID=37819) to work on /mnt/c/Users/arcan/Documents/airflow/.venv/lib/python3.10/site-packages/airflow/example_dags/example_short_circuit_decorator.py
[2025-06-12T23:02:46.899-0300] {processor.py:829} INFO - Processing file /mnt/c/Users/arcan/Documents/airflow/.venv/lib/python3.10/site-packages/airflow/example_dags/example_short_circuit_decorator.py for tasks to queue
[2025-06-12T23:02:46.901-0300] {logging_mixin.py:154} INFO - [2025-06-12T23:02:46.900-0300] {dagbag.py:536} INFO - Filling up the DagBag from /mnt/c/Users/arcan/Documents/airflow/.venv/lib/python3.10/site-packages/airflow/example_dags/example_short_circuit_decorator.py
[2025-06-12T23:02:46.936-0300] {processor.py:839} INFO - DAG(s) dict_keys(['example_short_circuit_decorator']) retrieved from /mnt/c/Users/arcan/Documents/airflow/.venv/lib/python3.10/site-packages/airflow/example_dags/example_short_circuit_decorator.py
[2025-06-12T23:02:48.548-0300] {logging_mixin.py:154} INFO - [2025-06-12T23:02:48.547-0300] {manager.py:499} INFO - Created Permission View: %s
[2025-06-12T23:02:48.617-0300] {logging_mixin.py:154} INFO - [2025-06-12T23:02:48.617-0300] {manager.py:499} INFO - Created Permission View: %s
[2025-06-12T23:02:48.663-0300] {logging_mixin.py:154} INFO - [2025-06-12T23:02:48.662-0300] {manager.py:499} INFO - Created Permission View: %s
[2025-06-12T23:02:48.664-0300] {logging_mixin.py:154} INFO - [2025-06-12T23:02:48.663-0300] {dag.py:2941} INFO - Sync 1 DAGs
[2025-06-12T23:02:48.685-0300] {logging_mixin.py:154} INFO - [2025-06-12T23:02:48.685-0300] {dag.py:2963} INFO - Creating ORM DAG for example_short_circuit_decorator
[2025-06-12T23:02:48.698-0300] {logging_mixin.py:154} INFO - [2025-06-12T23:02:48.698-0300] {dag.py:3722} INFO - Setting next_dagrun for example_short_circuit_decorator to 2025-06-12T02:02:48.698281+00:00, run_after=2025-06-13T02:02:48.698281+00:00
[2025-06-12T23:02:48.791-0300] {processor.py:179} INFO - Processing /mnt/c/Users/arcan/Documents/airflow/.venv/lib/python3.10/site-packages/airflow/example_dags/example_short_circuit_decorator.py took 1.897 seconds
[2025-06-12T23:04:33.750-0300] {processor.py:157} INFO - Started process (PID=38087) to work on /mnt/c/Users/arcan/Documents/airflow/.venv/lib/python3.10/site-packages/airflow/example_dags/example_short_circuit_decorator.py
[2025-06-12T23:04:33.751-0300] {processor.py:829} INFO - Processing file /mnt/c/Users/arcan/Documents/airflow/.venv/lib/python3.10/site-packages/airflow/example_dags/example_short_circuit_decorator.py for tasks to queue
[2025-06-12T23:04:33.753-0300] {logging_mixin.py:154} INFO - [2025-06-12T23:04:33.752-0300] {dagbag.py:536} INFO - Filling up the DagBag from /mnt/c/Users/arcan/Documents/airflow/.venv/lib/python3.10/site-packages/airflow/example_dags/example_short_circuit_decorator.py
[2025-06-12T23:04:33.790-0300] {processor.py:839} INFO - DAG(s) dict_keys(['example_short_circuit_decorator']) retrieved from /mnt/c/Users/arcan/Documents/airflow/.venv/lib/python3.10/site-packages/airflow/example_dags/example_short_circuit_decorator.py
[2025-06-12T23:04:33.832-0300] {logging_mixin.py:154} INFO - [2025-06-12T23:04:33.831-0300] {dag.py:2941} INFO - Sync 1 DAGs
[2025-06-12T23:04:33.865-0300] {logging_mixin.py:154} INFO - [2025-06-12T23:04:33.865-0300] {dag.py:3722} INFO - Setting next_dagrun for example_short_circuit_decorator to 2025-06-12T02:04:33.865048+00:00, run_after=2025-06-13T02:04:33.865048+00:00
[2025-06-12T23:04:33.951-0300] {processor.py:179} INFO - Processing /mnt/c/Users/arcan/Documents/airflow/.venv/lib/python3.10/site-packages/airflow/example_dags/example_short_circuit_decorator.py took 0.206 seconds
[2025-06-12T23:05:35.627-0300] {processor.py:157} INFO - Started process (PID=38258) to work on /mnt/c/Users/arcan/Documents/airflow/.venv/lib/python3.10/site-packages/airflow/example_dags/example_short_circuit_decorator.py
[2025-06-12T23:05:35.628-0300] {processor.py:829} INFO - Processing file /mnt/c/Users/arcan/Documents/airflow/.venv/lib/python3.10/site-packages/airflow/example_dags/example_short_circuit_decorator.py for tasks to queue
[2025-06-12T23:05:35.629-0300] {logging_mixin.py:154} INFO - [2025-06-12T23:05:35.629-0300] {dagbag.py:536} INFO - Filling up the DagBag from /mnt/c/Users/arcan/Documents/airflow/.venv/lib/python3.10/site-packages/airflow/example_dags/example_short_circuit_decorator.py
[2025-06-12T23:05:35.668-0300] {processor.py:839} INFO - DAG(s) dict_keys(['example_short_circuit_decorator']) retrieved from /mnt/c/Users/arcan/Documents/airflow/.venv/lib/python3.10/site-packages/airflow/example_dags/example_short_circuit_decorator.py
[2025-06-12T23:05:35.706-0300] {logging_mixin.py:154} INFO - [2025-06-12T23:05:35.706-0300] {dag.py:2941} INFO - Sync 1 DAGs
[2025-06-12T23:05:35.739-0300] {logging_mixin.py:154} INFO - [2025-06-12T23:05:35.738-0300] {dag.py:3722} INFO - Setting next_dagrun for example_short_circuit_decorator to 2025-06-12T02:05:35.738453+00:00, run_after=2025-06-13T02:05:35.738453+00:00
[2025-06-12T23:05:35.829-0300] {processor.py:179} INFO - Processing /mnt/c/Users/arcan/Documents/airflow/.venv/lib/python3.10/site-packages/airflow/example_dags/example_short_circuit_decorator.py took 0.206 seconds
[2025-06-12T23:08:34.093-0300] {processor.py:157} INFO - Started process (PID=38684) to work on /mnt/c/Users/arcan/Documents/airflow/.venv/lib/python3.10/site-packages/airflow/example_dags/example_short_circuit_decorator.py
[2025-06-12T23:08:34.095-0300] {processor.py:829} INFO - Processing file /mnt/c/Users/arcan/Documents/airflow/.venv/lib/python3.10/site-packages/airflow/example_dags/example_short_circuit_decorator.py for tasks to queue
[2025-06-12T23:08:34.096-0300] {logging_mixin.py:154} INFO - [2025-06-12T23:08:34.096-0300] {dagbag.py:536} INFO - Filling up the DagBag from /mnt/c/Users/arcan/Documents/airflow/.venv/lib/python3.10/site-packages/airflow/example_dags/example_short_circuit_decorator.py
[2025-06-12T23:08:34.137-0300] {processor.py:839} INFO - DAG(s) dict_keys(['example_short_circuit_decorator']) retrieved from /mnt/c/Users/arcan/Documents/airflow/.venv/lib/python3.10/site-packages/airflow/example_dags/example_short_circuit_decorator.py
[2025-06-12T23:08:35.831-0300] {logging_mixin.py:154} INFO - [2025-06-12T23:08:35.830-0300] {manager.py:499} INFO - Created Permission View: %s
[2025-06-12T23:08:35.883-0300] {logging_mixin.py:154} INFO - [2025-06-12T23:08:35.883-0300] {manager.py:499} INFO - Created Permission View: %s
[2025-06-12T23:08:35.927-0300] {logging_mixin.py:154} INFO - [2025-06-12T23:08:35.927-0300] {manager.py:499} INFO - Created Permission View: %s
[2025-06-12T23:08:35.928-0300] {logging_mixin.py:154} INFO - [2025-06-12T23:08:35.928-0300] {dag.py:2941} INFO - Sync 1 DAGs
[2025-06-12T23:08:35.947-0300] {logging_mixin.py:154} INFO - [2025-06-12T23:08:35.947-0300] {dag.py:2963} INFO - Creating ORM DAG for example_short_circuit_decorator
[2025-06-12T23:08:35.960-0300] {logging_mixin.py:154} INFO - [2025-06-12T23:08:35.960-0300] {dag.py:3722} INFO - Setting next_dagrun for example_short_circuit_decorator to 2025-06-12T02:08:35.960549+00:00, run_after=2025-06-13T02:08:35.960549+00:00
[2025-06-12T23:08:36.049-0300] {processor.py:179} INFO - Processing /mnt/c/Users/arcan/Documents/airflow/.venv/lib/python3.10/site-packages/airflow/example_dags/example_short_circuit_decorator.py took 1.960 seconds
[2025-06-12T23:11:35.289-0300] {processor.py:157} INFO - Started process (PID=39265) to work on /mnt/c/Users/arcan/Documents/airflow/.venv/lib/python3.10/site-packages/airflow/example_dags/example_short_circuit_decorator.py
[2025-06-12T23:11:35.291-0300] {processor.py:829} INFO - Processing file /mnt/c/Users/arcan/Documents/airflow/.venv/lib/python3.10/site-packages/airflow/example_dags/example_short_circuit_decorator.py for tasks to queue
[2025-06-12T23:11:35.293-0300] {logging_mixin.py:154} INFO - [2025-06-12T23:11:35.292-0300] {dagbag.py:536} INFO - Filling up the DagBag from /mnt/c/Users/arcan/Documents/airflow/.venv/lib/python3.10/site-packages/airflow/example_dags/example_short_circuit_decorator.py
[2025-06-12T23:11:35.332-0300] {processor.py:839} INFO - DAG(s) dict_keys(['example_short_circuit_decorator']) retrieved from /mnt/c/Users/arcan/Documents/airflow/.venv/lib/python3.10/site-packages/airflow/example_dags/example_short_circuit_decorator.py
[2025-06-12T23:11:35.395-0300] {logging_mixin.py:154} INFO - [2025-06-12T23:11:35.395-0300] {dag.py:2941} INFO - Sync 1 DAGs
[2025-06-12T23:11:35.428-0300] {logging_mixin.py:154} INFO - [2025-06-12T23:11:35.427-0300] {dag.py:3722} INFO - Setting next_dagrun for example_short_circuit_decorator to 2025-06-12T02:11:35.427582+00:00, run_after=2025-06-13T02:11:35.427582+00:00
[2025-06-12T23:11:35.513-0300] {processor.py:179} INFO - Processing /mnt/c/Users/arcan/Documents/airflow/.venv/lib/python3.10/site-packages/airflow/example_dags/example_short_circuit_decorator.py took 0.229 seconds
[2025-06-12T23:13:17.364-0300] {processor.py:157} INFO - Started process (PID=39564) to work on /mnt/c/Users/arcan/Documents/airflow/.venv/lib/python3.10/site-packages/airflow/example_dags/example_short_circuit_decorator.py
[2025-06-12T23:13:17.366-0300] {processor.py:829} INFO - Processing file /mnt/c/Users/arcan/Documents/airflow/.venv/lib/python3.10/site-packages/airflow/example_dags/example_short_circuit_decorator.py for tasks to queue
[2025-06-12T23:13:17.368-0300] {logging_mixin.py:154} INFO - [2025-06-12T23:13:17.368-0300] {dagbag.py:536} INFO - Filling up the DagBag from /mnt/c/Users/arcan/Documents/airflow/.venv/lib/python3.10/site-packages/airflow/example_dags/example_short_circuit_decorator.py
[2025-06-12T23:13:17.407-0300] {processor.py:839} INFO - DAG(s) dict_keys(['example_short_circuit_decorator']) retrieved from /mnt/c/Users/arcan/Documents/airflow/.venv/lib/python3.10/site-packages/airflow/example_dags/example_short_circuit_decorator.py
[2025-06-12T23:13:17.446-0300] {logging_mixin.py:154} INFO - [2025-06-12T23:13:17.445-0300] {dag.py:2941} INFO - Sync 1 DAGs
[2025-06-12T23:13:17.478-0300] {logging_mixin.py:154} INFO - [2025-06-12T23:13:17.478-0300] {dag.py:3722} INFO - Setting next_dagrun for example_short_circuit_decorator to 2025-06-12T02:13:17.478077+00:00, run_after=2025-06-13T02:13:17.478077+00:00
[2025-06-12T23:13:17.590-0300] {processor.py:179} INFO - Processing /mnt/c/Users/arcan/Documents/airflow/.venv/lib/python3.10/site-packages/airflow/example_dags/example_short_circuit_decorator.py took 0.230 seconds
[2025-06-12T23:16:22.779-0300] {processor.py:157} INFO - Started process (PID=40754) to work on /mnt/c/Users/arcan/Documents/airflow/.venv/lib/python3.10/site-packages/airflow/example_dags/example_short_circuit_decorator.py
[2025-06-12T23:16:22.781-0300] {processor.py:829} INFO - Processing file /mnt/c/Users/arcan/Documents/airflow/.venv/lib/python3.10/site-packages/airflow/example_dags/example_short_circuit_decorator.py for tasks to queue
[2025-06-12T23:16:22.783-0300] {logging_mixin.py:154} INFO - [2025-06-12T23:16:22.782-0300] {dagbag.py:536} INFO - Filling up the DagBag from /mnt/c/Users/arcan/Documents/airflow/.venv/lib/python3.10/site-packages/airflow/example_dags/example_short_circuit_decorator.py
[2025-06-12T23:16:22.822-0300] {processor.py:839} INFO - DAG(s) dict_keys(['example_short_circuit_decorator']) retrieved from /mnt/c/Users/arcan/Documents/airflow/.venv/lib/python3.10/site-packages/airflow/example_dags/example_short_circuit_decorator.py
[2025-06-12T23:16:22.887-0300] {logging_mixin.py:154} INFO - [2025-06-12T23:16:22.887-0300] {dag.py:2941} INFO - Sync 1 DAGs
[2025-06-12T23:16:22.921-0300] {logging_mixin.py:154} INFO - [2025-06-12T23:16:22.921-0300] {dag.py:3722} INFO - Setting next_dagrun for example_short_circuit_decorator to 2025-06-12T02:16:22.921279+00:00, run_after=2025-06-13T02:16:22.921279+00:00
[2025-06-12T23:16:23.014-0300] {processor.py:179} INFO - Processing /mnt/c/Users/arcan/Documents/airflow/.venv/lib/python3.10/site-packages/airflow/example_dags/example_short_circuit_decorator.py took 0.239 seconds
[2025-06-12T23:17:24.508-0300] {processor.py:157} INFO - Started process (PID=40940) to work on /mnt/c/Users/arcan/Documents/airflow/.venv/lib/python3.10/site-packages/airflow/example_dags/example_short_circuit_decorator.py
[2025-06-12T23:17:24.510-0300] {processor.py:829} INFO - Processing file /mnt/c/Users/arcan/Documents/airflow/.venv/lib/python3.10/site-packages/airflow/example_dags/example_short_circuit_decorator.py for tasks to queue
[2025-06-12T23:17:24.511-0300] {logging_mixin.py:154} INFO - [2025-06-12T23:17:24.511-0300] {dagbag.py:536} INFO - Filling up the DagBag from /mnt/c/Users/arcan/Documents/airflow/.venv/lib/python3.10/site-packages/airflow/example_dags/example_short_circuit_decorator.py
[2025-06-12T23:17:24.541-0300] {processor.py:839} INFO - DAG(s) dict_keys(['example_short_circuit_decorator']) retrieved from /mnt/c/Users/arcan/Documents/airflow/.venv/lib/python3.10/site-packages/airflow/example_dags/example_short_circuit_decorator.py
[2025-06-12T23:17:24.584-0300] {logging_mixin.py:154} INFO - [2025-06-12T23:17:24.584-0300] {dag.py:2941} INFO - Sync 1 DAGs
[2025-06-12T23:17:24.610-0300] {logging_mixin.py:154} INFO - [2025-06-12T23:17:24.610-0300] {dag.py:3722} INFO - Setting next_dagrun for example_short_circuit_decorator to 2025-06-12T02:17:24.610184+00:00, run_after=2025-06-13T02:17:24.610184+00:00
[2025-06-12T23:17:24.704-0300] {processor.py:179} INFO - Processing /mnt/c/Users/arcan/Documents/airflow/.venv/lib/python3.10/site-packages/airflow/example_dags/example_short_circuit_decorator.py took 0.199 seconds
