[2025-06-12T23:03:08.327-0300] {processor.py:157} INFO - Started process (PID=37871) to work on /mnt/c/Users/arcan/Documents/airflow/.venv/lib/python3.10/site-packages/airflow/example_dags/example_params_ui_tutorial.py
[2025-06-12T23:03:08.328-0300] {processor.py:829} INFO - Processing file /mnt/c/Users/arcan/Documents/airflow/.venv/lib/python3.10/site-packages/airflow/example_dags/example_params_ui_tutorial.py for tasks to queue
[2025-06-12T23:03:08.330-0300] {logging_mixin.py:154} INFO - [2025-06-12T23:03:08.329-0300] {dagbag.py:536} INFO - Filling up the DagBag from /mnt/c/Users/arcan/Documents/airflow/.venv/lib/python3.10/site-packages/airflow/example_dags/example_params_ui_tutorial.py
[2025-06-12T23:03:08.393-0300] {processor.py:839} INFO - DAG(s) dict_keys(['example_params_ui_tutorial']) retrieved from /mnt/c/Users/arcan/Documents/airflow/.venv/lib/python3.10/site-packages/airflow/example_dags/example_params_ui_tutorial.py
[2025-06-12T23:03:09.973-0300] {logging_mixin.py:154} INFO - [2025-06-12T23:03:09.973-0300] {manager.py:499} INFO - Created Permission View: %s
[2025-06-12T23:03:10.038-0300] {logging_mixin.py:154} INFO - [2025-06-12T23:03:10.037-0300] {manager.py:499} INFO - Created Permission View: %s
[2025-06-12T23:03:10.080-0300] {logging_mixin.py:154} INFO - [2025-06-12T23:03:10.080-0300] {manager.py:499} INFO - Created Permission View: %s
[2025-06-12T23:03:10.080-0300] {logging_mixin.py:154} INFO - [2025-06-12T23:03:10.080-0300] {dag.py:2941} INFO - Sync 1 DAGs
[2025-06-12T23:03:10.098-0300] {logging_mixin.py:154} INFO - [2025-06-12T23:03:10.098-0300] {dag.py:2963} INFO - Creating ORM DAG for example_params_ui_tutorial
[2025-06-12T23:03:10.099-0300] {logging_mixin.py:154} INFO - [2025-06-12T23:03:10.099-0300] {dag.py:3722} INFO - Setting next_dagrun for example_params_ui_tutorial to None, run_after=None
[2025-06-12T23:03:10.193-0300] {processor.py:179} INFO - Processing /mnt/c/Users/arcan/Documents/airflow/.venv/lib/python3.10/site-packages/airflow/example_dags/example_params_ui_tutorial.py took 1.871 seconds
[2025-06-12T23:04:43.228-0300] {processor.py:157} INFO - Started process (PID=38115) to work on /mnt/c/Users/arcan/Documents/airflow/.venv/lib/python3.10/site-packages/airflow/example_dags/example_params_ui_tutorial.py
[2025-06-12T23:04:43.229-0300] {processor.py:829} INFO - Processing file /mnt/c/Users/arcan/Documents/airflow/.venv/lib/python3.10/site-packages/airflow/example_dags/example_params_ui_tutorial.py for tasks to queue
[2025-06-12T23:04:43.231-0300] {logging_mixin.py:154} INFO - [2025-06-12T23:04:43.230-0300] {dagbag.py:536} INFO - Filling up the DagBag from /mnt/c/Users/arcan/Documents/airflow/.venv/lib/python3.10/site-packages/airflow/example_dags/example_params_ui_tutorial.py
[2025-06-12T23:04:43.290-0300] {processor.py:839} INFO - DAG(s) dict_keys(['example_params_ui_tutorial']) retrieved from /mnt/c/Users/arcan/Documents/airflow/.venv/lib/python3.10/site-packages/airflow/example_dags/example_params_ui_tutorial.py
[2025-06-12T23:04:43.349-0300] {logging_mixin.py:154} INFO - [2025-06-12T23:04:43.349-0300] {dag.py:2941} INFO - Sync 1 DAGs
[2025-06-12T23:04:43.366-0300] {logging_mixin.py:154} INFO - [2025-06-12T23:04:43.366-0300] {dag.py:3722} INFO - Setting next_dagrun for example_params_ui_tutorial to None, run_after=None
[2025-06-12T23:04:43.453-0300] {processor.py:179} INFO - Processing /mnt/c/Users/arcan/Documents/airflow/.venv/lib/python3.10/site-packages/airflow/example_dags/example_params_ui_tutorial.py took 0.229 seconds
[2025-06-12T23:05:45.119-0300] {processor.py:157} INFO - Started process (PID=38286) to work on /mnt/c/Users/arcan/Documents/airflow/.venv/lib/python3.10/site-packages/airflow/example_dags/example_params_ui_tutorial.py
[2025-06-12T23:05:45.121-0300] {processor.py:829} INFO - Processing file /mnt/c/Users/arcan/Documents/airflow/.venv/lib/python3.10/site-packages/airflow/example_dags/example_params_ui_tutorial.py for tasks to queue
[2025-06-12T23:05:45.123-0300] {logging_mixin.py:154} INFO - [2025-06-12T23:05:45.122-0300] {dagbag.py:536} INFO - Filling up the DagBag from /mnt/c/Users/arcan/Documents/airflow/.venv/lib/python3.10/site-packages/airflow/example_dags/example_params_ui_tutorial.py
[2025-06-12T23:05:45.190-0300] {processor.py:839} INFO - DAG(s) dict_keys(['example_params_ui_tutorial']) retrieved from /mnt/c/Users/arcan/Documents/airflow/.venv/lib/python3.10/site-packages/airflow/example_dags/example_params_ui_tutorial.py
[2025-06-12T23:05:45.256-0300] {logging_mixin.py:154} INFO - [2025-06-12T23:05:45.256-0300] {dag.py:2941} INFO - Sync 1 DAGs
[2025-06-12T23:05:45.274-0300] {logging_mixin.py:154} INFO - [2025-06-12T23:05:45.274-0300] {dag.py:3722} INFO - Setting next_dagrun for example_params_ui_tutorial to None, run_after=None
[2025-06-12T23:05:45.382-0300] {processor.py:179} INFO - Processing /mnt/c/Users/arcan/Documents/airflow/.venv/lib/python3.10/site-packages/airflow/example_dags/example_params_ui_tutorial.py took 0.267 seconds
[2025-06-12T23:08:54.359-0300] {processor.py:157} INFO - Started process (PID=38758) to work on /mnt/c/Users/arcan/Documents/airflow/.venv/lib/python3.10/site-packages/airflow/example_dags/example_params_ui_tutorial.py
[2025-06-12T23:08:54.361-0300] {processor.py:829} INFO - Processing file /mnt/c/Users/arcan/Documents/airflow/.venv/lib/python3.10/site-packages/airflow/example_dags/example_params_ui_tutorial.py for tasks to queue
[2025-06-12T23:08:54.362-0300] {logging_mixin.py:154} INFO - [2025-06-12T23:08:54.362-0300] {dagbag.py:536} INFO - Filling up the DagBag from /mnt/c/Users/arcan/Documents/airflow/.venv/lib/python3.10/site-packages/airflow/example_dags/example_params_ui_tutorial.py
[2025-06-12T23:08:54.423-0300] {processor.py:839} INFO - DAG(s) dict_keys(['example_params_ui_tutorial']) retrieved from /mnt/c/Users/arcan/Documents/airflow/.venv/lib/python3.10/site-packages/airflow/example_dags/example_params_ui_tutorial.py
[2025-06-12T23:08:56.022-0300] {logging_mixin.py:154} INFO - [2025-06-12T23:08:56.021-0300] {manager.py:499} INFO - Created Permission View: %s
[2025-06-12T23:08:56.085-0300] {logging_mixin.py:154} INFO - [2025-06-12T23:08:56.084-0300] {manager.py:499} INFO - Created Permission View: %s
[2025-06-12T23:08:56.131-0300] {logging_mixin.py:154} INFO - [2025-06-12T23:08:56.130-0300] {manager.py:499} INFO - Created Permission View: %s
[2025-06-12T23:08:56.131-0300] {logging_mixin.py:154} INFO - [2025-06-12T23:08:56.131-0300] {dag.py:2941} INFO - Sync 1 DAGs
[2025-06-12T23:08:56.152-0300] {logging_mixin.py:154} INFO - [2025-06-12T23:08:56.152-0300] {dag.py:2963} INFO - Creating ORM DAG for example_params_ui_tutorial
[2025-06-12T23:08:56.153-0300] {logging_mixin.py:154} INFO - [2025-06-12T23:08:56.153-0300] {dag.py:3722} INFO - Setting next_dagrun for example_params_ui_tutorial to None, run_after=None
[2025-06-12T23:08:56.237-0300] {processor.py:179} INFO - Processing /mnt/c/Users/arcan/Documents/airflow/.venv/lib/python3.10/site-packages/airflow/example_dags/example_params_ui_tutorial.py took 1.882 seconds
[2025-06-12T23:11:44.743-0300] {processor.py:157} INFO - Started process (PID=39296) to work on /mnt/c/Users/arcan/Documents/airflow/.venv/lib/python3.10/site-packages/airflow/example_dags/example_params_ui_tutorial.py
[2025-06-12T23:11:44.744-0300] {processor.py:829} INFO - Processing file /mnt/c/Users/arcan/Documents/airflow/.venv/lib/python3.10/site-packages/airflow/example_dags/example_params_ui_tutorial.py for tasks to queue
[2025-06-12T23:11:44.746-0300] {logging_mixin.py:154} INFO - [2025-06-12T23:11:44.745-0300] {dagbag.py:536} INFO - Filling up the DagBag from /mnt/c/Users/arcan/Documents/airflow/.venv/lib/python3.10/site-packages/airflow/example_dags/example_params_ui_tutorial.py
[2025-06-12T23:11:44.806-0300] {processor.py:839} INFO - DAG(s) dict_keys(['example_params_ui_tutorial']) retrieved from /mnt/c/Users/arcan/Documents/airflow/.venv/lib/python3.10/site-packages/airflow/example_dags/example_params_ui_tutorial.py
[2025-06-12T23:11:44.889-0300] {logging_mixin.py:154} INFO - [2025-06-12T23:11:44.889-0300] {dag.py:2941} INFO - Sync 1 DAGs
[2025-06-12T23:11:44.907-0300] {logging_mixin.py:154} INFO - [2025-06-12T23:11:44.907-0300] {dag.py:3722} INFO - Setting next_dagrun for example_params_ui_tutorial to None, run_after=None
[2025-06-12T23:11:44.994-0300] {processor.py:179} INFO - Processing /mnt/c/Users/arcan/Documents/airflow/.venv/lib/python3.10/site-packages/airflow/example_dags/example_params_ui_tutorial.py took 0.255 seconds
[2025-06-12T23:16:31.836-0300] {processor.py:157} INFO - Started process (PID=40779) to work on /mnt/c/Users/arcan/Documents/airflow/.venv/lib/python3.10/site-packages/airflow/example_dags/example_params_ui_tutorial.py
[2025-06-12T23:16:31.837-0300] {processor.py:829} INFO - Processing file /mnt/c/Users/arcan/Documents/airflow/.venv/lib/python3.10/site-packages/airflow/example_dags/example_params_ui_tutorial.py for tasks to queue
[2025-06-12T23:16:31.839-0300] {logging_mixin.py:154} INFO - [2025-06-12T23:16:31.838-0300] {dagbag.py:536} INFO - Filling up the DagBag from /mnt/c/Users/arcan/Documents/airflow/.venv/lib/python3.10/site-packages/airflow/example_dags/example_params_ui_tutorial.py
[2025-06-12T23:16:31.902-0300] {processor.py:839} INFO - DAG(s) dict_keys(['example_params_ui_tutorial']) retrieved from /mnt/c/Users/arcan/Documents/airflow/.venv/lib/python3.10/site-packages/airflow/example_dags/example_params_ui_tutorial.py
[2025-06-12T23:16:31.976-0300] {logging_mixin.py:154} INFO - [2025-06-12T23:16:31.976-0300] {dag.py:2941} INFO - Sync 1 DAGs
[2025-06-12T23:16:31.995-0300] {logging_mixin.py:154} INFO - [2025-06-12T23:16:31.994-0300] {dag.py:3722} INFO - Setting next_dagrun for example_params_ui_tutorial to None, run_after=None
[2025-06-12T23:16:32.116-0300] {processor.py:179} INFO - Processing /mnt/c/Users/arcan/Documents/airflow/.venv/lib/python3.10/site-packages/airflow/example_dags/example_params_ui_tutorial.py took 0.284 seconds
[2025-06-12T23:17:36.042-0300] {processor.py:157} INFO - Started process (PID=40976) to work on /mnt/c/Users/arcan/Documents/airflow/.venv/lib/python3.10/site-packages/airflow/example_dags/example_params_ui_tutorial.py
[2025-06-12T23:17:36.044-0300] {processor.py:829} INFO - Processing file /mnt/c/Users/arcan/Documents/airflow/.venv/lib/python3.10/site-packages/airflow/example_dags/example_params_ui_tutorial.py for tasks to queue
[2025-06-12T23:17:36.045-0300] {logging_mixin.py:154} INFO - [2025-06-12T23:17:36.045-0300] {dagbag.py:536} INFO - Filling up the DagBag from /mnt/c/Users/arcan/Documents/airflow/.venv/lib/python3.10/site-packages/airflow/example_dags/example_params_ui_tutorial.py
[2025-06-12T23:17:36.102-0300] {processor.py:839} INFO - DAG(s) dict_keys(['example_params_ui_tutorial']) retrieved from /mnt/c/Users/arcan/Documents/airflow/.venv/lib/python3.10/site-packages/airflow/example_dags/example_params_ui_tutorial.py
[2025-06-12T23:17:36.162-0300] {logging_mixin.py:154} INFO - [2025-06-12T23:17:36.161-0300] {dag.py:2941} INFO - Sync 1 DAGs
[2025-06-12T23:17:36.177-0300] {logging_mixin.py:154} INFO - [2025-06-12T23:17:36.176-0300] {dag.py:3722} INFO - Setting next_dagrun for example_params_ui_tutorial to None, run_after=None
[2025-06-12T23:17:36.260-0300] {processor.py:179} INFO - Processing /mnt/c/Users/arcan/Documents/airflow/.venv/lib/python3.10/site-packages/airflow/example_dags/example_params_ui_tutorial.py took 0.222 seconds
