[2025-06-12T23:01:57.827-0300] {processor.py:157} INFO - Started process (PID=37705) to work on /mnt/c/Users/arcan/Documents/airflow/.venv/lib/python3.10/site-packages/airflow/example_dags/tutorial_taskflow_api_virtualenv.py
[2025-06-12T23:01:57.828-0300] {processor.py:829} INFO - Processing file /mnt/c/Users/arcan/Documents/airflow/.venv/lib/python3.10/site-packages/airflow/example_dags/tutorial_taskflow_api_virtualenv.py for tasks to queue
[2025-06-12T23:01:57.830-0300] {logging_mixin.py:154} INFO - [2025-06-12T23:01:57.830-0300] {dagbag.py:536} INFO - Filling up the DagBag from /mnt/c/Users/arcan/Documents/airflow/.venv/lib/python3.10/site-packages/airflow/example_dags/tutorial_taskflow_api_virtualenv.py
[2025-06-12T23:01:57.980-0300] {processor.py:839} INFO - DAG(s) dict_keys(['tutorial_taskflow_api_virtualenv']) retrieved from /mnt/c/Users/arcan/Documents/airflow/.venv/lib/python3.10/site-packages/airflow/example_dags/tutorial_taskflow_api_virtualenv.py
[2025-06-12T23:01:59.731-0300] {logging_mixin.py:154} INFO - [2025-06-12T23:01:59.731-0300] {manager.py:499} INFO - Created Permission View: %s
[2025-06-12T23:01:59.776-0300] {logging_mixin.py:154} INFO - [2025-06-12T23:01:59.776-0300] {manager.py:499} INFO - Created Permission View: %s
[2025-06-12T23:01:59.821-0300] {logging_mixin.py:154} INFO - [2025-06-12T23:01:59.821-0300] {manager.py:499} INFO - Created Permission View: %s
[2025-06-12T23:01:59.822-0300] {logging_mixin.py:154} INFO - [2025-06-12T23:01:59.822-0300] {dag.py:2941} INFO - Sync 1 DAGs
[2025-06-12T23:01:59.842-0300] {logging_mixin.py:154} INFO - [2025-06-12T23:01:59.841-0300] {dag.py:2963} INFO - Creating ORM DAG for tutorial_taskflow_api_virtualenv
[2025-06-12T23:01:59.842-0300] {logging_mixin.py:154} INFO - [2025-06-12T23:01:59.842-0300] {dag.py:3722} INFO - Setting next_dagrun for tutorial_taskflow_api_virtualenv to None, run_after=None
[2025-06-12T23:01:59.933-0300] {processor.py:179} INFO - Processing /mnt/c/Users/arcan/Documents/airflow/.venv/lib/python3.10/site-packages/airflow/example_dags/tutorial_taskflow_api_virtualenv.py took 2.111 seconds
[2025-06-12T23:04:14.380-0300] {processor.py:157} INFO - Started process (PID=38033) to work on /mnt/c/Users/arcan/Documents/airflow/.venv/lib/python3.10/site-packages/airflow/example_dags/tutorial_taskflow_api_virtualenv.py
[2025-06-12T23:04:14.382-0300] {processor.py:829} INFO - Processing file /mnt/c/Users/arcan/Documents/airflow/.venv/lib/python3.10/site-packages/airflow/example_dags/tutorial_taskflow_api_virtualenv.py for tasks to queue
[2025-06-12T23:04:14.384-0300] {logging_mixin.py:154} INFO - [2025-06-12T23:04:14.383-0300] {dagbag.py:536} INFO - Filling up the DagBag from /mnt/c/Users/arcan/Documents/airflow/.venv/lib/python3.10/site-packages/airflow/example_dags/tutorial_taskflow_api_virtualenv.py
[2025-06-12T23:04:14.416-0300] {processor.py:839} INFO - DAG(s) dict_keys(['tutorial_taskflow_api_virtualenv']) retrieved from /mnt/c/Users/arcan/Documents/airflow/.venv/lib/python3.10/site-packages/airflow/example_dags/tutorial_taskflow_api_virtualenv.py
[2025-06-12T23:04:14.457-0300] {logging_mixin.py:154} INFO - [2025-06-12T23:04:14.456-0300] {dag.py:2941} INFO - Sync 1 DAGs
[2025-06-12T23:04:14.472-0300] {logging_mixin.py:154} INFO - [2025-06-12T23:04:14.471-0300] {dag.py:3722} INFO - Setting next_dagrun for tutorial_taskflow_api_virtualenv to None, run_after=None
[2025-06-12T23:04:14.561-0300] {processor.py:179} INFO - Processing /mnt/c/Users/arcan/Documents/airflow/.venv/lib/python3.10/site-packages/airflow/example_dags/tutorial_taskflow_api_virtualenv.py took 0.184 seconds
[2025-06-12T23:05:00.741-0300] {processor.py:157} INFO - Started process (PID=38161) to work on /mnt/c/Users/arcan/Documents/airflow/.venv/lib/python3.10/site-packages/airflow/example_dags/tutorial_taskflow_api_virtualenv.py
[2025-06-12T23:05:00.743-0300] {processor.py:829} INFO - Processing file /mnt/c/Users/arcan/Documents/airflow/.venv/lib/python3.10/site-packages/airflow/example_dags/tutorial_taskflow_api_virtualenv.py for tasks to queue
[2025-06-12T23:05:00.745-0300] {logging_mixin.py:154} INFO - [2025-06-12T23:05:00.744-0300] {dagbag.py:536} INFO - Filling up the DagBag from /mnt/c/Users/arcan/Documents/airflow/.venv/lib/python3.10/site-packages/airflow/example_dags/tutorial_taskflow_api_virtualenv.py
[2025-06-12T23:05:00.776-0300] {processor.py:839} INFO - DAG(s) dict_keys(['tutorial_taskflow_api_virtualenv']) retrieved from /mnt/c/Users/arcan/Documents/airflow/.venv/lib/python3.10/site-packages/airflow/example_dags/tutorial_taskflow_api_virtualenv.py
[2025-06-12T23:05:00.817-0300] {logging_mixin.py:154} INFO - [2025-06-12T23:05:00.817-0300] {dag.py:2941} INFO - Sync 1 DAGs
[2025-06-12T23:05:00.833-0300] {logging_mixin.py:154} INFO - [2025-06-12T23:05:00.833-0300] {dag.py:3722} INFO - Setting next_dagrun for tutorial_taskflow_api_virtualenv to None, run_after=None
[2025-06-12T23:05:00.923-0300] {processor.py:179} INFO - Processing /mnt/c/Users/arcan/Documents/airflow/.venv/lib/python3.10/site-packages/airflow/example_dags/tutorial_taskflow_api_virtualenv.py took 0.186 seconds
[2025-06-12T23:07:45.668-0300] {processor.py:157} INFO - Started process (PID=38566) to work on /mnt/c/Users/arcan/Documents/airflow/.venv/lib/python3.10/site-packages/airflow/example_dags/tutorial_taskflow_api_virtualenv.py
[2025-06-12T23:07:45.671-0300] {processor.py:829} INFO - Processing file /mnt/c/Users/arcan/Documents/airflow/.venv/lib/python3.10/site-packages/airflow/example_dags/tutorial_taskflow_api_virtualenv.py for tasks to queue
[2025-06-12T23:07:45.672-0300] {logging_mixin.py:154} INFO - [2025-06-12T23:07:45.672-0300] {dagbag.py:536} INFO - Filling up the DagBag from /mnt/c/Users/arcan/Documents/airflow/.venv/lib/python3.10/site-packages/airflow/example_dags/tutorial_taskflow_api_virtualenv.py
[2025-06-12T23:07:45.828-0300] {processor.py:839} INFO - DAG(s) dict_keys(['tutorial_taskflow_api_virtualenv']) retrieved from /mnt/c/Users/arcan/Documents/airflow/.venv/lib/python3.10/site-packages/airflow/example_dags/tutorial_taskflow_api_virtualenv.py
[2025-06-12T23:07:47.603-0300] {logging_mixin.py:154} INFO - [2025-06-12T23:07:47.602-0300] {manager.py:499} INFO - Created Permission View: %s
[2025-06-12T23:07:47.649-0300] {logging_mixin.py:154} INFO - [2025-06-12T23:07:47.649-0300] {manager.py:499} INFO - Created Permission View: %s
[2025-06-12T23:07:47.693-0300] {logging_mixin.py:154} INFO - [2025-06-12T23:07:47.693-0300] {manager.py:499} INFO - Created Permission View: %s
[2025-06-12T23:07:47.694-0300] {logging_mixin.py:154} INFO - [2025-06-12T23:07:47.694-0300] {dag.py:2941} INFO - Sync 1 DAGs
[2025-06-12T23:07:47.716-0300] {logging_mixin.py:154} INFO - [2025-06-12T23:07:47.716-0300] {dag.py:2963} INFO - Creating ORM DAG for tutorial_taskflow_api_virtualenv
[2025-06-12T23:07:47.717-0300] {logging_mixin.py:154} INFO - [2025-06-12T23:07:47.717-0300] {dag.py:3722} INFO - Setting next_dagrun for tutorial_taskflow_api_virtualenv to None, run_after=None
[2025-06-12T23:07:47.808-0300] {processor.py:179} INFO - Processing /mnt/c/Users/arcan/Documents/airflow/.venv/lib/python3.10/site-packages/airflow/example_dags/tutorial_taskflow_api_virtualenv.py took 2.145 seconds
[2025-06-12T23:11:13.815-0300] {processor.py:157} INFO - Started process (PID=39204) to work on /mnt/c/Users/arcan/Documents/airflow/.venv/lib/python3.10/site-packages/airflow/example_dags/tutorial_taskflow_api_virtualenv.py
[2025-06-12T23:11:13.817-0300] {processor.py:829} INFO - Processing file /mnt/c/Users/arcan/Documents/airflow/.venv/lib/python3.10/site-packages/airflow/example_dags/tutorial_taskflow_api_virtualenv.py for tasks to queue
[2025-06-12T23:11:13.818-0300] {logging_mixin.py:154} INFO - [2025-06-12T23:11:13.817-0300] {dagbag.py:536} INFO - Filling up the DagBag from /mnt/c/Users/arcan/Documents/airflow/.venv/lib/python3.10/site-packages/airflow/example_dags/tutorial_taskflow_api_virtualenv.py
[2025-06-12T23:11:13.973-0300] {processor.py:839} INFO - DAG(s) dict_keys(['tutorial_taskflow_api_virtualenv']) retrieved from /mnt/c/Users/arcan/Documents/airflow/.venv/lib/python3.10/site-packages/airflow/example_dags/tutorial_taskflow_api_virtualenv.py
[2025-06-12T23:11:14.110-0300] {logging_mixin.py:154} INFO - [2025-06-12T23:11:14.110-0300] {dag.py:2941} INFO - Sync 1 DAGs
[2025-06-12T23:11:14.132-0300] {logging_mixin.py:154} INFO - [2025-06-12T23:11:14.132-0300] {dag.py:3722} INFO - Setting next_dagrun for tutorial_taskflow_api_virtualenv to None, run_after=None
[2025-06-12T23:11:14.218-0300] {processor.py:179} INFO - Processing /mnt/c/Users/arcan/Documents/airflow/.venv/lib/python3.10/site-packages/airflow/example_dags/tutorial_taskflow_api_virtualenv.py took 0.408 seconds
[2025-06-12T23:12:18.876-0300] {processor.py:157} INFO - Started process (PID=39406) to work on /mnt/c/Users/arcan/Documents/airflow/.venv/lib/python3.10/site-packages/airflow/example_dags/tutorial_taskflow_api_virtualenv.py
[2025-06-12T23:12:18.878-0300] {processor.py:829} INFO - Processing file /mnt/c/Users/arcan/Documents/airflow/.venv/lib/python3.10/site-packages/airflow/example_dags/tutorial_taskflow_api_virtualenv.py for tasks to queue
[2025-06-12T23:12:18.880-0300] {logging_mixin.py:154} INFO - [2025-06-12T23:12:18.879-0300] {dagbag.py:536} INFO - Filling up the DagBag from /mnt/c/Users/arcan/Documents/airflow/.venv/lib/python3.10/site-packages/airflow/example_dags/tutorial_taskflow_api_virtualenv.py
[2025-06-12T23:12:18.918-0300] {processor.py:839} INFO - DAG(s) dict_keys(['tutorial_taskflow_api_virtualenv']) retrieved from /mnt/c/Users/arcan/Documents/airflow/.venv/lib/python3.10/site-packages/airflow/example_dags/tutorial_taskflow_api_virtualenv.py
[2025-06-12T23:12:18.976-0300] {logging_mixin.py:154} INFO - [2025-06-12T23:12:18.975-0300] {dag.py:2941} INFO - Sync 1 DAGs
[2025-06-12T23:12:18.995-0300] {logging_mixin.py:154} INFO - [2025-06-12T23:12:18.995-0300] {dag.py:3722} INFO - Setting next_dagrun for tutorial_taskflow_api_virtualenv to None, run_after=None
[2025-06-12T23:12:19.085-0300] {processor.py:179} INFO - Processing /mnt/c/Users/arcan/Documents/airflow/.venv/lib/python3.10/site-packages/airflow/example_dags/tutorial_taskflow_api_virtualenv.py took 0.214 seconds
[2025-06-12T23:16:02.219-0300] {processor.py:157} INFO - Started process (PID=40579) to work on /mnt/c/Users/arcan/Documents/airflow/.venv/lib/python3.10/site-packages/airflow/example_dags/tutorial_taskflow_api_virtualenv.py
[2025-06-12T23:16:02.221-0300] {processor.py:829} INFO - Processing file /mnt/c/Users/arcan/Documents/airflow/.venv/lib/python3.10/site-packages/airflow/example_dags/tutorial_taskflow_api_virtualenv.py for tasks to queue
[2025-06-12T23:16:02.223-0300] {logging_mixin.py:154} INFO - [2025-06-12T23:16:02.222-0300] {dagbag.py:536} INFO - Filling up the DagBag from /mnt/c/Users/arcan/Documents/airflow/.venv/lib/python3.10/site-packages/airflow/example_dags/tutorial_taskflow_api_virtualenv.py
[2025-06-12T23:16:02.264-0300] {processor.py:839} INFO - DAG(s) dict_keys(['tutorial_taskflow_api_virtualenv']) retrieved from /mnt/c/Users/arcan/Documents/airflow/.venv/lib/python3.10/site-packages/airflow/example_dags/tutorial_taskflow_api_virtualenv.py
[2025-06-12T23:16:02.413-0300] {logging_mixin.py:154} INFO - [2025-06-12T23:16:02.413-0300] {dag.py:2941} INFO - Sync 1 DAGs
[2025-06-12T23:16:02.432-0300] {logging_mixin.py:154} INFO - [2025-06-12T23:16:02.432-0300] {dag.py:3722} INFO - Setting next_dagrun for tutorial_taskflow_api_virtualenv to None, run_after=None
[2025-06-12T23:16:02.527-0300] {processor.py:179} INFO - Processing /mnt/c/Users/arcan/Documents/airflow/.venv/lib/python3.10/site-packages/airflow/example_dags/tutorial_taskflow_api_virtualenv.py took 0.315 seconds
[2025-06-12T23:17:06.085-0300] {processor.py:157} INFO - Started process (PID=40886) to work on /mnt/c/Users/arcan/Documents/airflow/.venv/lib/python3.10/site-packages/airflow/example_dags/tutorial_taskflow_api_virtualenv.py
[2025-06-12T23:17:06.087-0300] {processor.py:829} INFO - Processing file /mnt/c/Users/arcan/Documents/airflow/.venv/lib/python3.10/site-packages/airflow/example_dags/tutorial_taskflow_api_virtualenv.py for tasks to queue
[2025-06-12T23:17:06.089-0300] {logging_mixin.py:154} INFO - [2025-06-12T23:17:06.088-0300] {dagbag.py:536} INFO - Filling up the DagBag from /mnt/c/Users/arcan/Documents/airflow/.venv/lib/python3.10/site-packages/airflow/example_dags/tutorial_taskflow_api_virtualenv.py
[2025-06-12T23:17:06.122-0300] {processor.py:839} INFO - DAG(s) dict_keys(['tutorial_taskflow_api_virtualenv']) retrieved from /mnt/c/Users/arcan/Documents/airflow/.venv/lib/python3.10/site-packages/airflow/example_dags/tutorial_taskflow_api_virtualenv.py
[2025-06-12T23:17:06.160-0300] {logging_mixin.py:154} INFO - [2025-06-12T23:17:06.160-0300] {dag.py:2941} INFO - Sync 1 DAGs
[2025-06-12T23:17:06.178-0300] {logging_mixin.py:154} INFO - [2025-06-12T23:17:06.178-0300] {dag.py:3722} INFO - Setting next_dagrun for tutorial_taskflow_api_virtualenv to None, run_after=None
[2025-06-12T23:17:06.263-0300] {processor.py:179} INFO - Processing /mnt/c/Users/arcan/Documents/airflow/.venv/lib/python3.10/site-packages/airflow/example_dags/tutorial_taskflow_api_virtualenv.py took 0.182 seconds
[2025-06-12T23:19:36.700-0300] {processor.py:157} INFO - Started process (PID=41572) to work on /mnt/c/Users/arcan/Documents/airflow/.venv/lib/python3.10/site-packages/airflow/example_dags/tutorial_taskflow_api_virtualenv.py
[2025-06-12T23:19:36.703-0300] {processor.py:829} INFO - Processing file /mnt/c/Users/arcan/Documents/airflow/.venv/lib/python3.10/site-packages/airflow/example_dags/tutorial_taskflow_api_virtualenv.py for tasks to queue
[2025-06-12T23:19:36.705-0300] {logging_mixin.py:154} INFO - [2025-06-12T23:19:36.704-0300] {dagbag.py:536} INFO - Filling up the DagBag from /mnt/c/Users/arcan/Documents/airflow/.venv/lib/python3.10/site-packages/airflow/example_dags/tutorial_taskflow_api_virtualenv.py
[2025-06-12T23:19:36.736-0300] {processor.py:839} INFO - DAG(s) dict_keys(['tutorial_taskflow_api_virtualenv']) retrieved from /mnt/c/Users/arcan/Documents/airflow/.venv/lib/python3.10/site-packages/airflow/example_dags/tutorial_taskflow_api_virtualenv.py
[2025-06-12T23:19:36.861-0300] {logging_mixin.py:154} INFO - [2025-06-12T23:19:36.860-0300] {dag.py:2941} INFO - Sync 1 DAGs
[2025-06-12T23:19:36.878-0300] {logging_mixin.py:154} INFO - [2025-06-12T23:19:36.878-0300] {dag.py:3722} INFO - Setting next_dagrun for tutorial_taskflow_api_virtualenv to None, run_after=None
[2025-06-12T23:19:36.970-0300] {processor.py:179} INFO - Processing /mnt/c/Users/arcan/Documents/airflow/.venv/lib/python3.10/site-packages/airflow/example_dags/tutorial_taskflow_api_virtualenv.py took 0.273 seconds
