[2025-06-12T23:02:01.166-0300] {processor.py:157} INFO - Started process (PID=37713) to work on /mnt/c/Users/arcan/Documents/airflow/.venv/lib/python3.10/site-packages/airflow/example_dags/tutorial_taskflow_api.py
[2025-06-12T23:02:01.167-0300] {processor.py:829} INFO - Processing file /mnt/c/Users/arcan/Documents/airflow/.venv/lib/python3.10/site-packages/airflow/example_dags/tutorial_taskflow_api.py for tasks to queue
[2025-06-12T23:02:01.168-0300] {logging_mixin.py:154} INFO - [2025-06-12T23:02:01.168-0300] {dagbag.py:536} INFO - Filling up the DagBag from /mnt/c/Users/arcan/Documents/airflow/.venv/lib/python3.10/site-packages/airflow/example_dags/tutorial_taskflow_api.py
[2025-06-12T23:02:01.309-0300] {processor.py:839} INFO - DAG(s) dict_keys(['tutorial_taskflow_api']) retrieved from /mnt/c/Users/arcan/Documents/airflow/.venv/lib/python3.10/site-packages/airflow/example_dags/tutorial_taskflow_api.py
[2025-06-12T23:02:02.955-0300] {logging_mixin.py:154} INFO - [2025-06-12T23:02:02.954-0300] {manager.py:499} INFO - Created Permission View: %s
[2025-06-12T23:02:03.003-0300] {logging_mixin.py:154} INFO - [2025-06-12T23:02:03.002-0300] {manager.py:499} INFO - Created Permission View: %s
[2025-06-12T23:02:03.048-0300] {logging_mixin.py:154} INFO - [2025-06-12T23:02:03.047-0300] {manager.py:499} INFO - Created Permission View: %s
[2025-06-12T23:02:03.048-0300] {logging_mixin.py:154} INFO - [2025-06-12T23:02:03.048-0300] {dag.py:2941} INFO - Sync 1 DAGs
[2025-06-12T23:02:03.073-0300] {logging_mixin.py:154} INFO - [2025-06-12T23:02:03.072-0300] {dag.py:2963} INFO - Creating ORM DAG for tutorial_taskflow_api
[2025-06-12T23:02:03.074-0300] {logging_mixin.py:154} INFO - [2025-06-12T23:02:03.074-0300] {dag.py:3722} INFO - Setting next_dagrun for tutorial_taskflow_api to None, run_after=None
[2025-06-12T23:02:03.165-0300] {processor.py:179} INFO - Processing /mnt/c/Users/arcan/Documents/airflow/.venv/lib/python3.10/site-packages/airflow/example_dags/tutorial_taskflow_api.py took 2.003 seconds
[2025-06-12T23:04:15.845-0300] {processor.py:157} INFO - Started process (PID=38035) to work on /mnt/c/Users/arcan/Documents/airflow/.venv/lib/python3.10/site-packages/airflow/example_dags/tutorial_taskflow_api.py
[2025-06-12T23:04:15.847-0300] {processor.py:829} INFO - Processing file /mnt/c/Users/arcan/Documents/airflow/.venv/lib/python3.10/site-packages/airflow/example_dags/tutorial_taskflow_api.py for tasks to queue
[2025-06-12T23:04:15.849-0300] {logging_mixin.py:154} INFO - [2025-06-12T23:04:15.848-0300] {dagbag.py:536} INFO - Filling up the DagBag from /mnt/c/Users/arcan/Documents/airflow/.venv/lib/python3.10/site-packages/airflow/example_dags/tutorial_taskflow_api.py
[2025-06-12T23:04:15.880-0300] {processor.py:839} INFO - DAG(s) dict_keys(['tutorial_taskflow_api']) retrieved from /mnt/c/Users/arcan/Documents/airflow/.venv/lib/python3.10/site-packages/airflow/example_dags/tutorial_taskflow_api.py
[2025-06-12T23:04:15.917-0300] {logging_mixin.py:154} INFO - [2025-06-12T23:04:15.917-0300] {dag.py:2941} INFO - Sync 1 DAGs
[2025-06-12T23:04:15.933-0300] {logging_mixin.py:154} INFO - [2025-06-12T23:04:15.933-0300] {dag.py:3722} INFO - Setting next_dagrun for tutorial_taskflow_api to None, run_after=None
[2025-06-12T23:04:16.024-0300] {processor.py:179} INFO - Processing /mnt/c/Users/arcan/Documents/airflow/.venv/lib/python3.10/site-packages/airflow/example_dags/tutorial_taskflow_api.py took 0.183 seconds
[2025-06-12T23:05:02.202-0300] {processor.py:157} INFO - Started process (PID=38170) to work on /mnt/c/Users/arcan/Documents/airflow/.venv/lib/python3.10/site-packages/airflow/example_dags/tutorial_taskflow_api.py
[2025-06-12T23:05:02.204-0300] {processor.py:829} INFO - Processing file /mnt/c/Users/arcan/Documents/airflow/.venv/lib/python3.10/site-packages/airflow/example_dags/tutorial_taskflow_api.py for tasks to queue
[2025-06-12T23:05:02.206-0300] {logging_mixin.py:154} INFO - [2025-06-12T23:05:02.205-0300] {dagbag.py:536} INFO - Filling up the DagBag from /mnt/c/Users/arcan/Documents/airflow/.venv/lib/python3.10/site-packages/airflow/example_dags/tutorial_taskflow_api.py
[2025-06-12T23:05:02.240-0300] {processor.py:839} INFO - DAG(s) dict_keys(['tutorial_taskflow_api']) retrieved from /mnt/c/Users/arcan/Documents/airflow/.venv/lib/python3.10/site-packages/airflow/example_dags/tutorial_taskflow_api.py
[2025-06-12T23:05:02.286-0300] {logging_mixin.py:154} INFO - [2025-06-12T23:05:02.286-0300] {dag.py:2941} INFO - Sync 1 DAGs
[2025-06-12T23:05:02.305-0300] {logging_mixin.py:154} INFO - [2025-06-12T23:05:02.305-0300] {dag.py:3722} INFO - Setting next_dagrun for tutorial_taskflow_api to None, run_after=None
[2025-06-12T23:05:02.391-0300] {processor.py:179} INFO - Processing /mnt/c/Users/arcan/Documents/airflow/.venv/lib/python3.10/site-packages/airflow/example_dags/tutorial_taskflow_api.py took 0.193 seconds
[2025-06-12T23:07:48.996-0300] {processor.py:157} INFO - Started process (PID=38573) to work on /mnt/c/Users/arcan/Documents/airflow/.venv/lib/python3.10/site-packages/airflow/example_dags/tutorial_taskflow_api.py
[2025-06-12T23:07:48.998-0300] {processor.py:829} INFO - Processing file /mnt/c/Users/arcan/Documents/airflow/.venv/lib/python3.10/site-packages/airflow/example_dags/tutorial_taskflow_api.py for tasks to queue
[2025-06-12T23:07:48.999-0300] {logging_mixin.py:154} INFO - [2025-06-12T23:07:48.999-0300] {dagbag.py:536} INFO - Filling up the DagBag from /mnt/c/Users/arcan/Documents/airflow/.venv/lib/python3.10/site-packages/airflow/example_dags/tutorial_taskflow_api.py
[2025-06-12T23:07:49.153-0300] {processor.py:839} INFO - DAG(s) dict_keys(['tutorial_taskflow_api']) retrieved from /mnt/c/Users/arcan/Documents/airflow/.venv/lib/python3.10/site-packages/airflow/example_dags/tutorial_taskflow_api.py
[2025-06-12T23:07:50.899-0300] {logging_mixin.py:154} INFO - [2025-06-12T23:07:50.899-0300] {manager.py:499} INFO - Created Permission View: %s
[2025-06-12T23:07:50.949-0300] {logging_mixin.py:154} INFO - [2025-06-12T23:07:50.948-0300] {manager.py:499} INFO - Created Permission View: %s
[2025-06-12T23:07:50.990-0300] {logging_mixin.py:154} INFO - [2025-06-12T23:07:50.989-0300] {manager.py:499} INFO - Created Permission View: %s
[2025-06-12T23:07:50.991-0300] {logging_mixin.py:154} INFO - [2025-06-12T23:07:50.990-0300] {dag.py:2941} INFO - Sync 1 DAGs
[2025-06-12T23:07:51.010-0300] {logging_mixin.py:154} INFO - [2025-06-12T23:07:51.010-0300] {dag.py:2963} INFO - Creating ORM DAG for tutorial_taskflow_api
[2025-06-12T23:07:51.011-0300] {logging_mixin.py:154} INFO - [2025-06-12T23:07:51.010-0300] {dag.py:3722} INFO - Setting next_dagrun for tutorial_taskflow_api to None, run_after=None
[2025-06-12T23:07:51.097-0300] {processor.py:179} INFO - Processing /mnt/c/Users/arcan/Documents/airflow/.venv/lib/python3.10/site-packages/airflow/example_dags/tutorial_taskflow_api.py took 2.105 seconds
[2025-06-12T23:11:15.442-0300] {processor.py:157} INFO - Started process (PID=39211) to work on /mnt/c/Users/arcan/Documents/airflow/.venv/lib/python3.10/site-packages/airflow/example_dags/tutorial_taskflow_api.py
[2025-06-12T23:11:15.444-0300] {processor.py:829} INFO - Processing file /mnt/c/Users/arcan/Documents/airflow/.venv/lib/python3.10/site-packages/airflow/example_dags/tutorial_taskflow_api.py for tasks to queue
[2025-06-12T23:11:15.446-0300] {logging_mixin.py:154} INFO - [2025-06-12T23:11:15.445-0300] {dagbag.py:536} INFO - Filling up the DagBag from /mnt/c/Users/arcan/Documents/airflow/.venv/lib/python3.10/site-packages/airflow/example_dags/tutorial_taskflow_api.py
[2025-06-12T23:11:15.603-0300] {processor.py:839} INFO - DAG(s) dict_keys(['tutorial_taskflow_api']) retrieved from /mnt/c/Users/arcan/Documents/airflow/.venv/lib/python3.10/site-packages/airflow/example_dags/tutorial_taskflow_api.py
[2025-06-12T23:11:15.743-0300] {logging_mixin.py:154} INFO - [2025-06-12T23:11:15.743-0300] {dag.py:2941} INFO - Sync 1 DAGs
[2025-06-12T23:11:15.761-0300] {logging_mixin.py:154} INFO - [2025-06-12T23:11:15.761-0300] {dag.py:3722} INFO - Setting next_dagrun for tutorial_taskflow_api to None, run_after=None
[2025-06-12T23:11:15.846-0300] {processor.py:179} INFO - Processing /mnt/c/Users/arcan/Documents/airflow/.venv/lib/python3.10/site-packages/airflow/example_dags/tutorial_taskflow_api.py took 0.409 seconds
[2025-06-12T23:12:20.307-0300] {processor.py:157} INFO - Started process (PID=39407) to work on /mnt/c/Users/arcan/Documents/airflow/.venv/lib/python3.10/site-packages/airflow/example_dags/tutorial_taskflow_api.py
[2025-06-12T23:12:20.309-0300] {processor.py:829} INFO - Processing file /mnt/c/Users/arcan/Documents/airflow/.venv/lib/python3.10/site-packages/airflow/example_dags/tutorial_taskflow_api.py for tasks to queue
[2025-06-12T23:12:20.311-0300] {logging_mixin.py:154} INFO - [2025-06-12T23:12:20.310-0300] {dagbag.py:536} INFO - Filling up the DagBag from /mnt/c/Users/arcan/Documents/airflow/.venv/lib/python3.10/site-packages/airflow/example_dags/tutorial_taskflow_api.py
[2025-06-12T23:12:20.342-0300] {processor.py:839} INFO - DAG(s) dict_keys(['tutorial_taskflow_api']) retrieved from /mnt/c/Users/arcan/Documents/airflow/.venv/lib/python3.10/site-packages/airflow/example_dags/tutorial_taskflow_api.py
[2025-06-12T23:12:20.382-0300] {logging_mixin.py:154} INFO - [2025-06-12T23:12:20.382-0300] {dag.py:2941} INFO - Sync 1 DAGs
[2025-06-12T23:12:20.399-0300] {logging_mixin.py:154} INFO - [2025-06-12T23:12:20.398-0300] {dag.py:3722} INFO - Setting next_dagrun for tutorial_taskflow_api to None, run_after=None
[2025-06-12T23:12:20.484-0300] {processor.py:179} INFO - Processing /mnt/c/Users/arcan/Documents/airflow/.venv/lib/python3.10/site-packages/airflow/example_dags/tutorial_taskflow_api.py took 0.181 seconds
[2025-06-12T23:16:03.760-0300] {processor.py:157} INFO - Started process (PID=40580) to work on /mnt/c/Users/arcan/Documents/airflow/.venv/lib/python3.10/site-packages/airflow/example_dags/tutorial_taskflow_api.py
[2025-06-12T23:16:03.762-0300] {processor.py:829} INFO - Processing file /mnt/c/Users/arcan/Documents/airflow/.venv/lib/python3.10/site-packages/airflow/example_dags/tutorial_taskflow_api.py for tasks to queue
[2025-06-12T23:16:03.764-0300] {logging_mixin.py:154} INFO - [2025-06-12T23:16:03.763-0300] {dagbag.py:536} INFO - Filling up the DagBag from /mnt/c/Users/arcan/Documents/airflow/.venv/lib/python3.10/site-packages/airflow/example_dags/tutorial_taskflow_api.py
[2025-06-12T23:16:03.796-0300] {processor.py:839} INFO - DAG(s) dict_keys(['tutorial_taskflow_api']) retrieved from /mnt/c/Users/arcan/Documents/airflow/.venv/lib/python3.10/site-packages/airflow/example_dags/tutorial_taskflow_api.py
[2025-06-12T23:16:03.943-0300] {logging_mixin.py:154} INFO - [2025-06-12T23:16:03.943-0300] {dag.py:2941} INFO - Sync 1 DAGs
[2025-06-12T23:16:03.961-0300] {logging_mixin.py:154} INFO - [2025-06-12T23:16:03.961-0300] {dag.py:3722} INFO - Setting next_dagrun for tutorial_taskflow_api to None, run_after=None
[2025-06-12T23:16:04.051-0300] {processor.py:179} INFO - Processing /mnt/c/Users/arcan/Documents/airflow/.venv/lib/python3.10/site-packages/airflow/example_dags/tutorial_taskflow_api.py took 0.294 seconds
[2025-06-12T23:17:07.431-0300] {processor.py:157} INFO - Started process (PID=40893) to work on /mnt/c/Users/arcan/Documents/airflow/.venv/lib/python3.10/site-packages/airflow/example_dags/tutorial_taskflow_api.py
[2025-06-12T23:17:07.433-0300] {processor.py:829} INFO - Processing file /mnt/c/Users/arcan/Documents/airflow/.venv/lib/python3.10/site-packages/airflow/example_dags/tutorial_taskflow_api.py for tasks to queue
[2025-06-12T23:17:07.435-0300] {logging_mixin.py:154} INFO - [2025-06-12T23:17:07.434-0300] {dagbag.py:536} INFO - Filling up the DagBag from /mnt/c/Users/arcan/Documents/airflow/.venv/lib/python3.10/site-packages/airflow/example_dags/tutorial_taskflow_api.py
[2025-06-12T23:17:07.465-0300] {processor.py:839} INFO - DAG(s) dict_keys(['tutorial_taskflow_api']) retrieved from /mnt/c/Users/arcan/Documents/airflow/.venv/lib/python3.10/site-packages/airflow/example_dags/tutorial_taskflow_api.py
[2025-06-12T23:17:07.507-0300] {logging_mixin.py:154} INFO - [2025-06-12T23:17:07.507-0300] {dag.py:2941} INFO - Sync 1 DAGs
[2025-06-12T23:17:07.526-0300] {logging_mixin.py:154} INFO - [2025-06-12T23:17:07.526-0300] {dag.py:3722} INFO - Setting next_dagrun for tutorial_taskflow_api to None, run_after=None
[2025-06-12T23:17:07.613-0300] {processor.py:179} INFO - Processing /mnt/c/Users/arcan/Documents/airflow/.venv/lib/python3.10/site-packages/airflow/example_dags/tutorial_taskflow_api.py took 0.189 seconds
[2025-06-12T23:19:37.243-0300] {processor.py:157} INFO - Started process (PID=41575) to work on /mnt/c/Users/arcan/Documents/airflow/.venv/lib/python3.10/site-packages/airflow/example_dags/tutorial_taskflow_api.py
[2025-06-12T23:19:37.245-0300] {processor.py:829} INFO - Processing file /mnt/c/Users/arcan/Documents/airflow/.venv/lib/python3.10/site-packages/airflow/example_dags/tutorial_taskflow_api.py for tasks to queue
[2025-06-12T23:19:37.246-0300] {logging_mixin.py:154} INFO - [2025-06-12T23:19:37.246-0300] {dagbag.py:536} INFO - Filling up the DagBag from /mnt/c/Users/arcan/Documents/airflow/.venv/lib/python3.10/site-packages/airflow/example_dags/tutorial_taskflow_api.py
[2025-06-12T23:19:37.279-0300] {processor.py:839} INFO - DAG(s) dict_keys(['tutorial_taskflow_api']) retrieved from /mnt/c/Users/arcan/Documents/airflow/.venv/lib/python3.10/site-packages/airflow/example_dags/tutorial_taskflow_api.py
[2025-06-12T23:19:37.424-0300] {logging_mixin.py:154} INFO - [2025-06-12T23:19:37.424-0300] {dag.py:2941} INFO - Sync 1 DAGs
[2025-06-12T23:19:37.443-0300] {logging_mixin.py:154} INFO - [2025-06-12T23:19:37.443-0300] {dag.py:3722} INFO - Setting next_dagrun for tutorial_taskflow_api to None, run_after=None
[2025-06-12T23:19:37.538-0300] {processor.py:179} INFO - Processing /mnt/c/Users/arcan/Documents/airflow/.venv/lib/python3.10/site-packages/airflow/example_dags/tutorial_taskflow_api.py took 0.299 seconds
