[2025-06-16T10:51:21.159-0300] {processor.py:157} INFO - Started process (PID=42812) to work on /mnt/c/Users/arcan/Documents/airflow/.venv/lib/python3.10/site-packages/airflow/example_dags/plugins/listener_plugin.py
[2025-06-16T10:51:21.161-0300] {processor.py:829} INFO - Processing file /mnt/c/Users/arcan/Documents/airflow/.venv/lib/python3.10/site-packages/airflow/example_dags/plugins/listener_plugin.py for tasks to queue
[2025-06-16T10:51:21.162-0300] {logging_mixin.py:154} INFO - [2025-06-16T10:51:21.162-0300] {dagbag.py:536} INFO - Filling up the DagBag from /mnt/c/Users/arcan/Documents/airflow/.venv/lib/python3.10/site-packages/airflow/example_dags/plugins/listener_plugin.py
[2025-06-16T10:51:21.218-0300] {processor.py:841} WARNING - No viable dags retrieved from /mnt/c/Users/arcan/Documents/airflow/.venv/lib/python3.10/site-packages/airflow/example_dags/plugins/listener_plugin.py
[2025-06-16T10:51:21.251-0300] {processor.py:179} INFO - Processing /mnt/c/Users/arcan/Documents/airflow/.venv/lib/python3.10/site-packages/airflow/example_dags/plugins/listener_plugin.py took 0.096 seconds
[2025-06-16T10:52:27.426-0300] {processor.py:157} INFO - Started process (PID=43123) to work on /mnt/c/Users/arcan/Documents/airflow/.venv/lib/python3.10/site-packages/airflow/example_dags/plugins/listener_plugin.py
[2025-06-16T10:52:27.428-0300] {processor.py:829} INFO - Processing file /mnt/c/Users/arcan/Documents/airflow/.venv/lib/python3.10/site-packages/airflow/example_dags/plugins/listener_plugin.py for tasks to queue
[2025-06-16T10:52:27.429-0300] {logging_mixin.py:154} INFO - [2025-06-16T10:52:27.429-0300] {dagbag.py:536} INFO - Filling up the DagBag from /mnt/c/Users/arcan/Documents/airflow/.venv/lib/python3.10/site-packages/airflow/example_dags/plugins/listener_plugin.py
[2025-06-16T10:52:27.480-0300] {processor.py:841} WARNING - No viable dags retrieved from /mnt/c/Users/arcan/Documents/airflow/.venv/lib/python3.10/site-packages/airflow/example_dags/plugins/listener_plugin.py
[2025-06-16T10:52:27.515-0300] {processor.py:179} INFO - Processing /mnt/c/Users/arcan/Documents/airflow/.venv/lib/python3.10/site-packages/airflow/example_dags/plugins/listener_plugin.py took 0.093 seconds
[2025-06-16T10:53:32.707-0300] {processor.py:157} INFO - Started process (PID=43308) to work on /mnt/c/Users/arcan/Documents/airflow/.venv/lib/python3.10/site-packages/airflow/example_dags/plugins/listener_plugin.py
[2025-06-16T10:53:32.708-0300] {processor.py:829} INFO - Processing file /mnt/c/Users/arcan/Documents/airflow/.venv/lib/python3.10/site-packages/airflow/example_dags/plugins/listener_plugin.py for tasks to queue
[2025-06-16T10:53:32.710-0300] {logging_mixin.py:154} INFO - [2025-06-16T10:53:32.709-0300] {dagbag.py:536} INFO - Filling up the DagBag from /mnt/c/Users/arcan/Documents/airflow/.venv/lib/python3.10/site-packages/airflow/example_dags/plugins/listener_plugin.py
[2025-06-16T10:53:32.774-0300] {processor.py:841} WARNING - No viable dags retrieved from /mnt/c/Users/arcan/Documents/airflow/.venv/lib/python3.10/site-packages/airflow/example_dags/plugins/listener_plugin.py
[2025-06-16T10:53:32.811-0300] {processor.py:179} INFO - Processing /mnt/c/Users/arcan/Documents/airflow/.venv/lib/python3.10/site-packages/airflow/example_dags/plugins/listener_plugin.py took 0.109 seconds
[2025-06-16T10:54:36.876-0300] {processor.py:157} INFO - Started process (PID=43491) to work on /mnt/c/Users/arcan/Documents/airflow/.venv/lib/python3.10/site-packages/airflow/example_dags/plugins/listener_plugin.py
[2025-06-16T10:54:36.878-0300] {processor.py:829} INFO - Processing file /mnt/c/Users/arcan/Documents/airflow/.venv/lib/python3.10/site-packages/airflow/example_dags/plugins/listener_plugin.py for tasks to queue
[2025-06-16T10:54:36.879-0300] {logging_mixin.py:154} INFO - [2025-06-16T10:54:36.879-0300] {dagbag.py:536} INFO - Filling up the DagBag from /mnt/c/Users/arcan/Documents/airflow/.venv/lib/python3.10/site-packages/airflow/example_dags/plugins/listener_plugin.py
[2025-06-16T10:54:36.935-0300] {processor.py:841} WARNING - No viable dags retrieved from /mnt/c/Users/arcan/Documents/airflow/.venv/lib/python3.10/site-packages/airflow/example_dags/plugins/listener_plugin.py
[2025-06-16T10:54:36.968-0300] {processor.py:179} INFO - Processing /mnt/c/Users/arcan/Documents/airflow/.venv/lib/python3.10/site-packages/airflow/example_dags/plugins/listener_plugin.py took 0.095 seconds
[2025-06-16T10:55:38.513-0300] {processor.py:157} INFO - Started process (PID=43671) to work on /mnt/c/Users/arcan/Documents/airflow/.venv/lib/python3.10/site-packages/airflow/example_dags/plugins/listener_plugin.py
[2025-06-16T10:55:38.514-0300] {processor.py:829} INFO - Processing file /mnt/c/Users/arcan/Documents/airflow/.venv/lib/python3.10/site-packages/airflow/example_dags/plugins/listener_plugin.py for tasks to queue
[2025-06-16T10:55:38.516-0300] {logging_mixin.py:154} INFO - [2025-06-16T10:55:38.515-0300] {dagbag.py:536} INFO - Filling up the DagBag from /mnt/c/Users/arcan/Documents/airflow/.venv/lib/python3.10/site-packages/airflow/example_dags/plugins/listener_plugin.py
[2025-06-16T10:55:38.568-0300] {processor.py:841} WARNING - No viable dags retrieved from /mnt/c/Users/arcan/Documents/airflow/.venv/lib/python3.10/site-packages/airflow/example_dags/plugins/listener_plugin.py
[2025-06-16T10:55:38.606-0300] {processor.py:179} INFO - Processing /mnt/c/Users/arcan/Documents/airflow/.venv/lib/python3.10/site-packages/airflow/example_dags/plugins/listener_plugin.py took 0.097 seconds
[2025-06-16T10:56:44.351-0300] {processor.py:157} INFO - Started process (PID=43855) to work on /mnt/c/Users/arcan/Documents/airflow/.venv/lib/python3.10/site-packages/airflow/example_dags/plugins/listener_plugin.py
[2025-06-16T10:56:44.353-0300] {processor.py:829} INFO - Processing file /mnt/c/Users/arcan/Documents/airflow/.venv/lib/python3.10/site-packages/airflow/example_dags/plugins/listener_plugin.py for tasks to queue
[2025-06-16T10:56:44.354-0300] {logging_mixin.py:154} INFO - [2025-06-16T10:56:44.354-0300] {dagbag.py:536} INFO - Filling up the DagBag from /mnt/c/Users/arcan/Documents/airflow/.venv/lib/python3.10/site-packages/airflow/example_dags/plugins/listener_plugin.py
[2025-06-16T10:56:44.403-0300] {processor.py:841} WARNING - No viable dags retrieved from /mnt/c/Users/arcan/Documents/airflow/.venv/lib/python3.10/site-packages/airflow/example_dags/plugins/listener_plugin.py
[2025-06-16T10:56:44.433-0300] {processor.py:179} INFO - Processing /mnt/c/Users/arcan/Documents/airflow/.venv/lib/python3.10/site-packages/airflow/example_dags/plugins/listener_plugin.py took 0.086 seconds
[2025-06-16T10:57:18.797-0300] {processor.py:157} INFO - Started process (PID=43954) to work on /mnt/c/Users/arcan/Documents/airflow/.venv/lib/python3.10/site-packages/airflow/example_dags/plugins/listener_plugin.py
[2025-06-16T10:57:18.799-0300] {processor.py:829} INFO - Processing file /mnt/c/Users/arcan/Documents/airflow/.venv/lib/python3.10/site-packages/airflow/example_dags/plugins/listener_plugin.py for tasks to queue
[2025-06-16T10:57:18.801-0300] {logging_mixin.py:154} INFO - [2025-06-16T10:57:18.800-0300] {dagbag.py:536} INFO - Filling up the DagBag from /mnt/c/Users/arcan/Documents/airflow/.venv/lib/python3.10/site-packages/airflow/example_dags/plugins/listener_plugin.py
[2025-06-16T10:57:18.871-0300] {processor.py:841} WARNING - No viable dags retrieved from /mnt/c/Users/arcan/Documents/airflow/.venv/lib/python3.10/site-packages/airflow/example_dags/plugins/listener_plugin.py
[2025-06-16T10:57:18.913-0300] {processor.py:179} INFO - Processing /mnt/c/Users/arcan/Documents/airflow/.venv/lib/python3.10/site-packages/airflow/example_dags/plugins/listener_plugin.py took 0.121 seconds
[2025-06-16T10:57:53.340-0300] {processor.py:157} INFO - Started process (PID=44047) to work on /mnt/c/Users/arcan/Documents/airflow/.venv/lib/python3.10/site-packages/airflow/example_dags/plugins/listener_plugin.py
[2025-06-16T10:57:53.343-0300] {processor.py:829} INFO - Processing file /mnt/c/Users/arcan/Documents/airflow/.venv/lib/python3.10/site-packages/airflow/example_dags/plugins/listener_plugin.py for tasks to queue
[2025-06-16T10:57:53.345-0300] {logging_mixin.py:154} INFO - [2025-06-16T10:57:53.344-0300] {dagbag.py:536} INFO - Filling up the DagBag from /mnt/c/Users/arcan/Documents/airflow/.venv/lib/python3.10/site-packages/airflow/example_dags/plugins/listener_plugin.py
[2025-06-16T10:57:53.414-0300] {processor.py:841} WARNING - No viable dags retrieved from /mnt/c/Users/arcan/Documents/airflow/.venv/lib/python3.10/site-packages/airflow/example_dags/plugins/listener_plugin.py
[2025-06-16T10:57:53.458-0300] {processor.py:179} INFO - Processing /mnt/c/Users/arcan/Documents/airflow/.venv/lib/python3.10/site-packages/airflow/example_dags/plugins/listener_plugin.py took 0.129 seconds
[2025-06-16T10:58:30.644-0300] {processor.py:157} INFO - Started process (PID=44152) to work on /mnt/c/Users/arcan/Documents/airflow/.venv/lib/python3.10/site-packages/airflow/example_dags/plugins/listener_plugin.py
[2025-06-16T10:58:30.646-0300] {processor.py:829} INFO - Processing file /mnt/c/Users/arcan/Documents/airflow/.venv/lib/python3.10/site-packages/airflow/example_dags/plugins/listener_plugin.py for tasks to queue
[2025-06-16T10:58:30.647-0300] {logging_mixin.py:154} INFO - [2025-06-16T10:58:30.647-0300] {dagbag.py:536} INFO - Filling up the DagBag from /mnt/c/Users/arcan/Documents/airflow/.venv/lib/python3.10/site-packages/airflow/example_dags/plugins/listener_plugin.py
[2025-06-16T10:58:30.722-0300] {processor.py:841} WARNING - No viable dags retrieved from /mnt/c/Users/arcan/Documents/airflow/.venv/lib/python3.10/site-packages/airflow/example_dags/plugins/listener_plugin.py
[2025-06-16T10:58:30.758-0300] {processor.py:179} INFO - Processing /mnt/c/Users/arcan/Documents/airflow/.venv/lib/python3.10/site-packages/airflow/example_dags/plugins/listener_plugin.py took 0.118 seconds
[2025-06-16T10:59:07.132-0300] {processor.py:157} INFO - Started process (PID=44378) to work on /mnt/c/Users/arcan/Documents/airflow/.venv/lib/python3.10/site-packages/airflow/example_dags/plugins/listener_plugin.py
[2025-06-16T10:59:07.134-0300] {processor.py:829} INFO - Processing file /mnt/c/Users/arcan/Documents/airflow/.venv/lib/python3.10/site-packages/airflow/example_dags/plugins/listener_plugin.py for tasks to queue
[2025-06-16T10:59:07.135-0300] {logging_mixin.py:154} INFO - [2025-06-16T10:59:07.135-0300] {dagbag.py:536} INFO - Filling up the DagBag from /mnt/c/Users/arcan/Documents/airflow/.venv/lib/python3.10/site-packages/airflow/example_dags/plugins/listener_plugin.py
[2025-06-16T10:59:07.190-0300] {processor.py:841} WARNING - No viable dags retrieved from /mnt/c/Users/arcan/Documents/airflow/.venv/lib/python3.10/site-packages/airflow/example_dags/plugins/listener_plugin.py
[2025-06-16T10:59:07.222-0300] {processor.py:179} INFO - Processing /mnt/c/Users/arcan/Documents/airflow/.venv/lib/python3.10/site-packages/airflow/example_dags/plugins/listener_plugin.py took 0.094 seconds
[2025-06-16T10:59:42.397-0300] {processor.py:157} INFO - Started process (PID=44478) to work on /mnt/c/Users/arcan/Documents/airflow/.venv/lib/python3.10/site-packages/airflow/example_dags/plugins/listener_plugin.py
[2025-06-16T10:59:42.399-0300] {processor.py:829} INFO - Processing file /mnt/c/Users/arcan/Documents/airflow/.venv/lib/python3.10/site-packages/airflow/example_dags/plugins/listener_plugin.py for tasks to queue
[2025-06-16T10:59:42.401-0300] {logging_mixin.py:154} INFO - [2025-06-16T10:59:42.401-0300] {dagbag.py:536} INFO - Filling up the DagBag from /mnt/c/Users/arcan/Documents/airflow/.venv/lib/python3.10/site-packages/airflow/example_dags/plugins/listener_plugin.py
[2025-06-16T10:59:42.462-0300] {processor.py:841} WARNING - No viable dags retrieved from /mnt/c/Users/arcan/Documents/airflow/.venv/lib/python3.10/site-packages/airflow/example_dags/plugins/listener_plugin.py
[2025-06-16T10:59:42.498-0300] {processor.py:179} INFO - Processing /mnt/c/Users/arcan/Documents/airflow/.venv/lib/python3.10/site-packages/airflow/example_dags/plugins/listener_plugin.py took 0.104 seconds
[2025-06-16T11:00:50.322-0300] {processor.py:157} INFO - Started process (PID=44674) to work on /mnt/c/Users/arcan/Documents/airflow/.venv/lib/python3.10/site-packages/airflow/example_dags/plugins/listener_plugin.py
[2025-06-16T11:00:50.324-0300] {processor.py:829} INFO - Processing file /mnt/c/Users/arcan/Documents/airflow/.venv/lib/python3.10/site-packages/airflow/example_dags/plugins/listener_plugin.py for tasks to queue
[2025-06-16T11:00:50.327-0300] {logging_mixin.py:154} INFO - [2025-06-16T11:00:50.326-0300] {dagbag.py:536} INFO - Filling up the DagBag from /mnt/c/Users/arcan/Documents/airflow/.venv/lib/python3.10/site-packages/airflow/example_dags/plugins/listener_plugin.py
[2025-06-16T11:00:50.385-0300] {processor.py:841} WARNING - No viable dags retrieved from /mnt/c/Users/arcan/Documents/airflow/.venv/lib/python3.10/site-packages/airflow/example_dags/plugins/listener_plugin.py
[2025-06-16T11:00:50.419-0300] {processor.py:179} INFO - Processing /mnt/c/Users/arcan/Documents/airflow/.venv/lib/python3.10/site-packages/airflow/example_dags/plugins/listener_plugin.py took 0.102 seconds
[2025-06-16T11:01:29.788-0300] {processor.py:157} INFO - Started process (PID=44789) to work on /mnt/c/Users/arcan/Documents/airflow/.venv/lib/python3.10/site-packages/airflow/example_dags/plugins/listener_plugin.py
[2025-06-16T11:01:29.790-0300] {processor.py:829} INFO - Processing file /mnt/c/Users/arcan/Documents/airflow/.venv/lib/python3.10/site-packages/airflow/example_dags/plugins/listener_plugin.py for tasks to queue
[2025-06-16T11:01:29.792-0300] {logging_mixin.py:154} INFO - [2025-06-16T11:01:29.792-0300] {dagbag.py:536} INFO - Filling up the DagBag from /mnt/c/Users/arcan/Documents/airflow/.venv/lib/python3.10/site-packages/airflow/example_dags/plugins/listener_plugin.py
[2025-06-16T11:01:29.845-0300] {processor.py:841} WARNING - No viable dags retrieved from /mnt/c/Users/arcan/Documents/airflow/.venv/lib/python3.10/site-packages/airflow/example_dags/plugins/listener_plugin.py
[2025-06-16T11:01:29.880-0300] {processor.py:179} INFO - Processing /mnt/c/Users/arcan/Documents/airflow/.venv/lib/python3.10/site-packages/airflow/example_dags/plugins/listener_plugin.py took 0.096 seconds
[2025-06-16T11:02:06.048-0300] {processor.py:157} INFO - Started process (PID=44894) to work on /mnt/c/Users/arcan/Documents/airflow/.venv/lib/python3.10/site-packages/airflow/example_dags/plugins/listener_plugin.py
[2025-06-16T11:02:06.050-0300] {processor.py:829} INFO - Processing file /mnt/c/Users/arcan/Documents/airflow/.venv/lib/python3.10/site-packages/airflow/example_dags/plugins/listener_plugin.py for tasks to queue
[2025-06-16T11:02:06.052-0300] {logging_mixin.py:154} INFO - [2025-06-16T11:02:06.051-0300] {dagbag.py:536} INFO - Filling up the DagBag from /mnt/c/Users/arcan/Documents/airflow/.venv/lib/python3.10/site-packages/airflow/example_dags/plugins/listener_plugin.py
[2025-06-16T11:02:06.106-0300] {processor.py:841} WARNING - No viable dags retrieved from /mnt/c/Users/arcan/Documents/airflow/.venv/lib/python3.10/site-packages/airflow/example_dags/plugins/listener_plugin.py
[2025-06-16T11:02:06.137-0300] {processor.py:179} INFO - Processing /mnt/c/Users/arcan/Documents/airflow/.venv/lib/python3.10/site-packages/airflow/example_dags/plugins/listener_plugin.py took 0.093 seconds
[2025-06-16T11:03:03.736-0300] {processor.py:157} INFO - Started process (PID=45063) to work on /mnt/c/Users/arcan/Documents/airflow/.venv/lib/python3.10/site-packages/airflow/example_dags/plugins/listener_plugin.py
[2025-06-16T11:03:03.738-0300] {processor.py:829} INFO - Processing file /mnt/c/Users/arcan/Documents/airflow/.venv/lib/python3.10/site-packages/airflow/example_dags/plugins/listener_plugin.py for tasks to queue
[2025-06-16T11:03:03.739-0300] {logging_mixin.py:154} INFO - [2025-06-16T11:03:03.739-0300] {dagbag.py:536} INFO - Filling up the DagBag from /mnt/c/Users/arcan/Documents/airflow/.venv/lib/python3.10/site-packages/airflow/example_dags/plugins/listener_plugin.py
[2025-06-16T11:03:03.790-0300] {processor.py:841} WARNING - No viable dags retrieved from /mnt/c/Users/arcan/Documents/airflow/.venv/lib/python3.10/site-packages/airflow/example_dags/plugins/listener_plugin.py
[2025-06-16T11:03:03.818-0300] {processor.py:179} INFO - Processing /mnt/c/Users/arcan/Documents/airflow/.venv/lib/python3.10/site-packages/airflow/example_dags/plugins/listener_plugin.py took 0.086 seconds
[2025-06-16T11:04:05.494-0300] {processor.py:157} INFO - Started process (PID=45249) to work on /mnt/c/Users/arcan/Documents/airflow/.venv/lib/python3.10/site-packages/airflow/example_dags/plugins/listener_plugin.py
[2025-06-16T11:04:05.496-0300] {processor.py:829} INFO - Processing file /mnt/c/Users/arcan/Documents/airflow/.venv/lib/python3.10/site-packages/airflow/example_dags/plugins/listener_plugin.py for tasks to queue
[2025-06-16T11:04:05.498-0300] {logging_mixin.py:154} INFO - [2025-06-16T11:04:05.497-0300] {dagbag.py:536} INFO - Filling up the DagBag from /mnt/c/Users/arcan/Documents/airflow/.venv/lib/python3.10/site-packages/airflow/example_dags/plugins/listener_plugin.py
[2025-06-16T11:04:05.554-0300] {processor.py:841} WARNING - No viable dags retrieved from /mnt/c/Users/arcan/Documents/airflow/.venv/lib/python3.10/site-packages/airflow/example_dags/plugins/listener_plugin.py
[2025-06-16T11:04:05.585-0300] {processor.py:179} INFO - Processing /mnt/c/Users/arcan/Documents/airflow/.venv/lib/python3.10/site-packages/airflow/example_dags/plugins/listener_plugin.py took 0.095 seconds
[2025-06-16T11:05:04.645-0300] {processor.py:157} INFO - Started process (PID=45419) to work on /mnt/c/Users/arcan/Documents/airflow/.venv/lib/python3.10/site-packages/airflow/example_dags/plugins/listener_plugin.py
[2025-06-16T11:05:04.646-0300] {processor.py:829} INFO - Processing file /mnt/c/Users/arcan/Documents/airflow/.venv/lib/python3.10/site-packages/airflow/example_dags/plugins/listener_plugin.py for tasks to queue
[2025-06-16T11:05:04.648-0300] {logging_mixin.py:154} INFO - [2025-06-16T11:05:04.647-0300] {dagbag.py:536} INFO - Filling up the DagBag from /mnt/c/Users/arcan/Documents/airflow/.venv/lib/python3.10/site-packages/airflow/example_dags/plugins/listener_plugin.py
[2025-06-16T11:05:04.705-0300] {processor.py:841} WARNING - No viable dags retrieved from /mnt/c/Users/arcan/Documents/airflow/.venv/lib/python3.10/site-packages/airflow/example_dags/plugins/listener_plugin.py
[2025-06-16T11:05:04.740-0300] {processor.py:179} INFO - Processing /mnt/c/Users/arcan/Documents/airflow/.venv/lib/python3.10/site-packages/airflow/example_dags/plugins/listener_plugin.py took 0.099 seconds
[2025-06-16T11:06:10.839-0300] {processor.py:157} INFO - Started process (PID=45733) to work on /mnt/c/Users/arcan/Documents/airflow/.venv/lib/python3.10/site-packages/airflow/example_dags/plugins/listener_plugin.py
[2025-06-16T11:06:10.844-0300] {processor.py:829} INFO - Processing file /mnt/c/Users/arcan/Documents/airflow/.venv/lib/python3.10/site-packages/airflow/example_dags/plugins/listener_plugin.py for tasks to queue
[2025-06-16T11:06:10.846-0300] {logging_mixin.py:154} INFO - [2025-06-16T11:06:10.846-0300] {dagbag.py:536} INFO - Filling up the DagBag from /mnt/c/Users/arcan/Documents/airflow/.venv/lib/python3.10/site-packages/airflow/example_dags/plugins/listener_plugin.py
[2025-06-16T11:06:10.903-0300] {processor.py:841} WARNING - No viable dags retrieved from /mnt/c/Users/arcan/Documents/airflow/.venv/lib/python3.10/site-packages/airflow/example_dags/plugins/listener_plugin.py
[2025-06-16T11:06:10.938-0300] {processor.py:179} INFO - Processing /mnt/c/Users/arcan/Documents/airflow/.venv/lib/python3.10/site-packages/airflow/example_dags/plugins/listener_plugin.py took 0.105 seconds
[2025-06-16T11:07:17.490-0300] {processor.py:157} INFO - Started process (PID=45923) to work on /mnt/c/Users/arcan/Documents/airflow/.venv/lib/python3.10/site-packages/airflow/example_dags/plugins/listener_plugin.py
[2025-06-16T11:07:17.492-0300] {processor.py:829} INFO - Processing file /mnt/c/Users/arcan/Documents/airflow/.venv/lib/python3.10/site-packages/airflow/example_dags/plugins/listener_plugin.py for tasks to queue
[2025-06-16T11:07:17.494-0300] {logging_mixin.py:154} INFO - [2025-06-16T11:07:17.494-0300] {dagbag.py:536} INFO - Filling up the DagBag from /mnt/c/Users/arcan/Documents/airflow/.venv/lib/python3.10/site-packages/airflow/example_dags/plugins/listener_plugin.py
[2025-06-16T11:07:17.553-0300] {processor.py:841} WARNING - No viable dags retrieved from /mnt/c/Users/arcan/Documents/airflow/.venv/lib/python3.10/site-packages/airflow/example_dags/plugins/listener_plugin.py
[2025-06-16T11:07:17.589-0300] {processor.py:179} INFO - Processing /mnt/c/Users/arcan/Documents/airflow/.venv/lib/python3.10/site-packages/airflow/example_dags/plugins/listener_plugin.py took 0.103 seconds
[2025-06-16T11:08:17.448-0300] {processor.py:157} INFO - Started process (PID=46101) to work on /mnt/c/Users/arcan/Documents/airflow/.venv/lib/python3.10/site-packages/airflow/example_dags/plugins/listener_plugin.py
[2025-06-16T11:08:17.449-0300] {processor.py:829} INFO - Processing file /mnt/c/Users/arcan/Documents/airflow/.venv/lib/python3.10/site-packages/airflow/example_dags/plugins/listener_plugin.py for tasks to queue
[2025-06-16T11:08:17.452-0300] {logging_mixin.py:154} INFO - [2025-06-16T11:08:17.451-0300] {dagbag.py:536} INFO - Filling up the DagBag from /mnt/c/Users/arcan/Documents/airflow/.venv/lib/python3.10/site-packages/airflow/example_dags/plugins/listener_plugin.py
[2025-06-16T11:08:17.507-0300] {processor.py:841} WARNING - No viable dags retrieved from /mnt/c/Users/arcan/Documents/airflow/.venv/lib/python3.10/site-packages/airflow/example_dags/plugins/listener_plugin.py
[2025-06-16T11:08:17.539-0300] {processor.py:179} INFO - Processing /mnt/c/Users/arcan/Documents/airflow/.venv/lib/python3.10/site-packages/airflow/example_dags/plugins/listener_plugin.py took 0.095 seconds
[2025-06-16T11:09:22.846-0300] {processor.py:157} INFO - Started process (PID=46287) to work on /mnt/c/Users/arcan/Documents/airflow/.venv/lib/python3.10/site-packages/airflow/example_dags/plugins/listener_plugin.py
[2025-06-16T11:09:22.848-0300] {processor.py:829} INFO - Processing file /mnt/c/Users/arcan/Documents/airflow/.venv/lib/python3.10/site-packages/airflow/example_dags/plugins/listener_plugin.py for tasks to queue
[2025-06-16T11:09:22.849-0300] {logging_mixin.py:154} INFO - [2025-06-16T11:09:22.849-0300] {dagbag.py:536} INFO - Filling up the DagBag from /mnt/c/Users/arcan/Documents/airflow/.venv/lib/python3.10/site-packages/airflow/example_dags/plugins/listener_plugin.py
[2025-06-16T11:09:22.908-0300] {processor.py:841} WARNING - No viable dags retrieved from /mnt/c/Users/arcan/Documents/airflow/.venv/lib/python3.10/site-packages/airflow/example_dags/plugins/listener_plugin.py
[2025-06-16T11:09:22.945-0300] {processor.py:179} INFO - Processing /mnt/c/Users/arcan/Documents/airflow/.venv/lib/python3.10/site-packages/airflow/example_dags/plugins/listener_plugin.py took 0.103 seconds
[2025-06-16T11:10:22.778-0300] {processor.py:157} INFO - Started process (PID=46464) to work on /mnt/c/Users/arcan/Documents/airflow/.venv/lib/python3.10/site-packages/airflow/example_dags/plugins/listener_plugin.py
[2025-06-16T11:10:22.781-0300] {processor.py:829} INFO - Processing file /mnt/c/Users/arcan/Documents/airflow/.venv/lib/python3.10/site-packages/airflow/example_dags/plugins/listener_plugin.py for tasks to queue
[2025-06-16T11:10:22.782-0300] {logging_mixin.py:154} INFO - [2025-06-16T11:10:22.782-0300] {dagbag.py:536} INFO - Filling up the DagBag from /mnt/c/Users/arcan/Documents/airflow/.venv/lib/python3.10/site-packages/airflow/example_dags/plugins/listener_plugin.py
[2025-06-16T11:10:22.837-0300] {processor.py:841} WARNING - No viable dags retrieved from /mnt/c/Users/arcan/Documents/airflow/.venv/lib/python3.10/site-packages/airflow/example_dags/plugins/listener_plugin.py
[2025-06-16T11:10:22.871-0300] {processor.py:179} INFO - Processing /mnt/c/Users/arcan/Documents/airflow/.venv/lib/python3.10/site-packages/airflow/example_dags/plugins/listener_plugin.py took 0.097 seconds
[2025-06-16T11:11:26.422-0300] {processor.py:157} INFO - Started process (PID=46649) to work on /mnt/c/Users/arcan/Documents/airflow/.venv/lib/python3.10/site-packages/airflow/example_dags/plugins/listener_plugin.py
[2025-06-16T11:11:26.424-0300] {processor.py:829} INFO - Processing file /mnt/c/Users/arcan/Documents/airflow/.venv/lib/python3.10/site-packages/airflow/example_dags/plugins/listener_plugin.py for tasks to queue
[2025-06-16T11:11:26.427-0300] {logging_mixin.py:154} INFO - [2025-06-16T11:11:26.426-0300] {dagbag.py:536} INFO - Filling up the DagBag from /mnt/c/Users/arcan/Documents/airflow/.venv/lib/python3.10/site-packages/airflow/example_dags/plugins/listener_plugin.py
[2025-06-16T11:11:26.491-0300] {processor.py:841} WARNING - No viable dags retrieved from /mnt/c/Users/arcan/Documents/airflow/.venv/lib/python3.10/site-packages/airflow/example_dags/plugins/listener_plugin.py
[2025-06-16T11:11:26.531-0300] {processor.py:179} INFO - Processing /mnt/c/Users/arcan/Documents/airflow/.venv/lib/python3.10/site-packages/airflow/example_dags/plugins/listener_plugin.py took 0.114 seconds
[2025-06-16T11:12:03.084-0300] {processor.py:157} INFO - Started process (PID=46753) to work on /mnt/c/Users/arcan/Documents/airflow/.venv/lib/python3.10/site-packages/airflow/example_dags/plugins/listener_plugin.py
[2025-06-16T11:12:03.086-0300] {processor.py:829} INFO - Processing file /mnt/c/Users/arcan/Documents/airflow/.venv/lib/python3.10/site-packages/airflow/example_dags/plugins/listener_plugin.py for tasks to queue
[2025-06-16T11:12:03.087-0300] {logging_mixin.py:154} INFO - [2025-06-16T11:12:03.087-0300] {dagbag.py:536} INFO - Filling up the DagBag from /mnt/c/Users/arcan/Documents/airflow/.venv/lib/python3.10/site-packages/airflow/example_dags/plugins/listener_plugin.py
[2025-06-16T11:12:03.139-0300] {processor.py:841} WARNING - No viable dags retrieved from /mnt/c/Users/arcan/Documents/airflow/.venv/lib/python3.10/site-packages/airflow/example_dags/plugins/listener_plugin.py
[2025-06-16T11:12:03.173-0300] {processor.py:179} INFO - Processing /mnt/c/Users/arcan/Documents/airflow/.venv/lib/python3.10/site-packages/airflow/example_dags/plugins/listener_plugin.py took 0.095 seconds
[2025-06-16T11:13:08.214-0300] {processor.py:157} INFO - Started process (PID=47063) to work on /mnt/c/Users/arcan/Documents/airflow/.venv/lib/python3.10/site-packages/airflow/example_dags/plugins/listener_plugin.py
[2025-06-16T11:13:08.216-0300] {processor.py:829} INFO - Processing file /mnt/c/Users/arcan/Documents/airflow/.venv/lib/python3.10/site-packages/airflow/example_dags/plugins/listener_plugin.py for tasks to queue
[2025-06-16T11:13:08.218-0300] {logging_mixin.py:154} INFO - [2025-06-16T11:13:08.217-0300] {dagbag.py:536} INFO - Filling up the DagBag from /mnt/c/Users/arcan/Documents/airflow/.venv/lib/python3.10/site-packages/airflow/example_dags/plugins/listener_plugin.py
[2025-06-16T11:13:08.270-0300] {processor.py:841} WARNING - No viable dags retrieved from /mnt/c/Users/arcan/Documents/airflow/.venv/lib/python3.10/site-packages/airflow/example_dags/plugins/listener_plugin.py
[2025-06-16T11:13:08.303-0300] {processor.py:179} INFO - Processing /mnt/c/Users/arcan/Documents/airflow/.venv/lib/python3.10/site-packages/airflow/example_dags/plugins/listener_plugin.py took 0.092 seconds
[2025-06-16T11:14:12.012-0300] {processor.py:157} INFO - Started process (PID=47249) to work on /mnt/c/Users/arcan/Documents/airflow/.venv/lib/python3.10/site-packages/airflow/example_dags/plugins/listener_plugin.py
[2025-06-16T11:14:12.014-0300] {processor.py:829} INFO - Processing file /mnt/c/Users/arcan/Documents/airflow/.venv/lib/python3.10/site-packages/airflow/example_dags/plugins/listener_plugin.py for tasks to queue
[2025-06-16T11:14:12.016-0300] {logging_mixin.py:154} INFO - [2025-06-16T11:14:12.016-0300] {dagbag.py:536} INFO - Filling up the DagBag from /mnt/c/Users/arcan/Documents/airflow/.venv/lib/python3.10/site-packages/airflow/example_dags/plugins/listener_plugin.py
[2025-06-16T11:14:12.071-0300] {processor.py:841} WARNING - No viable dags retrieved from /mnt/c/Users/arcan/Documents/airflow/.venv/lib/python3.10/site-packages/airflow/example_dags/plugins/listener_plugin.py
[2025-06-16T11:14:12.108-0300] {processor.py:179} INFO - Processing /mnt/c/Users/arcan/Documents/airflow/.venv/lib/python3.10/site-packages/airflow/example_dags/plugins/listener_plugin.py took 0.099 seconds
[2025-06-16T11:15:11.344-0300] {processor.py:157} INFO - Started process (PID=47418) to work on /mnt/c/Users/arcan/Documents/airflow/.venv/lib/python3.10/site-packages/airflow/example_dags/plugins/listener_plugin.py
[2025-06-16T11:15:11.346-0300] {processor.py:829} INFO - Processing file /mnt/c/Users/arcan/Documents/airflow/.venv/lib/python3.10/site-packages/airflow/example_dags/plugins/listener_plugin.py for tasks to queue
[2025-06-16T11:15:11.347-0300] {logging_mixin.py:154} INFO - [2025-06-16T11:15:11.347-0300] {dagbag.py:536} INFO - Filling up the DagBag from /mnt/c/Users/arcan/Documents/airflow/.venv/lib/python3.10/site-packages/airflow/example_dags/plugins/listener_plugin.py
[2025-06-16T11:15:11.401-0300] {processor.py:841} WARNING - No viable dags retrieved from /mnt/c/Users/arcan/Documents/airflow/.venv/lib/python3.10/site-packages/airflow/example_dags/plugins/listener_plugin.py
[2025-06-16T11:15:11.433-0300] {processor.py:179} INFO - Processing /mnt/c/Users/arcan/Documents/airflow/.venv/lib/python3.10/site-packages/airflow/example_dags/plugins/listener_plugin.py took 0.093 seconds
[2025-06-16T11:16:16.354-0300] {processor.py:157} INFO - Started process (PID=47612) to work on /mnt/c/Users/arcan/Documents/airflow/.venv/lib/python3.10/site-packages/airflow/example_dags/plugins/listener_plugin.py
[2025-06-16T11:16:16.356-0300] {processor.py:829} INFO - Processing file /mnt/c/Users/arcan/Documents/airflow/.venv/lib/python3.10/site-packages/airflow/example_dags/plugins/listener_plugin.py for tasks to queue
[2025-06-16T11:16:16.358-0300] {logging_mixin.py:154} INFO - [2025-06-16T11:16:16.357-0300] {dagbag.py:536} INFO - Filling up the DagBag from /mnt/c/Users/arcan/Documents/airflow/.venv/lib/python3.10/site-packages/airflow/example_dags/plugins/listener_plugin.py
[2025-06-16T11:16:16.414-0300] {processor.py:841} WARNING - No viable dags retrieved from /mnt/c/Users/arcan/Documents/airflow/.venv/lib/python3.10/site-packages/airflow/example_dags/plugins/listener_plugin.py
[2025-06-16T11:16:16.445-0300] {processor.py:179} INFO - Processing /mnt/c/Users/arcan/Documents/airflow/.venv/lib/python3.10/site-packages/airflow/example_dags/plugins/listener_plugin.py took 0.095 seconds
[2025-06-16T11:16:50.503-0300] {processor.py:157} INFO - Started process (PID=47707) to work on /mnt/c/Users/arcan/Documents/airflow/.venv/lib/python3.10/site-packages/airflow/example_dags/plugins/listener_plugin.py
[2025-06-16T11:16:50.504-0300] {processor.py:829} INFO - Processing file /mnt/c/Users/arcan/Documents/airflow/.venv/lib/python3.10/site-packages/airflow/example_dags/plugins/listener_plugin.py for tasks to queue
[2025-06-16T11:16:50.506-0300] {logging_mixin.py:154} INFO - [2025-06-16T11:16:50.505-0300] {dagbag.py:536} INFO - Filling up the DagBag from /mnt/c/Users/arcan/Documents/airflow/.venv/lib/python3.10/site-packages/airflow/example_dags/plugins/listener_plugin.py
[2025-06-16T11:16:50.563-0300] {processor.py:841} WARNING - No viable dags retrieved from /mnt/c/Users/arcan/Documents/airflow/.venv/lib/python3.10/site-packages/airflow/example_dags/plugins/listener_plugin.py
[2025-06-16T11:16:50.601-0300] {processor.py:179} INFO - Processing /mnt/c/Users/arcan/Documents/airflow/.venv/lib/python3.10/site-packages/airflow/example_dags/plugins/listener_plugin.py took 0.102 seconds
[2025-06-16T11:17:24.473-0300] {processor.py:157} INFO - Started process (PID=47807) to work on /mnt/c/Users/arcan/Documents/airflow/.venv/lib/python3.10/site-packages/airflow/example_dags/plugins/listener_plugin.py
[2025-06-16T11:17:24.474-0300] {processor.py:829} INFO - Processing file /mnt/c/Users/arcan/Documents/airflow/.venv/lib/python3.10/site-packages/airflow/example_dags/plugins/listener_plugin.py for tasks to queue
[2025-06-16T11:17:24.476-0300] {logging_mixin.py:154} INFO - [2025-06-16T11:17:24.475-0300] {dagbag.py:536} INFO - Filling up the DagBag from /mnt/c/Users/arcan/Documents/airflow/.venv/lib/python3.10/site-packages/airflow/example_dags/plugins/listener_plugin.py
[2025-06-16T11:17:24.532-0300] {processor.py:841} WARNING - No viable dags retrieved from /mnt/c/Users/arcan/Documents/airflow/.venv/lib/python3.10/site-packages/airflow/example_dags/plugins/listener_plugin.py
[2025-06-16T11:17:24.564-0300] {processor.py:179} INFO - Processing /mnt/c/Users/arcan/Documents/airflow/.venv/lib/python3.10/site-packages/airflow/example_dags/plugins/listener_plugin.py took 0.095 seconds
[2025-06-16T11:18:28.032-0300] {processor.py:157} INFO - Started process (PID=47994) to work on /mnt/c/Users/arcan/Documents/airflow/.venv/lib/python3.10/site-packages/airflow/example_dags/plugins/listener_plugin.py
[2025-06-16T11:18:28.034-0300] {processor.py:829} INFO - Processing file /mnt/c/Users/arcan/Documents/airflow/.venv/lib/python3.10/site-packages/airflow/example_dags/plugins/listener_plugin.py for tasks to queue
[2025-06-16T11:18:28.036-0300] {logging_mixin.py:154} INFO - [2025-06-16T11:18:28.035-0300] {dagbag.py:536} INFO - Filling up the DagBag from /mnt/c/Users/arcan/Documents/airflow/.venv/lib/python3.10/site-packages/airflow/example_dags/plugins/listener_plugin.py
[2025-06-16T11:18:28.093-0300] {processor.py:841} WARNING - No viable dags retrieved from /mnt/c/Users/arcan/Documents/airflow/.venv/lib/python3.10/site-packages/airflow/example_dags/plugins/listener_plugin.py
[2025-06-16T11:18:28.130-0300] {processor.py:179} INFO - Processing /mnt/c/Users/arcan/Documents/airflow/.venv/lib/python3.10/site-packages/airflow/example_dags/plugins/listener_plugin.py took 0.105 seconds
[2025-06-16T11:19:32.312-0300] {processor.py:157} INFO - Started process (PID=48186) to work on /mnt/c/Users/arcan/Documents/airflow/.venv/lib/python3.10/site-packages/airflow/example_dags/plugins/listener_plugin.py
[2025-06-16T11:19:32.314-0300] {processor.py:829} INFO - Processing file /mnt/c/Users/arcan/Documents/airflow/.venv/lib/python3.10/site-packages/airflow/example_dags/plugins/listener_plugin.py for tasks to queue
[2025-06-16T11:19:32.316-0300] {logging_mixin.py:154} INFO - [2025-06-16T11:19:32.315-0300] {dagbag.py:536} INFO - Filling up the DagBag from /mnt/c/Users/arcan/Documents/airflow/.venv/lib/python3.10/site-packages/airflow/example_dags/plugins/listener_plugin.py
[2025-06-16T11:19:32.372-0300] {processor.py:841} WARNING - No viable dags retrieved from /mnt/c/Users/arcan/Documents/airflow/.venv/lib/python3.10/site-packages/airflow/example_dags/plugins/listener_plugin.py
[2025-06-16T11:19:32.406-0300] {processor.py:179} INFO - Processing /mnt/c/Users/arcan/Documents/airflow/.venv/lib/python3.10/site-packages/airflow/example_dags/plugins/listener_plugin.py took 0.099 seconds
[2025-06-16T11:20:30.416-0300] {processor.py:157} INFO - Started process (PID=48476) to work on /mnt/c/Users/arcan/Documents/airflow/.venv/lib/python3.10/site-packages/airflow/example_dags/plugins/listener_plugin.py
[2025-06-16T11:20:30.418-0300] {processor.py:829} INFO - Processing file /mnt/c/Users/arcan/Documents/airflow/.venv/lib/python3.10/site-packages/airflow/example_dags/plugins/listener_plugin.py for tasks to queue
[2025-06-16T11:20:30.420-0300] {logging_mixin.py:154} INFO - [2025-06-16T11:20:30.420-0300] {dagbag.py:536} INFO - Filling up the DagBag from /mnt/c/Users/arcan/Documents/airflow/.venv/lib/python3.10/site-packages/airflow/example_dags/plugins/listener_plugin.py
[2025-06-16T11:20:30.473-0300] {processor.py:841} WARNING - No viable dags retrieved from /mnt/c/Users/arcan/Documents/airflow/.venv/lib/python3.10/site-packages/airflow/example_dags/plugins/listener_plugin.py
[2025-06-16T11:20:30.504-0300] {processor.py:179} INFO - Processing /mnt/c/Users/arcan/Documents/airflow/.venv/lib/python3.10/site-packages/airflow/example_dags/plugins/listener_plugin.py took 0.091 seconds
[2025-06-16T11:21:36.207-0300] {processor.py:157} INFO - Started process (PID=48667) to work on /mnt/c/Users/arcan/Documents/airflow/.venv/lib/python3.10/site-packages/airflow/example_dags/plugins/listener_plugin.py
[2025-06-16T11:21:36.209-0300] {processor.py:829} INFO - Processing file /mnt/c/Users/arcan/Documents/airflow/.venv/lib/python3.10/site-packages/airflow/example_dags/plugins/listener_plugin.py for tasks to queue
[2025-06-16T11:21:36.211-0300] {logging_mixin.py:154} INFO - [2025-06-16T11:21:36.210-0300] {dagbag.py:536} INFO - Filling up the DagBag from /mnt/c/Users/arcan/Documents/airflow/.venv/lib/python3.10/site-packages/airflow/example_dags/plugins/listener_plugin.py
[2025-06-16T11:21:36.264-0300] {processor.py:841} WARNING - No viable dags retrieved from /mnt/c/Users/arcan/Documents/airflow/.venv/lib/python3.10/site-packages/airflow/example_dags/plugins/listener_plugin.py
[2025-06-16T11:21:36.293-0300] {processor.py:179} INFO - Processing /mnt/c/Users/arcan/Documents/airflow/.venv/lib/python3.10/site-packages/airflow/example_dags/plugins/listener_plugin.py took 0.091 seconds
[2025-06-16T11:22:11.991-0300] {processor.py:157} INFO - Started process (PID=48772) to work on /mnt/c/Users/arcan/Documents/airflow/.venv/lib/python3.10/site-packages/airflow/example_dags/plugins/listener_plugin.py
[2025-06-16T11:22:11.992-0300] {processor.py:829} INFO - Processing file /mnt/c/Users/arcan/Documents/airflow/.venv/lib/python3.10/site-packages/airflow/example_dags/plugins/listener_plugin.py for tasks to queue
[2025-06-16T11:22:11.994-0300] {logging_mixin.py:154} INFO - [2025-06-16T11:22:11.993-0300] {dagbag.py:536} INFO - Filling up the DagBag from /mnt/c/Users/arcan/Documents/airflow/.venv/lib/python3.10/site-packages/airflow/example_dags/plugins/listener_plugin.py
[2025-06-16T11:22:12.049-0300] {processor.py:841} WARNING - No viable dags retrieved from /mnt/c/Users/arcan/Documents/airflow/.venv/lib/python3.10/site-packages/airflow/example_dags/plugins/listener_plugin.py
[2025-06-16T11:22:12.080-0300] {processor.py:179} INFO - Processing /mnt/c/Users/arcan/Documents/airflow/.venv/lib/python3.10/site-packages/airflow/example_dags/plugins/listener_plugin.py took 0.094 seconds
[2025-06-16T11:23:10.753-0300] {processor.py:157} INFO - Started process (PID=48948) to work on /mnt/c/Users/arcan/Documents/airflow/.venv/lib/python3.10/site-packages/airflow/example_dags/plugins/listener_plugin.py
[2025-06-16T11:23:10.755-0300] {processor.py:829} INFO - Processing file /mnt/c/Users/arcan/Documents/airflow/.venv/lib/python3.10/site-packages/airflow/example_dags/plugins/listener_plugin.py for tasks to queue
[2025-06-16T11:23:10.756-0300] {logging_mixin.py:154} INFO - [2025-06-16T11:23:10.756-0300] {dagbag.py:536} INFO - Filling up the DagBag from /mnt/c/Users/arcan/Documents/airflow/.venv/lib/python3.10/site-packages/airflow/example_dags/plugins/listener_plugin.py
[2025-06-16T11:23:10.814-0300] {processor.py:841} WARNING - No viable dags retrieved from /mnt/c/Users/arcan/Documents/airflow/.venv/lib/python3.10/site-packages/airflow/example_dags/plugins/listener_plugin.py
[2025-06-16T11:23:10.843-0300] {processor.py:179} INFO - Processing /mnt/c/Users/arcan/Documents/airflow/.venv/lib/python3.10/site-packages/airflow/example_dags/plugins/listener_plugin.py took 0.094 seconds
[2025-06-16T11:24:09.871-0300] {processor.py:157} INFO - Started process (PID=49117) to work on /mnt/c/Users/arcan/Documents/airflow/.venv/lib/python3.10/site-packages/airflow/example_dags/plugins/listener_plugin.py
[2025-06-16T11:24:09.873-0300] {processor.py:829} INFO - Processing file /mnt/c/Users/arcan/Documents/airflow/.venv/lib/python3.10/site-packages/airflow/example_dags/plugins/listener_plugin.py for tasks to queue
[2025-06-16T11:24:09.874-0300] {logging_mixin.py:154} INFO - [2025-06-16T11:24:09.874-0300] {dagbag.py:536} INFO - Filling up the DagBag from /mnt/c/Users/arcan/Documents/airflow/.venv/lib/python3.10/site-packages/airflow/example_dags/plugins/listener_plugin.py
[2025-06-16T11:24:09.931-0300] {processor.py:841} WARNING - No viable dags retrieved from /mnt/c/Users/arcan/Documents/airflow/.venv/lib/python3.10/site-packages/airflow/example_dags/plugins/listener_plugin.py
[2025-06-16T11:24:09.960-0300] {processor.py:179} INFO - Processing /mnt/c/Users/arcan/Documents/airflow/.venv/lib/python3.10/site-packages/airflow/example_dags/plugins/listener_plugin.py took 0.093 seconds
[2025-06-16T11:25:12.466-0300] {processor.py:157} INFO - Started process (PID=49299) to work on /mnt/c/Users/arcan/Documents/airflow/.venv/lib/python3.10/site-packages/airflow/example_dags/plugins/listener_plugin.py
[2025-06-16T11:25:12.468-0300] {processor.py:829} INFO - Processing file /mnt/c/Users/arcan/Documents/airflow/.venv/lib/python3.10/site-packages/airflow/example_dags/plugins/listener_plugin.py for tasks to queue
[2025-06-16T11:25:12.471-0300] {logging_mixin.py:154} INFO - [2025-06-16T11:25:12.470-0300] {dagbag.py:536} INFO - Filling up the DagBag from /mnt/c/Users/arcan/Documents/airflow/.venv/lib/python3.10/site-packages/airflow/example_dags/plugins/listener_plugin.py
[2025-06-16T11:25:12.533-0300] {processor.py:841} WARNING - No viable dags retrieved from /mnt/c/Users/arcan/Documents/airflow/.venv/lib/python3.10/site-packages/airflow/example_dags/plugins/listener_plugin.py
[2025-06-16T11:25:12.564-0300] {processor.py:179} INFO - Processing /mnt/c/Users/arcan/Documents/airflow/.venv/lib/python3.10/site-packages/airflow/example_dags/plugins/listener_plugin.py took 0.101 seconds
[2025-06-16T11:26:14.796-0300] {processor.py:157} INFO - Started process (PID=49481) to work on /mnt/c/Users/arcan/Documents/airflow/.venv/lib/python3.10/site-packages/airflow/example_dags/plugins/listener_plugin.py
[2025-06-16T11:26:14.798-0300] {processor.py:829} INFO - Processing file /mnt/c/Users/arcan/Documents/airflow/.venv/lib/python3.10/site-packages/airflow/example_dags/plugins/listener_plugin.py for tasks to queue
[2025-06-16T11:26:14.800-0300] {logging_mixin.py:154} INFO - [2025-06-16T11:26:14.799-0300] {dagbag.py:536} INFO - Filling up the DagBag from /mnt/c/Users/arcan/Documents/airflow/.venv/lib/python3.10/site-packages/airflow/example_dags/plugins/listener_plugin.py
[2025-06-16T11:26:14.861-0300] {processor.py:841} WARNING - No viable dags retrieved from /mnt/c/Users/arcan/Documents/airflow/.venv/lib/python3.10/site-packages/airflow/example_dags/plugins/listener_plugin.py
[2025-06-16T11:26:14.897-0300] {processor.py:179} INFO - Processing /mnt/c/Users/arcan/Documents/airflow/.venv/lib/python3.10/site-packages/airflow/example_dags/plugins/listener_plugin.py took 0.105 seconds
[2025-06-16T11:27:21.068-0300] {processor.py:157} INFO - Started process (PID=49796) to work on /mnt/c/Users/arcan/Documents/airflow/.venv/lib/python3.10/site-packages/airflow/example_dags/plugins/listener_plugin.py
[2025-06-16T11:27:21.070-0300] {processor.py:829} INFO - Processing file /mnt/c/Users/arcan/Documents/airflow/.venv/lib/python3.10/site-packages/airflow/example_dags/plugins/listener_plugin.py for tasks to queue
[2025-06-16T11:27:21.072-0300] {logging_mixin.py:154} INFO - [2025-06-16T11:27:21.071-0300] {dagbag.py:536} INFO - Filling up the DagBag from /mnt/c/Users/arcan/Documents/airflow/.venv/lib/python3.10/site-packages/airflow/example_dags/plugins/listener_plugin.py
[2025-06-16T11:27:21.128-0300] {processor.py:841} WARNING - No viable dags retrieved from /mnt/c/Users/arcan/Documents/airflow/.venv/lib/python3.10/site-packages/airflow/example_dags/plugins/listener_plugin.py
[2025-06-16T11:27:21.164-0300] {processor.py:179} INFO - Processing /mnt/c/Users/arcan/Documents/airflow/.venv/lib/python3.10/site-packages/airflow/example_dags/plugins/listener_plugin.py took 0.101 seconds
[2025-06-16T11:28:26.192-0300] {processor.py:157} INFO - Started process (PID=49988) to work on /mnt/c/Users/arcan/Documents/airflow/.venv/lib/python3.10/site-packages/airflow/example_dags/plugins/listener_plugin.py
[2025-06-16T11:28:26.194-0300] {processor.py:829} INFO - Processing file /mnt/c/Users/arcan/Documents/airflow/.venv/lib/python3.10/site-packages/airflow/example_dags/plugins/listener_plugin.py for tasks to queue
[2025-06-16T11:28:26.196-0300] {logging_mixin.py:154} INFO - [2025-06-16T11:28:26.195-0300] {dagbag.py:536} INFO - Filling up the DagBag from /mnt/c/Users/arcan/Documents/airflow/.venv/lib/python3.10/site-packages/airflow/example_dags/plugins/listener_plugin.py
[2025-06-16T11:28:26.253-0300] {processor.py:841} WARNING - No viable dags retrieved from /mnt/c/Users/arcan/Documents/airflow/.venv/lib/python3.10/site-packages/airflow/example_dags/plugins/listener_plugin.py
[2025-06-16T11:28:26.285-0300] {processor.py:179} INFO - Processing /mnt/c/Users/arcan/Documents/airflow/.venv/lib/python3.10/site-packages/airflow/example_dags/plugins/listener_plugin.py took 0.097 seconds
[2025-06-16T11:29:01.091-0300] {processor.py:157} INFO - Started process (PID=50088) to work on /mnt/c/Users/arcan/Documents/airflow/.venv/lib/python3.10/site-packages/airflow/example_dags/plugins/listener_plugin.py
[2025-06-16T11:29:01.093-0300] {processor.py:829} INFO - Processing file /mnt/c/Users/arcan/Documents/airflow/.venv/lib/python3.10/site-packages/airflow/example_dags/plugins/listener_plugin.py for tasks to queue
[2025-06-16T11:29:01.094-0300] {logging_mixin.py:154} INFO - [2025-06-16T11:29:01.094-0300] {dagbag.py:536} INFO - Filling up the DagBag from /mnt/c/Users/arcan/Documents/airflow/.venv/lib/python3.10/site-packages/airflow/example_dags/plugins/listener_plugin.py
[2025-06-16T11:29:01.142-0300] {processor.py:841} WARNING - No viable dags retrieved from /mnt/c/Users/arcan/Documents/airflow/.venv/lib/python3.10/site-packages/airflow/example_dags/plugins/listener_plugin.py
[2025-06-16T11:29:01.175-0300] {processor.py:179} INFO - Processing /mnt/c/Users/arcan/Documents/airflow/.venv/lib/python3.10/site-packages/airflow/example_dags/plugins/listener_plugin.py took 0.089 seconds
[2025-06-16T11:30:03.940-0300] {processor.py:157} INFO - Started process (PID=50274) to work on /mnt/c/Users/arcan/Documents/airflow/.venv/lib/python3.10/site-packages/airflow/example_dags/plugins/listener_plugin.py
[2025-06-16T11:30:03.942-0300] {processor.py:829} INFO - Processing file /mnt/c/Users/arcan/Documents/airflow/.venv/lib/python3.10/site-packages/airflow/example_dags/plugins/listener_plugin.py for tasks to queue
[2025-06-16T11:30:03.944-0300] {logging_mixin.py:154} INFO - [2025-06-16T11:30:03.943-0300] {dagbag.py:536} INFO - Filling up the DagBag from /mnt/c/Users/arcan/Documents/airflow/.venv/lib/python3.10/site-packages/airflow/example_dags/plugins/listener_plugin.py
[2025-06-16T11:30:03.999-0300] {processor.py:841} WARNING - No viable dags retrieved from /mnt/c/Users/arcan/Documents/airflow/.venv/lib/python3.10/site-packages/airflow/example_dags/plugins/listener_plugin.py
[2025-06-16T11:30:04.030-0300] {processor.py:179} INFO - Processing /mnt/c/Users/arcan/Documents/airflow/.venv/lib/python3.10/site-packages/airflow/example_dags/plugins/listener_plugin.py took 0.095 seconds
[2025-06-16T11:31:10.409-0300] {processor.py:157} INFO - Started process (PID=50471) to work on /mnt/c/Users/arcan/Documents/airflow/.venv/lib/python3.10/site-packages/airflow/example_dags/plugins/listener_plugin.py
[2025-06-16T11:31:10.411-0300] {processor.py:829} INFO - Processing file /mnt/c/Users/arcan/Documents/airflow/.venv/lib/python3.10/site-packages/airflow/example_dags/plugins/listener_plugin.py for tasks to queue
[2025-06-16T11:31:10.413-0300] {logging_mixin.py:154} INFO - [2025-06-16T11:31:10.412-0300] {dagbag.py:536} INFO - Filling up the DagBag from /mnt/c/Users/arcan/Documents/airflow/.venv/lib/python3.10/site-packages/airflow/example_dags/plugins/listener_plugin.py
[2025-06-16T11:31:10.469-0300] {processor.py:841} WARNING - No viable dags retrieved from /mnt/c/Users/arcan/Documents/airflow/.venv/lib/python3.10/site-packages/airflow/example_dags/plugins/listener_plugin.py
[2025-06-16T11:31:10.502-0300] {processor.py:179} INFO - Processing /mnt/c/Users/arcan/Documents/airflow/.venv/lib/python3.10/site-packages/airflow/example_dags/plugins/listener_plugin.py took 0.097 seconds
[2025-06-16T11:31:46.231-0300] {processor.py:157} INFO - Started process (PID=50575) to work on /mnt/c/Users/arcan/Documents/airflow/.venv/lib/python3.10/site-packages/airflow/example_dags/plugins/listener_plugin.py
[2025-06-16T11:31:46.233-0300] {processor.py:829} INFO - Processing file /mnt/c/Users/arcan/Documents/airflow/.venv/lib/python3.10/site-packages/airflow/example_dags/plugins/listener_plugin.py for tasks to queue
[2025-06-16T11:31:46.235-0300] {logging_mixin.py:154} INFO - [2025-06-16T11:31:46.235-0300] {dagbag.py:536} INFO - Filling up the DagBag from /mnt/c/Users/arcan/Documents/airflow/.venv/lib/python3.10/site-packages/airflow/example_dags/plugins/listener_plugin.py
[2025-06-16T11:31:46.296-0300] {processor.py:841} WARNING - No viable dags retrieved from /mnt/c/Users/arcan/Documents/airflow/.venv/lib/python3.10/site-packages/airflow/example_dags/plugins/listener_plugin.py
[2025-06-16T11:31:46.331-0300] {processor.py:179} INFO - Processing /mnt/c/Users/arcan/Documents/airflow/.venv/lib/python3.10/site-packages/airflow/example_dags/plugins/listener_plugin.py took 0.103 seconds
[2025-06-16T11:32:22.911-0300] {processor.py:157} INFO - Started process (PID=50677) to work on /mnt/c/Users/arcan/Documents/airflow/.venv/lib/python3.10/site-packages/airflow/example_dags/plugins/listener_plugin.py
[2025-06-16T11:32:22.913-0300] {processor.py:829} INFO - Processing file /mnt/c/Users/arcan/Documents/airflow/.venv/lib/python3.10/site-packages/airflow/example_dags/plugins/listener_plugin.py for tasks to queue
[2025-06-16T11:32:22.914-0300] {logging_mixin.py:154} INFO - [2025-06-16T11:32:22.914-0300] {dagbag.py:536} INFO - Filling up the DagBag from /mnt/c/Users/arcan/Documents/airflow/.venv/lib/python3.10/site-packages/airflow/example_dags/plugins/listener_plugin.py
[2025-06-16T11:32:22.971-0300] {processor.py:841} WARNING - No viable dags retrieved from /mnt/c/Users/arcan/Documents/airflow/.venv/lib/python3.10/site-packages/airflow/example_dags/plugins/listener_plugin.py
[2025-06-16T11:32:23.002-0300] {processor.py:179} INFO - Processing /mnt/c/Users/arcan/Documents/airflow/.venv/lib/python3.10/site-packages/airflow/example_dags/plugins/listener_plugin.py took 0.094 seconds
[2025-06-16T11:33:24.903-0300] {processor.py:157} INFO - Started process (PID=50860) to work on /mnt/c/Users/arcan/Documents/airflow/.venv/lib/python3.10/site-packages/airflow/example_dags/plugins/listener_plugin.py
[2025-06-16T11:33:24.905-0300] {processor.py:829} INFO - Processing file /mnt/c/Users/arcan/Documents/airflow/.venv/lib/python3.10/site-packages/airflow/example_dags/plugins/listener_plugin.py for tasks to queue
[2025-06-16T11:33:24.907-0300] {logging_mixin.py:154} INFO - [2025-06-16T11:33:24.906-0300] {dagbag.py:536} INFO - Filling up the DagBag from /mnt/c/Users/arcan/Documents/airflow/.venv/lib/python3.10/site-packages/airflow/example_dags/plugins/listener_plugin.py
[2025-06-16T11:33:24.961-0300] {processor.py:841} WARNING - No viable dags retrieved from /mnt/c/Users/arcan/Documents/airflow/.venv/lib/python3.10/site-packages/airflow/example_dags/plugins/listener_plugin.py
[2025-06-16T11:33:24.993-0300] {processor.py:179} INFO - Processing /mnt/c/Users/arcan/Documents/airflow/.venv/lib/python3.10/site-packages/airflow/example_dags/plugins/listener_plugin.py took 0.094 seconds
[2025-06-16T11:34:29.477-0300] {processor.py:157} INFO - Started process (PID=51054) to work on /mnt/c/Users/arcan/Documents/airflow/.venv/lib/python3.10/site-packages/airflow/example_dags/plugins/listener_plugin.py
[2025-06-16T11:34:29.479-0300] {processor.py:829} INFO - Processing file /mnt/c/Users/arcan/Documents/airflow/.venv/lib/python3.10/site-packages/airflow/example_dags/plugins/listener_plugin.py for tasks to queue
[2025-06-16T11:34:29.482-0300] {logging_mixin.py:154} INFO - [2025-06-16T11:34:29.481-0300] {dagbag.py:536} INFO - Filling up the DagBag from /mnt/c/Users/arcan/Documents/airflow/.venv/lib/python3.10/site-packages/airflow/example_dags/plugins/listener_plugin.py
[2025-06-16T11:34:29.538-0300] {processor.py:841} WARNING - No viable dags retrieved from /mnt/c/Users/arcan/Documents/airflow/.venv/lib/python3.10/site-packages/airflow/example_dags/plugins/listener_plugin.py
[2025-06-16T11:34:29.574-0300] {processor.py:179} INFO - Processing /mnt/c/Users/arcan/Documents/airflow/.venv/lib/python3.10/site-packages/airflow/example_dags/plugins/listener_plugin.py took 0.101 seconds
[2025-06-16T11:35:28.248-0300] {processor.py:157} INFO - Started process (PID=51353) to work on /mnt/c/Users/arcan/Documents/airflow/.venv/lib/python3.10/site-packages/airflow/example_dags/plugins/listener_plugin.py
[2025-06-16T11:35:28.250-0300] {processor.py:829} INFO - Processing file /mnt/c/Users/arcan/Documents/airflow/.venv/lib/python3.10/site-packages/airflow/example_dags/plugins/listener_plugin.py for tasks to queue
[2025-06-16T11:35:28.252-0300] {logging_mixin.py:154} INFO - [2025-06-16T11:35:28.251-0300] {dagbag.py:536} INFO - Filling up the DagBag from /mnt/c/Users/arcan/Documents/airflow/.venv/lib/python3.10/site-packages/airflow/example_dags/plugins/listener_plugin.py
[2025-06-16T11:35:28.309-0300] {processor.py:841} WARNING - No viable dags retrieved from /mnt/c/Users/arcan/Documents/airflow/.venv/lib/python3.10/site-packages/airflow/example_dags/plugins/listener_plugin.py
[2025-06-16T11:35:28.343-0300] {processor.py:179} INFO - Processing /mnt/c/Users/arcan/Documents/airflow/.venv/lib/python3.10/site-packages/airflow/example_dags/plugins/listener_plugin.py took 0.099 seconds
[2025-06-16T11:36:32.784-0300] {processor.py:157} INFO - Started process (PID=51546) to work on /mnt/c/Users/arcan/Documents/airflow/.venv/lib/python3.10/site-packages/airflow/example_dags/plugins/listener_plugin.py
[2025-06-16T11:36:32.786-0300] {processor.py:829} INFO - Processing file /mnt/c/Users/arcan/Documents/airflow/.venv/lib/python3.10/site-packages/airflow/example_dags/plugins/listener_plugin.py for tasks to queue
[2025-06-16T11:36:32.787-0300] {logging_mixin.py:154} INFO - [2025-06-16T11:36:32.787-0300] {dagbag.py:536} INFO - Filling up the DagBag from /mnt/c/Users/arcan/Documents/airflow/.venv/lib/python3.10/site-packages/airflow/example_dags/plugins/listener_plugin.py
[2025-06-16T11:36:32.845-0300] {processor.py:841} WARNING - No viable dags retrieved from /mnt/c/Users/arcan/Documents/airflow/.venv/lib/python3.10/site-packages/airflow/example_dags/plugins/listener_plugin.py
[2025-06-16T11:36:32.880-0300] {processor.py:179} INFO - Processing /mnt/c/Users/arcan/Documents/airflow/.venv/lib/python3.10/site-packages/airflow/example_dags/plugins/listener_plugin.py took 0.099 seconds
[2025-06-16T11:37:05.672-0300] {processor.py:157} INFO - Started process (PID=51645) to work on /mnt/c/Users/arcan/Documents/airflow/.venv/lib/python3.10/site-packages/airflow/example_dags/plugins/listener_plugin.py
[2025-06-16T11:37:05.674-0300] {processor.py:829} INFO - Processing file /mnt/c/Users/arcan/Documents/airflow/.venv/lib/python3.10/site-packages/airflow/example_dags/plugins/listener_plugin.py for tasks to queue
[2025-06-16T11:37:05.675-0300] {logging_mixin.py:154} INFO - [2025-06-16T11:37:05.675-0300] {dagbag.py:536} INFO - Filling up the DagBag from /mnt/c/Users/arcan/Documents/airflow/.venv/lib/python3.10/site-packages/airflow/example_dags/plugins/listener_plugin.py
[2025-06-16T11:37:05.733-0300] {processor.py:841} WARNING - No viable dags retrieved from /mnt/c/Users/arcan/Documents/airflow/.venv/lib/python3.10/site-packages/airflow/example_dags/plugins/listener_plugin.py
[2025-06-16T11:37:05.765-0300] {processor.py:179} INFO - Processing /mnt/c/Users/arcan/Documents/airflow/.venv/lib/python3.10/site-packages/airflow/example_dags/plugins/listener_plugin.py took 0.097 seconds
[2025-06-16T11:38:13.651-0300] {processor.py:157} INFO - Started process (PID=51842) to work on /mnt/c/Users/arcan/Documents/airflow/.venv/lib/python3.10/site-packages/airflow/example_dags/plugins/listener_plugin.py
[2025-06-16T11:38:13.653-0300] {processor.py:829} INFO - Processing file /mnt/c/Users/arcan/Documents/airflow/.venv/lib/python3.10/site-packages/airflow/example_dags/plugins/listener_plugin.py for tasks to queue
[2025-06-16T11:38:13.654-0300] {logging_mixin.py:154} INFO - [2025-06-16T11:38:13.654-0300] {dagbag.py:536} INFO - Filling up the DagBag from /mnt/c/Users/arcan/Documents/airflow/.venv/lib/python3.10/site-packages/airflow/example_dags/plugins/listener_plugin.py
[2025-06-16T11:38:13.707-0300] {processor.py:841} WARNING - No viable dags retrieved from /mnt/c/Users/arcan/Documents/airflow/.venv/lib/python3.10/site-packages/airflow/example_dags/plugins/listener_plugin.py
[2025-06-16T11:38:13.739-0300] {processor.py:179} INFO - Processing /mnt/c/Users/arcan/Documents/airflow/.venv/lib/python3.10/site-packages/airflow/example_dags/plugins/listener_plugin.py took 0.092 seconds
[2025-06-16T11:39:22.664-0300] {processor.py:157} INFO - Started process (PID=52039) to work on /mnt/c/Users/arcan/Documents/airflow/.venv/lib/python3.10/site-packages/airflow/example_dags/plugins/listener_plugin.py
[2025-06-16T11:39:22.666-0300] {processor.py:829} INFO - Processing file /mnt/c/Users/arcan/Documents/airflow/.venv/lib/python3.10/site-packages/airflow/example_dags/plugins/listener_plugin.py for tasks to queue
[2025-06-16T11:39:22.668-0300] {logging_mixin.py:154} INFO - [2025-06-16T11:39:22.667-0300] {dagbag.py:536} INFO - Filling up the DagBag from /mnt/c/Users/arcan/Documents/airflow/.venv/lib/python3.10/site-packages/airflow/example_dags/plugins/listener_plugin.py
[2025-06-16T11:39:22.721-0300] {processor.py:841} WARNING - No viable dags retrieved from /mnt/c/Users/arcan/Documents/airflow/.venv/lib/python3.10/site-packages/airflow/example_dags/plugins/listener_plugin.py
[2025-06-16T11:39:22.753-0300] {processor.py:179} INFO - Processing /mnt/c/Users/arcan/Documents/airflow/.venv/lib/python3.10/site-packages/airflow/example_dags/plugins/listener_plugin.py took 0.092 seconds
[2025-06-16T11:39:56.620-0300] {processor.py:157} INFO - Started process (PID=52142) to work on /mnt/c/Users/arcan/Documents/airflow/.venv/lib/python3.10/site-packages/airflow/example_dags/plugins/listener_plugin.py
[2025-06-16T11:39:56.622-0300] {processor.py:829} INFO - Processing file /mnt/c/Users/arcan/Documents/airflow/.venv/lib/python3.10/site-packages/airflow/example_dags/plugins/listener_plugin.py for tasks to queue
[2025-06-16T11:39:56.624-0300] {logging_mixin.py:154} INFO - [2025-06-16T11:39:56.623-0300] {dagbag.py:536} INFO - Filling up the DagBag from /mnt/c/Users/arcan/Documents/airflow/.venv/lib/python3.10/site-packages/airflow/example_dags/plugins/listener_plugin.py
[2025-06-16T11:39:56.675-0300] {processor.py:841} WARNING - No viable dags retrieved from /mnt/c/Users/arcan/Documents/airflow/.venv/lib/python3.10/site-packages/airflow/example_dags/plugins/listener_plugin.py
[2025-06-16T11:39:56.709-0300] {processor.py:179} INFO - Processing /mnt/c/Users/arcan/Documents/airflow/.venv/lib/python3.10/site-packages/airflow/example_dags/plugins/listener_plugin.py took 0.095 seconds
[2025-06-16T11:40:30.764-0300] {processor.py:157} INFO - Started process (PID=52240) to work on /mnt/c/Users/arcan/Documents/airflow/.venv/lib/python3.10/site-packages/airflow/example_dags/plugins/listener_plugin.py
[2025-06-16T11:40:30.766-0300] {processor.py:829} INFO - Processing file /mnt/c/Users/arcan/Documents/airflow/.venv/lib/python3.10/site-packages/airflow/example_dags/plugins/listener_plugin.py for tasks to queue
[2025-06-16T11:40:30.768-0300] {logging_mixin.py:154} INFO - [2025-06-16T11:40:30.767-0300] {dagbag.py:536} INFO - Filling up the DagBag from /mnt/c/Users/arcan/Documents/airflow/.venv/lib/python3.10/site-packages/airflow/example_dags/plugins/listener_plugin.py
[2025-06-16T11:40:30.826-0300] {processor.py:841} WARNING - No viable dags retrieved from /mnt/c/Users/arcan/Documents/airflow/.venv/lib/python3.10/site-packages/airflow/example_dags/plugins/listener_plugin.py
[2025-06-16T11:40:30.855-0300] {processor.py:179} INFO - Processing /mnt/c/Users/arcan/Documents/airflow/.venv/lib/python3.10/site-packages/airflow/example_dags/plugins/listener_plugin.py took 0.096 seconds
[2025-06-16T11:41:30.066-0300] {processor.py:157} INFO - Started process (PID=52422) to work on /mnt/c/Users/arcan/Documents/airflow/.venv/lib/python3.10/site-packages/airflow/example_dags/plugins/listener_plugin.py
[2025-06-16T11:41:30.068-0300] {processor.py:829} INFO - Processing file /mnt/c/Users/arcan/Documents/airflow/.venv/lib/python3.10/site-packages/airflow/example_dags/plugins/listener_plugin.py for tasks to queue
[2025-06-16T11:41:30.070-0300] {logging_mixin.py:154} INFO - [2025-06-16T11:41:30.069-0300] {dagbag.py:536} INFO - Filling up the DagBag from /mnt/c/Users/arcan/Documents/airflow/.venv/lib/python3.10/site-packages/airflow/example_dags/plugins/listener_plugin.py
[2025-06-16T11:41:30.131-0300] {processor.py:841} WARNING - No viable dags retrieved from /mnt/c/Users/arcan/Documents/airflow/.venv/lib/python3.10/site-packages/airflow/example_dags/plugins/listener_plugin.py
[2025-06-16T11:41:30.166-0300] {processor.py:179} INFO - Processing /mnt/c/Users/arcan/Documents/airflow/.venv/lib/python3.10/site-packages/airflow/example_dags/plugins/listener_plugin.py took 0.106 seconds
[2025-06-16T11:42:05.812-0300] {processor.py:157} INFO - Started process (PID=52646) to work on /mnt/c/Users/arcan/Documents/airflow/.venv/lib/python3.10/site-packages/airflow/example_dags/plugins/listener_plugin.py
[2025-06-16T11:42:05.816-0300] {processor.py:829} INFO - Processing file /mnt/c/Users/arcan/Documents/airflow/.venv/lib/python3.10/site-packages/airflow/example_dags/plugins/listener_plugin.py for tasks to queue
[2025-06-16T11:42:05.818-0300] {logging_mixin.py:154} INFO - [2025-06-16T11:42:05.817-0300] {dagbag.py:536} INFO - Filling up the DagBag from /mnt/c/Users/arcan/Documents/airflow/.venv/lib/python3.10/site-packages/airflow/example_dags/plugins/listener_plugin.py
[2025-06-16T11:42:05.877-0300] {processor.py:841} WARNING - No viable dags retrieved from /mnt/c/Users/arcan/Documents/airflow/.venv/lib/python3.10/site-packages/airflow/example_dags/plugins/listener_plugin.py
[2025-06-16T11:42:05.918-0300] {processor.py:179} INFO - Processing /mnt/c/Users/arcan/Documents/airflow/.venv/lib/python3.10/site-packages/airflow/example_dags/plugins/listener_plugin.py took 0.111 seconds
[2025-06-16T11:42:41.699-0300] {processor.py:157} INFO - Started process (PID=52748) to work on /mnt/c/Users/arcan/Documents/airflow/.venv/lib/python3.10/site-packages/airflow/example_dags/plugins/listener_plugin.py
[2025-06-16T11:42:41.701-0300] {processor.py:829} INFO - Processing file /mnt/c/Users/arcan/Documents/airflow/.venv/lib/python3.10/site-packages/airflow/example_dags/plugins/listener_plugin.py for tasks to queue
[2025-06-16T11:42:41.703-0300] {logging_mixin.py:154} INFO - [2025-06-16T11:42:41.702-0300] {dagbag.py:536} INFO - Filling up the DagBag from /mnt/c/Users/arcan/Documents/airflow/.venv/lib/python3.10/site-packages/airflow/example_dags/plugins/listener_plugin.py
[2025-06-16T11:42:41.758-0300] {processor.py:841} WARNING - No viable dags retrieved from /mnt/c/Users/arcan/Documents/airflow/.venv/lib/python3.10/site-packages/airflow/example_dags/plugins/listener_plugin.py
[2025-06-16T11:42:41.791-0300] {processor.py:179} INFO - Processing /mnt/c/Users/arcan/Documents/airflow/.venv/lib/python3.10/site-packages/airflow/example_dags/plugins/listener_plugin.py took 0.096 seconds
[2025-06-16T11:43:15.765-0300] {processor.py:157} INFO - Started process (PID=52851) to work on /mnt/c/Users/arcan/Documents/airflow/.venv/lib/python3.10/site-packages/airflow/example_dags/plugins/listener_plugin.py
[2025-06-16T11:43:15.767-0300] {processor.py:829} INFO - Processing file /mnt/c/Users/arcan/Documents/airflow/.venv/lib/python3.10/site-packages/airflow/example_dags/plugins/listener_plugin.py for tasks to queue
[2025-06-16T11:43:15.769-0300] {logging_mixin.py:154} INFO - [2025-06-16T11:43:15.768-0300] {dagbag.py:536} INFO - Filling up the DagBag from /mnt/c/Users/arcan/Documents/airflow/.venv/lib/python3.10/site-packages/airflow/example_dags/plugins/listener_plugin.py
[2025-06-16T11:43:15.827-0300] {processor.py:841} WARNING - No viable dags retrieved from /mnt/c/Users/arcan/Documents/airflow/.venv/lib/python3.10/site-packages/airflow/example_dags/plugins/listener_plugin.py
[2025-06-16T11:43:15.862-0300] {processor.py:179} INFO - Processing /mnt/c/Users/arcan/Documents/airflow/.venv/lib/python3.10/site-packages/airflow/example_dags/plugins/listener_plugin.py took 0.101 seconds
[2025-06-16T11:43:50.665-0300] {processor.py:157} INFO - Started process (PID=52956) to work on /mnt/c/Users/arcan/Documents/airflow/.venv/lib/python3.10/site-packages/airflow/example_dags/plugins/listener_plugin.py
[2025-06-16T11:43:50.667-0300] {processor.py:829} INFO - Processing file /mnt/c/Users/arcan/Documents/airflow/.venv/lib/python3.10/site-packages/airflow/example_dags/plugins/listener_plugin.py for tasks to queue
[2025-06-16T11:43:50.669-0300] {logging_mixin.py:154} INFO - [2025-06-16T11:43:50.668-0300] {dagbag.py:536} INFO - Filling up the DagBag from /mnt/c/Users/arcan/Documents/airflow/.venv/lib/python3.10/site-packages/airflow/example_dags/plugins/listener_plugin.py
[2025-06-16T11:43:50.726-0300] {processor.py:841} WARNING - No viable dags retrieved from /mnt/c/Users/arcan/Documents/airflow/.venv/lib/python3.10/site-packages/airflow/example_dags/plugins/listener_plugin.py
[2025-06-16T11:43:50.759-0300] {processor.py:179} INFO - Processing /mnt/c/Users/arcan/Documents/airflow/.venv/lib/python3.10/site-packages/airflow/example_dags/plugins/listener_plugin.py took 0.098 seconds
[2025-06-16T11:44:25.543-0300] {processor.py:157} INFO - Started process (PID=53055) to work on /mnt/c/Users/arcan/Documents/airflow/.venv/lib/python3.10/site-packages/airflow/example_dags/plugins/listener_plugin.py
[2025-06-16T11:44:25.544-0300] {processor.py:829} INFO - Processing file /mnt/c/Users/arcan/Documents/airflow/.venv/lib/python3.10/site-packages/airflow/example_dags/plugins/listener_plugin.py for tasks to queue
[2025-06-16T11:44:25.546-0300] {logging_mixin.py:154} INFO - [2025-06-16T11:44:25.546-0300] {dagbag.py:536} INFO - Filling up the DagBag from /mnt/c/Users/arcan/Documents/airflow/.venv/lib/python3.10/site-packages/airflow/example_dags/plugins/listener_plugin.py
[2025-06-16T11:44:25.600-0300] {processor.py:841} WARNING - No viable dags retrieved from /mnt/c/Users/arcan/Documents/airflow/.venv/lib/python3.10/site-packages/airflow/example_dags/plugins/listener_plugin.py
[2025-06-16T11:44:25.636-0300] {processor.py:179} INFO - Processing /mnt/c/Users/arcan/Documents/airflow/.venv/lib/python3.10/site-packages/airflow/example_dags/plugins/listener_plugin.py took 0.097 seconds
[2025-06-16T11:44:59.657-0300] {processor.py:157} INFO - Started process (PID=53154) to work on /mnt/c/Users/arcan/Documents/airflow/.venv/lib/python3.10/site-packages/airflow/example_dags/plugins/listener_plugin.py
[2025-06-16T11:44:59.659-0300] {processor.py:829} INFO - Processing file /mnt/c/Users/arcan/Documents/airflow/.venv/lib/python3.10/site-packages/airflow/example_dags/plugins/listener_plugin.py for tasks to queue
[2025-06-16T11:44:59.661-0300] {logging_mixin.py:154} INFO - [2025-06-16T11:44:59.660-0300] {dagbag.py:536} INFO - Filling up the DagBag from /mnt/c/Users/arcan/Documents/airflow/.venv/lib/python3.10/site-packages/airflow/example_dags/plugins/listener_plugin.py
[2025-06-16T11:44:59.707-0300] {processor.py:841} WARNING - No viable dags retrieved from /mnt/c/Users/arcan/Documents/airflow/.venv/lib/python3.10/site-packages/airflow/example_dags/plugins/listener_plugin.py
[2025-06-16T11:44:59.742-0300] {processor.py:179} INFO - Processing /mnt/c/Users/arcan/Documents/airflow/.venv/lib/python3.10/site-packages/airflow/example_dags/plugins/listener_plugin.py took 0.089 seconds
[2025-06-16T11:46:02.402-0300] {processor.py:157} INFO - Started process (PID=53344) to work on /mnt/c/Users/arcan/Documents/airflow/.venv/lib/python3.10/site-packages/airflow/example_dags/plugins/listener_plugin.py
[2025-06-16T11:46:02.404-0300] {processor.py:829} INFO - Processing file /mnt/c/Users/arcan/Documents/airflow/.venv/lib/python3.10/site-packages/airflow/example_dags/plugins/listener_plugin.py for tasks to queue
[2025-06-16T11:46:02.406-0300] {logging_mixin.py:154} INFO - [2025-06-16T11:46:02.405-0300] {dagbag.py:536} INFO - Filling up the DagBag from /mnt/c/Users/arcan/Documents/airflow/.venv/lib/python3.10/site-packages/airflow/example_dags/plugins/listener_plugin.py
[2025-06-16T11:46:02.463-0300] {processor.py:841} WARNING - No viable dags retrieved from /mnt/c/Users/arcan/Documents/airflow/.venv/lib/python3.10/site-packages/airflow/example_dags/plugins/listener_plugin.py
[2025-06-16T11:46:02.498-0300] {processor.py:179} INFO - Processing /mnt/c/Users/arcan/Documents/airflow/.venv/lib/python3.10/site-packages/airflow/example_dags/plugins/listener_plugin.py took 0.102 seconds
[2025-06-16T11:46:38.899-0300] {processor.py:157} INFO - Started process (PID=53444) to work on /mnt/c/Users/arcan/Documents/airflow/.venv/lib/python3.10/site-packages/airflow/example_dags/plugins/listener_plugin.py
[2025-06-16T11:46:38.901-0300] {processor.py:829} INFO - Processing file /mnt/c/Users/arcan/Documents/airflow/.venv/lib/python3.10/site-packages/airflow/example_dags/plugins/listener_plugin.py for tasks to queue
[2025-06-16T11:46:38.903-0300] {logging_mixin.py:154} INFO - [2025-06-16T11:46:38.902-0300] {dagbag.py:536} INFO - Filling up the DagBag from /mnt/c/Users/arcan/Documents/airflow/.venv/lib/python3.10/site-packages/airflow/example_dags/plugins/listener_plugin.py
[2025-06-16T11:46:38.962-0300] {processor.py:841} WARNING - No viable dags retrieved from /mnt/c/Users/arcan/Documents/airflow/.venv/lib/python3.10/site-packages/airflow/example_dags/plugins/listener_plugin.py
[2025-06-16T11:46:38.998-0300] {processor.py:179} INFO - Processing /mnt/c/Users/arcan/Documents/airflow/.venv/lib/python3.10/site-packages/airflow/example_dags/plugins/listener_plugin.py took 0.103 seconds
[2025-06-16T11:47:13.453-0300] {processor.py:157} INFO - Started process (PID=53550) to work on /mnt/c/Users/arcan/Documents/airflow/.venv/lib/python3.10/site-packages/airflow/example_dags/plugins/listener_plugin.py
[2025-06-16T11:47:13.455-0300] {processor.py:829} INFO - Processing file /mnt/c/Users/arcan/Documents/airflow/.venv/lib/python3.10/site-packages/airflow/example_dags/plugins/listener_plugin.py for tasks to queue
[2025-06-16T11:47:13.458-0300] {logging_mixin.py:154} INFO - [2025-06-16T11:47:13.457-0300] {dagbag.py:536} INFO - Filling up the DagBag from /mnt/c/Users/arcan/Documents/airflow/.venv/lib/python3.10/site-packages/airflow/example_dags/plugins/listener_plugin.py
[2025-06-16T11:47:13.510-0300] {processor.py:841} WARNING - No viable dags retrieved from /mnt/c/Users/arcan/Documents/airflow/.venv/lib/python3.10/site-packages/airflow/example_dags/plugins/listener_plugin.py
[2025-06-16T11:47:13.545-0300] {processor.py:179} INFO - Processing /mnt/c/Users/arcan/Documents/airflow/.venv/lib/python3.10/site-packages/airflow/example_dags/plugins/listener_plugin.py took 0.096 seconds
[2025-06-16T11:48:16.496-0300] {processor.py:157} INFO - Started process (PID=53740) to work on /mnt/c/Users/arcan/Documents/airflow/.venv/lib/python3.10/site-packages/airflow/example_dags/plugins/listener_plugin.py
[2025-06-16T11:48:16.497-0300] {processor.py:829} INFO - Processing file /mnt/c/Users/arcan/Documents/airflow/.venv/lib/python3.10/site-packages/airflow/example_dags/plugins/listener_plugin.py for tasks to queue
[2025-06-16T11:48:16.499-0300] {logging_mixin.py:154} INFO - [2025-06-16T11:48:16.499-0300] {dagbag.py:536} INFO - Filling up the DagBag from /mnt/c/Users/arcan/Documents/airflow/.venv/lib/python3.10/site-packages/airflow/example_dags/plugins/listener_plugin.py
[2025-06-16T11:48:16.553-0300] {processor.py:841} WARNING - No viable dags retrieved from /mnt/c/Users/arcan/Documents/airflow/.venv/lib/python3.10/site-packages/airflow/example_dags/plugins/listener_plugin.py
[2025-06-16T11:48:16.587-0300] {processor.py:179} INFO - Processing /mnt/c/Users/arcan/Documents/airflow/.venv/lib/python3.10/site-packages/airflow/example_dags/plugins/listener_plugin.py took 0.095 seconds
[2025-06-16T11:49:18.866-0300] {processor.py:157} INFO - Started process (PID=54044) to work on /mnt/c/Users/arcan/Documents/airflow/.venv/lib/python3.10/site-packages/airflow/example_dags/plugins/listener_plugin.py
[2025-06-16T11:49:18.868-0300] {processor.py:829} INFO - Processing file /mnt/c/Users/arcan/Documents/airflow/.venv/lib/python3.10/site-packages/airflow/example_dags/plugins/listener_plugin.py for tasks to queue
[2025-06-16T11:49:18.870-0300] {logging_mixin.py:154} INFO - [2025-06-16T11:49:18.869-0300] {dagbag.py:536} INFO - Filling up the DagBag from /mnt/c/Users/arcan/Documents/airflow/.venv/lib/python3.10/site-packages/airflow/example_dags/plugins/listener_plugin.py
[2025-06-16T11:49:18.923-0300] {processor.py:841} WARNING - No viable dags retrieved from /mnt/c/Users/arcan/Documents/airflow/.venv/lib/python3.10/site-packages/airflow/example_dags/plugins/listener_plugin.py
[2025-06-16T11:49:18.957-0300] {processor.py:179} INFO - Processing /mnt/c/Users/arcan/Documents/airflow/.venv/lib/python3.10/site-packages/airflow/example_dags/plugins/listener_plugin.py took 0.094 seconds
[2025-06-16T11:50:21.725-0300] {processor.py:157} INFO - Started process (PID=54235) to work on /mnt/c/Users/arcan/Documents/airflow/.venv/lib/python3.10/site-packages/airflow/example_dags/plugins/listener_plugin.py
[2025-06-16T11:50:21.726-0300] {processor.py:829} INFO - Processing file /mnt/c/Users/arcan/Documents/airflow/.venv/lib/python3.10/site-packages/airflow/example_dags/plugins/listener_plugin.py for tasks to queue
[2025-06-16T11:50:21.728-0300] {logging_mixin.py:154} INFO - [2025-06-16T11:50:21.727-0300] {dagbag.py:536} INFO - Filling up the DagBag from /mnt/c/Users/arcan/Documents/airflow/.venv/lib/python3.10/site-packages/airflow/example_dags/plugins/listener_plugin.py
[2025-06-16T11:50:21.786-0300] {processor.py:841} WARNING - No viable dags retrieved from /mnt/c/Users/arcan/Documents/airflow/.venv/lib/python3.10/site-packages/airflow/example_dags/plugins/listener_plugin.py
[2025-06-16T11:50:21.818-0300] {processor.py:179} INFO - Processing /mnt/c/Users/arcan/Documents/airflow/.venv/lib/python3.10/site-packages/airflow/example_dags/plugins/listener_plugin.py took 0.097 seconds
[2025-06-16T11:51:21.150-0300] {processor.py:157} INFO - Started process (PID=54409) to work on /mnt/c/Users/arcan/Documents/airflow/.venv/lib/python3.10/site-packages/airflow/example_dags/plugins/listener_plugin.py
[2025-06-16T11:51:21.152-0300] {processor.py:829} INFO - Processing file /mnt/c/Users/arcan/Documents/airflow/.venv/lib/python3.10/site-packages/airflow/example_dags/plugins/listener_plugin.py for tasks to queue
[2025-06-16T11:51:21.153-0300] {logging_mixin.py:154} INFO - [2025-06-16T11:51:21.153-0300] {dagbag.py:536} INFO - Filling up the DagBag from /mnt/c/Users/arcan/Documents/airflow/.venv/lib/python3.10/site-packages/airflow/example_dags/plugins/listener_plugin.py
[2025-06-16T11:51:21.208-0300] {processor.py:841} WARNING - No viable dags retrieved from /mnt/c/Users/arcan/Documents/airflow/.venv/lib/python3.10/site-packages/airflow/example_dags/plugins/listener_plugin.py
[2025-06-16T11:51:21.242-0300] {processor.py:179} INFO - Processing /mnt/c/Users/arcan/Documents/airflow/.venv/lib/python3.10/site-packages/airflow/example_dags/plugins/listener_plugin.py took 0.096 seconds
[2025-06-16T11:52:28.376-0300] {processor.py:157} INFO - Started process (PID=54609) to work on /mnt/c/Users/arcan/Documents/airflow/.venv/lib/python3.10/site-packages/airflow/example_dags/plugins/listener_plugin.py
[2025-06-16T11:52:28.377-0300] {processor.py:829} INFO - Processing file /mnt/c/Users/arcan/Documents/airflow/.venv/lib/python3.10/site-packages/airflow/example_dags/plugins/listener_plugin.py for tasks to queue
[2025-06-16T11:52:28.380-0300] {logging_mixin.py:154} INFO - [2025-06-16T11:52:28.379-0300] {dagbag.py:536} INFO - Filling up the DagBag from /mnt/c/Users/arcan/Documents/airflow/.venv/lib/python3.10/site-packages/airflow/example_dags/plugins/listener_plugin.py
[2025-06-16T11:52:28.434-0300] {processor.py:841} WARNING - No viable dags retrieved from /mnt/c/Users/arcan/Documents/airflow/.venv/lib/python3.10/site-packages/airflow/example_dags/plugins/listener_plugin.py
[2025-06-16T11:52:28.468-0300] {processor.py:179} INFO - Processing /mnt/c/Users/arcan/Documents/airflow/.venv/lib/python3.10/site-packages/airflow/example_dags/plugins/listener_plugin.py took 0.097 seconds
[2025-06-16T11:53:33.145-0300] {processor.py:157} INFO - Started process (PID=54806) to work on /mnt/c/Users/arcan/Documents/airflow/.venv/lib/python3.10/site-packages/airflow/example_dags/plugins/listener_plugin.py
[2025-06-16T11:53:33.146-0300] {processor.py:829} INFO - Processing file /mnt/c/Users/arcan/Documents/airflow/.venv/lib/python3.10/site-packages/airflow/example_dags/plugins/listener_plugin.py for tasks to queue
[2025-06-16T11:53:33.148-0300] {logging_mixin.py:154} INFO - [2025-06-16T11:53:33.147-0300] {dagbag.py:536} INFO - Filling up the DagBag from /mnt/c/Users/arcan/Documents/airflow/.venv/lib/python3.10/site-packages/airflow/example_dags/plugins/listener_plugin.py
[2025-06-16T11:53:33.207-0300] {processor.py:841} WARNING - No viable dags retrieved from /mnt/c/Users/arcan/Documents/airflow/.venv/lib/python3.10/site-packages/airflow/example_dags/plugins/listener_plugin.py
[2025-06-16T11:53:33.245-0300] {processor.py:179} INFO - Processing /mnt/c/Users/arcan/Documents/airflow/.venv/lib/python3.10/site-packages/airflow/example_dags/plugins/listener_plugin.py took 0.105 seconds
[2025-06-16T11:54:34.157-0300] {processor.py:157} INFO - Started process (PID=54987) to work on /mnt/c/Users/arcan/Documents/airflow/.venv/lib/python3.10/site-packages/airflow/example_dags/plugins/listener_plugin.py
[2025-06-16T11:54:34.159-0300] {processor.py:829} INFO - Processing file /mnt/c/Users/arcan/Documents/airflow/.venv/lib/python3.10/site-packages/airflow/example_dags/plugins/listener_plugin.py for tasks to queue
[2025-06-16T11:54:34.160-0300] {logging_mixin.py:154} INFO - [2025-06-16T11:54:34.160-0300] {dagbag.py:536} INFO - Filling up the DagBag from /mnt/c/Users/arcan/Documents/airflow/.venv/lib/python3.10/site-packages/airflow/example_dags/plugins/listener_plugin.py
[2025-06-16T11:54:34.217-0300] {processor.py:841} WARNING - No viable dags retrieved from /mnt/c/Users/arcan/Documents/airflow/.venv/lib/python3.10/site-packages/airflow/example_dags/plugins/listener_plugin.py
[2025-06-16T11:54:34.253-0300] {processor.py:179} INFO - Processing /mnt/c/Users/arcan/Documents/airflow/.venv/lib/python3.10/site-packages/airflow/example_dags/plugins/listener_plugin.py took 0.100 seconds
[2025-06-16T11:55:32.976-0300] {processor.py:157} INFO - Started process (PID=55163) to work on /mnt/c/Users/arcan/Documents/airflow/.venv/lib/python3.10/site-packages/airflow/example_dags/plugins/listener_plugin.py
[2025-06-16T11:55:32.978-0300] {processor.py:829} INFO - Processing file /mnt/c/Users/arcan/Documents/airflow/.venv/lib/python3.10/site-packages/airflow/example_dags/plugins/listener_plugin.py for tasks to queue
[2025-06-16T11:55:32.979-0300] {logging_mixin.py:154} INFO - [2025-06-16T11:55:32.979-0300] {dagbag.py:536} INFO - Filling up the DagBag from /mnt/c/Users/arcan/Documents/airflow/.venv/lib/python3.10/site-packages/airflow/example_dags/plugins/listener_plugin.py
[2025-06-16T11:55:33.031-0300] {processor.py:841} WARNING - No viable dags retrieved from /mnt/c/Users/arcan/Documents/airflow/.venv/lib/python3.10/site-packages/airflow/example_dags/plugins/listener_plugin.py
[2025-06-16T11:55:33.065-0300] {processor.py:179} INFO - Processing /mnt/c/Users/arcan/Documents/airflow/.venv/lib/python3.10/site-packages/airflow/example_dags/plugins/listener_plugin.py took 0.094 seconds
[2025-06-16T11:56:38.850-0300] {processor.py:157} INFO - Started process (PID=55481) to work on /mnt/c/Users/arcan/Documents/airflow/.venv/lib/python3.10/site-packages/airflow/example_dags/plugins/listener_plugin.py
[2025-06-16T11:56:38.851-0300] {processor.py:829} INFO - Processing file /mnt/c/Users/arcan/Documents/airflow/.venv/lib/python3.10/site-packages/airflow/example_dags/plugins/listener_plugin.py for tasks to queue
[2025-06-16T11:56:38.853-0300] {logging_mixin.py:154} INFO - [2025-06-16T11:56:38.852-0300] {dagbag.py:536} INFO - Filling up the DagBag from /mnt/c/Users/arcan/Documents/airflow/.venv/lib/python3.10/site-packages/airflow/example_dags/plugins/listener_plugin.py
[2025-06-16T11:56:38.912-0300] {processor.py:841} WARNING - No viable dags retrieved from /mnt/c/Users/arcan/Documents/airflow/.venv/lib/python3.10/site-packages/airflow/example_dags/plugins/listener_plugin.py
[2025-06-16T11:56:38.950-0300] {processor.py:179} INFO - Processing /mnt/c/Users/arcan/Documents/airflow/.venv/lib/python3.10/site-packages/airflow/example_dags/plugins/listener_plugin.py took 0.105 seconds
[2025-06-16T11:57:13.234-0300] {processor.py:157} INFO - Started process (PID=55585) to work on /mnt/c/Users/arcan/Documents/airflow/.venv/lib/python3.10/site-packages/airflow/example_dags/plugins/listener_plugin.py
[2025-06-16T11:57:13.236-0300] {processor.py:829} INFO - Processing file /mnt/c/Users/arcan/Documents/airflow/.venv/lib/python3.10/site-packages/airflow/example_dags/plugins/listener_plugin.py for tasks to queue
[2025-06-16T11:57:13.238-0300] {logging_mixin.py:154} INFO - [2025-06-16T11:57:13.237-0300] {dagbag.py:536} INFO - Filling up the DagBag from /mnt/c/Users/arcan/Documents/airflow/.venv/lib/python3.10/site-packages/airflow/example_dags/plugins/listener_plugin.py
[2025-06-16T11:57:13.292-0300] {processor.py:841} WARNING - No viable dags retrieved from /mnt/c/Users/arcan/Documents/airflow/.venv/lib/python3.10/site-packages/airflow/example_dags/plugins/listener_plugin.py
[2025-06-16T11:57:13.322-0300] {processor.py:179} INFO - Processing /mnt/c/Users/arcan/Documents/airflow/.venv/lib/python3.10/site-packages/airflow/example_dags/plugins/listener_plugin.py took 0.092 seconds
[2025-06-16T11:58:16.585-0300] {processor.py:157} INFO - Started process (PID=55774) to work on /mnt/c/Users/arcan/Documents/airflow/.venv/lib/python3.10/site-packages/airflow/example_dags/plugins/listener_plugin.py
[2025-06-16T11:58:16.587-0300] {processor.py:829} INFO - Processing file /mnt/c/Users/arcan/Documents/airflow/.venv/lib/python3.10/site-packages/airflow/example_dags/plugins/listener_plugin.py for tasks to queue
[2025-06-16T11:58:16.589-0300] {logging_mixin.py:154} INFO - [2025-06-16T11:58:16.588-0300] {dagbag.py:536} INFO - Filling up the DagBag from /mnt/c/Users/arcan/Documents/airflow/.venv/lib/python3.10/site-packages/airflow/example_dags/plugins/listener_plugin.py
[2025-06-16T11:58:16.646-0300] {processor.py:841} WARNING - No viable dags retrieved from /mnt/c/Users/arcan/Documents/airflow/.venv/lib/python3.10/site-packages/airflow/example_dags/plugins/listener_plugin.py
[2025-06-16T11:58:16.682-0300] {processor.py:179} INFO - Processing /mnt/c/Users/arcan/Documents/airflow/.venv/lib/python3.10/site-packages/airflow/example_dags/plugins/listener_plugin.py took 0.101 seconds
[2025-06-16T11:59:17.295-0300] {processor.py:157} INFO - Started process (PID=55957) to work on /mnt/c/Users/arcan/Documents/airflow/.venv/lib/python3.10/site-packages/airflow/example_dags/plugins/listener_plugin.py
[2025-06-16T11:59:17.296-0300] {processor.py:829} INFO - Processing file /mnt/c/Users/arcan/Documents/airflow/.venv/lib/python3.10/site-packages/airflow/example_dags/plugins/listener_plugin.py for tasks to queue
[2025-06-16T11:59:17.298-0300] {logging_mixin.py:154} INFO - [2025-06-16T11:59:17.297-0300] {dagbag.py:536} INFO - Filling up the DagBag from /mnt/c/Users/arcan/Documents/airflow/.venv/lib/python3.10/site-packages/airflow/example_dags/plugins/listener_plugin.py
[2025-06-16T11:59:17.353-0300] {processor.py:841} WARNING - No viable dags retrieved from /mnt/c/Users/arcan/Documents/airflow/.venv/lib/python3.10/site-packages/airflow/example_dags/plugins/listener_plugin.py
[2025-06-16T11:59:17.381-0300] {processor.py:179} INFO - Processing /mnt/c/Users/arcan/Documents/airflow/.venv/lib/python3.10/site-packages/airflow/example_dags/plugins/listener_plugin.py took 0.091 seconds
[2025-06-16T11:59:51.003-0300] {processor.py:157} INFO - Started process (PID=56059) to work on /mnt/c/Users/arcan/Documents/airflow/.venv/lib/python3.10/site-packages/airflow/example_dags/plugins/listener_plugin.py
[2025-06-16T11:59:51.005-0300] {processor.py:829} INFO - Processing file /mnt/c/Users/arcan/Documents/airflow/.venv/lib/python3.10/site-packages/airflow/example_dags/plugins/listener_plugin.py for tasks to queue
[2025-06-16T11:59:51.007-0300] {logging_mixin.py:154} INFO - [2025-06-16T11:59:51.006-0300] {dagbag.py:536} INFO - Filling up the DagBag from /mnt/c/Users/arcan/Documents/airflow/.venv/lib/python3.10/site-packages/airflow/example_dags/plugins/listener_plugin.py
[2025-06-16T11:59:51.063-0300] {processor.py:841} WARNING - No viable dags retrieved from /mnt/c/Users/arcan/Documents/airflow/.venv/lib/python3.10/site-packages/airflow/example_dags/plugins/listener_plugin.py
[2025-06-16T11:59:51.099-0300] {processor.py:179} INFO - Processing /mnt/c/Users/arcan/Documents/airflow/.venv/lib/python3.10/site-packages/airflow/example_dags/plugins/listener_plugin.py took 0.101 seconds
[2025-06-16T12:00:56.288-0300] {processor.py:157} INFO - Started process (PID=56251) to work on /mnt/c/Users/arcan/Documents/airflow/.venv/lib/python3.10/site-packages/airflow/example_dags/plugins/listener_plugin.py
[2025-06-16T12:00:56.290-0300] {processor.py:829} INFO - Processing file /mnt/c/Users/arcan/Documents/airflow/.venv/lib/python3.10/site-packages/airflow/example_dags/plugins/listener_plugin.py for tasks to queue
[2025-06-16T12:00:56.291-0300] {logging_mixin.py:154} INFO - [2025-06-16T12:00:56.291-0300] {dagbag.py:536} INFO - Filling up the DagBag from /mnt/c/Users/arcan/Documents/airflow/.venv/lib/python3.10/site-packages/airflow/example_dags/plugins/listener_plugin.py
[2025-06-16T12:00:56.344-0300] {processor.py:841} WARNING - No viable dags retrieved from /mnt/c/Users/arcan/Documents/airflow/.venv/lib/python3.10/site-packages/airflow/example_dags/plugins/listener_plugin.py
[2025-06-16T12:00:56.374-0300] {processor.py:179} INFO - Processing /mnt/c/Users/arcan/Documents/airflow/.venv/lib/python3.10/site-packages/airflow/example_dags/plugins/listener_plugin.py took 0.091 seconds
[2025-06-16T12:02:05.043-0300] {processor.py:157} INFO - Started process (PID=56454) to work on /mnt/c/Users/arcan/Documents/airflow/.venv/lib/python3.10/site-packages/airflow/example_dags/plugins/listener_plugin.py
[2025-06-16T12:02:05.044-0300] {processor.py:829} INFO - Processing file /mnt/c/Users/arcan/Documents/airflow/.venv/lib/python3.10/site-packages/airflow/example_dags/plugins/listener_plugin.py for tasks to queue
[2025-06-16T12:02:05.046-0300] {logging_mixin.py:154} INFO - [2025-06-16T12:02:05.045-0300] {dagbag.py:536} INFO - Filling up the DagBag from /mnt/c/Users/arcan/Documents/airflow/.venv/lib/python3.10/site-packages/airflow/example_dags/plugins/listener_plugin.py
[2025-06-16T12:02:05.100-0300] {processor.py:841} WARNING - No viable dags retrieved from /mnt/c/Users/arcan/Documents/airflow/.venv/lib/python3.10/site-packages/airflow/example_dags/plugins/listener_plugin.py
[2025-06-16T12:02:05.131-0300] {processor.py:179} INFO - Processing /mnt/c/Users/arcan/Documents/airflow/.venv/lib/python3.10/site-packages/airflow/example_dags/plugins/listener_plugin.py took 0.092 seconds
[2025-06-16T12:03:11.592-0300] {processor.py:157} INFO - Started process (PID=56776) to work on /mnt/c/Users/arcan/Documents/airflow/.venv/lib/python3.10/site-packages/airflow/example_dags/plugins/listener_plugin.py
[2025-06-16T12:03:11.594-0300] {processor.py:829} INFO - Processing file /mnt/c/Users/arcan/Documents/airflow/.venv/lib/python3.10/site-packages/airflow/example_dags/plugins/listener_plugin.py for tasks to queue
[2025-06-16T12:03:11.597-0300] {logging_mixin.py:154} INFO - [2025-06-16T12:03:11.596-0300] {dagbag.py:536} INFO - Filling up the DagBag from /mnt/c/Users/arcan/Documents/airflow/.venv/lib/python3.10/site-packages/airflow/example_dags/plugins/listener_plugin.py
[2025-06-16T12:03:11.666-0300] {processor.py:841} WARNING - No viable dags retrieved from /mnt/c/Users/arcan/Documents/airflow/.venv/lib/python3.10/site-packages/airflow/example_dags/plugins/listener_plugin.py
[2025-06-16T12:03:11.704-0300] {processor.py:179} INFO - Processing /mnt/c/Users/arcan/Documents/airflow/.venv/lib/python3.10/site-packages/airflow/example_dags/plugins/listener_plugin.py took 0.117 seconds
[2025-06-16T12:04:17.029-0300] {processor.py:157} INFO - Started process (PID=56974) to work on /mnt/c/Users/arcan/Documents/airflow/.venv/lib/python3.10/site-packages/airflow/example_dags/plugins/listener_plugin.py
[2025-06-16T12:04:17.031-0300] {processor.py:829} INFO - Processing file /mnt/c/Users/arcan/Documents/airflow/.venv/lib/python3.10/site-packages/airflow/example_dags/plugins/listener_plugin.py for tasks to queue
[2025-06-16T12:04:17.032-0300] {logging_mixin.py:154} INFO - [2025-06-16T12:04:17.032-0300] {dagbag.py:536} INFO - Filling up the DagBag from /mnt/c/Users/arcan/Documents/airflow/.venv/lib/python3.10/site-packages/airflow/example_dags/plugins/listener_plugin.py
[2025-06-16T12:04:17.088-0300] {processor.py:841} WARNING - No viable dags retrieved from /mnt/c/Users/arcan/Documents/airflow/.venv/lib/python3.10/site-packages/airflow/example_dags/plugins/listener_plugin.py
[2025-06-16T12:04:17.119-0300] {processor.py:179} INFO - Processing /mnt/c/Users/arcan/Documents/airflow/.venv/lib/python3.10/site-packages/airflow/example_dags/plugins/listener_plugin.py took 0.093 seconds
